2022-09-10 13:12:17,717 : kivy : Factory: 186 symbols loaded
2022-09-10 13:12:17,866 : kivy : ImageLoaderFFPy: Using ffpyplayer 4.3.2
2022-09-10 13:12:17,866 : kivy : Image: Providers: img_tex, img_dds, img_sdl2, img_pil, img_ffpyplayer 
2022-09-10 13:12:17,896 : kivy : VideoGstplayer: Using Gstreamer 1.18.0.0
2022-09-10 13:12:17,896 : kivy : Video: Provider: gstplayer
2022-09-10 13:12:18,055 : kivy : Loading MPF-MC controller
2022-09-10 13:12:18,582 : ConfigProcessor : Config spec file cache created: C:\Users\Brendan\AppData\Local\Temp\config_spec.mpf_cache
2022-09-10 13:12:18,583 : YamlMultifileConfigLoader : Machine config file #1: config
2022-09-10 13:12:18,583 : ConfigProcessor : Config file in cache changed: C:\Baby_pacman_code\machine\config\config
2022-09-10 13:12:18,583 : ConfigProcessor : Loading config from file c:\users\brendan\appdata\local\programs\python\python37\lib\site-packages\mpfmc\mcconfig.yaml.
2022-09-10 13:12:18,634 : ConfigProcessor : Loading config: c:\users\brendan\appdata\local\programs\python\python37\lib\site-packages\mpfmc\mcconfig.yaml
2022-09-10 13:12:18,635 : ConfigProcessor : Loading config from file C:\Baby_pacman_code\machine\config\config.
2022-09-10 13:12:18,765 : ConfigProcessor : Loading config: C:\Baby_pacman_code\machine\config\config
2022-09-10 13:12:18,767 : ConfigProcessor : Config file cache created: C:\Users\Brendan\AppData\Local\Temp\e68bda1e95a8aa0185725ca2569cabab.mpf_cache
2022-09-10 13:12:18,768 : ConfigProcessor : Loading config from cache: C:\Users\Brendan\AppData\Local\Temp\467e7647689d29fad6adf949e1f4d51d.mpf_cache
2022-09-10 13:12:18,768 : ConfigProcessor : Loading config from cache: C:\Users\Brendan\AppData\Local\Temp\5550e037aa776b42b91b29b40b356c70.mpf_cache
2022-09-10 13:12:18,769 : ConfigProcessor : Loading config from cache: C:\Users\Brendan\AppData\Local\Temp\15e0c601392b30c3d9ba3ead8131edb5.mpf_cache
2022-09-10 13:12:18,770 : ConfigProcessor : Loading config from cache: C:\Users\Brendan\AppData\Local\Temp\0bf50917c4ef15ab65ee13d6c14e7d7c.mpf_cache
2022-09-10 13:12:18,770 : ConfigProcessor : Loading config from cache: C:\Users\Brendan\AppData\Local\Temp\bc7da7b13b2754e080c2afa0678ac274.mpf_cache
2022-09-10 13:12:18,771 : ConfigProcessor : Loading config from cache: C:\Users\Brendan\AppData\Local\Temp\bbd59d0bb6602ee0c5a89d6f85e6dd42.mpf_cache
2022-09-10 13:12:18,771 : ConfigProcessor : Loading config from cache: C:\Users\Brendan\AppData\Local\Temp\5526c78976fee311c3d05505d75f653d.mpf_cache
2022-09-10 13:12:18,772 : ConfigProcessor : Loading config from cache: C:\Users\Brendan\AppData\Local\Temp\6e95138ae5415fc76b53ebf8fa245fb5.mpf_cache
2022-09-10 13:12:18,772 : ConfigProcessor : Loading config from cache: C:\Users\Brendan\AppData\Local\Temp\1ec1c4dffb383758956493783a9ed391.mpf_cache
2022-09-10 13:12:18,773 : ConfigProcessor : Loading config from cache: C:\Users\Brendan\AppData\Local\Temp\f2aee92728c8017b77c710c804dd7f5a.mpf_cache
2022-09-10 13:12:18,774 : ConfigProcessor : Loading config from cache: C:\Users\Brendan\AppData\Local\Temp\88f57fa1305e9dc100972ec9f84d57fe.mpf_cache
2022-09-10 13:12:18,774 : ConfigProcessor : Loading config from cache: C:\Users\Brendan\AppData\Local\Temp\6e00a9d794d4c3f43a0fc48da04dac60.mpf_cache
2022-09-10 13:12:18,775 : ConfigProcessor : Loading config from cache: C:\Users\Brendan\AppData\Local\Temp\05ef98219fc733c3bcab58726c4b37ef.mpf_cache
2022-09-10 13:12:18,776 : ConfigProcessor : Loading config from cache: C:\Users\Brendan\AppData\Local\Temp\c22d657a5a7bb60632c2be2c735e073b.mpf_cache
2022-09-10 13:12:18,776 : ConfigProcessor : Loading config from cache: C:\Users\Brendan\AppData\Local\Temp\f7d4f5eb9425fe84d2e83a363afd4bdf.mpf_cache
2022-09-10 13:12:18,777 : ConfigProcessor : Loading config from cache: C:\Users\Brendan\AppData\Local\Temp\125f51d329f930ea7bff10973551cc26.mpf_cache
2022-09-10 13:12:18,777 : ConfigProcessor : Loading config from cache: C:\Users\Brendan\AppData\Local\Temp\08e18dfdf4e02cd29cc0cc52be2faaf4.mpf_cache
2022-09-10 13:12:18,778 : ConfigProcessor : Loading config from cache: C:\Users\Brendan\AppData\Local\Temp\f042f5bf6362b9e04d43b40b93a92057.mpf_cache
2022-09-10 13:12:18,778 : ConfigProcessor : Loading config from cache: C:\Users\Brendan\AppData\Local\Temp\60badac06cd62deb71f25fac24b103c2.mpf_cache
2022-09-10 13:12:18,779 : ConfigProcessor : Loading config from cache: C:\Users\Brendan\AppData\Local\Temp\a3ad1aeb679a0686901de8a6ffe784f0.mpf_cache
2022-09-10 13:12:18,780 : ConfigProcessor : Loading config from cache: C:\Users\Brendan\AppData\Local\Temp\d7856287e4ec48fb5adaa65e5f7b2848.mpf_cache
2022-09-10 13:12:18,780 : mpfmc : Mission Pinball Framework Media Controller v0.55.0
2022-09-10 13:12:18,780 : mpfmc : Mission Pinball Framework Game Engine v0.55.0
2022-09-10 13:12:18,780 : mpfmc : Machine path: C:\Baby_pacman_code\machine
2022-09-10 13:12:18,780 : mpfmc : Starting clock at 60.0Hz
2022-09-10 13:12:18,792 : kivy : Text: Provider: sdl2
2022-09-10 13:12:18,825 : kivy : Window: Provider: sdl2
2022-09-10 13:12:18,911 : kivy : GL: Using the "OpenGL" graphics system
2022-09-10 13:12:18,912 : kivy : GL: GLEW initialization succeeded
2022-09-10 13:12:18,912 : kivy : GL: Backend used <glew>
2022-09-10 13:12:18,912 : kivy : GL: OpenGL version <b'3.1.0 - Build 9.17.10.3517'>
2022-09-10 13:12:18,912 : kivy : GL: OpenGL vendor <b'Intel'>
2022-09-10 13:12:18,912 : kivy : GL: OpenGL renderer <b'Intel(R) HD Graphics 2000'>
2022-09-10 13:12:18,912 : kivy : GL: OpenGL parsed version: 3, 1
2022-09-10 13:12:18,912 : kivy : GL: Shading version <b'1.40 - Intel Build 9.17.10.3517'>
2022-09-10 13:12:18,913 : kivy : GL: Texture max size <8192>
2022-09-10 13:12:18,913 : kivy : GL: Texture max units <16>
2022-09-10 13:12:18,976 : kivy : Window: auto add sdl2 input provider
2022-09-10 13:12:18,977 : kivy : Window: virtual keyboard not allowed, single mode, not docked
2022-09-10 13:12:19,120 : AudioInterface : Initialized
2022-09-10 13:12:19,120 : AudioInterface : Loaded SDL 2.0.12
2022-09-10 13:12:19,120 : AudioInterface : Loaded SDL_Mixer 2.0.4
2022-09-10 13:12:19,120 : AudioInterface : Loaded GStreamer 1.18.0.0
2022-09-10 13:12:19,121 : AudioInterface : Loaded GLib 2.62.6
2022-09-10 13:12:19,121 : AudioInterface : Settings requested - rate: 44100, channels: 1, buffer: 2048 samples
2022-09-10 13:12:19,121 : AudioInterface : Settings in use - rate: 44100, channels: 1, buffer: 2048 samples (4096 bytes @ 2 bytes per sample)
2022-09-10 13:12:19,121 : SoundSystem : Setting master volume to 0.0
2022-09-10 13:12:19,121 : SoundSystem : master_volume in sound_system is deprecated and will be removed in the future.
2022-09-10 13:12:19,121 : AudioInterface : Enabling audio playback
2022-09-10 13:12:19,124 : kivy : Base: Start application main loop
2022-09-10 13:12:19,124 : EventManager : Event: ======'display_window1_initialized'====== Args={}
2022-09-10 13:12:19,291 : mpfmc : Display: Setting 'window1' as default display
2022-09-10 13:12:19,298 : mpfmc : ASPECT RATIO MISMATCH: The on-screen window is not the same aspect ratio as the display called 'window1'. The logical display will be scaled from 1366x768 to the window size 1920x1058, and a black bar will make up the difference
2022-09-10 13:12:19,300 : EventManager : Event: ======'displays_initialized'====== Args={}
2022-09-10 13:12:19,302 : EventManager : Event: ======'slide_window1_blank_created'====== Args={}
2022-09-10 13:12:19,302 : EventManager : Event: ======'display_window1_ready'====== Args={}
2022-09-10 13:12:19,310 : EventManager : Event: ======'init_phase_1'====== Args={}
2022-09-10 13:12:19,316 : EventManager : Event: ======'mc_ready'====== Args={}
2022-09-10 13:12:19,316 : EventManager : Event: ======'init_phase_2'====== Args={}
2022-09-10 13:12:19,345 : EventManager : Event: ======'init_phase_3'====== Args={}
2022-09-10 13:12:19,351 : EventManager : Event: ======'init_phase_4'====== Args={}
2022-09-10 13:12:19,352 : EventManager : Event: ======'init_phase_5'====== Args={}
2022-09-10 13:12:19,451 : kivy : GL: NPOT texture support is available
2022-09-10 13:12:19,469 : kivy : GL: Unpack subimage support is available
2022-09-10 13:12:19,500 : EventManager : Event: ======'loading_assets'====== Args={'total': 27, 'loaded': 1, 'remaining': 26, 'percent': 4}
2022-09-10 13:12:19,500 : AssetManager : Loading assets: 1/27 (4%)
2022-09-10 13:12:20,728 : EventManager : Event: ======'loading_assets'====== Args={'total': 27, 'loaded': 2, 'remaining': 25, 'percent': 7}
2022-09-10 13:12:20,728 : AssetManager : Loading assets: 2/27 (7%)
2022-09-10 13:12:22,379 : EventManager : Event: ======'loading_assets'====== Args={'total': 27, 'loaded': 14, 'remaining': 13, 'percent': 52}
2022-09-10 13:12:22,379 : AssetManager : Loading assets: 14/27 (52%)
2022-09-10 13:12:23,195 : EventManager : Event: ======'loading_assets'====== Args={'total': 27, 'loaded': 27, 'remaining': 0, 'percent': 100}
2022-09-10 13:12:23,196 : AssetManager : Asset loading took: 4.074233055114746
2022-09-10 13:12:23,196 : EventManager : Event: ======'asset_loading_complete'====== Args={}
2022-09-10 13:12:23,196 : AssetManager : Loading assets: 27/27 (100%)
2022-09-10 13:12:23,196 : EventManager : Event: ======'init_done'====== Args={}
2022-09-10 13:12:23,196 : MPF-MC BCP Server : Starting up on localhost port 5050
2022-09-10 13:12:23,199 : MPF-MC BCP Server : Waiting for a connection...
2022-09-10 13:12:23,212 : EventManager : Event: ======'client_disconnected'====== Args={'host': '127.0.0.1', 'port': 5050}
2022-09-10 13:12:24,056 : MPF-MC BCP Server : Received connection from: 127.0.0.1:49248
2022-09-10 13:12:24,069 : EventManager : Event: ======'client_connected'====== Args={'host': '127.0.0.1', 'port': 49248}
2022-09-10 13:12:24,081 : EventManager : Event: ======'machine_var_fast_net_firmware'====== Args={'value': '01.05', 'prev_value': None, 'change': True}
2022-09-10 13:12:24,081 : EventManager : Event: ======'machine_var_fast_net_model'====== Args={'value': 'FP-CPU-002-2', 'prev_value': None, 'change': True}
2022-09-10 13:12:24,081 : EventManager : Event: ======'machine_var_fast_rgb_firmware'====== Args={'value': '01.00', 'prev_value': None, 'change': True}
2022-09-10 13:12:24,081 : EventManager : Event: ======'machine_var_fast_rgb_model'====== Args={'value': 'FP-CPU-002-2', 'prev_value': None, 'change': True}
2022-09-10 13:12:24,082 : EventManager : Event: ======'machine_var_credits_string'====== Args={'value': 'FREE PLAY', 'prev_value': None, 'change': True}
2022-09-10 13:12:24,082 : EventManager : Event: ======'machine_var_master_volume'====== Args={'value': 0.5, 'prev_value': None, 'change': True}
2022-09-10 13:12:24,082 : EventManager : Event: ======'machine_var_player1_score'====== Args={'value': 441174720, 'prev_value': None, 'change': True}
2022-09-10 13:12:24,082 : EventManager : Event: ======'machine_var_mpf_version'====== Args={'value': 'MPF v0.55.0', 'prev_value': None, 'change': True}
2022-09-10 13:12:24,082 : EventManager : Event: ======'machine_var_mpf_extended_version'====== Args={'value': 'MPF v0.55.0, Config version:5, Show version: 5, BCP version:1.1', 'prev_value': None, 'change': True}
2022-09-10 13:12:24,083 : EventManager : Event: ======'machine_var_python_version'====== Args={'value': '3.7.8', 'prev_value': None, 'change': True}
2022-09-10 13:12:24,083 : EventManager : Event: ======'machine_var_platform'====== Args={'value': 'Windows-7-6.1.7601-SP1', 'prev_value': None, 'change': True}
2022-09-10 13:12:24,083 : EventManager : Event: ======'machine_var_platform_system'====== Args={'value': 'Windows', 'prev_value': None, 'change': True}
2022-09-10 13:12:24,083 : EventManager : Event: ======'machine_var_platform_release'====== Args={'value': '7', 'prev_value': None, 'change': True}
2022-09-10 13:12:24,083 : EventManager : Event: ======'machine_var_platform_version'====== Args={'value': '6.1.7601', 'prev_value': None, 'change': True}
2022-09-10 13:12:24,083 : EventManager : Event: ======'machine_var_platform_machine'====== Args={'value': 'AMD64', 'prev_value': None, 'change': True}
2022-09-10 13:12:24,084 : EventManager : Event: ======'machine_var_mc_version'====== Args={'value': 'MPF-MC v0.55.0', 'prev_value': None, 'change': True}
2022-09-10 13:12:24,084 : EventManager : Event: ======'machine_var_mc_extended_version'====== Args={'value': 'MPF-MC v0.55.0 (config_version=5, BCP v1.1, Requires MPF v0.55.0-dev.49)', 'prev_value': None, 'change': True}
2022-09-10 13:12:24,084 : SoundSystem : Setting master volume to 0.5
2022-09-10 13:12:24,623 : EventManager : Event: ======'machine_var_audits_events_game_ended'====== Args={'value': 0, 'prev_value': None, 'change': True}
2022-09-10 13:12:24,623 : EventManager : Event: ======'machine_var_audits_events_game_started'====== Args={'value': 0, 'prev_value': None, 'change': True}
2022-09-10 13:12:24,623 : EventManager : Event: ======'machine_var_audits_player_score'====== Args={'value': {'average': 17774165.933014356, 'top': [720234070, 706004620, 591554830, 507595620, 502234510, 441174720, 210762830, 203435200, 198719690, 196999500], 'total': 627}, 'prev_value': None, 'change': True}
2022-09-10 13:12:24,623 : EventManager : Event: ======'machine_var_audits_shots_center_drop_mission1'====== Args={'value': 639, 'prev_value': None, 'change': True}
2022-09-10 13:12:24,623 : EventManager : Event: ======'machine_var_audits_shots_center_target'====== Args={'value': 454, 'prev_value': None, 'change': True}
2022-09-10 13:12:24,623 : EventManager : Event: ======'machine_var_audits_shots_drop_target1_mission2'====== Args={'value': 255, 'prev_value': None, 'change': True}
2022-09-10 13:12:24,623 : EventManager : Event: ======'machine_var_audits_shots_drop_target2_mission2'====== Args={'value': 298, 'prev_value': None, 'change': True}
2022-09-10 13:12:24,624 : EventManager : Event: ======'machine_var_audits_shots_drop_target3_mission2'====== Args={'value': 347, 'prev_value': None, 'change': True}
2022-09-10 13:12:24,624 : EventManager : Event: ======'machine_var_audits_shots_drop_target4_mission2'====== Args={'value': 309, 'prev_value': None, 'change': True}
2022-09-10 13:12:24,624 : EventManager : Event: ======'machine_var_audits_shots_drop_target5_mission2'====== Args={'value': 266, 'prev_value': None, 'change': True}
2022-09-10 13:12:24,624 : EventManager : Event: ======'machine_var_audits_shots_drop_targets_mission3'====== Args={'value': 1755, 'prev_value': None, 'change': True}
2022-09-10 13:12:24,635 : EventManager : Event: ======'machine_var_audits_shots_galaxy_advance'====== Args={'value': 3222, 'prev_value': None, 'change': True}
2022-09-10 13:12:24,635 : EventManager : Event: ======'machine_var_audits_shots_l_lane'====== Args={'value': 711, 'prev_value': None, 'change': True}
2022-09-10 13:12:24,635 : EventManager : Event: ======'machine_var_audits_shots_left_kicker_mission2'====== Args={'value': 178, 'prev_value': None, 'change': True}
2022-09-10 13:12:24,635 : EventManager : Event: ======'machine_var_audits_shots_left_kicker_mission4'====== Args={'value': 132, 'prev_value': None, 'change': True}
2022-09-10 13:12:24,635 : EventManager : Event: ======'machine_var_audits_shots_left_loop_mission1'====== Args={'value': 721, 'prev_value': None, 'change': True}
2022-09-10 13:12:24,635 : EventManager : Event: ======'machine_var_audits_shots_left_loop_mission2'====== Args={'value': 305, 'prev_value': None, 'change': True}
2022-09-10 13:12:24,635 : EventManager : Event: ======'machine_var_audits_shots_left_loop_mission4'====== Args={'value': 434, 'prev_value': None, 'change': True}
2022-09-10 13:12:24,635 : EventManager : Event: ======'machine_var_audits_shots_portal_advance'====== Args={'value': 5312, 'prev_value': None, 'change': True}
2022-09-10 13:12:24,636 : EventManager : Event: ======'machine_var_audits_shots_r_lane'====== Args={'value': 624, 'prev_value': None, 'change': True}
2022-09-10 13:12:24,636 : EventManager : Event: ======'machine_var_audits_shots_right_kicker_mission2'====== Args={'value': 151, 'prev_value': None, 'change': True}
2022-09-10 13:12:24,636 : EventManager : Event: ======'machine_var_audits_shots_right_kicker_mission4'====== Args={'value': 151, 'prev_value': None, 'change': True}
2022-09-10 13:12:24,636 : EventManager : Event: ======'machine_var_audits_shots_right_loop_mission1'====== Args={'value': 827, 'prev_value': None, 'change': True}
2022-09-10 13:12:24,636 : EventManager : Event: ======'machine_var_audits_shots_right_loop_mission2'====== Args={'value': 355, 'prev_value': None, 'change': True}
2022-09-10 13:12:24,636 : EventManager : Event: ======'machine_var_audits_shots_right_loop_mission4'====== Args={'value': 494, 'prev_value': None, 'change': True}
2022-09-10 13:12:24,636 : EventManager : Event: ======'machine_var_audits_shots_warp_advance'====== Args={'value': 1180, 'prev_value': None, 'change': True}
2022-09-10 13:12:24,636 : EventManager : Event: ======'machine_var_audits_switches_s_action_button'====== Args={'value': 4396, 'prev_value': None, 'change': True}
2022-09-10 13:12:24,636 : EventManager : Event: ======'machine_var_audits_switches_s_drain'====== Args={'value': 3000, 'prev_value': None, 'change': True}
2022-09-10 13:12:24,637 : EventManager : Event: ======'machine_var_audits_switches_s_drop_target1'====== Args={'value': 2125, 'prev_value': None, 'change': True}
2022-09-10 13:12:24,637 : EventManager : Event: ======'machine_var_audits_switches_s_drop_target2'====== Args={'value': 2440, 'prev_value': None, 'change': True}
2022-09-10 13:12:24,637 : EventManager : Event: ======'machine_var_audits_switches_s_drop_target3'====== Args={'value': 2899, 'prev_value': None, 'change': True}
2022-09-10 13:12:24,637 : EventManager : Event: ======'machine_var_audits_switches_s_drop_target4'====== Args={'value': 2322, 'prev_value': None, 'change': True}
2022-09-10 13:12:24,637 : EventManager : Event: ======'machine_var_audits_switches_s_drop_target5'====== Args={'value': 2205, 'prev_value': None, 'change': True}
2022-09-10 13:12:24,637 : EventManager : Event: ======'machine_var_audits_switches_s_left_captive_ball'====== Args={'value': 534, 'prev_value': None, 'change': True}
2022-09-10 13:12:24,637 : EventManager : Event: ======'machine_var_audits_switches_s_left_flipper'====== Args={'value': 39732, 'prev_value': None, 'change': True}
2022-09-10 13:12:24,637 : EventManager : Event: ======'machine_var_audits_switches_s_left_inlane'====== Args={'value': 711, 'prev_value': None, 'change': True}
2022-09-10 13:12:24,637 : EventManager : Event: ======'machine_var_audits_switches_s_left_inlane_far'====== Args={'value': 5247, 'prev_value': None, 'change': True}
2022-09-10 13:12:24,638 : EventManager : Event: ======'machine_var_audits_switches_s_left_kicker'====== Args={'value': 1720, 'prev_value': None, 'change': True}
2022-09-10 13:12:24,638 : EventManager : Event: ======'machine_var_audits_switches_s_left_sling'====== Args={'value': 7737, 'prev_value': None, 'change': True}
2022-09-10 13:12:24,638 : EventManager : Event: ======'machine_var_audits_switches_s_left_spinner'====== Args={'value': 25414, 'prev_value': None, 'change': True}
2022-09-10 13:12:24,638 : EventManager : Event: ======'machine_var_audits_switches_s_right_captive_ball'====== Args={'value': 553, 'prev_value': None, 'change': True}
2022-09-10 13:12:24,638 : EventManager : Event: ======'machine_var_audits_switches_s_right_flipper'====== Args={'value': 36165, 'prev_value': None, 'change': True}
2022-09-10 13:12:24,638 : EventManager : Event: ======'machine_var_audits_switches_s_right_inlane'====== Args={'value': 624, 'prev_value': None, 'change': True}
2022-09-10 13:12:24,638 : EventManager : Event: ======'machine_var_audits_switches_s_right_inlane_far'====== Args={'value': 7203, 'prev_value': None, 'change': True}
2022-09-10 13:12:24,647 : EventManager : Event: ======'machine_var_audits_switches_s_right_kicker'====== Args={'value': 1902, 'prev_value': None, 'change': True}
2022-09-10 13:12:24,647 : EventManager : Event: ======'machine_var_audits_switches_s_right_sling'====== Args={'value': 14648, 'prev_value': None, 'change': True}
2022-09-10 13:12:24,647 : EventManager : Event: ======'machine_var_audits_switches_s_right_spinner'====== Args={'value': 19155, 'prev_value': None, 'change': True}
2022-09-10 13:12:24,647 : EventManager : Event: ======'machine_var_audits_switches_s_start'====== Args={'value': 417, 'prev_value': None, 'change': True}
2022-09-10 13:12:24,659 : EventManager : Event: ======'mc_reset_phase_1'====== Args={}
2022-09-10 13:12:24,659 : EventManager : Event: ======'mc_reset_phase_2'====== Args={}
2022-09-10 13:12:24,659 : EventManager : Event: ======'mc_reset_phase_3'====== Args={}
2022-09-10 13:12:24,659 : EventManager : Event: ======'mc_reset_complete'====== Args={}
2022-09-10 13:12:24,671 : EventManager : Event: ======'slides_play'====== Args={'settings': {'widgets': {'widgets': [{'type': 'text', 'text': 'GAME OVER', 'font_size': 50, 'font_name': 'space_font', '_default_settings': ['type', 'text', 'font_size', 'font_name'], 'x': None, 'y': None, 'anchor_x': 'center', 'anchor_y': 'center', 'round_anchor_x': None, 'round_anchor_y': None, 'opacity': 1.0, 'z': 0, 'reset_animations_events': {}, 'color': [1.0, 1.0, 1.0, 1.0], 'style': [], 'adjust_top': 0, 'adjust_bottom': 0, 'adjust_left': 0, 'adjust_right': 0, 'expire': None, 'key': None, 'widget': None, 'events_when_added': [], 'events_when_removed': [], 'bitmap_font': False, 'font_kerning': True, 'bold': False, 'italic': False, 'number_grouping': False, 'min_digits': 0, 'halign': 'center', 'valign': 'middle', 'rotation': 0, 'scale': 1.0, 'casing': None, 'animations': None}, {'type': 'image', 'image': 'attract_background', '_default_settings': ['type', 'image'], 'x': None, 'y': None, 'anchor_x': 'center', 'anchor_y': 'center', 'round_anchor_x': None, 'round_anchor_y': None, 'opacity': 1.0, 'z': 0, 'reset_animations_events': {}, 'color': [1.0, 1.0, 1.0, 1.0], 'style': [], 'adjust_top': 0, 'adjust_bottom': 0, 'adjust_left': 0, 'adjust_right': 0, 'expire': None, 'key': None, 'widget': None, 'events_when_added': [], 'events_when_removed': [], 'fps': 10, 'loops': -1, 'auto_play': True, 'start_frame': 0, 'rotation': 0, 'scale': 1.0, 'animations': None}], 'target': None, 'background_color': [0.0, 0.0, 0.0, 1.0], 'priority': None, 'show': True, 'force': False, 'expire': None, 'slide': None, 'tokens': {}, 'action': 'play'}}, 'context': 'show_3', 'calling_context': 0, 'priority': 10, 'show_tokens': {}, 'start_time': 2934.878}
2022-09-10 13:12:24,671 : mpfmc : SlidePlayer: Play called with settings={'widgets': {'widgets': [{'type': 'text', 'text': 'GAME OVER', 'font_size': 50, 'font_name': 'space_font', '_default_settings': ['type', 'text', 'font_size', 'font_name'], 'x': None, 'y': None, 'anchor_x': 'center', 'anchor_y': 'center', 'round_anchor_x': None, 'round_anchor_y': None, 'opacity': 1.0, 'z': 0, 'reset_animations_events': {}, 'color': [1.0, 1.0, 1.0, 1.0], 'style': [], 'adjust_top': 0, 'adjust_bottom': 0, 'adjust_left': 0, 'adjust_right': 0, 'expire': None, 'key': None, 'widget': None, 'events_when_added': [], 'events_when_removed': [], 'bitmap_font': False, 'font_kerning': True, 'bold': False, 'italic': False, 'number_grouping': False, 'min_digits': 0, 'halign': 'center', 'valign': 'middle', 'rotation': 0, 'scale': 1.0, 'casing': None, 'animations': None}, {'type': 'image', 'image': 'attract_background', '_default_settings': ['type', 'image'], 'x': None, 'y': None, 'anchor_x': 'center', 'anchor_y': 'center', 'round_anchor_x': None, 'round_anchor_y': None, 'opacity': 1.0, 'z': 0, 'reset_animations_events': {}, 'color': [1.0, 1.0, 1.0, 1.0], 'style': [], 'adjust_top': 0, 'adjust_bottom': 0, 'adjust_left': 0, 'adjust_right': 0, 'expire': None, 'key': None, 'widget': None, 'events_when_added': [], 'events_when_removed': [], 'fps': 10, 'loops': -1, 'auto_play': True, 'start_frame': 0, 'rotation': 0, 'scale': 1.0, 'animations': None}], 'target': None, 'background_color': [0.0, 0.0, 0.0, 1.0], 'priority': None, 'show': True, 'force': False, 'expire': None, 'slide': None, 'tokens': {}, 'action': 'play'}}
2022-09-10 13:12:24,678 : EventManager : Event: ======'slide_show_3.slide_player-0_created'====== Args={}
2022-09-10 13:12:24,680 : EventManager : Event: ======'slide_show_3.slide_player-0_active'====== Args={}
2022-09-10 13:12:27,045 : EventManager : Event: ======'slides_clear'====== Args={'context': 'show_3'}
2022-09-10 13:12:27,045 : EventManager : Event: ======'slide_show_3.slide_player-0_removed'====== Args={}
2022-09-10 13:12:27,046 : EventManager : Event: ======'slide_window1_blank_active'====== Args={}
2022-09-10 13:12:47,435 : EventManager : Event: ======'mc_reset_phase_1'====== Args={}
2022-09-10 13:12:47,435 : EventManager : Event: ======'mc_reset_phase_2'====== Args={}
2022-09-10 13:12:47,435 : EventManager : Event: ======'mc_reset_phase_3'====== Args={}
2022-09-10 13:12:47,435 : EventManager : Event: ======'mc_reset_complete'====== Args={}
2022-09-10 13:12:47,448 : EventManager : Event: ======'slides_play'====== Args={'settings': {'widgets': {'widgets': [{'type': 'text', 'text': 'GAME OVER', 'font_size': 50, 'font_name': 'space_font', '_default_settings': ['type', 'text', 'font_size', 'font_name'], 'x': None, 'y': None, 'anchor_x': 'center', 'anchor_y': 'center', 'round_anchor_x': None, 'round_anchor_y': None, 'opacity': 1.0, 'z': 0, 'reset_animations_events': {}, 'color': [1.0, 1.0, 1.0, 1.0], 'style': [], 'adjust_top': 0, 'adjust_bottom': 0, 'adjust_left': 0, 'adjust_right': 0, 'expire': None, 'key': None, 'widget': None, 'events_when_added': [], 'events_when_removed': [], 'bitmap_font': False, 'font_kerning': True, 'bold': False, 'italic': False, 'number_grouping': False, 'min_digits': 0, 'halign': 'center', 'valign': 'middle', 'rotation': 0, 'scale': 1.0, 'casing': None, 'animations': None}, {'type': 'image', 'image': 'attract_background', '_default_settings': ['type', 'image'], 'x': None, 'y': None, 'anchor_x': 'center', 'anchor_y': 'center', 'round_anchor_x': None, 'round_anchor_y': None, 'opacity': 1.0, 'z': 0, 'reset_animations_events': {}, 'color': [1.0, 1.0, 1.0, 1.0], 'style': [], 'adjust_top': 0, 'adjust_bottom': 0, 'adjust_left': 0, 'adjust_right': 0, 'expire': None, 'key': None, 'widget': None, 'events_when_added': [], 'events_when_removed': [], 'fps': 10, 'loops': -1, 'auto_play': True, 'start_frame': 0, 'rotation': 0, 'scale': 1.0, 'animations': None}], 'target': None, 'background_color': [0.0, 0.0, 0.0, 1.0], 'priority': None, 'show': True, 'force': False, 'expire': None, 'slide': None, 'tokens': {}, 'action': 'play'}}, 'context': 'show_7', 'calling_context': 0, 'priority': 10, 'show_tokens': {}, 'start_time': 2957.654}
2022-09-10 13:12:47,448 : mpfmc : SlidePlayer: Play called with settings={'widgets': {'widgets': [{'type': 'text', 'text': 'GAME OVER', 'font_size': 50, 'font_name': 'space_font', '_default_settings': ['type', 'text', 'font_size', 'font_name'], 'x': None, 'y': None, 'anchor_x': 'center', 'anchor_y': 'center', 'round_anchor_x': None, 'round_anchor_y': None, 'opacity': 1.0, 'z': 0, 'reset_animations_events': {}, 'color': [1.0, 1.0, 1.0, 1.0], 'style': [], 'adjust_top': 0, 'adjust_bottom': 0, 'adjust_left': 0, 'adjust_right': 0, 'expire': None, 'key': None, 'widget': None, 'events_when_added': [], 'events_when_removed': [], 'bitmap_font': False, 'font_kerning': True, 'bold': False, 'italic': False, 'number_grouping': False, 'min_digits': 0, 'halign': 'center', 'valign': 'middle', 'rotation': 0, 'scale': 1.0, 'casing': None, 'animations': None}, {'type': 'image', 'image': 'attract_background', '_default_settings': ['type', 'image'], 'x': None, 'y': None, 'anchor_x': 'center', 'anchor_y': 'center', 'round_anchor_x': None, 'round_anchor_y': None, 'opacity': 1.0, 'z': 0, 'reset_animations_events': {}, 'color': [1.0, 1.0, 1.0, 1.0], 'style': [], 'adjust_top': 0, 'adjust_bottom': 0, 'adjust_left': 0, 'adjust_right': 0, 'expire': None, 'key': None, 'widget': None, 'events_when_added': [], 'events_when_removed': [], 'fps': 10, 'loops': -1, 'auto_play': True, 'start_frame': 0, 'rotation': 0, 'scale': 1.0, 'animations': None}], 'target': None, 'background_color': [0.0, 0.0, 0.0, 1.0], 'priority': None, 'show': True, 'force': False, 'expire': None, 'slide': None, 'tokens': {}, 'action': 'play'}}
2022-09-10 13:12:47,458 : EventManager : Event: ======'slide_show_7.slide_player-0_created'====== Args={}
2022-09-10 13:12:47,464 : EventManager : Event: ======'slide_show_7.slide_player-0_active'====== Args={}
2022-09-10 13:12:50,439 : EventManager : Event: ======'slides_play'====== Args={'settings': {'last_game_score_slide': {'widgets': [{'type': 'text', 'text': 'LAST GAME', 'font_size': 50, 'y': '60%', 'font_name': 'space_font', '_default_settings': ['type', 'text', 'font_size', 'y', 'font_name'], 'x': None, 'anchor_x': 'center', 'anchor_y': 'center', 'round_anchor_x': None, 'round_anchor_y': None, 'opacity': 1.0, 'z': 0, 'reset_animations_events': {}, 'color': [1.0, 1.0, 1.0, 1.0], 'style': [], 'adjust_top': 0, 'adjust_bottom': 0, 'adjust_left': 0, 'adjust_right': 0, 'expire': None, 'key': None, 'widget': None, 'events_when_added': [], 'events_when_removed': [], 'bitmap_font': False, 'font_kerning': True, 'bold': False, 'italic': False, 'number_grouping': False, 'min_digits': 0, 'halign': 'center', 'valign': 'middle', 'rotation': 0, 'scale': 1.0, 'casing': None, 'animations': None}, {'type': 'text', 'text': '(machine|player1_score)', 'number_grouping': True, 'min_digits': 2, 'font_size': 50, 'y': '40%', 'font_name': 'score_font', '_default_settings': ['type', 'text', 'number_grouping', 'min_digits', 'font_size', 'y', 'font_name'], 'x': None, 'anchor_x': 'center', 'anchor_y': 'center', 'round_anchor_x': None, 'round_anchor_y': None, 'opacity': 1.0, 'z': 0, 'reset_animations_events': {}, 'color': [1.0, 1.0, 1.0, 1.0], 'style': [], 'adjust_top': 0, 'adjust_bottom': 0, 'adjust_left': 0, 'adjust_right': 0, 'expire': None, 'key': None, 'widget': None, 'events_when_added': [], 'events_when_removed': [], 'bitmap_font': False, 'font_kerning': True, 'bold': False, 'italic': False, 'halign': 'center', 'valign': 'middle', 'rotation': 0, 'scale': 1.0, 'casing': None, 'animations': None}, {'type': 'image', 'image': 'attract_background', '_default_settings': ['type', 'image'], 'x': None, 'y': None, 'anchor_x': 'center', 'anchor_y': 'center', 'round_anchor_x': None, 'round_anchor_y': None, 'opacity': 1.0, 'z': 0, 'reset_animations_events': {}, 'color': [1.0, 1.0, 1.0, 1.0], 'style': [], 'adjust_top': 0, 'adjust_bottom': 0, 'adjust_left': 0, 'adjust_right': 0, 'expire': None, 'key': None, 'widget': None, 'events_when_added': [], 'events_when_removed': [], 'fps': 10, 'loops': -1, 'auto_play': True, 'start_frame': 0, 'rotation': 0, 'scale': 1.0, 'animations': None}], 'target': None, 'background_color': [0.0, 0.0, 0.0, 1.0], 'priority': None, 'show': True, 'force': False, 'expire': None, 'slide': None, 'tokens': {}, 'action': 'play'}}, 'context': 'show_7', 'calling_context': 1, 'priority': 10, 'show_tokens': {}, 'start_time': 2960.654}
2022-09-10 13:12:50,439 : mpfmc : SlidePlayer: Play called with settings={'last_game_score_slide': {'widgets': [{'type': 'text', 'text': 'LAST GAME', 'font_size': 50, 'y': '60%', 'font_name': 'space_font', '_default_settings': ['type', 'text', 'font_size', 'y', 'font_name'], 'x': None, 'anchor_x': 'center', 'anchor_y': 'center', 'round_anchor_x': None, 'round_anchor_y': None, 'opacity': 1.0, 'z': 0, 'reset_animations_events': {}, 'color': [1.0, 1.0, 1.0, 1.0], 'style': [], 'adjust_top': 0, 'adjust_bottom': 0, 'adjust_left': 0, 'adjust_right': 0, 'expire': None, 'key': None, 'widget': None, 'events_when_added': [], 'events_when_removed': [], 'bitmap_font': False, 'font_kerning': True, 'bold': False, 'italic': False, 'number_grouping': False, 'min_digits': 0, 'halign': 'center', 'valign': 'middle', 'rotation': 0, 'scale': 1.0, 'casing': None, 'animations': None}, {'type': 'text', 'text': '(machine|player1_score)', 'number_grouping': True, 'min_digits': 2, 'font_size': 50, 'y': '40%', 'font_name': 'score_font', '_default_settings': ['type', 'text', 'number_grouping', 'min_digits', 'font_size', 'y', 'font_name'], 'x': None, 'anchor_x': 'center', 'anchor_y': 'center', 'round_anchor_x': None, 'round_anchor_y': None, 'opacity': 1.0, 'z': 0, 'reset_animations_events': {}, 'color': [1.0, 1.0, 1.0, 1.0], 'style': [], 'adjust_top': 0, 'adjust_bottom': 0, 'adjust_left': 0, 'adjust_right': 0, 'expire': None, 'key': None, 'widget': None, 'events_when_added': [], 'events_when_removed': [], 'bitmap_font': False, 'font_kerning': True, 'bold': False, 'italic': False, 'halign': 'center', 'valign': 'middle', 'rotation': 0, 'scale': 1.0, 'casing': None, 'animations': None}, {'type': 'image', 'image': 'attract_background', '_default_settings': ['type', 'image'], 'x': None, 'y': None, 'anchor_x': 'center', 'anchor_y': 'center', 'round_anchor_x': None, 'round_anchor_y': None, 'opacity': 1.0, 'z': 0, 'reset_animations_events': {}, 'color': [1.0, 1.0, 1.0, 1.0], 'style': [], 'adjust_top': 0, 'adjust_bottom': 0, 'adjust_left': 0, 'adjust_right': 0, 'expire': None, 'key': None, 'widget': None, 'events_when_added': [], 'events_when_removed': [], 'fps': 10, 'loops': -1, 'auto_play': True, 'start_frame': 0, 'rotation': 0, 'scale': 1.0, 'animations': None}], 'target': None, 'background_color': [0.0, 0.0, 0.0, 1.0], 'priority': None, 'show': True, 'force': False, 'expire': None, 'slide': None, 'tokens': {}, 'action': 'play'}}
2022-09-10 13:12:50,452 : EventManager : Event: ======'slide_last_game_score_slide_created'====== Args={}
2022-09-10 13:12:50,453 : EventManager : Unordered handler for class <Text Widget text=441,174,720> on event machine_var_player1_score with priority 1. Handlers: [RegisteredHandler(callback=<bound method Text._machine_var_change of <Text Widget text=441,174,720>>, priority=1, kwargs={}, key=UUID('b7e10d22-ac15-4125-95ce-4296c95bbd99'), condition=None, blocking_facility=None), RegisteredHandler(callback=<bound method Text._machine_var_change of <Text Widget text=441,174,720>>, priority=1, kwargs={}, key=UUID('3d1f31d7-d83a-46f0-ac33-7706a7c5c43b'), condition=None, blocking_facility=None)]. The order of those handlers is not defined and they will be executed in random order. This might lead to race conditions and potential bugs.
2022-09-10 13:12:50,459 : EventManager : Event: ======'slide_last_game_score_slide_active'====== Args={}
2022-09-10 13:12:53,433 : EventManager : Event: ======'slides_play'====== Args={'settings': {'press_start': {'widgets': [{'type': 'Text', 'text': 'PRESS START', 'font_size': 30, 'font_name': 'space_font', '_default_settings': ['type', 'text', 'font_size', 'font_name'], 'x': None, 'y': None, 'anchor_x': 'center', 'anchor_y': 'center', 'round_anchor_x': None, 'round_anchor_y': None, 'opacity': 1.0, 'z': 0, 'reset_animations_events': {}, 'color': [1.0, 1.0, 1.0, 1.0], 'style': [], 'adjust_top': 0, 'adjust_bottom': 0, 'adjust_left': 0, 'adjust_right': 0, 'expire': None, 'key': None, 'widget': None, 'events_when_added': [], 'events_when_removed': [], 'bitmap_font': False, 'font_kerning': True, 'bold': False, 'italic': False, 'number_grouping': False, 'min_digits': 0, 'halign': 'center', 'valign': 'middle', 'rotation': 0, 'scale': 1.0, 'casing': None, 'animations': None}, {'type': 'Text', 'text': 'FREE PLAY', 'color': [0.0, 0.5019607843137255, 0.0, 1], 'font_size': 30, 'y': '10', 'font_name': 'space_font', 'anchor_y': 'bottom', '_default_settings': ['type', 'text', 'color', 'font_size', 'y', 'font_name', 'anchor_y'], 'x': None, 'anchor_x': 'center', 'round_anchor_x': None, 'round_anchor_y': None, 'opacity': 1.0, 'z': 0, 'reset_animations_events': {}, 'style': [], 'adjust_top': 0, 'adjust_bottom': 0, 'adjust_left': 0, 'adjust_right': 0, 'expire': None, 'key': None, 'widget': None, 'events_when_added': [], 'events_when_removed': [], 'bitmap_font': False, 'font_kerning': True, 'bold': False, 'italic': False, 'number_grouping': False, 'min_digits': 0, 'halign': 'center', 'valign': 'middle', 'rotation': 0, 'scale': 1.0, 'casing': None, 'animations': None}, {'type': 'image', 'image': 'attract_background', '_default_settings': ['type', 'image'], 'x': None, 'y': None, 'anchor_x': 'center', 'anchor_y': 'center', 'round_anchor_x': None, 'round_anchor_y': None, 'opacity': 1.0, 'z': 0, 'reset_animations_events': {}, 'color': [1.0, 1.0, 1.0, 1.0], 'style': [], 'adjust_top': 0, 'adjust_bottom': 0, 'adjust_left': 0, 'adjust_right': 0, 'expire': None, 'key': None, 'widget': None, 'events_when_added': [], 'events_when_removed': [], 'fps': 10, 'loops': -1, 'auto_play': True, 'start_frame': 0, 'rotation': 0, 'scale': 1.0, 'animations': None}], 'target': None, 'background_color': [0.0, 0.0, 0.0, 1.0], 'priority': None, 'show': True, 'force': False, 'expire': None, 'slide': None, 'tokens': {}, 'action': 'play'}}, 'context': 'show_7', 'calling_context': 2, 'priority': 10, 'show_tokens': {}, 'start_time': 2963.654}
2022-09-10 13:12:53,433 : mpfmc : SlidePlayer: Play called with settings={'press_start': {'widgets': [{'type': 'Text', 'text': 'PRESS START', 'font_size': 30, 'font_name': 'space_font', '_default_settings': ['type', 'text', 'font_size', 'font_name'], 'x': None, 'y': None, 'anchor_x': 'center', 'anchor_y': 'center', 'round_anchor_x': None, 'round_anchor_y': None, 'opacity': 1.0, 'z': 0, 'reset_animations_events': {}, 'color': [1.0, 1.0, 1.0, 1.0], 'style': [], 'adjust_top': 0, 'adjust_bottom': 0, 'adjust_left': 0, 'adjust_right': 0, 'expire': None, 'key': None, 'widget': None, 'events_when_added': [], 'events_when_removed': [], 'bitmap_font': False, 'font_kerning': True, 'bold': False, 'italic': False, 'number_grouping': False, 'min_digits': 0, 'halign': 'center', 'valign': 'middle', 'rotation': 0, 'scale': 1.0, 'casing': None, 'animations': None}, {'type': 'Text', 'text': 'FREE PLAY', 'color': [0.0, 0.5019607843137255, 0.0, 1], 'font_size': 30, 'y': '10', 'font_name': 'space_font', 'anchor_y': 'bottom', '_default_settings': ['type', 'text', 'color', 'font_size', 'y', 'font_name', 'anchor_y'], 'x': None, 'anchor_x': 'center', 'round_anchor_x': None, 'round_anchor_y': None, 'opacity': 1.0, 'z': 0, 'reset_animations_events': {}, 'style': [], 'adjust_top': 0, 'adjust_bottom': 0, 'adjust_left': 0, 'adjust_right': 0, 'expire': None, 'key': None, 'widget': None, 'events_when_added': [], 'events_when_removed': [], 'bitmap_font': False, 'font_kerning': True, 'bold': False, 'italic': False, 'number_grouping': False, 'min_digits': 0, 'halign': 'center', 'valign': 'middle', 'rotation': 0, 'scale': 1.0, 'casing': None, 'animations': None}, {'type': 'image', 'image': 'attract_background', '_default_settings': ['type', 'image'], 'x': None, 'y': None, 'anchor_x': 'center', 'anchor_y': 'center', 'round_anchor_x': None, 'round_anchor_y': None, 'opacity': 1.0, 'z': 0, 'reset_animations_events': {}, 'color': [1.0, 1.0, 1.0, 1.0], 'style': [], 'adjust_top': 0, 'adjust_bottom': 0, 'adjust_left': 0, 'adjust_right': 0, 'expire': None, 'key': None, 'widget': None, 'events_when_added': [], 'events_when_removed': [], 'fps': 10, 'loops': -1, 'auto_play': True, 'start_frame': 0, 'rotation': 0, 'scale': 1.0, 'animations': None}], 'target': None, 'background_color': [0.0, 0.0, 0.0, 1.0], 'priority': None, 'show': True, 'force': False, 'expire': None, 'slide': None, 'tokens': {}, 'action': 'play'}}
2022-09-10 13:12:53,447 : EventManager : Event: ======'slide_press_start_created'====== Args={}
2022-09-10 13:12:53,454 : EventManager : Event: ======'slide_press_start_active'====== Args={}
2022-09-10 13:12:56,425 : EventManager : Event: ======'slides_play'====== Args={'settings': {'mission_pinball': {'widgets': [{'type': 'image', 'image': 'mpf_logo', '_default_settings': ['type', 'image'], 'x': None, 'y': None, 'anchor_x': 'center', 'anchor_y': 'center', 'round_anchor_x': None, 'round_anchor_y': None, 'opacity': 1.0, 'z': 0, 'reset_animations_events': {}, 'color': [1.0, 1.0, 1.0, 1.0], 'style': [], 'adjust_top': 0, 'adjust_bottom': 0, 'adjust_left': 0, 'adjust_right': 0, 'expire': None, 'key': None, 'widget': None, 'events_when_added': [], 'events_when_removed': [], 'fps': 10, 'loops': -1, 'auto_play': True, 'start_frame': 0, 'rotation': 0, 'scale': 1.0, 'animations': None}, {'type': 'ellipse', 'color': [0.26666666666666666, 0.26666666666666666, 0.26666666666666666, 1], 'width': 390, 'height': 300, '_default_settings': ['type', 'color', 'width', 'height'], 'x': None, 'y': None, 'anchor_x': 'center', 'anchor_y': 'center', 'round_anchor_x': None, 'round_anchor_y': None, 'opacity': 1.0, 'z': 0, 'reset_animations_events': {}, 'style': [], 'adjust_top': 0, 'adjust_bottom': 0, 'adjust_left': 0, 'adjust_right': 0, 'expire': None, 'key': None, 'widget': None, 'events_when_added': [], 'events_when_removed': [], 'segments': 180, 'angle_start': 0, 'angle_end': 360, 'rotation': 0.0, 'scale': 1.0, 'animations': None}, {'type': 'image', 'image': 'attract_background', '_default_settings': ['type', 'image'], 'x': None, 'y': None, 'anchor_x': 'center', 'anchor_y': 'center', 'round_anchor_x': None, 'round_anchor_y': None, 'opacity': 1.0, 'z': 0, 'reset_animations_events': {}, 'color': [1.0, 1.0, 1.0, 1.0], 'style': [], 'adjust_top': 0, 'adjust_bottom': 0, 'adjust_left': 0, 'adjust_right': 0, 'expire': None, 'key': None, 'widget': None, 'events_when_added': [], 'events_when_removed': [], 'fps': 10, 'loops': -1, 'auto_play': True, 'start_frame': 0, 'rotation': 0, 'scale': 1.0, 'animations': None}], 'target': None, 'background_color': [0.0, 0.0, 0.0, 1.0], 'priority': None, 'show': True, 'force': False, 'expire': None, 'slide': None, 'tokens': {}, 'action': 'play'}}, 'context': 'show_7', 'calling_context': 3, 'priority': 10, 'show_tokens': {}, 'start_time': 2966.654}
2022-09-10 13:12:56,425 : mpfmc : SlidePlayer: Play called with settings={'mission_pinball': {'widgets': [{'type': 'image', 'image': 'mpf_logo', '_default_settings': ['type', 'image'], 'x': None, 'y': None, 'anchor_x': 'center', 'anchor_y': 'center', 'round_anchor_x': None, 'round_anchor_y': None, 'opacity': 1.0, 'z': 0, 'reset_animations_events': {}, 'color': [1.0, 1.0, 1.0, 1.0], 'style': [], 'adjust_top': 0, 'adjust_bottom': 0, 'adjust_left': 0, 'adjust_right': 0, 'expire': None, 'key': None, 'widget': None, 'events_when_added': [], 'events_when_removed': [], 'fps': 10, 'loops': -1, 'auto_play': True, 'start_frame': 0, 'rotation': 0, 'scale': 1.0, 'animations': None}, {'type': 'ellipse', 'color': [0.26666666666666666, 0.26666666666666666, 0.26666666666666666, 1], 'width': 390, 'height': 300, '_default_settings': ['type', 'color', 'width', 'height'], 'x': None, 'y': None, 'anchor_x': 'center', 'anchor_y': 'center', 'round_anchor_x': None, 'round_anchor_y': None, 'opacity': 1.0, 'z': 0, 'reset_animations_events': {}, 'style': [], 'adjust_top': 0, 'adjust_bottom': 0, 'adjust_left': 0, 'adjust_right': 0, 'expire': None, 'key': None, 'widget': None, 'events_when_added': [], 'events_when_removed': [], 'segments': 180, 'angle_start': 0, 'angle_end': 360, 'rotation': 0.0, 'scale': 1.0, 'animations': None}, {'type': 'image', 'image': 'attract_background', '_default_settings': ['type', 'image'], 'x': None, 'y': None, 'anchor_x': 'center', 'anchor_y': 'center', 'round_anchor_x': None, 'round_anchor_y': None, 'opacity': 1.0, 'z': 0, 'reset_animations_events': {}, 'color': [1.0, 1.0, 1.0, 1.0], 'style': [], 'adjust_top': 0, 'adjust_bottom': 0, 'adjust_left': 0, 'adjust_right': 0, 'expire': None, 'key': None, 'widget': None, 'events_when_added': [], 'events_when_removed': [], 'fps': 10, 'loops': -1, 'auto_play': True, 'start_frame': 0, 'rotation': 0, 'scale': 1.0, 'animations': None}], 'target': None, 'background_color': [0.0, 0.0, 0.0, 1.0], 'priority': None, 'show': True, 'force': False, 'expire': None, 'slide': None, 'tokens': {}, 'action': 'play'}}
2022-09-10 13:12:56,433 : EventManager : Event: ======'slide_mission_pinball_created'====== Args={}
2022-09-10 13:12:56,434 : EventManager : Event: ======'slide_mission_pinball_active'====== Args={}
2022-09-10 13:12:59,434 : EventManager : Event: ======'slides_play'====== Args={'settings': {'edensaw_slide': {'widgets': [{'type': 'image', 'image': 'edensaw', 'scale': 2.0, '_default_settings': ['type', 'image', 'scale'], 'x': None, 'y': None, 'anchor_x': 'center', 'anchor_y': 'center', 'round_anchor_x': None, 'round_anchor_y': None, 'opacity': 1.0, 'z': 0, 'reset_animations_events': {}, 'color': [1.0, 1.0, 1.0, 1.0], 'style': [], 'adjust_top': 0, 'adjust_bottom': 0, 'adjust_left': 0, 'adjust_right': 0, 'expire': None, 'key': None, 'widget': None, 'events_when_added': [], 'events_when_removed': [], 'fps': 10, 'loops': -1, 'auto_play': True, 'start_frame': 0, 'rotation': 0, 'animations': None}, {'type': 'image', 'image': 'attract_background', '_default_settings': ['type', 'image'], 'x': None, 'y': None, 'anchor_x': 'center', 'anchor_y': 'center', 'round_anchor_x': None, 'round_anchor_y': None, 'opacity': 1.0, 'z': 0, 'reset_animations_events': {}, 'color': [1.0, 1.0, 1.0, 1.0], 'style': [], 'adjust_top': 0, 'adjust_bottom': 0, 'adjust_left': 0, 'adjust_right': 0, 'expire': None, 'key': None, 'widget': None, 'events_when_added': [], 'events_when_removed': [], 'fps': 10, 'loops': -1, 'auto_play': True, 'start_frame': 0, 'rotation': 0, 'scale': 1.0, 'animations': None}], 'target': None, 'background_color': [0.0, 0.0, 0.0, 1.0], 'priority': None, 'show': True, 'force': False, 'expire': None, 'slide': None, 'tokens': {}, 'action': 'play'}}, 'context': 'show_7', 'calling_context': 4, 'priority': 10, 'show_tokens': {}, 'start_time': 2969.654}
2022-09-10 13:12:59,434 : mpfmc : SlidePlayer: Play called with settings={'edensaw_slide': {'widgets': [{'type': 'image', 'image': 'edensaw', 'scale': 2.0, '_default_settings': ['type', 'image', 'scale'], 'x': None, 'y': None, 'anchor_x': 'center', 'anchor_y': 'center', 'round_anchor_x': None, 'round_anchor_y': None, 'opacity': 1.0, 'z': 0, 'reset_animations_events': {}, 'color': [1.0, 1.0, 1.0, 1.0], 'style': [], 'adjust_top': 0, 'adjust_bottom': 0, 'adjust_left': 0, 'adjust_right': 0, 'expire': None, 'key': None, 'widget': None, 'events_when_added': [], 'events_when_removed': [], 'fps': 10, 'loops': -1, 'auto_play': True, 'start_frame': 0, 'rotation': 0, 'animations': None}, {'type': 'image', 'image': 'attract_background', '_default_settings': ['type', 'image'], 'x': None, 'y': None, 'anchor_x': 'center', 'anchor_y': 'center', 'round_anchor_x': None, 'round_anchor_y': None, 'opacity': 1.0, 'z': 0, 'reset_animations_events': {}, 'color': [1.0, 1.0, 1.0, 1.0], 'style': [], 'adjust_top': 0, 'adjust_bottom': 0, 'adjust_left': 0, 'adjust_right': 0, 'expire': None, 'key': None, 'widget': None, 'events_when_added': [], 'events_when_removed': [], 'fps': 10, 'loops': -1, 'auto_play': True, 'start_frame': 0, 'rotation': 0, 'scale': 1.0, 'animations': None}], 'target': None, 'background_color': [0.0, 0.0, 0.0, 1.0], 'priority': None, 'show': True, 'force': False, 'expire': None, 'slide': None, 'tokens': {}, 'action': 'play'}}
2022-09-10 13:12:59,441 : EventManager : Event: ======'slide_edensaw_slide_created'====== Args={}
2022-09-10 13:12:59,442 : EventManager : Event: ======'slide_edensaw_slide_active'====== Args={}
2022-09-10 13:13:02,431 : EventManager : Event: ======'slides_play'====== Args={'settings': {'glass_slide': {'widgets': [{'type': 'image', 'image': 'peninsula_glass', 'scale': 2.0, '_default_settings': ['type', 'image', 'scale'], 'x': None, 'y': None, 'anchor_x': 'center', 'anchor_y': 'center', 'round_anchor_x': None, 'round_anchor_y': None, 'opacity': 1.0, 'z': 0, 'reset_animations_events': {}, 'color': [1.0, 1.0, 1.0, 1.0], 'style': [], 'adjust_top': 0, 'adjust_bottom': 0, 'adjust_left': 0, 'adjust_right': 0, 'expire': None, 'key': None, 'widget': None, 'events_when_added': [], 'events_when_removed': [], 'fps': 10, 'loops': -1, 'auto_play': True, 'start_frame': 0, 'rotation': 0, 'animations': None}, {'type': 'image', 'image': 'attract_background', '_default_settings': ['type', 'image'], 'x': None, 'y': None, 'anchor_x': 'center', 'anchor_y': 'center', 'round_anchor_x': None, 'round_anchor_y': None, 'opacity': 1.0, 'z': 0, 'reset_animations_events': {}, 'color': [1.0, 1.0, 1.0, 1.0], 'style': [], 'adjust_top': 0, 'adjust_bottom': 0, 'adjust_left': 0, 'adjust_right': 0, 'expire': None, 'key': None, 'widget': None, 'events_when_added': [], 'events_when_removed': [], 'fps': 10, 'loops': -1, 'auto_play': True, 'start_frame': 0, 'rotation': 0, 'scale': 1.0, 'animations': None}], 'target': None, 'background_color': [0.0, 0.0, 0.0, 1.0], 'priority': None, 'show': True, 'force': False, 'expire': None, 'slide': None, 'tokens': {}, 'action': 'play'}}, 'context': 'show_7', 'calling_context': 5, 'priority': 10, 'show_tokens': {}, 'start_time': 2972.654}
2022-09-10 13:13:02,431 : mpfmc : SlidePlayer: Play called with settings={'glass_slide': {'widgets': [{'type': 'image', 'image': 'peninsula_glass', 'scale': 2.0, '_default_settings': ['type', 'image', 'scale'], 'x': None, 'y': None, 'anchor_x': 'center', 'anchor_y': 'center', 'round_anchor_x': None, 'round_anchor_y': None, 'opacity': 1.0, 'z': 0, 'reset_animations_events': {}, 'color': [1.0, 1.0, 1.0, 1.0], 'style': [], 'adjust_top': 0, 'adjust_bottom': 0, 'adjust_left': 0, 'adjust_right': 0, 'expire': None, 'key': None, 'widget': None, 'events_when_added': [], 'events_when_removed': [], 'fps': 10, 'loops': -1, 'auto_play': True, 'start_frame': 0, 'rotation': 0, 'animations': None}, {'type': 'image', 'image': 'attract_background', '_default_settings': ['type', 'image'], 'x': None, 'y': None, 'anchor_x': 'center', 'anchor_y': 'center', 'round_anchor_x': None, 'round_anchor_y': None, 'opacity': 1.0, 'z': 0, 'reset_animations_events': {}, 'color': [1.0, 1.0, 1.0, 1.0], 'style': [], 'adjust_top': 0, 'adjust_bottom': 0, 'adjust_left': 0, 'adjust_right': 0, 'expire': None, 'key': None, 'widget': None, 'events_when_added': [], 'events_when_removed': [], 'fps': 10, 'loops': -1, 'auto_play': True, 'start_frame': 0, 'rotation': 0, 'scale': 1.0, 'animations': None}], 'target': None, 'background_color': [0.0, 0.0, 0.0, 1.0], 'priority': None, 'show': True, 'force': False, 'expire': None, 'slide': None, 'tokens': {}, 'action': 'play'}}
2022-09-10 13:13:02,436 : EventManager : Event: ======'slide_glass_slide_created'====== Args={}
2022-09-10 13:13:02,437 : EventManager : Event: ======'slide_glass_slide_active'====== Args={}
2022-09-10 13:13:04,711 : kivy : Base: Leaving application in progress...
2022-09-10 13:13:04,949 : mpfmc : Stopping...
2022-09-10 13:13:04,949 : EventManager : Event: ======'shutdown'====== Args={}
2022-09-10 13:13:04,949 : AudioInterface : Disabling audio playback
2022-09-10 13:13:04,949 : mpfmc : Loop rate 73.43 Hz
2022-09-10 13:13:04,950 : kivy : MC run loop ended.
2022-09-10 13:13:04,950 : kivy : Stopping child threads... (3 remaining)
2022-09-10 13:13:05,127 : mpfmc : Stopping...
2022-09-10 13:13:05,128 : EventManager : Event: ======'shutdown'====== Args={}
2022-09-10 13:13:05,128 : mpfmc : Loop rate 73.14 Hz
2022-09-10 13:13:05,143 : MPF-MC BCP Server : Stopping BCP sending thread
2022-09-10 13:13:05,261 : kivy : All child threads stopped.
