2022-09-09 19:48:03,949 : INFO : root : Loading config.
2022-09-09 19:48:04,467 : INFO : ConfigProcessor : Config spec file cache created: C:\Users\Brendan\AppData\Local\Temp\config_spec.mpf_cache
2022-09-09 19:48:04,467 : INFO : YamlMultifileConfigLoader : Machine config file #1: config.yaml
2022-09-09 19:48:04,468 : INFO : ConfigProcessor : Loading config from cache: C:\Users\Brendan\AppData\Local\Temp\bccefe987bb586eace29905fa80cab57.mpf_cache
2022-09-09 19:48:04,525 : INFO : ConfigProcessor : Loading config from cache: C:\Users\Brendan\AppData\Local\Temp\467e7647689d29fad6adf949e1f4d51d.mpf_cache
2022-09-09 19:48:04,526 : INFO : ConfigProcessor : Loading config from cache: C:\Users\Brendan\AppData\Local\Temp\5550e037aa776b42b91b29b40b356c70.mpf_cache
2022-09-09 19:48:04,526 : INFO : ConfigProcessor : Loading config from cache: C:\Users\Brendan\AppData\Local\Temp\15e0c601392b30c3d9ba3ead8131edb5.mpf_cache
2022-09-09 19:48:04,527 : INFO : ConfigProcessor : Loading config from cache: C:\Users\Brendan\AppData\Local\Temp\0bf50917c4ef15ab65ee13d6c14e7d7c.mpf_cache
2022-09-09 19:48:04,528 : INFO : ConfigProcessor : Loading config from cache: C:\Users\Brendan\AppData\Local\Temp\bc7da7b13b2754e080c2afa0678ac274.mpf_cache
2022-09-09 19:48:04,529 : INFO : ConfigProcessor : Loading config from cache: C:\Users\Brendan\AppData\Local\Temp\bbd59d0bb6602ee0c5a89d6f85e6dd42.mpf_cache
2022-09-09 19:48:04,530 : INFO : ConfigProcessor : Loading config from cache: C:\Users\Brendan\AppData\Local\Temp\5526c78976fee311c3d05505d75f653d.mpf_cache
2022-09-09 19:48:04,531 : INFO : ConfigProcessor : Loading config from cache: C:\Users\Brendan\AppData\Local\Temp\6e95138ae5415fc76b53ebf8fa245fb5.mpf_cache
2022-09-09 19:48:04,532 : INFO : ConfigProcessor : Loading config from cache: C:\Users\Brendan\AppData\Local\Temp\1ec1c4dffb383758956493783a9ed391.mpf_cache
2022-09-09 19:48:04,532 : INFO : ConfigProcessor : Loading config from cache: C:\Users\Brendan\AppData\Local\Temp\f2aee92728c8017b77c710c804dd7f5a.mpf_cache
2022-09-09 19:48:04,534 : INFO : ConfigProcessor : Loading config from cache: C:\Users\Brendan\AppData\Local\Temp\88f57fa1305e9dc100972ec9f84d57fe.mpf_cache
2022-09-09 19:48:04,534 : INFO : ConfigProcessor : Loading config from cache: C:\Users\Brendan\AppData\Local\Temp\6e00a9d794d4c3f43a0fc48da04dac60.mpf_cache
2022-09-09 19:48:04,536 : INFO : ConfigProcessor : Loading config from cache: C:\Users\Brendan\AppData\Local\Temp\05ef98219fc733c3bcab58726c4b37ef.mpf_cache
2022-09-09 19:48:04,537 : INFO : ConfigProcessor : Loading config from cache: C:\Users\Brendan\AppData\Local\Temp\c22d657a5a7bb60632c2be2c735e073b.mpf_cache
2022-09-09 19:48:04,537 : INFO : ConfigProcessor : Loading config from cache: C:\Users\Brendan\AppData\Local\Temp\f7d4f5eb9425fe84d2e83a363afd4bdf.mpf_cache
2022-09-09 19:48:04,538 : INFO : ConfigProcessor : Loading config from cache: C:\Users\Brendan\AppData\Local\Temp\125f51d329f930ea7bff10973551cc26.mpf_cache
2022-09-09 19:48:04,539 : INFO : ConfigProcessor : Loading config from cache: C:\Users\Brendan\AppData\Local\Temp\08e18dfdf4e02cd29cc0cc52be2faaf4.mpf_cache
2022-09-09 19:48:04,540 : INFO : ConfigProcessor : Loading config from cache: C:\Users\Brendan\AppData\Local\Temp\f042f5bf6362b9e04d43b40b93a92057.mpf_cache
2022-09-09 19:48:04,541 : INFO : ConfigProcessor : Loading config from cache: C:\Users\Brendan\AppData\Local\Temp\60badac06cd62deb71f25fac24b103c2.mpf_cache
2022-09-09 19:48:04,542 : INFO : ConfigProcessor : Loading config from cache: C:\Users\Brendan\AppData\Local\Temp\a3ad1aeb679a0686901de8a6ffe784f0.mpf_cache
2022-09-09 19:48:04,542 : INFO : ConfigProcessor : Loading config from cache: C:\Users\Brendan\AppData\Local\Temp\d7856287e4ec48fb5adaa65e5f7b2848.mpf_cache
2022-09-09 19:48:04,543 : INFO : ConfigProcessor : Loading config from cache: C:\Users\Brendan\AppData\Local\Temp\4849f32e60febd99d83791f2417d9a0f.mpf_cache
2022-09-09 19:48:04,544 : INFO : ConfigProcessor : Loading config from cache: C:\Users\Brendan\AppData\Local\Temp\942a9c8af084c06606ececc74db0a30f.mpf_cache
2022-09-09 19:48:04,545 : INFO : ConfigProcessor : Loading config from cache: C:\Users\Brendan\AppData\Local\Temp\d3a5f9b6ba13782c30d3f4f7e40a9dcf.mpf_cache
2022-09-09 19:48:04,545 : INFO : ConfigProcessor : Loading config from cache: C:\Users\Brendan\AppData\Local\Temp\bb2305c107159ac261738ee6fa5177f9.mpf_cache
2022-09-09 19:48:04,546 : INFO : ConfigProcessor : Loading config from cache: C:\Users\Brendan\AppData\Local\Temp\5e8fe62f7d4a280c75af4e016e79234a.mpf_cache
2022-09-09 19:48:04,546 : INFO : ConfigProcessor : Loading config from cache: C:\Users\Brendan\AppData\Local\Temp\7934ad8984867b043b25c8f1f16418da.mpf_cache
2022-09-09 19:48:04,547 : INFO : ConfigProcessor : Loading config from cache: C:\Users\Brendan\AppData\Local\Temp\201f4c0a0d10e05df2979372d05b639d.mpf_cache
2022-09-09 19:48:04,548 : INFO : ConfigProcessor : Loading config from cache: C:\Users\Brendan\AppData\Local\Temp\29084e75e573608c6a2e9d91f8c2e516.mpf_cache
2022-09-09 19:48:04,549 : INFO : ConfigProcessor : Loading config from cache: C:\Users\Brendan\AppData\Local\Temp\c1a52d9ec6beffcf3a0c74172f4f1789.mpf_cache
2022-09-09 19:48:04,549 : INFO : ConfigProcessor : Loading config from cache: C:\Users\Brendan\AppData\Local\Temp\1a7cfdccecce53cd51775700aa921808.mpf_cache
2022-09-09 19:48:04,550 : INFO : ConfigProcessor : Loading config from cache: C:\Users\Brendan\AppData\Local\Temp\bbeb6a5751b9d2029aa6e8633936e040.mpf_cache
2022-09-09 19:48:04,551 : INFO : ConfigProcessor : Loading config from cache: C:\Users\Brendan\AppData\Local\Temp\396defae609afab4d6d7399595fd494b.mpf_cache
2022-09-09 19:48:04,551 : INFO : ConfigProcessor : Loading config from cache: C:\Users\Brendan\AppData\Local\Temp\df5b128cf73808572dcd58af6b99a12a.mpf_cache
2022-09-09 19:48:04,552 : INFO : ConfigProcessor : Loading config from cache: C:\Users\Brendan\AppData\Local\Temp\b16abd66a20b52f76df13eb007a93cde.mpf_cache
2022-09-09 19:48:04,553 : INFO : ConfigProcessor : Loading config from cache: C:\Users\Brendan\AppData\Local\Temp\09ddf149c2750d0dc18124afb4ec1692.mpf_cache
2022-09-09 19:48:04,553 : INFO : ConfigProcessor : Loading config from cache: C:\Users\Brendan\AppData\Local\Temp\dc261f740d4fb0b58874215bc05837b4.mpf_cache
2022-09-09 19:48:04,554 : INFO : ConfigProcessor : Loading config from cache: C:\Users\Brendan\AppData\Local\Temp\fd5b67850c190931870595f7ba331325.mpf_cache
2022-09-09 19:48:04,555 : INFO : ConfigProcessor : Loading config from cache: C:\Users\Brendan\AppData\Local\Temp\7fa0bf6f8a3d06d96f9daba2d24e8451.mpf_cache
2022-09-09 19:48:04,555 : INFO : ConfigProcessor : Loading config from cache: C:\Users\Brendan\AppData\Local\Temp\17652c03725ec0d5dc66b35abdc504c5.mpf_cache
2022-09-09 19:48:04,556 : INFO : ConfigProcessor : Loading config from cache: C:\Users\Brendan\AppData\Local\Temp\f6549f0a1a12987384ccc86b9df17004.mpf_cache
2022-09-09 19:48:04,556 : INFO : ConfigProcessor : Loading config from cache: C:\Users\Brendan\AppData\Local\Temp\d416d6f9f35dec068a811f18f969a8db.mpf_cache
2022-09-09 19:48:04,558 : INFO : ConfigProcessor : Loading config from cache: C:\Users\Brendan\AppData\Local\Temp\2cbb22f93ff96ef242a9a2d7465f7b14.mpf_cache
2022-09-09 19:48:04,558 : INFO : ConfigProcessor : Loading config from cache: C:\Users\Brendan\AppData\Local\Temp\5b43fbcb021f3ce97d73fdb8a470eae4.mpf_cache
2022-09-09 19:48:04,559 : INFO : ConfigProcessor : Loading config from cache: C:\Users\Brendan\AppData\Local\Temp\6d994d077edad00fe01353c1bfbf6638.mpf_cache
2022-09-09 19:48:04,560 : INFO : ConfigProcessor : Loading config from cache: C:\Users\Brendan\AppData\Local\Temp\df6e37541f81fc1a6e02dbcf98e0d10b.mpf_cache
2022-09-09 19:48:04,560 : INFO : ConfigProcessor : Loading config from cache: C:\Users\Brendan\AppData\Local\Temp\c5e911b563ca93c8e10ce7743f92e657.mpf_cache
2022-09-09 19:48:04,561 : INFO : ConfigProcessor : Loading config from cache: C:\Users\Brendan\AppData\Local\Temp\8009c184ad4c71f93407ddc3ac0f69d2.mpf_cache
2022-09-09 19:48:04,562 : INFO : ConfigProcessor : Loading config from cache: C:\Users\Brendan\AppData\Local\Temp\99ecafb2993dab1e69369c4f69529b6f.mpf_cache
2022-09-09 19:48:04,562 : INFO : ConfigProcessor : Loading config from cache: C:\Users\Brendan\AppData\Local\Temp\57f2f8973b8bd58edd1d215976151c60.mpf_cache
2022-09-09 19:48:04,563 : INFO : ConfigProcessor : Loading config from cache: C:\Users\Brendan\AppData\Local\Temp\19f702536b27ff66106645e85afb027e.mpf_cache
2022-09-09 19:48:04,564 : INFO : ConfigProcessor : Loading config from cache: C:\Users\Brendan\AppData\Local\Temp\c17101e4486856bd6430e66412997ee7.mpf_cache
2022-09-09 19:48:04,565 : INFO : ConfigProcessor : Loading config from cache: C:\Users\Brendan\AppData\Local\Temp\c5b3b18e965344eb40bdf988f6d052aa.mpf_cache
2022-09-09 19:48:04,566 : INFO : Machine : Mission Pinball Framework Core Engine v0.55.0
2022-09-09 19:48:04,566 : INFO : Machine : Command line arguments: {'no_load_cache': False, 'create_config_cache': True, 'bcp': True, 'configfile': ['config.yaml'], 'force_assets_load': False, 'jsonlogging': False, 'logfile': 'logs\\2022-09-09-19-48-03-mpf-Pinball-PC.log', 'pause': False, 'production': False, 'text_ui': True, 'loglevel': 15, 'consoleloglevel': 20, 'force_platform': None, 'syslog_address': None, 'mc_file_name': None, 'no_sound': False}
2022-09-09 19:48:04,567 : INFO : Machine : MPF path: c:\users\brendan\appdata\local\programs\python\python37\lib\site-packages\mpf
2022-09-09 19:48:04,567 : INFO : Machine : Machine path: C:\Baby_pacman_code\machine
2022-09-09 19:48:04,567 : INFO : Machine : Platform: win32
2022-09-09 19:48:04,567 : INFO : Machine : Python executable location: c:\users\brendan\appdata\local\programs\python\python37\python.exe
2022-09-09 19:48:04,567 : INFO : Machine : Python version: 3.7.8 (64-bit)
2022-09-09 19:48:04,569 : INFO : Machine : Initialise MPF.
2022-09-09 19:48:04,719 : INFO : FAST : Connecting to com7 at 921600bps
2022-09-09 19:48:04,752 : INFO : FAST : Connected! Processor: NET, Board Type: FP-CPU-002-2, Firmware: 01.05
2022-09-09 19:48:04,752 : INFO : EventManager : Event: ======'machine_var_fast_net_firmware'====== Args={'value': '01.05', 'prev_value': None, 'change': True}
2022-09-09 19:48:04,752 : INFO : EventManager : Event: ======'machine_var_fast_net_model'====== Args={'value': 'FP-CPU-002-2', 'prev_value': None, 'change': True}
2022-09-09 19:48:07,112 : WARNING : FAST : Got unexpected message from FAST: -N:05
2022-09-09 19:48:07,112 : WARNING : FAST : Got unexpected message from FAST: -N:0B
2022-09-09 19:48:07,112 : WARNING : FAST : Got unexpected message from FAST: -N:0C
2022-09-09 19:48:07,151 : INFO : FAST : Connecting to com8 at 921600bps
2022-09-09 19:48:07,201 : INFO : FAST : Connected! Processor: RGB, Board Type: FP-CPU-002-2, Firmware: 01.00
2022-09-09 19:48:07,201 : INFO : EventManager : Event: ======'machine_var_fast_rgb_firmware'====== Args={'value': '01.00', 'prev_value': None, 'change': True}
2022-09-09 19:48:07,201 : INFO : EventManager : Event: ======'machine_var_fast_rgb_model'====== Args={'value': 'FP-CPU-002-2', 'prev_value': None, 'change': True}
2022-09-09 19:48:07,202 : INFO : EventManager : Event: ======'machine_var_credits_string'====== Args={'value': 'FREE PLAY', 'prev_value': None, 'change': True}
2022-09-09 19:48:07,278 : INFO : EventManager : Event: ======'machine_var_master_volume'====== Args={'value': 0.5, 'prev_value': None, 'change': True}
2022-09-09 19:48:07,279 : INFO : EventManager : Event: ======'machine_var_player1_score'====== Args={'value': 4818010, 'prev_value': None, 'change': True}
2022-09-09 19:48:07,279 : INFO : EventManager : Event: ======'machine_var_mpf_version'====== Args={'value': 'MPF v0.55.0', 'prev_value': None, 'change': True}
2022-09-09 19:48:07,279 : INFO : EventManager : Event: ======'machine_var_mpf_extended_version'====== Args={'value': 'MPF v0.55.0, Config version:5, Show version: 5, BCP version:1.1', 'prev_value': None, 'change': True}
2022-09-09 19:48:07,279 : INFO : EventManager : Event: ======'machine_var_python_version'====== Args={'value': '3.7.8', 'prev_value': None, 'change': True}
2022-09-09 19:48:07,280 : INFO : EventManager : Event: ======'machine_var_platform'====== Args={'value': 'Windows-7-6.1.7601-SP1', 'prev_value': None, 'change': True}
2022-09-09 19:48:07,280 : INFO : EventManager : Event: ======'machine_var_platform_system'====== Args={'value': 'Windows', 'prev_value': None, 'change': True}
2022-09-09 19:48:07,280 : INFO : EventManager : Event: ======'machine_var_platform_release'====== Args={'value': '7', 'prev_value': None, 'change': True}
2022-09-09 19:48:07,280 : INFO : EventManager : Event: ======'machine_var_platform_version'====== Args={'value': '6.1.7601', 'prev_value': None, 'change': True}
2022-09-09 19:48:07,280 : INFO : EventManager : Event: ======'machine_var_platform_machine'====== Args={'value': 'AMD64', 'prev_value': None, 'change': True}
2022-09-09 19:48:07,280 : INFO : EventManager : Event: ======'init_phase_1'====== Args={}
2022-09-09 19:48:07,358 : INFO : EventManager : Event: ======'drop_target_bank_main_up'====== Args={}
2022-09-09 19:48:07,364 : INFO : EventManager : Event: ======'init_phase_2'====== Args={}
2022-09-09 19:48:07,365 : INFO : SwitchController : Found active switch: (('05', 1), <Platform.FAST>) <switch.s_right_spinner>
2022-09-09 19:48:07,365 : INFO : SwitchController : Found active switch: (('0B', 1), <Platform.FAST>) <switch.s_drop_target2>
2022-09-09 19:48:07,365 : INFO : SwitchController : Found active switch: (('0C', 1), <Platform.FAST>) <switch.s_drop_target1>
2022-09-09 19:48:07,406 : INFO : EventManager : Event: ======'bcp_connection_attempt'====== Args={'name': 'local_display', 'host': 'localhost', 'port': 5050}
2022-09-09 19:48:07,408 : INFO : BCPClientSocket : Connecting BCP to 'local_display' at localhost:5050...
2022-09-09 19:48:08,408 : WARNING : FAST : Port com7 was blocked for more than 1s. Reseting send queue! If this happens frequently report a bug!
2022-09-09 19:48:09,406 : WARNING : FAST : Port com7 was blocked for more than 1s. Reseting send queue! If this happens frequently report a bug!
2022-09-09 19:48:10,501 : INFO : BCPClientSocket : Connected BCP to 'local_display' localhost:5050
2022-09-09 19:48:10,503 : INFO : EventManager : Event: ======'bcp_clients_connected'====== Args={}
2022-09-09 19:48:10,516 : INFO : ball_device.bd_drain : BCH: Initial count: 0
2022-09-09 19:48:10,517 : INFO : EventManager : Event: ======'machine_var_mc_version'====== Args={'value': 'MPF-MC v0.55.0', 'prev_value': None, 'change': True}
2022-09-09 19:48:10,518 : INFO : EventManager : Event: ======'machine_var_mc_extended_version'====== Args={'value': 'MPF-MC v0.55.0 (config_version=5, BCP v1.1, Requires MPF v0.55.0-dev.49)', 'prev_value': None, 'change': True}
2022-09-09 19:48:10,522 : INFO : ball_device.bd_drain : State: idle
2022-09-09 19:48:10,553 : INFO : ball_device.bd_left_kicker : BCH: Initial count: 0
2022-09-09 19:48:10,554 : INFO : ball_device.bd_left_kicker : State: idle
2022-09-09 19:48:10,555 : INFO : ball_device.bd_right_kicker : BCH: Initial count: 0
2022-09-09 19:48:10,555 : INFO : ball_device.bd_right_kicker : State: idle
2022-09-09 19:48:10,621 : INFO : EventManager : Event: ======'init_phase_3'====== Args={}
2022-09-09 19:48:11,054 : INFO : EventManager : Event: ======'init_phase_4'====== Args={}
2022-09-09 19:48:11,058 : INFO : EventManager : Event: ======'playfield_active'====== Args={}
2022-09-09 19:48:11,059 : INFO : EventManager : Event: ======'unexpected_ball_on_playfield'====== Args={}
2022-09-09 19:48:11,059 : INFO : EventManager : Event: ======'drop_target_far_left_down'====== Args={'device': <drop_target.far_left>}
2022-09-09 19:48:11,059 : INFO : EventManager : Event: ======'drop_target_bank_main_mixed'====== Args={'prev_value': <DropTargetBankState.UP: 'up'>, 'down': 1}
2022-09-09 19:48:11,059 : INFO : EventManager : Event: ======'playfield_active'====== Args={}
2022-09-09 19:48:11,059 : INFO : EventManager : Event: ======'unexpected_ball_on_playfield'====== Args={}
2022-09-09 19:48:11,059 : INFO : EventManager : Event: ======'drop_target_left_down'====== Args={'device': <drop_target.left>}
2022-09-09 19:48:11,059 : INFO : EventManager : Event: ======'drop_target_bank_main_mixed'====== Args={'prev_value': <DropTargetBankState.MIXED: 'mixed'>, 'down': 2}
2022-09-09 19:48:11,059 : INFO : EventManager : Event: ======'playfield_active'====== Args={}
2022-09-09 19:48:11,060 : INFO : EventManager : Event: ======'unexpected_ball_on_playfield'====== Args={}
2022-09-09 19:48:11,060 : INFO : EventManager : Event: ======'playfield_active'====== Args={}
2022-09-09 19:48:11,060 : INFO : EventManager : Event: ======'unexpected_ball_on_playfield'====== Args={}
2022-09-09 19:48:11,060 : INFO : EventManager : Event: ======'playfield_active'====== Args={}
2022-09-09 19:48:11,060 : INFO : EventManager : Event: ======'unexpected_ball_on_playfield'====== Args={}
2022-09-09 19:48:11,060 : INFO : BallController : Initial balls found: 0
2022-09-09 19:48:11,062 : INFO : EventManager : Event: ======'machine_var_audits_events_game_ended'====== Args={'value': 0, 'prev_value': None, 'change': True}
2022-09-09 19:48:11,063 : INFO : EventManager : Event: ======'machine_var_audits_events_game_started'====== Args={'value': 0, 'prev_value': None, 'change': True}
2022-09-09 19:48:11,063 : INFO : EventManager : Event: ======'machine_var_audits_player_score'====== Args={'value': {'average': 16021075.592948714, 'top': [720234070, 591554830, 507595620, 502234510, 210762830, 203435200, 198719690, 196999500, 195274570, 171491840], 'total': 624}, 'prev_value': None, 'change': True}
2022-09-09 19:48:11,064 : INFO : EventManager : Event: ======'machine_var_audits_shots_center_drop_mission1'====== Args={'value': 627, 'prev_value': None, 'change': True}
2022-09-09 19:48:11,064 : INFO : EventManager : Event: ======'machine_var_audits_shots_center_target'====== Args={'value': 409, 'prev_value': None, 'change': True}
2022-09-09 19:48:11,064 : INFO : EventManager : Event: ======'machine_var_audits_shots_drop_target1_mission2'====== Args={'value': 248, 'prev_value': None, 'change': True}
2022-09-09 19:48:11,065 : INFO : EventManager : Event: ======'machine_var_audits_shots_drop_target2_mission2'====== Args={'value': 291, 'prev_value': None, 'change': True}
2022-09-09 19:48:11,065 : INFO : EventManager : Event: ======'machine_var_audits_shots_drop_target3_mission2'====== Args={'value': 336, 'prev_value': None, 'change': True}
2022-09-09 19:48:11,065 : INFO : EventManager : Event: ======'machine_var_audits_shots_drop_target4_mission2'====== Args={'value': 304, 'prev_value': None, 'change': True}
2022-09-09 19:48:11,066 : INFO : EventManager : Event: ======'machine_var_audits_shots_drop_target5_mission2'====== Args={'value': 261, 'prev_value': None, 'change': True}
2022-09-09 19:48:11,066 : INFO : EventManager : Event: ======'machine_var_audits_shots_drop_targets_mission3'====== Args={'value': 1703, 'prev_value': None, 'change': True}
2022-09-09 19:48:11,066 : INFO : EventManager : Event: ======'machine_var_audits_shots_galaxy_advance'====== Args={'value': 3146, 'prev_value': None, 'change': True}
2022-09-09 19:48:11,067 : INFO : EventManager : Event: ======'machine_var_audits_shots_l_lane'====== Args={'value': 709, 'prev_value': None, 'change': True}
2022-09-09 19:48:11,067 : INFO : EventManager : Event: ======'machine_var_audits_shots_left_kicker_mission2'====== Args={'value': 174, 'prev_value': None, 'change': True}
2022-09-09 19:48:11,068 : INFO : EventManager : Event: ======'machine_var_audits_shots_left_kicker_mission4'====== Args={'value': 131, 'prev_value': None, 'change': True}
2022-09-09 19:48:11,068 : INFO : EventManager : Event: ======'machine_var_audits_shots_left_loop_mission1'====== Args={'value': 707, 'prev_value': None, 'change': True}
2022-09-09 19:48:11,068 : INFO : EventManager : Event: ======'machine_var_audits_shots_left_loop_mission2'====== Args={'value': 292, 'prev_value': None, 'change': True}
2022-09-09 19:48:11,069 : INFO : EventManager : Event: ======'machine_var_audits_shots_left_loop_mission4'====== Args={'value': 424, 'prev_value': None, 'change': True}
2022-09-09 19:48:11,069 : INFO : EventManager : Event: ======'machine_var_audits_shots_portal_advance'====== Args={'value': 5222, 'prev_value': None, 'change': True}
2022-09-09 19:48:11,069 : INFO : EventManager : Event: ======'machine_var_audits_shots_r_lane'====== Args={'value': 617, 'prev_value': None, 'change': True}
2022-09-09 19:48:11,070 : INFO : EventManager : Event: ======'machine_var_audits_shots_right_kicker_mission2'====== Args={'value': 147, 'prev_value': None, 'change': True}
2022-09-09 19:48:11,070 : INFO : EventManager : Event: ======'machine_var_audits_shots_right_kicker_mission4'====== Args={'value': 150, 'prev_value': None, 'change': True}
2022-09-09 19:48:11,071 : INFO : EventManager : Event: ======'machine_var_audits_shots_right_loop_mission1'====== Args={'value': 811, 'prev_value': None, 'change': True}
2022-09-09 19:48:11,071 : INFO : EventManager : Event: ======'machine_var_audits_shots_right_loop_mission2'====== Args={'value': 345, 'prev_value': None, 'change': True}
2022-09-09 19:48:11,071 : INFO : EventManager : Event: ======'machine_var_audits_shots_right_loop_mission4'====== Args={'value': 476, 'prev_value': None, 'change': True}
2022-09-09 19:48:11,072 : INFO : EventManager : Event: ======'machine_var_audits_shots_warp_advance'====== Args={'value': 1173, 'prev_value': None, 'change': True}
2022-09-09 19:48:11,072 : INFO : EventManager : Event: ======'machine_var_audits_switches_s_action_button'====== Args={'value': 4363, 'prev_value': None, 'change': True}
2022-09-09 19:48:11,073 : INFO : EventManager : Event: ======'machine_var_audits_switches_s_drain'====== Args={'value': 2981, 'prev_value': None, 'change': True}
2022-09-09 19:48:11,073 : INFO : EventManager : Event: ======'machine_var_audits_switches_s_drop_target1'====== Args={'value': 2093, 'prev_value': None, 'change': True}
2022-09-09 19:48:11,074 : INFO : EventManager : Event: ======'machine_var_audits_switches_s_drop_target2'====== Args={'value': 2412, 'prev_value': None, 'change': True}
2022-09-09 19:48:11,074 : INFO : EventManager : Event: ======'machine_var_audits_switches_s_drop_target3'====== Args={'value': 2854, 'prev_value': None, 'change': True}
2022-09-09 19:48:11,074 : INFO : EventManager : Event: ======'machine_var_audits_switches_s_drop_target4'====== Args={'value': 2295, 'prev_value': None, 'change': True}
2022-09-09 19:48:11,075 : INFO : EventManager : Event: ======'machine_var_audits_switches_s_drop_target5'====== Args={'value': 2175, 'prev_value': None, 'change': True}
2022-09-09 19:48:11,075 : INFO : EventManager : Event: ======'machine_var_audits_switches_s_left_captive_ball'====== Args={'value': 534, 'prev_value': None, 'change': True}
2022-09-09 19:48:11,076 : INFO : EventManager : Event: ======'machine_var_audits_switches_s_left_flipper'====== Args={'value': 39272, 'prev_value': None, 'change': True}
2022-09-09 19:48:11,076 : INFO : EventManager : Event: ======'machine_var_audits_switches_s_left_inlane'====== Args={'value': 709, 'prev_value': None, 'change': True}
2022-09-09 19:48:11,077 : INFO : EventManager : Event: ======'machine_var_audits_switches_s_left_inlane_far'====== Args={'value': 5152, 'prev_value': None, 'change': True}
2022-09-09 19:48:11,077 : INFO : EventManager : Event: ======'machine_var_audits_switches_s_left_kicker'====== Args={'value': 1706, 'prev_value': None, 'change': True}
2022-09-09 19:48:11,078 : INFO : EventManager : Event: ======'machine_var_audits_switches_s_left_sling'====== Args={'value': 7666, 'prev_value': None, 'change': True}
2022-09-09 19:48:11,078 : INFO : EventManager : Event: ======'machine_var_audits_switches_s_left_spinner'====== Args={'value': 24877, 'prev_value': None, 'change': True}
2022-09-09 19:48:11,078 : INFO : EventManager : Event: ======'machine_var_audits_switches_s_right_captive_ball'====== Args={'value': 553, 'prev_value': None, 'change': True}
2022-09-09 19:48:11,079 : INFO : EventManager : Event: ======'machine_var_audits_switches_s_right_flipper'====== Args={'value': 35798, 'prev_value': None, 'change': True}
2022-09-09 19:48:11,079 : INFO : EventManager : Event: ======'machine_var_audits_switches_s_right_inlane'====== Args={'value': 617, 'prev_value': None, 'change': True}
2022-09-09 19:48:11,080 : INFO : EventManager : Event: ======'machine_var_audits_switches_s_right_inlane_far'====== Args={'value': 7065, 'prev_value': None, 'change': True}
2022-09-09 19:48:11,081 : INFO : EventManager : Event: ======'machine_var_audits_switches_s_right_kicker'====== Args={'value': 1877, 'prev_value': None, 'change': True}
2022-09-09 19:48:11,081 : INFO : EventManager : Event: ======'machine_var_audits_switches_s_right_sling'====== Args={'value': 14606, 'prev_value': None, 'change': True}
2022-09-09 19:48:11,082 : INFO : EventManager : Event: ======'machine_var_audits_switches_s_right_spinner'====== Args={'value': 18856, 'prev_value': None, 'change': True}
2022-09-09 19:48:11,082 : INFO : EventManager : Event: ======'machine_var_audits_switches_s_start'====== Args={'value': 417, 'prev_value': None, 'change': True}
2022-09-09 19:48:11,083 : INFO : EventManager : Event: ======'init_phase_5'====== Args={}
2022-09-09 19:48:11,089 : INFO : EventManager : Event: ======'init_done'====== Args={}
2022-09-09 19:48:11,089 : WARNING : FAST : Port NET received more messages than were sent! Resetting!
2022-09-09 19:48:11,089 : WARNING : FAST : Port NET received more messages than were sent! Resetting!
2022-09-09 19:48:11,089 : WARNING : FAST : Port NET received more messages than were sent! Resetting!
2022-09-09 19:48:11,089 : WARNING : FAST : Port NET received more messages than were sent! Resetting!
2022-09-09 19:48:11,090 : WARNING : FAST : Port NET received more messages than were sent! Resetting!
2022-09-09 19:48:11,090 : WARNING : FAST : Port NET received more messages than were sent! Resetting!
2022-09-09 19:48:11,090 : WARNING : FAST : Port NET received more messages than were sent! Resetting!
2022-09-09 19:48:11,090 : WARNING : FAST : Port NET received more messages than were sent! Resetting!
2022-09-09 19:48:11,090 : WARNING : FAST : Port NET received more messages than were sent! Resetting!
2022-09-09 19:48:11,090 : WARNING : FAST : Port NET received more messages than were sent! Resetting!
2022-09-09 19:48:11,090 : WARNING : FAST : Port NET received more messages than were sent! Resetting!
2022-09-09 19:48:11,090 : WARNING : FAST : Port NET received more messages than were sent! Resetting!
2022-09-09 19:48:11,090 : WARNING : FAST : Port NET received more messages than were sent! Resetting!
2022-09-09 19:48:11,090 : WARNING : FAST : Port NET received more messages than were sent! Resetting!
2022-09-09 19:48:11,090 : WARNING : FAST : Port NET received more messages than were sent! Resetting!
2022-09-09 19:48:11,090 : WARNING : FAST : Port NET received more messages than were sent! Resetting!
2022-09-09 19:48:11,090 : WARNING : FAST : Port NET received more messages than were sent! Resetting!
2022-09-09 19:48:11,090 : WARNING : FAST : Port NET received more messages than were sent! Resetting!
2022-09-09 19:48:11,091 : WARNING : FAST : Port NET received more messages than were sent! Resetting!
2022-09-09 19:48:11,091 : WARNING : FAST : Port NET received more messages than were sent! Resetting!
2022-09-09 19:48:11,091 : WARNING : FAST : Port NET received more messages than were sent! Resetting!
2022-09-09 19:48:11,091 : WARNING : FAST : Port NET received more messages than were sent! Resetting!
2022-09-09 19:48:11,091 : INFO : EventManager : Event: ======'machine_reset_phase_1'====== Args={}
2022-09-09 19:48:11,102 : INFO : EventManager : Event: ======'machine_reset_phase_2'====== Args={}
2022-09-09 19:48:11,103 : INFO : EventManager : Event: ======'machine_reset_phase_3'====== Args={}
2022-09-09 19:48:11,103 : INFO : EventManager : Event: ======'reset_complete'====== Args={}
2022-09-09 19:48:11,104 : INFO : EventManager : Event: ======'mode_attract_will_start'====== Args={}
2022-09-09 19:48:11,104 : INFO : EventManager : Event: ======'mode_attract_starting'====== Args={}
2022-09-09 19:48:11,104 : INFO : Mode.attract : Started. Priority: 10
2022-09-09 19:48:11,105 : INFO : EventManager : Event: ======'modes_active_modes_changed'====== Args={}
2022-09-09 19:48:11,105 : INFO : EventManager : Event: ======'mode_attract_started'====== Args={}
2022-09-09 19:48:11,107 : INFO : EventManager : Event: ======'collecting_balls_complete'====== Args={}
2022-09-09 19:48:11,127 : INFO : EventManager : Event: ======'slide_show_3.slide_player-0_created'====== Args={'_from_bcp': True}
2022-09-09 19:48:11,127 : INFO : EventManager : Event: ======'slide_show_3.slide_player-0_active'====== Args={'_from_bcp': True}
2022-09-09 19:48:11,128 : INFO : Machine : Starting the main run loop.
2022-09-09 19:48:14,124 : INFO : EventManager : Event: ======'slide_last_game_score_slide_created'====== Args={'_from_bcp': True}
2022-09-09 19:48:14,133 : INFO : EventManager : Event: ======'slide_last_game_score_slide_active'====== Args={'_from_bcp': True}
2022-09-09 19:48:17,124 : INFO : EventManager : Event: ======'slide_press_start_created'====== Args={'_from_bcp': True}
2022-09-09 19:48:17,132 : INFO : EventManager : Event: ======'slide_press_start_active'====== Args={'_from_bcp': True}
2022-09-09 19:48:17,199 : INFO : SwitchController : <<<<<<< 's_left_spinner' active >>>>>>>
2022-09-09 19:48:20,114 : INFO : EventManager : Event: ======'slide_mission_pinball_created'====== Args={'_from_bcp': True}
2022-09-09 19:48:20,116 : INFO : EventManager : Event: ======'slide_mission_pinball_active'====== Args={'_from_bcp': True}
2022-09-09 19:48:23,116 : INFO : EventManager : Event: ======'slide_edensaw_slide_created'====== Args={'_from_bcp': True}
2022-09-09 19:48:23,121 : INFO : EventManager : Event: ======'slide_edensaw_slide_active'====== Args={'_from_bcp': True}
2022-09-09 19:48:26,116 : INFO : EventManager : Event: ======'slide_glass_slide_created'====== Args={'_from_bcp': True}
2022-09-09 19:48:26,117 : INFO : EventManager : Event: ======'slide_glass_slide_active'====== Args={'_from_bcp': True}
2022-09-09 19:48:29,111 : INFO : EventManager : Event: ======'slide_glass_slide_removed'====== Args={'_from_bcp': True}
2022-09-09 19:48:29,114 : INFO : EventManager : Event: ======'slide_glass_slide_created'====== Args={'_from_bcp': True}
2022-09-09 19:48:29,115 : INFO : EventManager : Event: ======'slide_glass_slide_active'====== Args={'_from_bcp': True}
2022-09-09 19:48:32,118 : INFO : EventManager : Event: ======'slide_fast_slide_created'====== Args={'_from_bcp': True}
2022-09-09 19:48:32,120 : INFO : EventManager : Event: ======'slide_fast_slide_active'====== Args={'_from_bcp': True}
2022-09-09 19:48:47,106 : INFO : EventManager : Event: ======'slide_show_3.slide_player-0_removed'====== Args={'_from_bcp': True}
2022-09-09 19:48:47,108 : INFO : EventManager : Event: ======'slide_show_3.slide_player-0_created'====== Args={'_from_bcp': True}
2022-09-09 19:48:47,111 : INFO : EventManager : Event: ======'slide_show_3.slide_player-0_active'====== Args={'_from_bcp': True}
2022-09-09 19:48:50,103 : INFO : EventManager : Event: ======'slide_last_game_score_slide_removed'====== Args={'_from_bcp': True}
2022-09-09 19:48:50,111 : INFO : EventManager : Event: ======'slide_last_game_score_slide_created'====== Args={'_from_bcp': True}
2022-09-09 19:48:50,121 : INFO : EventManager : Event: ======'slide_last_game_score_slide_active'====== Args={'_from_bcp': True}
2022-09-09 19:48:53,108 : INFO : EventManager : Event: ======'slide_press_start_removed'====== Args={'_from_bcp': True}
2022-09-09 19:48:53,118 : INFO : EventManager : Event: ======'slide_press_start_created'====== Args={'_from_bcp': True}
2022-09-09 19:48:53,125 : INFO : EventManager : Event: ======'slide_press_start_active'====== Args={'_from_bcp': True}
2022-09-09 19:48:56,117 : INFO : EventManager : Event: ======'slide_mission_pinball_removed'====== Args={'_from_bcp': True}
2022-09-09 19:48:56,118 : INFO : EventManager : Event: ======'slide_mission_pinball_created'====== Args={'_from_bcp': True}
2022-09-09 19:48:56,120 : INFO : EventManager : Event: ======'slide_mission_pinball_active'====== Args={'_from_bcp': True}
2022-09-09 19:48:59,110 : INFO : EventManager : Event: ======'slide_edensaw_slide_removed'====== Args={'_from_bcp': True}
2022-09-09 19:48:59,111 : INFO : EventManager : Event: ======'slide_edensaw_slide_created'====== Args={'_from_bcp': True}
2022-09-09 19:48:59,111 : INFO : EventManager : Event: ======'slide_edensaw_slide_active'====== Args={'_from_bcp': True}
2022-09-09 19:49:02,108 : INFO : EventManager : Event: ======'slide_glass_slide_removed'====== Args={'_from_bcp': True}
2022-09-09 19:49:02,111 : INFO : EventManager : Event: ======'slide_glass_slide_created'====== Args={'_from_bcp': True}
2022-09-09 19:49:02,113 : INFO : EventManager : Event: ======'slide_glass_slide_active'====== Args={'_from_bcp': True}
2022-09-09 19:49:05,108 : INFO : EventManager : Event: ======'slide_glass_slide_removed'====== Args={'_from_bcp': True}
2022-09-09 19:49:05,109 : INFO : EventManager : Event: ======'slide_glass_slide_created'====== Args={'_from_bcp': True}
2022-09-09 19:49:05,110 : INFO : EventManager : Event: ======'slide_glass_slide_active'====== Args={'_from_bcp': True}
2022-09-09 19:49:08,105 : INFO : EventManager : Event: ======'slide_fast_slide_removed'====== Args={'_from_bcp': True}
2022-09-09 19:49:08,111 : INFO : EventManager : Event: ======'slide_fast_slide_created'====== Args={'_from_bcp': True}
2022-09-09 19:49:08,139 : INFO : EventManager : Event: ======'slide_fast_slide_active'====== Args={'_from_bcp': True}
2022-09-09 19:49:14,763 : INFO : SwitchController : <<<<<<< 's_left_spinner' inactive >>>>>>>
2022-09-09 19:49:18,666 : INFO : SwitchController : <<<<<<< 's_left_spinner' active >>>>>>>
2022-09-09 19:49:23,110 : INFO : EventManager : Event: ======'slide_show_3.slide_player-0_removed'====== Args={'_from_bcp': True}
2022-09-09 19:49:23,114 : INFO : EventManager : Event: ======'slide_show_3.slide_player-0_created'====== Args={'_from_bcp': True}
2022-09-09 19:49:23,116 : INFO : EventManager : Event: ======'slide_show_3.slide_player-0_active'====== Args={'_from_bcp': True}
2022-09-09 19:49:26,102 : INFO : EventManager : Event: ======'slide_last_game_score_slide_removed'====== Args={'_from_bcp': True}
2022-09-09 19:49:26,116 : INFO : EventManager : Event: ======'slide_last_game_score_slide_created'====== Args={'_from_bcp': True}
2022-09-09 19:49:26,125 : INFO : EventManager : Event: ======'slide_last_game_score_slide_active'====== Args={'_from_bcp': True}
2022-09-09 19:49:29,099 : INFO : EventManager : Event: ======'slide_press_start_removed'====== Args={'_from_bcp': True}
2022-09-09 19:49:29,107 : INFO : EventManager : Event: ======'slide_press_start_created'====== Args={'_from_bcp': True}
2022-09-09 19:49:29,113 : INFO : EventManager : Event: ======'slide_press_start_active'====== Args={'_from_bcp': True}
2022-09-09 19:49:32,107 : INFO : EventManager : Event: ======'slide_mission_pinball_removed'====== Args={'_from_bcp': True}
2022-09-09 19:49:32,111 : INFO : EventManager : Event: ======'slide_mission_pinball_created'====== Args={'_from_bcp': True}
2022-09-09 19:49:32,113 : INFO : EventManager : Event: ======'slide_mission_pinball_active'====== Args={'_from_bcp': True}
2022-09-09 19:49:35,108 : INFO : EventManager : Event: ======'slide_edensaw_slide_removed'====== Args={'_from_bcp': True}
2022-09-09 19:49:35,110 : INFO : EventManager : Event: ======'slide_edensaw_slide_created'====== Args={'_from_bcp': True}
2022-09-09 19:49:35,111 : INFO : EventManager : Event: ======'slide_edensaw_slide_active'====== Args={'_from_bcp': True}
2022-09-09 19:49:38,107 : INFO : EventManager : Event: ======'slide_glass_slide_removed'====== Args={'_from_bcp': True}
2022-09-09 19:49:38,108 : INFO : EventManager : Event: ======'slide_glass_slide_created'====== Args={'_from_bcp': True}
2022-09-09 19:49:38,109 : INFO : EventManager : Event: ======'slide_glass_slide_active'====== Args={'_from_bcp': True}
2022-09-09 19:49:41,112 : INFO : EventManager : Event: ======'slide_glass_slide_removed'====== Args={'_from_bcp': True}
2022-09-09 19:49:41,121 : INFO : EventManager : Event: ======'slide_glass_slide_created'====== Args={'_from_bcp': True}
2022-09-09 19:49:41,121 : INFO : EventManager : Event: ======'slide_glass_slide_active'====== Args={'_from_bcp': True}
2022-09-09 19:49:43,880 : INFO : SwitchController : <<<<<<< 's_left_spinner' inactive >>>>>>>
2022-09-09 19:49:44,108 : INFO : EventManager : Event: ======'slide_fast_slide_removed'====== Args={'_from_bcp': True}
2022-09-09 19:49:44,113 : INFO : EventManager : Event: ======'slide_fast_slide_created'====== Args={'_from_bcp': True}
2022-09-09 19:49:44,138 : INFO : EventManager : Event: ======'slide_fast_slide_active'====== Args={'_from_bcp': True}
2022-09-09 19:49:48,638 : INFO : Machine : Shutting down...
2022-09-09 19:49:48,638 : INFO : EventManager : Event: ======'shutdown'====== Args={}
2022-09-09 19:49:48,668 : WARNING : FAST : Port RGB received more messages than were sent! Resetting!
2022-09-09 19:49:48,668 : WARNING : FAST : Received unknown serial command? BX:P from RGB.
2022-09-09 19:49:48,668 : WARNING : FAST : Port NET received more messages than were sent! Resetting!
2022-09-09 19:49:48,738 : ERROR : FAST : Stop called on serial connection com7
2022-09-09 19:49:48,738 : ERROR : FAST : Stop called on serial connection com8
2022-09-09 19:49:48,947 : INFO : root : MPF run loop ended.
