2022-08-21 18:36:25,530 : kivy : Factory: 186 symbols loaded
2022-08-21 18:36:25,686 : kivy : ImageLoaderFFPy: Using ffpyplayer 4.3.2
2022-08-21 18:36:25,686 : kivy : Image: Providers: img_tex, img_dds, img_sdl2, img_pil, img_ffpyplayer 
2022-08-21 18:36:25,718 : kivy : VideoGstplayer: Using Gstreamer 1.18.0.0
2022-08-21 18:36:25,719 : kivy : Video: Provider: gstplayer
2022-08-21 18:36:25,875 : kivy : Loading MPF-MC controller
2022-08-21 18:36:26,396 : ConfigProcessor : Config spec file cache created: C:\Users\Brendan\AppData\Local\Temp\config_spec.mpf_cache
2022-08-21 18:36:26,397 : YamlMultifileConfigLoader : Machine config file #1: config
2022-08-21 18:36:26,397 : ConfigProcessor : Config file in cache changed: C:\Baby_pacman_code\machine\config\config
2022-08-21 18:36:26,397 : ConfigProcessor : Loading config from file c:\users\brendan\appdata\local\programs\python\python37\lib\site-packages\mpfmc\mcconfig.yaml.
2022-08-21 18:36:26,448 : ConfigProcessor : Loading config: c:\users\brendan\appdata\local\programs\python\python37\lib\site-packages\mpfmc\mcconfig.yaml
2022-08-21 18:36:26,449 : ConfigProcessor : Loading config from file C:\Baby_pacman_code\machine\config\config.
2022-08-21 18:36:26,576 : ConfigProcessor : Loading config: C:\Baby_pacman_code\machine\config\config
2022-08-21 18:36:26,579 : ConfigProcessor : Config file cache created: C:\Users\Brendan\AppData\Local\Temp\e68bda1e95a8aa0185725ca2569cabab.mpf_cache
2022-08-21 18:36:26,579 : ConfigProcessor : Loading config from cache: C:\Users\Brendan\AppData\Local\Temp\467e7647689d29fad6adf949e1f4d51d.mpf_cache
2022-08-21 18:36:26,580 : ConfigProcessor : Loading config from cache: C:\Users\Brendan\AppData\Local\Temp\5550e037aa776b42b91b29b40b356c70.mpf_cache
2022-08-21 18:36:26,580 : ConfigProcessor : Loading config from cache: C:\Users\Brendan\AppData\Local\Temp\15e0c601392b30c3d9ba3ead8131edb5.mpf_cache
2022-08-21 18:36:26,581 : ConfigProcessor : Loading config from cache: C:\Users\Brendan\AppData\Local\Temp\0bf50917c4ef15ab65ee13d6c14e7d7c.mpf_cache
2022-08-21 18:36:26,582 : ConfigProcessor : Loading config from cache: C:\Users\Brendan\AppData\Local\Temp\bc7da7b13b2754e080c2afa0678ac274.mpf_cache
2022-08-21 18:36:26,582 : ConfigProcessor : Loading config from cache: C:\Users\Brendan\AppData\Local\Temp\bbd59d0bb6602ee0c5a89d6f85e6dd42.mpf_cache
2022-08-21 18:36:26,583 : ConfigProcessor : Loading config from cache: C:\Users\Brendan\AppData\Local\Temp\5526c78976fee311c3d05505d75f653d.mpf_cache
2022-08-21 18:36:26,583 : ConfigProcessor : Loading config from cache: C:\Users\Brendan\AppData\Local\Temp\6e95138ae5415fc76b53ebf8fa245fb5.mpf_cache
2022-08-21 18:36:26,584 : ConfigProcessor : Loading config from cache: C:\Users\Brendan\AppData\Local\Temp\1ec1c4dffb383758956493783a9ed391.mpf_cache
2022-08-21 18:36:26,585 : ConfigProcessor : Loading config from cache: C:\Users\Brendan\AppData\Local\Temp\f2aee92728c8017b77c710c804dd7f5a.mpf_cache
2022-08-21 18:36:26,585 : ConfigProcessor : Loading config from cache: C:\Users\Brendan\AppData\Local\Temp\88f57fa1305e9dc100972ec9f84d57fe.mpf_cache
2022-08-21 18:36:26,586 : ConfigProcessor : Loading config from cache: C:\Users\Brendan\AppData\Local\Temp\6e00a9d794d4c3f43a0fc48da04dac60.mpf_cache
2022-08-21 18:36:26,587 : ConfigProcessor : Loading config from cache: C:\Users\Brendan\AppData\Local\Temp\05ef98219fc733c3bcab58726c4b37ef.mpf_cache
2022-08-21 18:36:26,587 : ConfigProcessor : Loading config from cache: C:\Users\Brendan\AppData\Local\Temp\c22d657a5a7bb60632c2be2c735e073b.mpf_cache
2022-08-21 18:36:26,588 : ConfigProcessor : Loading config from cache: C:\Users\Brendan\AppData\Local\Temp\f7d4f5eb9425fe84d2e83a363afd4bdf.mpf_cache
2022-08-21 18:36:26,589 : ConfigProcessor : Loading config from cache: C:\Users\Brendan\AppData\Local\Temp\125f51d329f930ea7bff10973551cc26.mpf_cache
2022-08-21 18:36:26,589 : ConfigProcessor : Loading config from cache: C:\Users\Brendan\AppData\Local\Temp\08e18dfdf4e02cd29cc0cc52be2faaf4.mpf_cache
2022-08-21 18:36:26,590 : ConfigProcessor : Loading config from cache: C:\Users\Brendan\AppData\Local\Temp\f042f5bf6362b9e04d43b40b93a92057.mpf_cache
2022-08-21 18:36:26,590 : ConfigProcessor : Loading config from cache: C:\Users\Brendan\AppData\Local\Temp\60badac06cd62deb71f25fac24b103c2.mpf_cache
2022-08-21 18:36:26,591 : ConfigProcessor : Loading config from cache: C:\Users\Brendan\AppData\Local\Temp\a3ad1aeb679a0686901de8a6ffe784f0.mpf_cache
2022-08-21 18:36:26,591 : ConfigProcessor : Loading config from cache: C:\Users\Brendan\AppData\Local\Temp\d7856287e4ec48fb5adaa65e5f7b2848.mpf_cache
2022-08-21 18:36:26,592 : mpfmc : Mission Pinball Framework Media Controller v0.55.0
2022-08-21 18:36:26,592 : mpfmc : Mission Pinball Framework Game Engine v0.55.0
2022-08-21 18:36:26,592 : mpfmc : Machine path: C:\Baby_pacman_code\machine
2022-08-21 18:36:26,592 : mpfmc : Starting clock at 60.0Hz
2022-08-21 18:36:26,603 : kivy : Text: Provider: sdl2
2022-08-21 18:36:26,637 : kivy : Window: Provider: sdl2
2022-08-21 18:36:26,720 : kivy : GL: Using the "OpenGL" graphics system
2022-08-21 18:36:26,720 : kivy : GL: GLEW initialization succeeded
2022-08-21 18:36:26,721 : kivy : GL: Backend used <glew>
2022-08-21 18:36:26,721 : kivy : GL: OpenGL version <b'3.1.0 - Build 9.17.10.3517'>
2022-08-21 18:36:26,721 : kivy : GL: OpenGL vendor <b'Intel'>
2022-08-21 18:36:26,721 : kivy : GL: OpenGL renderer <b'Intel(R) HD Graphics 2000'>
2022-08-21 18:36:26,721 : kivy : GL: OpenGL parsed version: 3, 1
2022-08-21 18:36:26,721 : kivy : GL: Shading version <b'1.40 - Intel Build 9.17.10.3517'>
2022-08-21 18:36:26,721 : kivy : GL: Texture max size <8192>
2022-08-21 18:36:26,721 : kivy : GL: Texture max units <16>
2022-08-21 18:36:26,785 : kivy : Window: auto add sdl2 input provider
2022-08-21 18:36:26,786 : kivy : Window: virtual keyboard not allowed, single mode, not docked
2022-08-21 18:36:26,931 : AudioInterface : Initialized
2022-08-21 18:36:26,932 : AudioInterface : Loaded SDL 2.0.12
2022-08-21 18:36:26,932 : AudioInterface : Loaded SDL_Mixer 2.0.4
2022-08-21 18:36:26,932 : AudioInterface : Loaded GStreamer 1.18.0.0
2022-08-21 18:36:26,932 : AudioInterface : Loaded GLib 2.62.6
2022-08-21 18:36:26,932 : AudioInterface : Settings requested - rate: 44100, channels: 1, buffer: 2048 samples
2022-08-21 18:36:26,932 : AudioInterface : Settings in use - rate: 44100, channels: 1, buffer: 2048 samples (4096 bytes @ 2 bytes per sample)
2022-08-21 18:36:26,932 : SoundSystem : Setting master volume to 0.0
2022-08-21 18:36:26,932 : SoundSystem : master_volume in sound_system is deprecated and will be removed in the future.
2022-08-21 18:36:26,933 : AudioInterface : Enabling audio playback
2022-08-21 18:36:26,935 : kivy : Base: Start application main loop
2022-08-21 18:36:26,936 : EventManager : Event: ======'display_window_initialized'====== Args={}
2022-08-21 18:36:27,049 : mpfmc : Display: Setting 'window' as default display
2022-08-21 18:36:27,054 : mpfmc : ASPECT RATIO MISMATCH: The on-screen window is not the same aspect ratio as the display called 'window'. The logical display will be scaled from 1366x768 to the window size 1916x1054, and a black bar will make up the difference
2022-08-21 18:36:27,054 : EventManager : Event: ======'displays_initialized'====== Args={}
2022-08-21 18:36:27,056 : EventManager : Event: ======'slide_window_blank_created'====== Args={}
2022-08-21 18:36:27,056 : EventManager : Event: ======'display_window_ready'====== Args={}
2022-08-21 18:36:27,065 : EventManager : Event: ======'init_phase_1'====== Args={}
2022-08-21 18:36:27,071 : EventManager : Event: ======'mc_ready'====== Args={}
2022-08-21 18:36:27,071 : EventManager : Event: ======'init_phase_2'====== Args={}
2022-08-21 18:36:27,099 : EventManager : Event: ======'init_phase_3'====== Args={}
2022-08-21 18:36:27,106 : EventManager : Event: ======'init_phase_4'====== Args={}
2022-08-21 18:36:27,106 : EventManager : Event: ======'init_phase_5'====== Args={}
2022-08-21 18:36:27,158 : kivy : GL: NPOT texture support is available
2022-08-21 18:36:27,179 : kivy : GL: Unpack subimage support is available
2022-08-21 18:36:27,207 : EventManager : Event: ======'loading_assets'====== Args={'total': 27, 'loaded': 1, 'remaining': 26, 'percent': 4}
2022-08-21 18:36:27,207 : AssetManager : Loading assets: 1/27 (4%)
2022-08-21 18:36:28,473 : EventManager : Event: ======'loading_assets'====== Args={'total': 27, 'loaded': 2, 'remaining': 25, 'percent': 7}
2022-08-21 18:36:28,473 : AssetManager : Loading assets: 2/27 (7%)
2022-08-21 18:36:30,180 : EventManager : Event: ======'loading_assets'====== Args={'total': 27, 'loaded': 14, 'remaining': 13, 'percent': 52}
2022-08-21 18:36:30,180 : AssetManager : Loading assets: 14/27 (52%)
2022-08-21 18:36:30,968 : EventManager : Event: ======'loading_assets'====== Args={'total': 27, 'loaded': 27, 'remaining': 0, 'percent': 100}
2022-08-21 18:36:30,968 : AssetManager : Asset loading took: 4.035231113433838
2022-08-21 18:36:30,968 : EventManager : Event: ======'asset_loading_complete'====== Args={}
2022-08-21 18:36:30,969 : AssetManager : Loading assets: 27/27 (100%)
2022-08-21 18:36:30,969 : EventManager : Event: ======'init_done'====== Args={}
2022-08-21 18:36:30,969 : MPF-MC BCP Server : Starting up on localhost port 5050
2022-08-21 18:36:30,971 : MPF-MC BCP Server : Waiting for a connection...
2022-08-21 18:36:30,985 : EventManager : Event: ======'client_disconnected'====== Args={'host': '127.0.0.1', 'port': 5050}
2022-08-21 18:36:31,831 : MPF-MC BCP Server : Received connection from: 127.0.0.1:49490
2022-08-21 18:36:31,840 : EventManager : Event: ======'client_connected'====== Args={'host': '127.0.0.1', 'port': 49490}
2022-08-21 18:36:31,853 : EventManager : Event: ======'machine_var_fast_net_firmware'====== Args={'value': '01.05', 'prev_value': None, 'change': True}
2022-08-21 18:36:31,853 : EventManager : Event: ======'machine_var_fast_net_model'====== Args={'value': 'FP-CPU-002-2', 'prev_value': None, 'change': True}
2022-08-21 18:36:31,853 : EventManager : Event: ======'machine_var_fast_rgb_firmware'====== Args={'value': '01.00', 'prev_value': None, 'change': True}
2022-08-21 18:36:31,853 : EventManager : Event: ======'machine_var_fast_rgb_model'====== Args={'value': 'FP-CPU-002-2', 'prev_value': None, 'change': True}
2022-08-21 18:36:31,854 : EventManager : Event: ======'machine_var_credits_string'====== Args={'value': 'FREE PLAY', 'prev_value': None, 'change': True}
2022-08-21 18:36:31,854 : EventManager : Event: ======'machine_var_master_volume'====== Args={'value': 0.5, 'prev_value': None, 'change': True}
2022-08-21 18:36:31,854 : EventManager : Event: ======'machine_var_player1_score'====== Args={'value': 58540490, 'prev_value': None, 'change': True}
2022-08-21 18:36:31,854 : EventManager : Event: ======'machine_var_mpf_version'====== Args={'value': 'MPF v0.55.0', 'prev_value': None, 'change': True}
2022-08-21 18:36:31,854 : EventManager : Event: ======'machine_var_mpf_extended_version'====== Args={'value': 'MPF v0.55.0, Config version:5, Show version: 5, BCP version:1.1', 'prev_value': None, 'change': True}
2022-08-21 18:36:31,854 : EventManager : Event: ======'machine_var_python_version'====== Args={'value': '3.7.8', 'prev_value': None, 'change': True}
2022-08-21 18:36:31,855 : EventManager : Event: ======'machine_var_platform'====== Args={'value': 'Windows-7-6.1.7601-SP1', 'prev_value': None, 'change': True}
2022-08-21 18:36:31,855 : EventManager : Event: ======'machine_var_platform_system'====== Args={'value': 'Windows', 'prev_value': None, 'change': True}
2022-08-21 18:36:31,855 : EventManager : Event: ======'machine_var_platform_release'====== Args={'value': '7', 'prev_value': None, 'change': True}
2022-08-21 18:36:31,855 : EventManager : Event: ======'machine_var_platform_version'====== Args={'value': '6.1.7601', 'prev_value': None, 'change': True}
2022-08-21 18:36:31,855 : EventManager : Event: ======'machine_var_platform_machine'====== Args={'value': 'AMD64', 'prev_value': None, 'change': True}
2022-08-21 18:36:31,855 : EventManager : Event: ======'machine_var_mc_version'====== Args={'value': 'MPF-MC v0.55.0', 'prev_value': None, 'change': True}
2022-08-21 18:36:31,856 : EventManager : Event: ======'machine_var_mc_extended_version'====== Args={'value': 'MPF-MC v0.55.0 (config_version=5, BCP v1.1, Requires MPF v0.55.0-dev.49)', 'prev_value': None, 'change': True}
2022-08-21 18:36:31,856 : SoundSystem : Setting master volume to 0.5
2022-08-21 18:36:32,369 : EventManager : Event: ======'machine_var_audits_events_game_ended'====== Args={'value': 0, 'prev_value': None, 'change': True}
2022-08-21 18:36:32,369 : EventManager : Event: ======'machine_var_audits_events_game_started'====== Args={'value': 0, 'prev_value': None, 'change': True}
2022-08-21 18:36:32,369 : EventManager : Event: ======'machine_var_audits_player_score'====== Args={'value': {'average': 10318150.616438355, 'top': [198719690, 195274570, 161094530, 160419680, 140071820, 132769060, 132262360, 127113160, 121863670, 115954110], 'total': 584}, 'prev_value': None, 'change': True}
2022-08-21 18:36:32,369 : EventManager : Event: ======'machine_var_audits_shots_center_drop_mission1'====== Args={'value': 510, 'prev_value': None, 'change': True}
2022-08-21 18:36:32,369 : EventManager : Event: ======'machine_var_audits_shots_center_target'====== Args={'value': 83, 'prev_value': None, 'change': True}
2022-08-21 18:36:32,369 : EventManager : Event: ======'machine_var_audits_shots_drop_target1_mission2'====== Args={'value': 219, 'prev_value': None, 'change': True}
2022-08-21 18:36:32,369 : EventManager : Event: ======'machine_var_audits_shots_drop_target2_mission2'====== Args={'value': 253, 'prev_value': None, 'change': True}
2022-08-21 18:36:32,369 : EventManager : Event: ======'machine_var_audits_shots_drop_target3_mission2'====== Args={'value': 289, 'prev_value': None, 'change': True}
2022-08-21 18:36:32,370 : EventManager : Event: ======'machine_var_audits_shots_drop_target4_mission2'====== Args={'value': 262, 'prev_value': None, 'change': True}
2022-08-21 18:36:32,370 : EventManager : Event: ======'machine_var_audits_shots_drop_target5_mission2'====== Args={'value': 220, 'prev_value': None, 'change': True}
2022-08-21 18:36:32,370 : EventManager : Event: ======'machine_var_audits_shots_drop_targets_mission3'====== Args={'value': 1447, 'prev_value': None, 'change': True}
2022-08-21 18:36:32,370 : EventManager : Event: ======'machine_var_audits_shots_galaxy_advance'====== Args={'value': 2038, 'prev_value': None, 'change': True}
2022-08-21 18:36:32,370 : EventManager : Event: ======'machine_var_audits_shots_l_lane'====== Args={'value': 604, 'prev_value': None, 'change': True}
2022-08-21 18:36:32,370 : EventManager : Event: ======'machine_var_audits_shots_left_kicker_mission2'====== Args={'value': 156, 'prev_value': None, 'change': True}
2022-08-21 18:36:32,370 : EventManager : Event: ======'machine_var_audits_shots_left_kicker_mission4'====== Args={'value': 116, 'prev_value': None, 'change': True}
2022-08-21 18:36:32,370 : EventManager : Event: ======'machine_var_audits_shots_left_loop_mission1'====== Args={'value': 574, 'prev_value': None, 'change': True}
2022-08-21 18:36:32,370 : EventManager : Event: ======'machine_var_audits_shots_left_loop_mission2'====== Args={'value': 256, 'prev_value': None, 'change': True}
2022-08-21 18:36:32,371 : EventManager : Event: ======'machine_var_audits_shots_left_loop_mission4'====== Args={'value': 376, 'prev_value': None, 'change': True}
2022-08-21 18:36:32,371 : EventManager : Event: ======'machine_var_audits_shots_portal_advance'====== Args={'value': 4518, 'prev_value': None, 'change': True}
2022-08-21 18:36:32,371 : EventManager : Event: ======'machine_var_audits_shots_r_lane'====== Args={'value': 535, 'prev_value': None, 'change': True}
2022-08-21 18:36:32,371 : EventManager : Event: ======'machine_var_audits_shots_right_kicker_mission2'====== Args={'value': 134, 'prev_value': None, 'change': True}
2022-08-21 18:36:32,371 : EventManager : Event: ======'machine_var_audits_shots_right_kicker_mission4'====== Args={'value': 134, 'prev_value': None, 'change': True}
2022-08-21 18:36:32,371 : EventManager : Event: ======'machine_var_audits_shots_right_loop_mission1'====== Args={'value': 662, 'prev_value': None, 'change': True}
2022-08-21 18:36:32,371 : EventManager : Event: ======'machine_var_audits_shots_right_loop_mission2'====== Args={'value': 296, 'prev_value': None, 'change': True}
2022-08-21 18:36:32,371 : EventManager : Event: ======'machine_var_audits_shots_right_loop_mission4'====== Args={'value': 424, 'prev_value': None, 'change': True}
2022-08-21 18:36:32,371 : EventManager : Event: ======'machine_var_audits_shots_warp_advance'====== Args={'value': 1083, 'prev_value': None, 'change': True}
2022-08-21 18:36:32,372 : EventManager : Event: ======'machine_var_audits_switches_s_action_button'====== Args={'value': 3924, 'prev_value': None, 'change': True}
2022-08-21 18:36:32,372 : EventManager : Event: ======'machine_var_audits_switches_s_drain'====== Args={'value': 2701, 'prev_value': None, 'change': True}
2022-08-21 18:36:32,372 : EventManager : Event: ======'machine_var_audits_switches_s_drop_target1'====== Args={'value': 1818, 'prev_value': None, 'change': True}
2022-08-21 18:36:32,372 : EventManager : Event: ======'machine_var_audits_switches_s_drop_target2'====== Args={'value': 2123, 'prev_value': None, 'change': True}
2022-08-21 18:36:32,372 : EventManager : Event: ======'machine_var_audits_switches_s_drop_target3'====== Args={'value': 2528, 'prev_value': None, 'change': True}
2022-08-21 18:36:32,372 : EventManager : Event: ======'machine_var_audits_switches_s_drop_target4'====== Args={'value': 2034, 'prev_value': None, 'change': True}
2022-08-21 18:36:32,372 : EventManager : Event: ======'machine_var_audits_switches_s_drop_target5'====== Args={'value': 1919, 'prev_value': None, 'change': True}
2022-08-21 18:36:32,372 : EventManager : Event: ======'machine_var_audits_switches_s_left_captive_ball'====== Args={'value': 472, 'prev_value': None, 'change': True}
2022-08-21 18:36:32,373 : EventManager : Event: ======'machine_var_audits_switches_s_left_flipper'====== Args={'value': 34070, 'prev_value': None, 'change': True}
2022-08-21 18:36:32,373 : EventManager : Event: ======'machine_var_audits_switches_s_left_inlane'====== Args={'value': 604, 'prev_value': None, 'change': True}
2022-08-21 18:36:32,373 : EventManager : Event: ======'machine_var_audits_switches_s_left_inlane_far'====== Args={'value': 3867, 'prev_value': None, 'change': True}
2022-08-21 18:36:32,373 : EventManager : Event: ======'machine_var_audits_switches_s_left_kicker'====== Args={'value': 1518, 'prev_value': None, 'change': True}
2022-08-21 18:36:32,373 : EventManager : Event: ======'machine_var_audits_switches_s_left_sling'====== Args={'value': 6766, 'prev_value': None, 'change': True}
2022-08-21 18:36:32,373 : EventManager : Event: ======'machine_var_audits_switches_s_left_spinner'====== Args={'value': 19984, 'prev_value': None, 'change': True}
2022-08-21 18:36:32,381 : EventManager : Event: ======'machine_var_audits_switches_s_right_captive_ball'====== Args={'value': 494, 'prev_value': None, 'change': True}
2022-08-21 18:36:32,381 : EventManager : Event: ======'machine_var_audits_switches_s_right_flipper'====== Args={'value': 31544, 'prev_value': None, 'change': True}
2022-08-21 18:36:32,381 : EventManager : Event: ======'machine_var_audits_switches_s_right_inlane'====== Args={'value': 535, 'prev_value': None, 'change': True}
2022-08-21 18:36:32,381 : EventManager : Event: ======'machine_var_audits_switches_s_right_inlane_far'====== Args={'value': 6073, 'prev_value': None, 'change': True}
2022-08-21 18:36:32,381 : EventManager : Event: ======'machine_var_audits_switches_s_right_kicker'====== Args={'value': 1686, 'prev_value': None, 'change': True}
2022-08-21 18:36:32,381 : EventManager : Event: ======'machine_var_audits_switches_s_right_sling'====== Args={'value': 14073, 'prev_value': None, 'change': True}
2022-08-21 18:36:32,381 : EventManager : Event: ======'machine_var_audits_switches_s_right_spinner'====== Args={'value': 16147, 'prev_value': None, 'change': True}
2022-08-21 18:36:32,381 : EventManager : Event: ======'machine_var_audits_switches_s_start'====== Args={'value': 403, 'prev_value': None, 'change': True}
2022-08-21 18:36:32,393 : EventManager : Event: ======'mc_reset_phase_1'====== Args={}
2022-08-21 18:36:32,393 : EventManager : Event: ======'mc_reset_phase_2'====== Args={}
2022-08-21 18:36:32,393 : EventManager : Event: ======'mc_reset_phase_3'====== Args={}
2022-08-21 18:36:32,393 : EventManager : Event: ======'mc_reset_complete'====== Args={}
2022-08-21 18:36:32,405 : EventManager : Event: ======'slides_play'====== Args={'settings': {'widgets': {'widgets': [{'type': 'text', 'text': 'GAME OVER', 'font_size': 50, 'font_name': 'space_font', '_default_settings': ['type', 'text', 'font_size', 'font_name'], 'x': None, 'y': None, 'anchor_x': 'center', 'anchor_y': 'center', 'round_anchor_x': None, 'round_anchor_y': None, 'opacity': 1.0, 'z': 0, 'reset_animations_events': {}, 'color': [1.0, 1.0, 1.0, 1.0], 'style': [], 'adjust_top': 0, 'adjust_bottom': 0, 'adjust_left': 0, 'adjust_right': 0, 'expire': None, 'key': None, 'widget': None, 'events_when_added': [], 'events_when_removed': [], 'bitmap_font': False, 'font_kerning': True, 'bold': False, 'italic': False, 'number_grouping': False, 'min_digits': 0, 'halign': 'center', 'valign': 'middle', 'rotation': 0, 'scale': 1.0, 'casing': None, 'animations': None}, {'type': 'image', 'image': 'attract_background', '_default_settings': ['type', 'image'], 'x': None, 'y': None, 'anchor_x': 'center', 'anchor_y': 'center', 'round_anchor_x': None, 'round_anchor_y': None, 'opacity': 1.0, 'z': 0, 'reset_animations_events': {}, 'color': [1.0, 1.0, 1.0, 1.0], 'style': [], 'adjust_top': 0, 'adjust_bottom': 0, 'adjust_left': 0, 'adjust_right': 0, 'expire': None, 'key': None, 'widget': None, 'events_when_added': [], 'events_when_removed': [], 'fps': 10, 'loops': -1, 'auto_play': True, 'start_frame': 0, 'rotation': 0, 'scale': 1.0, 'animations': None}], 'target': None, 'background_color': [0.0, 0.0, 0.0, 1.0], 'priority': None, 'show': True, 'force': False, 'expire': None, 'slide': None, 'tokens': {}, 'action': 'play'}}, 'context': 'show_13', 'calling_context': 0, 'priority': 10, 'show_tokens': {}, 'start_time': 15928.606}
2022-08-21 18:36:32,405 : mpfmc : SlidePlayer: Play called with settings={'widgets': {'widgets': [{'type': 'text', 'text': 'GAME OVER', 'font_size': 50, 'font_name': 'space_font', '_default_settings': ['type', 'text', 'font_size', 'font_name'], 'x': None, 'y': None, 'anchor_x': 'center', 'anchor_y': 'center', 'round_anchor_x': None, 'round_anchor_y': None, 'opacity': 1.0, 'z': 0, 'reset_animations_events': {}, 'color': [1.0, 1.0, 1.0, 1.0], 'style': [], 'adjust_top': 0, 'adjust_bottom': 0, 'adjust_left': 0, 'adjust_right': 0, 'expire': None, 'key': None, 'widget': None, 'events_when_added': [], 'events_when_removed': [], 'bitmap_font': False, 'font_kerning': True, 'bold': False, 'italic': False, 'number_grouping': False, 'min_digits': 0, 'halign': 'center', 'valign': 'middle', 'rotation': 0, 'scale': 1.0, 'casing': None, 'animations': None}, {'type': 'image', 'image': 'attract_background', '_default_settings': ['type', 'image'], 'x': None, 'y': None, 'anchor_x': 'center', 'anchor_y': 'center', 'round_anchor_x': None, 'round_anchor_y': None, 'opacity': 1.0, 'z': 0, 'reset_animations_events': {}, 'color': [1.0, 1.0, 1.0, 1.0], 'style': [], 'adjust_top': 0, 'adjust_bottom': 0, 'adjust_left': 0, 'adjust_right': 0, 'expire': None, 'key': None, 'widget': None, 'events_when_added': [], 'events_when_removed': [], 'fps': 10, 'loops': -1, 'auto_play': True, 'start_frame': 0, 'rotation': 0, 'scale': 1.0, 'animations': None}], 'target': None, 'background_color': [0.0, 0.0, 0.0, 1.0], 'priority': None, 'show': True, 'force': False, 'expire': None, 'slide': None, 'tokens': {}, 'action': 'play'}}
2022-08-21 18:36:32,412 : EventManager : Event: ======'slide_show_13.slide_player-0_created'====== Args={}
2022-08-21 18:36:32,414 : EventManager : Event: ======'slide_show_13.slide_player-0_active'====== Args={}
2022-08-21 18:36:33,935 : EventManager : Event: ======'game_started'====== Args={}
2022-08-21 18:36:33,935 : EventManager : Event: ======'slides_clear'====== Args={'context': 'show_13'}
2022-08-21 18:36:33,936 : EventManager : Event: ======'slide_show_13.slide_player-0_removed'====== Args={}
2022-08-21 18:36:33,936 : EventManager : Event: ======'slide_window_blank_active'====== Args={}
2022-08-21 18:36:33,959 : EventManager : Event: ======'player_added'====== Args={'player': <Player 1>, 'num': 1}
2022-08-21 18:36:33,959 : EventManager : Event: ======'player_index'====== Args={'value': 0, 'prev_value': 0, 'change': 0, 'player_num': 1}
2022-08-21 18:36:33,959 : EventManager : Event: ======'player_number'====== Args={'value': 1, 'prev_value': 1, 'change': 0, 'player_num': 1}
2022-08-21 18:36:33,960 : EventManager : Event: ======'player_score'====== Args={'value': 0, 'prev_value': 0, 'change': 0, 'player_num': 1}
2022-08-21 18:36:33,960 : EventManager : Event: ======'player_mode_value'====== Args={'value': 1000000, 'prev_value': 0, 'change': 1000000, 'player_num': 1}
2022-08-21 18:36:33,960 : EventManager : Event: ======'player_bonus_multiplier'====== Args={'value': 1, 'prev_value': 0, 'change': 1, 'player_num': 1}
2022-08-21 18:36:33,960 : EventManager : Event: ======'player_playfield_multiplier'====== Args={'value': 1, 'prev_value': 0, 'change': 1, 'player_num': 1}
2022-08-21 18:36:33,997 : EventManager : Event: ======'player_ball'====== Args={'value': 1, 'prev_value': 0, 'change': 1, 'player_num': 1}
2022-08-21 18:36:33,997 : EventManager : Event: ======'player_turn_start'====== Args={'number': 1, 'player': <Player 1>}
2022-08-21 18:36:34,010 : EventManager : Event: ======'player_shot_l_lane_enabled'====== Args={'value': True, 'prev_value': 0, 'change': 1, 'player_num': 1}
2022-08-21 18:36:34,010 : EventManager : Event: ======'player_shot_r_lane_enabled'====== Args={'value': True, 'prev_value': 0, 'change': 1, 'player_num': 1}
2022-08-21 18:36:34,010 : EventManager : Event: ======'player_shot_center_target_enabled'====== Args={'value': True, 'prev_value': 0, 'change': 1, 'player_num': 1}
2022-08-21 18:36:34,010 : EventManager : Event: ======'player_extra_ball_two_modes_complete_num_awarded'====== Args={'value': 0, 'prev_value': 0, 'change': 0, 'player_num': 1}
2022-08-21 18:36:34,022 : EventManager : Event: ======'sounds_play'====== Args={'settings': {'default': {'action': 'stop', 'priority': 400, 'block': False, 'delay': None, 'track': None, 'volume': None, 'pan': None, 'loops': None, 'start_at': None, 'fade_in': None, 'fade_out': None, 'about_to_finish_time': -1.0, 'max_queue_time': -1.0, 'events_when_played': ['use_sound_setting'], 'events_when_stopped': ['use_sound_setting'], 'events_when_looping': ['use_sound_setting'], 'events_when_about_to_finish': ['use_sound_setting'], 'mode_end_action': 'use_sound_setting', 'key': 'use_sound_setting'}, 'shooter_waiting': {'action': 'play', 'loops': -1, 'priority': None, 'block': False, 'delay': None, 'track': None, 'volume': None, 'pan': None, 'start_at': None, 'fade_in': None, 'fade_out': None, 'about_to_finish_time': -1.0, 'max_queue_time': -1.0, 'events_when_played': ['use_sound_setting'], 'events_when_stopped': ['use_sound_setting'], 'events_when_looping': ['use_sound_setting'], 'events_when_about_to_finish': ['use_sound_setting'], 'mode_end_action': 'use_sound_setting', 'key': 'use_sound_setting'}}, 'context': '_global', 'calling_context': 'ball_started', 'priority': 0, 'player': 1, 'ball': 1, 'balls_remaining': 2, 'is_extra_ball': False}
2022-08-21 18:36:34,022 : EventManager : Event: ======'player_shot_warp_advance_enabled'====== Args={'value': True, 'prev_value': 0, 'change': 1, 'player_num': 1}
2022-08-21 18:36:34,022 : EventManager : Event: ======'player_shot_portal_advance_enabled'====== Args={'value': True, 'prev_value': 0, 'change': 1, 'player_num': 1}
2022-08-21 18:36:34,022 : EventManager : Event: ======'player_shot_galaxy_advance_enabled'====== Args={'value': True, 'prev_value': 0, 'change': 1, 'player_num': 1}
2022-08-21 18:36:34,034 : EventManager : Event: ======'slides_play'====== Args={'settings': {'score_slide': {'target': None, 'background_color': [0.0, 0.0, 0.0, 1.0], 'priority': None, 'show': True, 'force': False, 'expire': None, 'slide': None, 'tokens': {}, 'action': 'play'}}, 'context': 'base', 'calling_context': 'mode_base_started', 'priority': 100, 'player': 1, 'ball': 1, 'balls_remaining': 2, 'is_extra_ball': False}
2022-08-21 18:36:34,034 : mpfmc : SlidePlayer: Play called with settings={'score_slide': {'target': None, 'background_color': [0.0, 0.0, 0.0, 1.0], 'priority': None, 'show': True, 'force': False, 'expire': None, 'slide': None, 'tokens': {}, 'action': 'play'}}
2022-08-21 18:36:34,050 : EventManager : Event: ======'slide_score_slide_created'====== Args={}
2022-08-21 18:36:34,059 : EventManager : Event: ======'slide_score_slide_active'====== Args={}
2022-08-21 18:36:34,067 : EventManager : Event: ======'sounds_play'====== Args={'settings': {'default': {'action': 'play', 'loops': -1, 'track': 'music', 'priority': None, 'block': False, 'delay': None, 'volume': None, 'pan': None, 'start_at': None, 'fade_in': None, 'fade_out': None, 'about_to_finish_time': -1.0, 'max_queue_time': -1.0, 'events_when_played': ['use_sound_setting'], 'events_when_stopped': ['use_sound_setting'], 'events_when_looping': ['use_sound_setting'], 'events_when_about_to_finish': ['use_sound_setting'], 'mode_end_action': 'use_sound_setting', 'key': 'use_sound_setting'}, 'mode_theme': {'action': 'stop', 'priority': None, 'block': False, 'delay': None, 'track': None, 'volume': None, 'pan': None, 'loops': None, 'start_at': None, 'fade_in': None, 'fade_out': None, 'about_to_finish_time': -1.0, 'max_queue_time': -1.0, 'events_when_played': ['use_sound_setting'], 'events_when_stopped': ['use_sound_setting'], 'events_when_looping': ['use_sound_setting'], 'events_when_about_to_finish': ['use_sound_setting'], 'mode_end_action': 'use_sound_setting', 'key': 'use_sound_setting'}}, 'context': '_global', 'calling_context': 'mode_spell_portal_started', 'priority': 0, 'player': 1, 'ball': 1, 'balls_remaining': 2, 'is_extra_ball': False}
2022-08-21 18:36:48,889 : EventManager : Event: ======'machine_var_audits_switches_s_action_button'====== Args={'value': 3925, 'prev_value': 3924, 'change': 1}
2022-08-21 18:36:49,108 : EventManager : Event: ======'sounds_play'====== Args={'settings': {'shooter_waiting': {'action': 'stop', 'priority': None, 'block': False, 'delay': None, 'track': None, 'volume': None, 'pan': None, 'loops': None, 'start_at': None, 'fade_in': None, 'fade_out': None, 'about_to_finish_time': -1.0, 'max_queue_time': -1.0, 'events_when_played': ['use_sound_setting'], 'events_when_stopped': ['use_sound_setting'], 'events_when_looping': ['use_sound_setting'], 'events_when_about_to_finish': ['use_sound_setting'], 'mode_end_action': 'use_sound_setting', 'key': 'use_sound_setting'}, 'default': {'action': 'play', 'loops': -1, 'track': 'music', 'priority': None, 'block': False, 'delay': None, 'volume': None, 'pan': None, 'start_at': None, 'fade_in': None, 'fade_out': None, 'about_to_finish_time': -1.0, 'max_queue_time': -1.0, 'events_when_played': ['use_sound_setting'], 'events_when_stopped': ['use_sound_setting'], 'events_when_looping': ['use_sound_setting'], 'events_when_about_to_finish': ['use_sound_setting'], 'mode_end_action': 'use_sound_setting', 'key': 'use_sound_setting'}}, 'context': '_global', 'calling_context': 's_drain_inactive', 'priority': 0}
2022-08-21 18:36:49,612 : EventManager : Event: ======'machine_var_audits_switches_s_left_sling'====== Args={'value': 6767, 'prev_value': 6766, 'change': 1}
2022-08-21 18:36:49,612 : EventManager : Event: ======'player_score'====== Args={'value': 1110, 'prev_value': 0, 'change': 1110, 'player_num': 1}
2022-08-21 18:36:49,612 : EventManager : Event: ======'player_switches'====== Args={'value': 1, 'prev_value': 0, 'change': 1, 'player_num': 1}
2022-08-21 18:36:50,185 : EventManager : Event: ======'machine_var_audits_switches_s_left_flipper'====== Args={'value': 34071, 'prev_value': 34070, 'change': 1}
2022-08-21 18:36:53,683 : EventManager : Event: ======'machine_var_audits_switches_s_left_flipper'====== Args={'value': 34072, 'prev_value': 34071, 'change': 1}
2022-08-21 18:36:54,018 : EventManager : Event: ======'machine_var_audits_switches_s_left_spinner'====== Args={'value': 19985, 'prev_value': 19984, 'change': 1}
2022-08-21 18:36:54,018 : EventManager : Event: ======'player_score'====== Args={'value': 2140, 'prev_value': 1110, 'change': 1030, 'player_num': 1}
2022-08-21 18:36:54,018 : EventManager : Event: ======'player_switches'====== Args={'value': 2, 'prev_value': 1, 'change': 1, 'player_num': 1}
2022-08-21 18:36:54,018 : EventManager : Event: ======'player_mode_value'====== Args={'value': 1010000, 'prev_value': 1000000, 'change': 10000, 'player_num': 1}
2022-08-21 18:36:54,883 : EventManager : Event: ======'machine_var_audits_switches_s_left_sling'====== Args={'value': 6768, 'prev_value': 6767, 'change': 1}
2022-08-21 18:36:54,883 : EventManager : Event: ======'player_score'====== Args={'value': 3250, 'prev_value': 2140, 'change': 1110, 'player_num': 1}
2022-08-21 18:36:54,883 : EventManager : Event: ======'player_switches'====== Args={'value': 3, 'prev_value': 2, 'change': 1, 'player_num': 1}
2022-08-21 18:36:55,147 : EventManager : Event: ======'machine_var_audits_switches_s_left_flipper'====== Args={'value': 34073, 'prev_value': 34072, 'change': 1}
2022-08-21 18:36:56,065 : EventManager : Event: ======'machine_var_audits_switches_s_left_inlane_far'====== Args={'value': 3868, 'prev_value': 3867, 'change': 1}
2022-08-21 18:36:56,065 : EventManager : Event: ======'player_shot_galaxy_advance'====== Args={'value': 1, 'prev_value': 0, 'change': 1, 'player_num': 1}
2022-08-21 18:36:56,065 : EventManager : Event: ======'machine_var_audits_shots_galaxy_advance'====== Args={'value': 2039, 'prev_value': 2038, 'change': 1}
2022-08-21 18:36:56,065 : EventManager : Event: ======'player_score'====== Args={'value': 33250, 'prev_value': 3250, 'change': 30000, 'player_num': 1}
2022-08-21 18:36:56,066 : EventManager : Event: ======'player_switches'====== Args={'value': 4, 'prev_value': 3, 'change': 1, 'player_num': 1}
2022-08-21 18:36:56,066 : EventManager : Event: ======'player_combos_combo_timer_tick'====== Args={'value': 6, 'prev_value': 0, 'change': 6, 'player_num': 1}
2022-08-21 18:36:56,354 : EventManager : Event: ======'machine_var_audits_switches_s_left_inlane_far'====== Args={'value': 3869, 'prev_value': 3868, 'change': 1}
2022-08-21 18:36:56,354 : EventManager : Event: ======'machine_var_audits_shots_galaxy_advance'====== Args={'value': 2040, 'prev_value': 2039, 'change': 1}
2022-08-21 18:36:56,354 : EventManager : Event: ======'player_score'====== Args={'value': 63250, 'prev_value': 33250, 'change': 30000, 'player_num': 1}
2022-08-21 18:36:56,354 : EventManager : Event: ======'player_switches'====== Args={'value': 5, 'prev_value': 4, 'change': 1, 'player_num': 1}
2022-08-21 18:36:56,606 : EventManager : Event: ======'machine_var_audits_switches_s_left_inlane_far'====== Args={'value': 3870, 'prev_value': 3869, 'change': 1}
2022-08-21 18:36:56,606 : EventManager : Event: ======'machine_var_audits_shots_galaxy_advance'====== Args={'value': 2041, 'prev_value': 2040, 'change': 1}
2022-08-21 18:36:56,606 : EventManager : Event: ======'player_score'====== Args={'value': 93250, 'prev_value': 63250, 'change': 30000, 'player_num': 1}
2022-08-21 18:36:56,606 : EventManager : Event: ======'player_switches'====== Args={'value': 6, 'prev_value': 5, 'change': 1, 'player_num': 1}
2022-08-21 18:36:56,841 : EventManager : Event: ======'machine_var_audits_switches_s_left_inlane_far'====== Args={'value': 3871, 'prev_value': 3870, 'change': 1}
2022-08-21 18:36:56,853 : EventManager : Event: ======'machine_var_audits_shots_galaxy_advance'====== Args={'value': 2042, 'prev_value': 2041, 'change': 1}
2022-08-21 18:36:56,853 : EventManager : Event: ======'player_score'====== Args={'value': 123250, 'prev_value': 93250, 'change': 30000, 'player_num': 1}
2022-08-21 18:36:56,853 : EventManager : Event: ======'player_switches'====== Args={'value': 7, 'prev_value': 6, 'change': 1, 'player_num': 1}
2022-08-21 18:36:57,131 : EventManager : Event: ======'machine_var_audits_switches_s_left_inlane_far'====== Args={'value': 3872, 'prev_value': 3871, 'change': 1}
2022-08-21 18:36:57,131 : EventManager : Event: ======'machine_var_audits_shots_galaxy_advance'====== Args={'value': 2043, 'prev_value': 2042, 'change': 1}
2022-08-21 18:36:57,143 : EventManager : Event: ======'player_score'====== Args={'value': 153250, 'prev_value': 123250, 'change': 30000, 'player_num': 1}
2022-08-21 18:36:57,143 : EventManager : Event: ======'player_switches'====== Args={'value': 8, 'prev_value': 7, 'change': 1, 'player_num': 1}
2022-08-21 18:36:57,421 : EventManager : Event: ======'machine_var_audits_switches_s_left_inlane_far'====== Args={'value': 3873, 'prev_value': 3872, 'change': 1}
2022-08-21 18:36:57,421 : EventManager : Event: ======'machine_var_audits_shots_galaxy_advance'====== Args={'value': 2044, 'prev_value': 2043, 'change': 1}
2022-08-21 18:36:57,421 : EventManager : Event: ======'player_score'====== Args={'value': 183250, 'prev_value': 153250, 'change': 30000, 'player_num': 1}
2022-08-21 18:36:57,429 : EventManager : Event: ======'player_switches'====== Args={'value': 9, 'prev_value': 8, 'change': 1, 'player_num': 1}
2022-08-21 18:36:57,429 : EventManager : Event: ======'player_playfield_multiplier'====== Args={'value': 2, 'prev_value': 1, 'change': 1, 'player_num': 1}
2022-08-21 18:36:57,920 : EventManager : Event: ======'player_combos_combo_timer_tick'====== Args={'value': 5, 'prev_value': 6, 'change': -1, 'player_num': 1}
2022-08-21 18:36:58,423 : EventManager : Event: ======'player_combos_combo_timer_tick'====== Args={'value': 4, 'prev_value': 5, 'change': -1, 'player_num': 1}
2022-08-21 18:36:58,911 : EventManager : Event: ======'player_combos_combo_timer_tick'====== Args={'value': 3, 'prev_value': 4, 'change': -1, 'player_num': 1}
2022-08-21 18:36:59,412 : EventManager : Event: ======'player_combos_combo_timer_tick'====== Args={'value': 2, 'prev_value': 3, 'change': -1, 'player_num': 1}
2022-08-21 18:36:59,852 : EventManager : Event: ======'machine_var_audits_switches_s_left_inlane_far'====== Args={'value': 3874, 'prev_value': 3873, 'change': 1}
2022-08-21 18:36:59,864 : EventManager : Event: ======'player_combo'====== Args={'value': 1, 'prev_value': 0, 'change': 1, 'player_num': 1}
2022-08-21 18:36:59,864 : EventManager : Event: ======'player_combo_value'====== Args={'value': 25000, 'prev_value': 0, 'change': 25000, 'player_num': 1}
2022-08-21 18:36:59,864 : EventManager : Event: ======'player_score'====== Args={'value': 233250, 'prev_value': 183250, 'change': 50000, 'player_num': 1}
2022-08-21 18:36:59,864 : EventManager : Event: ======'slides_play'====== Args={'settings': {'combo_slide': {'target': None, 'background_color': [0.0, 0.0, 0.0, 1.0], 'priority': None, 'show': True, 'force': False, 'expire': None, 'slide': None, 'tokens': {}, 'action': 'play'}}, 'context': 'combos', 'calling_context': 's_left_inlane_far_active{device.timers.combo_timer.ticks==2}', 'priority': 700}
2022-08-21 18:36:59,867 : mpfmc : SlidePlayer: Play called with settings={'combo_slide': {'target': None, 'background_color': [0.0, 0.0, 0.0, 1.0], 'priority': None, 'show': True, 'force': False, 'expire': None, 'slide': None, 'tokens': {}, 'action': 'play'}}
2022-08-21 18:36:59,883 : EventManager : Event: ======'slide_combo_slide_created'====== Args={}
2022-08-21 18:36:59,889 : EventManager : Event: ======'slide_combo_slide_active'====== Args={}
2022-08-21 18:36:59,897 : EventManager : Event: ======'machine_var_audits_shots_galaxy_advance'====== Args={'value': 2045, 'prev_value': 2044, 'change': 1}
2022-08-21 18:36:59,897 : EventManager : Event: ======'player_score'====== Args={'value': 293250, 'prev_value': 233250, 'change': 60000, 'player_num': 1}
2022-08-21 18:36:59,897 : EventManager : Event: ======'player_switches'====== Args={'value': 10, 'prev_value': 9, 'change': 1, 'player_num': 1}
2022-08-21 18:36:59,897 : EventManager : Event: ======'player_combos_combo_timer_tick'====== Args={'value': 6, 'prev_value': 2, 'change': 4, 'player_num': 1}
2022-08-21 18:37:00,205 : EventManager : Event: ======'machine_var_audits_switches_s_left_inlane_far'====== Args={'value': 3875, 'prev_value': 3874, 'change': 1}
2022-08-21 18:37:00,205 : EventManager : Event: ======'machine_var_audits_shots_galaxy_advance'====== Args={'value': 2046, 'prev_value': 2045, 'change': 1}
2022-08-21 18:37:00,205 : EventManager : Event: ======'player_score'====== Args={'value': 353250, 'prev_value': 293250, 'change': 60000, 'player_num': 1}
2022-08-21 18:37:00,205 : EventManager : Event: ======'player_switches'====== Args={'value': 11, 'prev_value': 10, 'change': 1, 'player_num': 1}
2022-08-21 18:37:00,634 : EventManager : Event: ======'machine_var_audits_switches_s_left_inlane_far'====== Args={'value': 3876, 'prev_value': 3875, 'change': 1}
2022-08-21 18:37:00,634 : EventManager : Event: ======'machine_var_audits_shots_galaxy_advance'====== Args={'value': 2047, 'prev_value': 2046, 'change': 1}
2022-08-21 18:37:00,646 : EventManager : Event: ======'player_score'====== Args={'value': 413250, 'prev_value': 353250, 'change': 60000, 'player_num': 1}
2022-08-21 18:37:00,646 : EventManager : Event: ======'player_switches'====== Args={'value': 12, 'prev_value': 11, 'change': 1, 'player_num': 1}
2022-08-21 18:37:01,032 : EventManager : Event: ======'machine_var_audits_switches_s_left_inlane_far'====== Args={'value': 3877, 'prev_value': 3876, 'change': 1}
2022-08-21 18:37:01,044 : EventManager : Event: ======'machine_var_audits_shots_galaxy_advance'====== Args={'value': 2048, 'prev_value': 2047, 'change': 1}
2022-08-21 18:37:01,044 : EventManager : Event: ======'player_score'====== Args={'value': 473250, 'prev_value': 413250, 'change': 60000, 'player_num': 1}
2022-08-21 18:37:01,044 : EventManager : Event: ======'player_switches'====== Args={'value': 13, 'prev_value': 12, 'change': 1, 'player_num': 1}
2022-08-21 18:37:01,534 : EventManager : Event: ======'player_combos_combo_timer_tick'====== Args={'value': 5, 'prev_value': 6, 'change': -1, 'player_num': 1}
2022-08-21 18:37:01,868 : EventManager : Event: ======'slide_combo_slide_removed'====== Args={}
2022-08-21 18:37:01,869 : EventManager : Event: ======'slide_score_slide_active'====== Args={}
2022-08-21 18:37:02,031 : EventManager : Event: ======'player_combos_combo_timer_tick'====== Args={'value': 4, 'prev_value': 5, 'change': -1, 'player_num': 1}
2022-08-21 18:37:02,121 : EventManager : Event: ======'machine_var_audits_switches_s_left_inlane_far'====== Args={'value': 3878, 'prev_value': 3877, 'change': 1}
2022-08-21 18:37:02,121 : EventManager : Event: ======'player_combo'====== Args={'value': 2, 'prev_value': 1, 'change': 1, 'player_num': 1}
2022-08-21 18:37:02,133 : EventManager : Event: ======'player_combo_value'====== Args={'value': 50000, 'prev_value': 25000, 'change': 25000, 'player_num': 1}
2022-08-21 18:37:02,133 : EventManager : Event: ======'player_score'====== Args={'value': 573250, 'prev_value': 473250, 'change': 100000, 'player_num': 1}
2022-08-21 18:37:02,133 : EventManager : Event: ======'slides_play'====== Args={'settings': {'combo_slide': {'target': None, 'background_color': [0.0, 0.0, 0.0, 1.0], 'priority': None, 'show': True, 'force': False, 'expire': None, 'slide': None, 'tokens': {}, 'action': 'play'}}, 'context': 'combos', 'calling_context': 's_left_inlane_far_active{device.timers.combo_timer.ticks==4}', 'priority': 700}
2022-08-21 18:37:02,133 : EventManager : Event: ======'machine_var_audits_shots_galaxy_advance'====== Args={'value': 2049, 'prev_value': 2048, 'change': 1}
2022-08-21 18:37:02,134 : EventManager : Event: ======'player_score'====== Args={'value': 633250, 'prev_value': 573250, 'change': 60000, 'player_num': 1}
2022-08-21 18:37:02,134 : EventManager : Event: ======'player_switches'====== Args={'value': 14, 'prev_value': 13, 'change': 1, 'player_num': 1}
2022-08-21 18:37:02,134 : EventManager : Event: ======'player_combos_combo_timer_tick'====== Args={'value': 6, 'prev_value': 4, 'change': 2, 'player_num': 1}
2022-08-21 18:37:02,136 : mpfmc : SlidePlayer: Play called with settings={'combo_slide': {'target': None, 'background_color': [0.0, 0.0, 0.0, 1.0], 'priority': None, 'show': True, 'force': False, 'expire': None, 'slide': None, 'tokens': {}, 'action': 'play'}}
2022-08-21 18:37:02,136 : EventManager : Event: ======'slide_combo_slide_removed'====== Args={}
2022-08-21 18:37:02,152 : EventManager : Event: ======'slide_combo_slide_created'====== Args={}
2022-08-21 18:37:02,163 : EventManager : Event: ======'slide_combo_slide_active'====== Args={}
2022-08-21 18:37:02,624 : EventManager : Event: ======'player_combos_combo_timer_tick'====== Args={'value': 5, 'prev_value': 6, 'change': -1, 'player_num': 1}
2022-08-21 18:37:03,126 : EventManager : Event: ======'player_combos_combo_timer_tick'====== Args={'value': 4, 'prev_value': 5, 'change': -1, 'player_num': 1}
2022-08-21 18:37:03,630 : EventManager : Event: ======'player_combos_combo_timer_tick'====== Args={'value': 3, 'prev_value': 4, 'change': -1, 'player_num': 1}
2022-08-21 18:37:03,744 : EventManager : Event: ======'machine_var_audits_switches_s_left_inlane_far'====== Args={'value': 3879, 'prev_value': 3878, 'change': 1}
2022-08-21 18:37:03,744 : EventManager : Event: ======'player_combo'====== Args={'value': 3, 'prev_value': 2, 'change': 1, 'player_num': 1}
2022-08-21 18:37:03,744 : EventManager : Event: ======'player_combo_value'====== Args={'value': 75000, 'prev_value': 50000, 'change': 25000, 'player_num': 1}
2022-08-21 18:37:03,745 : EventManager : Event: ======'player_score'====== Args={'value': 783250, 'prev_value': 633250, 'change': 150000, 'player_num': 1}
2022-08-21 18:37:03,745 : EventManager : Event: ======'slides_play'====== Args={'settings': {'combo_slide': {'target': None, 'background_color': [0.0, 0.0, 0.0, 1.0], 'priority': None, 'show': True, 'force': False, 'expire': None, 'slide': None, 'tokens': {}, 'action': 'play'}}, 'context': 'combos', 'calling_context': 's_left_inlane_far_active{device.timers.combo_timer.ticks==3}', 'priority': 700}
2022-08-21 18:37:03,745 : EventManager : Event: ======'machine_var_audits_shots_galaxy_advance'====== Args={'value': 2050, 'prev_value': 2049, 'change': 1}
2022-08-21 18:37:03,745 : EventManager : Event: ======'player_score'====== Args={'value': 843250, 'prev_value': 783250, 'change': 60000, 'player_num': 1}
2022-08-21 18:37:03,746 : EventManager : Event: ======'player_switches'====== Args={'value': 15, 'prev_value': 14, 'change': 1, 'player_num': 1}
2022-08-21 18:37:03,746 : EventManager : Event: ======'player_combos_combo_timer_tick'====== Args={'value': 6, 'prev_value': 3, 'change': 3, 'player_num': 1}
2022-08-21 18:37:03,746 : EventManager : Event: ======'player_playfield_multiplier'====== Args={'value': 3, 'prev_value': 2, 'change': 1, 'player_num': 1}
2022-08-21 18:37:03,751 : mpfmc : SlidePlayer: Play called with settings={'combo_slide': {'target': None, 'background_color': [0.0, 0.0, 0.0, 1.0], 'priority': None, 'show': True, 'force': False, 'expire': None, 'slide': None, 'tokens': {}, 'action': 'play'}}
2022-08-21 18:37:03,751 : EventManager : Event: ======'slide_combo_slide_removed'====== Args={}
2022-08-21 18:37:03,766 : EventManager : Event: ======'slide_combo_slide_created'====== Args={}
2022-08-21 18:37:03,777 : EventManager : Event: ======'slide_combo_slide_active'====== Args={}
2022-08-21 18:37:04,240 : EventManager : Event: ======'player_combos_combo_timer_tick'====== Args={'value': 5, 'prev_value': 6, 'change': -1, 'player_num': 1}
2022-08-21 18:37:04,730 : EventManager : Event: ======'player_combos_combo_timer_tick'====== Args={'value': 4, 'prev_value': 5, 'change': -1, 'player_num': 1}
2022-08-21 18:37:05,233 : EventManager : Event: ======'player_combos_combo_timer_tick'====== Args={'value': 3, 'prev_value': 4, 'change': -1, 'player_num': 1}
2022-08-21 18:37:05,738 : EventManager : Event: ======'player_combos_combo_timer_tick'====== Args={'value': 2, 'prev_value': 3, 'change': -1, 'player_num': 1}
2022-08-21 18:37:05,750 : EventManager : Event: ======'slide_combo_slide_removed'====== Args={}
2022-08-21 18:37:05,751 : EventManager : Event: ======'slide_score_slide_active'====== Args={}
2022-08-21 18:37:06,239 : EventManager : Event: ======'player_combos_combo_timer_tick'====== Args={'value': 1, 'prev_value': 2, 'change': -1, 'player_num': 1}
2022-08-21 18:37:06,730 : EventManager : Event: ======'player_combos_combo_timer_tick'====== Args={'value': 0, 'prev_value': 1, 'change': -1, 'player_num': 1}
2022-08-21 18:37:08,768 : EventManager : Event: ======'machine_var_audits_switches_s_left_flipper'====== Args={'value': 34074, 'prev_value': 34073, 'change': 1}
2022-08-21 18:37:11,148 : kivy : Base: Leaving application in progress...
2022-08-21 18:37:11,419 : mpfmc : Stopping...
2022-08-21 18:37:11,419 : EventManager : Event: ======'shutdown'====== Args={}
2022-08-21 18:37:11,419 : AudioInterface : Disabling audio playback
2022-08-21 18:37:11,419 : mpfmc : Loop rate 73.28 Hz
2022-08-21 18:37:11,419 : kivy : MC run loop ended.
2022-08-21 18:37:11,419 : kivy : Stopping child threads... (3 remaining)
2022-08-21 18:37:11,622 : mpfmc : Stopping...
2022-08-21 18:37:11,622 : EventManager : Event: ======'shutdown'====== Args={}
2022-08-21 18:37:11,622 : mpfmc : Loop rate 72.95 Hz
2022-08-21 18:37:11,965 : MPF-MC BCP Server : Stopping BCP sending thread
2022-08-21 18:37:12,074 : kivy : All child threads stopped.
