2022-09-11 17:49:32,426 : INFO : root : Loading config.
2022-09-11 17:49:32,969 : INFO : ConfigProcessor : Config spec file cache created: C:\Users\Brendan\AppData\Local\Temp\config_spec.mpf_cache
2022-09-11 17:49:32,969 : INFO : YamlMultifileConfigLoader : Machine config file #1: config.yaml
2022-09-11 17:49:32,970 : WARNING : ConfigProcessor : Config file in cache changed: C:\Baby_pacman_code\machine\config\config.yaml
2022-09-11 17:49:32,970 : INFO : ConfigProcessor : Loading config from file c:\users\brendan\appdata\local\programs\python\python37\lib\site-packages\mpf\mpfconfig.yaml.
2022-09-11 17:49:33,073 : INFO : ConfigProcessor : Loading config: c:\users\brendan\appdata\local\programs\python\python37\lib\site-packages\mpf\mpfconfig.yaml
2022-09-11 17:49:33,074 : INFO : ConfigProcessor : Loading config from file C:\Baby_pacman_code\machine\config\config.yaml.
2022-09-11 17:49:33,209 : INFO : ConfigProcessor : Loading config: C:\Baby_pacman_code\machine\config\config.yaml
2022-09-11 17:49:33,213 : INFO : ConfigProcessor : Config file cache created: C:\Users\Brendan\AppData\Local\Temp\bccefe987bb586eace29905fa80cab57.mpf_cache
2022-09-11 17:49:33,272 : INFO : ConfigProcessor : Loading config from cache: C:\Users\Brendan\AppData\Local\Temp\467e7647689d29fad6adf949e1f4d51d.mpf_cache
2022-09-11 17:49:33,273 : INFO : ConfigProcessor : Loading config from cache: C:\Users\Brendan\AppData\Local\Temp\5550e037aa776b42b91b29b40b356c70.mpf_cache
2022-09-11 17:49:33,273 : WARNING : ConfigProcessor : Config file in cache changed: C:\Baby_pacman_code\machine\modes\base\config\base.yaml
2022-09-11 17:49:33,273 : INFO : ConfigProcessor : Loading config from file C:\Baby_pacman_code\machine\modes\base\config\base.yaml.
2022-09-11 17:49:33,396 : INFO : ConfigProcessor : Loading config: C:\Baby_pacman_code\machine\modes\base\config\base.yaml
2022-09-11 17:49:33,397 : INFO : ConfigProcessor : Config file cache created: C:\Users\Brendan\AppData\Local\Temp\15e0c601392b30c3d9ba3ead8131edb5.mpf_cache
2022-09-11 17:49:33,398 : WARNING : ConfigProcessor : Config file in cache changed: C:\Baby_pacman_code\machine\modes\spell_portal\config\spell_portal.yaml
2022-09-11 17:49:33,398 : INFO : ConfigProcessor : Loading config from file C:\Baby_pacman_code\machine\modes\spell_portal\config\spell_portal.yaml.
2022-09-11 17:49:33,426 : INFO : ConfigProcessor : Loading config: C:\Baby_pacman_code\machine\modes\spell_portal\config\spell_portal.yaml
2022-09-11 17:49:33,427 : INFO : ConfigProcessor : Config file cache created: C:\Users\Brendan\AppData\Local\Temp\0bf50917c4ef15ab65ee13d6c14e7d7c.mpf_cache
2022-09-11 17:49:33,427 : INFO : ConfigProcessor : Loading config from cache: C:\Users\Brendan\AppData\Local\Temp\bc7da7b13b2754e080c2afa0678ac274.mpf_cache
2022-09-11 17:49:33,428 : INFO : ConfigProcessor : Loading config from cache: C:\Users\Brendan\AppData\Local\Temp\bbd59d0bb6602ee0c5a89d6f85e6dd42.mpf_cache
2022-09-11 17:49:33,429 : INFO : ConfigProcessor : Loading config from cache: C:\Users\Brendan\AppData\Local\Temp\5526c78976fee311c3d05505d75f653d.mpf_cache
2022-09-11 17:49:33,430 : INFO : ConfigProcessor : Loading config from cache: C:\Users\Brendan\AppData\Local\Temp\6e95138ae5415fc76b53ebf8fa245fb5.mpf_cache
2022-09-11 17:49:33,431 : INFO : ConfigProcessor : Loading config from cache: C:\Users\Brendan\AppData\Local\Temp\1ec1c4dffb383758956493783a9ed391.mpf_cache
2022-09-11 17:49:33,431 : INFO : ConfigProcessor : Loading config from cache: C:\Users\Brendan\AppData\Local\Temp\f2aee92728c8017b77c710c804dd7f5a.mpf_cache
2022-09-11 17:49:33,432 : INFO : ConfigProcessor : Loading config from cache: C:\Users\Brendan\AppData\Local\Temp\88f57fa1305e9dc100972ec9f84d57fe.mpf_cache
2022-09-11 17:49:33,433 : INFO : ConfigProcessor : Loading config from cache: C:\Users\Brendan\AppData\Local\Temp\6e00a9d794d4c3f43a0fc48da04dac60.mpf_cache
2022-09-11 17:49:33,434 : INFO : ConfigProcessor : Loading config from cache: C:\Users\Brendan\AppData\Local\Temp\05ef98219fc733c3bcab58726c4b37ef.mpf_cache
2022-09-11 17:49:33,435 : INFO : ConfigProcessor : Loading config from cache: C:\Users\Brendan\AppData\Local\Temp\c22d657a5a7bb60632c2be2c735e073b.mpf_cache
2022-09-11 17:49:33,436 : INFO : ConfigProcessor : Loading config from cache: C:\Users\Brendan\AppData\Local\Temp\f7d4f5eb9425fe84d2e83a363afd4bdf.mpf_cache
2022-09-11 17:49:33,436 : INFO : ConfigProcessor : Loading config from cache: C:\Users\Brendan\AppData\Local\Temp\125f51d329f930ea7bff10973551cc26.mpf_cache
2022-09-11 17:49:33,437 : INFO : ConfigProcessor : Loading config from cache: C:\Users\Brendan\AppData\Local\Temp\08e18dfdf4e02cd29cc0cc52be2faaf4.mpf_cache
2022-09-11 17:49:33,438 : INFO : ConfigProcessor : Loading config from cache: C:\Users\Brendan\AppData\Local\Temp\f042f5bf6362b9e04d43b40b93a92057.mpf_cache
2022-09-11 17:49:33,439 : INFO : ConfigProcessor : Loading config from cache: C:\Users\Brendan\AppData\Local\Temp\60badac06cd62deb71f25fac24b103c2.mpf_cache
2022-09-11 17:49:33,440 : INFO : ConfigProcessor : Loading config from cache: C:\Users\Brendan\AppData\Local\Temp\a3ad1aeb679a0686901de8a6ffe784f0.mpf_cache
2022-09-11 17:49:33,440 : INFO : ConfigProcessor : Loading config from cache: C:\Users\Brendan\AppData\Local\Temp\d7856287e4ec48fb5adaa65e5f7b2848.mpf_cache
2022-09-11 17:49:33,441 : INFO : ConfigProcessor : Loading config from cache: C:\Users\Brendan\AppData\Local\Temp\338dcf2127887f92988a932f243d1482.mpf_cache
2022-09-11 17:49:33,442 : INFO : ConfigProcessor : Loading config from file C:\Baby_pacman_code\machine\modes\mini_wizard_lit\config\mini_wizard_lit.yaml.
2022-09-11 17:49:33,446 : INFO : ConfigProcessor : Loading config: C:\Baby_pacman_code\machine\modes\mini_wizard_lit\config\mini_wizard_lit.yaml
2022-09-11 17:49:33,447 : INFO : ConfigProcessor : Config file cache created: C:\Users\Brendan\AppData\Local\Temp\54860a4ece9e68c986c35affb0ed028a.mpf_cache
2022-09-11 17:49:33,447 : INFO : ConfigProcessor : Loading config from cache: C:\Users\Brendan\AppData\Local\Temp\379a066b5790096ac3d821940ca23943.mpf_cache
2022-09-11 17:49:33,448 : INFO : ConfigProcessor : Loading config from cache: C:\Users\Brendan\AppData\Local\Temp\4849f32e60febd99d83791f2417d9a0f.mpf_cache
2022-09-11 17:49:33,449 : INFO : ConfigProcessor : Loading config from cache: C:\Users\Brendan\AppData\Local\Temp\46695fafdda39c0538290acecd64f4c0.mpf_cache
2022-09-11 17:49:33,449 : INFO : ConfigProcessor : Loading config from cache: C:\Users\Brendan\AppData\Local\Temp\942a9c8af084c06606ececc74db0a30f.mpf_cache
2022-09-11 17:49:33,450 : INFO : ConfigProcessor : Loading config from cache: C:\Users\Brendan\AppData\Local\Temp\d3a5f9b6ba13782c30d3f4f7e40a9dcf.mpf_cache
2022-09-11 17:49:33,451 : INFO : ConfigProcessor : Loading config from cache: C:\Users\Brendan\AppData\Local\Temp\bb2305c107159ac261738ee6fa5177f9.mpf_cache
2022-09-11 17:49:33,451 : INFO : ConfigProcessor : Loading config from cache: C:\Users\Brendan\AppData\Local\Temp\5e8fe62f7d4a280c75af4e016e79234a.mpf_cache
2022-09-11 17:49:33,452 : INFO : ConfigProcessor : Loading config from cache: C:\Users\Brendan\AppData\Local\Temp\7934ad8984867b043b25c8f1f16418da.mpf_cache
2022-09-11 17:49:33,452 : INFO : ConfigProcessor : Loading config from cache: C:\Users\Brendan\AppData\Local\Temp\201f4c0a0d10e05df2979372d05b639d.mpf_cache
2022-09-11 17:49:33,453 : INFO : ConfigProcessor : Loading config from cache: C:\Users\Brendan\AppData\Local\Temp\29084e75e573608c6a2e9d91f8c2e516.mpf_cache
2022-09-11 17:49:33,454 : INFO : ConfigProcessor : Loading config from cache: C:\Users\Brendan\AppData\Local\Temp\c1a52d9ec6beffcf3a0c74172f4f1789.mpf_cache
2022-09-11 17:49:33,455 : INFO : ConfigProcessor : Loading config from cache: C:\Users\Brendan\AppData\Local\Temp\1a7cfdccecce53cd51775700aa921808.mpf_cache
2022-09-11 17:49:33,455 : INFO : ConfigProcessor : Loading config from cache: C:\Users\Brendan\AppData\Local\Temp\bbeb6a5751b9d2029aa6e8633936e040.mpf_cache
2022-09-11 17:49:33,456 : INFO : ConfigProcessor : Loading config from cache: C:\Users\Brendan\AppData\Local\Temp\396defae609afab4d6d7399595fd494b.mpf_cache
2022-09-11 17:49:33,457 : INFO : ConfigProcessor : Loading config from cache: C:\Users\Brendan\AppData\Local\Temp\df5b128cf73808572dcd58af6b99a12a.mpf_cache
2022-09-11 17:49:33,457 : INFO : ConfigProcessor : Loading config from cache: C:\Users\Brendan\AppData\Local\Temp\b16abd66a20b52f76df13eb007a93cde.mpf_cache
2022-09-11 17:49:33,458 : INFO : ConfigProcessor : Loading config from cache: C:\Users\Brendan\AppData\Local\Temp\09ddf149c2750d0dc18124afb4ec1692.mpf_cache
2022-09-11 17:49:33,459 : INFO : ConfigProcessor : Loading config from cache: C:\Users\Brendan\AppData\Local\Temp\dc261f740d4fb0b58874215bc05837b4.mpf_cache
2022-09-11 17:49:33,459 : INFO : ConfigProcessor : Loading config from cache: C:\Users\Brendan\AppData\Local\Temp\fd5b67850c190931870595f7ba331325.mpf_cache
2022-09-11 17:49:33,460 : INFO : ConfigProcessor : Loading config from cache: C:\Users\Brendan\AppData\Local\Temp\7fa0bf6f8a3d06d96f9daba2d24e8451.mpf_cache
2022-09-11 17:49:33,460 : INFO : ConfigProcessor : Loading config from cache: C:\Users\Brendan\AppData\Local\Temp\17652c03725ec0d5dc66b35abdc504c5.mpf_cache
2022-09-11 17:49:33,461 : INFO : ConfigProcessor : Loading config from cache: C:\Users\Brendan\AppData\Local\Temp\f6549f0a1a12987384ccc86b9df17004.mpf_cache
2022-09-11 17:49:33,461 : INFO : ConfigProcessor : Loading config from cache: C:\Users\Brendan\AppData\Local\Temp\d416d6f9f35dec068a811f18f969a8db.mpf_cache
2022-09-11 17:49:33,463 : INFO : ConfigProcessor : Loading config from cache: C:\Users\Brendan\AppData\Local\Temp\2cbb22f93ff96ef242a9a2d7465f7b14.mpf_cache
2022-09-11 17:49:33,463 : INFO : ConfigProcessor : Loading config from cache: C:\Users\Brendan\AppData\Local\Temp\5b43fbcb021f3ce97d73fdb8a470eae4.mpf_cache
2022-09-11 17:49:33,464 : INFO : ConfigProcessor : Loading config from cache: C:\Users\Brendan\AppData\Local\Temp\6d994d077edad00fe01353c1bfbf6638.mpf_cache
2022-09-11 17:49:33,464 : INFO : ConfigProcessor : Loading config from cache: C:\Users\Brendan\AppData\Local\Temp\df6e37541f81fc1a6e02dbcf98e0d10b.mpf_cache
2022-09-11 17:49:33,465 : INFO : ConfigProcessor : Loading config from cache: C:\Users\Brendan\AppData\Local\Temp\c5e911b563ca93c8e10ce7743f92e657.mpf_cache
2022-09-11 17:49:33,466 : INFO : ConfigProcessor : Loading config from cache: C:\Users\Brendan\AppData\Local\Temp\8009c184ad4c71f93407ddc3ac0f69d2.mpf_cache
2022-09-11 17:49:33,466 : INFO : ConfigProcessor : Loading config from cache: C:\Users\Brendan\AppData\Local\Temp\99ecafb2993dab1e69369c4f69529b6f.mpf_cache
2022-09-11 17:49:33,467 : INFO : ConfigProcessor : Loading config from cache: C:\Users\Brendan\AppData\Local\Temp\57f2f8973b8bd58edd1d215976151c60.mpf_cache
2022-09-11 17:49:33,467 : INFO : ConfigProcessor : Loading config from cache: C:\Users\Brendan\AppData\Local\Temp\19f702536b27ff66106645e85afb027e.mpf_cache
2022-09-11 17:49:33,469 : INFO : ConfigProcessor : Loading config from cache: C:\Users\Brendan\AppData\Local\Temp\c17101e4486856bd6430e66412997ee7.mpf_cache
2022-09-11 17:49:33,470 : INFO : ConfigProcessor : Loading config from cache: C:\Users\Brendan\AppData\Local\Temp\c5b3b18e965344eb40bdf988f6d052aa.mpf_cache
2022-09-11 17:49:33,471 : INFO : ConfigProcessor : Loading config from cache: C:\Users\Brendan\AppData\Local\Temp\d911f65290d744b94ac27e0b8d02635e.mpf_cache
2022-09-11 17:49:33,471 : INFO : Machine : Mission Pinball Framework Core Engine v0.55.0
2022-09-11 17:49:33,472 : INFO : Machine : Command line arguments: {'no_load_cache': False, 'create_config_cache': True, 'bcp': True, 'configfile': ['config.yaml'], 'force_assets_load': False, 'jsonlogging': False, 'logfile': 'logs\\2022-09-11-17-49-32-mpf-Pinball-PC.log', 'pause': False, 'production': False, 'text_ui': True, 'loglevel': 15, 'consoleloglevel': 20, 'force_platform': None, 'syslog_address': None, 'mc_file_name': None, 'no_sound': False}
2022-09-11 17:49:33,472 : INFO : Machine : MPF path: c:\users\brendan\appdata\local\programs\python\python37\lib\site-packages\mpf
2022-09-11 17:49:33,472 : INFO : Machine : Machine path: C:\Baby_pacman_code\machine
2022-09-11 17:49:33,472 : INFO : Machine : Platform: win32
2022-09-11 17:49:33,472 : INFO : Machine : Python executable location: c:\users\brendan\appdata\local\programs\python\python37\python.exe
2022-09-11 17:49:33,472 : INFO : Machine : Python version: 3.7.8 (64-bit)
2022-09-11 17:49:33,474 : INFO : Machine : Initialise MPF.
2022-09-11 17:49:33,629 : INFO : FAST : Connecting to com7 at 921600bps
2022-09-11 17:49:33,678 : INFO : FAST : Connected! Processor: NET, Board Type: FP-CPU-002-2, Firmware: 01.05
2022-09-11 17:49:33,678 : INFO : EventManager : Event: ======'machine_var_fast_net_firmware'====== Args={'value': '01.05', 'prev_value': None, 'change': True}
2022-09-11 17:49:33,678 : INFO : EventManager : Event: ======'machine_var_fast_net_model'====== Args={'value': 'FP-CPU-002-2', 'prev_value': None, 'change': True}
2022-09-11 17:49:36,044 : WARNING : FAST : Got unexpected message from FAST: -N:08
2022-09-11 17:49:36,044 : WARNING : FAST : Got unexpected message from FAST: -N:0A
2022-09-11 17:49:36,044 : WARNING : FAST : Got unexpected message from FAST: -N:0C
2022-09-11 17:49:36,044 : WARNING : FAST : Got unexpected message from FAST: -N:13
2022-09-11 17:49:36,079 : INFO : FAST : Connecting to com8 at 921600bps
2022-09-11 17:49:36,111 : INFO : FAST : Connected! Processor: RGB, Board Type: FP-CPU-002-2, Firmware: 01.00
2022-09-11 17:49:36,111 : INFO : EventManager : Event: ======'machine_var_fast_rgb_firmware'====== Args={'value': '01.00', 'prev_value': None, 'change': True}
2022-09-11 17:49:36,112 : INFO : EventManager : Event: ======'machine_var_fast_rgb_model'====== Args={'value': 'FP-CPU-002-2', 'prev_value': None, 'change': True}
2022-09-11 17:49:36,112 : INFO : EventManager : Event: ======'machine_var_credits_string'====== Args={'value': 'FREE PLAY', 'prev_value': None, 'change': True}
2022-09-11 17:49:36,171 : INFO : EventManager : Event: ======'machine_var_master_volume'====== Args={'value': 0.5, 'prev_value': None, 'change': True}
2022-09-11 17:49:36,171 : INFO : EventManager : Event: ======'machine_var_player1_score'====== Args={'value': 670142530, 'prev_value': None, 'change': True}
2022-09-11 17:49:36,171 : INFO : EventManager : Event: ======'machine_var_mpf_version'====== Args={'value': 'MPF v0.55.0', 'prev_value': None, 'change': True}
2022-09-11 17:49:36,171 : INFO : EventManager : Event: ======'machine_var_mpf_extended_version'====== Args={'value': 'MPF v0.55.0, Config version:5, Show version: 5, BCP version:1.1', 'prev_value': None, 'change': True}
2022-09-11 17:49:36,171 : INFO : EventManager : Event: ======'machine_var_python_version'====== Args={'value': '3.7.8', 'prev_value': None, 'change': True}
2022-09-11 17:49:36,172 : INFO : EventManager : Event: ======'machine_var_platform'====== Args={'value': 'Windows-7-6.1.7601-SP1', 'prev_value': None, 'change': True}
2022-09-11 17:49:36,172 : INFO : EventManager : Event: ======'machine_var_platform_system'====== Args={'value': 'Windows', 'prev_value': None, 'change': True}
2022-09-11 17:49:36,172 : INFO : EventManager : Event: ======'machine_var_platform_release'====== Args={'value': '7', 'prev_value': None, 'change': True}
2022-09-11 17:49:36,172 : INFO : EventManager : Event: ======'machine_var_platform_version'====== Args={'value': '6.1.7601', 'prev_value': None, 'change': True}
2022-09-11 17:49:36,172 : INFO : EventManager : Event: ======'machine_var_platform_machine'====== Args={'value': 'AMD64', 'prev_value': None, 'change': True}
2022-09-11 17:49:36,172 : INFO : EventManager : Event: ======'init_phase_1'====== Args={}
2022-09-11 17:49:36,266 : INFO : EventManager : Event: ======'drop_target_bank_main_up'====== Args={}
2022-09-11 17:49:36,274 : INFO : EventManager : Event: ======'init_phase_2'====== Args={}
2022-09-11 17:49:36,275 : INFO : SwitchController : Found active switch: (('08', 1), <Platform.FAST>) <switch.s_drop_target5>
2022-09-11 17:49:36,275 : INFO : SwitchController : Found active switch: (('0A', 1), <Platform.FAST>) <switch.s_drop_target3>
2022-09-11 17:49:36,275 : INFO : SwitchController : Found active switch: (('0C', 1), <Platform.FAST>) <switch.s_drop_target1>
2022-09-11 17:49:36,275 : INFO : SwitchController : Found active switch: (('13', 1), <Platform.FAST>) <switch.s_drain>
2022-09-11 17:49:36,319 : INFO : EventManager : Event: ======'bcp_connection_attempt'====== Args={'name': 'local_display', 'host': 'localhost', 'port': 5050}
2022-09-11 17:49:36,321 : INFO : BCPClientSocket : Connecting BCP to 'local_display' at localhost:5050...
2022-09-11 17:49:37,323 : WARNING : FAST : Port com7 was blocked for more than 1s. Reseting send queue! If this happens frequently report a bug!
2022-09-11 17:49:38,321 : WARNING : FAST : Port com7 was blocked for more than 1s. Reseting send queue! If this happens frequently report a bug!
2022-09-11 17:49:38,330 : INFO : BCPClientSocket : Connected BCP to 'local_display' localhost:5050
2022-09-11 17:49:38,331 : INFO : EventManager : Event: ======'bcp_clients_connected'====== Args={}
2022-09-11 17:49:38,342 : INFO : ball_device.bd_drain : BCH: Initial count: 1
2022-09-11 17:49:38,343 : INFO : ball_device.bd_drain : State: idle
2022-09-11 17:49:38,345 : INFO : EventManager : Event: ======'machine_var_mc_version'====== Args={'value': 'MPF-MC v0.55.0', 'prev_value': None, 'change': True}
2022-09-11 17:49:38,345 : INFO : EventManager : Event: ======'machine_var_mc_extended_version'====== Args={'value': 'MPF-MC v0.55.0 (config_version=5, BCP v1.1, Requires MPF v0.55.0-dev.49)', 'prev_value': None, 'change': True}
2022-09-11 17:49:38,376 : INFO : ball_device.bd_left_kicker : BCH: Initial count: 0
2022-09-11 17:49:38,377 : INFO : ball_device.bd_left_kicker : State: idle
2022-09-11 17:49:38,378 : INFO : ball_device.bd_right_kicker : BCH: Initial count: 0
2022-09-11 17:49:38,379 : INFO : ball_device.bd_right_kicker : State: idle
2022-09-11 17:49:38,441 : INFO : EventManager : Event: ======'init_phase_3'====== Args={}
2022-09-11 17:49:38,885 : INFO : EventManager : Event: ======'init_phase_4'====== Args={}
2022-09-11 17:49:38,890 : INFO : EventManager : Event: ======'playfield_active'====== Args={}
2022-09-11 17:49:38,891 : INFO : EventManager : Event: ======'unexpected_ball_on_playfield'====== Args={}
2022-09-11 17:49:38,891 : INFO : EventManager : Event: ======'playfield_active'====== Args={}
2022-09-11 17:49:38,891 : INFO : EventManager : Event: ======'unexpected_ball_on_playfield'====== Args={}
2022-09-11 17:49:38,891 : INFO : EventManager : Event: ======'drop_target_far_right_down'====== Args={'device': <drop_target.far_right>}
2022-09-11 17:49:38,891 : INFO : EventManager : Event: ======'drop_target_bank_main_mixed'====== Args={'prev_value': <DropTargetBankState.UP: 'up'>, 'down': 1}
2022-09-11 17:49:38,891 : INFO : EventManager : Event: ======'playfield_active'====== Args={}
2022-09-11 17:49:38,891 : INFO : EventManager : Event: ======'unexpected_ball_on_playfield'====== Args={}
2022-09-11 17:49:38,891 : INFO : EventManager : Event: ======'drop_target_far_left_down'====== Args={'device': <drop_target.far_left>}
2022-09-11 17:49:38,892 : INFO : EventManager : Event: ======'drop_target_bank_main_mixed'====== Args={'prev_value': <DropTargetBankState.MIXED: 'mixed'>, 'down': 2}
2022-09-11 17:49:38,892 : INFO : EventManager : Event: ======'playfield_active'====== Args={}
2022-09-11 17:49:38,892 : INFO : EventManager : Event: ======'unexpected_ball_on_playfield'====== Args={}
2022-09-11 17:49:38,892 : INFO : EventManager : Event: ======'playfield_active'====== Args={}
2022-09-11 17:49:38,892 : INFO : EventManager : Event: ======'unexpected_ball_on_playfield'====== Args={}
2022-09-11 17:49:38,892 : INFO : EventManager : Event: ======'drop_target_middle_down'====== Args={'device': <drop_target.middle>}
2022-09-11 17:49:38,892 : INFO : EventManager : Event: ======'drop_target_bank_main_mixed'====== Args={'prev_value': <DropTargetBankState.MIXED: 'mixed'>, 'down': 3}
2022-09-11 17:49:38,893 : INFO : BallController : Initial balls found: 1
2022-09-11 17:49:38,895 : INFO : EventManager : Event: ======'machine_var_audits_events_game_ended'====== Args={'value': 0, 'prev_value': None, 'change': True}
2022-09-11 17:49:38,896 : INFO : EventManager : Event: ======'machine_var_audits_events_game_started'====== Args={'value': 0, 'prev_value': None, 'change': True}
2022-09-11 17:49:38,896 : INFO : EventManager : Event: ======'machine_var_audits_player_score'====== Args={'value': {'average': 18787736.48648649, 'top': [720234070, 706004620, 670142530, 591554830, 507595620, 502234510, 441174720, 210762830, 203435200, 198719690], 'total': 629}, 'prev_value': None, 'change': True}
2022-09-11 17:49:38,896 : INFO : EventManager : Event: ======'machine_var_audits_shots_center_drop_mission1'====== Args={'value': 648, 'prev_value': None, 'change': True}
2022-09-11 17:49:38,897 : INFO : EventManager : Event: ======'machine_var_audits_shots_center_target'====== Args={'value': 490, 'prev_value': None, 'change': True}
2022-09-11 17:49:38,897 : INFO : EventManager : Event: ======'machine_var_audits_shots_drop_target1_mission2'====== Args={'value': 264, 'prev_value': None, 'change': True}
2022-09-11 17:49:38,898 : INFO : EventManager : Event: ======'machine_var_audits_shots_drop_target2_mission2'====== Args={'value': 303, 'prev_value': None, 'change': True}
2022-09-11 17:49:38,898 : INFO : EventManager : Event: ======'machine_var_audits_shots_drop_target3_mission2'====== Args={'value': 353, 'prev_value': None, 'change': True}
2022-09-11 17:49:38,898 : INFO : EventManager : Event: ======'machine_var_audits_shots_drop_target4_mission2'====== Args={'value': 317, 'prev_value': None, 'change': True}
2022-09-11 17:49:38,899 : INFO : EventManager : Event: ======'machine_var_audits_shots_drop_target5_mission2'====== Args={'value': 272, 'prev_value': None, 'change': True}
2022-09-11 17:49:38,899 : INFO : EventManager : Event: ======'machine_var_audits_shots_drop_targets_mission3'====== Args={'value': 1810, 'prev_value': None, 'change': True}
2022-09-11 17:49:38,899 : INFO : EventManager : Event: ======'machine_var_audits_shots_galaxy_advance'====== Args={'value': 3292, 'prev_value': None, 'change': True}
2022-09-11 17:49:38,900 : INFO : EventManager : Event: ======'machine_var_audits_shots_l_lane'====== Args={'value': 745, 'prev_value': None, 'change': True}
2022-09-11 17:49:38,900 : INFO : EventManager : Event: ======'machine_var_audits_shots_left_kicker_mission2'====== Args={'value': 181, 'prev_value': None, 'change': True}
2022-09-11 17:49:38,901 : INFO : EventManager : Event: ======'machine_var_audits_shots_left_kicker_mission4'====== Args={'value': 133, 'prev_value': None, 'change': True}
2022-09-11 17:49:38,901 : INFO : EventManager : Event: ======'machine_var_audits_shots_left_loop_mission1'====== Args={'value': 730, 'prev_value': None, 'change': True}
2022-09-11 17:49:38,901 : INFO : EventManager : Event: ======'machine_var_audits_shots_left_loop_mission2'====== Args={'value': 310, 'prev_value': None, 'change': True}
2022-09-11 17:49:38,902 : INFO : EventManager : Event: ======'machine_var_audits_shots_left_loop_mission4'====== Args={'value': 446, 'prev_value': None, 'change': True}
2022-09-11 17:49:38,902 : INFO : EventManager : Event: ======'machine_var_audits_shots_portal_advance'====== Args={'value': 5408, 'prev_value': None, 'change': True}
2022-09-11 17:49:38,902 : INFO : EventManager : Event: ======'machine_var_audits_shots_r_lane'====== Args={'value': 634, 'prev_value': None, 'change': True}
2022-09-11 17:49:38,903 : INFO : EventManager : Event: ======'machine_var_audits_shots_right_kicker_mission2'====== Args={'value': 155, 'prev_value': None, 'change': True}
2022-09-11 17:49:38,903 : INFO : EventManager : Event: ======'machine_var_audits_shots_right_kicker_mission4'====== Args={'value': 154, 'prev_value': None, 'change': True}
2022-09-11 17:49:38,904 : INFO : EventManager : Event: ======'machine_var_audits_shots_right_loop_mission1'====== Args={'value': 839, 'prev_value': None, 'change': True}
2022-09-11 17:49:38,904 : INFO : EventManager : Event: ======'machine_var_audits_shots_right_loop_mission2'====== Args={'value': 361, 'prev_value': None, 'change': True}
2022-09-11 17:49:38,904 : INFO : EventManager : Event: ======'machine_var_audits_shots_right_loop_mission4'====== Args={'value': 504, 'prev_value': None, 'change': True}
2022-09-11 17:49:38,905 : INFO : EventManager : Event: ======'machine_var_audits_shots_warp_advance'====== Args={'value': 1185, 'prev_value': None, 'change': True}
2022-09-11 17:49:38,905 : INFO : EventManager : Event: ======'machine_var_audits_switches_s_action_button'====== Args={'value': 4427, 'prev_value': None, 'change': True}
2022-09-11 17:49:38,906 : INFO : EventManager : Event: ======'machine_var_audits_switches_s_drain'====== Args={'value': 3016, 'prev_value': None, 'change': True}
2022-09-11 17:49:38,906 : INFO : EventManager : Event: ======'machine_var_audits_switches_s_drop_target1'====== Args={'value': 2157, 'prev_value': None, 'change': True}
2022-09-11 17:49:38,907 : INFO : EventManager : Event: ======'machine_var_audits_switches_s_drop_target2'====== Args={'value': 2466, 'prev_value': None, 'change': True}
2022-09-11 17:49:38,907 : INFO : EventManager : Event: ======'machine_var_audits_switches_s_drop_target3'====== Args={'value': 2935, 'prev_value': None, 'change': True}
2022-09-11 17:49:38,908 : INFO : EventManager : Event: ======'machine_var_audits_switches_s_drop_target4'====== Args={'value': 2353, 'prev_value': None, 'change': True}
2022-09-11 17:49:38,908 : INFO : EventManager : Event: ======'machine_var_audits_switches_s_drop_target5'====== Args={'value': 2237, 'prev_value': None, 'change': True}
2022-09-11 17:49:38,909 : INFO : EventManager : Event: ======'machine_var_audits_switches_s_left_captive_ball'====== Args={'value': 534, 'prev_value': None, 'change': True}
2022-09-11 17:49:38,909 : INFO : EventManager : Event: ======'machine_var_audits_switches_s_left_flipper'====== Args={'value': 40184, 'prev_value': None, 'change': True}
2022-09-11 17:49:38,910 : INFO : EventManager : Event: ======'machine_var_audits_switches_s_left_inlane'====== Args={'value': 748, 'prev_value': None, 'change': True}
2022-09-11 17:49:38,910 : INFO : EventManager : Event: ======'machine_var_audits_switches_s_left_inlane_far'====== Args={'value': 5336, 'prev_value': None, 'change': True}
2022-09-11 17:49:38,911 : INFO : EventManager : Event: ======'machine_var_audits_switches_s_left_kicker'====== Args={'value': 1736, 'prev_value': None, 'change': True}
2022-09-11 17:49:38,911 : INFO : EventManager : Event: ======'machine_var_audits_switches_s_left_sling'====== Args={'value': 7809, 'prev_value': None, 'change': True}
2022-09-11 17:49:38,912 : INFO : EventManager : Event: ======'machine_var_audits_switches_s_left_spinner'====== Args={'value': 25874, 'prev_value': None, 'change': True}
2022-09-11 17:49:38,912 : INFO : EventManager : Event: ======'machine_var_audits_switches_s_right_captive_ball'====== Args={'value': 553, 'prev_value': None, 'change': True}
2022-09-11 17:49:38,913 : INFO : EventManager : Event: ======'machine_var_audits_switches_s_right_flipper'====== Args={'value': 36553, 'prev_value': None, 'change': True}
2022-09-11 17:49:38,913 : INFO : EventManager : Event: ======'machine_var_audits_switches_s_right_inlane'====== Args={'value': 634, 'prev_value': None, 'change': True}
2022-09-11 17:49:38,914 : INFO : EventManager : Event: ======'machine_var_audits_switches_s_right_inlane_far'====== Args={'value': 7327, 'prev_value': None, 'change': True}
2022-09-11 17:49:38,914 : INFO : EventManager : Event: ======'machine_var_audits_switches_s_right_kicker'====== Args={'value': 1933, 'prev_value': None, 'change': True}
2022-09-11 17:49:38,915 : INFO : EventManager : Event: ======'machine_var_audits_switches_s_right_sling'====== Args={'value': 14695, 'prev_value': None, 'change': True}
2022-09-11 17:49:38,915 : INFO : EventManager : Event: ======'machine_var_audits_switches_s_right_spinner'====== Args={'value': 19407, 'prev_value': None, 'change': True}
2022-09-11 17:49:38,916 : INFO : EventManager : Event: ======'machine_var_audits_switches_s_start'====== Args={'value': 419, 'prev_value': None, 'change': True}
2022-09-11 17:49:38,917 : INFO : EventManager : Event: ======'init_phase_5'====== Args={}
2022-09-11 17:49:38,923 : INFO : EventManager : Event: ======'init_done'====== Args={}
2022-09-11 17:49:38,923 : WARNING : FAST : Port NET received more messages than were sent! Resetting!
2022-09-11 17:49:38,923 : WARNING : FAST : Port NET received more messages than were sent! Resetting!
2022-09-11 17:49:38,923 : WARNING : FAST : Port NET received more messages than were sent! Resetting!
2022-09-11 17:49:38,923 : WARNING : FAST : Port NET received more messages than were sent! Resetting!
2022-09-11 17:49:38,923 : WARNING : FAST : Port NET received more messages than were sent! Resetting!
2022-09-11 17:49:38,923 : WARNING : FAST : Port NET received more messages than were sent! Resetting!
2022-09-11 17:49:38,923 : WARNING : FAST : Port NET received more messages than were sent! Resetting!
2022-09-11 17:49:38,923 : WARNING : FAST : Port NET received more messages than were sent! Resetting!
2022-09-11 17:49:38,924 : WARNING : FAST : Port NET received more messages than were sent! Resetting!
2022-09-11 17:49:38,924 : WARNING : FAST : Port NET received more messages than were sent! Resetting!
2022-09-11 17:49:38,924 : WARNING : FAST : Port NET received more messages than were sent! Resetting!
2022-09-11 17:49:38,924 : WARNING : FAST : Port NET received more messages than were sent! Resetting!
2022-09-11 17:49:38,924 : WARNING : FAST : Port NET received more messages than were sent! Resetting!
2022-09-11 17:49:38,924 : WARNING : FAST : Port NET received more messages than were sent! Resetting!
2022-09-11 17:49:38,924 : WARNING : FAST : Port NET received more messages than were sent! Resetting!
2022-09-11 17:49:38,924 : WARNING : FAST : Port NET received more messages than were sent! Resetting!
2022-09-11 17:49:38,924 : WARNING : FAST : Port NET received more messages than were sent! Resetting!
2022-09-11 17:49:38,924 : WARNING : FAST : Port NET received more messages than were sent! Resetting!
2022-09-11 17:49:38,924 : WARNING : FAST : Port NET received more messages than were sent! Resetting!
2022-09-11 17:49:38,924 : WARNING : FAST : Port NET received more messages than were sent! Resetting!
2022-09-11 17:49:38,924 : WARNING : FAST : Port NET received more messages than were sent! Resetting!
2022-09-11 17:49:38,924 : WARNING : FAST : Port NET received more messages than were sent! Resetting!
2022-09-11 17:49:38,925 : INFO : EventManager : Event: ======'machine_reset_phase_1'====== Args={}
2022-09-11 17:49:38,936 : INFO : EventManager : Event: ======'machine_reset_phase_2'====== Args={}
2022-09-11 17:49:38,937 : INFO : EventManager : Event: ======'machine_reset_phase_3'====== Args={}
2022-09-11 17:49:38,938 : INFO : EventManager : Event: ======'reset_complete'====== Args={}
2022-09-11 17:49:38,938 : INFO : EventManager : Event: ======'mode_attract_will_start'====== Args={}
2022-09-11 17:49:38,939 : INFO : EventManager : Event: ======'mode_attract_starting'====== Args={}
2022-09-11 17:49:38,939 : INFO : Mode.attract : Started. Priority: 10
2022-09-11 17:49:38,939 : INFO : EventManager : Event: ======'modes_active_modes_changed'====== Args={}
2022-09-11 17:49:38,939 : INFO : EventManager : Event: ======'mode_attract_started'====== Args={}
2022-09-11 17:49:38,942 : INFO : EventManager : Event: ======'collecting_balls_complete'====== Args={}
2022-09-11 17:49:38,961 : INFO : EventManager : Event: ======'slide_show_3.slide_player-0_created'====== Args={'_from_bcp': True}
2022-09-11 17:49:38,961 : INFO : EventManager : Event: ======'slide_show_3.slide_player-0_active'====== Args={'_from_bcp': True}
2022-09-11 17:49:38,962 : INFO : Machine : Starting the main run loop.
2022-09-11 17:49:39,470 : INFO : SwitchController : <<<<<<< 's_start' active >>>>>>>
2022-09-11 17:49:39,614 : INFO : SwitchController : <<<<<<< 's_start' inactive >>>>>>>
2022-09-11 17:49:39,614 : INFO : EventManager : Event: ======'request_to_start_game'====== Args={}
2022-09-11 17:49:39,615 : INFO : EventManager : Event: ======'game_start'====== Args={'buttons': [], 'hold_time': 0.14000000000010004}
2022-09-11 17:49:39,615 : INFO : EventManager : Event: ======'mode_game_will_start'====== Args={'buttons': [], 'hold_time': 0.14000000000010004}
2022-09-11 17:49:39,616 : INFO : EventManager : Event: ======'mode_game_starting'====== Args={'buttons': [], 'hold_time': 0.14000000000010004}
2022-09-11 17:49:39,617 : INFO : EventManager : Event: ======'mode_attract_will_stop'====== Args={}
2022-09-11 17:49:39,617 : INFO : EventManager : Event: ======'mode_attract_stopping'====== Args={}
2022-09-11 17:49:39,617 : INFO : Mode.attract : Stopped.
2022-09-11 17:49:39,617 : INFO : EventManager : Event: ======'modes_active_modes_changed'====== Args={}
2022-09-11 17:49:39,620 : INFO : EventManager : Event: ======'mode_attract_stopped'====== Args={}
2022-09-11 17:49:39,620 : INFO : EventManager : Event: ======'clear'====== Args={'key': 'attract'}
2022-09-11 17:49:39,622 : INFO : Mode.game : Started. Priority: 20
2022-09-11 17:49:39,622 : INFO : EventManager : Event: ======'modes_active_modes_changed'====== Args={}
2022-09-11 17:49:39,622 : INFO : EventManager : Event: ======'mode_game_started'====== Args={'buttons': [], 'hold_time': 0.14000000000010004}
2022-09-11 17:49:39,631 : INFO : EventManager : Event: ======'game_will_start'====== Args={}
2022-09-11 17:49:39,631 : INFO : EventManager : Event: ======'game_starting'====== Args={'game': <Mode.game>}
2022-09-11 17:49:39,634 : INFO : EventManager : Event: ======'player_add_request'====== Args={}
2022-09-11 17:49:39,634 : INFO : EventManager : Event: ======'slide_show_3.slide_player-0_removed'====== Args={'_from_bcp': True}
2022-09-11 17:49:39,634 : INFO : EventManager : Event: ======'slide_window1_blank_active'====== Args={'_from_bcp': True}
2022-09-11 17:49:39,635 : INFO : EventManager : Event: ======'player_will_add'====== Args={'number': 1}
2022-09-11 17:49:39,636 : INFO : EventManager : Event: ======'player_adding'====== Args={'player': <Player 1>, 'number': 1}
2022-09-11 17:49:39,636 : INFO : EventManager : Event: ======'player_added'====== Args={'player': <Player 1>, 'num': 1}
2022-09-11 17:49:39,636 : INFO : Mode.game : Player added successfully. Total players: 1
2022-09-11 17:49:39,637 : INFO : EventManager : Event: ======'player_index'====== Args={'value': 0, 'prev_value': 0, 'change': 0, 'player_num': 1}
2022-09-11 17:49:39,637 : INFO : EventManager : Event: ======'player_number'====== Args={'value': 1, 'prev_value': 1, 'change': 0, 'player_num': 1}
2022-09-11 17:49:39,638 : INFO : EventManager : Event: ======'player_mode_value'====== Args={'value': 1000000, 'prev_value': 1000000, 'change': 0, 'player_num': 1}
2022-09-11 17:49:39,638 : INFO : EventManager : Event: ======'player_bonus_multiplier'====== Args={'value': 1, 'prev_value': 1, 'change': 0, 'player_num': 1}
2022-09-11 17:49:39,639 : INFO : EventManager : Event: ======'player_playfield_multiplier'====== Args={'value': 1, 'prev_value': 1, 'change': 0, 'player_num': 1}
2022-09-11 17:49:39,639 : INFO : EventManager : Event: ======'player_score'====== Args={'value': 0, 'prev_value': 0, 'change': 0, 'player_num': 1}
2022-09-11 17:49:39,640 : INFO : EventManager : Event: ======'game_started'====== Args={}
2022-09-11 17:49:39,661 : INFO : EventManager : Event: ======'player_turn_will_start'====== Args={'player': <Player 1>, 'number': 1}
2022-09-11 17:49:39,662 : INFO : EventManager : Event: ======'player_turn_starting'====== Args={'player': <Player 1>, 'number': 1}
2022-09-11 17:49:39,663 : INFO : EventManager : Event: ======'player_ball'====== Args={'value': 1, 'prev_value': 0, 'change': 1, 'player_num': 1}
2022-09-11 17:49:39,663 : INFO : EventManager : Event: ======'player_turn_started'====== Args={'player': <Player 1>, 'number': 1}
2022-09-11 17:49:39,664 : INFO : EventManager : Event: ======'ball_will_start'====== Args={'player': 1, 'ball': 1, 'balls_remaining': 2, 'is_extra_ball': False}
2022-09-11 17:49:39,668 : INFO : EventManager : Event: ======'ball_starting'====== Args={'player': 1, 'ball': 1, 'balls_remaining': 2, 'is_extra_ball': False}
2022-09-11 17:49:39,668 : INFO : EventManager : Event: ======'balls_in_play'====== Args={'balls': 1}
2022-09-11 17:49:39,668 : INFO : EventManager : Event: ======'ball_started'====== Args={'player': 1, 'ball': 1, 'balls_remaining': 2, 'is_extra_ball': False}
2022-09-11 17:49:39,669 : INFO : EventManager : Event: ======'mode_combos_will_start'====== Args={'player': 1, 'ball': 1, 'balls_remaining': 2, 'is_extra_ball': False}
2022-09-11 17:49:39,674 : INFO : EventManager : Event: ======'mode_combos_starting'====== Args={'player': 1, 'ball': 1, 'balls_remaining': 2, 'is_extra_ball': False}
2022-09-11 17:49:39,674 : INFO : EventManager : Event: ======'mode_super_features_will_start'====== Args={'player': 1, 'ball': 1, 'balls_remaining': 2, 'is_extra_ball': False}
2022-09-11 17:49:39,674 : INFO : EventManager : Event: ======'achievement_super_spinners_changed_state'====== Args={'restore': False, 'state': 'disabled', 'selected': False}
2022-09-11 17:49:39,674 : INFO : EventManager : Event: ======'achievement_super_spinners_state_disabled'====== Args={'restore': False, 'state': 'disabled', 'selected': False}
2022-09-11 17:49:39,674 : INFO : EventManager : Event: ======'achievement_super_targets_changed_state'====== Args={'restore': False, 'state': 'disabled', 'selected': False}
2022-09-11 17:49:39,674 : INFO : EventManager : Event: ======'achievement_super_targets_state_disabled'====== Args={'restore': False, 'state': 'disabled', 'selected': False}
2022-09-11 17:49:39,674 : INFO : EventManager : Event: ======'achievement_super_lanes_changed_state'====== Args={'restore': False, 'state': 'disabled', 'selected': False}
2022-09-11 17:49:39,675 : INFO : EventManager : Event: ======'achievement_super_lanes_state_disabled'====== Args={'restore': False, 'state': 'disabled', 'selected': False}
2022-09-11 17:49:39,675 : INFO : EventManager : Event: ======'achievement_super_slings_changed_state'====== Args={'restore': False, 'state': 'disabled', 'selected': False}
2022-09-11 17:49:39,675 : INFO : EventManager : Event: ======'achievement_super_slings_state_disabled'====== Args={'restore': False, 'state': 'disabled', 'selected': False}
2022-09-11 17:49:39,677 : INFO : EventManager : Event: ======'mode_super_features_starting'====== Args={'player': 1, 'ball': 1, 'balls_remaining': 2, 'is_extra_ball': False}
2022-09-11 17:49:39,677 : INFO : EventManager : Event: ======'mode_base_will_start'====== Args={'player': 1, 'ball': 1, 'balls_remaining': 2, 'is_extra_ball': False}
2022-09-11 17:49:39,678 : INFO : EventManager : Event: ======'player_shot_l_lane_enabled'====== Args={'value': True, 'prev_value': 0, 'change': 1, 'player_num': 1}
2022-09-11 17:49:39,679 : INFO : EventManager : Event: ======'player_shot_r_lane_enabled'====== Args={'value': True, 'prev_value': 0, 'change': 1, 'player_num': 1}
2022-09-11 17:49:39,679 : INFO : EventManager : Event: ======'player_shot_center_target_enabled'====== Args={'value': True, 'prev_value': 0, 'change': 1, 'player_num': 1}
2022-09-11 17:49:39,680 : INFO : EventManager : Event: ======'bonus_lanes_complete'====== Args={'state': 'unlit'}
2022-09-11 17:49:39,680 : INFO : EventManager : Event: ======'bonus_lanes_unlit_complete'====== Args={}
2022-09-11 17:49:39,680 : INFO : EventManager : Event: ======'player_extra_ball_two_modes_complete_num_awarded'====== Args={'value': 0, 'prev_value': 0, 'change': 0, 'player_num': 1}
2022-09-11 17:49:39,681 : INFO : EventManager : Event: ======'achievement_mission1_changed_state'====== Args={'restore': False, 'state': 'disabled', 'selected': False}
2022-09-11 17:49:39,681 : INFO : EventManager : Event: ======'achievement_mission1_state_disabled'====== Args={'restore': False, 'state': 'disabled', 'selected': False}
2022-09-11 17:49:39,681 : INFO : EventManager : Event: ======'achievement_mission2_changed_state'====== Args={'restore': False, 'state': 'disabled', 'selected': False}
2022-09-11 17:49:39,681 : INFO : EventManager : Event: ======'achievement_mission2_state_disabled'====== Args={'restore': False, 'state': 'disabled', 'selected': False}
2022-09-11 17:49:39,682 : INFO : EventManager : Event: ======'achievement_mission3_changed_state'====== Args={'restore': False, 'state': 'disabled', 'selected': False}
2022-09-11 17:49:39,682 : INFO : EventManager : Event: ======'achievement_mission3_state_disabled'====== Args={'restore': False, 'state': 'disabled', 'selected': False}
2022-09-11 17:49:39,682 : INFO : EventManager : Event: ======'achievement_mission4_changed_state'====== Args={'restore': False, 'state': 'disabled', 'selected': False}
2022-09-11 17:49:39,682 : INFO : EventManager : Event: ======'achievement_mission4_state_disabled'====== Args={'restore': False, 'state': 'disabled', 'selected': False}
2022-09-11 17:49:39,691 : INFO : EventManager : Event: ======'mode_base_starting'====== Args={'player': 1, 'ball': 1, 'balls_remaining': 2, 'is_extra_ball': False}
2022-09-11 17:49:39,691 : INFO : drop_target_bank.main : 3 targets are down. Will reset those.
2022-09-11 17:49:39,691 : INFO : coil.c_target_reset : Pulsing Driver for 40ms (1.0 pulse_power)
2022-09-11 17:49:39,692 : INFO : Mode.super_features : Started. Priority: 100
2022-09-11 17:49:39,693 : INFO : EventManager : Event: ======'modes_active_modes_changed'====== Args={}
2022-09-11 17:49:39,693 : INFO : EventManager : Event: ======'mode_super_features_started'====== Args={'player': 1, 'ball': 1, 'balls_remaining': 2, 'is_extra_ball': False}
2022-09-11 17:49:39,693 : INFO : Mode.combos : Started. Priority: 700
2022-09-11 17:49:39,693 : INFO : EventManager : Event: ======'modes_active_modes_changed'====== Args={}
2022-09-11 17:49:39,693 : INFO : EventManager : Event: ======'mode_combos_started'====== Args={'player': 1, 'ball': 1, 'balls_remaining': 2, 'is_extra_ball': False}
2022-09-11 17:49:39,694 : INFO : EventManager : Event: ======'logicblock_mode_completion_counter_updated'====== Args={'value': 0, 'enabled': True}
2022-09-11 17:49:39,694 : INFO : EventManager : Event: ======'logicblock_mode_completion_counter_updated'====== Args={'value': 0, 'enabled': True}
2022-09-11 17:49:39,694 : INFO : Mode.base : Started. Priority: 100
2022-09-11 17:49:39,694 : INFO : EventManager : Event: ======'modes_active_modes_changed'====== Args={}
2022-09-11 17:49:39,694 : INFO : EventManager : Event: ======'mode_base_started'====== Args={'player': 1, 'ball': 1, 'balls_remaining': 2, 'is_extra_ball': False}
2022-09-11 17:49:39,695 : INFO : EventManager : Event: ======'ball_save_base_save_enabled'====== Args={}
2022-09-11 17:49:39,695 : INFO : EventManager : Event: ======'mode_spell_galaxy_will_start'====== Args={'player': 1, 'ball': 1, 'balls_remaining': 2, 'is_extra_ball': False}
2022-09-11 17:49:39,696 : INFO : EventManager : Event: ======'player_shot_galaxy_advance_enabled'====== Args={'value': True, 'prev_value': 0, 'change': 1, 'player_num': 1}
2022-09-11 17:49:39,698 : INFO : EventManager : Event: ======'mode_spell_galaxy_starting'====== Args={'player': 1, 'ball': 1, 'balls_remaining': 2, 'is_extra_ball': False}
2022-09-11 17:49:39,699 : INFO : EventManager : Event: ======'mode_add_mode_value_will_start'====== Args={'player': 1, 'ball': 1, 'balls_remaining': 2, 'is_extra_ball': False}
2022-09-11 17:49:39,699 : INFO : EventManager : Event: ======'mode_add_mode_value_starting'====== Args={'player': 1, 'ball': 1, 'balls_remaining': 2, 'is_extra_ball': False}
2022-09-11 17:49:39,699 : INFO : EventManager : Event: ======'mode_spell_warp_will_start'====== Args={'player': 1, 'ball': 1, 'balls_remaining': 2, 'is_extra_ball': False}
2022-09-11 17:49:39,700 : INFO : EventManager : Event: ======'player_shot_warp_advance_enabled'====== Args={'value': True, 'prev_value': 0, 'change': 1, 'player_num': 1}
2022-09-11 17:49:39,701 : INFO : EventManager : Event: ======'mode_spell_warp_starting'====== Args={'player': 1, 'ball': 1, 'balls_remaining': 2, 'is_extra_ball': False}
2022-09-11 17:49:39,701 : INFO : EventManager : Event: ======'mode_spell_portal_will_start'====== Args={'player': 1, 'ball': 1, 'balls_remaining': 2, 'is_extra_ball': False}
2022-09-11 17:49:39,702 : INFO : EventManager : Event: ======'player_shot_portal_advance_enabled'====== Args={'value': True, 'prev_value': 0, 'change': 1, 'player_num': 1}
2022-09-11 17:49:39,705 : INFO : EventManager : Event: ======'mode_spell_portal_starting'====== Args={'player': 1, 'ball': 1, 'balls_remaining': 2, 'is_extra_ball': False}
2022-09-11 17:49:39,705 : INFO : drop_target_bank.main : 3 targets are down. Will reset those.
2022-09-11 17:49:39,706 : INFO : Mode.add_mode_value : Started. Priority: 200
2022-09-11 17:49:39,706 : INFO : EventManager : Event: ======'modes_active_modes_changed'====== Args={}
2022-09-11 17:49:39,706 : INFO : EventManager : Event: ======'mode_add_mode_value_started'====== Args={'player': 1, 'ball': 1, 'balls_remaining': 2, 'is_extra_ball': False}
2022-09-11 17:49:39,706 : INFO : EventManager : Event: ======'single_player_ball_started'====== Args={}
2022-09-11 17:49:39,724 : INFO : EventManager : Event: ======'logicblock_galaxy_counter_updated'====== Args={'value': 0, 'enabled': True}
2022-09-11 17:49:39,725 : INFO : EventManager : Event: ======'logicblock_galaxy_counter_updated'====== Args={'value': 0, 'enabled': True}
2022-09-11 17:49:39,725 : INFO : Mode.spell_galaxy : Started. Priority: 200
2022-09-11 17:49:39,725 : INFO : EventManager : Event: ======'modes_active_modes_changed'====== Args={}
2022-09-11 17:49:39,725 : INFO : EventManager : Event: ======'mode_spell_galaxy_started'====== Args={'player': 1, 'ball': 1, 'balls_remaining': 2, 'is_extra_ball': False}
2022-09-11 17:49:39,725 : INFO : EventManager : Event: ======'logicblock_warp_counter_updated'====== Args={'value': 0, 'enabled': True}
2022-09-11 17:49:39,725 : INFO : EventManager : Event: ======'logicblock_warp_counter_updated'====== Args={'value': 0, 'enabled': True}
2022-09-11 17:49:39,725 : INFO : Mode.spell_warp : Started. Priority: 200
2022-09-11 17:49:39,725 : INFO : EventManager : Event: ======'modes_active_modes_changed'====== Args={}
2022-09-11 17:49:39,725 : INFO : EventManager : Event: ======'mode_spell_warp_started'====== Args={'player': 1, 'ball': 1, 'balls_remaining': 2, 'is_extra_ball': False}
2022-09-11 17:49:39,725 : INFO : EventManager : Event: ======'logicblock_portal_counter_updated'====== Args={'value': 0, 'enabled': True}
2022-09-11 17:49:39,726 : INFO : EventManager : Event: ======'logicblock_portal_counter_updated'====== Args={'value': 0, 'enabled': True}
2022-09-11 17:49:39,726 : INFO : Mode.spell_portal : Started. Priority: 200
2022-09-11 17:49:39,726 : INFO : EventManager : Event: ======'modes_active_modes_changed'====== Args={}
2022-09-11 17:49:39,726 : INFO : EventManager : Event: ======'mode_spell_portal_started'====== Args={'player': 1, 'ball': 1, 'balls_remaining': 2, 'is_extra_ball': False}
2022-09-11 17:49:39,726 : INFO : EventManager : Event: ======'achievement_super_spinners_changed_state'====== Args={'restore': False, 'state': 'enabled', 'selected': False}
2022-09-11 17:49:39,726 : INFO : EventManager : Event: ======'achievement_super_spinners_state_enabled'====== Args={'restore': False, 'state': 'enabled', 'selected': False}
2022-09-11 17:49:39,727 : INFO : EventManager : Event: ======'achievement_super_targets_changed_state'====== Args={'restore': False, 'state': 'enabled', 'selected': False}
2022-09-11 17:49:39,727 : INFO : EventManager : Event: ======'achievement_super_targets_state_enabled'====== Args={'restore': False, 'state': 'enabled', 'selected': False}
2022-09-11 17:49:39,727 : INFO : EventManager : Event: ======'achievement_super_lanes_changed_state'====== Args={'restore': False, 'state': 'enabled', 'selected': False}
2022-09-11 17:49:39,727 : INFO : EventManager : Event: ======'achievement_super_lanes_state_enabled'====== Args={'restore': False, 'state': 'enabled', 'selected': False}
2022-09-11 17:49:39,727 : INFO : EventManager : Event: ======'achievement_super_slings_changed_state'====== Args={'restore': False, 'state': 'enabled', 'selected': False}
2022-09-11 17:49:39,727 : INFO : EventManager : Event: ======'achievement_super_slings_state_enabled'====== Args={'restore': False, 'state': 'enabled', 'selected': False}
2022-09-11 17:49:39,727 : INFO : EventManager : Event: ======'achievement_super_targets_changed_state'====== Args={'restore': False, 'state': 'enabled', 'selected': True}
2022-09-11 17:49:39,727 : INFO : EventManager : Event: ======'achievement_super_targets_state_enabled'====== Args={'restore': False, 'state': 'enabled', 'selected': True}
2022-09-11 17:49:39,728 : INFO : EventManager : Event: ======'achievement_super_targets_state_selected'====== Args={'restore': False, 'state': 'enabled', 'selected': True}
2022-09-11 17:49:39,729 : INFO : EventManager : Event: ======'ball_start_target'====== Args={'target': 'playfield'}
2022-09-11 17:49:39,730 : INFO : coil.c_target_reset : Pulsing Driver for 40ms (1.0 pulse_power)
2022-09-11 17:49:39,748 : INFO : ball_device.bd_drain : Setting up player-controlled eject. Balls: 1, Target: <playfield.playfield>, player_controlled_eject_event: s_action_button_active
2022-09-11 17:49:39,749 : INFO : EventManager : Event: ======'balldevice_balls_available'====== Args={}
2022-09-11 17:49:39,751 : INFO : EventManager : Event: ======'slide_score_slide_created'====== Args={'_from_bcp': True}
2022-09-11 17:49:39,751 : INFO : EventManager : Event: ======'slide_score_slide_active'====== Args={'_from_bcp': True}
2022-09-11 17:49:39,752 : INFO : ball_device.bd_drain : State: waiting_for_target_ready
2022-09-11 17:49:39,752 : INFO : EventManager : Event: ======'balldevice_bd_drain_ball_eject_attempt'====== Args={'balls': 1, 'target': <playfield.playfield>, 'source': <ball_device.bd_drain>, 'mechanical_eject': True, 'num_attempts': 0}
2022-09-11 17:49:39,753 : INFO : ball_device.bd_drain : State: ejecting
2022-09-11 17:49:39,753 : INFO : ball_device.bd_drain : Ejecting ball to <playfield.playfield>
2022-09-11 17:49:39,753 : INFO : EventManager : Event: ======'balldevice_bd_drain_ejecting_ball'====== Args={'balls': 1, 'target': <playfield.playfield>, 'source': <ball_device.bd_drain>, 'mechanical_eject': True, 'num_attempts': 0}
2022-09-11 17:49:39,754 : INFO : ball_device.bd_drain : Wait for ball to leave device
2022-09-11 17:49:39,870 : INFO : SwitchController : <<<<<<< 's_drop_target5' inactive >>>>>>>
2022-09-11 17:49:39,918 : INFO : SwitchController : <<<<<<< 's_drop_target3' inactive >>>>>>>
2022-09-11 17:49:39,934 : INFO : SwitchController : <<<<<<< 's_drop_target1' inactive >>>>>>>
2022-09-11 17:49:40,193 : INFO : EventManager : Event: ======'drop_target_far_right_up'====== Args={'device': <drop_target.far_right>}
2022-09-11 17:49:40,193 : INFO : EventManager : Event: ======'drop_target_bank_main_mixed'====== Args={'prev_value': <DropTargetBankState.MIXED: 'mixed'>, 'down': 2}
2022-09-11 17:49:40,194 : INFO : EventManager : Event: ======'drop_target_far_left_up'====== Args={'device': <drop_target.far_left>}
2022-09-11 17:49:40,194 : INFO : EventManager : Event: ======'drop_target_bank_main_mixed'====== Args={'prev_value': <DropTargetBankState.MIXED: 'mixed'>, 'down': 1}
2022-09-11 17:49:40,194 : INFO : EventManager : Event: ======'drop_target_middle_up'====== Args={'device': <drop_target.middle>}
2022-09-11 17:49:40,195 : INFO : EventManager : Event: ======'drop_target_bank_main_up'====== Args={}
2022-09-11 17:49:40,846 : INFO : SwitchController : <<<<<<< 's_left_inlane' active >>>>>>>
2022-09-11 17:49:40,846 : INFO : EventManager : Event: ======'playfield_active'====== Args={}
2022-09-11 17:49:40,847 : INFO : EventManager : Event: ======'s_left_inlane_active'====== Args={}
2022-09-11 17:49:40,847 : INFO : EventManager : Event: ======'machine_var_audits_switches_s_left_inlane'====== Args={'value': 749, 'prev_value': 748, 'change': 1}
2022-09-11 17:49:40,849 : INFO : EventManager : Event: ======'mode_mini_wizard_lit_will_start'====== Args={}
2022-09-11 17:49:40,850 : INFO : EventManager : Event: ======'mode_mini_wizard_lit_starting'====== Args={}
2022-09-11 17:49:40,850 : INFO : EventManager : Event: ======'player_shot_l_lane'====== Args={'value': 1, 'prev_value': 0, 'change': 1, 'player_num': 1}
2022-09-11 17:49:40,851 : INFO : EventManager : Event: ======'machine_var_audits_shots_l_lane'====== Args={'value': 746, 'prev_value': 745, 'change': 1}
2022-09-11 17:49:40,851 : INFO : EventManager : Event: ======'l_lane_hit'====== Args={'profile': 'default', 'state': 'unlit', 'advancing': True}
2022-09-11 17:49:40,852 : INFO : EventManager : Event: ======'l_lane_default_hit'====== Args={'profile': 'default', 'state': 'unlit', 'advancing': True}
2022-09-11 17:49:40,852 : INFO : EventManager : Event: ======'l_lane_default_unlit_hit'====== Args={'profile': 'default', 'state': 'unlit', 'advancing': True}
2022-09-11 17:49:40,852 : INFO : EventManager : Event: ======'l_lane_unlit_hit'====== Args={'profile': 'default', 'state': 'unlit', 'advancing': True}
2022-09-11 17:49:40,852 : INFO : EventManager : Event: ======'player_score'====== Args={'value': 10000, 'prev_value': 0, 'change': 10000, 'player_num': 1}
2022-09-11 17:49:40,852 : INFO : EventManager : Event: ======'player_switches'====== Args={'value': 1, 'prev_value': 0, 'change': 1, 'player_num': 1}
2022-09-11 17:49:40,853 : INFO : EventManager : Event: ======'bonus_lanes_hit'====== Args={}
2022-09-11 17:49:40,853 : INFO : EventManager : Event: ======'bonus_lanes_unlit_hit'====== Args={}
2022-09-11 17:49:40,853 : INFO : Mode.mini_wizard_lit : Started. Priority: 800
2022-09-11 17:49:40,854 : INFO : EventManager : Event: ======'modes_active_modes_changed'====== Args={}
2022-09-11 17:49:40,854 : INFO : EventManager : Event: ======'mode_mini_wizard_lit_started'====== Args={}
2022-09-11 17:49:41,054 : INFO : SwitchController : <<<<<<< 's_left_inlane' inactive >>>>>>>
2022-09-11 17:49:45,557 : INFO : Machine : Shutting down...
2022-09-11 17:49:45,557 : INFO : EventManager : Event: ======'shutdown'====== Args={}
2022-09-11 17:49:45,588 : WARNING : FAST : Port NET received more messages than were sent! Resetting!
2022-09-11 17:49:45,588 : WARNING : FAST : Port RGB received more messages than were sent! Resetting!
2022-09-11 17:49:45,588 : WARNING : FAST : Received unknown serial command? BX:P from RGB.
2022-09-11 17:49:45,666 : ERROR : FAST : Stop called on serial connection com7
2022-09-11 17:49:45,666 : ERROR : FAST : Stop called on serial connection com8
2022-09-11 17:49:45,884 : INFO : root : MPF run loop ended.
