2022-08-21 15:18:56,665 : kivy : Factory: 186 symbols loaded
2022-08-21 15:18:56,806 : kivy : ImageLoaderFFPy: Using ffpyplayer 4.3.2
2022-08-21 15:18:56,806 : kivy : Image: Providers: img_tex, img_dds, img_sdl2, img_pil, img_ffpyplayer 
2022-08-21 15:18:56,844 : kivy : VideoGstplayer: Using Gstreamer 1.18.0.0
2022-08-21 15:18:56,844 : kivy : Video: Provider: gstplayer
2022-08-21 15:18:56,997 : kivy : Loading MPF-MC controller
2022-08-21 15:18:57,517 : ConfigProcessor : Config spec file cache created: C:\Users\Brendan\AppData\Local\Temp\config_spec.mpf_cache
2022-08-21 15:18:57,518 : YamlMultifileConfigLoader : Machine config file #1: config
2022-08-21 15:18:57,518 : ConfigProcessor : Config file in cache changed: C:\Baby_pacman_code\machine\config\config
2022-08-21 15:18:57,518 : ConfigProcessor : Loading config from file c:\users\brendan\appdata\local\programs\python\python37\lib\site-packages\mpfmc\mcconfig.yaml.
2022-08-21 15:18:57,569 : ConfigProcessor : Loading config: c:\users\brendan\appdata\local\programs\python\python37\lib\site-packages\mpfmc\mcconfig.yaml
2022-08-21 15:18:57,569 : ConfigProcessor : Loading config from file C:\Baby_pacman_code\machine\config\config.
2022-08-21 15:18:57,696 : ConfigProcessor : Loading config: C:\Baby_pacman_code\machine\config\config
2022-08-21 15:18:57,698 : ConfigProcessor : Config file cache created: C:\Users\Brendan\AppData\Local\Temp\e68bda1e95a8aa0185725ca2569cabab.mpf_cache
2022-08-21 15:18:57,699 : ConfigProcessor : Loading config from cache: C:\Users\Brendan\AppData\Local\Temp\467e7647689d29fad6adf949e1f4d51d.mpf_cache
2022-08-21 15:18:57,699 : ConfigProcessor : Loading config from cache: C:\Users\Brendan\AppData\Local\Temp\5550e037aa776b42b91b29b40b356c70.mpf_cache
2022-08-21 15:18:57,700 : ConfigProcessor : Loading config from cache: C:\Users\Brendan\AppData\Local\Temp\15e0c601392b30c3d9ba3ead8131edb5.mpf_cache
2022-08-21 15:18:57,701 : ConfigProcessor : Loading config from cache: C:\Users\Brendan\AppData\Local\Temp\0bf50917c4ef15ab65ee13d6c14e7d7c.mpf_cache
2022-08-21 15:18:57,701 : ConfigProcessor : Loading config from cache: C:\Users\Brendan\AppData\Local\Temp\bc7da7b13b2754e080c2afa0678ac274.mpf_cache
2022-08-21 15:18:57,702 : ConfigProcessor : Loading config from cache: C:\Users\Brendan\AppData\Local\Temp\bbd59d0bb6602ee0c5a89d6f85e6dd42.mpf_cache
2022-08-21 15:18:57,702 : ConfigProcessor : Loading config from cache: C:\Users\Brendan\AppData\Local\Temp\5526c78976fee311c3d05505d75f653d.mpf_cache
2022-08-21 15:18:57,703 : ConfigProcessor : Loading config from cache: C:\Users\Brendan\AppData\Local\Temp\6e95138ae5415fc76b53ebf8fa245fb5.mpf_cache
2022-08-21 15:18:57,703 : ConfigProcessor : Loading config from cache: C:\Users\Brendan\AppData\Local\Temp\1ec1c4dffb383758956493783a9ed391.mpf_cache
2022-08-21 15:18:57,704 : ConfigProcessor : Loading config from cache: C:\Users\Brendan\AppData\Local\Temp\f2aee92728c8017b77c710c804dd7f5a.mpf_cache
2022-08-21 15:18:57,705 : ConfigProcessor : Loading config from cache: C:\Users\Brendan\AppData\Local\Temp\88f57fa1305e9dc100972ec9f84d57fe.mpf_cache
2022-08-21 15:18:57,705 : ConfigProcessor : Loading config from cache: C:\Users\Brendan\AppData\Local\Temp\6e00a9d794d4c3f43a0fc48da04dac60.mpf_cache
2022-08-21 15:18:57,706 : ConfigProcessor : Loading config from cache: C:\Users\Brendan\AppData\Local\Temp\05ef98219fc733c3bcab58726c4b37ef.mpf_cache
2022-08-21 15:18:57,707 : ConfigProcessor : Loading config from cache: C:\Users\Brendan\AppData\Local\Temp\c22d657a5a7bb60632c2be2c735e073b.mpf_cache
2022-08-21 15:18:57,707 : ConfigProcessor : Loading config from cache: C:\Users\Brendan\AppData\Local\Temp\f7d4f5eb9425fe84d2e83a363afd4bdf.mpf_cache
2022-08-21 15:18:57,708 : ConfigProcessor : Loading config from cache: C:\Users\Brendan\AppData\Local\Temp\125f51d329f930ea7bff10973551cc26.mpf_cache
2022-08-21 15:18:57,708 : ConfigProcessor : Loading config from cache: C:\Users\Brendan\AppData\Local\Temp\08e18dfdf4e02cd29cc0cc52be2faaf4.mpf_cache
2022-08-21 15:18:57,709 : ConfigProcessor : Loading config from cache: C:\Users\Brendan\AppData\Local\Temp\f042f5bf6362b9e04d43b40b93a92057.mpf_cache
2022-08-21 15:18:57,709 : ConfigProcessor : Loading config from cache: C:\Users\Brendan\AppData\Local\Temp\60badac06cd62deb71f25fac24b103c2.mpf_cache
2022-08-21 15:18:57,710 : mpfmc : Mission Pinball Framework Media Controller v0.55.0
2022-08-21 15:18:57,710 : mpfmc : Mission Pinball Framework Game Engine v0.55.0
2022-08-21 15:18:57,710 : mpfmc : Machine path: C:\Baby_pacman_code\machine
2022-08-21 15:18:57,710 : mpfmc : Starting clock at 60.0Hz
2022-08-21 15:18:57,721 : kivy : Text: Provider: sdl2
2022-08-21 15:18:57,754 : kivy : Window: Provider: sdl2
2022-08-21 15:18:57,824 : kivy : GL: Using the "OpenGL" graphics system
2022-08-21 15:18:57,825 : kivy : GL: GLEW initialization succeeded
2022-08-21 15:18:57,825 : kivy : GL: Backend used <glew>
2022-08-21 15:18:57,825 : kivy : GL: OpenGL version <b'3.1.0 - Build 9.17.10.3517'>
2022-08-21 15:18:57,825 : kivy : GL: OpenGL vendor <b'Intel'>
2022-08-21 15:18:57,825 : kivy : GL: OpenGL renderer <b'Intel(R) HD Graphics 2000'>
2022-08-21 15:18:57,825 : kivy : GL: OpenGL parsed version: 3, 1
2022-08-21 15:18:57,825 : kivy : GL: Shading version <b'1.40 - Intel Build 9.17.10.3517'>
2022-08-21 15:18:57,825 : kivy : GL: Texture max size <8192>
2022-08-21 15:18:57,825 : kivy : GL: Texture max units <16>
2022-08-21 15:18:57,893 : kivy : Window: auto add sdl2 input provider
2022-08-21 15:18:57,894 : kivy : Window: virtual keyboard not allowed, single mode, not docked
2022-08-21 15:18:58,061 : AudioInterface : Initialized
2022-08-21 15:18:58,061 : AudioInterface : Loaded SDL 2.0.12
2022-08-21 15:18:58,061 : AudioInterface : Loaded SDL_Mixer 2.0.4
2022-08-21 15:18:58,061 : AudioInterface : Loaded GStreamer 1.18.0.0
2022-08-21 15:18:58,061 : AudioInterface : Loaded GLib 2.62.6
2022-08-21 15:18:58,062 : AudioInterface : Settings requested - rate: 44100, channels: 1, buffer: 2048 samples
2022-08-21 15:18:58,062 : AudioInterface : Settings in use - rate: 44100, channels: 1, buffer: 2048 samples (4096 bytes @ 2 bytes per sample)
2022-08-21 15:18:58,062 : SoundSystem : Setting master volume to 0.0
2022-08-21 15:18:58,062 : SoundSystem : master_volume in sound_system is deprecated and will be removed in the future.
2022-08-21 15:18:58,062 : AudioInterface : Enabling audio playback
2022-08-21 15:18:58,064 : kivy : Base: Start application main loop
2022-08-21 15:18:58,065 : EventManager : Event: ======'display_window_initialized'====== Args={}
2022-08-21 15:18:58,250 : mpfmc : Display: Setting 'window' as default display
2022-08-21 15:18:58,257 : mpfmc : ASPECT RATIO MISMATCH: The on-screen window is not the same aspect ratio as the display called 'window'. The logical display will be scaled from 1366x768 to the window size 1916x1054, and a black bar will make up the difference
2022-08-21 15:18:58,258 : EventManager : Event: ======'displays_initialized'====== Args={}
2022-08-21 15:18:58,260 : EventManager : Event: ======'slide_window_blank_created'====== Args={}
2022-08-21 15:18:58,260 : EventManager : Event: ======'display_window_ready'====== Args={}
2022-08-21 15:18:58,269 : EventManager : Event: ======'init_phase_1'====== Args={}
2022-08-21 15:18:58,275 : EventManager : Event: ======'mc_ready'====== Args={}
2022-08-21 15:18:58,275 : EventManager : Event: ======'init_phase_2'====== Args={}
2022-08-21 15:18:58,302 : EventManager : Event: ======'init_phase_3'====== Args={}
2022-08-21 15:18:58,308 : EventManager : Event: ======'init_phase_4'====== Args={}
2022-08-21 15:18:58,308 : EventManager : Event: ======'init_phase_5'====== Args={}
2022-08-21 15:18:58,356 : kivy : GL: NPOT texture support is available
2022-08-21 15:18:58,374 : kivy : GL: Unpack subimage support is available
2022-08-21 15:18:58,406 : EventManager : Event: ======'loading_assets'====== Args={'total': 27, 'loaded': 1, 'remaining': 26, 'percent': 4}
2022-08-21 15:18:58,406 : AssetManager : Loading assets: 1/27 (4%)
2022-08-21 15:18:59,582 : EventManager : Event: ======'loading_assets'====== Args={'total': 27, 'loaded': 2, 'remaining': 25, 'percent': 7}
2022-08-21 15:18:59,582 : AssetManager : Loading assets: 2/27 (7%)
2022-08-21 15:19:01,242 : EventManager : Event: ======'loading_assets'====== Args={'total': 27, 'loaded': 14, 'remaining': 13, 'percent': 52}
2022-08-21 15:19:01,242 : AssetManager : Loading assets: 14/27 (52%)
2022-08-21 15:19:02,004 : EventManager : Event: ======'loading_assets'====== Args={'total': 27, 'loaded': 27, 'remaining': 0, 'percent': 100}
2022-08-21 15:19:02,004 : AssetManager : Asset loading took: 3.941225290298462
2022-08-21 15:19:02,004 : EventManager : Event: ======'asset_loading_complete'====== Args={}
2022-08-21 15:19:02,004 : AssetManager : Loading assets: 27/27 (100%)
2022-08-21 15:19:02,004 : EventManager : Event: ======'init_done'====== Args={}
2022-08-21 15:19:02,005 : MPF-MC BCP Server : Starting up on localhost port 5050
2022-08-21 15:19:02,007 : MPF-MC BCP Server : Waiting for a connection...
2022-08-21 15:19:02,008 : EventManager : Event: ======'client_disconnected'====== Args={'host': '127.0.0.1', 'port': 5050}
2022-08-21 15:19:02,186 : MPF-MC BCP Server : Received connection from: 127.0.0.1:49236
2022-08-21 15:19:02,197 : EventManager : Event: ======'client_connected'====== Args={'host': '127.0.0.1', 'port': 49236}
2022-08-21 15:19:02,209 : EventManager : Event: ======'machine_var_fast_net_firmware'====== Args={'value': '01.05', 'prev_value': None, 'change': True}
2022-08-21 15:19:02,209 : EventManager : Event: ======'machine_var_fast_net_model'====== Args={'value': 'FP-CPU-002-2', 'prev_value': None, 'change': True}
2022-08-21 15:19:02,209 : EventManager : Event: ======'machine_var_fast_rgb_firmware'====== Args={'value': '01.00', 'prev_value': None, 'change': True}
2022-08-21 15:19:02,209 : EventManager : Event: ======'machine_var_fast_rgb_model'====== Args={'value': 'FP-CPU-002-2', 'prev_value': None, 'change': True}
2022-08-21 15:19:02,210 : EventManager : Event: ======'machine_var_credits_string'====== Args={'value': 'FREE PLAY', 'prev_value': None, 'change': True}
2022-08-21 15:19:02,210 : EventManager : Event: ======'machine_var_master_volume'====== Args={'value': 0.5, 'prev_value': None, 'change': True}
2022-08-21 15:19:02,210 : EventManager : Event: ======'machine_var_player1_score'====== Args={'value': 58540490, 'prev_value': None, 'change': True}
2022-08-21 15:19:02,210 : EventManager : Event: ======'machine_var_mpf_version'====== Args={'value': 'MPF v0.55.0', 'prev_value': None, 'change': True}
2022-08-21 15:19:02,210 : EventManager : Event: ======'machine_var_mpf_extended_version'====== Args={'value': 'MPF v0.55.0, Config version:5, Show version: 5, BCP version:1.1', 'prev_value': None, 'change': True}
2022-08-21 15:19:02,210 : EventManager : Event: ======'machine_var_python_version'====== Args={'value': '3.7.8', 'prev_value': None, 'change': True}
2022-08-21 15:19:02,211 : EventManager : Event: ======'machine_var_platform'====== Args={'value': 'Windows-7-6.1.7601-SP1', 'prev_value': None, 'change': True}
2022-08-21 15:19:02,211 : EventManager : Event: ======'machine_var_platform_system'====== Args={'value': 'Windows', 'prev_value': None, 'change': True}
2022-08-21 15:19:02,211 : EventManager : Event: ======'machine_var_platform_release'====== Args={'value': '7', 'prev_value': None, 'change': True}
2022-08-21 15:19:02,211 : EventManager : Event: ======'machine_var_platform_version'====== Args={'value': '6.1.7601', 'prev_value': None, 'change': True}
2022-08-21 15:19:02,211 : EventManager : Event: ======'machine_var_platform_machine'====== Args={'value': 'AMD64', 'prev_value': None, 'change': True}
2022-08-21 15:19:02,212 : EventManager : Event: ======'machine_var_mc_version'====== Args={'value': 'MPF-MC v0.55.0', 'prev_value': None, 'change': True}
2022-08-21 15:19:02,212 : EventManager : Event: ======'machine_var_mc_extended_version'====== Args={'value': 'MPF-MC v0.55.0 (config_version=5, BCP v1.1, Requires MPF v0.55.0-dev.49)', 'prev_value': None, 'change': True}
2022-08-21 15:19:02,212 : SoundSystem : Setting master volume to 0.5
2022-08-21 15:19:02,724 : EventManager : Event: ======'machine_var_audits_events_game_ended'====== Args={'value': 0, 'prev_value': None, 'change': True}
2022-08-21 15:19:02,724 : EventManager : Event: ======'machine_var_audits_events_game_started'====== Args={'value': 0, 'prev_value': None, 'change': True}
2022-08-21 15:19:02,724 : EventManager : Event: ======'machine_var_audits_player_score'====== Args={'value': {'average': 10318150.616438355, 'top': [198719690, 195274570, 161094530, 160419680, 140071820, 132769060, 132262360, 127113160, 121863670, 115954110], 'total': 584}, 'prev_value': None, 'change': True}
2022-08-21 15:19:02,724 : EventManager : Event: ======'machine_var_audits_shots_center_drop_mission1'====== Args={'value': 488, 'prev_value': None, 'change': True}
2022-08-21 15:19:02,724 : EventManager : Event: ======'machine_var_audits_shots_center_target'====== Args={'value': 27, 'prev_value': None, 'change': True}
2022-08-21 15:19:02,724 : EventManager : Event: ======'machine_var_audits_shots_drop_target1_mission2'====== Args={'value': 217, 'prev_value': None, 'change': True}
2022-08-21 15:19:02,724 : EventManager : Event: ======'machine_var_audits_shots_drop_target2_mission2'====== Args={'value': 249, 'prev_value': None, 'change': True}
2022-08-21 15:19:02,725 : EventManager : Event: ======'machine_var_audits_shots_drop_target3_mission2'====== Args={'value': 279, 'prev_value': None, 'change': True}
2022-08-21 15:19:02,725 : EventManager : Event: ======'machine_var_audits_shots_drop_target4_mission2'====== Args={'value': 255, 'prev_value': None, 'change': True}
2022-08-21 15:19:02,725 : EventManager : Event: ======'machine_var_audits_shots_drop_target5_mission2'====== Args={'value': 218, 'prev_value': None, 'change': True}
2022-08-21 15:19:02,725 : EventManager : Event: ======'machine_var_audits_shots_drop_targets_mission3'====== Args={'value': 1421, 'prev_value': None, 'change': True}
2022-08-21 15:19:02,725 : EventManager : Event: ======'machine_var_audits_shots_galaxy_advance'====== Args={'value': 1915, 'prev_value': None, 'change': True}
2022-08-21 15:19:02,725 : EventManager : Event: ======'machine_var_audits_shots_l_lane'====== Args={'value': 598, 'prev_value': None, 'change': True}
2022-08-21 15:19:02,725 : EventManager : Event: ======'machine_var_audits_shots_left_kicker_mission2'====== Args={'value': 151, 'prev_value': None, 'change': True}
2022-08-21 15:19:02,725 : EventManager : Event: ======'machine_var_audits_shots_left_kicker_mission4'====== Args={'value': 112, 'prev_value': None, 'change': True}
2022-08-21 15:19:02,725 : EventManager : Event: ======'machine_var_audits_shots_left_loop_mission1'====== Args={'value': 552, 'prev_value': None, 'change': True}
2022-08-21 15:19:02,726 : EventManager : Event: ======'machine_var_audits_shots_left_loop_mission2'====== Args={'value': 252, 'prev_value': None, 'change': True}
2022-08-21 15:19:02,726 : EventManager : Event: ======'machine_var_audits_shots_left_loop_mission4'====== Args={'value': 372, 'prev_value': None, 'change': True}
2022-08-21 15:19:02,726 : EventManager : Event: ======'machine_var_audits_shots_portal_advance'====== Args={'value': 4418, 'prev_value': None, 'change': True}
2022-08-21 15:19:02,726 : EventManager : Event: ======'machine_var_audits_shots_r_lane'====== Args={'value': 522, 'prev_value': None, 'change': True}
2022-08-21 15:19:02,726 : EventManager : Event: ======'machine_var_audits_shots_right_kicker_mission2'====== Args={'value': 134, 'prev_value': None, 'change': True}
2022-08-21 15:19:02,726 : EventManager : Event: ======'machine_var_audits_shots_right_kicker_mission4'====== Args={'value': 132, 'prev_value': None, 'change': True}
2022-08-21 15:19:02,726 : EventManager : Event: ======'machine_var_audits_shots_right_loop_mission1'====== Args={'value': 639, 'prev_value': None, 'change': True}
2022-08-21 15:19:02,726 : EventManager : Event: ======'machine_var_audits_shots_right_loop_mission2'====== Args={'value': 280, 'prev_value': None, 'change': True}
2022-08-21 15:19:02,736 : EventManager : Event: ======'machine_var_audits_shots_right_loop_mission4'====== Args={'value': 421, 'prev_value': None, 'change': True}
2022-08-21 15:19:02,736 : EventManager : Event: ======'machine_var_audits_shots_warp_advance'====== Args={'value': 1067, 'prev_value': None, 'change': True}
2022-08-21 15:19:02,736 : EventManager : Event: ======'machine_var_audits_switches_s_action_button'====== Args={'value': 3861, 'prev_value': None, 'change': True}
2022-08-21 15:19:02,736 : EventManager : Event: ======'machine_var_audits_switches_s_drain'====== Args={'value': 2671, 'prev_value': None, 'change': True}
2022-08-21 15:19:02,736 : EventManager : Event: ======'machine_var_audits_switches_s_drop_target1'====== Args={'value': 1792, 'prev_value': None, 'change': True}
2022-08-21 15:19:02,736 : EventManager : Event: ======'machine_var_audits_switches_s_drop_target2'====== Args={'value': 2090, 'prev_value': None, 'change': True}
2022-08-21 15:19:02,736 : EventManager : Event: ======'machine_var_audits_switches_s_drop_target3'====== Args={'value': 2472, 'prev_value': None, 'change': True}
2022-08-21 15:19:02,737 : EventManager : Event: ======'machine_var_audits_switches_s_drop_target4'====== Args={'value': 1997, 'prev_value': None, 'change': True}
2022-08-21 15:19:02,737 : EventManager : Event: ======'machine_var_audits_switches_s_drop_target5'====== Args={'value': 1895, 'prev_value': None, 'change': True}
2022-08-21 15:19:02,737 : EventManager : Event: ======'machine_var_audits_switches_s_left_captive_ball'====== Args={'value': 467, 'prev_value': None, 'change': True}
2022-08-21 15:19:02,737 : EventManager : Event: ======'machine_var_audits_switches_s_left_flipper'====== Args={'value': 33645, 'prev_value': None, 'change': True}
2022-08-21 15:19:02,737 : EventManager : Event: ======'machine_var_audits_switches_s_left_inlane'====== Args={'value': 598, 'prev_value': None, 'change': True}
2022-08-21 15:19:02,737 : EventManager : Event: ======'machine_var_audits_switches_s_left_inlane_far'====== Args={'value': 3714, 'prev_value': None, 'change': True}
2022-08-21 15:19:02,737 : EventManager : Event: ======'machine_var_audits_switches_s_left_kicker'====== Args={'value': 1474, 'prev_value': None, 'change': True}
2022-08-21 15:19:02,737 : EventManager : Event: ======'machine_var_audits_switches_s_left_sling'====== Args={'value': 6661, 'prev_value': None, 'change': True}
2022-08-21 15:19:02,737 : EventManager : Event: ======'machine_var_audits_switches_s_left_spinner'====== Args={'value': 19502, 'prev_value': None, 'change': True}
2022-08-21 15:19:02,737 : EventManager : Event: ======'machine_var_audits_switches_s_right_captive_ball'====== Args={'value': 489, 'prev_value': None, 'change': True}
2022-08-21 15:19:02,737 : EventManager : Event: ======'machine_var_audits_switches_s_right_flipper'====== Args={'value': 31215, 'prev_value': None, 'change': True}
2022-08-21 15:19:02,738 : EventManager : Event: ======'machine_var_audits_switches_s_right_inlane'====== Args={'value': 522, 'prev_value': None, 'change': True}
2022-08-21 15:19:02,738 : EventManager : Event: ======'machine_var_audits_switches_s_right_inlane_far'====== Args={'value': 5931, 'prev_value': None, 'change': True}
2022-08-21 15:19:02,738 : EventManager : Event: ======'machine_var_audits_switches_s_right_kicker'====== Args={'value': 1668, 'prev_value': None, 'change': True}
2022-08-21 15:19:02,738 : EventManager : Event: ======'machine_var_audits_switches_s_right_sling'====== Args={'value': 14022, 'prev_value': None, 'change': True}
2022-08-21 15:19:02,738 : EventManager : Event: ======'machine_var_audits_switches_s_right_spinner'====== Args={'value': 15891, 'prev_value': None, 'change': True}
2022-08-21 15:19:02,738 : EventManager : Event: ======'machine_var_audits_switches_s_start'====== Args={'value': 403, 'prev_value': None, 'change': True}
2022-08-21 15:19:02,760 : EventManager : Event: ======'mc_reset_phase_1'====== Args={}
2022-08-21 15:19:02,760 : EventManager : Event: ======'mc_reset_phase_2'====== Args={}
2022-08-21 15:19:02,760 : EventManager : Event: ======'mc_reset_phase_3'====== Args={}
2022-08-21 15:19:02,760 : EventManager : Event: ======'mc_reset_complete'====== Args={}
2022-08-21 15:19:02,773 : EventManager : Event: ======'slides_play'====== Args={'settings': {'widgets': {'widgets': [{'type': 'text', 'text': 'GAME OVER', 'font_size': 50, 'font_name': 'space_font', '_default_settings': ['type', 'text', 'font_size', 'font_name'], 'x': None, 'y': None, 'anchor_x': 'center', 'anchor_y': 'center', 'round_anchor_x': None, 'round_anchor_y': None, 'opacity': 1.0, 'z': 0, 'reset_animations_events': {}, 'color': [1.0, 1.0, 1.0, 1.0], 'style': [], 'adjust_top': 0, 'adjust_bottom': 0, 'adjust_left': 0, 'adjust_right': 0, 'expire': None, 'key': None, 'widget': None, 'events_when_added': [], 'events_when_removed': [], 'bitmap_font': False, 'font_kerning': True, 'bold': False, 'italic': False, 'number_grouping': False, 'min_digits': 0, 'halign': 'center', 'valign': 'middle', 'rotation': 0, 'scale': 1.0, 'casing': None, 'animations': None}, {'type': 'image', 'image': 'attract_background', '_default_settings': ['type', 'image'], 'x': None, 'y': None, 'anchor_x': 'center', 'anchor_y': 'center', 'round_anchor_x': None, 'round_anchor_y': None, 'opacity': 1.0, 'z': 0, 'reset_animations_events': {}, 'color': [1.0, 1.0, 1.0, 1.0], 'style': [], 'adjust_top': 0, 'adjust_bottom': 0, 'adjust_left': 0, 'adjust_right': 0, 'expire': None, 'key': None, 'widget': None, 'events_when_added': [], 'events_when_removed': [], 'fps': 10, 'loops': -1, 'auto_play': True, 'start_frame': 0, 'rotation': 0, 'scale': 1.0, 'animations': None}], 'target': None, 'background_color': [0.0, 0.0, 0.0, 1.0], 'priority': None, 'show': True, 'force': False, 'expire': None, 'slide': None, 'tokens': {}, 'action': 'play'}}, 'context': 'show_13', 'calling_context': 0, 'priority': 10, 'show_tokens': {}, 'start_time': 4078.973}
2022-08-21 15:19:02,773 : mpfmc : SlidePlayer: Play called with settings={'widgets': {'widgets': [{'type': 'text', 'text': 'GAME OVER', 'font_size': 50, 'font_name': 'space_font', '_default_settings': ['type', 'text', 'font_size', 'font_name'], 'x': None, 'y': None, 'anchor_x': 'center', 'anchor_y': 'center', 'round_anchor_x': None, 'round_anchor_y': None, 'opacity': 1.0, 'z': 0, 'reset_animations_events': {}, 'color': [1.0, 1.0, 1.0, 1.0], 'style': [], 'adjust_top': 0, 'adjust_bottom': 0, 'adjust_left': 0, 'adjust_right': 0, 'expire': None, 'key': None, 'widget': None, 'events_when_added': [], 'events_when_removed': [], 'bitmap_font': False, 'font_kerning': True, 'bold': False, 'italic': False, 'number_grouping': False, 'min_digits': 0, 'halign': 'center', 'valign': 'middle', 'rotation': 0, 'scale': 1.0, 'casing': None, 'animations': None}, {'type': 'image', 'image': 'attract_background', '_default_settings': ['type', 'image'], 'x': None, 'y': None, 'anchor_x': 'center', 'anchor_y': 'center', 'round_anchor_x': None, 'round_anchor_y': None, 'opacity': 1.0, 'z': 0, 'reset_animations_events': {}, 'color': [1.0, 1.0, 1.0, 1.0], 'style': [], 'adjust_top': 0, 'adjust_bottom': 0, 'adjust_left': 0, 'adjust_right': 0, 'expire': None, 'key': None, 'widget': None, 'events_when_added': [], 'events_when_removed': [], 'fps': 10, 'loops': -1, 'auto_play': True, 'start_frame': 0, 'rotation': 0, 'scale': 1.0, 'animations': None}], 'target': None, 'background_color': [0.0, 0.0, 0.0, 1.0], 'priority': None, 'show': True, 'force': False, 'expire': None, 'slide': None, 'tokens': {}, 'action': 'play'}}
2022-08-21 15:19:02,780 : EventManager : Event: ======'slide_show_13.slide_player-0_created'====== Args={}
2022-08-21 15:19:02,783 : EventManager : Event: ======'slide_show_13.slide_player-0_active'====== Args={}
2022-08-21 15:19:05,760 : EventManager : Event: ======'slides_play'====== Args={'settings': {'last_game_score_slide': {'widgets': [{'type': 'text', 'text': 'LAST GAME', 'font_size': 50, 'y': '60%', 'font_name': 'space_font', '_default_settings': ['type', 'text', 'font_size', 'y', 'font_name'], 'x': None, 'anchor_x': 'center', 'anchor_y': 'center', 'round_anchor_x': None, 'round_anchor_y': None, 'opacity': 1.0, 'z': 0, 'reset_animations_events': {}, 'color': [1.0, 1.0, 1.0, 1.0], 'style': [], 'adjust_top': 0, 'adjust_bottom': 0, 'adjust_left': 0, 'adjust_right': 0, 'expire': None, 'key': None, 'widget': None, 'events_when_added': [], 'events_when_removed': [], 'bitmap_font': False, 'font_kerning': True, 'bold': False, 'italic': False, 'number_grouping': False, 'min_digits': 0, 'halign': 'center', 'valign': 'middle', 'rotation': 0, 'scale': 1.0, 'casing': None, 'animations': None}, {'type': 'text', 'text': '(machine|player1_score)', 'number_grouping': True, 'min_digits': 2, 'font_size': 50, 'y': '40%', 'font_name': 'score_font', '_default_settings': ['type', 'text', 'number_grouping', 'min_digits', 'font_size', 'y', 'font_name'], 'x': None, 'anchor_x': 'center', 'anchor_y': 'center', 'round_anchor_x': None, 'round_anchor_y': None, 'opacity': 1.0, 'z': 0, 'reset_animations_events': {}, 'color': [1.0, 1.0, 1.0, 1.0], 'style': [], 'adjust_top': 0, 'adjust_bottom': 0, 'adjust_left': 0, 'adjust_right': 0, 'expire': None, 'key': None, 'widget': None, 'events_when_added': [], 'events_when_removed': [], 'bitmap_font': False, 'font_kerning': True, 'bold': False, 'italic': False, 'halign': 'center', 'valign': 'middle', 'rotation': 0, 'scale': 1.0, 'casing': None, 'animations': None}, {'type': 'image', 'image': 'attract_background', '_default_settings': ['type', 'image'], 'x': None, 'y': None, 'anchor_x': 'center', 'anchor_y': 'center', 'round_anchor_x': None, 'round_anchor_y': None, 'opacity': 1.0, 'z': 0, 'reset_animations_events': {}, 'color': [1.0, 1.0, 1.0, 1.0], 'style': [], 'adjust_top': 0, 'adjust_bottom': 0, 'adjust_left': 0, 'adjust_right': 0, 'expire': None, 'key': None, 'widget': None, 'events_when_added': [], 'events_when_removed': [], 'fps': 10, 'loops': -1, 'auto_play': True, 'start_frame': 0, 'rotation': 0, 'scale': 1.0, 'animations': None}], 'target': None, 'background_color': [0.0, 0.0, 0.0, 1.0], 'priority': None, 'show': True, 'force': False, 'expire': None, 'slide': None, 'tokens': {}, 'action': 'play'}}, 'context': 'show_13', 'calling_context': 1, 'priority': 10, 'show_tokens': {}, 'start_time': 4081.973}
2022-08-21 15:19:05,760 : mpfmc : SlidePlayer: Play called with settings={'last_game_score_slide': {'widgets': [{'type': 'text', 'text': 'LAST GAME', 'font_size': 50, 'y': '60%', 'font_name': 'space_font', '_default_settings': ['type', 'text', 'font_size', 'y', 'font_name'], 'x': None, 'anchor_x': 'center', 'anchor_y': 'center', 'round_anchor_x': None, 'round_anchor_y': None, 'opacity': 1.0, 'z': 0, 'reset_animations_events': {}, 'color': [1.0, 1.0, 1.0, 1.0], 'style': [], 'adjust_top': 0, 'adjust_bottom': 0, 'adjust_left': 0, 'adjust_right': 0, 'expire': None, 'key': None, 'widget': None, 'events_when_added': [], 'events_when_removed': [], 'bitmap_font': False, 'font_kerning': True, 'bold': False, 'italic': False, 'number_grouping': False, 'min_digits': 0, 'halign': 'center', 'valign': 'middle', 'rotation': 0, 'scale': 1.0, 'casing': None, 'animations': None}, {'type': 'text', 'text': '(machine|player1_score)', 'number_grouping': True, 'min_digits': 2, 'font_size': 50, 'y': '40%', 'font_name': 'score_font', '_default_settings': ['type', 'text', 'number_grouping', 'min_digits', 'font_size', 'y', 'font_name'], 'x': None, 'anchor_x': 'center', 'anchor_y': 'center', 'round_anchor_x': None, 'round_anchor_y': None, 'opacity': 1.0, 'z': 0, 'reset_animations_events': {}, 'color': [1.0, 1.0, 1.0, 1.0], 'style': [], 'adjust_top': 0, 'adjust_bottom': 0, 'adjust_left': 0, 'adjust_right': 0, 'expire': None, 'key': None, 'widget': None, 'events_when_added': [], 'events_when_removed': [], 'bitmap_font': False, 'font_kerning': True, 'bold': False, 'italic': False, 'halign': 'center', 'valign': 'middle', 'rotation': 0, 'scale': 1.0, 'casing': None, 'animations': None}, {'type': 'image', 'image': 'attract_background', '_default_settings': ['type', 'image'], 'x': None, 'y': None, 'anchor_x': 'center', 'anchor_y': 'center', 'round_anchor_x': None, 'round_anchor_y': None, 'opacity': 1.0, 'z': 0, 'reset_animations_events': {}, 'color': [1.0, 1.0, 1.0, 1.0], 'style': [], 'adjust_top': 0, 'adjust_bottom': 0, 'adjust_left': 0, 'adjust_right': 0, 'expire': None, 'key': None, 'widget': None, 'events_when_added': [], 'events_when_removed': [], 'fps': 10, 'loops': -1, 'auto_play': True, 'start_frame': 0, 'rotation': 0, 'scale': 1.0, 'animations': None}], 'target': None, 'background_color': [0.0, 0.0, 0.0, 1.0], 'priority': None, 'show': True, 'force': False, 'expire': None, 'slide': None, 'tokens': {}, 'action': 'play'}}
2022-08-21 15:19:05,774 : EventManager : Event: ======'slide_last_game_score_slide_created'====== Args={}
2022-08-21 15:19:05,774 : EventManager : Unordered handler for class <Text Widget text=58,540,490> on event machine_var_player1_score with priority 1. Handlers: [RegisteredHandler(callback=<bound method Text._machine_var_change of <Text Widget text=58,540,490>>, priority=1, kwargs={}, key=UUID('489b5f6f-8171-4bc9-9bf3-3a7840808324'), condition=None, blocking_facility=None), RegisteredHandler(callback=<bound method Text._machine_var_change of <Text Widget text=58,540,490>>, priority=1, kwargs={}, key=UUID('eb7096d1-a2c2-4b1c-aa63-62e35cb2ab21'), condition=None, blocking_facility=None)]. The order of those handlers is not defined and they will be executed in random order. This might lead to race conditions and potential bugs.
2022-08-21 15:19:05,781 : EventManager : Event: ======'slide_last_game_score_slide_active'====== Args={}
2022-08-21 15:19:08,513 : EventManager : Event: ======'game_started'====== Args={}
2022-08-21 15:19:08,513 : EventManager : Event: ======'slides_clear'====== Args={'context': 'show_13'}
2022-08-21 15:19:08,514 : EventManager : Event: ======'slide_show_13.slide_player-0_removed'====== Args={}
2022-08-21 15:19:08,514 : EventManager : Event: ======'slide_last_game_score_slide_removed'====== Args={}
2022-08-21 15:19:08,515 : EventManager : Event: ======'slide_window_blank_active'====== Args={}
2022-08-21 15:19:08,537 : EventManager : Event: ======'player_added'====== Args={'player': <Player 1>, 'num': 1}
2022-08-21 15:19:08,537 : EventManager : Event: ======'player_index'====== Args={'value': 0, 'prev_value': 0, 'change': 0, 'player_num': 1}
2022-08-21 15:19:08,537 : EventManager : Event: ======'player_number'====== Args={'value': 1, 'prev_value': 1, 'change': 0, 'player_num': 1}
2022-08-21 15:19:08,537 : EventManager : Event: ======'player_score'====== Args={'value': 0, 'prev_value': 0, 'change': 0, 'player_num': 1}
2022-08-21 15:19:08,538 : EventManager : Event: ======'player_mode_value'====== Args={'value': 1000000, 'prev_value': 0, 'change': 1000000, 'player_num': 1}
2022-08-21 15:19:08,538 : EventManager : Event: ======'player_bonus_multiplier'====== Args={'value': 1, 'prev_value': 0, 'change': 1, 'player_num': 1}
2022-08-21 15:19:08,538 : EventManager : Event: ======'player_playfied_multiplier'====== Args={'value': 1, 'prev_value': 0, 'change': 1, 'player_num': 1}
2022-08-21 15:19:08,585 : EventManager : Event: ======'player_ball'====== Args={'value': 1, 'prev_value': 0, 'change': 1, 'player_num': 1}
2022-08-21 15:19:08,585 : EventManager : Event: ======'player_turn_start'====== Args={'number': 1, 'player': <Player 1>}
2022-08-21 15:19:08,598 : EventManager : Event: ======'player_shot_l_lane_enabled'====== Args={'value': True, 'prev_value': 0, 'change': 1, 'player_num': 1}
2022-08-21 15:19:08,598 : EventManager : Event: ======'player_shot_r_lane_enabled'====== Args={'value': True, 'prev_value': 0, 'change': 1, 'player_num': 1}
2022-08-21 15:19:08,598 : EventManager : Event: ======'player_shot_center_target_enabled'====== Args={'value': True, 'prev_value': 0, 'change': 1, 'player_num': 1}
2022-08-21 15:19:08,599 : EventManager : Event: ======'player_extra_ball_two_modes_complete_num_awarded'====== Args={'value': 0, 'prev_value': 0, 'change': 0, 'player_num': 1}
2022-08-21 15:19:08,621 : EventManager : Event: ======'sounds_play'====== Args={'settings': {'default': {'action': 'stop', 'priority': 400, 'block': False, 'delay': None, 'track': None, 'volume': None, 'pan': None, 'loops': None, 'start_at': None, 'fade_in': None, 'fade_out': None, 'about_to_finish_time': -1.0, 'max_queue_time': -1.0, 'events_when_played': ['use_sound_setting'], 'events_when_stopped': ['use_sound_setting'], 'events_when_looping': ['use_sound_setting'], 'events_when_about_to_finish': ['use_sound_setting'], 'mode_end_action': 'use_sound_setting', 'key': 'use_sound_setting'}, 'shooter_waiting': {'action': 'play', 'loops': -1, 'priority': None, 'block': False, 'delay': None, 'track': None, 'volume': None, 'pan': None, 'start_at': None, 'fade_in': None, 'fade_out': None, 'about_to_finish_time': -1.0, 'max_queue_time': -1.0, 'events_when_played': ['use_sound_setting'], 'events_when_stopped': ['use_sound_setting'], 'events_when_looping': ['use_sound_setting'], 'events_when_about_to_finish': ['use_sound_setting'], 'mode_end_action': 'use_sound_setting', 'key': 'use_sound_setting'}}, 'context': '_global', 'calling_context': 'ball_started', 'priority': 0, 'player': 1, 'ball': 1, 'balls_remaining': 2, 'is_extra_ball': False}
2022-08-21 15:19:08,621 : EventManager : Event: ======'player_shot_warp_advance_enabled'====== Args={'value': True, 'prev_value': 0, 'change': 1, 'player_num': 1}
2022-08-21 15:19:08,621 : EventManager : Event: ======'player_shot_galaxy_advance_enabled'====== Args={'value': True, 'prev_value': 0, 'change': 1, 'player_num': 1}
2022-08-21 15:19:08,621 : EventManager : Event: ======'player_shot_portal_advance_enabled'====== Args={'value': True, 'prev_value': 0, 'change': 1, 'player_num': 1}
2022-08-21 15:19:08,633 : EventManager : Event: ======'slides_play'====== Args={'settings': {'score_slide': {'target': None, 'background_color': [0.0, 0.0, 0.0, 1.0], 'priority': None, 'show': True, 'force': False, 'expire': None, 'slide': None, 'tokens': {}, 'action': 'play'}}, 'context': 'base', 'calling_context': 'mode_base_started', 'priority': 100, 'player': 1, 'ball': 1, 'balls_remaining': 2, 'is_extra_ball': False}
2022-08-21 15:19:08,633 : mpfmc : SlidePlayer: Play called with settings={'score_slide': {'target': None, 'background_color': [0.0, 0.0, 0.0, 1.0], 'priority': None, 'show': True, 'force': False, 'expire': None, 'slide': None, 'tokens': {}, 'action': 'play'}}
2022-08-21 15:19:08,646 : EventManager : Event: ======'slide_score_slide_created'====== Args={}
2022-08-21 15:19:08,654 : EventManager : Event: ======'slide_score_slide_active'====== Args={}
2022-08-21 15:19:08,660 : EventManager : Event: ======'sounds_play'====== Args={'settings': {'default': {'action': 'play', 'loops': -1, 'track': 'music', 'priority': None, 'block': False, 'delay': None, 'volume': None, 'pan': None, 'start_at': None, 'fade_in': None, 'fade_out': None, 'about_to_finish_time': -1.0, 'max_queue_time': -1.0, 'events_when_played': ['use_sound_setting'], 'events_when_stopped': ['use_sound_setting'], 'events_when_looping': ['use_sound_setting'], 'events_when_about_to_finish': ['use_sound_setting'], 'mode_end_action': 'use_sound_setting', 'key': 'use_sound_setting'}, 'mode_theme': {'action': 'stop', 'priority': None, 'block': False, 'delay': None, 'track': None, 'volume': None, 'pan': None, 'loops': None, 'start_at': None, 'fade_in': None, 'fade_out': None, 'about_to_finish_time': -1.0, 'max_queue_time': -1.0, 'events_when_played': ['use_sound_setting'], 'events_when_stopped': ['use_sound_setting'], 'events_when_looping': ['use_sound_setting'], 'events_when_about_to_finish': ['use_sound_setting'], 'mode_end_action': 'use_sound_setting', 'key': 'use_sound_setting'}}, 'context': '_global', 'calling_context': 'mode_spell_portal_started', 'priority': 0, 'player': 1, 'ball': 1, 'balls_remaining': 2, 'is_extra_ball': False}
2022-08-21 15:19:09,914 : EventManager : Event: ======'machine_var_audits_switches_s_action_button'====== Args={'value': 3862, 'prev_value': 3861, 'change': 1}
2022-08-21 15:19:11,268 : EventManager : Event: ======'sounds_play'====== Args={'settings': {'shooter_waiting': {'action': 'stop', 'priority': None, 'block': False, 'delay': None, 'track': None, 'volume': None, 'pan': None, 'loops': None, 'start_at': None, 'fade_in': None, 'fade_out': None, 'about_to_finish_time': -1.0, 'max_queue_time': -1.0, 'events_when_played': ['use_sound_setting'], 'events_when_stopped': ['use_sound_setting'], 'events_when_looping': ['use_sound_setting'], 'events_when_about_to_finish': ['use_sound_setting'], 'mode_end_action': 'use_sound_setting', 'key': 'use_sound_setting'}, 'default': {'action': 'play', 'loops': -1, 'track': 'music', 'priority': None, 'block': False, 'delay': None, 'volume': None, 'pan': None, 'start_at': None, 'fade_in': None, 'fade_out': None, 'about_to_finish_time': -1.0, 'max_queue_time': -1.0, 'events_when_played': ['use_sound_setting'], 'events_when_stopped': ['use_sound_setting'], 'events_when_looping': ['use_sound_setting'], 'events_when_about_to_finish': ['use_sound_setting'], 'mode_end_action': 'use_sound_setting', 'key': 'use_sound_setting'}}, 'context': '_global', 'calling_context': 's_drain_inactive', 'priority': 0}
2022-08-21 15:19:12,595 : EventManager : Event: ======'machine_var_audits_switches_s_drain'====== Args={'value': 2672, 'prev_value': 2671, 'change': 1}
2022-08-21 15:19:13,096 : EventManager : Event: ======'slides_play'====== Args={'settings': {'ball_saved_slide': {'target': None, 'background_color': [0.0, 0.0, 0.0, 1.0], 'priority': None, 'show': True, 'force': False, 'expire': None, 'slide': None, 'tokens': {}, 'action': 'play'}}, 'context': 'base', 'calling_context': 'ball_save_base_save_saving_ball', 'priority': 100, 'balls': 1, 'early_save': False}
2022-08-21 15:19:13,096 : mpfmc : SlidePlayer: Play called with settings={'ball_saved_slide': {'target': None, 'background_color': [0.0, 0.0, 0.0, 1.0], 'priority': None, 'show': True, 'force': False, 'expire': None, 'slide': None, 'tokens': {}, 'action': 'play'}}
2022-08-21 15:19:13,108 : EventManager : Event: ======'slide_ball_saved_slide_created'====== Args={}
2022-08-21 15:19:13,114 : EventManager : Event: ======'slide_ball_saved_slide_active'====== Args={}
2022-08-21 15:19:13,279 : EventManager : Event: ======'sounds_play'====== Args={'settings': {'shooter_waiting': {'action': 'stop', 'priority': None, 'block': False, 'delay': None, 'track': None, 'volume': None, 'pan': None, 'loops': None, 'start_at': None, 'fade_in': None, 'fade_out': None, 'about_to_finish_time': -1.0, 'max_queue_time': -1.0, 'events_when_played': ['use_sound_setting'], 'events_when_stopped': ['use_sound_setting'], 'events_when_looping': ['use_sound_setting'], 'events_when_about_to_finish': ['use_sound_setting'], 'mode_end_action': 'use_sound_setting', 'key': 'use_sound_setting'}, 'default': {'action': 'play', 'loops': -1, 'track': 'music', 'priority': None, 'block': False, 'delay': None, 'volume': None, 'pan': None, 'start_at': None, 'fade_in': None, 'fade_out': None, 'about_to_finish_time': -1.0, 'max_queue_time': -1.0, 'events_when_played': ['use_sound_setting'], 'events_when_stopped': ['use_sound_setting'], 'events_when_looping': ['use_sound_setting'], 'events_when_about_to_finish': ['use_sound_setting'], 'mode_end_action': 'use_sound_setting', 'key': 'use_sound_setting'}}, 'context': '_global', 'calling_context': 's_drain_inactive', 'priority': 0}
2022-08-21 15:19:15,102 : EventManager : Event: ======'slide_ball_saved_slide_removed'====== Args={}
2022-08-21 15:19:15,103 : EventManager : Event: ======'slide_score_slide_active'====== Args={}
2022-08-21 15:19:16,173 : EventManager : Event: ======'machine_var_audits_switches_s_left_kicker'====== Args={'value': 1475, 'prev_value': 1474, 'change': 1}
2022-08-21 15:19:19,662 : EventManager : Event: ======'machine_var_audits_switches_s_left_kicker'====== Args={'value': 1476, 'prev_value': 1475, 'change': 1}
2022-08-21 15:19:22,236 : EventManager : Event: ======'machine_var_audits_switches_s_left_sling'====== Args={'value': 6662, 'prev_value': 6661, 'change': 1}
2022-08-21 15:19:22,248 : EventManager : Event: ======'player_score'====== Args={'value': 1110, 'prev_value': 0, 'change': 1110, 'player_num': 1}
2022-08-21 15:19:22,256 : EventManager : Event: ======'player_switches'====== Args={'value': 1, 'prev_value': 0, 'change': 1, 'player_num': 1}
2022-08-21 15:19:25,421 : EventManager : Event: ======'machine_var_audits_switches_s_right_kicker'====== Args={'value': 1669, 'prev_value': 1668, 'change': 1}
2022-08-21 15:19:25,421 : EventManager : Event: ======'player_score'====== Args={'value': 16110, 'prev_value': 1110, 'change': 15000, 'player_num': 1}
2022-08-21 15:19:28,468 : EventManager : Event: ======'machine_var_audits_switches_s_right_kicker'====== Args={'value': 1670, 'prev_value': 1669, 'change': 1}
2022-08-21 15:19:28,468 : EventManager : Event: ======'player_score'====== Args={'value': 31110, 'prev_value': 16110, 'change': 15000, 'player_num': 1}
2022-08-21 15:19:32,002 : EventManager : Event: ======'machine_var_audits_switches_s_left_kicker'====== Args={'value': 1477, 'prev_value': 1476, 'change': 1}
2022-08-21 15:19:35,472 : EventManager : Event: ======'machine_var_audits_switches_s_left_kicker'====== Args={'value': 1478, 'prev_value': 1477, 'change': 1}
2022-08-21 15:19:38,068 : EventManager : Event: ======'machine_var_audits_switches_s_left_kicker'====== Args={'value': 1479, 'prev_value': 1478, 'change': 1}
2022-08-21 15:19:49,084 : EventManager : Event: ======'machine_var_audits_switches_s_drain'====== Args={'value': 2673, 'prev_value': 2672, 'change': 1}
2022-08-21 15:19:49,601 : EventManager : Event: ======'player_combos_25k'====== Args={'value': 0, 'prev_value': 0, 'change': 0, 'player_num': 1}
2022-08-21 15:19:49,612 : EventManager : Event: ======'player_switches_100'====== Args={'value': 100, 'prev_value': 0, 'change': 100, 'player_num': 1}
2022-08-21 15:19:49,612 : EventManager : Event: ======'player_modes_started_100k'====== Args={'value': 0, 'prev_value': 0, 'change': 0, 'player_num': 1}
2022-08-21 15:19:49,612 : EventManager : Event: ======'player_crystals_1mil'====== Args={'value': 0, 'prev_value': 0, 'change': 0, 'player_num': 1}
2022-08-21 15:19:49,612 : EventManager : Event: ======'slides_play'====== Args={'settings': {'bonus_start_slide': {'target': None, 'background_color': [0.0, 0.0, 0.0, 1.0], 'priority': None, 'show': True, 'force': False, 'expire': None, 'slide': None, 'tokens': {}, 'action': 'play'}}, 'context': 'bonus', 'calling_context': 'mode_bonus_started', 'priority': 50000, 'queue': '<QueuedEvent>'}
2022-08-21 15:19:49,613 : mpfmc : SlidePlayer: Play called with settings={'bonus_start_slide': {'target': None, 'background_color': [0.0, 0.0, 0.0, 1.0], 'priority': None, 'show': True, 'force': False, 'expire': None, 'slide': None, 'tokens': {}, 'action': 'play'}}
2022-08-21 15:19:49,621 : EventManager : Event: ======'slide_bonus_start_slide_created'====== Args={}
2022-08-21 15:19:49,625 : EventManager : Event: ======'slide_bonus_start_slide_active'====== Args={}
2022-08-21 15:19:50,344 : EventManager : Event: ======'slides_play'====== Args={'settings': {'bonus_switches_slide': {'target': None, 'background_color': [0.0, 0.0, 0.0, 1.0], 'priority': None, 'show': True, 'force': False, 'expire': None, 'slide': None, 'tokens': {}, 'action': 'play'}}, 'context': 'bonus', 'calling_context': 'bonus_switches', 'priority': 50000, 'score': 100, 'bonus_score': 100, 'hits': 1}
2022-08-21 15:19:50,344 : mpfmc : SlidePlayer: Play called with settings={'bonus_switches_slide': {'target': None, 'background_color': [0.0, 0.0, 0.0, 1.0], 'priority': None, 'show': True, 'force': False, 'expire': None, 'slide': None, 'tokens': {}, 'action': 'play'}}
2022-08-21 15:19:50,361 : EventManager : Event: ======'slide_bonus_switches_slide_created'====== Args={}
2022-08-21 15:19:50,371 : EventManager : Event: ======'slide_bonus_switches_slide_active'====== Args={}
2022-08-21 15:19:51,088 : EventManager : Event: ======'player_score'====== Args={'value': 31210, 'prev_value': 31110, 'change': 100, 'player_num': 1}
2022-08-21 15:19:51,088 : EventManager : Event: ======'slides_play'====== Args={'settings': {'bonus_total_slide': {'target': None, 'background_color': [0.0, 0.0, 0.0, 1.0], 'priority': None, 'show': True, 'force': False, 'expire': None, 'slide': None, 'tokens': {}, 'action': 'play'}}, 'context': 'bonus', 'calling_context': 'bonus_total', 'priority': 50000, 'score': 100}
2022-08-21 15:19:51,090 : mpfmc : SlidePlayer: Play called with settings={'bonus_total_slide': {'target': None, 'background_color': [0.0, 0.0, 0.0, 1.0], 'priority': None, 'show': True, 'force': False, 'expire': None, 'slide': None, 'tokens': {}, 'action': 'play'}}
2022-08-21 15:19:51,100 : EventManager : Event: ======'slide_bonus_total_slide_created'====== Args={}
2022-08-21 15:19:51,107 : EventManager : Event: ======'slide_bonus_total_slide_active'====== Args={}
2022-08-21 15:19:51,249 : mpfmc : Stopping...
2022-08-21 15:19:51,249 : EventManager : Event: ======'shutdown'====== Args={}
2022-08-21 15:19:51,249 : AudioInterface : Disabling audio playback
2022-08-21 15:19:51,403 : kivy : Base: Leaving application in progress...
2022-08-21 15:19:51,403 : mpfmc : Loop rate 74.04 Hz
2022-08-21 15:19:51,403 : kivy : Base: Leaving application in progress...
