2022-08-21 19:08:12,379 : kivy : Factory: 186 symbols loaded
2022-08-21 19:08:12,519 : kivy : ImageLoaderFFPy: Using ffpyplayer 4.3.2
2022-08-21 19:08:12,519 : kivy : Image: Providers: img_tex, img_dds, img_sdl2, img_pil, img_ffpyplayer 
2022-08-21 19:08:12,562 : kivy : VideoGstplayer: Using Gstreamer 1.18.0.0
2022-08-21 19:08:12,562 : kivy : Video: Provider: gstplayer
2022-08-21 19:08:12,725 : kivy : Loading MPF-MC controller
2022-08-21 19:08:13,266 : ConfigProcessor : Config spec file cache created: C:\Users\Brendan\AppData\Local\Temp\config_spec.mpf_cache
2022-08-21 19:08:13,266 : YamlMultifileConfigLoader : Machine config file #1: config
2022-08-21 19:08:13,267 : ConfigProcessor : Config file in cache changed: C:\Baby_pacman_code\machine\config\config
2022-08-21 19:08:13,267 : ConfigProcessor : Loading config from file c:\users\brendan\appdata\local\programs\python\python37\lib\site-packages\mpfmc\mcconfig.yaml.
2022-08-21 19:08:13,317 : ConfigProcessor : Loading config: c:\users\brendan\appdata\local\programs\python\python37\lib\site-packages\mpfmc\mcconfig.yaml
2022-08-21 19:08:13,318 : ConfigProcessor : Loading config from file C:\Baby_pacman_code\machine\config\config.
2022-08-21 19:08:13,444 : ConfigProcessor : Loading config: C:\Baby_pacman_code\machine\config\config
2022-08-21 19:08:13,447 : ConfigProcessor : Config file cache created: C:\Users\Brendan\AppData\Local\Temp\e68bda1e95a8aa0185725ca2569cabab.mpf_cache
2022-08-21 19:08:13,447 : ConfigProcessor : Loading config from cache: C:\Users\Brendan\AppData\Local\Temp\467e7647689d29fad6adf949e1f4d51d.mpf_cache
2022-08-21 19:08:13,448 : ConfigProcessor : Loading config from cache: C:\Users\Brendan\AppData\Local\Temp\5550e037aa776b42b91b29b40b356c70.mpf_cache
2022-08-21 19:08:13,448 : ConfigProcessor : Loading config from cache: C:\Users\Brendan\AppData\Local\Temp\15e0c601392b30c3d9ba3ead8131edb5.mpf_cache
2022-08-21 19:08:13,449 : ConfigProcessor : Loading config from cache: C:\Users\Brendan\AppData\Local\Temp\0bf50917c4ef15ab65ee13d6c14e7d7c.mpf_cache
2022-08-21 19:08:13,450 : ConfigProcessor : Loading config from cache: C:\Users\Brendan\AppData\Local\Temp\bc7da7b13b2754e080c2afa0678ac274.mpf_cache
2022-08-21 19:08:13,450 : ConfigProcessor : Loading config from cache: C:\Users\Brendan\AppData\Local\Temp\bbd59d0bb6602ee0c5a89d6f85e6dd42.mpf_cache
2022-08-21 19:08:13,451 : ConfigProcessor : Loading config from cache: C:\Users\Brendan\AppData\Local\Temp\5526c78976fee311c3d05505d75f653d.mpf_cache
2022-08-21 19:08:13,451 : ConfigProcessor : Loading config from cache: C:\Users\Brendan\AppData\Local\Temp\6e95138ae5415fc76b53ebf8fa245fb5.mpf_cache
2022-08-21 19:08:13,452 : ConfigProcessor : Loading config from cache: C:\Users\Brendan\AppData\Local\Temp\1ec1c4dffb383758956493783a9ed391.mpf_cache
2022-08-21 19:08:13,452 : ConfigProcessor : Loading config from cache: C:\Users\Brendan\AppData\Local\Temp\f2aee92728c8017b77c710c804dd7f5a.mpf_cache
2022-08-21 19:08:13,453 : ConfigProcessor : Loading config from cache: C:\Users\Brendan\AppData\Local\Temp\88f57fa1305e9dc100972ec9f84d57fe.mpf_cache
2022-08-21 19:08:13,454 : ConfigProcessor : Loading config from cache: C:\Users\Brendan\AppData\Local\Temp\6e00a9d794d4c3f43a0fc48da04dac60.mpf_cache
2022-08-21 19:08:13,455 : ConfigProcessor : Loading config from cache: C:\Users\Brendan\AppData\Local\Temp\05ef98219fc733c3bcab58726c4b37ef.mpf_cache
2022-08-21 19:08:13,455 : ConfigProcessor : Loading config from cache: C:\Users\Brendan\AppData\Local\Temp\c22d657a5a7bb60632c2be2c735e073b.mpf_cache
2022-08-21 19:08:13,456 : ConfigProcessor : Loading config from cache: C:\Users\Brendan\AppData\Local\Temp\f7d4f5eb9425fe84d2e83a363afd4bdf.mpf_cache
2022-08-21 19:08:13,457 : ConfigProcessor : Loading config from cache: C:\Users\Brendan\AppData\Local\Temp\125f51d329f930ea7bff10973551cc26.mpf_cache
2022-08-21 19:08:13,457 : ConfigProcessor : Loading config from cache: C:\Users\Brendan\AppData\Local\Temp\08e18dfdf4e02cd29cc0cc52be2faaf4.mpf_cache
2022-08-21 19:08:13,458 : ConfigProcessor : Loading config from cache: C:\Users\Brendan\AppData\Local\Temp\f042f5bf6362b9e04d43b40b93a92057.mpf_cache
2022-08-21 19:08:13,458 : ConfigProcessor : Loading config from cache: C:\Users\Brendan\AppData\Local\Temp\60badac06cd62deb71f25fac24b103c2.mpf_cache
2022-08-21 19:08:13,459 : ConfigProcessor : Loading config from cache: C:\Users\Brendan\AppData\Local\Temp\a3ad1aeb679a0686901de8a6ffe784f0.mpf_cache
2022-08-21 19:08:13,460 : ConfigProcessor : Loading config from cache: C:\Users\Brendan\AppData\Local\Temp\d7856287e4ec48fb5adaa65e5f7b2848.mpf_cache
2022-08-21 19:08:13,460 : mpfmc : Mission Pinball Framework Media Controller v0.55.0
2022-08-21 19:08:13,460 : mpfmc : Mission Pinball Framework Game Engine v0.55.0
2022-08-21 19:08:13,460 : mpfmc : Machine path: C:\Baby_pacman_code\machine
2022-08-21 19:08:13,460 : mpfmc : Starting clock at 60.0Hz
2022-08-21 19:08:13,472 : kivy : Text: Provider: sdl2
2022-08-21 19:08:13,507 : kivy : Window: Provider: sdl2
2022-08-21 19:08:13,575 : kivy : GL: Using the "OpenGL" graphics system
2022-08-21 19:08:13,575 : kivy : GL: GLEW initialization succeeded
2022-08-21 19:08:13,575 : kivy : GL: Backend used <glew>
2022-08-21 19:08:13,576 : kivy : GL: OpenGL version <b'3.1.0 - Build 9.17.10.3517'>
2022-08-21 19:08:13,576 : kivy : GL: OpenGL vendor <b'Intel'>
2022-08-21 19:08:13,576 : kivy : GL: OpenGL renderer <b'Intel(R) HD Graphics 2000'>
2022-08-21 19:08:13,576 : kivy : GL: OpenGL parsed version: 3, 1
2022-08-21 19:08:13,576 : kivy : GL: Shading version <b'1.40 - Intel Build 9.17.10.3517'>
2022-08-21 19:08:13,576 : kivy : GL: Texture max size <8192>
2022-08-21 19:08:13,576 : kivy : GL: Texture max units <16>
2022-08-21 19:08:13,644 : kivy : Window: auto add sdl2 input provider
2022-08-21 19:08:13,645 : kivy : Window: virtual keyboard not allowed, single mode, not docked
2022-08-21 19:08:13,795 : AudioInterface : Initialized
2022-08-21 19:08:13,795 : AudioInterface : Loaded SDL 2.0.12
2022-08-21 19:08:13,795 : AudioInterface : Loaded SDL_Mixer 2.0.4
2022-08-21 19:08:13,795 : AudioInterface : Loaded GStreamer 1.18.0.0
2022-08-21 19:08:13,795 : AudioInterface : Loaded GLib 2.62.6
2022-08-21 19:08:13,795 : AudioInterface : Settings requested - rate: 44100, channels: 1, buffer: 2048 samples
2022-08-21 19:08:13,795 : AudioInterface : Settings in use - rate: 44100, channels: 1, buffer: 2048 samples (4096 bytes @ 2 bytes per sample)
2022-08-21 19:08:13,796 : SoundSystem : Setting master volume to 0.0
2022-08-21 19:08:13,796 : SoundSystem : master_volume in sound_system is deprecated and will be removed in the future.
2022-08-21 19:08:13,796 : AudioInterface : Enabling audio playback
2022-08-21 19:08:13,798 : kivy : Base: Start application main loop
2022-08-21 19:08:13,799 : EventManager : Event: ======'display_window_initialized'====== Args={}
2022-08-21 19:08:13,821 : mpfmc : Display: Setting 'window' as default display
2022-08-21 19:08:13,827 : mpfmc : ASPECT RATIO MISMATCH: The on-screen window is not the same aspect ratio as the display called 'window'. The logical display will be scaled from 1366x768 to the window size 1916x1054, and a black bar will make up the difference
2022-08-21 19:08:13,828 : EventManager : Event: ======'displays_initialized'====== Args={}
2022-08-21 19:08:13,830 : EventManager : Event: ======'slide_window_blank_created'====== Args={}
2022-08-21 19:08:13,830 : EventManager : Event: ======'display_window_ready'====== Args={}
2022-08-21 19:08:13,840 : EventManager : Event: ======'init_phase_1'====== Args={}
2022-08-21 19:08:13,845 : EventManager : Event: ======'mc_ready'====== Args={}
2022-08-21 19:08:13,845 : EventManager : Event: ======'init_phase_2'====== Args={}
2022-08-21 19:08:13,876 : EventManager : Event: ======'init_phase_3'====== Args={}
2022-08-21 19:08:13,883 : EventManager : Event: ======'init_phase_4'====== Args={}
2022-08-21 19:08:13,883 : EventManager : Event: ======'init_phase_5'====== Args={}
2022-08-21 19:08:13,933 : kivy : GL: NPOT texture support is available
2022-08-21 19:08:13,957 : kivy : GL: Unpack subimage support is available
2022-08-21 19:08:13,981 : EventManager : Event: ======'loading_assets'====== Args={'total': 27, 'loaded': 1, 'remaining': 26, 'percent': 4}
2022-08-21 19:08:13,982 : AssetManager : Loading assets: 1/27 (4%)
2022-08-21 19:08:15,228 : EventManager : Event: ======'loading_assets'====== Args={'total': 27, 'loaded': 2, 'remaining': 25, 'percent': 7}
2022-08-21 19:08:15,228 : AssetManager : Loading assets: 2/27 (7%)
2022-08-21 19:08:16,807 : EventManager : Event: ======'loading_assets'====== Args={'total': 27, 'loaded': 14, 'remaining': 13, 'percent': 52}
2022-08-21 19:08:16,808 : AssetManager : Loading assets: 14/27 (52%)
2022-08-21 19:08:17,585 : EventManager : Event: ======'loading_assets'====== Args={'total': 27, 'loaded': 27, 'remaining': 0, 'percent': 100}
2022-08-21 19:08:17,585 : AssetManager : Asset loading took: 3.7882165908813477
2022-08-21 19:08:17,585 : EventManager : Event: ======'asset_loading_complete'====== Args={}
2022-08-21 19:08:17,585 : AssetManager : Loading assets: 27/27 (100%)
2022-08-21 19:08:17,585 : EventManager : Event: ======'init_done'====== Args={}
2022-08-21 19:08:17,585 : MPF-MC BCP Server : Starting up on localhost port 5050
2022-08-21 19:08:17,588 : MPF-MC BCP Server : Waiting for a connection...
2022-08-21 19:08:17,602 : EventManager : Event: ======'client_disconnected'====== Args={'host': '127.0.0.1', 'port': 5050}
2022-08-21 19:08:17,791 : MPF-MC BCP Server : Received connection from: 127.0.0.1:49544
2022-08-21 19:08:17,796 : EventManager : Event: ======'client_connected'====== Args={'host': '127.0.0.1', 'port': 49544}
2022-08-21 19:08:17,822 : EventManager : Event: ======'machine_var_fast_net_firmware'====== Args={'value': '01.05', 'prev_value': None, 'change': True}
2022-08-21 19:08:17,822 : EventManager : Event: ======'machine_var_fast_net_model'====== Args={'value': 'FP-CPU-002-2', 'prev_value': None, 'change': True}
2022-08-21 19:08:17,822 : EventManager : Event: ======'machine_var_fast_rgb_firmware'====== Args={'value': '01.00', 'prev_value': None, 'change': True}
2022-08-21 19:08:17,822 : EventManager : Event: ======'machine_var_fast_rgb_model'====== Args={'value': 'FP-CPU-002-2', 'prev_value': None, 'change': True}
2022-08-21 19:08:17,823 : EventManager : Event: ======'machine_var_credits_string'====== Args={'value': 'FREE PLAY', 'prev_value': None, 'change': True}
2022-08-21 19:08:17,823 : EventManager : Event: ======'machine_var_master_volume'====== Args={'value': 0.5, 'prev_value': None, 'change': True}
2022-08-21 19:08:17,823 : EventManager : Event: ======'machine_var_player1_score'====== Args={'value': 58540490, 'prev_value': None, 'change': True}
2022-08-21 19:08:17,823 : EventManager : Event: ======'machine_var_mpf_version'====== Args={'value': 'MPF v0.55.0', 'prev_value': None, 'change': True}
2022-08-21 19:08:17,823 : EventManager : Event: ======'machine_var_mpf_extended_version'====== Args={'value': 'MPF v0.55.0, Config version:5, Show version: 5, BCP version:1.1', 'prev_value': None, 'change': True}
2022-08-21 19:08:17,823 : EventManager : Event: ======'machine_var_python_version'====== Args={'value': '3.7.8', 'prev_value': None, 'change': True}
2022-08-21 19:08:17,823 : EventManager : Event: ======'machine_var_platform'====== Args={'value': 'Windows-7-6.1.7601-SP1', 'prev_value': None, 'change': True}
2022-08-21 19:08:17,823 : EventManager : Event: ======'machine_var_platform_system'====== Args={'value': 'Windows', 'prev_value': None, 'change': True}
2022-08-21 19:08:17,824 : EventManager : Event: ======'machine_var_platform_release'====== Args={'value': '7', 'prev_value': None, 'change': True}
2022-08-21 19:08:17,824 : EventManager : Event: ======'machine_var_platform_version'====== Args={'value': '6.1.7601', 'prev_value': None, 'change': True}
2022-08-21 19:08:17,824 : EventManager : Event: ======'machine_var_platform_machine'====== Args={'value': 'AMD64', 'prev_value': None, 'change': True}
2022-08-21 19:08:17,824 : EventManager : Event: ======'machine_var_mc_version'====== Args={'value': 'MPF-MC v0.55.0', 'prev_value': None, 'change': True}
2022-08-21 19:08:17,824 : EventManager : Event: ======'machine_var_mc_extended_version'====== Args={'value': 'MPF-MC v0.55.0 (config_version=5, BCP v1.1, Requires MPF v0.55.0-dev.49)', 'prev_value': None, 'change': True}
2022-08-21 19:08:17,824 : SoundSystem : Setting master volume to 0.5
2022-08-21 19:08:18,314 : EventManager : Event: ======'machine_var_audits_events_game_ended'====== Args={'value': 0, 'prev_value': None, 'change': True}
2022-08-21 19:08:18,314 : EventManager : Event: ======'machine_var_audits_events_game_started'====== Args={'value': 0, 'prev_value': None, 'change': True}
2022-08-21 19:08:18,314 : EventManager : Event: ======'machine_var_audits_player_score'====== Args={'value': {'average': 10318150.616438355, 'top': [198719690, 195274570, 161094530, 160419680, 140071820, 132769060, 132262360, 127113160, 121863670, 115954110], 'total': 584}, 'prev_value': None, 'change': True}
2022-08-21 19:08:18,314 : EventManager : Event: ======'machine_var_audits_shots_center_drop_mission1'====== Args={'value': 519, 'prev_value': None, 'change': True}
2022-08-21 19:08:18,314 : EventManager : Event: ======'machine_var_audits_shots_center_target'====== Args={'value': 111, 'prev_value': None, 'change': True}
2022-08-21 19:08:18,314 : EventManager : Event: ======'machine_var_audits_shots_drop_target1_mission2'====== Args={'value': 219, 'prev_value': None, 'change': True}
2022-08-21 19:08:18,314 : EventManager : Event: ======'machine_var_audits_shots_drop_target2_mission2'====== Args={'value': 256, 'prev_value': None, 'change': True}
2022-08-21 19:08:18,315 : EventManager : Event: ======'machine_var_audits_shots_drop_target3_mission2'====== Args={'value': 296, 'prev_value': None, 'change': True}
2022-08-21 19:08:18,315 : EventManager : Event: ======'machine_var_audits_shots_drop_target4_mission2'====== Args={'value': 263, 'prev_value': None, 'change': True}
2022-08-21 19:08:18,315 : EventManager : Event: ======'machine_var_audits_shots_drop_target5_mission2'====== Args={'value': 225, 'prev_value': None, 'change': True}
2022-08-21 19:08:18,315 : EventManager : Event: ======'machine_var_audits_shots_drop_targets_mission3'====== Args={'value': 1462, 'prev_value': None, 'change': True}
2022-08-21 19:08:18,315 : EventManager : Event: ======'machine_var_audits_shots_galaxy_advance'====== Args={'value': 2089, 'prev_value': None, 'change': True}
2022-08-21 19:08:18,315 : EventManager : Event: ======'machine_var_audits_shots_l_lane'====== Args={'value': 606, 'prev_value': None, 'change': True}
2022-08-21 19:08:18,315 : EventManager : Event: ======'machine_var_audits_shots_left_kicker_mission2'====== Args={'value': 160, 'prev_value': None, 'change': True}
2022-08-21 19:08:18,315 : EventManager : Event: ======'machine_var_audits_shots_left_kicker_mission4'====== Args={'value': 116, 'prev_value': None, 'change': True}
2022-08-21 19:08:18,316 : EventManager : Event: ======'machine_var_audits_shots_left_loop_mission1'====== Args={'value': 583, 'prev_value': None, 'change': True}
2022-08-21 19:08:18,316 : EventManager : Event: ======'machine_var_audits_shots_left_loop_mission2'====== Args={'value': 258, 'prev_value': None, 'change': True}
2022-08-21 19:08:18,316 : EventManager : Event: ======'machine_var_audits_shots_left_loop_mission4'====== Args={'value': 381, 'prev_value': None, 'change': True}
2022-08-21 19:08:18,316 : EventManager : Event: ======'machine_var_audits_shots_portal_advance'====== Args={'value': 4559, 'prev_value': None, 'change': True}
2022-08-21 19:08:18,316 : EventManager : Event: ======'machine_var_audits_shots_r_lane'====== Args={'value': 537, 'prev_value': None, 'change': True}
2022-08-21 19:08:18,316 : EventManager : Event: ======'machine_var_audits_shots_right_kicker_mission2'====== Args={'value': 134, 'prev_value': None, 'change': True}
2022-08-21 19:08:18,316 : EventManager : Event: ======'machine_var_audits_shots_right_kicker_mission4'====== Args={'value': 135, 'prev_value': None, 'change': True}
2022-08-21 19:08:18,316 : EventManager : Event: ======'machine_var_audits_shots_right_loop_mission1'====== Args={'value': 672, 'prev_value': None, 'change': True}
2022-08-21 19:08:18,316 : EventManager : Event: ======'machine_var_audits_shots_right_loop_mission2'====== Args={'value': 302, 'prev_value': None, 'change': True}
2022-08-21 19:08:18,317 : EventManager : Event: ======'machine_var_audits_shots_right_loop_mission4'====== Args={'value': 429, 'prev_value': None, 'change': True}
2022-08-21 19:08:18,317 : EventManager : Event: ======'machine_var_audits_shots_warp_advance'====== Args={'value': 1091, 'prev_value': None, 'change': True}
2022-08-21 19:08:18,317 : EventManager : Event: ======'machine_var_audits_switches_s_action_button'====== Args={'value': 3946, 'prev_value': None, 'change': True}
2022-08-21 19:08:18,317 : EventManager : Event: ======'machine_var_audits_switches_s_drain'====== Args={'value': 2717, 'prev_value': None, 'change': True}
2022-08-21 19:08:18,317 : EventManager : Event: ======'machine_var_audits_switches_s_drop_target1'====== Args={'value': 1832, 'prev_value': None, 'change': True}
2022-08-21 19:08:18,317 : EventManager : Event: ======'machine_var_audits_switches_s_drop_target2'====== Args={'value': 2140, 'prev_value': None, 'change': True}
2022-08-21 19:08:18,317 : EventManager : Event: ======'machine_var_audits_switches_s_drop_target3'====== Args={'value': 2556, 'prev_value': None, 'change': True}
2022-08-21 19:08:18,317 : EventManager : Event: ======'machine_var_audits_switches_s_drop_target4'====== Args={'value': 2046, 'prev_value': None, 'change': True}
2022-08-21 19:08:18,317 : EventManager : Event: ======'machine_var_audits_switches_s_drop_target5'====== Args={'value': 1937, 'prev_value': None, 'change': True}
2022-08-21 19:08:18,318 : EventManager : Event: ======'machine_var_audits_switches_s_left_captive_ball'====== Args={'value': 473, 'prev_value': None, 'change': True}
2022-08-21 19:08:18,318 : EventManager : Event: ======'machine_var_audits_switches_s_left_flipper'====== Args={'value': 34244, 'prev_value': None, 'change': True}
2022-08-21 19:08:18,318 : EventManager : Event: ======'machine_var_audits_switches_s_left_inlane'====== Args={'value': 606, 'prev_value': None, 'change': True}
2022-08-21 19:08:18,318 : EventManager : Event: ======'machine_var_audits_switches_s_left_inlane_far'====== Args={'value': 3934, 'prev_value': None, 'change': True}
2022-08-21 19:08:18,318 : EventManager : Event: ======'machine_var_audits_switches_s_left_kicker'====== Args={'value': 1530, 'prev_value': None, 'change': True}
2022-08-21 19:08:18,326 : EventManager : Event: ======'machine_var_audits_switches_s_left_sling'====== Args={'value': 6812, 'prev_value': None, 'change': True}
2022-08-21 19:08:18,326 : EventManager : Event: ======'machine_var_audits_switches_s_left_spinner'====== Args={'value': 20054, 'prev_value': None, 'change': True}
2022-08-21 19:08:18,326 : EventManager : Event: ======'machine_var_audits_switches_s_right_captive_ball'====== Args={'value': 498, 'prev_value': None, 'change': True}
2022-08-21 19:08:18,326 : EventManager : Event: ======'machine_var_audits_switches_s_right_flipper'====== Args={'value': 31678, 'prev_value': None, 'change': True}
2022-08-21 19:08:18,326 : EventManager : Event: ======'machine_var_audits_switches_s_right_inlane'====== Args={'value': 537, 'prev_value': None, 'change': True}
2022-08-21 19:08:18,326 : EventManager : Event: ======'machine_var_audits_switches_s_right_inlane_far'====== Args={'value': 6136, 'prev_value': None, 'change': True}
2022-08-21 19:08:18,326 : EventManager : Event: ======'machine_var_audits_switches_s_right_kicker'====== Args={'value': 1696, 'prev_value': None, 'change': True}
2022-08-21 19:08:18,326 : EventManager : Event: ======'machine_var_audits_switches_s_right_sling'====== Args={'value': 14084, 'prev_value': None, 'change': True}
2022-08-21 19:08:18,326 : EventManager : Event: ======'machine_var_audits_switches_s_right_spinner'====== Args={'value': 16231, 'prev_value': None, 'change': True}
2022-08-21 19:08:18,327 : EventManager : Event: ======'machine_var_audits_switches_s_start'====== Args={'value': 404, 'prev_value': None, 'change': True}
2022-08-21 19:08:18,338 : EventManager : Event: ======'mc_reset_phase_1'====== Args={}
2022-08-21 19:08:18,338 : EventManager : Event: ======'mc_reset_phase_2'====== Args={}
2022-08-21 19:08:18,338 : EventManager : Event: ======'mc_reset_phase_3'====== Args={}
2022-08-21 19:08:18,338 : EventManager : Event: ======'mc_reset_complete'====== Args={}
2022-08-21 19:08:18,350 : EventManager : Event: ======'slides_play'====== Args={'settings': {'widgets': {'widgets': [{'type': 'text', 'text': 'GAME OVER', 'font_size': 50, 'font_name': 'space_font', '_default_settings': ['type', 'text', 'font_size', 'font_name'], 'x': None, 'y': None, 'anchor_x': 'center', 'anchor_y': 'center', 'round_anchor_x': None, 'round_anchor_y': None, 'opacity': 1.0, 'z': 0, 'reset_animations_events': {}, 'color': [1.0, 1.0, 1.0, 1.0], 'style': [], 'adjust_top': 0, 'adjust_bottom': 0, 'adjust_left': 0, 'adjust_right': 0, 'expire': None, 'key': None, 'widget': None, 'events_when_added': [], 'events_when_removed': [], 'bitmap_font': False, 'font_kerning': True, 'bold': False, 'italic': False, 'number_grouping': False, 'min_digits': 0, 'halign': 'center', 'valign': 'middle', 'rotation': 0, 'scale': 1.0, 'casing': None, 'animations': None}, {'type': 'image', 'image': 'attract_background', '_default_settings': ['type', 'image'], 'x': None, 'y': None, 'anchor_x': 'center', 'anchor_y': 'center', 'round_anchor_x': None, 'round_anchor_y': None, 'opacity': 1.0, 'z': 0, 'reset_animations_events': {}, 'color': [1.0, 1.0, 1.0, 1.0], 'style': [], 'adjust_top': 0, 'adjust_bottom': 0, 'adjust_left': 0, 'adjust_right': 0, 'expire': None, 'key': None, 'widget': None, 'events_when_added': [], 'events_when_removed': [], 'fps': 10, 'loops': -1, 'auto_play': True, 'start_frame': 0, 'rotation': 0, 'scale': 1.0, 'animations': None}], 'target': None, 'background_color': [0.0, 0.0, 0.0, 1.0], 'priority': None, 'show': True, 'force': False, 'expire': None, 'slide': None, 'tokens': {}, 'action': 'play'}}, 'context': 'show_13', 'calling_context': 0, 'priority': 10, 'show_tokens': {}, 'start_time': 17834.549}
2022-08-21 19:08:18,350 : mpfmc : SlidePlayer: Play called with settings={'widgets': {'widgets': [{'type': 'text', 'text': 'GAME OVER', 'font_size': 50, 'font_name': 'space_font', '_default_settings': ['type', 'text', 'font_size', 'font_name'], 'x': None, 'y': None, 'anchor_x': 'center', 'anchor_y': 'center', 'round_anchor_x': None, 'round_anchor_y': None, 'opacity': 1.0, 'z': 0, 'reset_animations_events': {}, 'color': [1.0, 1.0, 1.0, 1.0], 'style': [], 'adjust_top': 0, 'adjust_bottom': 0, 'adjust_left': 0, 'adjust_right': 0, 'expire': None, 'key': None, 'widget': None, 'events_when_added': [], 'events_when_removed': [], 'bitmap_font': False, 'font_kerning': True, 'bold': False, 'italic': False, 'number_grouping': False, 'min_digits': 0, 'halign': 'center', 'valign': 'middle', 'rotation': 0, 'scale': 1.0, 'casing': None, 'animations': None}, {'type': 'image', 'image': 'attract_background', '_default_settings': ['type', 'image'], 'x': None, 'y': None, 'anchor_x': 'center', 'anchor_y': 'center', 'round_anchor_x': None, 'round_anchor_y': None, 'opacity': 1.0, 'z': 0, 'reset_animations_events': {}, 'color': [1.0, 1.0, 1.0, 1.0], 'style': [], 'adjust_top': 0, 'adjust_bottom': 0, 'adjust_left': 0, 'adjust_right': 0, 'expire': None, 'key': None, 'widget': None, 'events_when_added': [], 'events_when_removed': [], 'fps': 10, 'loops': -1, 'auto_play': True, 'start_frame': 0, 'rotation': 0, 'scale': 1.0, 'animations': None}], 'target': None, 'background_color': [0.0, 0.0, 0.0, 1.0], 'priority': None, 'show': True, 'force': False, 'expire': None, 'slide': None, 'tokens': {}, 'action': 'play'}}
2022-08-21 19:08:18,357 : EventManager : Event: ======'slide_show_13.slide_player-0_created'====== Args={}
2022-08-21 19:08:18,359 : EventManager : Event: ======'slide_show_13.slide_player-0_active'====== Args={}
2022-08-21 19:08:21,335 : EventManager : Event: ======'slides_play'====== Args={'settings': {'last_game_score_slide': {'widgets': [{'type': 'text', 'text': 'LAST GAME', 'font_size': 50, 'y': '60%', 'font_name': 'space_font', '_default_settings': ['type', 'text', 'font_size', 'y', 'font_name'], 'x': None, 'anchor_x': 'center', 'anchor_y': 'center', 'round_anchor_x': None, 'round_anchor_y': None, 'opacity': 1.0, 'z': 0, 'reset_animations_events': {}, 'color': [1.0, 1.0, 1.0, 1.0], 'style': [], 'adjust_top': 0, 'adjust_bottom': 0, 'adjust_left': 0, 'adjust_right': 0, 'expire': None, 'key': None, 'widget': None, 'events_when_added': [], 'events_when_removed': [], 'bitmap_font': False, 'font_kerning': True, 'bold': False, 'italic': False, 'number_grouping': False, 'min_digits': 0, 'halign': 'center', 'valign': 'middle', 'rotation': 0, 'scale': 1.0, 'casing': None, 'animations': None}, {'type': 'text', 'text': '(machine|player1_score)', 'number_grouping': True, 'min_digits': 2, 'font_size': 50, 'y': '40%', 'font_name': 'score_font', '_default_settings': ['type', 'text', 'number_grouping', 'min_digits', 'font_size', 'y', 'font_name'], 'x': None, 'anchor_x': 'center', 'anchor_y': 'center', 'round_anchor_x': None, 'round_anchor_y': None, 'opacity': 1.0, 'z': 0, 'reset_animations_events': {}, 'color': [1.0, 1.0, 1.0, 1.0], 'style': [], 'adjust_top': 0, 'adjust_bottom': 0, 'adjust_left': 0, 'adjust_right': 0, 'expire': None, 'key': None, 'widget': None, 'events_when_added': [], 'events_when_removed': [], 'bitmap_font': False, 'font_kerning': True, 'bold': False, 'italic': False, 'halign': 'center', 'valign': 'middle', 'rotation': 0, 'scale': 1.0, 'casing': None, 'animations': None}, {'type': 'image', 'image': 'attract_background', '_default_settings': ['type', 'image'], 'x': None, 'y': None, 'anchor_x': 'center', 'anchor_y': 'center', 'round_anchor_x': None, 'round_anchor_y': None, 'opacity': 1.0, 'z': 0, 'reset_animations_events': {}, 'color': [1.0, 1.0, 1.0, 1.0], 'style': [], 'adjust_top': 0, 'adjust_bottom': 0, 'adjust_left': 0, 'adjust_right': 0, 'expire': None, 'key': None, 'widget': None, 'events_when_added': [], 'events_when_removed': [], 'fps': 10, 'loops': -1, 'auto_play': True, 'start_frame': 0, 'rotation': 0, 'scale': 1.0, 'animations': None}], 'target': None, 'background_color': [0.0, 0.0, 0.0, 1.0], 'priority': None, 'show': True, 'force': False, 'expire': None, 'slide': None, 'tokens': {}, 'action': 'play'}}, 'context': 'show_13', 'calling_context': 1, 'priority': 10, 'show_tokens': {}, 'start_time': 17837.549}
2022-08-21 19:08:21,335 : mpfmc : SlidePlayer: Play called with settings={'last_game_score_slide': {'widgets': [{'type': 'text', 'text': 'LAST GAME', 'font_size': 50, 'y': '60%', 'font_name': 'space_font', '_default_settings': ['type', 'text', 'font_size', 'y', 'font_name'], 'x': None, 'anchor_x': 'center', 'anchor_y': 'center', 'round_anchor_x': None, 'round_anchor_y': None, 'opacity': 1.0, 'z': 0, 'reset_animations_events': {}, 'color': [1.0, 1.0, 1.0, 1.0], 'style': [], 'adjust_top': 0, 'adjust_bottom': 0, 'adjust_left': 0, 'adjust_right': 0, 'expire': None, 'key': None, 'widget': None, 'events_when_added': [], 'events_when_removed': [], 'bitmap_font': False, 'font_kerning': True, 'bold': False, 'italic': False, 'number_grouping': False, 'min_digits': 0, 'halign': 'center', 'valign': 'middle', 'rotation': 0, 'scale': 1.0, 'casing': None, 'animations': None}, {'type': 'text', 'text': '(machine|player1_score)', 'number_grouping': True, 'min_digits': 2, 'font_size': 50, 'y': '40%', 'font_name': 'score_font', '_default_settings': ['type', 'text', 'number_grouping', 'min_digits', 'font_size', 'y', 'font_name'], 'x': None, 'anchor_x': 'center', 'anchor_y': 'center', 'round_anchor_x': None, 'round_anchor_y': None, 'opacity': 1.0, 'z': 0, 'reset_animations_events': {}, 'color': [1.0, 1.0, 1.0, 1.0], 'style': [], 'adjust_top': 0, 'adjust_bottom': 0, 'adjust_left': 0, 'adjust_right': 0, 'expire': None, 'key': None, 'widget': None, 'events_when_added': [], 'events_when_removed': [], 'bitmap_font': False, 'font_kerning': True, 'bold': False, 'italic': False, 'halign': 'center', 'valign': 'middle', 'rotation': 0, 'scale': 1.0, 'casing': None, 'animations': None}, {'type': 'image', 'image': 'attract_background', '_default_settings': ['type', 'image'], 'x': None, 'y': None, 'anchor_x': 'center', 'anchor_y': 'center', 'round_anchor_x': None, 'round_anchor_y': None, 'opacity': 1.0, 'z': 0, 'reset_animations_events': {}, 'color': [1.0, 1.0, 1.0, 1.0], 'style': [], 'adjust_top': 0, 'adjust_bottom': 0, 'adjust_left': 0, 'adjust_right': 0, 'expire': None, 'key': None, 'widget': None, 'events_when_added': [], 'events_when_removed': [], 'fps': 10, 'loops': -1, 'auto_play': True, 'start_frame': 0, 'rotation': 0, 'scale': 1.0, 'animations': None}], 'target': None, 'background_color': [0.0, 0.0, 0.0, 1.0], 'priority': None, 'show': True, 'force': False, 'expire': None, 'slide': None, 'tokens': {}, 'action': 'play'}}
2022-08-21 19:08:21,348 : EventManager : Event: ======'slide_last_game_score_slide_created'====== Args={}
2022-08-21 19:08:21,349 : EventManager : Unordered handler for class <Text Widget text=58,540,490> on event machine_var_player1_score with priority 1. Handlers: [RegisteredHandler(callback=<bound method Text._machine_var_change of <Text Widget text=58,540,490>>, priority=1, kwargs={}, key=UUID('9846ae3d-3dbb-4f48-bc06-7d0479d02759'), condition=None, blocking_facility=None), RegisteredHandler(callback=<bound method Text._machine_var_change of <Text Widget text=58,540,490>>, priority=1, kwargs={}, key=UUID('6d2dfdea-35d4-4efb-9dc5-ed2ddf1705f3'), condition=None, blocking_facility=None)]. The order of those handlers is not defined and they will be executed in random order. This might lead to race conditions and potential bugs.
2022-08-21 19:08:21,356 : EventManager : Event: ======'slide_last_game_score_slide_active'====== Args={}
2022-08-21 19:08:22,198 : EventManager : Event: ======'game_started'====== Args={}
2022-08-21 19:08:22,198 : EventManager : Event: ======'slides_clear'====== Args={'context': 'show_13'}
2022-08-21 19:08:22,199 : EventManager : Event: ======'slide_show_13.slide_player-0_removed'====== Args={}
2022-08-21 19:08:22,199 : EventManager : Event: ======'slide_last_game_score_slide_removed'====== Args={}
2022-08-21 19:08:22,200 : EventManager : Event: ======'slide_window_blank_active'====== Args={}
2022-08-21 19:08:22,219 : mpfmc : Stopping...
2022-08-21 19:08:22,219 : EventManager : Event: ======'shutdown'====== Args={}
2022-08-21 19:08:22,219 : AudioInterface : Disabling audio playback
2022-08-21 19:08:22,351 : mpfmc : Loop rate 57.88 Hz
2022-08-21 19:08:22,352 : kivy : Base: Leaving application in progress...
2022-08-21 19:08:22,355 : mpfmc : Stopping...
2022-08-21 19:08:22,355 : EventManager : Event: ======'shutdown'====== Args={}
2022-08-21 19:08:22,356 : mpfmc : Loop rate 57.84 Hz
2022-08-21 19:08:22,356 : kivy : MC run loop ended.
2022-08-21 19:08:22,356 : kivy : Stopping child threads... (2 remaining)
2022-08-21 19:08:23,214 : MPF-MC BCP Server : Stopping BCP sending thread
2022-08-21 19:08:23,256 : kivy : All child threads stopped.
