2022-09-11 12:55:39,898 : kivy : Factory: 186 symbols loaded
2022-09-11 12:55:40,038 : kivy : ImageLoaderFFPy: Using ffpyplayer 4.3.2
2022-09-11 12:55:40,038 : kivy : Image: Providers: img_tex, img_dds, img_sdl2, img_pil, img_ffpyplayer 
2022-09-11 12:55:40,084 : kivy : VideoGstplayer: Using Gstreamer 1.18.0.0
2022-09-11 12:55:40,085 : kivy : Video: Provider: gstplayer
2022-09-11 12:55:40,250 : kivy : Loading MPF-MC controller
2022-09-11 12:55:40,786 : ConfigProcessor : Config spec file cache created: C:\Users\Brendan\AppData\Local\Temp\config_spec.mpf_cache
2022-09-11 12:55:40,787 : YamlMultifileConfigLoader : Machine config file #1: config
2022-09-11 12:55:40,787 : ConfigProcessor : Config file in cache changed: C:\Baby_pacman_code\machine\config\config
2022-09-11 12:55:40,787 : ConfigProcessor : Loading config from file c:\users\brendan\appdata\local\programs\python\python37\lib\site-packages\mpfmc\mcconfig.yaml.
2022-09-11 12:55:40,838 : ConfigProcessor : Loading config: c:\users\brendan\appdata\local\programs\python\python37\lib\site-packages\mpfmc\mcconfig.yaml
2022-09-11 12:55:40,839 : ConfigProcessor : Loading config from file C:\Baby_pacman_code\machine\config\config.
2022-09-11 12:55:40,969 : ConfigProcessor : Loading config: C:\Baby_pacman_code\machine\config\config
2022-09-11 12:55:40,972 : ConfigProcessor : Config file cache created: C:\Users\Brendan\AppData\Local\Temp\e68bda1e95a8aa0185725ca2569cabab.mpf_cache
2022-09-11 12:55:40,972 : ConfigProcessor : Loading config from cache: C:\Users\Brendan\AppData\Local\Temp\467e7647689d29fad6adf949e1f4d51d.mpf_cache
2022-09-11 12:55:40,973 : ConfigProcessor : Loading config from cache: C:\Users\Brendan\AppData\Local\Temp\5550e037aa776b42b91b29b40b356c70.mpf_cache
2022-09-11 12:55:40,973 : ConfigProcessor : Loading config from cache: C:\Users\Brendan\AppData\Local\Temp\15e0c601392b30c3d9ba3ead8131edb5.mpf_cache
2022-09-11 12:55:40,974 : ConfigProcessor : Loading config from cache: C:\Users\Brendan\AppData\Local\Temp\0bf50917c4ef15ab65ee13d6c14e7d7c.mpf_cache
2022-09-11 12:55:40,974 : ConfigProcessor : Loading config from cache: C:\Users\Brendan\AppData\Local\Temp\bc7da7b13b2754e080c2afa0678ac274.mpf_cache
2022-09-11 12:55:40,975 : ConfigProcessor : Loading config from cache: C:\Users\Brendan\AppData\Local\Temp\bbd59d0bb6602ee0c5a89d6f85e6dd42.mpf_cache
2022-09-11 12:55:40,976 : ConfigProcessor : Loading config from cache: C:\Users\Brendan\AppData\Local\Temp\5526c78976fee311c3d05505d75f653d.mpf_cache
2022-09-11 12:55:40,976 : ConfigProcessor : Loading config from cache: C:\Users\Brendan\AppData\Local\Temp\6e95138ae5415fc76b53ebf8fa245fb5.mpf_cache
2022-09-11 12:55:40,977 : ConfigProcessor : Loading config from cache: C:\Users\Brendan\AppData\Local\Temp\1ec1c4dffb383758956493783a9ed391.mpf_cache
2022-09-11 12:55:40,977 : ConfigProcessor : Loading config from cache: C:\Users\Brendan\AppData\Local\Temp\f2aee92728c8017b77c710c804dd7f5a.mpf_cache
2022-09-11 12:55:40,978 : ConfigProcessor : Loading config from cache: C:\Users\Brendan\AppData\Local\Temp\88f57fa1305e9dc100972ec9f84d57fe.mpf_cache
2022-09-11 12:55:40,979 : ConfigProcessor : Loading config from cache: C:\Users\Brendan\AppData\Local\Temp\6e00a9d794d4c3f43a0fc48da04dac60.mpf_cache
2022-09-11 12:55:40,979 : ConfigProcessor : Loading config from cache: C:\Users\Brendan\AppData\Local\Temp\05ef98219fc733c3bcab58726c4b37ef.mpf_cache
2022-09-11 12:55:40,980 : ConfigProcessor : Loading config from cache: C:\Users\Brendan\AppData\Local\Temp\c22d657a5a7bb60632c2be2c735e073b.mpf_cache
2022-09-11 12:55:40,981 : ConfigProcessor : Loading config from cache: C:\Users\Brendan\AppData\Local\Temp\f7d4f5eb9425fe84d2e83a363afd4bdf.mpf_cache
2022-09-11 12:55:40,981 : ConfigProcessor : Loading config from cache: C:\Users\Brendan\AppData\Local\Temp\125f51d329f930ea7bff10973551cc26.mpf_cache
2022-09-11 12:55:40,982 : ConfigProcessor : Loading config from cache: C:\Users\Brendan\AppData\Local\Temp\08e18dfdf4e02cd29cc0cc52be2faaf4.mpf_cache
2022-09-11 12:55:40,982 : ConfigProcessor : Loading config from cache: C:\Users\Brendan\AppData\Local\Temp\f042f5bf6362b9e04d43b40b93a92057.mpf_cache
2022-09-11 12:55:40,983 : ConfigProcessor : Loading config from cache: C:\Users\Brendan\AppData\Local\Temp\60badac06cd62deb71f25fac24b103c2.mpf_cache
2022-09-11 12:55:40,984 : ConfigProcessor : Loading config from cache: C:\Users\Brendan\AppData\Local\Temp\a3ad1aeb679a0686901de8a6ffe784f0.mpf_cache
2022-09-11 12:55:40,984 : ConfigProcessor : Loading config from cache: C:\Users\Brendan\AppData\Local\Temp\d7856287e4ec48fb5adaa65e5f7b2848.mpf_cache
2022-09-11 12:55:40,985 : ConfigProcessor : Loading config from cache: C:\Users\Brendan\AppData\Local\Temp\338dcf2127887f92988a932f243d1482.mpf_cache
2022-09-11 12:55:40,985 : mpfmc : Mission Pinball Framework Media Controller v0.55.0
2022-09-11 12:55:40,986 : mpfmc : Mission Pinball Framework Game Engine v0.55.0
2022-09-11 12:55:40,986 : mpfmc : Machine path: C:\Baby_pacman_code\machine
2022-09-11 12:55:40,986 : mpfmc : Starting clock at 60.0Hz
2022-09-11 12:55:40,997 : kivy : Text: Provider: sdl2
2022-09-11 12:55:41,031 : kivy : Window: Provider: sdl2
2022-09-11 12:55:41,106 : kivy : GL: Using the "OpenGL" graphics system
2022-09-11 12:55:41,107 : kivy : GL: GLEW initialization succeeded
2022-09-11 12:55:41,107 : kivy : GL: Backend used <glew>
2022-09-11 12:55:41,107 : kivy : GL: OpenGL version <b'3.1.0 - Build 9.17.10.3517'>
2022-09-11 12:55:41,107 : kivy : GL: OpenGL vendor <b'Intel'>
2022-09-11 12:55:41,107 : kivy : GL: OpenGL renderer <b'Intel(R) HD Graphics 2000'>
2022-09-11 12:55:41,107 : kivy : GL: OpenGL parsed version: 3, 1
2022-09-11 12:55:41,107 : kivy : GL: Shading version <b'1.40 - Intel Build 9.17.10.3517'>
2022-09-11 12:55:41,107 : kivy : GL: Texture max size <8192>
2022-09-11 12:55:41,107 : kivy : GL: Texture max units <16>
2022-09-11 12:55:41,176 : kivy : Window: auto add sdl2 input provider
2022-09-11 12:55:41,178 : kivy : Window: virtual keyboard not allowed, single mode, not docked
2022-09-11 12:55:41,328 : AudioInterface : Initialized
2022-09-11 12:55:41,328 : AudioInterface : Loaded SDL 2.0.12
2022-09-11 12:55:41,329 : AudioInterface : Loaded SDL_Mixer 2.0.4
2022-09-11 12:55:41,329 : AudioInterface : Loaded GStreamer 1.18.0.0
2022-09-11 12:55:41,329 : AudioInterface : Loaded GLib 2.62.6
2022-09-11 12:55:41,329 : AudioInterface : Settings requested - rate: 44100, channels: 1, buffer: 2048 samples
2022-09-11 12:55:41,329 : AudioInterface : Settings in use - rate: 44100, channels: 1, buffer: 2048 samples (4096 bytes @ 2 bytes per sample)
2022-09-11 12:55:41,329 : SoundSystem : Setting master volume to 0.0
2022-09-11 12:55:41,329 : SoundSystem : master_volume in sound_system is deprecated and will be removed in the future.
2022-09-11 12:55:41,329 : AudioInterface : Enabling audio playback
2022-09-11 12:55:41,332 : kivy : Base: Start application main loop
2022-09-11 12:55:41,333 : EventManager : Event: ======'display_window1_initialized'====== Args={}
2022-09-11 12:55:41,345 : mpfmc : Display: Setting 'window1' as default display
2022-09-11 12:55:41,350 : mpfmc : ASPECT RATIO MISMATCH: The on-screen window is not the same aspect ratio as the display called 'window1'. The logical display will be scaled from 1366x768 to the window size 1920x1058, and a black bar will make up the difference
2022-09-11 12:55:41,351 : EventManager : Event: ======'displays_initialized'====== Args={}
2022-09-11 12:55:41,353 : EventManager : Event: ======'slide_window1_blank_created'====== Args={}
2022-09-11 12:55:41,353 : EventManager : Event: ======'display_window1_ready'====== Args={}
2022-09-11 12:55:41,362 : EventManager : Event: ======'init_phase_1'====== Args={}
2022-09-11 12:55:41,367 : EventManager : Event: ======'mc_ready'====== Args={}
2022-09-11 12:55:41,368 : EventManager : Event: ======'init_phase_2'====== Args={}
2022-09-11 12:55:41,402 : EventManager : Event: ======'init_phase_3'====== Args={}
2022-09-11 12:55:41,409 : EventManager : Event: ======'init_phase_4'====== Args={}
2022-09-11 12:55:41,409 : EventManager : Event: ======'init_phase_5'====== Args={}
2022-09-11 12:55:41,458 : kivy : GL: NPOT texture support is available
2022-09-11 12:55:41,480 : kivy : GL: Unpack subimage support is available
2022-09-11 12:55:41,505 : EventManager : Event: ======'loading_assets'====== Args={'total': 27, 'loaded': 1, 'remaining': 26, 'percent': 4}
2022-09-11 12:55:41,505 : AssetManager : Loading assets: 1/27 (4%)
2022-09-11 12:55:42,761 : EventManager : Event: ======'loading_assets'====== Args={'total': 27, 'loaded': 2, 'remaining': 25, 'percent': 7}
2022-09-11 12:55:42,761 : AssetManager : Loading assets: 2/27 (7%)
2022-09-11 12:55:44,400 : EventManager : Event: ======'loading_assets'====== Args={'total': 27, 'loaded': 14, 'remaining': 13, 'percent': 52}
2022-09-11 12:55:44,400 : AssetManager : Loading assets: 14/27 (52%)
2022-09-11 12:55:45,199 : EventManager : Event: ======'loading_assets'====== Args={'total': 27, 'loaded': 27, 'remaining': 0, 'percent': 100}
2022-09-11 12:55:45,199 : AssetManager : Asset loading took: 3.8692212104797363
2022-09-11 12:55:45,199 : EventManager : Event: ======'asset_loading_complete'====== Args={}
2022-09-11 12:55:45,199 : AssetManager : Loading assets: 27/27 (100%)
2022-09-11 12:55:45,200 : EventManager : Event: ======'init_done'====== Args={}
2022-09-11 12:55:45,200 : MPF-MC BCP Server : Starting up on localhost port 5050
2022-09-11 12:55:45,202 : MPF-MC BCP Server : Waiting for a connection...
2022-09-11 12:55:45,216 : EventManager : Event: ======'client_disconnected'====== Args={'host': '127.0.0.1', 'port': 5050}
2022-09-11 12:55:46,202 : MPF-MC BCP Server : Received connection from: 127.0.0.1:49371
2022-09-11 12:55:46,214 : EventManager : Event: ======'client_connected'====== Args={'host': '127.0.0.1', 'port': 49371}
2022-09-11 12:55:46,227 : EventManager : Event: ======'machine_var_fast_net_firmware'====== Args={'value': '01.05', 'prev_value': None, 'change': True}
2022-09-11 12:55:46,227 : EventManager : Event: ======'machine_var_fast_net_model'====== Args={'value': 'FP-CPU-002-2', 'prev_value': None, 'change': True}
2022-09-11 12:55:46,227 : EventManager : Event: ======'machine_var_fast_rgb_firmware'====== Args={'value': '01.00', 'prev_value': None, 'change': True}
2022-09-11 12:55:46,228 : EventManager : Event: ======'machine_var_fast_rgb_model'====== Args={'value': 'FP-CPU-002-2', 'prev_value': None, 'change': True}
2022-09-11 12:55:46,228 : EventManager : Event: ======'machine_var_credits_string'====== Args={'value': 'FREE PLAY', 'prev_value': None, 'change': True}
2022-09-11 12:55:46,228 : EventManager : Event: ======'machine_var_master_volume'====== Args={'value': 0.5, 'prev_value': None, 'change': True}
2022-09-11 12:55:46,228 : EventManager : Event: ======'machine_var_player1_score'====== Args={'value': 670142530, 'prev_value': None, 'change': True}
2022-09-11 12:55:46,228 : EventManager : Event: ======'machine_var_mpf_version'====== Args={'value': 'MPF v0.55.0', 'prev_value': None, 'change': True}
2022-09-11 12:55:46,229 : EventManager : Event: ======'machine_var_mpf_extended_version'====== Args={'value': 'MPF v0.55.0, Config version:5, Show version: 5, BCP version:1.1', 'prev_value': None, 'change': True}
2022-09-11 12:55:46,229 : EventManager : Event: ======'machine_var_python_version'====== Args={'value': '3.7.8', 'prev_value': None, 'change': True}
2022-09-11 12:55:46,229 : EventManager : Event: ======'machine_var_platform'====== Args={'value': 'Windows-7-6.1.7601-SP1', 'prev_value': None, 'change': True}
2022-09-11 12:55:46,229 : EventManager : Event: ======'machine_var_platform_system'====== Args={'value': 'Windows', 'prev_value': None, 'change': True}
2022-09-11 12:55:46,229 : EventManager : Event: ======'machine_var_platform_release'====== Args={'value': '7', 'prev_value': None, 'change': True}
2022-09-11 12:55:46,229 : EventManager : Event: ======'machine_var_platform_version'====== Args={'value': '6.1.7601', 'prev_value': None, 'change': True}
2022-09-11 12:55:46,230 : EventManager : Event: ======'machine_var_platform_machine'====== Args={'value': 'AMD64', 'prev_value': None, 'change': True}
2022-09-11 12:55:46,230 : EventManager : Event: ======'machine_var_mc_version'====== Args={'value': 'MPF-MC v0.55.0', 'prev_value': None, 'change': True}
2022-09-11 12:55:46,230 : EventManager : Event: ======'machine_var_mc_extended_version'====== Args={'value': 'MPF-MC v0.55.0 (config_version=5, BCP v1.1, Requires MPF v0.55.0-dev.49)', 'prev_value': None, 'change': True}
2022-09-11 12:55:46,230 : SoundSystem : Setting master volume to 0.5
2022-09-11 12:55:46,783 : EventManager : Event: ======'machine_var_audits_events_game_ended'====== Args={'value': 0, 'prev_value': None, 'change': True}
2022-09-11 12:55:46,783 : EventManager : Event: ======'machine_var_audits_events_game_started'====== Args={'value': 0, 'prev_value': None, 'change': True}
2022-09-11 12:55:46,783 : EventManager : Event: ======'machine_var_audits_player_score'====== Args={'value': {'average': 18787736.48648649, 'top': [720234070, 706004620, 670142530, 591554830, 507595620, 502234510, 441174720, 210762830, 203435200, 198719690], 'total': 629}, 'prev_value': None, 'change': True}
2022-09-11 12:55:46,783 : EventManager : Event: ======'machine_var_audits_shots_center_drop_mission1'====== Args={'value': 645, 'prev_value': None, 'change': True}
2022-09-11 12:55:46,783 : EventManager : Event: ======'machine_var_audits_shots_center_target'====== Args={'value': 482, 'prev_value': None, 'change': True}
2022-09-11 12:55:46,783 : EventManager : Event: ======'machine_var_audits_shots_drop_target1_mission2'====== Args={'value': 262, 'prev_value': None, 'change': True}
2022-09-11 12:55:46,783 : EventManager : Event: ======'machine_var_audits_shots_drop_target2_mission2'====== Args={'value': 303, 'prev_value': None, 'change': True}
2022-09-11 12:55:46,784 : EventManager : Event: ======'machine_var_audits_shots_drop_target3_mission2'====== Args={'value': 352, 'prev_value': None, 'change': True}
2022-09-11 12:55:46,784 : EventManager : Event: ======'machine_var_audits_shots_drop_target4_mission2'====== Args={'value': 317, 'prev_value': None, 'change': True}
2022-09-11 12:55:46,784 : EventManager : Event: ======'machine_var_audits_shots_drop_target5_mission2'====== Args={'value': 270, 'prev_value': None, 'change': True}
2022-09-11 12:55:46,784 : EventManager : Event: ======'machine_var_audits_shots_drop_targets_mission3'====== Args={'value': 1795, 'prev_value': None, 'change': True}
2022-09-11 12:55:46,784 : EventManager : Event: ======'machine_var_audits_shots_galaxy_advance'====== Args={'value': 3289, 'prev_value': None, 'change': True}
2022-09-11 12:55:46,784 : EventManager : Event: ======'machine_var_audits_shots_l_lane'====== Args={'value': 737, 'prev_value': None, 'change': True}
2022-09-11 12:55:46,784 : EventManager : Event: ======'machine_var_audits_shots_left_kicker_mission2'====== Args={'value': 179, 'prev_value': None, 'change': True}
2022-09-11 12:55:46,784 : EventManager : Event: ======'machine_var_audits_shots_left_kicker_mission4'====== Args={'value': 133, 'prev_value': None, 'change': True}
2022-09-11 12:55:46,785 : EventManager : Event: ======'machine_var_audits_shots_left_loop_mission1'====== Args={'value': 727, 'prev_value': None, 'change': True}
2022-09-11 12:55:46,785 : EventManager : Event: ======'machine_var_audits_shots_left_loop_mission2'====== Args={'value': 308, 'prev_value': None, 'change': True}
2022-09-11 12:55:46,785 : EventManager : Event: ======'machine_var_audits_shots_left_loop_mission4'====== Args={'value': 440, 'prev_value': None, 'change': True}
2022-09-11 12:55:46,785 : EventManager : Event: ======'machine_var_audits_shots_portal_advance'====== Args={'value': 5389, 'prev_value': None, 'change': True}
2022-09-11 12:55:46,785 : EventManager : Event: ======'machine_var_audits_shots_r_lane'====== Args={'value': 634, 'prev_value': None, 'change': True}
2022-09-11 12:55:46,785 : EventManager : Event: ======'machine_var_audits_shots_right_kicker_mission2'====== Args={'value': 153, 'prev_value': None, 'change': True}
2022-09-11 12:55:46,785 : EventManager : Event: ======'machine_var_audits_shots_right_kicker_mission4'====== Args={'value': 154, 'prev_value': None, 'change': True}
2022-09-11 12:55:46,785 : EventManager : Event: ======'machine_var_audits_shots_right_loop_mission1'====== Args={'value': 836, 'prev_value': None, 'change': True}
2022-09-11 12:55:46,786 : EventManager : Event: ======'machine_var_audits_shots_right_loop_mission2'====== Args={'value': 360, 'prev_value': None, 'change': True}
2022-09-11 12:55:46,786 : EventManager : Event: ======'machine_var_audits_shots_right_loop_mission4'====== Args={'value': 504, 'prev_value': None, 'change': True}
2022-09-11 12:55:46,795 : EventManager : Event: ======'machine_var_audits_shots_warp_advance'====== Args={'value': 1185, 'prev_value': None, 'change': True}
2022-09-11 12:55:46,795 : EventManager : Event: ======'machine_var_audits_switches_s_action_button'====== Args={'value': 4422, 'prev_value': None, 'change': True}
2022-09-11 12:55:46,795 : EventManager : Event: ======'machine_var_audits_switches_s_drain'====== Args={'value': 3016, 'prev_value': None, 'change': True}
2022-09-11 12:55:46,795 : EventManager : Event: ======'machine_var_audits_switches_s_drop_target1'====== Args={'value': 2150, 'prev_value': None, 'change': True}
2022-09-11 12:55:46,795 : EventManager : Event: ======'machine_var_audits_switches_s_drop_target2'====== Args={'value': 2462, 'prev_value': None, 'change': True}
2022-09-11 12:55:46,795 : EventManager : Event: ======'machine_var_audits_switches_s_drop_target3'====== Args={'value': 2927, 'prev_value': None, 'change': True}
2022-09-11 12:55:46,795 : EventManager : Event: ======'machine_var_audits_switches_s_drop_target4'====== Args={'value': 2349, 'prev_value': None, 'change': True}
2022-09-11 12:55:46,795 : EventManager : Event: ======'machine_var_audits_switches_s_drop_target5'====== Args={'value': 2230, 'prev_value': None, 'change': True}
2022-09-11 12:55:46,795 : EventManager : Event: ======'machine_var_audits_switches_s_left_captive_ball'====== Args={'value': 534, 'prev_value': None, 'change': True}
2022-09-11 12:55:46,795 : EventManager : Event: ======'machine_var_audits_switches_s_left_flipper'====== Args={'value': 40156, 'prev_value': None, 'change': True}
2022-09-11 12:55:46,796 : EventManager : Event: ======'machine_var_audits_switches_s_left_inlane'====== Args={'value': 740, 'prev_value': None, 'change': True}
2022-09-11 12:55:46,796 : EventManager : Event: ======'machine_var_audits_switches_s_left_inlane_far'====== Args={'value': 5322, 'prev_value': None, 'change': True}
2022-09-11 12:55:46,796 : EventManager : Event: ======'machine_var_audits_switches_s_left_kicker'====== Args={'value': 1731, 'prev_value': None, 'change': True}
2022-09-11 12:55:46,796 : EventManager : Event: ======'machine_var_audits_switches_s_left_sling'====== Args={'value': 7804, 'prev_value': None, 'change': True}
2022-09-11 12:55:46,796 : EventManager : Event: ======'machine_var_audits_switches_s_left_spinner'====== Args={'value': 25855, 'prev_value': None, 'change': True}
2022-09-11 12:55:46,796 : EventManager : Event: ======'machine_var_audits_switches_s_right_captive_ball'====== Args={'value': 553, 'prev_value': None, 'change': True}
2022-09-11 12:55:46,796 : EventManager : Event: ======'machine_var_audits_switches_s_right_flipper'====== Args={'value': 36534, 'prev_value': None, 'change': True}
2022-09-11 12:55:46,796 : EventManager : Event: ======'machine_var_audits_switches_s_right_inlane'====== Args={'value': 634, 'prev_value': None, 'change': True}
2022-09-11 12:55:46,796 : EventManager : Event: ======'machine_var_audits_switches_s_right_inlane_far'====== Args={'value': 7304, 'prev_value': None, 'change': True}
2022-09-11 12:55:46,796 : EventManager : Event: ======'machine_var_audits_switches_s_right_kicker'====== Args={'value': 1926, 'prev_value': None, 'change': True}
2022-09-11 12:55:46,797 : EventManager : Event: ======'machine_var_audits_switches_s_right_sling'====== Args={'value': 14692, 'prev_value': None, 'change': True}
2022-09-11 12:55:46,797 : EventManager : Event: ======'machine_var_audits_switches_s_right_spinner'====== Args={'value': 19388, 'prev_value': None, 'change': True}
2022-09-11 12:55:46,797 : EventManager : Event: ======'machine_var_audits_switches_s_start'====== Args={'value': 419, 'prev_value': None, 'change': True}
2022-09-11 12:55:46,807 : EventManager : Event: ======'mc_reset_phase_1'====== Args={}
2022-09-11 12:55:46,807 : EventManager : Event: ======'mc_reset_phase_2'====== Args={}
2022-09-11 12:55:46,807 : EventManager : Event: ======'mc_reset_phase_3'====== Args={}
2022-09-11 12:55:46,807 : EventManager : Event: ======'mc_reset_complete'====== Args={}
2022-09-11 12:55:46,819 : EventManager : Event: ======'slides_play'====== Args={'settings': {'widgets': {'widgets': [{'type': 'text', 'text': 'GAME OVER', 'font_size': 50, 'font_name': 'space_font', '_default_settings': ['type', 'text', 'font_size', 'font_name'], 'x': None, 'y': None, 'anchor_x': 'center', 'anchor_y': 'center', 'round_anchor_x': None, 'round_anchor_y': None, 'opacity': 1.0, 'z': 0, 'reset_animations_events': {}, 'color': [1.0, 1.0, 1.0, 1.0], 'style': [], 'adjust_top': 0, 'adjust_bottom': 0, 'adjust_left': 0, 'adjust_right': 0, 'expire': None, 'key': None, 'widget': None, 'events_when_added': [], 'events_when_removed': [], 'bitmap_font': False, 'font_kerning': True, 'bold': False, 'italic': False, 'number_grouping': False, 'min_digits': 0, 'halign': 'center', 'valign': 'middle', 'rotation': 0, 'scale': 1.0, 'casing': None, 'animations': None}, {'type': 'image', 'image': 'attract_background', '_default_settings': ['type', 'image'], 'x': None, 'y': None, 'anchor_x': 'center', 'anchor_y': 'center', 'round_anchor_x': None, 'round_anchor_y': None, 'opacity': 1.0, 'z': 0, 'reset_animations_events': {}, 'color': [1.0, 1.0, 1.0, 1.0], 'style': [], 'adjust_top': 0, 'adjust_bottom': 0, 'adjust_left': 0, 'adjust_right': 0, 'expire': None, 'key': None, 'widget': None, 'events_when_added': [], 'events_when_removed': [], 'fps': 10, 'loops': -1, 'auto_play': True, 'start_frame': 0, 'rotation': 0, 'scale': 1.0, 'animations': None}], 'target': None, 'background_color': [0.0, 0.0, 0.0, 1.0], 'priority': None, 'show': True, 'force': False, 'expire': None, 'slide': None, 'tokens': {}, 'action': 'play'}}, 'context': 'show_3', 'calling_context': 0, 'priority': 10, 'show_tokens': {}, 'start_time': 4526.634}
2022-09-11 12:55:46,819 : mpfmc : SlidePlayer: Play called with settings={'widgets': {'widgets': [{'type': 'text', 'text': 'GAME OVER', 'font_size': 50, 'font_name': 'space_font', '_default_settings': ['type', 'text', 'font_size', 'font_name'], 'x': None, 'y': None, 'anchor_x': 'center', 'anchor_y': 'center', 'round_anchor_x': None, 'round_anchor_y': None, 'opacity': 1.0, 'z': 0, 'reset_animations_events': {}, 'color': [1.0, 1.0, 1.0, 1.0], 'style': [], 'adjust_top': 0, 'adjust_bottom': 0, 'adjust_left': 0, 'adjust_right': 0, 'expire': None, 'key': None, 'widget': None, 'events_when_added': [], 'events_when_removed': [], 'bitmap_font': False, 'font_kerning': True, 'bold': False, 'italic': False, 'number_grouping': False, 'min_digits': 0, 'halign': 'center', 'valign': 'middle', 'rotation': 0, 'scale': 1.0, 'casing': None, 'animations': None}, {'type': 'image', 'image': 'attract_background', '_default_settings': ['type', 'image'], 'x': None, 'y': None, 'anchor_x': 'center', 'anchor_y': 'center', 'round_anchor_x': None, 'round_anchor_y': None, 'opacity': 1.0, 'z': 0, 'reset_animations_events': {}, 'color': [1.0, 1.0, 1.0, 1.0], 'style': [], 'adjust_top': 0, 'adjust_bottom': 0, 'adjust_left': 0, 'adjust_right': 0, 'expire': None, 'key': None, 'widget': None, 'events_when_added': [], 'events_when_removed': [], 'fps': 10, 'loops': -1, 'auto_play': True, 'start_frame': 0, 'rotation': 0, 'scale': 1.0, 'animations': None}], 'target': None, 'background_color': [0.0, 0.0, 0.0, 1.0], 'priority': None, 'show': True, 'force': False, 'expire': None, 'slide': None, 'tokens': {}, 'action': 'play'}}
2022-09-11 12:55:46,826 : EventManager : Event: ======'slide_show_3.slide_player-0_created'====== Args={}
2022-09-11 12:55:46,829 : EventManager : Event: ======'slide_show_3.slide_player-0_active'====== Args={}
2022-09-11 12:55:48,522 : EventManager : Event: ======'game_started'====== Args={}
2022-09-11 12:55:48,522 : EventManager : Event: ======'slides_clear'====== Args={'context': 'show_3'}
2022-09-11 12:55:48,523 : EventManager : Event: ======'slide_show_3.slide_player-0_removed'====== Args={}
2022-09-11 12:55:48,523 : EventManager : Event: ======'slide_window1_blank_active'====== Args={}
2022-09-11 12:55:48,548 : EventManager : Event: ======'player_added'====== Args={'player': <Player 1>, 'num': 1}
2022-09-11 12:55:48,548 : EventManager : Event: ======'player_index'====== Args={'value': 0, 'prev_value': 0, 'change': 0, 'player_num': 1}
2022-09-11 12:55:48,548 : EventManager : Event: ======'player_number'====== Args={'value': 1, 'prev_value': 1, 'change': 0, 'player_num': 1}
2022-09-11 12:55:48,548 : EventManager : Event: ======'player_score'====== Args={'value': 0, 'prev_value': 0, 'change': 0, 'player_num': 1}
2022-09-11 12:55:48,549 : EventManager : Event: ======'player_mode_value'====== Args={'value': 1000000, 'prev_value': 0, 'change': 1000000, 'player_num': 1}
2022-09-11 12:55:48,549 : EventManager : Event: ======'player_bonus_multiplier'====== Args={'value': 1, 'prev_value': 0, 'change': 1, 'player_num': 1}
2022-09-11 12:55:48,549 : EventManager : Event: ======'player_playfield_multiplier'====== Args={'value': 1, 'prev_value': 0, 'change': 1, 'player_num': 1}
2022-09-11 12:55:48,584 : EventManager : Event: ======'player_ball'====== Args={'value': 1, 'prev_value': 0, 'change': 1, 'player_num': 1}
2022-09-11 12:55:48,584 : EventManager : Event: ======'player_turn_start'====== Args={'number': 1, 'player': <Player 1>}
2022-09-11 12:55:48,598 : EventManager : Event: ======'player_shot_l_lane_enabled'====== Args={'value': True, 'prev_value': 0, 'change': 1, 'player_num': 1}
2022-09-11 12:55:48,598 : EventManager : Event: ======'player_shot_r_lane_enabled'====== Args={'value': True, 'prev_value': 0, 'change': 1, 'player_num': 1}
2022-09-11 12:55:48,598 : EventManager : Event: ======'player_shot_center_target_enabled'====== Args={'value': True, 'prev_value': 0, 'change': 1, 'player_num': 1}
2022-09-11 12:55:48,598 : EventManager : Event: ======'player_extra_ball_two_modes_complete_num_awarded'====== Args={'value': 0, 'prev_value': 0, 'change': 0, 'player_num': 1}
2022-09-11 12:55:48,609 : EventManager : Event: ======'sounds_play'====== Args={'settings': {'default': {'action': 'stop', 'priority': 400, 'block': False, 'delay': None, 'track': None, 'volume': None, 'pan': None, 'loops': None, 'start_at': None, 'fade_in': None, 'fade_out': None, 'about_to_finish_time': -1.0, 'max_queue_time': -1.0, 'events_when_played': ['use_sound_setting'], 'events_when_stopped': ['use_sound_setting'], 'events_when_looping': ['use_sound_setting'], 'events_when_about_to_finish': ['use_sound_setting'], 'mode_end_action': 'use_sound_setting', 'key': 'use_sound_setting'}, 'shooter_waiting': {'action': 'play', 'loops': -1, 'priority': None, 'block': False, 'delay': None, 'track': None, 'volume': None, 'pan': None, 'start_at': None, 'fade_in': None, 'fade_out': None, 'about_to_finish_time': -1.0, 'max_queue_time': -1.0, 'events_when_played': ['use_sound_setting'], 'events_when_stopped': ['use_sound_setting'], 'events_when_looping': ['use_sound_setting'], 'events_when_about_to_finish': ['use_sound_setting'], 'mode_end_action': 'use_sound_setting', 'key': 'use_sound_setting'}}, 'context': '_global', 'calling_context': 'ball_started', 'priority': 0, 'player': 1, 'ball': 1, 'balls_remaining': 2, 'is_extra_ball': False}
2022-09-11 12:55:48,621 : EventManager : Event: ======'player_shot_galaxy_advance_enabled'====== Args={'value': True, 'prev_value': 0, 'change': 1, 'player_num': 1}
2022-09-11 12:55:48,621 : EventManager : Event: ======'player_shot_portal_advance_enabled'====== Args={'value': True, 'prev_value': 0, 'change': 1, 'player_num': 1}
2022-09-11 12:55:48,621 : EventManager : Event: ======'player_shot_warp_advance_enabled'====== Args={'value': True, 'prev_value': 0, 'change': 1, 'player_num': 1}
2022-09-11 12:55:48,621 : EventManager : Event: ======'slides_play'====== Args={'settings': {'score_slide': {'target': None, 'background_color': [0.0, 0.0, 0.0, 1.0], 'priority': None, 'show': True, 'force': False, 'expire': None, 'slide': None, 'tokens': {}, 'action': 'play'}}, 'context': 'base', 'calling_context': 'mode_base_started', 'priority': 100, 'player': 1, 'ball': 1, 'balls_remaining': 2, 'is_extra_ball': False}
2022-09-11 12:55:48,621 : mpfmc : SlidePlayer: Play called with settings={'score_slide': {'target': None, 'background_color': [0.0, 0.0, 0.0, 1.0], 'priority': None, 'show': True, 'force': False, 'expire': None, 'slide': None, 'tokens': {}, 'action': 'play'}}
2022-09-11 12:55:48,636 : EventManager : Event: ======'slide_score_slide_created'====== Args={}
2022-09-11 12:55:48,645 : EventManager : Event: ======'slide_score_slide_active'====== Args={}
2022-09-11 12:55:48,651 : EventManager : Event: ======'sounds_play'====== Args={'settings': {'default': {'action': 'play', 'loops': -1, 'track': 'music', 'priority': None, 'block': False, 'delay': None, 'volume': None, 'pan': None, 'start_at': None, 'fade_in': None, 'fade_out': None, 'about_to_finish_time': -1.0, 'max_queue_time': -1.0, 'events_when_played': ['use_sound_setting'], 'events_when_stopped': ['use_sound_setting'], 'events_when_looping': ['use_sound_setting'], 'events_when_about_to_finish': ['use_sound_setting'], 'mode_end_action': 'use_sound_setting', 'key': 'use_sound_setting'}, 'mode_theme': {'action': 'stop', 'priority': None, 'block': False, 'delay': None, 'track': None, 'volume': None, 'pan': None, 'loops': None, 'start_at': None, 'fade_in': None, 'fade_out': None, 'about_to_finish_time': -1.0, 'max_queue_time': -1.0, 'events_when_played': ['use_sound_setting'], 'events_when_stopped': ['use_sound_setting'], 'events_when_looping': ['use_sound_setting'], 'events_when_about_to_finish': ['use_sound_setting'], 'mode_end_action': 'use_sound_setting', 'key': 'use_sound_setting'}}, 'context': '_global', 'calling_context': 'mode_spell_portal_started', 'priority': 0, 'player': 1, 'ball': 1, 'balls_remaining': 2, 'is_extra_ball': False}
2022-09-11 12:55:49,700 : EventManager : Event: ======'machine_var_audits_switches_s_left_inlane'====== Args={'value': 741, 'prev_value': 740, 'change': 1}
2022-09-11 12:55:49,725 : EventManager : Event: ======'player_shot_l_lane'====== Args={'value': 1, 'prev_value': 0, 'change': 1, 'player_num': 1}
2022-09-11 12:55:49,725 : EventManager : Event: ======'machine_var_audits_shots_l_lane'====== Args={'value': 738, 'prev_value': 737, 'change': 1}
2022-09-11 12:55:49,725 : EventManager : Event: ======'player_score'====== Args={'value': 10000, 'prev_value': 0, 'change': 10000, 'player_num': 1}
2022-09-11 12:55:49,725 : EventManager : Event: ======'player_switches'====== Args={'value': 1, 'prev_value': 0, 'change': 1, 'player_num': 1}
2022-09-11 12:55:49,733 : EventManager : Event: ======'slides_play'====== Args={'settings': {'mw_intro_1': {'priority': 100000, 'expire': 4.0, 'target': None, 'background_color': [0.0, 0.0, 0.0, 1.0], 'show': True, 'force': False, 'slide': None, 'tokens': {}, 'action': 'play'}}, 'context': 'mini_wizard', 'calling_context': 'mode_mini_wizard_started', 'priority': 75000}
2022-09-11 12:55:49,733 : mpfmc : SlidePlayer: Play called with settings={'mw_intro_1': {'priority': 100000, 'expire': 4.0, 'target': None, 'background_color': [0.0, 0.0, 0.0, 1.0], 'show': True, 'force': False, 'slide': None, 'tokens': {}, 'action': 'play'}}
2022-09-11 12:55:49,750 : EventManager : Event: ======'slide_mw_intro_1_created'====== Args={}
2022-09-11 12:55:49,757 : EventManager : Event: ======'slide_mw_intro_1_active'====== Args={}
2022-09-11 12:55:50,236 : EventManager : Event: ======'player_mini_wizard_mw_intro_timer_tick'====== Args={'value': 1, 'prev_value': 0, 'change': 1, 'player_num': 1}
2022-09-11 12:55:50,727 : EventManager : Event: ======'player_mini_wizard_mw_intro_timer_tick'====== Args={'value': 2, 'prev_value': 1, 'change': 1, 'player_num': 1}
2022-09-11 12:55:51,229 : EventManager : Event: ======'player_mini_wizard_mw_intro_timer_tick'====== Args={'value': 3, 'prev_value': 2, 'change': 1, 'player_num': 1}
2022-09-11 12:55:51,732 : EventManager : Event: ======'player_mini_wizard_mw_intro_timer_tick'====== Args={'value': 4, 'prev_value': 3, 'change': 1, 'player_num': 1}
2022-09-11 12:55:52,224 : EventManager : Event: ======'player_mini_wizard_mw_intro_timer_tick'====== Args={'value': 5, 'prev_value': 4, 'change': 1, 'player_num': 1}
2022-09-11 12:55:52,224 : EventManager : Event: ======'slides_play'====== Args={'settings': {'mw_intro_2': {'priority': 100001, 'expire': 4.0, 'target': None, 'background_color': [0.0, 0.0, 0.0, 1.0], 'show': True, 'force': False, 'slide': None, 'tokens': {}, 'action': 'play'}}, 'context': 'mini_wizard', 'calling_context': 'timer_mw_intro_timer_tick{device.timers.mw_intro_timer.ticks==5}', 'priority': 75000, 'ticks': 5, 'ticks_remaining': 0}
2022-09-11 12:55:52,224 : mpfmc : SlidePlayer: Play called with settings={'mw_intro_2': {'priority': 100001, 'expire': 4.0, 'target': None, 'background_color': [0.0, 0.0, 0.0, 1.0], 'show': True, 'force': False, 'slide': None, 'tokens': {}, 'action': 'play'}}
2022-09-11 12:55:52,239 : EventManager : Event: ======'slide_mw_intro_2_created'====== Args={}
2022-09-11 12:55:52,248 : EventManager : Event: ======'slide_mw_intro_2_active'====== Args={}
2022-09-11 12:55:52,728 : EventManager : Event: ======'player_mini_wizard_mw_intro_timer_tick'====== Args={'value': 6, 'prev_value': 5, 'change': 1, 'player_num': 1}
2022-09-11 12:55:53,231 : EventManager : Event: ======'player_mini_wizard_mw_intro_timer_tick'====== Args={'value': 7, 'prev_value': 6, 'change': 1, 'player_num': 1}
2022-09-11 12:55:53,720 : EventManager : Event: ======'player_mini_wizard_mw_intro_timer_tick'====== Args={'value': 8, 'prev_value': 7, 'change': 1, 'player_num': 1}
2022-09-11 12:55:53,732 : EventManager : Event: ======'slide_mw_intro_1_removed'====== Args={}
2022-09-11 12:55:54,223 : EventManager : Event: ======'player_mini_wizard_mw_intro_timer_tick'====== Args={'value': 9, 'prev_value': 8, 'change': 1, 'player_num': 1}
2022-09-11 12:55:54,726 : EventManager : Event: ======'player_mini_wizard_mw_intro_timer_tick'====== Args={'value': 10, 'prev_value': 9, 'change': 1, 'player_num': 1}
2022-09-11 12:55:55,219 : EventManager : Event: ======'player_mini_wizard_mw_intro_timer_tick'====== Args={'value': 11, 'prev_value': 10, 'change': 1, 'player_num': 1}
2022-09-11 12:55:55,723 : EventManager : Event: ======'player_mini_wizard_mw_intro_timer_tick'====== Args={'value': 12, 'prev_value': 11, 'change': 1, 'player_num': 1}
2022-09-11 12:55:55,723 : EventManager : Event: ======'slides_play'====== Args={'settings': {'mw_intro_3': {'priority': 100002, 'expire': 4.0, 'target': None, 'background_color': [0.0, 0.0, 0.0, 1.0], 'show': True, 'force': False, 'slide': None, 'tokens': {}, 'action': 'play'}}, 'context': 'mini_wizard', 'calling_context': 'timer_mw_intro_timer_tick{device.timers.mw_intro_timer.ticks==12}', 'priority': 75000, 'ticks': 12, 'ticks_remaining': 0}
2022-09-11 12:55:55,723 : mpfmc : SlidePlayer: Play called with settings={'mw_intro_3': {'priority': 100002, 'expire': 4.0, 'target': None, 'background_color': [0.0, 0.0, 0.0, 1.0], 'show': True, 'force': False, 'slide': None, 'tokens': {}, 'action': 'play'}}
2022-09-11 12:55:55,730 : EventManager : Event: ======'slide_mw_intro_3_created'====== Args={}
2022-09-11 12:55:55,734 : EventManager : Event: ======'slide_mw_intro_3_active'====== Args={}
2022-09-11 12:55:56,224 : EventManager : Event: ======'player_mini_wizard_mw_intro_timer_tick'====== Args={'value': 13, 'prev_value': 12, 'change': 1, 'player_num': 1}
2022-09-11 12:55:56,224 : EventManager : Event: ======'slide_mw_intro_2_removed'====== Args={}
2022-09-11 12:55:56,714 : EventManager : Event: ======'player_mini_wizard_mw_intro_timer_tick'====== Args={'value': 14, 'prev_value': 13, 'change': 1, 'player_num': 1}
2022-09-11 12:55:57,219 : EventManager : Event: ======'player_mini_wizard_mw_intro_timer_tick'====== Args={'value': 15, 'prev_value': 14, 'change': 1, 'player_num': 1}
2022-09-11 12:55:57,723 : EventManager : Event: ======'player_mini_wizard_mw_intro_timer_tick'====== Args={'value': 16, 'prev_value': 15, 'change': 1, 'player_num': 1}
2022-09-11 12:55:58,215 : EventManager : Event: ======'player_mini_wizard_mw_intro_timer_tick'====== Args={'value': 17, 'prev_value': 16, 'change': 1, 'player_num': 1}
2022-09-11 12:55:58,215 : EventManager : Event: ======'slides_play'====== Args={'settings': {'mw_intro_4': {'priority': 100003, 'expire': 2.5, 'target': None, 'background_color': [0.0, 0.0, 0.0, 1.0], 'show': True, 'force': False, 'slide': None, 'tokens': {}, 'action': 'play'}}, 'context': 'mini_wizard', 'calling_context': 'timer_mw_intro_timer_tick{device.timers.mw_intro_timer.ticks==17}', 'priority': 75000, 'ticks': 17, 'ticks_remaining': 0}
2022-09-11 12:55:58,215 : mpfmc : SlidePlayer: Play called with settings={'mw_intro_4': {'priority': 100003, 'expire': 2.5, 'target': None, 'background_color': [0.0, 0.0, 0.0, 1.0], 'show': True, 'force': False, 'slide': None, 'tokens': {}, 'action': 'play'}}
2022-09-11 12:55:58,221 : EventManager : Event: ======'slide_mw_intro_4_created'====== Args={}
2022-09-11 12:55:58,225 : EventManager : Event: ======'slide_mw_intro_4_active'====== Args={}
2022-09-11 12:55:58,722 : EventManager : Event: ======'player_mini_wizard_mw_intro_timer_tick'====== Args={'value': 18, 'prev_value': 17, 'change': 1, 'player_num': 1}
2022-09-11 12:55:59,213 : EventManager : Event: ======'player_mini_wizard_mw_intro_timer_tick'====== Args={'value': 19, 'prev_value': 18, 'change': 1, 'player_num': 1}
2022-09-11 12:55:59,730 : EventManager : Event: ======'player_mini_wizard_mw_intro_timer_tick'====== Args={'value': 20, 'prev_value': 19, 'change': 1, 'player_num': 1}
2022-09-11 12:55:59,730 : EventManager : Event: ======'slide_mw_intro_3_removed'====== Args={}
2022-09-11 12:56:00,236 : EventManager : Event: ======'player_mini_wizard_mw_intro_timer_tick'====== Args={'value': 21, 'prev_value': 20, 'change': 1, 'player_num': 1}
2022-09-11 12:56:00,713 : EventManager : Event: ======'slide_mw_intro_4_removed'====== Args={}
2022-09-11 12:56:00,714 : EventManager : Event: ======'slide_score_slide_active'====== Args={}
2022-09-11 12:56:00,726 : EventManager : Event: ======'player_mini_wizard_mw_intro_timer_tick'====== Args={'value': 22, 'prev_value': 21, 'change': 1, 'player_num': 1}
2022-09-11 12:56:01,229 : EventManager : Event: ======'player_mini_wizard_mw_intro_timer_tick'====== Args={'value': 23, 'prev_value': 22, 'change': 1, 'player_num': 1}
2022-09-11 12:56:01,730 : EventManager : Event: ======'player_mini_wizard_mw_intro_timer_tick'====== Args={'value': 24, 'prev_value': 23, 'change': 1, 'player_num': 1}
2022-09-11 12:56:02,036 : kivy : Base: Leaving application in progress...
2022-09-11 12:56:02,294 : mpfmc : Stopping...
2022-09-11 12:56:02,294 : EventManager : Event: ======'shutdown'====== Args={}
2022-09-11 12:56:02,294 : AudioInterface : Disabling audio playback
2022-09-11 12:56:02,294 : mpfmc : Loop rate 68.79 Hz
2022-09-11 12:56:02,294 : kivy : MC run loop ended.
2022-09-11 12:56:02,294 : kivy : Stopping child threads... (3 remaining)
2022-09-11 12:56:02,372 : mpfmc : Stopping...
2022-09-11 12:56:02,372 : EventManager : Event: ======'shutdown'====== Args={}
2022-09-11 12:56:02,372 : mpfmc : Loop rate 68.54 Hz
2022-09-11 12:56:02,387 : MPF-MC BCP Server : Stopping BCP sending thread
2022-09-11 12:56:02,840 : kivy : All child threads stopped.
