2022-08-29 15:16:44,593 : kivy : Factory: 186 symbols loaded
2022-08-29 15:16:44,827 : kivy : ImageLoaderFFPy: Using ffpyplayer 4.3.2
2022-08-29 15:16:44,827 : kivy : Image: Providers: img_tex, img_dds, img_sdl2, img_pil, img_ffpyplayer 
2022-08-29 15:16:44,901 : kivy : VideoGstplayer: Using Gstreamer 1.18.0.0
2022-08-29 15:16:44,901 : kivy : Video: Provider: gstplayer
2022-08-29 15:16:45,112 : kivy : Loading MPF-MC controller
2022-08-29 15:16:45,633 : ConfigProcessor : Config spec file cache created: C:\Users\Brendan\AppData\Local\Temp\config_spec.mpf_cache
2022-08-29 15:16:45,633 : YamlMultifileConfigLoader : Machine config file #1: config
2022-08-29 15:16:45,634 : ConfigProcessor : Config file in cache changed: C:\Baby_pacman_code\machine\config\config
2022-08-29 15:16:45,634 : ConfigProcessor : Loading config from file c:\users\brendan\appdata\local\programs\python\python37\lib\site-packages\mpfmc\mcconfig.yaml.
2022-08-29 15:16:45,685 : ConfigProcessor : Loading config: c:\users\brendan\appdata\local\programs\python\python37\lib\site-packages\mpfmc\mcconfig.yaml
2022-08-29 15:16:45,686 : ConfigProcessor : Loading config from file C:\Baby_pacman_code\machine\config\config.
2022-08-29 15:16:45,814 : ConfigProcessor : Loading config: C:\Baby_pacman_code\machine\config\config
2022-08-29 15:16:45,816 : ConfigProcessor : Config file cache created: C:\Users\Brendan\AppData\Local\Temp\e68bda1e95a8aa0185725ca2569cabab.mpf_cache
2022-08-29 15:16:45,817 : ConfigProcessor : Loading config from cache: C:\Users\Brendan\AppData\Local\Temp\467e7647689d29fad6adf949e1f4d51d.mpf_cache
2022-08-29 15:16:45,817 : ConfigProcessor : Loading config from cache: C:\Users\Brendan\AppData\Local\Temp\5550e037aa776b42b91b29b40b356c70.mpf_cache
2022-08-29 15:16:45,818 : ConfigProcessor : Loading config from cache: C:\Users\Brendan\AppData\Local\Temp\15e0c601392b30c3d9ba3ead8131edb5.mpf_cache
2022-08-29 15:16:45,819 : ConfigProcessor : Loading config from cache: C:\Users\Brendan\AppData\Local\Temp\0bf50917c4ef15ab65ee13d6c14e7d7c.mpf_cache
2022-08-29 15:16:45,819 : ConfigProcessor : Loading config from cache: C:\Users\Brendan\AppData\Local\Temp\bc7da7b13b2754e080c2afa0678ac274.mpf_cache
2022-08-29 15:16:45,820 : ConfigProcessor : Loading config from cache: C:\Users\Brendan\AppData\Local\Temp\bbd59d0bb6602ee0c5a89d6f85e6dd42.mpf_cache
2022-08-29 15:16:45,821 : ConfigProcessor : Loading config from cache: C:\Users\Brendan\AppData\Local\Temp\5526c78976fee311c3d05505d75f653d.mpf_cache
2022-08-29 15:16:45,821 : ConfigProcessor : Loading config from cache: C:\Users\Brendan\AppData\Local\Temp\6e95138ae5415fc76b53ebf8fa245fb5.mpf_cache
2022-08-29 15:16:45,822 : ConfigProcessor : Loading config from cache: C:\Users\Brendan\AppData\Local\Temp\1ec1c4dffb383758956493783a9ed391.mpf_cache
2022-08-29 15:16:45,823 : ConfigProcessor : Loading config from cache: C:\Users\Brendan\AppData\Local\Temp\f2aee92728c8017b77c710c804dd7f5a.mpf_cache
2022-08-29 15:16:45,824 : ConfigProcessor : Loading config from cache: C:\Users\Brendan\AppData\Local\Temp\88f57fa1305e9dc100972ec9f84d57fe.mpf_cache
2022-08-29 15:16:45,824 : ConfigProcessor : Loading config from cache: C:\Users\Brendan\AppData\Local\Temp\6e00a9d794d4c3f43a0fc48da04dac60.mpf_cache
2022-08-29 15:16:45,825 : ConfigProcessor : Loading config from cache: C:\Users\Brendan\AppData\Local\Temp\05ef98219fc733c3bcab58726c4b37ef.mpf_cache
2022-08-29 15:16:45,826 : ConfigProcessor : Loading config from cache: C:\Users\Brendan\AppData\Local\Temp\c22d657a5a7bb60632c2be2c735e073b.mpf_cache
2022-08-29 15:16:45,827 : ConfigProcessor : Loading config from cache: C:\Users\Brendan\AppData\Local\Temp\f7d4f5eb9425fe84d2e83a363afd4bdf.mpf_cache
2022-08-29 15:16:45,827 : ConfigProcessor : Loading config from cache: C:\Users\Brendan\AppData\Local\Temp\125f51d329f930ea7bff10973551cc26.mpf_cache
2022-08-29 15:16:45,828 : ConfigProcessor : Loading config from cache: C:\Users\Brendan\AppData\Local\Temp\08e18dfdf4e02cd29cc0cc52be2faaf4.mpf_cache
2022-08-29 15:16:45,829 : ConfigProcessor : Loading config from cache: C:\Users\Brendan\AppData\Local\Temp\f042f5bf6362b9e04d43b40b93a92057.mpf_cache
2022-08-29 15:16:45,829 : ConfigProcessor : Loading config from cache: C:\Users\Brendan\AppData\Local\Temp\60badac06cd62deb71f25fac24b103c2.mpf_cache
2022-08-29 15:16:45,830 : ConfigProcessor : Loading config from cache: C:\Users\Brendan\AppData\Local\Temp\a3ad1aeb679a0686901de8a6ffe784f0.mpf_cache
2022-08-29 15:16:45,830 : ConfigProcessor : Loading config from cache: C:\Users\Brendan\AppData\Local\Temp\d7856287e4ec48fb5adaa65e5f7b2848.mpf_cache
2022-08-29 15:16:45,831 : mpfmc : Mission Pinball Framework Media Controller v0.55.0
2022-08-29 15:16:45,831 : mpfmc : Mission Pinball Framework Game Engine v0.55.0
2022-08-29 15:16:45,831 : mpfmc : Machine path: C:\Baby_pacman_code\machine
2022-08-29 15:16:45,831 : mpfmc : Starting clock at 60.0Hz
2022-08-29 15:16:45,855 : kivy : Text: Provider: sdl2
2022-08-29 15:16:45,908 : kivy : Window: Provider: sdl2
2022-08-29 15:16:46,082 : kivy : GL: Using the "OpenGL" graphics system
2022-08-29 15:16:46,087 : kivy : GL: GLEW initialization succeeded
2022-08-29 15:16:46,087 : kivy : GL: Backend used <glew>
2022-08-29 15:16:46,088 : kivy : GL: OpenGL version <b'3.1.0 - Build 9.17.10.3517'>
2022-08-29 15:16:46,088 : kivy : GL: OpenGL vendor <b'Intel'>
2022-08-29 15:16:46,088 : kivy : GL: OpenGL renderer <b'Intel(R) HD Graphics 2000'>
2022-08-29 15:16:46,088 : kivy : GL: OpenGL parsed version: 3, 1
2022-08-29 15:16:46,088 : kivy : GL: Shading version <b'1.40 - Intel Build 9.17.10.3517'>
2022-08-29 15:16:46,088 : kivy : GL: Texture max size <8192>
2022-08-29 15:16:46,088 : kivy : GL: Texture max units <16>
2022-08-29 15:16:46,170 : kivy : Window: auto add sdl2 input provider
2022-08-29 15:16:46,171 : kivy : Window: virtual keyboard not allowed, single mode, not docked
2022-08-29 15:16:46,548 : AudioInterface : Initialized
2022-08-29 15:16:46,548 : AudioInterface : Loaded SDL 2.0.12
2022-08-29 15:16:46,548 : AudioInterface : Loaded SDL_Mixer 2.0.4
2022-08-29 15:16:46,549 : AudioInterface : Loaded GStreamer 1.18.0.0
2022-08-29 15:16:46,549 : AudioInterface : Loaded GLib 2.62.6
2022-08-29 15:16:46,549 : AudioInterface : Settings requested - rate: 44100, channels: 1, buffer: 2048 samples
2022-08-29 15:16:46,549 : AudioInterface : Settings in use - rate: 44100, channels: 1, buffer: 2048 samples (4096 bytes @ 2 bytes per sample)
2022-08-29 15:16:46,550 : SoundSystem : Setting master volume to 0.0
2022-08-29 15:16:46,550 : SoundSystem : master_volume in sound_system is deprecated and will be removed in the future.
2022-08-29 15:16:46,550 : AudioInterface : Enabling audio playback
2022-08-29 15:16:46,553 : kivy : Base: Start application main loop
2022-08-29 15:16:46,554 : EventManager : Event: ======'display_window1_initialized'====== Args={}
2022-08-29 15:16:46,698 : mpfmc : Display: Setting 'window1' as default display
2022-08-29 15:16:46,704 : mpfmc : ASPECT RATIO MISMATCH: The on-screen window is not the same aspect ratio as the display called 'window1'. The logical display will be scaled from 1366x768 to the window size 1920x1058, and a black bar will make up the difference
2022-08-29 15:16:46,705 : EventManager : Event: ======'displays_initialized'====== Args={}
2022-08-29 15:16:46,706 : EventManager : Event: ======'slide_window1_blank_created'====== Args={}
2022-08-29 15:16:46,706 : EventManager : Event: ======'display_window1_ready'====== Args={}
2022-08-29 15:16:46,735 : EventManager : Event: ======'init_phase_1'====== Args={}
2022-08-29 15:16:46,743 : EventManager : Event: ======'mc_ready'====== Args={}
2022-08-29 15:16:46,743 : EventManager : Event: ======'init_phase_2'====== Args={}
2022-08-29 15:16:46,774 : EventManager : Event: ======'init_phase_3'====== Args={}
2022-08-29 15:16:46,780 : EventManager : Event: ======'init_phase_4'====== Args={}
2022-08-29 15:16:46,780 : EventManager : Event: ======'init_phase_5'====== Args={}
2022-08-29 15:16:46,842 : kivy : GL: NPOT texture support is available
2022-08-29 15:16:46,859 : kivy : GL: Unpack subimage support is available
2022-08-29 15:16:46,892 : EventManager : Event: ======'loading_assets'====== Args={'total': 27, 'loaded': 1, 'remaining': 26, 'percent': 4}
2022-08-29 15:16:46,892 : AssetManager : Loading assets: 1/27 (4%)
2022-08-29 15:16:48,184 : EventManager : Event: ======'loading_assets'====== Args={'total': 27, 'loaded': 2, 'remaining': 25, 'percent': 7}
2022-08-29 15:16:48,184 : AssetManager : Loading assets: 2/27 (7%)
2022-08-29 15:16:48,714 : kivy : Base: Leaving application in progress...
2022-08-29 15:16:48,935 : mpfmc : Stopping...
2022-08-29 15:16:48,935 : EventManager : Event: ======'shutdown'====== Args={}
2022-08-29 15:16:48,935 : AudioInterface : Disabling audio playback
2022-08-29 15:16:48,935 : mpfmc : Loop rate 40.31 Hz
2022-08-29 15:16:48,935 : kivy : MC run loop ended.
2022-08-29 15:16:48,935 : kivy : Stopping child threads... (1 remaining)
2022-08-29 15:16:49,481 : kivy : All child threads stopped.
