2022-08-21 17:43:48,496 : INFO : root : Loading config.
2022-08-21 17:43:49,042 : INFO : ConfigProcessor : Config spec file cache created: C:\Users\Brendan\AppData\Local\Temp\config_spec.mpf_cache
2022-08-21 17:43:49,043 : INFO : YamlMultifileConfigLoader : Machine config file #1: config.yaml
2022-08-21 17:43:49,043 : INFO : ConfigProcessor : Loading config from cache: C:\Users\Brendan\AppData\Local\Temp\bccefe987bb586eace29905fa80cab57.mpf_cache
2022-08-21 17:43:49,102 : INFO : ConfigProcessor : Loading config from cache: C:\Users\Brendan\AppData\Local\Temp\467e7647689d29fad6adf949e1f4d51d.mpf_cache
2022-08-21 17:43:49,103 : INFO : ConfigProcessor : Loading config from cache: C:\Users\Brendan\AppData\Local\Temp\5550e037aa776b42b91b29b40b356c70.mpf_cache
2022-08-21 17:43:49,104 : INFO : ConfigProcessor : Loading config from cache: C:\Users\Brendan\AppData\Local\Temp\15e0c601392b30c3d9ba3ead8131edb5.mpf_cache
2022-08-21 17:43:49,105 : INFO : ConfigProcessor : Loading config from cache: C:\Users\Brendan\AppData\Local\Temp\0bf50917c4ef15ab65ee13d6c14e7d7c.mpf_cache
2022-08-21 17:43:49,106 : INFO : ConfigProcessor : Loading config from cache: C:\Users\Brendan\AppData\Local\Temp\bc7da7b13b2754e080c2afa0678ac274.mpf_cache
2022-08-21 17:43:49,106 : INFO : ConfigProcessor : Loading config from cache: C:\Users\Brendan\AppData\Local\Temp\bbd59d0bb6602ee0c5a89d6f85e6dd42.mpf_cache
2022-08-21 17:43:49,107 : INFO : ConfigProcessor : Loading config from cache: C:\Users\Brendan\AppData\Local\Temp\5526c78976fee311c3d05505d75f653d.mpf_cache
2022-08-21 17:43:49,108 : INFO : ConfigProcessor : Loading config from cache: C:\Users\Brendan\AppData\Local\Temp\6e95138ae5415fc76b53ebf8fa245fb5.mpf_cache
2022-08-21 17:43:49,109 : INFO : ConfigProcessor : Loading config from cache: C:\Users\Brendan\AppData\Local\Temp\1ec1c4dffb383758956493783a9ed391.mpf_cache
2022-08-21 17:43:49,110 : WARNING : ConfigProcessor : Config file in cache changed: C:\Baby_pacman_code\machine\modes\mission2\config\mission2.yaml
2022-08-21 17:43:49,110 : INFO : ConfigProcessor : Loading config from file C:\Baby_pacman_code\machine\modes\mission2\config\mission2.yaml.
2022-08-21 17:43:49,318 : INFO : ConfigProcessor : Loading config: C:\Baby_pacman_code\machine\modes\mission2\config\mission2.yaml
2022-08-21 17:43:49,321 : INFO : ConfigProcessor : Config file cache created: C:\Users\Brendan\AppData\Local\Temp\f2aee92728c8017b77c710c804dd7f5a.mpf_cache
2022-08-21 17:43:49,322 : INFO : ConfigProcessor : Loading config from cache: C:\Users\Brendan\AppData\Local\Temp\88f57fa1305e9dc100972ec9f84d57fe.mpf_cache
2022-08-21 17:43:49,323 : INFO : ConfigProcessor : Loading config from cache: C:\Users\Brendan\AppData\Local\Temp\6e00a9d794d4c3f43a0fc48da04dac60.mpf_cache
2022-08-21 17:43:49,324 : INFO : ConfigProcessor : Loading config from cache: C:\Users\Brendan\AppData\Local\Temp\05ef98219fc733c3bcab58726c4b37ef.mpf_cache
2022-08-21 17:43:49,324 : INFO : ConfigProcessor : Loading config from cache: C:\Users\Brendan\AppData\Local\Temp\c22d657a5a7bb60632c2be2c735e073b.mpf_cache
2022-08-21 17:43:49,325 : INFO : ConfigProcessor : Loading config from cache: C:\Users\Brendan\AppData\Local\Temp\f7d4f5eb9425fe84d2e83a363afd4bdf.mpf_cache
2022-08-21 17:43:49,326 : INFO : ConfigProcessor : Loading config from cache: C:\Users\Brendan\AppData\Local\Temp\125f51d329f930ea7bff10973551cc26.mpf_cache
2022-08-21 17:43:49,326 : INFO : ConfigProcessor : Loading config from cache: C:\Users\Brendan\AppData\Local\Temp\08e18dfdf4e02cd29cc0cc52be2faaf4.mpf_cache
2022-08-21 17:43:49,327 : INFO : ConfigProcessor : Loading config from cache: C:\Users\Brendan\AppData\Local\Temp\f042f5bf6362b9e04d43b40b93a92057.mpf_cache
2022-08-21 17:43:49,328 : INFO : ConfigProcessor : Loading config from cache: C:\Users\Brendan\AppData\Local\Temp\60badac06cd62deb71f25fac24b103c2.mpf_cache
2022-08-21 17:43:49,329 : INFO : ConfigProcessor : Loading config from cache: C:\Users\Brendan\AppData\Local\Temp\a3ad1aeb679a0686901de8a6ffe784f0.mpf_cache
2022-08-21 17:43:49,329 : INFO : ConfigProcessor : Loading config from cache: C:\Users\Brendan\AppData\Local\Temp\d7856287e4ec48fb5adaa65e5f7b2848.mpf_cache
2022-08-21 17:43:49,330 : INFO : ConfigProcessor : Loading config from cache: C:\Users\Brendan\AppData\Local\Temp\4849f32e60febd99d83791f2417d9a0f.mpf_cache
2022-08-21 17:43:49,331 : INFO : ConfigProcessor : Loading config from cache: C:\Users\Brendan\AppData\Local\Temp\942a9c8af084c06606ececc74db0a30f.mpf_cache
2022-08-21 17:43:49,331 : INFO : ConfigProcessor : Loading config from cache: C:\Users\Brendan\AppData\Local\Temp\d3a5f9b6ba13782c30d3f4f7e40a9dcf.mpf_cache
2022-08-21 17:43:49,332 : INFO : ConfigProcessor : Loading config from cache: C:\Users\Brendan\AppData\Local\Temp\bb2305c107159ac261738ee6fa5177f9.mpf_cache
2022-08-21 17:43:49,332 : INFO : ConfigProcessor : Loading config from cache: C:\Users\Brendan\AppData\Local\Temp\5e8fe62f7d4a280c75af4e016e79234a.mpf_cache
2022-08-21 17:43:49,333 : INFO : ConfigProcessor : Loading config from cache: C:\Users\Brendan\AppData\Local\Temp\7934ad8984867b043b25c8f1f16418da.mpf_cache
2022-08-21 17:43:49,334 : INFO : ConfigProcessor : Loading config from cache: C:\Users\Brendan\AppData\Local\Temp\201f4c0a0d10e05df2979372d05b639d.mpf_cache
2022-08-21 17:43:49,334 : INFO : ConfigProcessor : Loading config from cache: C:\Users\Brendan\AppData\Local\Temp\29084e75e573608c6a2e9d91f8c2e516.mpf_cache
2022-08-21 17:43:49,335 : INFO : ConfigProcessor : Loading config from cache: C:\Users\Brendan\AppData\Local\Temp\c1a52d9ec6beffcf3a0c74172f4f1789.mpf_cache
2022-08-21 17:43:49,336 : INFO : ConfigProcessor : Loading config from cache: C:\Users\Brendan\AppData\Local\Temp\1a7cfdccecce53cd51775700aa921808.mpf_cache
2022-08-21 17:43:49,337 : INFO : ConfigProcessor : Loading config from cache: C:\Users\Brendan\AppData\Local\Temp\bbeb6a5751b9d2029aa6e8633936e040.mpf_cache
2022-08-21 17:43:49,337 : INFO : ConfigProcessor : Loading config from cache: C:\Users\Brendan\AppData\Local\Temp\396defae609afab4d6d7399595fd494b.mpf_cache
2022-08-21 17:43:49,338 : INFO : ConfigProcessor : Loading config from cache: C:\Users\Brendan\AppData\Local\Temp\df5b128cf73808572dcd58af6b99a12a.mpf_cache
2022-08-21 17:43:49,339 : INFO : ConfigProcessor : Loading config from cache: C:\Users\Brendan\AppData\Local\Temp\b16abd66a20b52f76df13eb007a93cde.mpf_cache
2022-08-21 17:43:49,339 : INFO : ConfigProcessor : Loading config from cache: C:\Users\Brendan\AppData\Local\Temp\09ddf149c2750d0dc18124afb4ec1692.mpf_cache
2022-08-21 17:43:49,340 : INFO : ConfigProcessor : Loading config from cache: C:\Users\Brendan\AppData\Local\Temp\dc261f740d4fb0b58874215bc05837b4.mpf_cache
2022-08-21 17:43:49,340 : INFO : ConfigProcessor : Loading config from cache: C:\Users\Brendan\AppData\Local\Temp\fd5b67850c190931870595f7ba331325.mpf_cache
2022-08-21 17:43:49,341 : INFO : ConfigProcessor : Loading config from cache: C:\Users\Brendan\AppData\Local\Temp\7fa0bf6f8a3d06d96f9daba2d24e8451.mpf_cache
2022-08-21 17:43:49,341 : INFO : ConfigProcessor : Loading config from cache: C:\Users\Brendan\AppData\Local\Temp\17652c03725ec0d5dc66b35abdc504c5.mpf_cache
2022-08-21 17:43:49,342 : INFO : ConfigProcessor : Loading config from cache: C:\Users\Brendan\AppData\Local\Temp\f6549f0a1a12987384ccc86b9df17004.mpf_cache
2022-08-21 17:43:49,342 : INFO : ConfigProcessor : Loading config from cache: C:\Users\Brendan\AppData\Local\Temp\d416d6f9f35dec068a811f18f969a8db.mpf_cache
2022-08-21 17:43:49,344 : INFO : ConfigProcessor : Loading config from cache: C:\Users\Brendan\AppData\Local\Temp\2cbb22f93ff96ef242a9a2d7465f7b14.mpf_cache
2022-08-21 17:43:49,344 : INFO : ConfigProcessor : Loading config from cache: C:\Users\Brendan\AppData\Local\Temp\5b43fbcb021f3ce97d73fdb8a470eae4.mpf_cache
2022-08-21 17:43:49,345 : INFO : ConfigProcessor : Loading config from cache: C:\Users\Brendan\AppData\Local\Temp\6d994d077edad00fe01353c1bfbf6638.mpf_cache
2022-08-21 17:43:49,345 : INFO : ConfigProcessor : Loading config from cache: C:\Users\Brendan\AppData\Local\Temp\df6e37541f81fc1a6e02dbcf98e0d10b.mpf_cache
2022-08-21 17:43:49,346 : INFO : ConfigProcessor : Loading config from cache: C:\Users\Brendan\AppData\Local\Temp\c5e911b563ca93c8e10ce7743f92e657.mpf_cache
2022-08-21 17:43:49,347 : INFO : ConfigProcessor : Loading config from cache: C:\Users\Brendan\AppData\Local\Temp\99ecafb2993dab1e69369c4f69529b6f.mpf_cache
2022-08-21 17:43:49,347 : INFO : ConfigProcessor : Loading config from cache: C:\Users\Brendan\AppData\Local\Temp\57f2f8973b8bd58edd1d215976151c60.mpf_cache
2022-08-21 17:43:49,348 : INFO : ConfigProcessor : Loading config from cache: C:\Users\Brendan\AppData\Local\Temp\19f702536b27ff66106645e85afb027e.mpf_cache
2022-08-21 17:43:49,349 : INFO : ConfigProcessor : Loading config from cache: C:\Users\Brendan\AppData\Local\Temp\c17101e4486856bd6430e66412997ee7.mpf_cache
2022-08-21 17:43:49,350 : INFO : ConfigProcessor : Loading config from cache: C:\Users\Brendan\AppData\Local\Temp\c5b3b18e965344eb40bdf988f6d052aa.mpf_cache
2022-08-21 17:43:49,351 : INFO : Machine : Mission Pinball Framework Core Engine v0.55.0
2022-08-21 17:43:49,352 : INFO : Machine : Command line arguments: {'no_load_cache': False, 'create_config_cache': True, 'bcp': True, 'configfile': ['config.yaml'], 'force_assets_load': False, 'jsonlogging': False, 'logfile': 'logs\\2022-08-21-17-43-48-mpf-Pinball-PC.log', 'pause': False, 'production': False, 'text_ui': True, 'loglevel': 15, 'consoleloglevel': 20, 'force_platform': None, 'syslog_address': None, 'mc_file_name': None, 'no_sound': False}
2022-08-21 17:43:49,352 : INFO : Machine : MPF path: c:\users\brendan\appdata\local\programs\python\python37\lib\site-packages\mpf
2022-08-21 17:43:49,352 : INFO : Machine : Machine path: C:\Baby_pacman_code\machine
2022-08-21 17:43:49,352 : INFO : Machine : Platform: win32
2022-08-21 17:43:49,352 : INFO : Machine : Python executable location: c:\users\brendan\appdata\local\programs\python\python37\python.exe
2022-08-21 17:43:49,352 : INFO : Machine : Python version: 3.7.8 (64-bit)
2022-08-21 17:43:49,354 : INFO : Machine : Initialise MPF.
2022-08-21 17:43:49,507 : INFO : FAST : Connecting to com7 at 921600bps
2022-08-21 17:43:49,540 : INFO : FAST : Connected! Processor: NET, Board Type: FP-CPU-002-2, Firmware: 01.05
2022-08-21 17:43:49,540 : INFO : EventManager : Event: ======'machine_var_fast_net_firmware'====== Args={'value': '01.05', 'prev_value': None, 'change': True}
2022-08-21 17:43:49,540 : INFO : EventManager : Event: ======'machine_var_fast_net_model'====== Args={'value': 'FP-CPU-002-2', 'prev_value': None, 'change': True}
2022-08-21 17:43:51,903 : WARNING : FAST : Got unexpected message from FAST: -N:07
2022-08-21 17:43:51,903 : WARNING : FAST : Got unexpected message from FAST: -N:13
2022-08-21 17:43:51,941 : INFO : FAST : Connecting to com8 at 921600bps
2022-08-21 17:43:51,989 : INFO : FAST : Connected! Processor: RGB, Board Type: FP-CPU-002-2, Firmware: 01.00
2022-08-21 17:43:51,989 : INFO : EventManager : Event: ======'machine_var_fast_rgb_firmware'====== Args={'value': '01.00', 'prev_value': None, 'change': True}
2022-08-21 17:43:51,989 : INFO : EventManager : Event: ======'machine_var_fast_rgb_model'====== Args={'value': 'FP-CPU-002-2', 'prev_value': None, 'change': True}
2022-08-21 17:43:51,990 : INFO : EventManager : Event: ======'machine_var_credits_string'====== Args={'value': 'FREE PLAY', 'prev_value': None, 'change': True}
2022-08-21 17:43:52,044 : INFO : EventManager : Event: ======'machine_var_master_volume'====== Args={'value': 0.5, 'prev_value': None, 'change': True}
2022-08-21 17:43:52,044 : INFO : EventManager : Event: ======'machine_var_player1_score'====== Args={'value': 58540490, 'prev_value': None, 'change': True}
2022-08-21 17:43:52,044 : INFO : EventManager : Event: ======'machine_var_mpf_version'====== Args={'value': 'MPF v0.55.0', 'prev_value': None, 'change': True}
2022-08-21 17:43:52,044 : INFO : EventManager : Event: ======'machine_var_mpf_extended_version'====== Args={'value': 'MPF v0.55.0, Config version:5, Show version: 5, BCP version:1.1', 'prev_value': None, 'change': True}
2022-08-21 17:43:52,044 : INFO : EventManager : Event: ======'machine_var_python_version'====== Args={'value': '3.7.8', 'prev_value': None, 'change': True}
2022-08-21 17:43:52,044 : INFO : EventManager : Event: ======'machine_var_platform'====== Args={'value': 'Windows-7-6.1.7601-SP1', 'prev_value': None, 'change': True}
2022-08-21 17:43:52,044 : INFO : EventManager : Event: ======'machine_var_platform_system'====== Args={'value': 'Windows', 'prev_value': None, 'change': True}
2022-08-21 17:43:52,044 : INFO : EventManager : Event: ======'machine_var_platform_release'====== Args={'value': '7', 'prev_value': None, 'change': True}
2022-08-21 17:43:52,045 : INFO : EventManager : Event: ======'machine_var_platform_version'====== Args={'value': '6.1.7601', 'prev_value': None, 'change': True}
2022-08-21 17:43:52,045 : INFO : EventManager : Event: ======'machine_var_platform_machine'====== Args={'value': 'AMD64', 'prev_value': None, 'change': True}
2022-08-21 17:43:52,045 : INFO : EventManager : Event: ======'init_phase_1'====== Args={}
2022-08-21 17:43:52,114 : INFO : EventManager : Event: ======'drop_target_bank_main_up'====== Args={}
2022-08-21 17:43:52,125 : INFO : EventManager : Event: ======'init_phase_2'====== Args={}
2022-08-21 17:43:52,125 : INFO : SwitchController : Found active switch: (('07', 1), <Platform.FAST>) <switch.s_left_captive_ball>
2022-08-21 17:43:52,125 : INFO : SwitchController : Found active switch: (('13', 1), <Platform.FAST>) <switch.s_drain>
2022-08-21 17:43:52,166 : INFO : EventManager : Event: ======'bcp_connection_attempt'====== Args={'name': 'local_display', 'host': 'localhost', 'port': 5050}
2022-08-21 17:43:52,168 : INFO : BCPClientSocket : Connecting BCP to 'local_display' at localhost:5050...
2022-08-21 17:43:53,198 : WARNING : FAST : Port com7 was blocked for more than 1s. Reseting send queue! If this happens frequently report a bug!
2022-08-21 17:43:54,196 : WARNING : FAST : Port com7 was blocked for more than 1s. Reseting send queue! If this happens frequently report a bug!
2022-08-21 17:43:54,210 : INFO : BCPClientSocket : Connected BCP to 'local_display' localhost:5050
2022-08-21 17:43:54,212 : INFO : EventManager : Event: ======'bcp_clients_connected'====== Args={}
2022-08-21 17:43:54,225 : INFO : ball_device.bd_drain : BCH: Initial count: 1
2022-08-21 17:43:54,226 : INFO : EventManager : Event: ======'machine_var_mc_version'====== Args={'value': 'MPF-MC v0.55.0', 'prev_value': None, 'change': True}
2022-08-21 17:43:54,227 : INFO : EventManager : Event: ======'machine_var_mc_extended_version'====== Args={'value': 'MPF-MC v0.55.0 (config_version=5, BCP v1.1, Requires MPF v0.55.0-dev.49)', 'prev_value': None, 'change': True}
2022-08-21 17:43:54,231 : INFO : ball_device.bd_drain : State: idle
2022-08-21 17:43:54,256 : INFO : ball_device.bd_left_kicker : BCH: Initial count: 0
2022-08-21 17:43:54,257 : INFO : ball_device.bd_left_kicker : State: idle
2022-08-21 17:43:54,257 : INFO : ball_device.bd_right_kicker : BCH: Initial count: 0
2022-08-21 17:43:54,258 : INFO : ball_device.bd_right_kicker : State: idle
2022-08-21 17:43:54,305 : INFO : EventManager : Event: ======'init_phase_3'====== Args={}
2022-08-21 17:43:54,709 : INFO : EventManager : Event: ======'init_phase_4'====== Args={}
2022-08-21 17:43:54,714 : INFO : EventManager : Event: ======'playfield_active'====== Args={}
2022-08-21 17:43:54,714 : INFO : EventManager : Event: ======'unexpected_ball_on_playfield'====== Args={}
2022-08-21 17:43:54,714 : INFO : EventManager : Event: ======'playfield_active'====== Args={}
2022-08-21 17:43:54,714 : INFO : EventManager : Event: ======'unexpected_ball_on_playfield'====== Args={}
2022-08-21 17:43:54,714 : INFO : EventManager : Event: ======'playfield_active'====== Args={}
2022-08-21 17:43:54,714 : INFO : EventManager : Event: ======'unexpected_ball_on_playfield'====== Args={}
2022-08-21 17:43:54,714 : INFO : EventManager : Event: ======'playfield_active'====== Args={}
2022-08-21 17:43:54,714 : INFO : EventManager : Event: ======'unexpected_ball_on_playfield'====== Args={}
2022-08-21 17:43:54,715 : INFO : EventManager : Event: ======'playfield_active'====== Args={}
2022-08-21 17:43:54,715 : INFO : EventManager : Event: ======'unexpected_ball_on_playfield'====== Args={}
2022-08-21 17:43:54,715 : INFO : BallController : Initial balls found: 1
2022-08-21 17:43:54,717 : INFO : EventManager : Event: ======'machine_var_audits_events_game_ended'====== Args={'value': 0, 'prev_value': None, 'change': True}
2022-08-21 17:43:54,717 : INFO : EventManager : Event: ======'machine_var_audits_events_game_started'====== Args={'value': 0, 'prev_value': None, 'change': True}
2022-08-21 17:43:54,718 : INFO : EventManager : Event: ======'machine_var_audits_player_score'====== Args={'value': {'average': 10318150.616438355, 'top': [198719690, 195274570, 161094530, 160419680, 140071820, 132769060, 132262360, 127113160, 121863670, 115954110], 'total': 584}, 'prev_value': None, 'change': True}
2022-08-21 17:43:54,718 : INFO : EventManager : Event: ======'machine_var_audits_shots_center_drop_mission1'====== Args={'value': 507, 'prev_value': None, 'change': True}
2022-08-21 17:43:54,719 : INFO : EventManager : Event: ======'machine_var_audits_shots_center_target'====== Args={'value': 67, 'prev_value': None, 'change': True}
2022-08-21 17:43:54,719 : INFO : EventManager : Event: ======'machine_var_audits_shots_drop_target1_mission2'====== Args={'value': 219, 'prev_value': None, 'change': True}
2022-08-21 17:43:54,719 : INFO : EventManager : Event: ======'machine_var_audits_shots_drop_target2_mission2'====== Args={'value': 251, 'prev_value': None, 'change': True}
2022-08-21 17:43:54,720 : INFO : EventManager : Event: ======'machine_var_audits_shots_drop_target3_mission2'====== Args={'value': 284, 'prev_value': None, 'change': True}
2022-08-21 17:43:54,720 : INFO : EventManager : Event: ======'machine_var_audits_shots_drop_target4_mission2'====== Args={'value': 260, 'prev_value': None, 'change': True}
2022-08-21 17:43:54,720 : INFO : EventManager : Event: ======'machine_var_audits_shots_drop_target5_mission2'====== Args={'value': 220, 'prev_value': None, 'change': True}
2022-08-21 17:43:54,721 : INFO : EventManager : Event: ======'machine_var_audits_shots_drop_targets_mission3'====== Args={'value': 1436, 'prev_value': None, 'change': True}
2022-08-21 17:43:54,721 : INFO : EventManager : Event: ======'machine_var_audits_shots_galaxy_advance'====== Args={'value': 2006, 'prev_value': None, 'change': True}
2022-08-21 17:43:54,721 : INFO : EventManager : Event: ======'machine_var_audits_shots_l_lane'====== Args={'value': 604, 'prev_value': None, 'change': True}
2022-08-21 17:43:54,722 : INFO : EventManager : Event: ======'machine_var_audits_shots_left_kicker_mission2'====== Args={'value': 153, 'prev_value': None, 'change': True}
2022-08-21 17:43:54,722 : INFO : EventManager : Event: ======'machine_var_audits_shots_left_kicker_mission4'====== Args={'value': 114, 'prev_value': None, 'change': True}
2022-08-21 17:43:54,722 : INFO : EventManager : Event: ======'machine_var_audits_shots_left_loop_mission1'====== Args={'value': 571, 'prev_value': None, 'change': True}
2022-08-21 17:43:54,723 : INFO : EventManager : Event: ======'machine_var_audits_shots_left_loop_mission2'====== Args={'value': 256, 'prev_value': None, 'change': True}
2022-08-21 17:43:54,723 : INFO : EventManager : Event: ======'machine_var_audits_shots_left_loop_mission4'====== Args={'value': 374, 'prev_value': None, 'change': True}
2022-08-21 17:43:54,724 : INFO : EventManager : Event: ======'machine_var_audits_shots_portal_advance'====== Args={'value': 4500, 'prev_value': None, 'change': True}
2022-08-21 17:43:54,724 : INFO : EventManager : Event: ======'machine_var_audits_shots_r_lane'====== Args={'value': 533, 'prev_value': None, 'change': True}
2022-08-21 17:43:54,724 : INFO : EventManager : Event: ======'machine_var_audits_shots_right_kicker_mission2'====== Args={'value': 134, 'prev_value': None, 'change': True}
2022-08-21 17:43:54,725 : INFO : EventManager : Event: ======'machine_var_audits_shots_right_kicker_mission4'====== Args={'value': 133, 'prev_value': None, 'change': True}
2022-08-21 17:43:54,725 : INFO : EventManager : Event: ======'machine_var_audits_shots_right_loop_mission1'====== Args={'value': 659, 'prev_value': None, 'change': True}
2022-08-21 17:43:54,726 : INFO : EventManager : Event: ======'machine_var_audits_shots_right_loop_mission2'====== Args={'value': 293, 'prev_value': None, 'change': True}
2022-08-21 17:43:54,726 : INFO : EventManager : Event: ======'machine_var_audits_shots_right_loop_mission4'====== Args={'value': 423, 'prev_value': None, 'change': True}
2022-08-21 17:43:54,726 : INFO : EventManager : Event: ======'machine_var_audits_shots_warp_advance'====== Args={'value': 1079, 'prev_value': None, 'change': True}
2022-08-21 17:43:54,727 : INFO : EventManager : Event: ======'machine_var_audits_switches_s_action_button'====== Args={'value': 3911, 'prev_value': None, 'change': True}
2022-08-21 17:43:54,727 : INFO : EventManager : Event: ======'machine_var_audits_switches_s_drain'====== Args={'value': 2697, 'prev_value': None, 'change': True}
2022-08-21 17:43:54,728 : INFO : EventManager : Event: ======'machine_var_audits_switches_s_drop_target1'====== Args={'value': 1812, 'prev_value': None, 'change': True}
2022-08-21 17:43:54,728 : INFO : EventManager : Event: ======'machine_var_audits_switches_s_drop_target2'====== Args={'value': 2114, 'prev_value': None, 'change': True}
2022-08-21 17:43:54,728 : INFO : EventManager : Event: ======'machine_var_audits_switches_s_drop_target3'====== Args={'value': 2512, 'prev_value': None, 'change': True}
2022-08-21 17:43:54,729 : INFO : EventManager : Event: ======'machine_var_audits_switches_s_drop_target4'====== Args={'value': 2025, 'prev_value': None, 'change': True}
2022-08-21 17:43:54,729 : INFO : EventManager : Event: ======'machine_var_audits_switches_s_drop_target5'====== Args={'value': 1914, 'prev_value': None, 'change': True}
2022-08-21 17:43:54,730 : INFO : EventManager : Event: ======'machine_var_audits_switches_s_left_captive_ball'====== Args={'value': 472, 'prev_value': None, 'change': True}
2022-08-21 17:43:54,730 : INFO : EventManager : Event: ======'machine_var_audits_switches_s_left_flipper'====== Args={'value': 34034, 'prev_value': None, 'change': True}
2022-08-21 17:43:54,730 : INFO : EventManager : Event: ======'machine_var_audits_switches_s_left_inlane'====== Args={'value': 604, 'prev_value': None, 'change': True}
2022-08-21 17:43:54,731 : INFO : EventManager : Event: ======'machine_var_audits_switches_s_left_inlane_far'====== Args={'value': 3830, 'prev_value': None, 'change': True}
2022-08-21 17:43:54,731 : INFO : EventManager : Event: ======'machine_var_audits_switches_s_left_kicker'====== Args={'value': 1508, 'prev_value': None, 'change': True}
2022-08-21 17:43:54,732 : INFO : EventManager : Event: ======'machine_var_audits_switches_s_left_sling'====== Args={'value': 6758, 'prev_value': None, 'change': True}
2022-08-21 17:43:54,732 : INFO : EventManager : Event: ======'machine_var_audits_switches_s_left_spinner'====== Args={'value': 19984, 'prev_value': None, 'change': True}
2022-08-21 17:43:54,733 : INFO : EventManager : Event: ======'machine_var_audits_switches_s_right_captive_ball'====== Args={'value': 493, 'prev_value': None, 'change': True}
2022-08-21 17:43:54,733 : INFO : EventManager : Event: ======'machine_var_audits_switches_s_right_flipper'====== Args={'value': 31525, 'prev_value': None, 'change': True}
2022-08-21 17:43:54,734 : INFO : EventManager : Event: ======'machine_var_audits_switches_s_right_inlane'====== Args={'value': 533, 'prev_value': None, 'change': True}
2022-08-21 17:43:54,734 : INFO : EventManager : Event: ======'machine_var_audits_switches_s_right_inlane_far'====== Args={'value': 6048, 'prev_value': None, 'change': True}
2022-08-21 17:43:54,734 : INFO : EventManager : Event: ======'machine_var_audits_switches_s_right_kicker'====== Args={'value': 1684, 'prev_value': None, 'change': True}
2022-08-21 17:43:54,735 : INFO : EventManager : Event: ======'machine_var_audits_switches_s_right_sling'====== Args={'value': 14071, 'prev_value': None, 'change': True}
2022-08-21 17:43:54,735 : INFO : EventManager : Event: ======'machine_var_audits_switches_s_right_spinner'====== Args={'value': 16147, 'prev_value': None, 'change': True}
2022-08-21 17:43:54,736 : INFO : EventManager : Event: ======'machine_var_audits_switches_s_start'====== Args={'value': 403, 'prev_value': None, 'change': True}
2022-08-21 17:43:54,737 : INFO : EventManager : Event: ======'init_phase_5'====== Args={}
2022-08-21 17:43:54,742 : INFO : EventManager : Event: ======'init_done'====== Args={}
2022-08-21 17:43:54,742 : WARNING : FAST : Port NET received more messages than were sent! Resetting!
2022-08-21 17:43:54,742 : WARNING : FAST : Port NET received more messages than were sent! Resetting!
2022-08-21 17:43:54,743 : WARNING : FAST : Port NET received more messages than were sent! Resetting!
2022-08-21 17:43:54,743 : WARNING : FAST : Port NET received more messages than were sent! Resetting!
2022-08-21 17:43:54,743 : WARNING : FAST : Port NET received more messages than were sent! Resetting!
2022-08-21 17:43:54,743 : WARNING : FAST : Port NET received more messages than were sent! Resetting!
2022-08-21 17:43:54,743 : WARNING : FAST : Port NET received more messages than were sent! Resetting!
2022-08-21 17:43:54,743 : WARNING : FAST : Port NET received more messages than were sent! Resetting!
2022-08-21 17:43:54,743 : WARNING : FAST : Port NET received more messages than were sent! Resetting!
2022-08-21 17:43:54,743 : WARNING : FAST : Port NET received more messages than were sent! Resetting!
2022-08-21 17:43:54,743 : WARNING : FAST : Port NET received more messages than were sent! Resetting!
2022-08-21 17:43:54,743 : WARNING : FAST : Port NET received more messages than were sent! Resetting!
2022-08-21 17:43:54,743 : WARNING : FAST : Port NET received more messages than were sent! Resetting!
2022-08-21 17:43:54,743 : WARNING : FAST : Port NET received more messages than were sent! Resetting!
2022-08-21 17:43:54,743 : WARNING : FAST : Port NET received more messages than were sent! Resetting!
2022-08-21 17:43:54,743 : WARNING : FAST : Port NET received more messages than were sent! Resetting!
2022-08-21 17:43:54,744 : WARNING : FAST : Port NET received more messages than were sent! Resetting!
2022-08-21 17:43:54,744 : WARNING : FAST : Port NET received more messages than were sent! Resetting!
2022-08-21 17:43:54,744 : WARNING : FAST : Port NET received more messages than were sent! Resetting!
2022-08-21 17:43:54,744 : WARNING : FAST : Port NET received more messages than were sent! Resetting!
2022-08-21 17:43:54,744 : WARNING : FAST : Port NET received more messages than were sent! Resetting!
2022-08-21 17:43:54,744 : WARNING : FAST : Port NET received more messages than were sent! Resetting!
2022-08-21 17:43:54,744 : INFO : EventManager : Event: ======'machine_reset_phase_1'====== Args={}
2022-08-21 17:43:54,757 : INFO : EventManager : Event: ======'machine_reset_phase_2'====== Args={}
2022-08-21 17:43:54,758 : INFO : EventManager : Event: ======'machine_reset_phase_3'====== Args={}
2022-08-21 17:43:54,758 : INFO : EventManager : Event: ======'reset_complete'====== Args={}
2022-08-21 17:43:54,758 : INFO : EventManager : Event: ======'mode_attract_will_start'====== Args={}
2022-08-21 17:43:54,759 : INFO : EventManager : Event: ======'mode_attract_starting'====== Args={}
2022-08-21 17:43:54,759 : INFO : Mode.attract : Started. Priority: 10
2022-08-21 17:43:54,759 : INFO : EventManager : Event: ======'modes_active_modes_changed'====== Args={}
2022-08-21 17:43:54,759 : INFO : EventManager : Event: ======'mode_attract_started'====== Args={}
2022-08-21 17:43:54,762 : INFO : EventManager : Event: ======'collecting_balls_complete'====== Args={}
2022-08-21 17:43:54,779 : INFO : EventManager : Event: ======'slide_show_13.slide_player-0_created'====== Args={'_from_bcp': True}
2022-08-21 17:43:54,779 : INFO : EventManager : Event: ======'slide_show_13.slide_player-0_active'====== Args={'_from_bcp': True}
2022-08-21 17:43:54,780 : INFO : Machine : Starting the main run loop.
2022-08-21 17:43:57,380 : INFO : SwitchController : <<<<<<< 's_start' active >>>>>>>
2022-08-21 17:43:57,508 : INFO : SwitchController : <<<<<<< 's_start' inactive >>>>>>>
2022-08-21 17:43:57,508 : INFO : EventManager : Event: ======'request_to_start_game'====== Args={}
2022-08-21 17:43:57,509 : INFO : EventManager : Event: ======'game_start'====== Args={'buttons': [], 'hold_time': 0.125}
2022-08-21 17:43:57,509 : INFO : EventManager : Event: ======'mode_game_will_start'====== Args={'buttons': [], 'hold_time': 0.125}
2022-08-21 17:43:57,510 : INFO : EventManager : Event: ======'mode_game_starting'====== Args={'buttons': [], 'hold_time': 0.125}
2022-08-21 17:43:57,511 : INFO : EventManager : Event: ======'mode_attract_will_stop'====== Args={}
2022-08-21 17:43:57,511 : INFO : EventManager : Event: ======'mode_attract_stopping'====== Args={}
2022-08-21 17:43:57,511 : INFO : Mode.attract : Stopped.
2022-08-21 17:43:57,511 : INFO : EventManager : Event: ======'modes_active_modes_changed'====== Args={}
2022-08-21 17:43:57,515 : INFO : EventManager : Event: ======'mode_attract_stopped'====== Args={}
2022-08-21 17:43:57,515 : INFO : EventManager : Event: ======'clear'====== Args={'key': 'attract'}
2022-08-21 17:43:57,516 : INFO : Mode.game : Started. Priority: 20
2022-08-21 17:43:57,516 : INFO : EventManager : Event: ======'modes_active_modes_changed'====== Args={}
2022-08-21 17:43:57,516 : INFO : EventManager : Event: ======'mode_game_started'====== Args={'buttons': [], 'hold_time': 0.125}
2022-08-21 17:43:57,526 : INFO : EventManager : Event: ======'game_will_start'====== Args={}
2022-08-21 17:43:57,527 : INFO : EventManager : Event: ======'slide_show_13.slide_player-0_removed'====== Args={'_from_bcp': True}
2022-08-21 17:43:57,527 : INFO : EventManager : Event: ======'slide_window_blank_active'====== Args={'_from_bcp': True}
2022-08-21 17:43:57,528 : INFO : EventManager : Event: ======'game_starting'====== Args={'game': <Mode.game>}
2022-08-21 17:43:57,529 : INFO : EventManager : Event: ======'player_add_request'====== Args={}
2022-08-21 17:43:57,530 : INFO : EventManager : Event: ======'player_will_add'====== Args={'number': 1}
2022-08-21 17:43:57,530 : INFO : EventManager : Event: ======'player_adding'====== Args={'player': <Player 1>, 'number': 1}
2022-08-21 17:43:57,530 : INFO : EventManager : Event: ======'player_added'====== Args={'player': <Player 1>, 'num': 1}
2022-08-21 17:43:57,531 : INFO : Mode.game : Player added successfully. Total players: 1
2022-08-21 17:43:57,531 : INFO : EventManager : Event: ======'player_index'====== Args={'value': 0, 'prev_value': 0, 'change': 0, 'player_num': 1}
2022-08-21 17:43:57,532 : INFO : EventManager : Event: ======'player_number'====== Args={'value': 1, 'prev_value': 1, 'change': 0, 'player_num': 1}
2022-08-21 17:43:57,532 : INFO : EventManager : Event: ======'player_mode_value'====== Args={'value': 1000000, 'prev_value': 1000000, 'change': 0, 'player_num': 1}
2022-08-21 17:43:57,533 : INFO : EventManager : Event: ======'player_bonus_multiplier'====== Args={'value': 1, 'prev_value': 1, 'change': 0, 'player_num': 1}
2022-08-21 17:43:57,533 : INFO : EventManager : Event: ======'player_playfield_multiplier'====== Args={'value': 1, 'prev_value': 1, 'change': 0, 'player_num': 1}
2022-08-21 17:43:57,534 : INFO : EventManager : Event: ======'player_score'====== Args={'value': 0, 'prev_value': 0, 'change': 0, 'player_num': 1}
2022-08-21 17:43:57,535 : INFO : EventManager : Event: ======'game_started'====== Args={}
2022-08-21 17:43:57,562 : INFO : EventManager : Event: ======'player_turn_will_start'====== Args={'player': <Player 1>, 'number': 1}
2022-08-21 17:43:57,562 : INFO : EventManager : Event: ======'player_turn_starting'====== Args={'player': <Player 1>, 'number': 1}
2022-08-21 17:43:57,563 : INFO : EventManager : Event: ======'player_ball'====== Args={'value': 1, 'prev_value': 0, 'change': 1, 'player_num': 1}
2022-08-21 17:43:57,563 : INFO : EventManager : Event: ======'player_turn_started'====== Args={'player': <Player 1>, 'number': 1}
2022-08-21 17:43:57,564 : INFO : EventManager : Event: ======'ball_will_start'====== Args={'player': 1, 'ball': 1, 'balls_remaining': 2, 'is_extra_ball': False}
2022-08-21 17:43:57,568 : INFO : EventManager : Event: ======'ball_starting'====== Args={'player': 1, 'ball': 1, 'balls_remaining': 2, 'is_extra_ball': False}
2022-08-21 17:43:57,569 : INFO : EventManager : Event: ======'balls_in_play'====== Args={'balls': 1}
2022-08-21 17:43:57,569 : INFO : EventManager : Event: ======'ball_started'====== Args={'player': 1, 'ball': 1, 'balls_remaining': 2, 'is_extra_ball': False}
2022-08-21 17:43:57,570 : INFO : EventManager : Event: ======'mode_combos_will_start'====== Args={'player': 1, 'ball': 1, 'balls_remaining': 2, 'is_extra_ball': False}
2022-08-21 17:43:57,575 : INFO : EventManager : Event: ======'mode_combos_starting'====== Args={'player': 1, 'ball': 1, 'balls_remaining': 2, 'is_extra_ball': False}
2022-08-21 17:43:57,575 : INFO : EventManager : Event: ======'mode_super_features_will_start'====== Args={'player': 1, 'ball': 1, 'balls_remaining': 2, 'is_extra_ball': False}
2022-08-21 17:43:57,575 : INFO : EventManager : Event: ======'achievement_super_spinners_changed_state'====== Args={'restore': False, 'state': 'disabled', 'selected': False}
2022-08-21 17:43:57,575 : INFO : EventManager : Event: ======'achievement_super_spinners_state_disabled'====== Args={'restore': False, 'state': 'disabled', 'selected': False}
2022-08-21 17:43:57,576 : INFO : EventManager : Event: ======'achievement_super_targets_changed_state'====== Args={'restore': False, 'state': 'disabled', 'selected': False}
2022-08-21 17:43:57,576 : INFO : EventManager : Event: ======'achievement_super_targets_state_disabled'====== Args={'restore': False, 'state': 'disabled', 'selected': False}
2022-08-21 17:43:57,576 : INFO : EventManager : Event: ======'achievement_super_lanes_changed_state'====== Args={'restore': False, 'state': 'disabled', 'selected': False}
2022-08-21 17:43:57,576 : INFO : EventManager : Event: ======'achievement_super_lanes_state_disabled'====== Args={'restore': False, 'state': 'disabled', 'selected': False}
2022-08-21 17:43:57,576 : INFO : EventManager : Event: ======'achievement_super_slings_changed_state'====== Args={'restore': False, 'state': 'disabled', 'selected': False}
2022-08-21 17:43:57,576 : INFO : EventManager : Event: ======'achievement_super_slings_state_disabled'====== Args={'restore': False, 'state': 'disabled', 'selected': False}
2022-08-21 17:43:57,579 : INFO : EventManager : Event: ======'mode_super_features_starting'====== Args={'player': 1, 'ball': 1, 'balls_remaining': 2, 'is_extra_ball': False}
2022-08-21 17:43:57,579 : INFO : EventManager : Event: ======'mode_base_will_start'====== Args={'player': 1, 'ball': 1, 'balls_remaining': 2, 'is_extra_ball': False}
2022-08-21 17:43:57,579 : INFO : EventManager : Event: ======'player_shot_l_lane_enabled'====== Args={'value': True, 'prev_value': 0, 'change': 1, 'player_num': 1}
2022-08-21 17:43:57,580 : INFO : EventManager : Event: ======'player_shot_r_lane_enabled'====== Args={'value': True, 'prev_value': 0, 'change': 1, 'player_num': 1}
2022-08-21 17:43:57,580 : INFO : EventManager : Event: ======'player_shot_center_target_enabled'====== Args={'value': True, 'prev_value': 0, 'change': 1, 'player_num': 1}
2022-08-21 17:43:57,581 : INFO : EventManager : Event: ======'bonus_lanes_complete'====== Args={'state': 'unlit'}
2022-08-21 17:43:57,581 : INFO : EventManager : Event: ======'bonus_lanes_unlit_complete'====== Args={}
2022-08-21 17:43:57,581 : INFO : EventManager : Event: ======'player_extra_ball_two_modes_complete_num_awarded'====== Args={'value': 0, 'prev_value': 0, 'change': 0, 'player_num': 1}
2022-08-21 17:43:57,582 : INFO : EventManager : Event: ======'achievement_mission1_changed_state'====== Args={'restore': False, 'state': 'disabled', 'selected': False}
2022-08-21 17:43:57,582 : INFO : EventManager : Event: ======'achievement_mission1_state_disabled'====== Args={'restore': False, 'state': 'disabled', 'selected': False}
2022-08-21 17:43:57,583 : INFO : EventManager : Event: ======'achievement_mission2_changed_state'====== Args={'restore': False, 'state': 'disabled', 'selected': False}
2022-08-21 17:43:57,583 : INFO : EventManager : Event: ======'achievement_mission2_state_disabled'====== Args={'restore': False, 'state': 'disabled', 'selected': False}
2022-08-21 17:43:57,583 : INFO : EventManager : Event: ======'achievement_mission3_changed_state'====== Args={'restore': False, 'state': 'disabled', 'selected': False}
2022-08-21 17:43:57,583 : INFO : EventManager : Event: ======'achievement_mission3_state_disabled'====== Args={'restore': False, 'state': 'disabled', 'selected': False}
2022-08-21 17:43:57,583 : INFO : EventManager : Event: ======'achievement_mission4_changed_state'====== Args={'restore': False, 'state': 'disabled', 'selected': False}
2022-08-21 17:43:57,583 : INFO : EventManager : Event: ======'achievement_mission4_state_disabled'====== Args={'restore': False, 'state': 'disabled', 'selected': False}
2022-08-21 17:43:57,592 : INFO : EventManager : Event: ======'mode_base_starting'====== Args={'player': 1, 'ball': 1, 'balls_remaining': 2, 'is_extra_ball': False}
2022-08-21 17:43:57,592 : INFO : drop_target_bank.main : All targets are already up. Will not reset bank.
2022-08-21 17:43:57,594 : INFO : Mode.super_features : Started. Priority: 100
2022-08-21 17:43:57,594 : INFO : EventManager : Event: ======'modes_active_modes_changed'====== Args={}
2022-08-21 17:43:57,594 : INFO : EventManager : Event: ======'mode_super_features_started'====== Args={'player': 1, 'ball': 1, 'balls_remaining': 2, 'is_extra_ball': False}
2022-08-21 17:43:57,594 : INFO : Mode.combos : Started. Priority: 700
2022-08-21 17:43:57,595 : INFO : EventManager : Event: ======'modes_active_modes_changed'====== Args={}
2022-08-21 17:43:57,595 : INFO : EventManager : Event: ======'mode_combos_started'====== Args={'player': 1, 'ball': 1, 'balls_remaining': 2, 'is_extra_ball': False}
2022-08-21 17:43:57,595 : INFO : EventManager : Event: ======'logicblock_mode_completion_counter_updated'====== Args={'value': 0, 'enabled': True}
2022-08-21 17:43:57,595 : INFO : EventManager : Event: ======'logicblock_mode_completion_counter_updated'====== Args={'value': 0, 'enabled': True}
2022-08-21 17:43:57,596 : INFO : Mode.base : Started. Priority: 100
2022-08-21 17:43:57,596 : INFO : EventManager : Event: ======'modes_active_modes_changed'====== Args={}
2022-08-21 17:43:57,596 : INFO : EventManager : Event: ======'mode_base_started'====== Args={'player': 1, 'ball': 1, 'balls_remaining': 2, 'is_extra_ball': False}
2022-08-21 17:43:57,596 : INFO : EventManager : Event: ======'ball_save_base_save_enabled'====== Args={}
2022-08-21 17:43:57,596 : INFO : EventManager : Event: ======'mode_spell_galaxy_will_start'====== Args={'player': 1, 'ball': 1, 'balls_remaining': 2, 'is_extra_ball': False}
2022-08-21 17:43:57,597 : INFO : EventManager : Event: ======'player_shot_galaxy_advance_enabled'====== Args={'value': True, 'prev_value': 0, 'change': 1, 'player_num': 1}
2022-08-21 17:43:57,599 : INFO : EventManager : Event: ======'mode_spell_galaxy_starting'====== Args={'player': 1, 'ball': 1, 'balls_remaining': 2, 'is_extra_ball': False}
2022-08-21 17:43:57,600 : INFO : EventManager : Event: ======'mode_spell_portal_will_start'====== Args={'player': 1, 'ball': 1, 'balls_remaining': 2, 'is_extra_ball': False}
2022-08-21 17:43:57,600 : INFO : EventManager : Event: ======'player_shot_portal_advance_enabled'====== Args={'value': True, 'prev_value': 0, 'change': 1, 'player_num': 1}
2022-08-21 17:43:57,603 : INFO : EventManager : Event: ======'mode_spell_portal_starting'====== Args={'player': 1, 'ball': 1, 'balls_remaining': 2, 'is_extra_ball': False}
2022-08-21 17:43:57,603 : INFO : EventManager : Event: ======'mode_add_mode_value_will_start'====== Args={'player': 1, 'ball': 1, 'balls_remaining': 2, 'is_extra_ball': False}
2022-08-21 17:43:57,604 : INFO : EventManager : Event: ======'mode_add_mode_value_starting'====== Args={'player': 1, 'ball': 1, 'balls_remaining': 2, 'is_extra_ball': False}
2022-08-21 17:43:57,604 : INFO : EventManager : Event: ======'mode_spell_warp_will_start'====== Args={'player': 1, 'ball': 1, 'balls_remaining': 2, 'is_extra_ball': False}
2022-08-21 17:43:57,604 : INFO : EventManager : Event: ======'player_shot_warp_advance_enabled'====== Args={'value': True, 'prev_value': 0, 'change': 1, 'player_num': 1}
2022-08-21 17:43:57,606 : INFO : EventManager : Event: ======'mode_spell_warp_starting'====== Args={'player': 1, 'ball': 1, 'balls_remaining': 2, 'is_extra_ball': False}
2022-08-21 17:43:57,607 : INFO : drop_target_bank.main : All targets are already up. Will not reset bank.
2022-08-21 17:43:57,607 : INFO : Mode.add_mode_value : Started. Priority: 200
2022-08-21 17:43:57,607 : INFO : EventManager : Event: ======'modes_active_modes_changed'====== Args={}
2022-08-21 17:43:57,607 : INFO : EventManager : Event: ======'mode_add_mode_value_started'====== Args={'player': 1, 'ball': 1, 'balls_remaining': 2, 'is_extra_ball': False}
2022-08-21 17:43:57,607 : INFO : EventManager : Event: ======'single_player_ball_started'====== Args={}
2022-08-21 17:43:57,627 : INFO : EventManager : Event: ======'logicblock_galaxy_counter_updated'====== Args={'value': 0, 'enabled': True}
2022-08-21 17:43:57,627 : INFO : EventManager : Event: ======'logicblock_galaxy_counter_updated'====== Args={'value': 0, 'enabled': True}
2022-08-21 17:43:57,627 : INFO : Mode.spell_galaxy : Started. Priority: 200
2022-08-21 17:43:57,627 : INFO : EventManager : Event: ======'modes_active_modes_changed'====== Args={}
2022-08-21 17:43:57,627 : INFO : EventManager : Event: ======'mode_spell_galaxy_started'====== Args={'player': 1, 'ball': 1, 'balls_remaining': 2, 'is_extra_ball': False}
2022-08-21 17:43:57,627 : INFO : EventManager : Event: ======'logicblock_portal_counter_updated'====== Args={'value': 0, 'enabled': True}
2022-08-21 17:43:57,627 : INFO : EventManager : Event: ======'logicblock_portal_counter_updated'====== Args={'value': 0, 'enabled': True}
2022-08-21 17:43:57,627 : INFO : Mode.spell_portal : Started. Priority: 200
2022-08-21 17:43:57,627 : INFO : EventManager : Event: ======'modes_active_modes_changed'====== Args={}
2022-08-21 17:43:57,628 : INFO : EventManager : Event: ======'mode_spell_portal_started'====== Args={'player': 1, 'ball': 1, 'balls_remaining': 2, 'is_extra_ball': False}
2022-08-21 17:43:57,628 : INFO : EventManager : Event: ======'logicblock_warp_counter_updated'====== Args={'value': 0, 'enabled': True}
2022-08-21 17:43:57,628 : INFO : EventManager : Event: ======'logicblock_warp_counter_updated'====== Args={'value': 0, 'enabled': True}
2022-08-21 17:43:57,628 : INFO : Mode.spell_warp : Started. Priority: 200
2022-08-21 17:43:57,628 : INFO : EventManager : Event: ======'modes_active_modes_changed'====== Args={}
2022-08-21 17:43:57,628 : INFO : EventManager : Event: ======'mode_spell_warp_started'====== Args={'player': 1, 'ball': 1, 'balls_remaining': 2, 'is_extra_ball': False}
2022-08-21 17:43:57,629 : INFO : EventManager : Event: ======'achievement_super_spinners_changed_state'====== Args={'restore': False, 'state': 'enabled', 'selected': False}
2022-08-21 17:43:57,629 : INFO : EventManager : Event: ======'achievement_super_spinners_state_enabled'====== Args={'restore': False, 'state': 'enabled', 'selected': False}
2022-08-21 17:43:57,629 : INFO : EventManager : Event: ======'achievement_super_targets_changed_state'====== Args={'restore': False, 'state': 'enabled', 'selected': False}
2022-08-21 17:43:57,629 : INFO : EventManager : Event: ======'achievement_super_targets_state_enabled'====== Args={'restore': False, 'state': 'enabled', 'selected': False}
2022-08-21 17:43:57,629 : INFO : EventManager : Event: ======'achievement_super_lanes_changed_state'====== Args={'restore': False, 'state': 'enabled', 'selected': False}
2022-08-21 17:43:57,629 : INFO : EventManager : Event: ======'achievement_super_lanes_state_enabled'====== Args={'restore': False, 'state': 'enabled', 'selected': False}
2022-08-21 17:43:57,629 : INFO : EventManager : Event: ======'achievement_super_slings_changed_state'====== Args={'restore': False, 'state': 'enabled', 'selected': False}
2022-08-21 17:43:57,629 : INFO : EventManager : Event: ======'achievement_super_slings_state_enabled'====== Args={'restore': False, 'state': 'enabled', 'selected': False}
2022-08-21 17:43:57,630 : INFO : EventManager : Event: ======'achievement_super_targets_changed_state'====== Args={'restore': False, 'state': 'enabled', 'selected': True}
2022-08-21 17:43:57,630 : INFO : EventManager : Event: ======'achievement_super_targets_state_enabled'====== Args={'restore': False, 'state': 'enabled', 'selected': True}
2022-08-21 17:43:57,630 : INFO : EventManager : Event: ======'achievement_super_targets_state_selected'====== Args={'restore': False, 'state': 'enabled', 'selected': True}
2022-08-21 17:43:57,631 : INFO : EventManager : Event: ======'ball_start_target'====== Args={'target': 'playfield'}
2022-08-21 17:43:57,632 : INFO : EventManager : Event: ======'slide_score_slide_created'====== Args={'_from_bcp': True}
2022-08-21 17:43:57,652 : INFO : ball_device.bd_drain : Setting up player-controlled eject. Balls: 1, Target: <playfield.playfield>, player_controlled_eject_event: s_action_button_active
2022-08-21 17:43:57,652 : INFO : EventManager : Event: ======'balldevice_balls_available'====== Args={}
2022-08-21 17:43:57,654 : INFO : EventManager : Event: ======'slide_score_slide_active'====== Args={'_from_bcp': True}
2022-08-21 17:43:57,656 : INFO : ball_device.bd_drain : State: waiting_for_target_ready
2022-08-21 17:43:57,656 : INFO : EventManager : Event: ======'balldevice_bd_drain_ball_eject_attempt'====== Args={'balls': 1, 'target': <playfield.playfield>, 'source': <ball_device.bd_drain>, 'mechanical_eject': True, 'num_attempts': 0}
2022-08-21 17:43:57,657 : INFO : ball_device.bd_drain : State: ejecting
2022-08-21 17:43:57,657 : INFO : ball_device.bd_drain : Ejecting ball to <playfield.playfield>
2022-08-21 17:43:57,657 : INFO : EventManager : Event: ======'balldevice_bd_drain_ejecting_ball'====== Args={'balls': 1, 'target': <playfield.playfield>, 'source': <ball_device.bd_drain>, 'mechanical_eject': True, 'num_attempts': 0}
2022-08-21 17:43:57,658 : INFO : ball_device.bd_drain : Wait for ball to leave device
2022-08-21 17:43:58,516 : INFO : SwitchController : <<<<<<< 's_action_button' active >>>>>>>
2022-08-21 17:43:58,516 : INFO : EventManager : Event: ======'s_action_button_active'====== Args={}
2022-08-21 17:43:58,517 : INFO : EventManager : Event: ======'machine_var_audits_switches_s_action_button'====== Args={'value': 3912, 'prev_value': 3911, 'change': 1}
2022-08-21 17:43:58,519 : INFO : EventManager : Event: ======'ball_save_base_save_timer_start'====== Args={}
2022-08-21 17:43:58,527 : INFO : coil.c_drain_eject : Pulsing Driver for 30ms (1.0 pulse_power)
2022-08-21 17:43:58,660 : INFO : SwitchController : <<<<<<< 's_action_button' inactive >>>>>>>
2022-08-21 17:43:58,708 : INFO : SwitchController : <<<<<<< 's_drain' inactive >>>>>>>
2022-08-21 17:43:58,708 : INFO : EventManager : Event: ======'s_drain_inactive'====== Args={}
2022-08-21 17:43:58,716 : INFO : ball_device.bd_drain : State: ball_left
2022-08-21 17:43:58,716 : INFO : ball_device.bd_drain : Ball left
2022-08-21 17:43:58,716 : INFO : ball_device.bd_drain : Wait for confirm with timeout 1.0
2022-08-21 17:43:59,703 : INFO : ball_device.bd_drain : State: failed_confirm
2022-08-21 17:43:59,703 : INFO : ball_device.bd_drain : Got timeout (1.0s) before confirm from <playfield.playfield>
2022-08-21 17:43:59,796 : INFO : ball_device.bd_drain : Confirming eject because target is playfield and ball did not return.
2022-08-21 17:43:59,796 : INFO : ball_device.bd_drain : Eject successful
2022-08-21 17:43:59,796 : INFO : EventManager : Event: ======'balldevice_bd_drain_ball_eject_success'====== Args={'balls': 1, 'target': <playfield.playfield>}
2022-08-21 17:43:59,797 : INFO : EventManager : Event: ======'balldevice_playfield_ball_enter'====== Args={'new_balls': 1, 'unclaimed_balls': 1, 'device': <playfield.playfield>}
2022-08-21 17:43:59,797 : INFO : EventManager : Event: ======'playfield_ball_count_change'====== Args={'balls': 1, 'change': 1}
2022-08-21 17:43:59,797 : INFO : EventManager : Event: ======'balldevice_bd_drain_ball_count_changed'====== Args={'balls': 0}
2022-08-21 17:43:59,798 : INFO : ball_device.bd_drain : State: idle
2022-08-21 17:43:59,827 : INFO : SwitchController : <<<<<<< 's_right_inlane_far' active >>>>>>>
2022-08-21 17:43:59,828 : INFO : EventManager : Event: ======'s_right_inlane_far_active'====== Args={}
2022-08-21 17:43:59,828 : INFO : EventManager : Event: ======'machine_var_audits_switches_s_right_inlane_far'====== Args={'value': 6049, 'prev_value': 6048, 'change': 1}
2022-08-21 17:43:59,831 : INFO : EventManager : Event: ======'player_shot_portal_advance'====== Args={'value': 1, 'prev_value': 0, 'change': 1, 'player_num': 1}
2022-08-21 17:43:59,836 : INFO : EventManager : Event: ======'machine_var_audits_shots_portal_advance'====== Args={'value': 4501, 'prev_value': 4500, 'change': 1}
2022-08-21 17:43:59,846 : INFO : EventManager : Event: ======'portal_advance_hit'====== Args={'profile': 'default', 'state': 'unlit', 'advancing': True}
2022-08-21 17:43:59,847 : INFO : EventManager : Event: ======'portal_advance_default_hit'====== Args={'profile': 'default', 'state': 'unlit', 'advancing': True}
2022-08-21 17:43:59,847 : INFO : EventManager : Event: ======'portal_advance_default_unlit_hit'====== Args={'profile': 'default', 'state': 'unlit', 'advancing': True}
2022-08-21 17:43:59,847 : INFO : EventManager : Event: ======'portal_advance_unlit_hit'====== Args={'profile': 'default', 'state': 'unlit', 'advancing': True}
2022-08-21 17:43:59,847 : INFO : EventManager : Event: ======'player_score'====== Args={'value': 30000, 'prev_value': 0, 'change': 30000, 'player_num': 1}
2022-08-21 17:43:59,848 : INFO : EventManager : Event: ======'player_switches'====== Args={'value': 1, 'prev_value': 0, 'change': 1, 'player_num': 1}
2022-08-21 17:43:59,849 : INFO : EventManager : Event: ======'player_combos_combo_timer_tick'====== Args={'value': 6, 'prev_value': 0, 'change': 6, 'player_num': 1}
2022-08-21 17:43:59,850 : INFO : Timer.combo_timer : Starting Timer.
2022-08-21 17:43:59,850 : INFO : EventManager : Event: ======'timer_combo_timer_started'====== Args={'ticks': 6, 'ticks_remaining': 6}
2022-08-21 17:43:59,850 : INFO : EventManager : Event: ======'timer_combo_timer_tick'====== Args={'ticks': 6, 'ticks_remaining': 6}
2022-08-21 17:43:59,850 : INFO : EventManager : Event: ======'logicblock_portal_counter_updated'====== Args={'value': 4, 'enabled': True}
2022-08-21 17:43:59,851 : INFO : EventManager : Event: ======'counter_portal_counter_hit'====== Args={'count': 4, 'hits': 4, 'remaining': 2}
2022-08-21 17:43:59,851 : INFO : EventManager : Event: ======'logicblock_portal_counter_hit'====== Args={'count': 4, 'hits': 4, 'remaining': 2}
2022-08-21 17:43:59,988 : INFO : SwitchController : <<<<<<< 's_right_inlane_far' inactive >>>>>>>
2022-08-21 17:44:00,196 : INFO : SwitchController : <<<<<<< 's_right_inlane_far' active >>>>>>>
2022-08-21 17:44:00,196 : INFO : EventManager : Event: ======'s_right_inlane_far_active'====== Args={}
2022-08-21 17:44:00,197 : INFO : EventManager : Event: ======'machine_var_audits_switches_s_right_inlane_far'====== Args={'value': 6050, 'prev_value': 6049, 'change': 1}
2022-08-21 17:44:00,199 : INFO : EventManager : Event: ======'machine_var_audits_shots_portal_advance'====== Args={'value': 4502, 'prev_value': 4501, 'change': 1}
2022-08-21 17:44:00,200 : INFO : EventManager : Event: ======'portal_advance_hit'====== Args={'profile': 'default', 'state': 'lit', 'advancing': False}
2022-08-21 17:44:00,201 : INFO : EventManager : Event: ======'portal_advance_default_hit'====== Args={'profile': 'default', 'state': 'lit', 'advancing': False}
2022-08-21 17:44:00,201 : INFO : EventManager : Event: ======'portal_advance_default_lit_hit'====== Args={'profile': 'default', 'state': 'lit', 'advancing': False}
2022-08-21 17:44:00,201 : INFO : EventManager : Event: ======'portal_advance_lit_hit'====== Args={'profile': 'default', 'state': 'lit', 'advancing': False}
2022-08-21 17:44:00,201 : INFO : EventManager : Event: ======'player_score'====== Args={'value': 60000, 'prev_value': 30000, 'change': 30000, 'player_num': 1}
2022-08-21 17:44:00,202 : INFO : EventManager : Event: ======'player_switches'====== Args={'value': 2, 'prev_value': 1, 'change': 1, 'player_num': 1}
2022-08-21 17:44:00,203 : INFO : EventManager : Event: ======'logicblock_portal_counter_updated'====== Args={'value': 5, 'enabled': True}
2022-08-21 17:44:00,203 : INFO : EventManager : Event: ======'counter_portal_counter_hit'====== Args={'count': 5, 'hits': 5, 'remaining': 1}
2022-08-21 17:44:00,204 : INFO : EventManager : Event: ======'logicblock_portal_counter_hit'====== Args={'count': 5, 'hits': 5, 'remaining': 1}
2022-08-21 17:44:00,307 : INFO : SwitchController : <<<<<<< 's_right_inlane_far' inactive >>>>>>>
2022-08-21 17:44:00,595 : INFO : SwitchController : <<<<<<< 's_right_inlane_far' active >>>>>>>
2022-08-21 17:44:00,596 : INFO : EventManager : Event: ======'s_right_inlane_far_active'====== Args={}
2022-08-21 17:44:00,596 : INFO : EventManager : Event: ======'machine_var_audits_switches_s_right_inlane_far'====== Args={'value': 6051, 'prev_value': 6050, 'change': 1}
2022-08-21 17:44:00,598 : INFO : EventManager : Event: ======'machine_var_audits_shots_portal_advance'====== Args={'value': 4503, 'prev_value': 4502, 'change': 1}
2022-08-21 17:44:00,599 : INFO : EventManager : Event: ======'portal_advance_hit'====== Args={'profile': 'default', 'state': 'lit', 'advancing': False}
2022-08-21 17:44:00,599 : INFO : EventManager : Event: ======'portal_advance_default_hit'====== Args={'profile': 'default', 'state': 'lit', 'advancing': False}
2022-08-21 17:44:00,600 : INFO : EventManager : Event: ======'portal_advance_default_lit_hit'====== Args={'profile': 'default', 'state': 'lit', 'advancing': False}
2022-08-21 17:44:00,600 : INFO : EventManager : Event: ======'portal_advance_lit_hit'====== Args={'profile': 'default', 'state': 'lit', 'advancing': False}
2022-08-21 17:44:00,600 : INFO : EventManager : Event: ======'player_score'====== Args={'value': 90000, 'prev_value': 60000, 'change': 30000, 'player_num': 1}
2022-08-21 17:44:00,601 : INFO : EventManager : Event: ======'player_switches'====== Args={'value': 3, 'prev_value': 2, 'change': 1, 'player_num': 1}
2022-08-21 17:44:00,602 : INFO : EventManager : Event: ======'logicblock_portal_counter_updated'====== Args={'value': 6, 'enabled': True}
2022-08-21 17:44:00,602 : INFO : EventManager : Event: ======'counter_portal_counter_hit'====== Args={'count': 6, 'hits': 6, 'remaining': 0}
2022-08-21 17:44:00,602 : INFO : EventManager : Event: ======'logicblock_portal_counter_hit'====== Args={'count': 6, 'hits': 6, 'remaining': 0}
2022-08-21 17:44:00,602 : INFO : EventManager : Event: ======'mode_lit'====== Args={}
2022-08-21 17:44:00,603 : INFO : EventManager : Event: ======'logicblock_portal_counter_updated'====== Args={'value': 6, 'enabled': False}
2022-08-21 17:44:00,603 : INFO : EventManager : Event: ======'mode_mode_lit_will_start'====== Args={}
2022-08-21 17:44:00,605 : INFO : EventManager : Event: ======'mode_mode_lit_starting'====== Args={}
2022-08-21 17:44:00,607 : INFO : Mode.mode_lit : Started. Priority: 800
2022-08-21 17:44:00,607 : INFO : EventManager : Event: ======'modes_active_modes_changed'====== Args={}
2022-08-21 17:44:00,607 : INFO : EventManager : Event: ======'mode_mode_lit_started'====== Args={}
2022-08-21 17:44:00,691 : INFO : SwitchController : <<<<<<< 's_right_inlane_far' inactive >>>>>>>
2022-08-21 17:44:01,091 : INFO : EventManager : Event: ======'player_combos_combo_timer_tick'====== Args={'value': 5, 'prev_value': 6, 'change': -1, 'player_num': 1}
2022-08-21 17:44:01,092 : INFO : EventManager : Event: ======'timer_combo_timer_tick'====== Args={'ticks': 5, 'ticks_remaining': 5}
2022-08-21 17:44:01,590 : INFO : EventManager : Event: ======'player_combos_combo_timer_tick'====== Args={'value': 4, 'prev_value': 5, 'change': -1, 'player_num': 1}
2022-08-21 17:44:01,591 : INFO : EventManager : Event: ======'timer_combo_timer_tick'====== Args={'ticks': 4, 'ticks_remaining': 4}
2022-08-21 17:44:02,089 : INFO : EventManager : Event: ======'player_combos_combo_timer_tick'====== Args={'value': 3, 'prev_value': 4, 'change': -1, 'player_num': 1}
2022-08-21 17:44:02,090 : INFO : EventManager : Event: ======'timer_combo_timer_tick'====== Args={'ticks': 3, 'ticks_remaining': 3}
2022-08-21 17:44:02,589 : INFO : EventManager : Event: ======'player_combos_combo_timer_tick'====== Args={'value': 2, 'prev_value': 3, 'change': -1, 'player_num': 1}
2022-08-21 17:44:02,590 : INFO : EventManager : Event: ======'timer_combo_timer_tick'====== Args={'ticks': 2, 'ticks_remaining': 2}
2022-08-21 17:44:03,088 : INFO : EventManager : Event: ======'player_combos_combo_timer_tick'====== Args={'value': 1, 'prev_value': 2, 'change': -1, 'player_num': 1}
2022-08-21 17:44:03,089 : INFO : EventManager : Event: ======'timer_combo_timer_tick'====== Args={'ticks': 1, 'ticks_remaining': 1}
2022-08-21 17:44:03,587 : INFO : EventManager : Event: ======'player_combos_combo_timer_tick'====== Args={'value': 0, 'prev_value': 1, 'change': -1, 'player_num': 1}
2022-08-21 17:44:03,588 : INFO : Timer.combo_timer : Timer Complete
2022-08-21 17:44:03,588 : INFO : Timer.combo_timer : Stopping Timer
2022-08-21 17:44:03,588 : INFO : EventManager : Event: ======'timer_combo_timer_stopped'====== Args={'ticks': 0, 'ticks_remaining': 1}
2022-08-21 17:44:03,588 : INFO : EventManager : Event: ======'timer_combo_timer_complete'====== Args={'ticks': 0, 'ticks_remaining': 1}
2022-08-21 17:44:03,955 : INFO : SwitchController : <<<<<<< 's_left_kicker' active >>>>>>>
2022-08-21 17:44:03,955 : INFO : EventManager : Event: ======'s_left_kicker_active'====== Args={}
2022-08-21 17:44:03,956 : INFO : EventManager : Event: ======'machine_var_audits_switches_s_left_kicker'====== Args={'value': 1509, 'prev_value': 1508, 'change': 1}
2022-08-21 17:44:03,957 : INFO : EventManager : Event: ======'start_selection_mode'====== Args={'priority': 0}
2022-08-21 17:44:03,957 : INFO : EventManager : Event: ======'player_score'====== Args={'value': 105000, 'prev_value': 90000, 'change': 15000, 'player_num': 1}
2022-08-21 17:44:03,963 : INFO : EventManager : Event: ======'mode_carousel_will_start'====== Args={'priority': 0}
2022-08-21 17:44:03,970 : INFO : EventManager : Event: ======'mode_carousel_starting'====== Args={'priority': 0}
2022-08-21 17:44:03,971 : INFO : EventManager : Event: ======'mode_mode_lit_will_stop'====== Args={}
2022-08-21 17:44:03,971 : INFO : EventManager : Event: ======'mode_mode_lit_stopping'====== Args={}
2022-08-21 17:44:03,971 : INFO : EventManager : Event: ======'mode_spell_galaxy_will_stop'====== Args={}
2022-08-21 17:44:03,971 : INFO : EventManager : Event: ======'mode_spell_galaxy_stopping'====== Args={}
2022-08-21 17:44:03,971 : INFO : EventManager : Event: ======'mode_spell_portal_will_stop'====== Args={}
2022-08-21 17:44:03,971 : INFO : EventManager : Event: ======'mode_spell_portal_stopping'====== Args={}
2022-08-21 17:44:03,972 : INFO : EventManager : Event: ======'mode_add_mode_value_will_stop'====== Args={}
2022-08-21 17:44:03,972 : INFO : EventManager : Event: ======'mode_add_mode_value_stopping'====== Args={}
2022-08-21 17:44:03,972 : INFO : EventManager : Event: ======'mode_spell_warp_will_stop'====== Args={}
2022-08-21 17:44:03,972 : INFO : EventManager : Event: ======'mode_spell_warp_stopping'====== Args={}
2022-08-21 17:44:03,973 : INFO : Mode.spell_warp : Stopped.
2022-08-21 17:44:03,973 : INFO : EventManager : Event: ======'modes_active_modes_changed'====== Args={}
2022-08-21 17:44:03,979 : INFO : EventManager : Event: ======'mode_spell_warp_stopped'====== Args={}
2022-08-21 17:44:03,979 : INFO : EventManager : Event: ======'clear'====== Args={'key': 'spell_warp'}
2022-08-21 17:44:03,981 : INFO : Mode.add_mode_value : Stopped.
2022-08-21 17:44:03,981 : INFO : EventManager : Event: ======'modes_active_modes_changed'====== Args={}
2022-08-21 17:44:03,982 : INFO : EventManager : Event: ======'mode_add_mode_value_stopped'====== Args={}
2022-08-21 17:44:03,982 : INFO : EventManager : Event: ======'clear'====== Args={'key': 'add_mode_value'}
2022-08-21 17:44:03,983 : INFO : Mode.spell_portal : Stopped.
2022-08-21 17:44:03,983 : INFO : EventManager : Event: ======'modes_active_modes_changed'====== Args={}
2022-08-21 17:44:03,984 : INFO : EventManager : Event: ======'mode_spell_portal_stopped'====== Args={}
2022-08-21 17:44:03,985 : INFO : EventManager : Event: ======'clear'====== Args={'key': 'spell_portal'}
2022-08-21 17:44:03,986 : INFO : Mode.spell_galaxy : Stopped.
2022-08-21 17:44:03,986 : INFO : EventManager : Event: ======'modes_active_modes_changed'====== Args={}
2022-08-21 17:44:03,987 : INFO : EventManager : Event: ======'mode_spell_galaxy_stopped'====== Args={}
2022-08-21 17:44:03,987 : INFO : EventManager : Event: ======'clear'====== Args={'key': 'spell_galaxy'}
2022-08-21 17:44:03,988 : INFO : Mode.mode_lit : Stopped.
2022-08-21 17:44:03,988 : INFO : EventManager : Event: ======'modes_active_modes_changed'====== Args={}
2022-08-21 17:44:03,990 : INFO : EventManager : Event: ======'mode_mode_lit_stopped'====== Args={}
2022-08-21 17:44:03,990 : INFO : EventManager : Event: ======'clear'====== Args={'key': 'mode_lit'}
2022-08-21 17:44:03,991 : INFO : Mode.carousel : Started. Priority: 1000
2022-08-21 17:44:03,991 : INFO : EventManager : Event: ======'modes_active_modes_changed'====== Args={}
2022-08-21 17:44:03,991 : INFO : EventManager : Event: ======'mode_carousel_started'====== Args={'priority': 0}
2022-08-21 17:44:03,992 : INFO : EventManager : Event: ======'carousel_mission1_highlighted'====== Args={'direction': None}
2022-08-21 17:44:03,992 : INFO : EventManager : Event: ======'achievement_mission1_changed_state'====== Args={'restore': False, 'state': 'enabled', 'selected': False}
2022-08-21 17:44:03,992 : INFO : EventManager : Event: ======'achievement_mission1_state_enabled'====== Args={'restore': False, 'state': 'enabled', 'selected': False}
2022-08-21 17:44:03,993 : INFO : EventManager : Event: ======'achievement_mission1_changed_state'====== Args={'restore': False, 'state': 'enabled', 'selected': True}
2022-08-21 17:44:03,993 : INFO : EventManager : Event: ======'achievement_mission1_state_enabled'====== Args={'restore': False, 'state': 'enabled', 'selected': True}
2022-08-21 17:44:03,993 : INFO : EventManager : Event: ======'achievement_mission1_state_selected'====== Args={'restore': False, 'state': 'enabled', 'selected': True}
2022-08-21 17:44:04,022 : INFO : EventManager : Event: ======'slide_select_mission1_created'====== Args={'_from_bcp': True}
2022-08-21 17:44:04,022 : INFO : EventManager : Event: ======'slide_select_mission1_active'====== Args={'_from_bcp': True}
2022-08-21 17:44:04,460 : INFO : EventManager : Event: ======'balldevice_bd_left_kicker_ball_count_changed'====== Args={'balls': 1}
2022-08-21 17:44:04,461 : INFO : ball_device.bd_left_kicker : Received unexpected ball
2022-08-21 17:44:04,461 : INFO : EventManager : Event: ======'balldevice_captured_from_playfield'====== Args={'balls': 1}
2022-08-21 17:44:04,462 : INFO : EventManager : Event: ======'sw_playfield_active'====== Args={'balls': 1}
2022-08-21 17:44:04,462 : INFO : EventManager : Event: ======'playfield_ball_count_change'====== Args={'balls': 0, 'change': -1}
2022-08-21 17:44:04,463 : INFO : EventManager : Event: ======'balldevice_bd_left_kicker_ball_enter'====== Args={'new_balls': 1, 'unclaimed_balls': 1, 'new_available_balls': 1, 'device': <ball_device.bd_left_kicker>}
2022-08-21 17:44:04,464 : INFO : EventManager : Event: ======'ball_hold_left_mode_saucer_held_ball'====== Args={'balls_held': 1, 'total_balls_held': 1}
2022-08-21 17:44:04,464 : INFO : EventManager : Event: ======'ball_hold_left_mode_saucer_full'====== Args={'balls': 1}
2022-08-21 17:44:04,464 : INFO : EventManager : Event: ======'balldevice_balls_available'====== Args={}
2022-08-21 17:44:04,464 : INFO : EventManager : Event: ======'balldevice_bd_left_kicker_ball_entered'====== Args={'new_balls': 1, 'device': <ball_device.bd_left_kicker>}
2022-08-21 17:44:06,504 : INFO : EventManager : Event: ======'ball_save_base_save_hurry_up'====== Args={}
2022-08-21 17:44:08,517 : INFO : EventManager : Event: ======'ball_save_base_save_grace_period'====== Args={}
2022-08-21 17:44:09,441 : INFO : Machine : Shutting down...
2022-08-21 17:44:09,441 : INFO : EventManager : Event: ======'shutdown'====== Args={}
2022-08-21 17:44:09,472 : WARNING : FAST : Port NET received more messages than were sent! Resetting!
2022-08-21 17:44:09,472 : WARNING : FAST : Port RGB received more messages than were sent! Resetting!
2022-08-21 17:44:09,472 : WARNING : FAST : Received unknown serial command? BX:P from RGB.
2022-08-21 17:44:09,550 : ERROR : FAST : Stop called on serial connection com7
2022-08-21 17:44:09,550 : ERROR : FAST : Stop called on serial connection com8
2022-08-21 17:44:09,769 : INFO : root : MPF run loop ended.
