2022-08-21 17:30:36,794 : kivy : Factory: 186 symbols loaded
2022-08-21 17:30:36,950 : kivy : ImageLoaderFFPy: Using ffpyplayer 4.3.2
2022-08-21 17:30:36,950 : kivy : Image: Providers: img_tex, img_dds, img_sdl2, img_pil, img_ffpyplayer 
2022-08-21 17:30:36,984 : kivy : VideoGstplayer: Using Gstreamer 1.18.0.0
2022-08-21 17:30:36,984 : kivy : Video: Provider: gstplayer
2022-08-21 17:30:37,143 : kivy : Loading MPF-MC controller
2022-08-21 17:30:37,670 : ConfigProcessor : Config spec file cache created: C:\Users\Brendan\AppData\Local\Temp\config_spec.mpf_cache
2022-08-21 17:30:37,670 : YamlMultifileConfigLoader : Machine config file #1: config
2022-08-21 17:30:37,671 : ConfigProcessor : Config file in cache changed: C:\Baby_pacman_code\machine\config\config
2022-08-21 17:30:37,671 : ConfigProcessor : Loading config from file c:\users\brendan\appdata\local\programs\python\python37\lib\site-packages\mpfmc\mcconfig.yaml.
2022-08-21 17:30:37,721 : ConfigProcessor : Loading config: c:\users\brendan\appdata\local\programs\python\python37\lib\site-packages\mpfmc\mcconfig.yaml
2022-08-21 17:30:37,722 : ConfigProcessor : Loading config from file C:\Baby_pacman_code\machine\config\config.
2022-08-21 17:30:37,849 : ConfigProcessor : Loading config: C:\Baby_pacman_code\machine\config\config
2022-08-21 17:30:37,852 : ConfigProcessor : Config file cache created: C:\Users\Brendan\AppData\Local\Temp\e68bda1e95a8aa0185725ca2569cabab.mpf_cache
2022-08-21 17:30:37,852 : ConfigProcessor : Loading config from cache: C:\Users\Brendan\AppData\Local\Temp\467e7647689d29fad6adf949e1f4d51d.mpf_cache
2022-08-21 17:30:37,853 : ConfigProcessor : Loading config from cache: C:\Users\Brendan\AppData\Local\Temp\5550e037aa776b42b91b29b40b356c70.mpf_cache
2022-08-21 17:30:37,854 : ConfigProcessor : Loading config from cache: C:\Users\Brendan\AppData\Local\Temp\15e0c601392b30c3d9ba3ead8131edb5.mpf_cache
2022-08-21 17:30:37,854 : ConfigProcessor : Loading config from cache: C:\Users\Brendan\AppData\Local\Temp\0bf50917c4ef15ab65ee13d6c14e7d7c.mpf_cache
2022-08-21 17:30:37,855 : ConfigProcessor : Loading config from cache: C:\Users\Brendan\AppData\Local\Temp\bc7da7b13b2754e080c2afa0678ac274.mpf_cache
2022-08-21 17:30:37,855 : ConfigProcessor : Loading config from cache: C:\Users\Brendan\AppData\Local\Temp\bbd59d0bb6602ee0c5a89d6f85e6dd42.mpf_cache
2022-08-21 17:30:37,856 : ConfigProcessor : Loading config from cache: C:\Users\Brendan\AppData\Local\Temp\5526c78976fee311c3d05505d75f653d.mpf_cache
2022-08-21 17:30:37,857 : ConfigProcessor : Loading config from cache: C:\Users\Brendan\AppData\Local\Temp\6e95138ae5415fc76b53ebf8fa245fb5.mpf_cache
2022-08-21 17:30:37,857 : ConfigProcessor : Loading config from cache: C:\Users\Brendan\AppData\Local\Temp\1ec1c4dffb383758956493783a9ed391.mpf_cache
2022-08-21 17:30:37,858 : ConfigProcessor : Loading config from cache: C:\Users\Brendan\AppData\Local\Temp\f2aee92728c8017b77c710c804dd7f5a.mpf_cache
2022-08-21 17:30:37,859 : ConfigProcessor : Loading config from cache: C:\Users\Brendan\AppData\Local\Temp\88f57fa1305e9dc100972ec9f84d57fe.mpf_cache
2022-08-21 17:30:37,859 : ConfigProcessor : Loading config from cache: C:\Users\Brendan\AppData\Local\Temp\6e00a9d794d4c3f43a0fc48da04dac60.mpf_cache
2022-08-21 17:30:37,860 : ConfigProcessor : Loading config from cache: C:\Users\Brendan\AppData\Local\Temp\05ef98219fc733c3bcab58726c4b37ef.mpf_cache
2022-08-21 17:30:37,861 : ConfigProcessor : Loading config from cache: C:\Users\Brendan\AppData\Local\Temp\c22d657a5a7bb60632c2be2c735e073b.mpf_cache
2022-08-21 17:30:37,861 : ConfigProcessor : Loading config from cache: C:\Users\Brendan\AppData\Local\Temp\f7d4f5eb9425fe84d2e83a363afd4bdf.mpf_cache
2022-08-21 17:30:37,862 : ConfigProcessor : Loading config from cache: C:\Users\Brendan\AppData\Local\Temp\125f51d329f930ea7bff10973551cc26.mpf_cache
2022-08-21 17:30:37,862 : ConfigProcessor : Loading config from cache: C:\Users\Brendan\AppData\Local\Temp\08e18dfdf4e02cd29cc0cc52be2faaf4.mpf_cache
2022-08-21 17:30:37,863 : ConfigProcessor : Loading config from cache: C:\Users\Brendan\AppData\Local\Temp\f042f5bf6362b9e04d43b40b93a92057.mpf_cache
2022-08-21 17:30:37,863 : ConfigProcessor : Loading config from cache: C:\Users\Brendan\AppData\Local\Temp\60badac06cd62deb71f25fac24b103c2.mpf_cache
2022-08-21 17:30:37,864 : ConfigProcessor : Loading config from cache: C:\Users\Brendan\AppData\Local\Temp\a3ad1aeb679a0686901de8a6ffe784f0.mpf_cache
2022-08-21 17:30:37,865 : ConfigProcessor : Loading config from cache: C:\Users\Brendan\AppData\Local\Temp\d7856287e4ec48fb5adaa65e5f7b2848.mpf_cache
2022-08-21 17:30:37,865 : mpfmc : Mission Pinball Framework Media Controller v0.55.0
2022-08-21 17:30:37,865 : mpfmc : Mission Pinball Framework Game Engine v0.55.0
2022-08-21 17:30:37,865 : mpfmc : Machine path: C:\Baby_pacman_code\machine
2022-08-21 17:30:37,865 : mpfmc : Starting clock at 60.0Hz
2022-08-21 17:30:37,877 : kivy : Text: Provider: sdl2
2022-08-21 17:30:37,911 : kivy : Window: Provider: sdl2
2022-08-21 17:30:37,996 : kivy : GL: Using the "OpenGL" graphics system
2022-08-21 17:30:37,997 : kivy : GL: GLEW initialization succeeded
2022-08-21 17:30:37,997 : kivy : GL: Backend used <glew>
2022-08-21 17:30:37,997 : kivy : GL: OpenGL version <b'3.1.0 - Build 9.17.10.3517'>
2022-08-21 17:30:37,997 : kivy : GL: OpenGL vendor <b'Intel'>
2022-08-21 17:30:37,997 : kivy : GL: OpenGL renderer <b'Intel(R) HD Graphics 2000'>
2022-08-21 17:30:37,998 : kivy : GL: OpenGL parsed version: 3, 1
2022-08-21 17:30:37,998 : kivy : GL: Shading version <b'1.40 - Intel Build 9.17.10.3517'>
2022-08-21 17:30:37,998 : kivy : GL: Texture max size <8192>
2022-08-21 17:30:37,998 : kivy : GL: Texture max units <16>
2022-08-21 17:30:38,062 : kivy : Window: auto add sdl2 input provider
2022-08-21 17:30:38,062 : kivy : Window: virtual keyboard not allowed, single mode, not docked
2022-08-21 17:30:38,231 : AudioInterface : Initialized
2022-08-21 17:30:38,231 : AudioInterface : Loaded SDL 2.0.12
2022-08-21 17:30:38,231 : AudioInterface : Loaded SDL_Mixer 2.0.4
2022-08-21 17:30:38,231 : AudioInterface : Loaded GStreamer 1.18.0.0
2022-08-21 17:30:38,231 : AudioInterface : Loaded GLib 2.62.6
2022-08-21 17:30:38,231 : AudioInterface : Settings requested - rate: 44100, channels: 1, buffer: 2048 samples
2022-08-21 17:30:38,231 : AudioInterface : Settings in use - rate: 44100, channels: 1, buffer: 2048 samples (4096 bytes @ 2 bytes per sample)
2022-08-21 17:30:38,232 : SoundSystem : Setting master volume to 0.0
2022-08-21 17:30:38,232 : SoundSystem : master_volume in sound_system is deprecated and will be removed in the future.
2022-08-21 17:30:38,232 : AudioInterface : Enabling audio playback
2022-08-21 17:30:38,234 : kivy : Base: Start application main loop
2022-08-21 17:30:38,235 : EventManager : Event: ======'display_window_initialized'====== Args={}
2022-08-21 17:30:38,325 : mpfmc : Display: Setting 'window' as default display
2022-08-21 17:30:38,332 : mpfmc : ASPECT RATIO MISMATCH: The on-screen window is not the same aspect ratio as the display called 'window'. The logical display will be scaled from 1366x768 to the window size 1916x1054, and a black bar will make up the difference
2022-08-21 17:30:38,333 : EventManager : Event: ======'displays_initialized'====== Args={}
2022-08-21 17:30:38,334 : EventManager : Event: ======'slide_window_blank_created'====== Args={}
2022-08-21 17:30:38,335 : EventManager : Event: ======'display_window_ready'====== Args={}
2022-08-21 17:30:38,354 : EventManager : Event: ======'init_phase_1'====== Args={}
2022-08-21 17:30:38,362 : EventManager : Event: ======'mc_ready'====== Args={}
2022-08-21 17:30:38,362 : EventManager : Event: ======'init_phase_2'====== Args={}
2022-08-21 17:30:38,389 : EventManager : Event: ======'init_phase_3'====== Args={}
2022-08-21 17:30:38,396 : EventManager : Event: ======'init_phase_4'====== Args={}
2022-08-21 17:30:38,396 : EventManager : Event: ======'init_phase_5'====== Args={}
2022-08-21 17:30:38,449 : kivy : GL: NPOT texture support is available
2022-08-21 17:30:38,468 : kivy : GL: Unpack subimage support is available
2022-08-21 17:30:38,499 : EventManager : Event: ======'loading_assets'====== Args={'total': 27, 'loaded': 1, 'remaining': 26, 'percent': 4}
2022-08-21 17:30:38,499 : AssetManager : Loading assets: 1/27 (4%)
2022-08-21 17:30:39,722 : EventManager : Event: ======'loading_assets'====== Args={'total': 27, 'loaded': 2, 'remaining': 25, 'percent': 7}
2022-08-21 17:30:39,723 : AssetManager : Loading assets: 2/27 (7%)
2022-08-21 17:30:41,290 : EventManager : Event: ======'loading_assets'====== Args={'total': 27, 'loaded': 14, 'remaining': 13, 'percent': 52}
2022-08-21 17:30:41,290 : AssetManager : Loading assets: 14/27 (52%)
2022-08-21 17:30:42,042 : EventManager : Event: ======'loading_assets'====== Args={'total': 27, 'loaded': 27, 'remaining': 0, 'percent': 100}
2022-08-21 17:30:42,042 : AssetManager : Asset loading took: 3.81021785736084
2022-08-21 17:30:42,042 : EventManager : Event: ======'asset_loading_complete'====== Args={}
2022-08-21 17:30:42,043 : AssetManager : Loading assets: 27/27 (100%)
2022-08-21 17:30:42,043 : EventManager : Event: ======'init_done'====== Args={}
2022-08-21 17:30:42,043 : MPF-MC BCP Server : Starting up on localhost port 5050
2022-08-21 17:30:42,045 : MPF-MC BCP Server : Waiting for a connection...
2022-08-21 17:30:42,059 : EventManager : Event: ======'client_disconnected'====== Args={'host': '127.0.0.1', 'port': 5050}
2022-08-21 17:30:42,206 : MPF-MC BCP Server : Received connection from: 127.0.0.1:49400
2022-08-21 17:30:42,214 : EventManager : Event: ======'client_connected'====== Args={'host': '127.0.0.1', 'port': 49400}
2022-08-21 17:30:42,227 : EventManager : Event: ======'machine_var_fast_net_firmware'====== Args={'value': '01.05', 'prev_value': None, 'change': True}
2022-08-21 17:30:42,227 : EventManager : Event: ======'machine_var_fast_net_model'====== Args={'value': 'FP-CPU-002-2', 'prev_value': None, 'change': True}
2022-08-21 17:30:42,227 : EventManager : Event: ======'machine_var_fast_rgb_firmware'====== Args={'value': '01.00', 'prev_value': None, 'change': True}
2022-08-21 17:30:42,227 : EventManager : Event: ======'machine_var_fast_rgb_model'====== Args={'value': 'FP-CPU-002-2', 'prev_value': None, 'change': True}
2022-08-21 17:30:42,227 : EventManager : Event: ======'machine_var_credits_string'====== Args={'value': 'FREE PLAY', 'prev_value': None, 'change': True}
2022-08-21 17:30:42,228 : EventManager : Event: ======'machine_var_master_volume'====== Args={'value': 0.5, 'prev_value': None, 'change': True}
2022-08-21 17:30:42,228 : EventManager : Event: ======'machine_var_player1_score'====== Args={'value': 58540490, 'prev_value': None, 'change': True}
2022-08-21 17:30:42,228 : EventManager : Event: ======'machine_var_mpf_version'====== Args={'value': 'MPF v0.55.0', 'prev_value': None, 'change': True}
2022-08-21 17:30:42,228 : EventManager : Event: ======'machine_var_mpf_extended_version'====== Args={'value': 'MPF v0.55.0, Config version:5, Show version: 5, BCP version:1.1', 'prev_value': None, 'change': True}
2022-08-21 17:30:42,228 : EventManager : Event: ======'machine_var_python_version'====== Args={'value': '3.7.8', 'prev_value': None, 'change': True}
2022-08-21 17:30:42,229 : EventManager : Event: ======'machine_var_platform'====== Args={'value': 'Windows-7-6.1.7601-SP1', 'prev_value': None, 'change': True}
2022-08-21 17:30:42,229 : EventManager : Event: ======'machine_var_platform_system'====== Args={'value': 'Windows', 'prev_value': None, 'change': True}
2022-08-21 17:30:42,229 : EventManager : Event: ======'machine_var_platform_release'====== Args={'value': '7', 'prev_value': None, 'change': True}
2022-08-21 17:30:42,229 : EventManager : Event: ======'machine_var_platform_version'====== Args={'value': '6.1.7601', 'prev_value': None, 'change': True}
2022-08-21 17:30:42,229 : EventManager : Event: ======'machine_var_platform_machine'====== Args={'value': 'AMD64', 'prev_value': None, 'change': True}
2022-08-21 17:30:42,229 : EventManager : Event: ======'machine_var_mc_version'====== Args={'value': 'MPF-MC v0.55.0', 'prev_value': None, 'change': True}
2022-08-21 17:30:42,230 : EventManager : Event: ======'machine_var_mc_extended_version'====== Args={'value': 'MPF-MC v0.55.0 (config_version=5, BCP v1.1, Requires MPF v0.55.0-dev.49)', 'prev_value': None, 'change': True}
2022-08-21 17:30:42,230 : SoundSystem : Setting master volume to 0.5
2022-08-21 17:30:42,729 : EventManager : Event: ======'machine_var_audits_events_game_ended'====== Args={'value': 0, 'prev_value': None, 'change': True}
2022-08-21 17:30:42,729 : EventManager : Event: ======'machine_var_audits_events_game_started'====== Args={'value': 0, 'prev_value': None, 'change': True}
2022-08-21 17:30:42,729 : EventManager : Event: ======'machine_var_audits_player_score'====== Args={'value': {'average': 10318150.616438355, 'top': [198719690, 195274570, 161094530, 160419680, 140071820, 132769060, 132262360, 127113160, 121863670, 115954110], 'total': 584}, 'prev_value': None, 'change': True}
2022-08-21 17:30:42,729 : EventManager : Event: ======'machine_var_audits_shots_center_drop_mission1'====== Args={'value': 507, 'prev_value': None, 'change': True}
2022-08-21 17:30:42,729 : EventManager : Event: ======'machine_var_audits_shots_center_target'====== Args={'value': 62, 'prev_value': None, 'change': True}
2022-08-21 17:30:42,730 : EventManager : Event: ======'machine_var_audits_shots_drop_target1_mission2'====== Args={'value': 219, 'prev_value': None, 'change': True}
2022-08-21 17:30:42,730 : EventManager : Event: ======'machine_var_audits_shots_drop_target2_mission2'====== Args={'value': 251, 'prev_value': None, 'change': True}
2022-08-21 17:30:42,730 : EventManager : Event: ======'machine_var_audits_shots_drop_target3_mission2'====== Args={'value': 281, 'prev_value': None, 'change': True}
2022-08-21 17:30:42,730 : EventManager : Event: ======'machine_var_audits_shots_drop_target4_mission2'====== Args={'value': 257, 'prev_value': None, 'change': True}
2022-08-21 17:30:42,730 : EventManager : Event: ======'machine_var_audits_shots_drop_target5_mission2'====== Args={'value': 220, 'prev_value': None, 'change': True}
2022-08-21 17:30:42,730 : EventManager : Event: ======'machine_var_audits_shots_drop_targets_mission3'====== Args={'value': 1436, 'prev_value': None, 'change': True}
2022-08-21 17:30:42,730 : EventManager : Event: ======'machine_var_audits_shots_galaxy_advance'====== Args={'value': 1982, 'prev_value': None, 'change': True}
2022-08-21 17:30:42,731 : EventManager : Event: ======'machine_var_audits_shots_l_lane'====== Args={'value': 604, 'prev_value': None, 'change': True}
2022-08-21 17:30:42,731 : EventManager : Event: ======'machine_var_audits_shots_left_kicker_mission2'====== Args={'value': 153, 'prev_value': None, 'change': True}
2022-08-21 17:30:42,731 : EventManager : Event: ======'machine_var_audits_shots_left_kicker_mission4'====== Args={'value': 114, 'prev_value': None, 'change': True}
2022-08-21 17:30:42,731 : EventManager : Event: ======'machine_var_audits_shots_left_loop_mission1'====== Args={'value': 571, 'prev_value': None, 'change': True}
2022-08-21 17:30:42,731 : EventManager : Event: ======'machine_var_audits_shots_left_loop_mission2'====== Args={'value': 254, 'prev_value': None, 'change': True}
2022-08-21 17:30:42,731 : EventManager : Event: ======'machine_var_audits_shots_left_loop_mission4'====== Args={'value': 374, 'prev_value': None, 'change': True}
2022-08-21 17:30:42,731 : EventManager : Event: ======'machine_var_audits_shots_portal_advance'====== Args={'value': 4482, 'prev_value': None, 'change': True}
2022-08-21 17:30:42,732 : EventManager : Event: ======'machine_var_audits_shots_r_lane'====== Args={'value': 533, 'prev_value': None, 'change': True}
2022-08-21 17:30:42,732 : EventManager : Event: ======'machine_var_audits_shots_right_kicker_mission2'====== Args={'value': 134, 'prev_value': None, 'change': True}
2022-08-21 17:30:42,732 : EventManager : Event: ======'machine_var_audits_shots_right_kicker_mission4'====== Args={'value': 133, 'prev_value': None, 'change': True}
2022-08-21 17:30:42,732 : EventManager : Event: ======'machine_var_audits_shots_right_loop_mission1'====== Args={'value': 659, 'prev_value': None, 'change': True}
2022-08-21 17:30:42,732 : EventManager : Event: ======'machine_var_audits_shots_right_loop_mission2'====== Args={'value': 287, 'prev_value': None, 'change': True}
2022-08-21 17:30:42,732 : EventManager : Event: ======'machine_var_audits_shots_right_loop_mission4'====== Args={'value': 423, 'prev_value': None, 'change': True}
2022-08-21 17:30:42,732 : EventManager : Event: ======'machine_var_audits_shots_warp_advance'====== Args={'value': 1077, 'prev_value': None, 'change': True}
2022-08-21 17:30:42,732 : EventManager : Event: ======'machine_var_audits_switches_s_action_button'====== Args={'value': 3900, 'prev_value': None, 'change': True}
2022-08-21 17:30:42,733 : EventManager : Event: ======'machine_var_audits_switches_s_drain'====== Args={'value': 2697, 'prev_value': None, 'change': True}
2022-08-21 17:30:42,733 : EventManager : Event: ======'machine_var_audits_switches_s_drop_target1'====== Args={'value': 1810, 'prev_value': None, 'change': True}
2022-08-21 17:30:42,733 : EventManager : Event: ======'machine_var_audits_switches_s_drop_target2'====== Args={'value': 2112, 'prev_value': None, 'change': True}
2022-08-21 17:30:42,733 : EventManager : Event: ======'machine_var_audits_switches_s_drop_target3'====== Args={'value': 2507, 'prev_value': None, 'change': True}
2022-08-21 17:30:42,733 : EventManager : Event: ======'machine_var_audits_switches_s_drop_target4'====== Args={'value': 2020, 'prev_value': None, 'change': True}
2022-08-21 17:30:42,733 : EventManager : Event: ======'machine_var_audits_switches_s_drop_target5'====== Args={'value': 1912, 'prev_value': None, 'change': True}
2022-08-21 17:30:42,734 : EventManager : Event: ======'machine_var_audits_switches_s_left_captive_ball'====== Args={'value': 472, 'prev_value': None, 'change': True}
2022-08-21 17:30:42,734 : EventManager : Event: ======'machine_var_audits_switches_s_left_flipper'====== Args={'value': 34034, 'prev_value': None, 'change': True}
2022-08-21 17:30:42,734 : EventManager : Event: ======'machine_var_audits_switches_s_left_inlane'====== Args={'value': 604, 'prev_value': None, 'change': True}
2022-08-21 17:30:42,734 : EventManager : Event: ======'machine_var_audits_switches_s_left_inlane_far'====== Args={'value': 3804, 'prev_value': None, 'change': True}
2022-08-21 17:30:42,734 : EventManager : Event: ======'machine_var_audits_switches_s_left_kicker'====== Args={'value': 1507, 'prev_value': None, 'change': True}
2022-08-21 17:30:42,734 : EventManager : Event: ======'machine_var_audits_switches_s_left_sling'====== Args={'value': 6756, 'prev_value': None, 'change': True}
2022-08-21 17:30:42,734 : EventManager : Event: ======'machine_var_audits_switches_s_left_spinner'====== Args={'value': 19883, 'prev_value': None, 'change': True}
2022-08-21 17:30:42,735 : EventManager : Event: ======'machine_var_audits_switches_s_right_captive_ball'====== Args={'value': 493, 'prev_value': None, 'change': True}
2022-08-21 17:30:42,735 : EventManager : Event: ======'machine_var_audits_switches_s_right_flipper'====== Args={'value': 31520, 'prev_value': None, 'change': True}
2022-08-21 17:30:42,735 : EventManager : Event: ======'machine_var_audits_switches_s_right_inlane'====== Args={'value': 533, 'prev_value': None, 'change': True}
2022-08-21 17:30:42,741 : EventManager : Event: ======'machine_var_audits_switches_s_right_inlane_far'====== Args={'value': 6024, 'prev_value': None, 'change': True}
2022-08-21 17:30:42,741 : EventManager : Event: ======'machine_var_audits_switches_s_right_kicker'====== Args={'value': 1680, 'prev_value': None, 'change': True}
2022-08-21 17:30:42,741 : EventManager : Event: ======'machine_var_audits_switches_s_right_sling'====== Args={'value': 14071, 'prev_value': None, 'change': True}
2022-08-21 17:30:42,741 : EventManager : Event: ======'machine_var_audits_switches_s_right_spinner'====== Args={'value': 16143, 'prev_value': None, 'change': True}
2022-08-21 17:30:42,741 : EventManager : Event: ======'machine_var_audits_switches_s_start'====== Args={'value': 403, 'prev_value': None, 'change': True}
2022-08-21 17:30:42,753 : EventManager : Event: ======'mc_reset_phase_1'====== Args={}
2022-08-21 17:30:42,753 : EventManager : Event: ======'mc_reset_phase_2'====== Args={}
2022-08-21 17:30:42,753 : EventManager : Event: ======'mc_reset_phase_3'====== Args={}
2022-08-21 17:30:42,753 : EventManager : Event: ======'mc_reset_complete'====== Args={}
2022-08-21 17:30:42,765 : EventManager : Event: ======'slides_play'====== Args={'settings': {'widgets': {'widgets': [{'type': 'text', 'text': 'GAME OVER', 'font_size': 50, 'font_name': 'space_font', '_default_settings': ['type', 'text', 'font_size', 'font_name'], 'x': None, 'y': None, 'anchor_x': 'center', 'anchor_y': 'center', 'round_anchor_x': None, 'round_anchor_y': None, 'opacity': 1.0, 'z': 0, 'reset_animations_events': {}, 'color': [1.0, 1.0, 1.0, 1.0], 'style': [], 'adjust_top': 0, 'adjust_bottom': 0, 'adjust_left': 0, 'adjust_right': 0, 'expire': None, 'key': None, 'widget': None, 'events_when_added': [], 'events_when_removed': [], 'bitmap_font': False, 'font_kerning': True, 'bold': False, 'italic': False, 'number_grouping': False, 'min_digits': 0, 'halign': 'center', 'valign': 'middle', 'rotation': 0, 'scale': 1.0, 'casing': None, 'animations': None}, {'type': 'image', 'image': 'attract_background', '_default_settings': ['type', 'image'], 'x': None, 'y': None, 'anchor_x': 'center', 'anchor_y': 'center', 'round_anchor_x': None, 'round_anchor_y': None, 'opacity': 1.0, 'z': 0, 'reset_animations_events': {}, 'color': [1.0, 1.0, 1.0, 1.0], 'style': [], 'adjust_top': 0, 'adjust_bottom': 0, 'adjust_left': 0, 'adjust_right': 0, 'expire': None, 'key': None, 'widget': None, 'events_when_added': [], 'events_when_removed': [], 'fps': 10, 'loops': -1, 'auto_play': True, 'start_frame': 0, 'rotation': 0, 'scale': 1.0, 'animations': None}], 'target': None, 'background_color': [0.0, 0.0, 0.0, 1.0], 'priority': None, 'show': True, 'force': False, 'expire': None, 'slide': None, 'tokens': {}, 'action': 'play'}}, 'context': 'show_13', 'calling_context': 0, 'priority': 10, 'show_tokens': {}, 'start_time': 11978.973}
2022-08-21 17:30:42,765 : mpfmc : SlidePlayer: Play called with settings={'widgets': {'widgets': [{'type': 'text', 'text': 'GAME OVER', 'font_size': 50, 'font_name': 'space_font', '_default_settings': ['type', 'text', 'font_size', 'font_name'], 'x': None, 'y': None, 'anchor_x': 'center', 'anchor_y': 'center', 'round_anchor_x': None, 'round_anchor_y': None, 'opacity': 1.0, 'z': 0, 'reset_animations_events': {}, 'color': [1.0, 1.0, 1.0, 1.0], 'style': [], 'adjust_top': 0, 'adjust_bottom': 0, 'adjust_left': 0, 'adjust_right': 0, 'expire': None, 'key': None, 'widget': None, 'events_when_added': [], 'events_when_removed': [], 'bitmap_font': False, 'font_kerning': True, 'bold': False, 'italic': False, 'number_grouping': False, 'min_digits': 0, 'halign': 'center', 'valign': 'middle', 'rotation': 0, 'scale': 1.0, 'casing': None, 'animations': None}, {'type': 'image', 'image': 'attract_background', '_default_settings': ['type', 'image'], 'x': None, 'y': None, 'anchor_x': 'center', 'anchor_y': 'center', 'round_anchor_x': None, 'round_anchor_y': None, 'opacity': 1.0, 'z': 0, 'reset_animations_events': {}, 'color': [1.0, 1.0, 1.0, 1.0], 'style': [], 'adjust_top': 0, 'adjust_bottom': 0, 'adjust_left': 0, 'adjust_right': 0, 'expire': None, 'key': None, 'widget': None, 'events_when_added': [], 'events_when_removed': [], 'fps': 10, 'loops': -1, 'auto_play': True, 'start_frame': 0, 'rotation': 0, 'scale': 1.0, 'animations': None}], 'target': None, 'background_color': [0.0, 0.0, 0.0, 1.0], 'priority': None, 'show': True, 'force': False, 'expire': None, 'slide': None, 'tokens': {}, 'action': 'play'}}
2022-08-21 17:30:42,772 : EventManager : Event: ======'slide_show_13.slide_player-0_created'====== Args={}
2022-08-21 17:30:42,774 : EventManager : Event: ======'slide_show_13.slide_player-0_active'====== Args={}
2022-08-21 17:30:44,233 : EventManager : Event: ======'game_started'====== Args={}
2022-08-21 17:30:44,233 : EventManager : Event: ======'slides_clear'====== Args={'context': 'show_13'}
2022-08-21 17:30:44,234 : EventManager : Event: ======'slide_show_13.slide_player-0_removed'====== Args={}
2022-08-21 17:30:44,234 : EventManager : Event: ======'slide_window_blank_active'====== Args={}
2022-08-21 17:30:44,257 : EventManager : Event: ======'player_added'====== Args={'player': <Player 1>, 'num': 1}
2022-08-21 17:30:44,257 : EventManager : Event: ======'player_index'====== Args={'value': 0, 'prev_value': 0, 'change': 0, 'player_num': 1}
2022-08-21 17:30:44,257 : EventManager : Event: ======'player_number'====== Args={'value': 1, 'prev_value': 1, 'change': 0, 'player_num': 1}
2022-08-21 17:30:44,257 : EventManager : Event: ======'player_score'====== Args={'value': 0, 'prev_value': 0, 'change': 0, 'player_num': 1}
2022-08-21 17:30:44,258 : EventManager : Event: ======'player_mode_value'====== Args={'value': 1000000, 'prev_value': 0, 'change': 1000000, 'player_num': 1}
2022-08-21 17:30:44,258 : EventManager : Event: ======'player_bonus_multiplier'====== Args={'value': 1, 'prev_value': 0, 'change': 1, 'player_num': 1}
2022-08-21 17:30:44,258 : EventManager : Event: ======'player_playfield_multiplier'====== Args={'value': 1, 'prev_value': 0, 'change': 1, 'player_num': 1}
2022-08-21 17:30:44,294 : EventManager : Event: ======'player_ball'====== Args={'value': 1, 'prev_value': 0, 'change': 1, 'player_num': 1}
2022-08-21 17:30:44,294 : EventManager : Event: ======'player_turn_start'====== Args={'number': 1, 'player': <Player 1>}
2022-08-21 17:30:44,319 : EventManager : Event: ======'player_shot_l_lane_enabled'====== Args={'value': True, 'prev_value': 0, 'change': 1, 'player_num': 1}
2022-08-21 17:30:44,319 : EventManager : Event: ======'player_shot_r_lane_enabled'====== Args={'value': True, 'prev_value': 0, 'change': 1, 'player_num': 1}
2022-08-21 17:30:44,319 : EventManager : Event: ======'player_shot_center_target_enabled'====== Args={'value': True, 'prev_value': 0, 'change': 1, 'player_num': 1}
2022-08-21 17:30:44,319 : EventManager : Event: ======'player_extra_ball_two_modes_complete_num_awarded'====== Args={'value': 0, 'prev_value': 0, 'change': 0, 'player_num': 1}
2022-08-21 17:30:44,330 : EventManager : Event: ======'sounds_play'====== Args={'settings': {'default': {'action': 'stop', 'priority': 400, 'block': False, 'delay': None, 'track': None, 'volume': None, 'pan': None, 'loops': None, 'start_at': None, 'fade_in': None, 'fade_out': None, 'about_to_finish_time': -1.0, 'max_queue_time': -1.0, 'events_when_played': ['use_sound_setting'], 'events_when_stopped': ['use_sound_setting'], 'events_when_looping': ['use_sound_setting'], 'events_when_about_to_finish': ['use_sound_setting'], 'mode_end_action': 'use_sound_setting', 'key': 'use_sound_setting'}, 'shooter_waiting': {'action': 'play', 'loops': -1, 'priority': None, 'block': False, 'delay': None, 'track': None, 'volume': None, 'pan': None, 'start_at': None, 'fade_in': None, 'fade_out': None, 'about_to_finish_time': -1.0, 'max_queue_time': -1.0, 'events_when_played': ['use_sound_setting'], 'events_when_stopped': ['use_sound_setting'], 'events_when_looping': ['use_sound_setting'], 'events_when_about_to_finish': ['use_sound_setting'], 'mode_end_action': 'use_sound_setting', 'key': 'use_sound_setting'}}, 'context': '_global', 'calling_context': 'ball_started', 'priority': 0, 'player': 1, 'ball': 1, 'balls_remaining': 2, 'is_extra_ball': False}
2022-08-21 17:30:44,330 : EventManager : Event: ======'player_shot_portal_advance_enabled'====== Args={'value': True, 'prev_value': 0, 'change': 1, 'player_num': 1}
2022-08-21 17:30:44,343 : EventManager : Event: ======'player_shot_warp_advance_enabled'====== Args={'value': True, 'prev_value': 0, 'change': 1, 'player_num': 1}
2022-08-21 17:30:44,343 : EventManager : Event: ======'player_shot_galaxy_advance_enabled'====== Args={'value': True, 'prev_value': 0, 'change': 1, 'player_num': 1}
2022-08-21 17:30:44,343 : EventManager : Event: ======'slides_play'====== Args={'settings': {'score_slide': {'target': None, 'background_color': [0.0, 0.0, 0.0, 1.0], 'priority': None, 'show': True, 'force': False, 'expire': None, 'slide': None, 'tokens': {}, 'action': 'play'}}, 'context': 'base', 'calling_context': 'mode_base_started', 'priority': 100, 'player': 1, 'ball': 1, 'balls_remaining': 2, 'is_extra_ball': False}
2022-08-21 17:30:44,343 : mpfmc : SlidePlayer: Play called with settings={'score_slide': {'target': None, 'background_color': [0.0, 0.0, 0.0, 1.0], 'priority': None, 'show': True, 'force': False, 'expire': None, 'slide': None, 'tokens': {}, 'action': 'play'}}
2022-08-21 17:30:44,358 : EventManager : Event: ======'slide_score_slide_created'====== Args={}
2022-08-21 17:30:44,367 : EventManager : Event: ======'slide_score_slide_active'====== Args={}
2022-08-21 17:30:44,375 : EventManager : Event: ======'sounds_play'====== Args={'settings': {'default': {'action': 'play', 'loops': -1, 'track': 'music', 'priority': None, 'block': False, 'delay': None, 'volume': None, 'pan': None, 'start_at': None, 'fade_in': None, 'fade_out': None, 'about_to_finish_time': -1.0, 'max_queue_time': -1.0, 'events_when_played': ['use_sound_setting'], 'events_when_stopped': ['use_sound_setting'], 'events_when_looping': ['use_sound_setting'], 'events_when_about_to_finish': ['use_sound_setting'], 'mode_end_action': 'use_sound_setting', 'key': 'use_sound_setting'}, 'mode_theme': {'action': 'stop', 'priority': None, 'block': False, 'delay': None, 'track': None, 'volume': None, 'pan': None, 'loops': None, 'start_at': None, 'fade_in': None, 'fade_out': None, 'about_to_finish_time': -1.0, 'max_queue_time': -1.0, 'events_when_played': ['use_sound_setting'], 'events_when_stopped': ['use_sound_setting'], 'events_when_looping': ['use_sound_setting'], 'events_when_about_to_finish': ['use_sound_setting'], 'mode_end_action': 'use_sound_setting', 'key': 'use_sound_setting'}}, 'context': '_global', 'calling_context': 'mode_spell_portal_started', 'priority': 0, 'player': 1, 'ball': 1, 'balls_remaining': 2, 'is_extra_ball': False}
2022-08-21 17:30:45,847 : EventManager : Event: ======'machine_var_audits_switches_s_action_button'====== Args={'value': 3901, 'prev_value': 3900, 'change': 1}
2022-08-21 17:30:46,064 : EventManager : Event: ======'sounds_play'====== Args={'settings': {'shooter_waiting': {'action': 'stop', 'priority': None, 'block': False, 'delay': None, 'track': None, 'volume': None, 'pan': None, 'loops': None, 'start_at': None, 'fade_in': None, 'fade_out': None, 'about_to_finish_time': -1.0, 'max_queue_time': -1.0, 'events_when_played': ['use_sound_setting'], 'events_when_stopped': ['use_sound_setting'], 'events_when_looping': ['use_sound_setting'], 'events_when_about_to_finish': ['use_sound_setting'], 'mode_end_action': 'use_sound_setting', 'key': 'use_sound_setting'}, 'default': {'action': 'play', 'loops': -1, 'track': 'music', 'priority': None, 'block': False, 'delay': None, 'volume': None, 'pan': None, 'start_at': None, 'fade_in': None, 'fade_out': None, 'about_to_finish_time': -1.0, 'max_queue_time': -1.0, 'events_when_played': ['use_sound_setting'], 'events_when_stopped': ['use_sound_setting'], 'events_when_looping': ['use_sound_setting'], 'events_when_about_to_finish': ['use_sound_setting'], 'mode_end_action': 'use_sound_setting', 'key': 'use_sound_setting'}}, 'context': '_global', 'calling_context': 's_drain_inactive', 'priority': 0}
2022-08-21 17:30:46,541 : EventManager : Event: ======'machine_var_audits_switches_s_left_sling'====== Args={'value': 6757, 'prev_value': 6756, 'change': 1}
2022-08-21 17:30:46,541 : EventManager : Event: ======'player_score'====== Args={'value': 1110, 'prev_value': 0, 'change': 1110, 'player_num': 1}
2022-08-21 17:30:46,541 : EventManager : Event: ======'player_switches'====== Args={'value': 1, 'prev_value': 0, 'change': 1, 'player_num': 1}
2022-08-21 17:30:48,782 : EventManager : Event: ======'machine_var_audits_switches_s_right_spinner'====== Args={'value': 16144, 'prev_value': 16143, 'change': 1}
2022-08-21 17:30:48,782 : EventManager : Event: ======'player_score'====== Args={'value': 2140, 'prev_value': 1110, 'change': 1030, 'player_num': 1}
2022-08-21 17:30:48,783 : EventManager : Event: ======'player_switches'====== Args={'value': 2, 'prev_value': 1, 'change': 1, 'player_num': 1}
2022-08-21 17:30:48,791 : EventManager : Event: ======'player_mode_value'====== Args={'value': 1010000, 'prev_value': 1000000, 'change': 10000, 'player_num': 1}
2022-08-21 17:30:48,934 : EventManager : Event: ======'machine_var_audits_switches_s_right_spinner'====== Args={'value': 16145, 'prev_value': 16144, 'change': 1}
2022-08-21 17:30:48,934 : EventManager : Event: ======'player_score'====== Args={'value': 3170, 'prev_value': 2140, 'change': 1030, 'player_num': 1}
2022-08-21 17:30:48,934 : EventManager : Event: ======'player_switches'====== Args={'value': 3, 'prev_value': 2, 'change': 1, 'player_num': 1}
2022-08-21 17:30:48,941 : EventManager : Event: ======'player_mode_value'====== Args={'value': 1020000, 'prev_value': 1010000, 'change': 10000, 'player_num': 1}
2022-08-21 17:30:49,316 : EventManager : Event: ======'machine_var_audits_switches_s_right_spinner'====== Args={'value': 16146, 'prev_value': 16145, 'change': 1}
2022-08-21 17:30:49,328 : EventManager : Event: ======'player_score'====== Args={'value': 4200, 'prev_value': 3170, 'change': 1030, 'player_num': 1}
2022-08-21 17:30:49,328 : EventManager : Event: ======'player_switches'====== Args={'value': 4, 'prev_value': 3, 'change': 1, 'player_num': 1}
2022-08-21 17:30:49,328 : EventManager : Event: ======'player_mode_value'====== Args={'value': 1030000, 'prev_value': 1020000, 'change': 10000, 'player_num': 1}
2022-08-21 17:30:49,644 : EventManager : Event: ======'machine_var_audits_switches_s_right_spinner'====== Args={'value': 16147, 'prev_value': 16146, 'change': 1}
2022-08-21 17:30:49,644 : EventManager : Event: ======'player_score'====== Args={'value': 5230, 'prev_value': 4200, 'change': 1030, 'player_num': 1}
2022-08-21 17:30:49,644 : EventManager : Event: ======'player_switches'====== Args={'value': 5, 'prev_value': 4, 'change': 1, 'player_num': 1}
2022-08-21 17:30:49,644 : EventManager : Event: ======'player_mode_value'====== Args={'value': 1040000, 'prev_value': 1030000, 'change': 10000, 'player_num': 1}
2022-08-21 17:30:50,262 : EventManager : Event: ======'machine_var_audits_switches_s_left_spinner'====== Args={'value': 19884, 'prev_value': 19883, 'change': 1}
2022-08-21 17:30:50,262 : EventManager : Event: ======'player_score'====== Args={'value': 6260, 'prev_value': 5230, 'change': 1030, 'player_num': 1}
2022-08-21 17:30:50,262 : EventManager : Event: ======'player_switches'====== Args={'value': 6, 'prev_value': 5, 'change': 1, 'player_num': 1}
2022-08-21 17:30:50,269 : EventManager : Event: ======'player_mode_value'====== Args={'value': 1050000, 'prev_value': 1040000, 'change': 10000, 'player_num': 1}
2022-08-21 17:30:50,324 : EventManager : Event: ======'machine_var_audits_switches_s_left_spinner'====== Args={'value': 19885, 'prev_value': 19884, 'change': 1}
2022-08-21 17:30:50,336 : EventManager : Event: ======'player_score'====== Args={'value': 7290, 'prev_value': 6260, 'change': 1030, 'player_num': 1}
2022-08-21 17:30:50,336 : EventManager : Event: ======'player_switches'====== Args={'value': 7, 'prev_value': 6, 'change': 1, 'player_num': 1}
2022-08-21 17:30:50,336 : EventManager : Event: ======'player_mode_value'====== Args={'value': 1060000, 'prev_value': 1050000, 'change': 10000, 'player_num': 1}
2022-08-21 17:30:50,397 : EventManager : Event: ======'machine_var_audits_switches_s_left_spinner'====== Args={'value': 19886, 'prev_value': 19885, 'change': 1}
2022-08-21 17:30:50,397 : EventManager : Event: ======'player_score'====== Args={'value': 8320, 'prev_value': 7290, 'change': 1030, 'player_num': 1}
2022-08-21 17:30:50,397 : EventManager : Event: ======'player_switches'====== Args={'value': 8, 'prev_value': 7, 'change': 1, 'player_num': 1}
2022-08-21 17:30:50,397 : EventManager : Event: ======'player_mode_value'====== Args={'value': 1070000, 'prev_value': 1060000, 'change': 10000, 'player_num': 1}
2022-08-21 17:30:50,469 : EventManager : Event: ======'machine_var_audits_switches_s_left_spinner'====== Args={'value': 19887, 'prev_value': 19886, 'change': 1}
2022-08-21 17:30:50,469 : EventManager : Event: ======'player_score'====== Args={'value': 9350, 'prev_value': 8320, 'change': 1030, 'player_num': 1}
2022-08-21 17:30:50,470 : EventManager : Event: ======'player_switches'====== Args={'value': 9, 'prev_value': 8, 'change': 1, 'player_num': 1}
2022-08-21 17:30:50,470 : EventManager : Event: ======'player_mode_value'====== Args={'value': 1080000, 'prev_value': 1070000, 'change': 10000, 'player_num': 1}
2022-08-21 17:30:50,555 : EventManager : Event: ======'machine_var_audits_switches_s_left_spinner'====== Args={'value': 19888, 'prev_value': 19887, 'change': 1}
2022-08-21 17:30:50,555 : EventManager : Event: ======'player_score'====== Args={'value': 10380, 'prev_value': 9350, 'change': 1030, 'player_num': 1}
2022-08-21 17:30:50,555 : EventManager : Event: ======'player_switches'====== Args={'value': 10, 'prev_value': 9, 'change': 1, 'player_num': 1}
2022-08-21 17:30:50,555 : EventManager : Event: ======'player_mode_value'====== Args={'value': 1090000, 'prev_value': 1080000, 'change': 10000, 'player_num': 1}
2022-08-21 17:30:50,627 : EventManager : Event: ======'machine_var_audits_switches_s_left_spinner'====== Args={'value': 19889, 'prev_value': 19888, 'change': 1}
2022-08-21 17:30:50,639 : EventManager : Event: ======'player_score'====== Args={'value': 11410, 'prev_value': 10380, 'change': 1030, 'player_num': 1}
2022-08-21 17:30:50,639 : EventManager : Event: ======'player_switches'====== Args={'value': 11, 'prev_value': 10, 'change': 1, 'player_num': 1}
2022-08-21 17:30:50,639 : EventManager : Event: ======'player_mode_value'====== Args={'value': 1100000, 'prev_value': 1090000, 'change': 10000, 'player_num': 1}
2022-08-21 17:30:50,739 : EventManager : Event: ======'machine_var_audits_switches_s_left_spinner'====== Args={'value': 19890, 'prev_value': 19889, 'change': 1}
2022-08-21 17:30:50,751 : EventManager : Event: ======'player_score'====== Args={'value': 12440, 'prev_value': 11410, 'change': 1030, 'player_num': 1}
2022-08-21 17:30:50,751 : EventManager : Event: ======'player_switches'====== Args={'value': 12, 'prev_value': 11, 'change': 1, 'player_num': 1}
2022-08-21 17:30:50,751 : EventManager : Event: ======'player_mode_value'====== Args={'value': 1110000, 'prev_value': 1100000, 'change': 10000, 'player_num': 1}
2022-08-21 17:30:50,876 : EventManager : Event: ======'machine_var_audits_switches_s_left_spinner'====== Args={'value': 19891, 'prev_value': 19890, 'change': 1}
2022-08-21 17:30:50,876 : EventManager : Event: ======'player_score'====== Args={'value': 13470, 'prev_value': 12440, 'change': 1030, 'player_num': 1}
2022-08-21 17:30:50,876 : EventManager : Event: ======'player_switches'====== Args={'value': 13, 'prev_value': 12, 'change': 1, 'player_num': 1}
2022-08-21 17:30:50,876 : EventManager : Event: ======'player_mode_value'====== Args={'value': 1120000, 'prev_value': 1110000, 'change': 10000, 'player_num': 1}
2022-08-21 17:30:51,064 : EventManager : Event: ======'machine_var_audits_switches_s_left_spinner'====== Args={'value': 19892, 'prev_value': 19891, 'change': 1}
2022-08-21 17:30:51,064 : EventManager : Event: ======'player_score'====== Args={'value': 14500, 'prev_value': 13470, 'change': 1030, 'player_num': 1}
2022-08-21 17:30:51,064 : EventManager : Event: ======'player_switches'====== Args={'value': 14, 'prev_value': 13, 'change': 1, 'player_num': 1}
2022-08-21 17:30:51,064 : EventManager : Event: ======'player_mode_value'====== Args={'value': 1130000, 'prev_value': 1120000, 'change': 10000, 'player_num': 1}
2022-08-21 17:30:51,268 : EventManager : Event: ======'machine_var_audits_switches_s_left_spinner'====== Args={'value': 19893, 'prev_value': 19892, 'change': 1}
2022-08-21 17:30:51,280 : EventManager : Event: ======'player_score'====== Args={'value': 15530, 'prev_value': 14500, 'change': 1030, 'player_num': 1}
2022-08-21 17:30:51,280 : EventManager : Event: ======'player_switches'====== Args={'value': 15, 'prev_value': 14, 'change': 1, 'player_num': 1}
2022-08-21 17:30:51,280 : EventManager : Event: ======'player_mode_value'====== Args={'value': 1140000, 'prev_value': 1130000, 'change': 10000, 'player_num': 1}
2022-08-21 17:30:51,470 : EventManager : Event: ======'machine_var_audits_switches_s_left_spinner'====== Args={'value': 19894, 'prev_value': 19893, 'change': 1}
2022-08-21 17:30:51,470 : EventManager : Event: ======'player_score'====== Args={'value': 16560, 'prev_value': 15530, 'change': 1030, 'player_num': 1}
2022-08-21 17:30:51,470 : EventManager : Event: ======'player_switches'====== Args={'value': 16, 'prev_value': 15, 'change': 1, 'player_num': 1}
2022-08-21 17:30:51,470 : EventManager : Event: ======'player_mode_value'====== Args={'value': 1150000, 'prev_value': 1140000, 'change': 10000, 'player_num': 1}
2022-08-21 17:30:51,530 : EventManager : Event: ======'machine_var_audits_switches_s_drop_target1'====== Args={'value': 1811, 'prev_value': 1810, 'change': 1}
2022-08-21 17:30:51,530 : EventManager : Event: ======'player_score'====== Args={'value': 21060, 'prev_value': 16560, 'change': 4500, 'player_num': 1}
2022-08-21 17:30:51,530 : EventManager : Event: ======'player_switches'====== Args={'value': 17, 'prev_value': 16, 'change': 1, 'player_num': 1}
2022-08-21 17:30:51,770 : EventManager : Event: ======'machine_var_audits_switches_s_drop_target2'====== Args={'value': 2113, 'prev_value': 2112, 'change': 1}
2022-08-21 17:30:51,770 : EventManager : Event: ======'player_score'====== Args={'value': 25560, 'prev_value': 21060, 'change': 4500, 'player_num': 1}
2022-08-21 17:30:51,770 : EventManager : Event: ======'player_switches'====== Args={'value': 18, 'prev_value': 17, 'change': 1, 'player_num': 1}
2022-08-21 17:30:51,880 : EventManager : Event: ======'machine_var_audits_switches_s_drop_target3'====== Args={'value': 2508, 'prev_value': 2507, 'change': 1}
2022-08-21 17:30:51,880 : EventManager : Event: ======'player_shot_warp_advance'====== Args={'value': 1, 'prev_value': 0, 'change': 1, 'player_num': 1}
2022-08-21 17:30:51,880 : EventManager : Event: ======'machine_var_audits_shots_warp_advance'====== Args={'value': 1078, 'prev_value': 1077, 'change': 1}
2022-08-21 17:30:51,880 : EventManager : Event: ======'player_shot_center_target'====== Args={'value': 1, 'prev_value': 0, 'change': 1, 'player_num': 1}
2022-08-21 17:30:51,881 : EventManager : Event: ======'machine_var_audits_shots_center_target'====== Args={'value': 63, 'prev_value': 62, 'change': 1}
2022-08-21 17:30:51,881 : EventManager : Event: ======'player_score'====== Args={'value': 30060, 'prev_value': 25560, 'change': 4500, 'player_num': 1}
2022-08-21 17:30:51,881 : EventManager : Event: ======'player_switches'====== Args={'value': 19, 'prev_value': 18, 'change': 1, 'player_num': 1}
2022-08-21 17:30:52,028 : EventManager : Event: ======'machine_var_audits_switches_s_drop_target4'====== Args={'value': 2021, 'prev_value': 2020, 'change': 1}
2022-08-21 17:30:52,028 : EventManager : Event: ======'player_score'====== Args={'value': 34560, 'prev_value': 30060, 'change': 4500, 'player_num': 1}
2022-08-21 17:30:52,028 : EventManager : Event: ======'player_switches'====== Args={'value': 20, 'prev_value': 19, 'change': 1, 'player_num': 1}
2022-08-21 17:30:52,176 : EventManager : Event: ======'machine_var_audits_switches_s_drop_target5'====== Args={'value': 1913, 'prev_value': 1912, 'change': 1}
2022-08-21 17:30:52,176 : EventManager : Event: ======'player_score'====== Args={'value': 39060, 'prev_value': 34560, 'change': 4500, 'player_num': 1}
2022-08-21 17:30:52,176 : EventManager : Event: ======'player_switches'====== Args={'value': 21, 'prev_value': 20, 'change': 1, 'player_num': 1}
2022-08-21 17:30:52,176 : EventManager : Event: ======'player_mode_value'====== Args={'value': 1250000, 'prev_value': 1150000, 'change': 100000, 'player_num': 1}
2022-08-21 17:30:56,051 : EventManager : Event: ======'machine_var_audits_switches_s_right_inlane_far'====== Args={'value': 6025, 'prev_value': 6024, 'change': 1}
2022-08-21 17:30:56,063 : EventManager : Event: ======'player_shot_portal_advance'====== Args={'value': 1, 'prev_value': 0, 'change': 1, 'player_num': 1}
2022-08-21 17:30:56,063 : EventManager : Event: ======'machine_var_audits_shots_portal_advance'====== Args={'value': 4483, 'prev_value': 4482, 'change': 1}
2022-08-21 17:30:56,075 : EventManager : Event: ======'player_score'====== Args={'value': 69060, 'prev_value': 39060, 'change': 30000, 'player_num': 1}
2022-08-21 17:30:56,075 : EventManager : Event: ======'player_switches'====== Args={'value': 22, 'prev_value': 21, 'change': 1, 'player_num': 1}
2022-08-21 17:30:56,075 : EventManager : Event: ======'player_combos_combo_timer_tick'====== Args={'value': 6, 'prev_value': 0, 'change': 6, 'player_num': 1}
2022-08-21 17:30:56,435 : EventManager : Event: ======'machine_var_audits_switches_s_right_inlane_far'====== Args={'value': 6026, 'prev_value': 6025, 'change': 1}
2022-08-21 17:30:56,447 : EventManager : Event: ======'machine_var_audits_shots_portal_advance'====== Args={'value': 4484, 'prev_value': 4483, 'change': 1}
2022-08-21 17:30:56,447 : EventManager : Event: ======'player_score'====== Args={'value': 99060, 'prev_value': 69060, 'change': 30000, 'player_num': 1}
2022-08-21 17:30:56,447 : EventManager : Event: ======'player_switches'====== Args={'value': 23, 'prev_value': 22, 'change': 1, 'player_num': 1}
2022-08-21 17:30:56,847 : EventManager : Event: ======'machine_var_audits_switches_s_right_inlane_far'====== Args={'value': 6027, 'prev_value': 6026, 'change': 1}
2022-08-21 17:30:56,847 : EventManager : Event: ======'machine_var_audits_shots_portal_advance'====== Args={'value': 4485, 'prev_value': 4484, 'change': 1}
2022-08-21 17:30:56,847 : EventManager : Event: ======'player_score'====== Args={'value': 129060, 'prev_value': 99060, 'change': 30000, 'player_num': 1}
2022-08-21 17:30:56,847 : EventManager : Event: ======'player_switches'====== Args={'value': 24, 'prev_value': 23, 'change': 1, 'player_num': 1}
2022-08-21 17:30:57,331 : EventManager : Event: ======'player_combos_combo_timer_tick'====== Args={'value': 5, 'prev_value': 6, 'change': -1, 'player_num': 1}
2022-08-21 17:30:57,834 : EventManager : Event: ======'player_combos_combo_timer_tick'====== Args={'value': 4, 'prev_value': 5, 'change': -1, 'player_num': 1}
2022-08-21 17:30:58,336 : EventManager : Event: ======'player_combos_combo_timer_tick'====== Args={'value': 3, 'prev_value': 4, 'change': -1, 'player_num': 1}
2022-08-21 17:30:58,826 : EventManager : Event: ======'machine_var_audits_switches_s_right_kicker'====== Args={'value': 1681, 'prev_value': 1680, 'change': 1}
2022-08-21 17:30:58,838 : EventManager : Event: ======'player_score'====== Args={'value': 144060, 'prev_value': 129060, 'change': 15000, 'player_num': 1}
2022-08-21 17:30:58,858 : EventManager : Event: ======'slides_play'====== Args={'settings': {'select_mission1': {'target': None, 'background_color': [0.0, 0.0, 0.0, 1.0], 'priority': None, 'show': True, 'force': False, 'expire': None, 'slide': None, 'tokens': {}, 'action': 'play'}}, 'context': 'carousel', 'calling_context': 'carousel_mission1_highlighted', 'priority': 1000, 'direction': None}
2022-08-21 17:30:58,858 : mpfmc : SlidePlayer: Play called with settings={'select_mission1': {'target': None, 'background_color': [0.0, 0.0, 0.0, 1.0], 'priority': None, 'show': True, 'force': False, 'expire': None, 'slide': None, 'tokens': {}, 'action': 'play'}}
2022-08-21 17:30:58,869 : EventManager : Event: ======'slide_select_mission1_created'====== Args={}
2022-08-21 17:30:58,873 : EventManager : Event: ======'slide_select_mission1_active'====== Args={}
2022-08-21 17:30:58,892 : EventManager : Event: ======'player_combos_combo_timer_tick'====== Args={'value': 2, 'prev_value': 3, 'change': -1, 'player_num': 1}
2022-08-21 17:30:59,342 : EventManager : Event: ======'player_combos_combo_timer_tick'====== Args={'value': 1, 'prev_value': 2, 'change': -1, 'player_num': 1}
2022-08-21 17:30:59,854 : EventManager : Event: ======'player_combos_combo_timer_tick'====== Args={'value': 0, 'prev_value': 1, 'change': -1, 'player_num': 1}
2022-08-21 17:31:00,342 : EventManager : Event: ======'machine_var_audits_switches_s_right_flipper'====== Args={'value': 31521, 'prev_value': 31520, 'change': 1}
2022-08-21 17:31:00,425 : EventManager : Event: ======'slides_play'====== Args={'settings': {'select_mission2': {'target': None, 'background_color': [0.0, 0.0, 0.0, 1.0], 'priority': None, 'show': True, 'force': False, 'expire': None, 'slide': None, 'tokens': {}, 'action': 'play'}}, 'context': 'carousel', 'calling_context': 'carousel_mission2_highlighted', 'priority': 1000, 'direction': 'forwards'}
2022-08-21 17:31:00,426 : mpfmc : SlidePlayer: Play called with settings={'select_mission2': {'target': None, 'background_color': [0.0, 0.0, 0.0, 1.0], 'priority': None, 'show': True, 'force': False, 'expire': None, 'slide': None, 'tokens': {}, 'action': 'play'}}
2022-08-21 17:31:00,438 : EventManager : Event: ======'slide_select_mission2_created'====== Args={}
2022-08-21 17:31:00,444 : EventManager : Event: ======'slide_select_mission2_active'====== Args={}
2022-08-21 17:31:02,247 : EventManager : Event: ======'machine_var_audits_switches_s_action_button'====== Args={'value': 3902, 'prev_value': 3901, 'change': 1}
2022-08-21 17:31:02,390 : EventManager : Event: ======'player_shot_left_loop_mission2_enabled'====== Args={'value': True, 'prev_value': 0, 'change': 1, 'player_num': 1}
2022-08-21 17:31:02,390 : EventManager : Event: ======'player_shot_right_loop_mission2_enabled'====== Args={'value': True, 'prev_value': 0, 'change': 1, 'player_num': 1}
2022-08-21 17:31:02,391 : EventManager : Event: ======'player_shot_left_kicker_mission2_enabled'====== Args={'value': True, 'prev_value': 0, 'change': 1, 'player_num': 1}
2022-08-21 17:31:02,391 : EventManager : Event: ======'player_shot_right_kicker_mission2_enabled'====== Args={'value': True, 'prev_value': 0, 'change': 1, 'player_num': 1}
2022-08-21 17:31:02,391 : EventManager : Event: ======'player_shot_drop_target1_mission2_enabled'====== Args={'value': True, 'prev_value': 0, 'change': 1, 'player_num': 1}
2022-08-21 17:31:02,391 : EventManager : Event: ======'player_shot_drop_target2_mission2_enabled'====== Args={'value': True, 'prev_value': 0, 'change': 1, 'player_num': 1}
2022-08-21 17:31:02,391 : EventManager : Event: ======'player_shot_drop_target3_mission2_enabled'====== Args={'value': True, 'prev_value': 0, 'change': 1, 'player_num': 1}
2022-08-21 17:31:02,391 : EventManager : Event: ======'player_shot_drop_target4_mission2_enabled'====== Args={'value': True, 'prev_value': 0, 'change': 1, 'player_num': 1}
2022-08-21 17:31:02,392 : EventManager : Event: ======'player_shot_drop_target5_mission2_enabled'====== Args={'value': True, 'prev_value': 0, 'change': 1, 'player_num': 1}
2022-08-21 17:31:02,393 : EventManager : Event: ======'player_modes_started'====== Args={'value': 1, 'prev_value': 0, 'change': 1, 'player_num': 1}
2022-08-21 17:31:02,393 : EventManager : Event: ======'player_selected_mission'====== Args={'value': 'mission2', 'prev_value': 0, 'change': True, 'player_num': 1}
2022-08-21 17:31:02,420 : EventManager : Event: ======'slides_clear'====== Args={'context': 'carousel'}
2022-08-21 17:31:02,420 : EventManager : Event: ======'slide_select_mission1_removed'====== Args={}
2022-08-21 17:31:02,421 : EventManager : Event: ======'slide_select_mission2_removed'====== Args={}
2022-08-21 17:31:02,422 : EventManager : Event: ======'sounds_play'====== Args={'settings': {'mode_theme': {'action': 'play', 'loops': -1, 'priority': None, 'block': False, 'delay': None, 'track': None, 'volume': None, 'pan': None, 'start_at': None, 'fade_in': None, 'fade_out': None, 'about_to_finish_time': -1.0, 'max_queue_time': -1.0, 'events_when_played': ['use_sound_setting'], 'events_when_stopped': ['use_sound_setting'], 'events_when_looping': ['use_sound_setting'], 'events_when_about_to_finish': ['use_sound_setting'], 'mode_end_action': 'use_sound_setting', 'key': 'use_sound_setting'}, 'default': {'action': 'stop', 'priority': None, 'block': False, 'delay': None, 'track': None, 'volume': None, 'pan': None, 'loops': None, 'start_at': None, 'fade_in': None, 'fade_out': None, 'about_to_finish_time': -1.0, 'max_queue_time': -1.0, 'events_when_played': ['use_sound_setting'], 'events_when_stopped': ['use_sound_setting'], 'events_when_looping': ['use_sound_setting'], 'events_when_about_to_finish': ['use_sound_setting'], 'mode_end_action': 'use_sound_setting', 'key': 'use_sound_setting'}}, 'context': '_global', 'calling_context': 'mode_carousel_stopped', 'priority': 0}
2022-08-21 17:31:02,422 : EventManager : Event: ======'player_multiplied_mode_value'====== Args={'value': 1250000, 'prev_value': 0, 'change': 1250000, 'player_num': 1}
2022-08-21 17:31:02,422 : EventManager : Event: ======'player_mode_value_half'====== Args={'value': 625000, 'prev_value': 0, 'change': 625000, 'player_num': 1}
2022-08-21 17:31:02,422 : EventManager : Event: ======'slides_play'====== Args={'settings': {'score_slide_mission2': {'target': None, 'background_color': [0.0, 0.0, 0.0, 1.0], 'priority': None, 'show': True, 'force': False, 'expire': None, 'slide': None, 'tokens': {}, 'action': 'play'}}, 'context': 'mission2', 'calling_context': 'mode_mission2_started', 'priority': 1000}
2022-08-21 17:31:02,423 : EventManager : Event: ======'player_shot_drop_target3_mission2'====== Args={'value': 1, 'prev_value': 0, 'change': 1, 'player_num': 1}
2022-08-21 17:31:02,423 : EventManager : Event: ======'player_shot_right_loop_mission2'====== Args={'value': 1, 'prev_value': 0, 'change': 1, 'player_num': 1}
2022-08-21 17:31:02,423 : mpfmc : SlidePlayer: Play called with settings={'score_slide_mission2': {'target': None, 'background_color': [0.0, 0.0, 0.0, 1.0], 'priority': None, 'show': True, 'force': False, 'expire': None, 'slide': None, 'tokens': {}, 'action': 'play'}}
2022-08-21 17:31:02,438 : EventManager : Event: ======'slide_score_slide_mission2_created'====== Args={}
2022-08-21 17:31:02,444 : EventManager : Event: ======'slide_score_slide_mission2_active'====== Args={}
2022-08-21 17:31:02,456 : EventManager : Event: ======'player_shot_right_loop_mission2'====== Args={'value': 2, 'prev_value': 1, 'change': 1, 'player_num': 1}
2022-08-21 17:31:02,456 : EventManager : Event: ======'player_mission2_timer_seconds'====== Args={'value': 75, 'prev_value': 0, 'change': 75, 'player_num': 1}
2022-08-21 17:31:03,610 : EventManager : Event: ======'player_mission2_mission2_timer_tick'====== Args={'value': 74, 'prev_value': 0, 'change': 74, 'player_num': 1}
2022-08-21 17:31:03,610 : EventManager : Event: ======'player_mission2_timer_seconds'====== Args={'value': 74, 'prev_value': 75, 'change': -1, 'player_num': 1}
2022-08-21 17:31:04,812 : EventManager : Event: ======'player_mission2_mission2_timer_tick'====== Args={'value': 73, 'prev_value': 74, 'change': -1, 'player_num': 1}
2022-08-21 17:31:04,812 : EventManager : Event: ======'player_mission2_timer_seconds'====== Args={'value': 73, 'prev_value': 74, 'change': -1, 'player_num': 1}
2022-08-21 17:31:06,001 : EventManager : Event: ======'player_mission2_mission2_timer_tick'====== Args={'value': 72, 'prev_value': 73, 'change': -1, 'player_num': 1}
2022-08-21 17:31:06,013 : EventManager : Event: ======'player_mission2_timer_seconds'====== Args={'value': 72, 'prev_value': 73, 'change': -1, 'player_num': 1}
2022-08-21 17:31:07,214 : EventManager : Event: ======'player_mission2_mission2_timer_tick'====== Args={'value': 71, 'prev_value': 72, 'change': -1, 'player_num': 1}
2022-08-21 17:31:07,214 : EventManager : Event: ======'player_mission2_timer_seconds'====== Args={'value': 71, 'prev_value': 72, 'change': -1, 'player_num': 1}
2022-08-21 17:31:08,415 : EventManager : Event: ======'player_mission2_mission2_timer_tick'====== Args={'value': 70, 'prev_value': 71, 'change': -1, 'player_num': 1}
2022-08-21 17:31:08,415 : EventManager : Event: ======'player_mission2_timer_seconds'====== Args={'value': 70, 'prev_value': 71, 'change': -1, 'player_num': 1}
2022-08-21 17:31:09,178 : EventManager : Event: ======'machine_var_audits_switches_s_drop_target3'====== Args={'value': 2509, 'prev_value': 2508, 'change': 1}
2022-08-21 17:31:09,190 : EventManager : Event: ======'machine_var_audits_shots_drop_target3_mission2'====== Args={'value': 282, 'prev_value': 281, 'change': 1}
2022-08-21 17:31:09,190 : EventManager : Event: ======'machine_var_audits_shots_center_target'====== Args={'value': 64, 'prev_value': 63, 'change': 1}
2022-08-21 17:31:09,190 : EventManager : Event: ======'player_score'====== Args={'value': 148560, 'prev_value': 144060, 'change': 4500, 'player_num': 1}
2022-08-21 17:31:09,191 : EventManager : Event: ======'player_switches'====== Args={'value': 25, 'prev_value': 24, 'change': 1, 'player_num': 1}
2022-08-21 17:31:09,191 : EventManager : Event: ======'player_wrong_path_drop_target3'====== Args={'value': 'purple', 'prev_value': 0, 'change': True, 'player_num': 1}
2022-08-21 17:31:09,615 : EventManager : Event: ======'player_mission2_mission2_timer_tick'====== Args={'value': 69, 'prev_value': 70, 'change': -1, 'player_num': 1}
2022-08-21 17:31:09,615 : EventManager : Event: ======'player_mission2_timer_seconds'====== Args={'value': 69, 'prev_value': 70, 'change': -1, 'player_num': 1}
2022-08-21 17:31:10,391 : EventManager : Event: ======'machine_var_audits_switches_s_right_inlane_far'====== Args={'value': 6028, 'prev_value': 6027, 'change': 1}
2022-08-21 17:31:10,391 : EventManager : Event: ======'machine_var_audits_shots_right_loop_mission2'====== Args={'value': 288, 'prev_value': 287, 'change': 1}
2022-08-21 17:31:10,391 : EventManager : Event: ======'player_score'====== Args={'value': 178560, 'prev_value': 148560, 'change': 30000, 'player_num': 1}
2022-08-21 17:31:10,391 : EventManager : Event: ======'player_switches'====== Args={'value': 26, 'prev_value': 25, 'change': 1, 'player_num': 1}
2022-08-21 17:31:10,392 : EventManager : Event: ======'player_combos_combo_timer_tick'====== Args={'value': 6, 'prev_value': 0, 'change': 6, 'player_num': 1}
2022-08-21 17:31:10,405 : EventManager : Event: ======'player_shot_right_loop_mission2'====== Args={'value': 3, 'prev_value': 2, 'change': 1, 'player_num': 1}
2022-08-21 17:31:10,405 : EventManager : Event: ======'player_score'====== Args={'value': 803560, 'prev_value': 178560, 'change': 625000, 'player_num': 1}
2022-08-21 17:31:10,405 : EventManager : Event: ======'player_mission2_total'====== Args={'value': 625000, 'prev_value': 0, 'change': 625000, 'player_num': 1}
2022-08-21 17:31:10,405 : EventManager : Event: ======'slides_play'====== Args={'settings': {'half_shot_slide_mission2': {'target': None, 'background_color': [0.0, 0.0, 0.0, 1.0], 'priority': None, 'show': True, 'force': False, 'expire': None, 'slide': None, 'tokens': {}, 'action': 'play'}}, 'context': 'mission2', 'calling_context': 'right_loop_mission2_safe_ready_hit', 'priority': 1000, 'profile': 'mission2_profile', 'state': 'safe_ready', 'advancing': False}
2022-08-21 17:31:10,408 : mpfmc : SlidePlayer: Play called with settings={'half_shot_slide_mission2': {'target': None, 'background_color': [0.0, 0.0, 0.0, 1.0], 'priority': None, 'show': True, 'force': False, 'expire': None, 'slide': None, 'tokens': {}, 'action': 'play'}}
2022-08-21 17:31:10,423 : EventManager : Event: ======'slide_half_shot_slide_mission2_created'====== Args={}
2022-08-21 17:31:10,433 : EventManager : Event: ======'slide_half_shot_slide_mission2_active'====== Args={}
2022-08-21 17:31:10,810 : EventManager : Event: ======'player_mission2_mission2_timer_tick'====== Args={'value': 68, 'prev_value': 69, 'change': -1, 'player_num': 1}
2022-08-21 17:31:10,810 : EventManager : Event: ======'player_mission2_timer_seconds'====== Args={'value': 68, 'prev_value': 69, 'change': -1, 'player_num': 1}
2022-08-21 17:31:10,922 : EventManager : Event: ======'player_combos_combo_timer_tick'====== Args={'value': 5, 'prev_value': 6, 'change': -1, 'player_num': 1}
2022-08-21 17:31:11,440 : EventManager : Event: ======'player_combos_combo_timer_tick'====== Args={'value': 4, 'prev_value': 5, 'change': -1, 'player_num': 1}
2022-08-21 17:31:11,642 : EventManager : Event: ======'machine_var_audits_switches_s_right_inlane_far'====== Args={'value': 6029, 'prev_value': 6028, 'change': 1}
2022-08-21 17:31:11,643 : EventManager : Event: ======'machine_var_audits_shots_right_loop_mission2'====== Args={'value': 289, 'prev_value': 288, 'change': 1}
2022-08-21 17:31:11,643 : EventManager : Event: ======'player_combo'====== Args={'value': 1, 'prev_value': 0, 'change': 1, 'player_num': 1}
2022-08-21 17:31:11,643 : EventManager : Event: ======'player_combo_value'====== Args={'value': 25000, 'prev_value': 0, 'change': 25000, 'player_num': 1}
2022-08-21 17:31:11,643 : EventManager : Event: ======'player_score'====== Args={'value': 828560, 'prev_value': 803560, 'change': 25000, 'player_num': 1}
2022-08-21 17:31:11,644 : EventManager : Event: ======'slides_play'====== Args={'settings': {'combo_slide': {'target': None, 'background_color': [0.0, 0.0, 0.0, 1.0], 'priority': None, 'show': True, 'force': False, 'expire': None, 'slide': None, 'tokens': {}, 'action': 'play'}}, 'context': 'combos', 'calling_context': 's_right_inlane_far_active{device.timers.combo_timer.ticks==4}', 'priority': 700}
2022-08-21 17:31:11,644 : EventManager : Event: ======'player_score'====== Args={'value': 858560, 'prev_value': 828560, 'change': 30000, 'player_num': 1}
2022-08-21 17:31:11,644 : EventManager : Event: ======'player_switches'====== Args={'value': 27, 'prev_value': 26, 'change': 1, 'player_num': 1}
2022-08-21 17:31:11,644 : EventManager : Event: ======'player_combos_combo_timer_tick'====== Args={'value': 6, 'prev_value': 4, 'change': 2, 'player_num': 1}
2022-08-21 17:31:11,644 : EventManager : Event: ======'player_score'====== Args={'value': 2108560, 'prev_value': 858560, 'change': 1250000, 'player_num': 1}
2022-08-21 17:31:11,644 : EventManager : Event: ======'player_mission2_total'====== Args={'value': 1875000, 'prev_value': 625000, 'change': 1250000, 'player_num': 1}
2022-08-21 17:31:11,644 : EventManager : Event: ======'player_shot_right_loop_mission2'====== Args={'value': 0, 'prev_value': 3, 'change': -3, 'player_num': 1}
2022-08-21 17:31:11,644 : EventManager : Event: ======'player_shot_drop_target3_mission2'====== Args={'value': 0, 'prev_value': 1, 'change': -1, 'player_num': 1}
2022-08-21 17:31:11,645 : EventManager : Event: ======'player_wrong_path_left_loop'====== Args={'value': 'off', 'prev_value': 0, 'change': True, 'player_num': 1}
2022-08-21 17:31:11,645 : EventManager : Event: ======'player_wrong_path_right_loop'====== Args={'value': 'off', 'prev_value': 0, 'change': True, 'player_num': 1}
2022-08-21 17:31:11,645 : EventManager : Event: ======'player_wrong_path_left_kicker'====== Args={'value': 'off', 'prev_value': 0, 'change': True, 'player_num': 1}
2022-08-21 17:31:11,645 : EventManager : Event: ======'player_wrong_path_right_kicker'====== Args={'value': 'off', 'prev_value': 0, 'change': True, 'player_num': 1}
2022-08-21 17:31:11,645 : EventManager : Event: ======'player_wrong_path_drop_target1'====== Args={'value': 'off', 'prev_value': 0, 'change': True, 'player_num': 1}
2022-08-21 17:31:11,645 : EventManager : Event: ======'player_wrong_path_drop_target2'====== Args={'value': 'off', 'prev_value': 0, 'change': True, 'player_num': 1}
2022-08-21 17:31:11,645 : EventManager : Event: ======'player_wrong_path_drop_target3'====== Args={'value': 'off', 'prev_value': 'purple', 'change': True, 'player_num': 1}
2022-08-21 17:31:11,645 : EventManager : Event: ======'player_wrong_path_drop_target4'====== Args={'value': 'off', 'prev_value': 0, 'change': True, 'player_num': 1}
2022-08-21 17:31:11,645 : EventManager : Event: ======'player_wrong_path_drop_target5'====== Args={'value': 'off', 'prev_value': 0, 'change': True, 'player_num': 1}
2022-08-21 17:31:11,646 : EventManager : Event: ======'slides_play'====== Args={'settings': {'shot_slide_mission2': {'target': None, 'background_color': [0.0, 0.0, 0.0, 1.0], 'priority': None, 'show': True, 'force': False, 'expire': None, 'slide': None, 'tokens': {}, 'action': 'play'}}, 'context': 'mission2', 'calling_context': 'shot1', 'priority': 1000}
2022-08-21 17:31:11,646 : EventManager : Event: ======'player_shot_drop_target4_mission2'====== Args={'value': 1, 'prev_value': 0, 'change': 1, 'player_num': 1}
2022-08-21 17:31:11,646 : EventManager : Event: ======'player_shot_drop_target5_mission2'====== Args={'value': 1, 'prev_value': 0, 'change': 1, 'player_num': 1}
2022-08-21 17:31:11,646 : EventManager : Event: ======'player_shot_drop_target5_mission2'====== Args={'value': 2, 'prev_value': 1, 'change': 1, 'player_num': 1}
2022-08-21 17:31:11,648 : mpfmc : SlidePlayer: Play called with settings={'combo_slide': {'target': None, 'background_color': [0.0, 0.0, 0.0, 1.0], 'priority': None, 'show': True, 'force': False, 'expire': None, 'slide': None, 'tokens': {}, 'action': 'play'}}
2022-08-21 17:31:11,662 : EventManager : Event: ======'slide_combo_slide_created'====== Args={}
2022-08-21 17:31:11,669 : mpfmc : SlidePlayer: Play called with settings={'shot_slide_mission2': {'target': None, 'background_color': [0.0, 0.0, 0.0, 1.0], 'priority': None, 'show': True, 'force': False, 'expire': None, 'slide': None, 'tokens': {}, 'action': 'play'}}
2022-08-21 17:31:11,677 : EventManager : Event: ======'slide_shot_slide_mission2_created'====== Args={}
2022-08-21 17:31:11,686 : EventManager : Event: ======'slide_shot_slide_mission2_active'====== Args={}
2022-08-21 17:31:12,008 : EventManager : Event: ======'player_mission2_mission2_timer_tick'====== Args={'value': 67, 'prev_value': 68, 'change': -1, 'player_num': 1}
2022-08-21 17:31:12,020 : EventManager : Event: ======'player_mission2_timer_seconds'====== Args={'value': 67, 'prev_value': 68, 'change': -1, 'player_num': 1}
2022-08-21 17:31:12,095 : EventManager : Event: ======'player_combos_combo_timer_tick'====== Args={'value': 5, 'prev_value': 6, 'change': -1, 'player_num': 1}
2022-08-21 17:31:12,606 : EventManager : Event: ======'player_combos_combo_timer_tick'====== Args={'value': 4, 'prev_value': 5, 'change': -1, 'player_num': 1}
2022-08-21 17:31:12,918 : EventManager : Event: ======'slide_half_shot_slide_mission2_removed'====== Args={}
2022-08-21 17:31:13,089 : EventManager : Event: ======'player_combos_combo_timer_tick'====== Args={'value': 3, 'prev_value': 4, 'change': -1, 'player_num': 1}
2022-08-21 17:31:13,236 : EventManager : Event: ======'player_mission2_mission2_timer_tick'====== Args={'value': 66, 'prev_value': 67, 'change': -1, 'player_num': 1}
2022-08-21 17:31:13,237 : EventManager : Event: ======'player_mission2_timer_seconds'====== Args={'value': 66, 'prev_value': 67, 'change': -1, 'player_num': 1}
2022-08-21 17:31:13,637 : EventManager : Event: ======'player_combos_combo_timer_tick'====== Args={'value': 2, 'prev_value': 3, 'change': -1, 'player_num': 1}
2022-08-21 17:31:13,638 : EventManager : Event: ======'slide_combo_slide_removed'====== Args={}
2022-08-21 17:31:14,090 : EventManager : Event: ======'player_combos_combo_timer_tick'====== Args={'value': 1, 'prev_value': 2, 'change': -1, 'player_num': 1}
2022-08-21 17:31:14,150 : EventManager : Event: ======'slide_shot_slide_mission2_removed'====== Args={}
2022-08-21 17:31:14,151 : EventManager : Event: ======'slide_score_slide_mission2_active'====== Args={}
2022-08-21 17:31:14,415 : EventManager : Event: ======'player_mission2_mission2_timer_tick'====== Args={'value': 65, 'prev_value': 66, 'change': -1, 'player_num': 1}
2022-08-21 17:31:14,415 : EventManager : Event: ======'player_mission2_timer_seconds'====== Args={'value': 65, 'prev_value': 66, 'change': -1, 'player_num': 1}
2022-08-21 17:31:14,588 : EventManager : Event: ======'player_combos_combo_timer_tick'====== Args={'value': 0, 'prev_value': 1, 'change': -1, 'player_num': 1}
2022-08-21 17:31:15,622 : EventManager : Event: ======'player_mission2_mission2_timer_tick'====== Args={'value': 64, 'prev_value': 65, 'change': -1, 'player_num': 1}
2022-08-21 17:31:15,622 : EventManager : Event: ======'player_mission2_timer_seconds'====== Args={'value': 64, 'prev_value': 65, 'change': -1, 'player_num': 1}
2022-08-21 17:31:16,821 : EventManager : Event: ======'player_mission2_mission2_timer_tick'====== Args={'value': 63, 'prev_value': 64, 'change': -1, 'player_num': 1}
2022-08-21 17:31:16,821 : EventManager : Event: ======'player_mission2_timer_seconds'====== Args={'value': 63, 'prev_value': 64, 'change': -1, 'player_num': 1}
2022-08-21 17:31:18,001 : EventManager : Event: ======'player_mission2_mission2_timer_tick'====== Args={'value': 62, 'prev_value': 63, 'change': -1, 'player_num': 1}
2022-08-21 17:31:18,001 : EventManager : Event: ======'player_mission2_timer_seconds'====== Args={'value': 62, 'prev_value': 63, 'change': -1, 'player_num': 1}
2022-08-21 17:31:18,612 : kivy : Base: Leaving application in progress...
2022-08-21 17:31:18,864 : mpfmc : Stopping...
2022-08-21 17:31:18,864 : EventManager : Event: ======'shutdown'====== Args={}
2022-08-21 17:31:18,864 : AudioInterface : Disabling audio playback
2022-08-21 17:31:18,874 : mpfmc : Loop rate 67.13 Hz
2022-08-21 17:31:18,874 : kivy : MC run loop ended.
2022-08-21 17:31:18,874 : kivy : Stopping child threads... (3 remaining)
2022-08-21 17:31:19,202 : mpfmc : Stopping...
2022-08-21 17:31:19,202 : EventManager : Event: ======'shutdown'====== Args={}
2022-08-21 17:31:19,202 : mpfmc : Loop rate 66.59 Hz
2022-08-21 17:31:19,452 : MPF-MC BCP Server : Stopping BCP sending thread
2022-08-21 17:31:19,530 : kivy : All child threads stopped.
