2022-09-02 15:05:47,093 : kivy : Factory: 186 symbols loaded
2022-09-02 15:05:47,249 : kivy : ImageLoaderFFPy: Using ffpyplayer 4.3.2
2022-09-02 15:05:47,249 : kivy : Image: Providers: img_tex, img_dds, img_sdl2, img_pil, img_ffpyplayer 
2022-09-02 15:05:47,289 : kivy : VideoGstplayer: Using Gstreamer 1.18.0.0
2022-09-02 15:05:47,289 : kivy : Video: Provider: gstplayer
2022-09-02 15:05:47,461 : kivy : Loading MPF-MC controller
2022-09-02 15:05:48,000 : ConfigProcessor : Config spec file cache created: C:\Users\Brendan\AppData\Local\Temp\config_spec.mpf_cache
2022-09-02 15:05:48,001 : YamlMultifileConfigLoader : Machine config file #1: config
2022-09-02 15:05:48,001 : ConfigProcessor : Config file in cache changed: C:\Baby_pacman_code\machine\config\config
2022-09-02 15:05:48,001 : ConfigProcessor : Loading config from file c:\users\brendan\appdata\local\programs\python\python37\lib\site-packages\mpfmc\mcconfig.yaml.
2022-09-02 15:05:48,052 : ConfigProcessor : Loading config: c:\users\brendan\appdata\local\programs\python\python37\lib\site-packages\mpfmc\mcconfig.yaml
2022-09-02 15:05:48,053 : ConfigProcessor : Loading config from file C:\Baby_pacman_code\machine\config\config.
2022-09-02 15:05:48,181 : ConfigProcessor : Loading config: C:\Baby_pacman_code\machine\config\config
2022-09-02 15:05:48,184 : ConfigProcessor : Config file cache created: C:\Users\Brendan\AppData\Local\Temp\e68bda1e95a8aa0185725ca2569cabab.mpf_cache
2022-09-02 15:05:48,185 : ConfigProcessor : Loading config from cache: C:\Users\Brendan\AppData\Local\Temp\467e7647689d29fad6adf949e1f4d51d.mpf_cache
2022-09-02 15:05:48,185 : ConfigProcessor : Loading config from cache: C:\Users\Brendan\AppData\Local\Temp\5550e037aa776b42b91b29b40b356c70.mpf_cache
2022-09-02 15:05:48,186 : ConfigProcessor : Loading config from cache: C:\Users\Brendan\AppData\Local\Temp\15e0c601392b30c3d9ba3ead8131edb5.mpf_cache
2022-09-02 15:05:48,187 : ConfigProcessor : Loading config from cache: C:\Users\Brendan\AppData\Local\Temp\0bf50917c4ef15ab65ee13d6c14e7d7c.mpf_cache
2022-09-02 15:05:48,188 : ConfigProcessor : Loading config from cache: C:\Users\Brendan\AppData\Local\Temp\bc7da7b13b2754e080c2afa0678ac274.mpf_cache
2022-09-02 15:05:48,188 : ConfigProcessor : Loading config from cache: C:\Users\Brendan\AppData\Local\Temp\bbd59d0bb6602ee0c5a89d6f85e6dd42.mpf_cache
2022-09-02 15:05:48,189 : ConfigProcessor : Loading config from cache: C:\Users\Brendan\AppData\Local\Temp\5526c78976fee311c3d05505d75f653d.mpf_cache
2022-09-02 15:05:48,190 : ConfigProcessor : Loading config from cache: C:\Users\Brendan\AppData\Local\Temp\6e95138ae5415fc76b53ebf8fa245fb5.mpf_cache
2022-09-02 15:05:48,191 : ConfigProcessor : Loading config from cache: C:\Users\Brendan\AppData\Local\Temp\1ec1c4dffb383758956493783a9ed391.mpf_cache
2022-09-02 15:05:48,192 : ConfigProcessor : Loading config from cache: C:\Users\Brendan\AppData\Local\Temp\f2aee92728c8017b77c710c804dd7f5a.mpf_cache
2022-09-02 15:05:48,193 : ConfigProcessor : Loading config from cache: C:\Users\Brendan\AppData\Local\Temp\88f57fa1305e9dc100972ec9f84d57fe.mpf_cache
2022-09-02 15:05:48,193 : ConfigProcessor : Loading config from cache: C:\Users\Brendan\AppData\Local\Temp\6e00a9d794d4c3f43a0fc48da04dac60.mpf_cache
2022-09-02 15:05:48,194 : ConfigProcessor : Loading config from cache: C:\Users\Brendan\AppData\Local\Temp\05ef98219fc733c3bcab58726c4b37ef.mpf_cache
2022-09-02 15:05:48,195 : ConfigProcessor : Loading config from cache: C:\Users\Brendan\AppData\Local\Temp\c22d657a5a7bb60632c2be2c735e073b.mpf_cache
2022-09-02 15:05:48,196 : ConfigProcessor : Loading config from cache: C:\Users\Brendan\AppData\Local\Temp\f7d4f5eb9425fe84d2e83a363afd4bdf.mpf_cache
2022-09-02 15:05:48,197 : ConfigProcessor : Loading config from cache: C:\Users\Brendan\AppData\Local\Temp\125f51d329f930ea7bff10973551cc26.mpf_cache
2022-09-02 15:05:48,198 : ConfigProcessor : Loading config from cache: C:\Users\Brendan\AppData\Local\Temp\08e18dfdf4e02cd29cc0cc52be2faaf4.mpf_cache
2022-09-02 15:05:48,198 : ConfigProcessor : Loading config from cache: C:\Users\Brendan\AppData\Local\Temp\f042f5bf6362b9e04d43b40b93a92057.mpf_cache
2022-09-02 15:05:48,199 : ConfigProcessor : Loading config from cache: C:\Users\Brendan\AppData\Local\Temp\60badac06cd62deb71f25fac24b103c2.mpf_cache
2022-09-02 15:05:48,200 : ConfigProcessor : Loading config from cache: C:\Users\Brendan\AppData\Local\Temp\a3ad1aeb679a0686901de8a6ffe784f0.mpf_cache
2022-09-02 15:05:48,201 : ConfigProcessor : Loading config from cache: C:\Users\Brendan\AppData\Local\Temp\d7856287e4ec48fb5adaa65e5f7b2848.mpf_cache
2022-09-02 15:05:48,201 : mpfmc : Mission Pinball Framework Media Controller v0.55.0
2022-09-02 15:05:48,202 : mpfmc : Mission Pinball Framework Game Engine v0.55.0
2022-09-02 15:05:48,202 : mpfmc : Machine path: C:\Baby_pacman_code\machine
2022-09-02 15:05:48,202 : mpfmc : Starting clock at 60.0Hz
2022-09-02 15:05:48,213 : kivy : Text: Provider: sdl2
2022-09-02 15:05:48,248 : kivy : Window: Provider: sdl2
2022-09-02 15:05:48,315 : kivy : GL: Using the "OpenGL" graphics system
2022-09-02 15:05:48,316 : kivy : GL: GLEW initialization succeeded
2022-09-02 15:05:48,317 : kivy : GL: Backend used <glew>
2022-09-02 15:05:48,317 : kivy : GL: OpenGL version <b'3.1.0 - Build 9.17.10.3517'>
2022-09-02 15:05:48,317 : kivy : GL: OpenGL vendor <b'Intel'>
2022-09-02 15:05:48,317 : kivy : GL: OpenGL renderer <b'Intel(R) HD Graphics 2000'>
2022-09-02 15:05:48,318 : kivy : GL: OpenGL parsed version: 3, 1
2022-09-02 15:05:48,318 : kivy : GL: Shading version <b'1.40 - Intel Build 9.17.10.3517'>
2022-09-02 15:05:48,318 : kivy : GL: Texture max size <8192>
2022-09-02 15:05:48,318 : kivy : GL: Texture max units <16>
2022-09-02 15:05:48,386 : kivy : Window: auto add sdl2 input provider
2022-09-02 15:05:48,386 : kivy : Window: virtual keyboard not allowed, single mode, not docked
2022-09-02 15:05:48,538 : AudioInterface : Initialized
2022-09-02 15:05:48,539 : AudioInterface : Loaded SDL 2.0.12
2022-09-02 15:05:48,539 : AudioInterface : Loaded SDL_Mixer 2.0.4
2022-09-02 15:05:48,539 : AudioInterface : Loaded GStreamer 1.18.0.0
2022-09-02 15:05:48,539 : AudioInterface : Loaded GLib 2.62.6
2022-09-02 15:05:48,539 : AudioInterface : Settings requested - rate: 44100, channels: 1, buffer: 2048 samples
2022-09-02 15:05:48,539 : AudioInterface : Settings in use - rate: 44100, channels: 1, buffer: 2048 samples (4096 bytes @ 2 bytes per sample)
2022-09-02 15:05:48,540 : SoundSystem : Setting master volume to 0.0
2022-09-02 15:05:48,540 : SoundSystem : master_volume in sound_system is deprecated and will be removed in the future.
2022-09-02 15:05:48,540 : AudioInterface : Enabling audio playback
2022-09-02 15:05:48,542 : kivy : Base: Start application main loop
2022-09-02 15:05:48,543 : EventManager : Event: ======'display_window1_initialized'====== Args={}
2022-09-02 15:05:48,567 : mpfmc : Display: Setting 'window1' as default display
2022-09-02 15:05:48,573 : mpfmc : ASPECT RATIO MISMATCH: The on-screen window is not the same aspect ratio as the display called 'window1'. The logical display will be scaled from 1366x768 to the window size 1920x1058, and a black bar will make up the difference
2022-09-02 15:05:48,574 : EventManager : Event: ======'displays_initialized'====== Args={}
2022-09-02 15:05:48,575 : EventManager : Event: ======'slide_window1_blank_created'====== Args={}
2022-09-02 15:05:48,575 : EventManager : Event: ======'display_window1_ready'====== Args={}
2022-09-02 15:05:48,583 : EventManager : Event: ======'init_phase_1'====== Args={}
2022-09-02 15:05:48,591 : EventManager : Event: ======'mc_ready'====== Args={}
2022-09-02 15:05:48,591 : EventManager : Event: ======'init_phase_2'====== Args={}
2022-09-02 15:05:48,625 : EventManager : Event: ======'init_phase_3'====== Args={}
2022-09-02 15:05:48,632 : EventManager : Event: ======'init_phase_4'====== Args={}
2022-09-02 15:05:48,632 : EventManager : Event: ======'init_phase_5'====== Args={}
2022-09-02 15:05:48,665 : kivy : GL: NPOT texture support is available
2022-09-02 15:05:48,692 : kivy : GL: Unpack subimage support is available
2022-09-02 15:05:48,720 : EventManager : Event: ======'loading_assets'====== Args={'total': 27, 'loaded': 1, 'remaining': 26, 'percent': 4}
2022-09-02 15:05:48,720 : AssetManager : Loading assets: 1/27 (4%)
2022-09-02 15:05:49,954 : EventManager : Event: ======'loading_assets'====== Args={'total': 27, 'loaded': 2, 'remaining': 25, 'percent': 7}
2022-09-02 15:05:49,955 : AssetManager : Loading assets: 2/27 (7%)
2022-09-02 15:05:51,527 : EventManager : Event: ======'loading_assets'====== Args={'total': 27, 'loaded': 14, 'remaining': 13, 'percent': 52}
2022-09-02 15:05:51,528 : AssetManager : Loading assets: 14/27 (52%)
2022-09-02 15:05:52,272 : EventManager : Event: ======'loading_assets'====== Args={'total': 27, 'loaded': 27, 'remaining': 0, 'percent': 100}
2022-09-02 15:05:52,272 : AssetManager : Asset loading took: 3.731213331222534
2022-09-02 15:05:52,273 : EventManager : Event: ======'asset_loading_complete'====== Args={}
2022-09-02 15:05:52,273 : AssetManager : Loading assets: 27/27 (100%)
2022-09-02 15:05:52,273 : EventManager : Event: ======'init_done'====== Args={}
2022-09-02 15:05:52,273 : MPF-MC BCP Server : Starting up on localhost port 5050
2022-09-02 15:05:52,276 : MPF-MC BCP Server : Waiting for a connection...
2022-09-02 15:05:52,276 : EventManager : Event: ======'client_disconnected'====== Args={'host': '127.0.0.1', 'port': 5050}
2022-09-02 15:05:53,316 : MPF-MC BCP Server : Received connection from: 127.0.0.1:49368
2022-09-02 15:05:53,318 : EventManager : Event: ======'client_connected'====== Args={'host': '127.0.0.1', 'port': 49368}
2022-09-02 15:05:53,331 : EventManager : Event: ======'machine_var_fast_net_firmware'====== Args={'value': '01.05', 'prev_value': None, 'change': True}
2022-09-02 15:05:53,331 : EventManager : Event: ======'machine_var_fast_net_model'====== Args={'value': 'FP-CPU-002-2', 'prev_value': None, 'change': True}
2022-09-02 15:05:53,332 : EventManager : Event: ======'machine_var_fast_rgb_firmware'====== Args={'value': '01.00', 'prev_value': None, 'change': True}
2022-09-02 15:05:53,332 : EventManager : Event: ======'machine_var_fast_rgb_model'====== Args={'value': 'FP-CPU-002-2', 'prev_value': None, 'change': True}
2022-09-02 15:05:53,333 : EventManager : Event: ======'machine_var_credits_string'====== Args={'value': 'FREE PLAY', 'prev_value': None, 'change': True}
2022-09-02 15:05:53,333 : EventManager : Event: ======'machine_var_master_volume'====== Args={'value': 0.5, 'prev_value': None, 'change': True}
2022-09-02 15:05:53,334 : EventManager : Event: ======'machine_var_player1_score'====== Args={'value': 210762830, 'prev_value': None, 'change': True}
2022-09-02 15:05:53,334 : EventManager : Event: ======'machine_var_mpf_version'====== Args={'value': 'MPF v0.55.0', 'prev_value': None, 'change': True}
2022-09-02 15:05:53,335 : EventManager : Event: ======'machine_var_mpf_extended_version'====== Args={'value': 'MPF v0.55.0, Config version:5, Show version: 5, BCP version:1.1', 'prev_value': None, 'change': True}
2022-09-02 15:05:53,335 : EventManager : Event: ======'machine_var_python_version'====== Args={'value': '3.7.8', 'prev_value': None, 'change': True}
2022-09-02 15:05:53,335 : EventManager : Event: ======'machine_var_platform'====== Args={'value': 'Windows-7-6.1.7601-SP1', 'prev_value': None, 'change': True}
2022-09-02 15:05:53,336 : EventManager : Event: ======'machine_var_platform_system'====== Args={'value': 'Windows', 'prev_value': None, 'change': True}
2022-09-02 15:05:53,336 : EventManager : Event: ======'machine_var_platform_release'====== Args={'value': '7', 'prev_value': None, 'change': True}
2022-09-02 15:05:53,337 : EventManager : Event: ======'machine_var_platform_version'====== Args={'value': '6.1.7601', 'prev_value': None, 'change': True}
2022-09-02 15:05:53,337 : EventManager : Event: ======'machine_var_platform_machine'====== Args={'value': 'AMD64', 'prev_value': None, 'change': True}
2022-09-02 15:05:53,337 : EventManager : Event: ======'machine_var_mc_version'====== Args={'value': 'MPF-MC v0.55.0', 'prev_value': None, 'change': True}
2022-09-02 15:05:53,338 : EventManager : Event: ======'machine_var_mc_extended_version'====== Args={'value': 'MPF-MC v0.55.0 (config_version=5, BCP v1.1, Requires MPF v0.55.0-dev.49)', 'prev_value': None, 'change': True}
2022-09-02 15:05:53,338 : SoundSystem : Setting master volume to 0.5
2022-09-02 15:05:53,844 : EventManager : Event: ======'machine_var_audits_events_game_ended'====== Args={'value': 0, 'prev_value': None, 'change': True}
2022-09-02 15:05:53,844 : EventManager : Event: ======'machine_var_audits_events_game_started'====== Args={'value': 0, 'prev_value': None, 'change': True}
2022-09-02 15:05:53,844 : EventManager : Event: ======'machine_var_audits_player_score'====== Args={'value': {'average': 14629973.862520454, 'top': [720234070, 507595620, 502234510, 210762830, 203435200, 198719690, 196999500, 195274570, 171491840, 161094530], 'total': 611}, 'prev_value': None, 'change': True}
2022-09-02 15:05:53,845 : EventManager : Event: ======'machine_var_audits_shots_center_drop_mission1'====== Args={'value': 600, 'prev_value': None, 'change': True}
2022-09-02 15:05:53,845 : EventManager : Event: ======'machine_var_audits_shots_center_target'====== Args={'value': 319, 'prev_value': None, 'change': True}
2022-09-02 15:05:53,845 : EventManager : Event: ======'machine_var_audits_shots_drop_target1_mission2'====== Args={'value': 242, 'prev_value': None, 'change': True}
2022-09-02 15:05:53,845 : EventManager : Event: ======'machine_var_audits_shots_drop_target2_mission2'====== Args={'value': 283, 'prev_value': None, 'change': True}
2022-09-02 15:05:53,846 : EventManager : Event: ======'machine_var_audits_shots_drop_target3_mission2'====== Args={'value': 330, 'prev_value': None, 'change': True}
2022-09-02 15:05:53,846 : EventManager : Event: ======'machine_var_audits_shots_drop_target4_mission2'====== Args={'value': 293, 'prev_value': None, 'change': True}
2022-09-02 15:05:53,846 : EventManager : Event: ======'machine_var_audits_shots_drop_target5_mission2'====== Args={'value': 251, 'prev_value': None, 'change': True}
2022-09-02 15:05:53,846 : EventManager : Event: ======'machine_var_audits_shots_drop_targets_mission3'====== Args={'value': 1598, 'prev_value': None, 'change': True}
2022-09-02 15:05:53,847 : EventManager : Event: ======'machine_var_audits_shots_galaxy_advance'====== Args={'value': 2902, 'prev_value': None, 'change': True}
2022-09-02 15:05:53,847 : EventManager : Event: ======'machine_var_audits_shots_l_lane'====== Args={'value': 671, 'prev_value': None, 'change': True}
2022-09-02 15:05:53,847 : EventManager : Event: ======'machine_var_audits_shots_left_kicker_mission2'====== Args={'value': 170, 'prev_value': None, 'change': True}
2022-09-02 15:05:53,847 : EventManager : Event: ======'machine_var_audits_shots_left_kicker_mission4'====== Args={'value': 124, 'prev_value': None, 'change': True}
2022-09-02 15:05:53,848 : EventManager : Event: ======'machine_var_audits_shots_left_loop_mission1'====== Args={'value': 682, 'prev_value': None, 'change': True}
2022-09-02 15:05:53,848 : EventManager : Event: ======'machine_var_audits_shots_left_loop_mission2'====== Args={'value': 282, 'prev_value': None, 'change': True}
2022-09-02 15:05:53,848 : EventManager : Event: ======'machine_var_audits_shots_left_loop_mission4'====== Args={'value': 397, 'prev_value': None, 'change': True}
2022-09-02 15:05:53,848 : EventManager : Event: ======'machine_var_audits_shots_portal_advance'====== Args={'value': 5003, 'prev_value': None, 'change': True}
2022-09-02 15:05:53,849 : EventManager : Event: ======'machine_var_audits_shots_r_lane'====== Args={'value': 584, 'prev_value': None, 'change': True}
2022-09-02 15:05:53,849 : EventManager : Event: ======'machine_var_audits_shots_right_kicker_mission2'====== Args={'value': 142, 'prev_value': None, 'change': True}
2022-09-02 15:05:53,849 : EventManager : Event: ======'machine_var_audits_shots_right_kicker_mission4'====== Args={'value': 141, 'prev_value': None, 'change': True}
2022-09-02 15:05:53,849 : EventManager : Event: ======'machine_var_audits_shots_right_loop_mission1'====== Args={'value': 775, 'prev_value': None, 'change': True}
2022-09-02 15:05:53,850 : EventManager : Event: ======'machine_var_audits_shots_right_loop_mission2'====== Args={'value': 329, 'prev_value': None, 'change': True}
2022-09-02 15:05:53,850 : EventManager : Event: ======'machine_var_audits_shots_right_loop_mission4'====== Args={'value': 455, 'prev_value': None, 'change': True}
2022-09-02 15:05:53,850 : EventManager : Event: ======'machine_var_audits_shots_warp_advance'====== Args={'value': 1146, 'prev_value': None, 'change': True}
2022-09-02 15:05:53,850 : EventManager : Event: ======'machine_var_audits_switches_s_action_button'====== Args={'value': 4256, 'prev_value': None, 'change': True}
2022-09-02 15:05:53,851 : EventManager : Event: ======'machine_var_audits_switches_s_drain'====== Args={'value': 2904, 'prev_value': None, 'change': True}
2022-09-02 15:05:53,851 : EventManager : Event: ======'machine_var_audits_switches_s_drop_target1'====== Args={'value': 2016, 'prev_value': None, 'change': True}
2022-09-02 15:05:53,851 : EventManager : Event: ======'machine_var_audits_switches_s_drop_target2'====== Args={'value': 2331, 'prev_value': None, 'change': True}
2022-09-02 15:05:53,851 : EventManager : Event: ======'machine_var_audits_switches_s_drop_target3'====== Args={'value': 2764, 'prev_value': None, 'change': True}
2022-09-02 15:05:53,851 : EventManager : Event: ======'machine_var_audits_switches_s_drop_target4'====== Args={'value': 2208, 'prev_value': None, 'change': True}
2022-09-02 15:05:53,852 : EventManager : Event: ======'machine_var_audits_switches_s_drop_target5'====== Args={'value': 2094, 'prev_value': None, 'change': True}
2022-09-02 15:05:53,852 : EventManager : Event: ======'machine_var_audits_switches_s_left_captive_ball'====== Args={'value': 508, 'prev_value': None, 'change': True}
2022-09-02 15:05:53,852 : EventManager : Event: ======'machine_var_audits_switches_s_left_flipper'====== Args={'value': 37574, 'prev_value': None, 'change': True}
2022-09-02 15:05:53,852 : EventManager : Event: ======'machine_var_audits_switches_s_left_inlane'====== Args={'value': 671, 'prev_value': None, 'change': True}
2022-09-02 15:05:53,853 : EventManager : Event: ======'machine_var_audits_switches_s_left_inlane_far'====== Args={'value': 4898, 'prev_value': None, 'change': True}
2022-09-02 15:05:53,853 : EventManager : Event: ======'machine_var_audits_switches_s_left_kicker'====== Args={'value': 1649, 'prev_value': None, 'change': True}
2022-09-02 15:05:53,853 : EventManager : Event: ======'machine_var_audits_switches_s_left_sling'====== Args={'value': 7396, 'prev_value': None, 'change': True}
2022-09-02 15:05:53,853 : EventManager : Event: ======'machine_var_audits_switches_s_left_spinner'====== Args={'value': 23309, 'prev_value': None, 'change': True}
2022-09-02 15:05:53,853 : EventManager : Event: ======'machine_var_audits_switches_s_right_captive_ball'====== Args={'value': 534, 'prev_value': None, 'change': True}
2022-09-02 15:05:53,854 : EventManager : Event: ======'machine_var_audits_switches_s_right_flipper'====== Args={'value': 34411, 'prev_value': None, 'change': True}
2022-09-02 15:05:53,854 : EventManager : Event: ======'machine_var_audits_switches_s_right_inlane'====== Args={'value': 584, 'prev_value': None, 'change': True}
2022-09-02 15:05:53,854 : EventManager : Event: ======'machine_var_audits_switches_s_right_inlane_far'====== Args={'value': 6764, 'prev_value': None, 'change': True}
2022-09-02 15:05:53,854 : EventManager : Event: ======'machine_var_audits_switches_s_right_kicker'====== Args={'value': 1808, 'prev_value': None, 'change': True}
2022-09-02 15:05:53,854 : EventManager : Event: ======'machine_var_audits_switches_s_right_sling'====== Args={'value': 14419, 'prev_value': None, 'change': True}
2022-09-02 15:05:53,855 : EventManager : Event: ======'machine_var_audits_switches_s_right_spinner'====== Args={'value': 17836, 'prev_value': None, 'change': True}
2022-09-02 15:05:53,855 : EventManager : Event: ======'machine_var_audits_switches_s_start'====== Args={'value': 412, 'prev_value': None, 'change': True}
2022-09-02 15:05:53,855 : EventManager : Event: ======'mc_reset_phase_1'====== Args={}
2022-09-02 15:05:53,855 : EventManager : Event: ======'mc_reset_phase_2'====== Args={}
2022-09-02 15:05:53,855 : EventManager : Event: ======'mc_reset_phase_3'====== Args={}
2022-09-02 15:05:53,855 : EventManager : Event: ======'mc_reset_complete'====== Args={}
2022-09-02 15:05:53,869 : EventManager : Event: ======'slides_play'====== Args={'settings': {'widgets': {'widgets': [{'type': 'text', 'text': 'GAME OVER', 'font_size': 50, 'font_name': 'space_font', '_default_settings': ['type', 'text', 'font_size', 'font_name'], 'x': None, 'y': None, 'anchor_x': 'center', 'anchor_y': 'center', 'round_anchor_x': None, 'round_anchor_y': None, 'opacity': 1.0, 'z': 0, 'reset_animations_events': {}, 'color': [1.0, 1.0, 1.0, 1.0], 'style': [], 'adjust_top': 0, 'adjust_bottom': 0, 'adjust_left': 0, 'adjust_right': 0, 'expire': None, 'key': None, 'widget': None, 'events_when_added': [], 'events_when_removed': [], 'bitmap_font': False, 'font_kerning': True, 'bold': False, 'italic': False, 'number_grouping': False, 'min_digits': 0, 'halign': 'center', 'valign': 'middle', 'rotation': 0, 'scale': 1.0, 'casing': None, 'animations': None}, {'type': 'image', 'image': 'attract_background', '_default_settings': ['type', 'image'], 'x': None, 'y': None, 'anchor_x': 'center', 'anchor_y': 'center', 'round_anchor_x': None, 'round_anchor_y': None, 'opacity': 1.0, 'z': 0, 'reset_animations_events': {}, 'color': [1.0, 1.0, 1.0, 1.0], 'style': [], 'adjust_top': 0, 'adjust_bottom': 0, 'adjust_left': 0, 'adjust_right': 0, 'expire': None, 'key': None, 'widget': None, 'events_when_added': [], 'events_when_removed': [], 'fps': 10, 'loops': -1, 'auto_play': True, 'start_frame': 0, 'rotation': 0, 'scale': 1.0, 'animations': None}], 'target': None, 'background_color': [0.0, 0.0, 0.0, 1.0], 'priority': None, 'show': True, 'force': False, 'expire': None, 'slide': None, 'tokens': {}, 'action': 'play'}}, 'context': 'show_13', 'calling_context': 0, 'priority': 10, 'show_tokens': {}, 'start_time': 8635.076}
2022-09-02 15:05:53,870 : mpfmc : SlidePlayer: Play called with settings={'widgets': {'widgets': [{'type': 'text', 'text': 'GAME OVER', 'font_size': 50, 'font_name': 'space_font', '_default_settings': ['type', 'text', 'font_size', 'font_name'], 'x': None, 'y': None, 'anchor_x': 'center', 'anchor_y': 'center', 'round_anchor_x': None, 'round_anchor_y': None, 'opacity': 1.0, 'z': 0, 'reset_animations_events': {}, 'color': [1.0, 1.0, 1.0, 1.0], 'style': [], 'adjust_top': 0, 'adjust_bottom': 0, 'adjust_left': 0, 'adjust_right': 0, 'expire': None, 'key': None, 'widget': None, 'events_when_added': [], 'events_when_removed': [], 'bitmap_font': False, 'font_kerning': True, 'bold': False, 'italic': False, 'number_grouping': False, 'min_digits': 0, 'halign': 'center', 'valign': 'middle', 'rotation': 0, 'scale': 1.0, 'casing': None, 'animations': None}, {'type': 'image', 'image': 'attract_background', '_default_settings': ['type', 'image'], 'x': None, 'y': None, 'anchor_x': 'center', 'anchor_y': 'center', 'round_anchor_x': None, 'round_anchor_y': None, 'opacity': 1.0, 'z': 0, 'reset_animations_events': {}, 'color': [1.0, 1.0, 1.0, 1.0], 'style': [], 'adjust_top': 0, 'adjust_bottom': 0, 'adjust_left': 0, 'adjust_right': 0, 'expire': None, 'key': None, 'widget': None, 'events_when_added': [], 'events_when_removed': [], 'fps': 10, 'loops': -1, 'auto_play': True, 'start_frame': 0, 'rotation': 0, 'scale': 1.0, 'animations': None}], 'target': None, 'background_color': [0.0, 0.0, 0.0, 1.0], 'priority': None, 'show': True, 'force': False, 'expire': None, 'slide': None, 'tokens': {}, 'action': 'play'}}
2022-09-02 15:05:53,878 : EventManager : Event: ======'slide_show_13.slide_player-0_created'====== Args={}
2022-09-02 15:05:53,881 : EventManager : Event: ======'slide_show_13.slide_player-0_active'====== Args={}
2022-09-02 15:05:56,857 : EventManager : Event: ======'slides_play'====== Args={'settings': {'last_game_score_slide': {'widgets': [{'type': 'text', 'text': 'LAST GAME', 'font_size': 50, 'y': '60%', 'font_name': 'space_font', '_default_settings': ['type', 'text', 'font_size', 'y', 'font_name'], 'x': None, 'anchor_x': 'center', 'anchor_y': 'center', 'round_anchor_x': None, 'round_anchor_y': None, 'opacity': 1.0, 'z': 0, 'reset_animations_events': {}, 'color': [1.0, 1.0, 1.0, 1.0], 'style': [], 'adjust_top': 0, 'adjust_bottom': 0, 'adjust_left': 0, 'adjust_right': 0, 'expire': None, 'key': None, 'widget': None, 'events_when_added': [], 'events_when_removed': [], 'bitmap_font': False, 'font_kerning': True, 'bold': False, 'italic': False, 'number_grouping': False, 'min_digits': 0, 'halign': 'center', 'valign': 'middle', 'rotation': 0, 'scale': 1.0, 'casing': None, 'animations': None}, {'type': 'text', 'text': '(machine|player1_score)', 'number_grouping': True, 'min_digits': 2, 'font_size': 50, 'y': '40%', 'font_name': 'score_font', '_default_settings': ['type', 'text', 'number_grouping', 'min_digits', 'font_size', 'y', 'font_name'], 'x': None, 'anchor_x': 'center', 'anchor_y': 'center', 'round_anchor_x': None, 'round_anchor_y': None, 'opacity': 1.0, 'z': 0, 'reset_animations_events': {}, 'color': [1.0, 1.0, 1.0, 1.0], 'style': [], 'adjust_top': 0, 'adjust_bottom': 0, 'adjust_left': 0, 'adjust_right': 0, 'expire': None, 'key': None, 'widget': None, 'events_when_added': [], 'events_when_removed': [], 'bitmap_font': False, 'font_kerning': True, 'bold': False, 'italic': False, 'halign': 'center', 'valign': 'middle', 'rotation': 0, 'scale': 1.0, 'casing': None, 'animations': None}, {'type': 'image', 'image': 'attract_background', '_default_settings': ['type', 'image'], 'x': None, 'y': None, 'anchor_x': 'center', 'anchor_y': 'center', 'round_anchor_x': None, 'round_anchor_y': None, 'opacity': 1.0, 'z': 0, 'reset_animations_events': {}, 'color': [1.0, 1.0, 1.0, 1.0], 'style': [], 'adjust_top': 0, 'adjust_bottom': 0, 'adjust_left': 0, 'adjust_right': 0, 'expire': None, 'key': None, 'widget': None, 'events_when_added': [], 'events_when_removed': [], 'fps': 10, 'loops': -1, 'auto_play': True, 'start_frame': 0, 'rotation': 0, 'scale': 1.0, 'animations': None}], 'target': None, 'background_color': [0.0, 0.0, 0.0, 1.0], 'priority': None, 'show': True, 'force': False, 'expire': None, 'slide': None, 'tokens': {}, 'action': 'play'}}, 'context': 'show_13', 'calling_context': 1, 'priority': 10, 'show_tokens': {}, 'start_time': 8638.076}
2022-09-02 15:05:56,860 : mpfmc : SlidePlayer: Play called with settings={'last_game_score_slide': {'widgets': [{'type': 'text', 'text': 'LAST GAME', 'font_size': 50, 'y': '60%', 'font_name': 'space_font', '_default_settings': ['type', 'text', 'font_size', 'y', 'font_name'], 'x': None, 'anchor_x': 'center', 'anchor_y': 'center', 'round_anchor_x': None, 'round_anchor_y': None, 'opacity': 1.0, 'z': 0, 'reset_animations_events': {}, 'color': [1.0, 1.0, 1.0, 1.0], 'style': [], 'adjust_top': 0, 'adjust_bottom': 0, 'adjust_left': 0, 'adjust_right': 0, 'expire': None, 'key': None, 'widget': None, 'events_when_added': [], 'events_when_removed': [], 'bitmap_font': False, 'font_kerning': True, 'bold': False, 'italic': False, 'number_grouping': False, 'min_digits': 0, 'halign': 'center', 'valign': 'middle', 'rotation': 0, 'scale': 1.0, 'casing': None, 'animations': None}, {'type': 'text', 'text': '(machine|player1_score)', 'number_grouping': True, 'min_digits': 2, 'font_size': 50, 'y': '40%', 'font_name': 'score_font', '_default_settings': ['type', 'text', 'number_grouping', 'min_digits', 'font_size', 'y', 'font_name'], 'x': None, 'anchor_x': 'center', 'anchor_y': 'center', 'round_anchor_x': None, 'round_anchor_y': None, 'opacity': 1.0, 'z': 0, 'reset_animations_events': {}, 'color': [1.0, 1.0, 1.0, 1.0], 'style': [], 'adjust_top': 0, 'adjust_bottom': 0, 'adjust_left': 0, 'adjust_right': 0, 'expire': None, 'key': None, 'widget': None, 'events_when_added': [], 'events_when_removed': [], 'bitmap_font': False, 'font_kerning': True, 'bold': False, 'italic': False, 'halign': 'center', 'valign': 'middle', 'rotation': 0, 'scale': 1.0, 'casing': None, 'animations': None}, {'type': 'image', 'image': 'attract_background', '_default_settings': ['type', 'image'], 'x': None, 'y': None, 'anchor_x': 'center', 'anchor_y': 'center', 'round_anchor_x': None, 'round_anchor_y': None, 'opacity': 1.0, 'z': 0, 'reset_animations_events': {}, 'color': [1.0, 1.0, 1.0, 1.0], 'style': [], 'adjust_top': 0, 'adjust_bottom': 0, 'adjust_left': 0, 'adjust_right': 0, 'expire': None, 'key': None, 'widget': None, 'events_when_added': [], 'events_when_removed': [], 'fps': 10, 'loops': -1, 'auto_play': True, 'start_frame': 0, 'rotation': 0, 'scale': 1.0, 'animations': None}], 'target': None, 'background_color': [0.0, 0.0, 0.0, 1.0], 'priority': None, 'show': True, 'force': False, 'expire': None, 'slide': None, 'tokens': {}, 'action': 'play'}}
2022-09-02 15:05:56,876 : EventManager : Event: ======'slide_last_game_score_slide_created'====== Args={}
2022-09-02 15:05:56,878 : EventManager : Unordered handler for class <Text Widget text=210,762,830> on event machine_var_player1_score with priority 1. Handlers: [RegisteredHandler(callback=<bound method Text._machine_var_change of <Text Widget text=210,762,830>>, priority=1, kwargs={}, key=UUID('adbd8438-d5d3-4c7f-9f16-b4ad08c32e3f'), condition=None, blocking_facility=None), RegisteredHandler(callback=<bound method Text._machine_var_change of <Text Widget text=210,762,830>>, priority=1, kwargs={}, key=UUID('9886f5ea-8855-4a0b-b533-55b02f61b1d8'), condition=None, blocking_facility=None)]. The order of those handlers is not defined and they will be executed in random order. This might lead to race conditions and potential bugs.
2022-09-02 15:05:56,885 : EventManager : Event: ======'slide_last_game_score_slide_active'====== Args={}
2022-09-02 15:05:57,740 : EventManager : Event: ======'game_started'====== Args={}
2022-09-02 15:05:57,740 : EventManager : Event: ======'slides_clear'====== Args={'context': 'show_13'}
2022-09-02 15:05:57,741 : EventManager : Event: ======'slide_show_13.slide_player-0_removed'====== Args={}
2022-09-02 15:05:57,742 : EventManager : Event: ======'slide_last_game_score_slide_removed'====== Args={}
2022-09-02 15:05:57,743 : EventManager : Event: ======'slide_window1_blank_active'====== Args={}
2022-09-02 15:05:57,747 : EventManager : Event: ======'player_added'====== Args={'player': <Player 1>, 'num': 1}
2022-09-02 15:05:57,748 : EventManager : Event: ======'player_index'====== Args={'value': 0, 'prev_value': 0, 'change': 0, 'player_num': 1}
2022-09-02 15:05:57,748 : EventManager : Event: ======'player_number'====== Args={'value': 1, 'prev_value': 1, 'change': 0, 'player_num': 1}
2022-09-02 15:05:57,749 : EventManager : Event: ======'player_score'====== Args={'value': 0, 'prev_value': 0, 'change': 0, 'player_num': 1}
2022-09-02 15:05:57,749 : EventManager : Event: ======'player_mode_value'====== Args={'value': 1000000, 'prev_value': 0, 'change': 1000000, 'player_num': 1}
2022-09-02 15:05:57,750 : EventManager : Event: ======'player_bonus_multiplier'====== Args={'value': 1, 'prev_value': 0, 'change': 1, 'player_num': 1}
2022-09-02 15:05:57,750 : EventManager : Event: ======'player_playfield_multiplier'====== Args={'value': 1, 'prev_value': 0, 'change': 1, 'player_num': 1}
2022-09-02 15:05:57,771 : EventManager : Event: ======'player_ball'====== Args={'value': 1, 'prev_value': 0, 'change': 1, 'player_num': 1}
2022-09-02 15:05:57,771 : EventManager : Event: ======'player_turn_start'====== Args={'number': 1, 'player': <Player 1>}
2022-09-02 15:05:57,785 : EventManager : Event: ======'player_shot_l_lane_enabled'====== Args={'value': True, 'prev_value': 0, 'change': 1, 'player_num': 1}
2022-09-02 15:05:57,785 : EventManager : Event: ======'player_shot_r_lane_enabled'====== Args={'value': True, 'prev_value': 0, 'change': 1, 'player_num': 1}
2022-09-02 15:05:57,786 : EventManager : Event: ======'player_shot_center_target_enabled'====== Args={'value': True, 'prev_value': 0, 'change': 1, 'player_num': 1}
2022-09-02 15:05:57,786 : EventManager : Event: ======'player_extra_ball_two_modes_complete_num_awarded'====== Args={'value': 0, 'prev_value': 0, 'change': 0, 'player_num': 1}
2022-09-02 15:05:57,807 : EventManager : Event: ======'sounds_play'====== Args={'settings': {'default': {'action': 'stop', 'priority': 400, 'block': False, 'delay': None, 'track': None, 'volume': None, 'pan': None, 'loops': None, 'start_at': None, 'fade_in': None, 'fade_out': None, 'about_to_finish_time': -1.0, 'max_queue_time': -1.0, 'events_when_played': ['use_sound_setting'], 'events_when_stopped': ['use_sound_setting'], 'events_when_looping': ['use_sound_setting'], 'events_when_about_to_finish': ['use_sound_setting'], 'mode_end_action': 'use_sound_setting', 'key': 'use_sound_setting'}, 'shooter_waiting': {'action': 'play', 'loops': -1, 'priority': None, 'block': False, 'delay': None, 'track': None, 'volume': None, 'pan': None, 'start_at': None, 'fade_in': None, 'fade_out': None, 'about_to_finish_time': -1.0, 'max_queue_time': -1.0, 'events_when_played': ['use_sound_setting'], 'events_when_stopped': ['use_sound_setting'], 'events_when_looping': ['use_sound_setting'], 'events_when_about_to_finish': ['use_sound_setting'], 'mode_end_action': 'use_sound_setting', 'key': 'use_sound_setting'}}, 'context': '_global', 'calling_context': 'ball_started', 'priority': 0, 'player': 1, 'ball': 1, 'balls_remaining': 2, 'is_extra_ball': False}
2022-09-02 15:05:57,808 : EventManager : Event: ======'player_shot_galaxy_advance_enabled'====== Args={'value': True, 'prev_value': 0, 'change': 1, 'player_num': 1}
2022-09-02 15:05:57,820 : EventManager : Event: ======'player_shot_portal_advance_enabled'====== Args={'value': True, 'prev_value': 0, 'change': 1, 'player_num': 1}
2022-09-02 15:05:57,820 : EventManager : Event: ======'player_shot_warp_advance_enabled'====== Args={'value': True, 'prev_value': 0, 'change': 1, 'player_num': 1}
2022-09-02 15:05:57,821 : EventManager : Event: ======'slides_play'====== Args={'settings': {'score_slide': {'target': None, 'background_color': [0.0, 0.0, 0.0, 1.0], 'priority': None, 'show': True, 'force': False, 'expire': None, 'slide': None, 'tokens': {}, 'action': 'play'}}, 'context': 'base', 'calling_context': 'mode_base_started', 'priority': 100, 'player': 1, 'ball': 1, 'balls_remaining': 2, 'is_extra_ball': False}
2022-09-02 15:05:57,821 : mpfmc : SlidePlayer: Play called with settings={'score_slide': {'target': None, 'background_color': [0.0, 0.0, 0.0, 1.0], 'priority': None, 'show': True, 'force': False, 'expire': None, 'slide': None, 'tokens': {}, 'action': 'play'}}
2022-09-02 15:05:57,842 : EventManager : Event: ======'slide_score_slide_created'====== Args={}
2022-09-02 15:05:57,851 : EventManager : Event: ======'slide_score_slide_active'====== Args={}
2022-09-02 15:05:57,859 : EventManager : Event: ======'sounds_play'====== Args={'settings': {'default': {'action': 'play', 'loops': -1, 'track': 'music', 'priority': None, 'block': False, 'delay': None, 'volume': None, 'pan': None, 'start_at': None, 'fade_in': None, 'fade_out': None, 'about_to_finish_time': -1.0, 'max_queue_time': -1.0, 'events_when_played': ['use_sound_setting'], 'events_when_stopped': ['use_sound_setting'], 'events_when_looping': ['use_sound_setting'], 'events_when_about_to_finish': ['use_sound_setting'], 'mode_end_action': 'use_sound_setting', 'key': 'use_sound_setting'}, 'mode_theme': {'action': 'stop', 'priority': None, 'block': False, 'delay': None, 'track': None, 'volume': None, 'pan': None, 'loops': None, 'start_at': None, 'fade_in': None, 'fade_out': None, 'about_to_finish_time': -1.0, 'max_queue_time': -1.0, 'events_when_played': ['use_sound_setting'], 'events_when_stopped': ['use_sound_setting'], 'events_when_looping': ['use_sound_setting'], 'events_when_about_to_finish': ['use_sound_setting'], 'mode_end_action': 'use_sound_setting', 'key': 'use_sound_setting'}}, 'context': '_global', 'calling_context': 'mode_spell_portal_started', 'priority': 0, 'player': 1, 'ball': 1, 'balls_remaining': 2, 'is_extra_ball': False}
2022-09-02 15:05:59,437 : EventManager : Event: ======'machine_var_audits_switches_s_action_button'====== Args={'value': 4257, 'prev_value': 4256, 'change': 1}
2022-09-02 15:05:59,631 : EventManager : Event: ======'sounds_play'====== Args={'settings': {'shooter_waiting': {'action': 'stop', 'priority': None, 'block': False, 'delay': None, 'track': None, 'volume': None, 'pan': None, 'loops': None, 'start_at': None, 'fade_in': None, 'fade_out': None, 'about_to_finish_time': -1.0, 'max_queue_time': -1.0, 'events_when_played': ['use_sound_setting'], 'events_when_stopped': ['use_sound_setting'], 'events_when_looping': ['use_sound_setting'], 'events_when_about_to_finish': ['use_sound_setting'], 'mode_end_action': 'use_sound_setting', 'key': 'use_sound_setting'}, 'default': {'action': 'play', 'loops': -1, 'track': 'music', 'priority': None, 'block': False, 'delay': None, 'volume': None, 'pan': None, 'start_at': None, 'fade_in': None, 'fade_out': None, 'about_to_finish_time': -1.0, 'max_queue_time': -1.0, 'events_when_played': ['use_sound_setting'], 'events_when_stopped': ['use_sound_setting'], 'events_when_looping': ['use_sound_setting'], 'events_when_about_to_finish': ['use_sound_setting'], 'mode_end_action': 'use_sound_setting', 'key': 'use_sound_setting'}}, 'context': '_global', 'calling_context': 's_drain_inactive', 'priority': 0}
2022-09-02 15:06:00,134 : EventManager : Event: ======'machine_var_audits_switches_s_left_sling'====== Args={'value': 7397, 'prev_value': 7396, 'change': 1}
2022-09-02 15:06:00,134 : EventManager : Event: ======'player_score'====== Args={'value': 1110, 'prev_value': 0, 'change': 1110, 'player_num': 1}
2022-09-02 15:06:00,135 : EventManager : Event: ======'player_switches'====== Args={'value': 1, 'prev_value': 0, 'change': 1, 'player_num': 1}
2022-09-02 15:06:03,108 : EventManager : Event: ======'machine_var_audits_switches_s_right_inlane_far'====== Args={'value': 6765, 'prev_value': 6764, 'change': 1}
2022-09-02 15:06:03,121 : EventManager : Event: ======'player_shot_portal_advance'====== Args={'value': 1, 'prev_value': 0, 'change': 1, 'player_num': 1}
2022-09-02 15:06:03,133 : EventManager : Event: ======'machine_var_audits_shots_portal_advance'====== Args={'value': 5004, 'prev_value': 5003, 'change': 1}
2022-09-02 15:06:03,133 : EventManager : Event: ======'player_score'====== Args={'value': 31110, 'prev_value': 1110, 'change': 30000, 'player_num': 1}
2022-09-02 15:06:03,134 : EventManager : Event: ======'player_switches'====== Args={'value': 2, 'prev_value': 1, 'change': 1, 'player_num': 1}
2022-09-02 15:06:03,135 : EventManager : Event: ======'player_combos_combo_timer_tick'====== Args={'value': 6, 'prev_value': 0, 'change': 6, 'player_num': 1}
2022-09-02 15:06:03,167 : EventManager : Event: ======'machine_var_audits_switches_s_right_inlane_far'====== Args={'value': 6766, 'prev_value': 6765, 'change': 1}
2022-09-02 15:06:03,167 : EventManager : Event: ======'machine_var_audits_shots_portal_advance'====== Args={'value': 5005, 'prev_value': 5004, 'change': 1}
2022-09-02 15:06:03,167 : EventManager : Event: ======'player_score'====== Args={'value': 61110, 'prev_value': 31110, 'change': 30000, 'player_num': 1}
2022-09-02 15:06:03,168 : EventManager : Event: ======'player_switches'====== Args={'value': 3, 'prev_value': 2, 'change': 1, 'player_num': 1}
2022-09-02 15:06:03,604 : EventManager : Event: ======'machine_var_audits_switches_s_right_inlane_far'====== Args={'value': 6767, 'prev_value': 6766, 'change': 1}
2022-09-02 15:06:03,605 : EventManager : Event: ======'machine_var_audits_shots_portal_advance'====== Args={'value': 5006, 'prev_value': 5005, 'change': 1}
2022-09-02 15:06:03,605 : EventManager : Event: ======'player_score'====== Args={'value': 91110, 'prev_value': 61110, 'change': 30000, 'player_num': 1}
2022-09-02 15:06:03,606 : EventManager : Event: ======'player_switches'====== Args={'value': 4, 'prev_value': 3, 'change': 1, 'player_num': 1}
2022-09-02 15:06:03,614 : EventManager : Event: ======'slides_play'====== Args={'settings': {'mode_lit_slide': {'expire': 2.0, 'target': None, 'background_color': [0.0, 0.0, 0.0, 1.0], 'priority': None, 'show': True, 'force': False, 'slide': None, 'tokens': {}, 'action': 'play'}}, 'context': 'mode_lit', 'calling_context': 'mode_mode_lit_started', 'priority': 800}
2022-09-02 15:06:03,615 : mpfmc : SlidePlayer: Play called with settings={'mode_lit_slide': {'expire': 2.0, 'target': None, 'background_color': [0.0, 0.0, 0.0, 1.0], 'priority': None, 'show': True, 'force': False, 'slide': None, 'tokens': {}, 'action': 'play'}}
2022-09-02 15:06:03,625 : EventManager : Event: ======'slide_mode_lit_slide_created'====== Args={}
2022-09-02 15:06:03,630 : EventManager : Event: ======'slide_mode_lit_slide_active'====== Args={}
2022-09-02 15:06:04,096 : EventManager : Event: ======'player_combos_combo_timer_tick'====== Args={'value': 5, 'prev_value': 6, 'change': -1, 'player_num': 1}
2022-09-02 15:06:04,133 : EventManager : Event: ======'machine_var_audits_switches_s_right_inlane_far'====== Args={'value': 6768, 'prev_value': 6767, 'change': 1}
2022-09-02 15:06:04,133 : EventManager : Event: ======'machine_var_audits_shots_portal_advance'====== Args={'value': 5007, 'prev_value': 5006, 'change': 1}
2022-09-02 15:06:04,134 : EventManager : Event: ======'player_score'====== Args={'value': 121110, 'prev_value': 91110, 'change': 30000, 'player_num': 1}
2022-09-02 15:06:04,134 : EventManager : Event: ======'player_switches'====== Args={'value': 5, 'prev_value': 4, 'change': 1, 'player_num': 1}
2022-09-02 15:06:04,135 : EventManager : Event: ======'player_combos_combo_timer_tick'====== Args={'value': 6, 'prev_value': 5, 'change': 1, 'player_num': 1}
2022-09-02 15:06:04,634 : EventManager : Event: ======'player_combos_combo_timer_tick'====== Args={'value': 5, 'prev_value': 6, 'change': -1, 'player_num': 1}
2022-09-02 15:06:05,131 : EventManager : Event: ======'player_combos_combo_timer_tick'====== Args={'value': 4, 'prev_value': 5, 'change': -1, 'player_num': 1}
2022-09-02 15:06:05,612 : EventManager : Event: ======'slide_mode_lit_slide_removed'====== Args={}
2022-09-02 15:06:05,613 : EventManager : Event: ======'slide_score_slide_active'====== Args={}
2022-09-02 15:06:05,624 : EventManager : Event: ======'player_combos_combo_timer_tick'====== Args={'value': 3, 'prev_value': 4, 'change': -1, 'player_num': 1}
2022-09-02 15:06:06,128 : EventManager : Event: ======'player_combos_combo_timer_tick'====== Args={'value': 2, 'prev_value': 3, 'change': -1, 'player_num': 1}
2022-09-02 15:06:06,632 : EventManager : Event: ======'player_combos_combo_timer_tick'====== Args={'value': 1, 'prev_value': 2, 'change': -1, 'player_num': 1}
2022-09-02 15:06:07,124 : EventManager : Event: ======'player_combos_combo_timer_tick'====== Args={'value': 0, 'prev_value': 1, 'change': -1, 'player_num': 1}
2022-09-02 15:06:09,368 : EventManager : Event: ======'machine_var_audits_switches_s_right_kicker'====== Args={'value': 1809, 'prev_value': 1808, 'change': 1}
2022-09-02 15:06:09,380 : EventManager : Event: ======'player_score'====== Args={'value': 136110, 'prev_value': 121110, 'change': 15000, 'player_num': 1}
2022-09-02 15:06:09,391 : EventManager : Event: ======'slides_clear'====== Args={'context': 'mode_lit'}
2022-09-02 15:06:09,392 : EventManager : Event: ======'slide_mode_lit_slide_removed'====== Args={}
2022-09-02 15:06:09,393 : EventManager : Event: ======'slides_play'====== Args={'settings': {'select_mission1': {'target': None, 'background_color': [0.0, 0.0, 0.0, 1.0], 'priority': None, 'show': True, 'force': False, 'expire': None, 'slide': None, 'tokens': {}, 'action': 'play'}}, 'context': 'carousel', 'calling_context': 'carousel_mission1_highlighted', 'priority': 90000, 'direction': None}
2022-09-02 15:06:09,394 : mpfmc : SlidePlayer: Play called with settings={'select_mission1': {'target': None, 'background_color': [0.0, 0.0, 0.0, 1.0], 'priority': None, 'show': True, 'force': False, 'expire': None, 'slide': None, 'tokens': {}, 'action': 'play'}}
2022-09-02 15:06:09,407 : EventManager : Event: ======'slide_select_mission1_created'====== Args={}
2022-09-02 15:06:09,411 : EventManager : Event: ======'slide_select_mission1_active'====== Args={}
2022-09-02 15:06:14,091 : EventManager : Event: ======'machine_var_audits_switches_s_action_button'====== Args={'value': 4258, 'prev_value': 4257, 'change': 1}
2022-09-02 15:06:14,363 : EventManager : Event: ======'player_modes_started'====== Args={'value': 1, 'prev_value': 0, 'change': 1, 'player_num': 1}
2022-09-02 15:06:14,364 : EventManager : Event: ======'player_selected_mission'====== Args={'value': 'mission1', 'prev_value': 0, 'change': True, 'player_num': 1}
2022-09-02 15:06:14,364 : EventManager : Event: ======'player_shot_left_loop_mission1_enabled'====== Args={'value': True, 'prev_value': 0, 'change': 1, 'player_num': 1}
2022-09-02 15:06:14,365 : EventManager : Event: ======'player_shot_right_loop_mission1_enabled'====== Args={'value': True, 'prev_value': 0, 'change': 1, 'player_num': 1}
2022-09-02 15:06:14,366 : EventManager : Event: ======'player_shot_center_drop_mission1_enabled'====== Args={'value': True, 'prev_value': 0, 'change': 1, 'player_num': 1}
2022-09-02 15:06:14,367 : EventManager : Event: ======'slides_clear'====== Args={'context': 'carousel'}
2022-09-02 15:06:14,368 : EventManager : Event: ======'slide_select_mission1_removed'====== Args={}
2022-09-02 15:06:14,369 : EventManager : Event: ======'sounds_play'====== Args={'settings': {'mode_theme': {'action': 'play', 'loops': -1, 'priority': None, 'block': False, 'delay': None, 'track': None, 'volume': None, 'pan': None, 'start_at': None, 'fade_in': None, 'fade_out': None, 'about_to_finish_time': -1.0, 'max_queue_time': -1.0, 'events_when_played': ['use_sound_setting'], 'events_when_stopped': ['use_sound_setting'], 'events_when_looping': ['use_sound_setting'], 'events_when_about_to_finish': ['use_sound_setting'], 'mode_end_action': 'use_sound_setting', 'key': 'use_sound_setting'}, 'default': {'action': 'stop', 'priority': None, 'block': False, 'delay': None, 'track': None, 'volume': None, 'pan': None, 'loops': None, 'start_at': None, 'fade_in': None, 'fade_out': None, 'about_to_finish_time': -1.0, 'max_queue_time': -1.0, 'events_when_played': ['use_sound_setting'], 'events_when_stopped': ['use_sound_setting'], 'events_when_looping': ['use_sound_setting'], 'events_when_about_to_finish': ['use_sound_setting'], 'mode_end_action': 'use_sound_setting', 'key': 'use_sound_setting'}}, 'context': '_global', 'calling_context': 'mode_carousel_stopped', 'priority': 0}
2022-09-02 15:06:14,370 : EventManager : Event: ======'player_multiplied_mode_value'====== Args={'value': 1000000, 'prev_value': 0, 'change': 1000000, 'player_num': 1}
2022-09-02 15:06:14,370 : EventManager : Event: ======'sounds_play'====== Args={'settings': {'carousel_select': {'action': 'play', 'priority': None, 'block': False, 'delay': None, 'track': None, 'volume': None, 'pan': None, 'loops': None, 'start_at': None, 'fade_in': None, 'fade_out': None, 'about_to_finish_time': -1.0, 'max_queue_time': -1.0, 'events_when_played': ['use_sound_setting'], 'events_when_stopped': ['use_sound_setting'], 'events_when_looping': ['use_sound_setting'], 'events_when_about_to_finish': ['use_sound_setting'], 'mode_end_action': 'use_sound_setting', 'key': 'use_sound_setting'}}, 'context': 'mission1', 'calling_context': 'mode_mission1_started', 'priority': 1000}
2022-09-02 15:06:14,371 : EventManager : Event: ======'slides_play'====== Args={'settings': {'score_slide_lava': {'target': None, 'background_color': [0.0, 0.0, 0.0, 1.0], 'priority': None, 'show': True, 'force': False, 'expire': None, 'slide': None, 'tokens': {}, 'action': 'play'}}, 'context': 'mission1', 'calling_context': 'mode_mission1_started', 'priority': 1000}
2022-09-02 15:06:14,372 : EventManager : Event: ======'player_mission1_timer_seconds'====== Args={'value': 60, 'prev_value': 0, 'change': 60, 'player_num': 1}
2022-09-02 15:06:14,373 : mpfmc : SoundPlayer: The specified sound does not exist ('carousel_select').
2022-09-02 15:06:14,374 : mpfmc : SlidePlayer: Play called with settings={'score_slide_lava': {'target': None, 'background_color': [0.0, 0.0, 0.0, 1.0], 'priority': None, 'show': True, 'force': False, 'expire': None, 'slide': None, 'tokens': {}, 'action': 'play'}}
2022-09-02 15:06:14,396 : EventManager : Event: ======'slide_score_slide_lava_created'====== Args={}
2022-09-02 15:06:14,404 : EventManager : Event: ======'slide_score_slide_lava_active'====== Args={}
2022-09-02 15:06:15,521 : EventManager : Event: ======'player_mission1_mission1_timer_tick'====== Args={'value': 59, 'prev_value': 0, 'change': 59, 'player_num': 1}
2022-09-02 15:06:15,521 : EventManager : Event: ======'player_mission1_timer_seconds'====== Args={'value': 59, 'prev_value': 60, 'change': -1, 'player_num': 1}
2022-09-02 15:06:16,718 : EventManager : Event: ======'player_mission1_mission1_timer_tick'====== Args={'value': 58, 'prev_value': 59, 'change': -1, 'player_num': 1}
2022-09-02 15:06:16,719 : EventManager : Event: ======'player_mission1_timer_seconds'====== Args={'value': 58, 'prev_value': 59, 'change': -1, 'player_num': 1}
2022-09-02 15:06:17,927 : EventManager : Event: ======'player_mission1_mission1_timer_tick'====== Args={'value': 57, 'prev_value': 58, 'change': -1, 'player_num': 1}
2022-09-02 15:06:17,927 : EventManager : Event: ======'player_mission1_timer_seconds'====== Args={'value': 57, 'prev_value': 58, 'change': -1, 'player_num': 1}
2022-09-02 15:06:19,127 : EventManager : Event: ======'player_mission1_mission1_timer_tick'====== Args={'value': 56, 'prev_value': 57, 'change': -1, 'player_num': 1}
2022-09-02 15:06:19,127 : EventManager : Event: ======'player_mission1_timer_seconds'====== Args={'value': 56, 'prev_value': 57, 'change': -1, 'player_num': 1}
2022-09-02 15:06:20,329 : EventManager : Event: ======'player_mission1_mission1_timer_tick'====== Args={'value': 55, 'prev_value': 56, 'change': -1, 'player_num': 1}
2022-09-02 15:06:20,329 : EventManager : Event: ======'player_mission1_timer_seconds'====== Args={'value': 55, 'prev_value': 56, 'change': -1, 'player_num': 1}
2022-09-02 15:06:21,525 : EventManager : Event: ======'player_mission1_mission1_timer_tick'====== Args={'value': 54, 'prev_value': 55, 'change': -1, 'player_num': 1}
2022-09-02 15:06:21,526 : EventManager : Event: ======'player_mission1_timer_seconds'====== Args={'value': 54, 'prev_value': 55, 'change': -1, 'player_num': 1}
2022-09-02 15:06:22,729 : EventManager : Event: ======'player_mission1_mission1_timer_tick'====== Args={'value': 53, 'prev_value': 54, 'change': -1, 'player_num': 1}
2022-09-02 15:06:22,729 : EventManager : Event: ======'player_mission1_timer_seconds'====== Args={'value': 53, 'prev_value': 54, 'change': -1, 'player_num': 1}
2022-09-02 15:06:23,926 : EventManager : Event: ======'player_mission1_mission1_timer_tick'====== Args={'value': 52, 'prev_value': 53, 'change': -1, 'player_num': 1}
2022-09-02 15:06:23,926 : EventManager : Event: ======'player_mission1_timer_seconds'====== Args={'value': 52, 'prev_value': 53, 'change': -1, 'player_num': 1}
2022-09-02 15:06:25,127 : EventManager : Event: ======'player_mission1_mission1_timer_tick'====== Args={'value': 51, 'prev_value': 52, 'change': -1, 'player_num': 1}
2022-09-02 15:06:25,127 : EventManager : Event: ======'player_mission1_timer_seconds'====== Args={'value': 51, 'prev_value': 52, 'change': -1, 'player_num': 1}
2022-09-02 15:06:26,326 : EventManager : Event: ======'player_mission1_mission1_timer_tick'====== Args={'value': 50, 'prev_value': 51, 'change': -1, 'player_num': 1}
2022-09-02 15:06:26,326 : EventManager : Event: ======'player_mission1_timer_seconds'====== Args={'value': 50, 'prev_value': 51, 'change': -1, 'player_num': 1}
2022-09-02 15:06:27,530 : EventManager : Event: ======'player_mission1_mission1_timer_tick'====== Args={'value': 49, 'prev_value': 50, 'change': -1, 'player_num': 1}
2022-09-02 15:06:27,530 : EventManager : Event: ======'player_mission1_timer_seconds'====== Args={'value': 49, 'prev_value': 50, 'change': -1, 'player_num': 1}
2022-09-02 15:06:28,735 : EventManager : Event: ======'player_mission1_mission1_timer_tick'====== Args={'value': 48, 'prev_value': 49, 'change': -1, 'player_num': 1}
2022-09-02 15:06:28,736 : EventManager : Event: ======'player_mission1_timer_seconds'====== Args={'value': 48, 'prev_value': 49, 'change': -1, 'player_num': 1}
2022-09-02 15:06:29,913 : EventManager : Event: ======'player_mission1_mission1_timer_tick'====== Args={'value': 47, 'prev_value': 48, 'change': -1, 'player_num': 1}
2022-09-02 15:06:29,914 : EventManager : Event: ======'player_mission1_timer_seconds'====== Args={'value': 47, 'prev_value': 48, 'change': -1, 'player_num': 1}
2022-09-02 15:06:31,125 : EventManager : Event: ======'player_mission1_mission1_timer_tick'====== Args={'value': 46, 'prev_value': 47, 'change': -1, 'player_num': 1}
2022-09-02 15:06:31,125 : EventManager : Event: ======'player_mission1_timer_seconds'====== Args={'value': 46, 'prev_value': 47, 'change': -1, 'player_num': 1}
2022-09-02 15:06:32,316 : EventManager : Event: ======'player_mission1_mission1_timer_tick'====== Args={'value': 45, 'prev_value': 46, 'change': -1, 'player_num': 1}
2022-09-02 15:06:32,316 : EventManager : Event: ======'player_mission1_timer_seconds'====== Args={'value': 45, 'prev_value': 46, 'change': -1, 'player_num': 1}
2022-09-02 15:06:33,525 : EventManager : Event: ======'player_mission1_mission1_timer_tick'====== Args={'value': 44, 'prev_value': 45, 'change': -1, 'player_num': 1}
2022-09-02 15:06:33,526 : EventManager : Event: ======'player_mission1_timer_seconds'====== Args={'value': 44, 'prev_value': 45, 'change': -1, 'player_num': 1}
2022-09-02 15:06:34,081 : EventManager : Event: ======'machine_var_audits_switches_s_drain'====== Args={'value': 2905, 'prev_value': 2904, 'change': 1}
2022-09-02 15:06:34,613 : EventManager : Event: ======'player_combos_25k'====== Args={'value': 0, 'prev_value': 0, 'change': 0, 'player_num': 1}
2022-09-02 15:06:34,613 : EventManager : Event: ======'player_switches_100'====== Args={'value': 500, 'prev_value': 0, 'change': 500, 'player_num': 1}
2022-09-02 15:06:34,614 : EventManager : Event: ======'player_modes_started_100k'====== Args={'value': 100000, 'prev_value': 0, 'change': 100000, 'player_num': 1}
2022-09-02 15:06:34,614 : EventManager : Event: ======'player_crystals_1mil'====== Args={'value': 0, 'prev_value': 0, 'change': 0, 'player_num': 1}
2022-09-02 15:06:34,615 : EventManager : Event: ======'slides_play'====== Args={'settings': {'bonus_start_slide': {'target': None, 'background_color': [0.0, 0.0, 0.0, 1.0], 'priority': None, 'show': True, 'force': False, 'expire': None, 'slide': None, 'tokens': {}, 'action': 'play'}}, 'context': 'bonus', 'calling_context': 'mode_bonus_started', 'priority': 50000, 'queue': '<QueuedEvent>'}
2022-09-02 15:06:34,616 : mpfmc : SlidePlayer: Play called with settings={'bonus_start_slide': {'target': None, 'background_color': [0.0, 0.0, 0.0, 1.0], 'priority': None, 'show': True, 'force': False, 'expire': None, 'slide': None, 'tokens': {}, 'action': 'play'}}
2022-09-02 15:06:34,626 : EventManager : Event: ======'slide_bonus_start_slide_created'====== Args={}
2022-09-02 15:06:34,631 : EventManager : Event: ======'slide_bonus_start_slide_active'====== Args={}
2022-09-02 15:06:34,635 : EventManager : Event: ======'sounds_clear'====== Args={'context': 'mission1'}
2022-09-02 15:06:34,635 : EventManager : Event: ======'slides_clear'====== Args={'context': 'mission1'}
2022-09-02 15:06:34,636 : EventManager : Event: ======'slide_score_slide_lava_removed'====== Args={}
2022-09-02 15:06:34,637 : EventManager : Event: ======'player_mission1_total'====== Args={'value': 0, 'prev_value': 0, 'change': 0, 'player_num': 1}
2022-09-02 15:06:34,637 : EventManager : Event: ======'sounds_play'====== Args={'settings': {'default': {'action': 'play', 'loops': -1, 'track': 'music', 'priority': None, 'block': False, 'delay': None, 'volume': None, 'pan': None, 'start_at': None, 'fade_in': None, 'fade_out': None, 'about_to_finish_time': -1.0, 'max_queue_time': -1.0, 'events_when_played': ['use_sound_setting'], 'events_when_stopped': ['use_sound_setting'], 'events_when_looping': ['use_sound_setting'], 'events_when_about_to_finish': ['use_sound_setting'], 'mode_end_action': 'use_sound_setting', 'key': 'use_sound_setting'}, 'mode_theme': {'action': 'stop', 'priority': None, 'block': False, 'delay': None, 'track': None, 'volume': None, 'pan': None, 'loops': None, 'start_at': None, 'fade_in': None, 'fade_out': None, 'about_to_finish_time': -1.0, 'max_queue_time': -1.0, 'events_when_played': ['use_sound_setting'], 'events_when_stopped': ['use_sound_setting'], 'events_when_looping': ['use_sound_setting'], 'events_when_about_to_finish': ['use_sound_setting'], 'mode_end_action': 'use_sound_setting', 'key': 'use_sound_setting'}}, 'context': '_global', 'calling_context': 'mode_spell_portal_started', 'priority': 0}
2022-09-02 15:06:35,384 : EventManager : Event: ======'slides_play'====== Args={'settings': {'bonus_switches_slide': {'target': None, 'background_color': [0.0, 0.0, 0.0, 1.0], 'priority': None, 'show': True, 'force': False, 'expire': None, 'slide': None, 'tokens': {}, 'action': 'play'}}, 'context': 'bonus', 'calling_context': 'bonus_switches', 'priority': 50000, 'score': 500, 'bonus_score': 500, 'hits': 1}
2022-09-02 15:06:35,385 : mpfmc : SlidePlayer: Play called with settings={'bonus_switches_slide': {'target': None, 'background_color': [0.0, 0.0, 0.0, 1.0], 'priority': None, 'show': True, 'force': False, 'expire': None, 'slide': None, 'tokens': {}, 'action': 'play'}}
2022-09-02 15:06:35,401 : EventManager : Event: ======'slide_bonus_switches_slide_created'====== Args={}
2022-09-02 15:06:35,410 : EventManager : Event: ======'slide_bonus_switches_slide_active'====== Args={}
2022-09-02 15:06:36,130 : EventManager : Event: ======'slides_play'====== Args={'settings': {'bonus_modes_started_slide': {'target': None, 'background_color': [0.0, 0.0, 0.0, 1.0], 'priority': None, 'show': True, 'force': False, 'expire': None, 'slide': None, 'tokens': {}, 'action': 'play'}}, 'context': 'bonus', 'calling_context': 'bonus_modes_started', 'priority': 50000, 'score': 100000, 'bonus_score': 100500, 'hits': 1}
2022-09-02 15:06:36,131 : mpfmc : SlidePlayer: Play called with settings={'bonus_modes_started_slide': {'target': None, 'background_color': [0.0, 0.0, 0.0, 1.0], 'priority': None, 'show': True, 'force': False, 'expire': None, 'slide': None, 'tokens': {}, 'action': 'play'}}
2022-09-02 15:06:36,149 : EventManager : Event: ======'slide_bonus_modes_started_slide_created'====== Args={}
2022-09-02 15:06:36,160 : EventManager : Event: ======'slide_bonus_modes_started_slide_active'====== Args={}
2022-09-02 15:06:36,873 : EventManager : Event: ======'player_score'====== Args={'value': 236610, 'prev_value': 136110, 'change': 100500, 'player_num': 1}
2022-09-02 15:06:36,873 : EventManager : Event: ======'slides_play'====== Args={'settings': {'bonus_total_slide': {'target': None, 'background_color': [0.0, 0.0, 0.0, 1.0], 'priority': None, 'show': True, 'force': False, 'expire': None, 'slide': None, 'tokens': {}, 'action': 'play'}}, 'context': 'bonus', 'calling_context': 'bonus_total', 'priority': 50000, 'score': 100500}
2022-09-02 15:06:36,876 : mpfmc : SlidePlayer: Play called with settings={'bonus_total_slide': {'target': None, 'background_color': [0.0, 0.0, 0.0, 1.0], 'priority': None, 'show': True, 'force': False, 'expire': None, 'slide': None, 'tokens': {}, 'action': 'play'}}
2022-09-02 15:06:36,887 : EventManager : Event: ======'slide_bonus_total_slide_created'====== Args={}
2022-09-02 15:06:36,894 : EventManager : Event: ======'slide_bonus_total_slide_active'====== Args={}
2022-09-02 15:06:37,631 : EventManager : Event: ======'slides_clear'====== Args={'context': 'bonus'}
2022-09-02 15:06:37,632 : EventManager : Event: ======'slide_bonus_start_slide_removed'====== Args={}
2022-09-02 15:06:37,632 : EventManager : Event: ======'slide_bonus_switches_slide_removed'====== Args={}
2022-09-02 15:06:37,634 : EventManager : Event: ======'slide_bonus_modes_started_slide_removed'====== Args={}
2022-09-02 15:06:37,635 : EventManager : Event: ======'slide_bonus_total_slide_removed'====== Args={}
2022-09-02 15:06:37,635 : EventManager : Event: ======'slides_clear'====== Args={'context': 'base'}
2022-09-02 15:06:37,636 : EventManager : Event: ======'slide_score_slide_removed'====== Args={}
2022-09-02 15:06:37,638 : EventManager : Event: ======'slide_window1_blank_active'====== Args={}
2022-09-02 15:06:37,643 : EventManager : Event: ======'slides_clear'====== Args={'context': 'combos'}
2022-09-02 15:06:37,655 : EventManager : Event: ======'player_ball'====== Args={'value': 2, 'prev_value': 1, 'change': 1, 'player_num': 1}
2022-09-02 15:06:37,668 : EventManager : Event: ======'player_combos_combo_timer_tick'====== Args={'value': 6, 'prev_value': 0, 'change': 6, 'player_num': 1}
2022-09-02 15:06:37,681 : kivy : Base: Leaving application in progress...
2022-09-02 15:06:37,996 : mpfmc : Stopping...
2022-09-02 15:06:37,996 : EventManager : Event: ======'shutdown'====== Args={}
2022-09-02 15:06:37,996 : AudioInterface : Disabling audio playback
2022-09-02 15:06:37,996 : mpfmc : Loop rate 70.13 Hz
2022-09-02 15:06:37,996 : kivy : MC run loop ended.
2022-09-02 15:06:37,996 : kivy : Stopping child threads... (3 remaining)
2022-09-02 15:06:38,646 : MPF-MC BCP Server : Stopping BCP sending thread
2022-09-02 15:06:38,996 : mpfmc : Stopping...
2022-09-02 15:06:38,996 : EventManager : Event: ======'shutdown'====== Args={}
2022-09-02 15:06:38,997 : mpfmc : Loop rate 68.73 Hz
2022-09-02 15:06:39,029 : kivy : All child threads stopped.
