2022-08-22 20:08:50,940 : INFO : root : Loading config.
2022-08-22 20:08:51,461 : INFO : ConfigProcessor : Config spec file cache created: C:\Users\Brendan\AppData\Local\Temp\config_spec.mpf_cache
2022-08-22 20:08:51,461 : INFO : YamlMultifileConfigLoader : Machine config file #1: config.yaml
2022-08-22 20:08:51,462 : INFO : ConfigProcessor : Loading config from cache: C:\Users\Brendan\AppData\Local\Temp\bccefe987bb586eace29905fa80cab57.mpf_cache
2022-08-22 20:08:51,519 : INFO : ConfigProcessor : Loading config from cache: C:\Users\Brendan\AppData\Local\Temp\467e7647689d29fad6adf949e1f4d51d.mpf_cache
2022-08-22 20:08:51,520 : INFO : ConfigProcessor : Loading config from cache: C:\Users\Brendan\AppData\Local\Temp\5550e037aa776b42b91b29b40b356c70.mpf_cache
2022-08-22 20:08:51,521 : INFO : ConfigProcessor : Loading config from cache: C:\Users\Brendan\AppData\Local\Temp\15e0c601392b30c3d9ba3ead8131edb5.mpf_cache
2022-08-22 20:08:51,522 : INFO : ConfigProcessor : Loading config from cache: C:\Users\Brendan\AppData\Local\Temp\0bf50917c4ef15ab65ee13d6c14e7d7c.mpf_cache
2022-08-22 20:08:51,523 : INFO : ConfigProcessor : Loading config from cache: C:\Users\Brendan\AppData\Local\Temp\bc7da7b13b2754e080c2afa0678ac274.mpf_cache
2022-08-22 20:08:51,524 : INFO : ConfigProcessor : Loading config from cache: C:\Users\Brendan\AppData\Local\Temp\bbd59d0bb6602ee0c5a89d6f85e6dd42.mpf_cache
2022-08-22 20:08:51,525 : INFO : ConfigProcessor : Loading config from cache: C:\Users\Brendan\AppData\Local\Temp\5526c78976fee311c3d05505d75f653d.mpf_cache
2022-08-22 20:08:51,525 : INFO : ConfigProcessor : Loading config from cache: C:\Users\Brendan\AppData\Local\Temp\6e95138ae5415fc76b53ebf8fa245fb5.mpf_cache
2022-08-22 20:08:51,526 : INFO : ConfigProcessor : Loading config from cache: C:\Users\Brendan\AppData\Local\Temp\1ec1c4dffb383758956493783a9ed391.mpf_cache
2022-08-22 20:08:51,527 : INFO : ConfigProcessor : Loading config from cache: C:\Users\Brendan\AppData\Local\Temp\f2aee92728c8017b77c710c804dd7f5a.mpf_cache
2022-08-22 20:08:51,528 : INFO : ConfigProcessor : Loading config from cache: C:\Users\Brendan\AppData\Local\Temp\88f57fa1305e9dc100972ec9f84d57fe.mpf_cache
2022-08-22 20:08:51,529 : INFO : ConfigProcessor : Loading config from cache: C:\Users\Brendan\AppData\Local\Temp\6e00a9d794d4c3f43a0fc48da04dac60.mpf_cache
2022-08-22 20:08:51,530 : INFO : ConfigProcessor : Loading config from cache: C:\Users\Brendan\AppData\Local\Temp\05ef98219fc733c3bcab58726c4b37ef.mpf_cache
2022-08-22 20:08:51,531 : INFO : ConfigProcessor : Loading config from cache: C:\Users\Brendan\AppData\Local\Temp\c22d657a5a7bb60632c2be2c735e073b.mpf_cache
2022-08-22 20:08:51,532 : INFO : ConfigProcessor : Loading config from cache: C:\Users\Brendan\AppData\Local\Temp\f7d4f5eb9425fe84d2e83a363afd4bdf.mpf_cache
2022-08-22 20:08:51,533 : INFO : ConfigProcessor : Loading config from cache: C:\Users\Brendan\AppData\Local\Temp\125f51d329f930ea7bff10973551cc26.mpf_cache
2022-08-22 20:08:51,533 : INFO : ConfigProcessor : Loading config from cache: C:\Users\Brendan\AppData\Local\Temp\08e18dfdf4e02cd29cc0cc52be2faaf4.mpf_cache
2022-08-22 20:08:51,534 : INFO : ConfigProcessor : Loading config from cache: C:\Users\Brendan\AppData\Local\Temp\f042f5bf6362b9e04d43b40b93a92057.mpf_cache
2022-08-22 20:08:51,535 : INFO : ConfigProcessor : Loading config from cache: C:\Users\Brendan\AppData\Local\Temp\60badac06cd62deb71f25fac24b103c2.mpf_cache
2022-08-22 20:08:51,536 : INFO : ConfigProcessor : Loading config from cache: C:\Users\Brendan\AppData\Local\Temp\a3ad1aeb679a0686901de8a6ffe784f0.mpf_cache
2022-08-22 20:08:51,536 : WARNING : ConfigProcessor : Config file in cache changed: C:\Baby_pacman_code\machine\modes\playfield_multiplier\config\playfield_multiplier.yaml
2022-08-22 20:08:51,537 : INFO : ConfigProcessor : Loading config from file C:\Baby_pacman_code\machine\modes\playfield_multiplier\config\playfield_multiplier.yaml.
2022-08-22 20:08:51,553 : INFO : ConfigProcessor : Loading config: C:\Baby_pacman_code\machine\modes\playfield_multiplier\config\playfield_multiplier.yaml
2022-08-22 20:08:51,554 : INFO : ConfigProcessor : Config file cache created: C:\Users\Brendan\AppData\Local\Temp\d7856287e4ec48fb5adaa65e5f7b2848.mpf_cache
2022-08-22 20:08:51,555 : INFO : ConfigProcessor : Loading config from cache: C:\Users\Brendan\AppData\Local\Temp\4849f32e60febd99d83791f2417d9a0f.mpf_cache
2022-08-22 20:08:51,555 : INFO : ConfigProcessor : Loading config from cache: C:\Users\Brendan\AppData\Local\Temp\942a9c8af084c06606ececc74db0a30f.mpf_cache
2022-08-22 20:08:51,556 : INFO : ConfigProcessor : Loading config from cache: C:\Users\Brendan\AppData\Local\Temp\d3a5f9b6ba13782c30d3f4f7e40a9dcf.mpf_cache
2022-08-22 20:08:51,557 : INFO : ConfigProcessor : Loading config from cache: C:\Users\Brendan\AppData\Local\Temp\bb2305c107159ac261738ee6fa5177f9.mpf_cache
2022-08-22 20:08:51,558 : INFO : ConfigProcessor : Loading config from cache: C:\Users\Brendan\AppData\Local\Temp\5e8fe62f7d4a280c75af4e016e79234a.mpf_cache
2022-08-22 20:08:51,558 : INFO : ConfigProcessor : Loading config from cache: C:\Users\Brendan\AppData\Local\Temp\7934ad8984867b043b25c8f1f16418da.mpf_cache
2022-08-22 20:08:51,559 : INFO : ConfigProcessor : Loading config from cache: C:\Users\Brendan\AppData\Local\Temp\201f4c0a0d10e05df2979372d05b639d.mpf_cache
2022-08-22 20:08:51,559 : INFO : ConfigProcessor : Loading config from cache: C:\Users\Brendan\AppData\Local\Temp\29084e75e573608c6a2e9d91f8c2e516.mpf_cache
2022-08-22 20:08:51,560 : INFO : ConfigProcessor : Loading config from cache: C:\Users\Brendan\AppData\Local\Temp\c1a52d9ec6beffcf3a0c74172f4f1789.mpf_cache
2022-08-22 20:08:51,561 : INFO : ConfigProcessor : Loading config from cache: C:\Users\Brendan\AppData\Local\Temp\1a7cfdccecce53cd51775700aa921808.mpf_cache
2022-08-22 20:08:51,562 : INFO : ConfigProcessor : Loading config from cache: C:\Users\Brendan\AppData\Local\Temp\bbeb6a5751b9d2029aa6e8633936e040.mpf_cache
2022-08-22 20:08:51,562 : INFO : ConfigProcessor : Loading config from cache: C:\Users\Brendan\AppData\Local\Temp\396defae609afab4d6d7399595fd494b.mpf_cache
2022-08-22 20:08:51,563 : INFO : ConfigProcessor : Loading config from cache: C:\Users\Brendan\AppData\Local\Temp\df5b128cf73808572dcd58af6b99a12a.mpf_cache
2022-08-22 20:08:51,564 : INFO : ConfigProcessor : Loading config from cache: C:\Users\Brendan\AppData\Local\Temp\b16abd66a20b52f76df13eb007a93cde.mpf_cache
2022-08-22 20:08:51,564 : INFO : ConfigProcessor : Loading config from cache: C:\Users\Brendan\AppData\Local\Temp\09ddf149c2750d0dc18124afb4ec1692.mpf_cache
2022-08-22 20:08:51,565 : INFO : ConfigProcessor : Loading config from cache: C:\Users\Brendan\AppData\Local\Temp\dc261f740d4fb0b58874215bc05837b4.mpf_cache
2022-08-22 20:08:51,566 : INFO : ConfigProcessor : Loading config from cache: C:\Users\Brendan\AppData\Local\Temp\fd5b67850c190931870595f7ba331325.mpf_cache
2022-08-22 20:08:51,566 : INFO : ConfigProcessor : Loading config from cache: C:\Users\Brendan\AppData\Local\Temp\7fa0bf6f8a3d06d96f9daba2d24e8451.mpf_cache
2022-08-22 20:08:51,567 : INFO : ConfigProcessor : Loading config from cache: C:\Users\Brendan\AppData\Local\Temp\17652c03725ec0d5dc66b35abdc504c5.mpf_cache
2022-08-22 20:08:51,567 : INFO : ConfigProcessor : Loading config from cache: C:\Users\Brendan\AppData\Local\Temp\f6549f0a1a12987384ccc86b9df17004.mpf_cache
2022-08-22 20:08:51,568 : INFO : ConfigProcessor : Loading config from cache: C:\Users\Brendan\AppData\Local\Temp\d416d6f9f35dec068a811f18f969a8db.mpf_cache
2022-08-22 20:08:51,569 : INFO : ConfigProcessor : Loading config from cache: C:\Users\Brendan\AppData\Local\Temp\2cbb22f93ff96ef242a9a2d7465f7b14.mpf_cache
2022-08-22 20:08:51,570 : INFO : ConfigProcessor : Loading config from cache: C:\Users\Brendan\AppData\Local\Temp\5b43fbcb021f3ce97d73fdb8a470eae4.mpf_cache
2022-08-22 20:08:51,570 : INFO : ConfigProcessor : Loading config from cache: C:\Users\Brendan\AppData\Local\Temp\6d994d077edad00fe01353c1bfbf6638.mpf_cache
2022-08-22 20:08:51,571 : INFO : ConfigProcessor : Loading config from cache: C:\Users\Brendan\AppData\Local\Temp\df6e37541f81fc1a6e02dbcf98e0d10b.mpf_cache
2022-08-22 20:08:51,572 : INFO : ConfigProcessor : Loading config from cache: C:\Users\Brendan\AppData\Local\Temp\c5e911b563ca93c8e10ce7743f92e657.mpf_cache
2022-08-22 20:08:51,572 : INFO : ConfigProcessor : Loading config from cache: C:\Users\Brendan\AppData\Local\Temp\99ecafb2993dab1e69369c4f69529b6f.mpf_cache
2022-08-22 20:08:51,573 : INFO : ConfigProcessor : Loading config from cache: C:\Users\Brendan\AppData\Local\Temp\57f2f8973b8bd58edd1d215976151c60.mpf_cache
2022-08-22 20:08:51,574 : INFO : ConfigProcessor : Loading config from cache: C:\Users\Brendan\AppData\Local\Temp\19f702536b27ff66106645e85afb027e.mpf_cache
2022-08-22 20:08:51,575 : INFO : ConfigProcessor : Loading config from cache: C:\Users\Brendan\AppData\Local\Temp\c17101e4486856bd6430e66412997ee7.mpf_cache
2022-08-22 20:08:51,576 : INFO : ConfigProcessor : Loading config from cache: C:\Users\Brendan\AppData\Local\Temp\c5b3b18e965344eb40bdf988f6d052aa.mpf_cache
2022-08-22 20:08:51,577 : INFO : Machine : Mission Pinball Framework Core Engine v0.55.0
2022-08-22 20:08:51,577 : INFO : Machine : Command line arguments: {'no_load_cache': False, 'create_config_cache': True, 'bcp': True, 'configfile': ['config.yaml'], 'force_assets_load': False, 'jsonlogging': False, 'logfile': 'logs\\2022-08-22-20-08-50-mpf-Pinball-PC.log', 'pause': False, 'production': False, 'text_ui': True, 'loglevel': 15, 'consoleloglevel': 20, 'force_platform': None, 'syslog_address': None, 'mc_file_name': None, 'no_sound': False}
2022-08-22 20:08:51,577 : INFO : Machine : MPF path: c:\users\brendan\appdata\local\programs\python\python37\lib\site-packages\mpf
2022-08-22 20:08:51,578 : INFO : Machine : Machine path: C:\Baby_pacman_code\machine
2022-08-22 20:08:51,578 : INFO : Machine : Platform: win32
2022-08-22 20:08:51,578 : INFO : Machine : Python executable location: c:\users\brendan\appdata\local\programs\python\python37\python.exe
2022-08-22 20:08:51,578 : INFO : Machine : Python version: 3.7.8 (64-bit)
2022-08-22 20:08:51,579 : INFO : Machine : Initialise MPF.
2022-08-22 20:08:51,731 : INFO : FAST : Connecting to com7 at 921600bps
2022-08-22 20:08:51,764 : INFO : FAST : Connected! Processor: NET, Board Type: FP-CPU-002-2, Firmware: 01.05
2022-08-22 20:08:51,764 : INFO : EventManager : Event: ======'machine_var_fast_net_firmware'====== Args={'value': '01.05', 'prev_value': None, 'change': True}
2022-08-22 20:08:51,764 : INFO : EventManager : Event: ======'machine_var_fast_net_model'====== Args={'value': 'FP-CPU-002-2', 'prev_value': None, 'change': True}
2022-08-22 20:08:54,126 : WARNING : FAST : Got unexpected message from FAST: -N:06
2022-08-22 20:08:54,126 : WARNING : FAST : Got unexpected message from FAST: -N:13
2022-08-22 20:08:54,164 : INFO : FAST : Connecting to com8 at 921600bps
2022-08-22 20:08:54,212 : INFO : FAST : Connected! Processor: RGB, Board Type: FP-CPU-002-2, Firmware: 01.00
2022-08-22 20:08:54,212 : INFO : EventManager : Event: ======'machine_var_fast_rgb_firmware'====== Args={'value': '01.00', 'prev_value': None, 'change': True}
2022-08-22 20:08:54,213 : INFO : EventManager : Event: ======'machine_var_fast_rgb_model'====== Args={'value': 'FP-CPU-002-2', 'prev_value': None, 'change': True}
2022-08-22 20:08:54,213 : INFO : EventManager : Event: ======'machine_var_credits_string'====== Args={'value': 'FREE PLAY', 'prev_value': None, 'change': True}
2022-08-22 20:08:54,285 : INFO : EventManager : Event: ======'machine_var_master_volume'====== Args={'value': 0.5, 'prev_value': None, 'change': True}
2022-08-22 20:08:54,285 : INFO : EventManager : Event: ======'machine_var_player1_score'====== Args={'value': 21708080, 'prev_value': None, 'change': True}
2022-08-22 20:08:54,285 : INFO : EventManager : Event: ======'machine_var_mpf_version'====== Args={'value': 'MPF v0.55.0', 'prev_value': None, 'change': True}
2022-08-22 20:08:54,285 : INFO : EventManager : Event: ======'machine_var_mpf_extended_version'====== Args={'value': 'MPF v0.55.0, Config version:5, Show version: 5, BCP version:1.1', 'prev_value': None, 'change': True}
2022-08-22 20:08:54,286 : INFO : EventManager : Event: ======'machine_var_python_version'====== Args={'value': '3.7.8', 'prev_value': None, 'change': True}
2022-08-22 20:08:54,286 : INFO : EventManager : Event: ======'machine_var_platform'====== Args={'value': 'Windows-7-6.1.7601-SP1', 'prev_value': None, 'change': True}
2022-08-22 20:08:54,286 : INFO : EventManager : Event: ======'machine_var_platform_system'====== Args={'value': 'Windows', 'prev_value': None, 'change': True}
2022-08-22 20:08:54,286 : INFO : EventManager : Event: ======'machine_var_platform_release'====== Args={'value': '7', 'prev_value': None, 'change': True}
2022-08-22 20:08:54,286 : INFO : EventManager : Event: ======'machine_var_platform_version'====== Args={'value': '6.1.7601', 'prev_value': None, 'change': True}
2022-08-22 20:08:54,286 : INFO : EventManager : Event: ======'machine_var_platform_machine'====== Args={'value': 'AMD64', 'prev_value': None, 'change': True}
2022-08-22 20:08:54,286 : INFO : EventManager : Event: ======'init_phase_1'====== Args={}
2022-08-22 20:08:54,369 : INFO : EventManager : Event: ======'drop_target_bank_main_up'====== Args={}
2022-08-22 20:08:54,380 : INFO : EventManager : Event: ======'init_phase_2'====== Args={}
2022-08-22 20:08:54,380 : INFO : SwitchController : Found active switch: (('06', 1), <Platform.FAST>) <switch.s_right_captive_ball>
2022-08-22 20:08:54,380 : INFO : SwitchController : Found active switch: (('13', 1), <Platform.FAST>) <switch.s_drain>
2022-08-22 20:08:54,420 : INFO : EventManager : Event: ======'bcp_connection_attempt'====== Args={'name': 'local_display', 'host': 'localhost', 'port': 5050}
2022-08-22 20:08:54,422 : INFO : BCPClientSocket : Connecting BCP to 'local_display' at localhost:5050...
2022-08-22 20:08:55,421 : WARNING : FAST : Port com7 was blocked for more than 1s. Reseting send queue! If this happens frequently report a bug!
2022-08-22 20:08:56,419 : WARNING : FAST : Port com7 was blocked for more than 1s. Reseting send queue! If this happens frequently report a bug!
2022-08-22 20:08:57,532 : INFO : BCPClientSocket : Connected BCP to 'local_display' localhost:5050
2022-08-22 20:08:57,534 : INFO : EventManager : Event: ======'bcp_clients_connected'====== Args={}
2022-08-22 20:08:57,546 : INFO : ball_device.bd_drain : BCH: Initial count: 1
2022-08-22 20:08:57,547 : INFO : EventManager : Event: ======'machine_var_mc_version'====== Args={'value': 'MPF-MC v0.55.0', 'prev_value': None, 'change': True}
2022-08-22 20:08:57,547 : INFO : EventManager : Event: ======'machine_var_mc_extended_version'====== Args={'value': 'MPF-MC v0.55.0 (config_version=5, BCP v1.1, Requires MPF v0.55.0-dev.49)', 'prev_value': None, 'change': True}
2022-08-22 20:08:57,550 : INFO : ball_device.bd_drain : State: idle
2022-08-22 20:08:57,573 : INFO : ball_device.bd_left_kicker : BCH: Initial count: 0
2022-08-22 20:08:57,573 : INFO : ball_device.bd_left_kicker : State: idle
2022-08-22 20:08:57,574 : INFO : ball_device.bd_right_kicker : BCH: Initial count: 0
2022-08-22 20:08:57,574 : INFO : ball_device.bd_right_kicker : State: idle
2022-08-22 20:08:57,636 : INFO : EventManager : Event: ======'init_phase_3'====== Args={}
2022-08-22 20:08:58,022 : INFO : EventManager : Event: ======'init_phase_4'====== Args={}
2022-08-22 20:08:58,027 : INFO : EventManager : Event: ======'playfield_active'====== Args={}
2022-08-22 20:08:58,027 : INFO : EventManager : Event: ======'unexpected_ball_on_playfield'====== Args={}
2022-08-22 20:08:58,027 : INFO : EventManager : Event: ======'playfield_active'====== Args={}
2022-08-22 20:08:58,027 : INFO : EventManager : Event: ======'unexpected_ball_on_playfield'====== Args={}
2022-08-22 20:08:58,027 : INFO : EventManager : Event: ======'playfield_active'====== Args={}
2022-08-22 20:08:58,027 : INFO : EventManager : Event: ======'unexpected_ball_on_playfield'====== Args={}
2022-08-22 20:08:58,027 : INFO : EventManager : Event: ======'playfield_active'====== Args={}
2022-08-22 20:08:58,027 : INFO : EventManager : Event: ======'unexpected_ball_on_playfield'====== Args={}
2022-08-22 20:08:58,027 : INFO : EventManager : Event: ======'playfield_active'====== Args={}
2022-08-22 20:08:58,027 : INFO : EventManager : Event: ======'unexpected_ball_on_playfield'====== Args={}
2022-08-22 20:08:58,028 : INFO : BallController : Initial balls found: 1
2022-08-22 20:08:58,030 : INFO : EventManager : Event: ======'machine_var_audits_events_game_ended'====== Args={'value': 0, 'prev_value': None, 'change': True}
2022-08-22 20:08:58,031 : INFO : EventManager : Event: ======'machine_var_audits_events_game_started'====== Args={'value': 0, 'prev_value': None, 'change': True}
2022-08-22 20:08:58,031 : INFO : EventManager : Event: ======'machine_var_audits_player_score'====== Args={'value': {'average': 10302398.705281088, 'top': [198719690, 195274570, 161094530, 160419680, 140071820, 132769060, 132262360, 127113160, 121863670, 115954110], 'total': 587}, 'prev_value': None, 'change': True}
2022-08-22 20:08:58,031 : INFO : EventManager : Event: ======'machine_var_audits_shots_center_drop_mission1'====== Args={'value': 553, 'prev_value': None, 'change': True}
2022-08-22 20:08:58,032 : INFO : EventManager : Event: ======'machine_var_audits_shots_center_target'====== Args={'value': 179, 'prev_value': None, 'change': True}
2022-08-22 20:08:58,032 : INFO : EventManager : Event: ======'machine_var_audits_shots_drop_target1_mission2'====== Args={'value': 226, 'prev_value': None, 'change': True}
2022-08-22 20:08:58,032 : INFO : EventManager : Event: ======'machine_var_audits_shots_drop_target2_mission2'====== Args={'value': 266, 'prev_value': None, 'change': True}
2022-08-22 20:08:58,033 : INFO : EventManager : Event: ======'machine_var_audits_shots_drop_target3_mission2'====== Args={'value': 307, 'prev_value': None, 'change': True}
2022-08-22 20:08:58,033 : INFO : EventManager : Event: ======'machine_var_audits_shots_drop_target4_mission2'====== Args={'value': 272, 'prev_value': None, 'change': True}
2022-08-22 20:08:58,033 : INFO : EventManager : Event: ======'machine_var_audits_shots_drop_target5_mission2'====== Args={'value': 235, 'prev_value': None, 'change': True}
2022-08-22 20:08:58,034 : INFO : EventManager : Event: ======'machine_var_audits_shots_drop_targets_mission3'====== Args={'value': 1489, 'prev_value': None, 'change': True}
2022-08-22 20:08:58,034 : INFO : EventManager : Event: ======'machine_var_audits_shots_galaxy_advance'====== Args={'value': 2444, 'prev_value': None, 'change': True}
2022-08-22 20:08:58,034 : INFO : EventManager : Event: ======'machine_var_audits_shots_l_lane'====== Args={'value': 621, 'prev_value': None, 'change': True}
2022-08-22 20:08:58,035 : INFO : EventManager : Event: ======'machine_var_audits_shots_left_kicker_mission2'====== Args={'value': 162, 'prev_value': None, 'change': True}
2022-08-22 20:08:58,035 : INFO : EventManager : Event: ======'machine_var_audits_shots_left_kicker_mission4'====== Args={'value': 117, 'prev_value': None, 'change': True}
2022-08-22 20:08:58,036 : INFO : EventManager : Event: ======'machine_var_audits_shots_left_loop_mission1'====== Args={'value': 619, 'prev_value': None, 'change': True}
2022-08-22 20:08:58,036 : INFO : EventManager : Event: ======'machine_var_audits_shots_left_loop_mission2'====== Args={'value': 263, 'prev_value': None, 'change': True}
2022-08-22 20:08:58,036 : INFO : EventManager : Event: ======'machine_var_audits_shots_left_loop_mission4'====== Args={'value': 385, 'prev_value': None, 'change': True}
2022-08-22 20:08:58,037 : INFO : EventManager : Event: ======'machine_var_audits_shots_portal_advance'====== Args={'value': 4684, 'prev_value': None, 'change': True}
2022-08-22 20:08:58,037 : INFO : EventManager : Event: ======'machine_var_audits_shots_r_lane'====== Args={'value': 548, 'prev_value': None, 'change': True}
2022-08-22 20:08:58,037 : INFO : EventManager : Event: ======'machine_var_audits_shots_right_kicker_mission2'====== Args={'value': 137, 'prev_value': None, 'change': True}
2022-08-22 20:08:58,038 : INFO : EventManager : Event: ======'machine_var_audits_shots_right_kicker_mission4'====== Args={'value': 136, 'prev_value': None, 'change': True}
2022-08-22 20:08:58,038 : INFO : EventManager : Event: ======'machine_var_audits_shots_right_loop_mission1'====== Args={'value': 713, 'prev_value': None, 'change': True}
2022-08-22 20:08:58,039 : INFO : EventManager : Event: ======'machine_var_audits_shots_right_loop_mission2'====== Args={'value': 310, 'prev_value': None, 'change': True}
2022-08-22 20:08:58,039 : INFO : EventManager : Event: ======'machine_var_audits_shots_right_loop_mission4'====== Args={'value': 434, 'prev_value': None, 'change': True}
2022-08-22 20:08:58,039 : INFO : EventManager : Event: ======'machine_var_audits_shots_warp_advance'====== Args={'value': 1107, 'prev_value': None, 'change': True}
2022-08-22 20:08:58,040 : INFO : EventManager : Event: ======'machine_var_audits_switches_s_action_button'====== Args={'value': 4009, 'prev_value': None, 'change': True}
2022-08-22 20:08:58,040 : INFO : EventManager : Event: ======'machine_var_audits_switches_s_drain'====== Args={'value': 2758, 'prev_value': None, 'change': True}
2022-08-22 20:08:58,041 : INFO : EventManager : Event: ======'machine_var_audits_switches_s_drop_target1'====== Args={'value': 1878, 'prev_value': None, 'change': True}
2022-08-22 20:08:58,041 : INFO : EventManager : Event: ======'machine_var_audits_switches_s_drop_target2'====== Args={'value': 2194, 'prev_value': None, 'change': True}
2022-08-22 20:08:58,042 : INFO : EventManager : Event: ======'machine_var_audits_switches_s_drop_target3'====== Args={'value': 2624, 'prev_value': None, 'change': True}
2022-08-22 20:08:58,042 : INFO : EventManager : Event: ======'machine_var_audits_switches_s_drop_target4'====== Args={'value': 2091, 'prev_value': None, 'change': True}
2022-08-22 20:08:58,042 : INFO : EventManager : Event: ======'machine_var_audits_switches_s_drop_target5'====== Args={'value': 1974, 'prev_value': None, 'change': True}
2022-08-22 20:08:58,043 : INFO : EventManager : Event: ======'machine_var_audits_switches_s_left_captive_ball'====== Args={'value': 477, 'prev_value': None, 'change': True}
2022-08-22 20:08:58,043 : INFO : EventManager : Event: ======'machine_var_audits_switches_s_left_flipper'====== Args={'value': 35031, 'prev_value': None, 'change': True}
2022-08-22 20:08:58,044 : INFO : EventManager : Event: ======'machine_var_audits_switches_s_left_inlane'====== Args={'value': 621, 'prev_value': None, 'change': True}
2022-08-22 20:08:58,044 : INFO : EventManager : Event: ======'machine_var_audits_switches_s_left_inlane_far'====== Args={'value': 4335, 'prev_value': None, 'change': True}
2022-08-22 20:08:58,045 : INFO : EventManager : Event: ======'machine_var_audits_switches_s_left_kicker'====== Args={'value': 1563, 'prev_value': None, 'change': True}
2022-08-22 20:08:58,045 : INFO : EventManager : Event: ======'machine_var_audits_switches_s_left_sling'====== Args={'value': 6945, 'prev_value': None, 'change': True}
2022-08-22 20:08:58,046 : INFO : EventManager : Event: ======'machine_var_audits_switches_s_left_spinner'====== Args={'value': 20716, 'prev_value': None, 'change': True}
2022-08-22 20:08:58,046 : INFO : EventManager : Event: ======'machine_var_audits_switches_s_right_captive_ball'====== Args={'value': 505, 'prev_value': None, 'change': True}
2022-08-22 20:08:58,047 : INFO : EventManager : Event: ======'machine_var_audits_switches_s_right_flipper'====== Args={'value': 32307, 'prev_value': None, 'change': True}
2022-08-22 20:08:58,047 : INFO : EventManager : Event: ======'machine_var_audits_switches_s_right_inlane'====== Args={'value': 548, 'prev_value': None, 'change': True}
2022-08-22 20:08:58,047 : INFO : EventManager : Event: ======'machine_var_audits_switches_s_right_inlane_far'====== Args={'value': 6317, 'prev_value': None, 'change': True}
2022-08-22 20:08:58,048 : INFO : EventManager : Event: ======'machine_var_audits_switches_s_right_kicker'====== Args={'value': 1727, 'prev_value': None, 'change': True}
2022-08-22 20:08:58,048 : INFO : EventManager : Event: ======'machine_var_audits_switches_s_right_sling'====== Args={'value': 14158, 'prev_value': None, 'change': True}
2022-08-22 20:08:58,049 : INFO : EventManager : Event: ======'machine_var_audits_switches_s_right_spinner'====== Args={'value': 16632, 'prev_value': None, 'change': True}
2022-08-22 20:08:58,049 : INFO : EventManager : Event: ======'machine_var_audits_switches_s_start'====== Args={'value': 407, 'prev_value': None, 'change': True}
2022-08-22 20:08:58,050 : INFO : EventManager : Event: ======'init_phase_5'====== Args={}
2022-08-22 20:08:58,055 : INFO : EventManager : Event: ======'init_done'====== Args={}
2022-08-22 20:08:58,056 : WARNING : FAST : Port NET received more messages than were sent! Resetting!
2022-08-22 20:08:58,056 : WARNING : FAST : Port NET received more messages than were sent! Resetting!
2022-08-22 20:08:58,056 : WARNING : FAST : Port NET received more messages than were sent! Resetting!
2022-08-22 20:08:58,056 : WARNING : FAST : Port NET received more messages than were sent! Resetting!
2022-08-22 20:08:58,056 : WARNING : FAST : Port NET received more messages than were sent! Resetting!
2022-08-22 20:08:58,056 : WARNING : FAST : Port NET received more messages than were sent! Resetting!
2022-08-22 20:08:58,056 : WARNING : FAST : Port NET received more messages than were sent! Resetting!
2022-08-22 20:08:58,056 : WARNING : FAST : Port NET received more messages than were sent! Resetting!
2022-08-22 20:08:58,056 : WARNING : FAST : Port NET received more messages than were sent! Resetting!
2022-08-22 20:08:58,057 : WARNING : FAST : Port NET received more messages than were sent! Resetting!
2022-08-22 20:08:58,057 : WARNING : FAST : Port NET received more messages than were sent! Resetting!
2022-08-22 20:08:58,057 : WARNING : FAST : Port NET received more messages than were sent! Resetting!
2022-08-22 20:08:58,057 : WARNING : FAST : Port NET received more messages than were sent! Resetting!
2022-08-22 20:08:58,057 : WARNING : FAST : Port NET received more messages than were sent! Resetting!
2022-08-22 20:08:58,057 : WARNING : FAST : Port NET received more messages than were sent! Resetting!
2022-08-22 20:08:58,057 : WARNING : FAST : Port NET received more messages than were sent! Resetting!
2022-08-22 20:08:58,057 : WARNING : FAST : Port NET received more messages than were sent! Resetting!
2022-08-22 20:08:58,057 : WARNING : FAST : Port NET received more messages than were sent! Resetting!
2022-08-22 20:08:58,057 : WARNING : FAST : Port NET received more messages than were sent! Resetting!
2022-08-22 20:08:58,057 : WARNING : FAST : Port NET received more messages than were sent! Resetting!
2022-08-22 20:08:58,057 : WARNING : FAST : Port NET received more messages than were sent! Resetting!
2022-08-22 20:08:58,057 : WARNING : FAST : Port NET received more messages than were sent! Resetting!
2022-08-22 20:08:58,058 : INFO : EventManager : Event: ======'machine_reset_phase_1'====== Args={}
2022-08-22 20:08:58,071 : INFO : EventManager : Event: ======'machine_reset_phase_2'====== Args={}
2022-08-22 20:08:58,071 : INFO : EventManager : Event: ======'machine_reset_phase_3'====== Args={}
2022-08-22 20:08:58,071 : INFO : EventManager : Event: ======'reset_complete'====== Args={}
2022-08-22 20:08:58,072 : INFO : EventManager : Event: ======'mode_attract_will_start'====== Args={}
2022-08-22 20:08:58,072 : INFO : EventManager : Event: ======'mode_attract_starting'====== Args={}
2022-08-22 20:08:58,072 : INFO : Mode.attract : Started. Priority: 10
2022-08-22 20:08:58,073 : INFO : EventManager : Event: ======'modes_active_modes_changed'====== Args={}
2022-08-22 20:08:58,073 : INFO : EventManager : Event: ======'mode_attract_started'====== Args={}
2022-08-22 20:08:58,075 : INFO : EventManager : Event: ======'collecting_balls_complete'====== Args={}
2022-08-22 20:08:58,093 : INFO : EventManager : Event: ======'slide_show_13.slide_player-0_created'====== Args={'_from_bcp': True}
2022-08-22 20:08:58,094 : INFO : EventManager : Event: ======'slide_show_13.slide_player-0_active'====== Args={'_from_bcp': True}
2022-08-22 20:08:58,095 : INFO : Machine : Starting the main run loop.
2022-08-22 20:08:58,564 : INFO : SwitchController : <<<<<<< 's_start' active >>>>>>>
2022-08-22 20:08:58,708 : INFO : SwitchController : <<<<<<< 's_start' inactive >>>>>>>
2022-08-22 20:08:58,708 : INFO : EventManager : Event: ======'request_to_start_game'====== Args={}
2022-08-22 20:08:58,709 : INFO : EventManager : Event: ======'game_start'====== Args={'buttons': [], 'hold_time': 0.14100000000000534}
2022-08-22 20:08:58,709 : INFO : EventManager : Event: ======'mode_game_will_start'====== Args={'buttons': [], 'hold_time': 0.14100000000000534}
2022-08-22 20:08:58,710 : INFO : EventManager : Event: ======'mode_game_starting'====== Args={'buttons': [], 'hold_time': 0.14100000000000534}
2022-08-22 20:08:58,710 : INFO : EventManager : Event: ======'mode_attract_will_stop'====== Args={}
2022-08-22 20:08:58,711 : INFO : EventManager : Event: ======'mode_attract_stopping'====== Args={}
2022-08-22 20:08:58,711 : INFO : Mode.attract : Stopped.
2022-08-22 20:08:58,711 : INFO : EventManager : Event: ======'modes_active_modes_changed'====== Args={}
2022-08-22 20:08:58,713 : INFO : EventManager : Event: ======'mode_attract_stopped'====== Args={}
2022-08-22 20:08:58,713 : INFO : EventManager : Event: ======'clear'====== Args={'key': 'attract'}
2022-08-22 20:08:58,714 : INFO : Mode.game : Started. Priority: 20
2022-08-22 20:08:58,714 : INFO : EventManager : Event: ======'modes_active_modes_changed'====== Args={}
2022-08-22 20:08:58,714 : INFO : EventManager : Event: ======'mode_game_started'====== Args={'buttons': [], 'hold_time': 0.14100000000000534}
2022-08-22 20:08:58,724 : INFO : EventManager : Event: ======'game_will_start'====== Args={}
2022-08-22 20:08:58,725 : INFO : EventManager : Event: ======'slide_show_13.slide_player-0_removed'====== Args={'_from_bcp': True}
2022-08-22 20:08:58,726 : INFO : EventManager : Event: ======'slide_window1_blank_active'====== Args={'_from_bcp': True}
2022-08-22 20:08:58,727 : INFO : EventManager : Event: ======'game_starting'====== Args={'game': <Mode.game>}
2022-08-22 20:08:58,729 : INFO : EventManager : Event: ======'player_add_request'====== Args={}
2022-08-22 20:08:58,729 : INFO : EventManager : Event: ======'player_will_add'====== Args={'number': 1}
2022-08-22 20:08:58,730 : INFO : EventManager : Event: ======'player_adding'====== Args={'player': <Player 1>, 'number': 1}
2022-08-22 20:08:58,730 : INFO : EventManager : Event: ======'player_added'====== Args={'player': <Player 1>, 'num': 1}
2022-08-22 20:08:58,730 : INFO : Mode.game : Player added successfully. Total players: 1
2022-08-22 20:08:58,731 : INFO : EventManager : Event: ======'player_index'====== Args={'value': 0, 'prev_value': 0, 'change': 0, 'player_num': 1}
2022-08-22 20:08:58,731 : INFO : EventManager : Event: ======'player_number'====== Args={'value': 1, 'prev_value': 1, 'change': 0, 'player_num': 1}
2022-08-22 20:08:58,732 : INFO : EventManager : Event: ======'player_mode_value'====== Args={'value': 1000000, 'prev_value': 1000000, 'change': 0, 'player_num': 1}
2022-08-22 20:08:58,732 : INFO : EventManager : Event: ======'player_bonus_multiplier'====== Args={'value': 1, 'prev_value': 1, 'change': 0, 'player_num': 1}
2022-08-22 20:08:58,733 : INFO : EventManager : Event: ======'player_playfield_multiplier'====== Args={'value': 1, 'prev_value': 1, 'change': 0, 'player_num': 1}
2022-08-22 20:08:58,734 : INFO : EventManager : Event: ======'player_score'====== Args={'value': 0, 'prev_value': 0, 'change': 0, 'player_num': 1}
2022-08-22 20:08:58,735 : INFO : EventManager : Event: ======'game_started'====== Args={}
2022-08-22 20:08:58,769 : INFO : EventManager : Event: ======'player_turn_will_start'====== Args={'player': <Player 1>, 'number': 1}
2022-08-22 20:08:58,770 : INFO : EventManager : Event: ======'player_turn_starting'====== Args={'player': <Player 1>, 'number': 1}
2022-08-22 20:08:58,771 : INFO : EventManager : Event: ======'player_ball'====== Args={'value': 1, 'prev_value': 0, 'change': 1, 'player_num': 1}
2022-08-22 20:08:58,771 : INFO : EventManager : Event: ======'player_turn_started'====== Args={'player': <Player 1>, 'number': 1}
2022-08-22 20:08:58,773 : INFO : EventManager : Event: ======'ball_will_start'====== Args={'player': 1, 'ball': 1, 'balls_remaining': 2, 'is_extra_ball': False}
2022-08-22 20:08:58,777 : INFO : EventManager : Event: ======'ball_starting'====== Args={'player': 1, 'ball': 1, 'balls_remaining': 2, 'is_extra_ball': False}
2022-08-22 20:08:58,777 : INFO : EventManager : Event: ======'balls_in_play'====== Args={'balls': 1}
2022-08-22 20:08:58,778 : INFO : EventManager : Event: ======'ball_started'====== Args={'player': 1, 'ball': 1, 'balls_remaining': 2, 'is_extra_ball': False}
2022-08-22 20:08:58,778 : INFO : EventManager : Event: ======'mode_combos_will_start'====== Args={'player': 1, 'ball': 1, 'balls_remaining': 2, 'is_extra_ball': False}
2022-08-22 20:08:58,782 : INFO : EventManager : Event: ======'mode_combos_starting'====== Args={'player': 1, 'ball': 1, 'balls_remaining': 2, 'is_extra_ball': False}
2022-08-22 20:08:58,782 : INFO : EventManager : Event: ======'mode_base_will_start'====== Args={'player': 1, 'ball': 1, 'balls_remaining': 2, 'is_extra_ball': False}
2022-08-22 20:08:58,783 : INFO : EventManager : Event: ======'player_shot_l_lane_enabled'====== Args={'value': True, 'prev_value': 0, 'change': 1, 'player_num': 1}
2022-08-22 20:08:58,783 : INFO : EventManager : Event: ======'player_shot_r_lane_enabled'====== Args={'value': True, 'prev_value': 0, 'change': 1, 'player_num': 1}
2022-08-22 20:08:58,784 : INFO : EventManager : Event: ======'player_shot_center_target_enabled'====== Args={'value': True, 'prev_value': 0, 'change': 1, 'player_num': 1}
2022-08-22 20:08:58,784 : INFO : EventManager : Event: ======'bonus_lanes_complete'====== Args={'state': 'unlit'}
2022-08-22 20:08:58,784 : INFO : EventManager : Event: ======'bonus_lanes_unlit_complete'====== Args={}
2022-08-22 20:08:58,785 : INFO : EventManager : Event: ======'player_extra_ball_two_modes_complete_num_awarded'====== Args={'value': 0, 'prev_value': 0, 'change': 0, 'player_num': 1}
2022-08-22 20:08:58,785 : INFO : EventManager : Event: ======'achievement_mission1_changed_state'====== Args={'restore': False, 'state': 'disabled', 'selected': False}
2022-08-22 20:08:58,786 : INFO : EventManager : Event: ======'achievement_mission1_state_disabled'====== Args={'restore': False, 'state': 'disabled', 'selected': False}
2022-08-22 20:08:58,786 : INFO : EventManager : Event: ======'achievement_mission2_changed_state'====== Args={'restore': False, 'state': 'disabled', 'selected': False}
2022-08-22 20:08:58,786 : INFO : EventManager : Event: ======'achievement_mission2_state_disabled'====== Args={'restore': False, 'state': 'disabled', 'selected': False}
2022-08-22 20:08:58,786 : INFO : EventManager : Event: ======'achievement_mission3_changed_state'====== Args={'restore': False, 'state': 'disabled', 'selected': False}
2022-08-22 20:08:58,786 : INFO : EventManager : Event: ======'achievement_mission3_state_disabled'====== Args={'restore': False, 'state': 'disabled', 'selected': False}
2022-08-22 20:08:58,786 : INFO : EventManager : Event: ======'achievement_mission4_changed_state'====== Args={'restore': False, 'state': 'disabled', 'selected': False}
2022-08-22 20:08:58,786 : INFO : EventManager : Event: ======'achievement_mission4_state_disabled'====== Args={'restore': False, 'state': 'disabled', 'selected': False}
2022-08-22 20:08:58,795 : INFO : EventManager : Event: ======'mode_base_starting'====== Args={'player': 1, 'ball': 1, 'balls_remaining': 2, 'is_extra_ball': False}
2022-08-22 20:08:58,795 : INFO : EventManager : Event: ======'mode_super_features_will_start'====== Args={'player': 1, 'ball': 1, 'balls_remaining': 2, 'is_extra_ball': False}
2022-08-22 20:08:58,795 : INFO : EventManager : Event: ======'achievement_super_spinners_changed_state'====== Args={'restore': False, 'state': 'disabled', 'selected': False}
2022-08-22 20:08:58,795 : INFO : EventManager : Event: ======'achievement_super_spinners_state_disabled'====== Args={'restore': False, 'state': 'disabled', 'selected': False}
2022-08-22 20:08:58,795 : INFO : EventManager : Event: ======'achievement_super_targets_changed_state'====== Args={'restore': False, 'state': 'disabled', 'selected': False}
2022-08-22 20:08:58,795 : INFO : EventManager : Event: ======'achievement_super_targets_state_disabled'====== Args={'restore': False, 'state': 'disabled', 'selected': False}
2022-08-22 20:08:58,795 : INFO : EventManager : Event: ======'achievement_super_lanes_changed_state'====== Args={'restore': False, 'state': 'disabled', 'selected': False}
2022-08-22 20:08:58,795 : INFO : EventManager : Event: ======'achievement_super_lanes_state_disabled'====== Args={'restore': False, 'state': 'disabled', 'selected': False}
2022-08-22 20:08:58,796 : INFO : EventManager : Event: ======'achievement_super_slings_changed_state'====== Args={'restore': False, 'state': 'disabled', 'selected': False}
2022-08-22 20:08:58,796 : INFO : EventManager : Event: ======'achievement_super_slings_state_disabled'====== Args={'restore': False, 'state': 'disabled', 'selected': False}
2022-08-22 20:08:58,797 : INFO : EventManager : Event: ======'mode_super_features_starting'====== Args={'player': 1, 'ball': 1, 'balls_remaining': 2, 'is_extra_ball': False}
2022-08-22 20:08:58,797 : INFO : drop_target_bank.main : All targets are already up. Will not reset bank.
2022-08-22 20:08:58,799 : INFO : Mode.super_features : Started. Priority: 100
2022-08-22 20:08:58,799 : INFO : EventManager : Event: ======'modes_active_modes_changed'====== Args={}
2022-08-22 20:08:58,799 : INFO : EventManager : Event: ======'mode_super_features_started'====== Args={'player': 1, 'ball': 1, 'balls_remaining': 2, 'is_extra_ball': False}
2022-08-22 20:08:58,799 : INFO : Mode.combos : Started. Priority: 700
2022-08-22 20:08:58,799 : INFO : EventManager : Event: ======'modes_active_modes_changed'====== Args={}
2022-08-22 20:08:58,800 : INFO : EventManager : Event: ======'mode_combos_started'====== Args={'player': 1, 'ball': 1, 'balls_remaining': 2, 'is_extra_ball': False}
2022-08-22 20:08:58,800 : INFO : EventManager : Event: ======'logicblock_mode_completion_counter_updated'====== Args={'value': 0, 'enabled': True}
2022-08-22 20:08:58,800 : INFO : EventManager : Event: ======'logicblock_mode_completion_counter_updated'====== Args={'value': 0, 'enabled': True}
2022-08-22 20:08:58,800 : INFO : Mode.base : Started. Priority: 100
2022-08-22 20:08:58,800 : INFO : EventManager : Event: ======'modes_active_modes_changed'====== Args={}
2022-08-22 20:08:58,800 : INFO : EventManager : Event: ======'mode_base_started'====== Args={'player': 1, 'ball': 1, 'balls_remaining': 2, 'is_extra_ball': False}
2022-08-22 20:08:58,801 : INFO : EventManager : Event: ======'ball_save_base_save_enabled'====== Args={}
2022-08-22 20:08:58,801 : INFO : EventManager : Event: ======'mode_add_mode_value_will_start'====== Args={'player': 1, 'ball': 1, 'balls_remaining': 2, 'is_extra_ball': False}
2022-08-22 20:08:58,801 : INFO : EventManager : Event: ======'mode_add_mode_value_starting'====== Args={'player': 1, 'ball': 1, 'balls_remaining': 2, 'is_extra_ball': False}
2022-08-22 20:08:58,802 : INFO : EventManager : Event: ======'mode_spell_portal_will_start'====== Args={'player': 1, 'ball': 1, 'balls_remaining': 2, 'is_extra_ball': False}
2022-08-22 20:08:58,802 : INFO : EventManager : Event: ======'player_shot_portal_advance_enabled'====== Args={'value': True, 'prev_value': 0, 'change': 1, 'player_num': 1}
2022-08-22 20:08:58,805 : INFO : EventManager : Event: ======'mode_spell_portal_starting'====== Args={'player': 1, 'ball': 1, 'balls_remaining': 2, 'is_extra_ball': False}
2022-08-22 20:08:58,805 : INFO : EventManager : Event: ======'mode_spell_galaxy_will_start'====== Args={'player': 1, 'ball': 1, 'balls_remaining': 2, 'is_extra_ball': False}
2022-08-22 20:08:58,805 : INFO : EventManager : Event: ======'player_shot_galaxy_advance_enabled'====== Args={'value': True, 'prev_value': 0, 'change': 1, 'player_num': 1}
2022-08-22 20:08:58,808 : INFO : EventManager : Event: ======'mode_spell_galaxy_starting'====== Args={'player': 1, 'ball': 1, 'balls_remaining': 2, 'is_extra_ball': False}
2022-08-22 20:08:58,808 : INFO : EventManager : Event: ======'mode_spell_warp_will_start'====== Args={'player': 1, 'ball': 1, 'balls_remaining': 2, 'is_extra_ball': False}
2022-08-22 20:08:58,808 : INFO : EventManager : Event: ======'player_shot_warp_advance_enabled'====== Args={'value': True, 'prev_value': 0, 'change': 1, 'player_num': 1}
2022-08-22 20:08:58,810 : INFO : EventManager : Event: ======'mode_spell_warp_starting'====== Args={'player': 1, 'ball': 1, 'balls_remaining': 2, 'is_extra_ball': False}
2022-08-22 20:08:58,810 : INFO : drop_target_bank.main : All targets are already up. Will not reset bank.
2022-08-22 20:08:58,810 : INFO : Mode.add_mode_value : Started. Priority: 200
2022-08-22 20:08:58,811 : INFO : EventManager : Event: ======'modes_active_modes_changed'====== Args={}
2022-08-22 20:08:58,811 : INFO : EventManager : Event: ======'mode_add_mode_value_started'====== Args={'player': 1, 'ball': 1, 'balls_remaining': 2, 'is_extra_ball': False}
2022-08-22 20:08:58,811 : INFO : EventManager : Event: ======'single_player_ball_started'====== Args={}
2022-08-22 20:08:58,829 : INFO : EventManager : Event: ======'logicblock_portal_counter_updated'====== Args={'value': 0, 'enabled': True}
2022-08-22 20:08:58,829 : INFO : EventManager : Event: ======'logicblock_portal_counter_updated'====== Args={'value': 0, 'enabled': True}
2022-08-22 20:08:58,829 : INFO : Mode.spell_portal : Started. Priority: 200
2022-08-22 20:08:58,829 : INFO : EventManager : Event: ======'modes_active_modes_changed'====== Args={}
2022-08-22 20:08:58,829 : INFO : EventManager : Event: ======'mode_spell_portal_started'====== Args={'player': 1, 'ball': 1, 'balls_remaining': 2, 'is_extra_ball': False}
2022-08-22 20:08:58,829 : INFO : EventManager : Event: ======'logicblock_galaxy_counter_updated'====== Args={'value': 0, 'enabled': True}
2022-08-22 20:08:58,829 : INFO : EventManager : Event: ======'logicblock_galaxy_counter_updated'====== Args={'value': 0, 'enabled': True}
2022-08-22 20:08:58,830 : INFO : Mode.spell_galaxy : Started. Priority: 200
2022-08-22 20:08:58,830 : INFO : EventManager : Event: ======'modes_active_modes_changed'====== Args={}
2022-08-22 20:08:58,830 : INFO : EventManager : Event: ======'mode_spell_galaxy_started'====== Args={'player': 1, 'ball': 1, 'balls_remaining': 2, 'is_extra_ball': False}
2022-08-22 20:08:58,830 : INFO : EventManager : Event: ======'logicblock_warp_counter_updated'====== Args={'value': 0, 'enabled': True}
2022-08-22 20:08:58,830 : INFO : EventManager : Event: ======'logicblock_warp_counter_updated'====== Args={'value': 0, 'enabled': True}
2022-08-22 20:08:58,830 : INFO : Mode.spell_warp : Started. Priority: 200
2022-08-22 20:08:58,830 : INFO : EventManager : Event: ======'modes_active_modes_changed'====== Args={}
2022-08-22 20:08:58,830 : INFO : EventManager : Event: ======'mode_spell_warp_started'====== Args={'player': 1, 'ball': 1, 'balls_remaining': 2, 'is_extra_ball': False}
2022-08-22 20:08:58,831 : INFO : EventManager : Event: ======'achievement_super_spinners_changed_state'====== Args={'restore': False, 'state': 'enabled', 'selected': False}
2022-08-22 20:08:58,832 : INFO : EventManager : Event: ======'achievement_super_spinners_state_enabled'====== Args={'restore': False, 'state': 'enabled', 'selected': False}
2022-08-22 20:08:58,832 : INFO : EventManager : Event: ======'achievement_super_targets_changed_state'====== Args={'restore': False, 'state': 'enabled', 'selected': False}
2022-08-22 20:08:58,832 : INFO : EventManager : Event: ======'achievement_super_targets_state_enabled'====== Args={'restore': False, 'state': 'enabled', 'selected': False}
2022-08-22 20:08:58,832 : INFO : EventManager : Event: ======'achievement_super_lanes_changed_state'====== Args={'restore': False, 'state': 'enabled', 'selected': False}
2022-08-22 20:08:58,832 : INFO : EventManager : Event: ======'achievement_super_lanes_state_enabled'====== Args={'restore': False, 'state': 'enabled', 'selected': False}
2022-08-22 20:08:58,832 : INFO : EventManager : Event: ======'achievement_super_slings_changed_state'====== Args={'restore': False, 'state': 'enabled', 'selected': False}
2022-08-22 20:08:58,832 : INFO : EventManager : Event: ======'achievement_super_slings_state_enabled'====== Args={'restore': False, 'state': 'enabled', 'selected': False}
2022-08-22 20:08:58,832 : INFO : EventManager : Event: ======'achievement_super_lanes_changed_state'====== Args={'restore': False, 'state': 'enabled', 'selected': True}
2022-08-22 20:08:58,833 : INFO : EventManager : Event: ======'achievement_super_lanes_state_enabled'====== Args={'restore': False, 'state': 'enabled', 'selected': True}
2022-08-22 20:08:58,833 : INFO : EventManager : Event: ======'achievement_super_lanes_state_selected'====== Args={'restore': False, 'state': 'enabled', 'selected': True}
2022-08-22 20:08:58,834 : INFO : EventManager : Event: ======'ball_start_target'====== Args={'target': 'playfield'}
2022-08-22 20:08:58,853 : INFO : ball_device.bd_drain : Setting up player-controlled eject. Balls: 1, Target: <playfield.playfield>, player_controlled_eject_event: s_action_button_active
2022-08-22 20:08:58,853 : INFO : EventManager : Event: ======'balldevice_balls_available'====== Args={}
2022-08-22 20:08:58,853 : INFO : EventManager : Event: ======'slide_score_slide_created'====== Args={'_from_bcp': True}
2022-08-22 20:08:58,855 : INFO : EventManager : Event: ======'slide_score_slide_active'====== Args={'_from_bcp': True}
2022-08-22 20:08:58,857 : INFO : ball_device.bd_drain : State: waiting_for_target_ready
2022-08-22 20:08:58,857 : INFO : EventManager : Event: ======'balldevice_bd_drain_ball_eject_attempt'====== Args={'balls': 1, 'target': <playfield.playfield>, 'source': <ball_device.bd_drain>, 'mechanical_eject': True, 'num_attempts': 0}
2022-08-22 20:08:58,858 : INFO : ball_device.bd_drain : State: ejecting
2022-08-22 20:08:58,858 : INFO : ball_device.bd_drain : Ejecting ball to <playfield.playfield>
2022-08-22 20:08:58,858 : INFO : EventManager : Event: ======'balldevice_bd_drain_ejecting_ball'====== Args={'balls': 1, 'target': <playfield.playfield>, 'source': <ball_device.bd_drain>, 'mechanical_eject': True, 'num_attempts': 0}
2022-08-22 20:08:58,859 : INFO : ball_device.bd_drain : Wait for ball to leave device
2022-08-22 20:08:59,812 : INFO : SwitchController : <<<<<<< 's_action_button' active >>>>>>>
2022-08-22 20:08:59,812 : INFO : EventManager : Event: ======'s_action_button_active'====== Args={}
2022-08-22 20:08:59,813 : INFO : EventManager : Event: ======'machine_var_audits_switches_s_action_button'====== Args={'value': 4010, 'prev_value': 4009, 'change': 1}
2022-08-22 20:08:59,814 : INFO : EventManager : Event: ======'ball_save_base_save_timer_start'====== Args={}
2022-08-22 20:08:59,833 : INFO : coil.c_drain_eject : Pulsing Driver for 30ms (1.0 pulse_power)
2022-08-22 20:08:59,972 : INFO : SwitchController : <<<<<<< 's_action_button' inactive >>>>>>>
2022-08-22 20:09:00,020 : INFO : SwitchController : <<<<<<< 's_drain' inactive >>>>>>>
2022-08-22 20:09:00,020 : INFO : EventManager : Event: ======'s_drain_inactive'====== Args={}
2022-08-22 20:09:00,028 : INFO : ball_device.bd_drain : State: ball_left
2022-08-22 20:09:00,028 : INFO : ball_device.bd_drain : Ball left
2022-08-22 20:09:00,028 : INFO : ball_device.bd_drain : Wait for confirm with timeout 1.0
2022-08-22 20:09:00,580 : INFO : SwitchController : <<<<<<< 's_left_sling' active >>>>>>>
2022-08-22 20:09:00,580 : INFO : EventManager : Event: ======'s_left_sling_active'====== Args={}
2022-08-22 20:09:00,581 : INFO : EventManager : Event: ======'machine_var_audits_switches_s_left_sling'====== Args={'value': 6946, 'prev_value': 6945, 'change': 1}
2022-08-22 20:09:00,583 : INFO : EventManager : Event: ======'player_score'====== Args={'value': 1110, 'prev_value': 0, 'change': 1110, 'player_num': 1}
2022-08-22 20:09:00,584 : INFO : EventManager : Event: ======'player_switches'====== Args={'value': 1, 'prev_value': 0, 'change': 1, 'player_num': 1}
2022-08-22 20:09:00,612 : INFO : SwitchController : <<<<<<< 's_left_sling' inactive >>>>>>>
2022-08-22 20:09:01,022 : INFO : ball_device.bd_drain : State: failed_confirm
2022-08-22 20:09:01,022 : INFO : ball_device.bd_drain : Got timeout (1.0s) before confirm from <playfield.playfield>
2022-08-22 20:09:01,116 : INFO : ball_device.bd_drain : Confirming eject because target is playfield and ball did not return.
2022-08-22 20:09:01,116 : INFO : ball_device.bd_drain : Eject successful
2022-08-22 20:09:01,116 : INFO : EventManager : Event: ======'balldevice_bd_drain_ball_eject_success'====== Args={'balls': 1, 'target': <playfield.playfield>}
2022-08-22 20:09:01,117 : INFO : EventManager : Event: ======'balldevice_playfield_ball_enter'====== Args={'new_balls': 1, 'unclaimed_balls': 1, 'device': <playfield.playfield>}
2022-08-22 20:09:01,117 : INFO : EventManager : Event: ======'playfield_ball_count_change'====== Args={'balls': 1, 'change': 1}
2022-08-22 20:09:01,118 : INFO : EventManager : Event: ======'balldevice_bd_drain_ball_count_changed'====== Args={'balls': 0}
2022-08-22 20:09:01,118 : INFO : ball_device.bd_drain : State: idle
2022-08-22 20:09:01,748 : INFO : SwitchController : <<<<<<< 's_left_inlane_far' active >>>>>>>
2022-08-22 20:09:01,748 : INFO : EventManager : Event: ======'s_left_inlane_far_active'====== Args={}
2022-08-22 20:09:01,749 : INFO : EventManager : Event: ======'machine_var_audits_switches_s_left_inlane_far'====== Args={'value': 4336, 'prev_value': 4335, 'change': 1}
2022-08-22 20:09:01,751 : INFO : EventManager : Event: ======'player_shot_galaxy_advance'====== Args={'value': 1, 'prev_value': 0, 'change': 1, 'player_num': 1}
2022-08-22 20:09:01,752 : INFO : EventManager : Event: ======'machine_var_audits_shots_galaxy_advance'====== Args={'value': 2445, 'prev_value': 2444, 'change': 1}
2022-08-22 20:09:01,753 : INFO : EventManager : Event: ======'galaxy_advance_hit'====== Args={'profile': 'default', 'state': 'unlit', 'advancing': True}
2022-08-22 20:09:01,754 : INFO : EventManager : Event: ======'galaxy_advance_default_hit'====== Args={'profile': 'default', 'state': 'unlit', 'advancing': True}
2022-08-22 20:09:01,754 : INFO : EventManager : Event: ======'galaxy_advance_default_unlit_hit'====== Args={'profile': 'default', 'state': 'unlit', 'advancing': True}
2022-08-22 20:09:01,754 : INFO : EventManager : Event: ======'galaxy_advance_unlit_hit'====== Args={'profile': 'default', 'state': 'unlit', 'advancing': True}
2022-08-22 20:09:01,754 : INFO : EventManager : Event: ======'player_score'====== Args={'value': 31110, 'prev_value': 1110, 'change': 30000, 'player_num': 1}
2022-08-22 20:09:01,755 : INFO : EventManager : Event: ======'player_switches'====== Args={'value': 2, 'prev_value': 1, 'change': 1, 'player_num': 1}
2022-08-22 20:09:01,756 : INFO : EventManager : Event: ======'player_combos_combo_timer_tick'====== Args={'value': 6, 'prev_value': 0, 'change': 6, 'player_num': 1}
2022-08-22 20:09:01,756 : INFO : Timer.combo_timer : Starting Timer.
2022-08-22 20:09:01,756 : INFO : EventManager : Event: ======'timer_combo_timer_started'====== Args={'ticks': 6, 'ticks_remaining': 6}
2022-08-22 20:09:01,757 : INFO : EventManager : Event: ======'timer_combo_timer_tick'====== Args={'ticks': 6, 'ticks_remaining': 6}
2022-08-22 20:09:01,757 : INFO : EventManager : Event: ======'logicblock_galaxy_counter_updated'====== Args={'value': 1, 'enabled': True}
2022-08-22 20:09:01,757 : INFO : EventManager : Event: ======'counter_galaxy_counter_hit'====== Args={'count': 1, 'hits': 1, 'remaining': 5}
2022-08-22 20:09:01,757 : INFO : EventManager : Event: ======'logicblock_galaxy_counter_hit'====== Args={'count': 1, 'hits': 1, 'remaining': 5}
2022-08-22 20:09:01,844 : INFO : SwitchController : <<<<<<< 's_left_inlane_far' inactive >>>>>>>
2022-08-22 20:09:02,255 : INFO : EventManager : Event: ======'player_combos_combo_timer_tick'====== Args={'value': 5, 'prev_value': 6, 'change': -1, 'player_num': 1}
2022-08-22 20:09:02,256 : INFO : EventManager : Event: ======'timer_combo_timer_tick'====== Args={'ticks': 5, 'ticks_remaining': 5}
2022-08-22 20:09:02,404 : INFO : SwitchController : <<<<<<< 's_left_inlane_far' active >>>>>>>
2022-08-22 20:09:02,404 : INFO : EventManager : Event: ======'s_left_inlane_far_active'====== Args={}
2022-08-22 20:09:02,405 : INFO : EventManager : Event: ======'machine_var_audits_switches_s_left_inlane_far'====== Args={'value': 4337, 'prev_value': 4336, 'change': 1}
2022-08-22 20:09:02,407 : INFO : EventManager : Event: ======'machine_var_audits_shots_galaxy_advance'====== Args={'value': 2446, 'prev_value': 2445, 'change': 1}
2022-08-22 20:09:02,408 : INFO : EventManager : Event: ======'galaxy_advance_hit'====== Args={'profile': 'default', 'state': 'lit', 'advancing': False}
2022-08-22 20:09:02,408 : INFO : EventManager : Event: ======'galaxy_advance_default_hit'====== Args={'profile': 'default', 'state': 'lit', 'advancing': False}
2022-08-22 20:09:02,408 : INFO : EventManager : Event: ======'galaxy_advance_default_lit_hit'====== Args={'profile': 'default', 'state': 'lit', 'advancing': False}
2022-08-22 20:09:02,409 : INFO : EventManager : Event: ======'galaxy_advance_lit_hit'====== Args={'profile': 'default', 'state': 'lit', 'advancing': False}
2022-08-22 20:09:02,409 : INFO : EventManager : Event: ======'player_score'====== Args={'value': 61110, 'prev_value': 31110, 'change': 30000, 'player_num': 1}
2022-08-22 20:09:02,410 : INFO : EventManager : Event: ======'player_switches'====== Args={'value': 3, 'prev_value': 2, 'change': 1, 'player_num': 1}
2022-08-22 20:09:02,411 : INFO : EventManager : Event: ======'player_combos_combo_timer_tick'====== Args={'value': 6, 'prev_value': 5, 'change': 1, 'player_num': 1}
2022-08-22 20:09:02,412 : INFO : EventManager : Event: ======'logicblock_galaxy_counter_updated'====== Args={'value': 2, 'enabled': True}
2022-08-22 20:09:02,412 : INFO : EventManager : Event: ======'counter_galaxy_counter_hit'====== Args={'count': 2, 'hits': 2, 'remaining': 4}
2022-08-22 20:09:02,412 : INFO : EventManager : Event: ======'logicblock_galaxy_counter_hit'====== Args={'count': 2, 'hits': 2, 'remaining': 4}
2022-08-22 20:09:02,500 : INFO : SwitchController : <<<<<<< 's_left_inlane_far' inactive >>>>>>>
2022-08-22 20:09:02,910 : INFO : EventManager : Event: ======'player_combos_combo_timer_tick'====== Args={'value': 5, 'prev_value': 6, 'change': -1, 'player_num': 1}
2022-08-22 20:09:02,911 : INFO : EventManager : Event: ======'timer_combo_timer_tick'====== Args={'ticks': 5, 'ticks_remaining': 5}
2022-08-22 20:09:02,964 : INFO : SwitchController : <<<<<<< 's_left_inlane_far' active >>>>>>>
2022-08-22 20:09:02,965 : INFO : EventManager : Event: ======'s_left_inlane_far_active'====== Args={}
2022-08-22 20:09:02,965 : INFO : EventManager : Event: ======'machine_var_audits_switches_s_left_inlane_far'====== Args={'value': 4338, 'prev_value': 4337, 'change': 1}
2022-08-22 20:09:02,967 : INFO : EventManager : Event: ======'machine_var_audits_shots_galaxy_advance'====== Args={'value': 2447, 'prev_value': 2446, 'change': 1}
2022-08-22 20:09:02,968 : INFO : EventManager : Event: ======'galaxy_advance_hit'====== Args={'profile': 'default', 'state': 'lit', 'advancing': False}
2022-08-22 20:09:02,968 : INFO : EventManager : Event: ======'galaxy_advance_default_hit'====== Args={'profile': 'default', 'state': 'lit', 'advancing': False}
2022-08-22 20:09:02,969 : INFO : EventManager : Event: ======'galaxy_advance_default_lit_hit'====== Args={'profile': 'default', 'state': 'lit', 'advancing': False}
2022-08-22 20:09:02,969 : INFO : EventManager : Event: ======'galaxy_advance_lit_hit'====== Args={'profile': 'default', 'state': 'lit', 'advancing': False}
2022-08-22 20:09:02,969 : INFO : EventManager : Event: ======'player_score'====== Args={'value': 91110, 'prev_value': 61110, 'change': 30000, 'player_num': 1}
2022-08-22 20:09:02,970 : INFO : EventManager : Event: ======'player_switches'====== Args={'value': 4, 'prev_value': 3, 'change': 1, 'player_num': 1}
2022-08-22 20:09:02,971 : INFO : EventManager : Event: ======'player_combos_combo_timer_tick'====== Args={'value': 6, 'prev_value': 5, 'change': 1, 'player_num': 1}
2022-08-22 20:09:02,971 : INFO : EventManager : Event: ======'logicblock_galaxy_counter_updated'====== Args={'value': 3, 'enabled': True}
2022-08-22 20:09:02,972 : INFO : EventManager : Event: ======'counter_galaxy_counter_hit'====== Args={'count': 3, 'hits': 3, 'remaining': 3}
2022-08-22 20:09:02,972 : INFO : EventManager : Event: ======'logicblock_galaxy_counter_hit'====== Args={'count': 3, 'hits': 3, 'remaining': 3}
2022-08-22 20:09:03,348 : INFO : SwitchController : <<<<<<< 's_left_inlane_far' inactive >>>>>>>
2022-08-22 20:09:03,456 : INFO : EventManager : Event: ======'player_combos_combo_timer_tick'====== Args={'value': 5, 'prev_value': 6, 'change': -1, 'player_num': 1}
2022-08-22 20:09:03,457 : INFO : EventManager : Event: ======'timer_combo_timer_tick'====== Args={'ticks': 5, 'ticks_remaining': 5}
2022-08-22 20:09:03,827 : INFO : SwitchController : <<<<<<< 's_left_inlane_far' active >>>>>>>
2022-08-22 20:09:03,827 : INFO : EventManager : Event: ======'s_left_inlane_far_active'====== Args={}
2022-08-22 20:09:03,828 : INFO : EventManager : Event: ======'machine_var_audits_switches_s_left_inlane_far'====== Args={'value': 4339, 'prev_value': 4338, 'change': 1}
2022-08-22 20:09:03,830 : INFO : EventManager : Event: ======'machine_var_audits_shots_galaxy_advance'====== Args={'value': 2448, 'prev_value': 2447, 'change': 1}
2022-08-22 20:09:03,832 : INFO : EventManager : Event: ======'galaxy_advance_hit'====== Args={'profile': 'default', 'state': 'lit', 'advancing': False}
2022-08-22 20:09:03,832 : INFO : EventManager : Event: ======'galaxy_advance_default_hit'====== Args={'profile': 'default', 'state': 'lit', 'advancing': False}
2022-08-22 20:09:03,832 : INFO : EventManager : Event: ======'galaxy_advance_default_lit_hit'====== Args={'profile': 'default', 'state': 'lit', 'advancing': False}
2022-08-22 20:09:03,832 : INFO : EventManager : Event: ======'galaxy_advance_lit_hit'====== Args={'profile': 'default', 'state': 'lit', 'advancing': False}
2022-08-22 20:09:03,832 : INFO : EventManager : Event: ======'player_score'====== Args={'value': 121110, 'prev_value': 91110, 'change': 30000, 'player_num': 1}
2022-08-22 20:09:03,833 : INFO : EventManager : Event: ======'player_switches'====== Args={'value': 5, 'prev_value': 4, 'change': 1, 'player_num': 1}
2022-08-22 20:09:03,834 : INFO : EventManager : Event: ======'player_combos_combo_timer_tick'====== Args={'value': 6, 'prev_value': 5, 'change': 1, 'player_num': 1}
2022-08-22 20:09:03,835 : INFO : EventManager : Event: ======'logicblock_galaxy_counter_updated'====== Args={'value': 4, 'enabled': True}
2022-08-22 20:09:03,835 : INFO : EventManager : Event: ======'counter_galaxy_counter_hit'====== Args={'count': 4, 'hits': 4, 'remaining': 2}
2022-08-22 20:09:03,835 : INFO : EventManager : Event: ======'logicblock_galaxy_counter_hit'====== Args={'count': 4, 'hits': 4, 'remaining': 2}
2022-08-22 20:09:03,876 : INFO : SwitchController : <<<<<<< 's_left_inlane_far' inactive >>>>>>>
2022-08-22 20:09:04,329 : INFO : EventManager : Event: ======'player_combos_combo_timer_tick'====== Args={'value': 5, 'prev_value': 6, 'change': -1, 'player_num': 1}
2022-08-22 20:09:04,330 : INFO : EventManager : Event: ======'timer_combo_timer_tick'====== Args={'ticks': 5, 'ticks_remaining': 5}
2022-08-22 20:09:04,739 : INFO : SwitchController : <<<<<<< 's_left_inlane_far' active >>>>>>>
2022-08-22 20:09:04,739 : INFO : EventManager : Event: ======'s_left_inlane_far_active'====== Args={}
2022-08-22 20:09:04,740 : INFO : EventManager : Event: ======'machine_var_audits_switches_s_left_inlane_far'====== Args={'value': 4340, 'prev_value': 4339, 'change': 1}
2022-08-22 20:09:04,742 : INFO : EventManager : Event: ======'machine_var_audits_shots_galaxy_advance'====== Args={'value': 2449, 'prev_value': 2448, 'change': 1}
2022-08-22 20:09:04,743 : INFO : EventManager : Event: ======'galaxy_advance_hit'====== Args={'profile': 'default', 'state': 'lit', 'advancing': False}
2022-08-22 20:09:04,743 : INFO : EventManager : Event: ======'galaxy_advance_default_hit'====== Args={'profile': 'default', 'state': 'lit', 'advancing': False}
2022-08-22 20:09:04,743 : INFO : EventManager : Event: ======'galaxy_advance_default_lit_hit'====== Args={'profile': 'default', 'state': 'lit', 'advancing': False}
2022-08-22 20:09:04,744 : INFO : EventManager : Event: ======'galaxy_advance_lit_hit'====== Args={'profile': 'default', 'state': 'lit', 'advancing': False}
2022-08-22 20:09:04,744 : INFO : EventManager : Event: ======'player_score'====== Args={'value': 151110, 'prev_value': 121110, 'change': 30000, 'player_num': 1}
2022-08-22 20:09:04,745 : INFO : EventManager : Event: ======'player_switches'====== Args={'value': 6, 'prev_value': 5, 'change': 1, 'player_num': 1}
2022-08-22 20:09:04,746 : INFO : EventManager : Event: ======'player_combos_combo_timer_tick'====== Args={'value': 6, 'prev_value': 5, 'change': 1, 'player_num': 1}
2022-08-22 20:09:04,746 : INFO : EventManager : Event: ======'logicblock_galaxy_counter_updated'====== Args={'value': 5, 'enabled': True}
2022-08-22 20:09:04,747 : INFO : EventManager : Event: ======'counter_galaxy_counter_hit'====== Args={'count': 5, 'hits': 5, 'remaining': 1}
2022-08-22 20:09:04,747 : INFO : EventManager : Event: ======'logicblock_galaxy_counter_hit'====== Args={'count': 5, 'hits': 5, 'remaining': 1}
2022-08-22 20:09:04,803 : INFO : SwitchController : <<<<<<< 's_left_inlane_far' inactive >>>>>>>
2022-08-22 20:09:05,139 : INFO : SwitchController : <<<<<<< 's_left_inlane_far' active >>>>>>>
2022-08-22 20:09:05,139 : INFO : EventManager : Event: ======'s_left_inlane_far_active'====== Args={}
2022-08-22 20:09:05,140 : INFO : EventManager : Event: ======'machine_var_audits_switches_s_left_inlane_far'====== Args={'value': 4341, 'prev_value': 4340, 'change': 1}
2022-08-22 20:09:05,142 : INFO : EventManager : Event: ======'machine_var_audits_shots_galaxy_advance'====== Args={'value': 2450, 'prev_value': 2449, 'change': 1}
2022-08-22 20:09:05,143 : INFO : EventManager : Event: ======'galaxy_advance_hit'====== Args={'profile': 'default', 'state': 'lit', 'advancing': False}
2022-08-22 20:09:05,143 : INFO : EventManager : Event: ======'galaxy_advance_default_hit'====== Args={'profile': 'default', 'state': 'lit', 'advancing': False}
2022-08-22 20:09:05,143 : INFO : EventManager : Event: ======'galaxy_advance_default_lit_hit'====== Args={'profile': 'default', 'state': 'lit', 'advancing': False}
2022-08-22 20:09:05,143 : INFO : EventManager : Event: ======'galaxy_advance_lit_hit'====== Args={'profile': 'default', 'state': 'lit', 'advancing': False}
2022-08-22 20:09:05,144 : INFO : EventManager : Event: ======'player_score'====== Args={'value': 181110, 'prev_value': 151110, 'change': 30000, 'player_num': 1}
2022-08-22 20:09:05,145 : INFO : EventManager : Event: ======'player_switches'====== Args={'value': 7, 'prev_value': 6, 'change': 1, 'player_num': 1}
2022-08-22 20:09:05,146 : INFO : EventManager : Event: ======'logicblock_galaxy_counter_updated'====== Args={'value': 6, 'enabled': True}
2022-08-22 20:09:05,146 : INFO : EventManager : Event: ======'counter_galaxy_counter_hit'====== Args={'count': 6, 'hits': 6, 'remaining': 0}
2022-08-22 20:09:05,146 : INFO : EventManager : Event: ======'logicblock_galaxy_counter_hit'====== Args={'count': 6, 'hits': 6, 'remaining': 0}
2022-08-22 20:09:05,146 : INFO : EventManager : Event: ======'add_x'====== Args={}
2022-08-22 20:09:05,147 : INFO : EventManager : Event: ======'logicblock_galaxy_counter_updated'====== Args={'value': 0, 'enabled': True}
2022-08-22 20:09:05,147 : INFO : EventManager : Event: ======'mode_playfield_multiplier_will_start'====== Args={}
2022-08-22 20:09:05,150 : INFO : EventManager : Event: ======'mode_playfield_multiplier_starting'====== Args={}
2022-08-22 20:09:05,150 : INFO : EventManager : Event: ======'player_playfield_multiplier'====== Args={'value': 2, 'prev_value': 1, 'change': 1, 'player_num': 1}
2022-08-22 20:09:05,151 : INFO : Mode.playfield_multiplier : Started. Priority: 10000
2022-08-22 20:09:05,151 : INFO : EventManager : Event: ======'modes_active_modes_changed'====== Args={}
2022-08-22 20:09:05,151 : INFO : EventManager : Event: ======'mode_playfield_multiplier_started'====== Args={}
2022-08-22 20:09:05,153 : INFO : Timer.playfield_x_timer : Starting Timer.
2022-08-22 20:09:05,153 : INFO : EventManager : Event: ======'timer_playfield_x_timer_started'====== Args={'ticks': 75, 'ticks_remaining': 75}
2022-08-22 20:09:05,153 : INFO : EventManager : Event: ======'timer_playfield_x_timer_tick'====== Args={'ticks': 75, 'ticks_remaining': 75}
2022-08-22 20:09:05,154 : INFO : EventManager : Event: ======'player_playfield_x_timer_seconds'====== Args={'value': 75, 'prev_value': 0, 'change': 75, 'player_num': 1}
2022-08-22 20:09:05,219 : INFO : SwitchController : <<<<<<< 's_left_inlane_far' inactive >>>>>>>
2022-08-22 20:09:05,640 : INFO : EventManager : Event: ======'player_combos_combo_timer_tick'====== Args={'value': 5, 'prev_value': 6, 'change': -1, 'player_num': 1}
2022-08-22 20:09:05,641 : INFO : EventManager : Event: ======'timer_combo_timer_tick'====== Args={'ticks': 5, 'ticks_remaining': 5}
2022-08-22 20:09:05,779 : INFO : SwitchController : <<<<<<< 's_left_inlane_far' active >>>>>>>
2022-08-22 20:09:05,779 : INFO : EventManager : Event: ======'s_left_inlane_far_active'====== Args={}
2022-08-22 20:09:05,780 : INFO : EventManager : Event: ======'machine_var_audits_switches_s_left_inlane_far'====== Args={'value': 4342, 'prev_value': 4341, 'change': 1}
2022-08-22 20:09:05,782 : INFO : EventManager : Event: ======'machine_var_audits_shots_galaxy_advance'====== Args={'value': 2451, 'prev_value': 2450, 'change': 1}
2022-08-22 20:09:05,783 : INFO : EventManager : Event: ======'galaxy_advance_hit'====== Args={'profile': 'default', 'state': 'lit', 'advancing': False}
2022-08-22 20:09:05,783 : INFO : EventManager : Event: ======'galaxy_advance_default_hit'====== Args={'profile': 'default', 'state': 'lit', 'advancing': False}
2022-08-22 20:09:05,784 : INFO : EventManager : Event: ======'galaxy_advance_default_lit_hit'====== Args={'profile': 'default', 'state': 'lit', 'advancing': False}
2022-08-22 20:09:05,784 : INFO : EventManager : Event: ======'galaxy_advance_lit_hit'====== Args={'profile': 'default', 'state': 'lit', 'advancing': False}
2022-08-22 20:09:05,784 : INFO : EventManager : Event: ======'player_score'====== Args={'value': 241110, 'prev_value': 181110, 'change': 60000, 'player_num': 1}
2022-08-22 20:09:05,785 : INFO : EventManager : Event: ======'player_switches'====== Args={'value': 8, 'prev_value': 7, 'change': 1, 'player_num': 1}
2022-08-22 20:09:05,786 : INFO : EventManager : Event: ======'player_combos_combo_timer_tick'====== Args={'value': 6, 'prev_value': 5, 'change': 1, 'player_num': 1}
2022-08-22 20:09:05,786 : INFO : EventManager : Event: ======'logicblock_galaxy_counter_updated'====== Args={'value': 1, 'enabled': True}
2022-08-22 20:09:05,787 : INFO : EventManager : Event: ======'counter_galaxy_counter_hit'====== Args={'count': 1, 'hits': 1, 'remaining': 5}
2022-08-22 20:09:05,787 : INFO : EventManager : Event: ======'logicblock_galaxy_counter_hit'====== Args={'count': 1, 'hits': 1, 'remaining': 5}
2022-08-22 20:09:05,875 : INFO : SwitchController : <<<<<<< 's_left_inlane_far' inactive >>>>>>>
2022-08-22 20:09:06,279 : INFO : EventManager : Event: ======'player_combos_combo_timer_tick'====== Args={'value': 5, 'prev_value': 6, 'change': -1, 'player_num': 1}
2022-08-22 20:09:06,280 : INFO : EventManager : Event: ======'timer_combo_timer_tick'====== Args={'ticks': 5, 'ticks_remaining': 5}
2022-08-22 20:09:06,326 : INFO : EventManager : Event: ======'player_playfield_multiplier_playfield_x_timer_tick'====== Args={'value': 74, 'prev_value': 0, 'change': 74, 'player_num': 1}
2022-08-22 20:09:06,327 : INFO : EventManager : Event: ======'timer_playfield_x_timer_tick'====== Args={'ticks': 74, 'ticks_remaining': 74}
2022-08-22 20:09:06,327 : INFO : EventManager : Event: ======'player_playfield_x_timer_seconds'====== Args={'value': 74, 'prev_value': 75, 'change': -1, 'player_num': 1}
2022-08-22 20:09:06,778 : INFO : EventManager : Event: ======'player_combos_combo_timer_tick'====== Args={'value': 4, 'prev_value': 5, 'change': -1, 'player_num': 1}
2022-08-22 20:09:06,779 : INFO : EventManager : Event: ======'timer_combo_timer_tick'====== Args={'ticks': 4, 'ticks_remaining': 4}
2022-08-22 20:09:07,277 : INFO : EventManager : Event: ======'player_combos_combo_timer_tick'====== Args={'value': 3, 'prev_value': 4, 'change': -1, 'player_num': 1}
2022-08-22 20:09:07,278 : INFO : EventManager : Event: ======'timer_combo_timer_tick'====== Args={'ticks': 3, 'ticks_remaining': 3}
2022-08-22 20:09:07,527 : INFO : EventManager : Event: ======'player_playfield_multiplier_playfield_x_timer_tick'====== Args={'value': 73, 'prev_value': 74, 'change': -1, 'player_num': 1}
2022-08-22 20:09:07,528 : INFO : EventManager : Event: ======'timer_playfield_x_timer_tick'====== Args={'ticks': 73, 'ticks_remaining': 73}
2022-08-22 20:09:07,528 : INFO : EventManager : Event: ======'player_playfield_x_timer_seconds'====== Args={'value': 73, 'prev_value': 74, 'change': -1, 'player_num': 1}
2022-08-22 20:09:07,777 : INFO : EventManager : Event: ======'player_combos_combo_timer_tick'====== Args={'value': 2, 'prev_value': 3, 'change': -1, 'player_num': 1}
2022-08-22 20:09:07,778 : INFO : EventManager : Event: ======'timer_combo_timer_tick'====== Args={'ticks': 2, 'ticks_remaining': 2}
2022-08-22 20:09:07,792 : INFO : EventManager : Event: ======'ball_save_base_save_hurry_up'====== Args={}
2022-08-22 20:09:07,939 : INFO : SwitchController : <<<<<<< 's_left_flipper' active >>>>>>>
2022-08-22 20:09:07,939 : INFO : EventManager : Event: ======'s_left_flipper_active'====== Args={}
2022-08-22 20:09:07,940 : INFO : EventManager : Event: ======'machine_var_audits_switches_s_left_flipper'====== Args={'value': 35032, 'prev_value': 35031, 'change': 1}
2022-08-22 20:09:08,276 : INFO : EventManager : Event: ======'player_combos_combo_timer_tick'====== Args={'value': 1, 'prev_value': 2, 'change': -1, 'player_num': 1}
2022-08-22 20:09:08,277 : INFO : EventManager : Event: ======'timer_combo_timer_tick'====== Args={'ticks': 1, 'ticks_remaining': 1}
2022-08-22 20:09:08,707 : INFO : SwitchController : <<<<<<< 's_left_flipper' inactive >>>>>>>
2022-08-22 20:09:08,728 : INFO : EventManager : Event: ======'player_playfield_multiplier_playfield_x_timer_tick'====== Args={'value': 72, 'prev_value': 73, 'change': -1, 'player_num': 1}
2022-08-22 20:09:08,729 : INFO : EventManager : Event: ======'timer_playfield_x_timer_tick'====== Args={'ticks': 72, 'ticks_remaining': 72}
2022-08-22 20:09:08,729 : INFO : EventManager : Event: ======'player_playfield_x_timer_seconds'====== Args={'value': 72, 'prev_value': 73, 'change': -1, 'player_num': 1}
2022-08-22 20:09:08,775 : INFO : EventManager : Event: ======'player_combos_combo_timer_tick'====== Args={'value': 0, 'prev_value': 1, 'change': -1, 'player_num': 1}
2022-08-22 20:09:08,776 : INFO : Timer.combo_timer : Timer Complete
2022-08-22 20:09:08,776 : INFO : Timer.combo_timer : Stopping Timer
2022-08-22 20:09:08,776 : INFO : EventManager : Event: ======'timer_combo_timer_stopped'====== Args={'ticks': 0, 'ticks_remaining': 1}
2022-08-22 20:09:08,776 : INFO : EventManager : Event: ======'timer_combo_timer_complete'====== Args={'ticks': 0, 'ticks_remaining': 1}
2022-08-22 20:09:09,155 : INFO : SwitchController : <<<<<<< 's_left_flipper' active >>>>>>>
2022-08-22 20:09:09,155 : INFO : EventManager : Event: ======'s_left_flipper_active'====== Args={}
2022-08-22 20:09:09,156 : INFO : EventManager : Event: ======'machine_var_audits_switches_s_left_flipper'====== Args={'value': 35033, 'prev_value': 35032, 'change': 1}
2022-08-22 20:09:09,267 : INFO : SwitchController : <<<<<<< 's_left_flipper' inactive >>>>>>>
2022-08-22 20:09:09,507 : INFO : SwitchController : <<<<<<< 's_right_spinner' active >>>>>>>
2022-08-22 20:09:09,507 : INFO : EventManager : Event: ======'s_right_spinner_active'====== Args={}
2022-08-22 20:09:09,508 : INFO : EventManager : Event: ======'machine_var_audits_switches_s_right_spinner'====== Args={'value': 16633, 'prev_value': 16632, 'change': 1}
2022-08-22 20:09:09,510 : INFO : EventManager : Event: ======'player_score'====== Args={'value': 243170, 'prev_value': 241110, 'change': 2060, 'player_num': 1}
2022-08-22 20:09:09,511 : INFO : EventManager : Event: ======'player_switches'====== Args={'value': 9, 'prev_value': 8, 'change': 1, 'player_num': 1}
2022-08-22 20:09:09,511 : INFO : EventManager : Event: ======'player_mode_value'====== Args={'value': 1010000, 'prev_value': 1000000, 'change': 10000, 'player_num': 1}
2022-08-22 20:09:09,572 : INFO : SwitchController : <<<<<<< 's_right_spinner' inactive >>>>>>>
2022-08-22 20:09:09,603 : INFO : SwitchController : <<<<<<< 's_right_spinner' active >>>>>>>
2022-08-22 20:09:09,603 : INFO : EventManager : Event: ======'s_right_spinner_active'====== Args={}
2022-08-22 20:09:09,603 : INFO : EventManager : Event: ======'machine_var_audits_switches_s_right_spinner'====== Args={'value': 16634, 'prev_value': 16633, 'change': 1}
2022-08-22 20:09:09,605 : INFO : EventManager : Event: ======'player_score'====== Args={'value': 245230, 'prev_value': 243170, 'change': 2060, 'player_num': 1}
2022-08-22 20:09:09,606 : INFO : EventManager : Event: ======'player_switches'====== Args={'value': 10, 'prev_value': 9, 'change': 1, 'player_num': 1}
2022-08-22 20:09:09,606 : INFO : EventManager : Event: ======'player_mode_value'====== Args={'value': 1020000, 'prev_value': 1010000, 'change': 10000, 'player_num': 1}
2022-08-22 20:09:09,683 : INFO : SwitchController : <<<<<<< 's_right_spinner' inactive >>>>>>>
2022-08-22 20:09:09,731 : INFO : SwitchController : <<<<<<< 's_right_spinner' active >>>>>>>
2022-08-22 20:09:09,731 : INFO : EventManager : Event: ======'s_right_spinner_active'====== Args={}
2022-08-22 20:09:09,732 : INFO : EventManager : Event: ======'machine_var_audits_switches_s_right_spinner'====== Args={'value': 16635, 'prev_value': 16634, 'change': 1}
2022-08-22 20:09:09,734 : INFO : EventManager : Event: ======'player_score'====== Args={'value': 247290, 'prev_value': 245230, 'change': 2060, 'player_num': 1}
2022-08-22 20:09:09,735 : INFO : EventManager : Event: ======'player_switches'====== Args={'value': 11, 'prev_value': 10, 'change': 1, 'player_num': 1}
2022-08-22 20:09:09,735 : INFO : EventManager : Event: ======'player_mode_value'====== Args={'value': 1030000, 'prev_value': 1020000, 'change': 10000, 'player_num': 1}
2022-08-22 20:09:09,805 : INFO : EventManager : Event: ======'ball_save_base_save_grace_period'====== Args={}
2022-08-22 20:09:09,843 : INFO : SwitchController : <<<<<<< 's_right_spinner' inactive >>>>>>>
2022-08-22 20:09:09,891 : INFO : SwitchController : <<<<<<< 's_right_spinner' active >>>>>>>
2022-08-22 20:09:09,891 : INFO : EventManager : Event: ======'s_right_spinner_active'====== Args={}
2022-08-22 20:09:09,892 : INFO : EventManager : Event: ======'machine_var_audits_switches_s_right_spinner'====== Args={'value': 16636, 'prev_value': 16635, 'change': 1}
2022-08-22 20:09:09,894 : INFO : EventManager : Event: ======'player_score'====== Args={'value': 249350, 'prev_value': 247290, 'change': 2060, 'player_num': 1}
2022-08-22 20:09:09,894 : INFO : EventManager : Event: ======'player_switches'====== Args={'value': 12, 'prev_value': 11, 'change': 1, 'player_num': 1}
2022-08-22 20:09:09,895 : INFO : EventManager : Event: ======'player_mode_value'====== Args={'value': 1040000, 'prev_value': 1030000, 'change': 10000, 'player_num': 1}
2022-08-22 20:09:09,929 : INFO : EventManager : Event: ======'player_playfield_multiplier_playfield_x_timer_tick'====== Args={'value': 71, 'prev_value': 72, 'change': -1, 'player_num': 1}
2022-08-22 20:09:09,930 : INFO : EventManager : Event: ======'timer_playfield_x_timer_tick'====== Args={'ticks': 71, 'ticks_remaining': 71}
2022-08-22 20:09:09,930 : INFO : EventManager : Event: ======'player_playfield_x_timer_seconds'====== Args={'value': 71, 'prev_value': 72, 'change': -1, 'player_num': 1}
2022-08-22 20:09:10,201 : INFO : SwitchController : <<<<<<< 's_right_spinner' inactive >>>>>>>
2022-08-22 20:09:10,403 : INFO : SwitchController : <<<<<<< 's_right_inlane_far' active >>>>>>>
2022-08-22 20:09:10,403 : INFO : EventManager : Event: ======'s_right_inlane_far_active'====== Args={}
2022-08-22 20:09:10,404 : INFO : EventManager : Event: ======'machine_var_audits_switches_s_right_inlane_far'====== Args={'value': 6318, 'prev_value': 6317, 'change': 1}
2022-08-22 20:09:10,406 : INFO : EventManager : Event: ======'player_shot_portal_advance'====== Args={'value': 1, 'prev_value': 0, 'change': 1, 'player_num': 1}
2022-08-22 20:09:10,407 : INFO : EventManager : Event: ======'machine_var_audits_shots_portal_advance'====== Args={'value': 4685, 'prev_value': 4684, 'change': 1}
2022-08-22 20:09:10,408 : INFO : EventManager : Event: ======'portal_advance_hit'====== Args={'profile': 'default', 'state': 'unlit', 'advancing': True}
2022-08-22 20:09:10,408 : INFO : EventManager : Event: ======'portal_advance_default_hit'====== Args={'profile': 'default', 'state': 'unlit', 'advancing': True}
2022-08-22 20:09:10,408 : INFO : EventManager : Event: ======'portal_advance_default_unlit_hit'====== Args={'profile': 'default', 'state': 'unlit', 'advancing': True}
2022-08-22 20:09:10,409 : INFO : EventManager : Event: ======'portal_advance_unlit_hit'====== Args={'profile': 'default', 'state': 'unlit', 'advancing': True}
2022-08-22 20:09:10,409 : INFO : EventManager : Event: ======'player_score'====== Args={'value': 309350, 'prev_value': 249350, 'change': 60000, 'player_num': 1}
2022-08-22 20:09:10,410 : INFO : EventManager : Event: ======'player_switches'====== Args={'value': 13, 'prev_value': 12, 'change': 1, 'player_num': 1}
2022-08-22 20:09:10,410 : INFO : EventManager : Event: ======'player_combos_combo_timer_tick'====== Args={'value': 6, 'prev_value': 0, 'change': 6, 'player_num': 1}
2022-08-22 20:09:10,411 : INFO : Timer.combo_timer : Starting Timer.
2022-08-22 20:09:10,411 : INFO : EventManager : Event: ======'timer_combo_timer_started'====== Args={'ticks': 6, 'ticks_remaining': 6}
2022-08-22 20:09:10,411 : INFO : EventManager : Event: ======'timer_combo_timer_tick'====== Args={'ticks': 6, 'ticks_remaining': 6}
2022-08-22 20:09:10,412 : INFO : EventManager : Event: ======'logicblock_portal_counter_updated'====== Args={'value': 4, 'enabled': True}
2022-08-22 20:09:10,412 : INFO : EventManager : Event: ======'counter_portal_counter_hit'====== Args={'count': 4, 'hits': 4, 'remaining': 2}
2022-08-22 20:09:10,412 : INFO : EventManager : Event: ======'logicblock_portal_counter_hit'====== Args={'count': 4, 'hits': 4, 'remaining': 2}
2022-08-22 20:09:10,467 : INFO : SwitchController : <<<<<<< 's_right_inlane_far' inactive >>>>>>>
2022-08-22 20:09:10,896 : INFO : EventManager : Event: ======'player_combos_combo_timer_tick'====== Args={'value': 5, 'prev_value': 6, 'change': -1, 'player_num': 1}
2022-08-22 20:09:10,897 : INFO : EventManager : Event: ======'timer_combo_timer_tick'====== Args={'ticks': 5, 'ticks_remaining': 5}
2022-08-22 20:09:10,898 : INFO : SwitchController : <<<<<<< 's_right_flipper' active >>>>>>>
2022-08-22 20:09:10,898 : INFO : EventManager : Event: ======'s_right_flipper_active'====== Args={}
2022-08-22 20:09:10,899 : INFO : EventManager : Event: ======'machine_var_audits_switches_s_right_flipper'====== Args={'value': 32308, 'prev_value': 32307, 'change': 1}
2022-08-22 20:09:11,107 : INFO : SwitchController : <<<<<<< 's_right_flipper' inactive >>>>>>>
2022-08-22 20:09:11,130 : INFO : EventManager : Event: ======'player_playfield_multiplier_playfield_x_timer_tick'====== Args={'value': 70, 'prev_value': 71, 'change': -1, 'player_num': 1}
2022-08-22 20:09:11,131 : INFO : EventManager : Event: ======'timer_playfield_x_timer_tick'====== Args={'ticks': 70, 'ticks_remaining': 70}
2022-08-22 20:09:11,131 : INFO : EventManager : Event: ======'player_playfield_x_timer_seconds'====== Args={'value': 70, 'prev_value': 71, 'change': -1, 'player_num': 1}
2022-08-22 20:09:11,396 : INFO : EventManager : Event: ======'player_combos_combo_timer_tick'====== Args={'value': 4, 'prev_value': 5, 'change': -1, 'player_num': 1}
2022-08-22 20:09:11,397 : INFO : EventManager : Event: ======'timer_combo_timer_tick'====== Args={'ticks': 4, 'ticks_remaining': 4}
2022-08-22 20:09:11,801 : INFO : EventManager : Event: ======'ball_save_base_save_disabled'====== Args={}
2022-08-22 20:09:11,895 : INFO : EventManager : Event: ======'player_combos_combo_timer_tick'====== Args={'value': 3, 'prev_value': 4, 'change': -1, 'player_num': 1}
2022-08-22 20:09:11,895 : INFO : EventManager : Event: ======'timer_combo_timer_tick'====== Args={'ticks': 3, 'ticks_remaining': 3}
2022-08-22 20:09:12,343 : INFO : EventManager : Event: ======'player_playfield_multiplier_playfield_x_timer_tick'====== Args={'value': 69, 'prev_value': 70, 'change': -1, 'player_num': 1}
2022-08-22 20:09:12,343 : INFO : EventManager : Event: ======'timer_playfield_x_timer_tick'====== Args={'ticks': 69, 'ticks_remaining': 69}
2022-08-22 20:09:12,343 : INFO : EventManager : Event: ======'player_playfield_x_timer_seconds'====== Args={'value': 69, 'prev_value': 70, 'change': -1, 'player_num': 1}
2022-08-22 20:09:12,343 : INFO : Machine : Shutting down...
2022-08-22 20:09:12,343 : INFO : EventManager : Event: ======'shutdown'====== Args={}
2022-08-22 20:09:12,359 : WARNING : FAST : Port RGB received more messages than were sent! Resetting!
2022-08-22 20:09:12,359 : WARNING : FAST : Received unknown serial command? BX:P from RGB.
2022-08-22 20:09:12,359 : WARNING : FAST : Port NET received more messages than were sent! Resetting!
2022-08-22 20:09:12,406 : INFO : EventManager : Event: ======'player_combos_combo_timer_tick'====== Args={'value': 2, 'prev_value': 3, 'change': -1, 'player_num': 1}
2022-08-22 20:09:12,406 : INFO : EventManager : Event: ======'timer_combo_timer_tick'====== Args={'ticks': 2, 'ticks_remaining': 2}
2022-08-22 20:09:12,437 : ERROR : FAST : Stop called on serial connection com7
2022-08-22 20:09:12,437 : ERROR : FAST : Stop called on serial connection com8
2022-08-22 20:09:12,655 : INFO : root : MPF run loop ended.
