2022-09-10 13:01:48,448 : INFO : root : Loading config.
2022-09-10 13:01:48,995 : INFO : ConfigProcessor : Config spec file cache created: C:\Users\Brendan\AppData\Local\Temp\config_spec.mpf_cache
2022-09-10 13:01:48,995 : INFO : YamlMultifileConfigLoader : Machine config file #1: config.yaml
2022-09-10 13:01:48,995 : INFO : ConfigProcessor : Loading config from cache: C:\Users\Brendan\AppData\Local\Temp\bccefe987bb586eace29905fa80cab57.mpf_cache
2022-09-10 13:01:49,053 : INFO : ConfigProcessor : Loading config from cache: C:\Users\Brendan\AppData\Local\Temp\467e7647689d29fad6adf949e1f4d51d.mpf_cache
2022-09-10 13:01:49,054 : INFO : ConfigProcessor : Loading config from cache: C:\Users\Brendan\AppData\Local\Temp\5550e037aa776b42b91b29b40b356c70.mpf_cache
2022-09-10 13:01:49,055 : INFO : ConfigProcessor : Loading config from cache: C:\Users\Brendan\AppData\Local\Temp\15e0c601392b30c3d9ba3ead8131edb5.mpf_cache
2022-09-10 13:01:49,056 : INFO : ConfigProcessor : Loading config from cache: C:\Users\Brendan\AppData\Local\Temp\0bf50917c4ef15ab65ee13d6c14e7d7c.mpf_cache
2022-09-10 13:01:49,057 : INFO : ConfigProcessor : Loading config from cache: C:\Users\Brendan\AppData\Local\Temp\bc7da7b13b2754e080c2afa0678ac274.mpf_cache
2022-09-10 13:01:49,057 : INFO : ConfigProcessor : Loading config from cache: C:\Users\Brendan\AppData\Local\Temp\bbd59d0bb6602ee0c5a89d6f85e6dd42.mpf_cache
2022-09-10 13:01:49,058 : INFO : ConfigProcessor : Loading config from cache: C:\Users\Brendan\AppData\Local\Temp\5526c78976fee311c3d05505d75f653d.mpf_cache
2022-09-10 13:01:49,059 : INFO : ConfigProcessor : Loading config from cache: C:\Users\Brendan\AppData\Local\Temp\6e95138ae5415fc76b53ebf8fa245fb5.mpf_cache
2022-09-10 13:01:49,060 : INFO : ConfigProcessor : Loading config from cache: C:\Users\Brendan\AppData\Local\Temp\1ec1c4dffb383758956493783a9ed391.mpf_cache
2022-09-10 13:01:49,060 : INFO : ConfigProcessor : Loading config from cache: C:\Users\Brendan\AppData\Local\Temp\f2aee92728c8017b77c710c804dd7f5a.mpf_cache
2022-09-10 13:01:49,062 : INFO : ConfigProcessor : Loading config from cache: C:\Users\Brendan\AppData\Local\Temp\88f57fa1305e9dc100972ec9f84d57fe.mpf_cache
2022-09-10 13:01:49,062 : INFO : ConfigProcessor : Loading config from cache: C:\Users\Brendan\AppData\Local\Temp\6e00a9d794d4c3f43a0fc48da04dac60.mpf_cache
2022-09-10 13:01:49,063 : INFO : ConfigProcessor : Loading config from cache: C:\Users\Brendan\AppData\Local\Temp\05ef98219fc733c3bcab58726c4b37ef.mpf_cache
2022-09-10 13:01:49,064 : INFO : ConfigProcessor : Loading config from cache: C:\Users\Brendan\AppData\Local\Temp\c22d657a5a7bb60632c2be2c735e073b.mpf_cache
2022-09-10 13:01:49,065 : INFO : ConfigProcessor : Loading config from cache: C:\Users\Brendan\AppData\Local\Temp\f7d4f5eb9425fe84d2e83a363afd4bdf.mpf_cache
2022-09-10 13:01:49,066 : INFO : ConfigProcessor : Loading config from cache: C:\Users\Brendan\AppData\Local\Temp\125f51d329f930ea7bff10973551cc26.mpf_cache
2022-09-10 13:01:49,066 : INFO : ConfigProcessor : Loading config from cache: C:\Users\Brendan\AppData\Local\Temp\08e18dfdf4e02cd29cc0cc52be2faaf4.mpf_cache
2022-09-10 13:01:49,067 : INFO : ConfigProcessor : Loading config from cache: C:\Users\Brendan\AppData\Local\Temp\f042f5bf6362b9e04d43b40b93a92057.mpf_cache
2022-09-10 13:01:49,068 : INFO : ConfigProcessor : Loading config from cache: C:\Users\Brendan\AppData\Local\Temp\60badac06cd62deb71f25fac24b103c2.mpf_cache
2022-09-10 13:01:49,069 : INFO : ConfigProcessor : Loading config from cache: C:\Users\Brendan\AppData\Local\Temp\a3ad1aeb679a0686901de8a6ffe784f0.mpf_cache
2022-09-10 13:01:49,069 : INFO : ConfigProcessor : Loading config from cache: C:\Users\Brendan\AppData\Local\Temp\d7856287e4ec48fb5adaa65e5f7b2848.mpf_cache
2022-09-10 13:01:49,070 : INFO : ConfigProcessor : Loading config from cache: C:\Users\Brendan\AppData\Local\Temp\4849f32e60febd99d83791f2417d9a0f.mpf_cache
2022-09-10 13:01:49,071 : WARNING : ConfigProcessor : Config file in cache changed: C:\Baby_pacman_code\machine\shows\.\blinky.yaml
2022-09-10 13:01:49,071 : INFO : ConfigProcessor : Loading config from file C:\Baby_pacman_code\machine\shows\.\blinky.yaml.
2022-09-10 13:01:49,075 : INFO : ConfigProcessor : Loading config: C:\Baby_pacman_code\machine\shows\.\blinky.yaml
2022-09-10 13:01:49,075 : INFO : ConfigProcessor : Config file cache created: C:\Users\Brendan\AppData\Local\Temp\46695fafdda39c0538290acecd64f4c0.mpf_cache
2022-09-10 13:01:49,075 : INFO : ConfigProcessor : Loading config from cache: C:\Users\Brendan\AppData\Local\Temp\942a9c8af084c06606ececc74db0a30f.mpf_cache
2022-09-10 13:01:49,076 : INFO : ConfigProcessor : Loading config from cache: C:\Users\Brendan\AppData\Local\Temp\d3a5f9b6ba13782c30d3f4f7e40a9dcf.mpf_cache
2022-09-10 13:01:49,077 : INFO : ConfigProcessor : Loading config from cache: C:\Users\Brendan\AppData\Local\Temp\bb2305c107159ac261738ee6fa5177f9.mpf_cache
2022-09-10 13:01:49,077 : INFO : ConfigProcessor : Loading config from cache: C:\Users\Brendan\AppData\Local\Temp\5e8fe62f7d4a280c75af4e016e79234a.mpf_cache
2022-09-10 13:01:49,078 : INFO : ConfigProcessor : Loading config from cache: C:\Users\Brendan\AppData\Local\Temp\7934ad8984867b043b25c8f1f16418da.mpf_cache
2022-09-10 13:01:49,078 : INFO : ConfigProcessor : Loading config from cache: C:\Users\Brendan\AppData\Local\Temp\201f4c0a0d10e05df2979372d05b639d.mpf_cache
2022-09-10 13:01:49,079 : INFO : ConfigProcessor : Loading config from cache: C:\Users\Brendan\AppData\Local\Temp\29084e75e573608c6a2e9d91f8c2e516.mpf_cache
2022-09-10 13:01:49,080 : INFO : ConfigProcessor : Loading config from cache: C:\Users\Brendan\AppData\Local\Temp\c1a52d9ec6beffcf3a0c74172f4f1789.mpf_cache
2022-09-10 13:01:49,081 : INFO : ConfigProcessor : Loading config from cache: C:\Users\Brendan\AppData\Local\Temp\1a7cfdccecce53cd51775700aa921808.mpf_cache
2022-09-10 13:01:49,082 : INFO : ConfigProcessor : Loading config from cache: C:\Users\Brendan\AppData\Local\Temp\bbeb6a5751b9d2029aa6e8633936e040.mpf_cache
2022-09-10 13:01:49,082 : INFO : ConfigProcessor : Loading config from cache: C:\Users\Brendan\AppData\Local\Temp\396defae609afab4d6d7399595fd494b.mpf_cache
2022-09-10 13:01:49,083 : INFO : ConfigProcessor : Loading config from cache: C:\Users\Brendan\AppData\Local\Temp\df5b128cf73808572dcd58af6b99a12a.mpf_cache
2022-09-10 13:01:49,084 : INFO : ConfigProcessor : Loading config from cache: C:\Users\Brendan\AppData\Local\Temp\b16abd66a20b52f76df13eb007a93cde.mpf_cache
2022-09-10 13:01:49,084 : INFO : ConfigProcessor : Loading config from cache: C:\Users\Brendan\AppData\Local\Temp\09ddf149c2750d0dc18124afb4ec1692.mpf_cache
2022-09-10 13:01:49,085 : INFO : ConfigProcessor : Loading config from cache: C:\Users\Brendan\AppData\Local\Temp\dc261f740d4fb0b58874215bc05837b4.mpf_cache
2022-09-10 13:01:49,085 : INFO : ConfigProcessor : Loading config from cache: C:\Users\Brendan\AppData\Local\Temp\fd5b67850c190931870595f7ba331325.mpf_cache
2022-09-10 13:01:49,086 : INFO : ConfigProcessor : Loading config from cache: C:\Users\Brendan\AppData\Local\Temp\7fa0bf6f8a3d06d96f9daba2d24e8451.mpf_cache
2022-09-10 13:01:49,086 : INFO : ConfigProcessor : Loading config from cache: C:\Users\Brendan\AppData\Local\Temp\17652c03725ec0d5dc66b35abdc504c5.mpf_cache
2022-09-10 13:01:49,087 : INFO : ConfigProcessor : Loading config from cache: C:\Users\Brendan\AppData\Local\Temp\f6549f0a1a12987384ccc86b9df17004.mpf_cache
2022-09-10 13:01:49,088 : INFO : ConfigProcessor : Loading config from cache: C:\Users\Brendan\AppData\Local\Temp\d416d6f9f35dec068a811f18f969a8db.mpf_cache
2022-09-10 13:01:49,089 : INFO : ConfigProcessor : Loading config from cache: C:\Users\Brendan\AppData\Local\Temp\2cbb22f93ff96ef242a9a2d7465f7b14.mpf_cache
2022-09-10 13:01:49,090 : INFO : ConfigProcessor : Loading config from cache: C:\Users\Brendan\AppData\Local\Temp\5b43fbcb021f3ce97d73fdb8a470eae4.mpf_cache
2022-09-10 13:01:49,090 : INFO : ConfigProcessor : Loading config from cache: C:\Users\Brendan\AppData\Local\Temp\6d994d077edad00fe01353c1bfbf6638.mpf_cache
2022-09-10 13:01:49,091 : INFO : ConfigProcessor : Loading config from cache: C:\Users\Brendan\AppData\Local\Temp\df6e37541f81fc1a6e02dbcf98e0d10b.mpf_cache
2022-09-10 13:01:49,091 : INFO : ConfigProcessor : Loading config from cache: C:\Users\Brendan\AppData\Local\Temp\c5e911b563ca93c8e10ce7743f92e657.mpf_cache
2022-09-10 13:01:49,092 : INFO : ConfigProcessor : Loading config from cache: C:\Users\Brendan\AppData\Local\Temp\8009c184ad4c71f93407ddc3ac0f69d2.mpf_cache
2022-09-10 13:01:49,093 : INFO : ConfigProcessor : Loading config from cache: C:\Users\Brendan\AppData\Local\Temp\99ecafb2993dab1e69369c4f69529b6f.mpf_cache
2022-09-10 13:01:49,093 : INFO : ConfigProcessor : Loading config from cache: C:\Users\Brendan\AppData\Local\Temp\57f2f8973b8bd58edd1d215976151c60.mpf_cache
2022-09-10 13:01:49,094 : INFO : ConfigProcessor : Loading config from cache: C:\Users\Brendan\AppData\Local\Temp\19f702536b27ff66106645e85afb027e.mpf_cache
2022-09-10 13:01:49,095 : INFO : ConfigProcessor : Loading config from cache: C:\Users\Brendan\AppData\Local\Temp\c17101e4486856bd6430e66412997ee7.mpf_cache
2022-09-10 13:01:49,096 : INFO : ConfigProcessor : Loading config from cache: C:\Users\Brendan\AppData\Local\Temp\c5b3b18e965344eb40bdf988f6d052aa.mpf_cache
2022-09-10 13:01:49,097 : INFO : Machine : Mission Pinball Framework Core Engine v0.55.0
2022-09-10 13:01:49,097 : INFO : Machine : Command line arguments: {'no_load_cache': False, 'create_config_cache': True, 'bcp': True, 'configfile': ['config.yaml'], 'force_assets_load': False, 'jsonlogging': False, 'logfile': 'logs\\2022-09-10-13-01-48-mpf-Pinball-PC.log', 'pause': False, 'production': False, 'text_ui': True, 'loglevel': 15, 'consoleloglevel': 20, 'force_platform': None, 'syslog_address': None, 'mc_file_name': None, 'no_sound': False}
2022-09-10 13:01:49,097 : INFO : Machine : MPF path: c:\users\brendan\appdata\local\programs\python\python37\lib\site-packages\mpf
2022-09-10 13:01:49,098 : INFO : Machine : Machine path: C:\Baby_pacman_code\machine
2022-09-10 13:01:49,098 : INFO : Machine : Platform: win32
2022-09-10 13:01:49,098 : INFO : Machine : Python executable location: c:\users\brendan\appdata\local\programs\python\python37\python.exe
2022-09-10 13:01:49,098 : INFO : Machine : Python version: 3.7.8 (64-bit)
2022-09-10 13:01:49,100 : INFO : Machine : Initialise MPF.
2022-09-10 13:01:49,250 : INFO : FAST : Connecting to com7 at 921600bps
2022-09-10 13:01:49,282 : INFO : FAST : Connected! Processor: NET, Board Type: FP-CPU-002-2, Firmware: 01.05
2022-09-10 13:01:49,282 : INFO : EventManager : Event: ======'machine_var_fast_net_firmware'====== Args={'value': '01.05', 'prev_value': None, 'change': True}
2022-09-10 13:01:49,282 : INFO : EventManager : Event: ======'machine_var_fast_net_model'====== Args={'value': 'FP-CPU-002-2', 'prev_value': None, 'change': True}
2022-09-10 13:01:51,639 : WARNING : FAST : Got unexpected message from FAST: -N:0A
2022-09-10 13:01:51,639 : WARNING : FAST : Got unexpected message from FAST: -N:13
2022-09-10 13:01:51,683 : INFO : FAST : Connecting to com8 at 921600bps
2022-09-10 13:01:51,731 : INFO : FAST : Connected! Processor: RGB, Board Type: FP-CPU-002-2, Firmware: 01.00
2022-09-10 13:01:51,731 : INFO : EventManager : Event: ======'machine_var_fast_rgb_firmware'====== Args={'value': '01.00', 'prev_value': None, 'change': True}
2022-09-10 13:01:51,731 : INFO : EventManager : Event: ======'machine_var_fast_rgb_model'====== Args={'value': 'FP-CPU-002-2', 'prev_value': None, 'change': True}
2022-09-10 13:01:51,732 : INFO : EventManager : Event: ======'machine_var_credits_string'====== Args={'value': 'FREE PLAY', 'prev_value': None, 'change': True}
2022-09-10 13:01:51,790 : INFO : EventManager : Event: ======'machine_var_master_volume'====== Args={'value': 0.5, 'prev_value': None, 'change': True}
2022-09-10 13:01:51,791 : INFO : EventManager : Event: ======'machine_var_player1_score'====== Args={'value': 441174720, 'prev_value': None, 'change': True}
2022-09-10 13:01:51,791 : INFO : EventManager : Event: ======'machine_var_mpf_version'====== Args={'value': 'MPF v0.55.0', 'prev_value': None, 'change': True}
2022-09-10 13:01:51,791 : INFO : EventManager : Event: ======'machine_var_mpf_extended_version'====== Args={'value': 'MPF v0.55.0, Config version:5, Show version: 5, BCP version:1.1', 'prev_value': None, 'change': True}
2022-09-10 13:01:51,791 : INFO : EventManager : Event: ======'machine_var_python_version'====== Args={'value': '3.7.8', 'prev_value': None, 'change': True}
2022-09-10 13:01:51,791 : INFO : EventManager : Event: ======'machine_var_platform'====== Args={'value': 'Windows-7-6.1.7601-SP1', 'prev_value': None, 'change': True}
2022-09-10 13:01:51,791 : INFO : EventManager : Event: ======'machine_var_platform_system'====== Args={'value': 'Windows', 'prev_value': None, 'change': True}
2022-09-10 13:01:51,792 : INFO : EventManager : Event: ======'machine_var_platform_release'====== Args={'value': '7', 'prev_value': None, 'change': True}
2022-09-10 13:01:51,792 : INFO : EventManager : Event: ======'machine_var_platform_version'====== Args={'value': '6.1.7601', 'prev_value': None, 'change': True}
2022-09-10 13:01:51,792 : INFO : EventManager : Event: ======'machine_var_platform_machine'====== Args={'value': 'AMD64', 'prev_value': None, 'change': True}
2022-09-10 13:01:51,792 : INFO : EventManager : Event: ======'init_phase_1'====== Args={}
2022-09-10 13:01:51,869 : INFO : EventManager : Event: ======'drop_target_bank_main_up'====== Args={}
2022-09-10 13:01:51,872 : INFO : EventManager : Event: ======'init_phase_2'====== Args={}
2022-09-10 13:01:51,874 : INFO : SwitchController : Found active switch: (('0A', 1), <Platform.FAST>) <switch.s_drop_target3>
2022-09-10 13:01:51,874 : INFO : SwitchController : Found active switch: (('13', 1), <Platform.FAST>) <switch.s_drain>
2022-09-10 13:01:51,917 : INFO : EventManager : Event: ======'bcp_connection_attempt'====== Args={'name': 'local_display', 'host': 'localhost', 'port': 5050}
2022-09-10 13:01:51,919 : INFO : BCPClientSocket : Connecting BCP to 'local_display' at localhost:5050...
2022-09-10 13:01:52,920 : WARNING : FAST : Port com7 was blocked for more than 1s. Reseting send queue! If this happens frequently report a bug!
2022-09-10 13:01:53,918 : WARNING : FAST : Port com7 was blocked for more than 1s. Reseting send queue! If this happens frequently report a bug!
2022-09-10 13:01:55,012 : INFO : BCPClientSocket : Connected BCP to 'local_display' localhost:5050
2022-09-10 13:01:55,014 : INFO : EventManager : Event: ======'bcp_clients_connected'====== Args={}
2022-09-10 13:01:55,027 : INFO : ball_device.bd_drain : BCH: Initial count: 1
2022-09-10 13:01:55,029 : INFO : EventManager : Event: ======'machine_var_mc_version'====== Args={'value': 'MPF-MC v0.55.0', 'prev_value': None, 'change': True}
2022-09-10 13:01:55,029 : INFO : EventManager : Event: ======'machine_var_mc_extended_version'====== Args={'value': 'MPF-MC v0.55.0 (config_version=5, BCP v1.1, Requires MPF v0.55.0-dev.49)', 'prev_value': None, 'change': True}
2022-09-10 13:01:55,034 : INFO : ball_device.bd_drain : State: idle
2022-09-10 13:01:55,057 : INFO : ball_device.bd_left_kicker : BCH: Initial count: 0
2022-09-10 13:01:55,058 : INFO : ball_device.bd_left_kicker : State: idle
2022-09-10 13:01:55,059 : INFO : ball_device.bd_right_kicker : BCH: Initial count: 0
2022-09-10 13:01:55,059 : INFO : ball_device.bd_right_kicker : State: idle
2022-09-10 13:01:55,125 : INFO : EventManager : Event: ======'init_phase_3'====== Args={}
2022-09-10 13:01:55,564 : INFO : EventManager : Event: ======'init_phase_4'====== Args={}
2022-09-10 13:01:55,569 : INFO : EventManager : Event: ======'playfield_active'====== Args={}
2022-09-10 13:01:55,569 : INFO : EventManager : Event: ======'unexpected_ball_on_playfield'====== Args={}
2022-09-10 13:01:55,569 : INFO : EventManager : Event: ======'playfield_active'====== Args={}
2022-09-10 13:01:55,569 : INFO : EventManager : Event: ======'unexpected_ball_on_playfield'====== Args={}
2022-09-10 13:01:55,570 : INFO : EventManager : Event: ======'playfield_active'====== Args={}
2022-09-10 13:01:55,570 : INFO : EventManager : Event: ======'unexpected_ball_on_playfield'====== Args={}
2022-09-10 13:01:55,570 : INFO : EventManager : Event: ======'drop_target_middle_down'====== Args={'device': <drop_target.middle>}
2022-09-10 13:01:55,570 : INFO : EventManager : Event: ======'drop_target_bank_main_mixed'====== Args={'prev_value': <DropTargetBankState.UP: 'up'>, 'down': 1}
2022-09-10 13:01:55,570 : INFO : EventManager : Event: ======'playfield_active'====== Args={}
2022-09-10 13:01:55,570 : INFO : EventManager : Event: ======'unexpected_ball_on_playfield'====== Args={}
2022-09-10 13:01:55,570 : INFO : EventManager : Event: ======'playfield_active'====== Args={}
2022-09-10 13:01:55,570 : INFO : EventManager : Event: ======'unexpected_ball_on_playfield'====== Args={}
2022-09-10 13:01:55,571 : INFO : BallController : Initial balls found: 1
2022-09-10 13:01:55,573 : INFO : EventManager : Event: ======'machine_var_audits_events_game_ended'====== Args={'value': 0, 'prev_value': None, 'change': True}
2022-09-10 13:01:55,573 : INFO : EventManager : Event: ======'machine_var_audits_events_game_started'====== Args={'value': 0, 'prev_value': None, 'change': True}
2022-09-10 13:01:55,574 : INFO : EventManager : Event: ======'machine_var_audits_player_score'====== Args={'value': {'average': 17774165.933014356, 'top': [720234070, 706004620, 591554830, 507595620, 502234510, 441174720, 210762830, 203435200, 198719690, 196999500], 'total': 627}, 'prev_value': None, 'change': True}
2022-09-10 13:01:55,574 : INFO : EventManager : Event: ======'machine_var_audits_shots_center_drop_mission1'====== Args={'value': 639, 'prev_value': None, 'change': True}
2022-09-10 13:01:55,574 : INFO : EventManager : Event: ======'machine_var_audits_shots_center_target'====== Args={'value': 454, 'prev_value': None, 'change': True}
2022-09-10 13:01:55,575 : INFO : EventManager : Event: ======'machine_var_audits_shots_drop_target1_mission2'====== Args={'value': 255, 'prev_value': None, 'change': True}
2022-09-10 13:01:55,575 : INFO : EventManager : Event: ======'machine_var_audits_shots_drop_target2_mission2'====== Args={'value': 298, 'prev_value': None, 'change': True}
2022-09-10 13:01:55,575 : INFO : EventManager : Event: ======'machine_var_audits_shots_drop_target3_mission2'====== Args={'value': 347, 'prev_value': None, 'change': True}
2022-09-10 13:01:55,576 : INFO : EventManager : Event: ======'machine_var_audits_shots_drop_target4_mission2'====== Args={'value': 309, 'prev_value': None, 'change': True}
2022-09-10 13:01:55,576 : INFO : EventManager : Event: ======'machine_var_audits_shots_drop_target5_mission2'====== Args={'value': 266, 'prev_value': None, 'change': True}
2022-09-10 13:01:55,576 : INFO : EventManager : Event: ======'machine_var_audits_shots_drop_targets_mission3'====== Args={'value': 1755, 'prev_value': None, 'change': True}
2022-09-10 13:01:55,577 : INFO : EventManager : Event: ======'machine_var_audits_shots_galaxy_advance'====== Args={'value': 3222, 'prev_value': None, 'change': True}
2022-09-10 13:01:55,577 : INFO : EventManager : Event: ======'machine_var_audits_shots_l_lane'====== Args={'value': 711, 'prev_value': None, 'change': True}
2022-09-10 13:01:55,578 : INFO : EventManager : Event: ======'machine_var_audits_shots_left_kicker_mission2'====== Args={'value': 178, 'prev_value': None, 'change': True}
2022-09-10 13:01:55,578 : INFO : EventManager : Event: ======'machine_var_audits_shots_left_kicker_mission4'====== Args={'value': 132, 'prev_value': None, 'change': True}
2022-09-10 13:01:55,578 : INFO : EventManager : Event: ======'machine_var_audits_shots_left_loop_mission1'====== Args={'value': 721, 'prev_value': None, 'change': True}
2022-09-10 13:01:55,579 : INFO : EventManager : Event: ======'machine_var_audits_shots_left_loop_mission2'====== Args={'value': 305, 'prev_value': None, 'change': True}
2022-09-10 13:01:55,579 : INFO : EventManager : Event: ======'machine_var_audits_shots_left_loop_mission4'====== Args={'value': 434, 'prev_value': None, 'change': True}
2022-09-10 13:01:55,580 : INFO : EventManager : Event: ======'machine_var_audits_shots_portal_advance'====== Args={'value': 5312, 'prev_value': None, 'change': True}
2022-09-10 13:01:55,580 : INFO : EventManager : Event: ======'machine_var_audits_shots_r_lane'====== Args={'value': 624, 'prev_value': None, 'change': True}
2022-09-10 13:01:55,580 : INFO : EventManager : Event: ======'machine_var_audits_shots_right_kicker_mission2'====== Args={'value': 151, 'prev_value': None, 'change': True}
2022-09-10 13:01:55,581 : INFO : EventManager : Event: ======'machine_var_audits_shots_right_kicker_mission4'====== Args={'value': 151, 'prev_value': None, 'change': True}
2022-09-10 13:01:55,581 : INFO : EventManager : Event: ======'machine_var_audits_shots_right_loop_mission1'====== Args={'value': 827, 'prev_value': None, 'change': True}
2022-09-10 13:01:55,582 : INFO : EventManager : Event: ======'machine_var_audits_shots_right_loop_mission2'====== Args={'value': 355, 'prev_value': None, 'change': True}
2022-09-10 13:01:55,582 : INFO : EventManager : Event: ======'machine_var_audits_shots_right_loop_mission4'====== Args={'value': 494, 'prev_value': None, 'change': True}
2022-09-10 13:01:55,582 : INFO : EventManager : Event: ======'machine_var_audits_shots_warp_advance'====== Args={'value': 1180, 'prev_value': None, 'change': True}
2022-09-10 13:01:55,583 : INFO : EventManager : Event: ======'machine_var_audits_switches_s_action_button'====== Args={'value': 4396, 'prev_value': None, 'change': True}
2022-09-10 13:01:55,583 : INFO : EventManager : Event: ======'machine_var_audits_switches_s_drain'====== Args={'value': 3000, 'prev_value': None, 'change': True}
2022-09-10 13:01:55,584 : INFO : EventManager : Event: ======'machine_var_audits_switches_s_drop_target1'====== Args={'value': 2125, 'prev_value': None, 'change': True}
2022-09-10 13:01:55,584 : INFO : EventManager : Event: ======'machine_var_audits_switches_s_drop_target2'====== Args={'value': 2440, 'prev_value': None, 'change': True}
2022-09-10 13:01:55,585 : INFO : EventManager : Event: ======'machine_var_audits_switches_s_drop_target3'====== Args={'value': 2899, 'prev_value': None, 'change': True}
2022-09-10 13:01:55,585 : INFO : EventManager : Event: ======'machine_var_audits_switches_s_drop_target4'====== Args={'value': 2322, 'prev_value': None, 'change': True}
2022-09-10 13:01:55,585 : INFO : EventManager : Event: ======'machine_var_audits_switches_s_drop_target5'====== Args={'value': 2205, 'prev_value': None, 'change': True}
2022-09-10 13:01:55,586 : INFO : EventManager : Event: ======'machine_var_audits_switches_s_left_captive_ball'====== Args={'value': 534, 'prev_value': None, 'change': True}
2022-09-10 13:01:55,586 : INFO : EventManager : Event: ======'machine_var_audits_switches_s_left_flipper'====== Args={'value': 39732, 'prev_value': None, 'change': True}
2022-09-10 13:01:55,587 : INFO : EventManager : Event: ======'machine_var_audits_switches_s_left_inlane'====== Args={'value': 711, 'prev_value': None, 'change': True}
2022-09-10 13:01:55,587 : INFO : EventManager : Event: ======'machine_var_audits_switches_s_left_inlane_far'====== Args={'value': 5247, 'prev_value': None, 'change': True}
2022-09-10 13:01:55,588 : INFO : EventManager : Event: ======'machine_var_audits_switches_s_left_kicker'====== Args={'value': 1720, 'prev_value': None, 'change': True}
2022-09-10 13:01:55,588 : INFO : EventManager : Event: ======'machine_var_audits_switches_s_left_sling'====== Args={'value': 7737, 'prev_value': None, 'change': True}
2022-09-10 13:01:55,589 : INFO : EventManager : Event: ======'machine_var_audits_switches_s_left_spinner'====== Args={'value': 25414, 'prev_value': None, 'change': True}
2022-09-10 13:01:55,589 : INFO : EventManager : Event: ======'machine_var_audits_switches_s_right_captive_ball'====== Args={'value': 553, 'prev_value': None, 'change': True}
2022-09-10 13:01:55,590 : INFO : EventManager : Event: ======'machine_var_audits_switches_s_right_flipper'====== Args={'value': 36165, 'prev_value': None, 'change': True}
2022-09-10 13:01:55,590 : INFO : EventManager : Event: ======'machine_var_audits_switches_s_right_inlane'====== Args={'value': 624, 'prev_value': None, 'change': True}
2022-09-10 13:01:55,590 : INFO : EventManager : Event: ======'machine_var_audits_switches_s_right_inlane_far'====== Args={'value': 7203, 'prev_value': None, 'change': True}
2022-09-10 13:01:55,591 : INFO : EventManager : Event: ======'machine_var_audits_switches_s_right_kicker'====== Args={'value': 1902, 'prev_value': None, 'change': True}
2022-09-10 13:01:55,591 : INFO : EventManager : Event: ======'machine_var_audits_switches_s_right_sling'====== Args={'value': 14648, 'prev_value': None, 'change': True}
2022-09-10 13:01:55,592 : INFO : EventManager : Event: ======'machine_var_audits_switches_s_right_spinner'====== Args={'value': 19155, 'prev_value': None, 'change': True}
2022-09-10 13:01:55,592 : INFO : EventManager : Event: ======'machine_var_audits_switches_s_start'====== Args={'value': 417, 'prev_value': None, 'change': True}
2022-09-10 13:01:55,593 : INFO : EventManager : Event: ======'init_phase_5'====== Args={}
2022-09-10 13:01:55,598 : INFO : EventManager : Event: ======'init_done'====== Args={}
2022-09-10 13:01:55,599 : WARNING : FAST : Port NET received more messages than were sent! Resetting!
2022-09-10 13:01:55,599 : WARNING : FAST : Port NET received more messages than were sent! Resetting!
2022-09-10 13:01:55,599 : WARNING : FAST : Port NET received more messages than were sent! Resetting!
2022-09-10 13:01:55,599 : WARNING : FAST : Port NET received more messages than were sent! Resetting!
2022-09-10 13:01:55,599 : WARNING : FAST : Port NET received more messages than were sent! Resetting!
2022-09-10 13:01:55,599 : WARNING : FAST : Port NET received more messages than were sent! Resetting!
2022-09-10 13:01:55,599 : WARNING : FAST : Port NET received more messages than were sent! Resetting!
2022-09-10 13:01:55,599 : WARNING : FAST : Port NET received more messages than were sent! Resetting!
2022-09-10 13:01:55,599 : WARNING : FAST : Port NET received more messages than were sent! Resetting!
2022-09-10 13:01:55,599 : WARNING : FAST : Port NET received more messages than were sent! Resetting!
2022-09-10 13:01:55,600 : WARNING : FAST : Port NET received more messages than were sent! Resetting!
2022-09-10 13:01:55,600 : WARNING : FAST : Port NET received more messages than were sent! Resetting!
2022-09-10 13:01:55,600 : WARNING : FAST : Port NET received more messages than were sent! Resetting!
2022-09-10 13:01:55,600 : WARNING : FAST : Port NET received more messages than were sent! Resetting!
2022-09-10 13:01:55,600 : WARNING : FAST : Port NET received more messages than were sent! Resetting!
2022-09-10 13:01:55,600 : WARNING : FAST : Port NET received more messages than were sent! Resetting!
2022-09-10 13:01:55,600 : WARNING : FAST : Port NET received more messages than were sent! Resetting!
2022-09-10 13:01:55,600 : WARNING : FAST : Port NET received more messages than were sent! Resetting!
2022-09-10 13:01:55,600 : WARNING : FAST : Port NET received more messages than were sent! Resetting!
2022-09-10 13:01:55,600 : WARNING : FAST : Port NET received more messages than were sent! Resetting!
2022-09-10 13:01:55,600 : WARNING : FAST : Port NET received more messages than were sent! Resetting!
2022-09-10 13:01:55,600 : WARNING : FAST : Port NET received more messages than were sent! Resetting!
2022-09-10 13:01:55,601 : INFO : EventManager : Event: ======'machine_reset_phase_1'====== Args={}
2022-09-10 13:01:55,606 : INFO : EventManager : Event: ======'machine_reset_phase_2'====== Args={}
2022-09-10 13:01:55,607 : INFO : EventManager : Event: ======'machine_reset_phase_3'====== Args={}
2022-09-10 13:01:55,607 : INFO : EventManager : Event: ======'reset_complete'====== Args={}
2022-09-10 13:01:55,607 : INFO : EventManager : Event: ======'mode_attract_will_start'====== Args={}
2022-09-10 13:01:55,608 : INFO : EventManager : Event: ======'mode_attract_starting'====== Args={}
2022-09-10 13:01:55,608 : INFO : Mode.attract : Started. Priority: 10
2022-09-10 13:01:55,608 : INFO : EventManager : Event: ======'modes_active_modes_changed'====== Args={}
2022-09-10 13:01:55,608 : INFO : EventManager : Event: ======'mode_attract_started'====== Args={}
2022-09-10 13:01:55,611 : INFO : EventManager : Event: ======'collecting_balls_complete'====== Args={}
2022-09-10 13:01:55,628 : INFO : EventManager : Event: ======'slide_show_3.slide_player-0_created'====== Args={'_from_bcp': True}
2022-09-10 13:01:55,628 : INFO : EventManager : Event: ======'slide_show_3.slide_player-0_active'====== Args={'_from_bcp': True}
2022-09-10 13:01:55,629 : INFO : Machine : Starting the main run loop.
2022-09-10 13:01:58,173 : INFO : Machine : Shutting down...
2022-09-10 13:01:58,173 : INFO : EventManager : Event: ======'shutdown'====== Args={}
2022-09-10 13:01:58,204 : WARNING : FAST : Port RGB received more messages than were sent! Resetting!
2022-09-10 13:01:58,204 : WARNING : FAST : Received unknown serial command? BX:P from RGB.
2022-09-10 13:01:58,204 : WARNING : FAST : Port NET received more messages than were sent! Resetting!
2022-09-10 13:01:58,282 : ERROR : FAST : Stop called on serial connection com7
2022-09-10 13:01:58,282 : ERROR : FAST : Stop called on serial connection com8
2022-09-10 13:01:58,501 : INFO : root : MPF run loop ended.
