2022-08-21 19:39:27,372 : INFO : root : Loading config.
2022-08-21 19:39:27,934 : INFO : ConfigProcessor : Config spec file cache created: C:\Users\Brendan\AppData\Local\Temp\config_spec.mpf_cache
2022-08-21 19:39:27,934 : INFO : YamlMultifileConfigLoader : Machine config file #1: config.yaml
2022-08-21 19:39:27,934 : INFO : ConfigProcessor : Loading config from cache: C:\Users\Brendan\AppData\Local\Temp\bccefe987bb586eace29905fa80cab57.mpf_cache
2022-08-21 19:39:27,997 : INFO : ConfigProcessor : Loading config from cache: C:\Users\Brendan\AppData\Local\Temp\467e7647689d29fad6adf949e1f4d51d.mpf_cache
2022-08-21 19:39:27,998 : INFO : ConfigProcessor : Loading config from cache: C:\Users\Brendan\AppData\Local\Temp\5550e037aa776b42b91b29b40b356c70.mpf_cache
2022-08-21 19:39:27,999 : INFO : ConfigProcessor : Loading config from cache: C:\Users\Brendan\AppData\Local\Temp\15e0c601392b30c3d9ba3ead8131edb5.mpf_cache
2022-08-21 19:39:28,000 : INFO : ConfigProcessor : Loading config from cache: C:\Users\Brendan\AppData\Local\Temp\0bf50917c4ef15ab65ee13d6c14e7d7c.mpf_cache
2022-08-21 19:39:28,000 : INFO : ConfigProcessor : Loading config from cache: C:\Users\Brendan\AppData\Local\Temp\bc7da7b13b2754e080c2afa0678ac274.mpf_cache
2022-08-21 19:39:28,001 : INFO : ConfigProcessor : Loading config from cache: C:\Users\Brendan\AppData\Local\Temp\bbd59d0bb6602ee0c5a89d6f85e6dd42.mpf_cache
2022-08-21 19:39:28,002 : INFO : ConfigProcessor : Loading config from cache: C:\Users\Brendan\AppData\Local\Temp\5526c78976fee311c3d05505d75f653d.mpf_cache
2022-08-21 19:39:28,003 : INFO : ConfigProcessor : Loading config from cache: C:\Users\Brendan\AppData\Local\Temp\6e95138ae5415fc76b53ebf8fa245fb5.mpf_cache
2022-08-21 19:39:28,003 : INFO : ConfigProcessor : Loading config from cache: C:\Users\Brendan\AppData\Local\Temp\1ec1c4dffb383758956493783a9ed391.mpf_cache
2022-08-21 19:39:28,004 : INFO : ConfigProcessor : Loading config from cache: C:\Users\Brendan\AppData\Local\Temp\f2aee92728c8017b77c710c804dd7f5a.mpf_cache
2022-08-21 19:39:28,005 : INFO : ConfigProcessor : Loading config from cache: C:\Users\Brendan\AppData\Local\Temp\88f57fa1305e9dc100972ec9f84d57fe.mpf_cache
2022-08-21 19:39:28,006 : INFO : ConfigProcessor : Loading config from cache: C:\Users\Brendan\AppData\Local\Temp\6e00a9d794d4c3f43a0fc48da04dac60.mpf_cache
2022-08-21 19:39:28,007 : INFO : ConfigProcessor : Loading config from cache: C:\Users\Brendan\AppData\Local\Temp\05ef98219fc733c3bcab58726c4b37ef.mpf_cache
2022-08-21 19:39:28,008 : INFO : ConfigProcessor : Loading config from cache: C:\Users\Brendan\AppData\Local\Temp\c22d657a5a7bb60632c2be2c735e073b.mpf_cache
2022-08-21 19:39:28,009 : INFO : ConfigProcessor : Loading config from cache: C:\Users\Brendan\AppData\Local\Temp\f7d4f5eb9425fe84d2e83a363afd4bdf.mpf_cache
2022-08-21 19:39:28,009 : INFO : ConfigProcessor : Loading config from cache: C:\Users\Brendan\AppData\Local\Temp\125f51d329f930ea7bff10973551cc26.mpf_cache
2022-08-21 19:39:28,010 : INFO : ConfigProcessor : Loading config from cache: C:\Users\Brendan\AppData\Local\Temp\08e18dfdf4e02cd29cc0cc52be2faaf4.mpf_cache
2022-08-21 19:39:28,011 : INFO : ConfigProcessor : Loading config from cache: C:\Users\Brendan\AppData\Local\Temp\f042f5bf6362b9e04d43b40b93a92057.mpf_cache
2022-08-21 19:39:28,012 : INFO : ConfigProcessor : Loading config from cache: C:\Users\Brendan\AppData\Local\Temp\60badac06cd62deb71f25fac24b103c2.mpf_cache
2022-08-21 19:39:28,012 : INFO : ConfigProcessor : Loading config from cache: C:\Users\Brendan\AppData\Local\Temp\a3ad1aeb679a0686901de8a6ffe784f0.mpf_cache
2022-08-21 19:39:28,013 : WARNING : ConfigProcessor : Config file in cache changed: C:\Baby_pacman_code\machine\modes\playfield_multiplier\config\playfield_multiplier.yaml
2022-08-21 19:39:28,013 : INFO : ConfigProcessor : Loading config from file C:\Baby_pacman_code\machine\modes\playfield_multiplier\config\playfield_multiplier.yaml.
2022-08-21 19:39:28,028 : INFO : ConfigProcessor : Loading config: C:\Baby_pacman_code\machine\modes\playfield_multiplier\config\playfield_multiplier.yaml
2022-08-21 19:39:28,029 : INFO : ConfigProcessor : Config file cache created: C:\Users\Brendan\AppData\Local\Temp\d7856287e4ec48fb5adaa65e5f7b2848.mpf_cache
2022-08-21 19:39:28,029 : INFO : ConfigProcessor : Loading config from cache: C:\Users\Brendan\AppData\Local\Temp\4849f32e60febd99d83791f2417d9a0f.mpf_cache
2022-08-21 19:39:28,030 : INFO : ConfigProcessor : Loading config from cache: C:\Users\Brendan\AppData\Local\Temp\942a9c8af084c06606ececc74db0a30f.mpf_cache
2022-08-21 19:39:28,031 : INFO : ConfigProcessor : Loading config from cache: C:\Users\Brendan\AppData\Local\Temp\d3a5f9b6ba13782c30d3f4f7e40a9dcf.mpf_cache
2022-08-21 19:39:28,032 : INFO : ConfigProcessor : Loading config from cache: C:\Users\Brendan\AppData\Local\Temp\bb2305c107159ac261738ee6fa5177f9.mpf_cache
2022-08-21 19:39:28,032 : INFO : ConfigProcessor : Loading config from cache: C:\Users\Brendan\AppData\Local\Temp\5e8fe62f7d4a280c75af4e016e79234a.mpf_cache
2022-08-21 19:39:28,033 : INFO : ConfigProcessor : Loading config from cache: C:\Users\Brendan\AppData\Local\Temp\7934ad8984867b043b25c8f1f16418da.mpf_cache
2022-08-21 19:39:28,033 : INFO : ConfigProcessor : Loading config from cache: C:\Users\Brendan\AppData\Local\Temp\201f4c0a0d10e05df2979372d05b639d.mpf_cache
2022-08-21 19:39:28,034 : INFO : ConfigProcessor : Loading config from cache: C:\Users\Brendan\AppData\Local\Temp\29084e75e573608c6a2e9d91f8c2e516.mpf_cache
2022-08-21 19:39:28,035 : INFO : ConfigProcessor : Loading config from cache: C:\Users\Brendan\AppData\Local\Temp\c1a52d9ec6beffcf3a0c74172f4f1789.mpf_cache
2022-08-21 19:39:28,036 : INFO : ConfigProcessor : Loading config from cache: C:\Users\Brendan\AppData\Local\Temp\1a7cfdccecce53cd51775700aa921808.mpf_cache
2022-08-21 19:39:28,037 : INFO : ConfigProcessor : Loading config from cache: C:\Users\Brendan\AppData\Local\Temp\bbeb6a5751b9d2029aa6e8633936e040.mpf_cache
2022-08-21 19:39:28,037 : INFO : ConfigProcessor : Loading config from cache: C:\Users\Brendan\AppData\Local\Temp\396defae609afab4d6d7399595fd494b.mpf_cache
2022-08-21 19:39:28,038 : INFO : ConfigProcessor : Loading config from cache: C:\Users\Brendan\AppData\Local\Temp\df5b128cf73808572dcd58af6b99a12a.mpf_cache
2022-08-21 19:39:28,039 : INFO : ConfigProcessor : Loading config from cache: C:\Users\Brendan\AppData\Local\Temp\b16abd66a20b52f76df13eb007a93cde.mpf_cache
2022-08-21 19:39:28,039 : INFO : ConfigProcessor : Loading config from cache: C:\Users\Brendan\AppData\Local\Temp\09ddf149c2750d0dc18124afb4ec1692.mpf_cache
2022-08-21 19:39:28,040 : INFO : ConfigProcessor : Loading config from cache: C:\Users\Brendan\AppData\Local\Temp\dc261f740d4fb0b58874215bc05837b4.mpf_cache
2022-08-21 19:39:28,040 : INFO : ConfigProcessor : Loading config from cache: C:\Users\Brendan\AppData\Local\Temp\fd5b67850c190931870595f7ba331325.mpf_cache
2022-08-21 19:39:28,041 : INFO : ConfigProcessor : Loading config from cache: C:\Users\Brendan\AppData\Local\Temp\7fa0bf6f8a3d06d96f9daba2d24e8451.mpf_cache
2022-08-21 19:39:28,041 : INFO : ConfigProcessor : Loading config from cache: C:\Users\Brendan\AppData\Local\Temp\17652c03725ec0d5dc66b35abdc504c5.mpf_cache
2022-08-21 19:39:28,042 : INFO : ConfigProcessor : Loading config from cache: C:\Users\Brendan\AppData\Local\Temp\f6549f0a1a12987384ccc86b9df17004.mpf_cache
2022-08-21 19:39:28,043 : INFO : ConfigProcessor : Loading config from cache: C:\Users\Brendan\AppData\Local\Temp\d416d6f9f35dec068a811f18f969a8db.mpf_cache
2022-08-21 19:39:28,044 : INFO : ConfigProcessor : Loading config from cache: C:\Users\Brendan\AppData\Local\Temp\2cbb22f93ff96ef242a9a2d7465f7b14.mpf_cache
2022-08-21 19:39:28,045 : INFO : ConfigProcessor : Loading config from cache: C:\Users\Brendan\AppData\Local\Temp\5b43fbcb021f3ce97d73fdb8a470eae4.mpf_cache
2022-08-21 19:39:28,045 : INFO : ConfigProcessor : Loading config from cache: C:\Users\Brendan\AppData\Local\Temp\6d994d077edad00fe01353c1bfbf6638.mpf_cache
2022-08-21 19:39:28,046 : INFO : ConfigProcessor : Loading config from cache: C:\Users\Brendan\AppData\Local\Temp\df6e37541f81fc1a6e02dbcf98e0d10b.mpf_cache
2022-08-21 19:39:28,047 : INFO : ConfigProcessor : Loading config from cache: C:\Users\Brendan\AppData\Local\Temp\c5e911b563ca93c8e10ce7743f92e657.mpf_cache
2022-08-21 19:39:28,047 : INFO : ConfigProcessor : Loading config from cache: C:\Users\Brendan\AppData\Local\Temp\99ecafb2993dab1e69369c4f69529b6f.mpf_cache
2022-08-21 19:39:28,048 : INFO : ConfigProcessor : Loading config from cache: C:\Users\Brendan\AppData\Local\Temp\57f2f8973b8bd58edd1d215976151c60.mpf_cache
2022-08-21 19:39:28,049 : INFO : ConfigProcessor : Loading config from cache: C:\Users\Brendan\AppData\Local\Temp\19f702536b27ff66106645e85afb027e.mpf_cache
2022-08-21 19:39:28,050 : INFO : ConfigProcessor : Loading config from cache: C:\Users\Brendan\AppData\Local\Temp\c17101e4486856bd6430e66412997ee7.mpf_cache
2022-08-21 19:39:28,051 : INFO : ConfigProcessor : Loading config from cache: C:\Users\Brendan\AppData\Local\Temp\c5b3b18e965344eb40bdf988f6d052aa.mpf_cache
2022-08-21 19:39:28,052 : INFO : Machine : Mission Pinball Framework Core Engine v0.55.0
2022-08-21 19:39:28,052 : INFO : Machine : Command line arguments: {'no_load_cache': False, 'create_config_cache': True, 'bcp': True, 'configfile': ['config.yaml'], 'force_assets_load': False, 'jsonlogging': False, 'logfile': 'logs\\2022-08-21-19-39-27-mpf-Pinball-PC.log', 'pause': False, 'production': False, 'text_ui': True, 'loglevel': 15, 'consoleloglevel': 20, 'force_platform': None, 'syslog_address': None, 'mc_file_name': None, 'no_sound': False}
2022-08-21 19:39:28,052 : INFO : Machine : MPF path: c:\users\brendan\appdata\local\programs\python\python37\lib\site-packages\mpf
2022-08-21 19:39:28,052 : INFO : Machine : Machine path: C:\Baby_pacman_code\machine
2022-08-21 19:39:28,052 : INFO : Machine : Platform: win32
2022-08-21 19:39:28,052 : INFO : Machine : Python executable location: c:\users\brendan\appdata\local\programs\python\python37\python.exe
2022-08-21 19:39:28,053 : INFO : Machine : Python version: 3.7.8 (64-bit)
2022-08-21 19:39:28,054 : INFO : Machine : Initialise MPF.
2022-08-21 19:39:28,214 : INFO : FAST : Connecting to com7 at 921600bps
2022-08-21 19:39:28,261 : INFO : FAST : Connected! Processor: NET, Board Type: FP-CPU-002-2, Firmware: 01.05
2022-08-21 19:39:28,261 : INFO : EventManager : Event: ======'machine_var_fast_net_firmware'====== Args={'value': '01.05', 'prev_value': None, 'change': True}
2022-08-21 19:39:28,261 : INFO : EventManager : Event: ======'machine_var_fast_net_model'====== Args={'value': 'FP-CPU-002-2', 'prev_value': None, 'change': True}
2022-08-21 19:39:30,624 : WARNING : FAST : Got unexpected message from FAST: -N:06
2022-08-21 19:39:30,624 : WARNING : FAST : Got unexpected message from FAST: -N:0A
2022-08-21 19:39:30,624 : WARNING : FAST : Got unexpected message from FAST: -N:0B
2022-08-21 19:39:30,624 : WARNING : FAST : Got unexpected message from FAST: -N:0C
2022-08-21 19:39:30,624 : WARNING : FAST : Got unexpected message from FAST: -N:13
2022-08-21 19:39:30,660 : INFO : FAST : Connecting to com8 at 921600bps
2022-08-21 19:39:30,709 : INFO : FAST : Connected! Processor: RGB, Board Type: FP-CPU-002-2, Firmware: 01.00
2022-08-21 19:39:30,710 : INFO : EventManager : Event: ======'machine_var_fast_rgb_firmware'====== Args={'value': '01.00', 'prev_value': None, 'change': True}
2022-08-21 19:39:30,710 : INFO : EventManager : Event: ======'machine_var_fast_rgb_model'====== Args={'value': 'FP-CPU-002-2', 'prev_value': None, 'change': True}
2022-08-21 19:39:30,711 : INFO : EventManager : Event: ======'machine_var_credits_string'====== Args={'value': 'FREE PLAY', 'prev_value': None, 'change': True}
2022-08-21 19:39:30,781 : INFO : EventManager : Event: ======'machine_var_master_volume'====== Args={'value': 0.5, 'prev_value': None, 'change': True}
2022-08-21 19:39:30,781 : INFO : EventManager : Event: ======'machine_var_player1_score'====== Args={'value': 58540490, 'prev_value': None, 'change': True}
2022-08-21 19:39:30,781 : INFO : EventManager : Event: ======'machine_var_mpf_version'====== Args={'value': 'MPF v0.55.0', 'prev_value': None, 'change': True}
2022-08-21 19:39:30,781 : INFO : EventManager : Event: ======'machine_var_mpf_extended_version'====== Args={'value': 'MPF v0.55.0, Config version:5, Show version: 5, BCP version:1.1', 'prev_value': None, 'change': True}
2022-08-21 19:39:30,781 : INFO : EventManager : Event: ======'machine_var_python_version'====== Args={'value': '3.7.8', 'prev_value': None, 'change': True}
2022-08-21 19:39:30,782 : INFO : EventManager : Event: ======'machine_var_platform'====== Args={'value': 'Windows-7-6.1.7601-SP1', 'prev_value': None, 'change': True}
2022-08-21 19:39:30,782 : INFO : EventManager : Event: ======'machine_var_platform_system'====== Args={'value': 'Windows', 'prev_value': None, 'change': True}
2022-08-21 19:39:30,782 : INFO : EventManager : Event: ======'machine_var_platform_release'====== Args={'value': '7', 'prev_value': None, 'change': True}
2022-08-21 19:39:30,782 : INFO : EventManager : Event: ======'machine_var_platform_version'====== Args={'value': '6.1.7601', 'prev_value': None, 'change': True}
2022-08-21 19:39:30,782 : INFO : EventManager : Event: ======'machine_var_platform_machine'====== Args={'value': 'AMD64', 'prev_value': None, 'change': True}
2022-08-21 19:39:30,782 : INFO : EventManager : Event: ======'init_phase_1'====== Args={}
2022-08-21 19:39:30,854 : INFO : EventManager : Event: ======'drop_target_bank_main_up'====== Args={}
2022-08-21 19:39:30,866 : INFO : EventManager : Event: ======'init_phase_2'====== Args={}
2022-08-21 19:39:30,867 : INFO : SwitchController : Found active switch: (('06', 1), <Platform.FAST>) <switch.s_right_captive_ball>
2022-08-21 19:39:30,867 : INFO : SwitchController : Found active switch: (('0A', 1), <Platform.FAST>) <switch.s_drop_target3>
2022-08-21 19:39:30,867 : INFO : SwitchController : Found active switch: (('0B', 1), <Platform.FAST>) <switch.s_drop_target2>
2022-08-21 19:39:30,867 : INFO : SwitchController : Found active switch: (('0C', 1), <Platform.FAST>) <switch.s_drop_target1>
2022-08-21 19:39:30,868 : INFO : SwitchController : Found active switch: (('13', 1), <Platform.FAST>) <switch.s_drain>
2022-08-21 19:39:30,908 : INFO : EventManager : Event: ======'bcp_connection_attempt'====== Args={'name': 'local_display', 'host': 'localhost', 'port': 5050}
2022-08-21 19:39:30,909 : INFO : BCPClientSocket : Connecting BCP to 'local_display' at localhost:5050...
2022-08-21 19:39:31,904 : WARNING : FAST : Port com7 was blocked for more than 1s. Reseting send queue! If this happens frequently report a bug!
2022-08-21 19:39:32,902 : WARNING : FAST : Port com7 was blocked for more than 1s. Reseting send queue! If this happens frequently report a bug!
2022-08-21 19:39:32,917 : INFO : BCPClientSocket : Connected BCP to 'local_display' localhost:5050
2022-08-21 19:39:32,918 : INFO : EventManager : Event: ======'bcp_clients_connected'====== Args={}
2022-08-21 19:39:32,925 : INFO : ball_device.bd_drain : BCH: Initial count: 1
2022-08-21 19:39:32,926 : INFO : EventManager : Event: ======'machine_var_mc_version'====== Args={'value': 'MPF-MC v0.55.0', 'prev_value': None, 'change': True}
2022-08-21 19:39:32,927 : INFO : EventManager : Event: ======'machine_var_mc_extended_version'====== Args={'value': 'MPF-MC v0.55.0 (config_version=5, BCP v1.1, Requires MPF v0.55.0-dev.49)', 'prev_value': None, 'change': True}
2022-08-21 19:39:32,929 : INFO : ball_device.bd_drain : State: idle
2022-08-21 19:39:32,946 : INFO : ball_device.bd_left_kicker : BCH: Initial count: 0
2022-08-21 19:39:32,947 : INFO : ball_device.bd_left_kicker : State: idle
2022-08-21 19:39:32,947 : INFO : ball_device.bd_right_kicker : BCH: Initial count: 0
2022-08-21 19:39:32,948 : INFO : ball_device.bd_right_kicker : State: idle
2022-08-21 19:39:33,011 : INFO : EventManager : Event: ======'init_phase_3'====== Args={}
2022-08-21 19:39:33,416 : INFO : EventManager : Event: ======'init_phase_4'====== Args={}
2022-08-21 19:39:33,421 : INFO : EventManager : Event: ======'playfield_active'====== Args={}
2022-08-21 19:39:33,421 : INFO : EventManager : Event: ======'unexpected_ball_on_playfield'====== Args={}
2022-08-21 19:39:33,421 : INFO : EventManager : Event: ======'drop_target_far_left_down'====== Args={'device': <drop_target.far_left>}
2022-08-21 19:39:33,421 : INFO : EventManager : Event: ======'drop_target_bank_main_mixed'====== Args={'prev_value': <DropTargetBankState.UP: 'up'>, 'down': 1}
2022-08-21 19:39:33,421 : INFO : EventManager : Event: ======'playfield_active'====== Args={}
2022-08-21 19:39:33,421 : INFO : EventManager : Event: ======'unexpected_ball_on_playfield'====== Args={}
2022-08-21 19:39:33,421 : INFO : EventManager : Event: ======'drop_target_left_down'====== Args={'device': <drop_target.left>}
2022-08-21 19:39:33,422 : INFO : EventManager : Event: ======'drop_target_bank_main_mixed'====== Args={'prev_value': <DropTargetBankState.MIXED: 'mixed'>, 'down': 2}
2022-08-21 19:39:33,422 : INFO : EventManager : Event: ======'playfield_active'====== Args={}
2022-08-21 19:39:33,422 : INFO : EventManager : Event: ======'unexpected_ball_on_playfield'====== Args={}
2022-08-21 19:39:33,423 : INFO : EventManager : Event: ======'drop_target_middle_down'====== Args={'device': <drop_target.middle>}
2022-08-21 19:39:33,423 : INFO : EventManager : Event: ======'drop_target_bank_main_mixed'====== Args={'prev_value': <DropTargetBankState.MIXED: 'mixed'>, 'down': 3}
2022-08-21 19:39:33,423 : INFO : EventManager : Event: ======'playfield_active'====== Args={}
2022-08-21 19:39:33,423 : INFO : EventManager : Event: ======'unexpected_ball_on_playfield'====== Args={}
2022-08-21 19:39:33,423 : INFO : EventManager : Event: ======'playfield_active'====== Args={}
2022-08-21 19:39:33,423 : INFO : EventManager : Event: ======'unexpected_ball_on_playfield'====== Args={}
2022-08-21 19:39:33,424 : INFO : BallController : Initial balls found: 1
2022-08-21 19:39:33,427 : INFO : EventManager : Event: ======'machine_var_audits_events_game_ended'====== Args={'value': 0, 'prev_value': None, 'change': True}
2022-08-21 19:39:33,427 : INFO : EventManager : Event: ======'machine_var_audits_events_game_started'====== Args={'value': 0, 'prev_value': None, 'change': True}
2022-08-21 19:39:33,427 : INFO : EventManager : Event: ======'machine_var_audits_player_score'====== Args={'value': {'average': 10318150.616438355, 'top': [198719690, 195274570, 161094530, 160419680, 140071820, 132769060, 132262360, 127113160, 121863670, 115954110], 'total': 584}, 'prev_value': None, 'change': True}
2022-08-21 19:39:33,428 : INFO : EventManager : Event: ======'machine_var_audits_shots_center_drop_mission1'====== Args={'value': 522, 'prev_value': None, 'change': True}
2022-08-21 19:39:33,428 : INFO : EventManager : Event: ======'machine_var_audits_shots_center_target'====== Args={'value': 119, 'prev_value': None, 'change': True}
2022-08-21 19:39:33,429 : INFO : EventManager : Event: ======'machine_var_audits_shots_drop_target1_mission2'====== Args={'value': 221, 'prev_value': None, 'change': True}
2022-08-21 19:39:33,429 : INFO : EventManager : Event: ======'machine_var_audits_shots_drop_target2_mission2'====== Args={'value': 256, 'prev_value': None, 'change': True}
2022-08-21 19:39:33,429 : INFO : EventManager : Event: ======'machine_var_audits_shots_drop_target3_mission2'====== Args={'value': 299, 'prev_value': None, 'change': True}
2022-08-21 19:39:33,430 : INFO : EventManager : Event: ======'machine_var_audits_shots_drop_target4_mission2'====== Args={'value': 265, 'prev_value': None, 'change': True}
2022-08-21 19:39:33,430 : INFO : EventManager : Event: ======'machine_var_audits_shots_drop_target5_mission2'====== Args={'value': 227, 'prev_value': None, 'change': True}
2022-08-21 19:39:33,430 : INFO : EventManager : Event: ======'machine_var_audits_shots_drop_targets_mission3'====== Args={'value': 1462, 'prev_value': None, 'change': True}
2022-08-21 19:39:33,431 : INFO : EventManager : Event: ======'machine_var_audits_shots_galaxy_advance'====== Args={'value': 2107, 'prev_value': None, 'change': True}
2022-08-21 19:39:33,431 : INFO : EventManager : Event: ======'machine_var_audits_shots_l_lane'====== Args={'value': 608, 'prev_value': None, 'change': True}
2022-08-21 19:39:33,432 : INFO : EventManager : Event: ======'machine_var_audits_shots_left_kicker_mission2'====== Args={'value': 160, 'prev_value': None, 'change': True}
2022-08-21 19:39:33,432 : INFO : EventManager : Event: ======'machine_var_audits_shots_left_kicker_mission4'====== Args={'value': 116, 'prev_value': None, 'change': True}
2022-08-21 19:39:33,432 : INFO : EventManager : Event: ======'machine_var_audits_shots_left_loop_mission1'====== Args={'value': 586, 'prev_value': None, 'change': True}
2022-08-21 19:39:33,433 : INFO : EventManager : Event: ======'machine_var_audits_shots_left_loop_mission2'====== Args={'value': 258, 'prev_value': None, 'change': True}
2022-08-21 19:39:33,433 : INFO : EventManager : Event: ======'machine_var_audits_shots_left_loop_mission4'====== Args={'value': 382, 'prev_value': None, 'change': True}
2022-08-21 19:39:33,434 : INFO : EventManager : Event: ======'machine_var_audits_shots_portal_advance'====== Args={'value': 4570, 'prev_value': None, 'change': True}
2022-08-21 19:39:33,434 : INFO : EventManager : Event: ======'machine_var_audits_shots_r_lane'====== Args={'value': 537, 'prev_value': None, 'change': True}
2022-08-21 19:39:33,435 : INFO : EventManager : Event: ======'machine_var_audits_shots_right_kicker_mission2'====== Args={'value': 134, 'prev_value': None, 'change': True}
2022-08-21 19:39:33,435 : INFO : EventManager : Event: ======'machine_var_audits_shots_right_kicker_mission4'====== Args={'value': 135, 'prev_value': None, 'change': True}
2022-08-21 19:39:33,435 : INFO : EventManager : Event: ======'machine_var_audits_shots_right_loop_mission1'====== Args={'value': 675, 'prev_value': None, 'change': True}
2022-08-21 19:39:33,436 : INFO : EventManager : Event: ======'machine_var_audits_shots_right_loop_mission2'====== Args={'value': 303, 'prev_value': None, 'change': True}
2022-08-21 19:39:33,436 : INFO : EventManager : Event: ======'machine_var_audits_shots_right_loop_mission4'====== Args={'value': 430, 'prev_value': None, 'change': True}
2022-08-21 19:39:33,437 : INFO : EventManager : Event: ======'machine_var_audits_shots_warp_advance'====== Args={'value': 1093, 'prev_value': None, 'change': True}
2022-08-21 19:39:33,437 : INFO : EventManager : Event: ======'machine_var_audits_switches_s_action_button'====== Args={'value': 3953, 'prev_value': None, 'change': True}
2022-08-21 19:39:33,438 : INFO : EventManager : Event: ======'machine_var_audits_switches_s_drain'====== Args={'value': 2721, 'prev_value': None, 'change': True}
2022-08-21 19:39:33,438 : INFO : EventManager : Event: ======'machine_var_audits_switches_s_drop_target1'====== Args={'value': 1837, 'prev_value': None, 'change': True}
2022-08-21 19:39:33,438 : INFO : EventManager : Event: ======'machine_var_audits_switches_s_drop_target2'====== Args={'value': 2143, 'prev_value': None, 'change': True}
2022-08-21 19:39:33,439 : INFO : EventManager : Event: ======'machine_var_audits_switches_s_drop_target3'====== Args={'value': 2564, 'prev_value': None, 'change': True}
2022-08-21 19:39:33,439 : INFO : EventManager : Event: ======'machine_var_audits_switches_s_drop_target4'====== Args={'value': 2049, 'prev_value': None, 'change': True}
2022-08-21 19:39:33,440 : INFO : EventManager : Event: ======'machine_var_audits_switches_s_drop_target5'====== Args={'value': 1939, 'prev_value': None, 'change': True}
2022-08-21 19:39:33,440 : INFO : EventManager : Event: ======'machine_var_audits_switches_s_left_captive_ball'====== Args={'value': 473, 'prev_value': None, 'change': True}
2022-08-21 19:39:33,441 : INFO : EventManager : Event: ======'machine_var_audits_switches_s_left_flipper'====== Args={'value': 34261, 'prev_value': None, 'change': True}
2022-08-21 19:39:33,441 : INFO : EventManager : Event: ======'machine_var_audits_switches_s_left_inlane'====== Args={'value': 608, 'prev_value': None, 'change': True}
2022-08-21 19:39:33,441 : INFO : EventManager : Event: ======'machine_var_audits_switches_s_left_inlane_far'====== Args={'value': 3956, 'prev_value': None, 'change': True}
2022-08-21 19:39:33,442 : INFO : EventManager : Event: ======'machine_var_audits_switches_s_left_kicker'====== Args={'value': 1531, 'prev_value': None, 'change': True}
2022-08-21 19:39:33,442 : INFO : EventManager : Event: ======'machine_var_audits_switches_s_left_sling'====== Args={'value': 6821, 'prev_value': None, 'change': True}
2022-08-21 19:39:33,443 : INFO : EventManager : Event: ======'machine_var_audits_switches_s_left_spinner'====== Args={'value': 20079, 'prev_value': None, 'change': True}
2022-08-21 19:39:33,443 : INFO : EventManager : Event: ======'machine_var_audits_switches_s_right_captive_ball'====== Args={'value': 498, 'prev_value': None, 'change': True}
2022-08-21 19:39:33,444 : INFO : EventManager : Event: ======'machine_var_audits_switches_s_right_flipper'====== Args={'value': 31692, 'prev_value': None, 'change': True}
2022-08-21 19:39:33,444 : INFO : EventManager : Event: ======'machine_var_audits_switches_s_right_inlane'====== Args={'value': 537, 'prev_value': None, 'change': True}
2022-08-21 19:39:33,445 : INFO : EventManager : Event: ======'machine_var_audits_switches_s_right_inlane_far'====== Args={'value': 6152, 'prev_value': None, 'change': True}
2022-08-21 19:39:33,445 : INFO : EventManager : Event: ======'machine_var_audits_switches_s_right_kicker'====== Args={'value': 1698, 'prev_value': None, 'change': True}
2022-08-21 19:39:33,446 : INFO : EventManager : Event: ======'machine_var_audits_switches_s_right_sling'====== Args={'value': 14085, 'prev_value': None, 'change': True}
2022-08-21 19:39:33,446 : INFO : EventManager : Event: ======'machine_var_audits_switches_s_right_spinner'====== Args={'value': 16231, 'prev_value': None, 'change': True}
2022-08-21 19:39:33,447 : INFO : EventManager : Event: ======'machine_var_audits_switches_s_start'====== Args={'value': 404, 'prev_value': None, 'change': True}
2022-08-21 19:39:33,448 : INFO : EventManager : Event: ======'init_phase_5'====== Args={}
2022-08-21 19:39:33,453 : INFO : EventManager : Event: ======'init_done'====== Args={}
2022-08-21 19:39:33,454 : WARNING : FAST : Port NET received more messages than were sent! Resetting!
2022-08-21 19:39:33,454 : WARNING : FAST : Port NET received more messages than were sent! Resetting!
2022-08-21 19:39:33,454 : WARNING : FAST : Port NET received more messages than were sent! Resetting!
2022-08-21 19:39:33,454 : WARNING : FAST : Port NET received more messages than were sent! Resetting!
2022-08-21 19:39:33,454 : WARNING : FAST : Port NET received more messages than were sent! Resetting!
2022-08-21 19:39:33,454 : WARNING : FAST : Port NET received more messages than were sent! Resetting!
2022-08-21 19:39:33,454 : WARNING : FAST : Port NET received more messages than were sent! Resetting!
2022-08-21 19:39:33,454 : WARNING : FAST : Port NET received more messages than were sent! Resetting!
2022-08-21 19:39:33,454 : WARNING : FAST : Port NET received more messages than were sent! Resetting!
2022-08-21 19:39:33,454 : WARNING : FAST : Port NET received more messages than were sent! Resetting!
2022-08-21 19:39:33,454 : WARNING : FAST : Port NET received more messages than were sent! Resetting!
2022-08-21 19:39:33,454 : WARNING : FAST : Port NET received more messages than were sent! Resetting!
2022-08-21 19:39:33,454 : WARNING : FAST : Port NET received more messages than were sent! Resetting!
2022-08-21 19:39:33,455 : WARNING : FAST : Port NET received more messages than were sent! Resetting!
2022-08-21 19:39:33,455 : WARNING : FAST : Port NET received more messages than were sent! Resetting!
2022-08-21 19:39:33,455 : WARNING : FAST : Port NET received more messages than were sent! Resetting!
2022-08-21 19:39:33,455 : WARNING : FAST : Port NET received more messages than were sent! Resetting!
2022-08-21 19:39:33,455 : WARNING : FAST : Port NET received more messages than were sent! Resetting!
2022-08-21 19:39:33,455 : WARNING : FAST : Port NET received more messages than were sent! Resetting!
2022-08-21 19:39:33,455 : WARNING : FAST : Port NET received more messages than were sent! Resetting!
2022-08-21 19:39:33,455 : WARNING : FAST : Port NET received more messages than were sent! Resetting!
2022-08-21 19:39:33,455 : WARNING : FAST : Port NET received more messages than were sent! Resetting!
2022-08-21 19:39:33,456 : INFO : EventManager : Event: ======'machine_reset_phase_1'====== Args={}
2022-08-21 19:39:33,461 : INFO : EventManager : Event: ======'machine_reset_phase_2'====== Args={}
2022-08-21 19:39:33,461 : INFO : EventManager : Event: ======'machine_reset_phase_3'====== Args={}
2022-08-21 19:39:33,461 : INFO : EventManager : Event: ======'reset_complete'====== Args={}
2022-08-21 19:39:33,462 : INFO : EventManager : Event: ======'mode_attract_will_start'====== Args={}
2022-08-21 19:39:33,462 : INFO : EventManager : Event: ======'mode_attract_starting'====== Args={}
2022-08-21 19:39:33,462 : INFO : Mode.attract : Started. Priority: 10
2022-08-21 19:39:33,463 : INFO : EventManager : Event: ======'modes_active_modes_changed'====== Args={}
2022-08-21 19:39:33,463 : INFO : EventManager : Event: ======'mode_attract_started'====== Args={}
2022-08-21 19:39:33,465 : INFO : EventManager : Event: ======'collecting_balls_complete'====== Args={}
2022-08-21 19:39:33,483 : INFO : EventManager : Event: ======'slide_show_13.slide_player-0_created'====== Args={'_from_bcp': True}
2022-08-21 19:39:33,483 : INFO : EventManager : Event: ======'slide_show_13.slide_player-0_active'====== Args={'_from_bcp': True}
2022-08-21 19:39:33,484 : INFO : Machine : Starting the main run loop.
2022-08-21 19:39:34,260 : INFO : SwitchController : <<<<<<< 's_start' active >>>>>>>
2022-08-21 19:39:34,484 : INFO : SwitchController : <<<<<<< 's_start' inactive >>>>>>>
2022-08-21 19:39:34,485 : INFO : EventManager : Event: ======'request_to_start_game'====== Args={}
2022-08-21 19:39:34,485 : INFO : EventManager : Event: ======'game_start'====== Args={'buttons': [], 'hold_time': 0.21900000000096043}
2022-08-21 19:39:34,485 : INFO : EventManager : Event: ======'mode_game_will_start'====== Args={'buttons': [], 'hold_time': 0.21900000000096043}
2022-08-21 19:39:34,486 : INFO : EventManager : Event: ======'mode_game_starting'====== Args={'buttons': [], 'hold_time': 0.21900000000096043}
2022-08-21 19:39:34,487 : INFO : EventManager : Event: ======'mode_attract_will_stop'====== Args={}
2022-08-21 19:39:34,487 : INFO : EventManager : Event: ======'mode_attract_stopping'====== Args={}
2022-08-21 19:39:34,487 : INFO : Mode.attract : Stopped.
2022-08-21 19:39:34,487 : INFO : EventManager : Event: ======'modes_active_modes_changed'====== Args={}
2022-08-21 19:39:34,491 : INFO : EventManager : Event: ======'mode_attract_stopped'====== Args={}
2022-08-21 19:39:34,491 : INFO : EventManager : Event: ======'clear'====== Args={'key': 'attract'}
2022-08-21 19:39:34,492 : INFO : Mode.game : Started. Priority: 20
2022-08-21 19:39:34,492 : INFO : EventManager : Event: ======'modes_active_modes_changed'====== Args={}
2022-08-21 19:39:34,492 : INFO : EventManager : Event: ======'mode_game_started'====== Args={'buttons': [], 'hold_time': 0.21900000000096043}
2022-08-21 19:39:34,502 : INFO : EventManager : Event: ======'game_will_start'====== Args={}
2022-08-21 19:39:34,503 : INFO : EventManager : Event: ======'slide_show_13.slide_player-0_removed'====== Args={'_from_bcp': True}
2022-08-21 19:39:34,503 : INFO : EventManager : Event: ======'slide_window_blank_active'====== Args={'_from_bcp': True}
2022-08-21 19:39:34,503 : INFO : EventManager : Event: ======'game_starting'====== Args={'game': <Mode.game>}
2022-08-21 19:39:34,505 : INFO : EventManager : Event: ======'player_add_request'====== Args={}
2022-08-21 19:39:34,505 : INFO : EventManager : Event: ======'player_will_add'====== Args={'number': 1}
2022-08-21 19:39:34,506 : INFO : EventManager : Event: ======'player_adding'====== Args={'player': <Player 1>, 'number': 1}
2022-08-21 19:39:34,506 : INFO : EventManager : Event: ======'player_added'====== Args={'player': <Player 1>, 'num': 1}
2022-08-21 19:39:34,506 : INFO : Mode.game : Player added successfully. Total players: 1
2022-08-21 19:39:34,507 : INFO : EventManager : Event: ======'player_index'====== Args={'value': 0, 'prev_value': 0, 'change': 0, 'player_num': 1}
2022-08-21 19:39:34,507 : INFO : EventManager : Event: ======'player_number'====== Args={'value': 1, 'prev_value': 1, 'change': 0, 'player_num': 1}
2022-08-21 19:39:34,508 : INFO : EventManager : Event: ======'player_mode_value'====== Args={'value': 1000000, 'prev_value': 1000000, 'change': 0, 'player_num': 1}
2022-08-21 19:39:34,509 : INFO : EventManager : Event: ======'player_bonus_multiplier'====== Args={'value': 1, 'prev_value': 1, 'change': 0, 'player_num': 1}
2022-08-21 19:39:34,509 : INFO : EventManager : Event: ======'player_playfield_multiplier'====== Args={'value': 1, 'prev_value': 1, 'change': 0, 'player_num': 1}
2022-08-21 19:39:34,510 : INFO : EventManager : Event: ======'player_score'====== Args={'value': 0, 'prev_value': 0, 'change': 0, 'player_num': 1}
2022-08-21 19:39:34,511 : INFO : EventManager : Event: ======'game_started'====== Args={}
2022-08-21 19:39:34,542 : INFO : EventManager : Event: ======'player_turn_will_start'====== Args={'player': <Player 1>, 'number': 1}
2022-08-21 19:39:34,543 : INFO : EventManager : Event: ======'player_turn_starting'====== Args={'player': <Player 1>, 'number': 1}
2022-08-21 19:39:34,544 : INFO : EventManager : Event: ======'player_ball'====== Args={'value': 1, 'prev_value': 0, 'change': 1, 'player_num': 1}
2022-08-21 19:39:34,544 : INFO : EventManager : Event: ======'player_turn_started'====== Args={'player': <Player 1>, 'number': 1}
2022-08-21 19:39:34,545 : INFO : EventManager : Event: ======'ball_will_start'====== Args={'player': 1, 'ball': 1, 'balls_remaining': 2, 'is_extra_ball': False}
2022-08-21 19:39:34,549 : INFO : EventManager : Event: ======'ball_starting'====== Args={'player': 1, 'ball': 1, 'balls_remaining': 2, 'is_extra_ball': False}
2022-08-21 19:39:34,550 : INFO : EventManager : Event: ======'balls_in_play'====== Args={'balls': 1}
2022-08-21 19:39:34,550 : INFO : EventManager : Event: ======'ball_started'====== Args={'player': 1, 'ball': 1, 'balls_remaining': 2, 'is_extra_ball': False}
2022-08-21 19:39:34,551 : INFO : EventManager : Event: ======'mode_combos_will_start'====== Args={'player': 1, 'ball': 1, 'balls_remaining': 2, 'is_extra_ball': False}
2022-08-21 19:39:34,556 : INFO : EventManager : Event: ======'mode_combos_starting'====== Args={'player': 1, 'ball': 1, 'balls_remaining': 2, 'is_extra_ball': False}
2022-08-21 19:39:34,556 : INFO : EventManager : Event: ======'mode_super_features_will_start'====== Args={'player': 1, 'ball': 1, 'balls_remaining': 2, 'is_extra_ball': False}
2022-08-21 19:39:34,556 : INFO : EventManager : Event: ======'achievement_super_spinners_changed_state'====== Args={'restore': False, 'state': 'disabled', 'selected': False}
2022-08-21 19:39:34,556 : INFO : EventManager : Event: ======'achievement_super_spinners_state_disabled'====== Args={'restore': False, 'state': 'disabled', 'selected': False}
2022-08-21 19:39:34,556 : INFO : EventManager : Event: ======'achievement_super_targets_changed_state'====== Args={'restore': False, 'state': 'disabled', 'selected': False}
2022-08-21 19:39:34,557 : INFO : EventManager : Event: ======'achievement_super_targets_state_disabled'====== Args={'restore': False, 'state': 'disabled', 'selected': False}
2022-08-21 19:39:34,557 : INFO : EventManager : Event: ======'achievement_super_lanes_changed_state'====== Args={'restore': False, 'state': 'disabled', 'selected': False}
2022-08-21 19:39:34,557 : INFO : EventManager : Event: ======'achievement_super_lanes_state_disabled'====== Args={'restore': False, 'state': 'disabled', 'selected': False}
2022-08-21 19:39:34,557 : INFO : EventManager : Event: ======'achievement_super_slings_changed_state'====== Args={'restore': False, 'state': 'disabled', 'selected': False}
2022-08-21 19:39:34,557 : INFO : EventManager : Event: ======'achievement_super_slings_state_disabled'====== Args={'restore': False, 'state': 'disabled', 'selected': False}
2022-08-21 19:39:34,559 : INFO : EventManager : Event: ======'mode_super_features_starting'====== Args={'player': 1, 'ball': 1, 'balls_remaining': 2, 'is_extra_ball': False}
2022-08-21 19:39:34,559 : INFO : EventManager : Event: ======'mode_base_will_start'====== Args={'player': 1, 'ball': 1, 'balls_remaining': 2, 'is_extra_ball': False}
2022-08-21 19:39:34,559 : INFO : EventManager : Event: ======'player_shot_l_lane_enabled'====== Args={'value': True, 'prev_value': 0, 'change': 1, 'player_num': 1}
2022-08-21 19:39:34,560 : INFO : EventManager : Event: ======'player_shot_r_lane_enabled'====== Args={'value': True, 'prev_value': 0, 'change': 1, 'player_num': 1}
2022-08-21 19:39:34,560 : INFO : EventManager : Event: ======'player_shot_center_target_enabled'====== Args={'value': True, 'prev_value': 0, 'change': 1, 'player_num': 1}
2022-08-21 19:39:34,560 : INFO : EventManager : Event: ======'bonus_lanes_complete'====== Args={'state': 'unlit'}
2022-08-21 19:39:34,561 : INFO : EventManager : Event: ======'bonus_lanes_unlit_complete'====== Args={}
2022-08-21 19:39:34,561 : INFO : EventManager : Event: ======'player_extra_ball_two_modes_complete_num_awarded'====== Args={'value': 0, 'prev_value': 0, 'change': 0, 'player_num': 1}
2022-08-21 19:39:34,562 : INFO : EventManager : Event: ======'achievement_mission1_changed_state'====== Args={'restore': False, 'state': 'disabled', 'selected': False}
2022-08-21 19:39:34,562 : INFO : EventManager : Event: ======'achievement_mission1_state_disabled'====== Args={'restore': False, 'state': 'disabled', 'selected': False}
2022-08-21 19:39:34,562 : INFO : EventManager : Event: ======'achievement_mission2_changed_state'====== Args={'restore': False, 'state': 'disabled', 'selected': False}
2022-08-21 19:39:34,562 : INFO : EventManager : Event: ======'achievement_mission2_state_disabled'====== Args={'restore': False, 'state': 'disabled', 'selected': False}
2022-08-21 19:39:34,562 : INFO : EventManager : Event: ======'achievement_mission3_changed_state'====== Args={'restore': False, 'state': 'disabled', 'selected': False}
2022-08-21 19:39:34,562 : INFO : EventManager : Event: ======'achievement_mission3_state_disabled'====== Args={'restore': False, 'state': 'disabled', 'selected': False}
2022-08-21 19:39:34,562 : INFO : EventManager : Event: ======'achievement_mission4_changed_state'====== Args={'restore': False, 'state': 'disabled', 'selected': False}
2022-08-21 19:39:34,562 : INFO : EventManager : Event: ======'achievement_mission4_state_disabled'====== Args={'restore': False, 'state': 'disabled', 'selected': False}
2022-08-21 19:39:34,571 : INFO : EventManager : Event: ======'mode_base_starting'====== Args={'player': 1, 'ball': 1, 'balls_remaining': 2, 'is_extra_ball': False}
2022-08-21 19:39:34,571 : INFO : drop_target_bank.main : 3 targets are down. Will reset those.
2022-08-21 19:39:34,571 : INFO : coil.c_target_reset : Pulsing Driver for 40ms (1.0 pulse_power)
2022-08-21 19:39:34,573 : INFO : Mode.super_features : Started. Priority: 100
2022-08-21 19:39:34,573 : INFO : EventManager : Event: ======'modes_active_modes_changed'====== Args={}
2022-08-21 19:39:34,574 : INFO : EventManager : Event: ======'mode_super_features_started'====== Args={'player': 1, 'ball': 1, 'balls_remaining': 2, 'is_extra_ball': False}
2022-08-21 19:39:34,574 : INFO : Mode.combos : Started. Priority: 700
2022-08-21 19:39:34,574 : INFO : EventManager : Event: ======'modes_active_modes_changed'====== Args={}
2022-08-21 19:39:34,574 : INFO : EventManager : Event: ======'mode_combos_started'====== Args={'player': 1, 'ball': 1, 'balls_remaining': 2, 'is_extra_ball': False}
2022-08-21 19:39:34,575 : INFO : EventManager : Event: ======'logicblock_mode_completion_counter_updated'====== Args={'value': 0, 'enabled': True}
2022-08-21 19:39:34,575 : INFO : EventManager : Event: ======'logicblock_mode_completion_counter_updated'====== Args={'value': 0, 'enabled': True}
2022-08-21 19:39:34,575 : INFO : Mode.base : Started. Priority: 100
2022-08-21 19:39:34,575 : INFO : EventManager : Event: ======'modes_active_modes_changed'====== Args={}
2022-08-21 19:39:34,575 : INFO : EventManager : Event: ======'mode_base_started'====== Args={'player': 1, 'ball': 1, 'balls_remaining': 2, 'is_extra_ball': False}
2022-08-21 19:39:34,576 : INFO : EventManager : Event: ======'ball_save_base_save_enabled'====== Args={}
2022-08-21 19:39:34,576 : INFO : EventManager : Event: ======'mode_spell_galaxy_will_start'====== Args={'player': 1, 'ball': 1, 'balls_remaining': 2, 'is_extra_ball': False}
2022-08-21 19:39:34,576 : INFO : EventManager : Event: ======'player_shot_galaxy_advance_enabled'====== Args={'value': True, 'prev_value': 0, 'change': 1, 'player_num': 1}
2022-08-21 19:39:34,579 : INFO : EventManager : Event: ======'mode_spell_galaxy_starting'====== Args={'player': 1, 'ball': 1, 'balls_remaining': 2, 'is_extra_ball': False}
2022-08-21 19:39:34,579 : INFO : EventManager : Event: ======'mode_add_mode_value_will_start'====== Args={'player': 1, 'ball': 1, 'balls_remaining': 2, 'is_extra_ball': False}
2022-08-21 19:39:34,580 : INFO : EventManager : Event: ======'mode_add_mode_value_starting'====== Args={'player': 1, 'ball': 1, 'balls_remaining': 2, 'is_extra_ball': False}
2022-08-21 19:39:34,580 : INFO : EventManager : Event: ======'mode_spell_portal_will_start'====== Args={'player': 1, 'ball': 1, 'balls_remaining': 2, 'is_extra_ball': False}
2022-08-21 19:39:34,580 : INFO : EventManager : Event: ======'player_shot_portal_advance_enabled'====== Args={'value': True, 'prev_value': 0, 'change': 1, 'player_num': 1}
2022-08-21 19:39:34,583 : INFO : EventManager : Event: ======'mode_spell_portal_starting'====== Args={'player': 1, 'ball': 1, 'balls_remaining': 2, 'is_extra_ball': False}
2022-08-21 19:39:34,583 : INFO : EventManager : Event: ======'mode_spell_warp_will_start'====== Args={'player': 1, 'ball': 1, 'balls_remaining': 2, 'is_extra_ball': False}
2022-08-21 19:39:34,583 : INFO : EventManager : Event: ======'player_shot_warp_advance_enabled'====== Args={'value': True, 'prev_value': 0, 'change': 1, 'player_num': 1}
2022-08-21 19:39:34,585 : INFO : EventManager : Event: ======'mode_spell_warp_starting'====== Args={'player': 1, 'ball': 1, 'balls_remaining': 2, 'is_extra_ball': False}
2022-08-21 19:39:34,586 : INFO : drop_target_bank.main : 3 targets are down. Will reset those.
2022-08-21 19:39:34,586 : INFO : Mode.add_mode_value : Started. Priority: 200
2022-08-21 19:39:34,586 : INFO : EventManager : Event: ======'modes_active_modes_changed'====== Args={}
2022-08-21 19:39:34,586 : INFO : EventManager : Event: ======'mode_add_mode_value_started'====== Args={'player': 1, 'ball': 1, 'balls_remaining': 2, 'is_extra_ball': False}
2022-08-21 19:39:34,587 : INFO : EventManager : Event: ======'single_player_ball_started'====== Args={}
2022-08-21 19:39:34,605 : INFO : EventManager : Event: ======'logicblock_galaxy_counter_updated'====== Args={'value': 0, 'enabled': True}
2022-08-21 19:39:34,606 : INFO : EventManager : Event: ======'logicblock_galaxy_counter_updated'====== Args={'value': 0, 'enabled': True}
2022-08-21 19:39:34,606 : INFO : Mode.spell_galaxy : Started. Priority: 200
2022-08-21 19:39:34,606 : INFO : EventManager : Event: ======'modes_active_modes_changed'====== Args={}
2022-08-21 19:39:34,606 : INFO : EventManager : Event: ======'mode_spell_galaxy_started'====== Args={'player': 1, 'ball': 1, 'balls_remaining': 2, 'is_extra_ball': False}
2022-08-21 19:39:34,606 : INFO : EventManager : Event: ======'logicblock_portal_counter_updated'====== Args={'value': 0, 'enabled': True}
2022-08-21 19:39:34,606 : INFO : EventManager : Event: ======'logicblock_portal_counter_updated'====== Args={'value': 0, 'enabled': True}
2022-08-21 19:39:34,606 : INFO : Mode.spell_portal : Started. Priority: 200
2022-08-21 19:39:34,606 : INFO : EventManager : Event: ======'modes_active_modes_changed'====== Args={}
2022-08-21 19:39:34,606 : INFO : EventManager : Event: ======'mode_spell_portal_started'====== Args={'player': 1, 'ball': 1, 'balls_remaining': 2, 'is_extra_ball': False}
2022-08-21 19:39:34,606 : INFO : EventManager : Event: ======'logicblock_warp_counter_updated'====== Args={'value': 0, 'enabled': True}
2022-08-21 19:39:34,607 : INFO : EventManager : Event: ======'logicblock_warp_counter_updated'====== Args={'value': 0, 'enabled': True}
2022-08-21 19:39:34,607 : INFO : Mode.spell_warp : Started. Priority: 200
2022-08-21 19:39:34,607 : INFO : EventManager : Event: ======'modes_active_modes_changed'====== Args={}
2022-08-21 19:39:34,607 : INFO : EventManager : Event: ======'mode_spell_warp_started'====== Args={'player': 1, 'ball': 1, 'balls_remaining': 2, 'is_extra_ball': False}
2022-08-21 19:39:34,607 : INFO : EventManager : Event: ======'achievement_super_spinners_changed_state'====== Args={'restore': False, 'state': 'enabled', 'selected': False}
2022-08-21 19:39:34,608 : INFO : EventManager : Event: ======'achievement_super_spinners_state_enabled'====== Args={'restore': False, 'state': 'enabled', 'selected': False}
2022-08-21 19:39:34,608 : INFO : EventManager : Event: ======'achievement_super_targets_changed_state'====== Args={'restore': False, 'state': 'enabled', 'selected': False}
2022-08-21 19:39:34,608 : INFO : EventManager : Event: ======'achievement_super_targets_state_enabled'====== Args={'restore': False, 'state': 'enabled', 'selected': False}
2022-08-21 19:39:34,608 : INFO : EventManager : Event: ======'achievement_super_lanes_changed_state'====== Args={'restore': False, 'state': 'enabled', 'selected': False}
2022-08-21 19:39:34,608 : INFO : EventManager : Event: ======'achievement_super_lanes_state_enabled'====== Args={'restore': False, 'state': 'enabled', 'selected': False}
2022-08-21 19:39:34,608 : INFO : EventManager : Event: ======'achievement_super_slings_changed_state'====== Args={'restore': False, 'state': 'enabled', 'selected': False}
2022-08-21 19:39:34,608 : INFO : EventManager : Event: ======'achievement_super_slings_state_enabled'====== Args={'restore': False, 'state': 'enabled', 'selected': False}
2022-08-21 19:39:34,608 : INFO : EventManager : Event: ======'achievement_super_targets_changed_state'====== Args={'restore': False, 'state': 'enabled', 'selected': True}
2022-08-21 19:39:34,609 : INFO : EventManager : Event: ======'achievement_super_targets_state_enabled'====== Args={'restore': False, 'state': 'enabled', 'selected': True}
2022-08-21 19:39:34,609 : INFO : EventManager : Event: ======'achievement_super_targets_state_selected'====== Args={'restore': False, 'state': 'enabled', 'selected': True}
2022-08-21 19:39:34,611 : INFO : EventManager : Event: ======'ball_start_target'====== Args={'target': 'playfield'}
2022-08-21 19:39:34,630 : INFO : ball_device.bd_drain : Setting up player-controlled eject. Balls: 1, Target: <playfield.playfield>, player_controlled_eject_event: s_action_button_active
2022-08-21 19:39:34,630 : INFO : EventManager : Event: ======'balldevice_balls_available'====== Args={}
2022-08-21 19:39:34,630 : INFO : EventManager : Event: ======'slide_score_slide_created'====== Args={'_from_bcp': True}
2022-08-21 19:39:34,631 : INFO : coil.c_target_reset : Pulsing Driver for 40ms (1.0 pulse_power)
2022-08-21 19:39:34,632 : INFO : EventManager : Event: ======'slide_score_slide_active'====== Args={'_from_bcp': True}
2022-08-21 19:39:34,634 : INFO : ball_device.bd_drain : State: waiting_for_target_ready
2022-08-21 19:39:34,634 : INFO : EventManager : Event: ======'balldevice_bd_drain_ball_eject_attempt'====== Args={'balls': 1, 'target': <playfield.playfield>, 'source': <ball_device.bd_drain>, 'mechanical_eject': True, 'num_attempts': 0}
2022-08-21 19:39:34,635 : INFO : ball_device.bd_drain : State: ejecting
2022-08-21 19:39:34,635 : INFO : ball_device.bd_drain : Ejecting ball to <playfield.playfield>
2022-08-21 19:39:34,635 : INFO : EventManager : Event: ======'balldevice_bd_drain_ejecting_ball'====== Args={'balls': 1, 'target': <playfield.playfield>, 'source': <ball_device.bd_drain>, 'mechanical_eject': True, 'num_attempts': 0}
2022-08-21 19:39:34,636 : INFO : ball_device.bd_drain : Wait for ball to leave device
2022-08-21 19:39:34,708 : INFO : SwitchController : <<<<<<< 's_drop_target2' inactive >>>>>>>
2022-08-21 19:39:34,724 : INFO : SwitchController : <<<<<<< 's_drop_target1' inactive >>>>>>>
2022-08-21 19:39:34,788 : INFO : SwitchController : <<<<<<< 's_drop_target3' inactive >>>>>>>
2022-08-21 19:39:35,070 : INFO : EventManager : Event: ======'drop_target_left_up'====== Args={'device': <drop_target.left>}
2022-08-21 19:39:35,070 : INFO : EventManager : Event: ======'drop_target_middle_up'====== Args={'device': <drop_target.middle>}
2022-08-21 19:39:35,071 : INFO : EventManager : Event: ======'drop_target_bank_main_mixed'====== Args={'prev_value': <DropTargetBankState.MIXED: 'mixed'>, 'down': 1}
2022-08-21 19:39:35,071 : INFO : EventManager : Event: ======'drop_target_far_left_up'====== Args={'device': <drop_target.far_left>}
2022-08-21 19:39:35,071 : INFO : EventManager : Event: ======'drop_target_bank_main_up'====== Args={}
2022-08-21 19:39:40,899 : INFO : SwitchController : <<<<<<< 's_action_button' active >>>>>>>
2022-08-21 19:39:40,899 : INFO : EventManager : Event: ======'s_action_button_active'====== Args={}
2022-08-21 19:39:40,900 : INFO : EventManager : Event: ======'machine_var_audits_switches_s_action_button'====== Args={'value': 3954, 'prev_value': 3953, 'change': 1}
2022-08-21 19:39:40,910 : INFO : EventManager : Event: ======'ball_save_base_save_timer_start'====== Args={}
2022-08-21 19:39:40,924 : INFO : coil.c_drain_eject : Pulsing Driver for 30ms (1.0 pulse_power)
2022-08-21 19:39:41,059 : INFO : SwitchController : <<<<<<< 's_action_button' inactive >>>>>>>
2022-08-21 19:39:41,107 : INFO : SwitchController : <<<<<<< 's_drain' inactive >>>>>>>
2022-08-21 19:39:41,108 : INFO : EventManager : Event: ======'s_drain_inactive'====== Args={}
2022-08-21 19:39:41,115 : INFO : ball_device.bd_drain : State: ball_left
2022-08-21 19:39:41,116 : INFO : ball_device.bd_drain : Ball left
2022-08-21 19:39:41,116 : INFO : ball_device.bd_drain : Wait for confirm with timeout 1.0
2022-08-21 19:39:41,603 : INFO : SwitchController : <<<<<<< 's_left_sling' active >>>>>>>
2022-08-21 19:39:41,603 : INFO : EventManager : Event: ======'s_left_sling_active'====== Args={}
2022-08-21 19:39:41,604 : INFO : EventManager : Event: ======'machine_var_audits_switches_s_left_sling'====== Args={'value': 6822, 'prev_value': 6821, 'change': 1}
2022-08-21 19:39:41,606 : INFO : EventManager : Event: ======'player_score'====== Args={'value': 1110, 'prev_value': 0, 'change': 1110, 'player_num': 1}
2022-08-21 19:39:41,607 : INFO : EventManager : Event: ======'player_switches'====== Args={'value': 1, 'prev_value': 0, 'change': 1, 'player_num': 1}
2022-08-21 19:39:41,635 : INFO : SwitchController : <<<<<<< 's_left_sling' inactive >>>>>>>
2022-08-21 19:39:42,106 : INFO : ball_device.bd_drain : State: failed_confirm
2022-08-21 19:39:42,106 : INFO : ball_device.bd_drain : Got timeout (1.0s) before confirm from <playfield.playfield>
2022-08-21 19:39:42,200 : INFO : ball_device.bd_drain : Confirming eject because target is playfield and ball did not return.
2022-08-21 19:39:42,200 : INFO : ball_device.bd_drain : Eject successful
2022-08-21 19:39:42,200 : INFO : EventManager : Event: ======'balldevice_bd_drain_ball_eject_success'====== Args={'balls': 1, 'target': <playfield.playfield>}
2022-08-21 19:39:42,201 : INFO : EventManager : Event: ======'balldevice_playfield_ball_enter'====== Args={'new_balls': 1, 'unclaimed_balls': 1, 'device': <playfield.playfield>}
2022-08-21 19:39:42,201 : INFO : EventManager : Event: ======'playfield_ball_count_change'====== Args={'balls': 1, 'change': 1}
2022-08-21 19:39:42,201 : INFO : EventManager : Event: ======'balldevice_bd_drain_ball_count_changed'====== Args={'balls': 0}
2022-08-21 19:39:42,202 : INFO : ball_device.bd_drain : State: idle
2022-08-21 19:39:43,572 : INFO : SwitchController : <<<<<<< 's_drain' active >>>>>>>
2022-08-21 19:39:43,573 : INFO : EventManager : Event: ======'machine_var_audits_switches_s_drain'====== Args={'value': 2722, 'prev_value': 2721, 'change': 1}
2022-08-21 19:39:44,073 : INFO : EventManager : Event: ======'balldevice_bd_drain_ball_count_changed'====== Args={'balls': 1}
2022-08-21 19:39:44,073 : INFO : ball_device.bd_drain : Received unexpected ball
2022-08-21 19:39:44,073 : INFO : EventManager : Event: ======'balldevice_captured_from_playfield'====== Args={'balls': 1}
2022-08-21 19:39:44,074 : INFO : EventManager : Event: ======'sw_playfield_active'====== Args={'balls': 1}
2022-08-21 19:39:44,074 : INFO : EventManager : Event: ======'playfield_ball_count_change'====== Args={'balls': 0, 'change': -1}
2022-08-21 19:39:44,075 : INFO : EventManager : Event: ======'balldevice_bd_drain_ball_enter'====== Args={'new_balls': 1, 'unclaimed_balls': 1, 'new_available_balls': 1, 'device': <ball_device.bd_drain>}
2022-08-21 19:39:44,076 : INFO : EventManager : Event: ======'ball_drain'====== Args={'device': <ball_device.bd_drain>, 'balls': 1}
2022-08-21 19:39:44,076 : INFO : EventManager : Event: ======'ball_save_base_save_saving_ball'====== Args={'balls': 1, 'early_save': False}
2022-08-21 19:39:44,076 : INFO : ball_device.bd_drain : Adding 1 ball(s) to the eject_queue with target <playfield.playfield>.
2022-08-21 19:39:44,077 : INFO : EventManager : Event: ======'ball_save_base_save_disabled'====== Args={}
2022-08-21 19:39:44,079 : INFO : EventManager : Event: ======'balldevice_balls_available'====== Args={}
2022-08-21 19:39:44,079 : INFO : EventManager : Event: ======'balldevice_balls_available'====== Args={}
2022-08-21 19:39:44,079 : INFO : EventManager : Event: ======'balldevice_bd_drain_ball_entered'====== Args={'new_balls': 1, 'device': <ball_device.bd_drain>}
2022-08-21 19:39:44,081 : INFO : ball_device.bd_drain : State: waiting_for_target_ready
2022-08-21 19:39:44,081 : INFO : EventManager : Event: ======'balldevice_bd_drain_ball_eject_attempt'====== Args={'balls': 1, 'target': <playfield.playfield>, 'source': <ball_device.bd_drain>, 'mechanical_eject': False, 'num_attempts': 0}
2022-08-21 19:39:44,082 : INFO : ball_device.bd_drain : State: ejecting
2022-08-21 19:39:44,082 : INFO : ball_device.bd_drain : Ejecting ball to <playfield.playfield>
2022-08-21 19:39:44,082 : INFO : EventManager : Event: ======'balldevice_bd_drain_ejecting_ball'====== Args={'balls': 1, 'target': <playfield.playfield>, 'source': <ball_device.bd_drain>, 'mechanical_eject': False, 'num_attempts': 0}
2022-08-21 19:39:44,084 : INFO : ball_device.bd_drain : Wait for ball to leave device
2022-08-21 19:39:44,084 : INFO : coil.c_drain_eject : Pulsing Driver for 30ms (1.0 pulse_power)
2022-08-21 19:39:44,090 : INFO : EventManager : Event: ======'slide_ball_saved_slide_created'====== Args={'_from_bcp': True}
2022-08-21 19:39:44,096 : INFO : EventManager : Event: ======'slide_ball_saved_slide_active'====== Args={'_from_bcp': True}
2022-08-21 19:39:44,259 : INFO : SwitchController : <<<<<<< 's_drain' inactive >>>>>>>
2022-08-21 19:39:44,260 : INFO : EventManager : Event: ======'s_drain_inactive'====== Args={}
2022-08-21 19:39:44,268 : INFO : ball_device.bd_drain : State: ball_left
2022-08-21 19:39:44,268 : INFO : ball_device.bd_drain : Ball left
2022-08-21 19:39:44,268 : INFO : ball_device.bd_drain : Wait for confirm with timeout 1.0
2022-08-21 19:39:44,739 : INFO : SwitchController : <<<<<<< 's_left_sling' active >>>>>>>
2022-08-21 19:39:44,739 : INFO : EventManager : Event: ======'s_left_sling_active'====== Args={}
2022-08-21 19:39:44,740 : INFO : EventManager : Event: ======'machine_var_audits_switches_s_left_sling'====== Args={'value': 6823, 'prev_value': 6822, 'change': 1}
2022-08-21 19:39:44,752 : INFO : EventManager : Event: ======'player_score'====== Args={'value': 2220, 'prev_value': 1110, 'change': 1110, 'player_num': 1}
2022-08-21 19:39:44,756 : INFO : EventManager : Event: ======'player_switches'====== Args={'value': 2, 'prev_value': 1, 'change': 1, 'player_num': 1}
2022-08-21 19:39:44,771 : INFO : SwitchController : <<<<<<< 's_left_sling' inactive >>>>>>>
2022-08-21 19:39:45,258 : INFO : ball_device.bd_drain : State: failed_confirm
2022-08-21 19:39:45,258 : INFO : ball_device.bd_drain : Got timeout (1.0s) before confirm from <playfield.playfield>
2022-08-21 19:39:45,351 : INFO : ball_device.bd_drain : Confirming eject because target is playfield and ball did not return.
2022-08-21 19:39:45,351 : INFO : ball_device.bd_drain : Eject successful
2022-08-21 19:39:45,351 : INFO : EventManager : Event: ======'balldevice_bd_drain_ball_eject_success'====== Args={'balls': 1, 'target': <playfield.playfield>}
2022-08-21 19:39:45,352 : INFO : EventManager : Event: ======'balldevice_playfield_ball_enter'====== Args={'new_balls': 1, 'unclaimed_balls': 1, 'device': <playfield.playfield>}
2022-08-21 19:39:45,352 : INFO : EventManager : Event: ======'playfield_ball_count_change'====== Args={'balls': 1, 'change': 1}
2022-08-21 19:39:45,352 : INFO : EventManager : Event: ======'balldevice_bd_drain_ball_count_changed'====== Args={'balls': 0}
2022-08-21 19:39:45,352 : INFO : ball_device.bd_drain : State: idle
2022-08-21 19:39:46,087 : INFO : EventManager : Event: ======'slide_ball_saved_slide_removed'====== Args={'_from_bcp': True}
2022-08-21 19:39:46,089 : INFO : EventManager : Event: ======'slide_score_slide_active'====== Args={'_from_bcp': True}
2022-08-21 19:39:46,787 : INFO : SwitchController : <<<<<<< 's_left_inlane_far' active >>>>>>>
2022-08-21 19:39:46,787 : INFO : EventManager : Event: ======'s_left_inlane_far_active'====== Args={}
2022-08-21 19:39:46,788 : INFO : EventManager : Event: ======'machine_var_audits_switches_s_left_inlane_far'====== Args={'value': 3957, 'prev_value': 3956, 'change': 1}
2022-08-21 19:39:46,794 : INFO : EventManager : Event: ======'player_shot_galaxy_advance'====== Args={'value': 1, 'prev_value': 0, 'change': 1, 'player_num': 1}
2022-08-21 19:39:46,805 : INFO : EventManager : Event: ======'machine_var_audits_shots_galaxy_advance'====== Args={'value': 2108, 'prev_value': 2107, 'change': 1}
2022-08-21 19:39:46,806 : INFO : EventManager : Event: ======'galaxy_advance_hit'====== Args={'profile': 'default', 'state': 'unlit', 'advancing': True}
2022-08-21 19:39:46,806 : INFO : EventManager : Event: ======'galaxy_advance_default_hit'====== Args={'profile': 'default', 'state': 'unlit', 'advancing': True}
2022-08-21 19:39:46,807 : INFO : EventManager : Event: ======'galaxy_advance_default_unlit_hit'====== Args={'profile': 'default', 'state': 'unlit', 'advancing': True}
2022-08-21 19:39:46,807 : INFO : EventManager : Event: ======'galaxy_advance_unlit_hit'====== Args={'profile': 'default', 'state': 'unlit', 'advancing': True}
2022-08-21 19:39:46,807 : INFO : EventManager : Event: ======'player_score'====== Args={'value': 32220, 'prev_value': 2220, 'change': 30000, 'player_num': 1}
2022-08-21 19:39:46,808 : INFO : EventManager : Event: ======'player_switches'====== Args={'value': 3, 'prev_value': 2, 'change': 1, 'player_num': 1}
2022-08-21 19:39:46,809 : INFO : EventManager : Event: ======'player_combos_combo_timer_tick'====== Args={'value': 6, 'prev_value': 0, 'change': 6, 'player_num': 1}
2022-08-21 19:39:46,809 : INFO : Timer.combo_timer : Starting Timer.
2022-08-21 19:39:46,810 : INFO : EventManager : Event: ======'timer_combo_timer_started'====== Args={'ticks': 6, 'ticks_remaining': 6}
2022-08-21 19:39:46,810 : INFO : EventManager : Event: ======'timer_combo_timer_tick'====== Args={'ticks': 6, 'ticks_remaining': 6}
2022-08-21 19:39:46,810 : INFO : EventManager : Event: ======'logicblock_galaxy_counter_updated'====== Args={'value': 1, 'enabled': True}
2022-08-21 19:39:46,810 : INFO : EventManager : Event: ======'counter_galaxy_counter_hit'====== Args={'count': 1, 'hits': 1, 'remaining': 5}
2022-08-21 19:39:46,811 : INFO : EventManager : Event: ======'logicblock_galaxy_counter_hit'====== Args={'count': 1, 'hits': 1, 'remaining': 5}
2022-08-21 19:39:46,822 : INFO : SwitchController : <<<<<<< 's_left_inlane_far' inactive >>>>>>>
2022-08-21 19:39:47,251 : INFO : SwitchController : <<<<<<< 's_left_inlane_far' active >>>>>>>
2022-08-21 19:39:47,251 : INFO : EventManager : Event: ======'s_left_inlane_far_active'====== Args={}
2022-08-21 19:39:47,252 : INFO : EventManager : Event: ======'machine_var_audits_switches_s_left_inlane_far'====== Args={'value': 3958, 'prev_value': 3957, 'change': 1}
2022-08-21 19:39:47,254 : INFO : EventManager : Event: ======'machine_var_audits_shots_galaxy_advance'====== Args={'value': 2109, 'prev_value': 2108, 'change': 1}
2022-08-21 19:39:47,255 : INFO : EventManager : Event: ======'galaxy_advance_hit'====== Args={'profile': 'default', 'state': 'lit', 'advancing': False}
2022-08-21 19:39:47,255 : INFO : EventManager : Event: ======'galaxy_advance_default_hit'====== Args={'profile': 'default', 'state': 'lit', 'advancing': False}
2022-08-21 19:39:47,256 : INFO : EventManager : Event: ======'galaxy_advance_default_lit_hit'====== Args={'profile': 'default', 'state': 'lit', 'advancing': False}
2022-08-21 19:39:47,256 : INFO : EventManager : Event: ======'galaxy_advance_lit_hit'====== Args={'profile': 'default', 'state': 'lit', 'advancing': False}
2022-08-21 19:39:47,256 : INFO : EventManager : Event: ======'player_score'====== Args={'value': 62220, 'prev_value': 32220, 'change': 30000, 'player_num': 1}
2022-08-21 19:39:47,257 : INFO : EventManager : Event: ======'player_switches'====== Args={'value': 4, 'prev_value': 3, 'change': 1, 'player_num': 1}
2022-08-21 19:39:47,258 : INFO : EventManager : Event: ======'logicblock_galaxy_counter_updated'====== Args={'value': 2, 'enabled': True}
2022-08-21 19:39:47,258 : INFO : EventManager : Event: ======'counter_galaxy_counter_hit'====== Args={'count': 2, 'hits': 2, 'remaining': 4}
2022-08-21 19:39:47,258 : INFO : EventManager : Event: ======'logicblock_galaxy_counter_hit'====== Args={'count': 2, 'hits': 2, 'remaining': 4}
2022-08-21 19:39:47,347 : INFO : SwitchController : <<<<<<< 's_left_inlane_far' inactive >>>>>>>
2022-08-21 19:39:47,753 : INFO : EventManager : Event: ======'player_combos_combo_timer_tick'====== Args={'value': 5, 'prev_value': 6, 'change': -1, 'player_num': 1}
2022-08-21 19:39:47,754 : INFO : EventManager : Event: ======'timer_combo_timer_tick'====== Args={'ticks': 5, 'ticks_remaining': 5}
2022-08-21 19:39:47,779 : INFO : SwitchController : <<<<<<< 's_left_inlane_far' active >>>>>>>
2022-08-21 19:39:47,779 : INFO : EventManager : Event: ======'s_left_inlane_far_active'====== Args={}
2022-08-21 19:39:47,780 : INFO : EventManager : Event: ======'machine_var_audits_switches_s_left_inlane_far'====== Args={'value': 3959, 'prev_value': 3958, 'change': 1}
2022-08-21 19:39:47,782 : INFO : EventManager : Event: ======'machine_var_audits_shots_galaxy_advance'====== Args={'value': 2110, 'prev_value': 2109, 'change': 1}
2022-08-21 19:39:47,783 : INFO : EventManager : Event: ======'galaxy_advance_hit'====== Args={'profile': 'default', 'state': 'lit', 'advancing': False}
2022-08-21 19:39:47,783 : INFO : EventManager : Event: ======'galaxy_advance_default_hit'====== Args={'profile': 'default', 'state': 'lit', 'advancing': False}
2022-08-21 19:39:47,784 : INFO : EventManager : Event: ======'galaxy_advance_default_lit_hit'====== Args={'profile': 'default', 'state': 'lit', 'advancing': False}
2022-08-21 19:39:47,784 : INFO : EventManager : Event: ======'galaxy_advance_lit_hit'====== Args={'profile': 'default', 'state': 'lit', 'advancing': False}
2022-08-21 19:39:47,784 : INFO : EventManager : Event: ======'player_score'====== Args={'value': 92220, 'prev_value': 62220, 'change': 30000, 'player_num': 1}
2022-08-21 19:39:47,785 : INFO : EventManager : Event: ======'player_switches'====== Args={'value': 5, 'prev_value': 4, 'change': 1, 'player_num': 1}
2022-08-21 19:39:47,786 : INFO : EventManager : Event: ======'player_combos_combo_timer_tick'====== Args={'value': 6, 'prev_value': 5, 'change': 1, 'player_num': 1}
2022-08-21 19:39:47,786 : INFO : EventManager : Event: ======'logicblock_galaxy_counter_updated'====== Args={'value': 3, 'enabled': True}
2022-08-21 19:39:47,787 : INFO : EventManager : Event: ======'counter_galaxy_counter_hit'====== Args={'count': 3, 'hits': 3, 'remaining': 3}
2022-08-21 19:39:47,787 : INFO : EventManager : Event: ======'logicblock_galaxy_counter_hit'====== Args={'count': 3, 'hits': 3, 'remaining': 3}
2022-08-21 19:39:47,939 : INFO : SwitchController : <<<<<<< 's_left_inlane_far' inactive >>>>>>>
2022-08-21 19:39:48,284 : INFO : EventManager : Event: ======'player_combos_combo_timer_tick'====== Args={'value': 5, 'prev_value': 6, 'change': -1, 'player_num': 1}
2022-08-21 19:39:48,285 : INFO : EventManager : Event: ======'timer_combo_timer_tick'====== Args={'ticks': 5, 'ticks_remaining': 5}
2022-08-21 19:39:48,435 : INFO : SwitchController : <<<<<<< 's_left_inlane_far' active >>>>>>>
2022-08-21 19:39:48,435 : INFO : EventManager : Event: ======'s_left_inlane_far_active'====== Args={}
2022-08-21 19:39:48,436 : INFO : EventManager : Event: ======'machine_var_audits_switches_s_left_inlane_far'====== Args={'value': 3960, 'prev_value': 3959, 'change': 1}
2022-08-21 19:39:48,438 : INFO : EventManager : Event: ======'machine_var_audits_shots_galaxy_advance'====== Args={'value': 2111, 'prev_value': 2110, 'change': 1}
2022-08-21 19:39:48,439 : INFO : EventManager : Event: ======'galaxy_advance_hit'====== Args={'profile': 'default', 'state': 'lit', 'advancing': False}
2022-08-21 19:39:48,439 : INFO : EventManager : Event: ======'galaxy_advance_default_hit'====== Args={'profile': 'default', 'state': 'lit', 'advancing': False}
2022-08-21 19:39:48,440 : INFO : EventManager : Event: ======'galaxy_advance_default_lit_hit'====== Args={'profile': 'default', 'state': 'lit', 'advancing': False}
2022-08-21 19:39:48,440 : INFO : EventManager : Event: ======'galaxy_advance_lit_hit'====== Args={'profile': 'default', 'state': 'lit', 'advancing': False}
2022-08-21 19:39:48,440 : INFO : EventManager : Event: ======'player_score'====== Args={'value': 122220, 'prev_value': 92220, 'change': 30000, 'player_num': 1}
2022-08-21 19:39:48,441 : INFO : EventManager : Event: ======'player_switches'====== Args={'value': 6, 'prev_value': 5, 'change': 1, 'player_num': 1}
2022-08-21 19:39:48,442 : INFO : EventManager : Event: ======'player_combos_combo_timer_tick'====== Args={'value': 6, 'prev_value': 5, 'change': 1, 'player_num': 1}
2022-08-21 19:39:48,443 : INFO : EventManager : Event: ======'logicblock_galaxy_counter_updated'====== Args={'value': 4, 'enabled': True}
2022-08-21 19:39:48,443 : INFO : EventManager : Event: ======'counter_galaxy_counter_hit'====== Args={'count': 4, 'hits': 4, 'remaining': 2}
2022-08-21 19:39:48,443 : INFO : EventManager : Event: ======'logicblock_galaxy_counter_hit'====== Args={'count': 4, 'hits': 4, 'remaining': 2}
2022-08-21 19:39:48,595 : INFO : SwitchController : <<<<<<< 's_left_inlane_far' inactive >>>>>>>
2022-08-21 19:39:48,939 : INFO : EventManager : Event: ======'player_combos_combo_timer_tick'====== Args={'value': 5, 'prev_value': 6, 'change': -1, 'player_num': 1}
2022-08-21 19:39:48,940 : INFO : EventManager : Event: ======'timer_combo_timer_tick'====== Args={'ticks': 5, 'ticks_remaining': 5}
2022-08-21 19:39:49,059 : INFO : SwitchController : <<<<<<< 's_left_inlane_far' active >>>>>>>
2022-08-21 19:39:49,059 : INFO : EventManager : Event: ======'s_left_inlane_far_active'====== Args={}
2022-08-21 19:39:49,060 : INFO : EventManager : Event: ======'machine_var_audits_switches_s_left_inlane_far'====== Args={'value': 3961, 'prev_value': 3960, 'change': 1}
2022-08-21 19:39:49,062 : INFO : EventManager : Event: ======'machine_var_audits_shots_galaxy_advance'====== Args={'value': 2112, 'prev_value': 2111, 'change': 1}
2022-08-21 19:39:49,063 : INFO : EventManager : Event: ======'galaxy_advance_hit'====== Args={'profile': 'default', 'state': 'lit', 'advancing': False}
2022-08-21 19:39:49,063 : INFO : EventManager : Event: ======'galaxy_advance_default_hit'====== Args={'profile': 'default', 'state': 'lit', 'advancing': False}
2022-08-21 19:39:49,064 : INFO : EventManager : Event: ======'galaxy_advance_default_lit_hit'====== Args={'profile': 'default', 'state': 'lit', 'advancing': False}
2022-08-21 19:39:49,064 : INFO : EventManager : Event: ======'galaxy_advance_lit_hit'====== Args={'profile': 'default', 'state': 'lit', 'advancing': False}
2022-08-21 19:39:49,064 : INFO : EventManager : Event: ======'player_score'====== Args={'value': 152220, 'prev_value': 122220, 'change': 30000, 'player_num': 1}
2022-08-21 19:39:49,065 : INFO : EventManager : Event: ======'player_switches'====== Args={'value': 7, 'prev_value': 6, 'change': 1, 'player_num': 1}
2022-08-21 19:39:49,065 : INFO : EventManager : Event: ======'player_combos_combo_timer_tick'====== Args={'value': 6, 'prev_value': 5, 'change': 1, 'player_num': 1}
2022-08-21 19:39:49,066 : INFO : EventManager : Event: ======'logicblock_galaxy_counter_updated'====== Args={'value': 5, 'enabled': True}
2022-08-21 19:39:49,066 : INFO : EventManager : Event: ======'counter_galaxy_counter_hit'====== Args={'count': 5, 'hits': 5, 'remaining': 1}
2022-08-21 19:39:49,066 : INFO : EventManager : Event: ======'logicblock_galaxy_counter_hit'====== Args={'count': 5, 'hits': 5, 'remaining': 1}
2022-08-21 19:39:49,235 : INFO : SwitchController : <<<<<<< 's_left_inlane_far' inactive >>>>>>>
2022-08-21 19:39:49,563 : INFO : EventManager : Event: ======'player_combos_combo_timer_tick'====== Args={'value': 5, 'prev_value': 6, 'change': -1, 'player_num': 1}
2022-08-21 19:39:49,564 : INFO : EventManager : Event: ======'timer_combo_timer_tick'====== Args={'ticks': 5, 'ticks_remaining': 5}
2022-08-21 19:39:49,747 : INFO : SwitchController : <<<<<<< 's_left_inlane_far' active >>>>>>>
2022-08-21 19:39:49,747 : INFO : EventManager : Event: ======'s_left_inlane_far_active'====== Args={}
2022-08-21 19:39:49,748 : INFO : EventManager : Event: ======'machine_var_audits_switches_s_left_inlane_far'====== Args={'value': 3962, 'prev_value': 3961, 'change': 1}
2022-08-21 19:39:49,750 : INFO : EventManager : Event: ======'machine_var_audits_shots_galaxy_advance'====== Args={'value': 2113, 'prev_value': 2112, 'change': 1}
2022-08-21 19:39:49,751 : INFO : EventManager : Event: ======'galaxy_advance_hit'====== Args={'profile': 'default', 'state': 'lit', 'advancing': False}
2022-08-21 19:39:49,752 : INFO : EventManager : Event: ======'galaxy_advance_default_hit'====== Args={'profile': 'default', 'state': 'lit', 'advancing': False}
2022-08-21 19:39:49,752 : INFO : EventManager : Event: ======'galaxy_advance_default_lit_hit'====== Args={'profile': 'default', 'state': 'lit', 'advancing': False}
2022-08-21 19:39:49,752 : INFO : EventManager : Event: ======'galaxy_advance_lit_hit'====== Args={'profile': 'default', 'state': 'lit', 'advancing': False}
2022-08-21 19:39:49,752 : INFO : EventManager : Event: ======'player_score'====== Args={'value': 182220, 'prev_value': 152220, 'change': 30000, 'player_num': 1}
2022-08-21 19:39:49,753 : INFO : EventManager : Event: ======'player_switches'====== Args={'value': 8, 'prev_value': 7, 'change': 1, 'player_num': 1}
2022-08-21 19:39:49,754 : INFO : EventManager : Event: ======'player_combos_combo_timer_tick'====== Args={'value': 6, 'prev_value': 5, 'change': 1, 'player_num': 1}
2022-08-21 19:39:49,754 : INFO : EventManager : Event: ======'logicblock_galaxy_counter_updated'====== Args={'value': 6, 'enabled': True}
2022-08-21 19:39:49,755 : INFO : EventManager : Event: ======'counter_galaxy_counter_hit'====== Args={'count': 6, 'hits': 6, 'remaining': 0}
2022-08-21 19:39:49,755 : INFO : EventManager : Event: ======'logicblock_galaxy_counter_hit'====== Args={'count': 6, 'hits': 6, 'remaining': 0}
2022-08-21 19:39:49,755 : INFO : EventManager : Event: ======'add_x'====== Args={}
2022-08-21 19:39:49,755 : INFO : EventManager : Event: ======'logicblock_galaxy_counter_updated'====== Args={'value': 0, 'enabled': True}
2022-08-21 19:39:49,755 : INFO : EventManager : Event: ======'mode_playfield_multiplier_will_start'====== Args={}
2022-08-21 19:39:49,758 : INFO : EventManager : Event: ======'mode_playfield_multiplier_starting'====== Args={}
2022-08-21 19:39:49,758 : INFO : EventManager : Event: ======'player_playfield_multiplier'====== Args={'value': 2, 'prev_value': 1, 'change': 1, 'player_num': 1}
2022-08-21 19:39:49,759 : INFO : Mode.playfield_multiplier : Started. Priority: 100000
2022-08-21 19:39:49,759 : INFO : EventManager : Event: ======'modes_active_modes_changed'====== Args={}
2022-08-21 19:39:49,759 : INFO : EventManager : Event: ======'mode_playfield_multiplier_started'====== Args={}
2022-08-21 19:39:49,761 : INFO : Timer.playfield_x_timer : Starting Timer.
2022-08-21 19:39:49,761 : INFO : EventManager : Event: ======'timer_playfield_x_timer_started'====== Args={'ticks': 75, 'ticks_remaining': 75}
2022-08-21 19:39:49,761 : INFO : EventManager : Event: ======'timer_playfield_x_timer_tick'====== Args={'ticks': 75, 'ticks_remaining': 75}
2022-08-21 19:39:49,762 : INFO : EventManager : Event: ======'player_playfield_x_timer_seconds'====== Args={'value': 75, 'prev_value': 0, 'change': 75, 'player_num': 1}
2022-08-21 19:39:49,843 : INFO : SwitchController : <<<<<<< 's_left_inlane_far' inactive >>>>>>>
2022-08-21 19:39:50,249 : INFO : EventManager : Event: ======'player_combos_combo_timer_tick'====== Args={'value': 5, 'prev_value': 6, 'change': -1, 'player_num': 1}
2022-08-21 19:39:50,250 : INFO : EventManager : Event: ======'timer_combo_timer_tick'====== Args={'ticks': 5, 'ticks_remaining': 5}
2022-08-21 19:39:50,748 : INFO : EventManager : Event: ======'player_combos_combo_timer_tick'====== Args={'value': 4, 'prev_value': 5, 'change': -1, 'player_num': 1}
2022-08-21 19:39:50,749 : INFO : EventManager : Event: ======'timer_combo_timer_tick'====== Args={'ticks': 4, 'ticks_remaining': 4}
2022-08-21 19:39:50,936 : INFO : EventManager : Event: ======'player_playfield_multiplier_playfield_x_timer_tick'====== Args={'value': 74, 'prev_value': 0, 'change': 74, 'player_num': 1}
2022-08-21 19:39:50,937 : INFO : EventManager : Event: ======'timer_playfield_x_timer_tick'====== Args={'ticks': 74, 'ticks_remaining': 74}
2022-08-21 19:39:50,937 : INFO : EventManager : Event: ======'player_playfield_x_timer_seconds'====== Args={'value': 74, 'prev_value': 75, 'change': -1, 'player_num': 1}
2022-08-21 19:39:51,248 : INFO : EventManager : Event: ======'player_combos_combo_timer_tick'====== Args={'value': 3, 'prev_value': 4, 'change': -1, 'player_num': 1}
2022-08-21 19:39:51,249 : INFO : EventManager : Event: ======'timer_combo_timer_tick'====== Args={'ticks': 3, 'ticks_remaining': 3}
2022-08-21 19:39:51,747 : INFO : EventManager : Event: ======'player_combos_combo_timer_tick'====== Args={'value': 2, 'prev_value': 3, 'change': -1, 'player_num': 1}
2022-08-21 19:39:51,748 : INFO : EventManager : Event: ======'timer_combo_timer_tick'====== Args={'ticks': 2, 'ticks_remaining': 2}
2022-08-21 19:39:52,138 : INFO : EventManager : Event: ======'player_playfield_multiplier_playfield_x_timer_tick'====== Args={'value': 73, 'prev_value': 74, 'change': -1, 'player_num': 1}
2022-08-21 19:39:52,138 : INFO : EventManager : Event: ======'timer_playfield_x_timer_tick'====== Args={'ticks': 73, 'ticks_remaining': 73}
2022-08-21 19:39:52,139 : INFO : EventManager : Event: ======'player_playfield_x_timer_seconds'====== Args={'value': 73, 'prev_value': 74, 'change': -1, 'player_num': 1}
2022-08-21 19:39:52,246 : INFO : EventManager : Event: ======'player_combos_combo_timer_tick'====== Args={'value': 1, 'prev_value': 2, 'change': -1, 'player_num': 1}
2022-08-21 19:39:52,247 : INFO : EventManager : Event: ======'timer_combo_timer_tick'====== Args={'ticks': 1, 'ticks_remaining': 1}
2022-08-21 19:39:52,745 : INFO : EventManager : Event: ======'player_combos_combo_timer_tick'====== Args={'value': 0, 'prev_value': 1, 'change': -1, 'player_num': 1}
2022-08-21 19:39:52,746 : INFO : Timer.combo_timer : Timer Complete
2022-08-21 19:39:52,746 : INFO : Timer.combo_timer : Stopping Timer
2022-08-21 19:39:52,746 : INFO : EventManager : Event: ======'timer_combo_timer_stopped'====== Args={'ticks': 0, 'ticks_remaining': 1}
2022-08-21 19:39:52,746 : INFO : EventManager : Event: ======'timer_combo_timer_complete'====== Args={'ticks': 0, 'ticks_remaining': 1}
2022-08-21 19:39:53,338 : INFO : EventManager : Event: ======'player_playfield_multiplier_playfield_x_timer_tick'====== Args={'value': 72, 'prev_value': 73, 'change': -1, 'player_num': 1}
2022-08-21 19:39:53,339 : INFO : EventManager : Event: ======'timer_playfield_x_timer_tick'====== Args={'ticks': 72, 'ticks_remaining': 72}
2022-08-21 19:39:53,339 : INFO : EventManager : Event: ======'player_playfield_x_timer_seconds'====== Args={'value': 72, 'prev_value': 73, 'change': -1, 'player_num': 1}
2022-08-21 19:39:54,539 : INFO : EventManager : Event: ======'player_playfield_multiplier_playfield_x_timer_tick'====== Args={'value': 71, 'prev_value': 72, 'change': -1, 'player_num': 1}
2022-08-21 19:39:54,540 : INFO : EventManager : Event: ======'timer_playfield_x_timer_tick'====== Args={'ticks': 71, 'ticks_remaining': 71}
2022-08-21 19:39:54,540 : INFO : EventManager : Event: ======'player_playfield_x_timer_seconds'====== Args={'value': 71, 'prev_value': 72, 'change': -1, 'player_num': 1}
2022-08-21 19:39:55,740 : INFO : EventManager : Event: ======'player_playfield_multiplier_playfield_x_timer_tick'====== Args={'value': 70, 'prev_value': 71, 'change': -1, 'player_num': 1}
2022-08-21 19:39:55,741 : INFO : EventManager : Event: ======'timer_playfield_x_timer_tick'====== Args={'ticks': 70, 'ticks_remaining': 70}
2022-08-21 19:39:55,741 : INFO : EventManager : Event: ======'player_playfield_x_timer_seconds'====== Args={'value': 70, 'prev_value': 71, 'change': -1, 'player_num': 1}
2022-08-21 19:39:56,955 : INFO : EventManager : Event: ======'player_playfield_multiplier_playfield_x_timer_tick'====== Args={'value': 69, 'prev_value': 70, 'change': -1, 'player_num': 1}
2022-08-21 19:39:56,955 : INFO : EventManager : Event: ======'timer_playfield_x_timer_tick'====== Args={'ticks': 69, 'ticks_remaining': 69}
2022-08-21 19:39:56,955 : INFO : EventManager : Event: ======'player_playfield_x_timer_seconds'====== Args={'value': 69, 'prev_value': 70, 'change': -1, 'player_num': 1}
2022-08-21 19:39:56,955 : INFO : Machine : Shutting down...
2022-08-21 19:39:56,955 : INFO : EventManager : Event: ======'shutdown'====== Args={}
2022-08-21 19:39:56,986 : WARNING : FAST : Port NET received more messages than were sent! Resetting!
2022-08-21 19:39:56,986 : WARNING : FAST : Port RGB received more messages than were sent! Resetting!
2022-08-21 19:39:56,986 : WARNING : FAST : Received unknown serial command? BX:P from RGB.
2022-08-21 19:39:57,049 : ERROR : FAST : Stop called on serial connection com7
2022-08-21 19:39:57,049 : ERROR : FAST : Stop called on serial connection com8
2022-08-21 19:39:57,267 : INFO : root : MPF run loop ended.
