2022-08-21 19:46:53,875 : INFO : root : Loading config.
2022-08-21 19:46:54,408 : INFO : ConfigProcessor : Config spec file cache created: C:\Users\Brendan\AppData\Local\Temp\config_spec.mpf_cache
2022-08-21 19:46:54,408 : INFO : YamlMultifileConfigLoader : Machine config file #1: config.yaml
2022-08-21 19:46:54,409 : INFO : ConfigProcessor : Loading config from cache: C:\Users\Brendan\AppData\Local\Temp\bccefe987bb586eace29905fa80cab57.mpf_cache
2022-08-21 19:46:54,467 : INFO : ConfigProcessor : Loading config from cache: C:\Users\Brendan\AppData\Local\Temp\467e7647689d29fad6adf949e1f4d51d.mpf_cache
2022-08-21 19:46:54,468 : INFO : ConfigProcessor : Loading config from cache: C:\Users\Brendan\AppData\Local\Temp\5550e037aa776b42b91b29b40b356c70.mpf_cache
2022-08-21 19:46:54,469 : WARNING : ConfigProcessor : Config file in cache changed: C:\Baby_pacman_code\machine\modes\base\config\base.yaml
2022-08-21 19:46:54,469 : INFO : ConfigProcessor : Loading config from file C:\Baby_pacman_code\machine\modes\base\config\base.yaml.
2022-08-21 19:46:54,588 : INFO : ConfigProcessor : Loading config: C:\Baby_pacman_code\machine\modes\base\config\base.yaml
2022-08-21 19:46:54,590 : INFO : ConfigProcessor : Config file cache created: C:\Users\Brendan\AppData\Local\Temp\15e0c601392b30c3d9ba3ead8131edb5.mpf_cache
2022-08-21 19:46:54,591 : INFO : ConfigProcessor : Loading config from cache: C:\Users\Brendan\AppData\Local\Temp\0bf50917c4ef15ab65ee13d6c14e7d7c.mpf_cache
2022-08-21 19:46:54,591 : INFO : ConfigProcessor : Loading config from cache: C:\Users\Brendan\AppData\Local\Temp\bc7da7b13b2754e080c2afa0678ac274.mpf_cache
2022-08-21 19:46:54,592 : INFO : ConfigProcessor : Loading config from cache: C:\Users\Brendan\AppData\Local\Temp\bbd59d0bb6602ee0c5a89d6f85e6dd42.mpf_cache
2022-08-21 19:46:54,593 : INFO : ConfigProcessor : Loading config from cache: C:\Users\Brendan\AppData\Local\Temp\5526c78976fee311c3d05505d75f653d.mpf_cache
2022-08-21 19:46:54,594 : INFO : ConfigProcessor : Loading config from cache: C:\Users\Brendan\AppData\Local\Temp\6e95138ae5415fc76b53ebf8fa245fb5.mpf_cache
2022-08-21 19:46:54,594 : INFO : ConfigProcessor : Loading config from cache: C:\Users\Brendan\AppData\Local\Temp\1ec1c4dffb383758956493783a9ed391.mpf_cache
2022-08-21 19:46:54,595 : INFO : ConfigProcessor : Loading config from cache: C:\Users\Brendan\AppData\Local\Temp\f2aee92728c8017b77c710c804dd7f5a.mpf_cache
2022-08-21 19:46:54,596 : INFO : ConfigProcessor : Loading config from cache: C:\Users\Brendan\AppData\Local\Temp\88f57fa1305e9dc100972ec9f84d57fe.mpf_cache
2022-08-21 19:46:54,597 : INFO : ConfigProcessor : Loading config from cache: C:\Users\Brendan\AppData\Local\Temp\6e00a9d794d4c3f43a0fc48da04dac60.mpf_cache
2022-08-21 19:46:54,598 : INFO : ConfigProcessor : Loading config from cache: C:\Users\Brendan\AppData\Local\Temp\05ef98219fc733c3bcab58726c4b37ef.mpf_cache
2022-08-21 19:46:54,598 : INFO : ConfigProcessor : Loading config from cache: C:\Users\Brendan\AppData\Local\Temp\c22d657a5a7bb60632c2be2c735e073b.mpf_cache
2022-08-21 19:46:54,599 : INFO : ConfigProcessor : Loading config from cache: C:\Users\Brendan\AppData\Local\Temp\f7d4f5eb9425fe84d2e83a363afd4bdf.mpf_cache
2022-08-21 19:46:54,600 : INFO : ConfigProcessor : Loading config from cache: C:\Users\Brendan\AppData\Local\Temp\125f51d329f930ea7bff10973551cc26.mpf_cache
2022-08-21 19:46:54,600 : INFO : ConfigProcessor : Loading config from cache: C:\Users\Brendan\AppData\Local\Temp\08e18dfdf4e02cd29cc0cc52be2faaf4.mpf_cache
2022-08-21 19:46:54,601 : INFO : ConfigProcessor : Loading config from cache: C:\Users\Brendan\AppData\Local\Temp\f042f5bf6362b9e04d43b40b93a92057.mpf_cache
2022-08-21 19:46:54,602 : INFO : ConfigProcessor : Loading config from cache: C:\Users\Brendan\AppData\Local\Temp\60badac06cd62deb71f25fac24b103c2.mpf_cache
2022-08-21 19:46:54,602 : INFO : ConfigProcessor : Loading config from cache: C:\Users\Brendan\AppData\Local\Temp\a3ad1aeb679a0686901de8a6ffe784f0.mpf_cache
2022-08-21 19:46:54,603 : INFO : ConfigProcessor : Loading config from cache: C:\Users\Brendan\AppData\Local\Temp\d7856287e4ec48fb5adaa65e5f7b2848.mpf_cache
2022-08-21 19:46:54,604 : INFO : ConfigProcessor : Loading config from cache: C:\Users\Brendan\AppData\Local\Temp\4849f32e60febd99d83791f2417d9a0f.mpf_cache
2022-08-21 19:46:54,605 : INFO : ConfigProcessor : Loading config from cache: C:\Users\Brendan\AppData\Local\Temp\942a9c8af084c06606ececc74db0a30f.mpf_cache
2022-08-21 19:46:54,605 : INFO : ConfigProcessor : Loading config from cache: C:\Users\Brendan\AppData\Local\Temp\d3a5f9b6ba13782c30d3f4f7e40a9dcf.mpf_cache
2022-08-21 19:46:54,606 : INFO : ConfigProcessor : Loading config from cache: C:\Users\Brendan\AppData\Local\Temp\bb2305c107159ac261738ee6fa5177f9.mpf_cache
2022-08-21 19:46:54,606 : INFO : ConfigProcessor : Loading config from cache: C:\Users\Brendan\AppData\Local\Temp\5e8fe62f7d4a280c75af4e016e79234a.mpf_cache
2022-08-21 19:46:54,607 : INFO : ConfigProcessor : Loading config from cache: C:\Users\Brendan\AppData\Local\Temp\7934ad8984867b043b25c8f1f16418da.mpf_cache
2022-08-21 19:46:54,608 : INFO : ConfigProcessor : Loading config from cache: C:\Users\Brendan\AppData\Local\Temp\201f4c0a0d10e05df2979372d05b639d.mpf_cache
2022-08-21 19:46:54,608 : INFO : ConfigProcessor : Loading config from cache: C:\Users\Brendan\AppData\Local\Temp\29084e75e573608c6a2e9d91f8c2e516.mpf_cache
2022-08-21 19:46:54,609 : INFO : ConfigProcessor : Loading config from cache: C:\Users\Brendan\AppData\Local\Temp\c1a52d9ec6beffcf3a0c74172f4f1789.mpf_cache
2022-08-21 19:46:54,610 : INFO : ConfigProcessor : Loading config from cache: C:\Users\Brendan\AppData\Local\Temp\1a7cfdccecce53cd51775700aa921808.mpf_cache
2022-08-21 19:46:54,611 : INFO : ConfigProcessor : Loading config from cache: C:\Users\Brendan\AppData\Local\Temp\bbeb6a5751b9d2029aa6e8633936e040.mpf_cache
2022-08-21 19:46:54,611 : INFO : ConfigProcessor : Loading config from cache: C:\Users\Brendan\AppData\Local\Temp\396defae609afab4d6d7399595fd494b.mpf_cache
2022-08-21 19:46:54,612 : INFO : ConfigProcessor : Loading config from cache: C:\Users\Brendan\AppData\Local\Temp\df5b128cf73808572dcd58af6b99a12a.mpf_cache
2022-08-21 19:46:54,613 : INFO : ConfigProcessor : Loading config from cache: C:\Users\Brendan\AppData\Local\Temp\b16abd66a20b52f76df13eb007a93cde.mpf_cache
2022-08-21 19:46:54,613 : INFO : ConfigProcessor : Loading config from cache: C:\Users\Brendan\AppData\Local\Temp\09ddf149c2750d0dc18124afb4ec1692.mpf_cache
2022-08-21 19:46:54,614 : INFO : ConfigProcessor : Loading config from cache: C:\Users\Brendan\AppData\Local\Temp\dc261f740d4fb0b58874215bc05837b4.mpf_cache
2022-08-21 19:46:54,614 : INFO : ConfigProcessor : Loading config from cache: C:\Users\Brendan\AppData\Local\Temp\fd5b67850c190931870595f7ba331325.mpf_cache
2022-08-21 19:46:54,615 : INFO : ConfigProcessor : Loading config from cache: C:\Users\Brendan\AppData\Local\Temp\7fa0bf6f8a3d06d96f9daba2d24e8451.mpf_cache
2022-08-21 19:46:54,615 : INFO : ConfigProcessor : Loading config from cache: C:\Users\Brendan\AppData\Local\Temp\17652c03725ec0d5dc66b35abdc504c5.mpf_cache
2022-08-21 19:46:54,616 : INFO : ConfigProcessor : Loading config from cache: C:\Users\Brendan\AppData\Local\Temp\f6549f0a1a12987384ccc86b9df17004.mpf_cache
2022-08-21 19:46:54,616 : INFO : ConfigProcessor : Loading config from cache: C:\Users\Brendan\AppData\Local\Temp\d416d6f9f35dec068a811f18f969a8db.mpf_cache
2022-08-21 19:46:54,618 : INFO : ConfigProcessor : Loading config from cache: C:\Users\Brendan\AppData\Local\Temp\2cbb22f93ff96ef242a9a2d7465f7b14.mpf_cache
2022-08-21 19:46:54,619 : INFO : ConfigProcessor : Loading config from cache: C:\Users\Brendan\AppData\Local\Temp\5b43fbcb021f3ce97d73fdb8a470eae4.mpf_cache
2022-08-21 19:46:54,619 : INFO : ConfigProcessor : Loading config from cache: C:\Users\Brendan\AppData\Local\Temp\6d994d077edad00fe01353c1bfbf6638.mpf_cache
2022-08-21 19:46:54,620 : INFO : ConfigProcessor : Loading config from cache: C:\Users\Brendan\AppData\Local\Temp\df6e37541f81fc1a6e02dbcf98e0d10b.mpf_cache
2022-08-21 19:46:54,620 : INFO : ConfigProcessor : Loading config from cache: C:\Users\Brendan\AppData\Local\Temp\c5e911b563ca93c8e10ce7743f92e657.mpf_cache
2022-08-21 19:46:54,622 : INFO : ConfigProcessor : Loading config from cache: C:\Users\Brendan\AppData\Local\Temp\99ecafb2993dab1e69369c4f69529b6f.mpf_cache
2022-08-21 19:46:54,622 : INFO : ConfigProcessor : Loading config from cache: C:\Users\Brendan\AppData\Local\Temp\57f2f8973b8bd58edd1d215976151c60.mpf_cache
2022-08-21 19:46:54,623 : INFO : ConfigProcessor : Loading config from cache: C:\Users\Brendan\AppData\Local\Temp\19f702536b27ff66106645e85afb027e.mpf_cache
2022-08-21 19:46:54,624 : INFO : ConfigProcessor : Loading config from cache: C:\Users\Brendan\AppData\Local\Temp\c17101e4486856bd6430e66412997ee7.mpf_cache
2022-08-21 19:46:54,625 : INFO : ConfigProcessor : Loading config from cache: C:\Users\Brendan\AppData\Local\Temp\c5b3b18e965344eb40bdf988f6d052aa.mpf_cache
2022-08-21 19:46:54,626 : INFO : Machine : Mission Pinball Framework Core Engine v0.55.0
2022-08-21 19:46:54,626 : INFO : Machine : Command line arguments: {'no_load_cache': False, 'create_config_cache': True, 'bcp': True, 'configfile': ['config.yaml'], 'force_assets_load': False, 'jsonlogging': False, 'logfile': 'logs\\2022-08-21-19-46-53-mpf-Pinball-PC.log', 'pause': False, 'production': False, 'text_ui': True, 'loglevel': 15, 'consoleloglevel': 20, 'force_platform': None, 'syslog_address': None, 'mc_file_name': None, 'no_sound': False}
2022-08-21 19:46:54,627 : INFO : Machine : MPF path: c:\users\brendan\appdata\local\programs\python\python37\lib\site-packages\mpf
2022-08-21 19:46:54,627 : INFO : Machine : Machine path: C:\Baby_pacman_code\machine
2022-08-21 19:46:54,627 : INFO : Machine : Platform: win32
2022-08-21 19:46:54,627 : INFO : Machine : Python executable location: c:\users\brendan\appdata\local\programs\python\python37\python.exe
2022-08-21 19:46:54,627 : INFO : Machine : Python version: 3.7.8 (64-bit)
2022-08-21 19:46:54,628 : INFO : Machine : Initialise MPF.
2022-08-21 19:46:54,782 : INFO : FAST : Connecting to com7 at 921600bps
2022-08-21 19:46:54,815 : INFO : FAST : Connected! Processor: NET, Board Type: FP-CPU-002-2, Firmware: 01.05
2022-08-21 19:46:54,815 : INFO : EventManager : Event: ======'machine_var_fast_net_firmware'====== Args={'value': '01.05', 'prev_value': None, 'change': True}
2022-08-21 19:46:54,815 : INFO : EventManager : Event: ======'machine_var_fast_net_model'====== Args={'value': 'FP-CPU-002-2', 'prev_value': None, 'change': True}
2022-08-21 19:46:57,177 : WARNING : FAST : Got unexpected message from FAST: -N:06
2022-08-21 19:46:57,177 : WARNING : FAST : Got unexpected message from FAST: -N:13
2022-08-21 19:46:57,215 : INFO : FAST : Connecting to com8 at 921600bps
2022-08-21 19:46:57,263 : INFO : FAST : Connected! Processor: RGB, Board Type: FP-CPU-002-2, Firmware: 01.00
2022-08-21 19:46:57,263 : INFO : EventManager : Event: ======'machine_var_fast_rgb_firmware'====== Args={'value': '01.00', 'prev_value': None, 'change': True}
2022-08-21 19:46:57,263 : INFO : EventManager : Event: ======'machine_var_fast_rgb_model'====== Args={'value': 'FP-CPU-002-2', 'prev_value': None, 'change': True}
2022-08-21 19:46:57,264 : INFO : EventManager : Event: ======'machine_var_credits_string'====== Args={'value': 'FREE PLAY', 'prev_value': None, 'change': True}
2022-08-21 19:46:57,319 : INFO : EventManager : Event: ======'machine_var_master_volume'====== Args={'value': 0.5, 'prev_value': None, 'change': True}
2022-08-21 19:46:57,320 : INFO : EventManager : Event: ======'machine_var_player1_score'====== Args={'value': 92560, 'prev_value': None, 'change': True}
2022-08-21 19:46:57,320 : INFO : EventManager : Event: ======'machine_var_player2_score'====== Args={'value': 0, 'prev_value': None, 'change': True}
2022-08-21 19:46:57,320 : INFO : EventManager : Event: ======'machine_var_mpf_version'====== Args={'value': 'MPF v0.55.0', 'prev_value': None, 'change': True}
2022-08-21 19:46:57,320 : INFO : EventManager : Event: ======'machine_var_mpf_extended_version'====== Args={'value': 'MPF v0.55.0, Config version:5, Show version: 5, BCP version:1.1', 'prev_value': None, 'change': True}
2022-08-21 19:46:57,320 : INFO : EventManager : Event: ======'machine_var_python_version'====== Args={'value': '3.7.8', 'prev_value': None, 'change': True}
2022-08-21 19:46:57,320 : INFO : EventManager : Event: ======'machine_var_platform'====== Args={'value': 'Windows-7-6.1.7601-SP1', 'prev_value': None, 'change': True}
2022-08-21 19:46:57,320 : INFO : EventManager : Event: ======'machine_var_platform_system'====== Args={'value': 'Windows', 'prev_value': None, 'change': True}
2022-08-21 19:46:57,320 : INFO : EventManager : Event: ======'machine_var_platform_release'====== Args={'value': '7', 'prev_value': None, 'change': True}
2022-08-21 19:46:57,321 : INFO : EventManager : Event: ======'machine_var_platform_version'====== Args={'value': '6.1.7601', 'prev_value': None, 'change': True}
2022-08-21 19:46:57,321 : INFO : EventManager : Event: ======'machine_var_platform_machine'====== Args={'value': 'AMD64', 'prev_value': None, 'change': True}
2022-08-21 19:46:57,321 : INFO : EventManager : Event: ======'init_phase_1'====== Args={}
2022-08-21 19:46:57,391 : INFO : EventManager : Event: ======'drop_target_bank_main_up'====== Args={}
2022-08-21 19:46:57,400 : INFO : EventManager : Event: ======'init_phase_2'====== Args={}
2022-08-21 19:46:57,401 : INFO : SwitchController : Found active switch: (('06', 1), <Platform.FAST>) <switch.s_right_captive_ball>
2022-08-21 19:46:57,401 : INFO : SwitchController : Found active switch: (('13', 1), <Platform.FAST>) <switch.s_drain>
2022-08-21 19:46:57,441 : INFO : EventManager : Event: ======'bcp_connection_attempt'====== Args={'name': 'local_display', 'host': 'localhost', 'port': 5050}
2022-08-21 19:46:57,443 : INFO : BCPClientSocket : Connecting BCP to 'local_display' at localhost:5050...
2022-08-21 19:46:58,440 : WARNING : FAST : Port com7 was blocked for more than 1s. Reseting send queue! If this happens frequently report a bug!
2022-08-21 19:46:59,439 : WARNING : FAST : Port com7 was blocked for more than 1s. Reseting send queue! If this happens frequently report a bug!
2022-08-21 19:47:00,535 : INFO : BCPClientSocket : Connected BCP to 'local_display' localhost:5050
2022-08-21 19:47:00,537 : INFO : EventManager : Event: ======'bcp_clients_connected'====== Args={}
2022-08-21 19:47:00,549 : INFO : ball_device.bd_drain : BCH: Initial count: 1
2022-08-21 19:47:00,550 : INFO : EventManager : Event: ======'machine_var_mc_version'====== Args={'value': 'MPF-MC v0.55.0', 'prev_value': None, 'change': True}
2022-08-21 19:47:00,551 : INFO : EventManager : Event: ======'machine_var_mc_extended_version'====== Args={'value': 'MPF-MC v0.55.0 (config_version=5, BCP v1.1, Requires MPF v0.55.0-dev.49)', 'prev_value': None, 'change': True}
2022-08-21 19:47:00,555 : INFO : ball_device.bd_drain : State: idle
2022-08-21 19:47:00,595 : INFO : ball_device.bd_left_kicker : BCH: Initial count: 0
2022-08-21 19:47:00,596 : INFO : ball_device.bd_left_kicker : State: idle
2022-08-21 19:47:00,596 : INFO : ball_device.bd_right_kicker : BCH: Initial count: 0
2022-08-21 19:47:00,597 : INFO : ball_device.bd_right_kicker : State: idle
2022-08-21 19:47:00,640 : INFO : EventManager : Event: ======'init_phase_3'====== Args={}
2022-08-21 19:47:01,039 : INFO : EventManager : Event: ======'init_phase_4'====== Args={}
2022-08-21 19:47:01,043 : INFO : EventManager : Event: ======'playfield_active'====== Args={}
2022-08-21 19:47:01,044 : INFO : EventManager : Event: ======'unexpected_ball_on_playfield'====== Args={}
2022-08-21 19:47:01,044 : INFO : EventManager : Event: ======'playfield_active'====== Args={}
2022-08-21 19:47:01,044 : INFO : EventManager : Event: ======'unexpected_ball_on_playfield'====== Args={}
2022-08-21 19:47:01,044 : INFO : EventManager : Event: ======'playfield_active'====== Args={}
2022-08-21 19:47:01,044 : INFO : EventManager : Event: ======'unexpected_ball_on_playfield'====== Args={}
2022-08-21 19:47:01,044 : INFO : EventManager : Event: ======'playfield_active'====== Args={}
2022-08-21 19:47:01,044 : INFO : EventManager : Event: ======'unexpected_ball_on_playfield'====== Args={}
2022-08-21 19:47:01,044 : INFO : EventManager : Event: ======'playfield_active'====== Args={}
2022-08-21 19:47:01,044 : INFO : EventManager : Event: ======'unexpected_ball_on_playfield'====== Args={}
2022-08-21 19:47:01,045 : INFO : BallController : Initial balls found: 1
2022-08-21 19:47:01,047 : INFO : EventManager : Event: ======'machine_var_audits_events_game_ended'====== Args={'value': 0, 'prev_value': None, 'change': True}
2022-08-21 19:47:01,047 : INFO : EventManager : Event: ======'machine_var_audits_events_game_started'====== Args={'value': 0, 'prev_value': None, 'change': True}
2022-08-21 19:47:01,048 : INFO : EventManager : Event: ======'machine_var_audits_player_score'====== Args={'value': {'average': 10282935.08532423, 'top': [198719690, 195274570, 161094530, 160419680, 140071820, 132769060, 132262360, 127113160, 121863670, 115954110], 'total': 586}, 'prev_value': None, 'change': True}
2022-08-21 19:47:01,048 : INFO : EventManager : Event: ======'machine_var_audits_shots_center_drop_mission1'====== Args={'value': 522, 'prev_value': None, 'change': True}
2022-08-21 19:47:01,048 : INFO : EventManager : Event: ======'machine_var_audits_shots_center_target'====== Args={'value': 120, 'prev_value': None, 'change': True}
2022-08-21 19:47:01,049 : INFO : EventManager : Event: ======'machine_var_audits_shots_drop_target1_mission2'====== Args={'value': 221, 'prev_value': None, 'change': True}
2022-08-21 19:47:01,049 : INFO : EventManager : Event: ======'machine_var_audits_shots_drop_target2_mission2'====== Args={'value': 256, 'prev_value': None, 'change': True}
2022-08-21 19:47:01,049 : INFO : EventManager : Event: ======'machine_var_audits_shots_drop_target3_mission2'====== Args={'value': 299, 'prev_value': None, 'change': True}
2022-08-21 19:47:01,050 : INFO : EventManager : Event: ======'machine_var_audits_shots_drop_target4_mission2'====== Args={'value': 265, 'prev_value': None, 'change': True}
2022-08-21 19:47:01,050 : INFO : EventManager : Event: ======'machine_var_audits_shots_drop_target5_mission2'====== Args={'value': 227, 'prev_value': None, 'change': True}
2022-08-21 19:47:01,051 : INFO : EventManager : Event: ======'machine_var_audits_shots_drop_targets_mission3'====== Args={'value': 1462, 'prev_value': None, 'change': True}
2022-08-21 19:47:01,051 : INFO : EventManager : Event: ======'machine_var_audits_shots_galaxy_advance'====== Args={'value': 2121, 'prev_value': None, 'change': True}
2022-08-21 19:47:01,051 : INFO : EventManager : Event: ======'machine_var_audits_shots_l_lane'====== Args={'value': 608, 'prev_value': None, 'change': True}
2022-08-21 19:47:01,052 : INFO : EventManager : Event: ======'machine_var_audits_shots_left_kicker_mission2'====== Args={'value': 160, 'prev_value': None, 'change': True}
2022-08-21 19:47:01,052 : INFO : EventManager : Event: ======'machine_var_audits_shots_left_kicker_mission4'====== Args={'value': 116, 'prev_value': None, 'change': True}
2022-08-21 19:47:01,052 : INFO : EventManager : Event: ======'machine_var_audits_shots_left_loop_mission1'====== Args={'value': 586, 'prev_value': None, 'change': True}
2022-08-21 19:47:01,053 : INFO : EventManager : Event: ======'machine_var_audits_shots_left_loop_mission2'====== Args={'value': 258, 'prev_value': None, 'change': True}
2022-08-21 19:47:01,053 : INFO : EventManager : Event: ======'machine_var_audits_shots_left_loop_mission4'====== Args={'value': 382, 'prev_value': None, 'change': True}
2022-08-21 19:47:01,054 : INFO : EventManager : Event: ======'machine_var_audits_shots_portal_advance'====== Args={'value': 4570, 'prev_value': None, 'change': True}
2022-08-21 19:47:01,054 : INFO : EventManager : Event: ======'machine_var_audits_shots_r_lane'====== Args={'value': 537, 'prev_value': None, 'change': True}
2022-08-21 19:47:01,054 : INFO : EventManager : Event: ======'machine_var_audits_shots_right_kicker_mission2'====== Args={'value': 134, 'prev_value': None, 'change': True}
2022-08-21 19:47:01,055 : INFO : EventManager : Event: ======'machine_var_audits_shots_right_kicker_mission4'====== Args={'value': 135, 'prev_value': None, 'change': True}
2022-08-21 19:47:01,055 : INFO : EventManager : Event: ======'machine_var_audits_shots_right_loop_mission1'====== Args={'value': 675, 'prev_value': None, 'change': True}
2022-08-21 19:47:01,056 : INFO : EventManager : Event: ======'machine_var_audits_shots_right_loop_mission2'====== Args={'value': 303, 'prev_value': None, 'change': True}
2022-08-21 19:47:01,056 : INFO : EventManager : Event: ======'machine_var_audits_shots_right_loop_mission4'====== Args={'value': 430, 'prev_value': None, 'change': True}
2022-08-21 19:47:01,056 : INFO : EventManager : Event: ======'machine_var_audits_shots_warp_advance'====== Args={'value': 1094, 'prev_value': None, 'change': True}
2022-08-21 19:47:01,057 : INFO : EventManager : Event: ======'machine_var_audits_switches_s_action_button'====== Args={'value': 3956, 'prev_value': None, 'change': True}
2022-08-21 19:47:01,057 : INFO : EventManager : Event: ======'machine_var_audits_switches_s_drain'====== Args={'value': 2722, 'prev_value': None, 'change': True}
2022-08-21 19:47:01,058 : INFO : EventManager : Event: ======'machine_var_audits_switches_s_drop_target1'====== Args={'value': 1838, 'prev_value': None, 'change': True}
2022-08-21 19:47:01,058 : INFO : EventManager : Event: ======'machine_var_audits_switches_s_drop_target2'====== Args={'value': 2144, 'prev_value': None, 'change': True}
2022-08-21 19:47:01,059 : INFO : EventManager : Event: ======'machine_var_audits_switches_s_drop_target3'====== Args={'value': 2565, 'prev_value': None, 'change': True}
2022-08-21 19:47:01,059 : INFO : EventManager : Event: ======'machine_var_audits_switches_s_drop_target4'====== Args={'value': 2050, 'prev_value': None, 'change': True}
2022-08-21 19:47:01,059 : INFO : EventManager : Event: ======'machine_var_audits_switches_s_drop_target5'====== Args={'value': 1939, 'prev_value': None, 'change': True}
2022-08-21 19:47:01,060 : INFO : EventManager : Event: ======'machine_var_audits_switches_s_left_captive_ball'====== Args={'value': 473, 'prev_value': None, 'change': True}
2022-08-21 19:47:01,060 : INFO : EventManager : Event: ======'machine_var_audits_switches_s_left_flipper'====== Args={'value': 34272, 'prev_value': None, 'change': True}
2022-08-21 19:47:01,061 : INFO : EventManager : Event: ======'machine_var_audits_switches_s_left_inlane'====== Args={'value': 608, 'prev_value': None, 'change': True}
2022-08-21 19:47:01,061 : INFO : EventManager : Event: ======'machine_var_audits_switches_s_left_inlane_far'====== Args={'value': 3970, 'prev_value': None, 'change': True}
2022-08-21 19:47:01,062 : INFO : EventManager : Event: ======'machine_var_audits_switches_s_left_kicker'====== Args={'value': 1531, 'prev_value': None, 'change': True}
2022-08-21 19:47:01,062 : INFO : EventManager : Event: ======'machine_var_audits_switches_s_left_sling'====== Args={'value': 6826, 'prev_value': None, 'change': True}
2022-08-21 19:47:01,062 : INFO : EventManager : Event: ======'machine_var_audits_switches_s_left_spinner'====== Args={'value': 20086, 'prev_value': None, 'change': True}
2022-08-21 19:47:01,063 : INFO : EventManager : Event: ======'machine_var_audits_switches_s_right_captive_ball'====== Args={'value': 498, 'prev_value': None, 'change': True}
2022-08-21 19:47:01,063 : INFO : EventManager : Event: ======'machine_var_audits_switches_s_right_flipper'====== Args={'value': 31698, 'prev_value': None, 'change': True}
2022-08-21 19:47:01,064 : INFO : EventManager : Event: ======'machine_var_audits_switches_s_right_inlane'====== Args={'value': 537, 'prev_value': None, 'change': True}
2022-08-21 19:47:01,064 : INFO : EventManager : Event: ======'machine_var_audits_switches_s_right_inlane_far'====== Args={'value': 6152, 'prev_value': None, 'change': True}
2022-08-21 19:47:01,065 : INFO : EventManager : Event: ======'machine_var_audits_switches_s_right_kicker'====== Args={'value': 1698, 'prev_value': None, 'change': True}
2022-08-21 19:47:01,065 : INFO : EventManager : Event: ======'machine_var_audits_switches_s_right_sling'====== Args={'value': 14088, 'prev_value': None, 'change': True}
2022-08-21 19:47:01,066 : INFO : EventManager : Event: ======'machine_var_audits_switches_s_right_spinner'====== Args={'value': 16231, 'prev_value': None, 'change': True}
2022-08-21 19:47:01,066 : INFO : EventManager : Event: ======'machine_var_audits_switches_s_start'====== Args={'value': 405, 'prev_value': None, 'change': True}
2022-08-21 19:47:01,067 : INFO : EventManager : Event: ======'init_phase_5'====== Args={}
2022-08-21 19:47:01,072 : INFO : EventManager : Event: ======'init_done'====== Args={}
2022-08-21 19:47:01,072 : WARNING : FAST : Port NET received more messages than were sent! Resetting!
2022-08-21 19:47:01,072 : WARNING : FAST : Port NET received more messages than were sent! Resetting!
2022-08-21 19:47:01,072 : WARNING : FAST : Port NET received more messages than were sent! Resetting!
2022-08-21 19:47:01,073 : WARNING : FAST : Port NET received more messages than were sent! Resetting!
2022-08-21 19:47:01,073 : WARNING : FAST : Port NET received more messages than were sent! Resetting!
2022-08-21 19:47:01,073 : WARNING : FAST : Port NET received more messages than were sent! Resetting!
2022-08-21 19:47:01,073 : WARNING : FAST : Port NET received more messages than were sent! Resetting!
2022-08-21 19:47:01,073 : WARNING : FAST : Port NET received more messages than were sent! Resetting!
2022-08-21 19:47:01,073 : WARNING : FAST : Port NET received more messages than were sent! Resetting!
2022-08-21 19:47:01,073 : WARNING : FAST : Port NET received more messages than were sent! Resetting!
2022-08-21 19:47:01,073 : WARNING : FAST : Port NET received more messages than were sent! Resetting!
2022-08-21 19:47:01,073 : WARNING : FAST : Port NET received more messages than were sent! Resetting!
2022-08-21 19:47:01,073 : WARNING : FAST : Port NET received more messages than were sent! Resetting!
2022-08-21 19:47:01,073 : WARNING : FAST : Port NET received more messages than were sent! Resetting!
2022-08-21 19:47:01,073 : WARNING : FAST : Port NET received more messages than were sent! Resetting!
2022-08-21 19:47:01,073 : WARNING : FAST : Port NET received more messages than were sent! Resetting!
2022-08-21 19:47:01,073 : WARNING : FAST : Port NET received more messages than were sent! Resetting!
2022-08-21 19:47:01,074 : WARNING : FAST : Port NET received more messages than were sent! Resetting!
2022-08-21 19:47:01,074 : WARNING : FAST : Port NET received more messages than were sent! Resetting!
2022-08-21 19:47:01,074 : WARNING : FAST : Port NET received more messages than were sent! Resetting!
2022-08-21 19:47:01,074 : WARNING : FAST : Port NET received more messages than were sent! Resetting!
2022-08-21 19:47:01,074 : WARNING : FAST : Port NET received more messages than were sent! Resetting!
2022-08-21 19:47:01,074 : INFO : EventManager : Event: ======'machine_reset_phase_1'====== Args={}
2022-08-21 19:47:01,081 : INFO : EventManager : Event: ======'machine_reset_phase_2'====== Args={}
2022-08-21 19:47:01,082 : INFO : EventManager : Event: ======'machine_reset_phase_3'====== Args={}
2022-08-21 19:47:01,082 : INFO : EventManager : Event: ======'reset_complete'====== Args={}
2022-08-21 19:47:01,083 : INFO : EventManager : Event: ======'mode_attract_will_start'====== Args={}
2022-08-21 19:47:01,083 : INFO : EventManager : Event: ======'mode_attract_starting'====== Args={}
2022-08-21 19:47:01,083 : INFO : Mode.attract : Started. Priority: 10
2022-08-21 19:47:01,083 : INFO : EventManager : Event: ======'modes_active_modes_changed'====== Args={}
2022-08-21 19:47:01,083 : INFO : EventManager : Event: ======'mode_attract_started'====== Args={}
2022-08-21 19:47:01,086 : INFO : EventManager : Event: ======'collecting_balls_complete'====== Args={}
2022-08-21 19:47:01,103 : INFO : EventManager : Event: ======'slide_show_13.slide_player-0_created'====== Args={'_from_bcp': True}
2022-08-21 19:47:01,103 : INFO : EventManager : Event: ======'slide_show_13.slide_player-0_active'====== Args={'_from_bcp': True}
2022-08-21 19:47:01,103 : INFO : Machine : Starting the main run loop.
2022-08-21 19:47:01,727 : INFO : SwitchController : <<<<<<< 's_start' active >>>>>>>
2022-08-21 19:47:01,839 : INFO : SwitchController : <<<<<<< 's_start' inactive >>>>>>>
2022-08-21 19:47:01,839 : INFO : EventManager : Event: ======'request_to_start_game'====== Args={}
2022-08-21 19:47:01,840 : INFO : EventManager : Event: ======'game_start'====== Args={'buttons': [], 'hold_time': 0.10900000000037835}
2022-08-21 19:47:01,840 : INFO : EventManager : Event: ======'mode_game_will_start'====== Args={'buttons': [], 'hold_time': 0.10900000000037835}
2022-08-21 19:47:01,842 : INFO : EventManager : Event: ======'mode_game_starting'====== Args={'buttons': [], 'hold_time': 0.10900000000037835}
2022-08-21 19:47:01,842 : INFO : EventManager : Event: ======'mode_attract_will_stop'====== Args={}
2022-08-21 19:47:01,842 : INFO : EventManager : Event: ======'mode_attract_stopping'====== Args={}
2022-08-21 19:47:01,842 : INFO : Mode.attract : Stopped.
2022-08-21 19:47:01,842 : INFO : EventManager : Event: ======'modes_active_modes_changed'====== Args={}
2022-08-21 19:47:01,845 : INFO : EventManager : Event: ======'mode_attract_stopped'====== Args={}
2022-08-21 19:47:01,845 : INFO : EventManager : Event: ======'clear'====== Args={'key': 'attract'}
2022-08-21 19:47:01,845 : INFO : Mode.game : Started. Priority: 20
2022-08-21 19:47:01,845 : INFO : EventManager : Event: ======'modes_active_modes_changed'====== Args={}
2022-08-21 19:47:01,846 : INFO : EventManager : Event: ======'mode_game_started'====== Args={'buttons': [], 'hold_time': 0.10900000000037835}
2022-08-21 19:47:01,856 : INFO : EventManager : Event: ======'game_will_start'====== Args={}
2022-08-21 19:47:01,857 : INFO : EventManager : Event: ======'game_starting'====== Args={'game': <Mode.game>}
2022-08-21 19:47:01,859 : INFO : EventManager : Event: ======'player_add_request'====== Args={}
2022-08-21 19:47:01,860 : INFO : EventManager : Event: ======'player_will_add'====== Args={'number': 1}
2022-08-21 19:47:01,860 : INFO : EventManager : Event: ======'player_adding'====== Args={'player': <Player 1>, 'number': 1}
2022-08-21 19:47:01,860 : INFO : EventManager : Event: ======'player_added'====== Args={'player': <Player 1>, 'num': 1}
2022-08-21 19:47:01,861 : INFO : Mode.game : Player added successfully. Total players: 1
2022-08-21 19:47:01,861 : INFO : EventManager : Event: ======'player_index'====== Args={'value': 0, 'prev_value': 0, 'change': 0, 'player_num': 1}
2022-08-21 19:47:01,862 : INFO : EventManager : Event: ======'player_number'====== Args={'value': 1, 'prev_value': 1, 'change': 0, 'player_num': 1}
2022-08-21 19:47:01,863 : INFO : EventManager : Event: ======'player_mode_value'====== Args={'value': 1000000, 'prev_value': 1000000, 'change': 0, 'player_num': 1}
2022-08-21 19:47:01,863 : INFO : EventManager : Event: ======'player_bonus_multiplier'====== Args={'value': 1, 'prev_value': 1, 'change': 0, 'player_num': 1}
2022-08-21 19:47:01,863 : INFO : EventManager : Event: ======'player_playfield_multiplier'====== Args={'value': 1, 'prev_value': 1, 'change': 0, 'player_num': 1}
2022-08-21 19:47:01,864 : INFO : EventManager : Event: ======'player_score'====== Args={'value': 0, 'prev_value': 0, 'change': 0, 'player_num': 1}
2022-08-21 19:47:01,864 : INFO : EventManager : Event: ======'game_started'====== Args={}
2022-08-21 19:47:01,889 : INFO : EventManager : Event: ======'player_turn_will_start'====== Args={'player': <Player 1>, 'number': 1}
2022-08-21 19:47:01,889 : INFO : EventManager : Event: ======'slide_show_13.slide_player-0_removed'====== Args={'_from_bcp': True}
2022-08-21 19:47:01,889 : INFO : EventManager : Event: ======'slide_window_blank_active'====== Args={'_from_bcp': True}
2022-08-21 19:47:01,890 : INFO : EventManager : Event: ======'player_turn_starting'====== Args={'player': <Player 1>, 'number': 1}
2022-08-21 19:47:01,891 : INFO : EventManager : Event: ======'player_ball'====== Args={'value': 1, 'prev_value': 0, 'change': 1, 'player_num': 1}
2022-08-21 19:47:01,891 : INFO : EventManager : Event: ======'player_turn_started'====== Args={'player': <Player 1>, 'number': 1}
2022-08-21 19:47:01,892 : INFO : EventManager : Event: ======'ball_will_start'====== Args={'player': 1, 'ball': 1, 'balls_remaining': 2, 'is_extra_ball': False}
2022-08-21 19:47:01,896 : INFO : EventManager : Event: ======'ball_starting'====== Args={'player': 1, 'ball': 1, 'balls_remaining': 2, 'is_extra_ball': False}
2022-08-21 19:47:01,897 : INFO : EventManager : Event: ======'balls_in_play'====== Args={'balls': 1}
2022-08-21 19:47:01,897 : INFO : EventManager : Event: ======'ball_started'====== Args={'player': 1, 'ball': 1, 'balls_remaining': 2, 'is_extra_ball': False}
2022-08-21 19:47:01,897 : INFO : EventManager : Event: ======'mode_combos_will_start'====== Args={'player': 1, 'ball': 1, 'balls_remaining': 2, 'is_extra_ball': False}
2022-08-21 19:47:01,902 : INFO : EventManager : Event: ======'mode_combos_starting'====== Args={'player': 1, 'ball': 1, 'balls_remaining': 2, 'is_extra_ball': False}
2022-08-21 19:47:01,902 : INFO : EventManager : Event: ======'mode_base_will_start'====== Args={'player': 1, 'ball': 1, 'balls_remaining': 2, 'is_extra_ball': False}
2022-08-21 19:47:01,902 : INFO : EventManager : Event: ======'player_shot_l_lane_enabled'====== Args={'value': True, 'prev_value': 0, 'change': 1, 'player_num': 1}
2022-08-21 19:47:01,903 : INFO : EventManager : Event: ======'player_shot_r_lane_enabled'====== Args={'value': True, 'prev_value': 0, 'change': 1, 'player_num': 1}
2022-08-21 19:47:01,903 : INFO : EventManager : Event: ======'player_shot_center_target_enabled'====== Args={'value': True, 'prev_value': 0, 'change': 1, 'player_num': 1}
2022-08-21 19:47:01,904 : INFO : EventManager : Event: ======'bonus_lanes_complete'====== Args={'state': 'unlit'}
2022-08-21 19:47:01,904 : INFO : EventManager : Event: ======'bonus_lanes_unlit_complete'====== Args={}
2022-08-21 19:47:01,904 : INFO : EventManager : Event: ======'player_extra_ball_two_modes_complete_num_awarded'====== Args={'value': 0, 'prev_value': 0, 'change': 0, 'player_num': 1}
2022-08-21 19:47:01,905 : INFO : EventManager : Event: ======'achievement_mission1_changed_state'====== Args={'restore': False, 'state': 'disabled', 'selected': False}
2022-08-21 19:47:01,905 : INFO : EventManager : Event: ======'achievement_mission1_state_disabled'====== Args={'restore': False, 'state': 'disabled', 'selected': False}
2022-08-21 19:47:01,905 : INFO : EventManager : Event: ======'achievement_mission2_changed_state'====== Args={'restore': False, 'state': 'disabled', 'selected': False}
2022-08-21 19:47:01,905 : INFO : EventManager : Event: ======'achievement_mission2_state_disabled'====== Args={'restore': False, 'state': 'disabled', 'selected': False}
2022-08-21 19:47:01,905 : INFO : EventManager : Event: ======'achievement_mission3_changed_state'====== Args={'restore': False, 'state': 'disabled', 'selected': False}
2022-08-21 19:47:01,905 : INFO : EventManager : Event: ======'achievement_mission3_state_disabled'====== Args={'restore': False, 'state': 'disabled', 'selected': False}
2022-08-21 19:47:01,905 : INFO : EventManager : Event: ======'achievement_mission4_changed_state'====== Args={'restore': False, 'state': 'disabled', 'selected': False}
2022-08-21 19:47:01,905 : INFO : EventManager : Event: ======'achievement_mission4_state_disabled'====== Args={'restore': False, 'state': 'disabled', 'selected': False}
2022-08-21 19:47:01,914 : INFO : EventManager : Event: ======'mode_base_starting'====== Args={'player': 1, 'ball': 1, 'balls_remaining': 2, 'is_extra_ball': False}
2022-08-21 19:47:01,914 : INFO : EventManager : Event: ======'mode_super_features_will_start'====== Args={'player': 1, 'ball': 1, 'balls_remaining': 2, 'is_extra_ball': False}
2022-08-21 19:47:01,914 : INFO : EventManager : Event: ======'achievement_super_spinners_changed_state'====== Args={'restore': False, 'state': 'disabled', 'selected': False}
2022-08-21 19:47:01,914 : INFO : EventManager : Event: ======'achievement_super_spinners_state_disabled'====== Args={'restore': False, 'state': 'disabled', 'selected': False}
2022-08-21 19:47:01,914 : INFO : EventManager : Event: ======'achievement_super_targets_changed_state'====== Args={'restore': False, 'state': 'disabled', 'selected': False}
2022-08-21 19:47:01,914 : INFO : EventManager : Event: ======'achievement_super_targets_state_disabled'====== Args={'restore': False, 'state': 'disabled', 'selected': False}
2022-08-21 19:47:01,914 : INFO : EventManager : Event: ======'achievement_super_lanes_changed_state'====== Args={'restore': False, 'state': 'disabled', 'selected': False}
2022-08-21 19:47:01,915 : INFO : EventManager : Event: ======'achievement_super_lanes_state_disabled'====== Args={'restore': False, 'state': 'disabled', 'selected': False}
2022-08-21 19:47:01,915 : INFO : EventManager : Event: ======'achievement_super_slings_changed_state'====== Args={'restore': False, 'state': 'disabled', 'selected': False}
2022-08-21 19:47:01,915 : INFO : EventManager : Event: ======'achievement_super_slings_state_disabled'====== Args={'restore': False, 'state': 'disabled', 'selected': False}
2022-08-21 19:47:01,917 : INFO : EventManager : Event: ======'mode_super_features_starting'====== Args={'player': 1, 'ball': 1, 'balls_remaining': 2, 'is_extra_ball': False}
2022-08-21 19:47:01,917 : INFO : drop_target_bank.main : All targets are already up. Will not reset bank.
2022-08-21 19:47:01,919 : INFO : Mode.super_features : Started. Priority: 100
2022-08-21 19:47:01,919 : INFO : EventManager : Event: ======'modes_active_modes_changed'====== Args={}
2022-08-21 19:47:01,919 : INFO : EventManager : Event: ======'mode_super_features_started'====== Args={'player': 1, 'ball': 1, 'balls_remaining': 2, 'is_extra_ball': False}
2022-08-21 19:47:01,919 : INFO : Mode.combos : Started. Priority: 700
2022-08-21 19:47:01,919 : INFO : EventManager : Event: ======'modes_active_modes_changed'====== Args={}
2022-08-21 19:47:01,920 : INFO : EventManager : Event: ======'mode_combos_started'====== Args={'player': 1, 'ball': 1, 'balls_remaining': 2, 'is_extra_ball': False}
2022-08-21 19:47:01,920 : INFO : EventManager : Event: ======'logicblock_mode_completion_counter_updated'====== Args={'value': 0, 'enabled': True}
2022-08-21 19:47:01,920 : INFO : EventManager : Event: ======'logicblock_mode_completion_counter_updated'====== Args={'value': 0, 'enabled': True}
2022-08-21 19:47:01,921 : INFO : Mode.base : Started. Priority: 100
2022-08-21 19:47:01,921 : INFO : EventManager : Event: ======'modes_active_modes_changed'====== Args={}
2022-08-21 19:47:01,921 : INFO : EventManager : Event: ======'mode_base_started'====== Args={'player': 1, 'ball': 1, 'balls_remaining': 2, 'is_extra_ball': False}
2022-08-21 19:47:01,921 : INFO : EventManager : Event: ======'ball_save_base_save_enabled'====== Args={}
2022-08-21 19:47:01,921 : INFO : EventManager : Event: ======'mode_spell_warp_will_start'====== Args={'player': 1, 'ball': 1, 'balls_remaining': 2, 'is_extra_ball': False}
2022-08-21 19:47:01,922 : INFO : EventManager : Event: ======'player_shot_warp_advance_enabled'====== Args={'value': True, 'prev_value': 0, 'change': 1, 'player_num': 1}
2022-08-21 19:47:01,924 : INFO : EventManager : Event: ======'mode_spell_warp_starting'====== Args={'player': 1, 'ball': 1, 'balls_remaining': 2, 'is_extra_ball': False}
2022-08-21 19:47:01,924 : INFO : EventManager : Event: ======'mode_spell_galaxy_will_start'====== Args={'player': 1, 'ball': 1, 'balls_remaining': 2, 'is_extra_ball': False}
2022-08-21 19:47:01,924 : INFO : EventManager : Event: ======'player_shot_galaxy_advance_enabled'====== Args={'value': True, 'prev_value': 0, 'change': 1, 'player_num': 1}
2022-08-21 19:47:01,926 : INFO : EventManager : Event: ======'mode_spell_galaxy_starting'====== Args={'player': 1, 'ball': 1, 'balls_remaining': 2, 'is_extra_ball': False}
2022-08-21 19:47:01,926 : INFO : EventManager : Event: ======'mode_spell_portal_will_start'====== Args={'player': 1, 'ball': 1, 'balls_remaining': 2, 'is_extra_ball': False}
2022-08-21 19:47:01,926 : INFO : EventManager : Event: ======'player_shot_portal_advance_enabled'====== Args={'value': True, 'prev_value': 0, 'change': 1, 'player_num': 1}
2022-08-21 19:47:01,929 : INFO : EventManager : Event: ======'mode_spell_portal_starting'====== Args={'player': 1, 'ball': 1, 'balls_remaining': 2, 'is_extra_ball': False}
2022-08-21 19:47:01,929 : INFO : EventManager : Event: ======'mode_add_mode_value_will_start'====== Args={'player': 1, 'ball': 1, 'balls_remaining': 2, 'is_extra_ball': False}
2022-08-21 19:47:01,930 : INFO : EventManager : Event: ======'mode_add_mode_value_starting'====== Args={'player': 1, 'ball': 1, 'balls_remaining': 2, 'is_extra_ball': False}
2022-08-21 19:47:01,931 : INFO : drop_target_bank.main : All targets are already up. Will not reset bank.
2022-08-21 19:47:01,931 : INFO : Mode.add_mode_value : Started. Priority: 200
2022-08-21 19:47:01,932 : INFO : EventManager : Event: ======'modes_active_modes_changed'====== Args={}
2022-08-21 19:47:01,932 : INFO : EventManager : Event: ======'mode_add_mode_value_started'====== Args={'player': 1, 'ball': 1, 'balls_remaining': 2, 'is_extra_ball': False}
2022-08-21 19:47:01,932 : INFO : EventManager : Event: ======'single_player_ball_started'====== Args={}
2022-08-21 19:47:01,951 : INFO : EventManager : Event: ======'logicblock_warp_counter_updated'====== Args={'value': 0, 'enabled': True}
2022-08-21 19:47:01,951 : INFO : EventManager : Event: ======'logicblock_warp_counter_updated'====== Args={'value': 0, 'enabled': True}
2022-08-21 19:47:01,951 : INFO : Mode.spell_warp : Started. Priority: 200
2022-08-21 19:47:01,952 : INFO : EventManager : Event: ======'modes_active_modes_changed'====== Args={}
2022-08-21 19:47:01,952 : INFO : EventManager : Event: ======'mode_spell_warp_started'====== Args={'player': 1, 'ball': 1, 'balls_remaining': 2, 'is_extra_ball': False}
2022-08-21 19:47:01,952 : INFO : EventManager : Event: ======'logicblock_galaxy_counter_updated'====== Args={'value': 0, 'enabled': True}
2022-08-21 19:47:01,952 : INFO : EventManager : Event: ======'logicblock_galaxy_counter_updated'====== Args={'value': 0, 'enabled': True}
2022-08-21 19:47:01,952 : INFO : Mode.spell_galaxy : Started. Priority: 200
2022-08-21 19:47:01,952 : INFO : EventManager : Event: ======'modes_active_modes_changed'====== Args={}
2022-08-21 19:47:01,952 : INFO : EventManager : Event: ======'mode_spell_galaxy_started'====== Args={'player': 1, 'ball': 1, 'balls_remaining': 2, 'is_extra_ball': False}
2022-08-21 19:47:01,952 : INFO : EventManager : Event: ======'logicblock_portal_counter_updated'====== Args={'value': 0, 'enabled': True}
2022-08-21 19:47:01,952 : INFO : EventManager : Event: ======'logicblock_portal_counter_updated'====== Args={'value': 0, 'enabled': True}
2022-08-21 19:47:01,952 : INFO : Mode.spell_portal : Started. Priority: 200
2022-08-21 19:47:01,952 : INFO : EventManager : Event: ======'modes_active_modes_changed'====== Args={}
2022-08-21 19:47:01,953 : INFO : EventManager : Event: ======'mode_spell_portal_started'====== Args={'player': 1, 'ball': 1, 'balls_remaining': 2, 'is_extra_ball': False}
2022-08-21 19:47:01,954 : INFO : EventManager : Event: ======'achievement_super_spinners_changed_state'====== Args={'restore': False, 'state': 'enabled', 'selected': False}
2022-08-21 19:47:01,954 : INFO : EventManager : Event: ======'achievement_super_spinners_state_enabled'====== Args={'restore': False, 'state': 'enabled', 'selected': False}
2022-08-21 19:47:01,954 : INFO : EventManager : Event: ======'achievement_super_targets_changed_state'====== Args={'restore': False, 'state': 'enabled', 'selected': False}
2022-08-21 19:47:01,954 : INFO : EventManager : Event: ======'achievement_super_targets_state_enabled'====== Args={'restore': False, 'state': 'enabled', 'selected': False}
2022-08-21 19:47:01,954 : INFO : EventManager : Event: ======'achievement_super_lanes_changed_state'====== Args={'restore': False, 'state': 'enabled', 'selected': False}
2022-08-21 19:47:01,954 : INFO : EventManager : Event: ======'achievement_super_lanes_state_enabled'====== Args={'restore': False, 'state': 'enabled', 'selected': False}
2022-08-21 19:47:01,954 : INFO : EventManager : Event: ======'achievement_super_slings_changed_state'====== Args={'restore': False, 'state': 'enabled', 'selected': False}
2022-08-21 19:47:01,954 : INFO : EventManager : Event: ======'achievement_super_slings_state_enabled'====== Args={'restore': False, 'state': 'enabled', 'selected': False}
2022-08-21 19:47:01,955 : INFO : EventManager : Event: ======'achievement_super_spinners_changed_state'====== Args={'restore': False, 'state': 'enabled', 'selected': True}
2022-08-21 19:47:01,955 : INFO : EventManager : Event: ======'achievement_super_spinners_state_enabled'====== Args={'restore': False, 'state': 'enabled', 'selected': True}
2022-08-21 19:47:01,955 : INFO : EventManager : Event: ======'achievement_super_spinners_state_selected'====== Args={'restore': False, 'state': 'enabled', 'selected': True}
2022-08-21 19:47:01,956 : INFO : EventManager : Event: ======'ball_start_target'====== Args={'target': 'playfield'}
2022-08-21 19:47:01,957 : INFO : EventManager : Event: ======'slide_score_slide_created'====== Args={'_from_bcp': True}
2022-08-21 19:47:01,976 : INFO : ball_device.bd_drain : Setting up player-controlled eject. Balls: 1, Target: <playfield.playfield>, player_controlled_eject_event: s_action_button_active
2022-08-21 19:47:01,976 : INFO : EventManager : Event: ======'balldevice_balls_available'====== Args={}
2022-08-21 19:47:01,978 : INFO : EventManager : Event: ======'slide_score_slide_active'====== Args={'_from_bcp': True}
2022-08-21 19:47:01,980 : INFO : ball_device.bd_drain : State: waiting_for_target_ready
2022-08-21 19:47:01,980 : INFO : EventManager : Event: ======'balldevice_bd_drain_ball_eject_attempt'====== Args={'balls': 1, 'target': <playfield.playfield>, 'source': <ball_device.bd_drain>, 'mechanical_eject': True, 'num_attempts': 0}
2022-08-21 19:47:01,980 : INFO : ball_device.bd_drain : State: ejecting
2022-08-21 19:47:01,980 : INFO : ball_device.bd_drain : Ejecting ball to <playfield.playfield>
2022-08-21 19:47:01,981 : INFO : EventManager : Event: ======'balldevice_bd_drain_ejecting_ball'====== Args={'balls': 1, 'target': <playfield.playfield>, 'source': <ball_device.bd_drain>, 'mechanical_eject': True, 'num_attempts': 0}
2022-08-21 19:47:01,981 : INFO : ball_device.bd_drain : Wait for ball to leave device
2022-08-21 19:47:03,855 : INFO : SwitchController : <<<<<<< 's_action_button' active >>>>>>>
2022-08-21 19:47:03,855 : INFO : EventManager : Event: ======'s_action_button_active'====== Args={}
2022-08-21 19:47:03,856 : INFO : EventManager : Event: ======'machine_var_audits_switches_s_action_button'====== Args={'value': 3957, 'prev_value': 3956, 'change': 1}
2022-08-21 19:47:03,867 : INFO : EventManager : Event: ======'ball_save_base_save_timer_start'====== Args={}
2022-08-21 19:47:03,881 : INFO : coil.c_drain_eject : Pulsing Driver for 30ms (1.0 pulse_power)
2022-08-21 19:47:04,031 : INFO : SwitchController : <<<<<<< 's_action_button' inactive >>>>>>>
2022-08-21 19:47:04,063 : INFO : SwitchController : <<<<<<< 's_drain' inactive >>>>>>>
2022-08-21 19:47:04,063 : INFO : EventManager : Event: ======'s_drain_inactive'====== Args={}
2022-08-21 19:47:04,071 : INFO : ball_device.bd_drain : State: ball_left
2022-08-21 19:47:04,071 : INFO : ball_device.bd_drain : Ball left
2022-08-21 19:47:04,072 : INFO : ball_device.bd_drain : Wait for confirm with timeout 1.0
2022-08-21 19:47:05,055 : INFO : ball_device.bd_drain : State: failed_confirm
2022-08-21 19:47:05,055 : INFO : ball_device.bd_drain : Got timeout (1.0s) before confirm from <playfield.playfield>
2022-08-21 19:47:05,149 : INFO : ball_device.bd_drain : Confirming eject because target is playfield and ball did not return.
2022-08-21 19:47:05,149 : INFO : ball_device.bd_drain : Eject successful
2022-08-21 19:47:05,149 : INFO : EventManager : Event: ======'balldevice_bd_drain_ball_eject_success'====== Args={'balls': 1, 'target': <playfield.playfield>}
2022-08-21 19:47:05,150 : INFO : EventManager : Event: ======'balldevice_playfield_ball_enter'====== Args={'new_balls': 1, 'unclaimed_balls': 1, 'device': <playfield.playfield>}
2022-08-21 19:47:05,150 : INFO : EventManager : Event: ======'playfield_ball_count_change'====== Args={'balls': 1, 'change': 1}
2022-08-21 19:47:05,151 : INFO : EventManager : Event: ======'balldevice_bd_drain_ball_count_changed'====== Args={'balls': 0}
2022-08-21 19:47:05,152 : INFO : ball_device.bd_drain : State: idle
2022-08-21 19:47:05,839 : INFO : SwitchController : <<<<<<< 's_left_inlane_far' active >>>>>>>
2022-08-21 19:47:05,840 : INFO : EventManager : Event: ======'s_left_inlane_far_active'====== Args={}
2022-08-21 19:47:05,840 : INFO : EventManager : Event: ======'machine_var_audits_switches_s_left_inlane_far'====== Args={'value': 3971, 'prev_value': 3970, 'change': 1}
2022-08-21 19:47:05,851 : INFO : EventManager : Event: ======'player_shot_galaxy_advance'====== Args={'value': 1, 'prev_value': 0, 'change': 1, 'player_num': 1}
2022-08-21 19:47:05,857 : INFO : EventManager : Event: ======'machine_var_audits_shots_galaxy_advance'====== Args={'value': 2122, 'prev_value': 2121, 'change': 1}
2022-08-21 19:47:05,858 : INFO : EventManager : Event: ======'galaxy_advance_hit'====== Args={'profile': 'default', 'state': 'unlit', 'advancing': True}
2022-08-21 19:47:05,859 : INFO : EventManager : Event: ======'galaxy_advance_default_hit'====== Args={'profile': 'default', 'state': 'unlit', 'advancing': True}
2022-08-21 19:47:05,859 : INFO : EventManager : Event: ======'galaxy_advance_default_unlit_hit'====== Args={'profile': 'default', 'state': 'unlit', 'advancing': True}
2022-08-21 19:47:05,859 : INFO : EventManager : Event: ======'galaxy_advance_unlit_hit'====== Args={'profile': 'default', 'state': 'unlit', 'advancing': True}
2022-08-21 19:47:05,859 : INFO : EventManager : Event: ======'player_score'====== Args={'value': 30000, 'prev_value': 0, 'change': 30000, 'player_num': 1}
2022-08-21 19:47:05,860 : INFO : EventManager : Event: ======'player_switches'====== Args={'value': 1, 'prev_value': 0, 'change': 1, 'player_num': 1}
2022-08-21 19:47:05,861 : INFO : EventManager : Event: ======'player_combos_combo_timer_tick'====== Args={'value': 6, 'prev_value': 0, 'change': 6, 'player_num': 1}
2022-08-21 19:47:05,861 : INFO : Timer.combo_timer : Starting Timer.
2022-08-21 19:47:05,861 : INFO : EventManager : Event: ======'timer_combo_timer_started'====== Args={'ticks': 6, 'ticks_remaining': 6}
2022-08-21 19:47:05,861 : INFO : EventManager : Event: ======'timer_combo_timer_tick'====== Args={'ticks': 6, 'ticks_remaining': 6}
2022-08-21 19:47:05,862 : INFO : EventManager : Event: ======'logicblock_galaxy_counter_updated'====== Args={'value': 1, 'enabled': True}
2022-08-21 19:47:05,862 : INFO : EventManager : Event: ======'counter_galaxy_counter_hit'====== Args={'count': 1, 'hits': 1, 'remaining': 5}
2022-08-21 19:47:05,862 : INFO : EventManager : Event: ======'logicblock_galaxy_counter_hit'====== Args={'count': 1, 'hits': 1, 'remaining': 5}
2022-08-21 19:47:05,887 : INFO : SwitchController : <<<<<<< 's_left_inlane_far' inactive >>>>>>>
2022-08-21 19:47:06,350 : INFO : EventManager : Event: ======'player_combos_combo_timer_tick'====== Args={'value': 5, 'prev_value': 6, 'change': -1, 'player_num': 1}
2022-08-21 19:47:06,351 : INFO : EventManager : Event: ======'timer_combo_timer_tick'====== Args={'ticks': 5, 'ticks_remaining': 5}
2022-08-21 19:47:06,849 : INFO : EventManager : Event: ======'player_combos_combo_timer_tick'====== Args={'value': 4, 'prev_value': 5, 'change': -1, 'player_num': 1}
2022-08-21 19:47:06,850 : INFO : EventManager : Event: ======'timer_combo_timer_tick'====== Args={'ticks': 4, 'ticks_remaining': 4}
2022-08-21 19:47:06,911 : INFO : SwitchController : <<<<<<< 's_left_inlane_far' active >>>>>>>
2022-08-21 19:47:06,911 : INFO : EventManager : Event: ======'s_left_inlane_far_active'====== Args={}
2022-08-21 19:47:06,912 : INFO : EventManager : Event: ======'machine_var_audits_switches_s_left_inlane_far'====== Args={'value': 3972, 'prev_value': 3971, 'change': 1}
2022-08-21 19:47:06,914 : INFO : EventManager : Event: ======'player_combo'====== Args={'value': 1, 'prev_value': 0, 'change': 1, 'player_num': 1}
2022-08-21 19:47:06,914 : INFO : EventManager : Event: ======'player_combo_value'====== Args={'value': 25000, 'prev_value': 0, 'change': 25000, 'player_num': 1}
2022-08-21 19:47:06,915 : INFO : EventManager : Event: ======'player_score'====== Args={'value': 55000, 'prev_value': 30000, 'change': 25000, 'player_num': 1}
2022-08-21 19:47:06,916 : INFO : EventManager : Event: ======'machine_var_audits_shots_galaxy_advance'====== Args={'value': 2123, 'prev_value': 2122, 'change': 1}
2022-08-21 19:47:06,917 : INFO : EventManager : Event: ======'galaxy_advance_hit'====== Args={'profile': 'default', 'state': 'lit', 'advancing': False}
2022-08-21 19:47:06,917 : INFO : EventManager : Event: ======'galaxy_advance_default_hit'====== Args={'profile': 'default', 'state': 'lit', 'advancing': False}
2022-08-21 19:47:06,917 : INFO : EventManager : Event: ======'galaxy_advance_default_lit_hit'====== Args={'profile': 'default', 'state': 'lit', 'advancing': False}
2022-08-21 19:47:06,918 : INFO : EventManager : Event: ======'galaxy_advance_lit_hit'====== Args={'profile': 'default', 'state': 'lit', 'advancing': False}
2022-08-21 19:47:06,918 : INFO : EventManager : Event: ======'player_score'====== Args={'value': 85000, 'prev_value': 55000, 'change': 30000, 'player_num': 1}
2022-08-21 19:47:06,918 : INFO : EventManager : Event: ======'player_switches'====== Args={'value': 2, 'prev_value': 1, 'change': 1, 'player_num': 1}
2022-08-21 19:47:06,919 : INFO : EventManager : Event: ======'player_combos_combo_timer_tick'====== Args={'value': 6, 'prev_value': 4, 'change': 2, 'player_num': 1}
2022-08-21 19:47:06,920 : INFO : EventManager : Event: ======'logicblock_galaxy_counter_updated'====== Args={'value': 2, 'enabled': True}
2022-08-21 19:47:06,920 : INFO : EventManager : Event: ======'counter_galaxy_counter_hit'====== Args={'count': 2, 'hits': 2, 'remaining': 4}
2022-08-21 19:47:06,920 : INFO : EventManager : Event: ======'logicblock_galaxy_counter_hit'====== Args={'count': 2, 'hits': 2, 'remaining': 4}
2022-08-21 19:47:06,945 : INFO : EventManager : Event: ======'slide_combo_slide_created'====== Args={'_from_bcp': True}
2022-08-21 19:47:06,957 : INFO : EventManager : Event: ======'slide_combo_slide_active'====== Args={'_from_bcp': True}
2022-08-21 19:47:06,975 : INFO : SwitchController : <<<<<<< 's_left_inlane_far' inactive >>>>>>>
2022-08-21 19:47:07,411 : INFO : EventManager : Event: ======'player_combos_combo_timer_tick'====== Args={'value': 5, 'prev_value': 6, 'change': -1, 'player_num': 1}
2022-08-21 19:47:07,412 : INFO : EventManager : Event: ======'timer_combo_timer_tick'====== Args={'ticks': 5, 'ticks_remaining': 5}
2022-08-21 19:47:07,518 : INFO : SwitchController : <<<<<<< 's_left_inlane_far' active >>>>>>>
2022-08-21 19:47:07,518 : INFO : EventManager : Event: ======'s_left_inlane_far_active'====== Args={}
2022-08-21 19:47:07,519 : INFO : EventManager : Event: ======'machine_var_audits_switches_s_left_inlane_far'====== Args={'value': 3973, 'prev_value': 3972, 'change': 1}
2022-08-21 19:47:07,521 : INFO : EventManager : Event: ======'machine_var_audits_shots_galaxy_advance'====== Args={'value': 2124, 'prev_value': 2123, 'change': 1}
2022-08-21 19:47:07,522 : INFO : EventManager : Event: ======'galaxy_advance_hit'====== Args={'profile': 'default', 'state': 'lit', 'advancing': False}
2022-08-21 19:47:07,523 : INFO : EventManager : Event: ======'galaxy_advance_default_hit'====== Args={'profile': 'default', 'state': 'lit', 'advancing': False}
2022-08-21 19:47:07,523 : INFO : EventManager : Event: ======'galaxy_advance_default_lit_hit'====== Args={'profile': 'default', 'state': 'lit', 'advancing': False}
2022-08-21 19:47:07,523 : INFO : EventManager : Event: ======'galaxy_advance_lit_hit'====== Args={'profile': 'default', 'state': 'lit', 'advancing': False}
2022-08-21 19:47:07,523 : INFO : EventManager : Event: ======'player_score'====== Args={'value': 115000, 'prev_value': 85000, 'change': 30000, 'player_num': 1}
2022-08-21 19:47:07,524 : INFO : EventManager : Event: ======'player_switches'====== Args={'value': 3, 'prev_value': 2, 'change': 1, 'player_num': 1}
2022-08-21 19:47:07,525 : INFO : EventManager : Event: ======'player_combos_combo_timer_tick'====== Args={'value': 6, 'prev_value': 5, 'change': 1, 'player_num': 1}
2022-08-21 19:47:07,526 : INFO : EventManager : Event: ======'logicblock_galaxy_counter_updated'====== Args={'value': 3, 'enabled': True}
2022-08-21 19:47:07,526 : INFO : EventManager : Event: ======'counter_galaxy_counter_hit'====== Args={'count': 3, 'hits': 3, 'remaining': 3}
2022-08-21 19:47:07,526 : INFO : EventManager : Event: ======'logicblock_galaxy_counter_hit'====== Args={'count': 3, 'hits': 3, 'remaining': 3}
2022-08-21 19:47:07,582 : INFO : SwitchController : <<<<<<< 's_left_inlane_far' inactive >>>>>>>
2022-08-21 19:47:08,019 : INFO : EventManager : Event: ======'player_combos_combo_timer_tick'====== Args={'value': 5, 'prev_value': 6, 'change': -1, 'player_num': 1}
2022-08-21 19:47:08,020 : INFO : EventManager : Event: ======'timer_combo_timer_tick'====== Args={'ticks': 5, 'ticks_remaining': 5}
2022-08-21 19:47:08,430 : INFO : SwitchController : <<<<<<< 's_left_inlane_far' active >>>>>>>
2022-08-21 19:47:08,430 : INFO : EventManager : Event: ======'s_left_inlane_far_active'====== Args={}
2022-08-21 19:47:08,431 : INFO : EventManager : Event: ======'machine_var_audits_switches_s_left_inlane_far'====== Args={'value': 3974, 'prev_value': 3973, 'change': 1}
2022-08-21 19:47:08,433 : INFO : EventManager : Event: ======'machine_var_audits_shots_galaxy_advance'====== Args={'value': 2125, 'prev_value': 2124, 'change': 1}
2022-08-21 19:47:08,434 : INFO : EventManager : Event: ======'galaxy_advance_hit'====== Args={'profile': 'default', 'state': 'lit', 'advancing': False}
2022-08-21 19:47:08,434 : INFO : EventManager : Event: ======'galaxy_advance_default_hit'====== Args={'profile': 'default', 'state': 'lit', 'advancing': False}
2022-08-21 19:47:08,435 : INFO : EventManager : Event: ======'galaxy_advance_default_lit_hit'====== Args={'profile': 'default', 'state': 'lit', 'advancing': False}
2022-08-21 19:47:08,435 : INFO : EventManager : Event: ======'galaxy_advance_lit_hit'====== Args={'profile': 'default', 'state': 'lit', 'advancing': False}
2022-08-21 19:47:08,435 : INFO : EventManager : Event: ======'player_score'====== Args={'value': 145000, 'prev_value': 115000, 'change': 30000, 'player_num': 1}
2022-08-21 19:47:08,436 : INFO : EventManager : Event: ======'player_switches'====== Args={'value': 4, 'prev_value': 3, 'change': 1, 'player_num': 1}
2022-08-21 19:47:08,437 : INFO : EventManager : Event: ======'player_combos_combo_timer_tick'====== Args={'value': 6, 'prev_value': 5, 'change': 1, 'player_num': 1}
2022-08-21 19:47:08,437 : INFO : EventManager : Event: ======'logicblock_galaxy_counter_updated'====== Args={'value': 4, 'enabled': True}
2022-08-21 19:47:08,437 : INFO : EventManager : Event: ======'counter_galaxy_counter_hit'====== Args={'count': 4, 'hits': 4, 'remaining': 2}
2022-08-21 19:47:08,438 : INFO : EventManager : Event: ======'logicblock_galaxy_counter_hit'====== Args={'count': 4, 'hits': 4, 'remaining': 2}
2022-08-21 19:47:08,510 : INFO : SwitchController : <<<<<<< 's_left_inlane_far' inactive >>>>>>>
2022-08-21 19:47:08,924 : INFO : EventManager : Event: ======'player_combos_combo_timer_tick'====== Args={'value': 5, 'prev_value': 6, 'change': -1, 'player_num': 1}
2022-08-21 19:47:08,925 : INFO : EventManager : Event: ======'timer_combo_timer_tick'====== Args={'ticks': 5, 'ticks_remaining': 5}
2022-08-21 19:47:08,949 : INFO : EventManager : Event: ======'slide_combo_slide_removed'====== Args={'_from_bcp': True}
2022-08-21 19:47:08,949 : INFO : EventManager : Event: ======'slide_score_slide_active'====== Args={'_from_bcp': True}
2022-08-21 19:47:08,974 : INFO : SwitchController : <<<<<<< 's_left_inlane_far' active >>>>>>>
2022-08-21 19:47:08,974 : INFO : EventManager : Event: ======'s_left_inlane_far_active'====== Args={}
2022-08-21 19:47:08,975 : INFO : EventManager : Event: ======'machine_var_audits_switches_s_left_inlane_far'====== Args={'value': 3975, 'prev_value': 3974, 'change': 1}
2022-08-21 19:47:08,977 : INFO : EventManager : Event: ======'machine_var_audits_shots_galaxy_advance'====== Args={'value': 2126, 'prev_value': 2125, 'change': 1}
2022-08-21 19:47:08,978 : INFO : EventManager : Event: ======'galaxy_advance_hit'====== Args={'profile': 'default', 'state': 'lit', 'advancing': False}
2022-08-21 19:47:08,979 : INFO : EventManager : Event: ======'galaxy_advance_default_hit'====== Args={'profile': 'default', 'state': 'lit', 'advancing': False}
2022-08-21 19:47:08,979 : INFO : EventManager : Event: ======'galaxy_advance_default_lit_hit'====== Args={'profile': 'default', 'state': 'lit', 'advancing': False}
2022-08-21 19:47:08,979 : INFO : EventManager : Event: ======'galaxy_advance_lit_hit'====== Args={'profile': 'default', 'state': 'lit', 'advancing': False}
2022-08-21 19:47:08,979 : INFO : EventManager : Event: ======'player_score'====== Args={'value': 175000, 'prev_value': 145000, 'change': 30000, 'player_num': 1}
2022-08-21 19:47:08,980 : INFO : EventManager : Event: ======'player_switches'====== Args={'value': 5, 'prev_value': 4, 'change': 1, 'player_num': 1}
2022-08-21 19:47:08,980 : INFO : EventManager : Event: ======'player_combos_combo_timer_tick'====== Args={'value': 6, 'prev_value': 5, 'change': 1, 'player_num': 1}
2022-08-21 19:47:08,981 : INFO : EventManager : Event: ======'logicblock_galaxy_counter_updated'====== Args={'value': 5, 'enabled': True}
2022-08-21 19:47:08,981 : INFO : EventManager : Event: ======'counter_galaxy_counter_hit'====== Args={'count': 5, 'hits': 5, 'remaining': 1}
2022-08-21 19:47:08,982 : INFO : EventManager : Event: ======'logicblock_galaxy_counter_hit'====== Args={'count': 5, 'hits': 5, 'remaining': 1}
2022-08-21 19:47:09,118 : INFO : SwitchController : <<<<<<< 's_left_inlane_far' inactive >>>>>>>
2022-08-21 19:47:09,470 : INFO : EventManager : Event: ======'player_combos_combo_timer_tick'====== Args={'value': 5, 'prev_value': 6, 'change': -1, 'player_num': 1}
2022-08-21 19:47:09,471 : INFO : EventManager : Event: ======'timer_combo_timer_tick'====== Args={'ticks': 5, 'ticks_remaining': 5}
2022-08-21 19:47:09,486 : INFO : SwitchController : <<<<<<< 's_left_inlane_far' active >>>>>>>
2022-08-21 19:47:09,486 : INFO : EventManager : Event: ======'s_left_inlane_far_active'====== Args={}
2022-08-21 19:47:09,487 : INFO : EventManager : Event: ======'machine_var_audits_switches_s_left_inlane_far'====== Args={'value': 3976, 'prev_value': 3975, 'change': 1}
2022-08-21 19:47:09,489 : INFO : EventManager : Event: ======'machine_var_audits_shots_galaxy_advance'====== Args={'value': 2127, 'prev_value': 2126, 'change': 1}
2022-08-21 19:47:09,490 : INFO : EventManager : Event: ======'galaxy_advance_hit'====== Args={'profile': 'default', 'state': 'lit', 'advancing': False}
2022-08-21 19:47:09,490 : INFO : EventManager : Event: ======'galaxy_advance_default_hit'====== Args={'profile': 'default', 'state': 'lit', 'advancing': False}
2022-08-21 19:47:09,490 : INFO : EventManager : Event: ======'galaxy_advance_default_lit_hit'====== Args={'profile': 'default', 'state': 'lit', 'advancing': False}
2022-08-21 19:47:09,490 : INFO : EventManager : Event: ======'galaxy_advance_lit_hit'====== Args={'profile': 'default', 'state': 'lit', 'advancing': False}
2022-08-21 19:47:09,491 : INFO : EventManager : Event: ======'player_score'====== Args={'value': 205000, 'prev_value': 175000, 'change': 30000, 'player_num': 1}
2022-08-21 19:47:09,491 : INFO : EventManager : Event: ======'player_switches'====== Args={'value': 6, 'prev_value': 5, 'change': 1, 'player_num': 1}
2022-08-21 19:47:09,492 : INFO : EventManager : Event: ======'player_combos_combo_timer_tick'====== Args={'value': 6, 'prev_value': 5, 'change': 1, 'player_num': 1}
2022-08-21 19:47:09,493 : INFO : EventManager : Event: ======'logicblock_galaxy_counter_updated'====== Args={'value': 6, 'enabled': True}
2022-08-21 19:47:09,493 : INFO : EventManager : Event: ======'counter_galaxy_counter_hit'====== Args={'count': 6, 'hits': 6, 'remaining': 0}
2022-08-21 19:47:09,494 : INFO : EventManager : Event: ======'logicblock_galaxy_counter_hit'====== Args={'count': 6, 'hits': 6, 'remaining': 0}
2022-08-21 19:47:09,494 : INFO : EventManager : Event: ======'add_x'====== Args={}
2022-08-21 19:47:09,494 : INFO : EventManager : Event: ======'logicblock_galaxy_counter_updated'====== Args={'value': 0, 'enabled': True}
2022-08-21 19:47:09,494 : INFO : EventManager : Event: ======'mode_playfield_multiplier_will_start'====== Args={}
2022-08-21 19:47:09,496 : INFO : EventManager : Event: ======'mode_playfield_multiplier_starting'====== Args={}
2022-08-21 19:47:09,496 : INFO : EventManager : Event: ======'player_playfield_multiplier'====== Args={'value': 2, 'prev_value': 1, 'change': 1, 'player_num': 1}
2022-08-21 19:47:09,497 : INFO : Mode.playfield_multiplier : Started. Priority: 100000
2022-08-21 19:47:09,498 : INFO : EventManager : Event: ======'modes_active_modes_changed'====== Args={}
2022-08-21 19:47:09,498 : INFO : EventManager : Event: ======'mode_playfield_multiplier_started'====== Args={}
2022-08-21 19:47:09,499 : INFO : Timer.playfield_x_timer : Starting Timer.
2022-08-21 19:47:09,500 : INFO : EventManager : Event: ======'timer_playfield_x_timer_started'====== Args={'ticks': 75, 'ticks_remaining': 75}
2022-08-21 19:47:09,500 : INFO : EventManager : Event: ======'timer_playfield_x_timer_tick'====== Args={'ticks': 75, 'ticks_remaining': 75}
2022-08-21 19:47:09,501 : INFO : EventManager : Event: ======'player_playfield_x_timer_seconds'====== Args={'value': 75, 'prev_value': 0, 'change': 75, 'player_num': 1}
2022-08-21 19:47:09,614 : INFO : SwitchController : <<<<<<< 's_left_inlane_far' inactive >>>>>>>
2022-08-21 19:47:09,985 : INFO : EventManager : Event: ======'player_combos_combo_timer_tick'====== Args={'value': 5, 'prev_value': 6, 'change': -1, 'player_num': 1}
2022-08-21 19:47:09,985 : INFO : EventManager : Event: ======'timer_combo_timer_tick'====== Args={'ticks': 5, 'ticks_remaining': 5}
2022-08-21 19:47:10,484 : INFO : EventManager : Event: ======'player_combos_combo_timer_tick'====== Args={'value': 4, 'prev_value': 5, 'change': -1, 'player_num': 1}
2022-08-21 19:47:10,485 : INFO : EventManager : Event: ======'timer_combo_timer_tick'====== Args={'ticks': 4, 'ticks_remaining': 4}
2022-08-21 19:47:10,671 : INFO : EventManager : Event: ======'player_playfield_multiplier_playfield_x_timer_tick'====== Args={'value': 74, 'prev_value': 0, 'change': 74, 'player_num': 1}
2022-08-21 19:47:10,672 : INFO : EventManager : Event: ======'timer_playfield_x_timer_tick'====== Args={'ticks': 74, 'ticks_remaining': 74}
2022-08-21 19:47:10,672 : INFO : EventManager : Event: ======'player_playfield_x_timer_seconds'====== Args={'value': 74, 'prev_value': 75, 'change': -1, 'player_num': 1}
2022-08-21 19:47:10,983 : INFO : EventManager : Event: ======'player_combos_combo_timer_tick'====== Args={'value': 3, 'prev_value': 4, 'change': -1, 'player_num': 1}
2022-08-21 19:47:10,984 : INFO : EventManager : Event: ======'timer_combo_timer_tick'====== Args={'ticks': 3, 'ticks_remaining': 3}
2022-08-21 19:47:11,482 : INFO : EventManager : Event: ======'player_combos_combo_timer_tick'====== Args={'value': 2, 'prev_value': 3, 'change': -1, 'player_num': 1}
2022-08-21 19:47:11,483 : INFO : EventManager : Event: ======'timer_combo_timer_tick'====== Args={'ticks': 2, 'ticks_remaining': 2}
2022-08-21 19:47:11,630 : INFO : SwitchController : <<<<<<< 's_left_flipper' active >>>>>>>
2022-08-21 19:47:11,630 : INFO : EventManager : Event: ======'s_left_flipper_active'====== Args={}
2022-08-21 19:47:11,631 : INFO : EventManager : Event: ======'machine_var_audits_switches_s_left_flipper'====== Args={'value': 34273, 'prev_value': 34272, 'change': 1}
2022-08-21 19:47:11,841 : INFO : EventManager : Event: ======'ball_save_base_save_hurry_up'====== Args={}
2022-08-21 19:47:11,872 : INFO : EventManager : Event: ======'player_playfield_multiplier_playfield_x_timer_tick'====== Args={'value': 73, 'prev_value': 74, 'change': -1, 'player_num': 1}
2022-08-21 19:47:11,873 : INFO : EventManager : Event: ======'timer_playfield_x_timer_tick'====== Args={'ticks': 73, 'ticks_remaining': 73}
2022-08-21 19:47:11,873 : INFO : EventManager : Event: ======'player_playfield_x_timer_seconds'====== Args={'value': 73, 'prev_value': 74, 'change': -1, 'player_num': 1}
2022-08-21 19:47:11,981 : INFO : EventManager : Event: ======'player_combos_combo_timer_tick'====== Args={'value': 1, 'prev_value': 2, 'change': -1, 'player_num': 1}
2022-08-21 19:47:11,982 : INFO : EventManager : Event: ======'timer_combo_timer_tick'====== Args={'ticks': 1, 'ticks_remaining': 1}
2022-08-21 19:47:12,481 : INFO : EventManager : Event: ======'player_combos_combo_timer_tick'====== Args={'value': 0, 'prev_value': 1, 'change': -1, 'player_num': 1}
2022-08-21 19:47:12,482 : INFO : Timer.combo_timer : Timer Complete
2022-08-21 19:47:12,482 : INFO : Timer.combo_timer : Stopping Timer
2022-08-21 19:47:12,482 : INFO : EventManager : Event: ======'timer_combo_timer_stopped'====== Args={'ticks': 0, 'ticks_remaining': 1}
2022-08-21 19:47:12,482 : INFO : EventManager : Event: ======'timer_combo_timer_complete'====== Args={'ticks': 0, 'ticks_remaining': 1}
2022-08-21 19:47:13,073 : INFO : EventManager : Event: ======'player_playfield_multiplier_playfield_x_timer_tick'====== Args={'value': 72, 'prev_value': 73, 'change': -1, 'player_num': 1}
2022-08-21 19:47:13,074 : INFO : EventManager : Event: ======'timer_playfield_x_timer_tick'====== Args={'ticks': 72, 'ticks_remaining': 72}
2022-08-21 19:47:13,074 : INFO : EventManager : Event: ======'player_playfield_x_timer_seconds'====== Args={'value': 72, 'prev_value': 73, 'change': -1, 'player_num': 1}
2022-08-21 19:47:13,853 : INFO : EventManager : Event: ======'ball_save_base_save_grace_period'====== Args={}
2022-08-21 19:47:14,275 : INFO : EventManager : Event: ======'player_playfield_multiplier_playfield_x_timer_tick'====== Args={'value': 71, 'prev_value': 72, 'change': -1, 'player_num': 1}
2022-08-21 19:47:14,276 : INFO : EventManager : Event: ======'timer_playfield_x_timer_tick'====== Args={'ticks': 71, 'ticks_remaining': 71}
2022-08-21 19:47:14,276 : INFO : EventManager : Event: ======'player_playfield_x_timer_seconds'====== Args={'value': 71, 'prev_value': 72, 'change': -1, 'player_num': 1}
2022-08-21 19:47:14,382 : INFO : SwitchController : <<<<<<< 's_left_flipper' inactive >>>>>>>
2022-08-21 19:47:15,476 : INFO : EventManager : Event: ======'player_playfield_multiplier_playfield_x_timer_tick'====== Args={'value': 70, 'prev_value': 71, 'change': -1, 'player_num': 1}
2022-08-21 19:47:15,477 : INFO : EventManager : Event: ======'timer_playfield_x_timer_tick'====== Args={'ticks': 70, 'ticks_remaining': 70}
2022-08-21 19:47:15,477 : INFO : EventManager : Event: ======'player_playfield_x_timer_seconds'====== Args={'value': 70, 'prev_value': 71, 'change': -1, 'player_num': 1}
2022-08-21 19:47:15,850 : INFO : EventManager : Event: ======'ball_save_base_save_disabled'====== Args={}
2022-08-21 19:47:15,885 : INFO : SwitchController : <<<<<<< 's_drain' active >>>>>>>
2022-08-21 19:47:15,885 : INFO : EventManager : Event: ======'machine_var_audits_switches_s_drain'====== Args={'value': 2723, 'prev_value': 2722, 'change': 1}
2022-08-21 19:47:16,396 : INFO : EventManager : Event: ======'balldevice_bd_drain_ball_count_changed'====== Args={'balls': 1}
2022-08-21 19:47:16,397 : INFO : ball_device.bd_drain : Received unexpected ball
2022-08-21 19:47:16,397 : INFO : EventManager : Event: ======'balldevice_captured_from_playfield'====== Args={'balls': 1}
2022-08-21 19:47:16,397 : INFO : EventManager : Event: ======'sw_playfield_active'====== Args={'balls': 1}
2022-08-21 19:47:16,397 : INFO : EventManager : Event: ======'playfield_ball_count_change'====== Args={'balls': 0, 'change': -1}
2022-08-21 19:47:16,398 : INFO : EventManager : Event: ======'balldevice_bd_drain_ball_enter'====== Args={'new_balls': 1, 'unclaimed_balls': 1, 'new_available_balls': 1, 'device': <ball_device.bd_drain>}
2022-08-21 19:47:16,398 : INFO : EventManager : Event: ======'ball_drain'====== Args={'device': <ball_device.bd_drain>, 'balls': 1}
2022-08-21 19:47:16,399 : INFO : EventManager : Event: ======'ball_will_end'====== Args={}
2022-08-21 19:47:16,399 : INFO : EventManager : Event: ======'balldevice_balls_available'====== Args={}
2022-08-21 19:47:16,399 : INFO : EventManager : Event: ======'balldevice_bd_drain_ball_entered'====== Args={'new_balls': 1, 'device': <ball_device.bd_drain>}
2022-08-21 19:47:16,400 : INFO : EventManager : Event: ======'mode_playfield_multiplier_will_stop'====== Args={}
2022-08-21 19:47:16,400 : INFO : EventManager : Event: ======'mode_playfield_multiplier_stopping'====== Args={}
2022-08-21 19:47:16,401 : INFO : Mode.playfield_multiplier : Stopped.
2022-08-21 19:47:16,401 : INFO : EventManager : Event: ======'modes_active_modes_changed'====== Args={}
2022-08-21 19:47:16,402 : INFO : EventManager : Event: ======'mode_playfield_multiplier_stopped'====== Args={}
2022-08-21 19:47:16,402 : INFO : EventManager : Event: ======'clear'====== Args={'key': 'playfield_multiplier'}
2022-08-21 19:47:16,403 : INFO : Timer.playfield_x_timer : Stopping Timer
2022-08-21 19:47:16,403 : INFO : EventManager : Event: ======'timer_playfield_x_timer_stopped'====== Args={'ticks': 70, 'ticks_remaining': 70}
2022-08-21 19:47:16,403 : INFO : EventManager : Event: ======'ball_ending'====== Args={}
2022-08-21 19:47:16,436 : INFO : EventManager : Event: ======'mode_bonus_will_start'====== Args={'queue': <QueuedEvent>}
2022-08-21 19:47:16,438 : INFO : EventManager : Event: ======'mode_bonus_starting'====== Args={'queue': <QueuedEvent>}
2022-08-21 19:47:16,439 : INFO : Mode.bonus : Started. Priority: 50000
2022-08-21 19:47:16,439 : INFO : EventManager : Event: ======'modes_active_modes_changed'====== Args={}
2022-08-21 19:47:16,439 : INFO : EventManager : Event: ======'mode_bonus_started'====== Args={'queue': <QueuedEvent>}
2022-08-21 19:47:16,441 : INFO : EventManager : Event: ======'player_combos_25k'====== Args={'value': 25000, 'prev_value': 0, 'change': 25000, 'player_num': 1}
2022-08-21 19:47:16,442 : INFO : EventManager : Event: ======'player_switches_100'====== Args={'value': 600, 'prev_value': 0, 'change': 600, 'player_num': 1}
2022-08-21 19:47:16,442 : INFO : EventManager : Event: ======'player_modes_started_100k'====== Args={'value': 0, 'prev_value': 0, 'change': 0, 'player_num': 1}
2022-08-21 19:47:16,442 : INFO : EventManager : Event: ======'player_crystals_1mil'====== Args={'value': 0, 'prev_value': 0, 'change': 0, 'player_num': 1}
2022-08-21 19:47:16,443 : INFO : EventManager : Event: ======'bonus_start'====== Args={}
2022-08-21 19:47:16,464 : INFO : EventManager : Event: ======'slide_bonus_start_slide_created'====== Args={'_from_bcp': True}
2022-08-21 19:47:16,464 : INFO : EventManager : Event: ======'slide_bonus_start_slide_active'====== Args={'_from_bcp': True}
2022-08-21 19:47:17,192 : INFO : EventManager : Event: ======'bonus_combos'====== Args={'score': 25000, 'bonus_score': 25000, 'hits': 1}
2022-08-21 19:47:17,219 : INFO : EventManager : Event: ======'slide_bonus_combo_slide_created'====== Args={'_from_bcp': True}
2022-08-21 19:47:17,227 : INFO : EventManager : Event: ======'slide_bonus_combo_slide_active'====== Args={'_from_bcp': True}
2022-08-21 19:47:17,944 : INFO : EventManager : Event: ======'bonus_switches'====== Args={'score': 600, 'bonus_score': 25600, 'hits': 1}
2022-08-21 19:47:17,944 : INFO : Machine : Shutting down...
2022-08-21 19:47:17,944 : INFO : EventManager : Event: ======'shutdown'====== Args={}
2022-08-21 19:47:17,975 : WARNING : FAST : Port NET received more messages than were sent! Resetting!
2022-08-21 19:47:17,975 : WARNING : FAST : Port RGB received more messages than were sent! Resetting!
2022-08-21 19:47:17,975 : WARNING : FAST : Received unknown serial command? BX:P from RGB.
2022-08-21 19:47:18,037 : ERROR : FAST : Stop called on serial connection com7
2022-08-21 19:47:18,037 : ERROR : FAST : Stop called on serial connection com8
2022-08-21 19:47:18,256 : INFO : root : MPF run loop ended.
