2022-09-02 15:09:28,659 : kivy : Factory: 186 symbols loaded
2022-09-02 15:09:28,827 : kivy : ImageLoaderFFPy: Using ffpyplayer 4.3.2
2022-09-02 15:09:28,827 : kivy : Image: Providers: img_tex, img_dds, img_sdl2, img_pil, img_ffpyplayer 
2022-09-02 15:09:28,859 : kivy : VideoGstplayer: Using Gstreamer 1.18.0.0
2022-09-02 15:09:28,860 : kivy : Video: Provider: gstplayer
2022-09-02 15:09:29,026 : kivy : Loading MPF-MC controller
2022-09-02 15:09:29,569 : ConfigProcessor : Config spec file cache created: C:\Users\Brendan\AppData\Local\Temp\config_spec.mpf_cache
2022-09-02 15:09:29,570 : YamlMultifileConfigLoader : Machine config file #1: config
2022-09-02 15:09:29,570 : ConfigProcessor : Config file in cache changed: C:\Baby_pacman_code\machine\config\config
2022-09-02 15:09:29,570 : ConfigProcessor : Loading config from file c:\users\brendan\appdata\local\programs\python\python37\lib\site-packages\mpfmc\mcconfig.yaml.
2022-09-02 15:09:29,622 : ConfigProcessor : Loading config: c:\users\brendan\appdata\local\programs\python\python37\lib\site-packages\mpfmc\mcconfig.yaml
2022-09-02 15:09:29,623 : ConfigProcessor : Loading config from file C:\Baby_pacman_code\machine\config\config.
2022-09-02 15:09:29,752 : ConfigProcessor : Loading config: C:\Baby_pacman_code\machine\config\config
2022-09-02 15:09:29,755 : ConfigProcessor : Config file cache created: C:\Users\Brendan\AppData\Local\Temp\e68bda1e95a8aa0185725ca2569cabab.mpf_cache
2022-09-02 15:09:29,755 : ConfigProcessor : Loading config from cache: C:\Users\Brendan\AppData\Local\Temp\467e7647689d29fad6adf949e1f4d51d.mpf_cache
2022-09-02 15:09:29,756 : ConfigProcessor : Loading config from cache: C:\Users\Brendan\AppData\Local\Temp\5550e037aa776b42b91b29b40b356c70.mpf_cache
2022-09-02 15:09:29,756 : ConfigProcessor : Loading config from cache: C:\Users\Brendan\AppData\Local\Temp\15e0c601392b30c3d9ba3ead8131edb5.mpf_cache
2022-09-02 15:09:29,757 : ConfigProcessor : Loading config from cache: C:\Users\Brendan\AppData\Local\Temp\0bf50917c4ef15ab65ee13d6c14e7d7c.mpf_cache
2022-09-02 15:09:29,758 : ConfigProcessor : Loading config from cache: C:\Users\Brendan\AppData\Local\Temp\bc7da7b13b2754e080c2afa0678ac274.mpf_cache
2022-09-02 15:09:29,758 : ConfigProcessor : Loading config from cache: C:\Users\Brendan\AppData\Local\Temp\bbd59d0bb6602ee0c5a89d6f85e6dd42.mpf_cache
2022-09-02 15:09:29,759 : ConfigProcessor : Loading config from cache: C:\Users\Brendan\AppData\Local\Temp\5526c78976fee311c3d05505d75f653d.mpf_cache
2022-09-02 15:09:29,759 : ConfigProcessor : Loading config from cache: C:\Users\Brendan\AppData\Local\Temp\6e95138ae5415fc76b53ebf8fa245fb5.mpf_cache
2022-09-02 15:09:29,760 : ConfigProcessor : Loading config from cache: C:\Users\Brendan\AppData\Local\Temp\1ec1c4dffb383758956493783a9ed391.mpf_cache
2022-09-02 15:09:29,761 : ConfigProcessor : Loading config from cache: C:\Users\Brendan\AppData\Local\Temp\f2aee92728c8017b77c710c804dd7f5a.mpf_cache
2022-09-02 15:09:29,761 : ConfigProcessor : Loading config from cache: C:\Users\Brendan\AppData\Local\Temp\88f57fa1305e9dc100972ec9f84d57fe.mpf_cache
2022-09-02 15:09:29,762 : ConfigProcessor : Loading config from cache: C:\Users\Brendan\AppData\Local\Temp\6e00a9d794d4c3f43a0fc48da04dac60.mpf_cache
2022-09-02 15:09:29,763 : ConfigProcessor : Loading config from cache: C:\Users\Brendan\AppData\Local\Temp\05ef98219fc733c3bcab58726c4b37ef.mpf_cache
2022-09-02 15:09:29,764 : ConfigProcessor : Loading config from cache: C:\Users\Brendan\AppData\Local\Temp\c22d657a5a7bb60632c2be2c735e073b.mpf_cache
2022-09-02 15:09:29,764 : ConfigProcessor : Loading config from cache: C:\Users\Brendan\AppData\Local\Temp\f7d4f5eb9425fe84d2e83a363afd4bdf.mpf_cache
2022-09-02 15:09:29,765 : ConfigProcessor : Loading config from cache: C:\Users\Brendan\AppData\Local\Temp\125f51d329f930ea7bff10973551cc26.mpf_cache
2022-09-02 15:09:29,766 : ConfigProcessor : Loading config from cache: C:\Users\Brendan\AppData\Local\Temp\08e18dfdf4e02cd29cc0cc52be2faaf4.mpf_cache
2022-09-02 15:09:29,766 : ConfigProcessor : Loading config from cache: C:\Users\Brendan\AppData\Local\Temp\f042f5bf6362b9e04d43b40b93a92057.mpf_cache
2022-09-02 15:09:29,767 : ConfigProcessor : Loading config from cache: C:\Users\Brendan\AppData\Local\Temp\60badac06cd62deb71f25fac24b103c2.mpf_cache
2022-09-02 15:09:29,767 : ConfigProcessor : Loading config from cache: C:\Users\Brendan\AppData\Local\Temp\a3ad1aeb679a0686901de8a6ffe784f0.mpf_cache
2022-09-02 15:09:29,768 : ConfigProcessor : Loading config from cache: C:\Users\Brendan\AppData\Local\Temp\d7856287e4ec48fb5adaa65e5f7b2848.mpf_cache
2022-09-02 15:09:29,769 : mpfmc : Mission Pinball Framework Media Controller v0.55.0
2022-09-02 15:09:29,769 : mpfmc : Mission Pinball Framework Game Engine v0.55.0
2022-09-02 15:09:29,769 : mpfmc : Machine path: C:\Baby_pacman_code\machine
2022-09-02 15:09:29,769 : mpfmc : Starting clock at 60.0Hz
2022-09-02 15:09:29,780 : kivy : Text: Provider: sdl2
2022-09-02 15:09:29,816 : kivy : Window: Provider: sdl2
2022-09-02 15:09:29,894 : kivy : GL: Using the "OpenGL" graphics system
2022-09-02 15:09:29,895 : kivy : GL: GLEW initialization succeeded
2022-09-02 15:09:29,895 : kivy : GL: Backend used <glew>
2022-09-02 15:09:29,895 : kivy : GL: OpenGL version <b'3.1.0 - Build 9.17.10.3517'>
2022-09-02 15:09:29,895 : kivy : GL: OpenGL vendor <b'Intel'>
2022-09-02 15:09:29,895 : kivy : GL: OpenGL renderer <b'Intel(R) HD Graphics 2000'>
2022-09-02 15:09:29,895 : kivy : GL: OpenGL parsed version: 3, 1
2022-09-02 15:09:29,896 : kivy : GL: Shading version <b'1.40 - Intel Build 9.17.10.3517'>
2022-09-02 15:09:29,896 : kivy : GL: Texture max size <8192>
2022-09-02 15:09:29,896 : kivy : GL: Texture max units <16>
2022-09-02 15:09:29,963 : kivy : Window: auto add sdl2 input provider
2022-09-02 15:09:29,963 : kivy : Window: virtual keyboard not allowed, single mode, not docked
2022-09-02 15:09:30,115 : AudioInterface : Initialized
2022-09-02 15:09:30,116 : AudioInterface : Loaded SDL 2.0.12
2022-09-02 15:09:30,116 : AudioInterface : Loaded SDL_Mixer 2.0.4
2022-09-02 15:09:30,116 : AudioInterface : Loaded GStreamer 1.18.0.0
2022-09-02 15:09:30,116 : AudioInterface : Loaded GLib 2.62.6
2022-09-02 15:09:30,116 : AudioInterface : Settings requested - rate: 44100, channels: 1, buffer: 2048 samples
2022-09-02 15:09:30,116 : AudioInterface : Settings in use - rate: 44100, channels: 1, buffer: 2048 samples (4096 bytes @ 2 bytes per sample)
2022-09-02 15:09:30,116 : SoundSystem : Setting master volume to 0.0
2022-09-02 15:09:30,116 : SoundSystem : master_volume in sound_system is deprecated and will be removed in the future.
2022-09-02 15:09:30,117 : AudioInterface : Enabling audio playback
2022-09-02 15:09:30,119 : kivy : Base: Start application main loop
2022-09-02 15:09:30,120 : EventManager : Event: ======'display_window1_initialized'====== Args={}
2022-09-02 15:09:30,133 : mpfmc : Display: Setting 'window1' as default display
2022-09-02 15:09:30,140 : mpfmc : ASPECT RATIO MISMATCH: The on-screen window is not the same aspect ratio as the display called 'window1'. The logical display will be scaled from 1366x768 to the window size 1920x1058, and a black bar will make up the difference
2022-09-02 15:09:30,141 : EventManager : Event: ======'displays_initialized'====== Args={}
2022-09-02 15:09:30,143 : EventManager : Event: ======'slide_window1_blank_created'====== Args={}
2022-09-02 15:09:30,143 : EventManager : Event: ======'display_window1_ready'====== Args={}
2022-09-02 15:09:30,153 : EventManager : Event: ======'init_phase_1'====== Args={}
2022-09-02 15:09:30,158 : EventManager : Event: ======'mc_ready'====== Args={}
2022-09-02 15:09:30,158 : EventManager : Event: ======'init_phase_2'====== Args={}
2022-09-02 15:09:30,193 : EventManager : Event: ======'init_phase_3'====== Args={}
2022-09-02 15:09:30,200 : EventManager : Event: ======'init_phase_4'====== Args={}
2022-09-02 15:09:30,200 : EventManager : Event: ======'init_phase_5'====== Args={}
2022-09-02 15:09:30,251 : kivy : GL: NPOT texture support is available
2022-09-02 15:09:30,270 : kivy : GL: Unpack subimage support is available
2022-09-02 15:09:30,302 : EventManager : Event: ======'loading_assets'====== Args={'total': 27, 'loaded': 1, 'remaining': 26, 'percent': 4}
2022-09-02 15:09:30,303 : AssetManager : Loading assets: 1/27 (4%)
2022-09-02 15:09:31,509 : EventManager : Event: ======'loading_assets'====== Args={'total': 27, 'loaded': 2, 'remaining': 25, 'percent': 7}
2022-09-02 15:09:31,509 : AssetManager : Loading assets: 2/27 (7%)
2022-09-02 15:09:33,271 : EventManager : Event: ======'loading_assets'====== Args={'total': 27, 'loaded': 14, 'remaining': 13, 'percent': 52}
2022-09-02 15:09:33,272 : AssetManager : Loading assets: 14/27 (52%)
2022-09-02 15:09:33,902 : EventManager : Event: ======'loading_assets'====== Args={'total': 27, 'loaded': 27, 'remaining': 0, 'percent': 100}
2022-09-02 15:09:33,903 : AssetManager : Asset loading took: 3.7862167358398438
2022-09-02 15:09:33,903 : EventManager : Event: ======'asset_loading_complete'====== Args={}
2022-09-02 15:09:33,903 : AssetManager : Loading assets: 27/27 (100%)
2022-09-02 15:09:33,903 : EventManager : Event: ======'init_done'====== Args={}
2022-09-02 15:09:33,903 : MPF-MC BCP Server : Starting up on localhost port 5050
2022-09-02 15:09:33,906 : MPF-MC BCP Server : Waiting for a connection...
2022-09-02 15:09:33,919 : EventManager : Event: ======'client_disconnected'====== Args={'host': '127.0.0.1', 'port': 5050}
2022-09-02 15:09:33,965 : MPF-MC BCP Server : Received connection from: 127.0.0.1:49374
2022-09-02 15:09:33,970 : EventManager : Event: ======'client_connected'====== Args={'host': '127.0.0.1', 'port': 49374}
2022-09-02 15:09:33,982 : EventManager : Event: ======'machine_var_fast_net_firmware'====== Args={'value': '01.05', 'prev_value': None, 'change': True}
2022-09-02 15:09:33,982 : EventManager : Event: ======'machine_var_fast_net_model'====== Args={'value': 'FP-CPU-002-2', 'prev_value': None, 'change': True}
2022-09-02 15:09:33,982 : EventManager : Event: ======'machine_var_fast_rgb_firmware'====== Args={'value': '01.00', 'prev_value': None, 'change': True}
2022-09-02 15:09:33,982 : EventManager : Event: ======'machine_var_fast_rgb_model'====== Args={'value': 'FP-CPU-002-2', 'prev_value': None, 'change': True}
2022-09-02 15:09:33,982 : EventManager : Event: ======'machine_var_credits_string'====== Args={'value': 'FREE PLAY', 'prev_value': None, 'change': True}
2022-09-02 15:09:33,982 : EventManager : Event: ======'machine_var_master_volume'====== Args={'value': 0.5, 'prev_value': None, 'change': True}
2022-09-02 15:09:33,983 : EventManager : Event: ======'machine_var_player1_score'====== Args={'value': 210762830, 'prev_value': None, 'change': True}
2022-09-02 15:09:33,983 : EventManager : Event: ======'machine_var_mpf_version'====== Args={'value': 'MPF v0.55.0', 'prev_value': None, 'change': True}
2022-09-02 15:09:33,983 : EventManager : Event: ======'machine_var_mpf_extended_version'====== Args={'value': 'MPF v0.55.0, Config version:5, Show version: 5, BCP version:1.1', 'prev_value': None, 'change': True}
2022-09-02 15:09:33,983 : EventManager : Event: ======'machine_var_python_version'====== Args={'value': '3.7.8', 'prev_value': None, 'change': True}
2022-09-02 15:09:33,983 : EventManager : Event: ======'machine_var_platform'====== Args={'value': 'Windows-7-6.1.7601-SP1', 'prev_value': None, 'change': True}
2022-09-02 15:09:33,983 : EventManager : Event: ======'machine_var_platform_system'====== Args={'value': 'Windows', 'prev_value': None, 'change': True}
2022-09-02 15:09:33,983 : EventManager : Event: ======'machine_var_platform_release'====== Args={'value': '7', 'prev_value': None, 'change': True}
2022-09-02 15:09:33,983 : EventManager : Event: ======'machine_var_platform_version'====== Args={'value': '6.1.7601', 'prev_value': None, 'change': True}
2022-09-02 15:09:33,983 : EventManager : Event: ======'machine_var_platform_machine'====== Args={'value': 'AMD64', 'prev_value': None, 'change': True}
2022-09-02 15:09:33,983 : EventManager : Event: ======'machine_var_mc_version'====== Args={'value': 'MPF-MC v0.55.0', 'prev_value': None, 'change': True}
2022-09-02 15:09:33,984 : EventManager : Event: ======'machine_var_mc_extended_version'====== Args={'value': 'MPF-MC v0.55.0 (config_version=5, BCP v1.1, Requires MPF v0.55.0-dev.49)', 'prev_value': None, 'change': True}
2022-09-02 15:09:33,984 : SoundSystem : Setting master volume to 0.5
2022-09-02 15:09:34,499 : EventManager : Event: ======'machine_var_audits_events_game_ended'====== Args={'value': 0, 'prev_value': None, 'change': True}
2022-09-02 15:09:34,499 : EventManager : Event: ======'machine_var_audits_events_game_started'====== Args={'value': 0, 'prev_value': None, 'change': True}
2022-09-02 15:09:34,499 : EventManager : Event: ======'machine_var_audits_player_score'====== Args={'value': {'average': 14629973.862520454, 'top': [720234070, 507595620, 502234510, 210762830, 203435200, 198719690, 196999500, 195274570, 171491840, 161094530], 'total': 611}, 'prev_value': None, 'change': True}
2022-09-02 15:09:34,499 : EventManager : Event: ======'machine_var_audits_shots_center_drop_mission1'====== Args={'value': 600, 'prev_value': None, 'change': True}
2022-09-02 15:09:34,499 : EventManager : Event: ======'machine_var_audits_shots_center_target'====== Args={'value': 319, 'prev_value': None, 'change': True}
2022-09-02 15:09:34,499 : EventManager : Event: ======'machine_var_audits_shots_drop_target1_mission2'====== Args={'value': 242, 'prev_value': None, 'change': True}
2022-09-02 15:09:34,499 : EventManager : Event: ======'machine_var_audits_shots_drop_target2_mission2'====== Args={'value': 283, 'prev_value': None, 'change': True}
2022-09-02 15:09:34,500 : EventManager : Event: ======'machine_var_audits_shots_drop_target3_mission2'====== Args={'value': 330, 'prev_value': None, 'change': True}
2022-09-02 15:09:34,500 : EventManager : Event: ======'machine_var_audits_shots_drop_target4_mission2'====== Args={'value': 293, 'prev_value': None, 'change': True}
2022-09-02 15:09:34,500 : EventManager : Event: ======'machine_var_audits_shots_drop_target5_mission2'====== Args={'value': 251, 'prev_value': None, 'change': True}
2022-09-02 15:09:34,500 : EventManager : Event: ======'machine_var_audits_shots_drop_targets_mission3'====== Args={'value': 1598, 'prev_value': None, 'change': True}
2022-09-02 15:09:34,500 : EventManager : Event: ======'machine_var_audits_shots_galaxy_advance'====== Args={'value': 2902, 'prev_value': None, 'change': True}
2022-09-02 15:09:34,500 : EventManager : Event: ======'machine_var_audits_shots_l_lane'====== Args={'value': 671, 'prev_value': None, 'change': True}
2022-09-02 15:09:34,500 : EventManager : Event: ======'machine_var_audits_shots_left_kicker_mission2'====== Args={'value': 170, 'prev_value': None, 'change': True}
2022-09-02 15:09:34,500 : EventManager : Event: ======'machine_var_audits_shots_left_kicker_mission4'====== Args={'value': 124, 'prev_value': None, 'change': True}
2022-09-02 15:09:34,500 : EventManager : Event: ======'machine_var_audits_shots_left_loop_mission1'====== Args={'value': 682, 'prev_value': None, 'change': True}
2022-09-02 15:09:34,501 : EventManager : Event: ======'machine_var_audits_shots_left_loop_mission2'====== Args={'value': 282, 'prev_value': None, 'change': True}
2022-09-02 15:09:34,501 : EventManager : Event: ======'machine_var_audits_shots_left_loop_mission4'====== Args={'value': 397, 'prev_value': None, 'change': True}
2022-09-02 15:09:34,501 : EventManager : Event: ======'machine_var_audits_shots_portal_advance'====== Args={'value': 5007, 'prev_value': None, 'change': True}
2022-09-02 15:09:34,501 : EventManager : Event: ======'machine_var_audits_shots_r_lane'====== Args={'value': 584, 'prev_value': None, 'change': True}
2022-09-02 15:09:34,501 : EventManager : Event: ======'machine_var_audits_shots_right_kicker_mission2'====== Args={'value': 142, 'prev_value': None, 'change': True}
2022-09-02 15:09:34,511 : EventManager : Event: ======'machine_var_audits_shots_right_kicker_mission4'====== Args={'value': 141, 'prev_value': None, 'change': True}
2022-09-02 15:09:34,511 : EventManager : Event: ======'machine_var_audits_shots_right_loop_mission1'====== Args={'value': 775, 'prev_value': None, 'change': True}
2022-09-02 15:09:34,511 : EventManager : Event: ======'machine_var_audits_shots_right_loop_mission2'====== Args={'value': 329, 'prev_value': None, 'change': True}
2022-09-02 15:09:34,511 : EventManager : Event: ======'machine_var_audits_shots_right_loop_mission4'====== Args={'value': 455, 'prev_value': None, 'change': True}
2022-09-02 15:09:34,511 : EventManager : Event: ======'machine_var_audits_shots_warp_advance'====== Args={'value': 1146, 'prev_value': None, 'change': True}
2022-09-02 15:09:34,511 : EventManager : Event: ======'machine_var_audits_switches_s_action_button'====== Args={'value': 4258, 'prev_value': None, 'change': True}
2022-09-02 15:09:34,511 : EventManager : Event: ======'machine_var_audits_switches_s_drain'====== Args={'value': 2905, 'prev_value': None, 'change': True}
2022-09-02 15:09:34,511 : EventManager : Event: ======'machine_var_audits_switches_s_drop_target1'====== Args={'value': 2016, 'prev_value': None, 'change': True}
2022-09-02 15:09:34,511 : EventManager : Event: ======'machine_var_audits_switches_s_drop_target2'====== Args={'value': 2331, 'prev_value': None, 'change': True}
2022-09-02 15:09:34,512 : EventManager : Event: ======'machine_var_audits_switches_s_drop_target3'====== Args={'value': 2764, 'prev_value': None, 'change': True}
2022-09-02 15:09:34,512 : EventManager : Event: ======'machine_var_audits_switches_s_drop_target4'====== Args={'value': 2208, 'prev_value': None, 'change': True}
2022-09-02 15:09:34,512 : EventManager : Event: ======'machine_var_audits_switches_s_drop_target5'====== Args={'value': 2094, 'prev_value': None, 'change': True}
2022-09-02 15:09:34,512 : EventManager : Event: ======'machine_var_audits_switches_s_left_captive_ball'====== Args={'value': 508, 'prev_value': None, 'change': True}
2022-09-02 15:09:34,512 : EventManager : Event: ======'machine_var_audits_switches_s_left_flipper'====== Args={'value': 37574, 'prev_value': None, 'change': True}
2022-09-02 15:09:34,512 : EventManager : Event: ======'machine_var_audits_switches_s_left_inlane'====== Args={'value': 671, 'prev_value': None, 'change': True}
2022-09-02 15:09:34,512 : EventManager : Event: ======'machine_var_audits_switches_s_left_inlane_far'====== Args={'value': 4898, 'prev_value': None, 'change': True}
2022-09-02 15:09:34,512 : EventManager : Event: ======'machine_var_audits_switches_s_left_kicker'====== Args={'value': 1649, 'prev_value': None, 'change': True}
2022-09-02 15:09:34,512 : EventManager : Event: ======'machine_var_audits_switches_s_left_sling'====== Args={'value': 7397, 'prev_value': None, 'change': True}
2022-09-02 15:09:34,513 : EventManager : Event: ======'machine_var_audits_switches_s_left_spinner'====== Args={'value': 23309, 'prev_value': None, 'change': True}
2022-09-02 15:09:34,513 : EventManager : Event: ======'machine_var_audits_switches_s_right_captive_ball'====== Args={'value': 534, 'prev_value': None, 'change': True}
2022-09-02 15:09:34,513 : EventManager : Event: ======'machine_var_audits_switches_s_right_flipper'====== Args={'value': 34411, 'prev_value': None, 'change': True}
2022-09-02 15:09:34,513 : EventManager : Event: ======'machine_var_audits_switches_s_right_inlane'====== Args={'value': 584, 'prev_value': None, 'change': True}
2022-09-02 15:09:34,513 : EventManager : Event: ======'machine_var_audits_switches_s_right_inlane_far'====== Args={'value': 6768, 'prev_value': None, 'change': True}
2022-09-02 15:09:34,513 : EventManager : Event: ======'machine_var_audits_switches_s_right_kicker'====== Args={'value': 1809, 'prev_value': None, 'change': True}
2022-09-02 15:09:34,513 : EventManager : Event: ======'machine_var_audits_switches_s_right_sling'====== Args={'value': 14419, 'prev_value': None, 'change': True}
2022-09-02 15:09:34,513 : EventManager : Event: ======'machine_var_audits_switches_s_right_spinner'====== Args={'value': 17836, 'prev_value': None, 'change': True}
2022-09-02 15:09:34,513 : EventManager : Event: ======'machine_var_audits_switches_s_start'====== Args={'value': 412, 'prev_value': None, 'change': True}
2022-09-02 15:09:34,523 : EventManager : Event: ======'mc_reset_phase_1'====== Args={}
2022-09-02 15:09:34,523 : EventManager : Event: ======'mc_reset_phase_2'====== Args={}
2022-09-02 15:09:34,523 : EventManager : Event: ======'mc_reset_phase_3'====== Args={}
2022-09-02 15:09:34,523 : EventManager : Event: ======'mc_reset_complete'====== Args={}
2022-09-02 15:09:34,535 : EventManager : Event: ======'slides_play'====== Args={'settings': {'widgets': {'widgets': [{'type': 'text', 'text': 'GAME OVER', 'font_size': 50, 'font_name': 'space_font', '_default_settings': ['type', 'text', 'font_size', 'font_name'], 'x': None, 'y': None, 'anchor_x': 'center', 'anchor_y': 'center', 'round_anchor_x': None, 'round_anchor_y': None, 'opacity': 1.0, 'z': 0, 'reset_animations_events': {}, 'color': [1.0, 1.0, 1.0, 1.0], 'style': [], 'adjust_top': 0, 'adjust_bottom': 0, 'adjust_left': 0, 'adjust_right': 0, 'expire': None, 'key': None, 'widget': None, 'events_when_added': [], 'events_when_removed': [], 'bitmap_font': False, 'font_kerning': True, 'bold': False, 'italic': False, 'number_grouping': False, 'min_digits': 0, 'halign': 'center', 'valign': 'middle', 'rotation': 0, 'scale': 1.0, 'casing': None, 'animations': None}, {'type': 'image', 'image': 'attract_background', '_default_settings': ['type', 'image'], 'x': None, 'y': None, 'anchor_x': 'center', 'anchor_y': 'center', 'round_anchor_x': None, 'round_anchor_y': None, 'opacity': 1.0, 'z': 0, 'reset_animations_events': {}, 'color': [1.0, 1.0, 1.0, 1.0], 'style': [], 'adjust_top': 0, 'adjust_bottom': 0, 'adjust_left': 0, 'adjust_right': 0, 'expire': None, 'key': None, 'widget': None, 'events_when_added': [], 'events_when_removed': [], 'fps': 10, 'loops': -1, 'auto_play': True, 'start_frame': 0, 'rotation': 0, 'scale': 1.0, 'animations': None}], 'target': None, 'background_color': [0.0, 0.0, 0.0, 1.0], 'priority': None, 'show': True, 'force': False, 'expire': None, 'slide': None, 'tokens': {}, 'action': 'play'}}, 'context': 'show_13', 'calling_context': 0, 'priority': 10, 'show_tokens': {}, 'start_time': 8855.739}
2022-09-02 15:09:34,535 : mpfmc : SlidePlayer: Play called with settings={'widgets': {'widgets': [{'type': 'text', 'text': 'GAME OVER', 'font_size': 50, 'font_name': 'space_font', '_default_settings': ['type', 'text', 'font_size', 'font_name'], 'x': None, 'y': None, 'anchor_x': 'center', 'anchor_y': 'center', 'round_anchor_x': None, 'round_anchor_y': None, 'opacity': 1.0, 'z': 0, 'reset_animations_events': {}, 'color': [1.0, 1.0, 1.0, 1.0], 'style': [], 'adjust_top': 0, 'adjust_bottom': 0, 'adjust_left': 0, 'adjust_right': 0, 'expire': None, 'key': None, 'widget': None, 'events_when_added': [], 'events_when_removed': [], 'bitmap_font': False, 'font_kerning': True, 'bold': False, 'italic': False, 'number_grouping': False, 'min_digits': 0, 'halign': 'center', 'valign': 'middle', 'rotation': 0, 'scale': 1.0, 'casing': None, 'animations': None}, {'type': 'image', 'image': 'attract_background', '_default_settings': ['type', 'image'], 'x': None, 'y': None, 'anchor_x': 'center', 'anchor_y': 'center', 'round_anchor_x': None, 'round_anchor_y': None, 'opacity': 1.0, 'z': 0, 'reset_animations_events': {}, 'color': [1.0, 1.0, 1.0, 1.0], 'style': [], 'adjust_top': 0, 'adjust_bottom': 0, 'adjust_left': 0, 'adjust_right': 0, 'expire': None, 'key': None, 'widget': None, 'events_when_added': [], 'events_when_removed': [], 'fps': 10, 'loops': -1, 'auto_play': True, 'start_frame': 0, 'rotation': 0, 'scale': 1.0, 'animations': None}], 'target': None, 'background_color': [0.0, 0.0, 0.0, 1.0], 'priority': None, 'show': True, 'force': False, 'expire': None, 'slide': None, 'tokens': {}, 'action': 'play'}}
2022-09-02 15:09:34,542 : EventManager : Event: ======'slide_show_13.slide_player-0_created'====== Args={}
2022-09-02 15:09:34,544 : EventManager : Event: ======'slide_show_13.slide_player-0_active'====== Args={}
2022-09-02 15:09:37,531 : EventManager : Event: ======'slides_play'====== Args={'settings': {'last_game_score_slide': {'widgets': [{'type': 'text', 'text': 'LAST GAME', 'font_size': 50, 'y': '60%', 'font_name': 'space_font', '_default_settings': ['type', 'text', 'font_size', 'y', 'font_name'], 'x': None, 'anchor_x': 'center', 'anchor_y': 'center', 'round_anchor_x': None, 'round_anchor_y': None, 'opacity': 1.0, 'z': 0, 'reset_animations_events': {}, 'color': [1.0, 1.0, 1.0, 1.0], 'style': [], 'adjust_top': 0, 'adjust_bottom': 0, 'adjust_left': 0, 'adjust_right': 0, 'expire': None, 'key': None, 'widget': None, 'events_when_added': [], 'events_when_removed': [], 'bitmap_font': False, 'font_kerning': True, 'bold': False, 'italic': False, 'number_grouping': False, 'min_digits': 0, 'halign': 'center', 'valign': 'middle', 'rotation': 0, 'scale': 1.0, 'casing': None, 'animations': None}, {'type': 'text', 'text': '(machine|player1_score)', 'number_grouping': True, 'min_digits': 2, 'font_size': 50, 'y': '40%', 'font_name': 'score_font', '_default_settings': ['type', 'text', 'number_grouping', 'min_digits', 'font_size', 'y', 'font_name'], 'x': None, 'anchor_x': 'center', 'anchor_y': 'center', 'round_anchor_x': None, 'round_anchor_y': None, 'opacity': 1.0, 'z': 0, 'reset_animations_events': {}, 'color': [1.0, 1.0, 1.0, 1.0], 'style': [], 'adjust_top': 0, 'adjust_bottom': 0, 'adjust_left': 0, 'adjust_right': 0, 'expire': None, 'key': None, 'widget': None, 'events_when_added': [], 'events_when_removed': [], 'bitmap_font': False, 'font_kerning': True, 'bold': False, 'italic': False, 'halign': 'center', 'valign': 'middle', 'rotation': 0, 'scale': 1.0, 'casing': None, 'animations': None}, {'type': 'image', 'image': 'attract_background', '_default_settings': ['type', 'image'], 'x': None, 'y': None, 'anchor_x': 'center', 'anchor_y': 'center', 'round_anchor_x': None, 'round_anchor_y': None, 'opacity': 1.0, 'z': 0, 'reset_animations_events': {}, 'color': [1.0, 1.0, 1.0, 1.0], 'style': [], 'adjust_top': 0, 'adjust_bottom': 0, 'adjust_left': 0, 'adjust_right': 0, 'expire': None, 'key': None, 'widget': None, 'events_when_added': [], 'events_when_removed': [], 'fps': 10, 'loops': -1, 'auto_play': True, 'start_frame': 0, 'rotation': 0, 'scale': 1.0, 'animations': None}], 'target': None, 'background_color': [0.0, 0.0, 0.0, 1.0], 'priority': None, 'show': True, 'force': False, 'expire': None, 'slide': None, 'tokens': {}, 'action': 'play'}}, 'context': 'show_13', 'calling_context': 1, 'priority': 10, 'show_tokens': {}, 'start_time': 8858.739}
2022-09-02 15:09:37,531 : mpfmc : SlidePlayer: Play called with settings={'last_game_score_slide': {'widgets': [{'type': 'text', 'text': 'LAST GAME', 'font_size': 50, 'y': '60%', 'font_name': 'space_font', '_default_settings': ['type', 'text', 'font_size', 'y', 'font_name'], 'x': None, 'anchor_x': 'center', 'anchor_y': 'center', 'round_anchor_x': None, 'round_anchor_y': None, 'opacity': 1.0, 'z': 0, 'reset_animations_events': {}, 'color': [1.0, 1.0, 1.0, 1.0], 'style': [], 'adjust_top': 0, 'adjust_bottom': 0, 'adjust_left': 0, 'adjust_right': 0, 'expire': None, 'key': None, 'widget': None, 'events_when_added': [], 'events_when_removed': [], 'bitmap_font': False, 'font_kerning': True, 'bold': False, 'italic': False, 'number_grouping': False, 'min_digits': 0, 'halign': 'center', 'valign': 'middle', 'rotation': 0, 'scale': 1.0, 'casing': None, 'animations': None}, {'type': 'text', 'text': '(machine|player1_score)', 'number_grouping': True, 'min_digits': 2, 'font_size': 50, 'y': '40%', 'font_name': 'score_font', '_default_settings': ['type', 'text', 'number_grouping', 'min_digits', 'font_size', 'y', 'font_name'], 'x': None, 'anchor_x': 'center', 'anchor_y': 'center', 'round_anchor_x': None, 'round_anchor_y': None, 'opacity': 1.0, 'z': 0, 'reset_animations_events': {}, 'color': [1.0, 1.0, 1.0, 1.0], 'style': [], 'adjust_top': 0, 'adjust_bottom': 0, 'adjust_left': 0, 'adjust_right': 0, 'expire': None, 'key': None, 'widget': None, 'events_when_added': [], 'events_when_removed': [], 'bitmap_font': False, 'font_kerning': True, 'bold': False, 'italic': False, 'halign': 'center', 'valign': 'middle', 'rotation': 0, 'scale': 1.0, 'casing': None, 'animations': None}, {'type': 'image', 'image': 'attract_background', '_default_settings': ['type', 'image'], 'x': None, 'y': None, 'anchor_x': 'center', 'anchor_y': 'center', 'round_anchor_x': None, 'round_anchor_y': None, 'opacity': 1.0, 'z': 0, 'reset_animations_events': {}, 'color': [1.0, 1.0, 1.0, 1.0], 'style': [], 'adjust_top': 0, 'adjust_bottom': 0, 'adjust_left': 0, 'adjust_right': 0, 'expire': None, 'key': None, 'widget': None, 'events_when_added': [], 'events_when_removed': [], 'fps': 10, 'loops': -1, 'auto_play': True, 'start_frame': 0, 'rotation': 0, 'scale': 1.0, 'animations': None}], 'target': None, 'background_color': [0.0, 0.0, 0.0, 1.0], 'priority': None, 'show': True, 'force': False, 'expire': None, 'slide': None, 'tokens': {}, 'action': 'play'}}
2022-09-02 15:09:37,545 : EventManager : Event: ======'slide_last_game_score_slide_created'====== Args={}
2022-09-02 15:09:37,546 : EventManager : Unordered handler for class <Text Widget text=210,762,830> on event machine_var_player1_score with priority 1. Handlers: [RegisteredHandler(callback=<bound method Text._machine_var_change of <Text Widget text=210,762,830>>, priority=1, kwargs={}, key=UUID('01f3fbae-e770-4321-a13c-d78458a128f3'), condition=None, blocking_facility=None), RegisteredHandler(callback=<bound method Text._machine_var_change of <Text Widget text=210,762,830>>, priority=1, kwargs={}, key=UUID('0e08f160-6784-447b-9f79-33142630e107'), condition=None, blocking_facility=None)]. The order of those handlers is not defined and they will be executed in random order. This might lead to race conditions and potential bugs.
2022-09-02 15:09:37,552 : EventManager : Event: ======'slide_last_game_score_slide_active'====== Args={}
2022-09-02 15:09:40,515 : EventManager : Event: ======'slides_play'====== Args={'settings': {'press_start': {'widgets': [{'type': 'Text', 'text': 'PRESS START', 'font_size': 30, 'font_name': 'space_font', '_default_settings': ['type', 'text', 'font_size', 'font_name'], 'x': None, 'y': None, 'anchor_x': 'center', 'anchor_y': 'center', 'round_anchor_x': None, 'round_anchor_y': None, 'opacity': 1.0, 'z': 0, 'reset_animations_events': {}, 'color': [1.0, 1.0, 1.0, 1.0], 'style': [], 'adjust_top': 0, 'adjust_bottom': 0, 'adjust_left': 0, 'adjust_right': 0, 'expire': None, 'key': None, 'widget': None, 'events_when_added': [], 'events_when_removed': [], 'bitmap_font': False, 'font_kerning': True, 'bold': False, 'italic': False, 'number_grouping': False, 'min_digits': 0, 'halign': 'center', 'valign': 'middle', 'rotation': 0, 'scale': 1.0, 'casing': None, 'animations': None}, {'type': 'Text', 'text': 'FREE PLAY', 'color': [0.0, 0.5019607843137255, 0.0, 1], 'font_size': 30, 'y': '10', 'font_name': 'space_font', 'anchor_y': 'bottom', '_default_settings': ['type', 'text', 'color', 'font_size', 'y', 'font_name', 'anchor_y'], 'x': None, 'anchor_x': 'center', 'round_anchor_x': None, 'round_anchor_y': None, 'opacity': 1.0, 'z': 0, 'reset_animations_events': {}, 'style': [], 'adjust_top': 0, 'adjust_bottom': 0, 'adjust_left': 0, 'adjust_right': 0, 'expire': None, 'key': None, 'widget': None, 'events_when_added': [], 'events_when_removed': [], 'bitmap_font': False, 'font_kerning': True, 'bold': False, 'italic': False, 'number_grouping': False, 'min_digits': 0, 'halign': 'center', 'valign': 'middle', 'rotation': 0, 'scale': 1.0, 'casing': None, 'animations': None}, {'type': 'image', 'image': 'attract_background', '_default_settings': ['type', 'image'], 'x': None, 'y': None, 'anchor_x': 'center', 'anchor_y': 'center', 'round_anchor_x': None, 'round_anchor_y': None, 'opacity': 1.0, 'z': 0, 'reset_animations_events': {}, 'color': [1.0, 1.0, 1.0, 1.0], 'style': [], 'adjust_top': 0, 'adjust_bottom': 0, 'adjust_left': 0, 'adjust_right': 0, 'expire': None, 'key': None, 'widget': None, 'events_when_added': [], 'events_when_removed': [], 'fps': 10, 'loops': -1, 'auto_play': True, 'start_frame': 0, 'rotation': 0, 'scale': 1.0, 'animations': None}], 'target': None, 'background_color': [0.0, 0.0, 0.0, 1.0], 'priority': None, 'show': True, 'force': False, 'expire': None, 'slide': None, 'tokens': {}, 'action': 'play'}}, 'context': 'show_13', 'calling_context': 2, 'priority': 10, 'show_tokens': {}, 'start_time': 8861.739}
2022-09-02 15:09:40,515 : mpfmc : SlidePlayer: Play called with settings={'press_start': {'widgets': [{'type': 'Text', 'text': 'PRESS START', 'font_size': 30, 'font_name': 'space_font', '_default_settings': ['type', 'text', 'font_size', 'font_name'], 'x': None, 'y': None, 'anchor_x': 'center', 'anchor_y': 'center', 'round_anchor_x': None, 'round_anchor_y': None, 'opacity': 1.0, 'z': 0, 'reset_animations_events': {}, 'color': [1.0, 1.0, 1.0, 1.0], 'style': [], 'adjust_top': 0, 'adjust_bottom': 0, 'adjust_left': 0, 'adjust_right': 0, 'expire': None, 'key': None, 'widget': None, 'events_when_added': [], 'events_when_removed': [], 'bitmap_font': False, 'font_kerning': True, 'bold': False, 'italic': False, 'number_grouping': False, 'min_digits': 0, 'halign': 'center', 'valign': 'middle', 'rotation': 0, 'scale': 1.0, 'casing': None, 'animations': None}, {'type': 'Text', 'text': 'FREE PLAY', 'color': [0.0, 0.5019607843137255, 0.0, 1], 'font_size': 30, 'y': '10', 'font_name': 'space_font', 'anchor_y': 'bottom', '_default_settings': ['type', 'text', 'color', 'font_size', 'y', 'font_name', 'anchor_y'], 'x': None, 'anchor_x': 'center', 'round_anchor_x': None, 'round_anchor_y': None, 'opacity': 1.0, 'z': 0, 'reset_animations_events': {}, 'style': [], 'adjust_top': 0, 'adjust_bottom': 0, 'adjust_left': 0, 'adjust_right': 0, 'expire': None, 'key': None, 'widget': None, 'events_when_added': [], 'events_when_removed': [], 'bitmap_font': False, 'font_kerning': True, 'bold': False, 'italic': False, 'number_grouping': False, 'min_digits': 0, 'halign': 'center', 'valign': 'middle', 'rotation': 0, 'scale': 1.0, 'casing': None, 'animations': None}, {'type': 'image', 'image': 'attract_background', '_default_settings': ['type', 'image'], 'x': None, 'y': None, 'anchor_x': 'center', 'anchor_y': 'center', 'round_anchor_x': None, 'round_anchor_y': None, 'opacity': 1.0, 'z': 0, 'reset_animations_events': {}, 'color': [1.0, 1.0, 1.0, 1.0], 'style': [], 'adjust_top': 0, 'adjust_bottom': 0, 'adjust_left': 0, 'adjust_right': 0, 'expire': None, 'key': None, 'widget': None, 'events_when_added': [], 'events_when_removed': [], 'fps': 10, 'loops': -1, 'auto_play': True, 'start_frame': 0, 'rotation': 0, 'scale': 1.0, 'animations': None}], 'target': None, 'background_color': [0.0, 0.0, 0.0, 1.0], 'priority': None, 'show': True, 'force': False, 'expire': None, 'slide': None, 'tokens': {}, 'action': 'play'}}
2022-09-02 15:09:40,528 : EventManager : Event: ======'slide_press_start_created'====== Args={}
2022-09-02 15:09:40,535 : EventManager : Event: ======'slide_press_start_active'====== Args={}
2022-09-02 15:09:43,519 : EventManager : Event: ======'slides_play'====== Args={'settings': {'mission_pinball': {'widgets': [{'type': 'image', 'image': 'mpf_logo', '_default_settings': ['type', 'image'], 'x': None, 'y': None, 'anchor_x': 'center', 'anchor_y': 'center', 'round_anchor_x': None, 'round_anchor_y': None, 'opacity': 1.0, 'z': 0, 'reset_animations_events': {}, 'color': [1.0, 1.0, 1.0, 1.0], 'style': [], 'adjust_top': 0, 'adjust_bottom': 0, 'adjust_left': 0, 'adjust_right': 0, 'expire': None, 'key': None, 'widget': None, 'events_when_added': [], 'events_when_removed': [], 'fps': 10, 'loops': -1, 'auto_play': True, 'start_frame': 0, 'rotation': 0, 'scale': 1.0, 'animations': None}, {'type': 'ellipse', 'color': [0.26666666666666666, 0.26666666666666666, 0.26666666666666666, 1], 'width': 390, 'height': 300, '_default_settings': ['type', 'color', 'width', 'height'], 'x': None, 'y': None, 'anchor_x': 'center', 'anchor_y': 'center', 'round_anchor_x': None, 'round_anchor_y': None, 'opacity': 1.0, 'z': 0, 'reset_animations_events': {}, 'style': [], 'adjust_top': 0, 'adjust_bottom': 0, 'adjust_left': 0, 'adjust_right': 0, 'expire': None, 'key': None, 'widget': None, 'events_when_added': [], 'events_when_removed': [], 'segments': 180, 'angle_start': 0, 'angle_end': 360, 'rotation': 0.0, 'scale': 1.0, 'animations': None}, {'type': 'image', 'image': 'attract_background', '_default_settings': ['type', 'image'], 'x': None, 'y': None, 'anchor_x': 'center', 'anchor_y': 'center', 'round_anchor_x': None, 'round_anchor_y': None, 'opacity': 1.0, 'z': 0, 'reset_animations_events': {}, 'color': [1.0, 1.0, 1.0, 1.0], 'style': [], 'adjust_top': 0, 'adjust_bottom': 0, 'adjust_left': 0, 'adjust_right': 0, 'expire': None, 'key': None, 'widget': None, 'events_when_added': [], 'events_when_removed': [], 'fps': 10, 'loops': -1, 'auto_play': True, 'start_frame': 0, 'rotation': 0, 'scale': 1.0, 'animations': None}], 'target': None, 'background_color': [0.0, 0.0, 0.0, 1.0], 'priority': None, 'show': True, 'force': False, 'expire': None, 'slide': None, 'tokens': {}, 'action': 'play'}}, 'context': 'show_13', 'calling_context': 3, 'priority': 10, 'show_tokens': {}, 'start_time': 8864.739}
2022-09-02 15:09:43,519 : mpfmc : SlidePlayer: Play called with settings={'mission_pinball': {'widgets': [{'type': 'image', 'image': 'mpf_logo', '_default_settings': ['type', 'image'], 'x': None, 'y': None, 'anchor_x': 'center', 'anchor_y': 'center', 'round_anchor_x': None, 'round_anchor_y': None, 'opacity': 1.0, 'z': 0, 'reset_animations_events': {}, 'color': [1.0, 1.0, 1.0, 1.0], 'style': [], 'adjust_top': 0, 'adjust_bottom': 0, 'adjust_left': 0, 'adjust_right': 0, 'expire': None, 'key': None, 'widget': None, 'events_when_added': [], 'events_when_removed': [], 'fps': 10, 'loops': -1, 'auto_play': True, 'start_frame': 0, 'rotation': 0, 'scale': 1.0, 'animations': None}, {'type': 'ellipse', 'color': [0.26666666666666666, 0.26666666666666666, 0.26666666666666666, 1], 'width': 390, 'height': 300, '_default_settings': ['type', 'color', 'width', 'height'], 'x': None, 'y': None, 'anchor_x': 'center', 'anchor_y': 'center', 'round_anchor_x': None, 'round_anchor_y': None, 'opacity': 1.0, 'z': 0, 'reset_animations_events': {}, 'style': [], 'adjust_top': 0, 'adjust_bottom': 0, 'adjust_left': 0, 'adjust_right': 0, 'expire': None, 'key': None, 'widget': None, 'events_when_added': [], 'events_when_removed': [], 'segments': 180, 'angle_start': 0, 'angle_end': 360, 'rotation': 0.0, 'scale': 1.0, 'animations': None}, {'type': 'image', 'image': 'attract_background', '_default_settings': ['type', 'image'], 'x': None, 'y': None, 'anchor_x': 'center', 'anchor_y': 'center', 'round_anchor_x': None, 'round_anchor_y': None, 'opacity': 1.0, 'z': 0, 'reset_animations_events': {}, 'color': [1.0, 1.0, 1.0, 1.0], 'style': [], 'adjust_top': 0, 'adjust_bottom': 0, 'adjust_left': 0, 'adjust_right': 0, 'expire': None, 'key': None, 'widget': None, 'events_when_added': [], 'events_when_removed': [], 'fps': 10, 'loops': -1, 'auto_play': True, 'start_frame': 0, 'rotation': 0, 'scale': 1.0, 'animations': None}], 'target': None, 'background_color': [0.0, 0.0, 0.0, 1.0], 'priority': None, 'show': True, 'force': False, 'expire': None, 'slide': None, 'tokens': {}, 'action': 'play'}}
2022-09-02 15:09:43,527 : EventManager : Event: ======'slide_mission_pinball_created'====== Args={}
2022-09-02 15:09:43,529 : EventManager : Event: ======'slide_mission_pinball_active'====== Args={}
2022-09-02 15:09:46,532 : EventManager : Event: ======'slides_play'====== Args={'settings': {'edensaw_slide': {'widgets': [{'type': 'image', 'image': 'edensaw', 'scale': 2.0, '_default_settings': ['type', 'image', 'scale'], 'x': None, 'y': None, 'anchor_x': 'center', 'anchor_y': 'center', 'round_anchor_x': None, 'round_anchor_y': None, 'opacity': 1.0, 'z': 0, 'reset_animations_events': {}, 'color': [1.0, 1.0, 1.0, 1.0], 'style': [], 'adjust_top': 0, 'adjust_bottom': 0, 'adjust_left': 0, 'adjust_right': 0, 'expire': None, 'key': None, 'widget': None, 'events_when_added': [], 'events_when_removed': [], 'fps': 10, 'loops': -1, 'auto_play': True, 'start_frame': 0, 'rotation': 0, 'animations': None}, {'type': 'image', 'image': 'attract_background', '_default_settings': ['type', 'image'], 'x': None, 'y': None, 'anchor_x': 'center', 'anchor_y': 'center', 'round_anchor_x': None, 'round_anchor_y': None, 'opacity': 1.0, 'z': 0, 'reset_animations_events': {}, 'color': [1.0, 1.0, 1.0, 1.0], 'style': [], 'adjust_top': 0, 'adjust_bottom': 0, 'adjust_left': 0, 'adjust_right': 0, 'expire': None, 'key': None, 'widget': None, 'events_when_added': [], 'events_when_removed': [], 'fps': 10, 'loops': -1, 'auto_play': True, 'start_frame': 0, 'rotation': 0, 'scale': 1.0, 'animations': None}], 'target': None, 'background_color': [0.0, 0.0, 0.0, 1.0], 'priority': None, 'show': True, 'force': False, 'expire': None, 'slide': None, 'tokens': {}, 'action': 'play'}}, 'context': 'show_13', 'calling_context': 4, 'priority': 10, 'show_tokens': {}, 'start_time': 8867.739}
2022-09-02 15:09:46,532 : mpfmc : SlidePlayer: Play called with settings={'edensaw_slide': {'widgets': [{'type': 'image', 'image': 'edensaw', 'scale': 2.0, '_default_settings': ['type', 'image', 'scale'], 'x': None, 'y': None, 'anchor_x': 'center', 'anchor_y': 'center', 'round_anchor_x': None, 'round_anchor_y': None, 'opacity': 1.0, 'z': 0, 'reset_animations_events': {}, 'color': [1.0, 1.0, 1.0, 1.0], 'style': [], 'adjust_top': 0, 'adjust_bottom': 0, 'adjust_left': 0, 'adjust_right': 0, 'expire': None, 'key': None, 'widget': None, 'events_when_added': [], 'events_when_removed': [], 'fps': 10, 'loops': -1, 'auto_play': True, 'start_frame': 0, 'rotation': 0, 'animations': None}, {'type': 'image', 'image': 'attract_background', '_default_settings': ['type', 'image'], 'x': None, 'y': None, 'anchor_x': 'center', 'anchor_y': 'center', 'round_anchor_x': None, 'round_anchor_y': None, 'opacity': 1.0, 'z': 0, 'reset_animations_events': {}, 'color': [1.0, 1.0, 1.0, 1.0], 'style': [], 'adjust_top': 0, 'adjust_bottom': 0, 'adjust_left': 0, 'adjust_right': 0, 'expire': None, 'key': None, 'widget': None, 'events_when_added': [], 'events_when_removed': [], 'fps': 10, 'loops': -1, 'auto_play': True, 'start_frame': 0, 'rotation': 0, 'scale': 1.0, 'animations': None}], 'target': None, 'background_color': [0.0, 0.0, 0.0, 1.0], 'priority': None, 'show': True, 'force': False, 'expire': None, 'slide': None, 'tokens': {}, 'action': 'play'}}
2022-09-02 15:09:46,538 : EventManager : Event: ======'slide_edensaw_slide_created'====== Args={}
2022-09-02 15:09:46,539 : EventManager : Event: ======'slide_edensaw_slide_active'====== Args={}
2022-09-02 15:09:49,527 : EventManager : Event: ======'slides_play'====== Args={'settings': {'glass_slide': {'widgets': [{'type': 'image', 'image': 'peninsula_glass', 'scale': 2.0, '_default_settings': ['type', 'image', 'scale'], 'x': None, 'y': None, 'anchor_x': 'center', 'anchor_y': 'center', 'round_anchor_x': None, 'round_anchor_y': None, 'opacity': 1.0, 'z': 0, 'reset_animations_events': {}, 'color': [1.0, 1.0, 1.0, 1.0], 'style': [], 'adjust_top': 0, 'adjust_bottom': 0, 'adjust_left': 0, 'adjust_right': 0, 'expire': None, 'key': None, 'widget': None, 'events_when_added': [], 'events_when_removed': [], 'fps': 10, 'loops': -1, 'auto_play': True, 'start_frame': 0, 'rotation': 0, 'animations': None}, {'type': 'image', 'image': 'attract_background', '_default_settings': ['type', 'image'], 'x': None, 'y': None, 'anchor_x': 'center', 'anchor_y': 'center', 'round_anchor_x': None, 'round_anchor_y': None, 'opacity': 1.0, 'z': 0, 'reset_animations_events': {}, 'color': [1.0, 1.0, 1.0, 1.0], 'style': [], 'adjust_top': 0, 'adjust_bottom': 0, 'adjust_left': 0, 'adjust_right': 0, 'expire': None, 'key': None, 'widget': None, 'events_when_added': [], 'events_when_removed': [], 'fps': 10, 'loops': -1, 'auto_play': True, 'start_frame': 0, 'rotation': 0, 'scale': 1.0, 'animations': None}], 'target': None, 'background_color': [0.0, 0.0, 0.0, 1.0], 'priority': None, 'show': True, 'force': False, 'expire': None, 'slide': None, 'tokens': {}, 'action': 'play'}}, 'context': 'show_13', 'calling_context': 5, 'priority': 10, 'show_tokens': {}, 'start_time': 8870.739}
2022-09-02 15:09:49,527 : mpfmc : SlidePlayer: Play called with settings={'glass_slide': {'widgets': [{'type': 'image', 'image': 'peninsula_glass', 'scale': 2.0, '_default_settings': ['type', 'image', 'scale'], 'x': None, 'y': None, 'anchor_x': 'center', 'anchor_y': 'center', 'round_anchor_x': None, 'round_anchor_y': None, 'opacity': 1.0, 'z': 0, 'reset_animations_events': {}, 'color': [1.0, 1.0, 1.0, 1.0], 'style': [], 'adjust_top': 0, 'adjust_bottom': 0, 'adjust_left': 0, 'adjust_right': 0, 'expire': None, 'key': None, 'widget': None, 'events_when_added': [], 'events_when_removed': [], 'fps': 10, 'loops': -1, 'auto_play': True, 'start_frame': 0, 'rotation': 0, 'animations': None}, {'type': 'image', 'image': 'attract_background', '_default_settings': ['type', 'image'], 'x': None, 'y': None, 'anchor_x': 'center', 'anchor_y': 'center', 'round_anchor_x': None, 'round_anchor_y': None, 'opacity': 1.0, 'z': 0, 'reset_animations_events': {}, 'color': [1.0, 1.0, 1.0, 1.0], 'style': [], 'adjust_top': 0, 'adjust_bottom': 0, 'adjust_left': 0, 'adjust_right': 0, 'expire': None, 'key': None, 'widget': None, 'events_when_added': [], 'events_when_removed': [], 'fps': 10, 'loops': -1, 'auto_play': True, 'start_frame': 0, 'rotation': 0, 'scale': 1.0, 'animations': None}], 'target': None, 'background_color': [0.0, 0.0, 0.0, 1.0], 'priority': None, 'show': True, 'force': False, 'expire': None, 'slide': None, 'tokens': {}, 'action': 'play'}}
2022-09-02 15:09:49,534 : EventManager : Event: ======'slide_glass_slide_created'====== Args={}
2022-09-02 15:09:49,535 : EventManager : Event: ======'slide_glass_slide_active'====== Args={}
2022-09-02 15:09:52,521 : EventManager : Event: ======'slides_play'====== Args={'settings': {'glass_slide': {'widgets': [{'type': 'image', 'image': 'tik_toks', 'scale': 0.5, '_default_settings': ['type', 'image', 'scale'], 'x': None, 'y': None, 'anchor_x': 'center', 'anchor_y': 'center', 'round_anchor_x': None, 'round_anchor_y': None, 'opacity': 1.0, 'z': 0, 'reset_animations_events': {}, 'color': [1.0, 1.0, 1.0, 1.0], 'style': [], 'adjust_top': 0, 'adjust_bottom': 0, 'adjust_left': 0, 'adjust_right': 0, 'expire': None, 'key': None, 'widget': None, 'events_when_added': [], 'events_when_removed': [], 'fps': 10, 'loops': -1, 'auto_play': True, 'start_frame': 0, 'rotation': 0, 'animations': None}, {'type': 'image', 'image': 'attract_background', '_default_settings': ['type', 'image'], 'x': None, 'y': None, 'anchor_x': 'center', 'anchor_y': 'center', 'round_anchor_x': None, 'round_anchor_y': None, 'opacity': 1.0, 'z': 0, 'reset_animations_events': {}, 'color': [1.0, 1.0, 1.0, 1.0], 'style': [], 'adjust_top': 0, 'adjust_bottom': 0, 'adjust_left': 0, 'adjust_right': 0, 'expire': None, 'key': None, 'widget': None, 'events_when_added': [], 'events_when_removed': [], 'fps': 10, 'loops': -1, 'auto_play': True, 'start_frame': 0, 'rotation': 0, 'scale': 1.0, 'animations': None}], 'target': None, 'background_color': [0.0, 0.0, 0.0, 1.0], 'priority': None, 'show': True, 'force': False, 'expire': None, 'slide': None, 'tokens': {}, 'action': 'play'}}, 'context': 'show_13', 'calling_context': 6, 'priority': 10, 'show_tokens': {}, 'start_time': 8873.739}
2022-09-02 15:09:52,521 : mpfmc : SlidePlayer: Play called with settings={'glass_slide': {'widgets': [{'type': 'image', 'image': 'tik_toks', 'scale': 0.5, '_default_settings': ['type', 'image', 'scale'], 'x': None, 'y': None, 'anchor_x': 'center', 'anchor_y': 'center', 'round_anchor_x': None, 'round_anchor_y': None, 'opacity': 1.0, 'z': 0, 'reset_animations_events': {}, 'color': [1.0, 1.0, 1.0, 1.0], 'style': [], 'adjust_top': 0, 'adjust_bottom': 0, 'adjust_left': 0, 'adjust_right': 0, 'expire': None, 'key': None, 'widget': None, 'events_when_added': [], 'events_when_removed': [], 'fps': 10, 'loops': -1, 'auto_play': True, 'start_frame': 0, 'rotation': 0, 'animations': None}, {'type': 'image', 'image': 'attract_background', '_default_settings': ['type', 'image'], 'x': None, 'y': None, 'anchor_x': 'center', 'anchor_y': 'center', 'round_anchor_x': None, 'round_anchor_y': None, 'opacity': 1.0, 'z': 0, 'reset_animations_events': {}, 'color': [1.0, 1.0, 1.0, 1.0], 'style': [], 'adjust_top': 0, 'adjust_bottom': 0, 'adjust_left': 0, 'adjust_right': 0, 'expire': None, 'key': None, 'widget': None, 'events_when_added': [], 'events_when_removed': [], 'fps': 10, 'loops': -1, 'auto_play': True, 'start_frame': 0, 'rotation': 0, 'scale': 1.0, 'animations': None}], 'target': None, 'background_color': [0.0, 0.0, 0.0, 1.0], 'priority': None, 'show': True, 'force': False, 'expire': None, 'slide': None, 'tokens': {}, 'action': 'play'}}
2022-09-02 15:09:52,522 : EventManager : Event: ======'slide_glass_slide_removed'====== Args={}
2022-09-02 15:09:52,528 : EventManager : Event: ======'slide_glass_slide_created'====== Args={}
2022-09-02 15:09:52,529 : EventManager : Event: ======'slide_glass_slide_active'====== Args={}
2022-09-02 15:09:55,530 : EventManager : Event: ======'slides_play'====== Args={'settings': {'fast_slide': {'widgets': [{'type': 'video', 'video': 'fast_pinball_intro', '_default_settings': ['type', 'video'], 'x': None, 'y': None, 'anchor_x': 'center', 'anchor_y': 'center', 'round_anchor_x': None, 'round_anchor_y': None, 'opacity': 1.0, 'z': 0, 'reset_animations_events': {}, 'color': [1.0, 1.0, 1.0, 1.0], 'style': [], 'adjust_top': 0, 'adjust_bottom': 0, 'adjust_left': 0, 'adjust_right': 0, 'expire': None, 'key': None, 'widget': None, 'events_when_added': [], 'events_when_removed': [], 'height': 0, 'width': 0, 'volume': 1.0, 'auto_play': True, 'end_behavior': 'stop', 'control_events': [], 'animations': None}], 'target': None, 'background_color': [0.0, 0.0, 0.0, 1.0], 'priority': None, 'show': True, 'force': False, 'expire': None, 'slide': None, 'tokens': {}, 'action': 'play'}}, 'context': 'show_13', 'calling_context': 7, 'priority': 10, 'show_tokens': {}, 'start_time': 8876.739}
2022-09-02 15:09:55,530 : mpfmc : SlidePlayer: Play called with settings={'fast_slide': {'widgets': [{'type': 'video', 'video': 'fast_pinball_intro', '_default_settings': ['type', 'video'], 'x': None, 'y': None, 'anchor_x': 'center', 'anchor_y': 'center', 'round_anchor_x': None, 'round_anchor_y': None, 'opacity': 1.0, 'z': 0, 'reset_animations_events': {}, 'color': [1.0, 1.0, 1.0, 1.0], 'style': [], 'adjust_top': 0, 'adjust_bottom': 0, 'adjust_left': 0, 'adjust_right': 0, 'expire': None, 'key': None, 'widget': None, 'events_when_added': [], 'events_when_removed': [], 'height': 0, 'width': 0, 'volume': 1.0, 'auto_play': True, 'end_behavior': 'stop', 'control_events': [], 'animations': None}], 'target': None, 'background_color': [0.0, 0.0, 0.0, 1.0], 'priority': None, 'show': True, 'force': False, 'expire': None, 'slide': None, 'tokens': {}, 'action': 'play'}}
2022-09-02 15:09:55,540 : EventManager : Event: ======'slide_fast_slide_created'====== Args={}
2022-09-02 15:09:55,541 : EventManager : Event: ======'slide_fast_slide_active'====== Args={}
2022-09-02 15:10:04,481 : EventManager : Event: ======'game_started'====== Args={}
2022-09-02 15:10:04,482 : EventManager : Event: ======'slides_clear'====== Args={'context': 'show_13'}
2022-09-02 15:10:04,482 : EventManager : Event: ======'player_added'====== Args={'player': <Player 1>, 'num': 1}
2022-09-02 15:10:04,482 : EventManager : Event: ======'player_index'====== Args={'value': 0, 'prev_value': 0, 'change': 0, 'player_num': 1}
2022-09-02 15:10:04,482 : EventManager : Event: ======'player_number'====== Args={'value': 1, 'prev_value': 1, 'change': 0, 'player_num': 1}
2022-09-02 15:10:04,482 : EventManager : Event: ======'player_score'====== Args={'value': 0, 'prev_value': 0, 'change': 0, 'player_num': 1}
2022-09-02 15:10:04,482 : EventManager : Event: ======'player_mode_value'====== Args={'value': 1000000, 'prev_value': 0, 'change': 1000000, 'player_num': 1}
2022-09-02 15:10:04,483 : EventManager : Event: ======'player_bonus_multiplier'====== Args={'value': 1, 'prev_value': 0, 'change': 1, 'player_num': 1}
2022-09-02 15:10:04,483 : EventManager : Event: ======'player_playfield_multiplier'====== Args={'value': 1, 'prev_value': 0, 'change': 1, 'player_num': 1}
2022-09-02 15:10:04,483 : EventManager : Event: ======'slide_show_13.slide_player-0_removed'====== Args={}
2022-09-02 15:10:04,483 : EventManager : Event: ======'slide_last_game_score_slide_removed'====== Args={}
2022-09-02 15:10:04,483 : EventManager : Event: ======'slide_press_start_removed'====== Args={}
2022-09-02 15:10:04,484 : EventManager : Event: ======'slide_mission_pinball_removed'====== Args={}
2022-09-02 15:10:04,484 : EventManager : Event: ======'slide_edensaw_slide_removed'====== Args={}
2022-09-02 15:10:04,484 : EventManager : Event: ======'slide_glass_slide_removed'====== Args={}
2022-09-02 15:10:04,538 : EventManager : Event: ======'slide_fast_slide_removed'====== Args={}
2022-09-02 15:10:04,539 : EventManager : Event: ======'slide_window1_blank_active'====== Args={}
2022-09-02 15:10:04,541 : EventManager : Event: ======'player_ball'====== Args={'value': 1, 'prev_value': 0, 'change': 1, 'player_num': 1}
2022-09-02 15:10:04,542 : EventManager : Event: ======'player_turn_start'====== Args={'number': 1, 'player': <Player 1>}
2022-09-02 15:10:04,543 : EventManager : Event: ======'player_shot_l_lane_enabled'====== Args={'value': True, 'prev_value': 0, 'change': 1, 'player_num': 1}
2022-09-02 15:10:04,543 : EventManager : Event: ======'player_shot_r_lane_enabled'====== Args={'value': True, 'prev_value': 0, 'change': 1, 'player_num': 1}
2022-09-02 15:10:04,544 : EventManager : Event: ======'player_shot_center_target_enabled'====== Args={'value': True, 'prev_value': 0, 'change': 1, 'player_num': 1}
2022-09-02 15:10:04,544 : EventManager : Event: ======'player_extra_ball_two_modes_complete_num_awarded'====== Args={'value': 0, 'prev_value': 0, 'change': 0, 'player_num': 1}
2022-09-02 15:10:04,544 : EventManager : Event: ======'sounds_play'====== Args={'settings': {'default': {'action': 'stop', 'priority': 400, 'block': False, 'delay': None, 'track': None, 'volume': None, 'pan': None, 'loops': None, 'start_at': None, 'fade_in': None, 'fade_out': None, 'about_to_finish_time': -1.0, 'max_queue_time': -1.0, 'events_when_played': ['use_sound_setting'], 'events_when_stopped': ['use_sound_setting'], 'events_when_looping': ['use_sound_setting'], 'events_when_about_to_finish': ['use_sound_setting'], 'mode_end_action': 'use_sound_setting', 'key': 'use_sound_setting'}, 'shooter_waiting': {'action': 'play', 'loops': -1, 'priority': None, 'block': False, 'delay': None, 'track': None, 'volume': None, 'pan': None, 'start_at': None, 'fade_in': None, 'fade_out': None, 'about_to_finish_time': -1.0, 'max_queue_time': -1.0, 'events_when_played': ['use_sound_setting'], 'events_when_stopped': ['use_sound_setting'], 'events_when_looping': ['use_sound_setting'], 'events_when_about_to_finish': ['use_sound_setting'], 'mode_end_action': 'use_sound_setting', 'key': 'use_sound_setting'}}, 'context': '_global', 'calling_context': 'ball_started', 'priority': 0, 'player': 1, 'ball': 1, 'balls_remaining': 2, 'is_extra_ball': False}
2022-09-02 15:10:04,545 : EventManager : Event: ======'player_shot_warp_advance_enabled'====== Args={'value': True, 'prev_value': 0, 'change': 1, 'player_num': 1}
2022-09-02 15:10:04,582 : EventManager : Event: ======'player_shot_galaxy_advance_enabled'====== Args={'value': True, 'prev_value': 0, 'change': 1, 'player_num': 1}
2022-09-02 15:10:04,582 : EventManager : Event: ======'player_shot_portal_advance_enabled'====== Args={'value': True, 'prev_value': 0, 'change': 1, 'player_num': 1}
2022-09-02 15:10:04,582 : EventManager : Event: ======'slides_play'====== Args={'settings': {'score_slide': {'target': None, 'background_color': [0.0, 0.0, 0.0, 1.0], 'priority': None, 'show': True, 'force': False, 'expire': None, 'slide': None, 'tokens': {}, 'action': 'play'}}, 'context': 'base', 'calling_context': 'mode_base_started', 'priority': 100, 'player': 1, 'ball': 1, 'balls_remaining': 2, 'is_extra_ball': False}
2022-09-02 15:10:04,582 : mpfmc : SlidePlayer: Play called with settings={'score_slide': {'target': None, 'background_color': [0.0, 0.0, 0.0, 1.0], 'priority': None, 'show': True, 'force': False, 'expire': None, 'slide': None, 'tokens': {}, 'action': 'play'}}
2022-09-02 15:10:04,601 : EventManager : Event: ======'slide_score_slide_created'====== Args={}
2022-09-02 15:10:04,610 : EventManager : Event: ======'slide_score_slide_active'====== Args={}
2022-09-02 15:10:04,619 : EventManager : Event: ======'sounds_play'====== Args={'settings': {'default': {'action': 'play', 'loops': -1, 'track': 'music', 'priority': None, 'block': False, 'delay': None, 'volume': None, 'pan': None, 'start_at': None, 'fade_in': None, 'fade_out': None, 'about_to_finish_time': -1.0, 'max_queue_time': -1.0, 'events_when_played': ['use_sound_setting'], 'events_when_stopped': ['use_sound_setting'], 'events_when_looping': ['use_sound_setting'], 'events_when_about_to_finish': ['use_sound_setting'], 'mode_end_action': 'use_sound_setting', 'key': 'use_sound_setting'}, 'mode_theme': {'action': 'stop', 'priority': None, 'block': False, 'delay': None, 'track': None, 'volume': None, 'pan': None, 'loops': None, 'start_at': None, 'fade_in': None, 'fade_out': None, 'about_to_finish_time': -1.0, 'max_queue_time': -1.0, 'events_when_played': ['use_sound_setting'], 'events_when_stopped': ['use_sound_setting'], 'events_when_looping': ['use_sound_setting'], 'events_when_about_to_finish': ['use_sound_setting'], 'mode_end_action': 'use_sound_setting', 'key': 'use_sound_setting'}}, 'context': '_global', 'calling_context': 'mode_spell_portal_started', 'priority': 0, 'player': 1, 'ball': 1, 'balls_remaining': 2, 'is_extra_ball': False}
2022-09-02 15:10:06,232 : EventManager : Event: ======'machine_var_audits_switches_s_action_button'====== Args={'value': 4259, 'prev_value': 4258, 'change': 1}
2022-09-02 15:10:06,438 : EventManager : Event: ======'sounds_play'====== Args={'settings': {'shooter_waiting': {'action': 'stop', 'priority': None, 'block': False, 'delay': None, 'track': None, 'volume': None, 'pan': None, 'loops': None, 'start_at': None, 'fade_in': None, 'fade_out': None, 'about_to_finish_time': -1.0, 'max_queue_time': -1.0, 'events_when_played': ['use_sound_setting'], 'events_when_stopped': ['use_sound_setting'], 'events_when_looping': ['use_sound_setting'], 'events_when_about_to_finish': ['use_sound_setting'], 'mode_end_action': 'use_sound_setting', 'key': 'use_sound_setting'}, 'default': {'action': 'play', 'loops': -1, 'track': 'music', 'priority': None, 'block': False, 'delay': None, 'volume': None, 'pan': None, 'start_at': None, 'fade_in': None, 'fade_out': None, 'about_to_finish_time': -1.0, 'max_queue_time': -1.0, 'events_when_played': ['use_sound_setting'], 'events_when_stopped': ['use_sound_setting'], 'events_when_looping': ['use_sound_setting'], 'events_when_about_to_finish': ['use_sound_setting'], 'mode_end_action': 'use_sound_setting', 'key': 'use_sound_setting'}}, 'context': '_global', 'calling_context': 's_drain_inactive', 'priority': 0}
2022-09-02 15:10:06,981 : EventManager : Event: ======'machine_var_audits_switches_s_left_sling'====== Args={'value': 7398, 'prev_value': 7397, 'change': 1}
2022-09-02 15:10:06,981 : EventManager : Event: ======'player_score'====== Args={'value': 1110, 'prev_value': 0, 'change': 1110, 'player_num': 1}
2022-09-02 15:10:06,981 : EventManager : Event: ======'player_switches'====== Args={'value': 1, 'prev_value': 0, 'change': 1, 'player_num': 1}
2022-09-02 15:10:07,705 : EventManager : Event: ======'machine_var_audits_switches_s_right_inlane_far'====== Args={'value': 6769, 'prev_value': 6768, 'change': 1}
2022-09-02 15:10:07,705 : EventManager : Event: ======'player_shot_portal_advance'====== Args={'value': 1, 'prev_value': 0, 'change': 1, 'player_num': 1}
2022-09-02 15:10:07,705 : EventManager : Event: ======'machine_var_audits_shots_portal_advance'====== Args={'value': 5008, 'prev_value': 5007, 'change': 1}
2022-09-02 15:10:07,705 : EventManager : Event: ======'player_score'====== Args={'value': 31110, 'prev_value': 1110, 'change': 30000, 'player_num': 1}
2022-09-02 15:10:07,706 : EventManager : Event: ======'player_switches'====== Args={'value': 2, 'prev_value': 1, 'change': 1, 'player_num': 1}
2022-09-02 15:10:07,706 : EventManager : Event: ======'player_combos_combo_timer_tick'====== Args={'value': 6, 'prev_value': 0, 'change': 6, 'player_num': 1}
2022-09-02 15:10:08,009 : EventManager : Event: ======'machine_var_audits_switches_s_right_inlane_far'====== Args={'value': 6770, 'prev_value': 6769, 'change': 1}
2022-09-02 15:10:08,009 : EventManager : Event: ======'machine_var_audits_shots_portal_advance'====== Args={'value': 5009, 'prev_value': 5008, 'change': 1}
2022-09-02 15:10:08,009 : EventManager : Event: ======'player_score'====== Args={'value': 61110, 'prev_value': 31110, 'change': 30000, 'player_num': 1}
2022-09-02 15:10:08,009 : EventManager : Event: ======'player_switches'====== Args={'value': 3, 'prev_value': 2, 'change': 1, 'player_num': 1}
2022-09-02 15:10:08,272 : EventManager : Event: ======'machine_var_audits_switches_s_right_inlane_far'====== Args={'value': 6771, 'prev_value': 6770, 'change': 1}
2022-09-02 15:10:08,284 : EventManager : Event: ======'machine_var_audits_shots_portal_advance'====== Args={'value': 5010, 'prev_value': 5009, 'change': 1}
2022-09-02 15:10:08,284 : EventManager : Event: ======'player_score'====== Args={'value': 91110, 'prev_value': 61110, 'change': 30000, 'player_num': 1}
2022-09-02 15:10:08,284 : EventManager : Event: ======'player_switches'====== Args={'value': 4, 'prev_value': 3, 'change': 1, 'player_num': 1}
2022-09-02 15:10:08,285 : EventManager : Event: ======'slides_play'====== Args={'settings': {'mode_lit_slide': {'expire': 2.0, 'target': None, 'background_color': [0.0, 0.0, 0.0, 1.0], 'priority': None, 'show': True, 'force': False, 'slide': None, 'tokens': {}, 'action': 'play'}}, 'context': 'mode_lit', 'calling_context': 'mode_mode_lit_started', 'priority': 800}
2022-09-02 15:10:08,287 : mpfmc : SlidePlayer: Play called with settings={'mode_lit_slide': {'expire': 2.0, 'target': None, 'background_color': [0.0, 0.0, 0.0, 1.0], 'priority': None, 'show': True, 'force': False, 'slide': None, 'tokens': {}, 'action': 'play'}}
2022-09-02 15:10:08,297 : EventManager : Event: ======'slide_mode_lit_slide_created'====== Args={}
2022-09-02 15:10:08,302 : EventManager : Event: ======'slide_mode_lit_slide_active'====== Args={}
2022-09-02 15:10:08,773 : EventManager : Event: ======'player_combos_combo_timer_tick'====== Args={'value': 5, 'prev_value': 6, 'change': -1, 'player_num': 1}
2022-09-02 15:10:09,265 : EventManager : Event: ======'player_combos_combo_timer_tick'====== Args={'value': 4, 'prev_value': 5, 'change': -1, 'player_num': 1}
2022-09-02 15:10:09,768 : EventManager : Event: ======'player_combos_combo_timer_tick'====== Args={'value': 3, 'prev_value': 4, 'change': -1, 'player_num': 1}
2022-09-02 15:10:10,269 : EventManager : Event: ======'player_combos_combo_timer_tick'====== Args={'value': 2, 'prev_value': 3, 'change': -1, 'player_num': 1}
2022-09-02 15:10:10,281 : EventManager : Event: ======'slide_mode_lit_slide_removed'====== Args={}
2022-09-02 15:10:10,282 : EventManager : Event: ======'slide_score_slide_active'====== Args={}
2022-09-02 15:10:10,769 : EventManager : Event: ======'player_combos_combo_timer_tick'====== Args={'value': 1, 'prev_value': 2, 'change': -1, 'player_num': 1}
2022-09-02 15:10:11,233 : EventManager : Event: ======'machine_var_audits_switches_s_right_kicker'====== Args={'value': 1810, 'prev_value': 1809, 'change': 1}
2022-09-02 15:10:11,233 : EventManager : Event: ======'player_score'====== Args={'value': 106110, 'prev_value': 91110, 'change': 15000, 'player_num': 1}
2022-09-02 15:10:11,253 : EventManager : Event: ======'slides_clear'====== Args={'context': 'mode_lit'}
2022-09-02 15:10:11,254 : EventManager : Event: ======'slide_mode_lit_slide_removed'====== Args={}
2022-09-02 15:10:11,265 : EventManager : Event: ======'slides_play'====== Args={'settings': {'select_mission1': {'target': None, 'background_color': [0.0, 0.0, 0.0, 1.0], 'priority': None, 'show': True, 'force': False, 'expire': None, 'slide': None, 'tokens': {}, 'action': 'play'}}, 'context': 'carousel', 'calling_context': 'carousel_mission1_highlighted', 'priority': 90000, 'direction': None}
2022-09-02 15:10:11,265 : mpfmc : SlidePlayer: Play called with settings={'select_mission1': {'target': None, 'background_color': [0.0, 0.0, 0.0, 1.0], 'priority': None, 'show': True, 'force': False, 'expire': None, 'slide': None, 'tokens': {}, 'action': 'play'}}
2022-09-02 15:10:11,273 : EventManager : Event: ======'slide_select_mission1_created'====== Args={}
2022-09-02 15:10:11,277 : EventManager : Event: ======'slide_select_mission1_active'====== Args={}
2022-09-02 15:10:11,283 : EventManager : Event: ======'player_combos_combo_timer_tick'====== Args={'value': 0, 'prev_value': 1, 'change': -1, 'player_num': 1}
2022-09-02 15:10:13,348 : EventManager : Event: ======'machine_var_audits_switches_s_left_flipper'====== Args={'value': 37575, 'prev_value': 37574, 'change': 1}
2022-09-02 15:10:13,462 : EventManager : Event: ======'slides_play'====== Args={'settings': {'select_mission4': {'target': None, 'background_color': [0.0, 0.0, 0.0, 1.0], 'priority': None, 'show': True, 'force': False, 'expire': None, 'slide': None, 'tokens': {}, 'action': 'play'}}, 'context': 'carousel', 'calling_context': 'carousel_mission4_highlighted', 'priority': 90000, 'direction': 'backwards'}
2022-09-02 15:10:13,462 : mpfmc : SlidePlayer: Play called with settings={'select_mission4': {'target': None, 'background_color': [0.0, 0.0, 0.0, 1.0], 'priority': None, 'show': True, 'force': False, 'expire': None, 'slide': None, 'tokens': {}, 'action': 'play'}}
2022-09-02 15:10:13,472 : EventManager : Event: ======'slide_select_mission4_created'====== Args={}
2022-09-02 15:10:13,479 : EventManager : Event: ======'slide_select_mission4_active'====== Args={}
2022-09-02 15:10:13,945 : EventManager : Event: ======'machine_var_audits_switches_s_left_flipper'====== Args={'value': 37576, 'prev_value': 37575, 'change': 1}
2022-09-02 15:10:13,946 : EventManager : Event: ======'slides_play'====== Args={'settings': {'select_mission3': {'target': None, 'background_color': [0.0, 0.0, 0.0, 1.0], 'priority': None, 'show': True, 'force': False, 'expire': None, 'slide': None, 'tokens': {}, 'action': 'play'}}, 'context': 'carousel', 'calling_context': 'carousel_mission3_highlighted', 'priority': 90000, 'direction': 'backwards'}
2022-09-02 15:10:13,946 : mpfmc : SlidePlayer: Play called with settings={'select_mission3': {'target': None, 'background_color': [0.0, 0.0, 0.0, 1.0], 'priority': None, 'show': True, 'force': False, 'expire': None, 'slide': None, 'tokens': {}, 'action': 'play'}}
2022-09-02 15:10:13,959 : EventManager : Event: ======'slide_select_mission3_created'====== Args={}
2022-09-02 15:10:13,965 : EventManager : Event: ======'slide_select_mission3_active'====== Args={}
2022-09-02 15:10:15,959 : EventManager : Event: ======'machine_var_audits_switches_s_action_button'====== Args={'value': 4260, 'prev_value': 4259, 'change': 1}
2022-09-02 15:10:16,221 : EventManager : Event: ======'player_modes_started'====== Args={'value': 1, 'prev_value': 0, 'change': 1, 'player_num': 1}
2022-09-02 15:10:16,222 : EventManager : Event: ======'player_selected_mission'====== Args={'value': 'mission3', 'prev_value': 0, 'change': True, 'player_num': 1}
2022-09-02 15:10:16,222 : EventManager : Event: ======'player_shot_drop_targets_mission3_enabled'====== Args={'value': True, 'prev_value': 0, 'change': 1, 'player_num': 1}
2022-09-02 15:10:16,223 : EventManager : Event: ======'slides_clear'====== Args={'context': 'carousel'}
2022-09-02 15:10:16,224 : EventManager : Event: ======'slide_select_mission1_removed'====== Args={}
2022-09-02 15:10:16,224 : EventManager : Event: ======'slide_select_mission4_removed'====== Args={}
2022-09-02 15:10:16,225 : EventManager : Event: ======'slide_select_mission3_removed'====== Args={}
2022-09-02 15:10:16,226 : EventManager : Event: ======'sounds_play'====== Args={'settings': {'mode_theme': {'action': 'play', 'loops': -1, 'priority': None, 'block': False, 'delay': None, 'track': None, 'volume': None, 'pan': None, 'start_at': None, 'fade_in': None, 'fade_out': None, 'about_to_finish_time': -1.0, 'max_queue_time': -1.0, 'events_when_played': ['use_sound_setting'], 'events_when_stopped': ['use_sound_setting'], 'events_when_looping': ['use_sound_setting'], 'events_when_about_to_finish': ['use_sound_setting'], 'mode_end_action': 'use_sound_setting', 'key': 'use_sound_setting'}, 'default': {'action': 'stop', 'priority': None, 'block': False, 'delay': None, 'track': None, 'volume': None, 'pan': None, 'loops': None, 'start_at': None, 'fade_in': None, 'fade_out': None, 'about_to_finish_time': -1.0, 'max_queue_time': -1.0, 'events_when_played': ['use_sound_setting'], 'events_when_stopped': ['use_sound_setting'], 'events_when_looping': ['use_sound_setting'], 'events_when_about_to_finish': ['use_sound_setting'], 'mode_end_action': 'use_sound_setting', 'key': 'use_sound_setting'}}, 'context': '_global', 'calling_context': 'mode_carousel_stopped', 'priority': 0}
2022-09-02 15:10:16,226 : EventManager : Event: ======'player_multiplied_mode_value'====== Args={'value': 1000000, 'prev_value': 0, 'change': 1000000, 'player_num': 1}
2022-09-02 15:10:16,226 : EventManager : Event: ======'player_mode_value_half'====== Args={'value': 500000, 'prev_value': 0, 'change': 500000, 'player_num': 1}
2022-09-02 15:10:16,227 : EventManager : Event: ======'slides_play'====== Args={'settings': {'score_slide_forest': {'target': None, 'background_color': [0.0, 0.0, 0.0, 1.0], 'priority': None, 'show': True, 'force': False, 'expire': None, 'slide': None, 'tokens': {}, 'action': 'play'}}, 'context': 'mission3', 'calling_context': 'mode_mission3_started', 'priority': 1000}
2022-09-02 15:10:16,227 : mpfmc : SlidePlayer: Play called with settings={'score_slide_forest': {'target': None, 'background_color': [0.0, 0.0, 0.0, 1.0], 'priority': None, 'show': True, 'force': False, 'expire': None, 'slide': None, 'tokens': {}, 'action': 'play'}}
2022-09-02 15:10:16,248 : EventManager : Event: ======'slide_score_slide_forest_created'====== Args={}
2022-09-02 15:10:16,253 : EventManager : Event: ======'slide_score_slide_forest_active'====== Args={}
2022-09-02 15:10:17,418 : EventManager : Event: ======'player_mission3_mission3_timer_tick'====== Args={'value': 59, 'prev_value': 0, 'change': 59, 'player_num': 1}
2022-09-02 15:10:18,619 : EventManager : Event: ======'player_mission3_mission3_timer_tick'====== Args={'value': 58, 'prev_value': 59, 'change': -1, 'player_num': 1}
2022-09-02 15:10:19,823 : EventManager : Event: ======'player_mission3_mission3_timer_tick'====== Args={'value': 57, 'prev_value': 58, 'change': -1, 'player_num': 1}
2022-09-02 15:10:21,016 : EventManager : Event: ======'player_mission3_mission3_timer_tick'====== Args={'value': 56, 'prev_value': 57, 'change': -1, 'player_num': 1}
2022-09-02 15:10:22,214 : EventManager : Event: ======'player_mission3_mission3_timer_tick'====== Args={'value': 55, 'prev_value': 56, 'change': -1, 'player_num': 1}
2022-09-02 15:10:22,338 : kivy : Base: Leaving application in progress...
2022-09-02 15:10:22,625 : mpfmc : Stopping...
2022-09-02 15:10:22,625 : EventManager : Event: ======'shutdown'====== Args={}
2022-09-02 15:10:22,625 : AudioInterface : Disabling audio playback
2022-09-02 15:10:22,625 : mpfmc : Loop rate 69.63 Hz
2022-09-02 15:10:22,625 : kivy : MC run loop ended.
2022-09-02 15:10:22,625 : kivy : Stopping child threads... (3 remaining)
2022-09-02 15:10:23,215 : mpfmc : Stopping...
2022-09-02 15:10:23,215 : EventManager : Event: ======'shutdown'====== Args={}
2022-09-02 15:10:23,215 : mpfmc : Loop rate 68.86 Hz
2022-09-02 15:10:23,235 : MPF-MC BCP Server : Stopping BCP sending thread
2022-09-02 15:10:23,325 : kivy : All child threads stopped.
