2022-09-02 14:10:57,007 : INFO : root : Loading config.
2022-09-02 14:10:57,530 : INFO : ConfigProcessor : Config spec file cache created: C:\Users\Brendan\AppData\Local\Temp\config_spec.mpf_cache
2022-09-02 14:10:57,530 : INFO : YamlMultifileConfigLoader : Machine config file #1: config.yaml
2022-09-02 14:10:57,531 : INFO : ConfigProcessor : Loading config from cache: C:\Users\Brendan\AppData\Local\Temp\bccefe987bb586eace29905fa80cab57.mpf_cache
2022-09-02 14:10:57,587 : INFO : ConfigProcessor : Loading config from cache: C:\Users\Brendan\AppData\Local\Temp\467e7647689d29fad6adf949e1f4d51d.mpf_cache
2022-09-02 14:10:57,588 : INFO : ConfigProcessor : Loading config from cache: C:\Users\Brendan\AppData\Local\Temp\5550e037aa776b42b91b29b40b356c70.mpf_cache
2022-09-02 14:10:57,589 : INFO : ConfigProcessor : Loading config from cache: C:\Users\Brendan\AppData\Local\Temp\15e0c601392b30c3d9ba3ead8131edb5.mpf_cache
2022-09-02 14:10:57,590 : INFO : ConfigProcessor : Loading config from cache: C:\Users\Brendan\AppData\Local\Temp\0bf50917c4ef15ab65ee13d6c14e7d7c.mpf_cache
2022-09-02 14:10:57,591 : INFO : ConfigProcessor : Loading config from cache: C:\Users\Brendan\AppData\Local\Temp\bc7da7b13b2754e080c2afa0678ac274.mpf_cache
2022-09-02 14:10:57,591 : INFO : ConfigProcessor : Loading config from cache: C:\Users\Brendan\AppData\Local\Temp\bbd59d0bb6602ee0c5a89d6f85e6dd42.mpf_cache
2022-09-02 14:10:57,592 : INFO : ConfigProcessor : Loading config from cache: C:\Users\Brendan\AppData\Local\Temp\5526c78976fee311c3d05505d75f653d.mpf_cache
2022-09-02 14:10:57,593 : INFO : ConfigProcessor : Loading config from cache: C:\Users\Brendan\AppData\Local\Temp\6e95138ae5415fc76b53ebf8fa245fb5.mpf_cache
2022-09-02 14:10:57,594 : INFO : ConfigProcessor : Loading config from cache: C:\Users\Brendan\AppData\Local\Temp\1ec1c4dffb383758956493783a9ed391.mpf_cache
2022-09-02 14:10:57,595 : INFO : ConfigProcessor : Loading config from cache: C:\Users\Brendan\AppData\Local\Temp\f2aee92728c8017b77c710c804dd7f5a.mpf_cache
2022-09-02 14:10:57,596 : INFO : ConfigProcessor : Loading config from cache: C:\Users\Brendan\AppData\Local\Temp\88f57fa1305e9dc100972ec9f84d57fe.mpf_cache
2022-09-02 14:10:57,596 : INFO : ConfigProcessor : Loading config from cache: C:\Users\Brendan\AppData\Local\Temp\6e00a9d794d4c3f43a0fc48da04dac60.mpf_cache
2022-09-02 14:10:57,597 : INFO : ConfigProcessor : Loading config from cache: C:\Users\Brendan\AppData\Local\Temp\05ef98219fc733c3bcab58726c4b37ef.mpf_cache
2022-09-02 14:10:57,598 : INFO : ConfigProcessor : Loading config from cache: C:\Users\Brendan\AppData\Local\Temp\c22d657a5a7bb60632c2be2c735e073b.mpf_cache
2022-09-02 14:10:57,599 : INFO : ConfigProcessor : Loading config from cache: C:\Users\Brendan\AppData\Local\Temp\f7d4f5eb9425fe84d2e83a363afd4bdf.mpf_cache
2022-09-02 14:10:57,600 : INFO : ConfigProcessor : Loading config from cache: C:\Users\Brendan\AppData\Local\Temp\125f51d329f930ea7bff10973551cc26.mpf_cache
2022-09-02 14:10:57,601 : INFO : ConfigProcessor : Loading config from cache: C:\Users\Brendan\AppData\Local\Temp\08e18dfdf4e02cd29cc0cc52be2faaf4.mpf_cache
2022-09-02 14:10:57,602 : INFO : ConfigProcessor : Loading config from cache: C:\Users\Brendan\AppData\Local\Temp\f042f5bf6362b9e04d43b40b93a92057.mpf_cache
2022-09-02 14:10:57,602 : INFO : ConfigProcessor : Loading config from cache: C:\Users\Brendan\AppData\Local\Temp\60badac06cd62deb71f25fac24b103c2.mpf_cache
2022-09-02 14:10:57,603 : INFO : ConfigProcessor : Loading config from cache: C:\Users\Brendan\AppData\Local\Temp\a3ad1aeb679a0686901de8a6ffe784f0.mpf_cache
2022-09-02 14:10:57,604 : WARNING : ConfigProcessor : Config file in cache changed: C:\Baby_pacman_code\machine\modes\playfield_multiplier\config\playfield_multiplier.yaml
2022-09-02 14:10:57,604 : INFO : ConfigProcessor : Loading config from file C:\Baby_pacman_code\machine\modes\playfield_multiplier\config\playfield_multiplier.yaml.
2022-09-02 14:10:57,625 : INFO : ConfigProcessor : Loading config: C:\Baby_pacman_code\machine\modes\playfield_multiplier\config\playfield_multiplier.yaml
2022-09-02 14:10:57,626 : INFO : ConfigProcessor : Config file cache created: C:\Users\Brendan\AppData\Local\Temp\d7856287e4ec48fb5adaa65e5f7b2848.mpf_cache
2022-09-02 14:10:57,626 : INFO : ConfigProcessor : Loading config from cache: C:\Users\Brendan\AppData\Local\Temp\4849f32e60febd99d83791f2417d9a0f.mpf_cache
2022-09-02 14:10:57,627 : INFO : ConfigProcessor : Loading config from cache: C:\Users\Brendan\AppData\Local\Temp\942a9c8af084c06606ececc74db0a30f.mpf_cache
2022-09-02 14:10:57,628 : INFO : ConfigProcessor : Loading config from cache: C:\Users\Brendan\AppData\Local\Temp\d3a5f9b6ba13782c30d3f4f7e40a9dcf.mpf_cache
2022-09-02 14:10:57,629 : INFO : ConfigProcessor : Loading config from cache: C:\Users\Brendan\AppData\Local\Temp\bb2305c107159ac261738ee6fa5177f9.mpf_cache
2022-09-02 14:10:57,629 : INFO : ConfigProcessor : Loading config from cache: C:\Users\Brendan\AppData\Local\Temp\5e8fe62f7d4a280c75af4e016e79234a.mpf_cache
2022-09-02 14:10:57,630 : INFO : ConfigProcessor : Loading config from cache: C:\Users\Brendan\AppData\Local\Temp\7934ad8984867b043b25c8f1f16418da.mpf_cache
2022-09-02 14:10:57,630 : INFO : ConfigProcessor : Loading config from cache: C:\Users\Brendan\AppData\Local\Temp\201f4c0a0d10e05df2979372d05b639d.mpf_cache
2022-09-02 14:10:57,631 : INFO : ConfigProcessor : Loading config from cache: C:\Users\Brendan\AppData\Local\Temp\29084e75e573608c6a2e9d91f8c2e516.mpf_cache
2022-09-02 14:10:57,632 : INFO : ConfigProcessor : Loading config from cache: C:\Users\Brendan\AppData\Local\Temp\c1a52d9ec6beffcf3a0c74172f4f1789.mpf_cache
2022-09-02 14:10:57,633 : INFO : ConfigProcessor : Loading config from cache: C:\Users\Brendan\AppData\Local\Temp\1a7cfdccecce53cd51775700aa921808.mpf_cache
2022-09-02 14:10:57,633 : INFO : ConfigProcessor : Loading config from cache: C:\Users\Brendan\AppData\Local\Temp\bbeb6a5751b9d2029aa6e8633936e040.mpf_cache
2022-09-02 14:10:57,634 : INFO : ConfigProcessor : Loading config from cache: C:\Users\Brendan\AppData\Local\Temp\396defae609afab4d6d7399595fd494b.mpf_cache
2022-09-02 14:10:57,635 : INFO : ConfigProcessor : Loading config from cache: C:\Users\Brendan\AppData\Local\Temp\df5b128cf73808572dcd58af6b99a12a.mpf_cache
2022-09-02 14:10:57,635 : INFO : ConfigProcessor : Loading config from cache: C:\Users\Brendan\AppData\Local\Temp\b16abd66a20b52f76df13eb007a93cde.mpf_cache
2022-09-02 14:10:57,636 : INFO : ConfigProcessor : Loading config from cache: C:\Users\Brendan\AppData\Local\Temp\09ddf149c2750d0dc18124afb4ec1692.mpf_cache
2022-09-02 14:10:57,636 : INFO : ConfigProcessor : Loading config from cache: C:\Users\Brendan\AppData\Local\Temp\dc261f740d4fb0b58874215bc05837b4.mpf_cache
2022-09-02 14:10:57,637 : INFO : ConfigProcessor : Loading config from cache: C:\Users\Brendan\AppData\Local\Temp\fd5b67850c190931870595f7ba331325.mpf_cache
2022-09-02 14:10:57,638 : INFO : ConfigProcessor : Loading config from cache: C:\Users\Brendan\AppData\Local\Temp\7fa0bf6f8a3d06d96f9daba2d24e8451.mpf_cache
2022-09-02 14:10:57,638 : INFO : ConfigProcessor : Loading config from cache: C:\Users\Brendan\AppData\Local\Temp\17652c03725ec0d5dc66b35abdc504c5.mpf_cache
2022-09-02 14:10:57,639 : INFO : ConfigProcessor : Loading config from cache: C:\Users\Brendan\AppData\Local\Temp\f6549f0a1a12987384ccc86b9df17004.mpf_cache
2022-09-02 14:10:57,639 : INFO : ConfigProcessor : Loading config from cache: C:\Users\Brendan\AppData\Local\Temp\d416d6f9f35dec068a811f18f969a8db.mpf_cache
2022-09-02 14:10:57,641 : INFO : ConfigProcessor : Loading config from cache: C:\Users\Brendan\AppData\Local\Temp\2cbb22f93ff96ef242a9a2d7465f7b14.mpf_cache
2022-09-02 14:10:57,641 : INFO : ConfigProcessor : Loading config from cache: C:\Users\Brendan\AppData\Local\Temp\5b43fbcb021f3ce97d73fdb8a470eae4.mpf_cache
2022-09-02 14:10:57,642 : INFO : ConfigProcessor : Loading config from cache: C:\Users\Brendan\AppData\Local\Temp\6d994d077edad00fe01353c1bfbf6638.mpf_cache
2022-09-02 14:10:57,642 : INFO : ConfigProcessor : Loading config from cache: C:\Users\Brendan\AppData\Local\Temp\df6e37541f81fc1a6e02dbcf98e0d10b.mpf_cache
2022-09-02 14:10:57,643 : INFO : ConfigProcessor : Loading config from cache: C:\Users\Brendan\AppData\Local\Temp\c5e911b563ca93c8e10ce7743f92e657.mpf_cache
2022-09-02 14:10:57,644 : INFO : ConfigProcessor : Loading config from cache: C:\Users\Brendan\AppData\Local\Temp\99ecafb2993dab1e69369c4f69529b6f.mpf_cache
2022-09-02 14:10:57,644 : INFO : ConfigProcessor : Loading config from cache: C:\Users\Brendan\AppData\Local\Temp\57f2f8973b8bd58edd1d215976151c60.mpf_cache
2022-09-02 14:10:57,645 : INFO : ConfigProcessor : Loading config from cache: C:\Users\Brendan\AppData\Local\Temp\19f702536b27ff66106645e85afb027e.mpf_cache
2022-09-02 14:10:57,646 : INFO : ConfigProcessor : Loading config from cache: C:\Users\Brendan\AppData\Local\Temp\c17101e4486856bd6430e66412997ee7.mpf_cache
2022-09-02 14:10:57,647 : INFO : ConfigProcessor : Loading config from cache: C:\Users\Brendan\AppData\Local\Temp\c5b3b18e965344eb40bdf988f6d052aa.mpf_cache
2022-09-02 14:10:57,648 : INFO : Machine : Mission Pinball Framework Core Engine v0.55.0
2022-09-02 14:10:57,648 : INFO : Machine : Command line arguments: {'no_load_cache': False, 'create_config_cache': True, 'bcp': True, 'configfile': ['config.yaml'], 'force_assets_load': False, 'jsonlogging': False, 'logfile': 'logs\\2022-09-02-14-10-57-mpf-Pinball-PC.log', 'pause': False, 'production': False, 'text_ui': True, 'loglevel': 15, 'consoleloglevel': 20, 'force_platform': None, 'syslog_address': None, 'mc_file_name': None, 'no_sound': False}
2022-09-02 14:10:57,648 : INFO : Machine : MPF path: c:\users\brendan\appdata\local\programs\python\python37\lib\site-packages\mpf
2022-09-02 14:10:57,648 : INFO : Machine : Machine path: C:\Baby_pacman_code\machine
2022-09-02 14:10:57,649 : INFO : Machine : Platform: win32
2022-09-02 14:10:57,649 : INFO : Machine : Python executable location: c:\users\brendan\appdata\local\programs\python\python37\python.exe
2022-09-02 14:10:57,649 : INFO : Machine : Python version: 3.7.8 (64-bit)
2022-09-02 14:10:57,650 : INFO : Machine : Initialise MPF.
2022-09-02 14:10:57,802 : INFO : FAST : Connecting to com7 at 921600bps
2022-09-02 14:10:57,823 : INFO : FAST : Connected! Processor: NET, Board Type: FP-CPU-002-2, Firmware: 01.05
2022-09-02 14:10:57,823 : INFO : EventManager : Event: ======'machine_var_fast_net_firmware'====== Args={'value': '01.05', 'prev_value': None, 'change': True}
2022-09-02 14:10:57,823 : INFO : EventManager : Event: ======'machine_var_fast_net_model'====== Args={'value': 'FP-CPU-002-2', 'prev_value': None, 'change': True}
2022-09-02 14:11:00,194 : WARNING : FAST : Got unexpected message from FAST: -N:06
2022-09-02 14:11:00,194 : WARNING : FAST : Got unexpected message from FAST: -N:13
2022-09-02 14:11:00,239 : INFO : FAST : Connecting to com8 at 921600bps
2022-09-02 14:11:00,287 : INFO : FAST : Connected! Processor: RGB, Board Type: FP-CPU-002-2, Firmware: 01.00
2022-09-02 14:11:00,287 : INFO : EventManager : Event: ======'machine_var_fast_rgb_firmware'====== Args={'value': '01.00', 'prev_value': None, 'change': True}
2022-09-02 14:11:00,287 : INFO : EventManager : Event: ======'machine_var_fast_rgb_model'====== Args={'value': 'FP-CPU-002-2', 'prev_value': None, 'change': True}
2022-09-02 14:11:00,288 : INFO : EventManager : Event: ======'machine_var_credits_string'====== Args={'value': 'FREE PLAY', 'prev_value': None, 'change': True}
2022-09-02 14:11:00,350 : INFO : EventManager : Event: ======'machine_var_master_volume'====== Args={'value': 0.5, 'prev_value': None, 'change': True}
2022-09-02 14:11:00,350 : INFO : EventManager : Event: ======'machine_var_player1_score'====== Args={'value': 210762830, 'prev_value': None, 'change': True}
2022-09-02 14:11:00,350 : INFO : EventManager : Event: ======'machine_var_mpf_version'====== Args={'value': 'MPF v0.55.0', 'prev_value': None, 'change': True}
2022-09-02 14:11:00,350 : INFO : EventManager : Event: ======'machine_var_mpf_extended_version'====== Args={'value': 'MPF v0.55.0, Config version:5, Show version: 5, BCP version:1.1', 'prev_value': None, 'change': True}
2022-09-02 14:11:00,350 : INFO : EventManager : Event: ======'machine_var_python_version'====== Args={'value': '3.7.8', 'prev_value': None, 'change': True}
2022-09-02 14:11:00,351 : INFO : EventManager : Event: ======'machine_var_platform'====== Args={'value': 'Windows-7-6.1.7601-SP1', 'prev_value': None, 'change': True}
2022-09-02 14:11:00,351 : INFO : EventManager : Event: ======'machine_var_platform_system'====== Args={'value': 'Windows', 'prev_value': None, 'change': True}
2022-09-02 14:11:00,351 : INFO : EventManager : Event: ======'machine_var_platform_release'====== Args={'value': '7', 'prev_value': None, 'change': True}
2022-09-02 14:11:00,351 : INFO : EventManager : Event: ======'machine_var_platform_version'====== Args={'value': '6.1.7601', 'prev_value': None, 'change': True}
2022-09-02 14:11:00,351 : INFO : EventManager : Event: ======'machine_var_platform_machine'====== Args={'value': 'AMD64', 'prev_value': None, 'change': True}
2022-09-02 14:11:00,351 : INFO : EventManager : Event: ======'init_phase_1'====== Args={}
2022-09-02 14:11:00,426 : INFO : EventManager : Event: ======'drop_target_bank_main_up'====== Args={}
2022-09-02 14:11:00,438 : INFO : EventManager : Event: ======'init_phase_2'====== Args={}
2022-09-02 14:11:00,439 : INFO : SwitchController : Found active switch: (('06', 1), <Platform.FAST>) <switch.s_right_captive_ball>
2022-09-02 14:11:00,439 : INFO : SwitchController : Found active switch: (('13', 1), <Platform.FAST>) <switch.s_drain>
2022-09-02 14:11:00,482 : INFO : EventManager : Event: ======'bcp_connection_attempt'====== Args={'name': 'local_display', 'host': 'localhost', 'port': 5050}
2022-09-02 14:11:00,484 : INFO : BCPClientSocket : Connecting BCP to 'local_display' at localhost:5050...
2022-09-02 14:11:01,490 : WARNING : FAST : Port com7 was blocked for more than 1s. Reseting send queue! If this happens frequently report a bug!
2022-09-02 14:11:02,488 : WARNING : FAST : Port com7 was blocked for more than 1s. Reseting send queue! If this happens frequently report a bug!
2022-09-02 14:11:03,582 : INFO : BCPClientSocket : Connected BCP to 'local_display' localhost:5050
2022-09-02 14:11:03,584 : INFO : EventManager : Event: ======'bcp_clients_connected'====== Args={}
2022-09-02 14:11:03,594 : INFO : ball_device.bd_drain : BCH: Initial count: 1
2022-09-02 14:11:03,595 : INFO : EventManager : Event: ======'machine_var_mc_version'====== Args={'value': 'MPF-MC v0.55.0', 'prev_value': None, 'change': True}
2022-09-02 14:11:03,596 : INFO : EventManager : Event: ======'machine_var_mc_extended_version'====== Args={'value': 'MPF-MC v0.55.0 (config_version=5, BCP v1.1, Requires MPF v0.55.0-dev.49)', 'prev_value': None, 'change': True}
2022-09-02 14:11:03,599 : INFO : ball_device.bd_drain : State: idle
2022-09-02 14:11:03,625 : INFO : ball_device.bd_left_kicker : BCH: Initial count: 0
2022-09-02 14:11:03,626 : INFO : ball_device.bd_left_kicker : State: idle
2022-09-02 14:11:03,627 : INFO : ball_device.bd_right_kicker : BCH: Initial count: 0
2022-09-02 14:11:03,628 : INFO : ball_device.bd_right_kicker : State: idle
2022-09-02 14:11:03,704 : INFO : EventManager : Event: ======'init_phase_3'====== Args={}
2022-09-02 14:11:04,112 : INFO : EventManager : Event: ======'init_phase_4'====== Args={}
2022-09-02 14:11:04,117 : INFO : EventManager : Event: ======'playfield_active'====== Args={}
2022-09-02 14:11:04,117 : INFO : EventManager : Event: ======'unexpected_ball_on_playfield'====== Args={}
2022-09-02 14:11:04,117 : INFO : EventManager : Event: ======'playfield_active'====== Args={}
2022-09-02 14:11:04,117 : INFO : EventManager : Event: ======'unexpected_ball_on_playfield'====== Args={}
2022-09-02 14:11:04,117 : INFO : EventManager : Event: ======'playfield_active'====== Args={}
2022-09-02 14:11:04,117 : INFO : EventManager : Event: ======'unexpected_ball_on_playfield'====== Args={}
2022-09-02 14:11:04,117 : INFO : EventManager : Event: ======'playfield_active'====== Args={}
2022-09-02 14:11:04,117 : INFO : EventManager : Event: ======'unexpected_ball_on_playfield'====== Args={}
2022-09-02 14:11:04,117 : INFO : EventManager : Event: ======'playfield_active'====== Args={}
2022-09-02 14:11:04,117 : INFO : EventManager : Event: ======'unexpected_ball_on_playfield'====== Args={}
2022-09-02 14:11:04,118 : INFO : BallController : Initial balls found: 1
2022-09-02 14:11:04,120 : INFO : EventManager : Event: ======'machine_var_audits_events_game_ended'====== Args={'value': 0, 'prev_value': None, 'change': True}
2022-09-02 14:11:04,120 : INFO : EventManager : Event: ======'machine_var_audits_events_game_started'====== Args={'value': 0, 'prev_value': None, 'change': True}
2022-09-02 14:11:04,121 : INFO : EventManager : Event: ======'machine_var_audits_player_score'====== Args={'value': {'average': 14629973.862520454, 'top': [720234070, 507595620, 502234510, 210762830, 203435200, 198719690, 196999500, 195274570, 171491840, 161094530], 'total': 611}, 'prev_value': None, 'change': True}
2022-09-02 14:11:04,121 : INFO : EventManager : Event: ======'machine_var_audits_shots_center_drop_mission1'====== Args={'value': 594, 'prev_value': None, 'change': True}
2022-09-02 14:11:04,122 : INFO : EventManager : Event: ======'machine_var_audits_shots_center_target'====== Args={'value': 312, 'prev_value': None, 'change': True}
2022-09-02 14:11:04,122 : INFO : EventManager : Event: ======'machine_var_audits_shots_drop_target1_mission2'====== Args={'value': 242, 'prev_value': None, 'change': True}
2022-09-02 14:11:04,122 : INFO : EventManager : Event: ======'machine_var_audits_shots_drop_target2_mission2'====== Args={'value': 283, 'prev_value': None, 'change': True}
2022-09-02 14:11:04,123 : INFO : EventManager : Event: ======'machine_var_audits_shots_drop_target3_mission2'====== Args={'value': 330, 'prev_value': None, 'change': True}
2022-09-02 14:11:04,123 : INFO : EventManager : Event: ======'machine_var_audits_shots_drop_target4_mission2'====== Args={'value': 293, 'prev_value': None, 'change': True}
2022-09-02 14:11:04,123 : INFO : EventManager : Event: ======'machine_var_audits_shots_drop_target5_mission2'====== Args={'value': 251, 'prev_value': None, 'change': True}
2022-09-02 14:11:04,124 : INFO : EventManager : Event: ======'machine_var_audits_shots_drop_targets_mission3'====== Args={'value': 1592, 'prev_value': None, 'change': True}
2022-09-02 14:11:04,124 : INFO : EventManager : Event: ======'machine_var_audits_shots_galaxy_advance'====== Args={'value': 2801, 'prev_value': None, 'change': True}
2022-09-02 14:11:04,124 : INFO : EventManager : Event: ======'machine_var_audits_shots_l_lane'====== Args={'value': 669, 'prev_value': None, 'change': True}
2022-09-02 14:11:04,125 : INFO : EventManager : Event: ======'machine_var_audits_shots_left_kicker_mission2'====== Args={'value': 170, 'prev_value': None, 'change': True}
2022-09-02 14:11:04,125 : INFO : EventManager : Event: ======'machine_var_audits_shots_left_kicker_mission4'====== Args={'value': 124, 'prev_value': None, 'change': True}
2022-09-02 14:11:04,125 : INFO : EventManager : Event: ======'machine_var_audits_shots_left_loop_mission1'====== Args={'value': 664, 'prev_value': None, 'change': True}
2022-09-02 14:11:04,126 : INFO : EventManager : Event: ======'machine_var_audits_shots_left_loop_mission2'====== Args={'value': 282, 'prev_value': None, 'change': True}
2022-09-02 14:11:04,126 : INFO : EventManager : Event: ======'machine_var_audits_shots_left_loop_mission4'====== Args={'value': 397, 'prev_value': None, 'change': True}
2022-09-02 14:11:04,127 : INFO : EventManager : Event: ======'machine_var_audits_shots_portal_advance'====== Args={'value': 4987, 'prev_value': None, 'change': True}
2022-09-02 14:11:04,127 : INFO : EventManager : Event: ======'machine_var_audits_shots_r_lane'====== Args={'value': 584, 'prev_value': None, 'change': True}
2022-09-02 14:11:04,127 : INFO : EventManager : Event: ======'machine_var_audits_shots_right_kicker_mission2'====== Args={'value': 142, 'prev_value': None, 'change': True}
2022-09-02 14:11:04,128 : INFO : EventManager : Event: ======'machine_var_audits_shots_right_kicker_mission4'====== Args={'value': 141, 'prev_value': None, 'change': True}
2022-09-02 14:11:04,128 : INFO : EventManager : Event: ======'machine_var_audits_shots_right_loop_mission1'====== Args={'value': 768, 'prev_value': None, 'change': True}
2022-09-02 14:11:04,129 : INFO : EventManager : Event: ======'machine_var_audits_shots_right_loop_mission2'====== Args={'value': 329, 'prev_value': None, 'change': True}
2022-09-02 14:11:04,129 : INFO : EventManager : Event: ======'machine_var_audits_shots_right_loop_mission4'====== Args={'value': 455, 'prev_value': None, 'change': True}
2022-09-02 14:11:04,129 : INFO : EventManager : Event: ======'machine_var_audits_shots_warp_advance'====== Args={'value': 1146, 'prev_value': None, 'change': True}
2022-09-02 14:11:04,130 : INFO : EventManager : Event: ======'machine_var_audits_switches_s_action_button'====== Args={'value': 4247, 'prev_value': None, 'change': True}
2022-09-02 14:11:04,130 : INFO : EventManager : Event: ======'machine_var_audits_switches_s_drain'====== Args={'value': 2900, 'prev_value': None, 'change': True}
2022-09-02 14:11:04,131 : INFO : EventManager : Event: ======'machine_var_audits_switches_s_drop_target1'====== Args={'value': 2014, 'prev_value': None, 'change': True}
2022-09-02 14:11:04,131 : INFO : EventManager : Event: ======'machine_var_audits_switches_s_drop_target2'====== Args={'value': 2327, 'prev_value': None, 'change': True}
2022-09-02 14:11:04,132 : INFO : EventManager : Event: ======'machine_var_audits_switches_s_drop_target3'====== Args={'value': 2757, 'prev_value': None, 'change': True}
2022-09-02 14:11:04,132 : INFO : EventManager : Event: ======'machine_var_audits_switches_s_drop_target4'====== Args={'value': 2207, 'prev_value': None, 'change': True}
2022-09-02 14:11:04,132 : INFO : EventManager : Event: ======'machine_var_audits_switches_s_drop_target5'====== Args={'value': 2091, 'prev_value': None, 'change': True}
2022-09-02 14:11:04,133 : INFO : EventManager : Event: ======'machine_var_audits_switches_s_left_captive_ball'====== Args={'value': 508, 'prev_value': None, 'change': True}
2022-09-02 14:11:04,133 : INFO : EventManager : Event: ======'machine_var_audits_switches_s_left_flipper'====== Args={'value': 37530, 'prev_value': None, 'change': True}
2022-09-02 14:11:04,134 : INFO : EventManager : Event: ======'machine_var_audits_switches_s_left_inlane'====== Args={'value': 669, 'prev_value': None, 'change': True}
2022-09-02 14:11:04,134 : INFO : EventManager : Event: ======'machine_var_audits_switches_s_left_inlane_far'====== Args={'value': 4797, 'prev_value': None, 'change': True}
2022-09-02 14:11:04,135 : INFO : EventManager : Event: ======'machine_var_audits_switches_s_left_kicker'====== Args={'value': 1646, 'prev_value': None, 'change': True}
2022-09-02 14:11:04,135 : INFO : EventManager : Event: ======'machine_var_audits_switches_s_left_sling'====== Args={'value': 7377, 'prev_value': None, 'change': True}
2022-09-02 14:11:04,136 : INFO : EventManager : Event: ======'machine_var_audits_switches_s_left_spinner'====== Args={'value': 23289, 'prev_value': None, 'change': True}
2022-09-02 14:11:04,136 : INFO : EventManager : Event: ======'machine_var_audits_switches_s_right_captive_ball'====== Args={'value': 534, 'prev_value': None, 'change': True}
2022-09-02 14:11:04,136 : INFO : EventManager : Event: ======'machine_var_audits_switches_s_right_flipper'====== Args={'value': 34379, 'prev_value': None, 'change': True}
2022-09-02 14:11:04,137 : INFO : EventManager : Event: ======'machine_var_audits_switches_s_right_inlane'====== Args={'value': 584, 'prev_value': None, 'change': True}
2022-09-02 14:11:04,137 : INFO : EventManager : Event: ======'machine_var_audits_switches_s_right_inlane_far'====== Args={'value': 6741, 'prev_value': None, 'change': True}
2022-09-02 14:11:04,138 : INFO : EventManager : Event: ======'machine_var_audits_switches_s_right_kicker'====== Args={'value': 1805, 'prev_value': None, 'change': True}
2022-09-02 14:11:04,138 : INFO : EventManager : Event: ======'machine_var_audits_switches_s_right_sling'====== Args={'value': 14415, 'prev_value': None, 'change': True}
2022-09-02 14:11:04,139 : INFO : EventManager : Event: ======'machine_var_audits_switches_s_right_spinner'====== Args={'value': 17812, 'prev_value': None, 'change': True}
2022-09-02 14:11:04,139 : INFO : EventManager : Event: ======'machine_var_audits_switches_s_start'====== Args={'value': 411, 'prev_value': None, 'change': True}
2022-09-02 14:11:04,140 : INFO : EventManager : Event: ======'init_phase_5'====== Args={}
2022-09-02 14:11:04,146 : INFO : EventManager : Event: ======'init_done'====== Args={}
2022-09-02 14:11:04,146 : WARNING : FAST : Port NET received more messages than were sent! Resetting!
2022-09-02 14:11:04,146 : WARNING : FAST : Port NET received more messages than were sent! Resetting!
2022-09-02 14:11:04,146 : WARNING : FAST : Port NET received more messages than were sent! Resetting!
2022-09-02 14:11:04,146 : WARNING : FAST : Port NET received more messages than were sent! Resetting!
2022-09-02 14:11:04,147 : WARNING : FAST : Port NET received more messages than were sent! Resetting!
2022-09-02 14:11:04,147 : WARNING : FAST : Port NET received more messages than were sent! Resetting!
2022-09-02 14:11:04,147 : WARNING : FAST : Port NET received more messages than were sent! Resetting!
2022-09-02 14:11:04,147 : WARNING : FAST : Port NET received more messages than were sent! Resetting!
2022-09-02 14:11:04,147 : WARNING : FAST : Port NET received more messages than were sent! Resetting!
2022-09-02 14:11:04,147 : WARNING : FAST : Port NET received more messages than were sent! Resetting!
2022-09-02 14:11:04,147 : WARNING : FAST : Port NET received more messages than were sent! Resetting!
2022-09-02 14:11:04,147 : WARNING : FAST : Port NET received more messages than were sent! Resetting!
2022-09-02 14:11:04,147 : WARNING : FAST : Port NET received more messages than were sent! Resetting!
2022-09-02 14:11:04,147 : WARNING : FAST : Port NET received more messages than were sent! Resetting!
2022-09-02 14:11:04,147 : WARNING : FAST : Port NET received more messages than were sent! Resetting!
2022-09-02 14:11:04,147 : WARNING : FAST : Port NET received more messages than were sent! Resetting!
2022-09-02 14:11:04,147 : WARNING : FAST : Port NET received more messages than were sent! Resetting!
2022-09-02 14:11:04,147 : WARNING : FAST : Port NET received more messages than were sent! Resetting!
2022-09-02 14:11:04,148 : WARNING : FAST : Port NET received more messages than were sent! Resetting!
2022-09-02 14:11:04,148 : WARNING : FAST : Port NET received more messages than were sent! Resetting!
2022-09-02 14:11:04,148 : WARNING : FAST : Port NET received more messages than were sent! Resetting!
2022-09-02 14:11:04,148 : WARNING : FAST : Port NET received more messages than were sent! Resetting!
2022-09-02 14:11:04,148 : INFO : EventManager : Event: ======'machine_reset_phase_1'====== Args={}
2022-09-02 14:11:04,157 : INFO : EventManager : Event: ======'machine_reset_phase_2'====== Args={}
2022-09-02 14:11:04,158 : INFO : EventManager : Event: ======'machine_reset_phase_3'====== Args={}
2022-09-02 14:11:04,158 : INFO : EventManager : Event: ======'reset_complete'====== Args={}
2022-09-02 14:11:04,158 : INFO : EventManager : Event: ======'mode_attract_will_start'====== Args={}
2022-09-02 14:11:04,159 : INFO : EventManager : Event: ======'mode_attract_starting'====== Args={}
2022-09-02 14:11:04,159 : INFO : Mode.attract : Started. Priority: 10
2022-09-02 14:11:04,159 : INFO : EventManager : Event: ======'modes_active_modes_changed'====== Args={}
2022-09-02 14:11:04,159 : INFO : EventManager : Event: ======'mode_attract_started'====== Args={}
2022-09-02 14:11:04,162 : INFO : EventManager : Event: ======'collecting_balls_complete'====== Args={}
2022-09-02 14:11:04,179 : INFO : EventManager : Event: ======'slide_show_13.slide_player-0_created'====== Args={'_from_bcp': True}
2022-09-02 14:11:04,180 : INFO : EventManager : Event: ======'slide_show_13.slide_player-0_active'====== Args={'_from_bcp': True}
2022-09-02 14:11:04,181 : INFO : Machine : Starting the main run loop.
2022-09-02 14:11:05,103 : INFO : SwitchController : <<<<<<< 's_start' active >>>>>>>
2022-09-02 14:11:05,247 : INFO : SwitchController : <<<<<<< 's_start' inactive >>>>>>>
2022-09-02 14:11:05,247 : INFO : EventManager : Event: ======'request_to_start_game'====== Args={}
2022-09-02 14:11:05,248 : INFO : EventManager : Event: ======'game_start'====== Args={'buttons': [], 'hold_time': 0.13999999999941792}
2022-09-02 14:11:05,248 : INFO : EventManager : Event: ======'mode_game_will_start'====== Args={'buttons': [], 'hold_time': 0.13999999999941792}
2022-09-02 14:11:05,250 : INFO : EventManager : Event: ======'mode_game_starting'====== Args={'buttons': [], 'hold_time': 0.13999999999941792}
2022-09-02 14:11:05,250 : INFO : EventManager : Event: ======'mode_attract_will_stop'====== Args={}
2022-09-02 14:11:05,250 : INFO : EventManager : Event: ======'mode_attract_stopping'====== Args={}
2022-09-02 14:11:05,250 : INFO : Mode.attract : Stopped.
2022-09-02 14:11:05,250 : INFO : EventManager : Event: ======'modes_active_modes_changed'====== Args={}
2022-09-02 14:11:05,254 : INFO : EventManager : Event: ======'mode_attract_stopped'====== Args={}
2022-09-02 14:11:05,254 : INFO : EventManager : Event: ======'clear'====== Args={'key': 'attract'}
2022-09-02 14:11:05,254 : INFO : Mode.game : Started. Priority: 20
2022-09-02 14:11:05,254 : INFO : EventManager : Event: ======'modes_active_modes_changed'====== Args={}
2022-09-02 14:11:05,255 : INFO : EventManager : Event: ======'mode_game_started'====== Args={'buttons': [], 'hold_time': 0.13999999999941792}
2022-09-02 14:11:05,264 : INFO : EventManager : Event: ======'game_will_start'====== Args={}
2022-09-02 14:11:05,265 : INFO : EventManager : Event: ======'slide_show_13.slide_player-0_removed'====== Args={'_from_bcp': True}
2022-09-02 14:11:05,265 : INFO : EventManager : Event: ======'slide_window1_blank_active'====== Args={'_from_bcp': True}
2022-09-02 14:11:05,266 : INFO : EventManager : Event: ======'game_starting'====== Args={'game': <Mode.game>}
2022-09-02 14:11:05,267 : INFO : EventManager : Event: ======'player_add_request'====== Args={}
2022-09-02 14:11:05,268 : INFO : EventManager : Event: ======'player_will_add'====== Args={'number': 1}
2022-09-02 14:11:05,268 : INFO : EventManager : Event: ======'player_adding'====== Args={'player': <Player 1>, 'number': 1}
2022-09-02 14:11:05,268 : INFO : EventManager : Event: ======'player_added'====== Args={'player': <Player 1>, 'num': 1}
2022-09-02 14:11:05,268 : INFO : Mode.game : Player added successfully. Total players: 1
2022-09-02 14:11:05,269 : INFO : EventManager : Event: ======'player_index'====== Args={'value': 0, 'prev_value': 0, 'change': 0, 'player_num': 1}
2022-09-02 14:11:05,269 : INFO : EventManager : Event: ======'player_number'====== Args={'value': 1, 'prev_value': 1, 'change': 0, 'player_num': 1}
2022-09-02 14:11:05,270 : INFO : EventManager : Event: ======'player_mode_value'====== Args={'value': 1000000, 'prev_value': 1000000, 'change': 0, 'player_num': 1}
2022-09-02 14:11:05,270 : INFO : EventManager : Event: ======'player_bonus_multiplier'====== Args={'value': 1, 'prev_value': 1, 'change': 0, 'player_num': 1}
2022-09-02 14:11:05,271 : INFO : EventManager : Event: ======'player_playfield_multiplier'====== Args={'value': 1, 'prev_value': 1, 'change': 0, 'player_num': 1}
2022-09-02 14:11:05,272 : INFO : EventManager : Event: ======'player_score'====== Args={'value': 0, 'prev_value': 0, 'change': 0, 'player_num': 1}
2022-09-02 14:11:05,273 : INFO : EventManager : Event: ======'game_started'====== Args={}
2022-09-02 14:11:05,309 : INFO : EventManager : Event: ======'player_turn_will_start'====== Args={'player': <Player 1>, 'number': 1}
2022-09-02 14:11:05,311 : INFO : EventManager : Event: ======'player_turn_starting'====== Args={'player': <Player 1>, 'number': 1}
2022-09-02 14:11:05,312 : INFO : EventManager : Event: ======'player_ball'====== Args={'value': 1, 'prev_value': 0, 'change': 1, 'player_num': 1}
2022-09-02 14:11:05,312 : INFO : EventManager : Event: ======'player_turn_started'====== Args={'player': <Player 1>, 'number': 1}
2022-09-02 14:11:05,314 : INFO : EventManager : Event: ======'ball_will_start'====== Args={'player': 1, 'ball': 1, 'balls_remaining': 2, 'is_extra_ball': False}
2022-09-02 14:11:05,320 : INFO : EventManager : Event: ======'ball_starting'====== Args={'player': 1, 'ball': 1, 'balls_remaining': 2, 'is_extra_ball': False}
2022-09-02 14:11:05,321 : INFO : EventManager : Event: ======'balls_in_play'====== Args={'balls': 1}
2022-09-02 14:11:05,321 : INFO : EventManager : Event: ======'ball_started'====== Args={'player': 1, 'ball': 1, 'balls_remaining': 2, 'is_extra_ball': False}
2022-09-02 14:11:05,321 : INFO : EventManager : Event: ======'mode_combos_will_start'====== Args={'player': 1, 'ball': 1, 'balls_remaining': 2, 'is_extra_ball': False}
2022-09-02 14:11:05,326 : INFO : EventManager : Event: ======'mode_combos_starting'====== Args={'player': 1, 'ball': 1, 'balls_remaining': 2, 'is_extra_ball': False}
2022-09-02 14:11:05,326 : INFO : EventManager : Event: ======'mode_super_features_will_start'====== Args={'player': 1, 'ball': 1, 'balls_remaining': 2, 'is_extra_ball': False}
2022-09-02 14:11:05,326 : INFO : EventManager : Event: ======'achievement_super_spinners_changed_state'====== Args={'restore': False, 'state': 'disabled', 'selected': False}
2022-09-02 14:11:05,327 : INFO : EventManager : Event: ======'achievement_super_spinners_state_disabled'====== Args={'restore': False, 'state': 'disabled', 'selected': False}
2022-09-02 14:11:05,327 : INFO : EventManager : Event: ======'achievement_super_targets_changed_state'====== Args={'restore': False, 'state': 'disabled', 'selected': False}
2022-09-02 14:11:05,327 : INFO : EventManager : Event: ======'achievement_super_targets_state_disabled'====== Args={'restore': False, 'state': 'disabled', 'selected': False}
2022-09-02 14:11:05,327 : INFO : EventManager : Event: ======'achievement_super_lanes_changed_state'====== Args={'restore': False, 'state': 'disabled', 'selected': False}
2022-09-02 14:11:05,327 : INFO : EventManager : Event: ======'achievement_super_lanes_state_disabled'====== Args={'restore': False, 'state': 'disabled', 'selected': False}
2022-09-02 14:11:05,327 : INFO : EventManager : Event: ======'achievement_super_slings_changed_state'====== Args={'restore': False, 'state': 'disabled', 'selected': False}
2022-09-02 14:11:05,327 : INFO : EventManager : Event: ======'achievement_super_slings_state_disabled'====== Args={'restore': False, 'state': 'disabled', 'selected': False}
2022-09-02 14:11:05,329 : INFO : EventManager : Event: ======'mode_super_features_starting'====== Args={'player': 1, 'ball': 1, 'balls_remaining': 2, 'is_extra_ball': False}
2022-09-02 14:11:05,329 : INFO : EventManager : Event: ======'mode_base_will_start'====== Args={'player': 1, 'ball': 1, 'balls_remaining': 2, 'is_extra_ball': False}
2022-09-02 14:11:05,329 : INFO : EventManager : Event: ======'player_shot_l_lane_enabled'====== Args={'value': True, 'prev_value': 0, 'change': 1, 'player_num': 1}
2022-09-02 14:11:05,329 : INFO : EventManager : Event: ======'player_shot_r_lane_enabled'====== Args={'value': True, 'prev_value': 0, 'change': 1, 'player_num': 1}
2022-09-02 14:11:05,330 : INFO : EventManager : Event: ======'player_shot_center_target_enabled'====== Args={'value': True, 'prev_value': 0, 'change': 1, 'player_num': 1}
2022-09-02 14:11:05,330 : INFO : EventManager : Event: ======'bonus_lanes_complete'====== Args={'state': 'unlit'}
2022-09-02 14:11:05,330 : INFO : EventManager : Event: ======'bonus_lanes_unlit_complete'====== Args={}
2022-09-02 14:11:05,331 : INFO : EventManager : Event: ======'player_extra_ball_two_modes_complete_num_awarded'====== Args={'value': 0, 'prev_value': 0, 'change': 0, 'player_num': 1}
2022-09-02 14:11:05,331 : INFO : EventManager : Event: ======'achievement_mission1_changed_state'====== Args={'restore': False, 'state': 'disabled', 'selected': False}
2022-09-02 14:11:05,331 : INFO : EventManager : Event: ======'achievement_mission1_state_disabled'====== Args={'restore': False, 'state': 'disabled', 'selected': False}
2022-09-02 14:11:05,331 : INFO : EventManager : Event: ======'achievement_mission2_changed_state'====== Args={'restore': False, 'state': 'disabled', 'selected': False}
2022-09-02 14:11:05,331 : INFO : EventManager : Event: ======'achievement_mission2_state_disabled'====== Args={'restore': False, 'state': 'disabled', 'selected': False}
2022-09-02 14:11:05,331 : INFO : EventManager : Event: ======'achievement_mission3_changed_state'====== Args={'restore': False, 'state': 'disabled', 'selected': False}
2022-09-02 14:11:05,332 : INFO : EventManager : Event: ======'achievement_mission3_state_disabled'====== Args={'restore': False, 'state': 'disabled', 'selected': False}
2022-09-02 14:11:05,332 : INFO : EventManager : Event: ======'achievement_mission4_changed_state'====== Args={'restore': False, 'state': 'disabled', 'selected': False}
2022-09-02 14:11:05,332 : INFO : EventManager : Event: ======'achievement_mission4_state_disabled'====== Args={'restore': False, 'state': 'disabled', 'selected': False}
2022-09-02 14:11:05,341 : INFO : EventManager : Event: ======'mode_base_starting'====== Args={'player': 1, 'ball': 1, 'balls_remaining': 2, 'is_extra_ball': False}
2022-09-02 14:11:05,341 : INFO : drop_target_bank.main : All targets are already up. Will not reset bank.
2022-09-02 14:11:05,342 : INFO : Mode.super_features : Started. Priority: 100
2022-09-02 14:11:05,342 : INFO : EventManager : Event: ======'modes_active_modes_changed'====== Args={}
2022-09-02 14:11:05,342 : INFO : EventManager : Event: ======'mode_super_features_started'====== Args={'player': 1, 'ball': 1, 'balls_remaining': 2, 'is_extra_ball': False}
2022-09-02 14:11:05,342 : INFO : Mode.combos : Started. Priority: 700
2022-09-02 14:11:05,343 : INFO : EventManager : Event: ======'modes_active_modes_changed'====== Args={}
2022-09-02 14:11:05,343 : INFO : EventManager : Event: ======'mode_combos_started'====== Args={'player': 1, 'ball': 1, 'balls_remaining': 2, 'is_extra_ball': False}
2022-09-02 14:11:05,344 : INFO : EventManager : Event: ======'logicblock_mode_completion_counter_updated'====== Args={'value': 0, 'enabled': True}
2022-09-02 14:11:05,344 : INFO : EventManager : Event: ======'logicblock_mode_completion_counter_updated'====== Args={'value': 0, 'enabled': True}
2022-09-02 14:11:05,344 : INFO : Mode.base : Started. Priority: 100
2022-09-02 14:11:05,344 : INFO : EventManager : Event: ======'modes_active_modes_changed'====== Args={}
2022-09-02 14:11:05,344 : INFO : EventManager : Event: ======'mode_base_started'====== Args={'player': 1, 'ball': 1, 'balls_remaining': 2, 'is_extra_ball': False}
2022-09-02 14:11:05,344 : INFO : EventManager : Event: ======'ball_save_base_save_enabled'====== Args={}
2022-09-02 14:11:05,344 : INFO : EventManager : Event: ======'mode_spell_galaxy_will_start'====== Args={'player': 1, 'ball': 1, 'balls_remaining': 2, 'is_extra_ball': False}
2022-09-02 14:11:05,345 : INFO : EventManager : Event: ======'player_shot_galaxy_advance_enabled'====== Args={'value': True, 'prev_value': 0, 'change': 1, 'player_num': 1}
2022-09-02 14:11:05,347 : INFO : EventManager : Event: ======'mode_spell_galaxy_starting'====== Args={'player': 1, 'ball': 1, 'balls_remaining': 2, 'is_extra_ball': False}
2022-09-02 14:11:05,347 : INFO : EventManager : Event: ======'mode_spell_portal_will_start'====== Args={'player': 1, 'ball': 1, 'balls_remaining': 2, 'is_extra_ball': False}
2022-09-02 14:11:05,347 : INFO : EventManager : Event: ======'player_shot_portal_advance_enabled'====== Args={'value': True, 'prev_value': 0, 'change': 1, 'player_num': 1}
2022-09-02 14:11:05,349 : INFO : EventManager : Event: ======'mode_spell_portal_starting'====== Args={'player': 1, 'ball': 1, 'balls_remaining': 2, 'is_extra_ball': False}
2022-09-02 14:11:05,349 : INFO : EventManager : Event: ======'mode_add_mode_value_will_start'====== Args={'player': 1, 'ball': 1, 'balls_remaining': 2, 'is_extra_ball': False}
2022-09-02 14:11:05,350 : INFO : EventManager : Event: ======'mode_add_mode_value_starting'====== Args={'player': 1, 'ball': 1, 'balls_remaining': 2, 'is_extra_ball': False}
2022-09-02 14:11:05,350 : INFO : EventManager : Event: ======'mode_spell_warp_will_start'====== Args={'player': 1, 'ball': 1, 'balls_remaining': 2, 'is_extra_ball': False}
2022-09-02 14:11:05,350 : INFO : EventManager : Event: ======'player_shot_warp_advance_enabled'====== Args={'value': True, 'prev_value': 0, 'change': 1, 'player_num': 1}
2022-09-02 14:11:05,352 : INFO : EventManager : Event: ======'mode_spell_warp_starting'====== Args={'player': 1, 'ball': 1, 'balls_remaining': 2, 'is_extra_ball': False}
2022-09-02 14:11:05,353 : INFO : drop_target_bank.main : All targets are already up. Will not reset bank.
2022-09-02 14:11:05,353 : INFO : Mode.add_mode_value : Started. Priority: 200
2022-09-02 14:11:05,353 : INFO : EventManager : Event: ======'modes_active_modes_changed'====== Args={}
2022-09-02 14:11:05,353 : INFO : EventManager : Event: ======'mode_add_mode_value_started'====== Args={'player': 1, 'ball': 1, 'balls_remaining': 2, 'is_extra_ball': False}
2022-09-02 14:11:05,353 : INFO : EventManager : Event: ======'single_player_ball_started'====== Args={}
2022-09-02 14:11:05,373 : INFO : EventManager : Event: ======'logicblock_galaxy_counter_updated'====== Args={'value': 0, 'enabled': True}
2022-09-02 14:11:05,373 : INFO : EventManager : Event: ======'logicblock_galaxy_counter_updated'====== Args={'value': 0, 'enabled': True}
2022-09-02 14:11:05,373 : INFO : Mode.spell_galaxy : Started. Priority: 200
2022-09-02 14:11:05,373 : INFO : EventManager : Event: ======'modes_active_modes_changed'====== Args={}
2022-09-02 14:11:05,373 : INFO : EventManager : Event: ======'mode_spell_galaxy_started'====== Args={'player': 1, 'ball': 1, 'balls_remaining': 2, 'is_extra_ball': False}
2022-09-02 14:11:05,373 : INFO : EventManager : Event: ======'logicblock_portal_counter_updated'====== Args={'value': 0, 'enabled': True}
2022-09-02 14:11:05,373 : INFO : EventManager : Event: ======'logicblock_portal_counter_updated'====== Args={'value': 0, 'enabled': True}
2022-09-02 14:11:05,373 : INFO : Mode.spell_portal : Started. Priority: 200
2022-09-02 14:11:05,373 : INFO : EventManager : Event: ======'modes_active_modes_changed'====== Args={}
2022-09-02 14:11:05,373 : INFO : EventManager : Event: ======'mode_spell_portal_started'====== Args={'player': 1, 'ball': 1, 'balls_remaining': 2, 'is_extra_ball': False}
2022-09-02 14:11:05,374 : INFO : EventManager : Event: ======'logicblock_warp_counter_updated'====== Args={'value': 0, 'enabled': True}
2022-09-02 14:11:05,374 : INFO : EventManager : Event: ======'logicblock_warp_counter_updated'====== Args={'value': 0, 'enabled': True}
2022-09-02 14:11:05,374 : INFO : Mode.spell_warp : Started. Priority: 200
2022-09-02 14:11:05,374 : INFO : EventManager : Event: ======'modes_active_modes_changed'====== Args={}
2022-09-02 14:11:05,374 : INFO : EventManager : Event: ======'mode_spell_warp_started'====== Args={'player': 1, 'ball': 1, 'balls_remaining': 2, 'is_extra_ball': False}
2022-09-02 14:11:05,375 : INFO : EventManager : Event: ======'achievement_super_spinners_changed_state'====== Args={'restore': False, 'state': 'enabled', 'selected': False}
2022-09-02 14:11:05,375 : INFO : EventManager : Event: ======'achievement_super_spinners_state_enabled'====== Args={'restore': False, 'state': 'enabled', 'selected': False}
2022-09-02 14:11:05,375 : INFO : EventManager : Event: ======'achievement_super_targets_changed_state'====== Args={'restore': False, 'state': 'enabled', 'selected': False}
2022-09-02 14:11:05,375 : INFO : EventManager : Event: ======'achievement_super_targets_state_enabled'====== Args={'restore': False, 'state': 'enabled', 'selected': False}
2022-09-02 14:11:05,375 : INFO : EventManager : Event: ======'achievement_super_lanes_changed_state'====== Args={'restore': False, 'state': 'enabled', 'selected': False}
2022-09-02 14:11:05,375 : INFO : EventManager : Event: ======'achievement_super_lanes_state_enabled'====== Args={'restore': False, 'state': 'enabled', 'selected': False}
2022-09-02 14:11:05,376 : INFO : EventManager : Event: ======'achievement_super_slings_changed_state'====== Args={'restore': False, 'state': 'enabled', 'selected': False}
2022-09-02 14:11:05,376 : INFO : EventManager : Event: ======'achievement_super_slings_state_enabled'====== Args={'restore': False, 'state': 'enabled', 'selected': False}
2022-09-02 14:11:05,376 : INFO : EventManager : Event: ======'achievement_super_slings_changed_state'====== Args={'restore': False, 'state': 'enabled', 'selected': True}
2022-09-02 14:11:05,376 : INFO : EventManager : Event: ======'achievement_super_slings_state_enabled'====== Args={'restore': False, 'state': 'enabled', 'selected': True}
2022-09-02 14:11:05,376 : INFO : EventManager : Event: ======'achievement_super_slings_state_selected'====== Args={'restore': False, 'state': 'enabled', 'selected': True}
2022-09-02 14:11:05,378 : INFO : EventManager : Event: ======'ball_start_target'====== Args={'target': 'playfield'}
2022-09-02 14:11:05,397 : INFO : ball_device.bd_drain : Setting up player-controlled eject. Balls: 1, Target: <playfield.playfield>, player_controlled_eject_event: s_action_button_active
2022-09-02 14:11:05,397 : INFO : EventManager : Event: ======'balldevice_balls_available'====== Args={}
2022-09-02 14:11:05,398 : INFO : EventManager : Event: ======'slide_score_slide_created'====== Args={'_from_bcp': True}
2022-09-02 14:11:05,399 : INFO : EventManager : Event: ======'slide_score_slide_active'====== Args={'_from_bcp': True}
2022-09-02 14:11:05,401 : INFO : ball_device.bd_drain : State: waiting_for_target_ready
2022-09-02 14:11:05,402 : INFO : EventManager : Event: ======'balldevice_bd_drain_ball_eject_attempt'====== Args={'balls': 1, 'target': <playfield.playfield>, 'source': <ball_device.bd_drain>, 'mechanical_eject': True, 'num_attempts': 0}
2022-09-02 14:11:05,402 : INFO : ball_device.bd_drain : State: ejecting
2022-09-02 14:11:05,403 : INFO : ball_device.bd_drain : Ejecting ball to <playfield.playfield>
2022-09-02 14:11:05,403 : INFO : EventManager : Event: ======'balldevice_bd_drain_ejecting_ball'====== Args={'balls': 1, 'target': <playfield.playfield>, 'source': <ball_device.bd_drain>, 'mechanical_eject': True, 'num_attempts': 0}
2022-09-02 14:11:05,404 : INFO : ball_device.bd_drain : Wait for ball to leave device
2022-09-02 14:11:06,175 : INFO : SwitchController : <<<<<<< 's_action_button' active >>>>>>>
2022-09-02 14:11:06,175 : INFO : EventManager : Event: ======'s_action_button_active'====== Args={}
2022-09-02 14:11:06,176 : INFO : EventManager : Event: ======'machine_var_audits_switches_s_action_button'====== Args={'value': 4248, 'prev_value': 4247, 'change': 1}
2022-09-02 14:11:06,177 : INFO : EventManager : Event: ======'ball_save_base_save_timer_start'====== Args={}
2022-09-02 14:11:06,186 : INFO : coil.c_drain_eject : Pulsing Driver for 30ms (1.0 pulse_power)
2022-09-02 14:11:06,367 : INFO : SwitchController : <<<<<<< 's_drain' inactive >>>>>>>
2022-09-02 14:11:06,367 : INFO : EventManager : Event: ======'s_drain_inactive'====== Args={}
2022-09-02 14:11:06,375 : INFO : ball_device.bd_drain : State: ball_left
2022-09-02 14:11:06,375 : INFO : ball_device.bd_drain : Ball left
2022-09-02 14:11:06,375 : INFO : ball_device.bd_drain : Wait for confirm with timeout 1.0
2022-09-02 14:11:06,399 : INFO : SwitchController : <<<<<<< 's_action_button' inactive >>>>>>>
2022-09-02 14:11:06,991 : INFO : SwitchController : <<<<<<< 's_left_sling' active >>>>>>>
2022-09-02 14:11:06,991 : INFO : EventManager : Event: ======'s_left_sling_active'====== Args={}
2022-09-02 14:11:06,992 : INFO : EventManager : Event: ======'machine_var_audits_switches_s_left_sling'====== Args={'value': 7378, 'prev_value': 7377, 'change': 1}
2022-09-02 14:11:06,994 : INFO : EventManager : Event: ======'player_score'====== Args={'value': 1110, 'prev_value': 0, 'change': 1110, 'player_num': 1}
2022-09-02 14:11:06,994 : INFO : EventManager : Event: ======'player_switches'====== Args={'value': 1, 'prev_value': 0, 'change': 1, 'player_num': 1}
2022-09-02 14:11:07,013 : INFO : SwitchController : <<<<<<< 's_left_sling' inactive >>>>>>>
2022-09-02 14:11:07,371 : INFO : ball_device.bd_drain : State: failed_confirm
2022-09-02 14:11:07,371 : INFO : ball_device.bd_drain : Got timeout (1.0s) before confirm from <playfield.playfield>
2022-09-02 14:11:07,464 : INFO : ball_device.bd_drain : Confirming eject because target is playfield and ball did not return.
2022-09-02 14:11:07,464 : INFO : ball_device.bd_drain : Eject successful
2022-09-02 14:11:07,464 : INFO : EventManager : Event: ======'balldevice_bd_drain_ball_eject_success'====== Args={'balls': 1, 'target': <playfield.playfield>}
2022-09-02 14:11:07,465 : INFO : EventManager : Event: ======'balldevice_playfield_ball_enter'====== Args={'new_balls': 1, 'unclaimed_balls': 1, 'device': <playfield.playfield>}
2022-09-02 14:11:07,465 : INFO : EventManager : Event: ======'playfield_ball_count_change'====== Args={'balls': 1, 'change': 1}
2022-09-02 14:11:07,465 : INFO : EventManager : Event: ======'balldevice_bd_drain_ball_count_changed'====== Args={'balls': 0}
2022-09-02 14:11:07,465 : INFO : ball_device.bd_drain : State: idle
2022-09-02 14:11:07,583 : INFO : SwitchController : <<<<<<< 's_left_flipper' active >>>>>>>
2022-09-02 14:11:07,584 : INFO : EventManager : Event: ======'s_left_flipper_active'====== Args={}
2022-09-02 14:11:07,584 : INFO : EventManager : Event: ======'machine_var_audits_switches_s_left_flipper'====== Args={'value': 37531, 'prev_value': 37530, 'change': 1}
2022-09-02 14:11:08,879 : INFO : SwitchController : <<<<<<< 's_left_flipper' inactive >>>>>>>
2022-09-02 14:11:10,126 : INFO : SwitchController : <<<<<<< 's_left_inlane_far' active >>>>>>>
2022-09-02 14:11:10,126 : INFO : EventManager : Event: ======'s_left_inlane_far_active'====== Args={}
2022-09-02 14:11:10,127 : INFO : EventManager : Event: ======'machine_var_audits_switches_s_left_inlane_far'====== Args={'value': 4798, 'prev_value': 4797, 'change': 1}
2022-09-02 14:11:10,129 : INFO : EventManager : Event: ======'player_shot_galaxy_advance'====== Args={'value': 1, 'prev_value': 0, 'change': 1, 'player_num': 1}
2022-09-02 14:11:10,134 : INFO : EventManager : Event: ======'machine_var_audits_shots_galaxy_advance'====== Args={'value': 2802, 'prev_value': 2801, 'change': 1}
2022-09-02 14:11:10,140 : INFO : EventManager : Event: ======'galaxy_advance_hit'====== Args={'profile': 'default', 'state': 'unlit', 'advancing': True}
2022-09-02 14:11:10,141 : INFO : EventManager : Event: ======'galaxy_advance_default_hit'====== Args={'profile': 'default', 'state': 'unlit', 'advancing': True}
2022-09-02 14:11:10,141 : INFO : EventManager : Event: ======'galaxy_advance_default_unlit_hit'====== Args={'profile': 'default', 'state': 'unlit', 'advancing': True}
2022-09-02 14:11:10,141 : INFO : EventManager : Event: ======'galaxy_advance_unlit_hit'====== Args={'profile': 'default', 'state': 'unlit', 'advancing': True}
2022-09-02 14:11:10,141 : INFO : EventManager : Event: ======'player_score'====== Args={'value': 31110, 'prev_value': 1110, 'change': 30000, 'player_num': 1}
2022-09-02 14:11:10,148 : INFO : EventManager : Event: ======'player_switches'====== Args={'value': 2, 'prev_value': 1, 'change': 1, 'player_num': 1}
2022-09-02 14:11:10,148 : INFO : EventManager : Event: ======'player_combos_combo_timer_tick'====== Args={'value': 6, 'prev_value': 0, 'change': 6, 'player_num': 1}
2022-09-02 14:11:10,149 : INFO : Timer.combo_timer : Starting Timer.
2022-09-02 14:11:10,149 : INFO : EventManager : Event: ======'timer_combo_timer_started'====== Args={'ticks': 6, 'ticks_remaining': 6}
2022-09-02 14:11:10,150 : INFO : EventManager : Event: ======'timer_combo_timer_tick'====== Args={'ticks': 6, 'ticks_remaining': 6}
2022-09-02 14:11:10,150 : INFO : EventManager : Event: ======'logicblock_galaxy_counter_updated'====== Args={'value': 1, 'enabled': True}
2022-09-02 14:11:10,150 : INFO : EventManager : Event: ======'counter_galaxy_counter_hit'====== Args={'count': 1, 'hits': 1, 'remaining': 5}
2022-09-02 14:11:10,150 : INFO : EventManager : Event: ======'logicblock_galaxy_counter_hit'====== Args={'count': 1, 'hits': 1, 'remaining': 5}
2022-09-02 14:11:10,254 : INFO : SwitchController : <<<<<<< 's_left_inlane_far' inactive >>>>>>>
2022-09-02 14:11:10,638 : INFO : SwitchController : <<<<<<< 's_left_inlane_far' active >>>>>>>
2022-09-02 14:11:10,639 : INFO : EventManager : Event: ======'s_left_inlane_far_active'====== Args={}
2022-09-02 14:11:10,639 : INFO : EventManager : Event: ======'machine_var_audits_switches_s_left_inlane_far'====== Args={'value': 4799, 'prev_value': 4798, 'change': 1}
2022-09-02 14:11:10,641 : INFO : EventManager : Event: ======'machine_var_audits_shots_galaxy_advance'====== Args={'value': 2803, 'prev_value': 2802, 'change': 1}
2022-09-02 14:11:10,642 : INFO : EventManager : Event: ======'galaxy_advance_hit'====== Args={'profile': 'default', 'state': 'lit', 'advancing': False}
2022-09-02 14:11:10,643 : INFO : EventManager : Event: ======'galaxy_advance_default_hit'====== Args={'profile': 'default', 'state': 'lit', 'advancing': False}
2022-09-02 14:11:10,643 : INFO : EventManager : Event: ======'galaxy_advance_default_lit_hit'====== Args={'profile': 'default', 'state': 'lit', 'advancing': False}
2022-09-02 14:11:10,643 : INFO : EventManager : Event: ======'galaxy_advance_lit_hit'====== Args={'profile': 'default', 'state': 'lit', 'advancing': False}
2022-09-02 14:11:10,643 : INFO : EventManager : Event: ======'player_score'====== Args={'value': 61110, 'prev_value': 31110, 'change': 30000, 'player_num': 1}
2022-09-02 14:11:10,644 : INFO : EventManager : Event: ======'player_switches'====== Args={'value': 3, 'prev_value': 2, 'change': 1, 'player_num': 1}
2022-09-02 14:11:10,645 : INFO : EventManager : Event: ======'logicblock_galaxy_counter_updated'====== Args={'value': 2, 'enabled': True}
2022-09-02 14:11:10,645 : INFO : EventManager : Event: ======'counter_galaxy_counter_hit'====== Args={'count': 2, 'hits': 2, 'remaining': 4}
2022-09-02 14:11:10,645 : INFO : EventManager : Event: ======'logicblock_galaxy_counter_hit'====== Args={'count': 2, 'hits': 2, 'remaining': 4}
2022-09-02 14:11:10,718 : INFO : SwitchController : <<<<<<< 's_left_inlane_far' inactive >>>>>>>
2022-09-02 14:11:11,070 : INFO : SwitchController : <<<<<<< 's_left_inlane_far' active >>>>>>>
2022-09-02 14:11:11,070 : INFO : EventManager : Event: ======'s_left_inlane_far_active'====== Args={}
2022-09-02 14:11:11,071 : INFO : EventManager : Event: ======'machine_var_audits_switches_s_left_inlane_far'====== Args={'value': 4800, 'prev_value': 4799, 'change': 1}
2022-09-02 14:11:11,073 : INFO : EventManager : Event: ======'machine_var_audits_shots_galaxy_advance'====== Args={'value': 2804, 'prev_value': 2803, 'change': 1}
2022-09-02 14:11:11,074 : INFO : EventManager : Event: ======'galaxy_advance_hit'====== Args={'profile': 'default', 'state': 'lit', 'advancing': False}
2022-09-02 14:11:11,074 : INFO : EventManager : Event: ======'galaxy_advance_default_hit'====== Args={'profile': 'default', 'state': 'lit', 'advancing': False}
2022-09-02 14:11:11,074 : INFO : EventManager : Event: ======'galaxy_advance_default_lit_hit'====== Args={'profile': 'default', 'state': 'lit', 'advancing': False}
2022-09-02 14:11:11,075 : INFO : EventManager : Event: ======'galaxy_advance_lit_hit'====== Args={'profile': 'default', 'state': 'lit', 'advancing': False}
2022-09-02 14:11:11,075 : INFO : EventManager : Event: ======'player_score'====== Args={'value': 91110, 'prev_value': 61110, 'change': 30000, 'player_num': 1}
2022-09-02 14:11:11,076 : INFO : EventManager : Event: ======'player_switches'====== Args={'value': 4, 'prev_value': 3, 'change': 1, 'player_num': 1}
2022-09-02 14:11:11,077 : INFO : EventManager : Event: ======'logicblock_galaxy_counter_updated'====== Args={'value': 3, 'enabled': True}
2022-09-02 14:11:11,077 : INFO : EventManager : Event: ======'counter_galaxy_counter_hit'====== Args={'count': 3, 'hits': 3, 'remaining': 3}
2022-09-02 14:11:11,077 : INFO : EventManager : Event: ======'logicblock_galaxy_counter_hit'====== Args={'count': 3, 'hits': 3, 'remaining': 3}
2022-09-02 14:11:11,183 : INFO : SwitchController : <<<<<<< 's_left_inlane_far' inactive >>>>>>>
2022-09-02 14:11:11,534 : INFO : SwitchController : <<<<<<< 's_left_inlane_far' active >>>>>>>
2022-09-02 14:11:11,534 : INFO : EventManager : Event: ======'s_left_inlane_far_active'====== Args={}
2022-09-02 14:11:11,535 : INFO : EventManager : Event: ======'machine_var_audits_switches_s_left_inlane_far'====== Args={'value': 4801, 'prev_value': 4800, 'change': 1}
2022-09-02 14:11:11,537 : INFO : EventManager : Event: ======'machine_var_audits_shots_galaxy_advance'====== Args={'value': 2805, 'prev_value': 2804, 'change': 1}
2022-09-02 14:11:11,538 : INFO : EventManager : Event: ======'galaxy_advance_hit'====== Args={'profile': 'default', 'state': 'lit', 'advancing': False}
2022-09-02 14:11:11,538 : INFO : EventManager : Event: ======'galaxy_advance_default_hit'====== Args={'profile': 'default', 'state': 'lit', 'advancing': False}
2022-09-02 14:11:11,539 : INFO : EventManager : Event: ======'galaxy_advance_default_lit_hit'====== Args={'profile': 'default', 'state': 'lit', 'advancing': False}
2022-09-02 14:11:11,539 : INFO : EventManager : Event: ======'galaxy_advance_lit_hit'====== Args={'profile': 'default', 'state': 'lit', 'advancing': False}
2022-09-02 14:11:11,539 : INFO : EventManager : Event: ======'player_score'====== Args={'value': 121110, 'prev_value': 91110, 'change': 30000, 'player_num': 1}
2022-09-02 14:11:11,540 : INFO : EventManager : Event: ======'player_switches'====== Args={'value': 5, 'prev_value': 4, 'change': 1, 'player_num': 1}
2022-09-02 14:11:11,541 : INFO : EventManager : Event: ======'logicblock_galaxy_counter_updated'====== Args={'value': 4, 'enabled': True}
2022-09-02 14:11:11,541 : INFO : EventManager : Event: ======'counter_galaxy_counter_hit'====== Args={'count': 4, 'hits': 4, 'remaining': 2}
2022-09-02 14:11:11,541 : INFO : EventManager : Event: ======'logicblock_galaxy_counter_hit'====== Args={'count': 4, 'hits': 4, 'remaining': 2}
2022-09-02 14:11:11,630 : INFO : SwitchController : <<<<<<< 's_left_inlane_far' inactive >>>>>>>
2022-09-02 14:11:11,966 : INFO : SwitchController : <<<<<<< 's_left_inlane_far' active >>>>>>>
2022-09-02 14:11:11,966 : INFO : EventManager : Event: ======'s_left_inlane_far_active'====== Args={}
2022-09-02 14:11:11,967 : INFO : EventManager : Event: ======'machine_var_audits_switches_s_left_inlane_far'====== Args={'value': 4802, 'prev_value': 4801, 'change': 1}
2022-09-02 14:11:11,969 : INFO : EventManager : Event: ======'machine_var_audits_shots_galaxy_advance'====== Args={'value': 2806, 'prev_value': 2805, 'change': 1}
2022-09-02 14:11:11,970 : INFO : EventManager : Event: ======'galaxy_advance_hit'====== Args={'profile': 'default', 'state': 'lit', 'advancing': False}
2022-09-02 14:11:11,970 : INFO : EventManager : Event: ======'galaxy_advance_default_hit'====== Args={'profile': 'default', 'state': 'lit', 'advancing': False}
2022-09-02 14:11:11,970 : INFO : EventManager : Event: ======'galaxy_advance_default_lit_hit'====== Args={'profile': 'default', 'state': 'lit', 'advancing': False}
2022-09-02 14:11:11,970 : INFO : EventManager : Event: ======'galaxy_advance_lit_hit'====== Args={'profile': 'default', 'state': 'lit', 'advancing': False}
2022-09-02 14:11:11,971 : INFO : EventManager : Event: ======'player_score'====== Args={'value': 151110, 'prev_value': 121110, 'change': 30000, 'player_num': 1}
2022-09-02 14:11:11,972 : INFO : EventManager : Event: ======'player_switches'====== Args={'value': 6, 'prev_value': 5, 'change': 1, 'player_num': 1}
2022-09-02 14:11:11,972 : INFO : EventManager : Event: ======'logicblock_galaxy_counter_updated'====== Args={'value': 5, 'enabled': True}
2022-09-02 14:11:11,973 : INFO : EventManager : Event: ======'counter_galaxy_counter_hit'====== Args={'count': 5, 'hits': 5, 'remaining': 1}
2022-09-02 14:11:11,973 : INFO : EventManager : Event: ======'logicblock_galaxy_counter_hit'====== Args={'count': 5, 'hits': 5, 'remaining': 1}
2022-09-02 14:11:12,046 : INFO : SwitchController : <<<<<<< 's_left_inlane_far' inactive >>>>>>>
2022-09-02 14:11:12,471 : INFO : EventManager : Event: ======'player_combos_combo_timer_tick'====== Args={'value': 5, 'prev_value': 6, 'change': -1, 'player_num': 1}
2022-09-02 14:11:12,472 : INFO : EventManager : Event: ======'timer_combo_timer_tick'====== Args={'ticks': 5, 'ticks_remaining': 5}
2022-09-02 14:11:12,766 : INFO : SwitchController : <<<<<<< 's_left_inlane_far' active >>>>>>>
2022-09-02 14:11:12,767 : INFO : EventManager : Event: ======'s_left_inlane_far_active'====== Args={}
2022-09-02 14:11:12,767 : INFO : EventManager : Event: ======'machine_var_audits_switches_s_left_inlane_far'====== Args={'value': 4803, 'prev_value': 4802, 'change': 1}
2022-09-02 14:11:12,769 : INFO : EventManager : Event: ======'machine_var_audits_shots_galaxy_advance'====== Args={'value': 2807, 'prev_value': 2806, 'change': 1}
2022-09-02 14:11:12,770 : INFO : EventManager : Event: ======'galaxy_advance_hit'====== Args={'profile': 'default', 'state': 'lit', 'advancing': False}
2022-09-02 14:11:12,771 : INFO : EventManager : Event: ======'galaxy_advance_default_hit'====== Args={'profile': 'default', 'state': 'lit', 'advancing': False}
2022-09-02 14:11:12,771 : INFO : EventManager : Event: ======'galaxy_advance_default_lit_hit'====== Args={'profile': 'default', 'state': 'lit', 'advancing': False}
2022-09-02 14:11:12,771 : INFO : EventManager : Event: ======'galaxy_advance_lit_hit'====== Args={'profile': 'default', 'state': 'lit', 'advancing': False}
2022-09-02 14:11:12,771 : INFO : EventManager : Event: ======'player_score'====== Args={'value': 181110, 'prev_value': 151110, 'change': 30000, 'player_num': 1}
2022-09-02 14:11:12,772 : INFO : EventManager : Event: ======'player_switches'====== Args={'value': 7, 'prev_value': 6, 'change': 1, 'player_num': 1}
2022-09-02 14:11:12,773 : INFO : EventManager : Event: ======'player_combos_combo_timer_tick'====== Args={'value': 6, 'prev_value': 5, 'change': 1, 'player_num': 1}
2022-09-02 14:11:12,774 : INFO : EventManager : Event: ======'logicblock_galaxy_counter_updated'====== Args={'value': 6, 'enabled': True}
2022-09-02 14:11:12,774 : INFO : EventManager : Event: ======'counter_galaxy_counter_hit'====== Args={'count': 6, 'hits': 6, 'remaining': 0}
2022-09-02 14:11:12,774 : INFO : EventManager : Event: ======'logicblock_galaxy_counter_hit'====== Args={'count': 6, 'hits': 6, 'remaining': 0}
2022-09-02 14:11:12,774 : INFO : EventManager : Event: ======'add_x'====== Args={}
2022-09-02 14:11:12,775 : INFO : EventManager : Event: ======'logicblock_galaxy_counter_updated'====== Args={'value': 0, 'enabled': True}
2022-09-02 14:11:12,775 : INFO : EventManager : Event: ======'mode_playfield_multiplier_will_start'====== Args={}
2022-09-02 14:11:12,777 : ERROR : asyncio : Exception in callback EventManager.process_event_queue()
handle: <Handle EventManager.process_event_queue()>
Traceback (most recent call last):
  File "c:\users\brendan\appdata\local\programs\python\python37\lib\site-packages\mpf\core\events.py", line 695, in _run_handlers
    result = handler.callback(**merged_kwargs)
  File "c:\users\brendan\appdata\local\programs\python\python37\lib\site-packages\mpf\core\mode.py", line 214, in start
    **item.kwargs)
  File "c:\users\brendan\appdata\local\programs\python\python37\lib\site-packages\mpf\core\config_player.py", line 203, in mode_start
    event_keys = self.register_player_events(config, mode, priority)
  File "c:\users\brendan\appdata\local\programs\python\python37\lib\site-packages\mpf\config_players\plugin_player.py", line 52, in register_player_events
    events = super().register_player_events(config, mode, priority)
  File "c:\users\brendan\appdata\local\programs\python\python37\lib\site-packages\mpf\core\config_player.py", line 301, in register_player_events
    settings=settings))
  File "c:\users\brendan\appdata\local\programs\python\python37\lib\site-packages\mpf\core\events.py", line 178, in add_handler
    event, condition, additional_priority = self.get_event_and_condition_from_string(event)
  File "c:\users\brendan\appdata\local\programs\python\python37\lib\site-packages\mpf\core\events.py", line 96, in get_event_and_condition_from_string
    additional_priority = int(event_string[priority_start + 1:])
ValueError: invalid literal for int() with base 10: 'counters.galaxy_counter.value>6)'

The above exception was the direct cause of the following exception:

Traceback (most recent call last):
  File "c:\users\brendan\appdata\local\programs\python\python37\lib\asyncio\events.py", line 88, in _run
    self._context.run(self._callback, *self._args)
  File "c:\users\brendan\appdata\local\programs\python\python37\lib\site-packages\mpf\core\events.py", line 782, in process_event_queue
    **event[3])
  File "c:\users\brendan\appdata\local\programs\python\python37\lib\site-packages\mpf\core\events.py", line 741, in _process_event
    result = self._run_handlers(event, ev_type, kwargs)
  File "c:\users\brendan\appdata\local\programs\python\python37\lib\site-packages\mpf\core\events.py", line 697, in _run_handlers
    raise Exception("Exception while processing {} for event {}. {}".format(handler, event, e)) from e
Exception: Exception while processing RegisteredHandler(callback=<bound method Mode.start of <Mode.playfield_multiplier>>, priority=10000, kwargs={}, key=UUID('af85c7fb-3c76-41a0-a26e-ae7e6db44d95'), condition=None, blocking_facility=None) for event add_x. invalid literal for int() with base 10: 'counters.galaxy_counter.value>6)'
2022-09-02 14:11:12,794 : INFO : Machine : Shutting down...
2022-09-02 14:11:12,795 : INFO : EventManager : Event: ======'shutdown'====== Args={}
2022-09-02 14:11:12,814 : WARNING : FAST : Port RGB received more messages than were sent! Resetting!
2022-09-02 14:11:12,815 : WARNING : FAST : Received unknown serial command? BX:P from RGB.
2022-09-02 14:11:12,816 : WARNING : FAST : Port NET received more messages than were sent! Resetting!
2022-09-02 14:11:12,878 : INFO : SwitchController : <<<<<<< 's_left_inlane_far' inactive >>>>>>>
2022-09-02 14:11:12,893 : ERROR : FAST : Stop called on serial connection com7
2022-09-02 14:11:12,894 : ERROR : FAST : Stop called on serial connection com8
2022-09-02 14:11:13,122 : ERROR : Machine : Runtime Exception
Traceback (most recent call last):
  File "c:\users\brendan\appdata\local\programs\python\python37\lib\site-packages\mpf\core\events.py", line 695, in _run_handlers
    result = handler.callback(**merged_kwargs)
  File "c:\users\brendan\appdata\local\programs\python\python37\lib\site-packages\mpf\core\mode.py", line 214, in start
    **item.kwargs)
  File "c:\users\brendan\appdata\local\programs\python\python37\lib\site-packages\mpf\core\config_player.py", line 203, in mode_start
    event_keys = self.register_player_events(config, mode, priority)
  File "c:\users\brendan\appdata\local\programs\python\python37\lib\site-packages\mpf\config_players\plugin_player.py", line 52, in register_player_events
    events = super().register_player_events(config, mode, priority)
  File "c:\users\brendan\appdata\local\programs\python\python37\lib\site-packages\mpf\core\config_player.py", line 301, in register_player_events
    settings=settings))
  File "c:\users\brendan\appdata\local\programs\python\python37\lib\site-packages\mpf\core\events.py", line 178, in add_handler
    event, condition, additional_priority = self.get_event_and_condition_from_string(event)
  File "c:\users\brendan\appdata\local\programs\python\python37\lib\site-packages\mpf\core\events.py", line 96, in get_event_and_condition_from_string
    additional_priority = int(event_string[priority_start + 1:])
ValueError: invalid literal for int() with base 10: 'counters.galaxy_counter.value>6)'

The above exception was the direct cause of the following exception:

Traceback (most recent call last):
  File "c:\users\brendan\appdata\local\programs\python\python37\lib\site-packages\mpf\core\machine.py", line 769, in _run_loop
    raise self._exception['exception']
  File "c:\users\brendan\appdata\local\programs\python\python37\lib\asyncio\events.py", line 88, in _run
    self._context.run(self._callback, *self._args)
  File "c:\users\brendan\appdata\local\programs\python\python37\lib\site-packages\mpf\core\events.py", line 782, in process_event_queue
    **event[3])
  File "c:\users\brendan\appdata\local\programs\python\python37\lib\site-packages\mpf\core\events.py", line 741, in _process_event
    result = self._run_handlers(event, ev_type, kwargs)
  File "c:\users\brendan\appdata\local\programs\python\python37\lib\site-packages\mpf\core\events.py", line 697, in _run_handlers
    raise Exception("Exception while processing {} for event {}. {}".format(handler, event, e)) from e
Exception: Exception while processing RegisteredHandler(callback=<bound method Mode.start of <Mode.playfield_multiplier>>, priority=10000, kwargs={}, key=UUID('af85c7fb-3c76-41a0-a26e-ae7e6db44d95'), condition=None, blocking_facility=None) for event add_x. invalid literal for int() with base 10: 'counters.galaxy_counter.value>6)'
2022-09-02 14:12:10,452 : INFO : root : MPF run loop ended.
