2022-08-21 15:24:27,045 : INFO : root : Loading config.
2022-08-21 15:24:27,591 : INFO : ConfigProcessor : Config spec file cache created: C:\Users\Brendan\AppData\Local\Temp\config_spec.mpf_cache
2022-08-21 15:24:27,592 : INFO : YamlMultifileConfigLoader : Machine config file #1: config.yaml
2022-08-21 15:24:27,592 : INFO : ConfigProcessor : Loading config from cache: C:\Users\Brendan\AppData\Local\Temp\bccefe987bb586eace29905fa80cab57.mpf_cache
2022-08-21 15:24:27,650 : INFO : ConfigProcessor : Loading config from cache: C:\Users\Brendan\AppData\Local\Temp\467e7647689d29fad6adf949e1f4d51d.mpf_cache
2022-08-21 15:24:27,651 : INFO : ConfigProcessor : Loading config from cache: C:\Users\Brendan\AppData\Local\Temp\5550e037aa776b42b91b29b40b356c70.mpf_cache
2022-08-21 15:24:27,652 : INFO : ConfigProcessor : Loading config from cache: C:\Users\Brendan\AppData\Local\Temp\15e0c601392b30c3d9ba3ead8131edb5.mpf_cache
2022-08-21 15:24:27,653 : INFO : ConfigProcessor : Loading config from cache: C:\Users\Brendan\AppData\Local\Temp\0bf50917c4ef15ab65ee13d6c14e7d7c.mpf_cache
2022-08-21 15:24:27,654 : INFO : ConfigProcessor : Loading config from cache: C:\Users\Brendan\AppData\Local\Temp\bc7da7b13b2754e080c2afa0678ac274.mpf_cache
2022-08-21 15:24:27,655 : INFO : ConfigProcessor : Loading config from cache: C:\Users\Brendan\AppData\Local\Temp\bbd59d0bb6602ee0c5a89d6f85e6dd42.mpf_cache
2022-08-21 15:24:27,656 : INFO : ConfigProcessor : Loading config from cache: C:\Users\Brendan\AppData\Local\Temp\5526c78976fee311c3d05505d75f653d.mpf_cache
2022-08-21 15:24:27,656 : INFO : ConfigProcessor : Loading config from cache: C:\Users\Brendan\AppData\Local\Temp\6e95138ae5415fc76b53ebf8fa245fb5.mpf_cache
2022-08-21 15:24:27,657 : INFO : ConfigProcessor : Loading config from cache: C:\Users\Brendan\AppData\Local\Temp\1ec1c4dffb383758956493783a9ed391.mpf_cache
2022-08-21 15:24:27,658 : INFO : ConfigProcessor : Loading config from cache: C:\Users\Brendan\AppData\Local\Temp\f2aee92728c8017b77c710c804dd7f5a.mpf_cache
2022-08-21 15:24:27,659 : INFO : ConfigProcessor : Loading config from cache: C:\Users\Brendan\AppData\Local\Temp\88f57fa1305e9dc100972ec9f84d57fe.mpf_cache
2022-08-21 15:24:27,660 : INFO : ConfigProcessor : Loading config from cache: C:\Users\Brendan\AppData\Local\Temp\6e00a9d794d4c3f43a0fc48da04dac60.mpf_cache
2022-08-21 15:24:27,661 : INFO : ConfigProcessor : Loading config from cache: C:\Users\Brendan\AppData\Local\Temp\05ef98219fc733c3bcab58726c4b37ef.mpf_cache
2022-08-21 15:24:27,662 : INFO : ConfigProcessor : Loading config from cache: C:\Users\Brendan\AppData\Local\Temp\c22d657a5a7bb60632c2be2c735e073b.mpf_cache
2022-08-21 15:24:27,663 : INFO : ConfigProcessor : Loading config from cache: C:\Users\Brendan\AppData\Local\Temp\f7d4f5eb9425fe84d2e83a363afd4bdf.mpf_cache
2022-08-21 15:24:27,663 : INFO : ConfigProcessor : Loading config from cache: C:\Users\Brendan\AppData\Local\Temp\125f51d329f930ea7bff10973551cc26.mpf_cache
2022-08-21 15:24:27,664 : INFO : ConfigProcessor : Loading config from cache: C:\Users\Brendan\AppData\Local\Temp\08e18dfdf4e02cd29cc0cc52be2faaf4.mpf_cache
2022-08-21 15:24:27,665 : INFO : ConfigProcessor : Loading config from cache: C:\Users\Brendan\AppData\Local\Temp\f042f5bf6362b9e04d43b40b93a92057.mpf_cache
2022-08-21 15:24:27,666 : INFO : ConfigProcessor : Loading config from cache: C:\Users\Brendan\AppData\Local\Temp\60badac06cd62deb71f25fac24b103c2.mpf_cache
2022-08-21 15:24:27,667 : INFO : ConfigProcessor : Loading config from cache: C:\Users\Brendan\AppData\Local\Temp\4849f32e60febd99d83791f2417d9a0f.mpf_cache
2022-08-21 15:24:27,667 : INFO : ConfigProcessor : Loading config from cache: C:\Users\Brendan\AppData\Local\Temp\942a9c8af084c06606ececc74db0a30f.mpf_cache
2022-08-21 15:24:27,668 : INFO : ConfigProcessor : Loading config from cache: C:\Users\Brendan\AppData\Local\Temp\d3a5f9b6ba13782c30d3f4f7e40a9dcf.mpf_cache
2022-08-21 15:24:27,669 : INFO : ConfigProcessor : Loading config from cache: C:\Users\Brendan\AppData\Local\Temp\bb2305c107159ac261738ee6fa5177f9.mpf_cache
2022-08-21 15:24:27,669 : INFO : ConfigProcessor : Loading config from cache: C:\Users\Brendan\AppData\Local\Temp\5e8fe62f7d4a280c75af4e016e79234a.mpf_cache
2022-08-21 15:24:27,670 : INFO : ConfigProcessor : Loading config from cache: C:\Users\Brendan\AppData\Local\Temp\7934ad8984867b043b25c8f1f16418da.mpf_cache
2022-08-21 15:24:27,671 : INFO : ConfigProcessor : Loading config from cache: C:\Users\Brendan\AppData\Local\Temp\201f4c0a0d10e05df2979372d05b639d.mpf_cache
2022-08-21 15:24:27,671 : INFO : ConfigProcessor : Loading config from cache: C:\Users\Brendan\AppData\Local\Temp\29084e75e573608c6a2e9d91f8c2e516.mpf_cache
2022-08-21 15:24:27,672 : INFO : ConfigProcessor : Loading config from cache: C:\Users\Brendan\AppData\Local\Temp\c1a52d9ec6beffcf3a0c74172f4f1789.mpf_cache
2022-08-21 15:24:27,673 : INFO : ConfigProcessor : Loading config from cache: C:\Users\Brendan\AppData\Local\Temp\1a7cfdccecce53cd51775700aa921808.mpf_cache
2022-08-21 15:24:27,674 : INFO : ConfigProcessor : Loading config from cache: C:\Users\Brendan\AppData\Local\Temp\bbeb6a5751b9d2029aa6e8633936e040.mpf_cache
2022-08-21 15:24:27,674 : INFO : ConfigProcessor : Loading config from cache: C:\Users\Brendan\AppData\Local\Temp\396defae609afab4d6d7399595fd494b.mpf_cache
2022-08-21 15:24:27,675 : INFO : ConfigProcessor : Loading config from cache: C:\Users\Brendan\AppData\Local\Temp\df5b128cf73808572dcd58af6b99a12a.mpf_cache
2022-08-21 15:24:27,676 : INFO : ConfigProcessor : Loading config from cache: C:\Users\Brendan\AppData\Local\Temp\b16abd66a20b52f76df13eb007a93cde.mpf_cache
2022-08-21 15:24:27,676 : INFO : ConfigProcessor : Loading config from cache: C:\Users\Brendan\AppData\Local\Temp\09ddf149c2750d0dc18124afb4ec1692.mpf_cache
2022-08-21 15:24:27,677 : INFO : ConfigProcessor : Loading config from cache: C:\Users\Brendan\AppData\Local\Temp\dc261f740d4fb0b58874215bc05837b4.mpf_cache
2022-08-21 15:24:27,678 : INFO : ConfigProcessor : Loading config from cache: C:\Users\Brendan\AppData\Local\Temp\fd5b67850c190931870595f7ba331325.mpf_cache
2022-08-21 15:24:27,678 : INFO : ConfigProcessor : Loading config from cache: C:\Users\Brendan\AppData\Local\Temp\7fa0bf6f8a3d06d96f9daba2d24e8451.mpf_cache
2022-08-21 15:24:27,679 : INFO : ConfigProcessor : Loading config from cache: C:\Users\Brendan\AppData\Local\Temp\17652c03725ec0d5dc66b35abdc504c5.mpf_cache
2022-08-21 15:24:27,679 : INFO : ConfigProcessor : Loading config from cache: C:\Users\Brendan\AppData\Local\Temp\f6549f0a1a12987384ccc86b9df17004.mpf_cache
2022-08-21 15:24:27,680 : INFO : ConfigProcessor : Loading config from cache: C:\Users\Brendan\AppData\Local\Temp\d416d6f9f35dec068a811f18f969a8db.mpf_cache
2022-08-21 15:24:27,681 : INFO : ConfigProcessor : Loading config from cache: C:\Users\Brendan\AppData\Local\Temp\2cbb22f93ff96ef242a9a2d7465f7b14.mpf_cache
2022-08-21 15:24:27,682 : INFO : ConfigProcessor : Loading config from cache: C:\Users\Brendan\AppData\Local\Temp\5b43fbcb021f3ce97d73fdb8a470eae4.mpf_cache
2022-08-21 15:24:27,683 : INFO : ConfigProcessor : Loading config from cache: C:\Users\Brendan\AppData\Local\Temp\6d994d077edad00fe01353c1bfbf6638.mpf_cache
2022-08-21 15:24:27,683 : INFO : ConfigProcessor : Loading config from cache: C:\Users\Brendan\AppData\Local\Temp\df6e37541f81fc1a6e02dbcf98e0d10b.mpf_cache
2022-08-21 15:24:27,684 : INFO : ConfigProcessor : Loading config from cache: C:\Users\Brendan\AppData\Local\Temp\c5e911b563ca93c8e10ce7743f92e657.mpf_cache
2022-08-21 15:24:27,685 : INFO : ConfigProcessor : Loading config from cache: C:\Users\Brendan\AppData\Local\Temp\99ecafb2993dab1e69369c4f69529b6f.mpf_cache
2022-08-21 15:24:27,685 : INFO : ConfigProcessor : Loading config from cache: C:\Users\Brendan\AppData\Local\Temp\57f2f8973b8bd58edd1d215976151c60.mpf_cache
2022-08-21 15:24:27,686 : INFO : ConfigProcessor : Loading config from cache: C:\Users\Brendan\AppData\Local\Temp\19f702536b27ff66106645e85afb027e.mpf_cache
2022-08-21 15:24:27,687 : INFO : ConfigProcessor : Loading config from cache: C:\Users\Brendan\AppData\Local\Temp\c17101e4486856bd6430e66412997ee7.mpf_cache
2022-08-21 15:24:27,688 : INFO : ConfigProcessor : Loading config from cache: C:\Users\Brendan\AppData\Local\Temp\c5b3b18e965344eb40bdf988f6d052aa.mpf_cache
2022-08-21 15:24:27,689 : INFO : Machine : Mission Pinball Framework Core Engine v0.55.0
2022-08-21 15:24:27,690 : INFO : Machine : Command line arguments: {'no_load_cache': False, 'create_config_cache': True, 'bcp': True, 'configfile': ['config.yaml'], 'force_assets_load': False, 'jsonlogging': False, 'logfile': 'logs\\2022-08-21-15-24-27-mpf-Pinball-PC.log', 'pause': False, 'production': False, 'text_ui': False, 'loglevel': 15, 'consoleloglevel': 20, 'force_platform': None, 'syslog_address': None, 'mc_file_name': None, 'no_sound': False}
2022-08-21 15:24:27,690 : INFO : Machine : MPF path: c:\users\brendan\appdata\local\programs\python\python37\lib\site-packages\mpf
2022-08-21 15:24:27,690 : INFO : Machine : Machine path: C:\Baby_pacman_code\machine
2022-08-21 15:24:27,690 : INFO : Machine : Platform: win32
2022-08-21 15:24:27,690 : INFO : Machine : Python executable location: c:\users\brendan\appdata\local\programs\python\python37\python.exe
2022-08-21 15:24:27,690 : INFO : Machine : Python version: 3.7.8 (64-bit)
2022-08-21 15:24:27,692 : INFO : Machine : Initialise MPF.
2022-08-21 15:24:27,789 : INFO : FAST : Connecting to com7 at 921600bps
2022-08-21 15:24:27,816 : INFO : FAST : Connected! Processor: NET, Board Type: FP-CPU-002-2, Firmware: 01.05
2022-08-21 15:24:27,816 : INFO : EventManager : Event: ======'machine_var_fast_net_firmware'====== Args={'value': '01.05', 'prev_value': None, 'change': True}
2022-08-21 15:24:27,816 : INFO : EventManager : Event: ======'machine_var_fast_net_model'====== Args={'value': 'FP-CPU-002-2', 'prev_value': None, 'change': True}
2022-08-21 15:24:30,187 : WARNING : FAST : Got unexpected message from FAST: -N:07
2022-08-21 15:24:30,187 : WARNING : FAST : Got unexpected message from FAST: -N:13
2022-08-21 15:24:30,234 : INFO : FAST : Connecting to com8 at 921600bps
2022-08-21 15:24:30,281 : INFO : FAST : Connected! Processor: RGB, Board Type: FP-CPU-002-2, Firmware: 01.00
2022-08-21 15:24:30,281 : INFO : EventManager : Event: ======'machine_var_fast_rgb_firmware'====== Args={'value': '01.00', 'prev_value': None, 'change': True}
2022-08-21 15:24:30,282 : INFO : EventManager : Event: ======'machine_var_fast_rgb_model'====== Args={'value': 'FP-CPU-002-2', 'prev_value': None, 'change': True}
2022-08-21 15:24:30,282 : INFO : EventManager : Event: ======'machine_var_credits_string'====== Args={'value': 'FREE PLAY', 'prev_value': None, 'change': True}
2022-08-21 15:24:30,360 : INFO : EventManager : Event: ======'machine_var_master_volume'====== Args={'value': 0.5, 'prev_value': None, 'change': True}
2022-08-21 15:24:30,360 : INFO : EventManager : Event: ======'machine_var_player1_score'====== Args={'value': 58540490, 'prev_value': None, 'change': True}
2022-08-21 15:24:30,360 : INFO : EventManager : Event: ======'machine_var_mpf_version'====== Args={'value': 'MPF v0.55.0', 'prev_value': None, 'change': True}
2022-08-21 15:24:30,360 : INFO : EventManager : Event: ======'machine_var_mpf_extended_version'====== Args={'value': 'MPF v0.55.0, Config version:5, Show version: 5, BCP version:1.1', 'prev_value': None, 'change': True}
2022-08-21 15:24:30,360 : INFO : EventManager : Event: ======'machine_var_python_version'====== Args={'value': '3.7.8', 'prev_value': None, 'change': True}
2022-08-21 15:24:30,361 : INFO : EventManager : Event: ======'machine_var_platform'====== Args={'value': 'Windows-7-6.1.7601-SP1', 'prev_value': None, 'change': True}
2022-08-21 15:24:30,361 : INFO : EventManager : Event: ======'machine_var_platform_system'====== Args={'value': 'Windows', 'prev_value': None, 'change': True}
2022-08-21 15:24:30,362 : INFO : EventManager : Event: ======'machine_var_platform_release'====== Args={'value': '7', 'prev_value': None, 'change': True}
2022-08-21 15:24:30,362 : INFO : EventManager : Event: ======'machine_var_platform_version'====== Args={'value': '6.1.7601', 'prev_value': None, 'change': True}
2022-08-21 15:24:30,362 : INFO : EventManager : Event: ======'machine_var_platform_machine'====== Args={'value': 'AMD64', 'prev_value': None, 'change': True}
2022-08-21 15:24:30,362 : INFO : EventManager : Event: ======'init_phase_1'====== Args={}
2022-08-21 15:24:30,446 : INFO : EventManager : Event: ======'drop_target_bank_main_up'====== Args={}
2022-08-21 15:24:30,448 : INFO : EventManager : Event: ======'init_phase_2'====== Args={}
2022-08-21 15:24:30,449 : INFO : SwitchController : Found active switch: (('07', 1), <Platform.FAST>) <switch.s_left_captive_ball>
2022-08-21 15:24:30,449 : INFO : SwitchController : Found active switch: (('13', 1), <Platform.FAST>) <switch.s_drain>
2022-08-21 15:24:30,486 : INFO : EventManager : Event: ======'bcp_connection_attempt'====== Args={'name': 'local_display', 'host': 'localhost', 'port': 5050}
2022-08-21 15:24:30,487 : INFO : BCPClientSocket : Connecting BCP to 'local_display' at localhost:5050...
2022-08-21 15:24:31,483 : WARNING : FAST : Port com7 was blocked for more than 1s. Reseting send queue! If this happens frequently report a bug!
2022-08-21 15:24:32,480 : WARNING : FAST : Port com7 was blocked for more than 1s. Reseting send queue! If this happens frequently report a bug!
2022-08-21 15:24:33,576 : INFO : BCPClientSocket : Connected BCP to 'local_display' localhost:5050
2022-08-21 15:24:33,578 : INFO : EventManager : Event: ======'bcp_clients_connected'====== Args={}
2022-08-21 15:24:33,579 : INFO : ball_device.bd_drain : BCH: Initial count: 1
2022-08-21 15:24:33,580 : INFO : ball_device.bd_drain : State: idle
2022-08-21 15:24:33,582 : INFO : EventManager : Event: ======'machine_var_mc_version'====== Args={'value': 'MPF-MC v0.55.0', 'prev_value': None, 'change': True}
2022-08-21 15:24:33,583 : INFO : EventManager : Event: ======'machine_var_mc_extended_version'====== Args={'value': 'MPF-MC v0.55.0 (config_version=5, BCP v1.1, Requires MPF v0.55.0-dev.49)', 'prev_value': None, 'change': True}
2022-08-21 15:24:33,587 : INFO : ball_device.bd_left_kicker : BCH: Initial count: 0
2022-08-21 15:24:33,588 : INFO : ball_device.bd_left_kicker : State: idle
2022-08-21 15:24:33,589 : INFO : ball_device.bd_right_kicker : BCH: Initial count: 0
2022-08-21 15:24:33,590 : INFO : ball_device.bd_right_kicker : State: idle
2022-08-21 15:24:33,666 : INFO : EventManager : Event: ======'init_phase_3'====== Args={}
2022-08-21 15:24:34,082 : INFO : EventManager : Event: ======'init_phase_4'====== Args={}
2022-08-21 15:24:34,082 : INFO : EventManager : Event: ======'playfield_active'====== Args={}
2022-08-21 15:24:34,082 : INFO : EventManager : Event: ======'unexpected_ball_on_playfield'====== Args={}
2022-08-21 15:24:34,082 : INFO : EventManager : Event: ======'playfield_active'====== Args={}
2022-08-21 15:24:34,082 : INFO : EventManager : Event: ======'unexpected_ball_on_playfield'====== Args={}
2022-08-21 15:24:34,082 : INFO : EventManager : Event: ======'playfield_active'====== Args={}
2022-08-21 15:24:34,083 : INFO : EventManager : Event: ======'unexpected_ball_on_playfield'====== Args={}
2022-08-21 15:24:34,083 : INFO : EventManager : Event: ======'playfield_active'====== Args={}
2022-08-21 15:24:34,083 : INFO : EventManager : Event: ======'unexpected_ball_on_playfield'====== Args={}
2022-08-21 15:24:34,083 : INFO : EventManager : Event: ======'playfield_active'====== Args={}
2022-08-21 15:24:34,083 : INFO : EventManager : Event: ======'unexpected_ball_on_playfield'====== Args={}
2022-08-21 15:24:34,083 : INFO : BallController : Initial balls found: 1
2022-08-21 15:24:34,086 : INFO : EventManager : Event: ======'machine_var_audits_events_game_ended'====== Args={'value': 0, 'prev_value': None, 'change': True}
2022-08-21 15:24:34,086 : INFO : EventManager : Event: ======'machine_var_audits_events_game_started'====== Args={'value': 0, 'prev_value': None, 'change': True}
2022-08-21 15:24:34,086 : INFO : EventManager : Event: ======'machine_var_audits_player_score'====== Args={'value': {'average': 10318150.616438355, 'top': [198719690, 195274570, 161094530, 160419680, 140071820, 132769060, 132262360, 127113160, 121863670, 115954110], 'total': 584}, 'prev_value': None, 'change': True}
2022-08-21 15:24:34,087 : INFO : EventManager : Event: ======'machine_var_audits_shots_center_drop_mission1'====== Args={'value': 488, 'prev_value': None, 'change': True}
2022-08-21 15:24:34,087 : INFO : EventManager : Event: ======'machine_var_audits_shots_center_target'====== Args={'value': 27, 'prev_value': None, 'change': True}
2022-08-21 15:24:34,087 : INFO : EventManager : Event: ======'machine_var_audits_shots_drop_target1_mission2'====== Args={'value': 217, 'prev_value': None, 'change': True}
2022-08-21 15:24:34,087 : INFO : EventManager : Event: ======'machine_var_audits_shots_drop_target2_mission2'====== Args={'value': 249, 'prev_value': None, 'change': True}
2022-08-21 15:24:34,088 : INFO : EventManager : Event: ======'machine_var_audits_shots_drop_target3_mission2'====== Args={'value': 279, 'prev_value': None, 'change': True}
2022-08-21 15:24:34,088 : INFO : EventManager : Event: ======'machine_var_audits_shots_drop_target4_mission2'====== Args={'value': 255, 'prev_value': None, 'change': True}
2022-08-21 15:24:34,088 : INFO : EventManager : Event: ======'machine_var_audits_shots_drop_target5_mission2'====== Args={'value': 218, 'prev_value': None, 'change': True}
2022-08-21 15:24:34,088 : INFO : EventManager : Event: ======'machine_var_audits_shots_drop_targets_mission3'====== Args={'value': 1421, 'prev_value': None, 'change': True}
2022-08-21 15:24:34,089 : INFO : EventManager : Event: ======'machine_var_audits_shots_galaxy_advance'====== Args={'value': 1915, 'prev_value': None, 'change': True}
2022-08-21 15:24:34,089 : INFO : EventManager : Event: ======'machine_var_audits_shots_l_lane'====== Args={'value': 598, 'prev_value': None, 'change': True}
2022-08-21 15:24:34,089 : INFO : EventManager : Event: ======'machine_var_audits_shots_left_kicker_mission2'====== Args={'value': 151, 'prev_value': None, 'change': True}
2022-08-21 15:24:34,089 : INFO : EventManager : Event: ======'machine_var_audits_shots_left_kicker_mission4'====== Args={'value': 112, 'prev_value': None, 'change': True}
2022-08-21 15:24:34,090 : INFO : EventManager : Event: ======'machine_var_audits_shots_left_loop_mission1'====== Args={'value': 552, 'prev_value': None, 'change': True}
2022-08-21 15:24:34,090 : INFO : EventManager : Event: ======'machine_var_audits_shots_left_loop_mission2'====== Args={'value': 252, 'prev_value': None, 'change': True}
2022-08-21 15:24:34,090 : INFO : EventManager : Event: ======'machine_var_audits_shots_left_loop_mission4'====== Args={'value': 372, 'prev_value': None, 'change': True}
2022-08-21 15:24:34,090 : INFO : EventManager : Event: ======'machine_var_audits_shots_portal_advance'====== Args={'value': 4419, 'prev_value': None, 'change': True}
2022-08-21 15:24:34,090 : INFO : EventManager : Event: ======'machine_var_audits_shots_r_lane'====== Args={'value': 522, 'prev_value': None, 'change': True}
2022-08-21 15:24:34,091 : INFO : EventManager : Event: ======'machine_var_audits_shots_right_kicker_mission2'====== Args={'value': 134, 'prev_value': None, 'change': True}
2022-08-21 15:24:34,091 : INFO : EventManager : Event: ======'machine_var_audits_shots_right_kicker_mission4'====== Args={'value': 132, 'prev_value': None, 'change': True}
2022-08-21 15:24:34,091 : INFO : EventManager : Event: ======'machine_var_audits_shots_right_loop_mission1'====== Args={'value': 639, 'prev_value': None, 'change': True}
2022-08-21 15:24:34,091 : INFO : EventManager : Event: ======'machine_var_audits_shots_right_loop_mission2'====== Args={'value': 280, 'prev_value': None, 'change': True}
2022-08-21 15:24:34,092 : INFO : EventManager : Event: ======'machine_var_audits_shots_right_loop_mission4'====== Args={'value': 421, 'prev_value': None, 'change': True}
2022-08-21 15:24:34,092 : INFO : EventManager : Event: ======'machine_var_audits_shots_warp_advance'====== Args={'value': 1067, 'prev_value': None, 'change': True}
2022-08-21 15:24:34,092 : INFO : EventManager : Event: ======'machine_var_audits_switches_s_action_button'====== Args={'value': 3864, 'prev_value': None, 'change': True}
2022-08-21 15:24:34,092 : INFO : EventManager : Event: ======'machine_var_audits_switches_s_drain'====== Args={'value': 2673, 'prev_value': None, 'change': True}
2022-08-21 15:24:34,093 : INFO : EventManager : Event: ======'machine_var_audits_switches_s_drop_target1'====== Args={'value': 1792, 'prev_value': None, 'change': True}
2022-08-21 15:24:34,093 : INFO : EventManager : Event: ======'machine_var_audits_switches_s_drop_target2'====== Args={'value': 2090, 'prev_value': None, 'change': True}
2022-08-21 15:24:34,093 : INFO : EventManager : Event: ======'machine_var_audits_switches_s_drop_target3'====== Args={'value': 2472, 'prev_value': None, 'change': True}
2022-08-21 15:24:34,093 : INFO : EventManager : Event: ======'machine_var_audits_switches_s_drop_target4'====== Args={'value': 1997, 'prev_value': None, 'change': True}
2022-08-21 15:24:34,094 : INFO : EventManager : Event: ======'machine_var_audits_switches_s_drop_target5'====== Args={'value': 1895, 'prev_value': None, 'change': True}
2022-08-21 15:24:34,094 : INFO : EventManager : Event: ======'machine_var_audits_switches_s_left_captive_ball'====== Args={'value': 467, 'prev_value': None, 'change': True}
2022-08-21 15:24:34,094 : INFO : EventManager : Event: ======'machine_var_audits_switches_s_left_flipper'====== Args={'value': 33645, 'prev_value': None, 'change': True}
2022-08-21 15:24:34,094 : INFO : EventManager : Event: ======'machine_var_audits_switches_s_left_inlane'====== Args={'value': 598, 'prev_value': None, 'change': True}
2022-08-21 15:24:34,095 : INFO : EventManager : Event: ======'machine_var_audits_switches_s_left_inlane_far'====== Args={'value': 3714, 'prev_value': None, 'change': True}
2022-08-21 15:24:34,095 : INFO : EventManager : Event: ======'machine_var_audits_switches_s_left_kicker'====== Args={'value': 1483, 'prev_value': None, 'change': True}
2022-08-21 15:24:34,095 : INFO : EventManager : Event: ======'machine_var_audits_switches_s_left_sling'====== Args={'value': 6664, 'prev_value': None, 'change': True}
2022-08-21 15:24:34,095 : INFO : EventManager : Event: ======'machine_var_audits_switches_s_left_spinner'====== Args={'value': 19502, 'prev_value': None, 'change': True}
2022-08-21 15:24:34,096 : INFO : EventManager : Event: ======'machine_var_audits_switches_s_right_captive_ball'====== Args={'value': 489, 'prev_value': None, 'change': True}
2022-08-21 15:24:34,096 : INFO : EventManager : Event: ======'machine_var_audits_switches_s_right_flipper'====== Args={'value': 31215, 'prev_value': None, 'change': True}
2022-08-21 15:24:34,096 : INFO : EventManager : Event: ======'machine_var_audits_switches_s_right_inlane'====== Args={'value': 522, 'prev_value': None, 'change': True}
2022-08-21 15:24:34,096 : INFO : EventManager : Event: ======'machine_var_audits_switches_s_right_inlane_far'====== Args={'value': 5932, 'prev_value': None, 'change': True}
2022-08-21 15:24:34,097 : INFO : EventManager : Event: ======'machine_var_audits_switches_s_right_kicker'====== Args={'value': 1671, 'prev_value': None, 'change': True}
2022-08-21 15:24:34,097 : INFO : EventManager : Event: ======'machine_var_audits_switches_s_right_sling'====== Args={'value': 14022, 'prev_value': None, 'change': True}
2022-08-21 15:24:34,097 : INFO : EventManager : Event: ======'machine_var_audits_switches_s_right_spinner'====== Args={'value': 15891, 'prev_value': None, 'change': True}
2022-08-21 15:24:34,097 : INFO : EventManager : Event: ======'machine_var_audits_switches_s_start'====== Args={'value': 403, 'prev_value': None, 'change': True}
2022-08-21 15:24:34,098 : INFO : EventManager : Event: ======'init_phase_5'====== Args={}
2022-08-21 15:24:34,099 : INFO : EventManager : Event: ======'init_done'====== Args={}
2022-08-21 15:24:34,099 : WARNING : FAST : Port NET received more messages than were sent! Resetting!
2022-08-21 15:24:34,099 : WARNING : FAST : Port NET received more messages than were sent! Resetting!
2022-08-21 15:24:34,099 : WARNING : FAST : Port NET received more messages than were sent! Resetting!
2022-08-21 15:24:34,099 : WARNING : FAST : Port NET received more messages than were sent! Resetting!
2022-08-21 15:24:34,100 : WARNING : FAST : Port NET received more messages than were sent! Resetting!
2022-08-21 15:24:34,100 : WARNING : FAST : Port NET received more messages than were sent! Resetting!
2022-08-21 15:24:34,100 : WARNING : FAST : Port NET received more messages than were sent! Resetting!
2022-08-21 15:24:34,100 : WARNING : FAST : Port NET received more messages than were sent! Resetting!
2022-08-21 15:24:34,100 : WARNING : FAST : Port NET received more messages than were sent! Resetting!
2022-08-21 15:24:34,100 : WARNING : FAST : Port NET received more messages than were sent! Resetting!
2022-08-21 15:24:34,100 : WARNING : FAST : Port NET received more messages than were sent! Resetting!
2022-08-21 15:24:34,100 : WARNING : FAST : Port NET received more messages than were sent! Resetting!
2022-08-21 15:24:34,100 : WARNING : FAST : Port NET received more messages than were sent! Resetting!
2022-08-21 15:24:34,100 : WARNING : FAST : Port NET received more messages than were sent! Resetting!
2022-08-21 15:24:34,100 : WARNING : FAST : Port NET received more messages than were sent! Resetting!
2022-08-21 15:24:34,100 : WARNING : FAST : Port NET received more messages than were sent! Resetting!
2022-08-21 15:24:34,100 : WARNING : FAST : Port NET received more messages than were sent! Resetting!
2022-08-21 15:24:34,101 : WARNING : FAST : Port NET received more messages than were sent! Resetting!
2022-08-21 15:24:34,101 : WARNING : FAST : Port NET received more messages than were sent! Resetting!
2022-08-21 15:24:34,101 : WARNING : FAST : Port NET received more messages than were sent! Resetting!
2022-08-21 15:24:34,101 : WARNING : FAST : Port NET received more messages than were sent! Resetting!
2022-08-21 15:24:34,101 : WARNING : FAST : Port NET received more messages than were sent! Resetting!
2022-08-21 15:24:34,101 : INFO : EventManager : Event: ======'machine_reset_phase_1'====== Args={}
2022-08-21 15:24:34,106 : INFO : EventManager : Event: ======'machine_reset_phase_2'====== Args={}
2022-08-21 15:24:34,106 : INFO : EventManager : Event: ======'machine_reset_phase_3'====== Args={}
2022-08-21 15:24:34,107 : INFO : EventManager : Event: ======'reset_complete'====== Args={}
2022-08-21 15:24:34,107 : INFO : EventManager : Event: ======'mode_attract_will_start'====== Args={}
2022-08-21 15:24:34,108 : INFO : EventManager : Event: ======'mode_attract_starting'====== Args={}
2022-08-21 15:24:34,108 : INFO : Mode.attract : Started. Priority: 10
2022-08-21 15:24:34,108 : INFO : EventManager : Event: ======'modes_active_modes_changed'====== Args={}
2022-08-21 15:24:34,108 : INFO : EventManager : Event: ======'mode_attract_started'====== Args={}
2022-08-21 15:24:34,110 : INFO : EventManager : Event: ======'collecting_balls_complete'====== Args={}
2022-08-21 15:24:34,111 : INFO : Machine : Starting the main run loop.
2022-08-21 15:24:34,128 : INFO : EventManager : Event: ======'slide_show_13.slide_player-0_created'====== Args={'_from_bcp': True}
2022-08-21 15:24:34,130 : INFO : EventManager : Event: ======'slide_show_13.slide_player-0_active'====== Args={'_from_bcp': True}
2022-08-21 15:24:34,840 : INFO : SwitchController : <<<<<<< 's_start' active >>>>>>>
2022-08-21 15:24:34,952 : INFO : SwitchController : <<<<<<< 's_start' inactive >>>>>>>
2022-08-21 15:24:34,952 : INFO : EventManager : Event: ======'request_to_start_game'====== Args={}
2022-08-21 15:24:34,953 : INFO : EventManager : Event: ======'game_start'====== Args={'buttons': [], 'hold_time': 0.10900000000037835}
2022-08-21 15:24:34,953 : INFO : EventManager : Event: ======'mode_game_will_start'====== Args={'buttons': [], 'hold_time': 0.10900000000037835}
2022-08-21 15:24:34,955 : INFO : EventManager : Event: ======'mode_game_starting'====== Args={'buttons': [], 'hold_time': 0.10900000000037835}
2022-08-21 15:24:34,955 : INFO : EventManager : Event: ======'mode_attract_will_stop'====== Args={}
2022-08-21 15:24:34,955 : INFO : EventManager : Event: ======'mode_attract_stopping'====== Args={}
2022-08-21 15:24:34,955 : INFO : Mode.attract : Stopped.
2022-08-21 15:24:34,955 : INFO : EventManager : Event: ======'modes_active_modes_changed'====== Args={}
2022-08-21 15:24:34,958 : INFO : EventManager : Event: ======'mode_attract_stopped'====== Args={}
2022-08-21 15:24:34,958 : INFO : EventManager : Event: ======'clear'====== Args={'key': 'attract'}
2022-08-21 15:24:34,959 : INFO : Mode.game : Started. Priority: 20
2022-08-21 15:24:34,959 : INFO : EventManager : Event: ======'modes_active_modes_changed'====== Args={}
2022-08-21 15:24:34,959 : INFO : EventManager : Event: ======'mode_game_started'====== Args={'buttons': [], 'hold_time': 0.10900000000037835}
2022-08-21 15:24:34,960 : INFO : EventManager : Event: ======'game_will_start'====== Args={}
2022-08-21 15:24:34,961 : INFO : EventManager : Event: ======'slide_show_13.slide_player-0_removed'====== Args={'_from_bcp': True}
2022-08-21 15:24:34,961 : INFO : EventManager : Event: ======'game_starting'====== Args={'game': <Mode.game>}
2022-08-21 15:24:34,962 : INFO : EventManager : Event: ======'slide_window_blank_active'====== Args={'_from_bcp': True}
2022-08-21 15:24:34,963 : INFO : EventManager : Event: ======'player_add_request'====== Args={}
2022-08-21 15:24:34,964 : INFO : EventManager : Event: ======'player_will_add'====== Args={'number': 1}
2022-08-21 15:24:34,964 : INFO : EventManager : Event: ======'player_adding'====== Args={'player': <Player 1>, 'number': 1}
2022-08-21 15:24:34,964 : INFO : EventManager : Event: ======'player_added'====== Args={'player': <Player 1>, 'num': 1}
2022-08-21 15:24:34,965 : INFO : Mode.game : Player added successfully. Total players: 1
2022-08-21 15:24:34,965 : INFO : EventManager : Event: ======'player_index'====== Args={'value': 0, 'prev_value': 0, 'change': 0, 'player_num': 1}
2022-08-21 15:24:34,967 : INFO : EventManager : Event: ======'player_number'====== Args={'value': 1, 'prev_value': 1, 'change': 0, 'player_num': 1}
2022-08-21 15:24:34,968 : INFO : EventManager : Event: ======'player_mode_value'====== Args={'value': 1000000, 'prev_value': 1000000, 'change': 0, 'player_num': 1}
2022-08-21 15:24:34,968 : INFO : EventManager : Event: ======'player_bonus_multiplier'====== Args={'value': 1, 'prev_value': 1, 'change': 0, 'player_num': 1}
2022-08-21 15:24:34,969 : INFO : EventManager : Event: ======'player_playfied_multiplier'====== Args={'value': 1, 'prev_value': 1, 'change': 0, 'player_num': 1}
2022-08-21 15:24:34,969 : INFO : EventManager : Event: ======'player_score'====== Args={'value': 0, 'prev_value': 0, 'change': 0, 'player_num': 1}
2022-08-21 15:24:34,970 : INFO : EventManager : Event: ======'game_started'====== Args={}
2022-08-21 15:24:34,986 : INFO : EventManager : Event: ======'player_turn_will_start'====== Args={'player': <Player 1>, 'number': 1}
2022-08-21 15:24:34,987 : INFO : EventManager : Event: ======'player_turn_starting'====== Args={'player': <Player 1>, 'number': 1}
2022-08-21 15:24:34,990 : INFO : EventManager : Event: ======'player_ball'====== Args={'value': 1, 'prev_value': 0, 'change': 1, 'player_num': 1}
2022-08-21 15:24:34,991 : INFO : EventManager : Event: ======'player_turn_started'====== Args={'player': <Player 1>, 'number': 1}
2022-08-21 15:24:34,992 : INFO : EventManager : Event: ======'ball_will_start'====== Args={'player': 1, 'ball': 1, 'balls_remaining': 2, 'is_extra_ball': False}
2022-08-21 15:24:34,993 : INFO : EventManager : Event: ======'ball_starting'====== Args={'player': 1, 'ball': 1, 'balls_remaining': 2, 'is_extra_ball': False}
2022-08-21 15:24:34,994 : INFO : EventManager : Event: ======'balls_in_play'====== Args={'balls': 1}
2022-08-21 15:24:34,994 : INFO : EventManager : Event: ======'ball_started'====== Args={'player': 1, 'ball': 1, 'balls_remaining': 2, 'is_extra_ball': False}
2022-08-21 15:24:34,995 : INFO : EventManager : Event: ======'mode_combos_will_start'====== Args={'player': 1, 'ball': 1, 'balls_remaining': 2, 'is_extra_ball': False}
2022-08-21 15:24:35,003 : INFO : EventManager : Event: ======'mode_combos_starting'====== Args={'player': 1, 'ball': 1, 'balls_remaining': 2, 'is_extra_ball': False}
2022-08-21 15:24:35,003 : INFO : EventManager : Event: ======'mode_super_features_will_start'====== Args={'player': 1, 'ball': 1, 'balls_remaining': 2, 'is_extra_ball': False}
2022-08-21 15:24:35,004 : INFO : EventManager : Event: ======'achievement_super_spinners_changed_state'====== Args={'restore': False, 'state': 'disabled', 'selected': False}
2022-08-21 15:24:35,004 : INFO : EventManager : Event: ======'achievement_super_spinners_state_disabled'====== Args={'restore': False, 'state': 'disabled', 'selected': False}
2022-08-21 15:24:35,004 : INFO : EventManager : Event: ======'achievement_super_targets_changed_state'====== Args={'restore': False, 'state': 'disabled', 'selected': False}
2022-08-21 15:24:35,004 : INFO : EventManager : Event: ======'achievement_super_targets_state_disabled'====== Args={'restore': False, 'state': 'disabled', 'selected': False}
2022-08-21 15:24:35,004 : INFO : EventManager : Event: ======'achievement_super_lanes_changed_state'====== Args={'restore': False, 'state': 'disabled', 'selected': False}
2022-08-21 15:24:35,005 : INFO : EventManager : Event: ======'achievement_super_lanes_state_disabled'====== Args={'restore': False, 'state': 'disabled', 'selected': False}
2022-08-21 15:24:35,005 : INFO : EventManager : Event: ======'achievement_super_slings_changed_state'====== Args={'restore': False, 'state': 'disabled', 'selected': False}
2022-08-21 15:24:35,005 : INFO : EventManager : Event: ======'achievement_super_slings_state_disabled'====== Args={'restore': False, 'state': 'disabled', 'selected': False}
2022-08-21 15:24:35,008 : INFO : EventManager : Event: ======'mode_super_features_starting'====== Args={'player': 1, 'ball': 1, 'balls_remaining': 2, 'is_extra_ball': False}
2022-08-21 15:24:35,008 : INFO : EventManager : Event: ======'mode_base_will_start'====== Args={'player': 1, 'ball': 1, 'balls_remaining': 2, 'is_extra_ball': False}
2022-08-21 15:24:35,008 : INFO : EventManager : Event: ======'player_shot_l_lane_enabled'====== Args={'value': True, 'prev_value': 0, 'change': 1, 'player_num': 1}
2022-08-21 15:24:35,010 : INFO : EventManager : Event: ======'player_shot_r_lane_enabled'====== Args={'value': True, 'prev_value': 0, 'change': 1, 'player_num': 1}
2022-08-21 15:24:35,011 : INFO : EventManager : Event: ======'player_shot_center_target_enabled'====== Args={'value': True, 'prev_value': 0, 'change': 1, 'player_num': 1}
2022-08-21 15:24:35,012 : INFO : EventManager : Event: ======'bonus_lanes_complete'====== Args={'state': 'unlit'}
2022-08-21 15:24:35,012 : INFO : EventManager : Event: ======'bonus_lanes_unlit_complete'====== Args={}
2022-08-21 15:24:35,013 : INFO : EventManager : Event: ======'player_extra_ball_two_modes_complete_num_awarded'====== Args={'value': 0, 'prev_value': 0, 'change': 0, 'player_num': 1}
2022-08-21 15:24:35,013 : INFO : EventManager : Event: ======'achievement_mission1_changed_state'====== Args={'restore': False, 'state': 'disabled', 'selected': False}
2022-08-21 15:24:35,013 : INFO : EventManager : Event: ======'achievement_mission1_state_disabled'====== Args={'restore': False, 'state': 'disabled', 'selected': False}
2022-08-21 15:24:35,014 : INFO : EventManager : Event: ======'achievement_mission2_changed_state'====== Args={'restore': False, 'state': 'disabled', 'selected': False}
2022-08-21 15:24:35,014 : INFO : EventManager : Event: ======'achievement_mission2_state_disabled'====== Args={'restore': False, 'state': 'disabled', 'selected': False}
2022-08-21 15:24:35,014 : INFO : EventManager : Event: ======'achievement_mission3_changed_state'====== Args={'restore': False, 'state': 'disabled', 'selected': False}
2022-08-21 15:24:35,014 : INFO : EventManager : Event: ======'achievement_mission3_state_disabled'====== Args={'restore': False, 'state': 'disabled', 'selected': False}
2022-08-21 15:24:35,014 : INFO : EventManager : Event: ======'achievement_mission4_changed_state'====== Args={'restore': False, 'state': 'disabled', 'selected': False}
2022-08-21 15:24:35,014 : INFO : EventManager : Event: ======'achievement_mission4_state_disabled'====== Args={'restore': False, 'state': 'disabled', 'selected': False}
2022-08-21 15:24:35,023 : INFO : EventManager : Event: ======'mode_base_starting'====== Args={'player': 1, 'ball': 1, 'balls_remaining': 2, 'is_extra_ball': False}
2022-08-21 15:24:35,023 : INFO : drop_target_bank.main : All targets are already up. Will not reset bank.
2022-08-21 15:24:35,024 : INFO : Mode.super_features : Started. Priority: 100
2022-08-21 15:24:35,024 : INFO : EventManager : Event: ======'modes_active_modes_changed'====== Args={}
2022-08-21 15:24:35,024 : INFO : EventManager : Event: ======'mode_super_features_started'====== Args={'player': 1, 'ball': 1, 'balls_remaining': 2, 'is_extra_ball': False}
2022-08-21 15:24:35,025 : INFO : Mode.combos : Started. Priority: 700
2022-08-21 15:24:35,025 : INFO : EventManager : Event: ======'modes_active_modes_changed'====== Args={}
2022-08-21 15:24:35,025 : INFO : EventManager : Event: ======'mode_combos_started'====== Args={'player': 1, 'ball': 1, 'balls_remaining': 2, 'is_extra_ball': False}
2022-08-21 15:24:35,026 : INFO : EventManager : Event: ======'logicblock_mode_completion_counter_updated'====== Args={'value': 0, 'enabled': True}
2022-08-21 15:24:35,026 : INFO : EventManager : Event: ======'logicblock_mode_completion_counter_updated'====== Args={'value': 0, 'enabled': True}
2022-08-21 15:24:35,026 : INFO : Mode.base : Started. Priority: 100
2022-08-21 15:24:35,026 : INFO : EventManager : Event: ======'modes_active_modes_changed'====== Args={}
2022-08-21 15:24:35,026 : INFO : EventManager : Event: ======'mode_base_started'====== Args={'player': 1, 'ball': 1, 'balls_remaining': 2, 'is_extra_ball': False}
2022-08-21 15:24:35,027 : INFO : EventManager : Event: ======'ball_save_base_save_enabled'====== Args={}
2022-08-21 15:24:35,027 : INFO : EventManager : Event: ======'mode_spell_galaxy_will_start'====== Args={'player': 1, 'ball': 1, 'balls_remaining': 2, 'is_extra_ball': False}
2022-08-21 15:24:35,027 : INFO : EventManager : Event: ======'player_shot_galaxy_advance_enabled'====== Args={'value': True, 'prev_value': 0, 'change': 1, 'player_num': 1}
2022-08-21 15:24:35,029 : INFO : EventManager : Event: ======'mode_spell_galaxy_starting'====== Args={'player': 1, 'ball': 1, 'balls_remaining': 2, 'is_extra_ball': False}
2022-08-21 15:24:35,030 : INFO : EventManager : Event: ======'mode_spell_warp_will_start'====== Args={'player': 1, 'ball': 1, 'balls_remaining': 2, 'is_extra_ball': False}
2022-08-21 15:24:35,030 : INFO : EventManager : Event: ======'player_shot_warp_advance_enabled'====== Args={'value': True, 'prev_value': 0, 'change': 1, 'player_num': 1}
2022-08-21 15:24:35,032 : INFO : EventManager : Event: ======'mode_spell_warp_starting'====== Args={'player': 1, 'ball': 1, 'balls_remaining': 2, 'is_extra_ball': False}
2022-08-21 15:24:35,032 : INFO : EventManager : Event: ======'mode_spell_portal_will_start'====== Args={'player': 1, 'ball': 1, 'balls_remaining': 2, 'is_extra_ball': False}
2022-08-21 15:24:35,032 : INFO : EventManager : Event: ======'player_shot_portal_advance_enabled'====== Args={'value': True, 'prev_value': 0, 'change': 1, 'player_num': 1}
2022-08-21 15:24:35,035 : INFO : EventManager : Event: ======'mode_spell_portal_starting'====== Args={'player': 1, 'ball': 1, 'balls_remaining': 2, 'is_extra_ball': False}
2022-08-21 15:24:35,036 : INFO : drop_target_bank.main : All targets are already up. Will not reset bank.
2022-08-21 15:24:35,036 : INFO : EventManager : Event: ======'single_player_ball_started'====== Args={}
2022-08-21 15:24:35,037 : INFO : EventManager : Event: ======'logicblock_galaxy_counter_updated'====== Args={'value': 0, 'enabled': True}
2022-08-21 15:24:35,037 : INFO : EventManager : Event: ======'logicblock_galaxy_counter_updated'====== Args={'value': 0, 'enabled': True}
2022-08-21 15:24:35,038 : INFO : Mode.spell_galaxy : Started. Priority: 200
2022-08-21 15:24:35,038 : INFO : EventManager : Event: ======'modes_active_modes_changed'====== Args={}
2022-08-21 15:24:35,038 : INFO : EventManager : Event: ======'mode_spell_galaxy_started'====== Args={'player': 1, 'ball': 1, 'balls_remaining': 2, 'is_extra_ball': False}
2022-08-21 15:24:35,038 : INFO : EventManager : Event: ======'logicblock_warp_counter_updated'====== Args={'value': 0, 'enabled': True}
2022-08-21 15:24:35,038 : INFO : EventManager : Event: ======'logicblock_warp_counter_updated'====== Args={'value': 0, 'enabled': True}
2022-08-21 15:24:35,038 : INFO : Mode.spell_warp : Started. Priority: 200
2022-08-21 15:24:35,038 : INFO : EventManager : Event: ======'modes_active_modes_changed'====== Args={}
2022-08-21 15:24:35,038 : INFO : EventManager : Event: ======'mode_spell_warp_started'====== Args={'player': 1, 'ball': 1, 'balls_remaining': 2, 'is_extra_ball': False}
2022-08-21 15:24:35,038 : INFO : EventManager : Event: ======'logicblock_portal_counter_updated'====== Args={'value': 0, 'enabled': True}
2022-08-21 15:24:35,038 : INFO : EventManager : Event: ======'logicblock_portal_counter_updated'====== Args={'value': 0, 'enabled': True}
2022-08-21 15:24:35,038 : INFO : Mode.spell_portal : Started. Priority: 200
2022-08-21 15:24:35,039 : INFO : EventManager : Event: ======'modes_active_modes_changed'====== Args={}
2022-08-21 15:24:35,039 : INFO : EventManager : Event: ======'mode_spell_portal_started'====== Args={'player': 1, 'ball': 1, 'balls_remaining': 2, 'is_extra_ball': False}
2022-08-21 15:24:35,039 : INFO : EventManager : Event: ======'achievement_super_spinners_changed_state'====== Args={'restore': False, 'state': 'enabled', 'selected': False}
2022-08-21 15:24:35,039 : INFO : EventManager : Event: ======'achievement_super_spinners_state_enabled'====== Args={'restore': False, 'state': 'enabled', 'selected': False}
2022-08-21 15:24:35,039 : INFO : EventManager : Event: ======'achievement_super_targets_changed_state'====== Args={'restore': False, 'state': 'enabled', 'selected': False}
2022-08-21 15:24:35,039 : INFO : EventManager : Event: ======'achievement_super_targets_state_enabled'====== Args={'restore': False, 'state': 'enabled', 'selected': False}
2022-08-21 15:24:35,039 : INFO : EventManager : Event: ======'achievement_super_lanes_changed_state'====== Args={'restore': False, 'state': 'enabled', 'selected': False}
2022-08-21 15:24:35,039 : INFO : EventManager : Event: ======'achievement_super_lanes_state_enabled'====== Args={'restore': False, 'state': 'enabled', 'selected': False}
2022-08-21 15:24:35,040 : INFO : EventManager : Event: ======'achievement_super_slings_changed_state'====== Args={'restore': False, 'state': 'enabled', 'selected': False}
2022-08-21 15:24:35,040 : INFO : EventManager : Event: ======'achievement_super_slings_state_enabled'====== Args={'restore': False, 'state': 'enabled', 'selected': False}
2022-08-21 15:24:35,040 : INFO : EventManager : Event: ======'achievement_super_slings_changed_state'====== Args={'restore': False, 'state': 'enabled', 'selected': True}
2022-08-21 15:24:35,040 : INFO : EventManager : Event: ======'achievement_super_slings_state_enabled'====== Args={'restore': False, 'state': 'enabled', 'selected': True}
2022-08-21 15:24:35,040 : INFO : EventManager : Event: ======'achievement_super_slings_state_selected'====== Args={'restore': False, 'state': 'enabled', 'selected': True}
2022-08-21 15:24:35,043 : INFO : EventManager : Event: ======'ball_start_target'====== Args={'target': 'playfield'}
2022-08-21 15:24:35,044 : INFO : ball_device.bd_drain : Setting up player-controlled eject. Balls: 1, Target: <playfield.playfield>, player_controlled_eject_event: s_action_button_active
2022-08-21 15:24:35,044 : INFO : EventManager : Event: ======'balldevice_balls_available'====== Args={}
2022-08-21 15:24:35,047 : INFO : ball_device.bd_drain : State: waiting_for_target_ready
2022-08-21 15:24:35,047 : INFO : EventManager : Event: ======'balldevice_bd_drain_ball_eject_attempt'====== Args={'balls': 1, 'target': <playfield.playfield>, 'source': <ball_device.bd_drain>, 'mechanical_eject': True, 'num_attempts': 0}
2022-08-21 15:24:35,047 : INFO : ball_device.bd_drain : State: ejecting
2022-08-21 15:24:35,048 : INFO : ball_device.bd_drain : Ejecting ball to <playfield.playfield>
2022-08-21 15:24:35,048 : INFO : EventManager : Event: ======'balldevice_bd_drain_ejecting_ball'====== Args={'balls': 1, 'target': <playfield.playfield>, 'source': <ball_device.bd_drain>, 'mechanical_eject': True, 'num_attempts': 0}
2022-08-21 15:24:35,049 : INFO : ball_device.bd_drain : Wait for ball to leave device
2022-08-21 15:24:35,060 : INFO : EventManager : Event: ======'slide_score_slide_created'====== Args={'_from_bcp': True}
2022-08-21 15:24:35,068 : INFO : EventManager : Event: ======'slide_score_slide_active'====== Args={'_from_bcp': True}
2022-08-21 15:24:36,248 : INFO : SwitchController : <<<<<<< 's_action_button' active >>>>>>>
2022-08-21 15:24:36,249 : INFO : EventManager : Event: ======'s_action_button_active'====== Args={}
2022-08-21 15:24:36,249 : INFO : EventManager : Event: ======'machine_var_audits_switches_s_action_button'====== Args={'value': 3865, 'prev_value': 3864, 'change': 1}
2022-08-21 15:24:36,255 : INFO : EventManager : Event: ======'ball_save_base_save_timer_start'====== Args={}
2022-08-21 15:24:36,256 : INFO : coil.c_drain_eject : Pulsing Driver for 30ms (1.0 pulse_power)
2022-08-21 15:24:36,376 : INFO : SwitchController : <<<<<<< 's_action_button' inactive >>>>>>>
2022-08-21 15:24:36,440 : INFO : SwitchController : <<<<<<< 's_drain' inactive >>>>>>>
2022-08-21 15:24:36,440 : INFO : EventManager : Event: ======'s_drain_inactive'====== Args={}
2022-08-21 15:24:36,442 : INFO : ball_device.bd_drain : State: ball_left
2022-08-21 15:24:36,443 : INFO : ball_device.bd_drain : Ball left
2022-08-21 15:24:36,443 : INFO : ball_device.bd_drain : Wait for confirm with timeout 1.0
2022-08-21 15:24:36,968 : INFO : SwitchController : <<<<<<< 's_left_sling' active >>>>>>>
2022-08-21 15:24:36,968 : INFO : EventManager : Event: ======'s_left_sling_active'====== Args={}
2022-08-21 15:24:36,969 : INFO : EventManager : Event: ======'machine_var_audits_switches_s_left_sling'====== Args={'value': 6665, 'prev_value': 6664, 'change': 1}
2022-08-21 15:24:36,970 : INFO : EventManager : Event: ======'player_score'====== Args={'value': 1110, 'prev_value': 0, 'change': 1110, 'player_num': 1}
2022-08-21 15:24:36,971 : INFO : EventManager : Event: ======'player_switches'====== Args={'value': 1, 'prev_value': 0, 'change': 1, 'player_num': 1}
2022-08-21 15:24:37,000 : INFO : SwitchController : <<<<<<< 's_left_sling' inactive >>>>>>>
2022-08-21 15:24:37,441 : INFO : ball_device.bd_drain : State: failed_confirm
2022-08-21 15:24:37,441 : INFO : ball_device.bd_drain : Got timeout (1.0s) before confirm from <playfield.playfield>
2022-08-21 15:24:37,534 : INFO : ball_device.bd_drain : Confirming eject because target is playfield and ball did not return.
2022-08-21 15:24:37,534 : INFO : ball_device.bd_drain : Eject successful
2022-08-21 15:24:37,534 : INFO : EventManager : Event: ======'balldevice_bd_drain_ball_eject_success'====== Args={'balls': 1, 'target': <playfield.playfield>}
2022-08-21 15:24:37,535 : INFO : EventManager : Event: ======'balldevice_playfield_ball_enter'====== Args={'new_balls': 1, 'unclaimed_balls': 1, 'device': <playfield.playfield>}
2022-08-21 15:24:37,535 : INFO : EventManager : Event: ======'playfield_ball_count_change'====== Args={'balls': 1, 'change': 1}
2022-08-21 15:24:37,535 : INFO : EventManager : Event: ======'balldevice_bd_drain_ball_count_changed'====== Args={'balls': 0}
2022-08-21 15:24:37,535 : INFO : ball_device.bd_drain : State: idle
2022-08-21 15:24:44,242 : INFO : EventManager : Event: ======'ball_save_base_save_hurry_up'====== Args={}
2022-08-21 15:24:46,254 : INFO : EventManager : Event: ======'ball_save_base_save_grace_period'====== Args={}
2022-08-21 15:24:48,252 : INFO : EventManager : Event: ======'ball_save_base_save_disabled'====== Args={}
2022-08-21 15:25:00,166 : INFO : SwitchController : <<<<<<< 's_right_sling' active >>>>>>>
2022-08-21 15:25:00,166 : INFO : EventManager : Event: ======'s_right_sling_active'====== Args={}
2022-08-21 15:25:00,167 : INFO : EventManager : Event: ======'machine_var_audits_switches_s_right_sling'====== Args={'value': 14023, 'prev_value': 14022, 'change': 1}
2022-08-21 15:25:00,168 : INFO : EventManager : Event: ======'player_score'====== Args={'value': 2220, 'prev_value': 1110, 'change': 1110, 'player_num': 1}
2022-08-21 15:25:00,169 : INFO : EventManager : Event: ======'player_switches'====== Args={'value': 2, 'prev_value': 1, 'change': 1, 'player_num': 1}
2022-08-21 15:25:00,422 : INFO : SwitchController : <<<<<<< 's_right_sling' inactive >>>>>>>
2022-08-21 15:25:02,438 : INFO : SwitchController : <<<<<<< 's_right_sling' active >>>>>>>
2022-08-21 15:25:02,438 : INFO : EventManager : Event: ======'s_right_sling_active'====== Args={}
2022-08-21 15:25:02,439 : INFO : EventManager : Event: ======'machine_var_audits_switches_s_right_sling'====== Args={'value': 14024, 'prev_value': 14023, 'change': 1}
2022-08-21 15:25:02,445 : INFO : EventManager : Event: ======'player_score'====== Args={'value': 3330, 'prev_value': 2220, 'change': 1110, 'player_num': 1}
2022-08-21 15:25:02,451 : INFO : EventManager : Event: ======'player_switches'====== Args={'value': 3, 'prev_value': 2, 'change': 1, 'player_num': 1}
2022-08-21 15:25:02,486 : INFO : SwitchController : <<<<<<< 's_right_sling' inactive >>>>>>>
2022-08-21 15:25:11,573 : INFO : SwitchController : <<<<<<< 's_right_sling' active >>>>>>>
2022-08-21 15:25:11,573 : INFO : EventManager : Event: ======'s_right_sling_active'====== Args={}
2022-08-21 15:25:11,574 : INFO : EventManager : Event: ======'machine_var_audits_switches_s_right_sling'====== Args={'value': 14025, 'prev_value': 14024, 'change': 1}
2022-08-21 15:25:11,579 : INFO : EventManager : Event: ======'player_score'====== Args={'value': 4440, 'prev_value': 3330, 'change': 1110, 'player_num': 1}
2022-08-21 15:25:11,585 : INFO : EventManager : Event: ======'player_switches'====== Args={'value': 4, 'prev_value': 3, 'change': 1, 'player_num': 1}
2022-08-21 15:25:13,237 : INFO : SwitchController : <<<<<<< 's_right_sling' inactive >>>>>>>
2022-08-21 15:25:15,541 : INFO : SwitchController : <<<<<<< 's_left_sling' active >>>>>>>
2022-08-21 15:25:15,541 : INFO : EventManager : Event: ======'s_left_sling_active'====== Args={}
2022-08-21 15:25:15,542 : INFO : EventManager : Event: ======'machine_var_audits_switches_s_left_sling'====== Args={'value': 6666, 'prev_value': 6665, 'change': 1}
2022-08-21 15:25:15,543 : INFO : EventManager : Event: ======'player_score'====== Args={'value': 5550, 'prev_value': 4440, 'change': 1110, 'player_num': 1}
2022-08-21 15:25:15,544 : INFO : EventManager : Event: ======'player_switches'====== Args={'value': 5, 'prev_value': 4, 'change': 1, 'player_num': 1}
2022-08-21 15:25:15,561 : INFO : SwitchController : <<<<<<< 's_left_sling' inactive >>>>>>>
2022-08-21 15:25:16,597 : INFO : SwitchController : <<<<<<< 's_left_sling' active >>>>>>>
2022-08-21 15:25:16,598 : INFO : EventManager : Event: ======'s_left_sling_active'====== Args={}
2022-08-21 15:25:16,598 : INFO : EventManager : Event: ======'machine_var_audits_switches_s_left_sling'====== Args={'value': 6667, 'prev_value': 6666, 'change': 1}
2022-08-21 15:25:16,599 : INFO : EventManager : Event: ======'player_score'====== Args={'value': 6660, 'prev_value': 5550, 'change': 1110, 'player_num': 1}
2022-08-21 15:25:16,604 : INFO : EventManager : Event: ======'player_switches'====== Args={'value': 6, 'prev_value': 5, 'change': 1, 'player_num': 1}
2022-08-21 15:25:18,100 : INFO : SwitchController : <<<<<<< 's_left_sling' inactive >>>>>>>
2022-08-21 15:25:19,572 : INFO : SwitchController : <<<<<<< 's_left_sling' active >>>>>>>
2022-08-21 15:25:19,572 : INFO : EventManager : Event: ======'s_left_sling_active'====== Args={}
2022-08-21 15:25:19,573 : INFO : EventManager : Event: ======'machine_var_audits_switches_s_left_sling'====== Args={'value': 6668, 'prev_value': 6667, 'change': 1}
2022-08-21 15:25:19,589 : INFO : EventManager : Event: ======'player_score'====== Args={'value': 7770, 'prev_value': 6660, 'change': 1110, 'player_num': 1}
2022-08-21 15:25:19,589 : INFO : EventManager : Event: ======'player_switches'====== Args={'value': 7, 'prev_value': 6, 'change': 1, 'player_num': 1}
2022-08-21 15:25:19,604 : INFO : SwitchController : <<<<<<< 's_left_sling' inactive >>>>>>>
2022-08-21 15:25:20,740 : INFO : SwitchController : <<<<<<< 's_right_sling' active >>>>>>>
2022-08-21 15:25:20,740 : INFO : EventManager : Event: ======'s_right_sling_active'====== Args={}
2022-08-21 15:25:20,741 : INFO : EventManager : Event: ======'machine_var_audits_switches_s_right_sling'====== Args={'value': 14026, 'prev_value': 14025, 'change': 1}
2022-08-21 15:25:20,742 : INFO : EventManager : Event: ======'player_score'====== Args={'value': 8880, 'prev_value': 7770, 'change': 1110, 'player_num': 1}
2022-08-21 15:25:20,752 : INFO : EventManager : Event: ======'player_switches'====== Args={'value': 8, 'prev_value': 7, 'change': 1, 'player_num': 1}
2022-08-21 15:25:20,772 : INFO : SwitchController : <<<<<<< 's_right_sling' inactive >>>>>>>
2022-08-21 15:25:24,932 : INFO : SwitchController : <<<<<<< 's_left_kicker' active >>>>>>>
2022-08-21 15:25:24,932 : INFO : EventManager : Event: ======'s_left_kicker_active'====== Args={}
2022-08-21 15:25:24,933 : INFO : EventManager : Event: ======'machine_var_audits_switches_s_left_kicker'====== Args={'value': 1484, 'prev_value': 1483, 'change': 1}
2022-08-21 15:25:25,428 : INFO : EventManager : Event: ======'balldevice_bd_left_kicker_ball_count_changed'====== Args={'balls': 1}
2022-08-21 15:25:25,428 : INFO : ball_device.bd_left_kicker : Received unexpected ball
2022-08-21 15:25:25,428 : INFO : EventManager : Event: ======'balldevice_captured_from_playfield'====== Args={'balls': 1}
2022-08-21 15:25:25,428 : INFO : EventManager : Event: ======'sw_playfield_active'====== Args={'balls': 1}
2022-08-21 15:25:25,429 : INFO : EventManager : Event: ======'playfield_ball_count_change'====== Args={'balls': 0, 'change': -1}
2022-08-21 15:25:25,430 : INFO : EventManager : Event: ======'balldevice_bd_left_kicker_ball_enter'====== Args={'new_balls': 1, 'unclaimed_balls': 1, 'new_available_balls': 1, 'device': <ball_device.bd_left_kicker>}
2022-08-21 15:25:25,431 : INFO : ball_device.bd_left_kicker : Ejecting 1 unexpected balls using path deque([<ball_device.bd_left_kicker>, <playfield.playfield>])
2022-08-21 15:25:25,431 : INFO : EventManager : Event: ======'balldevice_balls_available'====== Args={}
2022-08-21 15:25:25,431 : INFO : EventManager : Event: ======'balldevice_balls_available'====== Args={}
2022-08-21 15:25:25,431 : INFO : EventManager : Event: ======'balldevice_bd_left_kicker_ball_entered'====== Args={'new_balls': 1, 'device': <ball_device.bd_left_kicker>}
2022-08-21 15:25:25,433 : INFO : ball_device.bd_left_kicker : State: waiting_for_target_ready
2022-08-21 15:25:25,433 : INFO : EventManager : Event: ======'balldevice_bd_left_kicker_ball_eject_attempt'====== Args={'balls': 1, 'target': <playfield.playfield>, 'source': <ball_device.bd_left_kicker>, 'mechanical_eject': False, 'num_attempts': 0}
2022-08-21 15:25:25,434 : INFO : EventManager : Event: ======'start_left_kicker_show'====== Args={}
2022-08-21 15:25:26,441 : INFO : EventManager : Event: ======'left_kicker_show_finished'====== Args={}
2022-08-21 15:25:26,442 : INFO : ball_device.bd_left_kicker : State: ejecting
2022-08-21 15:25:26,442 : INFO : ball_device.bd_left_kicker : Ejecting ball to <playfield.playfield>
2022-08-21 15:25:26,443 : INFO : EventManager : Event: ======'balldevice_bd_left_kicker_ejecting_ball'====== Args={'balls': 1, 'target': <playfield.playfield>, 'source': <ball_device.bd_left_kicker>, 'mechanical_eject': False, 'num_attempts': 0}
2022-08-21 15:25:26,444 : INFO : ball_device.bd_left_kicker : Wait for ball to leave device
2022-08-21 15:25:26,445 : INFO : coil.c_left_kicker_eject : Pulsing Driver for 30ms (1.0 pulse_power)
2022-08-21 15:25:27,439 : INFO : EventManager : Event: ======'balldevice_bd_left_kicker_ball_eject_failed'====== Args={'target': <playfield.playfield>, 'balls': 1, 'retry': True, 'num_attempts': 1}
2022-08-21 15:25:27,441 : INFO : ball_device.bd_left_kicker : State: waiting_for_target_ready
2022-08-21 15:25:27,441 : INFO : EventManager : Event: ======'balldevice_bd_left_kicker_ball_eject_attempt'====== Args={'balls': 1, 'target': <playfield.playfield>, 'source': <ball_device.bd_left_kicker>, 'mechanical_eject': False, 'num_attempts': 1}
2022-08-21 15:25:27,442 : INFO : EventManager : Event: ======'start_left_kicker_show'====== Args={}
2022-08-21 15:25:28,453 : INFO : EventManager : Event: ======'left_kicker_show_finished'====== Args={}
2022-08-21 15:25:28,454 : INFO : ball_device.bd_left_kicker : State: ejecting
2022-08-21 15:25:28,454 : INFO : ball_device.bd_left_kicker : Ejecting ball to <playfield.playfield>
2022-08-21 15:25:28,454 : INFO : EventManager : Event: ======'balldevice_bd_left_kicker_ejecting_ball'====== Args={'balls': 1, 'target': <playfield.playfield>, 'source': <ball_device.bd_left_kicker>, 'mechanical_eject': False, 'num_attempts': 1}
2022-08-21 15:25:28,456 : INFO : ball_device.bd_left_kicker : Wait for ball to leave device
2022-08-21 15:25:28,456 : INFO : coil.c_left_kicker_eject : Pulsing Driver for 30ms (1.0 pulse_power)
2022-08-21 15:25:28,484 : INFO : SwitchController : <<<<<<< 's_left_kicker' inactive >>>>>>>
2022-08-21 15:25:28,486 : INFO : ball_device.bd_left_kicker : State: ball_left
2022-08-21 15:25:28,486 : INFO : ball_device.bd_left_kicker : Ball left
2022-08-21 15:25:28,487 : INFO : ball_device.bd_left_kicker : Wait for confirm with timeout 1.0
2022-08-21 15:25:29,483 : INFO : ball_device.bd_left_kicker : State: failed_confirm
2022-08-21 15:25:29,483 : INFO : ball_device.bd_left_kicker : Got timeout (1.0s) before confirm from <playfield.playfield>
2022-08-21 15:25:29,576 : INFO : ball_device.bd_left_kicker : Confirming eject because target is playfield and ball did not return.
2022-08-21 15:25:29,577 : INFO : ball_device.bd_left_kicker : Eject successful
2022-08-21 15:25:29,577 : INFO : EventManager : Event: ======'balldevice_bd_left_kicker_ball_eject_success'====== Args={'balls': 1, 'target': <playfield.playfield>}
2022-08-21 15:25:29,577 : INFO : EventManager : Event: ======'balldevice_playfield_ball_enter'====== Args={'new_balls': 1, 'unclaimed_balls': 1, 'device': <playfield.playfield>}
2022-08-21 15:25:29,578 : INFO : EventManager : Event: ======'playfield_ball_count_change'====== Args={'balls': 1, 'change': 1}
2022-08-21 15:25:29,578 : INFO : EventManager : Event: ======'balldevice_bd_left_kicker_ball_count_changed'====== Args={'balls': 0}
2022-08-21 15:25:29,578 : INFO : ball_device.bd_left_kicker : State: idle
2022-08-21 15:26:24,977 : INFO : Machine : Shutting down...
2022-08-21 15:26:24,977 : INFO : EventManager : Event: ======'shutdown'====== Args={}
2022-08-21 15:26:24,991 : WARNING : FAST : Port RGB received more messages than were sent! Resetting!
2022-08-21 15:26:24,991 : WARNING : FAST : Received unknown serial command? BX:P from RGB.
2022-08-21 15:26:24,992 : WARNING : FAST : Port NET received more messages than were sent! Resetting!
2022-08-21 15:26:25,066 : ERROR : FAST : Stop called on serial connection com7
2022-08-21 15:26:25,066 : ERROR : FAST : Stop called on serial connection com8
2022-08-21 15:26:25,283 : INFO : root : MPF run loop ended.
