2022-08-21 20:04:05,292 : kivy : Factory: 186 symbols loaded
2022-08-21 20:04:05,433 : kivy : ImageLoaderFFPy: Using ffpyplayer 4.3.2
2022-08-21 20:04:05,433 : kivy : Image: Providers: img_tex, img_dds, img_sdl2, img_pil, img_ffpyplayer 
2022-08-21 20:04:05,477 : kivy : VideoGstplayer: Using Gstreamer 1.18.0.0
2022-08-21 20:04:05,477 : kivy : Video: Provider: gstplayer
2022-08-21 20:04:05,641 : kivy : Loading MPF-MC controller
2022-08-21 20:04:06,180 : ConfigProcessor : Config spec file cache created: C:\Users\Brendan\AppData\Local\Temp\config_spec.mpf_cache
2022-08-21 20:04:06,181 : YamlMultifileConfigLoader : Machine config file #1: config
2022-08-21 20:04:06,181 : ConfigProcessor : Config file in cache changed: C:\Baby_pacman_code\machine\config\config
2022-08-21 20:04:06,181 : ConfigProcessor : Loading config from file c:\users\brendan\appdata\local\programs\python\python37\lib\site-packages\mpfmc\mcconfig.yaml.
2022-08-21 20:04:06,231 : ConfigProcessor : Loading config: c:\users\brendan\appdata\local\programs\python\python37\lib\site-packages\mpfmc\mcconfig.yaml
2022-08-21 20:04:06,232 : ConfigProcessor : Loading config from file C:\Baby_pacman_code\machine\config\config.
2022-08-21 20:04:06,360 : ConfigProcessor : Loading config: C:\Baby_pacman_code\machine\config\config
2022-08-21 20:04:06,362 : ConfigProcessor : Config file cache created: C:\Users\Brendan\AppData\Local\Temp\e68bda1e95a8aa0185725ca2569cabab.mpf_cache
2022-08-21 20:04:06,362 : ConfigProcessor : Loading config from cache: C:\Users\Brendan\AppData\Local\Temp\467e7647689d29fad6adf949e1f4d51d.mpf_cache
2022-08-21 20:04:06,363 : ConfigProcessor : Loading config from cache: C:\Users\Brendan\AppData\Local\Temp\5550e037aa776b42b91b29b40b356c70.mpf_cache
2022-08-21 20:04:06,364 : ConfigProcessor : Loading config from cache: C:\Users\Brendan\AppData\Local\Temp\15e0c601392b30c3d9ba3ead8131edb5.mpf_cache
2022-08-21 20:04:06,364 : ConfigProcessor : Loading config from cache: C:\Users\Brendan\AppData\Local\Temp\0bf50917c4ef15ab65ee13d6c14e7d7c.mpf_cache
2022-08-21 20:04:06,365 : ConfigProcessor : Loading config from cache: C:\Users\Brendan\AppData\Local\Temp\bc7da7b13b2754e080c2afa0678ac274.mpf_cache
2022-08-21 20:04:06,365 : ConfigProcessor : Loading config from cache: C:\Users\Brendan\AppData\Local\Temp\bbd59d0bb6602ee0c5a89d6f85e6dd42.mpf_cache
2022-08-21 20:04:06,366 : ConfigProcessor : Loading config from cache: C:\Users\Brendan\AppData\Local\Temp\5526c78976fee311c3d05505d75f653d.mpf_cache
2022-08-21 20:04:06,366 : ConfigProcessor : Loading config from cache: C:\Users\Brendan\AppData\Local\Temp\6e95138ae5415fc76b53ebf8fa245fb5.mpf_cache
2022-08-21 20:04:06,367 : ConfigProcessor : Loading config from cache: C:\Users\Brendan\AppData\Local\Temp\1ec1c4dffb383758956493783a9ed391.mpf_cache
2022-08-21 20:04:06,368 : ConfigProcessor : Loading config from cache: C:\Users\Brendan\AppData\Local\Temp\f2aee92728c8017b77c710c804dd7f5a.mpf_cache
2022-08-21 20:04:06,368 : ConfigProcessor : Loading config from cache: C:\Users\Brendan\AppData\Local\Temp\88f57fa1305e9dc100972ec9f84d57fe.mpf_cache
2022-08-21 20:04:06,369 : ConfigProcessor : Loading config from cache: C:\Users\Brendan\AppData\Local\Temp\6e00a9d794d4c3f43a0fc48da04dac60.mpf_cache
2022-08-21 20:04:06,370 : ConfigProcessor : Loading config from cache: C:\Users\Brendan\AppData\Local\Temp\05ef98219fc733c3bcab58726c4b37ef.mpf_cache
2022-08-21 20:04:06,371 : ConfigProcessor : Loading config from cache: C:\Users\Brendan\AppData\Local\Temp\c22d657a5a7bb60632c2be2c735e073b.mpf_cache
2022-08-21 20:04:06,371 : ConfigProcessor : Loading config from cache: C:\Users\Brendan\AppData\Local\Temp\f7d4f5eb9425fe84d2e83a363afd4bdf.mpf_cache
2022-08-21 20:04:06,372 : ConfigProcessor : Loading config from cache: C:\Users\Brendan\AppData\Local\Temp\125f51d329f930ea7bff10973551cc26.mpf_cache
2022-08-21 20:04:06,373 : ConfigProcessor : Loading config from cache: C:\Users\Brendan\AppData\Local\Temp\08e18dfdf4e02cd29cc0cc52be2faaf4.mpf_cache
2022-08-21 20:04:06,373 : ConfigProcessor : Loading config from cache: C:\Users\Brendan\AppData\Local\Temp\f042f5bf6362b9e04d43b40b93a92057.mpf_cache
2022-08-21 20:04:06,374 : ConfigProcessor : Loading config from cache: C:\Users\Brendan\AppData\Local\Temp\60badac06cd62deb71f25fac24b103c2.mpf_cache
2022-08-21 20:04:06,374 : ConfigProcessor : Loading config from cache: C:\Users\Brendan\AppData\Local\Temp\a3ad1aeb679a0686901de8a6ffe784f0.mpf_cache
2022-08-21 20:04:06,375 : ConfigProcessor : Loading config from cache: C:\Users\Brendan\AppData\Local\Temp\d7856287e4ec48fb5adaa65e5f7b2848.mpf_cache
2022-08-21 20:04:06,375 : mpfmc : Mission Pinball Framework Media Controller v0.55.0
2022-08-21 20:04:06,375 : mpfmc : Mission Pinball Framework Game Engine v0.55.0
2022-08-21 20:04:06,376 : mpfmc : Machine path: C:\Baby_pacman_code\machine
2022-08-21 20:04:06,376 : mpfmc : Starting clock at 60.0Hz
2022-08-21 20:04:06,387 : kivy : Text: Provider: sdl2
2022-08-21 20:04:06,421 : kivy : Window: Provider: sdl2
2022-08-21 20:04:06,487 : kivy : GL: Using the "OpenGL" graphics system
2022-08-21 20:04:06,487 : kivy : GL: GLEW initialization succeeded
2022-08-21 20:04:06,488 : kivy : GL: Backend used <glew>
2022-08-21 20:04:06,488 : kivy : GL: OpenGL version <b'3.1.0 - Build 9.17.10.3517'>
2022-08-21 20:04:06,488 : kivy : GL: OpenGL vendor <b'Intel'>
2022-08-21 20:04:06,488 : kivy : GL: OpenGL renderer <b'Intel(R) HD Graphics 2000'>
2022-08-21 20:04:06,488 : kivy : GL: OpenGL parsed version: 3, 1
2022-08-21 20:04:06,488 : kivy : GL: Shading version <b'1.40 - Intel Build 9.17.10.3517'>
2022-08-21 20:04:06,488 : kivy : GL: Texture max size <8192>
2022-08-21 20:04:06,488 : kivy : GL: Texture max units <16>
2022-08-21 20:04:06,555 : kivy : Window: auto add sdl2 input provider
2022-08-21 20:04:06,555 : kivy : Window: virtual keyboard not allowed, single mode, not docked
2022-08-21 20:04:06,704 : AudioInterface : Initialized
2022-08-21 20:04:06,704 : AudioInterface : Loaded SDL 2.0.12
2022-08-21 20:04:06,704 : AudioInterface : Loaded SDL_Mixer 2.0.4
2022-08-21 20:04:06,704 : AudioInterface : Loaded GStreamer 1.18.0.0
2022-08-21 20:04:06,704 : AudioInterface : Loaded GLib 2.62.6
2022-08-21 20:04:06,705 : AudioInterface : Settings requested - rate: 44100, channels: 1, buffer: 2048 samples
2022-08-21 20:04:06,705 : AudioInterface : Settings in use - rate: 44100, channels: 1, buffer: 2048 samples (4096 bytes @ 2 bytes per sample)
2022-08-21 20:04:06,705 : SoundSystem : Setting master volume to 0.0
2022-08-21 20:04:06,705 : SoundSystem : master_volume in sound_system is deprecated and will be removed in the future.
2022-08-21 20:04:06,705 : AudioInterface : Enabling audio playback
2022-08-21 20:04:06,707 : kivy : Base: Start application main loop
2022-08-21 20:04:06,708 : EventManager : Event: ======'display_window_initialized'====== Args={}
2022-08-21 20:04:06,842 : mpfmc : Display: Setting 'window' as default display
2022-08-21 20:04:06,846 : mpfmc : ASPECT RATIO MISMATCH: The on-screen window is not the same aspect ratio as the display called 'window'. The logical display will be scaled from 1366x768 to the window size 1916x1054, and a black bar will make up the difference
2022-08-21 20:04:06,847 : EventManager : Event: ======'displays_initialized'====== Args={}
2022-08-21 20:04:06,848 : EventManager : Event: ======'slide_window_blank_created'====== Args={}
2022-08-21 20:04:06,848 : EventManager : Event: ======'display_window_ready'====== Args={}
2022-08-21 20:04:06,859 : EventManager : Event: ======'init_phase_1'====== Args={}
2022-08-21 20:04:06,867 : EventManager : Event: ======'mc_ready'====== Args={}
2022-08-21 20:04:06,867 : EventManager : Event: ======'init_phase_2'====== Args={}
2022-08-21 20:04:06,896 : EventManager : Event: ======'init_phase_3'====== Args={}
2022-08-21 20:04:06,902 : EventManager : Event: ======'init_phase_4'====== Args={}
2022-08-21 20:04:06,902 : EventManager : Event: ======'init_phase_5'====== Args={}
2022-08-21 20:04:06,962 : kivy : GL: NPOT texture support is available
2022-08-21 20:04:06,980 : kivy : GL: Unpack subimage support is available
2022-08-21 20:04:07,014 : EventManager : Event: ======'loading_assets'====== Args={'total': 27, 'loaded': 1, 'remaining': 26, 'percent': 4}
2022-08-21 20:04:07,014 : AssetManager : Loading assets: 1/27 (4%)
2022-08-21 20:04:08,227 : EventManager : Event: ======'loading_assets'====== Args={'total': 27, 'loaded': 2, 'remaining': 25, 'percent': 7}
2022-08-21 20:04:08,227 : AssetManager : Loading assets: 2/27 (7%)
2022-08-21 20:04:09,792 : EventManager : Event: ======'loading_assets'====== Args={'total': 27, 'loaded': 14, 'remaining': 13, 'percent': 52}
2022-08-21 20:04:09,792 : AssetManager : Loading assets: 14/27 (52%)
2022-08-21 20:04:10,536 : EventManager : Event: ======'loading_assets'====== Args={'total': 27, 'loaded': 27, 'remaining': 0, 'percent': 100}
2022-08-21 20:04:10,536 : AssetManager : Asset loading took: 3.830219268798828
2022-08-21 20:04:10,537 : EventManager : Event: ======'asset_loading_complete'====== Args={}
2022-08-21 20:04:10,537 : AssetManager : Loading assets: 27/27 (100%)
2022-08-21 20:04:10,537 : EventManager : Event: ======'init_done'====== Args={}
2022-08-21 20:04:10,537 : MPF-MC BCP Server : Starting up on localhost port 5050
2022-08-21 20:04:10,540 : MPF-MC BCP Server : Waiting for a connection...
2022-08-21 20:04:10,556 : EventManager : Event: ======'client_disconnected'====== Args={'host': '127.0.0.1', 'port': 5050}
2022-08-21 20:04:11,592 : MPF-MC BCP Server : Received connection from: 127.0.0.1:49624
2022-08-21 20:04:11,604 : EventManager : Event: ======'client_connected'====== Args={'host': '127.0.0.1', 'port': 49624}
2022-08-21 20:04:11,617 : EventManager : Event: ======'machine_var_fast_net_firmware'====== Args={'value': '01.05', 'prev_value': None, 'change': True}
2022-08-21 20:04:11,617 : EventManager : Event: ======'machine_var_fast_net_model'====== Args={'value': 'FP-CPU-002-2', 'prev_value': None, 'change': True}
2022-08-21 20:04:11,617 : EventManager : Event: ======'machine_var_fast_rgb_firmware'====== Args={'value': '01.00', 'prev_value': None, 'change': True}
2022-08-21 20:04:11,617 : EventManager : Event: ======'machine_var_fast_rgb_model'====== Args={'value': 'FP-CPU-002-2', 'prev_value': None, 'change': True}
2022-08-21 20:04:11,617 : EventManager : Event: ======'machine_var_credits_string'====== Args={'value': 'FREE PLAY', 'prev_value': None, 'change': True}
2022-08-21 20:04:11,618 : EventManager : Event: ======'machine_var_master_volume'====== Args={'value': 0.5, 'prev_value': None, 'change': True}
2022-08-21 20:04:11,618 : EventManager : Event: ======'machine_var_player1_score'====== Args={'value': 92560, 'prev_value': None, 'change': True}
2022-08-21 20:04:11,618 : EventManager : Event: ======'machine_var_player2_score'====== Args={'value': 0, 'prev_value': None, 'change': True}
2022-08-21 20:04:11,618 : EventManager : Event: ======'machine_var_mpf_version'====== Args={'value': 'MPF v0.55.0', 'prev_value': None, 'change': True}
2022-08-21 20:04:11,618 : EventManager : Event: ======'machine_var_mpf_extended_version'====== Args={'value': 'MPF v0.55.0, Config version:5, Show version: 5, BCP version:1.1', 'prev_value': None, 'change': True}
2022-08-21 20:04:11,618 : EventManager : Event: ======'machine_var_python_version'====== Args={'value': '3.7.8', 'prev_value': None, 'change': True}
2022-08-21 20:04:11,619 : EventManager : Event: ======'machine_var_platform'====== Args={'value': 'Windows-7-6.1.7601-SP1', 'prev_value': None, 'change': True}
2022-08-21 20:04:11,619 : EventManager : Event: ======'machine_var_platform_system'====== Args={'value': 'Windows', 'prev_value': None, 'change': True}
2022-08-21 20:04:11,619 : EventManager : Event: ======'machine_var_platform_release'====== Args={'value': '7', 'prev_value': None, 'change': True}
2022-08-21 20:04:11,619 : EventManager : Event: ======'machine_var_platform_version'====== Args={'value': '6.1.7601', 'prev_value': None, 'change': True}
2022-08-21 20:04:11,619 : EventManager : Event: ======'machine_var_platform_machine'====== Args={'value': 'AMD64', 'prev_value': None, 'change': True}
2022-08-21 20:04:11,619 : EventManager : Event: ======'machine_var_mc_version'====== Args={'value': 'MPF-MC v0.55.0', 'prev_value': None, 'change': True}
2022-08-21 20:04:11,620 : EventManager : Event: ======'machine_var_mc_extended_version'====== Args={'value': 'MPF-MC v0.55.0 (config_version=5, BCP v1.1, Requires MPF v0.55.0-dev.49)', 'prev_value': None, 'change': True}
2022-08-21 20:04:11,620 : SoundSystem : Setting master volume to 0.5
2022-08-21 20:04:12,134 : EventManager : Event: ======'machine_var_audits_events_game_ended'====== Args={'value': 0, 'prev_value': None, 'change': True}
2022-08-21 20:04:12,134 : EventManager : Event: ======'machine_var_audits_events_game_started'====== Args={'value': 0, 'prev_value': None, 'change': True}
2022-08-21 20:04:12,134 : EventManager : Event: ======'machine_var_audits_player_score'====== Args={'value': {'average': 10282935.08532423, 'top': [198719690, 195274570, 161094530, 160419680, 140071820, 132769060, 132262360, 127113160, 121863670, 115954110], 'total': 586}, 'prev_value': None, 'change': True}
2022-08-21 20:04:12,134 : EventManager : Event: ======'machine_var_audits_shots_center_drop_mission1'====== Args={'value': 524, 'prev_value': None, 'change': True}
2022-08-21 20:04:12,134 : EventManager : Event: ======'machine_var_audits_shots_center_target'====== Args={'value': 122, 'prev_value': None, 'change': True}
2022-08-21 20:04:12,134 : EventManager : Event: ======'machine_var_audits_shots_drop_target1_mission2'====== Args={'value': 221, 'prev_value': None, 'change': True}
2022-08-21 20:04:12,134 : EventManager : Event: ======'machine_var_audits_shots_drop_target2_mission2'====== Args={'value': 256, 'prev_value': None, 'change': True}
2022-08-21 20:04:12,135 : EventManager : Event: ======'machine_var_audits_shots_drop_target3_mission2'====== Args={'value': 299, 'prev_value': None, 'change': True}
2022-08-21 20:04:12,135 : EventManager : Event: ======'machine_var_audits_shots_drop_target4_mission2'====== Args={'value': 265, 'prev_value': None, 'change': True}
2022-08-21 20:04:12,135 : EventManager : Event: ======'machine_var_audits_shots_drop_target5_mission2'====== Args={'value': 227, 'prev_value': None, 'change': True}
2022-08-21 20:04:12,135 : EventManager : Event: ======'machine_var_audits_shots_drop_targets_mission3'====== Args={'value': 1462, 'prev_value': None, 'change': True}
2022-08-21 20:04:12,135 : EventManager : Event: ======'machine_var_audits_shots_galaxy_advance'====== Args={'value': 2137, 'prev_value': None, 'change': True}
2022-08-21 20:04:12,135 : EventManager : Event: ======'machine_var_audits_shots_l_lane'====== Args={'value': 610, 'prev_value': None, 'change': True}
2022-08-21 20:04:12,135 : EventManager : Event: ======'machine_var_audits_shots_left_kicker_mission2'====== Args={'value': 160, 'prev_value': None, 'change': True}
2022-08-21 20:04:12,135 : EventManager : Event: ======'machine_var_audits_shots_left_kicker_mission4'====== Args={'value': 116, 'prev_value': None, 'change': True}
2022-08-21 20:04:12,136 : EventManager : Event: ======'machine_var_audits_shots_left_loop_mission1'====== Args={'value': 588, 'prev_value': None, 'change': True}
2022-08-21 20:04:12,136 : EventManager : Event: ======'machine_var_audits_shots_left_loop_mission2'====== Args={'value': 258, 'prev_value': None, 'change': True}
2022-08-21 20:04:12,136 : EventManager : Event: ======'machine_var_audits_shots_left_loop_mission4'====== Args={'value': 382, 'prev_value': None, 'change': True}
2022-08-21 20:04:12,136 : EventManager : Event: ======'machine_var_audits_shots_portal_advance'====== Args={'value': 4575, 'prev_value': None, 'change': True}
2022-08-21 20:04:12,136 : EventManager : Event: ======'machine_var_audits_shots_r_lane'====== Args={'value': 538, 'prev_value': None, 'change': True}
2022-08-21 20:04:12,136 : EventManager : Event: ======'machine_var_audits_shots_right_kicker_mission2'====== Args={'value': 134, 'prev_value': None, 'change': True}
2022-08-21 20:04:12,136 : EventManager : Event: ======'machine_var_audits_shots_right_kicker_mission4'====== Args={'value': 135, 'prev_value': None, 'change': True}
2022-08-21 20:04:12,136 : EventManager : Event: ======'machine_var_audits_shots_right_loop_mission1'====== Args={'value': 678, 'prev_value': None, 'change': True}
2022-08-21 20:04:12,136 : EventManager : Event: ======'machine_var_audits_shots_right_loop_mission2'====== Args={'value': 303, 'prev_value': None, 'change': True}
2022-08-21 20:04:12,137 : EventManager : Event: ======'machine_var_audits_shots_right_loop_mission4'====== Args={'value': 430, 'prev_value': None, 'change': True}
2022-08-21 20:04:12,137 : EventManager : Event: ======'machine_var_audits_shots_warp_advance'====== Args={'value': 1094, 'prev_value': None, 'change': True}
2022-08-21 20:04:12,137 : EventManager : Event: ======'machine_var_audits_switches_s_action_button'====== Args={'value': 3960, 'prev_value': None, 'change': True}
2022-08-21 20:04:12,137 : EventManager : Event: ======'machine_var_audits_switches_s_drain'====== Args={'value': 2725, 'prev_value': None, 'change': True}
2022-08-21 20:04:12,137 : EventManager : Event: ======'machine_var_audits_switches_s_drop_target1'====== Args={'value': 1839, 'prev_value': None, 'change': True}
2022-08-21 20:04:12,137 : EventManager : Event: ======'machine_var_audits_switches_s_drop_target2'====== Args={'value': 2145, 'prev_value': None, 'change': True}
2022-08-21 20:04:12,137 : EventManager : Event: ======'machine_var_audits_switches_s_drop_target3'====== Args={'value': 2567, 'prev_value': None, 'change': True}
2022-08-21 20:04:12,137 : EventManager : Event: ======'machine_var_audits_switches_s_drop_target4'====== Args={'value': 2053, 'prev_value': None, 'change': True}
2022-08-21 20:04:12,137 : EventManager : Event: ======'machine_var_audits_switches_s_drop_target5'====== Args={'value': 1940, 'prev_value': None, 'change': True}
2022-08-21 20:04:12,137 : EventManager : Event: ======'machine_var_audits_switches_s_left_captive_ball'====== Args={'value': 473, 'prev_value': None, 'change': True}
2022-08-21 20:04:12,138 : EventManager : Event: ======'machine_var_audits_switches_s_left_flipper'====== Args={'value': 34310, 'prev_value': None, 'change': True}
2022-08-21 20:04:12,138 : EventManager : Event: ======'machine_var_audits_switches_s_left_inlane'====== Args={'value': 610, 'prev_value': None, 'change': True}
2022-08-21 20:04:12,138 : EventManager : Event: ======'machine_var_audits_switches_s_left_inlane_far'====== Args={'value': 3988, 'prev_value': None, 'change': True}
2022-08-21 20:04:12,138 : EventManager : Event: ======'machine_var_audits_switches_s_left_kicker'====== Args={'value': 1534, 'prev_value': None, 'change': True}
2022-08-21 20:04:12,138 : EventManager : Event: ======'machine_var_audits_switches_s_left_sling'====== Args={'value': 6832, 'prev_value': None, 'change': True}
2022-08-21 20:04:12,138 : EventManager : Event: ======'machine_var_audits_switches_s_left_spinner'====== Args={'value': 20133, 'prev_value': None, 'change': True}
2022-08-21 20:04:12,138 : EventManager : Event: ======'machine_var_audits_switches_s_right_captive_ball'====== Args={'value': 498, 'prev_value': None, 'change': True}
2022-08-21 20:04:12,138 : EventManager : Event: ======'machine_var_audits_switches_s_right_flipper'====== Args={'value': 31726, 'prev_value': None, 'change': True}
2022-08-21 20:04:12,139 : EventManager : Event: ======'machine_var_audits_switches_s_right_inlane'====== Args={'value': 538, 'prev_value': None, 'change': True}
2022-08-21 20:04:12,147 : EventManager : Event: ======'machine_var_audits_switches_s_right_inlane_far'====== Args={'value': 6160, 'prev_value': None, 'change': True}
2022-08-21 20:04:12,147 : EventManager : Event: ======'machine_var_audits_switches_s_right_kicker'====== Args={'value': 1698, 'prev_value': None, 'change': True}
2022-08-21 20:04:12,147 : EventManager : Event: ======'machine_var_audits_switches_s_right_sling'====== Args={'value': 14092, 'prev_value': None, 'change': True}
2022-08-21 20:04:12,147 : EventManager : Event: ======'machine_var_audits_switches_s_right_spinner'====== Args={'value': 16258, 'prev_value': None, 'change': True}
2022-08-21 20:04:12,147 : EventManager : Event: ======'machine_var_audits_switches_s_start'====== Args={'value': 406, 'prev_value': None, 'change': True}
2022-08-21 20:04:12,159 : EventManager : Event: ======'mc_reset_phase_1'====== Args={}
2022-08-21 20:04:12,159 : EventManager : Event: ======'mc_reset_phase_2'====== Args={}
2022-08-21 20:04:12,159 : EventManager : Event: ======'mc_reset_phase_3'====== Args={}
2022-08-21 20:04:12,159 : EventManager : Event: ======'mc_reset_complete'====== Args={}
2022-08-21 20:04:12,171 : EventManager : Event: ======'slides_play'====== Args={'settings': {'widgets': {'widgets': [{'type': 'text', 'text': 'GAME OVER', 'font_size': 50, 'font_name': 'space_font', '_default_settings': ['type', 'text', 'font_size', 'font_name'], 'x': None, 'y': None, 'anchor_x': 'center', 'anchor_y': 'center', 'round_anchor_x': None, 'round_anchor_y': None, 'opacity': 1.0, 'z': 0, 'reset_animations_events': {}, 'color': [1.0, 1.0, 1.0, 1.0], 'style': [], 'adjust_top': 0, 'adjust_bottom': 0, 'adjust_left': 0, 'adjust_right': 0, 'expire': None, 'key': None, 'widget': None, 'events_when_added': [], 'events_when_removed': [], 'bitmap_font': False, 'font_kerning': True, 'bold': False, 'italic': False, 'number_grouping': False, 'min_digits': 0, 'halign': 'center', 'valign': 'middle', 'rotation': 0, 'scale': 1.0, 'casing': None, 'animations': None}, {'type': 'image', 'image': 'attract_background', '_default_settings': ['type', 'image'], 'x': None, 'y': None, 'anchor_x': 'center', 'anchor_y': 'center', 'round_anchor_x': None, 'round_anchor_y': None, 'opacity': 1.0, 'z': 0, 'reset_animations_events': {}, 'color': [1.0, 1.0, 1.0, 1.0], 'style': [], 'adjust_top': 0, 'adjust_bottom': 0, 'adjust_left': 0, 'adjust_right': 0, 'expire': None, 'key': None, 'widget': None, 'events_when_added': [], 'events_when_removed': [], 'fps': 10, 'loops': -1, 'auto_play': True, 'start_frame': 0, 'rotation': 0, 'scale': 1.0, 'animations': None}], 'target': None, 'background_color': [0.0, 0.0, 0.0, 1.0], 'priority': None, 'show': True, 'force': False, 'expire': None, 'slide': None, 'tokens': {}, 'action': 'play'}}, 'context': 'show_13', 'calling_context': 0, 'priority': 10, 'show_tokens': {}, 'start_time': 21188.367}
2022-08-21 20:04:12,171 : mpfmc : SlidePlayer: Play called with settings={'widgets': {'widgets': [{'type': 'text', 'text': 'GAME OVER', 'font_size': 50, 'font_name': 'space_font', '_default_settings': ['type', 'text', 'font_size', 'font_name'], 'x': None, 'y': None, 'anchor_x': 'center', 'anchor_y': 'center', 'round_anchor_x': None, 'round_anchor_y': None, 'opacity': 1.0, 'z': 0, 'reset_animations_events': {}, 'color': [1.0, 1.0, 1.0, 1.0], 'style': [], 'adjust_top': 0, 'adjust_bottom': 0, 'adjust_left': 0, 'adjust_right': 0, 'expire': None, 'key': None, 'widget': None, 'events_when_added': [], 'events_when_removed': [], 'bitmap_font': False, 'font_kerning': True, 'bold': False, 'italic': False, 'number_grouping': False, 'min_digits': 0, 'halign': 'center', 'valign': 'middle', 'rotation': 0, 'scale': 1.0, 'casing': None, 'animations': None}, {'type': 'image', 'image': 'attract_background', '_default_settings': ['type', 'image'], 'x': None, 'y': None, 'anchor_x': 'center', 'anchor_y': 'center', 'round_anchor_x': None, 'round_anchor_y': None, 'opacity': 1.0, 'z': 0, 'reset_animations_events': {}, 'color': [1.0, 1.0, 1.0, 1.0], 'style': [], 'adjust_top': 0, 'adjust_bottom': 0, 'adjust_left': 0, 'adjust_right': 0, 'expire': None, 'key': None, 'widget': None, 'events_when_added': [], 'events_when_removed': [], 'fps': 10, 'loops': -1, 'auto_play': True, 'start_frame': 0, 'rotation': 0, 'scale': 1.0, 'animations': None}], 'target': None, 'background_color': [0.0, 0.0, 0.0, 1.0], 'priority': None, 'show': True, 'force': False, 'expire': None, 'slide': None, 'tokens': {}, 'action': 'play'}}
2022-08-21 20:04:12,178 : EventManager : Event: ======'slide_show_13.slide_player-0_created'====== Args={}
2022-08-21 20:04:12,180 : EventManager : Event: ======'slide_show_13.slide_player-0_active'====== Args={}
2022-08-21 20:04:12,608 : EventManager : Event: ======'game_started'====== Args={}
2022-08-21 20:04:12,608 : EventManager : Event: ======'slides_clear'====== Args={'context': 'show_13'}
2022-08-21 20:04:12,609 : EventManager : Event: ======'slide_show_13.slide_player-0_removed'====== Args={}
2022-08-21 20:04:12,610 : EventManager : Event: ======'slide_window_blank_active'====== Args={}
2022-08-21 20:04:12,620 : EventManager : Event: ======'player_added'====== Args={'player': <Player 1>, 'num': 1}
2022-08-21 20:04:12,620 : EventManager : Event: ======'player_index'====== Args={'value': 0, 'prev_value': 0, 'change': 0, 'player_num': 1}
2022-08-21 20:04:12,621 : EventManager : Event: ======'player_number'====== Args={'value': 1, 'prev_value': 1, 'change': 0, 'player_num': 1}
2022-08-21 20:04:12,621 : EventManager : Event: ======'player_score'====== Args={'value': 0, 'prev_value': 0, 'change': 0, 'player_num': 1}
2022-08-21 20:04:12,633 : EventManager : Event: ======'player_mode_value'====== Args={'value': 1000000, 'prev_value': 0, 'change': 1000000, 'player_num': 1}
2022-08-21 20:04:12,633 : EventManager : Event: ======'player_bonus_multiplier'====== Args={'value': 1, 'prev_value': 0, 'change': 1, 'player_num': 1}
2022-08-21 20:04:12,633 : EventManager : Event: ======'player_playfield_multiplier'====== Args={'value': 1, 'prev_value': 0, 'change': 1, 'player_num': 1}
2022-08-21 20:04:12,645 : EventManager : Event: ======'player_ball'====== Args={'value': 1, 'prev_value': 0, 'change': 1, 'player_num': 1}
2022-08-21 20:04:12,645 : EventManager : Event: ======'player_turn_start'====== Args={'number': 1, 'player': <Player 1>}
2022-08-21 20:04:12,669 : EventManager : Event: ======'player_shot_l_lane_enabled'====== Args={'value': True, 'prev_value': 0, 'change': 1, 'player_num': 1}
2022-08-21 20:04:12,669 : EventManager : Event: ======'player_shot_r_lane_enabled'====== Args={'value': True, 'prev_value': 0, 'change': 1, 'player_num': 1}
2022-08-21 20:04:12,669 : EventManager : Event: ======'player_shot_center_target_enabled'====== Args={'value': True, 'prev_value': 0, 'change': 1, 'player_num': 1}
2022-08-21 20:04:12,669 : EventManager : Event: ======'player_extra_ball_two_modes_complete_num_awarded'====== Args={'value': 0, 'prev_value': 0, 'change': 0, 'player_num': 1}
2022-08-21 20:04:12,682 : EventManager : Event: ======'sounds_play'====== Args={'settings': {'default': {'action': 'stop', 'priority': 400, 'block': False, 'delay': None, 'track': None, 'volume': None, 'pan': None, 'loops': None, 'start_at': None, 'fade_in': None, 'fade_out': None, 'about_to_finish_time': -1.0, 'max_queue_time': -1.0, 'events_when_played': ['use_sound_setting'], 'events_when_stopped': ['use_sound_setting'], 'events_when_looping': ['use_sound_setting'], 'events_when_about_to_finish': ['use_sound_setting'], 'mode_end_action': 'use_sound_setting', 'key': 'use_sound_setting'}, 'shooter_waiting': {'action': 'play', 'loops': -1, 'priority': None, 'block': False, 'delay': None, 'track': None, 'volume': None, 'pan': None, 'start_at': None, 'fade_in': None, 'fade_out': None, 'about_to_finish_time': -1.0, 'max_queue_time': -1.0, 'events_when_played': ['use_sound_setting'], 'events_when_stopped': ['use_sound_setting'], 'events_when_looping': ['use_sound_setting'], 'events_when_about_to_finish': ['use_sound_setting'], 'mode_end_action': 'use_sound_setting', 'key': 'use_sound_setting'}}, 'context': '_global', 'calling_context': 'ball_started', 'priority': 0, 'player': 1, 'ball': 1, 'balls_remaining': 2, 'is_extra_ball': False}
2022-08-21 20:04:12,694 : EventManager : Event: ======'player_shot_portal_advance_enabled'====== Args={'value': True, 'prev_value': 0, 'change': 1, 'player_num': 1}
2022-08-21 20:04:12,694 : EventManager : Event: ======'player_shot_galaxy_advance_enabled'====== Args={'value': True, 'prev_value': 0, 'change': 1, 'player_num': 1}
2022-08-21 20:04:12,694 : EventManager : Event: ======'player_shot_warp_advance_enabled'====== Args={'value': True, 'prev_value': 0, 'change': 1, 'player_num': 1}
2022-08-21 20:04:12,694 : EventManager : Event: ======'slides_play'====== Args={'settings': {'score_slide': {'target': None, 'background_color': [0.0, 0.0, 0.0, 1.0], 'priority': None, 'show': True, 'force': False, 'expire': None, 'slide': None, 'tokens': {}, 'action': 'play'}}, 'context': 'base', 'calling_context': 'mode_base_started', 'priority': 100, 'player': 1, 'ball': 1, 'balls_remaining': 2, 'is_extra_ball': False}
2022-08-21 20:04:12,694 : mpfmc : SlidePlayer: Play called with settings={'score_slide': {'target': None, 'background_color': [0.0, 0.0, 0.0, 1.0], 'priority': None, 'show': True, 'force': False, 'expire': None, 'slide': None, 'tokens': {}, 'action': 'play'}}
2022-08-21 20:04:12,710 : EventManager : Event: ======'slide_score_slide_created'====== Args={}
2022-08-21 20:04:12,719 : EventManager : Event: ======'slide_score_slide_active'====== Args={}
2022-08-21 20:04:12,726 : EventManager : Event: ======'sounds_play'====== Args={'settings': {'default': {'action': 'play', 'loops': -1, 'track': 'music', 'priority': None, 'block': False, 'delay': None, 'volume': None, 'pan': None, 'start_at': None, 'fade_in': None, 'fade_out': None, 'about_to_finish_time': -1.0, 'max_queue_time': -1.0, 'events_when_played': ['use_sound_setting'], 'events_when_stopped': ['use_sound_setting'], 'events_when_looping': ['use_sound_setting'], 'events_when_about_to_finish': ['use_sound_setting'], 'mode_end_action': 'use_sound_setting', 'key': 'use_sound_setting'}, 'mode_theme': {'action': 'stop', 'priority': None, 'block': False, 'delay': None, 'track': None, 'volume': None, 'pan': None, 'loops': None, 'start_at': None, 'fade_in': None, 'fade_out': None, 'about_to_finish_time': -1.0, 'max_queue_time': -1.0, 'events_when_played': ['use_sound_setting'], 'events_when_stopped': ['use_sound_setting'], 'events_when_looping': ['use_sound_setting'], 'events_when_about_to_finish': ['use_sound_setting'], 'mode_end_action': 'use_sound_setting', 'key': 'use_sound_setting'}}, 'context': '_global', 'calling_context': 'mode_spell_portal_started', 'priority': 0, 'player': 1, 'ball': 1, 'balls_remaining': 2, 'is_extra_ball': False}
2022-08-21 20:04:12,739 : EventManager : Event: ======'machine_var_audits_switches_s_action_button'====== Args={'value': 3961, 'prev_value': 3960, 'change': 1}
2022-08-21 20:04:13,307 : EventManager : Event: ======'machine_var_audits_switches_s_action_button'====== Args={'value': 3962, 'prev_value': 3961, 'change': 1}
2022-08-21 20:04:13,501 : EventManager : Event: ======'sounds_play'====== Args={'settings': {'shooter_waiting': {'action': 'stop', 'priority': None, 'block': False, 'delay': None, 'track': None, 'volume': None, 'pan': None, 'loops': None, 'start_at': None, 'fade_in': None, 'fade_out': None, 'about_to_finish_time': -1.0, 'max_queue_time': -1.0, 'events_when_played': ['use_sound_setting'], 'events_when_stopped': ['use_sound_setting'], 'events_when_looping': ['use_sound_setting'], 'events_when_about_to_finish': ['use_sound_setting'], 'mode_end_action': 'use_sound_setting', 'key': 'use_sound_setting'}, 'default': {'action': 'play', 'loops': -1, 'track': 'music', 'priority': None, 'block': False, 'delay': None, 'volume': None, 'pan': None, 'start_at': None, 'fade_in': None, 'fade_out': None, 'about_to_finish_time': -1.0, 'max_queue_time': -1.0, 'events_when_played': ['use_sound_setting'], 'events_when_stopped': ['use_sound_setting'], 'events_when_looping': ['use_sound_setting'], 'events_when_about_to_finish': ['use_sound_setting'], 'mode_end_action': 'use_sound_setting', 'key': 'use_sound_setting'}}, 'context': '_global', 'calling_context': 's_drain_inactive', 'priority': 0}
2022-08-21 20:04:14,016 : EventManager : Event: ======'machine_var_audits_switches_s_left_sling'====== Args={'value': 6833, 'prev_value': 6832, 'change': 1}
2022-08-21 20:04:14,016 : EventManager : Event: ======'player_score'====== Args={'value': 1110, 'prev_value': 0, 'change': 1110, 'player_num': 1}
2022-08-21 20:04:14,016 : EventManager : Event: ======'player_switches'====== Args={'value': 1, 'prev_value': 0, 'change': 1, 'player_num': 1}
2022-08-21 20:04:14,782 : EventManager : Event: ======'machine_var_audits_switches_s_left_flipper'====== Args={'value': 34311, 'prev_value': 34310, 'change': 1}
2022-08-21 20:04:15,182 : EventManager : Event: ======'machine_var_audits_switches_s_drop_target3'====== Args={'value': 2568, 'prev_value': 2567, 'change': 1}
2022-08-21 20:04:15,182 : EventManager : Event: ======'player_shot_warp_advance'====== Args={'value': 1, 'prev_value': 0, 'change': 1, 'player_num': 1}
2022-08-21 20:04:15,182 : EventManager : Event: ======'machine_var_audits_shots_warp_advance'====== Args={'value': 1095, 'prev_value': 1094, 'change': 1}
2022-08-21 20:04:15,183 : EventManager : Event: ======'player_shot_center_target'====== Args={'value': 1, 'prev_value': 0, 'change': 1, 'player_num': 1}
2022-08-21 20:04:15,183 : EventManager : Event: ======'machine_var_audits_shots_center_target'====== Args={'value': 123, 'prev_value': 122, 'change': 1}
2022-08-21 20:04:15,183 : EventManager : Event: ======'player_score'====== Args={'value': 5610, 'prev_value': 1110, 'change': 4500, 'player_num': 1}
2022-08-21 20:04:15,191 : EventManager : Event: ======'player_switches'====== Args={'value': 2, 'prev_value': 1, 'change': 1, 'player_num': 1}
2022-08-21 20:04:15,215 : EventManager : Event: ======'machine_var_audits_switches_s_drop_target4'====== Args={'value': 2054, 'prev_value': 2053, 'change': 1}
2022-08-21 20:04:15,215 : EventManager : Event: ======'player_score'====== Args={'value': 10110, 'prev_value': 5610, 'change': 4500, 'player_num': 1}
2022-08-21 20:04:15,215 : EventManager : Event: ======'player_switches'====== Args={'value': 3, 'prev_value': 2, 'change': 1, 'player_num': 1}
2022-08-21 20:04:16,796 : EventManager : Event: ======'machine_var_audits_switches_s_drain'====== Args={'value': 2726, 'prev_value': 2725, 'change': 1}
2022-08-21 20:04:17,288 : EventManager : Event: ======'machine_var_audits_switches_s_left_flipper'====== Args={'value': 34312, 'prev_value': 34311, 'change': 1}
2022-08-21 20:04:17,313 : EventManager : Event: ======'slides_play'====== Args={'settings': {'ball_saved_slide': {'target': None, 'background_color': [0.0, 0.0, 0.0, 1.0], 'priority': None, 'show': True, 'force': False, 'expire': None, 'slide': None, 'tokens': {}, 'action': 'play'}}, 'context': 'base', 'calling_context': 'ball_save_base_save_saving_ball', 'priority': 100, 'balls': 1, 'early_save': False}
2022-08-21 20:04:17,313 : mpfmc : SlidePlayer: Play called with settings={'ball_saved_slide': {'target': None, 'background_color': [0.0, 0.0, 0.0, 1.0], 'priority': None, 'show': True, 'force': False, 'expire': None, 'slide': None, 'tokens': {}, 'action': 'play'}}
2022-08-21 20:04:17,319 : EventManager : Event: ======'slide_ball_saved_slide_created'====== Args={}
2022-08-21 20:04:17,323 : EventManager : Event: ======'slide_ball_saved_slide_active'====== Args={}
2022-08-21 20:04:17,498 : EventManager : Event: ======'sounds_play'====== Args={'settings': {'shooter_waiting': {'action': 'stop', 'priority': None, 'block': False, 'delay': None, 'track': None, 'volume': None, 'pan': None, 'loops': None, 'start_at': None, 'fade_in': None, 'fade_out': None, 'about_to_finish_time': -1.0, 'max_queue_time': -1.0, 'events_when_played': ['use_sound_setting'], 'events_when_stopped': ['use_sound_setting'], 'events_when_looping': ['use_sound_setting'], 'events_when_about_to_finish': ['use_sound_setting'], 'mode_end_action': 'use_sound_setting', 'key': 'use_sound_setting'}, 'default': {'action': 'play', 'loops': -1, 'track': 'music', 'priority': None, 'block': False, 'delay': None, 'volume': None, 'pan': None, 'start_at': None, 'fade_in': None, 'fade_out': None, 'about_to_finish_time': -1.0, 'max_queue_time': -1.0, 'events_when_played': ['use_sound_setting'], 'events_when_stopped': ['use_sound_setting'], 'events_when_looping': ['use_sound_setting'], 'events_when_about_to_finish': ['use_sound_setting'], 'mode_end_action': 'use_sound_setting', 'key': 'use_sound_setting'}}, 'context': '_global', 'calling_context': 's_drain_inactive', 'priority': 0}
2022-08-21 20:04:18,159 : EventManager : Event: ======'machine_var_audits_switches_s_drain'====== Args={'value': 2727, 'prev_value': 2726, 'change': 1}
2022-08-21 20:04:18,675 : EventManager : Event: ======'player_combos_25k'====== Args={'value': 0, 'prev_value': 0, 'change': 0, 'player_num': 1}
2022-08-21 20:04:18,675 : EventManager : Event: ======'player_switches_100'====== Args={'value': 300, 'prev_value': 0, 'change': 300, 'player_num': 1}
2022-08-21 20:04:18,675 : EventManager : Event: ======'player_modes_started_100k'====== Args={'value': 0, 'prev_value': 0, 'change': 0, 'player_num': 1}
2022-08-21 20:04:18,676 : EventManager : Event: ======'player_crystals_1mil'====== Args={'value': 0, 'prev_value': 0, 'change': 0, 'player_num': 1}
2022-08-21 20:04:18,676 : EventManager : Event: ======'slides_play'====== Args={'settings': {'bonus_start_slide': {'target': None, 'background_color': [0.0, 0.0, 0.0, 1.0], 'priority': None, 'show': True, 'force': False, 'expire': None, 'slide': None, 'tokens': {}, 'action': 'play'}}, 'context': 'bonus', 'calling_context': 'mode_bonus_started', 'priority': 50000, 'queue': '<QueuedEvent>'}
2022-08-21 20:04:18,676 : mpfmc : SlidePlayer: Play called with settings={'bonus_start_slide': {'target': None, 'background_color': [0.0, 0.0, 0.0, 1.0], 'priority': None, 'show': True, 'force': False, 'expire': None, 'slide': None, 'tokens': {}, 'action': 'play'}}
2022-08-21 20:04:18,686 : EventManager : Event: ======'slide_bonus_start_slide_created'====== Args={}
2022-08-21 20:04:18,690 : EventManager : Event: ======'slide_bonus_start_slide_active'====== Args={}
2022-08-21 20:04:19,096 : EventManager : Event: ======'machine_var_audits_switches_s_left_flipper'====== Args={'value': 34313, 'prev_value': 34312, 'change': 1}
2022-08-21 20:04:19,120 : EventManager : Event: ======'machine_var_audits_switches_s_right_flipper'====== Args={'value': 31727, 'prev_value': 31726, 'change': 1}
2022-08-21 20:04:19,120 : EventManager : Event: ======'slides_play'====== Args={'settings': {'bonus_switches_slide': {'target': None, 'background_color': [0.0, 0.0, 0.0, 1.0], 'priority': None, 'show': True, 'force': False, 'expire': None, 'slide': None, 'tokens': {}, 'action': 'play'}}, 'context': 'bonus', 'calling_context': 'bonus_switches', 'priority': 50000, 'score': 300, 'bonus_score': 300, 'hits': 1}
2022-08-21 20:04:19,120 : mpfmc : SlidePlayer: Play called with settings={'bonus_switches_slide': {'target': None, 'background_color': [0.0, 0.0, 0.0, 1.0], 'priority': None, 'show': True, 'force': False, 'expire': None, 'slide': None, 'tokens': {}, 'action': 'play'}}
2022-08-21 20:04:19,137 : EventManager : Event: ======'slide_bonus_switches_slide_created'====== Args={}
2022-08-21 20:04:19,144 : EventManager : Event: ======'slide_bonus_switches_slide_active'====== Args={}
2022-08-21 20:04:19,306 : EventManager : Event: ======'machine_var_audits_switches_s_left_flipper'====== Args={'value': 34314, 'prev_value': 34313, 'change': 1}
2022-08-21 20:04:19,306 : EventManager : Event: ======'machine_var_audits_switches_s_right_flipper'====== Args={'value': 31728, 'prev_value': 31727, 'change': 1}
2022-08-21 20:04:19,306 : EventManager : Event: ======'player_score'====== Args={'value': 10410, 'prev_value': 10110, 'change': 300, 'player_num': 1}
2022-08-21 20:04:19,306 : EventManager : Event: ======'slides_play'====== Args={'settings': {'bonus_total_slide': {'target': None, 'background_color': [0.0, 0.0, 0.0, 1.0], 'priority': None, 'show': True, 'force': False, 'expire': None, 'slide': None, 'tokens': {}, 'action': 'play'}}, 'context': 'bonus', 'calling_context': 'bonus_total', 'priority': 50000, 'score': 300}
2022-08-21 20:04:19,308 : mpfmc : SlidePlayer: Play called with settings={'bonus_total_slide': {'target': None, 'background_color': [0.0, 0.0, 0.0, 1.0], 'priority': None, 'show': True, 'force': False, 'expire': None, 'slide': None, 'tokens': {}, 'action': 'play'}}
2022-08-21 20:04:19,320 : EventManager : Event: ======'slide_bonus_total_slide_created'====== Args={}
2022-08-21 20:04:19,326 : EventManager : Event: ======'slide_bonus_total_slide_active'====== Args={}
2022-08-21 20:04:19,332 : EventManager : Event: ======'slide_ball_saved_slide_removed'====== Args={}
2022-08-21 20:04:19,488 : EventManager : Event: ======'machine_var_audits_switches_s_left_flipper'====== Args={'value': 34315, 'prev_value': 34314, 'change': 1}
2022-08-21 20:04:19,488 : EventManager : Event: ======'machine_var_audits_switches_s_right_flipper'====== Args={'value': 31729, 'prev_value': 31728, 'change': 1}
2022-08-21 20:04:19,488 : EventManager : Event: ======'slides_clear'====== Args={'context': 'bonus'}
2022-08-21 20:04:19,489 : EventManager : Event: ======'slide_bonus_start_slide_removed'====== Args={}
2022-08-21 20:04:19,489 : EventManager : Event: ======'slide_bonus_switches_slide_removed'====== Args={}
2022-08-21 20:04:19,490 : EventManager : Event: ======'slide_bonus_total_slide_removed'====== Args={}
2022-08-21 20:04:19,491 : EventManager : Event: ======'slide_score_slide_active'====== Args={}
2022-08-21 20:04:19,521 : EventManager : Event: ======'slides_clear'====== Args={'context': 'base'}
2022-08-21 20:04:19,522 : EventManager : Event: ======'slide_score_slide_removed'====== Args={}
2022-08-21 20:04:19,522 : EventManager : Event: ======'slide_ball_saved_slide_removed'====== Args={}
2022-08-21 20:04:19,523 : EventManager : Event: ======'slide_window_blank_active'====== Args={}
2022-08-21 20:04:19,534 : EventManager : Event: ======'slides_clear'====== Args={'context': 'combos'}
2022-08-21 20:04:19,571 : EventManager : Event: ======'player_ball'====== Args={'value': 2, 'prev_value': 1, 'change': 1, 'player_num': 1}
2022-08-21 20:04:19,583 : EventManager : Event: ======'player_combos_combo_timer_tick'====== Args={'value': 6, 'prev_value': 0, 'change': 6, 'player_num': 1}
2022-08-21 20:04:19,595 : EventManager : Event: ======'sounds_play'====== Args={'settings': {'default': {'action': 'stop', 'priority': 400, 'block': False, 'delay': None, 'track': None, 'volume': None, 'pan': None, 'loops': None, 'start_at': None, 'fade_in': None, 'fade_out': None, 'about_to_finish_time': -1.0, 'max_queue_time': -1.0, 'events_when_played': ['use_sound_setting'], 'events_when_stopped': ['use_sound_setting'], 'events_when_looping': ['use_sound_setting'], 'events_when_about_to_finish': ['use_sound_setting'], 'mode_end_action': 'use_sound_setting', 'key': 'use_sound_setting'}, 'shooter_waiting': {'action': 'play', 'loops': -1, 'priority': None, 'block': False, 'delay': None, 'track': None, 'volume': None, 'pan': None, 'start_at': None, 'fade_in': None, 'fade_out': None, 'about_to_finish_time': -1.0, 'max_queue_time': -1.0, 'events_when_played': ['use_sound_setting'], 'events_when_stopped': ['use_sound_setting'], 'events_when_looping': ['use_sound_setting'], 'events_when_about_to_finish': ['use_sound_setting'], 'mode_end_action': 'use_sound_setting', 'key': 'use_sound_setting'}}, 'context': '_global', 'calling_context': 'ball_started', 'priority': 0, 'player': 1, 'ball': 2, 'balls_remaining': 1, 'is_extra_ball': False}
2022-08-21 20:04:19,608 : EventManager : Event: ======'slides_play'====== Args={'settings': {'score_slide': {'target': None, 'background_color': [0.0, 0.0, 0.0, 1.0], 'priority': None, 'show': True, 'force': False, 'expire': None, 'slide': None, 'tokens': {}, 'action': 'play'}}, 'context': 'base', 'calling_context': 'mode_base_started', 'priority': 100, 'player': 1, 'ball': 2, 'balls_remaining': 1, 'is_extra_ball': False}
2022-08-21 20:04:19,608 : mpfmc : SlidePlayer: Play called with settings={'score_slide': {'target': None, 'background_color': [0.0, 0.0, 0.0, 1.0], 'priority': None, 'show': True, 'force': False, 'expire': None, 'slide': None, 'tokens': {}, 'action': 'play'}}
2022-08-21 20:04:19,625 : EventManager : Event: ======'slide_score_slide_created'====== Args={}
2022-08-21 20:04:19,688 : EventManager : Event: ======'slide_score_slide_active'====== Args={}
2022-08-21 20:04:19,694 : EventManager : Event: ======'sounds_play'====== Args={'settings': {'default': {'action': 'play', 'loops': -1, 'track': 'music', 'priority': None, 'block': False, 'delay': None, 'volume': None, 'pan': None, 'start_at': None, 'fade_in': None, 'fade_out': None, 'about_to_finish_time': -1.0, 'max_queue_time': -1.0, 'events_when_played': ['use_sound_setting'], 'events_when_stopped': ['use_sound_setting'], 'events_when_looping': ['use_sound_setting'], 'events_when_about_to_finish': ['use_sound_setting'], 'mode_end_action': 'use_sound_setting', 'key': 'use_sound_setting'}, 'mode_theme': {'action': 'stop', 'priority': None, 'block': False, 'delay': None, 'track': None, 'volume': None, 'pan': None, 'loops': None, 'start_at': None, 'fade_in': None, 'fade_out': None, 'about_to_finish_time': -1.0, 'max_queue_time': -1.0, 'events_when_played': ['use_sound_setting'], 'events_when_stopped': ['use_sound_setting'], 'events_when_looping': ['use_sound_setting'], 'events_when_about_to_finish': ['use_sound_setting'], 'mode_end_action': 'use_sound_setting', 'key': 'use_sound_setting'}}, 'context': '_global', 'calling_context': 'mode_spell_portal_started', 'priority': 0, 'player': 1, 'ball': 2, 'balls_remaining': 1, 'is_extra_ball': False}
2022-08-21 20:04:20,417 : EventManager : Event: ======'machine_var_audits_switches_s_action_button'====== Args={'value': 3963, 'prev_value': 3962, 'change': 1}
2022-08-21 20:04:20,598 : EventManager : Event: ======'sounds_play'====== Args={'settings': {'shooter_waiting': {'action': 'stop', 'priority': None, 'block': False, 'delay': None, 'track': None, 'volume': None, 'pan': None, 'loops': None, 'start_at': None, 'fade_in': None, 'fade_out': None, 'about_to_finish_time': -1.0, 'max_queue_time': -1.0, 'events_when_played': ['use_sound_setting'], 'events_when_stopped': ['use_sound_setting'], 'events_when_looping': ['use_sound_setting'], 'events_when_about_to_finish': ['use_sound_setting'], 'mode_end_action': 'use_sound_setting', 'key': 'use_sound_setting'}, 'default': {'action': 'play', 'loops': -1, 'track': 'music', 'priority': None, 'block': False, 'delay': None, 'volume': None, 'pan': None, 'start_at': None, 'fade_in': None, 'fade_out': None, 'about_to_finish_time': -1.0, 'max_queue_time': -1.0, 'events_when_played': ['use_sound_setting'], 'events_when_stopped': ['use_sound_setting'], 'events_when_looping': ['use_sound_setting'], 'events_when_about_to_finish': ['use_sound_setting'], 'mode_end_action': 'use_sound_setting', 'key': 'use_sound_setting'}}, 'context': '_global', 'calling_context': 's_drain_inactive', 'priority': 0}
2022-08-21 20:04:21,151 : EventManager : Event: ======'machine_var_audits_switches_s_left_sling'====== Args={'value': 6834, 'prev_value': 6833, 'change': 1}
2022-08-21 20:04:21,151 : EventManager : Event: ======'player_score'====== Args={'value': 11520, 'prev_value': 10410, 'change': 1110, 'player_num': 1}
2022-08-21 20:04:21,151 : EventManager : Event: ======'player_switches'====== Args={'value': 4, 'prev_value': 3, 'change': 1, 'player_num': 1}
2022-08-21 20:04:21,906 : EventManager : Event: ======'machine_var_audits_switches_s_left_flipper'====== Args={'value': 34316, 'prev_value': 34315, 'change': 1}
2022-08-21 20:04:22,279 : EventManager : Event: ======'machine_var_audits_switches_s_drop_target1'====== Args={'value': 1840, 'prev_value': 1839, 'change': 1}
2022-08-21 20:04:22,291 : EventManager : Event: ======'machine_var_audits_switches_s_drop_target2'====== Args={'value': 2146, 'prev_value': 2145, 'change': 1}
2022-08-21 20:04:22,291 : EventManager : Event: ======'player_score'====== Args={'value': 16020, 'prev_value': 11520, 'change': 4500, 'player_num': 1}
2022-08-21 20:04:22,291 : EventManager : Event: ======'player_switches'====== Args={'value': 5, 'prev_value': 4, 'change': 1, 'player_num': 1}
2022-08-21 20:04:22,291 : EventManager : Event: ======'player_score'====== Args={'value': 20520, 'prev_value': 16020, 'change': 4500, 'player_num': 1}
2022-08-21 20:04:22,292 : EventManager : Event: ======'player_switches'====== Args={'value': 6, 'prev_value': 5, 'change': 1, 'player_num': 1}
2022-08-21 20:04:22,622 : EventManager : Event: ======'machine_var_audits_switches_s_left_flipper'====== Args={'value': 34317, 'prev_value': 34316, 'change': 1}
2022-08-21 20:04:23,254 : EventManager : Event: ======'machine_var_audits_switches_s_right_sling'====== Args={'value': 14093, 'prev_value': 14092, 'change': 1}
2022-08-21 20:04:23,266 : EventManager : Event: ======'player_score'====== Args={'value': 21630, 'prev_value': 20520, 'change': 1110, 'player_num': 1}
2022-08-21 20:04:23,266 : EventManager : Event: ======'player_switches'====== Args={'value': 7, 'prev_value': 6, 'change': 1, 'player_num': 1}
2022-08-21 20:04:25,724 : EventManager : Event: ======'machine_var_audits_switches_s_drain'====== Args={'value': 2728, 'prev_value': 2727, 'change': 1}
2022-08-21 20:04:26,240 : EventManager : Event: ======'slides_play'====== Args={'settings': {'ball_saved_slide': {'target': None, 'background_color': [0.0, 0.0, 0.0, 1.0], 'priority': None, 'show': True, 'force': False, 'expire': None, 'slide': None, 'tokens': {}, 'action': 'play'}}, 'context': 'base', 'calling_context': 'ball_save_base_save_saving_ball', 'priority': 100, 'balls': 1, 'early_save': False}
2022-08-21 20:04:26,240 : mpfmc : SlidePlayer: Play called with settings={'ball_saved_slide': {'target': None, 'background_color': [0.0, 0.0, 0.0, 1.0], 'priority': None, 'show': True, 'force': False, 'expire': None, 'slide': None, 'tokens': {}, 'action': 'play'}}
2022-08-21 20:04:26,248 : EventManager : Event: ======'slide_ball_saved_slide_created'====== Args={}
2022-08-21 20:04:26,254 : EventManager : Event: ======'slide_ball_saved_slide_active'====== Args={}
2022-08-21 20:04:26,429 : EventManager : Event: ======'sounds_play'====== Args={'settings': {'shooter_waiting': {'action': 'stop', 'priority': None, 'block': False, 'delay': None, 'track': None, 'volume': None, 'pan': None, 'loops': None, 'start_at': None, 'fade_in': None, 'fade_out': None, 'about_to_finish_time': -1.0, 'max_queue_time': -1.0, 'events_when_played': ['use_sound_setting'], 'events_when_stopped': ['use_sound_setting'], 'events_when_looping': ['use_sound_setting'], 'events_when_about_to_finish': ['use_sound_setting'], 'mode_end_action': 'use_sound_setting', 'key': 'use_sound_setting'}, 'default': {'action': 'play', 'loops': -1, 'track': 'music', 'priority': None, 'block': False, 'delay': None, 'volume': None, 'pan': None, 'start_at': None, 'fade_in': None, 'fade_out': None, 'about_to_finish_time': -1.0, 'max_queue_time': -1.0, 'events_when_played': ['use_sound_setting'], 'events_when_stopped': ['use_sound_setting'], 'events_when_looping': ['use_sound_setting'], 'events_when_about_to_finish': ['use_sound_setting'], 'mode_end_action': 'use_sound_setting', 'key': 'use_sound_setting'}}, 'context': '_global', 'calling_context': 's_drain_inactive', 'priority': 0}
2022-08-21 20:04:26,945 : EventManager : Event: ======'machine_var_audits_switches_s_left_sling'====== Args={'value': 6835, 'prev_value': 6834, 'change': 1}
2022-08-21 20:04:26,945 : EventManager : Event: ======'player_score'====== Args={'value': 22740, 'prev_value': 21630, 'change': 1110, 'player_num': 1}
2022-08-21 20:04:26,958 : EventManager : Event: ======'player_switches'====== Args={'value': 8, 'prev_value': 7, 'change': 1, 'player_num': 1}
2022-08-21 20:04:28,237 : EventManager : Event: ======'slide_ball_saved_slide_removed'====== Args={}
2022-08-21 20:04:28,238 : EventManager : Event: ======'slide_score_slide_active'====== Args={}
2022-08-21 20:04:28,286 : EventManager : Event: ======'machine_var_audits_switches_s_left_inlane_far'====== Args={'value': 3989, 'prev_value': 3988, 'change': 1}
2022-08-21 20:04:28,286 : EventManager : Event: ======'player_shot_galaxy_advance'====== Args={'value': 1, 'prev_value': 0, 'change': 1, 'player_num': 1}
2022-08-21 20:04:28,299 : EventManager : Event: ======'machine_var_audits_shots_galaxy_advance'====== Args={'value': 2138, 'prev_value': 2137, 'change': 1}
2022-08-21 20:04:28,299 : EventManager : Event: ======'player_score'====== Args={'value': 52740, 'prev_value': 22740, 'change': 30000, 'player_num': 1}
2022-08-21 20:04:28,299 : EventManager : Event: ======'player_switches'====== Args={'value': 9, 'prev_value': 8, 'change': 1, 'player_num': 1}
2022-08-21 20:04:28,789 : EventManager : Event: ======'player_combos_combo_timer_tick'====== Args={'value': 5, 'prev_value': 6, 'change': -1, 'player_num': 1}
2022-08-21 20:04:29,035 : EventManager : Event: ======'machine_var_audits_switches_s_left_inlane_far'====== Args={'value': 3990, 'prev_value': 3989, 'change': 1}
2022-08-21 20:04:29,035 : EventManager : Event: ======'machine_var_audits_shots_galaxy_advance'====== Args={'value': 2139, 'prev_value': 2138, 'change': 1}
2022-08-21 20:04:29,035 : EventManager : Event: ======'player_score'====== Args={'value': 82740, 'prev_value': 52740, 'change': 30000, 'player_num': 1}
2022-08-21 20:04:29,035 : EventManager : Event: ======'player_switches'====== Args={'value': 10, 'prev_value': 9, 'change': 1, 'player_num': 1}
2022-08-21 20:04:29,036 : EventManager : Event: ======'player_combos_combo_timer_tick'====== Args={'value': 6, 'prev_value': 5, 'change': 1, 'player_num': 1}
2022-08-21 20:04:29,533 : EventManager : Event: ======'player_combos_combo_timer_tick'====== Args={'value': 5, 'prev_value': 6, 'change': -1, 'player_num': 1}
2022-08-21 20:04:29,610 : EventManager : Event: ======'machine_var_audits_switches_s_left_inlane_far'====== Args={'value': 3991, 'prev_value': 3990, 'change': 1}
2022-08-21 20:04:29,610 : EventManager : Event: ======'machine_var_audits_shots_galaxy_advance'====== Args={'value': 2140, 'prev_value': 2139, 'change': 1}
2022-08-21 20:04:29,610 : EventManager : Event: ======'player_score'====== Args={'value': 112740, 'prev_value': 82740, 'change': 30000, 'player_num': 1}
2022-08-21 20:04:29,610 : EventManager : Event: ======'player_switches'====== Args={'value': 11, 'prev_value': 10, 'change': 1, 'player_num': 1}
2022-08-21 20:04:29,611 : EventManager : Event: ======'player_combos_combo_timer_tick'====== Args={'value': 6, 'prev_value': 5, 'change': 1, 'player_num': 1}
2022-08-21 20:04:30,109 : EventManager : Event: ======'machine_var_audits_switches_s_left_inlane_far'====== Args={'value': 3992, 'prev_value': 3991, 'change': 1}
2022-08-21 20:04:30,109 : EventManager : Event: ======'machine_var_audits_shots_galaxy_advance'====== Args={'value': 2141, 'prev_value': 2140, 'change': 1}
2022-08-21 20:04:30,109 : EventManager : Event: ======'player_score'====== Args={'value': 142740, 'prev_value': 112740, 'change': 30000, 'player_num': 1}
2022-08-21 20:04:30,109 : EventManager : Event: ======'player_switches'====== Args={'value': 12, 'prev_value': 11, 'change': 1, 'player_num': 1}
2022-08-21 20:04:30,557 : EventManager : Event: ======'machine_var_audits_switches_s_left_inlane_far'====== Args={'value': 3993, 'prev_value': 3992, 'change': 1}
2022-08-21 20:04:30,557 : EventManager : Event: ======'machine_var_audits_shots_galaxy_advance'====== Args={'value': 2142, 'prev_value': 2141, 'change': 1}
2022-08-21 20:04:30,557 : EventManager : Event: ======'player_score'====== Args={'value': 172740, 'prev_value': 142740, 'change': 30000, 'player_num': 1}
2022-08-21 20:04:30,557 : EventManager : Event: ======'player_switches'====== Args={'value': 13, 'prev_value': 12, 'change': 1, 'player_num': 1}
2022-08-21 20:04:31,054 : EventManager : Event: ======'player_combos_combo_timer_tick'====== Args={'value': 5, 'prev_value': 6, 'change': -1, 'player_num': 1}
2022-08-21 20:04:31,066 : EventManager : Event: ======'machine_var_audits_switches_s_left_inlane_far'====== Args={'value': 3994, 'prev_value': 3993, 'change': 1}
2022-08-21 20:04:31,066 : EventManager : Event: ======'machine_var_audits_shots_galaxy_advance'====== Args={'value': 2143, 'prev_value': 2142, 'change': 1}
2022-08-21 20:04:31,066 : EventManager : Event: ======'player_score'====== Args={'value': 202740, 'prev_value': 172740, 'change': 30000, 'player_num': 1}
2022-08-21 20:04:31,066 : EventManager : Event: ======'player_switches'====== Args={'value': 14, 'prev_value': 13, 'change': 1, 'player_num': 1}
2022-08-21 20:04:31,075 : EventManager : Event: ======'player_combos_combo_timer_tick'====== Args={'value': 6, 'prev_value': 5, 'change': 1, 'player_num': 1}
2022-08-21 20:04:31,076 : EventManager : Event: ======'player_playfield_multiplier'====== Args={'value': 2, 'prev_value': 1, 'change': 1, 'player_num': 1}
2022-08-21 20:04:31,076 : EventManager : Event: ======'widgets_play'====== Args={'settings': {'playfield_x_timer_widget': {'priority': 0, 'slide': None, 'action': 'add', 'key': None, 'target': None}}, 'context': 'playfield_multiplier', 'calling_context': 'mode_playfield_multiplier_started', 'priority': 100000}
2022-08-21 20:04:31,076 : EventManager : Event: ======'player_playfield_x_timer_seconds'====== Args={'value': 75, 'prev_value': 0, 'change': 75, 'player_num': 1}
2022-08-21 20:04:31,567 : EventManager : Event: ======'player_combos_combo_timer_tick'====== Args={'value': 5, 'prev_value': 6, 'change': -1, 'player_num': 1}
2022-08-21 20:04:32,069 : EventManager : Event: ======'player_combos_combo_timer_tick'====== Args={'value': 4, 'prev_value': 5, 'change': -1, 'player_num': 1}
2022-08-21 20:04:32,261 : EventManager : Event: ======'player_playfield_multiplier_playfield_x_timer_tick'====== Args={'value': 74, 'prev_value': 0, 'change': 74, 'player_num': 1}
2022-08-21 20:04:32,261 : EventManager : Event: ======'player_playfield_x_timer_seconds'====== Args={'value': 74, 'prev_value': 75, 'change': -1, 'player_num': 1}
2022-08-21 20:04:32,565 : EventManager : Event: ======'player_combos_combo_timer_tick'====== Args={'value': 3, 'prev_value': 4, 'change': -1, 'player_num': 1}
2022-08-21 20:04:33,067 : EventManager : Event: ======'player_combos_combo_timer_tick'====== Args={'value': 2, 'prev_value': 3, 'change': -1, 'player_num': 1}
2022-08-21 20:04:33,467 : EventManager : Event: ======'player_playfield_multiplier_playfield_x_timer_tick'====== Args={'value': 73, 'prev_value': 74, 'change': -1, 'player_num': 1}
2022-08-21 20:04:33,467 : EventManager : Event: ======'player_playfield_x_timer_seconds'====== Args={'value': 73, 'prev_value': 74, 'change': -1, 'player_num': 1}
2022-08-21 20:04:33,564 : EventManager : Event: ======'player_combos_combo_timer_tick'====== Args={'value': 1, 'prev_value': 2, 'change': -1, 'player_num': 1}
2022-08-21 20:04:34,065 : EventManager : Event: ======'player_combos_combo_timer_tick'====== Args={'value': 0, 'prev_value': 1, 'change': -1, 'player_num': 1}
2022-08-21 20:04:34,400 : EventManager : Event: ======'machine_var_audits_switches_s_left_flipper'====== Args={'value': 34318, 'prev_value': 34317, 'change': 1}
2022-08-21 20:04:34,670 : EventManager : Event: ======'player_playfield_multiplier_playfield_x_timer_tick'====== Args={'value': 72, 'prev_value': 73, 'change': -1, 'player_num': 1}
2022-08-21 20:04:34,670 : EventManager : Event: ======'player_playfield_x_timer_seconds'====== Args={'value': 72, 'prev_value': 73, 'change': -1, 'player_num': 1}
2022-08-21 20:04:34,778 : EventManager : Event: ======'machine_var_audits_switches_s_right_spinner'====== Args={'value': 16259, 'prev_value': 16258, 'change': 1}
2022-08-21 20:04:34,778 : EventManager : Event: ======'player_score'====== Args={'value': 204800, 'prev_value': 202740, 'change': 2060, 'player_num': 1}
2022-08-21 20:04:34,778 : EventManager : Event: ======'player_switches'====== Args={'value': 15, 'prev_value': 14, 'change': 1, 'player_num': 1}
2022-08-21 20:04:34,778 : EventManager : Event: ======'player_mode_value'====== Args={'value': 1010000, 'prev_value': 1000000, 'change': 10000, 'player_num': 1}
2022-08-21 20:04:35,873 : EventManager : Event: ======'player_playfield_multiplier_playfield_x_timer_tick'====== Args={'value': 71, 'prev_value': 72, 'change': -1, 'player_num': 1}
2022-08-21 20:04:35,873 : EventManager : Event: ======'player_playfield_x_timer_seconds'====== Args={'value': 71, 'prev_value': 72, 'change': -1, 'player_num': 1}
2022-08-21 20:04:37,068 : EventManager : Event: ======'player_playfield_multiplier_playfield_x_timer_tick'====== Args={'value': 70, 'prev_value': 71, 'change': -1, 'player_num': 1}
2022-08-21 20:04:37,068 : EventManager : Event: ======'player_playfield_x_timer_seconds'====== Args={'value': 70, 'prev_value': 71, 'change': -1, 'player_num': 1}
2022-08-21 20:04:37,397 : EventManager : Event: ======'machine_var_audits_switches_s_right_inlane_far'====== Args={'value': 6161, 'prev_value': 6160, 'change': 1}
2022-08-21 20:04:37,409 : EventManager : Event: ======'player_shot_portal_advance'====== Args={'value': 1, 'prev_value': 0, 'change': 1, 'player_num': 1}
2022-08-21 20:04:37,409 : EventManager : Event: ======'machine_var_audits_shots_portal_advance'====== Args={'value': 4576, 'prev_value': 4575, 'change': 1}
2022-08-21 20:04:37,421 : EventManager : Event: ======'player_score'====== Args={'value': 264800, 'prev_value': 204800, 'change': 60000, 'player_num': 1}
2022-08-21 20:04:37,421 : EventManager : Event: ======'player_switches'====== Args={'value': 16, 'prev_value': 15, 'change': 1, 'player_num': 1}
2022-08-21 20:04:37,421 : EventManager : Event: ======'player_combos_combo_timer_tick'====== Args={'value': 6, 'prev_value': 0, 'change': 6, 'player_num': 1}
2022-08-21 20:04:37,735 : EventManager : Event: ======'machine_var_audits_switches_s_right_flipper'====== Args={'value': 31730, 'prev_value': 31729, 'change': 1}
2022-08-21 20:04:37,916 : EventManager : Event: ======'player_combos_combo_timer_tick'====== Args={'value': 5, 'prev_value': 6, 'change': -1, 'player_num': 1}
2022-08-21 20:04:38,277 : EventManager : Event: ======'player_playfield_multiplier_playfield_x_timer_tick'====== Args={'value': 69, 'prev_value': 70, 'change': -1, 'player_num': 1}
2022-08-21 20:04:38,277 : EventManager : Event: ======'player_playfield_x_timer_seconds'====== Args={'value': 69, 'prev_value': 70, 'change': -1, 'player_num': 1}
2022-08-21 20:04:38,412 : EventManager : Event: ======'player_combos_combo_timer_tick'====== Args={'value': 4, 'prev_value': 5, 'change': -1, 'player_num': 1}
2022-08-21 20:04:38,704 : EventManager : Event: ======'machine_var_audits_switches_s_left_inlane_far'====== Args={'value': 3995, 'prev_value': 3994, 'change': 1}
2022-08-21 20:04:38,704 : EventManager : Event: ======'player_combo'====== Args={'value': 1, 'prev_value': 0, 'change': 1, 'player_num': 1}
2022-08-21 20:04:38,704 : EventManager : Event: ======'player_combo_value'====== Args={'value': 25000, 'prev_value': 0, 'change': 25000, 'player_num': 1}
2022-08-21 20:04:38,704 : EventManager : Event: ======'player_score'====== Args={'value': 314800, 'prev_value': 264800, 'change': 50000, 'player_num': 1}
2022-08-21 20:04:38,705 : EventManager : Event: ======'slides_play'====== Args={'settings': {'combo_slide': {'target': None, 'background_color': [0.0, 0.0, 0.0, 1.0], 'priority': None, 'show': True, 'force': False, 'expire': None, 'slide': None, 'tokens': {}, 'action': 'play'}}, 'context': 'combos', 'calling_context': 's_left_inlane_far_active{device.timers.combo_timer.ticks==4}', 'priority': 700}
2022-08-21 20:04:38,705 : EventManager : Event: ======'machine_var_audits_shots_galaxy_advance'====== Args={'value': 2144, 'prev_value': 2143, 'change': 1}
2022-08-21 20:04:38,705 : EventManager : Event: ======'player_score'====== Args={'value': 374800, 'prev_value': 314800, 'change': 60000, 'player_num': 1}
2022-08-21 20:04:38,705 : EventManager : Event: ======'player_switches'====== Args={'value': 17, 'prev_value': 16, 'change': 1, 'player_num': 1}
2022-08-21 20:04:38,705 : EventManager : Event: ======'player_combos_combo_timer_tick'====== Args={'value': 6, 'prev_value': 4, 'change': 2, 'player_num': 1}
2022-08-21 20:04:38,707 : mpfmc : SlidePlayer: Play called with settings={'combo_slide': {'target': None, 'background_color': [0.0, 0.0, 0.0, 1.0], 'priority': None, 'show': True, 'force': False, 'expire': None, 'slide': None, 'tokens': {}, 'action': 'play'}}
2022-08-21 20:04:38,723 : EventManager : Event: ======'slide_combo_slide_created'====== Args={}
2022-08-21 20:04:38,734 : EventManager : Event: ======'slide_combo_slide_active'====== Args={}
2022-08-21 20:04:39,040 : kivy : Base: Leaving application in progress...
2022-08-21 20:04:39,285 : mpfmc : Stopping...
2022-08-21 20:04:39,285 : EventManager : Event: ======'shutdown'====== Args={}
2022-08-21 20:04:39,285 : AudioInterface : Disabling audio playback
2022-08-21 20:04:39,285 : mpfmc : Loop rate 71.95 Hz
2022-08-21 20:04:39,285 : kivy : MC run loop ended.
2022-08-21 20:04:39,285 : kivy : Stopping child threads... (3 remaining)
2022-08-21 20:04:39,473 : mpfmc : Stopping...
2022-08-21 20:04:39,473 : EventManager : Event: ======'shutdown'====== Args={}
2022-08-21 20:04:39,473 : mpfmc : Loop rate 71.54 Hz
2022-08-21 20:04:39,753 : MPF-MC BCP Server : Stopping BCP sending thread
2022-08-21 20:04:39,831 : kivy : All child threads stopped.
