2022-08-22 20:08:51,237 : kivy : Factory: 186 symbols loaded
2022-08-22 20:08:51,377 : kivy : ImageLoaderFFPy: Using ffpyplayer 4.3.2
2022-08-22 20:08:51,377 : kivy : Image: Providers: img_tex, img_dds, img_sdl2, img_pil, img_ffpyplayer 
2022-08-22 20:08:51,415 : kivy : VideoGstplayer: Using Gstreamer 1.18.0.0
2022-08-22 20:08:51,415 : kivy : Video: Provider: gstplayer
2022-08-22 20:08:51,580 : kivy : Loading MPF-MC controller
2022-08-22 20:08:52,098 : ConfigProcessor : Config spec file cache created: C:\Users\Brendan\AppData\Local\Temp\config_spec.mpf_cache
2022-08-22 20:08:52,098 : YamlMultifileConfigLoader : Machine config file #1: config
2022-08-22 20:08:52,099 : ConfigProcessor : Config file in cache changed: C:\Baby_pacman_code\machine\config\config
2022-08-22 20:08:52,099 : ConfigProcessor : Loading config from file c:\users\brendan\appdata\local\programs\python\python37\lib\site-packages\mpfmc\mcconfig.yaml.
2022-08-22 20:08:52,149 : ConfigProcessor : Loading config: c:\users\brendan\appdata\local\programs\python\python37\lib\site-packages\mpfmc\mcconfig.yaml
2022-08-22 20:08:52,150 : ConfigProcessor : Loading config from file C:\Baby_pacman_code\machine\config\config.
2022-08-22 20:08:52,279 : ConfigProcessor : Loading config: C:\Baby_pacman_code\machine\config\config
2022-08-22 20:08:52,281 : ConfigProcessor : Config file cache created: C:\Users\Brendan\AppData\Local\Temp\e68bda1e95a8aa0185725ca2569cabab.mpf_cache
2022-08-22 20:08:52,282 : ConfigProcessor : Loading config from cache: C:\Users\Brendan\AppData\Local\Temp\467e7647689d29fad6adf949e1f4d51d.mpf_cache
2022-08-22 20:08:52,283 : ConfigProcessor : Loading config from cache: C:\Users\Brendan\AppData\Local\Temp\5550e037aa776b42b91b29b40b356c70.mpf_cache
2022-08-22 20:08:52,283 : ConfigProcessor : Loading config from cache: C:\Users\Brendan\AppData\Local\Temp\15e0c601392b30c3d9ba3ead8131edb5.mpf_cache
2022-08-22 20:08:52,284 : ConfigProcessor : Loading config from cache: C:\Users\Brendan\AppData\Local\Temp\0bf50917c4ef15ab65ee13d6c14e7d7c.mpf_cache
2022-08-22 20:08:52,285 : ConfigProcessor : Loading config from cache: C:\Users\Brendan\AppData\Local\Temp\bc7da7b13b2754e080c2afa0678ac274.mpf_cache
2022-08-22 20:08:52,285 : ConfigProcessor : Loading config from cache: C:\Users\Brendan\AppData\Local\Temp\bbd59d0bb6602ee0c5a89d6f85e6dd42.mpf_cache
2022-08-22 20:08:52,286 : ConfigProcessor : Loading config from cache: C:\Users\Brendan\AppData\Local\Temp\5526c78976fee311c3d05505d75f653d.mpf_cache
2022-08-22 20:08:52,287 : ConfigProcessor : Loading config from cache: C:\Users\Brendan\AppData\Local\Temp\6e95138ae5415fc76b53ebf8fa245fb5.mpf_cache
2022-08-22 20:08:52,287 : ConfigProcessor : Loading config from cache: C:\Users\Brendan\AppData\Local\Temp\1ec1c4dffb383758956493783a9ed391.mpf_cache
2022-08-22 20:08:52,288 : ConfigProcessor : Loading config from cache: C:\Users\Brendan\AppData\Local\Temp\f2aee92728c8017b77c710c804dd7f5a.mpf_cache
2022-08-22 20:08:52,289 : ConfigProcessor : Loading config from cache: C:\Users\Brendan\AppData\Local\Temp\88f57fa1305e9dc100972ec9f84d57fe.mpf_cache
2022-08-22 20:08:52,290 : ConfigProcessor : Loading config from cache: C:\Users\Brendan\AppData\Local\Temp\6e00a9d794d4c3f43a0fc48da04dac60.mpf_cache
2022-08-22 20:08:52,291 : ConfigProcessor : Loading config from cache: C:\Users\Brendan\AppData\Local\Temp\05ef98219fc733c3bcab58726c4b37ef.mpf_cache
2022-08-22 20:08:52,291 : ConfigProcessor : Loading config from cache: C:\Users\Brendan\AppData\Local\Temp\c22d657a5a7bb60632c2be2c735e073b.mpf_cache
2022-08-22 20:08:52,292 : ConfigProcessor : Loading config from cache: C:\Users\Brendan\AppData\Local\Temp\f7d4f5eb9425fe84d2e83a363afd4bdf.mpf_cache
2022-08-22 20:08:52,293 : ConfigProcessor : Loading config from cache: C:\Users\Brendan\AppData\Local\Temp\125f51d329f930ea7bff10973551cc26.mpf_cache
2022-08-22 20:08:52,293 : ConfigProcessor : Loading config from cache: C:\Users\Brendan\AppData\Local\Temp\08e18dfdf4e02cd29cc0cc52be2faaf4.mpf_cache
2022-08-22 20:08:52,294 : ConfigProcessor : Loading config from cache: C:\Users\Brendan\AppData\Local\Temp\f042f5bf6362b9e04d43b40b93a92057.mpf_cache
2022-08-22 20:08:52,295 : ConfigProcessor : Loading config from cache: C:\Users\Brendan\AppData\Local\Temp\60badac06cd62deb71f25fac24b103c2.mpf_cache
2022-08-22 20:08:52,295 : ConfigProcessor : Loading config from cache: C:\Users\Brendan\AppData\Local\Temp\a3ad1aeb679a0686901de8a6ffe784f0.mpf_cache
2022-08-22 20:08:52,296 : ConfigProcessor : Loading config from cache: C:\Users\Brendan\AppData\Local\Temp\d7856287e4ec48fb5adaa65e5f7b2848.mpf_cache
2022-08-22 20:08:52,296 : mpfmc : Mission Pinball Framework Media Controller v0.55.0
2022-08-22 20:08:52,297 : mpfmc : Mission Pinball Framework Game Engine v0.55.0
2022-08-22 20:08:52,297 : mpfmc : Machine path: C:\Baby_pacman_code\machine
2022-08-22 20:08:52,297 : mpfmc : Starting clock at 60.0Hz
2022-08-22 20:08:52,308 : kivy : Text: Provider: sdl2
2022-08-22 20:08:52,343 : kivy : Window: Provider: sdl2
2022-08-22 20:08:52,409 : kivy : GL: Using the "OpenGL" graphics system
2022-08-22 20:08:52,410 : kivy : GL: GLEW initialization succeeded
2022-08-22 20:08:52,410 : kivy : GL: Backend used <glew>
2022-08-22 20:08:52,410 : kivy : GL: OpenGL version <b'3.1.0 - Build 9.17.10.3517'>
2022-08-22 20:08:52,410 : kivy : GL: OpenGL vendor <b'Intel'>
2022-08-22 20:08:52,410 : kivy : GL: OpenGL renderer <b'Intel(R) HD Graphics 2000'>
2022-08-22 20:08:52,411 : kivy : GL: OpenGL parsed version: 3, 1
2022-08-22 20:08:52,411 : kivy : GL: Shading version <b'1.40 - Intel Build 9.17.10.3517'>
2022-08-22 20:08:52,411 : kivy : GL: Texture max size <8192>
2022-08-22 20:08:52,411 : kivy : GL: Texture max units <16>
2022-08-22 20:08:52,479 : kivy : Window: auto add sdl2 input provider
2022-08-22 20:08:52,480 : kivy : Window: virtual keyboard not allowed, single mode, not docked
2022-08-22 20:08:52,635 : AudioInterface : Initialized
2022-08-22 20:08:52,635 : AudioInterface : Loaded SDL 2.0.12
2022-08-22 20:08:52,635 : AudioInterface : Loaded SDL_Mixer 2.0.4
2022-08-22 20:08:52,635 : AudioInterface : Loaded GStreamer 1.18.0.0
2022-08-22 20:08:52,635 : AudioInterface : Loaded GLib 2.62.6
2022-08-22 20:08:52,635 : AudioInterface : Settings requested - rate: 44100, channels: 1, buffer: 2048 samples
2022-08-22 20:08:52,636 : AudioInterface : Settings in use - rate: 44100, channels: 1, buffer: 2048 samples (4096 bytes @ 2 bytes per sample)
2022-08-22 20:08:52,636 : SoundSystem : Setting master volume to 0.0
2022-08-22 20:08:52,636 : SoundSystem : master_volume in sound_system is deprecated and will be removed in the future.
2022-08-22 20:08:52,636 : AudioInterface : Enabling audio playback
2022-08-22 20:08:52,638 : kivy : Base: Start application main loop
2022-08-22 20:08:52,639 : EventManager : Event: ======'display_window1_initialized'====== Args={}
2022-08-22 20:08:52,838 : mpfmc : Display: Setting 'window1' as default display
2022-08-22 20:08:52,845 : mpfmc : ASPECT RATIO MISMATCH: The on-screen window is not the same aspect ratio as the display called 'window1'. The logical display will be scaled from 1366x768 to the window size 1920x1058, and a black bar will make up the difference
2022-08-22 20:08:52,847 : EventManager : Event: ======'displays_initialized'====== Args={}
2022-08-22 20:08:52,848 : EventManager : Event: ======'slide_window1_blank_created'====== Args={}
2022-08-22 20:08:52,848 : EventManager : Event: ======'display_window1_ready'====== Args={}
2022-08-22 20:08:52,857 : EventManager : Event: ======'init_phase_1'====== Args={}
2022-08-22 20:08:52,862 : EventManager : Event: ======'mc_ready'====== Args={}
2022-08-22 20:08:52,863 : EventManager : Event: ======'init_phase_2'====== Args={}
2022-08-22 20:08:52,890 : EventManager : Event: ======'init_phase_3'====== Args={}
2022-08-22 20:08:52,897 : EventManager : Event: ======'init_phase_4'====== Args={}
2022-08-22 20:08:52,897 : EventManager : Event: ======'init_phase_5'====== Args={}
2022-08-22 20:08:52,943 : kivy : GL: NPOT texture support is available
2022-08-22 20:08:52,960 : kivy : GL: Unpack subimage support is available
2022-08-22 20:08:52,992 : EventManager : Event: ======'loading_assets'====== Args={'total': 27, 'loaded': 1, 'remaining': 26, 'percent': 4}
2022-08-22 20:08:52,994 : AssetManager : Loading assets: 1/27 (4%)
2022-08-22 20:08:54,202 : EventManager : Event: ======'loading_assets'====== Args={'total': 27, 'loaded': 2, 'remaining': 25, 'percent': 7}
2022-08-22 20:08:54,203 : AssetManager : Loading assets: 2/27 (7%)
2022-08-22 20:08:55,938 : EventManager : Event: ======'loading_assets'====== Args={'total': 27, 'loaded': 14, 'remaining': 13, 'percent': 52}
2022-08-22 20:08:55,938 : AssetManager : Loading assets: 14/27 (52%)
2022-08-22 20:08:56,655 : EventManager : Event: ======'loading_assets'====== Args={'total': 27, 'loaded': 27, 'remaining': 0, 'percent': 100}
2022-08-22 20:08:56,655 : AssetManager : Asset loading took: 4.018229722976685
2022-08-22 20:08:56,655 : EventManager : Event: ======'asset_loading_complete'====== Args={}
2022-08-22 20:08:56,655 : AssetManager : Loading assets: 27/27 (100%)
2022-08-22 20:08:56,656 : EventManager : Event: ======'init_done'====== Args={}
2022-08-22 20:08:56,656 : MPF-MC BCP Server : Starting up on localhost port 5050
2022-08-22 20:08:56,659 : MPF-MC BCP Server : Waiting for a connection...
2022-08-22 20:08:56,672 : EventManager : Event: ======'client_disconnected'====== Args={'host': '127.0.0.1', 'port': 5050}
2022-08-22 20:08:57,532 : MPF-MC BCP Server : Received connection from: 127.0.0.1:49194
2022-08-22 20:08:57,542 : EventManager : Event: ======'client_connected'====== Args={'host': '127.0.0.1', 'port': 49194}
2022-08-22 20:08:57,555 : EventManager : Event: ======'machine_var_fast_net_firmware'====== Args={'value': '01.05', 'prev_value': None, 'change': True}
2022-08-22 20:08:57,555 : EventManager : Event: ======'machine_var_fast_net_model'====== Args={'value': 'FP-CPU-002-2', 'prev_value': None, 'change': True}
2022-08-22 20:08:57,555 : EventManager : Event: ======'machine_var_fast_rgb_firmware'====== Args={'value': '01.00', 'prev_value': None, 'change': True}
2022-08-22 20:08:57,555 : EventManager : Event: ======'machine_var_fast_rgb_model'====== Args={'value': 'FP-CPU-002-2', 'prev_value': None, 'change': True}
2022-08-22 20:08:57,555 : EventManager : Event: ======'machine_var_credits_string'====== Args={'value': 'FREE PLAY', 'prev_value': None, 'change': True}
2022-08-22 20:08:57,555 : EventManager : Event: ======'machine_var_master_volume'====== Args={'value': 0.5, 'prev_value': None, 'change': True}
2022-08-22 20:08:57,556 : EventManager : Event: ======'machine_var_player1_score'====== Args={'value': 21708080, 'prev_value': None, 'change': True}
2022-08-22 20:08:57,556 : EventManager : Event: ======'machine_var_mpf_version'====== Args={'value': 'MPF v0.55.0', 'prev_value': None, 'change': True}
2022-08-22 20:08:57,556 : EventManager : Event: ======'machine_var_mpf_extended_version'====== Args={'value': 'MPF v0.55.0, Config version:5, Show version: 5, BCP version:1.1', 'prev_value': None, 'change': True}
2022-08-22 20:08:57,556 : EventManager : Event: ======'machine_var_python_version'====== Args={'value': '3.7.8', 'prev_value': None, 'change': True}
2022-08-22 20:08:57,556 : EventManager : Event: ======'machine_var_platform'====== Args={'value': 'Windows-7-6.1.7601-SP1', 'prev_value': None, 'change': True}
2022-08-22 20:08:57,556 : EventManager : Event: ======'machine_var_platform_system'====== Args={'value': 'Windows', 'prev_value': None, 'change': True}
2022-08-22 20:08:57,556 : EventManager : Event: ======'machine_var_platform_release'====== Args={'value': '7', 'prev_value': None, 'change': True}
2022-08-22 20:08:57,556 : EventManager : Event: ======'machine_var_platform_version'====== Args={'value': '6.1.7601', 'prev_value': None, 'change': True}
2022-08-22 20:08:57,557 : EventManager : Event: ======'machine_var_platform_machine'====== Args={'value': 'AMD64', 'prev_value': None, 'change': True}
2022-08-22 20:08:57,557 : EventManager : Event: ======'machine_var_mc_version'====== Args={'value': 'MPF-MC v0.55.0', 'prev_value': None, 'change': True}
2022-08-22 20:08:57,557 : EventManager : Event: ======'machine_var_mc_extended_version'====== Args={'value': 'MPF-MC v0.55.0 (config_version=5, BCP v1.1, Requires MPF v0.55.0-dev.49)', 'prev_value': None, 'change': True}
2022-08-22 20:08:57,557 : SoundSystem : Setting master volume to 0.5
2022-08-22 20:08:58,034 : EventManager : Event: ======'machine_var_audits_events_game_ended'====== Args={'value': 0, 'prev_value': None, 'change': True}
2022-08-22 20:08:58,034 : EventManager : Event: ======'machine_var_audits_events_game_started'====== Args={'value': 0, 'prev_value': None, 'change': True}
2022-08-22 20:08:58,034 : EventManager : Event: ======'machine_var_audits_player_score'====== Args={'value': {'average': 10302398.705281088, 'top': [198719690, 195274570, 161094530, 160419680, 140071820, 132769060, 132262360, 127113160, 121863670, 115954110], 'total': 587}, 'prev_value': None, 'change': True}
2022-08-22 20:08:58,034 : EventManager : Event: ======'machine_var_audits_shots_center_drop_mission1'====== Args={'value': 553, 'prev_value': None, 'change': True}
2022-08-22 20:08:58,035 : EventManager : Event: ======'machine_var_audits_shots_center_target'====== Args={'value': 179, 'prev_value': None, 'change': True}
2022-08-22 20:08:58,035 : EventManager : Event: ======'machine_var_audits_shots_drop_target1_mission2'====== Args={'value': 226, 'prev_value': None, 'change': True}
2022-08-22 20:08:58,035 : EventManager : Event: ======'machine_var_audits_shots_drop_target2_mission2'====== Args={'value': 266, 'prev_value': None, 'change': True}
2022-08-22 20:08:58,035 : EventManager : Event: ======'machine_var_audits_shots_drop_target3_mission2'====== Args={'value': 307, 'prev_value': None, 'change': True}
2022-08-22 20:08:58,035 : EventManager : Event: ======'machine_var_audits_shots_drop_target4_mission2'====== Args={'value': 272, 'prev_value': None, 'change': True}
2022-08-22 20:08:58,035 : EventManager : Event: ======'machine_var_audits_shots_drop_target5_mission2'====== Args={'value': 235, 'prev_value': None, 'change': True}
2022-08-22 20:08:58,035 : EventManager : Event: ======'machine_var_audits_shots_drop_targets_mission3'====== Args={'value': 1489, 'prev_value': None, 'change': True}
2022-08-22 20:08:58,035 : EventManager : Event: ======'machine_var_audits_shots_galaxy_advance'====== Args={'value': 2444, 'prev_value': None, 'change': True}
2022-08-22 20:08:58,036 : EventManager : Event: ======'machine_var_audits_shots_l_lane'====== Args={'value': 621, 'prev_value': None, 'change': True}
2022-08-22 20:08:58,036 : EventManager : Event: ======'machine_var_audits_shots_left_kicker_mission2'====== Args={'value': 162, 'prev_value': None, 'change': True}
2022-08-22 20:08:58,036 : EventManager : Event: ======'machine_var_audits_shots_left_kicker_mission4'====== Args={'value': 117, 'prev_value': None, 'change': True}
2022-08-22 20:08:58,046 : EventManager : Event: ======'machine_var_audits_shots_left_loop_mission1'====== Args={'value': 619, 'prev_value': None, 'change': True}
2022-08-22 20:08:58,046 : EventManager : Event: ======'machine_var_audits_shots_left_loop_mission2'====== Args={'value': 263, 'prev_value': None, 'change': True}
2022-08-22 20:08:58,046 : EventManager : Event: ======'machine_var_audits_shots_left_loop_mission4'====== Args={'value': 385, 'prev_value': None, 'change': True}
2022-08-22 20:08:58,046 : EventManager : Event: ======'machine_var_audits_shots_portal_advance'====== Args={'value': 4684, 'prev_value': None, 'change': True}
2022-08-22 20:08:58,046 : EventManager : Event: ======'machine_var_audits_shots_r_lane'====== Args={'value': 548, 'prev_value': None, 'change': True}
2022-08-22 20:08:58,046 : EventManager : Event: ======'machine_var_audits_shots_right_kicker_mission2'====== Args={'value': 137, 'prev_value': None, 'change': True}
2022-08-22 20:08:58,046 : EventManager : Event: ======'machine_var_audits_shots_right_kicker_mission4'====== Args={'value': 136, 'prev_value': None, 'change': True}
2022-08-22 20:08:58,046 : EventManager : Event: ======'machine_var_audits_shots_right_loop_mission1'====== Args={'value': 713, 'prev_value': None, 'change': True}
2022-08-22 20:08:58,047 : EventManager : Event: ======'machine_var_audits_shots_right_loop_mission2'====== Args={'value': 310, 'prev_value': None, 'change': True}
2022-08-22 20:08:58,047 : EventManager : Event: ======'machine_var_audits_shots_right_loop_mission4'====== Args={'value': 434, 'prev_value': None, 'change': True}
2022-08-22 20:08:58,047 : EventManager : Event: ======'machine_var_audits_shots_warp_advance'====== Args={'value': 1107, 'prev_value': None, 'change': True}
2022-08-22 20:08:58,047 : EventManager : Event: ======'machine_var_audits_switches_s_action_button'====== Args={'value': 4009, 'prev_value': None, 'change': True}
2022-08-22 20:08:58,047 : EventManager : Event: ======'machine_var_audits_switches_s_drain'====== Args={'value': 2758, 'prev_value': None, 'change': True}
2022-08-22 20:08:58,047 : EventManager : Event: ======'machine_var_audits_switches_s_drop_target1'====== Args={'value': 1878, 'prev_value': None, 'change': True}
2022-08-22 20:08:58,047 : EventManager : Event: ======'machine_var_audits_switches_s_drop_target2'====== Args={'value': 2194, 'prev_value': None, 'change': True}
2022-08-22 20:08:58,047 : EventManager : Event: ======'machine_var_audits_switches_s_drop_target3'====== Args={'value': 2624, 'prev_value': None, 'change': True}
2022-08-22 20:08:58,047 : EventManager : Event: ======'machine_var_audits_switches_s_drop_target4'====== Args={'value': 2091, 'prev_value': None, 'change': True}
2022-08-22 20:08:58,048 : EventManager : Event: ======'machine_var_audits_switches_s_drop_target5'====== Args={'value': 1974, 'prev_value': None, 'change': True}
2022-08-22 20:08:58,048 : EventManager : Event: ======'machine_var_audits_switches_s_left_captive_ball'====== Args={'value': 477, 'prev_value': None, 'change': True}
2022-08-22 20:08:58,048 : EventManager : Event: ======'machine_var_audits_switches_s_left_flipper'====== Args={'value': 35031, 'prev_value': None, 'change': True}
2022-08-22 20:08:58,048 : EventManager : Event: ======'machine_var_audits_switches_s_left_inlane'====== Args={'value': 621, 'prev_value': None, 'change': True}
2022-08-22 20:08:58,048 : EventManager : Event: ======'machine_var_audits_switches_s_left_inlane_far'====== Args={'value': 4335, 'prev_value': None, 'change': True}
2022-08-22 20:08:58,048 : EventManager : Event: ======'machine_var_audits_switches_s_left_kicker'====== Args={'value': 1563, 'prev_value': None, 'change': True}
2022-08-22 20:08:58,048 : EventManager : Event: ======'machine_var_audits_switches_s_left_sling'====== Args={'value': 6945, 'prev_value': None, 'change': True}
2022-08-22 20:08:58,048 : EventManager : Event: ======'machine_var_audits_switches_s_left_spinner'====== Args={'value': 20716, 'prev_value': None, 'change': True}
2022-08-22 20:08:58,048 : EventManager : Event: ======'machine_var_audits_switches_s_right_captive_ball'====== Args={'value': 505, 'prev_value': None, 'change': True}
2022-08-22 20:08:58,049 : EventManager : Event: ======'machine_var_audits_switches_s_right_flipper'====== Args={'value': 32307, 'prev_value': None, 'change': True}
2022-08-22 20:08:58,049 : EventManager : Event: ======'machine_var_audits_switches_s_right_inlane'====== Args={'value': 548, 'prev_value': None, 'change': True}
2022-08-22 20:08:58,049 : EventManager : Event: ======'machine_var_audits_switches_s_right_inlane_far'====== Args={'value': 6317, 'prev_value': None, 'change': True}
2022-08-22 20:08:58,049 : EventManager : Event: ======'machine_var_audits_switches_s_right_kicker'====== Args={'value': 1727, 'prev_value': None, 'change': True}
2022-08-22 20:08:58,058 : EventManager : Event: ======'machine_var_audits_switches_s_right_sling'====== Args={'value': 14158, 'prev_value': None, 'change': True}
2022-08-22 20:08:58,058 : EventManager : Event: ======'machine_var_audits_switches_s_right_spinner'====== Args={'value': 16632, 'prev_value': None, 'change': True}
2022-08-22 20:08:58,058 : EventManager : Event: ======'machine_var_audits_switches_s_start'====== Args={'value': 407, 'prev_value': None, 'change': True}
2022-08-22 20:08:58,070 : EventManager : Event: ======'mc_reset_phase_1'====== Args={}
2022-08-22 20:08:58,070 : EventManager : Event: ======'mc_reset_phase_2'====== Args={}
2022-08-22 20:08:58,070 : EventManager : Event: ======'mc_reset_phase_3'====== Args={}
2022-08-22 20:08:58,070 : EventManager : Event: ======'mc_reset_complete'====== Args={}
2022-08-22 20:08:58,082 : EventManager : Event: ======'slides_play'====== Args={'settings': {'widgets': {'widgets': [{'type': 'text', 'text': 'GAME OVER', 'font_size': 50, 'font_name': 'space_font', '_default_settings': ['type', 'text', 'font_size', 'font_name'], 'x': None, 'y': None, 'anchor_x': 'center', 'anchor_y': 'center', 'round_anchor_x': None, 'round_anchor_y': None, 'opacity': 1.0, 'z': 0, 'reset_animations_events': {}, 'color': [1.0, 1.0, 1.0, 1.0], 'style': [], 'adjust_top': 0, 'adjust_bottom': 0, 'adjust_left': 0, 'adjust_right': 0, 'expire': None, 'key': None, 'widget': None, 'events_when_added': [], 'events_when_removed': [], 'bitmap_font': False, 'font_kerning': True, 'bold': False, 'italic': False, 'number_grouping': False, 'min_digits': 0, 'halign': 'center', 'valign': 'middle', 'rotation': 0, 'scale': 1.0, 'casing': None, 'animations': None}, {'type': 'image', 'image': 'attract_background', '_default_settings': ['type', 'image'], 'x': None, 'y': None, 'anchor_x': 'center', 'anchor_y': 'center', 'round_anchor_x': None, 'round_anchor_y': None, 'opacity': 1.0, 'z': 0, 'reset_animations_events': {}, 'color': [1.0, 1.0, 1.0, 1.0], 'style': [], 'adjust_top': 0, 'adjust_bottom': 0, 'adjust_left': 0, 'adjust_right': 0, 'expire': None, 'key': None, 'widget': None, 'events_when_added': [], 'events_when_removed': [], 'fps': 10, 'loops': -1, 'auto_play': True, 'start_frame': 0, 'rotation': 0, 'scale': 1.0, 'animations': None}], 'target': None, 'background_color': [0.0, 0.0, 0.0, 1.0], 'priority': None, 'show': True, 'force': False, 'expire': None, 'slide': None, 'tokens': {}, 'action': 'play'}}, 'context': 'show_13', 'calling_context': 0, 'priority': 10, 'show_tokens': {}, 'start_time': 110.901}
2022-08-22 20:08:58,082 : mpfmc : SlidePlayer: Play called with settings={'widgets': {'widgets': [{'type': 'text', 'text': 'GAME OVER', 'font_size': 50, 'font_name': 'space_font', '_default_settings': ['type', 'text', 'font_size', 'font_name'], 'x': None, 'y': None, 'anchor_x': 'center', 'anchor_y': 'center', 'round_anchor_x': None, 'round_anchor_y': None, 'opacity': 1.0, 'z': 0, 'reset_animations_events': {}, 'color': [1.0, 1.0, 1.0, 1.0], 'style': [], 'adjust_top': 0, 'adjust_bottom': 0, 'adjust_left': 0, 'adjust_right': 0, 'expire': None, 'key': None, 'widget': None, 'events_when_added': [], 'events_when_removed': [], 'bitmap_font': False, 'font_kerning': True, 'bold': False, 'italic': False, 'number_grouping': False, 'min_digits': 0, 'halign': 'center', 'valign': 'middle', 'rotation': 0, 'scale': 1.0, 'casing': None, 'animations': None}, {'type': 'image', 'image': 'attract_background', '_default_settings': ['type', 'image'], 'x': None, 'y': None, 'anchor_x': 'center', 'anchor_y': 'center', 'round_anchor_x': None, 'round_anchor_y': None, 'opacity': 1.0, 'z': 0, 'reset_animations_events': {}, 'color': [1.0, 1.0, 1.0, 1.0], 'style': [], 'adjust_top': 0, 'adjust_bottom': 0, 'adjust_left': 0, 'adjust_right': 0, 'expire': None, 'key': None, 'widget': None, 'events_when_added': [], 'events_when_removed': [], 'fps': 10, 'loops': -1, 'auto_play': True, 'start_frame': 0, 'rotation': 0, 'scale': 1.0, 'animations': None}], 'target': None, 'background_color': [0.0, 0.0, 0.0, 1.0], 'priority': None, 'show': True, 'force': False, 'expire': None, 'slide': None, 'tokens': {}, 'action': 'play'}}
2022-08-22 20:08:58,089 : EventManager : Event: ======'slide_show_13.slide_player-0_created'====== Args={}
2022-08-22 20:08:58,091 : EventManager : Event: ======'slide_show_13.slide_player-0_active'====== Args={}
2022-08-22 20:08:58,715 : EventManager : Event: ======'game_started'====== Args={}
2022-08-22 20:08:58,715 : EventManager : Event: ======'slides_clear'====== Args={'context': 'show_13'}
2022-08-22 20:08:58,716 : EventManager : Event: ======'slide_show_13.slide_player-0_removed'====== Args={}
2022-08-22 20:08:58,716 : EventManager : Event: ======'slide_window1_blank_active'====== Args={}
2022-08-22 20:08:58,740 : EventManager : Event: ======'player_added'====== Args={'player': <Player 1>, 'num': 1}
2022-08-22 20:08:58,740 : EventManager : Event: ======'player_index'====== Args={'value': 0, 'prev_value': 0, 'change': 0, 'player_num': 1}
2022-08-22 20:08:58,740 : EventManager : Event: ======'player_number'====== Args={'value': 1, 'prev_value': 1, 'change': 0, 'player_num': 1}
2022-08-22 20:08:58,740 : EventManager : Event: ======'player_score'====== Args={'value': 0, 'prev_value': 0, 'change': 0, 'player_num': 1}
2022-08-22 20:08:58,741 : EventManager : Event: ======'player_mode_value'====== Args={'value': 1000000, 'prev_value': 0, 'change': 1000000, 'player_num': 1}
2022-08-22 20:08:58,741 : EventManager : Event: ======'player_bonus_multiplier'====== Args={'value': 1, 'prev_value': 0, 'change': 1, 'player_num': 1}
2022-08-22 20:08:58,741 : EventManager : Event: ======'player_playfield_multiplier'====== Args={'value': 1, 'prev_value': 0, 'change': 1, 'player_num': 1}
2022-08-22 20:08:58,776 : EventManager : Event: ======'player_ball'====== Args={'value': 1, 'prev_value': 0, 'change': 1, 'player_num': 1}
2022-08-22 20:08:58,776 : EventManager : Event: ======'player_turn_start'====== Args={'number': 1, 'player': <Player 1>}
2022-08-22 20:08:58,789 : EventManager : Event: ======'player_shot_l_lane_enabled'====== Args={'value': True, 'prev_value': 0, 'change': 1, 'player_num': 1}
2022-08-22 20:08:58,789 : EventManager : Event: ======'player_shot_r_lane_enabled'====== Args={'value': True, 'prev_value': 0, 'change': 1, 'player_num': 1}
2022-08-22 20:08:58,789 : EventManager : Event: ======'player_shot_center_target_enabled'====== Args={'value': True, 'prev_value': 0, 'change': 1, 'player_num': 1}
2022-08-22 20:08:58,789 : EventManager : Event: ======'player_extra_ball_two_modes_complete_num_awarded'====== Args={'value': 0, 'prev_value': 0, 'change': 0, 'player_num': 1}
2022-08-22 20:08:58,800 : EventManager : Event: ======'sounds_play'====== Args={'settings': {'default': {'action': 'stop', 'priority': 400, 'block': False, 'delay': None, 'track': None, 'volume': None, 'pan': None, 'loops': None, 'start_at': None, 'fade_in': None, 'fade_out': None, 'about_to_finish_time': -1.0, 'max_queue_time': -1.0, 'events_when_played': ['use_sound_setting'], 'events_when_stopped': ['use_sound_setting'], 'events_when_looping': ['use_sound_setting'], 'events_when_about_to_finish': ['use_sound_setting'], 'mode_end_action': 'use_sound_setting', 'key': 'use_sound_setting'}, 'shooter_waiting': {'action': 'play', 'loops': -1, 'priority': None, 'block': False, 'delay': None, 'track': None, 'volume': None, 'pan': None, 'start_at': None, 'fade_in': None, 'fade_out': None, 'about_to_finish_time': -1.0, 'max_queue_time': -1.0, 'events_when_played': ['use_sound_setting'], 'events_when_stopped': ['use_sound_setting'], 'events_when_looping': ['use_sound_setting'], 'events_when_about_to_finish': ['use_sound_setting'], 'mode_end_action': 'use_sound_setting', 'key': 'use_sound_setting'}}, 'context': '_global', 'calling_context': 'ball_started', 'priority': 0, 'player': 1, 'ball': 1, 'balls_remaining': 2, 'is_extra_ball': False}
2022-08-22 20:08:58,813 : EventManager : Event: ======'player_shot_portal_advance_enabled'====== Args={'value': True, 'prev_value': 0, 'change': 1, 'player_num': 1}
2022-08-22 20:08:58,813 : EventManager : Event: ======'player_shot_galaxy_advance_enabled'====== Args={'value': True, 'prev_value': 0, 'change': 1, 'player_num': 1}
2022-08-22 20:08:58,813 : EventManager : Event: ======'player_shot_warp_advance_enabled'====== Args={'value': True, 'prev_value': 0, 'change': 1, 'player_num': 1}
2022-08-22 20:08:58,813 : EventManager : Event: ======'slides_play'====== Args={'settings': {'score_slide': {'target': None, 'background_color': [0.0, 0.0, 0.0, 1.0], 'priority': None, 'show': True, 'force': False, 'expire': None, 'slide': None, 'tokens': {}, 'action': 'play'}}, 'context': 'base', 'calling_context': 'mode_base_started', 'priority': 100, 'player': 1, 'ball': 1, 'balls_remaining': 2, 'is_extra_ball': False}
2022-08-22 20:08:58,813 : mpfmc : SlidePlayer: Play called with settings={'score_slide': {'target': None, 'background_color': [0.0, 0.0, 0.0, 1.0], 'priority': None, 'show': True, 'force': False, 'expire': None, 'slide': None, 'tokens': {}, 'action': 'play'}}
2022-08-22 20:08:58,829 : EventManager : Event: ======'slide_score_slide_created'====== Args={}
2022-08-22 20:08:58,838 : EventManager : Event: ======'slide_score_slide_active'====== Args={}
2022-08-22 20:08:58,845 : EventManager : Event: ======'sounds_play'====== Args={'settings': {'default': {'action': 'play', 'loops': -1, 'track': 'music', 'priority': None, 'block': False, 'delay': None, 'volume': None, 'pan': None, 'start_at': None, 'fade_in': None, 'fade_out': None, 'about_to_finish_time': -1.0, 'max_queue_time': -1.0, 'events_when_played': ['use_sound_setting'], 'events_when_stopped': ['use_sound_setting'], 'events_when_looping': ['use_sound_setting'], 'events_when_about_to_finish': ['use_sound_setting'], 'mode_end_action': 'use_sound_setting', 'key': 'use_sound_setting'}, 'mode_theme': {'action': 'stop', 'priority': None, 'block': False, 'delay': None, 'track': None, 'volume': None, 'pan': None, 'loops': None, 'start_at': None, 'fade_in': None, 'fade_out': None, 'about_to_finish_time': -1.0, 'max_queue_time': -1.0, 'events_when_played': ['use_sound_setting'], 'events_when_stopped': ['use_sound_setting'], 'events_when_looping': ['use_sound_setting'], 'events_when_about_to_finish': ['use_sound_setting'], 'mode_end_action': 'use_sound_setting', 'key': 'use_sound_setting'}}, 'context': '_global', 'calling_context': 'mode_spell_portal_started', 'priority': 0, 'player': 1, 'ball': 1, 'balls_remaining': 2, 'is_extra_ball': False}
2022-08-22 20:08:59,827 : EventManager : Event: ======'machine_var_audits_switches_s_action_button'====== Args={'value': 4010, 'prev_value': 4009, 'change': 1}
2022-08-22 20:09:00,033 : EventManager : Event: ======'sounds_play'====== Args={'settings': {'shooter_waiting': {'action': 'stop', 'priority': None, 'block': False, 'delay': None, 'track': None, 'volume': None, 'pan': None, 'loops': None, 'start_at': None, 'fade_in': None, 'fade_out': None, 'about_to_finish_time': -1.0, 'max_queue_time': -1.0, 'events_when_played': ['use_sound_setting'], 'events_when_stopped': ['use_sound_setting'], 'events_when_looping': ['use_sound_setting'], 'events_when_about_to_finish': ['use_sound_setting'], 'mode_end_action': 'use_sound_setting', 'key': 'use_sound_setting'}, 'default': {'action': 'play', 'loops': -1, 'track': 'music', 'priority': None, 'block': False, 'delay': None, 'volume': None, 'pan': None, 'start_at': None, 'fade_in': None, 'fade_out': None, 'about_to_finish_time': -1.0, 'max_queue_time': -1.0, 'events_when_played': ['use_sound_setting'], 'events_when_stopped': ['use_sound_setting'], 'events_when_looping': ['use_sound_setting'], 'events_when_about_to_finish': ['use_sound_setting'], 'mode_end_action': 'use_sound_setting', 'key': 'use_sound_setting'}}, 'context': '_global', 'calling_context': 's_drain_inactive', 'priority': 0}
2022-08-22 20:09:00,588 : EventManager : Event: ======'machine_var_audits_switches_s_left_sling'====== Args={'value': 6946, 'prev_value': 6945, 'change': 1}
2022-08-22 20:09:00,588 : EventManager : Event: ======'player_score'====== Args={'value': 1110, 'prev_value': 0, 'change': 1110, 'player_num': 1}
2022-08-22 20:09:00,588 : EventManager : Event: ======'player_switches'====== Args={'value': 1, 'prev_value': 0, 'change': 1, 'player_num': 1}
2022-08-22 20:09:01,763 : EventManager : Event: ======'machine_var_audits_switches_s_left_inlane_far'====== Args={'value': 4336, 'prev_value': 4335, 'change': 1}
2022-08-22 20:09:01,763 : EventManager : Event: ======'player_shot_galaxy_advance'====== Args={'value': 1, 'prev_value': 0, 'change': 1, 'player_num': 1}
2022-08-22 20:09:01,763 : EventManager : Event: ======'machine_var_audits_shots_galaxy_advance'====== Args={'value': 2445, 'prev_value': 2444, 'change': 1}
2022-08-22 20:09:01,764 : EventManager : Event: ======'player_score'====== Args={'value': 31110, 'prev_value': 1110, 'change': 30000, 'player_num': 1}
2022-08-22 20:09:01,764 : EventManager : Event: ======'player_switches'====== Args={'value': 2, 'prev_value': 1, 'change': 1, 'player_num': 1}
2022-08-22 20:09:01,764 : EventManager : Event: ======'player_combos_combo_timer_tick'====== Args={'value': 6, 'prev_value': 0, 'change': 6, 'player_num': 1}
2022-08-22 20:09:02,262 : EventManager : Event: ======'player_combos_combo_timer_tick'====== Args={'value': 5, 'prev_value': 6, 'change': -1, 'player_num': 1}
2022-08-22 20:09:02,417 : EventManager : Event: ======'machine_var_audits_switches_s_left_inlane_far'====== Args={'value': 4337, 'prev_value': 4336, 'change': 1}
2022-08-22 20:09:02,417 : EventManager : Event: ======'machine_var_audits_shots_galaxy_advance'====== Args={'value': 2446, 'prev_value': 2445, 'change': 1}
2022-08-22 20:09:02,417 : EventManager : Event: ======'player_score'====== Args={'value': 61110, 'prev_value': 31110, 'change': 30000, 'player_num': 1}
2022-08-22 20:09:02,417 : EventManager : Event: ======'player_switches'====== Args={'value': 3, 'prev_value': 2, 'change': 1, 'player_num': 1}
2022-08-22 20:09:02,418 : EventManager : Event: ======'player_combos_combo_timer_tick'====== Args={'value': 6, 'prev_value': 5, 'change': 1, 'player_num': 1}
2022-08-22 20:09:02,912 : EventManager : Event: ======'player_combos_combo_timer_tick'====== Args={'value': 5, 'prev_value': 6, 'change': -1, 'player_num': 1}
2022-08-22 20:09:02,975 : EventManager : Event: ======'machine_var_audits_switches_s_left_inlane_far'====== Args={'value': 4338, 'prev_value': 4337, 'change': 1}
2022-08-22 20:09:02,975 : EventManager : Event: ======'machine_var_audits_shots_galaxy_advance'====== Args={'value': 2447, 'prev_value': 2446, 'change': 1}
2022-08-22 20:09:02,975 : EventManager : Event: ======'player_score'====== Args={'value': 91110, 'prev_value': 61110, 'change': 30000, 'player_num': 1}
2022-08-22 20:09:02,975 : EventManager : Event: ======'player_switches'====== Args={'value': 4, 'prev_value': 3, 'change': 1, 'player_num': 1}
2022-08-22 20:09:02,976 : EventManager : Event: ======'player_combos_combo_timer_tick'====== Args={'value': 6, 'prev_value': 5, 'change': 1, 'player_num': 1}
2022-08-22 20:09:03,466 : EventManager : Event: ======'player_combos_combo_timer_tick'====== Args={'value': 5, 'prev_value': 6, 'change': -1, 'player_num': 1}
2022-08-22 20:09:03,833 : EventManager : Event: ======'machine_var_audits_switches_s_left_inlane_far'====== Args={'value': 4339, 'prev_value': 4338, 'change': 1}
2022-08-22 20:09:03,833 : EventManager : Event: ======'machine_var_audits_shots_galaxy_advance'====== Args={'value': 2448, 'prev_value': 2447, 'change': 1}
2022-08-22 20:09:03,845 : EventManager : Event: ======'player_score'====== Args={'value': 121110, 'prev_value': 91110, 'change': 30000, 'player_num': 1}
2022-08-22 20:09:03,845 : EventManager : Event: ======'player_switches'====== Args={'value': 5, 'prev_value': 4, 'change': 1, 'player_num': 1}
2022-08-22 20:09:03,845 : EventManager : Event: ======'player_combos_combo_timer_tick'====== Args={'value': 6, 'prev_value': 5, 'change': 1, 'player_num': 1}
2022-08-22 20:09:04,339 : EventManager : Event: ======'player_combos_combo_timer_tick'====== Args={'value': 5, 'prev_value': 6, 'change': -1, 'player_num': 1}
2022-08-22 20:09:04,750 : EventManager : Event: ======'machine_var_audits_switches_s_left_inlane_far'====== Args={'value': 4340, 'prev_value': 4339, 'change': 1}
2022-08-22 20:09:04,750 : EventManager : Event: ======'machine_var_audits_shots_galaxy_advance'====== Args={'value': 2449, 'prev_value': 2448, 'change': 1}
2022-08-22 20:09:04,750 : EventManager : Event: ======'player_score'====== Args={'value': 151110, 'prev_value': 121110, 'change': 30000, 'player_num': 1}
2022-08-22 20:09:04,750 : EventManager : Event: ======'player_switches'====== Args={'value': 6, 'prev_value': 5, 'change': 1, 'player_num': 1}
2022-08-22 20:09:04,751 : EventManager : Event: ======'player_combos_combo_timer_tick'====== Args={'value': 6, 'prev_value': 5, 'change': 1, 'player_num': 1}
2022-08-22 20:09:05,145 : EventManager : Event: ======'machine_var_audits_switches_s_left_inlane_far'====== Args={'value': 4341, 'prev_value': 4340, 'change': 1}
2022-08-22 20:09:05,145 : EventManager : Event: ======'machine_var_audits_shots_galaxy_advance'====== Args={'value': 2450, 'prev_value': 2449, 'change': 1}
2022-08-22 20:09:05,145 : EventManager : Event: ======'player_score'====== Args={'value': 181110, 'prev_value': 151110, 'change': 30000, 'player_num': 1}
2022-08-22 20:09:05,152 : EventManager : Event: ======'player_switches'====== Args={'value': 7, 'prev_value': 6, 'change': 1, 'player_num': 1}
2022-08-22 20:09:05,153 : EventManager : Event: ======'player_playfield_multiplier'====== Args={'value': 2, 'prev_value': 1, 'change': 1, 'player_num': 1}
2022-08-22 20:09:05,154 : EventManager : Event: ======'widgets_play'====== Args={'settings': {'playfield_x_timer_widget': {'priority': 10000, 'widget_settings': {'z': -1}, 'slide': None, 'action': 'add', 'key': None, 'target': None}}, 'context': 'playfield_multiplier', 'calling_context': 'mode_playfield_multiplier_started', 'priority': 10000}
2022-08-22 20:09:05,185 : EventManager : Event: ======'player_playfield_x_timer_seconds'====== Args={'value': 75, 'prev_value': 0, 'change': 75, 'player_num': 1}
2022-08-22 20:09:05,645 : EventManager : Event: ======'player_combos_combo_timer_tick'====== Args={'value': 5, 'prev_value': 6, 'change': -1, 'player_num': 1}
2022-08-22 20:09:05,784 : EventManager : Event: ======'machine_var_audits_switches_s_left_inlane_far'====== Args={'value': 4342, 'prev_value': 4341, 'change': 1}
2022-08-22 20:09:05,784 : EventManager : Event: ======'machine_var_audits_shots_galaxy_advance'====== Args={'value': 2451, 'prev_value': 2450, 'change': 1}
2022-08-22 20:09:05,796 : EventManager : Event: ======'player_score'====== Args={'value': 241110, 'prev_value': 181110, 'change': 60000, 'player_num': 1}
2022-08-22 20:09:05,796 : EventManager : Event: ======'player_switches'====== Args={'value': 8, 'prev_value': 7, 'change': 1, 'player_num': 1}
2022-08-22 20:09:05,796 : EventManager : Event: ======'player_combos_combo_timer_tick'====== Args={'value': 6, 'prev_value': 5, 'change': 1, 'player_num': 1}
2022-08-22 20:09:06,281 : EventManager : Event: ======'player_combos_combo_timer_tick'====== Args={'value': 5, 'prev_value': 6, 'change': -1, 'player_num': 1}
2022-08-22 20:09:06,332 : EventManager : Event: ======'player_playfield_multiplier_playfield_x_timer_tick'====== Args={'value': 74, 'prev_value': 0, 'change': 74, 'player_num': 1}
2022-08-22 20:09:06,332 : EventManager : Event: ======'player_playfield_x_timer_seconds'====== Args={'value': 74, 'prev_value': 75, 'change': -1, 'player_num': 1}
2022-08-22 20:09:06,782 : EventManager : Event: ======'player_combos_combo_timer_tick'====== Args={'value': 4, 'prev_value': 5, 'change': -1, 'player_num': 1}
2022-08-22 20:09:07,285 : EventManager : Event: ======'player_combos_combo_timer_tick'====== Args={'value': 3, 'prev_value': 4, 'change': -1, 'player_num': 1}
2022-08-22 20:09:07,530 : EventManager : Event: ======'player_playfield_multiplier_playfield_x_timer_tick'====== Args={'value': 73, 'prev_value': 74, 'change': -1, 'player_num': 1}
2022-08-22 20:09:07,530 : EventManager : Event: ======'player_playfield_x_timer_seconds'====== Args={'value': 73, 'prev_value': 74, 'change': -1, 'player_num': 1}
2022-08-22 20:09:07,786 : EventManager : Event: ======'player_combos_combo_timer_tick'====== Args={'value': 2, 'prev_value': 3, 'change': -1, 'player_num': 1}
2022-08-22 20:09:07,953 : EventManager : Event: ======'machine_var_audits_switches_s_left_flipper'====== Args={'value': 35032, 'prev_value': 35031, 'change': 1}
2022-08-22 20:09:08,288 : EventManager : Event: ======'player_combos_combo_timer_tick'====== Args={'value': 1, 'prev_value': 2, 'change': -1, 'player_num': 1}
2022-08-22 20:09:08,739 : EventManager : Event: ======'player_playfield_multiplier_playfield_x_timer_tick'====== Args={'value': 72, 'prev_value': 73, 'change': -1, 'player_num': 1}
2022-08-22 20:09:08,739 : EventManager : Event: ======'player_playfield_x_timer_seconds'====== Args={'value': 72, 'prev_value': 73, 'change': -1, 'player_num': 1}
2022-08-22 20:09:08,778 : EventManager : Event: ======'player_combos_combo_timer_tick'====== Args={'value': 0, 'prev_value': 1, 'change': -1, 'player_num': 1}
2022-08-22 20:09:09,167 : EventManager : Event: ======'machine_var_audits_switches_s_left_flipper'====== Args={'value': 35033, 'prev_value': 35032, 'change': 1}
2022-08-22 20:09:09,511 : EventManager : Event: ======'machine_var_audits_switches_s_right_spinner'====== Args={'value': 16633, 'prev_value': 16632, 'change': 1}
2022-08-22 20:09:09,511 : EventManager : Event: ======'player_score'====== Args={'value': 243170, 'prev_value': 241110, 'change': 2060, 'player_num': 1}
2022-08-22 20:09:09,518 : EventManager : Event: ======'player_switches'====== Args={'value': 9, 'prev_value': 8, 'change': 1, 'player_num': 1}
2022-08-22 20:09:09,518 : EventManager : Event: ======'player_mode_value'====== Args={'value': 1010000, 'prev_value': 1000000, 'change': 10000, 'player_num': 1}
2022-08-22 20:09:09,610 : EventManager : Event: ======'machine_var_audits_switches_s_right_spinner'====== Args={'value': 16634, 'prev_value': 16633, 'change': 1}
2022-08-22 20:09:09,610 : EventManager : Event: ======'player_score'====== Args={'value': 245230, 'prev_value': 243170, 'change': 2060, 'player_num': 1}
2022-08-22 20:09:09,610 : EventManager : Event: ======'player_switches'====== Args={'value': 10, 'prev_value': 9, 'change': 1, 'player_num': 1}
2022-08-22 20:09:09,610 : EventManager : Event: ======'player_mode_value'====== Args={'value': 1020000, 'prev_value': 1010000, 'change': 10000, 'player_num': 1}
2022-08-22 20:09:09,735 : EventManager : Event: ======'machine_var_audits_switches_s_right_spinner'====== Args={'value': 16635, 'prev_value': 16634, 'change': 1}
2022-08-22 20:09:09,735 : EventManager : Event: ======'player_score'====== Args={'value': 247290, 'prev_value': 245230, 'change': 2060, 'player_num': 1}
2022-08-22 20:09:09,742 : EventManager : Event: ======'player_switches'====== Args={'value': 11, 'prev_value': 10, 'change': 1, 'player_num': 1}
2022-08-22 20:09:09,743 : EventManager : Event: ======'player_mode_value'====== Args={'value': 1030000, 'prev_value': 1020000, 'change': 10000, 'player_num': 1}
2022-08-22 20:09:09,901 : EventManager : Event: ======'machine_var_audits_switches_s_right_spinner'====== Args={'value': 16636, 'prev_value': 16635, 'change': 1}
2022-08-22 20:09:09,901 : EventManager : Event: ======'player_score'====== Args={'value': 249350, 'prev_value': 247290, 'change': 2060, 'player_num': 1}
2022-08-22 20:09:09,901 : EventManager : Event: ======'player_switches'====== Args={'value': 12, 'prev_value': 11, 'change': 1, 'player_num': 1}
2022-08-22 20:09:09,901 : EventManager : Event: ======'player_mode_value'====== Args={'value': 1040000, 'prev_value': 1030000, 'change': 10000, 'player_num': 1}
2022-08-22 20:09:09,934 : EventManager : Event: ======'player_playfield_multiplier_playfield_x_timer_tick'====== Args={'value': 71, 'prev_value': 72, 'change': -1, 'player_num': 1}
2022-08-22 20:09:09,934 : EventManager : Event: ======'player_playfield_x_timer_seconds'====== Args={'value': 71, 'prev_value': 72, 'change': -1, 'player_num': 1}
2022-08-22 20:09:10,405 : EventManager : Event: ======'machine_var_audits_switches_s_right_inlane_far'====== Args={'value': 6318, 'prev_value': 6317, 'change': 1}
2022-08-22 20:09:10,417 : EventManager : Event: ======'player_shot_portal_advance'====== Args={'value': 1, 'prev_value': 0, 'change': 1, 'player_num': 1}
2022-08-22 20:09:10,417 : EventManager : Event: ======'machine_var_audits_shots_portal_advance'====== Args={'value': 4685, 'prev_value': 4684, 'change': 1}
2022-08-22 20:09:10,417 : EventManager : Event: ======'player_score'====== Args={'value': 309350, 'prev_value': 249350, 'change': 60000, 'player_num': 1}
2022-08-22 20:09:10,417 : EventManager : Event: ======'player_switches'====== Args={'value': 13, 'prev_value': 12, 'change': 1, 'player_num': 1}
2022-08-22 20:09:10,417 : EventManager : Event: ======'player_combos_combo_timer_tick'====== Args={'value': 6, 'prev_value': 0, 'change': 6, 'player_num': 1}
2022-08-22 20:09:10,898 : EventManager : Event: ======'player_combos_combo_timer_tick'====== Args={'value': 5, 'prev_value': 6, 'change': -1, 'player_num': 1}
2022-08-22 20:09:10,910 : EventManager : Event: ======'machine_var_audits_switches_s_right_flipper'====== Args={'value': 32308, 'prev_value': 32307, 'change': 1}
2022-08-22 20:09:11,142 : EventManager : Event: ======'player_playfield_multiplier_playfield_x_timer_tick'====== Args={'value': 70, 'prev_value': 71, 'change': -1, 'player_num': 1}
2022-08-22 20:09:11,142 : EventManager : Event: ======'player_playfield_x_timer_seconds'====== Args={'value': 70, 'prev_value': 71, 'change': -1, 'player_num': 1}
2022-08-22 20:09:11,403 : EventManager : Event: ======'player_combos_combo_timer_tick'====== Args={'value': 4, 'prev_value': 5, 'change': -1, 'player_num': 1}
2022-08-22 20:09:11,841 : kivy : Base: Leaving application in progress...
2022-08-22 20:09:12,078 : mpfmc : Stopping...
2022-08-22 20:09:12,078 : EventManager : Event: ======'shutdown'====== Args={}
2022-08-22 20:09:12,078 : AudioInterface : Disabling audio playback
2022-08-22 20:09:12,078 : mpfmc : Loop rate 67.75 Hz
2022-08-22 20:09:12,078 : kivy : MC run loop ended.
2022-08-22 20:09:12,078 : kivy : Stopping child threads... (3 remaining)
2022-08-22 20:09:12,343 : mpfmc : Stopping...
2022-08-22 20:09:12,343 : EventManager : Event: ======'shutdown'====== Args={}
2022-08-22 20:09:12,343 : mpfmc : Loop rate 66.84 Hz
2022-08-22 20:09:12,686 : MPF-MC BCP Server : Stopping BCP sending thread
2022-08-22 20:09:12,733 : kivy : All child threads stopped.
