2022-10-04 20:12:19,671 : INFO : root : Loading config.
2022-10-04 20:12:20,193 : INFO : ConfigProcessor : Config spec file cache created: C:\Users\Brendan\AppData\Local\Temp\config_spec.mpf_cache
2022-10-04 20:12:20,193 : INFO : YamlMultifileConfigLoader : Machine config file #1: config.yaml
2022-10-04 20:12:20,194 : INFO : ConfigProcessor : Loading config from cache: C:\Users\Brendan\AppData\Local\Temp\bccefe987bb586eace29905fa80cab57.mpf_cache
2022-10-04 20:12:20,248 : INFO : ConfigProcessor : Loading config from cache: C:\Users\Brendan\AppData\Local\Temp\467e7647689d29fad6adf949e1f4d51d.mpf_cache
2022-10-04 20:12:20,249 : INFO : ConfigProcessor : Loading config from cache: C:\Users\Brendan\AppData\Local\Temp\5550e037aa776b42b91b29b40b356c70.mpf_cache
2022-10-04 20:12:20,250 : INFO : ConfigProcessor : Loading config from cache: C:\Users\Brendan\AppData\Local\Temp\15e0c601392b30c3d9ba3ead8131edb5.mpf_cache
2022-10-04 20:12:20,250 : INFO : ConfigProcessor : Loading config from cache: C:\Users\Brendan\AppData\Local\Temp\0bf50917c4ef15ab65ee13d6c14e7d7c.mpf_cache
2022-10-04 20:12:20,251 : INFO : ConfigProcessor : Loading config from cache: C:\Users\Brendan\AppData\Local\Temp\bc7da7b13b2754e080c2afa0678ac274.mpf_cache
2022-10-04 20:12:20,252 : INFO : ConfigProcessor : Loading config from cache: C:\Users\Brendan\AppData\Local\Temp\bbd59d0bb6602ee0c5a89d6f85e6dd42.mpf_cache
2022-10-04 20:12:20,253 : INFO : ConfigProcessor : Loading config from cache: C:\Users\Brendan\AppData\Local\Temp\5526c78976fee311c3d05505d75f653d.mpf_cache
2022-10-04 20:12:20,254 : INFO : ConfigProcessor : Loading config from cache: C:\Users\Brendan\AppData\Local\Temp\6e95138ae5415fc76b53ebf8fa245fb5.mpf_cache
2022-10-04 20:12:20,254 : INFO : ConfigProcessor : Loading config from cache: C:\Users\Brendan\AppData\Local\Temp\1ec1c4dffb383758956493783a9ed391.mpf_cache
2022-10-04 20:12:20,255 : INFO : ConfigProcessor : Loading config from cache: C:\Users\Brendan\AppData\Local\Temp\f2aee92728c8017b77c710c804dd7f5a.mpf_cache
2022-10-04 20:12:20,256 : INFO : ConfigProcessor : Loading config from cache: C:\Users\Brendan\AppData\Local\Temp\88f57fa1305e9dc100972ec9f84d57fe.mpf_cache
2022-10-04 20:12:20,257 : INFO : ConfigProcessor : Loading config from cache: C:\Users\Brendan\AppData\Local\Temp\6e00a9d794d4c3f43a0fc48da04dac60.mpf_cache
2022-10-04 20:12:20,258 : INFO : ConfigProcessor : Loading config from cache: C:\Users\Brendan\AppData\Local\Temp\05ef98219fc733c3bcab58726c4b37ef.mpf_cache
2022-10-04 20:12:20,259 : INFO : ConfigProcessor : Loading config from cache: C:\Users\Brendan\AppData\Local\Temp\c22d657a5a7bb60632c2be2c735e073b.mpf_cache
2022-10-04 20:12:20,260 : INFO : ConfigProcessor : Loading config from cache: C:\Users\Brendan\AppData\Local\Temp\f7d4f5eb9425fe84d2e83a363afd4bdf.mpf_cache
2022-10-04 20:12:20,260 : INFO : ConfigProcessor : Loading config from cache: C:\Users\Brendan\AppData\Local\Temp\125f51d329f930ea7bff10973551cc26.mpf_cache
2022-10-04 20:12:20,261 : INFO : ConfigProcessor : Loading config from cache: C:\Users\Brendan\AppData\Local\Temp\08e18dfdf4e02cd29cc0cc52be2faaf4.mpf_cache
2022-10-04 20:12:20,262 : INFO : ConfigProcessor : Loading config from cache: C:\Users\Brendan\AppData\Local\Temp\f042f5bf6362b9e04d43b40b93a92057.mpf_cache
2022-10-04 20:12:20,263 : INFO : ConfigProcessor : Loading config from cache: C:\Users\Brendan\AppData\Local\Temp\60badac06cd62deb71f25fac24b103c2.mpf_cache
2022-10-04 20:12:20,264 : INFO : ConfigProcessor : Loading config from cache: C:\Users\Brendan\AppData\Local\Temp\a3ad1aeb679a0686901de8a6ffe784f0.mpf_cache
2022-10-04 20:12:20,264 : INFO : ConfigProcessor : Loading config from cache: C:\Users\Brendan\AppData\Local\Temp\d7856287e4ec48fb5adaa65e5f7b2848.mpf_cache
2022-10-04 20:12:20,265 : INFO : ConfigProcessor : Loading config from cache: C:\Users\Brendan\AppData\Local\Temp\338dcf2127887f92988a932f243d1482.mpf_cache
2022-10-04 20:12:20,266 : INFO : ConfigProcessor : Loading config from cache: C:\Users\Brendan\AppData\Local\Temp\54860a4ece9e68c986c35affb0ed028a.mpf_cache
2022-10-04 20:12:20,267 : INFO : ConfigProcessor : Loading config from cache: C:\Users\Brendan\AppData\Local\Temp\379a066b5790096ac3d821940ca23943.mpf_cache
2022-10-04 20:12:20,267 : INFO : ConfigProcessor : Loading config from cache: C:\Users\Brendan\AppData\Local\Temp\4849f32e60febd99d83791f2417d9a0f.mpf_cache
2022-10-04 20:12:20,268 : INFO : ConfigProcessor : Loading config from cache: C:\Users\Brendan\AppData\Local\Temp\46695fafdda39c0538290acecd64f4c0.mpf_cache
2022-10-04 20:12:20,269 : INFO : ConfigProcessor : Loading config from cache: C:\Users\Brendan\AppData\Local\Temp\942a9c8af084c06606ececc74db0a30f.mpf_cache
2022-10-04 20:12:20,269 : INFO : ConfigProcessor : Loading config from cache: C:\Users\Brendan\AppData\Local\Temp\d3a5f9b6ba13782c30d3f4f7e40a9dcf.mpf_cache
2022-10-04 20:12:20,270 : INFO : ConfigProcessor : Loading config from cache: C:\Users\Brendan\AppData\Local\Temp\bb2305c107159ac261738ee6fa5177f9.mpf_cache
2022-10-04 20:12:20,271 : INFO : ConfigProcessor : Loading config from cache: C:\Users\Brendan\AppData\Local\Temp\5e8fe62f7d4a280c75af4e016e79234a.mpf_cache
2022-10-04 20:12:20,271 : INFO : ConfigProcessor : Loading config from cache: C:\Users\Brendan\AppData\Local\Temp\7934ad8984867b043b25c8f1f16418da.mpf_cache
2022-10-04 20:12:20,272 : WARNING : ConfigProcessor : Config file in cache changed: C:\Baby_pacman_code\machine\shows\.\gi_on.yaml
2022-10-04 20:12:20,272 : INFO : ConfigProcessor : Loading config from file C:\Baby_pacman_code\machine\shows\.\gi_on.yaml.
2022-10-04 20:12:20,277 : INFO : ConfigProcessor : Loading config: C:\Baby_pacman_code\machine\shows\.\gi_on.yaml
2022-10-04 20:12:20,278 : INFO : ConfigProcessor : Config file cache created: C:\Users\Brendan\AppData\Local\Temp\201f4c0a0d10e05df2979372d05b639d.mpf_cache
2022-10-04 20:12:20,278 : INFO : ConfigProcessor : Loading config from cache: C:\Users\Brendan\AppData\Local\Temp\29084e75e573608c6a2e9d91f8c2e516.mpf_cache
2022-10-04 20:12:20,279 : INFO : ConfigProcessor : Loading config from cache: C:\Users\Brendan\AppData\Local\Temp\c1a52d9ec6beffcf3a0c74172f4f1789.mpf_cache
2022-10-04 20:12:20,280 : INFO : ConfigProcessor : Loading config from cache: C:\Users\Brendan\AppData\Local\Temp\1a7cfdccecce53cd51775700aa921808.mpf_cache
2022-10-04 20:12:20,281 : INFO : ConfigProcessor : Loading config from cache: C:\Users\Brendan\AppData\Local\Temp\bbeb6a5751b9d2029aa6e8633936e040.mpf_cache
2022-10-04 20:12:20,281 : INFO : ConfigProcessor : Loading config from cache: C:\Users\Brendan\AppData\Local\Temp\396defae609afab4d6d7399595fd494b.mpf_cache
2022-10-04 20:12:20,282 : INFO : ConfigProcessor : Loading config from cache: C:\Users\Brendan\AppData\Local\Temp\df5b128cf73808572dcd58af6b99a12a.mpf_cache
2022-10-04 20:12:20,283 : INFO : ConfigProcessor : Loading config from cache: C:\Users\Brendan\AppData\Local\Temp\b16abd66a20b52f76df13eb007a93cde.mpf_cache
2022-10-04 20:12:20,283 : INFO : ConfigProcessor : Loading config from cache: C:\Users\Brendan\AppData\Local\Temp\09ddf149c2750d0dc18124afb4ec1692.mpf_cache
2022-10-04 20:12:20,284 : INFO : ConfigProcessor : Loading config from cache: C:\Users\Brendan\AppData\Local\Temp\dc261f740d4fb0b58874215bc05837b4.mpf_cache
2022-10-04 20:12:20,285 : INFO : ConfigProcessor : Loading config from cache: C:\Users\Brendan\AppData\Local\Temp\fd5b67850c190931870595f7ba331325.mpf_cache
2022-10-04 20:12:20,285 : INFO : ConfigProcessor : Loading config from cache: C:\Users\Brendan\AppData\Local\Temp\7fa0bf6f8a3d06d96f9daba2d24e8451.mpf_cache
2022-10-04 20:12:20,286 : INFO : ConfigProcessor : Loading config from cache: C:\Users\Brendan\AppData\Local\Temp\17652c03725ec0d5dc66b35abdc504c5.mpf_cache
2022-10-04 20:12:20,286 : INFO : ConfigProcessor : Loading config from cache: C:\Users\Brendan\AppData\Local\Temp\f6549f0a1a12987384ccc86b9df17004.mpf_cache
2022-10-04 20:12:20,287 : INFO : ConfigProcessor : Loading config from cache: C:\Users\Brendan\AppData\Local\Temp\d416d6f9f35dec068a811f18f969a8db.mpf_cache
2022-10-04 20:12:20,288 : INFO : ConfigProcessor : Loading config from cache: C:\Users\Brendan\AppData\Local\Temp\2cbb22f93ff96ef242a9a2d7465f7b14.mpf_cache
2022-10-04 20:12:20,289 : INFO : ConfigProcessor : Loading config from cache: C:\Users\Brendan\AppData\Local\Temp\5b43fbcb021f3ce97d73fdb8a470eae4.mpf_cache
2022-10-04 20:12:20,289 : INFO : ConfigProcessor : Loading config from cache: C:\Users\Brendan\AppData\Local\Temp\6d994d077edad00fe01353c1bfbf6638.mpf_cache
2022-10-04 20:12:20,290 : INFO : ConfigProcessor : Loading config from cache: C:\Users\Brendan\AppData\Local\Temp\df6e37541f81fc1a6e02dbcf98e0d10b.mpf_cache
2022-10-04 20:12:20,291 : INFO : ConfigProcessor : Loading config from cache: C:\Users\Brendan\AppData\Local\Temp\c5e911b563ca93c8e10ce7743f92e657.mpf_cache
2022-10-04 20:12:20,291 : INFO : ConfigProcessor : Loading config from cache: C:\Users\Brendan\AppData\Local\Temp\8009c184ad4c71f93407ddc3ac0f69d2.mpf_cache
2022-10-04 20:12:20,292 : INFO : ConfigProcessor : Loading config from cache: C:\Users\Brendan\AppData\Local\Temp\99ecafb2993dab1e69369c4f69529b6f.mpf_cache
2022-10-04 20:12:20,293 : INFO : ConfigProcessor : Loading config from cache: C:\Users\Brendan\AppData\Local\Temp\57f2f8973b8bd58edd1d215976151c60.mpf_cache
2022-10-04 20:12:20,293 : INFO : ConfigProcessor : Loading config from cache: C:\Users\Brendan\AppData\Local\Temp\19f702536b27ff66106645e85afb027e.mpf_cache
2022-10-04 20:12:20,294 : INFO : ConfigProcessor : Loading config from cache: C:\Users\Brendan\AppData\Local\Temp\c17101e4486856bd6430e66412997ee7.mpf_cache
2022-10-04 20:12:20,295 : INFO : ConfigProcessor : Loading config from cache: C:\Users\Brendan\AppData\Local\Temp\c5b3b18e965344eb40bdf988f6d052aa.mpf_cache
2022-10-04 20:12:20,297 : INFO : ConfigProcessor : Loading config from cache: C:\Users\Brendan\AppData\Local\Temp\d911f65290d744b94ac27e0b8d02635e.mpf_cache
2022-10-04 20:12:20,297 : INFO : Machine : Mission Pinball Framework Core Engine v0.55.0
2022-10-04 20:12:20,298 : INFO : Machine : Command line arguments: {'no_load_cache': False, 'create_config_cache': True, 'bcp': True, 'configfile': ['config.yaml'], 'force_assets_load': False, 'jsonlogging': False, 'logfile': 'logs\\2022-10-04-20-12-19-mpf-Pinball-PC.log', 'pause': False, 'production': False, 'text_ui': True, 'loglevel': 15, 'consoleloglevel': 20, 'force_platform': None, 'syslog_address': None, 'mc_file_name': None, 'no_sound': False}
2022-10-04 20:12:20,298 : INFO : Machine : MPF path: c:\users\brendan\appdata\local\programs\python\python37\lib\site-packages\mpf
2022-10-04 20:12:20,298 : INFO : Machine : Machine path: C:\Baby_pacman_code\machine
2022-10-04 20:12:20,298 : INFO : Machine : Platform: win32
2022-10-04 20:12:20,298 : INFO : Machine : Python executable location: c:\users\brendan\appdata\local\programs\python\python37\python.exe
2022-10-04 20:12:20,298 : INFO : Machine : Python version: 3.7.8 (64-bit)
2022-10-04 20:12:20,300 : INFO : Machine : Initialise MPF.
2022-10-04 20:12:20,450 : INFO : FAST : Connecting to com7 at 921600bps
2022-10-04 20:12:20,499 : INFO : FAST : Connected! Processor: NET, Board Type: FP-CPU-002-2, Firmware: 01.05
2022-10-04 20:12:20,499 : INFO : EventManager : Event: ======'machine_var_fast_net_firmware'====== Args={'value': '01.05', 'prev_value': None, 'change': True}
2022-10-04 20:12:20,499 : INFO : EventManager : Event: ======'machine_var_fast_net_model'====== Args={'value': 'FP-CPU-002-2', 'prev_value': None, 'change': True}
2022-10-04 20:12:22,871 : WARNING : FAST : Got unexpected message from FAST: -N:13
2022-10-04 20:12:22,915 : INFO : FAST : Connecting to com8 at 921600bps
2022-10-04 20:12:22,964 : INFO : FAST : Connected! Processor: RGB, Board Type: FP-CPU-002-2, Firmware: 01.00
2022-10-04 20:12:22,964 : INFO : EventManager : Event: ======'machine_var_fast_rgb_firmware'====== Args={'value': '01.00', 'prev_value': None, 'change': True}
2022-10-04 20:12:22,964 : INFO : EventManager : Event: ======'machine_var_fast_rgb_model'====== Args={'value': 'FP-CPU-002-2', 'prev_value': None, 'change': True}
2022-10-04 20:12:22,965 : INFO : EventManager : Event: ======'machine_var_credits_string'====== Args={'value': 'FREE PLAY', 'prev_value': None, 'change': True}
2022-10-04 20:12:23,052 : INFO : EventManager : Event: ======'machine_var_master_volume'====== Args={'value': 0.5, 'prev_value': None, 'change': True}
2022-10-04 20:12:23,052 : INFO : EventManager : Event: ======'machine_var_player1_score'====== Args={'value': 715873710, 'prev_value': None, 'change': True}
2022-10-04 20:12:23,052 : INFO : EventManager : Event: ======'machine_var_mpf_version'====== Args={'value': 'MPF v0.55.0', 'prev_value': None, 'change': True}
2022-10-04 20:12:23,052 : INFO : EventManager : Event: ======'machine_var_mpf_extended_version'====== Args={'value': 'MPF v0.55.0, Config version:5, Show version: 5, BCP version:1.1', 'prev_value': None, 'change': True}
2022-10-04 20:12:23,053 : INFO : EventManager : Event: ======'machine_var_python_version'====== Args={'value': '3.7.8', 'prev_value': None, 'change': True}
2022-10-04 20:12:23,053 : INFO : EventManager : Event: ======'machine_var_platform'====== Args={'value': 'Windows-7-6.1.7601-SP1', 'prev_value': None, 'change': True}
2022-10-04 20:12:23,053 : INFO : EventManager : Event: ======'machine_var_platform_system'====== Args={'value': 'Windows', 'prev_value': None, 'change': True}
2022-10-04 20:12:23,053 : INFO : EventManager : Event: ======'machine_var_platform_release'====== Args={'value': '7', 'prev_value': None, 'change': True}
2022-10-04 20:12:23,053 : INFO : EventManager : Event: ======'machine_var_platform_version'====== Args={'value': '6.1.7601', 'prev_value': None, 'change': True}
2022-10-04 20:12:23,053 : INFO : EventManager : Event: ======'machine_var_platform_machine'====== Args={'value': 'AMD64', 'prev_value': None, 'change': True}
2022-10-04 20:12:23,054 : INFO : EventManager : Event: ======'init_phase_1'====== Args={}
2022-10-04 20:12:23,134 : INFO : EventManager : Event: ======'drop_target_bank_main_up'====== Args={}
2022-10-04 20:12:23,145 : INFO : EventManager : Event: ======'init_phase_2'====== Args={}
2022-10-04 20:12:23,146 : INFO : SwitchController : Found active switch: (('13', 1), <Platform.FAST>) <switch.s_drain>
2022-10-04 20:12:23,192 : INFO : EventManager : Event: ======'bcp_connection_attempt'====== Args={'name': 'local_display', 'host': 'localhost', 'port': 5050}
2022-10-04 20:12:23,194 : INFO : BCPClientSocket : Connecting BCP to 'local_display' at localhost:5050...
2022-10-04 20:12:24,197 : WARNING : FAST : Port com7 was blocked for more than 1s. Reseting send queue! If this happens frequently report a bug!
2022-10-04 20:12:25,195 : WARNING : FAST : Port com7 was blocked for more than 1s. Reseting send queue! If this happens frequently report a bug!
2022-10-04 20:12:26,291 : INFO : BCPClientSocket : Connected BCP to 'local_display' localhost:5050
2022-10-04 20:12:26,293 : INFO : EventManager : Event: ======'bcp_clients_connected'====== Args={}
2022-10-04 20:12:26,305 : INFO : ball_device.bd_drain : BCH: Initial count: 1
2022-10-04 20:12:26,307 : INFO : EventManager : Event: ======'machine_var_mc_version'====== Args={'value': 'MPF-MC v0.55.0', 'prev_value': None, 'change': True}
2022-10-04 20:12:26,307 : INFO : EventManager : Event: ======'machine_var_mc_extended_version'====== Args={'value': 'MPF-MC v0.55.0 (config_version=5, BCP v1.1, Requires MPF v0.55.0-dev.49)', 'prev_value': None, 'change': True}
2022-10-04 20:12:26,311 : INFO : ball_device.bd_drain : State: idle
2022-10-04 20:12:26,340 : INFO : ball_device.bd_left_kicker : BCH: Initial count: 0
2022-10-04 20:12:26,341 : INFO : ball_device.bd_left_kicker : State: idle
2022-10-04 20:12:26,343 : INFO : ball_device.bd_right_kicker : BCH: Initial count: 0
2022-10-04 20:12:26,343 : INFO : ball_device.bd_right_kicker : State: idle
2022-10-04 20:12:26,412 : INFO : EventManager : Event: ======'init_phase_3'====== Args={}
2022-10-04 20:12:26,860 : INFO : EventManager : Event: ======'init_phase_4'====== Args={}
2022-10-04 20:12:26,860 : INFO : EventManager : Event: ======'playfield_active'====== Args={}
2022-10-04 20:12:26,860 : INFO : EventManager : Event: ======'unexpected_ball_on_playfield'====== Args={}
2022-10-04 20:12:26,860 : INFO : EventManager : Event: ======'playfield_active'====== Args={}
2022-10-04 20:12:26,861 : INFO : EventManager : Event: ======'unexpected_ball_on_playfield'====== Args={}
2022-10-04 20:12:26,861 : INFO : EventManager : Event: ======'playfield_active'====== Args={}
2022-10-04 20:12:26,861 : INFO : EventManager : Event: ======'unexpected_ball_on_playfield'====== Args={}
2022-10-04 20:12:26,861 : INFO : EventManager : Event: ======'playfield_active'====== Args={}
2022-10-04 20:12:26,861 : INFO : EventManager : Event: ======'unexpected_ball_on_playfield'====== Args={}
2022-10-04 20:12:26,861 : INFO : EventManager : Event: ======'playfield_active'====== Args={}
2022-10-04 20:12:26,861 : INFO : EventManager : Event: ======'unexpected_ball_on_playfield'====== Args={}
2022-10-04 20:12:26,862 : INFO : BallController : Initial balls found: 1
2022-10-04 20:12:26,864 : INFO : EventManager : Event: ======'machine_var_audits_events_game_ended'====== Args={'value': 0, 'prev_value': None, 'change': True}
2022-10-04 20:12:26,864 : INFO : EventManager : Event: ======'machine_var_audits_events_game_started'====== Args={'value': 0, 'prev_value': None, 'change': True}
2022-10-04 20:12:26,864 : INFO : EventManager : Event: ======'machine_var_audits_player_score'====== Args={'value': {'average': 19824717.298578203, 'top': [720234070, 715873710, 706004620, 670142530, 591554830, 507595620, 502234510, 441174720, 210762830, 203435200], 'total': 633}, 'prev_value': None, 'change': True}
2022-10-04 20:12:26,865 : INFO : EventManager : Event: ======'machine_var_audits_shots_center_drop_mission1'====== Args={'value': 658, 'prev_value': None, 'change': True}
2022-10-04 20:12:26,865 : INFO : EventManager : Event: ======'machine_var_audits_shots_center_target'====== Args={'value': 534, 'prev_value': None, 'change': True}
2022-10-04 20:12:26,865 : INFO : EventManager : Event: ======'machine_var_audits_shots_drop_target1_mission2'====== Args={'value': 266, 'prev_value': None, 'change': True}
2022-10-04 20:12:26,866 : INFO : EventManager : Event: ======'machine_var_audits_shots_drop_target2_mission2'====== Args={'value': 308, 'prev_value': None, 'change': True}
2022-10-04 20:12:26,866 : INFO : EventManager : Event: ======'machine_var_audits_shots_drop_target3_mission2'====== Args={'value': 362, 'prev_value': None, 'change': True}
2022-10-04 20:12:26,866 : INFO : EventManager : Event: ======'machine_var_audits_shots_drop_target4_mission2'====== Args={'value': 321, 'prev_value': None, 'change': True}
2022-10-04 20:12:26,867 : INFO : EventManager : Event: ======'machine_var_audits_shots_drop_target5_mission2'====== Args={'value': 278, 'prev_value': None, 'change': True}
2022-10-04 20:12:26,867 : INFO : EventManager : Event: ======'machine_var_audits_shots_drop_targets_mission3'====== Args={'value': 1868, 'prev_value': None, 'change': True}
2022-10-04 20:12:26,868 : INFO : EventManager : Event: ======'machine_var_audits_shots_galaxy_advance'====== Args={'value': 3358, 'prev_value': None, 'change': True}
2022-10-04 20:12:26,868 : INFO : EventManager : Event: ======'machine_var_audits_shots_l_lane'====== Args={'value': 759, 'prev_value': None, 'change': True}
2022-10-04 20:12:26,868 : INFO : EventManager : Event: ======'machine_var_audits_shots_left_kicker_mission2'====== Args={'value': 184, 'prev_value': None, 'change': True}
2022-10-04 20:12:26,869 : INFO : EventManager : Event: ======'machine_var_audits_shots_left_kicker_mission4'====== Args={'value': 133, 'prev_value': None, 'change': True}
2022-10-04 20:12:26,869 : INFO : EventManager : Event: ======'machine_var_audits_shots_left_loop_mission1'====== Args={'value': 741, 'prev_value': None, 'change': True}
2022-10-04 20:12:26,869 : INFO : EventManager : Event: ======'machine_var_audits_shots_left_loop_mission2'====== Args={'value': 317, 'prev_value': None, 'change': True}
2022-10-04 20:12:26,870 : INFO : EventManager : Event: ======'machine_var_audits_shots_left_loop_mission4'====== Args={'value': 456, 'prev_value': None, 'change': True}
2022-10-04 20:12:26,870 : INFO : EventManager : Event: ======'machine_var_audits_shots_portal_advance'====== Args={'value': 5494, 'prev_value': None, 'change': True}
2022-10-04 20:12:26,871 : INFO : EventManager : Event: ======'machine_var_audits_shots_r_lane'====== Args={'value': 641, 'prev_value': None, 'change': True}
2022-10-04 20:12:26,871 : INFO : EventManager : Event: ======'machine_var_audits_shots_right_kicker_mission2'====== Args={'value': 155, 'prev_value': None, 'change': True}
2022-10-04 20:12:26,872 : INFO : EventManager : Event: ======'machine_var_audits_shots_right_kicker_mission4'====== Args={'value': 156, 'prev_value': None, 'change': True}
2022-10-04 20:12:26,872 : INFO : EventManager : Event: ======'machine_var_audits_shots_right_loop_mission1'====== Args={'value': 852, 'prev_value': None, 'change': True}
2022-10-04 20:12:26,873 : INFO : EventManager : Event: ======'machine_var_audits_shots_right_loop_mission2'====== Args={'value': 370, 'prev_value': None, 'change': True}
2022-10-04 20:12:26,873 : INFO : EventManager : Event: ======'machine_var_audits_shots_right_loop_mission4'====== Args={'value': 513, 'prev_value': None, 'change': True}
2022-10-04 20:12:26,874 : INFO : EventManager : Event: ======'machine_var_audits_shots_warp_advance'====== Args={'value': 1194, 'prev_value': None, 'change': True}
2022-10-04 20:12:26,874 : INFO : EventManager : Event: ======'machine_var_audits_switches_s_action_button'====== Args={'value': 4466, 'prev_value': None, 'change': True}
2022-10-04 20:12:26,875 : INFO : EventManager : Event: ======'machine_var_audits_switches_s_drain'====== Args={'value': 3035, 'prev_value': None, 'change': True}
2022-10-04 20:12:26,875 : INFO : EventManager : Event: ======'machine_var_audits_switches_s_drop_target1'====== Args={'value': 2185, 'prev_value': None, 'change': True}
2022-10-04 20:12:26,876 : INFO : EventManager : Event: ======'machine_var_audits_switches_s_drop_target2'====== Args={'value': 2497, 'prev_value': None, 'change': True}
2022-10-04 20:12:26,876 : INFO : EventManager : Event: ======'machine_var_audits_switches_s_drop_target3'====== Args={'value': 2979, 'prev_value': None, 'change': True}
2022-10-04 20:12:26,877 : INFO : EventManager : Event: ======'machine_var_audits_switches_s_drop_target4'====== Args={'value': 2378, 'prev_value': None, 'change': True}
2022-10-04 20:12:26,877 : INFO : EventManager : Event: ======'machine_var_audits_switches_s_drop_target5'====== Args={'value': 2267, 'prev_value': None, 'change': True}
2022-10-04 20:12:26,878 : INFO : EventManager : Event: ======'machine_var_audits_switches_s_left_captive_ball'====== Args={'value': 534, 'prev_value': None, 'change': True}
2022-10-04 20:12:26,878 : INFO : EventManager : Event: ======'machine_var_audits_switches_s_left_flipper'====== Args={'value': 40641, 'prev_value': None, 'change': True}
2022-10-04 20:12:26,879 : INFO : EventManager : Event: ======'machine_var_audits_switches_s_left_inlane'====== Args={'value': 762, 'prev_value': None, 'change': True}
2022-10-04 20:12:26,879 : INFO : EventManager : Event: ======'machine_var_audits_switches_s_left_inlane_far'====== Args={'value': 5423, 'prev_value': None, 'change': True}
2022-10-04 20:12:26,880 : INFO : EventManager : Event: ======'machine_var_audits_switches_s_left_kicker'====== Args={'value': 1756, 'prev_value': None, 'change': True}
2022-10-04 20:12:26,880 : INFO : EventManager : Event: ======'machine_var_audits_switches_s_left_sling'====== Args={'value': 7899, 'prev_value': None, 'change': True}
2022-10-04 20:12:26,881 : INFO : EventManager : Event: ======'machine_var_audits_switches_s_left_spinner'====== Args={'value': 26375, 'prev_value': None, 'change': True}
2022-10-04 20:12:26,881 : INFO : EventManager : Event: ======'machine_var_audits_switches_s_right_captive_ball'====== Args={'value': 553, 'prev_value': None, 'change': True}
2022-10-04 20:12:26,882 : INFO : EventManager : Event: ======'machine_var_audits_switches_s_right_flipper'====== Args={'value': 36950, 'prev_value': None, 'change': True}
2022-10-04 20:12:26,882 : INFO : EventManager : Event: ======'machine_var_audits_switches_s_right_inlane'====== Args={'value': 641, 'prev_value': None, 'change': True}
2022-10-04 20:12:26,883 : INFO : EventManager : Event: ======'machine_var_audits_switches_s_right_inlane_far'====== Args={'value': 7452, 'prev_value': None, 'change': True}
2022-10-04 20:12:26,883 : INFO : EventManager : Event: ======'machine_var_audits_switches_s_right_kicker'====== Args={'value': 1957, 'prev_value': None, 'change': True}
2022-10-04 20:12:26,884 : INFO : EventManager : Event: ======'machine_var_audits_switches_s_right_sling'====== Args={'value': 14730, 'prev_value': None, 'change': True}
2022-10-04 20:12:26,884 : INFO : EventManager : Event: ======'machine_var_audits_switches_s_right_spinner'====== Args={'value': 19690, 'prev_value': None, 'change': True}
2022-10-04 20:12:26,885 : INFO : EventManager : Event: ======'machine_var_audits_switches_s_start'====== Args={'value': 420, 'prev_value': None, 'change': True}
2022-10-04 20:12:26,886 : INFO : EventManager : Event: ======'init_phase_5'====== Args={}
2022-10-04 20:12:26,891 : INFO : EventManager : Event: ======'init_done'====== Args={}
2022-10-04 20:12:26,891 : WARNING : FAST : Port NET received more messages than were sent! Resetting!
2022-10-04 20:12:26,891 : WARNING : FAST : Port NET received more messages than were sent! Resetting!
2022-10-04 20:12:26,891 : WARNING : FAST : Port NET received more messages than were sent! Resetting!
2022-10-04 20:12:26,892 : WARNING : FAST : Port NET received more messages than were sent! Resetting!
2022-10-04 20:12:26,892 : WARNING : FAST : Port NET received more messages than were sent! Resetting!
2022-10-04 20:12:26,892 : WARNING : FAST : Port NET received more messages than were sent! Resetting!
2022-10-04 20:12:26,892 : WARNING : FAST : Port NET received more messages than were sent! Resetting!
2022-10-04 20:12:26,892 : WARNING : FAST : Port NET received more messages than were sent! Resetting!
2022-10-04 20:12:26,892 : WARNING : FAST : Port NET received more messages than were sent! Resetting!
2022-10-04 20:12:26,892 : WARNING : FAST : Port NET received more messages than were sent! Resetting!
2022-10-04 20:12:26,892 : WARNING : FAST : Port NET received more messages than were sent! Resetting!
2022-10-04 20:12:26,892 : WARNING : FAST : Port NET received more messages than were sent! Resetting!
2022-10-04 20:12:26,892 : WARNING : FAST : Port NET received more messages than were sent! Resetting!
2022-10-04 20:12:26,892 : WARNING : FAST : Port NET received more messages than were sent! Resetting!
2022-10-04 20:12:26,892 : WARNING : FAST : Port NET received more messages than were sent! Resetting!
2022-10-04 20:12:26,892 : WARNING : FAST : Port NET received more messages than were sent! Resetting!
2022-10-04 20:12:26,892 : WARNING : FAST : Port NET received more messages than were sent! Resetting!
2022-10-04 20:12:26,893 : WARNING : FAST : Port NET received more messages than were sent! Resetting!
2022-10-04 20:12:26,893 : WARNING : FAST : Port NET received more messages than were sent! Resetting!
2022-10-04 20:12:26,893 : WARNING : FAST : Port NET received more messages than were sent! Resetting!
2022-10-04 20:12:26,893 : WARNING : FAST : Port NET received more messages than were sent! Resetting!
2022-10-04 20:12:26,893 : WARNING : FAST : Port NET received more messages than were sent! Resetting!
2022-10-04 20:12:26,893 : INFO : EventManager : Event: ======'machine_reset_phase_1'====== Args={}
2022-10-04 20:12:26,900 : INFO : EventManager : Event: ======'machine_reset_phase_2'====== Args={}
2022-10-04 20:12:26,901 : INFO : EventManager : Event: ======'machine_reset_phase_3'====== Args={}
2022-10-04 20:12:26,901 : INFO : EventManager : Event: ======'reset_complete'====== Args={}
2022-10-04 20:12:26,902 : INFO : EventManager : Event: ======'mode_attract_will_start'====== Args={}
2022-10-04 20:12:26,902 : INFO : EventManager : Event: ======'mode_attract_starting'====== Args={}
2022-10-04 20:12:26,903 : INFO : Mode.attract : Started. Priority: 10
2022-10-04 20:12:26,903 : INFO : EventManager : Event: ======'modes_active_modes_changed'====== Args={}
2022-10-04 20:12:26,903 : INFO : EventManager : Event: ======'mode_attract_started'====== Args={}
2022-10-04 20:12:26,905 : INFO : EventManager : Event: ======'collecting_balls_complete'====== Args={}
2022-10-04 20:12:26,925 : INFO : EventManager : Event: ======'slide_show_3.slide_player-0_created'====== Args={'_from_bcp': True}
2022-10-04 20:12:26,926 : INFO : EventManager : Event: ======'slide_show_3.slide_player-0_active'====== Args={'_from_bcp': True}
2022-10-04 20:12:26,926 : INFO : Machine : Starting the main run loop.
2022-10-04 20:12:28,210 : INFO : SwitchController : <<<<<<< 's_start' active >>>>>>>
2022-10-04 20:12:28,338 : INFO : SwitchController : <<<<<<< 's_start' inactive >>>>>>>
2022-10-04 20:12:28,339 : INFO : EventManager : Event: ======'request_to_start_game'====== Args={}
2022-10-04 20:12:28,339 : INFO : EventManager : Event: ======'game_start'====== Args={'buttons': [], 'hold_time': 0.125}
2022-10-04 20:12:28,339 : INFO : EventManager : Event: ======'mode_game_will_start'====== Args={'buttons': [], 'hold_time': 0.125}
2022-10-04 20:12:28,340 : INFO : EventManager : Event: ======'mode_game_starting'====== Args={'buttons': [], 'hold_time': 0.125}
2022-10-04 20:12:28,341 : INFO : EventManager : Event: ======'mode_attract_will_stop'====== Args={}
2022-10-04 20:12:28,341 : INFO : EventManager : Event: ======'mode_attract_stopping'====== Args={}
2022-10-04 20:12:28,341 : INFO : Mode.attract : Stopped.
2022-10-04 20:12:28,341 : INFO : EventManager : Event: ======'modes_active_modes_changed'====== Args={}
2022-10-04 20:12:28,345 : INFO : EventManager : Event: ======'mode_attract_stopped'====== Args={}
2022-10-04 20:12:28,345 : INFO : EventManager : Event: ======'clear'====== Args={'key': 'attract'}
2022-10-04 20:12:28,346 : INFO : Mode.game : Started. Priority: 20
2022-10-04 20:12:28,346 : INFO : EventManager : Event: ======'modes_active_modes_changed'====== Args={}
2022-10-04 20:12:28,346 : INFO : EventManager : Event: ======'mode_game_started'====== Args={'buttons': [], 'hold_time': 0.125}
2022-10-04 20:12:28,356 : INFO : EventManager : Event: ======'game_will_start'====== Args={}
2022-10-04 20:12:28,358 : INFO : EventManager : Event: ======'slide_show_3.slide_player-0_removed'====== Args={'_from_bcp': True}
2022-10-04 20:12:28,358 : INFO : EventManager : Event: ======'slide_window1_blank_active'====== Args={'_from_bcp': True}
2022-10-04 20:12:28,358 : INFO : EventManager : Event: ======'game_starting'====== Args={'game': <Mode.game>}
2022-10-04 20:12:28,360 : INFO : EventManager : Event: ======'player_add_request'====== Args={}
2022-10-04 20:12:28,361 : INFO : EventManager : Event: ======'player_will_add'====== Args={'number': 1}
2022-10-04 20:12:28,361 : INFO : EventManager : Event: ======'player_adding'====== Args={'player': <Player 1>, 'number': 1}
2022-10-04 20:12:28,361 : INFO : EventManager : Event: ======'player_added'====== Args={'player': <Player 1>, 'num': 1}
2022-10-04 20:12:28,361 : INFO : Mode.game : Player added successfully. Total players: 1
2022-10-04 20:12:28,362 : INFO : EventManager : Event: ======'player_index'====== Args={'value': 0, 'prev_value': 0, 'change': 0, 'player_num': 1}
2022-10-04 20:12:28,363 : INFO : EventManager : Event: ======'player_number'====== Args={'value': 1, 'prev_value': 1, 'change': 0, 'player_num': 1}
2022-10-04 20:12:28,363 : INFO : EventManager : Event: ======'player_mode_value'====== Args={'value': 1000000, 'prev_value': 1000000, 'change': 0, 'player_num': 1}
2022-10-04 20:12:28,364 : INFO : EventManager : Event: ======'player_bonus_multiplier'====== Args={'value': 1, 'prev_value': 1, 'change': 0, 'player_num': 1}
2022-10-04 20:12:28,364 : INFO : EventManager : Event: ======'player_playfield_multiplier'====== Args={'value': 1, 'prev_value': 1, 'change': 0, 'player_num': 1}
2022-10-04 20:12:28,365 : INFO : EventManager : Event: ======'player_score'====== Args={'value': 0, 'prev_value': 0, 'change': 0, 'player_num': 1}
2022-10-04 20:12:28,366 : INFO : EventManager : Event: ======'game_started'====== Args={}
2022-10-04 20:12:28,389 : INFO : EventManager : Event: ======'player_turn_will_start'====== Args={'player': <Player 1>, 'number': 1}
2022-10-04 20:12:28,394 : INFO : EventManager : Event: ======'player_turn_starting'====== Args={'player': <Player 1>, 'number': 1}
2022-10-04 20:12:28,394 : INFO : EventManager : Event: ======'player_ball'====== Args={'value': 1, 'prev_value': 0, 'change': 1, 'player_num': 1}
2022-10-04 20:12:28,395 : INFO : EventManager : Event: ======'player_turn_started'====== Args={'player': <Player 1>, 'number': 1}
2022-10-04 20:12:28,396 : INFO : EventManager : Event: ======'ball_will_start'====== Args={'player': 1, 'ball': 1, 'balls_remaining': 2, 'is_extra_ball': False}
2022-10-04 20:12:28,400 : INFO : EventManager : Event: ======'ball_starting'====== Args={'player': 1, 'ball': 1, 'balls_remaining': 2, 'is_extra_ball': False}
2022-10-04 20:12:28,401 : INFO : EventManager : Event: ======'balls_in_play'====== Args={'balls': 1}
2022-10-04 20:12:28,401 : INFO : EventManager : Event: ======'ball_started'====== Args={'player': 1, 'ball': 1, 'balls_remaining': 2, 'is_extra_ball': False}
2022-10-04 20:12:28,401 : INFO : EventManager : Event: ======'mode_combos_will_start'====== Args={'player': 1, 'ball': 1, 'balls_remaining': 2, 'is_extra_ball': False}
2022-10-04 20:12:28,406 : INFO : EventManager : Event: ======'mode_combos_starting'====== Args={'player': 1, 'ball': 1, 'balls_remaining': 2, 'is_extra_ball': False}
2022-10-04 20:12:28,406 : INFO : EventManager : Event: ======'mode_base_will_start'====== Args={'player': 1, 'ball': 1, 'balls_remaining': 2, 'is_extra_ball': False}
2022-10-04 20:12:28,406 : INFO : EventManager : Event: ======'player_shot_l_lane_enabled'====== Args={'value': True, 'prev_value': 0, 'change': 1, 'player_num': 1}
2022-10-04 20:12:28,407 : INFO : EventManager : Event: ======'player_shot_r_lane_enabled'====== Args={'value': True, 'prev_value': 0, 'change': 1, 'player_num': 1}
2022-10-04 20:12:28,408 : INFO : EventManager : Event: ======'player_shot_center_target_enabled'====== Args={'value': True, 'prev_value': 0, 'change': 1, 'player_num': 1}
2022-10-04 20:12:28,408 : INFO : EventManager : Event: ======'bonus_lanes_complete'====== Args={'state': 'unlit'}
2022-10-04 20:12:28,408 : INFO : EventManager : Event: ======'bonus_lanes_unlit_complete'====== Args={}
2022-10-04 20:12:28,408 : INFO : EventManager : Event: ======'player_extra_ball_two_modes_complete_num_awarded'====== Args={'value': 0, 'prev_value': 0, 'change': 0, 'player_num': 1}
2022-10-04 20:12:28,409 : INFO : EventManager : Event: ======'achievement_mission1_changed_state'====== Args={'restore': False, 'state': 'disabled', 'selected': False}
2022-10-04 20:12:28,409 : INFO : EventManager : Event: ======'achievement_mission1_state_disabled'====== Args={'restore': False, 'state': 'disabled', 'selected': False}
2022-10-04 20:12:28,409 : INFO : EventManager : Event: ======'achievement_mission2_changed_state'====== Args={'restore': False, 'state': 'disabled', 'selected': False}
2022-10-04 20:12:28,409 : INFO : EventManager : Event: ======'achievement_mission2_state_disabled'====== Args={'restore': False, 'state': 'disabled', 'selected': False}
2022-10-04 20:12:28,409 : INFO : EventManager : Event: ======'achievement_mission3_changed_state'====== Args={'restore': False, 'state': 'disabled', 'selected': False}
2022-10-04 20:12:28,409 : INFO : EventManager : Event: ======'achievement_mission3_state_disabled'====== Args={'restore': False, 'state': 'disabled', 'selected': False}
2022-10-04 20:12:28,409 : INFO : EventManager : Event: ======'achievement_mission4_changed_state'====== Args={'restore': False, 'state': 'disabled', 'selected': False}
2022-10-04 20:12:28,410 : INFO : EventManager : Event: ======'achievement_mission4_state_disabled'====== Args={'restore': False, 'state': 'disabled', 'selected': False}
2022-10-04 20:12:28,418 : INFO : EventManager : Event: ======'mode_base_starting'====== Args={'player': 1, 'ball': 1, 'balls_remaining': 2, 'is_extra_ball': False}
2022-10-04 20:12:28,418 : INFO : EventManager : Event: ======'mode_super_features_will_start'====== Args={'player': 1, 'ball': 1, 'balls_remaining': 2, 'is_extra_ball': False}
2022-10-04 20:12:28,418 : INFO : EventManager : Event: ======'achievement_super_spinners_changed_state'====== Args={'restore': False, 'state': 'disabled', 'selected': False}
2022-10-04 20:12:28,419 : INFO : EventManager : Event: ======'achievement_super_spinners_state_disabled'====== Args={'restore': False, 'state': 'disabled', 'selected': False}
2022-10-04 20:12:28,419 : INFO : EventManager : Event: ======'achievement_super_targets_changed_state'====== Args={'restore': False, 'state': 'disabled', 'selected': False}
2022-10-04 20:12:28,419 : INFO : EventManager : Event: ======'achievement_super_targets_state_disabled'====== Args={'restore': False, 'state': 'disabled', 'selected': False}
2022-10-04 20:12:28,419 : INFO : EventManager : Event: ======'achievement_super_lanes_changed_state'====== Args={'restore': False, 'state': 'disabled', 'selected': False}
2022-10-04 20:12:28,419 : INFO : EventManager : Event: ======'achievement_super_lanes_state_disabled'====== Args={'restore': False, 'state': 'disabled', 'selected': False}
2022-10-04 20:12:28,419 : INFO : EventManager : Event: ======'achievement_super_slings_changed_state'====== Args={'restore': False, 'state': 'disabled', 'selected': False}
2022-10-04 20:12:28,419 : INFO : EventManager : Event: ======'achievement_super_slings_state_disabled'====== Args={'restore': False, 'state': 'disabled', 'selected': False}
2022-10-04 20:12:28,421 : INFO : EventManager : Event: ======'mode_super_features_starting'====== Args={'player': 1, 'ball': 1, 'balls_remaining': 2, 'is_extra_ball': False}
2022-10-04 20:12:28,421 : INFO : drop_target_bank.main : All targets are already up. Will not reset bank.
2022-10-04 20:12:28,422 : INFO : Mode.super_features : Started. Priority: 100
2022-10-04 20:12:28,422 : INFO : EventManager : Event: ======'modes_active_modes_changed'====== Args={}
2022-10-04 20:12:28,422 : INFO : EventManager : Event: ======'mode_super_features_started'====== Args={'player': 1, 'ball': 1, 'balls_remaining': 2, 'is_extra_ball': False}
2022-10-04 20:12:28,422 : INFO : Mode.combos : Started. Priority: 700
2022-10-04 20:12:28,423 : INFO : EventManager : Event: ======'modes_active_modes_changed'====== Args={}
2022-10-04 20:12:28,423 : INFO : EventManager : Event: ======'mode_combos_started'====== Args={'player': 1, 'ball': 1, 'balls_remaining': 2, 'is_extra_ball': False}
2022-10-04 20:12:28,423 : INFO : EventManager : Event: ======'logicblock_mode_completion_counter_updated'====== Args={'value': 0, 'enabled': True}
2022-10-04 20:12:28,423 : INFO : EventManager : Event: ======'logicblock_mode_completion_counter_updated'====== Args={'value': 0, 'enabled': True}
2022-10-04 20:12:28,423 : INFO : Mode.base : Started. Priority: 100
2022-10-04 20:12:28,423 : INFO : EventManager : Event: ======'modes_active_modes_changed'====== Args={}
2022-10-04 20:12:28,423 : INFO : EventManager : Event: ======'mode_base_started'====== Args={'player': 1, 'ball': 1, 'balls_remaining': 2, 'is_extra_ball': False}
2022-10-04 20:12:28,424 : INFO : EventManager : Event: ======'ball_save_base_save_enabled'====== Args={}
2022-10-04 20:12:28,424 : INFO : EventManager : Event: ======'mode_add_mode_value_will_start'====== Args={'player': 1, 'ball': 1, 'balls_remaining': 2, 'is_extra_ball': False}
2022-10-04 20:12:28,425 : INFO : EventManager : Event: ======'mode_add_mode_value_starting'====== Args={'player': 1, 'ball': 1, 'balls_remaining': 2, 'is_extra_ball': False}
2022-10-04 20:12:28,425 : INFO : EventManager : Event: ======'mode_spell_warp_will_start'====== Args={'player': 1, 'ball': 1, 'balls_remaining': 2, 'is_extra_ball': False}
2022-10-04 20:12:28,425 : INFO : EventManager : Event: ======'player_shot_warp_advance_enabled'====== Args={'value': True, 'prev_value': 0, 'change': 1, 'player_num': 1}
2022-10-04 20:12:28,428 : INFO : EventManager : Event: ======'mode_spell_warp_starting'====== Args={'player': 1, 'ball': 1, 'balls_remaining': 2, 'is_extra_ball': False}
2022-10-04 20:12:28,428 : INFO : EventManager : Event: ======'mode_spell_portal_will_start'====== Args={'player': 1, 'ball': 1, 'balls_remaining': 2, 'is_extra_ball': False}
2022-10-04 20:12:28,428 : INFO : EventManager : Event: ======'player_shot_portal_advance_enabled'====== Args={'value': True, 'prev_value': 0, 'change': 1, 'player_num': 1}
2022-10-04 20:12:28,431 : INFO : EventManager : Event: ======'mode_spell_portal_starting'====== Args={'player': 1, 'ball': 1, 'balls_remaining': 2, 'is_extra_ball': False}
2022-10-04 20:12:28,431 : INFO : EventManager : Event: ======'mode_spell_galaxy_will_start'====== Args={'player': 1, 'ball': 1, 'balls_remaining': 2, 'is_extra_ball': False}
2022-10-04 20:12:28,431 : INFO : EventManager : Event: ======'player_shot_galaxy_advance_enabled'====== Args={'value': True, 'prev_value': 0, 'change': 1, 'player_num': 1}
2022-10-04 20:12:28,434 : INFO : EventManager : Event: ======'mode_spell_galaxy_starting'====== Args={'player': 1, 'ball': 1, 'balls_remaining': 2, 'is_extra_ball': False}
2022-10-04 20:12:28,435 : INFO : drop_target_bank.main : All targets are already up. Will not reset bank.
2022-10-04 20:12:28,435 : INFO : Mode.add_mode_value : Started. Priority: 200
2022-10-04 20:12:28,435 : INFO : EventManager : Event: ======'modes_active_modes_changed'====== Args={}
2022-10-04 20:12:28,435 : INFO : EventManager : Event: ======'mode_add_mode_value_started'====== Args={'player': 1, 'ball': 1, 'balls_remaining': 2, 'is_extra_ball': False}
2022-10-04 20:12:28,435 : INFO : EventManager : Event: ======'single_player_ball_started'====== Args={}
2022-10-04 20:12:28,454 : INFO : EventManager : Event: ======'logicblock_warp_counter_updated'====== Args={'value': 0, 'enabled': True}
2022-10-04 20:12:28,454 : INFO : EventManager : Event: ======'logicblock_warp_counter_updated'====== Args={'value': 0, 'enabled': True}
2022-10-04 20:12:28,454 : INFO : Mode.spell_warp : Started. Priority: 200
2022-10-04 20:12:28,455 : INFO : EventManager : Event: ======'modes_active_modes_changed'====== Args={}
2022-10-04 20:12:28,455 : INFO : EventManager : Event: ======'mode_spell_warp_started'====== Args={'player': 1, 'ball': 1, 'balls_remaining': 2, 'is_extra_ball': False}
2022-10-04 20:12:28,455 : INFO : EventManager : Event: ======'logicblock_portal_counter_updated'====== Args={'value': 0, 'enabled': True}
2022-10-04 20:12:28,455 : INFO : EventManager : Event: ======'logicblock_portal_counter_updated'====== Args={'value': 0, 'enabled': True}
2022-10-04 20:12:28,455 : INFO : Mode.spell_portal : Started. Priority: 200
2022-10-04 20:12:28,455 : INFO : EventManager : Event: ======'modes_active_modes_changed'====== Args={}
2022-10-04 20:12:28,455 : INFO : EventManager : Event: ======'mode_spell_portal_started'====== Args={'player': 1, 'ball': 1, 'balls_remaining': 2, 'is_extra_ball': False}
2022-10-04 20:12:28,455 : INFO : EventManager : Event: ======'logicblock_galaxy_counter_updated'====== Args={'value': 0, 'enabled': True}
2022-10-04 20:12:28,455 : INFO : EventManager : Event: ======'logicblock_galaxy_counter_updated'====== Args={'value': 0, 'enabled': True}
2022-10-04 20:12:28,456 : INFO : Mode.spell_galaxy : Started. Priority: 200
2022-10-04 20:12:28,456 : INFO : EventManager : Event: ======'modes_active_modes_changed'====== Args={}
2022-10-04 20:12:28,456 : INFO : EventManager : Event: ======'mode_spell_galaxy_started'====== Args={'player': 1, 'ball': 1, 'balls_remaining': 2, 'is_extra_ball': False}
2022-10-04 20:12:28,457 : INFO : EventManager : Event: ======'achievement_super_spinners_changed_state'====== Args={'restore': False, 'state': 'enabled', 'selected': False}
2022-10-04 20:12:28,457 : INFO : EventManager : Event: ======'achievement_super_spinners_state_enabled'====== Args={'restore': False, 'state': 'enabled', 'selected': False}
2022-10-04 20:12:28,458 : INFO : EventManager : Event: ======'achievement_super_targets_changed_state'====== Args={'restore': False, 'state': 'enabled', 'selected': False}
2022-10-04 20:12:28,458 : INFO : EventManager : Event: ======'achievement_super_targets_state_enabled'====== Args={'restore': False, 'state': 'enabled', 'selected': False}
2022-10-04 20:12:28,458 : INFO : EventManager : Event: ======'achievement_super_lanes_changed_state'====== Args={'restore': False, 'state': 'enabled', 'selected': False}
2022-10-04 20:12:28,458 : INFO : EventManager : Event: ======'achievement_super_lanes_state_enabled'====== Args={'restore': False, 'state': 'enabled', 'selected': False}
2022-10-04 20:12:28,458 : INFO : EventManager : Event: ======'achievement_super_slings_changed_state'====== Args={'restore': False, 'state': 'enabled', 'selected': False}
2022-10-04 20:12:28,458 : INFO : EventManager : Event: ======'achievement_super_slings_state_enabled'====== Args={'restore': False, 'state': 'enabled', 'selected': False}
2022-10-04 20:12:28,458 : INFO : EventManager : Event: ======'achievement_super_lanes_changed_state'====== Args={'restore': False, 'state': 'enabled', 'selected': True}
2022-10-04 20:12:28,458 : INFO : EventManager : Event: ======'achievement_super_lanes_state_enabled'====== Args={'restore': False, 'state': 'enabled', 'selected': True}
2022-10-04 20:12:28,459 : INFO : EventManager : Event: ======'achievement_super_lanes_state_selected'====== Args={'restore': False, 'state': 'enabled', 'selected': True}
2022-10-04 20:12:28,459 : INFO : EventManager : Event: ======'ball_start_target'====== Args={'target': 'playfield'}
2022-10-04 20:12:28,460 : INFO : EventManager : Event: ======'slide_score_slide_created'====== Args={'_from_bcp': True}
2022-10-04 20:12:28,479 : INFO : ball_device.bd_drain : Setting up player-controlled eject. Balls: 1, Target: <playfield.playfield>, player_controlled_eject_event: s_action_button_active
2022-10-04 20:12:28,479 : INFO : EventManager : Event: ======'balldevice_balls_available'====== Args={}
2022-10-04 20:12:28,481 : INFO : EventManager : Event: ======'slide_score_slide_active'====== Args={'_from_bcp': True}
2022-10-04 20:12:28,483 : INFO : ball_device.bd_drain : State: waiting_for_target_ready
2022-10-04 20:12:28,483 : INFO : EventManager : Event: ======'balldevice_bd_drain_ball_eject_attempt'====== Args={'balls': 1, 'target': <playfield.playfield>, 'source': <ball_device.bd_drain>, 'mechanical_eject': True, 'num_attempts': 0}
2022-10-04 20:12:28,484 : INFO : ball_device.bd_drain : State: ejecting
2022-10-04 20:12:28,484 : INFO : ball_device.bd_drain : Ejecting ball to <playfield.playfield>
2022-10-04 20:12:28,484 : INFO : EventManager : Event: ======'balldevice_bd_drain_ejecting_ball'====== Args={'balls': 1, 'target': <playfield.playfield>, 'source': <ball_device.bd_drain>, 'mechanical_eject': True, 'num_attempts': 0}
2022-10-04 20:12:28,485 : INFO : ball_device.bd_drain : Wait for ball to leave device
2022-10-04 20:12:31,374 : INFO : Machine : Shutting down...
2022-10-04 20:12:31,374 : INFO : EventManager : Event: ======'shutdown'====== Args={}
2022-10-04 20:12:31,405 : WARNING : FAST : Port RGB received more messages than were sent! Resetting!
2022-10-04 20:12:31,405 : WARNING : FAST : Received unknown serial command? BX:P from RGB.
2022-10-04 20:12:31,405 : WARNING : FAST : Port NET received more messages than were sent! Resetting!
2022-10-04 20:12:31,483 : ERROR : FAST : Stop called on serial connection com7
2022-10-04 20:12:31,483 : ERROR : FAST : Stop called on serial connection com8
2022-10-04 20:12:31,697 : INFO : root : MPF run loop ended.
