2022-09-10 13:15:30,992 : INFO : root : Loading config.
2022-09-10 13:15:31,520 : INFO : ConfigProcessor : Config spec file cache created: C:\Users\Brendan\AppData\Local\Temp\config_spec.mpf_cache
2022-09-10 13:15:31,520 : INFO : YamlMultifileConfigLoader : Machine config file #1: config.yaml
2022-09-10 13:15:31,521 : INFO : ConfigProcessor : Loading config from cache: C:\Users\Brendan\AppData\Local\Temp\bccefe987bb586eace29905fa80cab57.mpf_cache
2022-09-10 13:15:31,577 : INFO : ConfigProcessor : Loading config from cache: C:\Users\Brendan\AppData\Local\Temp\467e7647689d29fad6adf949e1f4d51d.mpf_cache
2022-09-10 13:15:31,578 : INFO : ConfigProcessor : Loading config from cache: C:\Users\Brendan\AppData\Local\Temp\5550e037aa776b42b91b29b40b356c70.mpf_cache
2022-09-10 13:15:31,578 : INFO : ConfigProcessor : Loading config from cache: C:\Users\Brendan\AppData\Local\Temp\15e0c601392b30c3d9ba3ead8131edb5.mpf_cache
2022-09-10 13:15:31,579 : INFO : ConfigProcessor : Loading config from cache: C:\Users\Brendan\AppData\Local\Temp\0bf50917c4ef15ab65ee13d6c14e7d7c.mpf_cache
2022-09-10 13:15:31,580 : INFO : ConfigProcessor : Loading config from cache: C:\Users\Brendan\AppData\Local\Temp\bc7da7b13b2754e080c2afa0678ac274.mpf_cache
2022-09-10 13:15:31,581 : INFO : ConfigProcessor : Loading config from cache: C:\Users\Brendan\AppData\Local\Temp\bbd59d0bb6602ee0c5a89d6f85e6dd42.mpf_cache
2022-09-10 13:15:31,581 : INFO : ConfigProcessor : Loading config from cache: C:\Users\Brendan\AppData\Local\Temp\5526c78976fee311c3d05505d75f653d.mpf_cache
2022-09-10 13:15:31,582 : INFO : ConfigProcessor : Loading config from cache: C:\Users\Brendan\AppData\Local\Temp\6e95138ae5415fc76b53ebf8fa245fb5.mpf_cache
2022-09-10 13:15:31,583 : INFO : ConfigProcessor : Loading config from cache: C:\Users\Brendan\AppData\Local\Temp\1ec1c4dffb383758956493783a9ed391.mpf_cache
2022-09-10 13:15:31,584 : INFO : ConfigProcessor : Loading config from cache: C:\Users\Brendan\AppData\Local\Temp\f2aee92728c8017b77c710c804dd7f5a.mpf_cache
2022-09-10 13:15:31,585 : INFO : ConfigProcessor : Loading config from cache: C:\Users\Brendan\AppData\Local\Temp\88f57fa1305e9dc100972ec9f84d57fe.mpf_cache
2022-09-10 13:15:31,585 : INFO : ConfigProcessor : Loading config from cache: C:\Users\Brendan\AppData\Local\Temp\6e00a9d794d4c3f43a0fc48da04dac60.mpf_cache
2022-09-10 13:15:31,586 : INFO : ConfigProcessor : Loading config from cache: C:\Users\Brendan\AppData\Local\Temp\05ef98219fc733c3bcab58726c4b37ef.mpf_cache
2022-09-10 13:15:31,587 : INFO : ConfigProcessor : Loading config from cache: C:\Users\Brendan\AppData\Local\Temp\c22d657a5a7bb60632c2be2c735e073b.mpf_cache
2022-09-10 13:15:31,588 : INFO : ConfigProcessor : Loading config from cache: C:\Users\Brendan\AppData\Local\Temp\f7d4f5eb9425fe84d2e83a363afd4bdf.mpf_cache
2022-09-10 13:15:31,589 : INFO : ConfigProcessor : Loading config from cache: C:\Users\Brendan\AppData\Local\Temp\125f51d329f930ea7bff10973551cc26.mpf_cache
2022-09-10 13:15:31,589 : INFO : ConfigProcessor : Loading config from cache: C:\Users\Brendan\AppData\Local\Temp\08e18dfdf4e02cd29cc0cc52be2faaf4.mpf_cache
2022-09-10 13:15:31,590 : INFO : ConfigProcessor : Loading config from cache: C:\Users\Brendan\AppData\Local\Temp\f042f5bf6362b9e04d43b40b93a92057.mpf_cache
2022-09-10 13:15:31,591 : INFO : ConfigProcessor : Loading config from cache: C:\Users\Brendan\AppData\Local\Temp\60badac06cd62deb71f25fac24b103c2.mpf_cache
2022-09-10 13:15:31,591 : INFO : ConfigProcessor : Loading config from cache: C:\Users\Brendan\AppData\Local\Temp\a3ad1aeb679a0686901de8a6ffe784f0.mpf_cache
2022-09-10 13:15:31,592 : INFO : ConfigProcessor : Loading config from cache: C:\Users\Brendan\AppData\Local\Temp\d7856287e4ec48fb5adaa65e5f7b2848.mpf_cache
2022-09-10 13:15:31,593 : INFO : ConfigProcessor : Loading config from cache: C:\Users\Brendan\AppData\Local\Temp\4849f32e60febd99d83791f2417d9a0f.mpf_cache
2022-09-10 13:15:31,594 : INFO : ConfigProcessor : Loading config from cache: C:\Users\Brendan\AppData\Local\Temp\46695fafdda39c0538290acecd64f4c0.mpf_cache
2022-09-10 13:15:31,594 : INFO : ConfigProcessor : Loading config from cache: C:\Users\Brendan\AppData\Local\Temp\942a9c8af084c06606ececc74db0a30f.mpf_cache
2022-09-10 13:15:31,595 : INFO : ConfigProcessor : Loading config from cache: C:\Users\Brendan\AppData\Local\Temp\d3a5f9b6ba13782c30d3f4f7e40a9dcf.mpf_cache
2022-09-10 13:15:31,595 : INFO : ConfigProcessor : Loading config from cache: C:\Users\Brendan\AppData\Local\Temp\bb2305c107159ac261738ee6fa5177f9.mpf_cache
2022-09-10 13:15:31,596 : INFO : ConfigProcessor : Loading config from cache: C:\Users\Brendan\AppData\Local\Temp\5e8fe62f7d4a280c75af4e016e79234a.mpf_cache
2022-09-10 13:15:31,596 : INFO : ConfigProcessor : Loading config from cache: C:\Users\Brendan\AppData\Local\Temp\7934ad8984867b043b25c8f1f16418da.mpf_cache
2022-09-10 13:15:31,597 : INFO : ConfigProcessor : Loading config from cache: C:\Users\Brendan\AppData\Local\Temp\201f4c0a0d10e05df2979372d05b639d.mpf_cache
2022-09-10 13:15:31,597 : INFO : ConfigProcessor : Loading config from cache: C:\Users\Brendan\AppData\Local\Temp\29084e75e573608c6a2e9d91f8c2e516.mpf_cache
2022-09-10 13:15:31,598 : INFO : ConfigProcessor : Loading config from cache: C:\Users\Brendan\AppData\Local\Temp\c1a52d9ec6beffcf3a0c74172f4f1789.mpf_cache
2022-09-10 13:15:31,599 : INFO : ConfigProcessor : Loading config from cache: C:\Users\Brendan\AppData\Local\Temp\1a7cfdccecce53cd51775700aa921808.mpf_cache
2022-09-10 13:15:31,600 : INFO : ConfigProcessor : Loading config from cache: C:\Users\Brendan\AppData\Local\Temp\bbeb6a5751b9d2029aa6e8633936e040.mpf_cache
2022-09-10 13:15:31,600 : INFO : ConfigProcessor : Loading config from cache: C:\Users\Brendan\AppData\Local\Temp\396defae609afab4d6d7399595fd494b.mpf_cache
2022-09-10 13:15:31,601 : INFO : ConfigProcessor : Loading config from cache: C:\Users\Brendan\AppData\Local\Temp\df5b128cf73808572dcd58af6b99a12a.mpf_cache
2022-09-10 13:15:31,602 : INFO : ConfigProcessor : Loading config from cache: C:\Users\Brendan\AppData\Local\Temp\b16abd66a20b52f76df13eb007a93cde.mpf_cache
2022-09-10 13:15:31,602 : INFO : ConfigProcessor : Loading config from cache: C:\Users\Brendan\AppData\Local\Temp\09ddf149c2750d0dc18124afb4ec1692.mpf_cache
2022-09-10 13:15:31,603 : INFO : ConfigProcessor : Loading config from cache: C:\Users\Brendan\AppData\Local\Temp\dc261f740d4fb0b58874215bc05837b4.mpf_cache
2022-09-10 13:15:31,603 : INFO : ConfigProcessor : Loading config from cache: C:\Users\Brendan\AppData\Local\Temp\fd5b67850c190931870595f7ba331325.mpf_cache
2022-09-10 13:15:31,604 : INFO : ConfigProcessor : Loading config from cache: C:\Users\Brendan\AppData\Local\Temp\7fa0bf6f8a3d06d96f9daba2d24e8451.mpf_cache
2022-09-10 13:15:31,604 : INFO : ConfigProcessor : Loading config from cache: C:\Users\Brendan\AppData\Local\Temp\17652c03725ec0d5dc66b35abdc504c5.mpf_cache
2022-09-10 13:15:31,605 : INFO : ConfigProcessor : Loading config from cache: C:\Users\Brendan\AppData\Local\Temp\f6549f0a1a12987384ccc86b9df17004.mpf_cache
2022-09-10 13:15:31,605 : INFO : ConfigProcessor : Loading config from cache: C:\Users\Brendan\AppData\Local\Temp\d416d6f9f35dec068a811f18f969a8db.mpf_cache
2022-09-10 13:15:31,607 : INFO : ConfigProcessor : Loading config from cache: C:\Users\Brendan\AppData\Local\Temp\2cbb22f93ff96ef242a9a2d7465f7b14.mpf_cache
2022-09-10 13:15:31,607 : INFO : ConfigProcessor : Loading config from cache: C:\Users\Brendan\AppData\Local\Temp\5b43fbcb021f3ce97d73fdb8a470eae4.mpf_cache
2022-09-10 13:15:31,608 : INFO : ConfigProcessor : Loading config from cache: C:\Users\Brendan\AppData\Local\Temp\6d994d077edad00fe01353c1bfbf6638.mpf_cache
2022-09-10 13:15:31,608 : INFO : ConfigProcessor : Loading config from cache: C:\Users\Brendan\AppData\Local\Temp\df6e37541f81fc1a6e02dbcf98e0d10b.mpf_cache
2022-09-10 13:15:31,609 : INFO : ConfigProcessor : Loading config from cache: C:\Users\Brendan\AppData\Local\Temp\c5e911b563ca93c8e10ce7743f92e657.mpf_cache
2022-09-10 13:15:31,609 : INFO : ConfigProcessor : Loading config from cache: C:\Users\Brendan\AppData\Local\Temp\8009c184ad4c71f93407ddc3ac0f69d2.mpf_cache
2022-09-10 13:15:31,610 : INFO : ConfigProcessor : Loading config from cache: C:\Users\Brendan\AppData\Local\Temp\99ecafb2993dab1e69369c4f69529b6f.mpf_cache
2022-09-10 13:15:31,611 : INFO : ConfigProcessor : Loading config from cache: C:\Users\Brendan\AppData\Local\Temp\57f2f8973b8bd58edd1d215976151c60.mpf_cache
2022-09-10 13:15:31,611 : INFO : ConfigProcessor : Loading config from cache: C:\Users\Brendan\AppData\Local\Temp\19f702536b27ff66106645e85afb027e.mpf_cache
2022-09-10 13:15:31,612 : INFO : ConfigProcessor : Loading config from cache: C:\Users\Brendan\AppData\Local\Temp\c17101e4486856bd6430e66412997ee7.mpf_cache
2022-09-10 13:15:31,613 : INFO : ConfigProcessor : Loading config from cache: C:\Users\Brendan\AppData\Local\Temp\c5b3b18e965344eb40bdf988f6d052aa.mpf_cache
2022-09-10 13:15:31,615 : INFO : Machine : Mission Pinball Framework Core Engine v0.55.0
2022-09-10 13:15:31,615 : INFO : Machine : Command line arguments: {'no_load_cache': False, 'create_config_cache': True, 'bcp': True, 'configfile': ['config.yaml'], 'force_assets_load': False, 'jsonlogging': False, 'logfile': 'logs\\2022-09-10-13-15-30-mpf-Pinball-PC.log', 'pause': False, 'production': False, 'text_ui': True, 'loglevel': 15, 'consoleloglevel': 20, 'force_platform': None, 'syslog_address': None, 'mc_file_name': None, 'no_sound': False}
2022-09-10 13:15:31,615 : INFO : Machine : MPF path: c:\users\brendan\appdata\local\programs\python\python37\lib\site-packages\mpf
2022-09-10 13:15:31,615 : INFO : Machine : Machine path: C:\Baby_pacman_code\machine
2022-09-10 13:15:31,615 : INFO : Machine : Platform: win32
2022-09-10 13:15:31,615 : INFO : Machine : Python executable location: c:\users\brendan\appdata\local\programs\python\python37\python.exe
2022-09-10 13:15:31,615 : INFO : Machine : Python version: 3.7.8 (64-bit)
2022-09-10 13:15:31,617 : INFO : Machine : Initialise MPF.
2022-09-10 13:15:31,769 : INFO : FAST : Connecting to com7 at 921600bps
2022-09-10 13:15:31,818 : INFO : FAST : Connected! Processor: NET, Board Type: FP-CPU-002-2, Firmware: 01.05
2022-09-10 13:15:31,818 : INFO : EventManager : Event: ======'machine_var_fast_net_firmware'====== Args={'value': '01.05', 'prev_value': None, 'change': True}
2022-09-10 13:15:31,818 : INFO : EventManager : Event: ======'machine_var_fast_net_model'====== Args={'value': 'FP-CPU-002-2', 'prev_value': None, 'change': True}
2022-09-10 13:15:34,186 : WARNING : FAST : Got unexpected message from FAST: -N:0A
2022-09-10 13:15:34,233 : INFO : FAST : Connecting to com8 at 921600bps
2022-09-10 13:15:34,281 : INFO : FAST : Connected! Processor: RGB, Board Type: FP-CPU-002-2, Firmware: 01.00
2022-09-10 13:15:34,281 : INFO : EventManager : Event: ======'machine_var_fast_rgb_firmware'====== Args={'value': '01.00', 'prev_value': None, 'change': True}
2022-09-10 13:15:34,282 : INFO : EventManager : Event: ======'machine_var_fast_rgb_model'====== Args={'value': 'FP-CPU-002-2', 'prev_value': None, 'change': True}
2022-09-10 13:15:34,282 : INFO : EventManager : Event: ======'machine_var_credits_string'====== Args={'value': 'FREE PLAY', 'prev_value': None, 'change': True}
2022-09-10 13:15:34,363 : INFO : EventManager : Event: ======'machine_var_master_volume'====== Args={'value': 0.5, 'prev_value': None, 'change': True}
2022-09-10 13:15:34,363 : INFO : EventManager : Event: ======'machine_var_player1_score'====== Args={'value': 441174720, 'prev_value': None, 'change': True}
2022-09-10 13:15:34,363 : INFO : EventManager : Event: ======'machine_var_mpf_version'====== Args={'value': 'MPF v0.55.0', 'prev_value': None, 'change': True}
2022-09-10 13:15:34,363 : INFO : EventManager : Event: ======'machine_var_mpf_extended_version'====== Args={'value': 'MPF v0.55.0, Config version:5, Show version: 5, BCP version:1.1', 'prev_value': None, 'change': True}
2022-09-10 13:15:34,363 : INFO : EventManager : Event: ======'machine_var_python_version'====== Args={'value': '3.7.8', 'prev_value': None, 'change': True}
2022-09-10 13:15:34,364 : INFO : EventManager : Event: ======'machine_var_platform'====== Args={'value': 'Windows-7-6.1.7601-SP1', 'prev_value': None, 'change': True}
2022-09-10 13:15:34,364 : INFO : EventManager : Event: ======'machine_var_platform_system'====== Args={'value': 'Windows', 'prev_value': None, 'change': True}
2022-09-10 13:15:34,364 : INFO : EventManager : Event: ======'machine_var_platform_release'====== Args={'value': '7', 'prev_value': None, 'change': True}
2022-09-10 13:15:34,364 : INFO : EventManager : Event: ======'machine_var_platform_version'====== Args={'value': '6.1.7601', 'prev_value': None, 'change': True}
2022-09-10 13:15:34,364 : INFO : EventManager : Event: ======'machine_var_platform_machine'====== Args={'value': 'AMD64', 'prev_value': None, 'change': True}
2022-09-10 13:15:34,364 : INFO : EventManager : Event: ======'init_phase_1'====== Args={}
2022-09-10 13:15:34,437 : INFO : EventManager : Event: ======'drop_target_bank_main_up'====== Args={}
2022-09-10 13:15:34,448 : INFO : EventManager : Event: ======'init_phase_2'====== Args={}
2022-09-10 13:15:34,449 : INFO : SwitchController : Found active switch: (('0A', 1), <Platform.FAST>) <switch.s_drop_target3>
2022-09-10 13:15:34,491 : INFO : EventManager : Event: ======'bcp_connection_attempt'====== Args={'name': 'local_display', 'host': 'localhost', 'port': 5050}
2022-09-10 13:15:34,493 : INFO : BCPClientSocket : Connecting BCP to 'local_display' at localhost:5050...
2022-09-10 13:15:35,496 : WARNING : FAST : Port com7 was blocked for more than 1s. Reseting send queue! If this happens frequently report a bug!
2022-09-10 13:15:36,494 : WARNING : FAST : Port com7 was blocked for more than 1s. Reseting send queue! If this happens frequently report a bug!
2022-09-10 13:15:37,599 : INFO : BCPClientSocket : Connected BCP to 'local_display' localhost:5050
2022-09-10 13:15:37,601 : INFO : EventManager : Event: ======'bcp_clients_connected'====== Args={}
2022-09-10 13:15:37,613 : INFO : ball_device.bd_drain : BCH: Initial count: 0
2022-09-10 13:15:37,614 : INFO : EventManager : Event: ======'machine_var_mc_version'====== Args={'value': 'MPF-MC v0.55.0', 'prev_value': None, 'change': True}
2022-09-10 13:15:37,615 : INFO : EventManager : Event: ======'machine_var_mc_extended_version'====== Args={'value': 'MPF-MC v0.55.0 (config_version=5, BCP v1.1, Requires MPF v0.55.0-dev.49)', 'prev_value': None, 'change': True}
2022-09-10 13:15:37,618 : INFO : ball_device.bd_drain : State: idle
2022-09-10 13:15:37,642 : INFO : ball_device.bd_left_kicker : BCH: Initial count: 0
2022-09-10 13:15:37,643 : INFO : ball_device.bd_left_kicker : State: idle
2022-09-10 13:15:37,644 : INFO : ball_device.bd_right_kicker : BCH: Initial count: 0
2022-09-10 13:15:37,644 : INFO : ball_device.bd_right_kicker : State: idle
2022-09-10 13:15:37,714 : INFO : EventManager : Event: ======'init_phase_3'====== Args={}
2022-09-10 13:15:38,156 : INFO : EventManager : Event: ======'init_phase_4'====== Args={}
2022-09-10 13:15:38,157 : INFO : EventManager : Event: ======'playfield_active'====== Args={}
2022-09-10 13:15:38,157 : INFO : EventManager : Event: ======'unexpected_ball_on_playfield'====== Args={}
2022-09-10 13:15:38,157 : INFO : EventManager : Event: ======'playfield_active'====== Args={}
2022-09-10 13:15:38,157 : INFO : EventManager : Event: ======'unexpected_ball_on_playfield'====== Args={}
2022-09-10 13:15:38,157 : INFO : EventManager : Event: ======'playfield_active'====== Args={}
2022-09-10 13:15:38,157 : INFO : EventManager : Event: ======'unexpected_ball_on_playfield'====== Args={}
2022-09-10 13:15:38,157 : INFO : EventManager : Event: ======'drop_target_middle_down'====== Args={'device': <drop_target.middle>}
2022-09-10 13:15:38,157 : INFO : EventManager : Event: ======'drop_target_bank_main_mixed'====== Args={'prev_value': <DropTargetBankState.UP: 'up'>, 'down': 1}
2022-09-10 13:15:38,158 : INFO : EventManager : Event: ======'playfield_active'====== Args={}
2022-09-10 13:15:38,158 : INFO : EventManager : Event: ======'unexpected_ball_on_playfield'====== Args={}
2022-09-10 13:15:38,158 : INFO : EventManager : Event: ======'playfield_active'====== Args={}
2022-09-10 13:15:38,158 : INFO : EventManager : Event: ======'unexpected_ball_on_playfield'====== Args={}
2022-09-10 13:15:38,159 : INFO : BallController : Initial balls found: 0
2022-09-10 13:15:38,160 : INFO : EventManager : Event: ======'machine_var_audits_events_game_ended'====== Args={'value': 0, 'prev_value': None, 'change': True}
2022-09-10 13:15:38,161 : INFO : EventManager : Event: ======'machine_var_audits_events_game_started'====== Args={'value': 0, 'prev_value': None, 'change': True}
2022-09-10 13:15:38,161 : INFO : EventManager : Event: ======'machine_var_audits_player_score'====== Args={'value': {'average': 17774165.933014356, 'top': [720234070, 706004620, 591554830, 507595620, 502234510, 441174720, 210762830, 203435200, 198719690, 196999500], 'total': 627}, 'prev_value': None, 'change': True}
2022-09-10 13:15:38,162 : INFO : EventManager : Event: ======'machine_var_audits_shots_center_drop_mission1'====== Args={'value': 639, 'prev_value': None, 'change': True}
2022-09-10 13:15:38,162 : INFO : EventManager : Event: ======'machine_var_audits_shots_center_target'====== Args={'value': 454, 'prev_value': None, 'change': True}
2022-09-10 13:15:38,162 : INFO : EventManager : Event: ======'machine_var_audits_shots_drop_target1_mission2'====== Args={'value': 255, 'prev_value': None, 'change': True}
2022-09-10 13:15:38,163 : INFO : EventManager : Event: ======'machine_var_audits_shots_drop_target2_mission2'====== Args={'value': 298, 'prev_value': None, 'change': True}
2022-09-10 13:15:38,163 : INFO : EventManager : Event: ======'machine_var_audits_shots_drop_target3_mission2'====== Args={'value': 347, 'prev_value': None, 'change': True}
2022-09-10 13:15:38,163 : INFO : EventManager : Event: ======'machine_var_audits_shots_drop_target4_mission2'====== Args={'value': 309, 'prev_value': None, 'change': True}
2022-09-10 13:15:38,164 : INFO : EventManager : Event: ======'machine_var_audits_shots_drop_target5_mission2'====== Args={'value': 266, 'prev_value': None, 'change': True}
2022-09-10 13:15:38,164 : INFO : EventManager : Event: ======'machine_var_audits_shots_drop_targets_mission3'====== Args={'value': 1755, 'prev_value': None, 'change': True}
2022-09-10 13:15:38,165 : INFO : EventManager : Event: ======'machine_var_audits_shots_galaxy_advance'====== Args={'value': 3222, 'prev_value': None, 'change': True}
2022-09-10 13:15:38,165 : INFO : EventManager : Event: ======'machine_var_audits_shots_l_lane'====== Args={'value': 711, 'prev_value': None, 'change': True}
2022-09-10 13:15:38,165 : INFO : EventManager : Event: ======'machine_var_audits_shots_left_kicker_mission2'====== Args={'value': 178, 'prev_value': None, 'change': True}
2022-09-10 13:15:38,166 : INFO : EventManager : Event: ======'machine_var_audits_shots_left_kicker_mission4'====== Args={'value': 132, 'prev_value': None, 'change': True}
2022-09-10 13:15:38,166 : INFO : EventManager : Event: ======'machine_var_audits_shots_left_loop_mission1'====== Args={'value': 721, 'prev_value': None, 'change': True}
2022-09-10 13:15:38,166 : INFO : EventManager : Event: ======'machine_var_audits_shots_left_loop_mission2'====== Args={'value': 305, 'prev_value': None, 'change': True}
2022-09-10 13:15:38,167 : INFO : EventManager : Event: ======'machine_var_audits_shots_left_loop_mission4'====== Args={'value': 434, 'prev_value': None, 'change': True}
2022-09-10 13:15:38,167 : INFO : EventManager : Event: ======'machine_var_audits_shots_portal_advance'====== Args={'value': 5312, 'prev_value': None, 'change': True}
2022-09-10 13:15:38,168 : INFO : EventManager : Event: ======'machine_var_audits_shots_r_lane'====== Args={'value': 624, 'prev_value': None, 'change': True}
2022-09-10 13:15:38,168 : INFO : EventManager : Event: ======'machine_var_audits_shots_right_kicker_mission2'====== Args={'value': 151, 'prev_value': None, 'change': True}
2022-09-10 13:15:38,168 : INFO : EventManager : Event: ======'machine_var_audits_shots_right_kicker_mission4'====== Args={'value': 151, 'prev_value': None, 'change': True}
2022-09-10 13:15:38,169 : INFO : EventManager : Event: ======'machine_var_audits_shots_right_loop_mission1'====== Args={'value': 827, 'prev_value': None, 'change': True}
2022-09-10 13:15:38,169 : INFO : EventManager : Event: ======'machine_var_audits_shots_right_loop_mission2'====== Args={'value': 355, 'prev_value': None, 'change': True}
2022-09-10 13:15:38,170 : INFO : EventManager : Event: ======'machine_var_audits_shots_right_loop_mission4'====== Args={'value': 494, 'prev_value': None, 'change': True}
2022-09-10 13:15:38,170 : INFO : EventManager : Event: ======'machine_var_audits_shots_warp_advance'====== Args={'value': 1180, 'prev_value': None, 'change': True}
2022-09-10 13:15:38,170 : INFO : EventManager : Event: ======'machine_var_audits_switches_s_action_button'====== Args={'value': 4396, 'prev_value': None, 'change': True}
2022-09-10 13:15:38,171 : INFO : EventManager : Event: ======'machine_var_audits_switches_s_drain'====== Args={'value': 3000, 'prev_value': None, 'change': True}
2022-09-10 13:15:38,171 : INFO : EventManager : Event: ======'machine_var_audits_switches_s_drop_target1'====== Args={'value': 2125, 'prev_value': None, 'change': True}
2022-09-10 13:15:38,172 : INFO : EventManager : Event: ======'machine_var_audits_switches_s_drop_target2'====== Args={'value': 2440, 'prev_value': None, 'change': True}
2022-09-10 13:15:38,172 : INFO : EventManager : Event: ======'machine_var_audits_switches_s_drop_target3'====== Args={'value': 2899, 'prev_value': None, 'change': True}
2022-09-10 13:15:38,173 : INFO : EventManager : Event: ======'machine_var_audits_switches_s_drop_target4'====== Args={'value': 2322, 'prev_value': None, 'change': True}
2022-09-10 13:15:38,173 : INFO : EventManager : Event: ======'machine_var_audits_switches_s_drop_target5'====== Args={'value': 2205, 'prev_value': None, 'change': True}
2022-09-10 13:15:38,174 : INFO : EventManager : Event: ======'machine_var_audits_switches_s_left_captive_ball'====== Args={'value': 534, 'prev_value': None, 'change': True}
2022-09-10 13:15:38,174 : INFO : EventManager : Event: ======'machine_var_audits_switches_s_left_flipper'====== Args={'value': 39732, 'prev_value': None, 'change': True}
2022-09-10 13:15:38,174 : INFO : EventManager : Event: ======'machine_var_audits_switches_s_left_inlane'====== Args={'value': 711, 'prev_value': None, 'change': True}
2022-09-10 13:15:38,175 : INFO : EventManager : Event: ======'machine_var_audits_switches_s_left_inlane_far'====== Args={'value': 5247, 'prev_value': None, 'change': True}
2022-09-10 13:15:38,175 : INFO : EventManager : Event: ======'machine_var_audits_switches_s_left_kicker'====== Args={'value': 1720, 'prev_value': None, 'change': True}
2022-09-10 13:15:38,176 : INFO : EventManager : Event: ======'machine_var_audits_switches_s_left_sling'====== Args={'value': 7737, 'prev_value': None, 'change': True}
2022-09-10 13:15:38,176 : INFO : EventManager : Event: ======'machine_var_audits_switches_s_left_spinner'====== Args={'value': 25414, 'prev_value': None, 'change': True}
2022-09-10 13:15:38,177 : INFO : EventManager : Event: ======'machine_var_audits_switches_s_right_captive_ball'====== Args={'value': 553, 'prev_value': None, 'change': True}
2022-09-10 13:15:38,177 : INFO : EventManager : Event: ======'machine_var_audits_switches_s_right_flipper'====== Args={'value': 36165, 'prev_value': None, 'change': True}
2022-09-10 13:15:38,178 : INFO : EventManager : Event: ======'machine_var_audits_switches_s_right_inlane'====== Args={'value': 624, 'prev_value': None, 'change': True}
2022-09-10 13:15:38,178 : INFO : EventManager : Event: ======'machine_var_audits_switches_s_right_inlane_far'====== Args={'value': 7203, 'prev_value': None, 'change': True}
2022-09-10 13:15:38,179 : INFO : EventManager : Event: ======'machine_var_audits_switches_s_right_kicker'====== Args={'value': 1902, 'prev_value': None, 'change': True}
2022-09-10 13:15:38,179 : INFO : EventManager : Event: ======'machine_var_audits_switches_s_right_sling'====== Args={'value': 14648, 'prev_value': None, 'change': True}
2022-09-10 13:15:38,180 : INFO : EventManager : Event: ======'machine_var_audits_switches_s_right_spinner'====== Args={'value': 19155, 'prev_value': None, 'change': True}
2022-09-10 13:15:38,180 : INFO : EventManager : Event: ======'machine_var_audits_switches_s_start'====== Args={'value': 417, 'prev_value': None, 'change': True}
2022-09-10 13:15:38,181 : INFO : EventManager : Event: ======'init_phase_5'====== Args={}
2022-09-10 13:15:38,187 : INFO : EventManager : Event: ======'init_done'====== Args={}
2022-09-10 13:15:38,187 : WARNING : FAST : Port NET received more messages than were sent! Resetting!
2022-09-10 13:15:38,188 : WARNING : FAST : Port NET received more messages than were sent! Resetting!
2022-09-10 13:15:38,188 : WARNING : FAST : Port NET received more messages than were sent! Resetting!
2022-09-10 13:15:38,188 : WARNING : FAST : Port NET received more messages than were sent! Resetting!
2022-09-10 13:15:38,188 : WARNING : FAST : Port NET received more messages than were sent! Resetting!
2022-09-10 13:15:38,188 : WARNING : FAST : Port NET received more messages than were sent! Resetting!
2022-09-10 13:15:38,188 : WARNING : FAST : Port NET received more messages than were sent! Resetting!
2022-09-10 13:15:38,188 : WARNING : FAST : Port NET received more messages than were sent! Resetting!
2022-09-10 13:15:38,188 : WARNING : FAST : Port NET received more messages than were sent! Resetting!
2022-09-10 13:15:38,188 : WARNING : FAST : Port NET received more messages than were sent! Resetting!
2022-09-10 13:15:38,188 : WARNING : FAST : Port NET received more messages than were sent! Resetting!
2022-09-10 13:15:38,188 : WARNING : FAST : Port NET received more messages than were sent! Resetting!
2022-09-10 13:15:38,188 : WARNING : FAST : Port NET received more messages than were sent! Resetting!
2022-09-10 13:15:38,188 : WARNING : FAST : Port NET received more messages than were sent! Resetting!
2022-09-10 13:15:38,188 : WARNING : FAST : Port NET received more messages than were sent! Resetting!
2022-09-10 13:15:38,189 : WARNING : FAST : Port NET received more messages than were sent! Resetting!
2022-09-10 13:15:38,189 : WARNING : FAST : Port NET received more messages than were sent! Resetting!
2022-09-10 13:15:38,189 : WARNING : FAST : Port NET received more messages than were sent! Resetting!
2022-09-10 13:15:38,189 : WARNING : FAST : Port NET received more messages than were sent! Resetting!
2022-09-10 13:15:38,189 : WARNING : FAST : Port NET received more messages than were sent! Resetting!
2022-09-10 13:15:38,189 : WARNING : FAST : Port NET received more messages than were sent! Resetting!
2022-09-10 13:15:38,189 : WARNING : FAST : Port NET received more messages than were sent! Resetting!
2022-09-10 13:15:38,190 : INFO : EventManager : Event: ======'machine_reset_phase_1'====== Args={}
2022-09-10 13:15:38,192 : INFO : EventManager : Event: ======'machine_reset_phase_2'====== Args={}
2022-09-10 13:15:38,193 : INFO : EventManager : Event: ======'machine_reset_phase_3'====== Args={}
2022-09-10 13:15:38,193 : INFO : EventManager : Event: ======'reset_complete'====== Args={}
2022-09-10 13:15:38,194 : INFO : EventManager : Event: ======'mode_attract_will_start'====== Args={}
2022-09-10 13:15:38,194 : INFO : EventManager : Event: ======'mode_attract_starting'====== Args={}
2022-09-10 13:15:38,194 : INFO : Mode.attract : Started. Priority: 10
2022-09-10 13:15:38,194 : INFO : EventManager : Event: ======'modes_active_modes_changed'====== Args={}
2022-09-10 13:15:38,194 : INFO : EventManager : Event: ======'mode_attract_started'====== Args={}
2022-09-10 13:15:38,197 : INFO : EventManager : Event: ======'collecting_balls_complete'====== Args={}
2022-09-10 13:15:38,217 : INFO : EventManager : Event: ======'slide_show_3.slide_player-0_created'====== Args={'_from_bcp': True}
2022-09-10 13:15:38,217 : INFO : EventManager : Event: ======'slide_show_3.slide_player-0_active'====== Args={'_from_bcp': True}
2022-09-10 13:15:38,218 : INFO : Machine : Starting the main run loop.
2022-09-10 13:15:41,208 : INFO : EventManager : Event: ======'slide_last_game_score_slide_created'====== Args={'_from_bcp': True}
2022-09-10 13:15:41,215 : INFO : EventManager : Event: ======'slide_last_game_score_slide_active'====== Args={'_from_bcp': True}
2022-09-10 13:15:44,203 : INFO : EventManager : Event: ======'slide_press_start_created'====== Args={'_from_bcp': True}
2022-09-10 13:15:44,210 : INFO : EventManager : Event: ======'slide_press_start_active'====== Args={'_from_bcp': True}
2022-09-10 13:15:47,203 : INFO : EventManager : Event: ======'slide_mission_pinball_created'====== Args={'_from_bcp': True}
2022-09-10 13:15:47,207 : INFO : EventManager : Event: ======'slide_mission_pinball_active'====== Args={'_from_bcp': True}
2022-09-10 13:15:50,206 : INFO : EventManager : Event: ======'slide_edensaw_slide_created'====== Args={'_from_bcp': True}
2022-09-10 13:15:50,209 : INFO : EventManager : Event: ======'slide_edensaw_slide_active'====== Args={'_from_bcp': True}
2022-09-10 13:15:53,207 : INFO : EventManager : Event: ======'slide_glass_slide_created'====== Args={'_from_bcp': True}
2022-09-10 13:15:53,212 : INFO : EventManager : Event: ======'slide_glass_slide_active'====== Args={'_from_bcp': True}
2022-09-10 13:15:56,192 : INFO : EventManager : Event: ======'slide_glass_slide_removed'====== Args={'_from_bcp': True}
2022-09-10 13:15:56,195 : INFO : EventManager : Event: ======'slide_glass_slide_created'====== Args={'_from_bcp': True}
2022-09-10 13:15:56,200 : INFO : EventManager : Event: ======'slide_glass_slide_active'====== Args={'_from_bcp': True}
2022-09-10 13:15:59,207 : INFO : EventManager : Event: ======'slide_fast_slide_created'====== Args={'_from_bcp': True}
2022-09-10 13:15:59,212 : INFO : EventManager : Event: ======'slide_fast_slide_active'====== Args={'_from_bcp': True}
2022-09-10 13:16:14,189 : INFO : EventManager : Event: ======'slide_show_3.slide_player-0_removed'====== Args={'_from_bcp': True}
2022-09-10 13:16:14,195 : INFO : EventManager : Event: ======'slide_show_3.slide_player-0_created'====== Args={'_from_bcp': True}
2022-09-10 13:16:14,198 : INFO : EventManager : Event: ======'slide_show_3.slide_player-0_active'====== Args={'_from_bcp': True}
2022-09-10 13:16:17,195 : INFO : EventManager : Event: ======'slide_last_game_score_slide_removed'====== Args={'_from_bcp': True}
2022-09-10 13:16:17,204 : INFO : EventManager : Event: ======'slide_last_game_score_slide_created'====== Args={'_from_bcp': True}
2022-09-10 13:16:17,211 : INFO : EventManager : Event: ======'slide_last_game_score_slide_active'====== Args={'_from_bcp': True}
2022-09-10 13:16:20,203 : INFO : EventManager : Event: ======'slide_press_start_removed'====== Args={'_from_bcp': True}
2022-09-10 13:16:20,213 : INFO : EventManager : Event: ======'slide_press_start_created'====== Args={'_from_bcp': True}
2022-09-10 13:16:20,222 : INFO : EventManager : Event: ======'slide_press_start_active'====== Args={'_from_bcp': True}
2022-09-10 13:16:23,205 : INFO : EventManager : Event: ======'slide_mission_pinball_removed'====== Args={'_from_bcp': True}
2022-09-10 13:16:23,210 : INFO : EventManager : Event: ======'slide_mission_pinball_created'====== Args={'_from_bcp': True}
2022-09-10 13:16:23,211 : INFO : EventManager : Event: ======'slide_mission_pinball_active'====== Args={'_from_bcp': True}
2022-09-10 13:16:26,199 : INFO : EventManager : Event: ======'slide_edensaw_slide_removed'====== Args={'_from_bcp': True}
2022-09-10 13:16:26,202 : INFO : EventManager : Event: ======'slide_edensaw_slide_created'====== Args={'_from_bcp': True}
2022-09-10 13:16:26,203 : INFO : EventManager : Event: ======'slide_edensaw_slide_active'====== Args={'_from_bcp': True}
2022-09-10 13:16:29,209 : INFO : EventManager : Event: ======'slide_glass_slide_removed'====== Args={'_from_bcp': True}
2022-09-10 13:16:29,212 : INFO : EventManager : Event: ======'slide_glass_slide_created'====== Args={'_from_bcp': True}
2022-09-10 13:16:29,213 : INFO : EventManager : Event: ======'slide_glass_slide_active'====== Args={'_from_bcp': True}
2022-09-10 13:16:32,195 : INFO : EventManager : Event: ======'slide_glass_slide_removed'====== Args={'_from_bcp': True}
2022-09-10 13:16:32,199 : INFO : EventManager : Event: ======'slide_glass_slide_created'====== Args={'_from_bcp': True}
2022-09-10 13:16:32,203 : INFO : EventManager : Event: ======'slide_glass_slide_active'====== Args={'_from_bcp': True}
2022-09-10 13:16:35,193 : INFO : EventManager : Event: ======'slide_fast_slide_removed'====== Args={'_from_bcp': True}
2022-09-10 13:16:35,204 : INFO : EventManager : Event: ======'slide_fast_slide_created'====== Args={'_from_bcp': True}
2022-09-10 13:16:35,204 : INFO : EventManager : Event: ======'slide_fast_slide_active'====== Args={'_from_bcp': True}
2022-09-10 13:16:39,796 : INFO : SwitchController : <<<<<<< 's_left_spinner' active >>>>>>>
2022-09-10 13:16:39,956 : INFO : SwitchController : <<<<<<< 's_left_spinner' inactive >>>>>>>
2022-09-10 13:16:40,037 : INFO : SwitchController : <<<<<<< 's_left_spinner' active >>>>>>>
2022-09-10 13:16:40,228 : INFO : SwitchController : <<<<<<< 's_left_spinner' inactive >>>>>>>
2022-09-10 13:16:40,292 : INFO : SwitchController : <<<<<<< 's_left_spinner' active >>>>>>>
2022-09-10 13:16:40,468 : INFO : SwitchController : <<<<<<< 's_left_spinner' inactive >>>>>>>
2022-09-10 13:16:40,548 : INFO : SwitchController : <<<<<<< 's_left_spinner' active >>>>>>>
2022-09-10 13:16:40,695 : INFO : SwitchController : <<<<<<< 's_left_spinner' inactive >>>>>>>
2022-09-10 13:16:40,756 : INFO : SwitchController : <<<<<<< 's_left_spinner' active >>>>>>>
2022-09-10 13:16:40,852 : INFO : SwitchController : <<<<<<< 's_left_spinner' inactive >>>>>>>
2022-09-10 13:16:50,203 : INFO : EventManager : Event: ======'slide_show_3.slide_player-0_removed'====== Args={'_from_bcp': True}
2022-09-10 13:16:50,208 : INFO : EventManager : Event: ======'slide_show_3.slide_player-0_created'====== Args={'_from_bcp': True}
2022-09-10 13:16:50,212 : INFO : EventManager : Event: ======'slide_show_3.slide_player-0_active'====== Args={'_from_bcp': True}
2022-09-10 13:16:53,199 : INFO : EventManager : Event: ======'slide_last_game_score_slide_removed'====== Args={'_from_bcp': True}
2022-09-10 13:16:53,207 : INFO : EventManager : Event: ======'slide_last_game_score_slide_created'====== Args={'_from_bcp': True}
2022-09-10 13:16:53,216 : INFO : EventManager : Event: ======'slide_last_game_score_slide_active'====== Args={'_from_bcp': True}
2022-09-10 13:16:56,189 : INFO : EventManager : Event: ======'slide_press_start_removed'====== Args={'_from_bcp': True}
2022-09-10 13:16:56,196 : INFO : EventManager : Event: ======'slide_press_start_created'====== Args={'_from_bcp': True}
2022-09-10 13:16:56,204 : INFO : EventManager : Event: ======'slide_press_start_active'====== Args={'_from_bcp': True}
2022-09-10 13:16:56,553 : INFO : BcpServer : New client connected.
2022-09-10 13:16:56,555 : INFO : service : Entered service mode. Resetting game if running. Resetting hardware interface now.
2022-09-10 13:16:56,555 : INFO : EventManager : Event: ======'mode_attract_will_stop'====== Args={}
2022-09-10 13:16:56,555 : INFO : EventManager : Event: ======'mode_attract_stopping'====== Args={}
2022-09-10 13:16:56,555 : INFO : EventManager : Event: ======'service_mode_entered'====== Args={}
2022-09-10 13:16:56,556 : INFO : Mode.attract : Stopped.
2022-09-10 13:16:56,556 : INFO : EventManager : Event: ======'modes_active_modes_changed'====== Args={}
2022-09-10 13:16:56,560 : INFO : EventManager : Event: ======'mode_attract_stopped'====== Args={}
2022-09-10 13:16:56,561 : INFO : EventManager : Event: ======'clear'====== Args={'key': 'attract'}
2022-09-10 13:16:56,570 : INFO : EventManager : Event: ======'slide_mission_pinball_removed'====== Args={'_from_bcp': True}
2022-09-10 13:16:56,571 : INFO : EventManager : Event: ======'slide_edensaw_slide_removed'====== Args={'_from_bcp': True}
2022-09-10 13:16:56,571 : INFO : EventManager : Event: ======'slide_glass_slide_removed'====== Args={'_from_bcp': True}
2022-09-10 13:16:56,572 : INFO : EventManager : Event: ======'slide_fast_slide_removed'====== Args={'_from_bcp': True}
2022-09-10 13:16:56,572 : INFO : EventManager : Event: ======'slide_show_3.slide_player-0_removed'====== Args={'_from_bcp': True}
2022-09-10 13:16:56,573 : INFO : EventManager : Event: ======'slide_last_game_score_slide_removed'====== Args={'_from_bcp': True}
2022-09-10 13:16:56,576 : INFO : EventManager : Event: ======'slide_press_start_removed'====== Args={'_from_bcp': True}
2022-09-10 13:16:56,577 : INFO : EventManager : Event: ======'slide_window1_blank_active'====== Args={'_from_bcp': True}
2022-09-10 13:17:11,550 : INFO : EventManager : Event: ======'service_mode_exited'====== Args={}
2022-09-10 13:17:11,550 : INFO : EventManager : Event: ======'machine_reset_phase_1'====== Args={}
2022-09-10 13:17:11,560 : INFO : EventManager : Event: ======'machine_reset_phase_2'====== Args={}
2022-09-10 13:17:11,561 : INFO : EventManager : Event: ======'machine_reset_phase_3'====== Args={}
2022-09-10 13:17:11,562 : INFO : EventManager : Event: ======'reset_complete'====== Args={}
2022-09-10 13:17:11,562 : INFO : EventManager : Event: ======'mode_attract_will_start'====== Args={}
2022-09-10 13:17:11,564 : INFO : EventManager : Event: ======'mode_attract_starting'====== Args={}
2022-09-10 13:17:11,564 : INFO : Mode.attract : Started. Priority: 10
2022-09-10 13:17:11,564 : INFO : EventManager : Event: ======'modes_active_modes_changed'====== Args={}
2022-09-10 13:17:11,564 : INFO : EventManager : Event: ======'mode_attract_started'====== Args={}
2022-09-10 13:17:11,569 : INFO : EventManager : Event: ======'collecting_balls_complete'====== Args={}
2022-09-10 13:17:11,582 : INFO : EventManager : Event: ======'slide_show_23.slide_player-0_created'====== Args={'_from_bcp': True}
2022-09-10 13:17:11,586 : INFO : EventManager : Event: ======'slide_show_23.slide_player-0_active'====== Args={'_from_bcp': True}
2022-09-10 13:17:14,576 : INFO : EventManager : Event: ======'slide_last_game_score_slide_created'====== Args={'_from_bcp': True}
2022-09-10 13:17:14,583 : INFO : EventManager : Event: ======'slide_last_game_score_slide_active'====== Args={'_from_bcp': True}
2022-09-10 13:17:16,679 : INFO : Machine : Shutting down...
2022-09-10 13:17:16,689 : INFO : EventManager : Event: ======'shutdown'====== Args={}
2022-09-10 13:17:16,709 : WARNING : FAST : Port RGB received more messages than were sent! Resetting!
2022-09-10 13:17:16,709 : WARNING : FAST : Received unknown serial command? BX:P from RGB.
2022-09-10 13:17:16,709 : WARNING : FAST : Port NET received more messages than were sent! Resetting!
2022-09-10 13:17:16,779 : ERROR : FAST : Stop called on serial connection com7
2022-09-10 13:17:16,779 : ERROR : FAST : Stop called on serial connection com8
2022-09-10 13:17:16,991 : INFO : root : MPF run loop ended.
