2022-10-05 21:05:44,818 : INFO : root : Loading config.
2022-10-05 21:05:45,357 : INFO : ConfigProcessor : Config spec file cache created: C:\Users\Brendan\AppData\Local\Temp\config_spec.mpf_cache
2022-10-05 21:05:45,358 : INFO : YamlMultifileConfigLoader : Machine config file #1: config.yaml
2022-10-05 21:05:45,358 : INFO : ConfigProcessor : Loading config from cache: C:\Users\Brendan\AppData\Local\Temp\bccefe987bb586eace29905fa80cab57.mpf_cache
2022-10-05 21:05:45,416 : INFO : ConfigProcessor : Loading config from cache: C:\Users\Brendan\AppData\Local\Temp\467e7647689d29fad6adf949e1f4d51d.mpf_cache
2022-10-05 21:05:45,416 : INFO : ConfigProcessor : Loading config from cache: C:\Users\Brendan\AppData\Local\Temp\5550e037aa776b42b91b29b40b356c70.mpf_cache
2022-10-05 21:05:45,417 : INFO : ConfigProcessor : Loading config from cache: C:\Users\Brendan\AppData\Local\Temp\15e0c601392b30c3d9ba3ead8131edb5.mpf_cache
2022-10-05 21:05:45,418 : INFO : ConfigProcessor : Loading config from cache: C:\Users\Brendan\AppData\Local\Temp\0bf50917c4ef15ab65ee13d6c14e7d7c.mpf_cache
2022-10-05 21:05:45,419 : INFO : ConfigProcessor : Loading config from cache: C:\Users\Brendan\AppData\Local\Temp\bc7da7b13b2754e080c2afa0678ac274.mpf_cache
2022-10-05 21:05:45,420 : INFO : ConfigProcessor : Loading config from cache: C:\Users\Brendan\AppData\Local\Temp\bbd59d0bb6602ee0c5a89d6f85e6dd42.mpf_cache
2022-10-05 21:05:45,420 : INFO : ConfigProcessor : Loading config from cache: C:\Users\Brendan\AppData\Local\Temp\5526c78976fee311c3d05505d75f653d.mpf_cache
2022-10-05 21:05:45,421 : INFO : ConfigProcessor : Loading config from cache: C:\Users\Brendan\AppData\Local\Temp\6e95138ae5415fc76b53ebf8fa245fb5.mpf_cache
2022-10-05 21:05:45,422 : INFO : ConfigProcessor : Loading config from cache: C:\Users\Brendan\AppData\Local\Temp\1ec1c4dffb383758956493783a9ed391.mpf_cache
2022-10-05 21:05:45,422 : INFO : ConfigProcessor : Loading config from cache: C:\Users\Brendan\AppData\Local\Temp\f2aee92728c8017b77c710c804dd7f5a.mpf_cache
2022-10-05 21:05:45,424 : INFO : ConfigProcessor : Loading config from cache: C:\Users\Brendan\AppData\Local\Temp\88f57fa1305e9dc100972ec9f84d57fe.mpf_cache
2022-10-05 21:05:45,424 : INFO : ConfigProcessor : Loading config from cache: C:\Users\Brendan\AppData\Local\Temp\6e00a9d794d4c3f43a0fc48da04dac60.mpf_cache
2022-10-05 21:05:45,425 : INFO : ConfigProcessor : Loading config from cache: C:\Users\Brendan\AppData\Local\Temp\05ef98219fc733c3bcab58726c4b37ef.mpf_cache
2022-10-05 21:05:45,426 : INFO : ConfigProcessor : Loading config from cache: C:\Users\Brendan\AppData\Local\Temp\c22d657a5a7bb60632c2be2c735e073b.mpf_cache
2022-10-05 21:05:45,427 : INFO : ConfigProcessor : Loading config from cache: C:\Users\Brendan\AppData\Local\Temp\f7d4f5eb9425fe84d2e83a363afd4bdf.mpf_cache
2022-10-05 21:05:45,428 : INFO : ConfigProcessor : Loading config from cache: C:\Users\Brendan\AppData\Local\Temp\125f51d329f930ea7bff10973551cc26.mpf_cache
2022-10-05 21:05:45,429 : INFO : ConfigProcessor : Loading config from cache: C:\Users\Brendan\AppData\Local\Temp\08e18dfdf4e02cd29cc0cc52be2faaf4.mpf_cache
2022-10-05 21:05:45,429 : INFO : ConfigProcessor : Loading config from cache: C:\Users\Brendan\AppData\Local\Temp\f042f5bf6362b9e04d43b40b93a92057.mpf_cache
2022-10-05 21:05:45,430 : INFO : ConfigProcessor : Loading config from cache: C:\Users\Brendan\AppData\Local\Temp\60badac06cd62deb71f25fac24b103c2.mpf_cache
2022-10-05 21:05:45,431 : INFO : ConfigProcessor : Loading config from cache: C:\Users\Brendan\AppData\Local\Temp\a3ad1aeb679a0686901de8a6ffe784f0.mpf_cache
2022-10-05 21:05:45,432 : INFO : ConfigProcessor : Loading config from cache: C:\Users\Brendan\AppData\Local\Temp\d7856287e4ec48fb5adaa65e5f7b2848.mpf_cache
2022-10-05 21:05:45,432 : INFO : ConfigProcessor : Loading config from cache: C:\Users\Brendan\AppData\Local\Temp\338dcf2127887f92988a932f243d1482.mpf_cache
2022-10-05 21:05:45,433 : INFO : ConfigProcessor : Loading config from cache: C:\Users\Brendan\AppData\Local\Temp\54860a4ece9e68c986c35affb0ed028a.mpf_cache
2022-10-05 21:05:45,434 : INFO : ConfigProcessor : Loading config from cache: C:\Users\Brendan\AppData\Local\Temp\379a066b5790096ac3d821940ca23943.mpf_cache
2022-10-05 21:05:45,435 : INFO : ConfigProcessor : Loading config from cache: C:\Users\Brendan\AppData\Local\Temp\4849f32e60febd99d83791f2417d9a0f.mpf_cache
2022-10-05 21:05:45,435 : INFO : ConfigProcessor : Loading config from cache: C:\Users\Brendan\AppData\Local\Temp\46695fafdda39c0538290acecd64f4c0.mpf_cache
2022-10-05 21:05:45,436 : INFO : ConfigProcessor : Loading config from cache: C:\Users\Brendan\AppData\Local\Temp\942a9c8af084c06606ececc74db0a30f.mpf_cache
2022-10-05 21:05:45,437 : INFO : ConfigProcessor : Loading config from cache: C:\Users\Brendan\AppData\Local\Temp\d3a5f9b6ba13782c30d3f4f7e40a9dcf.mpf_cache
2022-10-05 21:05:45,437 : INFO : ConfigProcessor : Loading config from cache: C:\Users\Brendan\AppData\Local\Temp\bb2305c107159ac261738ee6fa5177f9.mpf_cache
2022-10-05 21:05:45,438 : INFO : ConfigProcessor : Loading config from cache: C:\Users\Brendan\AppData\Local\Temp\5e8fe62f7d4a280c75af4e016e79234a.mpf_cache
2022-10-05 21:05:45,438 : INFO : ConfigProcessor : Loading config from cache: C:\Users\Brendan\AppData\Local\Temp\7934ad8984867b043b25c8f1f16418da.mpf_cache
2022-10-05 21:05:45,439 : INFO : ConfigProcessor : Loading config from cache: C:\Users\Brendan\AppData\Local\Temp\201f4c0a0d10e05df2979372d05b639d.mpf_cache
2022-10-05 21:05:45,440 : INFO : ConfigProcessor : Loading config from cache: C:\Users\Brendan\AppData\Local\Temp\29084e75e573608c6a2e9d91f8c2e516.mpf_cache
2022-10-05 21:05:45,441 : INFO : ConfigProcessor : Loading config from cache: C:\Users\Brendan\AppData\Local\Temp\c1a52d9ec6beffcf3a0c74172f4f1789.mpf_cache
2022-10-05 21:05:45,441 : INFO : ConfigProcessor : Loading config from cache: C:\Users\Brendan\AppData\Local\Temp\1a7cfdccecce53cd51775700aa921808.mpf_cache
2022-10-05 21:05:45,442 : INFO : ConfigProcessor : Loading config from cache: C:\Users\Brendan\AppData\Local\Temp\bbeb6a5751b9d2029aa6e8633936e040.mpf_cache
2022-10-05 21:05:45,443 : INFO : ConfigProcessor : Loading config from cache: C:\Users\Brendan\AppData\Local\Temp\396defae609afab4d6d7399595fd494b.mpf_cache
2022-10-05 21:05:45,443 : INFO : ConfigProcessor : Loading config from cache: C:\Users\Brendan\AppData\Local\Temp\df5b128cf73808572dcd58af6b99a12a.mpf_cache
2022-10-05 21:05:45,444 : INFO : ConfigProcessor : Loading config from cache: C:\Users\Brendan\AppData\Local\Temp\b16abd66a20b52f76df13eb007a93cde.mpf_cache
2022-10-05 21:05:45,445 : INFO : ConfigProcessor : Loading config from cache: C:\Users\Brendan\AppData\Local\Temp\09ddf149c2750d0dc18124afb4ec1692.mpf_cache
2022-10-05 21:05:45,445 : INFO : ConfigProcessor : Loading config from cache: C:\Users\Brendan\AppData\Local\Temp\dc261f740d4fb0b58874215bc05837b4.mpf_cache
2022-10-05 21:05:45,446 : INFO : ConfigProcessor : Loading config from cache: C:\Users\Brendan\AppData\Local\Temp\fd5b67850c190931870595f7ba331325.mpf_cache
2022-10-05 21:05:45,447 : INFO : ConfigProcessor : Loading config from cache: C:\Users\Brendan\AppData\Local\Temp\7fa0bf6f8a3d06d96f9daba2d24e8451.mpf_cache
2022-10-05 21:05:45,447 : INFO : ConfigProcessor : Loading config from cache: C:\Users\Brendan\AppData\Local\Temp\17652c03725ec0d5dc66b35abdc504c5.mpf_cache
2022-10-05 21:05:45,448 : INFO : ConfigProcessor : Loading config from cache: C:\Users\Brendan\AppData\Local\Temp\f6549f0a1a12987384ccc86b9df17004.mpf_cache
2022-10-05 21:05:45,448 : INFO : ConfigProcessor : Loading config from cache: C:\Users\Brendan\AppData\Local\Temp\d416d6f9f35dec068a811f18f969a8db.mpf_cache
2022-10-05 21:05:45,450 : INFO : ConfigProcessor : Loading config from cache: C:\Users\Brendan\AppData\Local\Temp\2cbb22f93ff96ef242a9a2d7465f7b14.mpf_cache
2022-10-05 21:05:45,451 : INFO : ConfigProcessor : Loading config from cache: C:\Users\Brendan\AppData\Local\Temp\5b43fbcb021f3ce97d73fdb8a470eae4.mpf_cache
2022-10-05 21:05:45,451 : INFO : ConfigProcessor : Loading config from cache: C:\Users\Brendan\AppData\Local\Temp\6d994d077edad00fe01353c1bfbf6638.mpf_cache
2022-10-05 21:05:45,452 : INFO : ConfigProcessor : Loading config from cache: C:\Users\Brendan\AppData\Local\Temp\df6e37541f81fc1a6e02dbcf98e0d10b.mpf_cache
2022-10-05 21:05:45,453 : INFO : ConfigProcessor : Loading config from cache: C:\Users\Brendan\AppData\Local\Temp\c5e911b563ca93c8e10ce7743f92e657.mpf_cache
2022-10-05 21:05:45,453 : INFO : ConfigProcessor : Loading config from cache: C:\Users\Brendan\AppData\Local\Temp\8009c184ad4c71f93407ddc3ac0f69d2.mpf_cache
2022-10-05 21:05:45,454 : INFO : ConfigProcessor : Loading config from cache: C:\Users\Brendan\AppData\Local\Temp\99ecafb2993dab1e69369c4f69529b6f.mpf_cache
2022-10-05 21:05:45,455 : INFO : ConfigProcessor : Loading config from cache: C:\Users\Brendan\AppData\Local\Temp\57f2f8973b8bd58edd1d215976151c60.mpf_cache
2022-10-05 21:05:45,455 : INFO : ConfigProcessor : Loading config from cache: C:\Users\Brendan\AppData\Local\Temp\19f702536b27ff66106645e85afb027e.mpf_cache
2022-10-05 21:05:45,457 : INFO : ConfigProcessor : Loading config from cache: C:\Users\Brendan\AppData\Local\Temp\c17101e4486856bd6430e66412997ee7.mpf_cache
2022-10-05 21:05:45,458 : INFO : ConfigProcessor : Loading config from cache: C:\Users\Brendan\AppData\Local\Temp\c5b3b18e965344eb40bdf988f6d052aa.mpf_cache
2022-10-05 21:05:45,459 : INFO : ConfigProcessor : Loading config from cache: C:\Users\Brendan\AppData\Local\Temp\d911f65290d744b94ac27e0b8d02635e.mpf_cache
2022-10-05 21:05:45,460 : INFO : Machine : Mission Pinball Framework Core Engine v0.55.0
2022-10-05 21:05:45,460 : INFO : Machine : Command line arguments: {'no_load_cache': False, 'create_config_cache': True, 'bcp': True, 'configfile': ['config.yaml'], 'force_assets_load': False, 'jsonlogging': False, 'logfile': 'logs\\2022-10-05-21-05-44-mpf-Pinball-PC.log', 'pause': False, 'production': False, 'text_ui': True, 'loglevel': 15, 'consoleloglevel': 20, 'force_platform': None, 'syslog_address': None, 'mc_file_name': None, 'no_sound': False}
2022-10-05 21:05:45,460 : INFO : Machine : MPF path: c:\users\brendan\appdata\local\programs\python\python37\lib\site-packages\mpf
2022-10-05 21:05:45,460 : INFO : Machine : Machine path: C:\Baby_pacman_code\machine
2022-10-05 21:05:45,460 : INFO : Machine : Platform: win32
2022-10-05 21:05:45,460 : INFO : Machine : Python executable location: c:\users\brendan\appdata\local\programs\python\python37\python.exe
2022-10-05 21:05:45,460 : INFO : Machine : Python version: 3.7.8 (64-bit)
2022-10-05 21:05:45,462 : INFO : Machine : Initialise MPF.
2022-10-05 21:05:45,617 : INFO : FAST : Connecting to com7 at 921600bps
2022-10-05 21:05:45,650 : INFO : FAST : Connected! Processor: NET, Board Type: FP-CPU-002-2, Firmware: 01.05
2022-10-05 21:05:45,650 : INFO : EventManager : Event: ======'machine_var_fast_net_firmware'====== Args={'value': '01.05', 'prev_value': None, 'change': True}
2022-10-05 21:05:45,650 : INFO : EventManager : Event: ======'machine_var_fast_net_model'====== Args={'value': 'FP-CPU-002-2', 'prev_value': None, 'change': True}
2022-10-05 21:05:48,020 : WARNING : FAST : Got unexpected message from FAST: -N:13
2022-10-05 21:05:48,065 : INFO : FAST : Connecting to com8 at 921600bps
2022-10-05 21:05:48,113 : INFO : FAST : Connected! Processor: RGB, Board Type: FP-CPU-002-2, Firmware: 01.00
2022-10-05 21:05:48,114 : INFO : EventManager : Event: ======'machine_var_fast_rgb_firmware'====== Args={'value': '01.00', 'prev_value': None, 'change': True}
2022-10-05 21:05:48,114 : INFO : EventManager : Event: ======'machine_var_fast_rgb_model'====== Args={'value': 'FP-CPU-002-2', 'prev_value': None, 'change': True}
2022-10-05 21:05:48,115 : INFO : EventManager : Event: ======'machine_var_credits_string'====== Args={'value': 'FREE PLAY', 'prev_value': None, 'change': True}
2022-10-05 21:05:48,172 : INFO : EventManager : Event: ======'machine_var_master_volume'====== Args={'value': 0.5, 'prev_value': None, 'change': True}
2022-10-05 21:05:48,172 : INFO : EventManager : Event: ======'machine_var_player1_score'====== Args={'value': 589569650, 'prev_value': None, 'change': True}
2022-10-05 21:05:48,172 : INFO : EventManager : Event: ======'machine_var_mpf_version'====== Args={'value': 'MPF v0.55.0', 'prev_value': None, 'change': True}
2022-10-05 21:05:48,173 : INFO : EventManager : Event: ======'machine_var_mpf_extended_version'====== Args={'value': 'MPF v0.55.0, Config version:5, Show version: 5, BCP version:1.1', 'prev_value': None, 'change': True}
2022-10-05 21:05:48,173 : INFO : EventManager : Event: ======'machine_var_python_version'====== Args={'value': '3.7.8', 'prev_value': None, 'change': True}
2022-10-05 21:05:48,173 : INFO : EventManager : Event: ======'machine_var_platform'====== Args={'value': 'Windows-7-6.1.7601-SP1', 'prev_value': None, 'change': True}
2022-10-05 21:05:48,173 : INFO : EventManager : Event: ======'machine_var_platform_system'====== Args={'value': 'Windows', 'prev_value': None, 'change': True}
2022-10-05 21:05:48,173 : INFO : EventManager : Event: ======'machine_var_platform_release'====== Args={'value': '7', 'prev_value': None, 'change': True}
2022-10-05 21:05:48,174 : INFO : EventManager : Event: ======'machine_var_platform_version'====== Args={'value': '6.1.7601', 'prev_value': None, 'change': True}
2022-10-05 21:05:48,174 : INFO : EventManager : Event: ======'machine_var_platform_machine'====== Args={'value': 'AMD64', 'prev_value': None, 'change': True}
2022-10-05 21:05:48,174 : INFO : EventManager : Event: ======'init_phase_1'====== Args={}
2022-10-05 21:05:48,250 : INFO : EventManager : Event: ======'drop_target_bank_main_up'====== Args={}
2022-10-05 21:05:48,262 : INFO : EventManager : Event: ======'init_phase_2'====== Args={}
2022-10-05 21:05:48,263 : INFO : SwitchController : Found active switch: (('13', 1), <Platform.FAST>) <switch.s_drain>
2022-10-05 21:05:48,308 : INFO : EventManager : Event: ======'bcp_connection_attempt'====== Args={'name': 'local_display', 'host': 'localhost', 'port': 5050}
2022-10-05 21:05:48,310 : INFO : BCPClientSocket : Connecting BCP to 'local_display' at localhost:5050...
2022-10-05 21:05:49,315 : WARNING : FAST : Port com7 was blocked for more than 1s. Reseting send queue! If this happens frequently report a bug!
2022-10-05 21:05:50,313 : WARNING : FAST : Port com7 was blocked for more than 1s. Reseting send queue! If this happens frequently report a bug!
2022-10-05 21:05:51,408 : INFO : BCPClientSocket : Connected BCP to 'local_display' localhost:5050
2022-10-05 21:05:51,410 : INFO : EventManager : Event: ======'bcp_clients_connected'====== Args={}
2022-10-05 21:05:51,421 : INFO : ball_device.bd_drain : BCH: Initial count: 1
2022-10-05 21:05:51,422 : INFO : ball_device.bd_drain : State: idle
2022-10-05 21:05:51,424 : INFO : EventManager : Event: ======'machine_var_mc_version'====== Args={'value': 'MPF-MC v0.55.0', 'prev_value': None, 'change': True}
2022-10-05 21:05:51,424 : INFO : EventManager : Event: ======'machine_var_mc_extended_version'====== Args={'value': 'MPF-MC v0.55.0 (config_version=5, BCP v1.1, Requires MPF v0.55.0-dev.49)', 'prev_value': None, 'change': True}
2022-10-05 21:05:51,456 : INFO : ball_device.bd_left_kicker : BCH: Initial count: 0
2022-10-05 21:05:51,457 : INFO : ball_device.bd_left_kicker : State: idle
2022-10-05 21:05:51,459 : INFO : ball_device.bd_right_kicker : BCH: Initial count: 0
2022-10-05 21:05:51,459 : INFO : ball_device.bd_right_kicker : State: idle
2022-10-05 21:05:51,526 : INFO : EventManager : Event: ======'init_phase_3'====== Args={}
2022-10-05 21:05:51,972 : INFO : EventManager : Event: ======'init_phase_4'====== Args={}
2022-10-05 21:05:51,977 : INFO : EventManager : Event: ======'playfield_active'====== Args={}
2022-10-05 21:05:51,977 : INFO : EventManager : Event: ======'unexpected_ball_on_playfield'====== Args={}
2022-10-05 21:05:51,977 : INFO : EventManager : Event: ======'playfield_active'====== Args={}
2022-10-05 21:05:51,978 : INFO : EventManager : Event: ======'unexpected_ball_on_playfield'====== Args={}
2022-10-05 21:05:51,978 : INFO : EventManager : Event: ======'playfield_active'====== Args={}
2022-10-05 21:05:51,978 : INFO : EventManager : Event: ======'unexpected_ball_on_playfield'====== Args={}
2022-10-05 21:05:51,978 : INFO : EventManager : Event: ======'playfield_active'====== Args={}
2022-10-05 21:05:51,978 : INFO : EventManager : Event: ======'unexpected_ball_on_playfield'====== Args={}
2022-10-05 21:05:51,978 : INFO : EventManager : Event: ======'playfield_active'====== Args={}
2022-10-05 21:05:51,978 : INFO : EventManager : Event: ======'unexpected_ball_on_playfield'====== Args={}
2022-10-05 21:05:51,979 : INFO : BallController : Initial balls found: 1
2022-10-05 21:05:51,981 : INFO : EventManager : Event: ======'machine_var_audits_events_game_ended'====== Args={'value': 0, 'prev_value': None, 'change': True}
2022-10-05 21:05:51,981 : INFO : EventManager : Event: ======'machine_var_audits_events_game_started'====== Args={'value': 0, 'prev_value': None, 'change': True}
2022-10-05 21:05:51,981 : INFO : EventManager : Event: ======'machine_var_audits_player_score'====== Args={'value': {'average': 20723368.611987386, 'top': [720234070, 715873710, 706004620, 670142530, 591554830, 589569650, 507595620, 502234510, 441174720, 210762830], 'total': 634}, 'prev_value': None, 'change': True}
2022-10-05 21:05:51,982 : INFO : EventManager : Event: ======'machine_var_audits_shots_center_drop_mission1'====== Args={'value': 661, 'prev_value': None, 'change': True}
2022-10-05 21:05:51,982 : INFO : EventManager : Event: ======'machine_var_audits_shots_center_target'====== Args={'value': 548, 'prev_value': None, 'change': True}
2022-10-05 21:05:51,982 : INFO : EventManager : Event: ======'machine_var_audits_shots_drop_target1_mission2'====== Args={'value': 269, 'prev_value': None, 'change': True}
2022-10-05 21:05:51,983 : INFO : EventManager : Event: ======'machine_var_audits_shots_drop_target2_mission2'====== Args={'value': 313, 'prev_value': None, 'change': True}
2022-10-05 21:05:51,983 : INFO : EventManager : Event: ======'machine_var_audits_shots_drop_target3_mission2'====== Args={'value': 365, 'prev_value': None, 'change': True}
2022-10-05 21:05:51,983 : INFO : EventManager : Event: ======'machine_var_audits_shots_drop_target4_mission2'====== Args={'value': 323, 'prev_value': None, 'change': True}
2022-10-05 21:05:51,984 : INFO : EventManager : Event: ======'machine_var_audits_shots_drop_target5_mission2'====== Args={'value': 281, 'prev_value': None, 'change': True}
2022-10-05 21:05:51,984 : INFO : EventManager : Event: ======'machine_var_audits_shots_drop_targets_mission3'====== Args={'value': 1886, 'prev_value': None, 'change': True}
2022-10-05 21:05:51,984 : INFO : EventManager : Event: ======'machine_var_audits_shots_galaxy_advance'====== Args={'value': 3393, 'prev_value': None, 'change': True}
2022-10-05 21:05:51,985 : INFO : EventManager : Event: ======'machine_var_audits_shots_l_lane'====== Args={'value': 760, 'prev_value': None, 'change': True}
2022-10-05 21:05:51,985 : INFO : EventManager : Event: ======'machine_var_audits_shots_left_kicker_mission2'====== Args={'value': 186, 'prev_value': None, 'change': True}
2022-10-05 21:05:51,986 : INFO : EventManager : Event: ======'machine_var_audits_shots_left_kicker_mission4'====== Args={'value': 133, 'prev_value': None, 'change': True}
2022-10-05 21:05:51,986 : INFO : EventManager : Event: ======'machine_var_audits_shots_left_loop_mission1'====== Args={'value': 744, 'prev_value': None, 'change': True}
2022-10-05 21:05:51,986 : INFO : EventManager : Event: ======'machine_var_audits_shots_left_loop_mission2'====== Args={'value': 319, 'prev_value': None, 'change': True}
2022-10-05 21:05:51,987 : INFO : EventManager : Event: ======'machine_var_audits_shots_left_loop_mission4'====== Args={'value': 456, 'prev_value': None, 'change': True}
2022-10-05 21:05:51,987 : INFO : EventManager : Event: ======'machine_var_audits_shots_portal_advance'====== Args={'value': 5519, 'prev_value': None, 'change': True}
2022-10-05 21:05:51,987 : INFO : EventManager : Event: ======'machine_var_audits_shots_r_lane'====== Args={'value': 643, 'prev_value': None, 'change': True}
2022-10-05 21:05:51,988 : INFO : EventManager : Event: ======'machine_var_audits_shots_right_kicker_mission2'====== Args={'value': 157, 'prev_value': None, 'change': True}
2022-10-05 21:05:51,988 : INFO : EventManager : Event: ======'machine_var_audits_shots_right_kicker_mission4'====== Args={'value': 156, 'prev_value': None, 'change': True}
2022-10-05 21:05:51,989 : INFO : EventManager : Event: ======'machine_var_audits_shots_right_loop_mission1'====== Args={'value': 858, 'prev_value': None, 'change': True}
2022-10-05 21:05:51,989 : INFO : EventManager : Event: ======'machine_var_audits_shots_right_loop_mission2'====== Args={'value': 370, 'prev_value': None, 'change': True}
2022-10-05 21:05:51,989 : INFO : EventManager : Event: ======'machine_var_audits_shots_right_loop_mission4'====== Args={'value': 513, 'prev_value': None, 'change': True}
2022-10-05 21:05:51,990 : INFO : EventManager : Event: ======'machine_var_audits_shots_warp_advance'====== Args={'value': 1198, 'prev_value': None, 'change': True}
2022-10-05 21:05:51,990 : INFO : EventManager : Event: ======'machine_var_audits_switches_s_action_button'====== Args={'value': 4477, 'prev_value': None, 'change': True}
2022-10-05 21:05:51,991 : INFO : EventManager : Event: ======'machine_var_audits_switches_s_drain'====== Args={'value': 3045, 'prev_value': None, 'change': True}
2022-10-05 21:05:51,991 : INFO : EventManager : Event: ======'machine_var_audits_switches_s_drop_target1'====== Args={'value': 2196, 'prev_value': None, 'change': True}
2022-10-05 21:05:51,992 : INFO : EventManager : Event: ======'machine_var_audits_switches_s_drop_target2'====== Args={'value': 2510, 'prev_value': None, 'change': True}
2022-10-05 21:05:51,992 : INFO : EventManager : Event: ======'machine_var_audits_switches_s_drop_target3'====== Args={'value': 2993, 'prev_value': None, 'change': True}
2022-10-05 21:05:51,992 : INFO : EventManager : Event: ======'machine_var_audits_switches_s_drop_target4'====== Args={'value': 2388, 'prev_value': None, 'change': True}
2022-10-05 21:05:51,993 : INFO : EventManager : Event: ======'machine_var_audits_switches_s_drop_target5'====== Args={'value': 2279, 'prev_value': None, 'change': True}
2022-10-05 21:05:51,993 : INFO : EventManager : Event: ======'machine_var_audits_switches_s_left_captive_ball'====== Args={'value': 534, 'prev_value': None, 'change': True}
2022-10-05 21:05:51,994 : INFO : EventManager : Event: ======'machine_var_audits_switches_s_left_flipper'====== Args={'value': 40852, 'prev_value': None, 'change': True}
2022-10-05 21:05:51,994 : INFO : EventManager : Event: ======'machine_var_audits_switches_s_left_inlane'====== Args={'value': 763, 'prev_value': None, 'change': True}
2022-10-05 21:05:51,994 : INFO : EventManager : Event: ======'machine_var_audits_switches_s_left_inlane_far'====== Args={'value': 5458, 'prev_value': None, 'change': True}
2022-10-05 21:05:51,995 : INFO : EventManager : Event: ======'machine_var_audits_switches_s_left_kicker'====== Args={'value': 1762, 'prev_value': None, 'change': True}
2022-10-05 21:05:51,995 : INFO : EventManager : Event: ======'machine_var_audits_switches_s_left_sling'====== Args={'value': 7933, 'prev_value': None, 'change': True}
2022-10-05 21:05:51,996 : INFO : EventManager : Event: ======'machine_var_audits_switches_s_left_spinner'====== Args={'value': 26663, 'prev_value': None, 'change': True}
2022-10-05 21:05:51,996 : INFO : EventManager : Event: ======'machine_var_audits_switches_s_right_captive_ball'====== Args={'value': 553, 'prev_value': None, 'change': True}
2022-10-05 21:05:51,997 : INFO : EventManager : Event: ======'machine_var_audits_switches_s_right_flipper'====== Args={'value': 37102, 'prev_value': None, 'change': True}
2022-10-05 21:05:51,997 : INFO : EventManager : Event: ======'machine_var_audits_switches_s_right_inlane'====== Args={'value': 643, 'prev_value': None, 'change': True}
2022-10-05 21:05:51,998 : INFO : EventManager : Event: ======'machine_var_audits_switches_s_right_inlane_far'====== Args={'value': 7486, 'prev_value': None, 'change': True}
2022-10-05 21:05:51,998 : INFO : EventManager : Event: ======'machine_var_audits_switches_s_right_kicker'====== Args={'value': 1966, 'prev_value': None, 'change': True}
2022-10-05 21:05:51,999 : INFO : EventManager : Event: ======'machine_var_audits_switches_s_right_sling'====== Args={'value': 14750, 'prev_value': None, 'change': True}
2022-10-05 21:05:51,999 : INFO : EventManager : Event: ======'machine_var_audits_switches_s_right_spinner'====== Args={'value': 19822, 'prev_value': None, 'change': True}
2022-10-05 21:05:51,999 : INFO : EventManager : Event: ======'machine_var_audits_switches_s_start'====== Args={'value': 422, 'prev_value': None, 'change': True}
2022-10-05 21:05:52,000 : INFO : EventManager : Event: ======'init_phase_5'====== Args={}
2022-10-05 21:05:52,006 : INFO : EventManager : Event: ======'init_done'====== Args={}
2022-10-05 21:05:52,006 : WARNING : FAST : Port NET received more messages than were sent! Resetting!
2022-10-05 21:05:52,007 : WARNING : FAST : Port NET received more messages than were sent! Resetting!
2022-10-05 21:05:52,007 : WARNING : FAST : Port NET received more messages than were sent! Resetting!
2022-10-05 21:05:52,007 : WARNING : FAST : Port NET received more messages than were sent! Resetting!
2022-10-05 21:05:52,007 : WARNING : FAST : Port NET received more messages than were sent! Resetting!
2022-10-05 21:05:52,007 : WARNING : FAST : Port NET received more messages than were sent! Resetting!
2022-10-05 21:05:52,007 : WARNING : FAST : Port NET received more messages than were sent! Resetting!
2022-10-05 21:05:52,007 : WARNING : FAST : Port NET received more messages than were sent! Resetting!
2022-10-05 21:05:52,007 : WARNING : FAST : Port NET received more messages than were sent! Resetting!
2022-10-05 21:05:52,007 : WARNING : FAST : Port NET received more messages than were sent! Resetting!
2022-10-05 21:05:52,007 : WARNING : FAST : Port NET received more messages than were sent! Resetting!
2022-10-05 21:05:52,007 : WARNING : FAST : Port NET received more messages than were sent! Resetting!
2022-10-05 21:05:52,007 : WARNING : FAST : Port NET received more messages than were sent! Resetting!
2022-10-05 21:05:52,007 : WARNING : FAST : Port NET received more messages than were sent! Resetting!
2022-10-05 21:05:52,007 : WARNING : FAST : Port NET received more messages than were sent! Resetting!
2022-10-05 21:05:52,008 : WARNING : FAST : Port NET received more messages than were sent! Resetting!
2022-10-05 21:05:52,008 : WARNING : FAST : Port NET received more messages than were sent! Resetting!
2022-10-05 21:05:52,008 : WARNING : FAST : Port NET received more messages than were sent! Resetting!
2022-10-05 21:05:52,008 : WARNING : FAST : Port NET received more messages than were sent! Resetting!
2022-10-05 21:05:52,008 : WARNING : FAST : Port NET received more messages than were sent! Resetting!
2022-10-05 21:05:52,008 : WARNING : FAST : Port NET received more messages than were sent! Resetting!
2022-10-05 21:05:52,008 : WARNING : FAST : Port NET received more messages than were sent! Resetting!
2022-10-05 21:05:52,008 : INFO : EventManager : Event: ======'machine_reset_phase_1'====== Args={}
2022-10-05 21:05:52,014 : INFO : EventManager : Event: ======'machine_reset_phase_2'====== Args={}
2022-10-05 21:05:52,015 : INFO : EventManager : Event: ======'machine_reset_phase_3'====== Args={}
2022-10-05 21:05:52,015 : INFO : EventManager : Event: ======'reset_complete'====== Args={}
2022-10-05 21:05:52,016 : INFO : EventManager : Event: ======'mode_attract_will_start'====== Args={}
2022-10-05 21:05:52,016 : INFO : EventManager : Event: ======'mode_attract_starting'====== Args={}
2022-10-05 21:05:52,016 : INFO : Mode.attract : Started. Priority: 10
2022-10-05 21:05:52,016 : INFO : EventManager : Event: ======'modes_active_modes_changed'====== Args={}
2022-10-05 21:05:52,017 : INFO : EventManager : Event: ======'mode_attract_started'====== Args={}
2022-10-05 21:05:52,019 : INFO : EventManager : Event: ======'collecting_balls_complete'====== Args={}
2022-10-05 21:05:52,038 : INFO : EventManager : Event: ======'slide_show_3.slide_player-0_created'====== Args={'_from_bcp': True}
2022-10-05 21:05:52,038 : INFO : EventManager : Event: ======'slide_show_3.slide_player-0_active'====== Args={'_from_bcp': True}
2022-10-05 21:05:52,038 : INFO : Machine : Starting the main run loop.
2022-10-05 21:05:55,028 : INFO : EventManager : Event: ======'slide_last_game_score_slide_created'====== Args={'_from_bcp': True}
2022-10-05 21:05:55,037 : INFO : EventManager : Event: ======'slide_last_game_score_slide_active'====== Args={'_from_bcp': True}
2022-10-05 21:05:58,032 : INFO : EventManager : Event: ======'slide_press_start_created'====== Args={'_from_bcp': True}
2022-10-05 21:05:58,039 : INFO : EventManager : Event: ======'slide_press_start_active'====== Args={'_from_bcp': True}
2022-10-05 21:06:01,018 : INFO : EventManager : Event: ======'slide_mission_pinball_created'====== Args={'_from_bcp': True}
2022-10-05 21:06:01,019 : INFO : EventManager : Event: ======'slide_mission_pinball_active'====== Args={'_from_bcp': True}
2022-10-05 21:06:04,030 : INFO : EventManager : Event: ======'slide_edensaw_slide_created'====== Args={'_from_bcp': True}
2022-10-05 21:06:04,031 : INFO : EventManager : Event: ======'slide_edensaw_slide_active'====== Args={'_from_bcp': True}
2022-10-05 21:06:07,026 : INFO : EventManager : Event: ======'slide_glass_slide_created'====== Args={'_from_bcp': True}
2022-10-05 21:06:07,028 : INFO : EventManager : Event: ======'slide_glass_slide_active'====== Args={'_from_bcp': True}
2022-10-05 21:06:10,019 : INFO : EventManager : Event: ======'slide_glass_slide_removed'====== Args={'_from_bcp': True}
2022-10-05 21:06:10,022 : INFO : EventManager : Event: ======'slide_glass_slide_created'====== Args={'_from_bcp': True}
2022-10-05 21:06:10,024 : INFO : EventManager : Event: ======'slide_glass_slide_active'====== Args={'_from_bcp': True}
2022-10-05 21:06:13,029 : INFO : EventManager : Event: ======'slide_fast_slide_created'====== Args={'_from_bcp': True}
2022-10-05 21:06:13,032 : INFO : EventManager : Event: ======'slide_fast_slide_active'====== Args={'_from_bcp': True}
2022-10-05 21:06:28,019 : INFO : EventManager : Event: ======'slide_show_3.slide_player-0_removed'====== Args={'_from_bcp': True}
2022-10-05 21:06:28,021 : INFO : EventManager : Event: ======'slide_show_3.slide_player-0_created'====== Args={'_from_bcp': True}
2022-10-05 21:06:28,024 : INFO : EventManager : Event: ======'slide_show_3.slide_player-0_active'====== Args={'_from_bcp': True}
2022-10-05 21:06:31,023 : INFO : EventManager : Event: ======'slide_last_game_score_slide_removed'====== Args={'_from_bcp': True}
2022-10-05 21:06:31,032 : INFO : EventManager : Event: ======'slide_last_game_score_slide_created'====== Args={'_from_bcp': True}
2022-10-05 21:06:31,039 : INFO : EventManager : Event: ======'slide_last_game_score_slide_active'====== Args={'_from_bcp': True}
2022-10-05 21:06:34,026 : INFO : EventManager : Event: ======'slide_press_start_removed'====== Args={'_from_bcp': True}
2022-10-05 21:06:34,035 : INFO : EventManager : Event: ======'slide_press_start_created'====== Args={'_from_bcp': True}
2022-10-05 21:06:34,043 : INFO : EventManager : Event: ======'slide_press_start_active'====== Args={'_from_bcp': True}
2022-10-05 21:06:37,023 : INFO : EventManager : Event: ======'slide_mission_pinball_removed'====== Args={'_from_bcp': True}
2022-10-05 21:06:37,026 : INFO : EventManager : Event: ======'slide_mission_pinball_created'====== Args={'_from_bcp': True}
2022-10-05 21:06:37,028 : INFO : EventManager : Event: ======'slide_mission_pinball_active'====== Args={'_from_bcp': True}
2022-10-05 21:06:40,009 : INFO : EventManager : Event: ======'slide_edensaw_slide_removed'====== Args={'_from_bcp': True}
2022-10-05 21:06:40,011 : INFO : EventManager : Event: ======'slide_edensaw_slide_created'====== Args={'_from_bcp': True}
2022-10-05 21:06:40,013 : INFO : EventManager : Event: ======'slide_edensaw_slide_active'====== Args={'_from_bcp': True}
2022-10-05 21:06:43,023 : INFO : EventManager : Event: ======'slide_glass_slide_removed'====== Args={'_from_bcp': True}
2022-10-05 21:06:43,024 : INFO : EventManager : Event: ======'slide_glass_slide_created'====== Args={'_from_bcp': True}
2022-10-05 21:06:43,026 : INFO : EventManager : Event: ======'slide_glass_slide_active'====== Args={'_from_bcp': True}
2022-10-05 21:06:46,022 : INFO : EventManager : Event: ======'slide_glass_slide_removed'====== Args={'_from_bcp': True}
2022-10-05 21:06:46,024 : INFO : EventManager : Event: ======'slide_glass_slide_created'====== Args={'_from_bcp': True}
2022-10-05 21:06:46,025 : INFO : EventManager : Event: ======'slide_glass_slide_active'====== Args={'_from_bcp': True}
2022-10-05 21:06:49,017 : INFO : EventManager : Event: ======'slide_fast_slide_removed'====== Args={'_from_bcp': True}
2022-10-05 21:06:49,023 : INFO : EventManager : Event: ======'slide_fast_slide_created'====== Args={'_from_bcp': True}
2022-10-05 21:06:49,029 : INFO : EventManager : Event: ======'slide_fast_slide_active'====== Args={'_from_bcp': True}
2022-10-05 21:07:04,014 : INFO : EventManager : Event: ======'slide_show_3.slide_player-0_removed'====== Args={'_from_bcp': True}
2022-10-05 21:07:04,016 : INFO : EventManager : Event: ======'slide_show_3.slide_player-0_created'====== Args={'_from_bcp': True}
2022-10-05 21:07:04,033 : INFO : EventManager : Event: ======'slide_show_3.slide_player-0_active'====== Args={'_from_bcp': True}
2022-10-05 21:07:07,022 : INFO : EventManager : Event: ======'slide_last_game_score_slide_removed'====== Args={'_from_bcp': True}
2022-10-05 21:07:07,031 : INFO : EventManager : Event: ======'slide_last_game_score_slide_created'====== Args={'_from_bcp': True}
2022-10-05 21:07:07,038 : INFO : EventManager : Event: ======'slide_last_game_score_slide_active'====== Args={'_from_bcp': True}
2022-10-05 21:07:10,016 : INFO : EventManager : Event: ======'slide_press_start_removed'====== Args={'_from_bcp': True}
2022-10-05 21:07:10,024 : INFO : EventManager : Event: ======'slide_press_start_created'====== Args={'_from_bcp': True}
2022-10-05 21:07:10,034 : INFO : EventManager : Event: ======'slide_press_start_active'====== Args={'_from_bcp': True}
2022-10-05 21:07:13,015 : INFO : EventManager : Event: ======'slide_mission_pinball_removed'====== Args={'_from_bcp': True}
2022-10-05 21:07:13,019 : INFO : EventManager : Event: ======'slide_mission_pinball_created'====== Args={'_from_bcp': True}
2022-10-05 21:07:13,020 : INFO : EventManager : Event: ======'slide_mission_pinball_active'====== Args={'_from_bcp': True}
2022-10-05 21:07:16,016 : INFO : EventManager : Event: ======'slide_edensaw_slide_removed'====== Args={'_from_bcp': True}
2022-10-05 21:07:16,019 : INFO : EventManager : Event: ======'slide_edensaw_slide_created'====== Args={'_from_bcp': True}
2022-10-05 21:07:16,020 : INFO : EventManager : Event: ======'slide_edensaw_slide_active'====== Args={'_from_bcp': True}
2022-10-05 21:07:19,020 : INFO : EventManager : Event: ======'slide_glass_slide_removed'====== Args={'_from_bcp': True}
2022-10-05 21:07:19,022 : INFO : EventManager : Event: ======'slide_glass_slide_created'====== Args={'_from_bcp': True}
2022-10-05 21:07:19,022 : INFO : EventManager : Event: ======'slide_glass_slide_active'====== Args={'_from_bcp': True}
2022-10-05 21:07:22,029 : INFO : EventManager : Event: ======'slide_glass_slide_removed'====== Args={'_from_bcp': True}
2022-10-05 21:07:22,031 : INFO : EventManager : Event: ======'slide_glass_slide_created'====== Args={'_from_bcp': True}
2022-10-05 21:07:22,035 : INFO : EventManager : Event: ======'slide_glass_slide_active'====== Args={'_from_bcp': True}
2022-10-05 21:07:25,020 : INFO : EventManager : Event: ======'slide_fast_slide_removed'====== Args={'_from_bcp': True}
2022-10-05 21:07:25,025 : INFO : EventManager : Event: ======'slide_fast_slide_created'====== Args={'_from_bcp': True}
2022-10-05 21:07:25,032 : INFO : EventManager : Event: ======'slide_fast_slide_active'====== Args={'_from_bcp': True}
2022-10-05 21:07:40,030 : INFO : EventManager : Event: ======'slide_show_3.slide_player-0_removed'====== Args={'_from_bcp': True}
2022-10-05 21:07:40,033 : INFO : EventManager : Event: ======'slide_show_3.slide_player-0_created'====== Args={'_from_bcp': True}
2022-10-05 21:07:40,035 : INFO : EventManager : Event: ======'slide_show_3.slide_player-0_active'====== Args={'_from_bcp': True}
2022-10-05 21:07:43,021 : INFO : EventManager : Event: ======'slide_last_game_score_slide_removed'====== Args={'_from_bcp': True}
2022-10-05 21:07:43,030 : INFO : EventManager : Event: ======'slide_last_game_score_slide_created'====== Args={'_from_bcp': True}
2022-10-05 21:07:43,037 : INFO : EventManager : Event: ======'slide_last_game_score_slide_active'====== Args={'_from_bcp': True}
2022-10-05 21:07:46,013 : INFO : EventManager : Event: ======'slide_press_start_removed'====== Args={'_from_bcp': True}
2022-10-05 21:07:46,022 : INFO : EventManager : Event: ======'slide_press_start_created'====== Args={'_from_bcp': True}
2022-10-05 21:07:46,028 : INFO : EventManager : Event: ======'slide_press_start_active'====== Args={'_from_bcp': True}
2022-10-05 21:07:49,010 : INFO : EventManager : Event: ======'slide_mission_pinball_removed'====== Args={'_from_bcp': True}
2022-10-05 21:07:49,015 : INFO : EventManager : Event: ======'slide_mission_pinball_created'====== Args={'_from_bcp': True}
2022-10-05 21:07:49,019 : INFO : EventManager : Event: ======'slide_mission_pinball_active'====== Args={'_from_bcp': True}
2022-10-05 21:07:52,021 : INFO : EventManager : Event: ======'slide_edensaw_slide_removed'====== Args={'_from_bcp': True}
2022-10-05 21:07:52,023 : INFO : EventManager : Event: ======'slide_edensaw_slide_created'====== Args={'_from_bcp': True}
2022-10-05 21:07:52,025 : INFO : EventManager : Event: ======'slide_edensaw_slide_active'====== Args={'_from_bcp': True}
2022-10-05 21:07:55,024 : INFO : EventManager : Event: ======'slide_glass_slide_removed'====== Args={'_from_bcp': True}
2022-10-05 21:07:55,027 : INFO : EventManager : Event: ======'slide_glass_slide_created'====== Args={'_from_bcp': True}
2022-10-05 21:07:55,029 : INFO : EventManager : Event: ======'slide_glass_slide_active'====== Args={'_from_bcp': True}
2022-10-05 21:07:58,011 : INFO : EventManager : Event: ======'slide_glass_slide_removed'====== Args={'_from_bcp': True}
2022-10-05 21:07:58,012 : INFO : EventManager : Event: ======'slide_glass_slide_created'====== Args={'_from_bcp': True}
2022-10-05 21:07:58,013 : INFO : EventManager : Event: ======'slide_glass_slide_active'====== Args={'_from_bcp': True}
2022-10-05 21:08:01,020 : INFO : EventManager : Event: ======'slide_fast_slide_removed'====== Args={'_from_bcp': True}
2022-10-05 21:08:01,025 : INFO : EventManager : Event: ======'slide_fast_slide_created'====== Args={'_from_bcp': True}
2022-10-05 21:08:01,025 : INFO : EventManager : Event: ======'slide_fast_slide_active'====== Args={'_from_bcp': True}
2022-10-05 21:08:16,010 : INFO : EventManager : Event: ======'slide_show_3.slide_player-0_removed'====== Args={'_from_bcp': True}
2022-10-05 21:08:16,012 : INFO : EventManager : Event: ======'slide_show_3.slide_player-0_created'====== Args={'_from_bcp': True}
2022-10-05 21:08:16,029 : INFO : EventManager : Event: ======'slide_show_3.slide_player-0_active'====== Args={'_from_bcp': True}
2022-10-05 21:08:19,031 : INFO : EventManager : Event: ======'slide_last_game_score_slide_removed'====== Args={'_from_bcp': True}
2022-10-05 21:08:19,038 : INFO : EventManager : Event: ======'slide_last_game_score_slide_created'====== Args={'_from_bcp': True}
2022-10-05 21:08:19,046 : INFO : EventManager : Event: ======'slide_last_game_score_slide_active'====== Args={'_from_bcp': True}
2022-10-05 21:08:22,022 : INFO : EventManager : Event: ======'slide_press_start_removed'====== Args={'_from_bcp': True}
2022-10-05 21:08:22,030 : INFO : EventManager : Event: ======'slide_press_start_created'====== Args={'_from_bcp': True}
2022-10-05 21:08:22,036 : INFO : EventManager : Event: ======'slide_press_start_active'====== Args={'_from_bcp': True}
2022-10-05 21:08:25,023 : INFO : EventManager : Event: ======'slide_mission_pinball_removed'====== Args={'_from_bcp': True}
2022-10-05 21:08:25,024 : INFO : EventManager : Event: ======'slide_mission_pinball_created'====== Args={'_from_bcp': True}
2022-10-05 21:08:25,028 : INFO : EventManager : Event: ======'slide_mission_pinball_active'====== Args={'_from_bcp': True}
2022-10-05 21:08:28,020 : INFO : EventManager : Event: ======'slide_edensaw_slide_removed'====== Args={'_from_bcp': True}
2022-10-05 21:08:28,021 : INFO : EventManager : Event: ======'slide_edensaw_slide_created'====== Args={'_from_bcp': True}
2022-10-05 21:08:28,025 : INFO : EventManager : Event: ======'slide_edensaw_slide_active'====== Args={'_from_bcp': True}
2022-10-05 21:08:31,023 : INFO : EventManager : Event: ======'slide_glass_slide_removed'====== Args={'_from_bcp': True}
2022-10-05 21:08:31,028 : INFO : EventManager : Event: ======'slide_glass_slide_created'====== Args={'_from_bcp': True}
2022-10-05 21:08:31,028 : INFO : EventManager : Event: ======'slide_glass_slide_active'====== Args={'_from_bcp': True}
2022-10-05 21:08:34,027 : INFO : EventManager : Event: ======'slide_glass_slide_removed'====== Args={'_from_bcp': True}
2022-10-05 21:08:34,029 : INFO : EventManager : Event: ======'slide_glass_slide_created'====== Args={'_from_bcp': True}
2022-10-05 21:08:34,030 : INFO : EventManager : Event: ======'slide_glass_slide_active'====== Args={'_from_bcp': True}
2022-10-05 21:08:37,011 : INFO : EventManager : Event: ======'slide_fast_slide_removed'====== Args={'_from_bcp': True}
2022-10-05 21:08:37,016 : INFO : EventManager : Event: ======'slide_fast_slide_created'====== Args={'_from_bcp': True}
2022-10-05 21:08:37,047 : INFO : EventManager : Event: ======'slide_fast_slide_active'====== Args={'_from_bcp': True}
2022-10-05 21:08:50,868 : INFO : SwitchController : <<<<<<< 's_start' active >>>>>>>
2022-10-05 21:08:51,043 : INFO : SwitchController : <<<<<<< 's_start' inactive >>>>>>>
2022-10-05 21:08:51,043 : INFO : EventManager : Event: ======'request_to_start_game'====== Args={}
2022-10-05 21:08:51,044 : INFO : EventManager : Event: ======'game_start'====== Args={'buttons': [], 'hold_time': 0.18799999999964712}
2022-10-05 21:08:51,044 : INFO : EventManager : Event: ======'mode_game_will_start'====== Args={'buttons': [], 'hold_time': 0.18799999999964712}
2022-10-05 21:08:51,044 : INFO : EventManager : Event: ======'mode_game_starting'====== Args={'buttons': [], 'hold_time': 0.18799999999964712}
2022-10-05 21:08:51,044 : INFO : EventManager : Event: ======'mode_attract_will_stop'====== Args={}
2022-10-05 21:08:51,045 : INFO : EventManager : Event: ======'mode_attract_stopping'====== Args={}
2022-10-05 21:08:51,045 : INFO : Mode.attract : Stopped.
2022-10-05 21:08:51,045 : INFO : EventManager : Event: ======'modes_active_modes_changed'====== Args={}
2022-10-05 21:08:51,046 : INFO : EventManager : Event: ======'mode_attract_stopped'====== Args={}
2022-10-05 21:08:51,047 : INFO : EventManager : Event: ======'clear'====== Args={'key': 'attract'}
2022-10-05 21:08:51,047 : INFO : Mode.game : Started. Priority: 20
2022-10-05 21:08:51,047 : INFO : EventManager : Event: ======'modes_active_modes_changed'====== Args={}
2022-10-05 21:08:51,048 : INFO : EventManager : Event: ======'mode_game_started'====== Args={'buttons': [], 'hold_time': 0.18799999999964712}
2022-10-05 21:08:51,054 : INFO : EventManager : Event: ======'game_will_start'====== Args={}
2022-10-05 21:08:51,054 : INFO : EventManager : Event: ======'game_starting'====== Args={'game': <Mode.game>}
2022-10-05 21:08:51,055 : INFO : EventManager : Event: ======'slide_show_3.slide_player-0_removed'====== Args={'_from_bcp': True}
2022-10-05 21:08:51,056 : INFO : EventManager : Event: ======'player_add_request'====== Args={}
2022-10-05 21:08:51,056 : INFO : EventManager : Event: ======'slide_last_game_score_slide_removed'====== Args={'_from_bcp': True}
2022-10-05 21:08:51,056 : INFO : EventManager : Event: ======'slide_press_start_removed'====== Args={'_from_bcp': True}
2022-10-05 21:08:51,056 : INFO : EventManager : Event: ======'slide_mission_pinball_removed'====== Args={'_from_bcp': True}
2022-10-05 21:08:51,057 : INFO : EventManager : Event: ======'player_will_add'====== Args={'number': 1}
2022-10-05 21:08:51,057 : INFO : EventManager : Event: ======'player_adding'====== Args={'player': <Player 1>, 'number': 1}
2022-10-05 21:08:51,057 : INFO : EventManager : Event: ======'player_added'====== Args={'player': <Player 1>, 'num': 1}
2022-10-05 21:08:51,057 : INFO : Mode.game : Player added successfully. Total players: 1
2022-10-05 21:08:51,058 : INFO : EventManager : Event: ======'player_index'====== Args={'value': 0, 'prev_value': 0, 'change': 0, 'player_num': 1}
2022-10-05 21:08:51,058 : INFO : EventManager : Event: ======'player_number'====== Args={'value': 1, 'prev_value': 1, 'change': 0, 'player_num': 1}
2022-10-05 21:08:51,058 : INFO : EventManager : Event: ======'player_mode_value'====== Args={'value': 1000000, 'prev_value': 1000000, 'change': 0, 'player_num': 1}
2022-10-05 21:08:51,059 : INFO : EventManager : Event: ======'player_bonus_multiplier'====== Args={'value': 1, 'prev_value': 1, 'change': 0, 'player_num': 1}
2022-10-05 21:08:51,059 : INFO : EventManager : Event: ======'player_playfield_multiplier'====== Args={'value': 1, 'prev_value': 1, 'change': 0, 'player_num': 1}
2022-10-05 21:08:51,059 : INFO : EventManager : Event: ======'player_score'====== Args={'value': 0, 'prev_value': 0, 'change': 0, 'player_num': 1}
2022-10-05 21:08:51,060 : INFO : EventManager : Event: ======'game_started'====== Args={}
2022-10-05 21:08:51,060 : INFO : EventManager : Event: ======'slide_edensaw_slide_removed'====== Args={'_from_bcp': True}
2022-10-05 21:08:51,060 : INFO : EventManager : Event: ======'slide_glass_slide_removed'====== Args={'_from_bcp': True}
2022-10-05 21:08:51,087 : INFO : EventManager : Event: ======'player_turn_will_start'====== Args={'player': <Player 1>, 'number': 1}
2022-10-05 21:08:51,088 : INFO : EventManager : Event: ======'player_turn_starting'====== Args={'player': <Player 1>, 'number': 1}
2022-10-05 21:08:51,088 : INFO : EventManager : Event: ======'player_ball'====== Args={'value': 1, 'prev_value': 0, 'change': 1, 'player_num': 1}
2022-10-05 21:08:51,089 : INFO : EventManager : Event: ======'player_turn_started'====== Args={'player': <Player 1>, 'number': 1}
2022-10-05 21:08:51,090 : INFO : EventManager : Event: ======'ball_will_start'====== Args={'player': 1, 'ball': 1, 'balls_remaining': 2, 'is_extra_ball': False}
2022-10-05 21:08:51,093 : INFO : EventManager : Event: ======'ball_starting'====== Args={'player': 1, 'ball': 1, 'balls_remaining': 2, 'is_extra_ball': False}
2022-10-05 21:08:51,094 : INFO : EventManager : Event: ======'balls_in_play'====== Args={'balls': 1}
2022-10-05 21:08:51,094 : INFO : EventManager : Event: ======'ball_started'====== Args={'player': 1, 'ball': 1, 'balls_remaining': 2, 'is_extra_ball': False}
2022-10-05 21:08:51,094 : INFO : EventManager : Event: ======'mode_combos_will_start'====== Args={'player': 1, 'ball': 1, 'balls_remaining': 2, 'is_extra_ball': False}
2022-10-05 21:08:51,099 : INFO : EventManager : Event: ======'mode_combos_starting'====== Args={'player': 1, 'ball': 1, 'balls_remaining': 2, 'is_extra_ball': False}
2022-10-05 21:08:51,100 : INFO : EventManager : Event: ======'mode_super_features_will_start'====== Args={'player': 1, 'ball': 1, 'balls_remaining': 2, 'is_extra_ball': False}
2022-10-05 21:08:51,100 : INFO : EventManager : Event: ======'achievement_super_spinners_changed_state'====== Args={'restore': False, 'state': 'disabled', 'selected': False}
2022-10-05 21:08:51,100 : INFO : EventManager : Event: ======'achievement_super_spinners_state_disabled'====== Args={'restore': False, 'state': 'disabled', 'selected': False}
2022-10-05 21:08:51,100 : INFO : EventManager : Event: ======'achievement_super_targets_changed_state'====== Args={'restore': False, 'state': 'disabled', 'selected': False}
2022-10-05 21:08:51,100 : INFO : EventManager : Event: ======'achievement_super_targets_state_disabled'====== Args={'restore': False, 'state': 'disabled', 'selected': False}
2022-10-05 21:08:51,100 : INFO : EventManager : Event: ======'achievement_super_lanes_changed_state'====== Args={'restore': False, 'state': 'disabled', 'selected': False}
2022-10-05 21:08:51,100 : INFO : EventManager : Event: ======'achievement_super_lanes_state_disabled'====== Args={'restore': False, 'state': 'disabled', 'selected': False}
2022-10-05 21:08:51,101 : INFO : EventManager : Event: ======'achievement_super_slings_changed_state'====== Args={'restore': False, 'state': 'disabled', 'selected': False}
2022-10-05 21:08:51,101 : INFO : EventManager : Event: ======'achievement_super_slings_state_disabled'====== Args={'restore': False, 'state': 'disabled', 'selected': False}
2022-10-05 21:08:51,103 : INFO : EventManager : Event: ======'mode_super_features_starting'====== Args={'player': 1, 'ball': 1, 'balls_remaining': 2, 'is_extra_ball': False}
2022-10-05 21:08:51,103 : INFO : EventManager : Event: ======'mode_base_will_start'====== Args={'player': 1, 'ball': 1, 'balls_remaining': 2, 'is_extra_ball': False}
2022-10-05 21:08:51,103 : INFO : EventManager : Event: ======'player_shot_l_lane_enabled'====== Args={'value': True, 'prev_value': 0, 'change': 1, 'player_num': 1}
2022-10-05 21:08:51,104 : INFO : EventManager : Event: ======'player_shot_r_lane_enabled'====== Args={'value': True, 'prev_value': 0, 'change': 1, 'player_num': 1}
2022-10-05 21:08:51,105 : INFO : EventManager : Event: ======'player_shot_center_target_enabled'====== Args={'value': True, 'prev_value': 0, 'change': 1, 'player_num': 1}
2022-10-05 21:08:51,105 : INFO : EventManager : Event: ======'bonus_lanes_complete'====== Args={'state': 'unlit'}
2022-10-05 21:08:51,106 : INFO : EventManager : Event: ======'bonus_lanes_unlit_complete'====== Args={}
2022-10-05 21:08:51,106 : INFO : EventManager : Event: ======'player_extra_ball_two_modes_complete_num_awarded'====== Args={'value': 0, 'prev_value': 0, 'change': 0, 'player_num': 1}
2022-10-05 21:08:51,107 : INFO : EventManager : Event: ======'achievement_mission1_changed_state'====== Args={'restore': False, 'state': 'disabled', 'selected': False}
2022-10-05 21:08:51,107 : INFO : EventManager : Event: ======'achievement_mission1_state_disabled'====== Args={'restore': False, 'state': 'disabled', 'selected': False}
2022-10-05 21:08:51,107 : INFO : EventManager : Event: ======'achievement_mission2_changed_state'====== Args={'restore': False, 'state': 'disabled', 'selected': False}
2022-10-05 21:08:51,107 : INFO : EventManager : Event: ======'achievement_mission2_state_disabled'====== Args={'restore': False, 'state': 'disabled', 'selected': False}
2022-10-05 21:08:51,107 : INFO : EventManager : Event: ======'achievement_mission3_changed_state'====== Args={'restore': False, 'state': 'disabled', 'selected': False}
2022-10-05 21:08:51,107 : INFO : EventManager : Event: ======'achievement_mission3_state_disabled'====== Args={'restore': False, 'state': 'disabled', 'selected': False}
2022-10-05 21:08:51,108 : INFO : EventManager : Event: ======'achievement_mission4_changed_state'====== Args={'restore': False, 'state': 'disabled', 'selected': False}
2022-10-05 21:08:51,108 : INFO : EventManager : Event: ======'achievement_mission4_state_disabled'====== Args={'restore': False, 'state': 'disabled', 'selected': False}
2022-10-05 21:08:51,117 : INFO : EventManager : Event: ======'mode_base_starting'====== Args={'player': 1, 'ball': 1, 'balls_remaining': 2, 'is_extra_ball': False}
2022-10-05 21:08:51,117 : INFO : drop_target_bank.main : All targets are already up. Will not reset bank.
2022-10-05 21:08:51,119 : INFO : Mode.super_features : Started. Priority: 100
2022-10-05 21:08:51,119 : INFO : EventManager : Event: ======'modes_active_modes_changed'====== Args={}
2022-10-05 21:08:51,119 : INFO : EventManager : Event: ======'mode_super_features_started'====== Args={'player': 1, 'ball': 1, 'balls_remaining': 2, 'is_extra_ball': False}
2022-10-05 21:08:51,119 : INFO : Mode.combos : Started. Priority: 700
2022-10-05 21:08:51,119 : INFO : EventManager : Event: ======'modes_active_modes_changed'====== Args={}
2022-10-05 21:08:51,120 : INFO : EventManager : Event: ======'mode_combos_started'====== Args={'player': 1, 'ball': 1, 'balls_remaining': 2, 'is_extra_ball': False}
2022-10-05 21:08:51,120 : INFO : EventManager : Event: ======'logicblock_mode_completion_counter_updated'====== Args={'value': 0, 'enabled': True}
2022-10-05 21:08:51,120 : INFO : EventManager : Event: ======'logicblock_mode_completion_counter_updated'====== Args={'value': 0, 'enabled': True}
2022-10-05 21:08:51,121 : INFO : Mode.base : Started. Priority: 100
2022-10-05 21:08:51,121 : INFO : EventManager : Event: ======'modes_active_modes_changed'====== Args={}
2022-10-05 21:08:51,121 : INFO : EventManager : Event: ======'mode_base_started'====== Args={'player': 1, 'ball': 1, 'balls_remaining': 2, 'is_extra_ball': False}
2022-10-05 21:08:51,121 : INFO : EventManager : Event: ======'ball_save_base_save_enabled'====== Args={}
2022-10-05 21:08:51,121 : INFO : EventManager : Event: ======'mode_spell_portal_will_start'====== Args={'player': 1, 'ball': 1, 'balls_remaining': 2, 'is_extra_ball': False}
2022-10-05 21:08:51,122 : INFO : EventManager : Event: ======'player_shot_portal_advance_enabled'====== Args={'value': True, 'prev_value': 0, 'change': 1, 'player_num': 1}
2022-10-05 21:08:51,125 : INFO : EventManager : Event: ======'mode_spell_portal_starting'====== Args={'player': 1, 'ball': 1, 'balls_remaining': 2, 'is_extra_ball': False}
2022-10-05 21:08:51,125 : INFO : EventManager : Event: ======'mode_spell_galaxy_will_start'====== Args={'player': 1, 'ball': 1, 'balls_remaining': 2, 'is_extra_ball': False}
2022-10-05 21:08:51,125 : INFO : EventManager : Event: ======'player_shot_galaxy_advance_enabled'====== Args={'value': True, 'prev_value': 0, 'change': 1, 'player_num': 1}
2022-10-05 21:08:51,127 : INFO : EventManager : Event: ======'mode_spell_galaxy_starting'====== Args={'player': 1, 'ball': 1, 'balls_remaining': 2, 'is_extra_ball': False}
2022-10-05 21:08:51,128 : INFO : EventManager : Event: ======'mode_add_mode_value_will_start'====== Args={'player': 1, 'ball': 1, 'balls_remaining': 2, 'is_extra_ball': False}
2022-10-05 21:08:51,129 : INFO : EventManager : Event: ======'mode_add_mode_value_starting'====== Args={'player': 1, 'ball': 1, 'balls_remaining': 2, 'is_extra_ball': False}
2022-10-05 21:08:51,129 : INFO : EventManager : Event: ======'mode_spell_warp_will_start'====== Args={'player': 1, 'ball': 1, 'balls_remaining': 2, 'is_extra_ball': False}
2022-10-05 21:08:51,129 : INFO : EventManager : Event: ======'player_shot_warp_advance_enabled'====== Args={'value': True, 'prev_value': 0, 'change': 1, 'player_num': 1}
2022-10-05 21:08:51,132 : INFO : EventManager : Event: ======'mode_spell_warp_starting'====== Args={'player': 1, 'ball': 1, 'balls_remaining': 2, 'is_extra_ball': False}
2022-10-05 21:08:51,133 : INFO : drop_target_bank.main : All targets are already up. Will not reset bank.
2022-10-05 21:08:51,134 : INFO : Mode.add_mode_value : Started. Priority: 200
2022-10-05 21:08:51,134 : INFO : EventManager : Event: ======'modes_active_modes_changed'====== Args={}
2022-10-05 21:08:51,134 : INFO : EventManager : Event: ======'mode_add_mode_value_started'====== Args={'player': 1, 'ball': 1, 'balls_remaining': 2, 'is_extra_ball': False}
2022-10-05 21:08:51,134 : INFO : EventManager : Event: ======'single_player_ball_started'====== Args={}
2022-10-05 21:08:51,158 : INFO : EventManager : Event: ======'logicblock_portal_counter_updated'====== Args={'value': 0, 'enabled': True}
2022-10-05 21:08:51,159 : INFO : EventManager : Event: ======'logicblock_portal_counter_updated'====== Args={'value': 0, 'enabled': True}
2022-10-05 21:08:51,159 : INFO : Mode.spell_portal : Started. Priority: 200
2022-10-05 21:08:51,159 : INFO : EventManager : Event: ======'modes_active_modes_changed'====== Args={}
2022-10-05 21:08:51,159 : INFO : EventManager : Event: ======'mode_spell_portal_started'====== Args={'player': 1, 'ball': 1, 'balls_remaining': 2, 'is_extra_ball': False}
2022-10-05 21:08:51,159 : INFO : EventManager : Event: ======'logicblock_galaxy_counter_updated'====== Args={'value': 0, 'enabled': True}
2022-10-05 21:08:51,159 : INFO : EventManager : Event: ======'logicblock_galaxy_counter_updated'====== Args={'value': 0, 'enabled': True}
2022-10-05 21:08:51,159 : INFO : Mode.spell_galaxy : Started. Priority: 200
2022-10-05 21:08:51,160 : INFO : EventManager : Event: ======'modes_active_modes_changed'====== Args={}
2022-10-05 21:08:51,160 : INFO : EventManager : Event: ======'mode_spell_galaxy_started'====== Args={'player': 1, 'ball': 1, 'balls_remaining': 2, 'is_extra_ball': False}
2022-10-05 21:08:51,160 : INFO : EventManager : Event: ======'logicblock_warp_counter_updated'====== Args={'value': 0, 'enabled': True}
2022-10-05 21:08:51,160 : INFO : EventManager : Event: ======'logicblock_warp_counter_updated'====== Args={'value': 0, 'enabled': True}
2022-10-05 21:08:51,160 : INFO : Mode.spell_warp : Started. Priority: 200
2022-10-05 21:08:51,160 : INFO : EventManager : Event: ======'modes_active_modes_changed'====== Args={}
2022-10-05 21:08:51,160 : INFO : EventManager : Event: ======'mode_spell_warp_started'====== Args={'player': 1, 'ball': 1, 'balls_remaining': 2, 'is_extra_ball': False}
2022-10-05 21:08:51,163 : INFO : EventManager : Event: ======'achievement_super_spinners_changed_state'====== Args={'restore': False, 'state': 'enabled', 'selected': False}
2022-10-05 21:08:51,163 : INFO : EventManager : Event: ======'achievement_super_spinners_state_enabled'====== Args={'restore': False, 'state': 'enabled', 'selected': False}
2022-10-05 21:08:51,163 : INFO : EventManager : Event: ======'achievement_super_targets_changed_state'====== Args={'restore': False, 'state': 'enabled', 'selected': False}
2022-10-05 21:08:51,164 : INFO : EventManager : Event: ======'achievement_super_targets_state_enabled'====== Args={'restore': False, 'state': 'enabled', 'selected': False}
2022-10-05 21:08:51,164 : INFO : EventManager : Event: ======'achievement_super_lanes_changed_state'====== Args={'restore': False, 'state': 'enabled', 'selected': False}
2022-10-05 21:08:51,164 : INFO : EventManager : Event: ======'achievement_super_lanes_state_enabled'====== Args={'restore': False, 'state': 'enabled', 'selected': False}
2022-10-05 21:08:51,164 : INFO : EventManager : Event: ======'achievement_super_slings_changed_state'====== Args={'restore': False, 'state': 'enabled', 'selected': False}
2022-10-05 21:08:51,164 : INFO : EventManager : Event: ======'achievement_super_slings_state_enabled'====== Args={'restore': False, 'state': 'enabled', 'selected': False}
2022-10-05 21:08:51,164 : INFO : EventManager : Event: ======'achievement_super_targets_changed_state'====== Args={'restore': False, 'state': 'enabled', 'selected': True}
2022-10-05 21:08:51,164 : INFO : EventManager : Event: ======'achievement_super_targets_state_enabled'====== Args={'restore': False, 'state': 'enabled', 'selected': True}
2022-10-05 21:08:51,164 : INFO : EventManager : Event: ======'achievement_super_targets_state_selected'====== Args={'restore': False, 'state': 'enabled', 'selected': True}
2022-10-05 21:08:51,165 : INFO : EventManager : Event: ======'slide_fast_slide_removed'====== Args={'_from_bcp': True}
2022-10-05 21:08:51,166 : INFO : EventManager : Event: ======'ball_start_target'====== Args={'target': 'playfield'}
2022-10-05 21:08:51,166 : INFO : EventManager : Event: ======'slide_window1_blank_active'====== Args={'_from_bcp': True}
2022-10-05 21:08:51,166 : INFO : EventManager : Event: ======'slide_score_slide_created'====== Args={'_from_bcp': True}
2022-10-05 21:08:51,187 : INFO : ball_device.bd_drain : Setting up player-controlled eject. Balls: 1, Target: <playfield.playfield>, player_controlled_eject_event: s_action_button_active
2022-10-05 21:08:51,187 : INFO : EventManager : Event: ======'balldevice_balls_available'====== Args={}
2022-10-05 21:08:51,189 : INFO : EventManager : Event: ======'slide_score_slide_active'====== Args={'_from_bcp': True}
2022-10-05 21:08:51,191 : INFO : ball_device.bd_drain : State: waiting_for_target_ready
2022-10-05 21:08:51,191 : INFO : EventManager : Event: ======'balldevice_bd_drain_ball_eject_attempt'====== Args={'balls': 1, 'target': <playfield.playfield>, 'source': <ball_device.bd_drain>, 'mechanical_eject': True, 'num_attempts': 0}
2022-10-05 21:08:51,192 : INFO : ball_device.bd_drain : State: ejecting
2022-10-05 21:08:51,192 : INFO : ball_device.bd_drain : Ejecting ball to <playfield.playfield>
2022-10-05 21:08:51,192 : INFO : EventManager : Event: ======'balldevice_bd_drain_ejecting_ball'====== Args={'balls': 1, 'target': <playfield.playfield>, 'source': <ball_device.bd_drain>, 'mechanical_eject': True, 'num_attempts': 0}
2022-10-05 21:08:51,193 : INFO : ball_device.bd_drain : Wait for ball to leave device
2022-10-05 21:08:54,547 : INFO : SwitchController : <<<<<<< 's_right_flipper' active >>>>>>>
2022-10-05 21:08:54,547 : INFO : EventManager : Event: ======'s_right_flipper_active'====== Args={}
2022-10-05 21:08:54,548 : INFO : EventManager : Event: ======'machine_var_audits_switches_s_right_flipper'====== Args={'value': 37103, 'prev_value': 37102, 'change': 1}
2022-10-05 21:08:54,675 : INFO : SwitchController : <<<<<<< 's_right_flipper' inactive >>>>>>>
2022-10-05 21:08:54,883 : INFO : SwitchController : <<<<<<< 's_right_flipper' active >>>>>>>
2022-10-05 21:08:54,883 : INFO : EventManager : Event: ======'s_right_flipper_active'====== Args={}
2022-10-05 21:08:54,884 : INFO : EventManager : Event: ======'machine_var_audits_switches_s_right_flipper'====== Args={'value': 37104, 'prev_value': 37103, 'change': 1}
2022-10-05 21:08:54,979 : INFO : SwitchController : <<<<<<< 's_right_flipper' inactive >>>>>>>
2022-10-05 21:08:55,171 : INFO : SwitchController : <<<<<<< 's_right_flipper' active >>>>>>>
2022-10-05 21:08:55,171 : INFO : EventManager : Event: ======'s_right_flipper_active'====== Args={}
2022-10-05 21:08:55,172 : INFO : EventManager : Event: ======'machine_var_audits_switches_s_right_flipper'====== Args={'value': 37105, 'prev_value': 37104, 'change': 1}
2022-10-05 21:08:55,251 : INFO : SwitchController : <<<<<<< 's_right_flipper' inactive >>>>>>>
2022-10-05 21:08:55,541 : INFO : SwitchController : <<<<<<< 's_left_flipper' active >>>>>>>
2022-10-05 21:08:55,541 : INFO : EventManager : Event: ======'s_left_flipper_active'====== Args={}
2022-10-05 21:08:55,541 : INFO : EventManager : Event: ======'machine_var_audits_switches_s_left_flipper'====== Args={'value': 40853, 'prev_value': 40852, 'change': 1}
2022-10-05 21:08:55,619 : INFO : SwitchController : <<<<<<< 's_left_flipper' inactive >>>>>>>
2022-10-05 21:08:55,859 : INFO : SwitchController : <<<<<<< 's_left_flipper' active >>>>>>>
2022-10-05 21:08:55,859 : INFO : EventManager : Event: ======'s_left_flipper_active'====== Args={}
2022-10-05 21:08:55,860 : INFO : EventManager : Event: ======'machine_var_audits_switches_s_left_flipper'====== Args={'value': 40854, 'prev_value': 40853, 'change': 1}
2022-10-05 21:08:55,939 : INFO : SwitchController : <<<<<<< 's_left_flipper' inactive >>>>>>>
2022-10-05 21:08:56,163 : INFO : SwitchController : <<<<<<< 's_right_flipper' active >>>>>>>
2022-10-05 21:08:56,163 : INFO : EventManager : Event: ======'s_right_flipper_active'====== Args={}
2022-10-05 21:08:56,164 : INFO : EventManager : Event: ======'machine_var_audits_switches_s_right_flipper'====== Args={'value': 37106, 'prev_value': 37105, 'change': 1}
2022-10-05 21:08:56,227 : INFO : SwitchController : <<<<<<< 's_right_flipper' inactive >>>>>>>
2022-10-05 21:08:56,291 : INFO : SwitchController : <<<<<<< 's_left_flipper' active >>>>>>>
2022-10-05 21:08:56,291 : INFO : EventManager : Event: ======'s_left_flipper_active'====== Args={}
2022-10-05 21:08:56,292 : INFO : EventManager : Event: ======'machine_var_audits_switches_s_left_flipper'====== Args={'value': 40855, 'prev_value': 40854, 'change': 1}
2022-10-05 21:08:56,371 : INFO : SwitchController : <<<<<<< 's_left_flipper' inactive >>>>>>>
2022-10-05 21:08:56,387 : INFO : SwitchController : <<<<<<< 's_right_flipper' active >>>>>>>
2022-10-05 21:08:56,387 : INFO : EventManager : Event: ======'s_right_flipper_active'====== Args={}
2022-10-05 21:08:56,388 : INFO : EventManager : Event: ======'machine_var_audits_switches_s_right_flipper'====== Args={'value': 37107, 'prev_value': 37106, 'change': 1}
2022-10-05 21:08:56,419 : INFO : SwitchController : <<<<<<< 's_right_flipper' inactive >>>>>>>
2022-10-05 21:08:56,787 : INFO : SwitchController : <<<<<<< 's_left_flipper' active >>>>>>>
2022-10-05 21:08:56,787 : INFO : EventManager : Event: ======'s_left_flipper_active'====== Args={}
2022-10-05 21:08:56,788 : INFO : EventManager : Event: ======'machine_var_audits_switches_s_left_flipper'====== Args={'value': 40856, 'prev_value': 40855, 'change': 1}
2022-10-05 21:08:56,819 : INFO : SwitchController : <<<<<<< 's_left_flipper' inactive >>>>>>>
2022-10-05 21:08:56,835 : INFO : SwitchController : <<<<<<< 's_right_flipper' active >>>>>>>
2022-10-05 21:08:56,835 : INFO : EventManager : Event: ======'s_right_flipper_active'====== Args={}
2022-10-05 21:08:56,836 : INFO : EventManager : Event: ======'machine_var_audits_switches_s_right_flipper'====== Args={'value': 37108, 'prev_value': 37107, 'change': 1}
2022-10-05 21:08:56,867 : INFO : SwitchController : <<<<<<< 's_right_flipper' inactive >>>>>>>
2022-10-05 21:08:57,538 : INFO : SwitchController : <<<<<<< 's_action_button' active >>>>>>>
2022-10-05 21:08:57,539 : INFO : EventManager : Event: ======'s_action_button_active'====== Args={}
2022-10-05 21:08:57,539 : INFO : EventManager : Event: ======'machine_var_audits_switches_s_action_button'====== Args={'value': 4478, 'prev_value': 4477, 'change': 1}
2022-10-05 21:08:57,541 : INFO : EventManager : Event: ======'ball_save_base_save_timer_start'====== Args={}
2022-10-05 21:08:57,550 : INFO : coil.c_drain_eject : Pulsing Driver for 30ms (1.0 pulse_power)
2022-10-05 21:08:57,714 : INFO : SwitchController : <<<<<<< 's_action_button' inactive >>>>>>>
2022-10-05 21:09:05,518 : INFO : EventManager : Event: ======'ball_save_base_save_hurry_up'====== Args={}
2022-10-05 21:09:07,530 : INFO : EventManager : Event: ======'ball_save_base_save_grace_period'====== Args={}
2022-10-05 21:09:09,527 : INFO : EventManager : Event: ======'ball_save_base_save_disabled'====== Args={}
2022-10-05 21:09:20,533 : INFO : Machine : Shutting down...
2022-10-05 21:09:20,533 : INFO : EventManager : Event: ======'shutdown'====== Args={}
2022-10-05 21:09:20,563 : WARNING : FAST : Port RGB received more messages than were sent! Resetting!
2022-10-05 21:09:20,563 : WARNING : FAST : Received unknown serial command? BX:P from RGB.
2022-10-05 21:09:20,563 : WARNING : FAST : Port NET received more messages than were sent! Resetting!
2022-10-05 21:09:20,633 : ERROR : FAST : Stop called on serial connection com7
2022-10-05 21:09:20,633 : ERROR : FAST : Stop called on serial connection com8
2022-10-05 21:09:20,839 : INFO : root : MPF run loop ended.
