2022-09-02 14:25:59,879 : kivy : Factory: 186 symbols loaded
2022-09-02 14:26:00,019 : kivy : ImageLoaderFFPy: Using ffpyplayer 4.3.2
2022-09-02 14:26:00,019 : kivy : Image: Providers: img_tex, img_dds, img_sdl2, img_pil, img_ffpyplayer 
2022-09-02 14:26:00,062 : kivy : VideoGstplayer: Using Gstreamer 1.18.0.0
2022-09-02 14:26:00,062 : kivy : Video: Provider: gstplayer
2022-09-02 14:26:00,222 : kivy : Loading MPF-MC controller
2022-09-02 14:26:00,750 : ConfigProcessor : Config spec file cache created: C:\Users\Brendan\AppData\Local\Temp\config_spec.mpf_cache
2022-09-02 14:26:00,750 : YamlMultifileConfigLoader : Machine config file #1: config
2022-09-02 14:26:00,750 : ConfigProcessor : Config file in cache changed: C:\Baby_pacman_code\machine\config\config
2022-09-02 14:26:00,750 : ConfigProcessor : Loading config from file c:\users\brendan\appdata\local\programs\python\python37\lib\site-packages\mpfmc\mcconfig.yaml.
2022-09-02 14:26:00,802 : ConfigProcessor : Loading config: c:\users\brendan\appdata\local\programs\python\python37\lib\site-packages\mpfmc\mcconfig.yaml
2022-09-02 14:26:00,802 : ConfigProcessor : Loading config from file C:\Baby_pacman_code\machine\config\config.
2022-09-02 14:26:00,931 : ConfigProcessor : Loading config: C:\Baby_pacman_code\machine\config\config
2022-09-02 14:26:00,934 : ConfigProcessor : Config file cache created: C:\Users\Brendan\AppData\Local\Temp\e68bda1e95a8aa0185725ca2569cabab.mpf_cache
2022-09-02 14:26:00,934 : ConfigProcessor : Loading config from cache: C:\Users\Brendan\AppData\Local\Temp\467e7647689d29fad6adf949e1f4d51d.mpf_cache
2022-09-02 14:26:00,935 : ConfigProcessor : Loading config from cache: C:\Users\Brendan\AppData\Local\Temp\5550e037aa776b42b91b29b40b356c70.mpf_cache
2022-09-02 14:26:00,936 : ConfigProcessor : Loading config from cache: C:\Users\Brendan\AppData\Local\Temp\15e0c601392b30c3d9ba3ead8131edb5.mpf_cache
2022-09-02 14:26:00,936 : ConfigProcessor : Loading config from cache: C:\Users\Brendan\AppData\Local\Temp\0bf50917c4ef15ab65ee13d6c14e7d7c.mpf_cache
2022-09-02 14:26:00,937 : ConfigProcessor : Loading config from cache: C:\Users\Brendan\AppData\Local\Temp\bc7da7b13b2754e080c2afa0678ac274.mpf_cache
2022-09-02 14:26:00,937 : ConfigProcessor : Loading config from cache: C:\Users\Brendan\AppData\Local\Temp\bbd59d0bb6602ee0c5a89d6f85e6dd42.mpf_cache
2022-09-02 14:26:00,938 : ConfigProcessor : Loading config from cache: C:\Users\Brendan\AppData\Local\Temp\5526c78976fee311c3d05505d75f653d.mpf_cache
2022-09-02 14:26:00,939 : ConfigProcessor : Loading config from cache: C:\Users\Brendan\AppData\Local\Temp\6e95138ae5415fc76b53ebf8fa245fb5.mpf_cache
2022-09-02 14:26:00,939 : ConfigProcessor : Loading config from cache: C:\Users\Brendan\AppData\Local\Temp\1ec1c4dffb383758956493783a9ed391.mpf_cache
2022-09-02 14:26:00,940 : ConfigProcessor : Loading config from cache: C:\Users\Brendan\AppData\Local\Temp\f2aee92728c8017b77c710c804dd7f5a.mpf_cache
2022-09-02 14:26:00,941 : ConfigProcessor : Loading config from cache: C:\Users\Brendan\AppData\Local\Temp\88f57fa1305e9dc100972ec9f84d57fe.mpf_cache
2022-09-02 14:26:00,941 : ConfigProcessor : Loading config from cache: C:\Users\Brendan\AppData\Local\Temp\6e00a9d794d4c3f43a0fc48da04dac60.mpf_cache
2022-09-02 14:26:00,942 : ConfigProcessor : Loading config from cache: C:\Users\Brendan\AppData\Local\Temp\05ef98219fc733c3bcab58726c4b37ef.mpf_cache
2022-09-02 14:26:00,943 : ConfigProcessor : Loading config from cache: C:\Users\Brendan\AppData\Local\Temp\c22d657a5a7bb60632c2be2c735e073b.mpf_cache
2022-09-02 14:26:00,943 : ConfigProcessor : Loading config from cache: C:\Users\Brendan\AppData\Local\Temp\f7d4f5eb9425fe84d2e83a363afd4bdf.mpf_cache
2022-09-02 14:26:00,944 : ConfigProcessor : Loading config from cache: C:\Users\Brendan\AppData\Local\Temp\125f51d329f930ea7bff10973551cc26.mpf_cache
2022-09-02 14:26:00,945 : ConfigProcessor : Loading config from cache: C:\Users\Brendan\AppData\Local\Temp\08e18dfdf4e02cd29cc0cc52be2faaf4.mpf_cache
2022-09-02 14:26:00,945 : ConfigProcessor : Loading config from cache: C:\Users\Brendan\AppData\Local\Temp\f042f5bf6362b9e04d43b40b93a92057.mpf_cache
2022-09-02 14:26:00,946 : ConfigProcessor : Loading config from cache: C:\Users\Brendan\AppData\Local\Temp\60badac06cd62deb71f25fac24b103c2.mpf_cache
2022-09-02 14:26:00,946 : ConfigProcessor : Loading config from cache: C:\Users\Brendan\AppData\Local\Temp\a3ad1aeb679a0686901de8a6ffe784f0.mpf_cache
2022-09-02 14:26:00,947 : ConfigProcessor : Loading config from cache: C:\Users\Brendan\AppData\Local\Temp\d7856287e4ec48fb5adaa65e5f7b2848.mpf_cache
2022-09-02 14:26:00,947 : mpfmc : Mission Pinball Framework Media Controller v0.55.0
2022-09-02 14:26:00,947 : mpfmc : Mission Pinball Framework Game Engine v0.55.0
2022-09-02 14:26:00,948 : mpfmc : Machine path: C:\Baby_pacman_code\machine
2022-09-02 14:26:00,948 : mpfmc : Starting clock at 60.0Hz
2022-09-02 14:26:00,959 : kivy : Text: Provider: sdl2
2022-09-02 14:26:00,993 : kivy : Window: Provider: sdl2
2022-09-02 14:26:01,059 : kivy : GL: Using the "OpenGL" graphics system
2022-09-02 14:26:01,060 : kivy : GL: GLEW initialization succeeded
2022-09-02 14:26:01,060 : kivy : GL: Backend used <glew>
2022-09-02 14:26:01,060 : kivy : GL: OpenGL version <b'3.1.0 - Build 9.17.10.3517'>
2022-09-02 14:26:01,060 : kivy : GL: OpenGL vendor <b'Intel'>
2022-09-02 14:26:01,060 : kivy : GL: OpenGL renderer <b'Intel(R) HD Graphics 2000'>
2022-09-02 14:26:01,061 : kivy : GL: OpenGL parsed version: 3, 1
2022-09-02 14:26:01,061 : kivy : GL: Shading version <b'1.40 - Intel Build 9.17.10.3517'>
2022-09-02 14:26:01,061 : kivy : GL: Texture max size <8192>
2022-09-02 14:26:01,061 : kivy : GL: Texture max units <16>
2022-09-02 14:26:01,127 : kivy : Window: auto add sdl2 input provider
2022-09-02 14:26:01,127 : kivy : Window: virtual keyboard not allowed, single mode, not docked
2022-09-02 14:26:01,276 : AudioInterface : Initialized
2022-09-02 14:26:01,277 : AudioInterface : Loaded SDL 2.0.12
2022-09-02 14:26:01,277 : AudioInterface : Loaded SDL_Mixer 2.0.4
2022-09-02 14:26:01,277 : AudioInterface : Loaded GStreamer 1.18.0.0
2022-09-02 14:26:01,277 : AudioInterface : Loaded GLib 2.62.6
2022-09-02 14:26:01,277 : AudioInterface : Settings requested - rate: 44100, channels: 1, buffer: 2048 samples
2022-09-02 14:26:01,277 : AudioInterface : Settings in use - rate: 44100, channels: 1, buffer: 2048 samples (4096 bytes @ 2 bytes per sample)
2022-09-02 14:26:01,277 : SoundSystem : Setting master volume to 0.0
2022-09-02 14:26:01,277 : SoundSystem : master_volume in sound_system is deprecated and will be removed in the future.
2022-09-02 14:26:01,278 : AudioInterface : Enabling audio playback
2022-09-02 14:26:01,280 : kivy : Base: Start application main loop
2022-09-02 14:26:01,280 : EventManager : Event: ======'display_window1_initialized'====== Args={}
2022-09-02 14:26:01,398 : mpfmc : Display: Setting 'window1' as default display
2022-09-02 14:26:01,403 : mpfmc : ASPECT RATIO MISMATCH: The on-screen window is not the same aspect ratio as the display called 'window1'. The logical display will be scaled from 1366x768 to the window size 1920x1058, and a black bar will make up the difference
2022-09-02 14:26:01,404 : EventManager : Event: ======'displays_initialized'====== Args={}
2022-09-02 14:26:01,405 : EventManager : Event: ======'slide_window1_blank_created'====== Args={}
2022-09-02 14:26:01,405 : EventManager : Event: ======'display_window1_ready'====== Args={}
2022-09-02 14:26:01,414 : EventManager : Event: ======'init_phase_1'====== Args={}
2022-09-02 14:26:01,419 : EventManager : Event: ======'mc_ready'====== Args={}
2022-09-02 14:26:01,419 : EventManager : Event: ======'init_phase_2'====== Args={}
2022-09-02 14:26:01,450 : EventManager : Event: ======'init_phase_3'====== Args={}
2022-09-02 14:26:01,457 : EventManager : Event: ======'init_phase_4'====== Args={}
2022-09-02 14:26:01,457 : EventManager : Event: ======'init_phase_5'====== Args={}
2022-09-02 14:26:01,503 : kivy : GL: NPOT texture support is available
2022-09-02 14:26:01,524 : kivy : GL: Unpack subimage support is available
2022-09-02 14:26:01,550 : EventManager : Event: ======'loading_assets'====== Args={'total': 27, 'loaded': 1, 'remaining': 26, 'percent': 4}
2022-09-02 14:26:01,552 : AssetManager : Loading assets: 1/27 (4%)
2022-09-02 14:26:02,817 : EventManager : Event: ======'loading_assets'====== Args={'total': 27, 'loaded': 2, 'remaining': 25, 'percent': 7}
2022-09-02 14:26:02,817 : AssetManager : Loading assets: 2/27 (7%)
2022-09-02 14:26:04,557 : EventManager : Event: ======'loading_assets'====== Args={'total': 27, 'loaded': 14, 'remaining': 13, 'percent': 52}
2022-09-02 14:26:04,558 : AssetManager : Loading assets: 14/27 (52%)
2022-09-02 14:26:05,371 : EventManager : Event: ======'loading_assets'====== Args={'total': 27, 'loaded': 27, 'remaining': 0, 'percent': 100}
2022-09-02 14:26:05,371 : AssetManager : Asset loading took: 4.092233896255493
2022-09-02 14:26:05,371 : EventManager : Event: ======'asset_loading_complete'====== Args={}
2022-09-02 14:26:05,371 : AssetManager : Loading assets: 27/27 (100%)
2022-09-02 14:26:05,371 : EventManager : Event: ======'init_done'====== Args={}
2022-09-02 14:26:05,372 : MPF-MC BCP Server : Starting up on localhost port 5050
2022-09-02 14:26:05,374 : MPF-MC BCP Server : Waiting for a connection...
2022-09-02 14:26:05,388 : EventManager : Event: ======'client_disconnected'====== Args={'host': '127.0.0.1', 'port': 5050}
2022-09-02 14:26:06,221 : MPF-MC BCP Server : Received connection from: 127.0.0.1:49334
2022-09-02 14:26:06,231 : EventManager : Event: ======'client_connected'====== Args={'host': '127.0.0.1', 'port': 49334}
2022-09-02 14:26:06,243 : EventManager : Event: ======'machine_var_fast_net_firmware'====== Args={'value': '01.05', 'prev_value': None, 'change': True}
2022-09-02 14:26:06,243 : EventManager : Event: ======'machine_var_fast_net_model'====== Args={'value': 'FP-CPU-002-2', 'prev_value': None, 'change': True}
2022-09-02 14:26:06,243 : EventManager : Event: ======'machine_var_fast_rgb_firmware'====== Args={'value': '01.00', 'prev_value': None, 'change': True}
2022-09-02 14:26:06,243 : EventManager : Event: ======'machine_var_fast_rgb_model'====== Args={'value': 'FP-CPU-002-2', 'prev_value': None, 'change': True}
2022-09-02 14:26:06,244 : EventManager : Event: ======'machine_var_credits_string'====== Args={'value': 'FREE PLAY', 'prev_value': None, 'change': True}
2022-09-02 14:26:06,244 : EventManager : Event: ======'machine_var_master_volume'====== Args={'value': 0.5, 'prev_value': None, 'change': True}
2022-09-02 14:26:06,244 : EventManager : Event: ======'machine_var_player1_score'====== Args={'value': 210762830, 'prev_value': None, 'change': True}
2022-09-02 14:26:06,244 : EventManager : Event: ======'machine_var_mpf_version'====== Args={'value': 'MPF v0.55.0', 'prev_value': None, 'change': True}
2022-09-02 14:26:06,244 : EventManager : Event: ======'machine_var_mpf_extended_version'====== Args={'value': 'MPF v0.55.0, Config version:5, Show version: 5, BCP version:1.1', 'prev_value': None, 'change': True}
2022-09-02 14:26:06,244 : EventManager : Event: ======'machine_var_python_version'====== Args={'value': '3.7.8', 'prev_value': None, 'change': True}
2022-09-02 14:26:06,245 : EventManager : Event: ======'machine_var_platform'====== Args={'value': 'Windows-7-6.1.7601-SP1', 'prev_value': None, 'change': True}
2022-09-02 14:26:06,245 : EventManager : Event: ======'machine_var_platform_system'====== Args={'value': 'Windows', 'prev_value': None, 'change': True}
2022-09-02 14:26:06,245 : EventManager : Event: ======'machine_var_platform_release'====== Args={'value': '7', 'prev_value': None, 'change': True}
2022-09-02 14:26:06,245 : EventManager : Event: ======'machine_var_platform_version'====== Args={'value': '6.1.7601', 'prev_value': None, 'change': True}
2022-09-02 14:26:06,245 : EventManager : Event: ======'machine_var_platform_machine'====== Args={'value': 'AMD64', 'prev_value': None, 'change': True}
2022-09-02 14:26:06,245 : EventManager : Event: ======'machine_var_mc_version'====== Args={'value': 'MPF-MC v0.55.0', 'prev_value': None, 'change': True}
2022-09-02 14:26:06,245 : EventManager : Event: ======'machine_var_mc_extended_version'====== Args={'value': 'MPF-MC v0.55.0 (config_version=5, BCP v1.1, Requires MPF v0.55.0-dev.49)', 'prev_value': None, 'change': True}
2022-09-02 14:26:06,246 : SoundSystem : Setting master volume to 0.5
2022-09-02 14:26:06,771 : EventManager : Event: ======'machine_var_audits_events_game_ended'====== Args={'value': 0, 'prev_value': None, 'change': True}
2022-09-02 14:26:06,771 : EventManager : Event: ======'machine_var_audits_events_game_started'====== Args={'value': 0, 'prev_value': None, 'change': True}
2022-09-02 14:26:06,771 : EventManager : Event: ======'machine_var_audits_player_score'====== Args={'value': {'average': 14629973.862520454, 'top': [720234070, 507595620, 502234510, 210762830, 203435200, 198719690, 196999500, 195274570, 171491840, 161094530], 'total': 611}, 'prev_value': None, 'change': True}
2022-09-02 14:26:06,771 : EventManager : Event: ======'machine_var_audits_shots_center_drop_mission1'====== Args={'value': 598, 'prev_value': None, 'change': True}
2022-09-02 14:26:06,771 : EventManager : Event: ======'machine_var_audits_shots_center_target'====== Args={'value': 316, 'prev_value': None, 'change': True}
2022-09-02 14:26:06,771 : EventManager : Event: ======'machine_var_audits_shots_drop_target1_mission2'====== Args={'value': 242, 'prev_value': None, 'change': True}
2022-09-02 14:26:06,771 : EventManager : Event: ======'machine_var_audits_shots_drop_target2_mission2'====== Args={'value': 283, 'prev_value': None, 'change': True}
2022-09-02 14:26:06,772 : EventManager : Event: ======'machine_var_audits_shots_drop_target3_mission2'====== Args={'value': 330, 'prev_value': None, 'change': True}
2022-09-02 14:26:06,772 : EventManager : Event: ======'machine_var_audits_shots_drop_target4_mission2'====== Args={'value': 293, 'prev_value': None, 'change': True}
2022-09-02 14:26:06,772 : EventManager : Event: ======'machine_var_audits_shots_drop_target5_mission2'====== Args={'value': 251, 'prev_value': None, 'change': True}
2022-09-02 14:26:06,772 : EventManager : Event: ======'machine_var_audits_shots_drop_targets_mission3'====== Args={'value': 1592, 'prev_value': None, 'change': True}
2022-09-02 14:26:06,772 : EventManager : Event: ======'machine_var_audits_shots_galaxy_advance'====== Args={'value': 2863, 'prev_value': None, 'change': True}
2022-09-02 14:26:06,772 : EventManager : Event: ======'machine_var_audits_shots_l_lane'====== Args={'value': 671, 'prev_value': None, 'change': True}
2022-09-02 14:26:06,772 : EventManager : Event: ======'machine_var_audits_shots_left_kicker_mission2'====== Args={'value': 170, 'prev_value': None, 'change': True}
2022-09-02 14:26:06,772 : EventManager : Event: ======'machine_var_audits_shots_left_kicker_mission4'====== Args={'value': 124, 'prev_value': None, 'change': True}
2022-09-02 14:26:06,772 : EventManager : Event: ======'machine_var_audits_shots_left_loop_mission1'====== Args={'value': 668, 'prev_value': None, 'change': True}
2022-09-02 14:26:06,772 : EventManager : Event: ======'machine_var_audits_shots_left_loop_mission2'====== Args={'value': 282, 'prev_value': None, 'change': True}
2022-09-02 14:26:06,773 : EventManager : Event: ======'machine_var_audits_shots_left_loop_mission4'====== Args={'value': 397, 'prev_value': None, 'change': True}
2022-09-02 14:26:06,773 : EventManager : Event: ======'machine_var_audits_shots_portal_advance'====== Args={'value': 4993, 'prev_value': None, 'change': True}
2022-09-02 14:26:06,773 : EventManager : Event: ======'machine_var_audits_shots_r_lane'====== Args={'value': 584, 'prev_value': None, 'change': True}
2022-09-02 14:26:06,773 : EventManager : Event: ======'machine_var_audits_shots_right_kicker_mission2'====== Args={'value': 142, 'prev_value': None, 'change': True}
2022-09-02 14:26:06,773 : EventManager : Event: ======'machine_var_audits_shots_right_kicker_mission4'====== Args={'value': 141, 'prev_value': None, 'change': True}
2022-09-02 14:26:06,773 : EventManager : Event: ======'machine_var_audits_shots_right_loop_mission1'====== Args={'value': 772, 'prev_value': None, 'change': True}
2022-09-02 14:26:06,773 : EventManager : Event: ======'machine_var_audits_shots_right_loop_mission2'====== Args={'value': 329, 'prev_value': None, 'change': True}
2022-09-02 14:26:06,773 : EventManager : Event: ======'machine_var_audits_shots_right_loop_mission4'====== Args={'value': 455, 'prev_value': None, 'change': True}
2022-09-02 14:26:06,773 : EventManager : Event: ======'machine_var_audits_shots_warp_advance'====== Args={'value': 1146, 'prev_value': None, 'change': True}
2022-09-02 14:26:06,774 : EventManager : Event: ======'machine_var_audits_switches_s_action_button'====== Args={'value': 4250, 'prev_value': None, 'change': True}
2022-09-02 14:26:06,774 : EventManager : Event: ======'machine_var_audits_switches_s_drain'====== Args={'value': 2902, 'prev_value': None, 'change': True}
2022-09-02 14:26:06,774 : EventManager : Event: ======'machine_var_audits_switches_s_drop_target1'====== Args={'value': 2015, 'prev_value': None, 'change': True}
2022-09-02 14:26:06,783 : EventManager : Event: ======'machine_var_audits_switches_s_drop_target2'====== Args={'value': 2330, 'prev_value': None, 'change': True}
2022-09-02 14:26:06,783 : EventManager : Event: ======'machine_var_audits_switches_s_drop_target3'====== Args={'value': 2761, 'prev_value': None, 'change': True}
2022-09-02 14:26:06,783 : EventManager : Event: ======'machine_var_audits_switches_s_drop_target4'====== Args={'value': 2207, 'prev_value': None, 'change': True}
2022-09-02 14:26:06,783 : EventManager : Event: ======'machine_var_audits_switches_s_drop_target5'====== Args={'value': 2092, 'prev_value': None, 'change': True}
2022-09-02 14:26:06,783 : EventManager : Event: ======'machine_var_audits_switches_s_left_captive_ball'====== Args={'value': 508, 'prev_value': None, 'change': True}
2022-09-02 14:26:06,783 : EventManager : Event: ======'machine_var_audits_switches_s_left_flipper'====== Args={'value': 37566, 'prev_value': None, 'change': True}
2022-09-02 14:26:06,783 : EventManager : Event: ======'machine_var_audits_switches_s_left_inlane'====== Args={'value': 671, 'prev_value': None, 'change': True}
2022-09-02 14:26:06,783 : EventManager : Event: ======'machine_var_audits_switches_s_left_inlane_far'====== Args={'value': 4859, 'prev_value': None, 'change': True}
2022-09-02 14:26:06,783 : EventManager : Event: ======'machine_var_audits_switches_s_left_kicker'====== Args={'value': 1648, 'prev_value': None, 'change': True}
2022-09-02 14:26:06,783 : EventManager : Event: ======'machine_var_audits_switches_s_left_sling'====== Args={'value': 7393, 'prev_value': None, 'change': True}
2022-09-02 14:26:06,784 : EventManager : Event: ======'machine_var_audits_switches_s_left_spinner'====== Args={'value': 23309, 'prev_value': None, 'change': True}
2022-09-02 14:26:06,784 : EventManager : Event: ======'machine_var_audits_switches_s_right_captive_ball'====== Args={'value': 534, 'prev_value': None, 'change': True}
2022-09-02 14:26:06,784 : EventManager : Event: ======'machine_var_audits_switches_s_right_flipper'====== Args={'value': 34399, 'prev_value': None, 'change': True}
2022-09-02 14:26:06,784 : EventManager : Event: ======'machine_var_audits_switches_s_right_inlane'====== Args={'value': 584, 'prev_value': None, 'change': True}
2022-09-02 14:26:06,784 : EventManager : Event: ======'machine_var_audits_switches_s_right_inlane_far'====== Args={'value': 6751, 'prev_value': None, 'change': True}
2022-09-02 14:26:06,784 : EventManager : Event: ======'machine_var_audits_switches_s_right_kicker'====== Args={'value': 1806, 'prev_value': None, 'change': True}
2022-09-02 14:26:06,784 : EventManager : Event: ======'machine_var_audits_switches_s_right_sling'====== Args={'value': 14416, 'prev_value': None, 'change': True}
2022-09-02 14:26:06,784 : EventManager : Event: ======'machine_var_audits_switches_s_right_spinner'====== Args={'value': 17836, 'prev_value': None, 'change': True}
2022-09-02 14:26:06,784 : EventManager : Event: ======'machine_var_audits_switches_s_start'====== Args={'value': 411, 'prev_value': None, 'change': True}
2022-09-02 14:26:06,795 : EventManager : Event: ======'mc_reset_phase_1'====== Args={}
2022-09-02 14:26:06,795 : EventManager : Event: ======'mc_reset_phase_2'====== Args={}
2022-09-02 14:26:06,795 : EventManager : Event: ======'mc_reset_phase_3'====== Args={}
2022-09-02 14:26:06,795 : EventManager : Event: ======'mc_reset_complete'====== Args={}
2022-09-02 14:26:06,807 : EventManager : Event: ======'slides_play'====== Args={'settings': {'widgets': {'widgets': [{'type': 'text', 'text': 'GAME OVER', 'font_size': 50, 'font_name': 'space_font', '_default_settings': ['type', 'text', 'font_size', 'font_name'], 'x': None, 'y': None, 'anchor_x': 'center', 'anchor_y': 'center', 'round_anchor_x': None, 'round_anchor_y': None, 'opacity': 1.0, 'z': 0, 'reset_animations_events': {}, 'color': [1.0, 1.0, 1.0, 1.0], 'style': [], 'adjust_top': 0, 'adjust_bottom': 0, 'adjust_left': 0, 'adjust_right': 0, 'expire': None, 'key': None, 'widget': None, 'events_when_added': [], 'events_when_removed': [], 'bitmap_font': False, 'font_kerning': True, 'bold': False, 'italic': False, 'number_grouping': False, 'min_digits': 0, 'halign': 'center', 'valign': 'middle', 'rotation': 0, 'scale': 1.0, 'casing': None, 'animations': None}, {'type': 'image', 'image': 'attract_background', '_default_settings': ['type', 'image'], 'x': None, 'y': None, 'anchor_x': 'center', 'anchor_y': 'center', 'round_anchor_x': None, 'round_anchor_y': None, 'opacity': 1.0, 'z': 0, 'reset_animations_events': {}, 'color': [1.0, 1.0, 1.0, 1.0], 'style': [], 'adjust_top': 0, 'adjust_bottom': 0, 'adjust_left': 0, 'adjust_right': 0, 'expire': None, 'key': None, 'widget': None, 'events_when_added': [], 'events_when_removed': [], 'fps': 10, 'loops': -1, 'auto_play': True, 'start_frame': 0, 'rotation': 0, 'scale': 1.0, 'animations': None}], 'target': None, 'background_color': [0.0, 0.0, 0.0, 1.0], 'priority': None, 'show': True, 'force': False, 'expire': None, 'slide': None, 'tokens': {}, 'action': 'play'}}, 'context': 'show_13', 'calling_context': 0, 'priority': 10, 'show_tokens': {}, 'start_time': 6248.011}
2022-09-02 14:26:06,807 : mpfmc : SlidePlayer: Play called with settings={'widgets': {'widgets': [{'type': 'text', 'text': 'GAME OVER', 'font_size': 50, 'font_name': 'space_font', '_default_settings': ['type', 'text', 'font_size', 'font_name'], 'x': None, 'y': None, 'anchor_x': 'center', 'anchor_y': 'center', 'round_anchor_x': None, 'round_anchor_y': None, 'opacity': 1.0, 'z': 0, 'reset_animations_events': {}, 'color': [1.0, 1.0, 1.0, 1.0], 'style': [], 'adjust_top': 0, 'adjust_bottom': 0, 'adjust_left': 0, 'adjust_right': 0, 'expire': None, 'key': None, 'widget': None, 'events_when_added': [], 'events_when_removed': [], 'bitmap_font': False, 'font_kerning': True, 'bold': False, 'italic': False, 'number_grouping': False, 'min_digits': 0, 'halign': 'center', 'valign': 'middle', 'rotation': 0, 'scale': 1.0, 'casing': None, 'animations': None}, {'type': 'image', 'image': 'attract_background', '_default_settings': ['type', 'image'], 'x': None, 'y': None, 'anchor_x': 'center', 'anchor_y': 'center', 'round_anchor_x': None, 'round_anchor_y': None, 'opacity': 1.0, 'z': 0, 'reset_animations_events': {}, 'color': [1.0, 1.0, 1.0, 1.0], 'style': [], 'adjust_top': 0, 'adjust_bottom': 0, 'adjust_left': 0, 'adjust_right': 0, 'expire': None, 'key': None, 'widget': None, 'events_when_added': [], 'events_when_removed': [], 'fps': 10, 'loops': -1, 'auto_play': True, 'start_frame': 0, 'rotation': 0, 'scale': 1.0, 'animations': None}], 'target': None, 'background_color': [0.0, 0.0, 0.0, 1.0], 'priority': None, 'show': True, 'force': False, 'expire': None, 'slide': None, 'tokens': {}, 'action': 'play'}}
2022-09-02 14:26:06,814 : EventManager : Event: ======'slide_show_13.slide_player-0_created'====== Args={}
2022-09-02 14:26:06,816 : EventManager : Event: ======'slide_show_13.slide_player-0_active'====== Args={}
2022-09-02 14:26:08,326 : EventManager : Event: ======'game_started'====== Args={}
2022-09-02 14:26:08,326 : EventManager : Event: ======'slides_clear'====== Args={'context': 'show_13'}
2022-09-02 14:26:08,327 : EventManager : Event: ======'slide_show_13.slide_player-0_removed'====== Args={}
2022-09-02 14:26:08,328 : EventManager : Event: ======'slide_window1_blank_active'====== Args={}
2022-09-02 14:26:08,350 : EventManager : Event: ======'player_added'====== Args={'player': <Player 1>, 'num': 1}
2022-09-02 14:26:08,350 : EventManager : Event: ======'player_index'====== Args={'value': 0, 'prev_value': 0, 'change': 0, 'player_num': 1}
2022-09-02 14:26:08,351 : EventManager : Event: ======'player_number'====== Args={'value': 1, 'prev_value': 1, 'change': 0, 'player_num': 1}
2022-09-02 14:26:08,351 : EventManager : Event: ======'player_score'====== Args={'value': 0, 'prev_value': 0, 'change': 0, 'player_num': 1}
2022-09-02 14:26:08,351 : EventManager : Event: ======'player_mode_value'====== Args={'value': 1000000, 'prev_value': 0, 'change': 1000000, 'player_num': 1}
2022-09-02 14:26:08,351 : EventManager : Event: ======'player_bonus_multiplier'====== Args={'value': 1, 'prev_value': 0, 'change': 1, 'player_num': 1}
2022-09-02 14:26:08,351 : EventManager : Event: ======'player_playfield_multiplier'====== Args={'value': 1, 'prev_value': 0, 'change': 1, 'player_num': 1}
2022-09-02 14:26:08,375 : EventManager : Event: ======'player_ball'====== Args={'value': 1, 'prev_value': 0, 'change': 1, 'player_num': 1}
2022-09-02 14:26:08,375 : EventManager : Event: ======'player_turn_start'====== Args={'number': 1, 'player': <Player 1>}
2022-09-02 14:26:08,388 : EventManager : Event: ======'player_shot_l_lane_enabled'====== Args={'value': True, 'prev_value': 0, 'change': 1, 'player_num': 1}
2022-09-02 14:26:08,388 : EventManager : Event: ======'player_shot_r_lane_enabled'====== Args={'value': True, 'prev_value': 0, 'change': 1, 'player_num': 1}
2022-09-02 14:26:08,388 : EventManager : Event: ======'player_shot_center_target_enabled'====== Args={'value': True, 'prev_value': 0, 'change': 1, 'player_num': 1}
2022-09-02 14:26:08,389 : EventManager : Event: ======'player_extra_ball_two_modes_complete_num_awarded'====== Args={'value': 0, 'prev_value': 0, 'change': 0, 'player_num': 1}
2022-09-02 14:26:08,399 : EventManager : Event: ======'sounds_play'====== Args={'settings': {'default': {'action': 'stop', 'priority': 400, 'block': False, 'delay': None, 'track': None, 'volume': None, 'pan': None, 'loops': None, 'start_at': None, 'fade_in': None, 'fade_out': None, 'about_to_finish_time': -1.0, 'max_queue_time': -1.0, 'events_when_played': ['use_sound_setting'], 'events_when_stopped': ['use_sound_setting'], 'events_when_looping': ['use_sound_setting'], 'events_when_about_to_finish': ['use_sound_setting'], 'mode_end_action': 'use_sound_setting', 'key': 'use_sound_setting'}, 'shooter_waiting': {'action': 'play', 'loops': -1, 'priority': None, 'block': False, 'delay': None, 'track': None, 'volume': None, 'pan': None, 'start_at': None, 'fade_in': None, 'fade_out': None, 'about_to_finish_time': -1.0, 'max_queue_time': -1.0, 'events_when_played': ['use_sound_setting'], 'events_when_stopped': ['use_sound_setting'], 'events_when_looping': ['use_sound_setting'], 'events_when_about_to_finish': ['use_sound_setting'], 'mode_end_action': 'use_sound_setting', 'key': 'use_sound_setting'}}, 'context': '_global', 'calling_context': 'ball_started', 'priority': 0, 'player': 1, 'ball': 1, 'balls_remaining': 2, 'is_extra_ball': False}
2022-09-02 14:26:08,412 : EventManager : Event: ======'player_shot_galaxy_advance_enabled'====== Args={'value': True, 'prev_value': 0, 'change': 1, 'player_num': 1}
2022-09-02 14:26:08,412 : EventManager : Event: ======'player_shot_portal_advance_enabled'====== Args={'value': True, 'prev_value': 0, 'change': 1, 'player_num': 1}
2022-09-02 14:26:08,412 : EventManager : Event: ======'player_shot_warp_advance_enabled'====== Args={'value': True, 'prev_value': 0, 'change': 1, 'player_num': 1}
2022-09-02 14:26:08,413 : EventManager : Event: ======'slides_play'====== Args={'settings': {'score_slide': {'target': None, 'background_color': [0.0, 0.0, 0.0, 1.0], 'priority': None, 'show': True, 'force': False, 'expire': None, 'slide': None, 'tokens': {}, 'action': 'play'}}, 'context': 'base', 'calling_context': 'mode_base_started', 'priority': 100, 'player': 1, 'ball': 1, 'balls_remaining': 2, 'is_extra_ball': False}
2022-09-02 14:26:08,413 : mpfmc : SlidePlayer: Play called with settings={'score_slide': {'target': None, 'background_color': [0.0, 0.0, 0.0, 1.0], 'priority': None, 'show': True, 'force': False, 'expire': None, 'slide': None, 'tokens': {}, 'action': 'play'}}
2022-09-02 14:26:08,430 : EventManager : Event: ======'slide_score_slide_created'====== Args={}
2022-09-02 14:26:08,443 : EventManager : Event: ======'slide_score_slide_active'====== Args={}
2022-09-02 14:26:08,451 : EventManager : Event: ======'sounds_play'====== Args={'settings': {'default': {'action': 'play', 'loops': -1, 'track': 'music', 'priority': None, 'block': False, 'delay': None, 'volume': None, 'pan': None, 'start_at': None, 'fade_in': None, 'fade_out': None, 'about_to_finish_time': -1.0, 'max_queue_time': -1.0, 'events_when_played': ['use_sound_setting'], 'events_when_stopped': ['use_sound_setting'], 'events_when_looping': ['use_sound_setting'], 'events_when_about_to_finish': ['use_sound_setting'], 'mode_end_action': 'use_sound_setting', 'key': 'use_sound_setting'}, 'mode_theme': {'action': 'stop', 'priority': None, 'block': False, 'delay': None, 'track': None, 'volume': None, 'pan': None, 'loops': None, 'start_at': None, 'fade_in': None, 'fade_out': None, 'about_to_finish_time': -1.0, 'max_queue_time': -1.0, 'events_when_played': ['use_sound_setting'], 'events_when_stopped': ['use_sound_setting'], 'events_when_looping': ['use_sound_setting'], 'events_when_about_to_finish': ['use_sound_setting'], 'mode_end_action': 'use_sound_setting', 'key': 'use_sound_setting'}}, 'context': '_global', 'calling_context': 'mode_spell_portal_started', 'priority': 0, 'player': 1, 'ball': 1, 'balls_remaining': 2, 'is_extra_ball': False}
2022-09-02 14:26:09,961 : EventManager : Event: ======'machine_var_audits_switches_s_action_button'====== Args={'value': 4251, 'prev_value': 4250, 'change': 1}
2022-09-02 14:26:10,167 : EventManager : Event: ======'sounds_play'====== Args={'settings': {'shooter_waiting': {'action': 'stop', 'priority': None, 'block': False, 'delay': None, 'track': None, 'volume': None, 'pan': None, 'loops': None, 'start_at': None, 'fade_in': None, 'fade_out': None, 'about_to_finish_time': -1.0, 'max_queue_time': -1.0, 'events_when_played': ['use_sound_setting'], 'events_when_stopped': ['use_sound_setting'], 'events_when_looping': ['use_sound_setting'], 'events_when_about_to_finish': ['use_sound_setting'], 'mode_end_action': 'use_sound_setting', 'key': 'use_sound_setting'}, 'default': {'action': 'play', 'loops': -1, 'track': 'music', 'priority': None, 'block': False, 'delay': None, 'volume': None, 'pan': None, 'start_at': None, 'fade_in': None, 'fade_out': None, 'about_to_finish_time': -1.0, 'max_queue_time': -1.0, 'events_when_played': ['use_sound_setting'], 'events_when_stopped': ['use_sound_setting'], 'events_when_looping': ['use_sound_setting'], 'events_when_about_to_finish': ['use_sound_setting'], 'mode_end_action': 'use_sound_setting', 'key': 'use_sound_setting'}}, 'context': '_global', 'calling_context': 's_drain_inactive', 'priority': 0}
2022-09-02 14:26:10,852 : EventManager : Event: ======'machine_var_audits_switches_s_left_sling'====== Args={'value': 7394, 'prev_value': 7393, 'change': 1}
2022-09-02 14:26:10,852 : EventManager : Event: ======'player_score'====== Args={'value': 1110, 'prev_value': 0, 'change': 1110, 'player_num': 1}
2022-09-02 14:26:10,852 : EventManager : Event: ======'player_switches'====== Args={'value': 1, 'prev_value': 0, 'change': 1, 'player_num': 1}
2022-09-02 14:26:11,321 : EventManager : Event: ======'machine_var_audits_switches_s_left_flipper'====== Args={'value': 37567, 'prev_value': 37566, 'change': 1}
2022-09-02 14:26:13,292 : EventManager : Event: ======'machine_var_audits_switches_s_left_inlane_far'====== Args={'value': 4860, 'prev_value': 4859, 'change': 1}
2022-09-02 14:26:13,292 : EventManager : Event: ======'player_shot_galaxy_advance'====== Args={'value': 1, 'prev_value': 0, 'change': 1, 'player_num': 1}
2022-09-02 14:26:13,292 : EventManager : Event: ======'machine_var_audits_shots_galaxy_advance'====== Args={'value': 2864, 'prev_value': 2863, 'change': 1}
2022-09-02 14:26:13,305 : EventManager : Event: ======'player_score'====== Args={'value': 31110, 'prev_value': 1110, 'change': 30000, 'player_num': 1}
2022-09-02 14:26:13,305 : EventManager : Event: ======'player_switches'====== Args={'value': 2, 'prev_value': 1, 'change': 1, 'player_num': 1}
2022-09-02 14:26:13,305 : EventManager : Event: ======'player_combos_combo_timer_tick'====== Args={'value': 6, 'prev_value': 0, 'change': 6, 'player_num': 1}
2022-09-02 14:26:13,807 : EventManager : Event: ======'player_combos_combo_timer_tick'====== Args={'value': 5, 'prev_value': 6, 'change': -1, 'player_num': 1}
2022-09-02 14:26:13,845 : EventManager : Event: ======'machine_var_audits_switches_s_left_inlane_far'====== Args={'value': 4861, 'prev_value': 4860, 'change': 1}
2022-09-02 14:26:13,845 : EventManager : Event: ======'machine_var_audits_shots_galaxy_advance'====== Args={'value': 2865, 'prev_value': 2864, 'change': 1}
2022-09-02 14:26:13,845 : EventManager : Event: ======'player_score'====== Args={'value': 61110, 'prev_value': 31110, 'change': 30000, 'player_num': 1}
2022-09-02 14:26:13,852 : EventManager : Event: ======'player_switches'====== Args={'value': 3, 'prev_value': 2, 'change': 1, 'player_num': 1}
2022-09-02 14:26:13,852 : EventManager : Event: ======'player_combos_combo_timer_tick'====== Args={'value': 6, 'prev_value': 5, 'change': 1, 'player_num': 1}
2022-09-02 14:26:14,304 : EventManager : Event: ======'machine_var_audits_switches_s_left_inlane_far'====== Args={'value': 4862, 'prev_value': 4861, 'change': 1}
2022-09-02 14:26:14,316 : EventManager : Event: ======'machine_var_audits_shots_galaxy_advance'====== Args={'value': 2866, 'prev_value': 2865, 'change': 1}
2022-09-02 14:26:14,316 : EventManager : Event: ======'player_score'====== Args={'value': 91110, 'prev_value': 61110, 'change': 30000, 'player_num': 1}
2022-09-02 14:26:14,316 : EventManager : Event: ======'player_switches'====== Args={'value': 4, 'prev_value': 3, 'change': 1, 'player_num': 1}
2022-09-02 14:26:14,732 : EventManager : Event: ======'machine_var_audits_switches_s_left_inlane_far'====== Args={'value': 4863, 'prev_value': 4862, 'change': 1}
2022-09-02 14:26:14,732 : EventManager : Event: ======'machine_var_audits_shots_galaxy_advance'====== Args={'value': 2867, 'prev_value': 2866, 'change': 1}
2022-09-02 14:26:14,732 : EventManager : Event: ======'player_score'====== Args={'value': 121110, 'prev_value': 91110, 'change': 30000, 'player_num': 1}
2022-09-02 14:26:14,732 : EventManager : Event: ======'player_switches'====== Args={'value': 5, 'prev_value': 4, 'change': 1, 'player_num': 1}
2022-09-02 14:26:15,128 : EventManager : Event: ======'machine_var_audits_switches_s_left_inlane_far'====== Args={'value': 4864, 'prev_value': 4863, 'change': 1}
2022-09-02 14:26:15,128 : EventManager : Event: ======'machine_var_audits_shots_galaxy_advance'====== Args={'value': 2868, 'prev_value': 2867, 'change': 1}
2022-09-02 14:26:15,128 : EventManager : Event: ======'player_score'====== Args={'value': 151110, 'prev_value': 121110, 'change': 30000, 'player_num': 1}
2022-09-02 14:26:15,128 : EventManager : Event: ======'player_switches'====== Args={'value': 6, 'prev_value': 5, 'change': 1, 'player_num': 1}
2022-09-02 14:26:15,635 : EventManager : Event: ======'player_combos_combo_timer_tick'====== Args={'value': 5, 'prev_value': 6, 'change': -1, 'player_num': 1}
2022-09-02 14:26:16,022 : EventManager : Event: ======'machine_var_audits_switches_s_left_inlane_far'====== Args={'value': 4865, 'prev_value': 4864, 'change': 1}
2022-09-02 14:26:16,022 : EventManager : Event: ======'machine_var_audits_shots_galaxy_advance'====== Args={'value': 2869, 'prev_value': 2868, 'change': 1}
2022-09-02 14:26:16,022 : EventManager : Event: ======'player_score'====== Args={'value': 181110, 'prev_value': 151110, 'change': 30000, 'player_num': 1}
2022-09-02 14:26:16,022 : EventManager : Event: ======'player_switches'====== Args={'value': 7, 'prev_value': 6, 'change': 1, 'player_num': 1}
2022-09-02 14:26:16,023 : EventManager : Event: ======'player_combos_combo_timer_tick'====== Args={'value': 6, 'prev_value': 5, 'change': 1, 'player_num': 1}
2022-09-02 14:26:16,031 : EventManager : Event: ======'player_playfield_multiplier'====== Args={'value': 2, 'prev_value': 1, 'change': 1, 'player_num': 1}
2022-09-02 14:26:16,031 : EventManager : Event: ======'widgets_play'====== Args={'settings': {'playfield_x_timer_widget': {'priority': 10000, 'action': 'add', 'widget_settings': {'z': -1}, 'slide': None, 'key': None, 'target': None}}, 'context': 'playfield_multiplier', 'calling_context': 'mode_playfield_multiplier_started', 'priority': 10000}
2022-09-02 14:26:16,031 : EventManager : Event: ======'slides_play'====== Args={'settings': {'pf_x_slide': {'expire': 2.5, 'target': None, 'background_color': [0.0, 0.0, 0.0, 1.0], 'priority': None, 'show': True, 'force': False, 'slide': None, 'tokens': {}, 'action': 'play'}}, 'context': 'playfield_multiplier', 'calling_context': 'mode_playfield_multiplier_started', 'priority': 10000}
2022-09-02 14:26:16,049 : mpfmc : SlidePlayer: Play called with settings={'pf_x_slide': {'expire': 2.5, 'target': None, 'background_color': [0.0, 0.0, 0.0, 1.0], 'priority': None, 'show': True, 'force': False, 'slide': None, 'tokens': {}, 'action': 'play'}}
2022-09-02 14:26:16,060 : EventManager : Event: ======'slide_pf_x_slide_created'====== Args={}
2022-09-02 14:26:16,066 : EventManager : Event: ======'slide_pf_x_slide_active'====== Args={}
2022-09-02 14:26:16,074 : EventManager : Event: ======'player_playfield_x_timer_seconds'====== Args={'value': 75, 'prev_value': 0, 'change': 75, 'player_num': 1}
2022-09-02 14:26:16,521 : EventManager : Event: ======'player_combos_combo_timer_tick'====== Args={'value': 5, 'prev_value': 6, 'change': -1, 'player_num': 1}
2022-09-02 14:26:16,546 : EventManager : Event: ======'machine_var_audits_switches_s_left_inlane_far'====== Args={'value': 4866, 'prev_value': 4865, 'change': 1}
2022-09-02 14:26:16,546 : EventManager : Event: ======'machine_var_audits_shots_galaxy_advance'====== Args={'value': 2870, 'prev_value': 2869, 'change': 1}
2022-09-02 14:26:16,558 : EventManager : Event: ======'player_score'====== Args={'value': 241110, 'prev_value': 181110, 'change': 60000, 'player_num': 1}
2022-09-02 14:26:16,558 : EventManager : Event: ======'player_switches'====== Args={'value': 8, 'prev_value': 7, 'change': 1, 'player_num': 1}
2022-09-02 14:26:16,558 : EventManager : Event: ======'player_combos_combo_timer_tick'====== Args={'value': 6, 'prev_value': 5, 'change': 1, 'player_num': 1}
2022-09-02 14:26:17,048 : EventManager : Event: ======'machine_var_audits_switches_s_left_inlane_far'====== Args={'value': 4867, 'prev_value': 4866, 'change': 1}
2022-09-02 14:26:17,048 : EventManager : Event: ======'machine_var_audits_shots_galaxy_advance'====== Args={'value': 2871, 'prev_value': 2870, 'change': 1}
2022-09-02 14:26:17,048 : EventManager : Event: ======'player_score'====== Args={'value': 301110, 'prev_value': 241110, 'change': 60000, 'player_num': 1}
2022-09-02 14:26:17,048 : EventManager : Event: ======'player_switches'====== Args={'value': 9, 'prev_value': 8, 'change': 1, 'player_num': 1}
2022-09-02 14:26:17,216 : EventManager : Event: ======'player_playfield_multiplier_playfield_x_timer_tick'====== Args={'value': 74, 'prev_value': 0, 'change': 74, 'player_num': 1}
2022-09-02 14:26:17,228 : EventManager : Event: ======'player_playfield_x_timer_seconds'====== Args={'value': 74, 'prev_value': 75, 'change': -1, 'player_num': 1}
2022-09-02 14:26:17,547 : EventManager : Event: ======'player_combos_combo_timer_tick'====== Args={'value': 5, 'prev_value': 6, 'change': -1, 'player_num': 1}
2022-09-02 14:26:18,051 : EventManager : Event: ======'player_combos_combo_timer_tick'====== Args={'value': 4, 'prev_value': 5, 'change': -1, 'player_num': 1}
2022-09-02 14:26:18,425 : EventManager : Event: ======'player_playfield_multiplier_playfield_x_timer_tick'====== Args={'value': 73, 'prev_value': 74, 'change': -1, 'player_num': 1}
2022-09-02 14:26:18,425 : EventManager : Event: ======'player_playfield_x_timer_seconds'====== Args={'value': 73, 'prev_value': 74, 'change': -1, 'player_num': 1}
2022-09-02 14:26:18,527 : EventManager : Event: ======'slide_pf_x_slide_removed'====== Args={}
2022-09-02 14:26:18,528 : EventManager : Event: ======'slide_score_slide_active'====== Args={}
2022-09-02 14:26:18,553 : EventManager : Event: ======'player_combos_combo_timer_tick'====== Args={'value': 3, 'prev_value': 4, 'change': -1, 'player_num': 1}
2022-09-02 14:26:19,044 : EventManager : Event: ======'player_combos_combo_timer_tick'====== Args={'value': 2, 'prev_value': 3, 'change': -1, 'player_num': 1}
2022-09-02 14:26:19,329 : EventManager : Event: ======'machine_var_audits_switches_s_right_inlane_far'====== Args={'value': 6752, 'prev_value': 6751, 'change': 1}
2022-09-02 14:26:19,341 : EventManager : Event: ======'player_combo'====== Args={'value': 1, 'prev_value': 0, 'change': 1, 'player_num': 1}
2022-09-02 14:26:19,341 : EventManager : Event: ======'player_combo_value'====== Args={'value': 25000, 'prev_value': 0, 'change': 25000, 'player_num': 1}
2022-09-02 14:26:19,353 : EventManager : Event: ======'player_score'====== Args={'value': 351110, 'prev_value': 301110, 'change': 50000, 'player_num': 1}
2022-09-02 14:26:19,353 : EventManager : Event: ======'slides_play'====== Args={'settings': {'combo_slide': {'target': None, 'background_color': [0.0, 0.0, 0.0, 1.0], 'priority': None, 'show': True, 'force': False, 'expire': None, 'slide': None, 'tokens': {}, 'action': 'play'}}, 'context': 'combos', 'calling_context': 's_right_inlane_far_active{device.timers.combo_timer.ticks==2}', 'priority': 700}
2022-09-02 14:26:19,353 : EventManager : Event: ======'player_shot_portal_advance'====== Args={'value': 1, 'prev_value': 0, 'change': 1, 'player_num': 1}
2022-09-02 14:26:19,353 : EventManager : Event: ======'machine_var_audits_shots_portal_advance'====== Args={'value': 4994, 'prev_value': 4993, 'change': 1}
2022-09-02 14:26:19,354 : EventManager : Event: ======'player_score'====== Args={'value': 411110, 'prev_value': 351110, 'change': 60000, 'player_num': 1}
2022-09-02 14:26:19,354 : EventManager : Event: ======'player_switches'====== Args={'value': 10, 'prev_value': 9, 'change': 1, 'player_num': 1}
2022-09-02 14:26:19,354 : EventManager : Event: ======'player_combos_combo_timer_tick'====== Args={'value': 6, 'prev_value': 2, 'change': 4, 'player_num': 1}
2022-09-02 14:26:19,356 : mpfmc : SlidePlayer: Play called with settings={'combo_slide': {'target': None, 'background_color': [0.0, 0.0, 0.0, 1.0], 'priority': None, 'show': True, 'force': False, 'expire': None, 'slide': None, 'tokens': {}, 'action': 'play'}}
2022-09-02 14:26:19,369 : EventManager : Event: ======'slide_combo_slide_created'====== Args={}
2022-09-02 14:26:19,377 : EventManager : Event: ======'slide_combo_slide_active'====== Args={}
2022-09-02 14:26:19,628 : EventManager : Event: ======'player_playfield_multiplier_playfield_x_timer_tick'====== Args={'value': 72, 'prev_value': 73, 'change': -1, 'player_num': 1}
2022-09-02 14:26:19,628 : EventManager : Event: ======'player_playfield_x_timer_seconds'====== Args={'value': 72, 'prev_value': 73, 'change': -1, 'player_num': 1}
2022-09-02 14:26:19,756 : EventManager : Event: ======'machine_var_audits_switches_s_right_inlane_far'====== Args={'value': 6753, 'prev_value': 6752, 'change': 1}
2022-09-02 14:26:19,756 : EventManager : Event: ======'machine_var_audits_shots_portal_advance'====== Args={'value': 4995, 'prev_value': 4994, 'change': 1}
2022-09-02 14:26:19,756 : EventManager : Event: ======'player_score'====== Args={'value': 471110, 'prev_value': 411110, 'change': 60000, 'player_num': 1}
2022-09-02 14:26:19,756 : EventManager : Event: ======'player_switches'====== Args={'value': 11, 'prev_value': 10, 'change': 1, 'player_num': 1}
2022-09-02 14:26:20,182 : EventManager : Event: ======'machine_var_audits_switches_s_right_inlane_far'====== Args={'value': 6754, 'prev_value': 6753, 'change': 1}
2022-09-02 14:26:20,182 : EventManager : Event: ======'machine_var_audits_shots_portal_advance'====== Args={'value': 4996, 'prev_value': 4995, 'change': 1}
2022-09-02 14:26:20,182 : EventManager : Event: ======'player_score'====== Args={'value': 531110, 'prev_value': 471110, 'change': 60000, 'player_num': 1}
2022-09-02 14:26:20,183 : EventManager : Event: ======'player_switches'====== Args={'value': 12, 'prev_value': 11, 'change': 1, 'player_num': 1}
2022-09-02 14:26:20,194 : EventManager : Event: ======'slides_play'====== Args={'settings': {'mode_lit_slide': {'expire': 2.0, 'target': None, 'background_color': [0.0, 0.0, 0.0, 1.0], 'priority': None, 'show': True, 'force': False, 'slide': None, 'tokens': {}, 'action': 'play'}}, 'context': 'mode_lit', 'calling_context': 'mode_mode_lit_started', 'priority': 800}
2022-09-02 14:26:20,194 : mpfmc : SlidePlayer: Play called with settings={'mode_lit_slide': {'expire': 2.0, 'target': None, 'background_color': [0.0, 0.0, 0.0, 1.0], 'priority': None, 'show': True, 'force': False, 'slide': None, 'tokens': {}, 'action': 'play'}}
2022-09-02 14:26:20,202 : EventManager : Event: ======'slide_mode_lit_slide_created'====== Args={}
2022-09-02 14:26:20,206 : EventManager : Event: ======'slide_mode_lit_slide_active'====== Args={}
2022-09-02 14:26:20,678 : EventManager : Event: ======'machine_var_audits_switches_s_right_inlane_far'====== Args={'value': 6755, 'prev_value': 6754, 'change': 1}
2022-09-02 14:26:20,678 : EventManager : Event: ======'machine_var_audits_shots_portal_advance'====== Args={'value': 4997, 'prev_value': 4996, 'change': 1}
2022-09-02 14:26:20,678 : EventManager : Event: ======'player_score'====== Args={'value': 591110, 'prev_value': 531110, 'change': 60000, 'player_num': 1}
2022-09-02 14:26:20,678 : EventManager : Event: ======'player_switches'====== Args={'value': 13, 'prev_value': 12, 'change': 1, 'player_num': 1}
2022-09-02 14:26:20,826 : EventManager : Event: ======'player_playfield_multiplier_playfield_x_timer_tick'====== Args={'value': 71, 'prev_value': 72, 'change': -1, 'player_num': 1}
2022-09-02 14:26:20,826 : EventManager : Event: ======'player_playfield_x_timer_seconds'====== Args={'value': 71, 'prev_value': 72, 'change': -1, 'player_num': 1}
2022-09-02 14:26:21,175 : EventManager : Event: ======'player_combos_combo_timer_tick'====== Args={'value': 5, 'prev_value': 6, 'change': -1, 'player_num': 1}
2022-09-02 14:26:21,350 : EventManager : Event: ======'slide_combo_slide_removed'====== Args={}
2022-09-02 14:26:21,674 : EventManager : Event: ======'player_combos_combo_timer_tick'====== Args={'value': 4, 'prev_value': 5, 'change': -1, 'player_num': 1}
2022-09-02 14:26:22,026 : EventManager : Event: ======'player_playfield_multiplier_playfield_x_timer_tick'====== Args={'value': 70, 'prev_value': 71, 'change': -1, 'player_num': 1}
2022-09-02 14:26:22,026 : EventManager : Event: ======'player_playfield_x_timer_seconds'====== Args={'value': 70, 'prev_value': 71, 'change': -1, 'player_num': 1}
2022-09-02 14:26:22,164 : EventManager : Event: ======'player_combos_combo_timer_tick'====== Args={'value': 3, 'prev_value': 4, 'change': -1, 'player_num': 1}
2022-09-02 14:26:22,189 : EventManager : Event: ======'slide_mode_lit_slide_removed'====== Args={}
2022-09-02 14:26:22,190 : EventManager : Event: ======'slide_score_slide_active'====== Args={}
2022-09-02 14:26:22,610 : EventManager : Event: ======'machine_var_audits_switches_s_left_flipper'====== Args={'value': 37568, 'prev_value': 37567, 'change': 1}
2022-09-02 14:26:22,661 : EventManager : Event: ======'player_combos_combo_timer_tick'====== Args={'value': 2, 'prev_value': 3, 'change': -1, 'player_num': 1}
2022-09-02 14:26:23,165 : EventManager : Event: ======'player_combos_combo_timer_tick'====== Args={'value': 1, 'prev_value': 2, 'change': -1, 'player_num': 1}
2022-09-02 14:26:23,229 : EventManager : Event: ======'player_playfield_multiplier_playfield_x_timer_tick'====== Args={'value': 69, 'prev_value': 70, 'change': -1, 'player_num': 1}
2022-09-02 14:26:23,229 : EventManager : Event: ======'player_playfield_x_timer_seconds'====== Args={'value': 69, 'prev_value': 70, 'change': -1, 'player_num': 1}
2022-09-02 14:26:23,376 : EventManager : Event: ======'machine_var_audits_switches_s_right_flipper'====== Args={'value': 34400, 'prev_value': 34399, 'change': 1}
2022-09-02 14:26:23,670 : EventManager : Event: ======'player_combos_combo_timer_tick'====== Args={'value': 0, 'prev_value': 1, 'change': -1, 'player_num': 1}
2022-09-02 14:26:24,432 : EventManager : Event: ======'player_playfield_multiplier_playfield_x_timer_tick'====== Args={'value': 68, 'prev_value': 69, 'change': -1, 'player_num': 1}
2022-09-02 14:26:24,432 : EventManager : Event: ======'player_playfield_x_timer_seconds'====== Args={'value': 68, 'prev_value': 69, 'change': -1, 'player_num': 1}
2022-09-02 14:26:25,625 : EventManager : Event: ======'player_playfield_multiplier_playfield_x_timer_tick'====== Args={'value': 67, 'prev_value': 68, 'change': -1, 'player_num': 1}
2022-09-02 14:26:25,637 : EventManager : Event: ======'player_playfield_x_timer_seconds'====== Args={'value': 67, 'prev_value': 68, 'change': -1, 'player_num': 1}
2022-09-02 14:26:26,501 : EventManager : Event: ======'machine_var_audits_switches_s_left_flipper'====== Args={'value': 37569, 'prev_value': 37568, 'change': 1}
2022-09-02 14:26:26,838 : EventManager : Event: ======'player_playfield_multiplier_playfield_x_timer_tick'====== Args={'value': 66, 'prev_value': 67, 'change': -1, 'player_num': 1}
2022-09-02 14:26:26,838 : EventManager : Event: ======'player_playfield_x_timer_seconds'====== Args={'value': 66, 'prev_value': 67, 'change': -1, 'player_num': 1}
2022-09-02 14:26:27,481 : EventManager : Event: ======'machine_var_audits_switches_s_right_kicker'====== Args={'value': 1807, 'prev_value': 1806, 'change': 1}
2022-09-02 14:26:27,481 : EventManager : Event: ======'player_score'====== Args={'value': 621110, 'prev_value': 591110, 'change': 30000, 'player_num': 1}
2022-09-02 14:26:27,489 : EventManager : Event: ======'slides_clear'====== Args={'context': 'mode_lit'}
2022-09-02 14:26:27,490 : EventManager : Event: ======'slide_mode_lit_slide_removed'====== Args={}
2022-09-02 14:26:27,501 : EventManager : Event: ======'slides_play'====== Args={'settings': {'select_mission1': {'target': None, 'background_color': [0.0, 0.0, 0.0, 1.0], 'priority': None, 'show': True, 'force': False, 'expire': None, 'slide': None, 'tokens': {}, 'action': 'play'}}, 'context': 'carousel', 'calling_context': 'carousel_mission1_highlighted', 'priority': 90000, 'direction': None}
2022-09-02 14:26:27,501 : mpfmc : SlidePlayer: Play called with settings={'select_mission1': {'target': None, 'background_color': [0.0, 0.0, 0.0, 1.0], 'priority': None, 'show': True, 'force': False, 'expire': None, 'slide': None, 'tokens': {}, 'action': 'play'}}
2022-09-02 14:26:27,517 : EventManager : Event: ======'slide_select_mission1_created'====== Args={}
2022-09-02 14:26:27,524 : EventManager : Event: ======'slide_select_mission1_active'====== Args={}
2022-09-02 14:26:28,062 : EventManager : Event: ======'player_playfield_multiplier_playfield_x_timer_tick'====== Args={'value': 65, 'prev_value': 66, 'change': -1, 'player_num': 1}
2022-09-02 14:26:28,063 : EventManager : Event: ======'player_playfield_x_timer_seconds'====== Args={'value': 65, 'prev_value': 66, 'change': -1, 'player_num': 1}
2022-09-02 14:26:29,068 : EventManager : Event: ======'machine_var_audits_switches_s_right_flipper'====== Args={'value': 34401, 'prev_value': 34400, 'change': 1}
2022-09-02 14:26:29,211 : EventManager : Event: ======'slides_play'====== Args={'settings': {'select_mission2': {'target': None, 'background_color': [0.0, 0.0, 0.0, 1.0], 'priority': None, 'show': True, 'force': False, 'expire': None, 'slide': None, 'tokens': {}, 'action': 'play'}}, 'context': 'carousel', 'calling_context': 'carousel_mission2_highlighted', 'priority': 90000, 'direction': 'forwards'}
2022-09-02 14:26:29,212 : mpfmc : SlidePlayer: Play called with settings={'select_mission2': {'target': None, 'background_color': [0.0, 0.0, 0.0, 1.0], 'priority': None, 'show': True, 'force': False, 'expire': None, 'slide': None, 'tokens': {}, 'action': 'play'}}
2022-09-02 14:26:29,222 : EventManager : Event: ======'slide_select_mission2_created'====== Args={}
2022-09-02 14:26:29,228 : EventManager : Event: ======'slide_select_mission2_active'====== Args={}
2022-09-02 14:26:29,241 : EventManager : Event: ======'player_playfield_multiplier_playfield_x_timer_tick'====== Args={'value': 64, 'prev_value': 65, 'change': -1, 'player_num': 1}
2022-09-02 14:26:29,242 : EventManager : Event: ======'player_playfield_x_timer_seconds'====== Args={'value': 64, 'prev_value': 65, 'change': -1, 'player_num': 1}
2022-09-02 14:26:30,009 : EventManager : Event: ======'machine_var_audits_switches_s_right_flipper'====== Args={'value': 34402, 'prev_value': 34401, 'change': 1}
2022-09-02 14:26:30,010 : EventManager : Event: ======'slides_play'====== Args={'settings': {'select_mission3': {'target': None, 'background_color': [0.0, 0.0, 0.0, 1.0], 'priority': None, 'show': True, 'force': False, 'expire': None, 'slide': None, 'tokens': {}, 'action': 'play'}}, 'context': 'carousel', 'calling_context': 'carousel_mission3_highlighted', 'priority': 90000, 'direction': 'forwards'}
2022-09-02 14:26:30,010 : EventManager : Event: ======'machine_var_audits_switches_s_right_flipper'====== Args={'value': 34403, 'prev_value': 34402, 'change': 1}
2022-09-02 14:26:30,010 : mpfmc : SlidePlayer: Play called with settings={'select_mission3': {'target': None, 'background_color': [0.0, 0.0, 0.0, 1.0], 'priority': None, 'show': True, 'force': False, 'expire': None, 'slide': None, 'tokens': {}, 'action': 'play'}}
2022-09-02 14:26:30,020 : EventManager : Event: ======'slide_select_mission3_created'====== Args={}
2022-09-02 14:26:30,026 : EventManager : Event: ======'slide_select_mission3_active'====== Args={}
2022-09-02 14:26:30,039 : EventManager : Event: ======'slides_play'====== Args={'settings': {'select_mission4': {'target': None, 'background_color': [0.0, 0.0, 0.0, 1.0], 'priority': None, 'show': True, 'force': False, 'expire': None, 'slide': None, 'tokens': {}, 'action': 'play'}}, 'context': 'carousel', 'calling_context': 'carousel_mission4_highlighted', 'priority': 90000, 'direction': 'forwards'}
2022-09-02 14:26:30,040 : mpfmc : SlidePlayer: Play called with settings={'select_mission4': {'target': None, 'background_color': [0.0, 0.0, 0.0, 1.0], 'priority': None, 'show': True, 'force': False, 'expire': None, 'slide': None, 'tokens': {}, 'action': 'play'}}
2022-09-02 14:26:30,047 : EventManager : Event: ======'slide_select_mission4_created'====== Args={}
2022-09-02 14:26:30,052 : EventManager : Event: ======'slide_select_mission4_active'====== Args={}
2022-09-02 14:26:30,475 : EventManager : Event: ======'player_playfield_multiplier_playfield_x_timer_tick'====== Args={'value': 63, 'prev_value': 64, 'change': -1, 'player_num': 1}
2022-09-02 14:26:30,476 : EventManager : Event: ======'player_playfield_x_timer_seconds'====== Args={'value': 63, 'prev_value': 64, 'change': -1, 'player_num': 1}
2022-09-02 14:26:31,139 : EventManager : Event: ======'machine_var_audits_switches_s_left_flipper'====== Args={'value': 37570, 'prev_value': 37569, 'change': 1}
2022-09-02 14:26:31,140 : EventManager : Event: ======'slides_play'====== Args={'settings': {'select_mission3': {'target': None, 'background_color': [0.0, 0.0, 0.0, 1.0], 'priority': None, 'show': True, 'force': False, 'expire': None, 'slide': None, 'tokens': {}, 'action': 'play'}}, 'context': 'carousel', 'calling_context': 'carousel_mission3_highlighted', 'priority': 90000, 'direction': 'backwards'}
2022-09-02 14:26:31,140 : mpfmc : SlidePlayer: Play called with settings={'select_mission3': {'target': None, 'background_color': [0.0, 0.0, 0.0, 1.0], 'priority': None, 'show': True, 'force': False, 'expire': None, 'slide': None, 'tokens': {}, 'action': 'play'}}
2022-09-02 14:26:31,141 : EventManager : Event: ======'slide_select_mission3_removed'====== Args={}
2022-09-02 14:26:31,149 : EventManager : Event: ======'slide_select_mission3_created'====== Args={}
2022-09-02 14:26:31,154 : EventManager : Event: ======'slide_select_mission3_active'====== Args={}
2022-09-02 14:26:31,668 : EventManager : Event: ======'player_playfield_multiplier_playfield_x_timer_tick'====== Args={'value': 62, 'prev_value': 63, 'change': -1, 'player_num': 1}
2022-09-02 14:26:31,668 : EventManager : Event: ======'player_playfield_x_timer_seconds'====== Args={'value': 62, 'prev_value': 63, 'change': -1, 'player_num': 1}
2022-09-02 14:26:32,009 : EventManager : Event: ======'machine_var_audits_switches_s_action_button'====== Args={'value': 4252, 'prev_value': 4251, 'change': 1}
2022-09-02 14:26:32,158 : EventManager : Event: ======'player_modes_started'====== Args={'value': 1, 'prev_value': 0, 'change': 1, 'player_num': 1}
2022-09-02 14:26:32,158 : EventManager : Event: ======'player_selected_mission'====== Args={'value': 'mission3', 'prev_value': 0, 'change': True, 'player_num': 1}
2022-09-02 14:26:32,159 : EventManager : Event: ======'player_shot_drop_targets_mission3_enabled'====== Args={'value': True, 'prev_value': 0, 'change': 1, 'player_num': 1}
2022-09-02 14:26:32,160 : EventManager : Event: ======'slides_clear'====== Args={'context': 'carousel'}
2022-09-02 14:26:32,160 : EventManager : Event: ======'slide_select_mission1_removed'====== Args={}
2022-09-02 14:26:32,161 : EventManager : Event: ======'slide_select_mission2_removed'====== Args={}
2022-09-02 14:26:32,161 : EventManager : Event: ======'slide_select_mission4_removed'====== Args={}
2022-09-02 14:26:32,162 : EventManager : Event: ======'slide_select_mission3_removed'====== Args={}
2022-09-02 14:26:32,162 : EventManager : Event: ======'sounds_play'====== Args={'settings': {'mode_theme': {'action': 'play', 'loops': -1, 'priority': None, 'block': False, 'delay': None, 'track': None, 'volume': None, 'pan': None, 'start_at': None, 'fade_in': None, 'fade_out': None, 'about_to_finish_time': -1.0, 'max_queue_time': -1.0, 'events_when_played': ['use_sound_setting'], 'events_when_stopped': ['use_sound_setting'], 'events_when_looping': ['use_sound_setting'], 'events_when_about_to_finish': ['use_sound_setting'], 'mode_end_action': 'use_sound_setting', 'key': 'use_sound_setting'}, 'default': {'action': 'stop', 'priority': None, 'block': False, 'delay': None, 'track': None, 'volume': None, 'pan': None, 'loops': None, 'start_at': None, 'fade_in': None, 'fade_out': None, 'about_to_finish_time': -1.0, 'max_queue_time': -1.0, 'events_when_played': ['use_sound_setting'], 'events_when_stopped': ['use_sound_setting'], 'events_when_looping': ['use_sound_setting'], 'events_when_about_to_finish': ['use_sound_setting'], 'mode_end_action': 'use_sound_setting', 'key': 'use_sound_setting'}}, 'context': '_global', 'calling_context': 'mode_carousel_stopped', 'priority': 0}
2022-09-02 14:26:32,163 : EventManager : Event: ======'slide_score_slide_active'====== Args={}
2022-09-02 14:26:32,191 : EventManager : Event: ======'player_multiplied_mode_value'====== Args={'value': 2000000, 'prev_value': 0, 'change': 2000000, 'player_num': 1}
2022-09-02 14:26:32,191 : EventManager : Event: ======'player_mode_value_half'====== Args={'value': 1000000, 'prev_value': 0, 'change': 1000000, 'player_num': 1}
2022-09-02 14:26:32,191 : EventManager : Event: ======'slides_play'====== Args={'settings': {'score_slide_forest': {'target': None, 'background_color': [0.0, 0.0, 0.0, 1.0], 'priority': None, 'show': True, 'force': False, 'expire': None, 'slide': None, 'tokens': {}, 'action': 'play'}}, 'context': 'mission3', 'calling_context': 'mode_mission3_started', 'priority': 1000}
2022-09-02 14:26:32,191 : mpfmc : SlidePlayer: Play called with settings={'score_slide_forest': {'target': None, 'background_color': [0.0, 0.0, 0.0, 1.0], 'priority': None, 'show': True, 'force': False, 'expire': None, 'slide': None, 'tokens': {}, 'action': 'play'}}
2022-09-02 14:26:32,207 : EventManager : Event: ======'slide_score_slide_forest_created'====== Args={}
2022-09-02 14:26:32,215 : EventManager : Event: ======'slide_score_slide_forest_active'====== Args={}
2022-09-02 14:26:32,816 : EventManager : Event: ======'player_playfield_multiplier_playfield_x_timer_tick'====== Args={'value': 61, 'prev_value': 62, 'change': -1, 'player_num': 1}
2022-09-02 14:26:32,828 : EventManager : Event: ======'player_playfield_x_timer_seconds'====== Args={'value': 61, 'prev_value': 62, 'change': -1, 'player_num': 1}
2022-09-02 14:26:33,651 : EventManager : Event: ======'machine_var_audits_switches_s_right_flipper'====== Args={'value': 34404, 'prev_value': 34403, 'change': 1}
2022-09-02 14:26:34,023 : EventManager : Event: ======'player_playfield_multiplier_playfield_x_timer_tick'====== Args={'value': 60, 'prev_value': 61, 'change': -1, 'player_num': 1}
2022-09-02 14:26:34,023 : EventManager : Event: ======'player_playfield_x_timer_seconds'====== Args={'value': 60, 'prev_value': 61, 'change': -1, 'player_num': 1}
2022-09-02 14:26:35,228 : EventManager : Event: ======'player_playfield_multiplier_playfield_x_timer_tick'====== Args={'value': 59, 'prev_value': 60, 'change': -1, 'player_num': 1}
2022-09-02 14:26:35,228 : EventManager : Event: ======'player_playfield_x_timer_seconds'====== Args={'value': 59, 'prev_value': 60, 'change': -1, 'player_num': 1}
2022-09-02 14:26:35,586 : EventManager : Event: ======'machine_var_audits_switches_s_left_flipper'====== Args={'value': 37571, 'prev_value': 37570, 'change': 1}
2022-09-02 14:26:35,954 : EventManager : Event: ======'machine_var_audits_switches_s_drop_target1'====== Args={'value': 2016, 'prev_value': 2015, 'change': 1}
2022-09-02 14:26:35,954 : EventManager : Event: ======'machine_var_audits_switches_s_drop_target2'====== Args={'value': 2331, 'prev_value': 2330, 'change': 1}
2022-09-02 14:26:35,966 : EventManager : Event: ======'player_shot_drop_targets_mission3'====== Args={'value': 1, 'prev_value': 0, 'change': 1, 'player_num': 1}
2022-09-02 14:26:35,966 : EventManager : Event: ======'machine_var_audits_shots_drop_targets_mission3'====== Args={'value': 1593, 'prev_value': 1592, 'change': 1}
2022-09-02 14:26:35,966 : EventManager : Event: ======'player_score'====== Args={'value': 630110, 'prev_value': 621110, 'change': 9000, 'player_num': 1}
2022-09-02 14:26:35,967 : EventManager : Event: ======'player_switches'====== Args={'value': 14, 'prev_value': 13, 'change': 1, 'player_num': 1}
2022-09-02 14:26:35,967 : EventManager : Event: ======'player_score'====== Args={'value': 1630110, 'prev_value': 630110, 'change': 1000000, 'player_num': 1}
2022-09-02 14:26:35,967 : EventManager : Event: ======'player_mission3_total'====== Args={'value': 1000000, 'prev_value': 0, 'change': 1000000, 'player_num': 1}
2022-09-02 14:26:35,967 : EventManager : Event: ======'slides_play'====== Args={'settings': {'shot_slide_mission3': {'target': None, 'background_color': [0.0, 0.0, 0.0, 1.0], 'priority': None, 'show': True, 'force': False, 'expire': None, 'slide': None, 'tokens': {}, 'action': 'play'}}, 'context': 'mission3', 'calling_context': 'drop_targets_mission3_hit', 'priority': 1000, 'profile': 'mission3_profile', 'state': 'phase1', 'advancing': True}
2022-09-02 14:26:35,967 : EventManager : Event: ======'player_shot_drop_targets_mission3'====== Args={'value': 2, 'prev_value': 1, 'change': 1, 'player_num': 1}
2022-09-02 14:26:35,967 : EventManager : Event: ======'machine_var_audits_shots_drop_targets_mission3'====== Args={'value': 1594, 'prev_value': 1593, 'change': 1}
2022-09-02 14:26:35,974 : mpfmc : SlidePlayer: Play called with settings={'shot_slide_mission3': {'target': None, 'background_color': [0.0, 0.0, 0.0, 1.0], 'priority': None, 'show': True, 'force': False, 'expire': None, 'slide': None, 'tokens': {}, 'action': 'play'}}
2022-09-02 14:26:35,982 : EventManager : Event: ======'slide_shot_slide_mission3_created'====== Args={}
2022-09-02 14:26:35,987 : EventManager : Event: ======'slide_shot_slide_mission3_active'====== Args={}
2022-09-02 14:26:35,991 : EventManager : Event: ======'player_score'====== Args={'value': 1639110, 'prev_value': 1630110, 'change': 9000, 'player_num': 1}
2022-09-02 14:26:35,992 : EventManager : Event: ======'player_switches'====== Args={'value': 15, 'prev_value': 14, 'change': 1, 'player_num': 1}
2022-09-02 14:26:35,992 : EventManager : Event: ======'player_score'====== Args={'value': 2639110, 'prev_value': 1639110, 'change': 1000000, 'player_num': 1}
2022-09-02 14:26:35,992 : EventManager : Event: ======'player_mission3_total'====== Args={'value': 2000000, 'prev_value': 1000000, 'change': 1000000, 'player_num': 1}
2022-09-02 14:26:35,992 : EventManager : Event: ======'slides_play'====== Args={'settings': {'shot_slide_mission3': {'target': None, 'background_color': [0.0, 0.0, 0.0, 1.0], 'priority': None, 'show': True, 'force': False, 'expire': None, 'slide': None, 'tokens': {}, 'action': 'play'}}, 'context': 'mission3', 'calling_context': 'drop_targets_mission3_hit', 'priority': 1000, 'profile': 'mission3_profile', 'state': 'phase2', 'advancing': True}
2022-09-02 14:26:35,995 : mpfmc : SlidePlayer: Play called with settings={'shot_slide_mission3': {'target': None, 'background_color': [0.0, 0.0, 0.0, 1.0], 'priority': None, 'show': True, 'force': False, 'expire': None, 'slide': None, 'tokens': {}, 'action': 'play'}}
2022-09-02 14:26:35,996 : EventManager : Event: ======'slide_shot_slide_mission3_removed'====== Args={}
2022-09-02 14:26:36,002 : EventManager : Event: ======'slide_shot_slide_mission3_created'====== Args={}
2022-09-02 14:26:36,006 : EventManager : Event: ======'slide_shot_slide_mission3_active'====== Args={}
2022-09-02 14:26:36,165 : EventManager : Event: ======'machine_var_audits_switches_s_left_flipper'====== Args={'value': 37572, 'prev_value': 37571, 'change': 1}
2022-09-02 14:26:36,430 : EventManager : Event: ======'player_playfield_multiplier_playfield_x_timer_tick'====== Args={'value': 58, 'prev_value': 59, 'change': -1, 'player_num': 1}
2022-09-02 14:26:36,430 : EventManager : Event: ======'player_playfield_x_timer_seconds'====== Args={'value': 58, 'prev_value': 59, 'change': -1, 'player_num': 1}
2022-09-02 14:26:36,827 : EventManager : Event: ======'machine_var_audits_switches_s_right_flipper'====== Args={'value': 34405, 'prev_value': 34404, 'change': 1}
2022-09-02 14:26:37,647 : EventManager : Event: ======'player_playfield_multiplier_playfield_x_timer_tick'====== Args={'value': 57, 'prev_value': 58, 'change': -1, 'player_num': 1}
2022-09-02 14:26:37,647 : EventManager : Event: ======'player_playfield_x_timer_seconds'====== Args={'value': 57, 'prev_value': 58, 'change': -1, 'player_num': 1}
2022-09-02 14:26:38,503 : EventManager : Event: ======'slide_shot_slide_mission3_removed'====== Args={}
2022-09-02 14:26:38,504 : EventManager : Event: ======'slide_score_slide_forest_active'====== Args={}
2022-09-02 14:26:38,822 : EventManager : Event: ======'player_playfield_multiplier_playfield_x_timer_tick'====== Args={'value': 56, 'prev_value': 57, 'change': -1, 'player_num': 1}
2022-09-02 14:26:38,834 : EventManager : Event: ======'player_playfield_x_timer_seconds'====== Args={'value': 56, 'prev_value': 57, 'change': -1, 'player_num': 1}
2022-09-02 14:26:40,034 : EventManager : Event: ======'player_playfield_multiplier_playfield_x_timer_tick'====== Args={'value': 55, 'prev_value': 56, 'change': -1, 'player_num': 1}
2022-09-02 14:26:40,034 : EventManager : Event: ======'player_playfield_x_timer_seconds'====== Args={'value': 55, 'prev_value': 56, 'change': -1, 'player_num': 1}
2022-09-02 14:26:40,295 : EventManager : Event: ======'machine_var_audits_switches_s_left_inlane_far'====== Args={'value': 4868, 'prev_value': 4867, 'change': 1}
2022-09-02 14:26:40,307 : EventManager : Event: ======'machine_var_audits_shots_galaxy_advance'====== Args={'value': 2872, 'prev_value': 2871, 'change': 1}
2022-09-02 14:26:40,307 : EventManager : Event: ======'player_score'====== Args={'value': 2699110, 'prev_value': 2639110, 'change': 60000, 'player_num': 1}
2022-09-02 14:26:40,307 : EventManager : Event: ======'player_switches'====== Args={'value': 16, 'prev_value': 15, 'change': 1, 'player_num': 1}
2022-09-02 14:26:40,307 : EventManager : Event: ======'player_combos_combo_timer_tick'====== Args={'value': 6, 'prev_value': 0, 'change': 6, 'player_num': 1}
2022-09-02 14:26:40,799 : EventManager : Event: ======'player_combos_combo_timer_tick'====== Args={'value': 5, 'prev_value': 6, 'change': -1, 'player_num': 1}
2022-09-02 14:26:40,887 : EventManager : Event: ======'machine_var_audits_switches_s_left_inlane_far'====== Args={'value': 4869, 'prev_value': 4868, 'change': 1}
2022-09-02 14:26:40,887 : EventManager : Event: ======'machine_var_audits_shots_galaxy_advance'====== Args={'value': 2873, 'prev_value': 2872, 'change': 1}
2022-09-02 14:26:40,887 : EventManager : Event: ======'player_score'====== Args={'value': 2759110, 'prev_value': 2699110, 'change': 60000, 'player_num': 1}
2022-09-02 14:26:40,887 : EventManager : Event: ======'player_switches'====== Args={'value': 17, 'prev_value': 16, 'change': 1, 'player_num': 1}
2022-09-02 14:26:40,888 : EventManager : Event: ======'player_combos_combo_timer_tick'====== Args={'value': 6, 'prev_value': 5, 'change': 1, 'player_num': 1}
2022-09-02 14:26:41,226 : EventManager : Event: ======'player_playfield_multiplier_playfield_x_timer_tick'====== Args={'value': 54, 'prev_value': 55, 'change': -1, 'player_num': 1}
2022-09-02 14:26:41,226 : EventManager : Event: ======'player_playfield_x_timer_seconds'====== Args={'value': 54, 'prev_value': 55, 'change': -1, 'player_num': 1}
2022-09-02 14:26:41,390 : EventManager : Event: ======'player_combos_combo_timer_tick'====== Args={'value': 5, 'prev_value': 6, 'change': -1, 'player_num': 1}
2022-09-02 14:26:41,503 : EventManager : Event: ======'machine_var_audits_switches_s_left_inlane_far'====== Args={'value': 4870, 'prev_value': 4869, 'change': 1}
2022-09-02 14:26:41,515 : EventManager : Event: ======'machine_var_audits_shots_galaxy_advance'====== Args={'value': 2874, 'prev_value': 2873, 'change': 1}
2022-09-02 14:26:41,515 : EventManager : Event: ======'player_score'====== Args={'value': 2819110, 'prev_value': 2759110, 'change': 60000, 'player_num': 1}
2022-09-02 14:26:41,515 : EventManager : Event: ======'player_switches'====== Args={'value': 18, 'prev_value': 17, 'change': 1, 'player_num': 1}
2022-09-02 14:26:41,515 : EventManager : Event: ======'player_combos_combo_timer_tick'====== Args={'value': 6, 'prev_value': 5, 'change': 1, 'player_num': 1}
2022-09-02 14:26:42,009 : EventManager : Event: ======'player_combos_combo_timer_tick'====== Args={'value': 5, 'prev_value': 6, 'change': -1, 'player_num': 1}
2022-09-02 14:26:42,212 : EventManager : Event: ======'machine_var_audits_switches_s_left_inlane_far'====== Args={'value': 4871, 'prev_value': 4870, 'change': 1}
2022-09-02 14:26:42,212 : EventManager : Event: ======'machine_var_audits_shots_galaxy_advance'====== Args={'value': 2875, 'prev_value': 2874, 'change': 1}
2022-09-02 14:26:42,213 : EventManager : Event: ======'player_score'====== Args={'value': 2879110, 'prev_value': 2819110, 'change': 60000, 'player_num': 1}
2022-09-02 14:26:42,213 : EventManager : Event: ======'player_switches'====== Args={'value': 19, 'prev_value': 18, 'change': 1, 'player_num': 1}
2022-09-02 14:26:42,224 : EventManager : Event: ======'player_combos_combo_timer_tick'====== Args={'value': 6, 'prev_value': 5, 'change': 1, 'player_num': 1}
2022-09-02 14:26:42,224 : EventManager : Event: ======'slides_play'====== Args={'settings': {'pf_x_slide': {'expire': 2.5, 'target': None, 'background_color': [0.0, 0.0, 0.0, 1.0], 'priority': None, 'show': True, 'force': False, 'slide': None, 'tokens': {}, 'action': 'play'}}, 'context': 'playfield_multiplier', 'calling_context': 'add_x{current_player.playfield_multiplier>1}', 'priority': 10000}
2022-09-02 14:26:42,224 : EventManager : Event: ======'player_playfield_multiplier'====== Args={'value': 3, 'prev_value': 2, 'change': 1, 'player_num': 1}
2022-09-02 14:26:42,225 : EventManager : Event: ======'player_playfield_multiplier_playfield_x_timer_tick'====== Args={'value': 129, 'prev_value': 54, 'change': 75, 'player_num': 1}
2022-09-02 14:26:42,225 : mpfmc : SlidePlayer: Play called with settings={'pf_x_slide': {'expire': 2.5, 'target': None, 'background_color': [0.0, 0.0, 0.0, 1.0], 'priority': None, 'show': True, 'force': False, 'slide': None, 'tokens': {}, 'action': 'play'}}
2022-09-02 14:26:42,225 : EventManager : Event: ======'slide_pf_x_slide_removed'====== Args={}
2022-09-02 14:26:42,233 : EventManager : Event: ======'slide_pf_x_slide_created'====== Args={}
2022-09-02 14:26:42,242 : EventManager : Event: ======'slide_pf_x_slide_active'====== Args={}
2022-09-02 14:26:42,431 : EventManager : Event: ======'player_playfield_multiplier_playfield_x_timer_tick'====== Args={'value': 128, 'prev_value': 129, 'change': -1, 'player_num': 1}
2022-09-02 14:26:42,431 : EventManager : Event: ======'player_playfield_x_timer_seconds'====== Args={'value': 128, 'prev_value': 54, 'change': 74, 'player_num': 1}
2022-09-02 14:26:42,715 : EventManager : Event: ======'player_combos_combo_timer_tick'====== Args={'value': 5, 'prev_value': 6, 'change': -1, 'player_num': 1}
2022-09-02 14:26:43,215 : EventManager : Event: ======'player_combos_combo_timer_tick'====== Args={'value': 4, 'prev_value': 5, 'change': -1, 'player_num': 1}
2022-09-02 14:26:43,636 : EventManager : Event: ======'player_playfield_multiplier_playfield_x_timer_tick'====== Args={'value': 127, 'prev_value': 128, 'change': -1, 'player_num': 1}
2022-09-02 14:26:43,636 : EventManager : Event: ======'player_playfield_x_timer_seconds'====== Args={'value': 127, 'prev_value': 128, 'change': -1, 'player_num': 1}
2022-09-02 14:26:43,711 : EventManager : Event: ======'player_combos_combo_timer_tick'====== Args={'value': 3, 'prev_value': 4, 'change': -1, 'player_num': 1}
2022-09-02 14:26:43,993 : EventManager : Event: ======'machine_var_audits_switches_s_right_flipper'====== Args={'value': 34406, 'prev_value': 34405, 'change': 1}
2022-09-02 14:26:44,210 : EventManager : Event: ======'player_combos_combo_timer_tick'====== Args={'value': 2, 'prev_value': 3, 'change': -1, 'player_num': 1}
2022-09-02 14:26:44,708 : EventManager : Event: ======'player_combos_combo_timer_tick'====== Args={'value': 1, 'prev_value': 2, 'change': -1, 'player_num': 1}
2022-09-02 14:26:44,720 : EventManager : Event: ======'slide_pf_x_slide_removed'====== Args={}
2022-09-02 14:26:44,721 : EventManager : Event: ======'slide_score_slide_forest_active'====== Args={}
2022-09-02 14:26:44,833 : EventManager : Event: ======'player_playfield_multiplier_playfield_x_timer_tick'====== Args={'value': 126, 'prev_value': 127, 'change': -1, 'player_num': 1}
2022-09-02 14:26:44,833 : EventManager : Event: ======'player_playfield_x_timer_seconds'====== Args={'value': 126, 'prev_value': 127, 'change': -1, 'player_num': 1}
2022-09-02 14:26:45,210 : EventManager : Event: ======'player_combos_combo_timer_tick'====== Args={'value': 0, 'prev_value': 1, 'change': -1, 'player_num': 1}
2022-09-02 14:26:45,831 : EventManager : Event: ======'machine_var_audits_switches_s_right_flipper'====== Args={'value': 34407, 'prev_value': 34406, 'change': 1}
2022-09-02 14:26:46,036 : EventManager : Event: ======'player_playfield_multiplier_playfield_x_timer_tick'====== Args={'value': 125, 'prev_value': 126, 'change': -1, 'player_num': 1}
2022-09-02 14:26:46,036 : EventManager : Event: ======'player_playfield_x_timer_seconds'====== Args={'value': 125, 'prev_value': 126, 'change': -1, 'player_num': 1}
2022-09-02 14:26:46,191 : EventManager : Event: ======'machine_var_audits_switches_s_drop_target3'====== Args={'value': 2762, 'prev_value': 2761, 'change': 1}
2022-09-02 14:26:46,203 : EventManager : Event: ======'machine_var_audits_switches_s_drop_target4'====== Args={'value': 2208, 'prev_value': 2207, 'change': 1}
2022-09-02 14:26:46,203 : EventManager : Event: ======'player_shot_drop_targets_mission3'====== Args={'value': 3, 'prev_value': 2, 'change': 1, 'player_num': 1}
2022-09-02 14:26:46,203 : EventManager : Event: ======'machine_var_audits_shots_drop_targets_mission3'====== Args={'value': 1595, 'prev_value': 1594, 'change': 1}
2022-09-02 14:26:46,203 : EventManager : Event: ======'player_shot_center_target'====== Args={'value': 1, 'prev_value': 0, 'change': 1, 'player_num': 1}
2022-09-02 14:26:46,203 : EventManager : Event: ======'machine_var_audits_shots_center_target'====== Args={'value': 317, 'prev_value': 316, 'change': 1}
2022-09-02 14:26:46,204 : EventManager : Event: ======'player_score'====== Args={'value': 2892610, 'prev_value': 2879110, 'change': 13500, 'player_num': 1}
2022-09-02 14:26:46,204 : EventManager : Event: ======'player_switches'====== Args={'value': 20, 'prev_value': 19, 'change': 1, 'player_num': 1}
2022-09-02 14:26:46,204 : EventManager : Event: ======'player_score'====== Args={'value': 3892610, 'prev_value': 2892610, 'change': 1000000, 'player_num': 1}
2022-09-02 14:26:46,204 : EventManager : Event: ======'player_mission3_total'====== Args={'value': 3000000, 'prev_value': 2000000, 'change': 1000000, 'player_num': 1}
2022-09-02 14:26:46,204 : EventManager : Event: ======'slides_play'====== Args={'settings': {'shot_slide_mission3': {'target': None, 'background_color': [0.0, 0.0, 0.0, 1.0], 'priority': None, 'show': True, 'force': False, 'expire': None, 'slide': None, 'tokens': {}, 'action': 'play'}}, 'context': 'mission3', 'calling_context': 'drop_targets_mission3_hit', 'priority': 1000, 'profile': 'mission3_profile', 'state': 'phase3', 'advancing': True}
2022-09-02 14:26:46,210 : mpfmc : SlidePlayer: Play called with settings={'shot_slide_mission3': {'target': None, 'background_color': [0.0, 0.0, 0.0, 1.0], 'priority': None, 'show': True, 'force': False, 'expire': None, 'slide': None, 'tokens': {}, 'action': 'play'}}
2022-09-02 14:26:46,211 : EventManager : Event: ======'slide_shot_slide_mission3_removed'====== Args={}
2022-09-02 14:26:46,215 : EventManager : Event: ======'slide_shot_slide_mission3_created'====== Args={}
2022-09-02 14:26:46,219 : EventManager : Event: ======'slide_shot_slide_mission3_active'====== Args={}
2022-09-02 14:26:46,224 : EventManager : Event: ======'player_shot_drop_targets_mission3'====== Args={'value': 4, 'prev_value': 3, 'change': 1, 'player_num': 1}
2022-09-02 14:26:46,224 : EventManager : Event: ======'machine_var_audits_shots_drop_targets_mission3'====== Args={'value': 1596, 'prev_value': 1595, 'change': 1}
2022-09-02 14:26:46,224 : EventManager : Event: ======'player_score'====== Args={'value': 3906110, 'prev_value': 3892610, 'change': 13500, 'player_num': 1}
2022-09-02 14:26:46,224 : EventManager : Event: ======'player_switches'====== Args={'value': 21, 'prev_value': 20, 'change': 1, 'player_num': 1}
2022-09-02 14:26:46,225 : EventManager : Event: ======'player_score'====== Args={'value': 4906110, 'prev_value': 3906110, 'change': 1000000, 'player_num': 1}
2022-09-02 14:26:46,225 : EventManager : Event: ======'player_mission3_total'====== Args={'value': 4000000, 'prev_value': 3000000, 'change': 1000000, 'player_num': 1}
2022-09-02 14:26:46,225 : EventManager : Event: ======'slides_play'====== Args={'settings': {'shot_slide_mission3': {'target': None, 'background_color': [0.0, 0.0, 0.0, 1.0], 'priority': None, 'show': True, 'force': False, 'expire': None, 'slide': None, 'tokens': {}, 'action': 'play'}}, 'context': 'mission3', 'calling_context': 'drop_targets_mission3_hit', 'priority': 1000, 'profile': 'mission3_profile', 'state': 'phase4', 'advancing': True}
2022-09-02 14:26:46,228 : mpfmc : SlidePlayer: Play called with settings={'shot_slide_mission3': {'target': None, 'background_color': [0.0, 0.0, 0.0, 1.0], 'priority': None, 'show': True, 'force': False, 'expire': None, 'slide': None, 'tokens': {}, 'action': 'play'}}
2022-09-02 14:26:46,229 : EventManager : Event: ======'slide_shot_slide_mission3_removed'====== Args={}
2022-09-02 14:26:46,236 : EventManager : Event: ======'slide_shot_slide_mission3_created'====== Args={}
2022-09-02 14:26:46,240 : EventManager : Event: ======'slide_shot_slide_mission3_active'====== Args={}
2022-09-02 14:26:46,406 : EventManager : Event: ======'machine_var_audits_switches_s_right_flipper'====== Args={'value': 34408, 'prev_value': 34407, 'change': 1}
2022-09-02 14:26:47,272 : EventManager : Event: ======'player_playfield_multiplier_playfield_x_timer_tick'====== Args={'value': 124, 'prev_value': 125, 'change': -1, 'player_num': 1}
2022-09-02 14:26:47,272 : EventManager : Event: ======'player_playfield_x_timer_seconds'====== Args={'value': 124, 'prev_value': 125, 'change': -1, 'player_num': 1}
2022-09-02 14:26:47,640 : EventManager : Event: ======'machine_var_audits_switches_s_left_inlane_far'====== Args={'value': 4872, 'prev_value': 4871, 'change': 1}
2022-09-02 14:26:47,641 : EventManager : Event: ======'machine_var_audits_shots_galaxy_advance'====== Args={'value': 2876, 'prev_value': 2875, 'change': 1}
2022-09-02 14:26:47,641 : EventManager : Event: ======'player_score'====== Args={'value': 4996110, 'prev_value': 4906110, 'change': 90000, 'player_num': 1}
2022-09-02 14:26:47,641 : EventManager : Event: ======'player_switches'====== Args={'value': 22, 'prev_value': 21, 'change': 1, 'player_num': 1}
2022-09-02 14:26:47,642 : EventManager : Event: ======'player_combos_combo_timer_tick'====== Args={'value': 6, 'prev_value': 0, 'change': 6, 'player_num': 1}
2022-09-02 14:26:48,132 : EventManager : Event: ======'player_combos_combo_timer_tick'====== Args={'value': 5, 'prev_value': 6, 'change': -1, 'player_num': 1}
2022-09-02 14:26:48,314 : EventManager : Event: ======'machine_var_audits_switches_s_left_flipper'====== Args={'value': 37573, 'prev_value': 37572, 'change': 1}
2022-09-02 14:26:48,444 : EventManager : Event: ======'player_playfield_multiplier_playfield_x_timer_tick'====== Args={'value': 123, 'prev_value': 124, 'change': -1, 'player_num': 1}
2022-09-02 14:26:48,445 : EventManager : Event: ======'player_playfield_x_timer_seconds'====== Args={'value': 123, 'prev_value': 124, 'change': -1, 'player_num': 1}
2022-09-02 14:26:48,614 : EventManager : Event: ======'player_combos_combo_timer_tick'====== Args={'value': 4, 'prev_value': 5, 'change': -1, 'player_num': 1}
2022-09-02 14:26:48,732 : EventManager : Event: ======'machine_var_audits_switches_s_left_flipper'====== Args={'value': 37574, 'prev_value': 37573, 'change': 1}
2022-09-02 14:26:48,733 : EventManager : Event: ======'slide_shot_slide_mission3_removed'====== Args={}
2022-09-02 14:26:48,734 : EventManager : Event: ======'slide_score_slide_forest_active'====== Args={}
2022-09-02 14:26:49,083 : EventManager : Event: ======'player_combos_combo_timer_tick'====== Args={'value': 3, 'prev_value': 4, 'change': -1, 'player_num': 1}
2022-09-02 14:26:49,578 : EventManager : Event: ======'player_combos_combo_timer_tick'====== Args={'value': 2, 'prev_value': 3, 'change': -1, 'player_num': 1}
2022-09-02 14:26:49,628 : EventManager : Event: ======'player_playfield_multiplier_playfield_x_timer_tick'====== Args={'value': 122, 'prev_value': 123, 'change': -1, 'player_num': 1}
2022-09-02 14:26:49,628 : EventManager : Event: ======'player_playfield_x_timer_seconds'====== Args={'value': 122, 'prev_value': 123, 'change': -1, 'player_num': 1}
2022-09-02 14:26:49,785 : EventManager : Event: ======'machine_var_audits_switches_s_right_flipper'====== Args={'value': 34409, 'prev_value': 34408, 'change': 1}
2022-09-02 14:26:50,080 : EventManager : Event: ======'player_combos_combo_timer_tick'====== Args={'value': 1, 'prev_value': 2, 'change': -1, 'player_num': 1}
2022-09-02 14:26:50,385 : EventManager : Event: ======'machine_var_audits_switches_s_right_flipper'====== Args={'value': 34410, 'prev_value': 34409, 'change': 1}
2022-09-02 14:26:50,575 : EventManager : Event: ======'player_combos_combo_timer_tick'====== Args={'value': 0, 'prev_value': 1, 'change': -1, 'player_num': 1}
2022-09-02 14:26:50,829 : EventManager : Event: ======'player_playfield_multiplier_playfield_x_timer_tick'====== Args={'value': 121, 'prev_value': 122, 'change': -1, 'player_num': 1}
2022-09-02 14:26:50,829 : EventManager : Event: ======'player_playfield_x_timer_seconds'====== Args={'value': 121, 'prev_value': 122, 'change': -1, 'player_num': 1}
2022-09-02 14:26:52,026 : EventManager : Event: ======'player_playfield_multiplier_playfield_x_timer_tick'====== Args={'value': 120, 'prev_value': 121, 'change': -1, 'player_num': 1}
2022-09-02 14:26:52,026 : EventManager : Event: ======'player_playfield_x_timer_seconds'====== Args={'value': 120, 'prev_value': 121, 'change': -1, 'player_num': 1}
2022-09-02 14:26:53,225 : EventManager : Event: ======'player_playfield_multiplier_playfield_x_timer_tick'====== Args={'value': 119, 'prev_value': 120, 'change': -1, 'player_num': 1}
2022-09-02 14:26:53,225 : EventManager : Event: ======'player_playfield_x_timer_seconds'====== Args={'value': 119, 'prev_value': 120, 'change': -1, 'player_num': 1}
2022-09-02 14:26:54,428 : EventManager : Event: ======'player_playfield_multiplier_playfield_x_timer_tick'====== Args={'value': 118, 'prev_value': 119, 'change': -1, 'player_num': 1}
2022-09-02 14:26:54,428 : EventManager : Event: ======'player_playfield_x_timer_seconds'====== Args={'value': 118, 'prev_value': 119, 'change': -1, 'player_num': 1}
2022-09-02 14:26:55,629 : EventManager : Event: ======'player_playfield_multiplier_playfield_x_timer_tick'====== Args={'value': 117, 'prev_value': 118, 'change': -1, 'player_num': 1}
2022-09-02 14:26:55,629 : EventManager : Event: ======'player_playfield_x_timer_seconds'====== Args={'value': 117, 'prev_value': 118, 'change': -1, 'player_num': 1}
2022-09-02 14:26:56,837 : EventManager : Event: ======'player_playfield_multiplier_playfield_x_timer_tick'====== Args={'value': 116, 'prev_value': 117, 'change': -1, 'player_num': 1}
2022-09-02 14:26:56,837 : EventManager : Event: ======'player_playfield_x_timer_seconds'====== Args={'value': 116, 'prev_value': 117, 'change': -1, 'player_num': 1}
2022-09-02 14:26:56,995 : EventManager : Event: ======'machine_var_audits_switches_s_right_flipper'====== Args={'value': 34411, 'prev_value': 34410, 'change': 1}
2022-09-02 14:26:58,033 : EventManager : Event: ======'player_playfield_multiplier_playfield_x_timer_tick'====== Args={'value': 115, 'prev_value': 116, 'change': -1, 'player_num': 1}
2022-09-02 14:26:58,033 : EventManager : Event: ======'player_playfield_x_timer_seconds'====== Args={'value': 115, 'prev_value': 116, 'change': -1, 'player_num': 1}
2022-09-02 14:26:59,234 : EventManager : Event: ======'player_playfield_multiplier_playfield_x_timer_tick'====== Args={'value': 114, 'prev_value': 115, 'change': -1, 'player_num': 1}
2022-09-02 14:26:59,234 : EventManager : Event: ======'player_playfield_x_timer_seconds'====== Args={'value': 114, 'prev_value': 115, 'change': -1, 'player_num': 1}
2022-09-02 14:26:59,637 : EventManager : Event: ======'machine_var_audits_switches_s_drop_target5'====== Args={'value': 2093, 'prev_value': 2092, 'change': 1}
2022-09-02 14:26:59,637 : EventManager : Event: ======'player_shot_drop_targets_mission3'====== Args={'value': 5, 'prev_value': 4, 'change': 1, 'player_num': 1}
2022-09-02 14:26:59,649 : EventManager : Event: ======'machine_var_audits_shots_drop_targets_mission3'====== Args={'value': 1597, 'prev_value': 1596, 'change': 1}
2022-09-02 14:26:59,661 : EventManager : Event: ======'player_score'====== Args={'value': 5009610, 'prev_value': 4996110, 'change': 13500, 'player_num': 1}
2022-09-02 14:26:59,661 : EventManager : Event: ======'player_switches'====== Args={'value': 23, 'prev_value': 22, 'change': 1, 'player_num': 1}
2022-09-02 14:26:59,661 : EventManager : Event: ======'player_score'====== Args={'value': 6009610, 'prev_value': 5009610, 'change': 1000000, 'player_num': 1}
2022-09-02 14:26:59,661 : EventManager : Event: ======'player_mission3_total'====== Args={'value': 5000000, 'prev_value': 4000000, 'change': 1000000, 'player_num': 1}
2022-09-02 14:26:59,661 : EventManager : Event: ======'slides_play'====== Args={'settings': {'shot_slide_mission3': {'target': None, 'background_color': [0.0, 0.0, 0.0, 1.0], 'priority': None, 'show': True, 'force': False, 'expire': None, 'slide': None, 'tokens': {}, 'action': 'play'}}, 'context': 'mission3', 'calling_context': 'drop_targets_mission3_hit', 'priority': 1000, 'profile': 'mission3_profile', 'state': 'phase5', 'advancing': True}
2022-09-02 14:26:59,665 : mpfmc : SlidePlayer: Play called with settings={'shot_slide_mission3': {'target': None, 'background_color': [0.0, 0.0, 0.0, 1.0], 'priority': None, 'show': True, 'force': False, 'expire': None, 'slide': None, 'tokens': {}, 'action': 'play'}}
2022-09-02 14:26:59,665 : EventManager : Event: ======'slide_shot_slide_mission3_removed'====== Args={}
2022-09-02 14:26:59,670 : EventManager : Event: ======'slide_shot_slide_mission3_created'====== Args={}
2022-09-02 14:26:59,675 : EventManager : Event: ======'slide_shot_slide_mission3_active'====== Args={}
2022-09-02 14:27:00,433 : EventManager : Event: ======'player_playfield_multiplier_playfield_x_timer_tick'====== Args={'value': 113, 'prev_value': 114, 'change': -1, 'player_num': 1}
2022-09-02 14:27:00,433 : EventManager : Event: ======'player_playfield_x_timer_seconds'====== Args={'value': 113, 'prev_value': 114, 'change': -1, 'player_num': 1}
2022-09-02 14:27:00,514 : EventManager : Event: ======'machine_var_audits_switches_s_right_sling'====== Args={'value': 14417, 'prev_value': 14416, 'change': 1}
2022-09-02 14:27:00,514 : EventManager : Event: ======'player_score'====== Args={'value': 6012940, 'prev_value': 6009610, 'change': 3330, 'player_num': 1}
2022-09-02 14:27:00,515 : EventManager : Event: ======'player_switches'====== Args={'value': 24, 'prev_value': 23, 'change': 1, 'player_num': 1}
2022-09-02 14:27:00,832 : EventManager : Event: ======'machine_var_audits_switches_s_right_sling'====== Args={'value': 14418, 'prev_value': 14417, 'change': 1}
2022-09-02 14:27:00,832 : EventManager : Event: ======'player_score'====== Args={'value': 6016270, 'prev_value': 6012940, 'change': 3330, 'player_num': 1}
2022-09-02 14:27:00,832 : EventManager : Event: ======'player_switches'====== Args={'value': 25, 'prev_value': 24, 'change': 1, 'player_num': 1}
2022-09-02 14:27:01,678 : EventManager : Event: ======'player_playfield_multiplier_playfield_x_timer_tick'====== Args={'value': 112, 'prev_value': 113, 'change': -1, 'player_num': 1}
2022-09-02 14:27:01,678 : EventManager : Event: ======'player_playfield_x_timer_seconds'====== Args={'value': 112, 'prev_value': 113, 'change': -1, 'player_num': 1}
2022-09-02 14:27:02,161 : EventManager : Event: ======'slide_shot_slide_mission3_removed'====== Args={}
2022-09-02 14:27:02,163 : EventManager : Event: ======'slide_score_slide_forest_active'====== Args={}
2022-09-02 14:27:02,815 : EventManager : Event: ======'player_playfield_multiplier_playfield_x_timer_tick'====== Args={'value': 111, 'prev_value': 112, 'change': -1, 'player_num': 1}
2022-09-02 14:27:02,827 : EventManager : Event: ======'player_playfield_x_timer_seconds'====== Args={'value': 111, 'prev_value': 112, 'change': -1, 'player_num': 1}
2022-09-02 14:27:04,019 : EventManager : Event: ======'player_playfield_multiplier_playfield_x_timer_tick'====== Args={'value': 110, 'prev_value': 111, 'change': -1, 'player_num': 1}
2022-09-02 14:27:04,019 : EventManager : Event: ======'player_playfield_x_timer_seconds'====== Args={'value': 110, 'prev_value': 111, 'change': -1, 'player_num': 1}
2022-09-02 14:27:05,221 : EventManager : Event: ======'player_playfield_multiplier_playfield_x_timer_tick'====== Args={'value': 109, 'prev_value': 110, 'change': -1, 'player_num': 1}
2022-09-02 14:27:05,221 : EventManager : Event: ======'player_playfield_x_timer_seconds'====== Args={'value': 109, 'prev_value': 110, 'change': -1, 'player_num': 1}
2022-09-02 14:27:06,428 : EventManager : Event: ======'player_playfield_multiplier_playfield_x_timer_tick'====== Args={'value': 108, 'prev_value': 109, 'change': -1, 'player_num': 1}
2022-09-02 14:27:06,428 : EventManager : Event: ======'player_playfield_x_timer_seconds'====== Args={'value': 108, 'prev_value': 109, 'change': -1, 'player_num': 1}
2022-09-02 14:27:07,621 : EventManager : Event: ======'player_playfield_multiplier_playfield_x_timer_tick'====== Args={'value': 107, 'prev_value': 108, 'change': -1, 'player_num': 1}
2022-09-02 14:27:07,621 : EventManager : Event: ======'player_playfield_x_timer_seconds'====== Args={'value': 107, 'prev_value': 108, 'change': -1, 'player_num': 1}
2022-09-02 14:27:07,992 : EventManager : Event: ======'machine_var_audits_switches_s_drop_target5'====== Args={'value': 2094, 'prev_value': 2093, 'change': 1}
2022-09-02 14:27:07,992 : EventManager : Event: ======'machine_var_audits_shots_drop_targets_mission3'====== Args={'value': 1598, 'prev_value': 1597, 'change': 1}
2022-09-02 14:27:07,992 : EventManager : Event: ======'player_score'====== Args={'value': 6029770, 'prev_value': 6016270, 'change': 13500, 'player_num': 1}
2022-09-02 14:27:08,004 : EventManager : Event: ======'player_switches'====== Args={'value': 26, 'prev_value': 25, 'change': 1, 'player_num': 1}
2022-09-02 14:27:08,004 : EventManager : Event: ======'player_score'====== Args={'value': 7029770, 'prev_value': 6029770, 'change': 1000000, 'player_num': 1}
2022-09-02 14:27:08,004 : EventManager : Event: ======'player_mission3_total'====== Args={'value': 6000000, 'prev_value': 5000000, 'change': 1000000, 'player_num': 1}
2022-09-02 14:27:08,005 : EventManager : Event: ======'slides_play'====== Args={'settings': {'shot_slide_mission3': {'target': None, 'background_color': [0.0, 0.0, 0.0, 1.0], 'priority': None, 'show': True, 'force': False, 'expire': None, 'slide': None, 'tokens': {}, 'action': 'play'}}, 'context': 'mission3', 'calling_context': 'drop_targets_mission3_hit', 'priority': 1000, 'profile': 'mission3_profile', 'state': 'phase6', 'advancing': False}
2022-09-02 14:27:08,008 : mpfmc : SlidePlayer: Play called with settings={'shot_slide_mission3': {'target': None, 'background_color': [0.0, 0.0, 0.0, 1.0], 'priority': None, 'show': True, 'force': False, 'expire': None, 'slide': None, 'tokens': {}, 'action': 'play'}}
2022-09-02 14:27:08,008 : EventManager : Event: ======'slide_shot_slide_mission3_removed'====== Args={}
2022-09-02 14:27:08,020 : EventManager : Event: ======'slide_shot_slide_mission3_created'====== Args={}
2022-09-02 14:27:08,036 : EventManager : Event: ======'slide_shot_slide_mission3_active'====== Args={}
2022-09-02 14:27:08,877 : EventManager : Event: ======'player_playfield_multiplier_playfield_x_timer_tick'====== Args={'value': 106, 'prev_value': 107, 'change': -1, 'player_num': 1}
2022-09-02 14:27:08,877 : EventManager : Event: ======'player_playfield_x_timer_seconds'====== Args={'value': 106, 'prev_value': 107, 'change': -1, 'player_num': 1}
2022-09-02 14:27:10,042 : EventManager : Event: ======'player_playfield_multiplier_playfield_x_timer_tick'====== Args={'value': 105, 'prev_value': 106, 'change': -1, 'player_num': 1}
2022-09-02 14:27:10,042 : EventManager : Event: ======'player_playfield_x_timer_seconds'====== Args={'value': 105, 'prev_value': 106, 'change': -1, 'player_num': 1}
2022-09-02 14:27:10,503 : EventManager : Event: ======'slide_shot_slide_mission3_removed'====== Args={}
2022-09-02 14:27:10,505 : EventManager : Event: ======'slide_score_slide_forest_active'====== Args={}
2022-09-02 14:27:11,228 : EventManager : Event: ======'player_playfield_multiplier_playfield_x_timer_tick'====== Args={'value': 104, 'prev_value': 105, 'change': -1, 'player_num': 1}
2022-09-02 14:27:11,228 : EventManager : Event: ======'player_playfield_x_timer_seconds'====== Args={'value': 104, 'prev_value': 105, 'change': -1, 'player_num': 1}
2022-09-02 14:27:12,431 : EventManager : Event: ======'player_playfield_multiplier_playfield_x_timer_tick'====== Args={'value': 103, 'prev_value': 104, 'change': -1, 'player_num': 1}
2022-09-02 14:27:12,431 : EventManager : Event: ======'player_playfield_x_timer_seconds'====== Args={'value': 103, 'prev_value': 104, 'change': -1, 'player_num': 1}
2022-09-02 14:27:12,863 : EventManager : Event: ======'machine_var_audits_switches_s_start'====== Args={'value': 412, 'prev_value': 411, 'change': 1}
2022-09-02 14:27:12,875 : EventManager : Event: ======'player_added'====== Args={'player': <Player 2>, 'num': 2}
2022-09-02 14:27:12,875 : EventManager : Event: ======'player_index'====== Args={'value': 1, 'prev_value': 1, 'change': 0, 'player_num': 2}
2022-09-02 14:27:12,875 : EventManager : Event: ======'player_number'====== Args={'value': 2, 'prev_value': 2, 'change': 0, 'player_num': 2}
2022-09-02 14:27:12,875 : EventManager : Event: ======'player_score'====== Args={'value': 0, 'prev_value': 0, 'change': 0, 'player_num': 2}
2022-09-02 14:27:12,885 : EventManager : Event: ======'player_mode_value'====== Args={'value': 1000000, 'prev_value': 0, 'change': 1000000, 'player_num': 2}
2022-09-02 14:27:12,885 : EventManager : Event: ======'player_bonus_multiplier'====== Args={'value': 1, 'prev_value': 0, 'change': 1, 'player_num': 2}
2022-09-02 14:27:12,885 : EventManager : Event: ======'player_playfield_multiplier'====== Args={'value': 1, 'prev_value': 0, 'change': 1, 'player_num': 2}
2022-09-02 14:27:13,260 : kivy : Base: Leaving application in progress...
2022-09-02 14:27:13,533 : mpfmc : Stopping...
2022-09-02 14:27:13,533 : EventManager : Event: ======'shutdown'====== Args={}
2022-09-02 14:27:13,533 : AudioInterface : Disabling audio playback
2022-09-02 14:27:13,533 : mpfmc : Loop rate 67.76 Hz
2022-09-02 14:27:13,533 : kivy : MC run loop ended.
2022-09-02 14:27:13,533 : kivy : Stopping child threads... (3 remaining)
2022-09-02 14:27:13,626 : mpfmc : Stopping...
2022-09-02 14:27:13,626 : EventManager : Event: ======'shutdown'====== Args={}
2022-09-02 14:27:13,626 : mpfmc : Loop rate 67.68 Hz
2022-09-02 14:27:14,515 : MPF-MC BCP Server : Stopping BCP sending thread
2022-09-02 14:27:14,625 : kivy : All child threads stopped.
