2022-08-21 16:41:03,599 : INFO : root : Loading config.
2022-08-21 16:41:04,127 : INFO : ConfigProcessor : Config spec file cache created: C:\Users\Brendan\AppData\Local\Temp\config_spec.mpf_cache
2022-08-21 16:41:04,128 : INFO : YamlMultifileConfigLoader : Machine config file #1: config.yaml
2022-08-21 16:41:04,128 : INFO : ConfigProcessor : Loading config from cache: C:\Users\Brendan\AppData\Local\Temp\bccefe987bb586eace29905fa80cab57.mpf_cache
2022-08-21 16:41:04,184 : INFO : ConfigProcessor : Loading config from cache: C:\Users\Brendan\AppData\Local\Temp\467e7647689d29fad6adf949e1f4d51d.mpf_cache
2022-08-21 16:41:04,185 : INFO : ConfigProcessor : Loading config from cache: C:\Users\Brendan\AppData\Local\Temp\5550e037aa776b42b91b29b40b356c70.mpf_cache
2022-08-21 16:41:04,186 : WARNING : ConfigProcessor : Config file in cache changed: C:\Baby_pacman_code\machine\modes\base\config\base.yaml
2022-08-21 16:41:04,186 : INFO : ConfigProcessor : Loading config from file C:\Baby_pacman_code\machine\modes\base\config\base.yaml.
2022-08-21 16:41:04,307 : INFO : ConfigProcessor : Loading config: C:\Baby_pacman_code\machine\modes\base\config\base.yaml
2022-08-21 16:41:04,309 : INFO : ConfigProcessor : Config file cache created: C:\Users\Brendan\AppData\Local\Temp\15e0c601392b30c3d9ba3ead8131edb5.mpf_cache
2022-08-21 16:41:04,310 : INFO : ConfigProcessor : Loading config from cache: C:\Users\Brendan\AppData\Local\Temp\0bf50917c4ef15ab65ee13d6c14e7d7c.mpf_cache
2022-08-21 16:41:04,311 : INFO : ConfigProcessor : Loading config from cache: C:\Users\Brendan\AppData\Local\Temp\bc7da7b13b2754e080c2afa0678ac274.mpf_cache
2022-08-21 16:41:04,311 : INFO : ConfigProcessor : Loading config from cache: C:\Users\Brendan\AppData\Local\Temp\bbd59d0bb6602ee0c5a89d6f85e6dd42.mpf_cache
2022-08-21 16:41:04,312 : INFO : ConfigProcessor : Loading config from cache: C:\Users\Brendan\AppData\Local\Temp\5526c78976fee311c3d05505d75f653d.mpf_cache
2022-08-21 16:41:04,313 : INFO : ConfigProcessor : Loading config from cache: C:\Users\Brendan\AppData\Local\Temp\6e95138ae5415fc76b53ebf8fa245fb5.mpf_cache
2022-08-21 16:41:04,314 : INFO : ConfigProcessor : Loading config from cache: C:\Users\Brendan\AppData\Local\Temp\1ec1c4dffb383758956493783a9ed391.mpf_cache
2022-08-21 16:41:04,314 : INFO : ConfigProcessor : Loading config from cache: C:\Users\Brendan\AppData\Local\Temp\f2aee92728c8017b77c710c804dd7f5a.mpf_cache
2022-08-21 16:41:04,315 : INFO : ConfigProcessor : Loading config from cache: C:\Users\Brendan\AppData\Local\Temp\88f57fa1305e9dc100972ec9f84d57fe.mpf_cache
2022-08-21 16:41:04,316 : INFO : ConfigProcessor : Loading config from cache: C:\Users\Brendan\AppData\Local\Temp\6e00a9d794d4c3f43a0fc48da04dac60.mpf_cache
2022-08-21 16:41:04,317 : INFO : ConfigProcessor : Loading config from cache: C:\Users\Brendan\AppData\Local\Temp\05ef98219fc733c3bcab58726c4b37ef.mpf_cache
2022-08-21 16:41:04,318 : INFO : ConfigProcessor : Loading config from cache: C:\Users\Brendan\AppData\Local\Temp\c22d657a5a7bb60632c2be2c735e073b.mpf_cache
2022-08-21 16:41:04,319 : INFO : ConfigProcessor : Loading config from cache: C:\Users\Brendan\AppData\Local\Temp\f7d4f5eb9425fe84d2e83a363afd4bdf.mpf_cache
2022-08-21 16:41:04,319 : INFO : ConfigProcessor : Loading config from cache: C:\Users\Brendan\AppData\Local\Temp\125f51d329f930ea7bff10973551cc26.mpf_cache
2022-08-21 16:41:04,320 : INFO : ConfigProcessor : Loading config from cache: C:\Users\Brendan\AppData\Local\Temp\08e18dfdf4e02cd29cc0cc52be2faaf4.mpf_cache
2022-08-21 16:41:04,321 : INFO : ConfigProcessor : Loading config from cache: C:\Users\Brendan\AppData\Local\Temp\f042f5bf6362b9e04d43b40b93a92057.mpf_cache
2022-08-21 16:41:04,322 : INFO : ConfigProcessor : Loading config from cache: C:\Users\Brendan\AppData\Local\Temp\60badac06cd62deb71f25fac24b103c2.mpf_cache
2022-08-21 16:41:04,322 : INFO : ConfigProcessor : Loading config from cache: C:\Users\Brendan\AppData\Local\Temp\4849f32e60febd99d83791f2417d9a0f.mpf_cache
2022-08-21 16:41:04,323 : INFO : ConfigProcessor : Loading config from cache: C:\Users\Brendan\AppData\Local\Temp\942a9c8af084c06606ececc74db0a30f.mpf_cache
2022-08-21 16:41:04,324 : INFO : ConfigProcessor : Loading config from cache: C:\Users\Brendan\AppData\Local\Temp\d3a5f9b6ba13782c30d3f4f7e40a9dcf.mpf_cache
2022-08-21 16:41:04,324 : INFO : ConfigProcessor : Loading config from cache: C:\Users\Brendan\AppData\Local\Temp\bb2305c107159ac261738ee6fa5177f9.mpf_cache
2022-08-21 16:41:04,325 : INFO : ConfigProcessor : Loading config from cache: C:\Users\Brendan\AppData\Local\Temp\5e8fe62f7d4a280c75af4e016e79234a.mpf_cache
2022-08-21 16:41:04,325 : INFO : ConfigProcessor : Loading config from cache: C:\Users\Brendan\AppData\Local\Temp\7934ad8984867b043b25c8f1f16418da.mpf_cache
2022-08-21 16:41:04,326 : INFO : ConfigProcessor : Loading config from cache: C:\Users\Brendan\AppData\Local\Temp\201f4c0a0d10e05df2979372d05b639d.mpf_cache
2022-08-21 16:41:04,327 : INFO : ConfigProcessor : Loading config from cache: C:\Users\Brendan\AppData\Local\Temp\29084e75e573608c6a2e9d91f8c2e516.mpf_cache
2022-08-21 16:41:04,328 : INFO : ConfigProcessor : Loading config from cache: C:\Users\Brendan\AppData\Local\Temp\c1a52d9ec6beffcf3a0c74172f4f1789.mpf_cache
2022-08-21 16:41:04,328 : INFO : ConfigProcessor : Loading config from cache: C:\Users\Brendan\AppData\Local\Temp\1a7cfdccecce53cd51775700aa921808.mpf_cache
2022-08-21 16:41:04,329 : INFO : ConfigProcessor : Loading config from cache: C:\Users\Brendan\AppData\Local\Temp\bbeb6a5751b9d2029aa6e8633936e040.mpf_cache
2022-08-21 16:41:04,329 : INFO : ConfigProcessor : Loading config from cache: C:\Users\Brendan\AppData\Local\Temp\396defae609afab4d6d7399595fd494b.mpf_cache
2022-08-21 16:41:04,330 : INFO : ConfigProcessor : Loading config from cache: C:\Users\Brendan\AppData\Local\Temp\df5b128cf73808572dcd58af6b99a12a.mpf_cache
2022-08-21 16:41:04,331 : INFO : ConfigProcessor : Loading config from cache: C:\Users\Brendan\AppData\Local\Temp\b16abd66a20b52f76df13eb007a93cde.mpf_cache
2022-08-21 16:41:04,331 : INFO : ConfigProcessor : Loading config from cache: C:\Users\Brendan\AppData\Local\Temp\09ddf149c2750d0dc18124afb4ec1692.mpf_cache
2022-08-21 16:41:04,332 : INFO : ConfigProcessor : Loading config from cache: C:\Users\Brendan\AppData\Local\Temp\dc261f740d4fb0b58874215bc05837b4.mpf_cache
2022-08-21 16:41:04,332 : INFO : ConfigProcessor : Loading config from cache: C:\Users\Brendan\AppData\Local\Temp\fd5b67850c190931870595f7ba331325.mpf_cache
2022-08-21 16:41:04,333 : INFO : ConfigProcessor : Loading config from cache: C:\Users\Brendan\AppData\Local\Temp\7fa0bf6f8a3d06d96f9daba2d24e8451.mpf_cache
2022-08-21 16:41:04,333 : INFO : ConfigProcessor : Loading config from cache: C:\Users\Brendan\AppData\Local\Temp\17652c03725ec0d5dc66b35abdc504c5.mpf_cache
2022-08-21 16:41:04,334 : INFO : ConfigProcessor : Loading config from cache: C:\Users\Brendan\AppData\Local\Temp\f6549f0a1a12987384ccc86b9df17004.mpf_cache
2022-08-21 16:41:04,335 : INFO : ConfigProcessor : Loading config from cache: C:\Users\Brendan\AppData\Local\Temp\d416d6f9f35dec068a811f18f969a8db.mpf_cache
2022-08-21 16:41:04,336 : INFO : ConfigProcessor : Loading config from cache: C:\Users\Brendan\AppData\Local\Temp\2cbb22f93ff96ef242a9a2d7465f7b14.mpf_cache
2022-08-21 16:41:04,337 : INFO : ConfigProcessor : Loading config from cache: C:\Users\Brendan\AppData\Local\Temp\5b43fbcb021f3ce97d73fdb8a470eae4.mpf_cache
2022-08-21 16:41:04,337 : INFO : ConfigProcessor : Loading config from cache: C:\Users\Brendan\AppData\Local\Temp\6d994d077edad00fe01353c1bfbf6638.mpf_cache
2022-08-21 16:41:04,338 : INFO : ConfigProcessor : Loading config from cache: C:\Users\Brendan\AppData\Local\Temp\df6e37541f81fc1a6e02dbcf98e0d10b.mpf_cache
2022-08-21 16:41:04,338 : INFO : ConfigProcessor : Loading config from cache: C:\Users\Brendan\AppData\Local\Temp\c5e911b563ca93c8e10ce7743f92e657.mpf_cache
2022-08-21 16:41:04,340 : INFO : ConfigProcessor : Loading config from cache: C:\Users\Brendan\AppData\Local\Temp\99ecafb2993dab1e69369c4f69529b6f.mpf_cache
2022-08-21 16:41:04,340 : INFO : ConfigProcessor : Loading config from cache: C:\Users\Brendan\AppData\Local\Temp\57f2f8973b8bd58edd1d215976151c60.mpf_cache
2022-08-21 16:41:04,341 : INFO : ConfigProcessor : Loading config from cache: C:\Users\Brendan\AppData\Local\Temp\19f702536b27ff66106645e85afb027e.mpf_cache
2022-08-21 16:41:04,342 : INFO : ConfigProcessor : Loading config from cache: C:\Users\Brendan\AppData\Local\Temp\c17101e4486856bd6430e66412997ee7.mpf_cache
2022-08-21 16:41:04,343 : INFO : ConfigProcessor : Loading config from cache: C:\Users\Brendan\AppData\Local\Temp\c5b3b18e965344eb40bdf988f6d052aa.mpf_cache
2022-08-21 16:41:04,344 : INFO : Machine : Mission Pinball Framework Core Engine v0.55.0
2022-08-21 16:41:04,344 : INFO : Machine : Command line arguments: {'no_load_cache': False, 'create_config_cache': True, 'bcp': True, 'configfile': ['config.yaml'], 'force_assets_load': False, 'jsonlogging': False, 'logfile': 'logs\\2022-08-21-16-41-03-mpf-Pinball-PC.log', 'pause': False, 'production': False, 'text_ui': True, 'loglevel': 15, 'consoleloglevel': 20, 'force_platform': None, 'syslog_address': None, 'mc_file_name': None, 'no_sound': False}
2022-08-21 16:41:04,344 : INFO : Machine : MPF path: c:\users\brendan\appdata\local\programs\python\python37\lib\site-packages\mpf
2022-08-21 16:41:04,344 : INFO : Machine : Machine path: C:\Baby_pacman_code\machine
2022-08-21 16:41:04,344 : INFO : Machine : Platform: win32
2022-08-21 16:41:04,344 : INFO : Machine : Python executable location: c:\users\brendan\appdata\local\programs\python\python37\python.exe
2022-08-21 16:41:04,344 : INFO : Machine : Python version: 3.7.8 (64-bit)
2022-08-21 16:41:04,346 : INFO : Machine : Initialise MPF.
2022-08-21 16:41:04,497 : INFO : FAST : Connecting to com7 at 921600bps
2022-08-21 16:41:04,531 : INFO : FAST : Connected! Processor: NET, Board Type: FP-CPU-002-2, Firmware: 01.05
2022-08-21 16:41:04,531 : INFO : EventManager : Event: ======'machine_var_fast_net_firmware'====== Args={'value': '01.05', 'prev_value': None, 'change': True}
2022-08-21 16:41:04,531 : INFO : EventManager : Event: ======'machine_var_fast_net_model'====== Args={'value': 'FP-CPU-002-2', 'prev_value': None, 'change': True}
2022-08-21 16:41:06,897 : WARNING : FAST : Got unexpected message from FAST: -N:07
2022-08-21 16:41:06,897 : WARNING : FAST : Got unexpected message from FAST: -N:13
2022-08-21 16:41:06,930 : INFO : FAST : Connecting to com8 at 921600bps
2022-08-21 16:41:06,963 : INFO : FAST : Connected! Processor: RGB, Board Type: FP-CPU-002-2, Firmware: 01.00
2022-08-21 16:41:06,963 : INFO : EventManager : Event: ======'machine_var_fast_rgb_firmware'====== Args={'value': '01.00', 'prev_value': None, 'change': True}
2022-08-21 16:41:06,963 : INFO : EventManager : Event: ======'machine_var_fast_rgb_model'====== Args={'value': 'FP-CPU-002-2', 'prev_value': None, 'change': True}
2022-08-21 16:41:06,964 : INFO : EventManager : Event: ======'machine_var_credits_string'====== Args={'value': 'FREE PLAY', 'prev_value': None, 'change': True}
2022-08-21 16:41:07,021 : INFO : EventManager : Event: ======'machine_var_master_volume'====== Args={'value': 0.5, 'prev_value': None, 'change': True}
2022-08-21 16:41:07,021 : INFO : EventManager : Event: ======'machine_var_player1_score'====== Args={'value': 58540490, 'prev_value': None, 'change': True}
2022-08-21 16:41:07,021 : INFO : EventManager : Event: ======'machine_var_mpf_version'====== Args={'value': 'MPF v0.55.0', 'prev_value': None, 'change': True}
2022-08-21 16:41:07,021 : INFO : EventManager : Event: ======'machine_var_mpf_extended_version'====== Args={'value': 'MPF v0.55.0, Config version:5, Show version: 5, BCP version:1.1', 'prev_value': None, 'change': True}
2022-08-21 16:41:07,021 : INFO : EventManager : Event: ======'machine_var_python_version'====== Args={'value': '3.7.8', 'prev_value': None, 'change': True}
2022-08-21 16:41:07,022 : INFO : EventManager : Event: ======'machine_var_platform'====== Args={'value': 'Windows-7-6.1.7601-SP1', 'prev_value': None, 'change': True}
2022-08-21 16:41:07,022 : INFO : EventManager : Event: ======'machine_var_platform_system'====== Args={'value': 'Windows', 'prev_value': None, 'change': True}
2022-08-21 16:41:07,022 : INFO : EventManager : Event: ======'machine_var_platform_release'====== Args={'value': '7', 'prev_value': None, 'change': True}
2022-08-21 16:41:07,022 : INFO : EventManager : Event: ======'machine_var_platform_version'====== Args={'value': '6.1.7601', 'prev_value': None, 'change': True}
2022-08-21 16:41:07,022 : INFO : EventManager : Event: ======'machine_var_platform_machine'====== Args={'value': 'AMD64', 'prev_value': None, 'change': True}
2022-08-21 16:41:07,022 : INFO : EventManager : Event: ======'init_phase_1'====== Args={}
2022-08-21 16:41:07,100 : INFO : EventManager : Event: ======'drop_target_bank_main_up'====== Args={}
2022-08-21 16:41:07,105 : INFO : EventManager : Event: ======'init_phase_2'====== Args={}
2022-08-21 16:41:07,105 : INFO : SwitchController : Found active switch: (('07', 1), <Platform.FAST>) <switch.s_left_captive_ball>
2022-08-21 16:41:07,105 : INFO : SwitchController : Found active switch: (('13', 1), <Platform.FAST>) <switch.s_drain>
2022-08-21 16:41:07,147 : INFO : EventManager : Event: ======'bcp_connection_attempt'====== Args={'name': 'local_display', 'host': 'localhost', 'port': 5050}
2022-08-21 16:41:07,149 : INFO : BCPClientSocket : Connecting BCP to 'local_display' at localhost:5050...
2022-08-21 16:41:08,146 : WARNING : FAST : Port com7 was blocked for more than 1s. Reseting send queue! If this happens frequently report a bug!
2022-08-21 16:41:09,143 : WARNING : FAST : Port com7 was blocked for more than 1s. Reseting send queue! If this happens frequently report a bug!
2022-08-21 16:41:10,239 : INFO : BCPClientSocket : Connected BCP to 'local_display' localhost:5050
2022-08-21 16:41:10,241 : INFO : EventManager : Event: ======'bcp_clients_connected'====== Args={}
2022-08-21 16:41:10,254 : INFO : ball_device.bd_drain : BCH: Initial count: 1
2022-08-21 16:41:10,255 : INFO : EventManager : Event: ======'machine_var_mc_version'====== Args={'value': 'MPF-MC v0.55.0', 'prev_value': None, 'change': True}
2022-08-21 16:41:10,255 : INFO : EventManager : Event: ======'machine_var_mc_extended_version'====== Args={'value': 'MPF-MC v0.55.0 (config_version=5, BCP v1.1, Requires MPF v0.55.0-dev.49)', 'prev_value': None, 'change': True}
2022-08-21 16:41:10,260 : INFO : ball_device.bd_drain : State: idle
2022-08-21 16:41:10,305 : INFO : ball_device.bd_left_kicker : BCH: Initial count: 0
2022-08-21 16:41:10,305 : INFO : ball_device.bd_left_kicker : State: idle
2022-08-21 16:41:10,306 : INFO : ball_device.bd_right_kicker : BCH: Initial count: 0
2022-08-21 16:41:10,306 : INFO : ball_device.bd_right_kicker : State: idle
2022-08-21 16:41:10,349 : INFO : EventManager : Event: ======'init_phase_3'====== Args={}
2022-08-21 16:41:10,741 : INFO : EventManager : Event: ======'init_phase_4'====== Args={}
2022-08-21 16:41:10,747 : INFO : EventManager : Event: ======'playfield_active'====== Args={}
2022-08-21 16:41:10,747 : INFO : EventManager : Event: ======'unexpected_ball_on_playfield'====== Args={}
2022-08-21 16:41:10,747 : INFO : EventManager : Event: ======'playfield_active'====== Args={}
2022-08-21 16:41:10,747 : INFO : EventManager : Event: ======'unexpected_ball_on_playfield'====== Args={}
2022-08-21 16:41:10,747 : INFO : EventManager : Event: ======'playfield_active'====== Args={}
2022-08-21 16:41:10,747 : INFO : EventManager : Event: ======'unexpected_ball_on_playfield'====== Args={}
2022-08-21 16:41:10,747 : INFO : EventManager : Event: ======'playfield_active'====== Args={}
2022-08-21 16:41:10,747 : INFO : EventManager : Event: ======'unexpected_ball_on_playfield'====== Args={}
2022-08-21 16:41:10,747 : INFO : EventManager : Event: ======'playfield_active'====== Args={}
2022-08-21 16:41:10,747 : INFO : EventManager : Event: ======'unexpected_ball_on_playfield'====== Args={}
2022-08-21 16:41:10,748 : INFO : BallController : Initial balls found: 1
2022-08-21 16:41:10,750 : INFO : EventManager : Event: ======'machine_var_audits_events_game_ended'====== Args={'value': 0, 'prev_value': None, 'change': True}
2022-08-21 16:41:10,750 : INFO : EventManager : Event: ======'machine_var_audits_events_game_started'====== Args={'value': 0, 'prev_value': None, 'change': True}
2022-08-21 16:41:10,751 : INFO : EventManager : Event: ======'machine_var_audits_player_score'====== Args={'value': {'average': 10318150.616438355, 'top': [198719690, 195274570, 161094530, 160419680, 140071820, 132769060, 132262360, 127113160, 121863670, 115954110], 'total': 584}, 'prev_value': None, 'change': True}
2022-08-21 16:41:10,751 : INFO : EventManager : Event: ======'machine_var_audits_shots_center_drop_mission1'====== Args={'value': 501, 'prev_value': None, 'change': True}
2022-08-21 16:41:10,751 : INFO : EventManager : Event: ======'machine_var_audits_shots_center_target'====== Args={'value': 51, 'prev_value': None, 'change': True}
2022-08-21 16:41:10,752 : INFO : EventManager : Event: ======'machine_var_audits_shots_drop_target1_mission2'====== Args={'value': 219, 'prev_value': None, 'change': True}
2022-08-21 16:41:10,752 : INFO : EventManager : Event: ======'machine_var_audits_shots_drop_target2_mission2'====== Args={'value': 251, 'prev_value': None, 'change': True}
2022-08-21 16:41:10,752 : INFO : EventManager : Event: ======'machine_var_audits_shots_drop_target3_mission2'====== Args={'value': 281, 'prev_value': None, 'change': True}
2022-08-21 16:41:10,753 : INFO : EventManager : Event: ======'machine_var_audits_shots_drop_target4_mission2'====== Args={'value': 257, 'prev_value': None, 'change': True}
2022-08-21 16:41:10,753 : INFO : EventManager : Event: ======'machine_var_audits_shots_drop_target5_mission2'====== Args={'value': 220, 'prev_value': None, 'change': True}
2022-08-21 16:41:10,753 : INFO : EventManager : Event: ======'machine_var_audits_shots_drop_targets_mission3'====== Args={'value': 1436, 'prev_value': None, 'change': True}
2022-08-21 16:41:10,754 : INFO : EventManager : Event: ======'machine_var_audits_shots_galaxy_advance'====== Args={'value': 1964, 'prev_value': None, 'change': True}
2022-08-21 16:41:10,754 : INFO : EventManager : Event: ======'machine_var_audits_shots_l_lane'====== Args={'value': 602, 'prev_value': None, 'change': True}
2022-08-21 16:41:10,755 : INFO : EventManager : Event: ======'machine_var_audits_shots_left_kicker_mission2'====== Args={'value': 153, 'prev_value': None, 'change': True}
2022-08-21 16:41:10,755 : INFO : EventManager : Event: ======'machine_var_audits_shots_left_kicker_mission4'====== Args={'value': 114, 'prev_value': None, 'change': True}
2022-08-21 16:41:10,755 : INFO : EventManager : Event: ======'machine_var_audits_shots_left_loop_mission1'====== Args={'value': 565, 'prev_value': None, 'change': True}
2022-08-21 16:41:10,756 : INFO : EventManager : Event: ======'machine_var_audits_shots_left_loop_mission2'====== Args={'value': 254, 'prev_value': None, 'change': True}
2022-08-21 16:41:10,756 : INFO : EventManager : Event: ======'machine_var_audits_shots_left_loop_mission4'====== Args={'value': 374, 'prev_value': None, 'change': True}
2022-08-21 16:41:10,757 : INFO : EventManager : Event: ======'machine_var_audits_shots_portal_advance'====== Args={'value': 4462, 'prev_value': None, 'change': True}
2022-08-21 16:41:10,757 : INFO : EventManager : Event: ======'machine_var_audits_shots_r_lane'====== Args={'value': 531, 'prev_value': None, 'change': True}
2022-08-21 16:41:10,758 : INFO : EventManager : Event: ======'machine_var_audits_shots_right_kicker_mission2'====== Args={'value': 134, 'prev_value': None, 'change': True}
2022-08-21 16:41:10,758 : INFO : EventManager : Event: ======'machine_var_audits_shots_right_kicker_mission4'====== Args={'value': 133, 'prev_value': None, 'change': True}
2022-08-21 16:41:10,758 : INFO : EventManager : Event: ======'machine_var_audits_shots_right_loop_mission1'====== Args={'value': 653, 'prev_value': None, 'change': True}
2022-08-21 16:41:10,759 : INFO : EventManager : Event: ======'machine_var_audits_shots_right_loop_mission2'====== Args={'value': 287, 'prev_value': None, 'change': True}
2022-08-21 16:41:10,759 : INFO : EventManager : Event: ======'machine_var_audits_shots_right_loop_mission4'====== Args={'value': 423, 'prev_value': None, 'change': True}
2022-08-21 16:41:10,760 : INFO : EventManager : Event: ======'machine_var_audits_shots_warp_advance'====== Args={'value': 1072, 'prev_value': None, 'change': True}
2022-08-21 16:41:10,760 : INFO : EventManager : Event: ======'machine_var_audits_switches_s_action_button'====== Args={'value': 3888, 'prev_value': None, 'change': True}
2022-08-21 16:41:10,761 : INFO : EventManager : Event: ======'machine_var_audits_switches_s_drain'====== Args={'value': 2690, 'prev_value': None, 'change': True}
2022-08-21 16:41:10,761 : INFO : EventManager : Event: ======'machine_var_audits_switches_s_drop_target1'====== Args={'value': 1804, 'prev_value': None, 'change': True}
2022-08-21 16:41:10,761 : INFO : EventManager : Event: ======'machine_var_audits_switches_s_drop_target2'====== Args={'value': 2107, 'prev_value': None, 'change': True}
2022-08-21 16:41:10,762 : INFO : EventManager : Event: ======'machine_var_audits_switches_s_drop_target3'====== Args={'value': 2496, 'prev_value': None, 'change': True}
2022-08-21 16:41:10,762 : INFO : EventManager : Event: ======'machine_var_audits_switches_s_drop_target4'====== Args={'value': 2013, 'prev_value': None, 'change': True}
2022-08-21 16:41:10,763 : INFO : EventManager : Event: ======'machine_var_audits_switches_s_drop_target5'====== Args={'value': 1906, 'prev_value': None, 'change': True}
2022-08-21 16:41:10,763 : INFO : EventManager : Event: ======'machine_var_audits_switches_s_left_captive_ball'====== Args={'value': 469, 'prev_value': None, 'change': True}
2022-08-21 16:41:10,763 : INFO : EventManager : Event: ======'machine_var_audits_switches_s_left_flipper'====== Args={'value': 33926, 'prev_value': None, 'change': True}
2022-08-21 16:41:10,764 : INFO : EventManager : Event: ======'machine_var_audits_switches_s_left_inlane'====== Args={'value': 602, 'prev_value': None, 'change': True}
2022-08-21 16:41:10,764 : INFO : EventManager : Event: ======'machine_var_audits_switches_s_left_inlane_far'====== Args={'value': 3780, 'prev_value': None, 'change': True}
2022-08-21 16:41:10,765 : INFO : EventManager : Event: ======'machine_var_audits_switches_s_left_kicker'====== Args={'value': 1503, 'prev_value': None, 'change': True}
2022-08-21 16:41:10,765 : INFO : EventManager : Event: ======'machine_var_audits_switches_s_left_sling'====== Args={'value': 6731, 'prev_value': None, 'change': True}
2022-08-21 16:41:10,766 : INFO : EventManager : Event: ======'machine_var_audits_switches_s_left_spinner'====== Args={'value': 19766, 'prev_value': None, 'change': True}
2022-08-21 16:41:10,767 : INFO : EventManager : Event: ======'machine_var_audits_switches_s_right_captive_ball'====== Args={'value': 493, 'prev_value': None, 'change': True}
2022-08-21 16:41:10,767 : INFO : EventManager : Event: ======'machine_var_audits_switches_s_right_flipper'====== Args={'value': 31439, 'prev_value': None, 'change': True}
2022-08-21 16:41:10,768 : INFO : EventManager : Event: ======'machine_var_audits_switches_s_right_inlane'====== Args={'value': 531, 'prev_value': None, 'change': True}
2022-08-21 16:41:10,768 : INFO : EventManager : Event: ======'machine_var_audits_switches_s_right_inlane_far'====== Args={'value': 5998, 'prev_value': None, 'change': True}
2022-08-21 16:41:10,769 : INFO : EventManager : Event: ======'machine_var_audits_switches_s_right_kicker'====== Args={'value': 1678, 'prev_value': None, 'change': True}
2022-08-21 16:41:10,769 : INFO : EventManager : Event: ======'machine_var_audits_switches_s_right_sling'====== Args={'value': 14058, 'prev_value': None, 'change': True}
2022-08-21 16:41:10,770 : INFO : EventManager : Event: ======'machine_var_audits_switches_s_right_spinner'====== Args={'value': 16084, 'prev_value': None, 'change': True}
2022-08-21 16:41:10,770 : INFO : EventManager : Event: ======'machine_var_audits_switches_s_start'====== Args={'value': 403, 'prev_value': None, 'change': True}
2022-08-21 16:41:10,771 : INFO : EventManager : Event: ======'init_phase_5'====== Args={}
2022-08-21 16:41:10,776 : INFO : EventManager : Event: ======'init_done'====== Args={}
2022-08-21 16:41:10,777 : WARNING : FAST : Port NET received more messages than were sent! Resetting!
2022-08-21 16:41:10,777 : WARNING : FAST : Port NET received more messages than were sent! Resetting!
2022-08-21 16:41:10,777 : WARNING : FAST : Port NET received more messages than were sent! Resetting!
2022-08-21 16:41:10,777 : WARNING : FAST : Port NET received more messages than were sent! Resetting!
2022-08-21 16:41:10,777 : WARNING : FAST : Port NET received more messages than were sent! Resetting!
2022-08-21 16:41:10,777 : WARNING : FAST : Port NET received more messages than were sent! Resetting!
2022-08-21 16:41:10,777 : WARNING : FAST : Port NET received more messages than were sent! Resetting!
2022-08-21 16:41:10,777 : WARNING : FAST : Port NET received more messages than were sent! Resetting!
2022-08-21 16:41:10,777 : WARNING : FAST : Port NET received more messages than were sent! Resetting!
2022-08-21 16:41:10,778 : WARNING : FAST : Port NET received more messages than were sent! Resetting!
2022-08-21 16:41:10,778 : WARNING : FAST : Port NET received more messages than were sent! Resetting!
2022-08-21 16:41:10,778 : WARNING : FAST : Port NET received more messages than were sent! Resetting!
2022-08-21 16:41:10,778 : WARNING : FAST : Port NET received more messages than were sent! Resetting!
2022-08-21 16:41:10,778 : WARNING : FAST : Port NET received more messages than were sent! Resetting!
2022-08-21 16:41:10,778 : WARNING : FAST : Port NET received more messages than were sent! Resetting!
2022-08-21 16:41:10,778 : WARNING : FAST : Port NET received more messages than were sent! Resetting!
2022-08-21 16:41:10,778 : WARNING : FAST : Port NET received more messages than were sent! Resetting!
2022-08-21 16:41:10,778 : WARNING : FAST : Port NET received more messages than were sent! Resetting!
2022-08-21 16:41:10,778 : WARNING : FAST : Port NET received more messages than were sent! Resetting!
2022-08-21 16:41:10,778 : WARNING : FAST : Port NET received more messages than were sent! Resetting!
2022-08-21 16:41:10,778 : WARNING : FAST : Port NET received more messages than were sent! Resetting!
2022-08-21 16:41:10,778 : WARNING : FAST : Port NET received more messages than were sent! Resetting!
2022-08-21 16:41:10,779 : INFO : EventManager : Event: ======'machine_reset_phase_1'====== Args={}
2022-08-21 16:41:10,784 : INFO : EventManager : Event: ======'machine_reset_phase_2'====== Args={}
2022-08-21 16:41:10,784 : INFO : EventManager : Event: ======'machine_reset_phase_3'====== Args={}
2022-08-21 16:41:10,785 : INFO : EventManager : Event: ======'reset_complete'====== Args={}
2022-08-21 16:41:10,785 : INFO : EventManager : Event: ======'mode_attract_will_start'====== Args={}
2022-08-21 16:41:10,786 : INFO : EventManager : Event: ======'mode_attract_starting'====== Args={}
2022-08-21 16:41:10,786 : INFO : Mode.attract : Started. Priority: 10
2022-08-21 16:41:10,786 : INFO : EventManager : Event: ======'modes_active_modes_changed'====== Args={}
2022-08-21 16:41:10,786 : INFO : EventManager : Event: ======'mode_attract_started'====== Args={}
2022-08-21 16:41:10,788 : INFO : EventManager : Event: ======'collecting_balls_complete'====== Args={}
2022-08-21 16:41:10,808 : INFO : EventManager : Event: ======'slide_show_13.slide_player-0_created'====== Args={'_from_bcp': True}
2022-08-21 16:41:10,808 : INFO : EventManager : Event: ======'slide_show_13.slide_player-0_active'====== Args={'_from_bcp': True}
2022-08-21 16:41:10,809 : INFO : Machine : Starting the main run loop.
2022-08-21 16:41:12,018 : INFO : SwitchController : <<<<<<< 's_start' active >>>>>>>
2022-08-21 16:41:12,162 : INFO : SwitchController : <<<<<<< 's_start' inactive >>>>>>>
2022-08-21 16:41:12,162 : INFO : EventManager : Event: ======'request_to_start_game'====== Args={}
2022-08-21 16:41:12,163 : INFO : EventManager : Event: ======'game_start'====== Args={'buttons': [], 'hold_time': 0.14099999999962165}
2022-08-21 16:41:12,163 : INFO : EventManager : Event: ======'mode_game_will_start'====== Args={'buttons': [], 'hold_time': 0.14099999999962165}
2022-08-21 16:41:12,164 : INFO : EventManager : Event: ======'mode_game_starting'====== Args={'buttons': [], 'hold_time': 0.14099999999962165}
2022-08-21 16:41:12,165 : INFO : EventManager : Event: ======'mode_attract_will_stop'====== Args={}
2022-08-21 16:41:12,165 : INFO : EventManager : Event: ======'mode_attract_stopping'====== Args={}
2022-08-21 16:41:12,165 : INFO : Mode.attract : Stopped.
2022-08-21 16:41:12,165 : INFO : EventManager : Event: ======'modes_active_modes_changed'====== Args={}
2022-08-21 16:41:12,169 : INFO : EventManager : Event: ======'mode_attract_stopped'====== Args={}
2022-08-21 16:41:12,169 : INFO : EventManager : Event: ======'clear'====== Args={'key': 'attract'}
2022-08-21 16:41:12,170 : INFO : Mode.game : Started. Priority: 20
2022-08-21 16:41:12,170 : INFO : EventManager : Event: ======'modes_active_modes_changed'====== Args={}
2022-08-21 16:41:12,170 : INFO : EventManager : Event: ======'mode_game_started'====== Args={'buttons': [], 'hold_time': 0.14099999999962165}
2022-08-21 16:41:12,179 : INFO : EventManager : Event: ======'game_will_start'====== Args={}
2022-08-21 16:41:12,181 : INFO : EventManager : Event: ======'game_starting'====== Args={'game': <Mode.game>}
2022-08-21 16:41:12,181 : INFO : EventManager : Event: ======'slide_show_13.slide_player-0_removed'====== Args={'_from_bcp': True}
2022-08-21 16:41:12,182 : INFO : EventManager : Event: ======'slide_window_blank_active'====== Args={'_from_bcp': True}
2022-08-21 16:41:12,183 : INFO : EventManager : Event: ======'player_add_request'====== Args={}
2022-08-21 16:41:12,184 : INFO : EventManager : Event: ======'player_will_add'====== Args={'number': 1}
2022-08-21 16:41:12,185 : INFO : EventManager : Event: ======'player_adding'====== Args={'player': <Player 1>, 'number': 1}
2022-08-21 16:41:12,185 : INFO : EventManager : Event: ======'player_added'====== Args={'player': <Player 1>, 'num': 1}
2022-08-21 16:41:12,185 : INFO : Mode.game : Player added successfully. Total players: 1
2022-08-21 16:41:12,186 : INFO : EventManager : Event: ======'player_index'====== Args={'value': 0, 'prev_value': 0, 'change': 0, 'player_num': 1}
2022-08-21 16:41:12,186 : INFO : EventManager : Event: ======'player_number'====== Args={'value': 1, 'prev_value': 1, 'change': 0, 'player_num': 1}
2022-08-21 16:41:12,186 : INFO : EventManager : Event: ======'player_mode_value'====== Args={'value': 1000000, 'prev_value': 1000000, 'change': 0, 'player_num': 1}
2022-08-21 16:41:12,187 : INFO : EventManager : Event: ======'player_bonus_multiplier'====== Args={'value': 1, 'prev_value': 1, 'change': 0, 'player_num': 1}
2022-08-21 16:41:12,187 : INFO : EventManager : Event: ======'player_playfield_multiplier'====== Args={'value': 1, 'prev_value': 1, 'change': 0, 'player_num': 1}
2022-08-21 16:41:12,188 : INFO : EventManager : Event: ======'player_score'====== Args={'value': 0, 'prev_value': 0, 'change': 0, 'player_num': 1}
2022-08-21 16:41:12,189 : INFO : EventManager : Event: ======'game_started'====== Args={}
2022-08-21 16:41:12,224 : INFO : EventManager : Event: ======'player_turn_will_start'====== Args={'player': <Player 1>, 'number': 1}
2022-08-21 16:41:12,225 : INFO : EventManager : Event: ======'player_turn_starting'====== Args={'player': <Player 1>, 'number': 1}
2022-08-21 16:41:12,226 : INFO : EventManager : Event: ======'player_ball'====== Args={'value': 1, 'prev_value': 0, 'change': 1, 'player_num': 1}
2022-08-21 16:41:12,227 : INFO : EventManager : Event: ======'player_turn_started'====== Args={'player': <Player 1>, 'number': 1}
2022-08-21 16:41:12,228 : INFO : EventManager : Event: ======'ball_will_start'====== Args={'player': 1, 'ball': 1, 'balls_remaining': 2, 'is_extra_ball': False}
2022-08-21 16:41:12,234 : INFO : EventManager : Event: ======'ball_starting'====== Args={'player': 1, 'ball': 1, 'balls_remaining': 2, 'is_extra_ball': False}
2022-08-21 16:41:12,235 : INFO : EventManager : Event: ======'balls_in_play'====== Args={'balls': 1}
2022-08-21 16:41:12,235 : INFO : EventManager : Event: ======'ball_started'====== Args={'player': 1, 'ball': 1, 'balls_remaining': 2, 'is_extra_ball': False}
2022-08-21 16:41:12,236 : INFO : EventManager : Event: ======'mode_combos_will_start'====== Args={'player': 1, 'ball': 1, 'balls_remaining': 2, 'is_extra_ball': False}
2022-08-21 16:41:12,243 : INFO : EventManager : Event: ======'mode_combos_starting'====== Args={'player': 1, 'ball': 1, 'balls_remaining': 2, 'is_extra_ball': False}
2022-08-21 16:41:12,243 : INFO : EventManager : Event: ======'mode_base_will_start'====== Args={'player': 1, 'ball': 1, 'balls_remaining': 2, 'is_extra_ball': False}
2022-08-21 16:41:12,243 : INFO : EventManager : Event: ======'player_shot_l_lane_enabled'====== Args={'value': True, 'prev_value': 0, 'change': 1, 'player_num': 1}
2022-08-21 16:41:12,244 : INFO : EventManager : Event: ======'player_shot_r_lane_enabled'====== Args={'value': True, 'prev_value': 0, 'change': 1, 'player_num': 1}
2022-08-21 16:41:12,245 : INFO : EventManager : Event: ======'player_shot_center_target_enabled'====== Args={'value': True, 'prev_value': 0, 'change': 1, 'player_num': 1}
2022-08-21 16:41:12,245 : INFO : EventManager : Event: ======'bonus_lanes_complete'====== Args={'state': 'unlit'}
2022-08-21 16:41:12,245 : INFO : EventManager : Event: ======'bonus_lanes_unlit_complete'====== Args={}
2022-08-21 16:41:12,246 : INFO : EventManager : Event: ======'player_extra_ball_two_modes_complete_num_awarded'====== Args={'value': 0, 'prev_value': 0, 'change': 0, 'player_num': 1}
2022-08-21 16:41:12,246 : INFO : EventManager : Event: ======'achievement_mission1_changed_state'====== Args={'restore': False, 'state': 'disabled', 'selected': False}
2022-08-21 16:41:12,246 : INFO : EventManager : Event: ======'achievement_mission1_state_disabled'====== Args={'restore': False, 'state': 'disabled', 'selected': False}
2022-08-21 16:41:12,247 : INFO : EventManager : Event: ======'achievement_mission2_changed_state'====== Args={'restore': False, 'state': 'disabled', 'selected': False}
2022-08-21 16:41:12,247 : INFO : EventManager : Event: ======'achievement_mission2_state_disabled'====== Args={'restore': False, 'state': 'disabled', 'selected': False}
2022-08-21 16:41:12,247 : INFO : EventManager : Event: ======'achievement_mission3_changed_state'====== Args={'restore': False, 'state': 'disabled', 'selected': False}
2022-08-21 16:41:12,247 : INFO : EventManager : Event: ======'achievement_mission3_state_disabled'====== Args={'restore': False, 'state': 'disabled', 'selected': False}
2022-08-21 16:41:12,247 : INFO : EventManager : Event: ======'achievement_mission4_changed_state'====== Args={'restore': False, 'state': 'disabled', 'selected': False}
2022-08-21 16:41:12,247 : INFO : EventManager : Event: ======'achievement_mission4_state_disabled'====== Args={'restore': False, 'state': 'disabled', 'selected': False}
2022-08-21 16:41:12,255 : INFO : EventManager : Event: ======'mode_base_starting'====== Args={'player': 1, 'ball': 1, 'balls_remaining': 2, 'is_extra_ball': False}
2022-08-21 16:41:12,256 : INFO : EventManager : Event: ======'mode_super_features_will_start'====== Args={'player': 1, 'ball': 1, 'balls_remaining': 2, 'is_extra_ball': False}
2022-08-21 16:41:12,256 : INFO : EventManager : Event: ======'achievement_super_spinners_changed_state'====== Args={'restore': False, 'state': 'disabled', 'selected': False}
2022-08-21 16:41:12,256 : INFO : EventManager : Event: ======'achievement_super_spinners_state_disabled'====== Args={'restore': False, 'state': 'disabled', 'selected': False}
2022-08-21 16:41:12,256 : INFO : EventManager : Event: ======'achievement_super_targets_changed_state'====== Args={'restore': False, 'state': 'disabled', 'selected': False}
2022-08-21 16:41:12,256 : INFO : EventManager : Event: ======'achievement_super_targets_state_disabled'====== Args={'restore': False, 'state': 'disabled', 'selected': False}
2022-08-21 16:41:12,256 : INFO : EventManager : Event: ======'achievement_super_lanes_changed_state'====== Args={'restore': False, 'state': 'disabled', 'selected': False}
2022-08-21 16:41:12,256 : INFO : EventManager : Event: ======'achievement_super_lanes_state_disabled'====== Args={'restore': False, 'state': 'disabled', 'selected': False}
2022-08-21 16:41:12,256 : INFO : EventManager : Event: ======'achievement_super_slings_changed_state'====== Args={'restore': False, 'state': 'disabled', 'selected': False}
2022-08-21 16:41:12,257 : INFO : EventManager : Event: ======'achievement_super_slings_state_disabled'====== Args={'restore': False, 'state': 'disabled', 'selected': False}
2022-08-21 16:41:12,259 : INFO : EventManager : Event: ======'mode_super_features_starting'====== Args={'player': 1, 'ball': 1, 'balls_remaining': 2, 'is_extra_ball': False}
2022-08-21 16:41:12,259 : INFO : drop_target_bank.main : All targets are already up. Will not reset bank.
2022-08-21 16:41:12,259 : INFO : Mode.super_features : Started. Priority: 100
2022-08-21 16:41:12,260 : INFO : EventManager : Event: ======'modes_active_modes_changed'====== Args={}
2022-08-21 16:41:12,260 : INFO : EventManager : Event: ======'mode_super_features_started'====== Args={'player': 1, 'ball': 1, 'balls_remaining': 2, 'is_extra_ball': False}
2022-08-21 16:41:12,260 : INFO : Mode.combos : Started. Priority: 700
2022-08-21 16:41:12,260 : INFO : EventManager : Event: ======'modes_active_modes_changed'====== Args={}
2022-08-21 16:41:12,260 : INFO : EventManager : Event: ======'mode_combos_started'====== Args={'player': 1, 'ball': 1, 'balls_remaining': 2, 'is_extra_ball': False}
2022-08-21 16:41:12,261 : INFO : EventManager : Event: ======'logicblock_mode_completion_counter_updated'====== Args={'value': 0, 'enabled': True}
2022-08-21 16:41:12,261 : INFO : EventManager : Event: ======'logicblock_mode_completion_counter_updated'====== Args={'value': 0, 'enabled': True}
2022-08-21 16:41:12,261 : INFO : Mode.base : Started. Priority: 100
2022-08-21 16:41:12,261 : INFO : EventManager : Event: ======'modes_active_modes_changed'====== Args={}
2022-08-21 16:41:12,261 : INFO : EventManager : Event: ======'mode_base_started'====== Args={'player': 1, 'ball': 1, 'balls_remaining': 2, 'is_extra_ball': False}
2022-08-21 16:41:12,261 : INFO : EventManager : Event: ======'ball_save_base_save_enabled'====== Args={}
2022-08-21 16:41:12,261 : INFO : EventManager : Event: ======'mode_spell_warp_will_start'====== Args={'player': 1, 'ball': 1, 'balls_remaining': 2, 'is_extra_ball': False}
2022-08-21 16:41:12,262 : INFO : EventManager : Event: ======'player_shot_warp_advance_enabled'====== Args={'value': True, 'prev_value': 0, 'change': 1, 'player_num': 1}
2022-08-21 16:41:12,263 : INFO : EventManager : Event: ======'mode_spell_warp_starting'====== Args={'player': 1, 'ball': 1, 'balls_remaining': 2, 'is_extra_ball': False}
2022-08-21 16:41:12,264 : INFO : EventManager : Event: ======'mode_spell_portal_will_start'====== Args={'player': 1, 'ball': 1, 'balls_remaining': 2, 'is_extra_ball': False}
2022-08-21 16:41:12,264 : INFO : EventManager : Event: ======'player_shot_portal_advance_enabled'====== Args={'value': True, 'prev_value': 0, 'change': 1, 'player_num': 1}
2022-08-21 16:41:12,267 : INFO : EventManager : Event: ======'mode_spell_portal_starting'====== Args={'player': 1, 'ball': 1, 'balls_remaining': 2, 'is_extra_ball': False}
2022-08-21 16:41:12,267 : INFO : EventManager : Event: ======'mode_spell_galaxy_will_start'====== Args={'player': 1, 'ball': 1, 'balls_remaining': 2, 'is_extra_ball': False}
2022-08-21 16:41:12,268 : INFO : EventManager : Event: ======'player_shot_galaxy_advance_enabled'====== Args={'value': True, 'prev_value': 0, 'change': 1, 'player_num': 1}
2022-08-21 16:41:12,270 : INFO : EventManager : Event: ======'mode_spell_galaxy_starting'====== Args={'player': 1, 'ball': 1, 'balls_remaining': 2, 'is_extra_ball': False}
2022-08-21 16:41:12,270 : INFO : drop_target_bank.main : All targets are already up. Will not reset bank.
2022-08-21 16:41:12,270 : INFO : EventManager : Event: ======'single_player_ball_started'====== Args={}
2022-08-21 16:41:12,289 : INFO : EventManager : Event: ======'logicblock_warp_counter_updated'====== Args={'value': 0, 'enabled': True}
2022-08-21 16:41:12,289 : INFO : EventManager : Event: ======'logicblock_warp_counter_updated'====== Args={'value': 0, 'enabled': True}
2022-08-21 16:41:12,289 : INFO : Mode.spell_warp : Started. Priority: 200
2022-08-21 16:41:12,289 : INFO : EventManager : Event: ======'modes_active_modes_changed'====== Args={}
2022-08-21 16:41:12,289 : INFO : EventManager : Event: ======'mode_spell_warp_started'====== Args={'player': 1, 'ball': 1, 'balls_remaining': 2, 'is_extra_ball': False}
2022-08-21 16:41:12,290 : INFO : EventManager : Event: ======'logicblock_portal_counter_updated'====== Args={'value': 0, 'enabled': True}
2022-08-21 16:41:12,290 : INFO : EventManager : Event: ======'logicblock_portal_counter_updated'====== Args={'value': 0, 'enabled': True}
2022-08-21 16:41:12,290 : INFO : Mode.spell_portal : Started. Priority: 200
2022-08-21 16:41:12,290 : INFO : EventManager : Event: ======'modes_active_modes_changed'====== Args={}
2022-08-21 16:41:12,290 : INFO : EventManager : Event: ======'mode_spell_portal_started'====== Args={'player': 1, 'ball': 1, 'balls_remaining': 2, 'is_extra_ball': False}
2022-08-21 16:41:12,290 : INFO : EventManager : Event: ======'logicblock_galaxy_counter_updated'====== Args={'value': 0, 'enabled': True}
2022-08-21 16:41:12,290 : INFO : EventManager : Event: ======'logicblock_galaxy_counter_updated'====== Args={'value': 0, 'enabled': True}
2022-08-21 16:41:12,290 : INFO : Mode.spell_galaxy : Started. Priority: 200
2022-08-21 16:41:12,290 : INFO : EventManager : Event: ======'modes_active_modes_changed'====== Args={}
2022-08-21 16:41:12,290 : INFO : EventManager : Event: ======'mode_spell_galaxy_started'====== Args={'player': 1, 'ball': 1, 'balls_remaining': 2, 'is_extra_ball': False}
2022-08-21 16:41:12,292 : INFO : EventManager : Event: ======'achievement_super_spinners_changed_state'====== Args={'restore': False, 'state': 'enabled', 'selected': False}
2022-08-21 16:41:12,292 : INFO : EventManager : Event: ======'achievement_super_spinners_state_enabled'====== Args={'restore': False, 'state': 'enabled', 'selected': False}
2022-08-21 16:41:12,292 : INFO : EventManager : Event: ======'achievement_super_targets_changed_state'====== Args={'restore': False, 'state': 'enabled', 'selected': False}
2022-08-21 16:41:12,292 : INFO : EventManager : Event: ======'achievement_super_targets_state_enabled'====== Args={'restore': False, 'state': 'enabled', 'selected': False}
2022-08-21 16:41:12,292 : INFO : EventManager : Event: ======'achievement_super_lanes_changed_state'====== Args={'restore': False, 'state': 'enabled', 'selected': False}
2022-08-21 16:41:12,293 : INFO : EventManager : Event: ======'achievement_super_lanes_state_enabled'====== Args={'restore': False, 'state': 'enabled', 'selected': False}
2022-08-21 16:41:12,293 : INFO : EventManager : Event: ======'achievement_super_slings_changed_state'====== Args={'restore': False, 'state': 'enabled', 'selected': False}
2022-08-21 16:41:12,293 : INFO : EventManager : Event: ======'achievement_super_slings_state_enabled'====== Args={'restore': False, 'state': 'enabled', 'selected': False}
2022-08-21 16:41:12,293 : INFO : EventManager : Event: ======'achievement_super_spinners_changed_state'====== Args={'restore': False, 'state': 'enabled', 'selected': True}
2022-08-21 16:41:12,293 : INFO : EventManager : Event: ======'achievement_super_spinners_state_enabled'====== Args={'restore': False, 'state': 'enabled', 'selected': True}
2022-08-21 16:41:12,293 : INFO : EventManager : Event: ======'achievement_super_spinners_state_selected'====== Args={'restore': False, 'state': 'enabled', 'selected': True}
2022-08-21 16:41:12,294 : INFO : EventManager : Event: ======'ball_start_target'====== Args={'target': 'playfield'}
2022-08-21 16:41:12,313 : INFO : ball_device.bd_drain : Setting up player-controlled eject. Balls: 1, Target: <playfield.playfield>, player_controlled_eject_event: s_action_button_active
2022-08-21 16:41:12,313 : INFO : EventManager : Event: ======'balldevice_balls_available'====== Args={}
2022-08-21 16:41:12,314 : INFO : EventManager : Event: ======'slide_score_slide_created'====== Args={'_from_bcp': True}
2022-08-21 16:41:12,316 : INFO : EventManager : Event: ======'slide_score_slide_active'====== Args={'_from_bcp': True}
2022-08-21 16:41:12,317 : INFO : ball_device.bd_drain : State: waiting_for_target_ready
2022-08-21 16:41:12,318 : INFO : EventManager : Event: ======'balldevice_bd_drain_ball_eject_attempt'====== Args={'balls': 1, 'target': <playfield.playfield>, 'source': <ball_device.bd_drain>, 'mechanical_eject': True, 'num_attempts': 0}
2022-08-21 16:41:12,318 : INFO : ball_device.bd_drain : State: ejecting
2022-08-21 16:41:12,318 : INFO : ball_device.bd_drain : Ejecting ball to <playfield.playfield>
2022-08-21 16:41:12,318 : INFO : EventManager : Event: ======'balldevice_bd_drain_ejecting_ball'====== Args={'balls': 1, 'target': <playfield.playfield>, 'source': <ball_device.bd_drain>, 'mechanical_eject': True, 'num_attempts': 0}
2022-08-21 16:41:12,319 : INFO : ball_device.bd_drain : Wait for ball to leave device
2022-08-21 16:41:26,430 : INFO : Machine : Shutting down...
2022-08-21 16:41:26,430 : INFO : EventManager : Event: ======'shutdown'====== Args={}
2022-08-21 16:41:26,461 : WARNING : FAST : Port RGB received more messages than were sent! Resetting!
2022-08-21 16:41:26,461 : WARNING : FAST : Received unknown serial command? BX:P from RGB.
2022-08-21 16:41:26,461 : WARNING : FAST : Port NET received more messages than were sent! Resetting!
2022-08-21 16:41:26,539 : ERROR : FAST : Stop called on serial connection com7
2022-08-21 16:41:26,539 : ERROR : FAST : Stop called on serial connection com8
2022-08-21 16:41:26,757 : INFO : root : MPF run loop ended.
