2022-08-21 17:36:27,047 : kivy : Factory: 186 symbols loaded
2022-08-21 17:36:27,188 : kivy : ImageLoaderFFPy: Using ffpyplayer 4.3.2
2022-08-21 17:36:27,188 : kivy : Image: Providers: img_tex, img_dds, img_sdl2, img_pil, img_ffpyplayer 
2022-08-21 17:36:27,233 : kivy : VideoGstplayer: Using Gstreamer 1.18.0.0
2022-08-21 17:36:27,233 : kivy : Video: Provider: gstplayer
2022-08-21 17:36:27,397 : kivy : Loading MPF-MC controller
2022-08-21 17:36:27,929 : ConfigProcessor : Config spec file cache created: C:\Users\Brendan\AppData\Local\Temp\config_spec.mpf_cache
2022-08-21 17:36:27,930 : YamlMultifileConfigLoader : Machine config file #1: config
2022-08-21 17:36:27,930 : ConfigProcessor : Config file in cache changed: C:\Baby_pacman_code\machine\config\config
2022-08-21 17:36:27,930 : ConfigProcessor : Loading config from file c:\users\brendan\appdata\local\programs\python\python37\lib\site-packages\mpfmc\mcconfig.yaml.
2022-08-21 17:36:27,980 : ConfigProcessor : Loading config: c:\users\brendan\appdata\local\programs\python\python37\lib\site-packages\mpfmc\mcconfig.yaml
2022-08-21 17:36:27,981 : ConfigProcessor : Loading config from file C:\Baby_pacman_code\machine\config\config.
2022-08-21 17:36:28,107 : ConfigProcessor : Loading config: C:\Baby_pacman_code\machine\config\config
2022-08-21 17:36:28,110 : ConfigProcessor : Config file cache created: C:\Users\Brendan\AppData\Local\Temp\e68bda1e95a8aa0185725ca2569cabab.mpf_cache
2022-08-21 17:36:28,110 : ConfigProcessor : Loading config from cache: C:\Users\Brendan\AppData\Local\Temp\467e7647689d29fad6adf949e1f4d51d.mpf_cache
2022-08-21 17:36:28,111 : ConfigProcessor : Loading config from cache: C:\Users\Brendan\AppData\Local\Temp\5550e037aa776b42b91b29b40b356c70.mpf_cache
2022-08-21 17:36:28,111 : ConfigProcessor : Loading config from cache: C:\Users\Brendan\AppData\Local\Temp\15e0c601392b30c3d9ba3ead8131edb5.mpf_cache
2022-08-21 17:36:28,112 : ConfigProcessor : Loading config from cache: C:\Users\Brendan\AppData\Local\Temp\0bf50917c4ef15ab65ee13d6c14e7d7c.mpf_cache
2022-08-21 17:36:28,113 : ConfigProcessor : Loading config from cache: C:\Users\Brendan\AppData\Local\Temp\bc7da7b13b2754e080c2afa0678ac274.mpf_cache
2022-08-21 17:36:28,113 : ConfigProcessor : Loading config from cache: C:\Users\Brendan\AppData\Local\Temp\bbd59d0bb6602ee0c5a89d6f85e6dd42.mpf_cache
2022-08-21 17:36:28,114 : ConfigProcessor : Loading config from cache: C:\Users\Brendan\AppData\Local\Temp\5526c78976fee311c3d05505d75f653d.mpf_cache
2022-08-21 17:36:28,114 : ConfigProcessor : Loading config from cache: C:\Users\Brendan\AppData\Local\Temp\6e95138ae5415fc76b53ebf8fa245fb5.mpf_cache
2022-08-21 17:36:28,115 : ConfigProcessor : Loading config from cache: C:\Users\Brendan\AppData\Local\Temp\1ec1c4dffb383758956493783a9ed391.mpf_cache
2022-08-21 17:36:28,115 : ConfigProcessor : Loading config from cache: C:\Users\Brendan\AppData\Local\Temp\f2aee92728c8017b77c710c804dd7f5a.mpf_cache
2022-08-21 17:36:28,116 : ConfigProcessor : Loading config from cache: C:\Users\Brendan\AppData\Local\Temp\88f57fa1305e9dc100972ec9f84d57fe.mpf_cache
2022-08-21 17:36:28,117 : ConfigProcessor : Loading config from cache: C:\Users\Brendan\AppData\Local\Temp\6e00a9d794d4c3f43a0fc48da04dac60.mpf_cache
2022-08-21 17:36:28,118 : ConfigProcessor : Loading config from cache: C:\Users\Brendan\AppData\Local\Temp\05ef98219fc733c3bcab58726c4b37ef.mpf_cache
2022-08-21 17:36:28,118 : ConfigProcessor : Loading config from cache: C:\Users\Brendan\AppData\Local\Temp\c22d657a5a7bb60632c2be2c735e073b.mpf_cache
2022-08-21 17:36:28,119 : ConfigProcessor : Loading config from cache: C:\Users\Brendan\AppData\Local\Temp\f7d4f5eb9425fe84d2e83a363afd4bdf.mpf_cache
2022-08-21 17:36:28,120 : ConfigProcessor : Loading config from cache: C:\Users\Brendan\AppData\Local\Temp\125f51d329f930ea7bff10973551cc26.mpf_cache
2022-08-21 17:36:28,120 : ConfigProcessor : Loading config from cache: C:\Users\Brendan\AppData\Local\Temp\08e18dfdf4e02cd29cc0cc52be2faaf4.mpf_cache
2022-08-21 17:36:28,121 : ConfigProcessor : Loading config from cache: C:\Users\Brendan\AppData\Local\Temp\f042f5bf6362b9e04d43b40b93a92057.mpf_cache
2022-08-21 17:36:28,121 : ConfigProcessor : Loading config from cache: C:\Users\Brendan\AppData\Local\Temp\60badac06cd62deb71f25fac24b103c2.mpf_cache
2022-08-21 17:36:28,122 : ConfigProcessor : Loading config from cache: C:\Users\Brendan\AppData\Local\Temp\a3ad1aeb679a0686901de8a6ffe784f0.mpf_cache
2022-08-21 17:36:28,122 : ConfigProcessor : Loading config from cache: C:\Users\Brendan\AppData\Local\Temp\d7856287e4ec48fb5adaa65e5f7b2848.mpf_cache
2022-08-21 17:36:28,123 : mpfmc : Mission Pinball Framework Media Controller v0.55.0
2022-08-21 17:36:28,123 : mpfmc : Mission Pinball Framework Game Engine v0.55.0
2022-08-21 17:36:28,123 : mpfmc : Machine path: C:\Baby_pacman_code\machine
2022-08-21 17:36:28,123 : mpfmc : Starting clock at 60.0Hz
2022-08-21 17:36:28,135 : kivy : Text: Provider: sdl2
2022-08-21 17:36:28,169 : kivy : Window: Provider: sdl2
2022-08-21 17:36:28,237 : kivy : GL: Using the "OpenGL" graphics system
2022-08-21 17:36:28,237 : kivy : GL: GLEW initialization succeeded
2022-08-21 17:36:28,238 : kivy : GL: Backend used <glew>
2022-08-21 17:36:28,238 : kivy : GL: OpenGL version <b'3.1.0 - Build 9.17.10.3517'>
2022-08-21 17:36:28,238 : kivy : GL: OpenGL vendor <b'Intel'>
2022-08-21 17:36:28,238 : kivy : GL: OpenGL renderer <b'Intel(R) HD Graphics 2000'>
2022-08-21 17:36:28,238 : kivy : GL: OpenGL parsed version: 3, 1
2022-08-21 17:36:28,238 : kivy : GL: Shading version <b'1.40 - Intel Build 9.17.10.3517'>
2022-08-21 17:36:28,238 : kivy : GL: Texture max size <8192>
2022-08-21 17:36:28,238 : kivy : GL: Texture max units <16>
2022-08-21 17:36:28,306 : kivy : Window: auto add sdl2 input provider
2022-08-21 17:36:28,307 : kivy : Window: virtual keyboard not allowed, single mode, not docked
2022-08-21 17:36:28,456 : AudioInterface : Initialized
2022-08-21 17:36:28,456 : AudioInterface : Loaded SDL 2.0.12
2022-08-21 17:36:28,456 : AudioInterface : Loaded SDL_Mixer 2.0.4
2022-08-21 17:36:28,456 : AudioInterface : Loaded GStreamer 1.18.0.0
2022-08-21 17:36:28,456 : AudioInterface : Loaded GLib 2.62.6
2022-08-21 17:36:28,456 : AudioInterface : Settings requested - rate: 44100, channels: 1, buffer: 2048 samples
2022-08-21 17:36:28,456 : AudioInterface : Settings in use - rate: 44100, channels: 1, buffer: 2048 samples (4096 bytes @ 2 bytes per sample)
2022-08-21 17:36:28,457 : SoundSystem : Setting master volume to 0.0
2022-08-21 17:36:28,457 : SoundSystem : master_volume in sound_system is deprecated and will be removed in the future.
2022-08-21 17:36:28,457 : AudioInterface : Enabling audio playback
2022-08-21 17:36:28,459 : kivy : Base: Start application main loop
2022-08-21 17:36:28,460 : EventManager : Event: ======'display_window_initialized'====== Args={}
2022-08-21 17:36:28,476 : mpfmc : Display: Setting 'window' as default display
2022-08-21 17:36:28,483 : mpfmc : ASPECT RATIO MISMATCH: The on-screen window is not the same aspect ratio as the display called 'window'. The logical display will be scaled from 1366x768 to the window size 1916x1054, and a black bar will make up the difference
2022-08-21 17:36:28,484 : EventManager : Event: ======'displays_initialized'====== Args={}
2022-08-21 17:36:28,486 : EventManager : Event: ======'slide_window_blank_created'====== Args={}
2022-08-21 17:36:28,486 : EventManager : Event: ======'display_window_ready'====== Args={}
2022-08-21 17:36:28,496 : EventManager : Event: ======'init_phase_1'====== Args={}
2022-08-21 17:36:28,503 : EventManager : Event: ======'mc_ready'====== Args={}
2022-08-21 17:36:28,503 : EventManager : Event: ======'init_phase_2'====== Args={}
2022-08-21 17:36:28,536 : EventManager : Event: ======'init_phase_3'====== Args={}
2022-08-21 17:36:28,542 : EventManager : Event: ======'init_phase_4'====== Args={}
2022-08-21 17:36:28,542 : EventManager : Event: ======'init_phase_5'====== Args={}
2022-08-21 17:36:28,593 : kivy : GL: NPOT texture support is available
2022-08-21 17:36:28,612 : kivy : GL: Unpack subimage support is available
2022-08-21 17:36:28,643 : EventManager : Event: ======'loading_assets'====== Args={'total': 27, 'loaded': 1, 'remaining': 26, 'percent': 4}
2022-08-21 17:36:28,643 : AssetManager : Loading assets: 1/27 (4%)
2022-08-21 17:36:29,861 : EventManager : Event: ======'loading_assets'====== Args={'total': 27, 'loaded': 2, 'remaining': 25, 'percent': 7}
2022-08-21 17:36:29,861 : AssetManager : Loading assets: 2/27 (7%)
2022-08-21 17:36:31,411 : EventManager : Event: ======'loading_assets'====== Args={'total': 27, 'loaded': 14, 'remaining': 13, 'percent': 52}
2022-08-21 17:36:31,411 : AssetManager : Loading assets: 14/27 (52%)
2022-08-21 17:36:32,141 : EventManager : Event: ======'loading_assets'====== Args={'total': 27, 'loaded': 27, 'remaining': 0, 'percent': 100}
2022-08-21 17:36:32,141 : AssetManager : Asset loading took: 3.6842105388641357
2022-08-21 17:36:32,142 : EventManager : Event: ======'asset_loading_complete'====== Args={}
2022-08-21 17:36:32,142 : AssetManager : Loading assets: 27/27 (100%)
2022-08-21 17:36:32,142 : EventManager : Event: ======'init_done'====== Args={}
2022-08-21 17:36:32,142 : MPF-MC BCP Server : Starting up on localhost port 5050
2022-08-21 17:36:32,145 : MPF-MC BCP Server : Waiting for a connection...
2022-08-21 17:36:32,158 : EventManager : Event: ======'client_disconnected'====== Args={'host': '127.0.0.1', 'port': 5050}
2022-08-21 17:36:32,467 : MPF-MC BCP Server : Received connection from: 127.0.0.1:49412
2022-08-21 17:36:32,468 : EventManager : Event: ======'client_connected'====== Args={'host': '127.0.0.1', 'port': 49412}
2022-08-21 17:36:32,481 : EventManager : Event: ======'machine_var_fast_net_firmware'====== Args={'value': '01.05', 'prev_value': None, 'change': True}
2022-08-21 17:36:32,481 : EventManager : Event: ======'machine_var_fast_net_model'====== Args={'value': 'FP-CPU-002-2', 'prev_value': None, 'change': True}
2022-08-21 17:36:32,481 : EventManager : Event: ======'machine_var_fast_rgb_firmware'====== Args={'value': '01.00', 'prev_value': None, 'change': True}
2022-08-21 17:36:32,482 : EventManager : Event: ======'machine_var_fast_rgb_model'====== Args={'value': 'FP-CPU-002-2', 'prev_value': None, 'change': True}
2022-08-21 17:36:32,482 : EventManager : Event: ======'machine_var_credits_string'====== Args={'value': 'FREE PLAY', 'prev_value': None, 'change': True}
2022-08-21 17:36:32,482 : EventManager : Event: ======'machine_var_master_volume'====== Args={'value': 0.5, 'prev_value': None, 'change': True}
2022-08-21 17:36:32,482 : EventManager : Event: ======'machine_var_player1_score'====== Args={'value': 58540490, 'prev_value': None, 'change': True}
2022-08-21 17:36:32,483 : EventManager : Event: ======'machine_var_mpf_version'====== Args={'value': 'MPF v0.55.0', 'prev_value': None, 'change': True}
2022-08-21 17:36:32,483 : EventManager : Event: ======'machine_var_mpf_extended_version'====== Args={'value': 'MPF v0.55.0, Config version:5, Show version: 5, BCP version:1.1', 'prev_value': None, 'change': True}
2022-08-21 17:36:32,483 : EventManager : Event: ======'machine_var_python_version'====== Args={'value': '3.7.8', 'prev_value': None, 'change': True}
2022-08-21 17:36:32,483 : EventManager : Event: ======'machine_var_platform'====== Args={'value': 'Windows-7-6.1.7601-SP1', 'prev_value': None, 'change': True}
2022-08-21 17:36:32,483 : EventManager : Event: ======'machine_var_platform_system'====== Args={'value': 'Windows', 'prev_value': None, 'change': True}
2022-08-21 17:36:32,483 : EventManager : Event: ======'machine_var_platform_release'====== Args={'value': '7', 'prev_value': None, 'change': True}
2022-08-21 17:36:32,484 : EventManager : Event: ======'machine_var_platform_version'====== Args={'value': '6.1.7601', 'prev_value': None, 'change': True}
2022-08-21 17:36:32,484 : EventManager : Event: ======'machine_var_platform_machine'====== Args={'value': 'AMD64', 'prev_value': None, 'change': True}
2022-08-21 17:36:32,484 : EventManager : Event: ======'machine_var_mc_version'====== Args={'value': 'MPF-MC v0.55.0', 'prev_value': None, 'change': True}
2022-08-21 17:36:32,484 : EventManager : Event: ======'machine_var_mc_extended_version'====== Args={'value': 'MPF-MC v0.55.0 (config_version=5, BCP v1.1, Requires MPF v0.55.0-dev.49)', 'prev_value': None, 'change': True}
2022-08-21 17:36:32,484 : SoundSystem : Setting master volume to 0.5
2022-08-21 17:36:32,973 : EventManager : Event: ======'machine_var_audits_events_game_ended'====== Args={'value': 0, 'prev_value': None, 'change': True}
2022-08-21 17:36:32,973 : EventManager : Event: ======'machine_var_audits_events_game_started'====== Args={'value': 0, 'prev_value': None, 'change': True}
2022-08-21 17:36:32,973 : EventManager : Event: ======'machine_var_audits_player_score'====== Args={'value': {'average': 10318150.616438355, 'top': [198719690, 195274570, 161094530, 160419680, 140071820, 132769060, 132262360, 127113160, 121863670, 115954110], 'total': 584}, 'prev_value': None, 'change': True}
2022-08-21 17:36:32,973 : EventManager : Event: ======'machine_var_audits_shots_center_drop_mission1'====== Args={'value': 507, 'prev_value': None, 'change': True}
2022-08-21 17:36:32,973 : EventManager : Event: ======'machine_var_audits_shots_center_target'====== Args={'value': 64, 'prev_value': None, 'change': True}
2022-08-21 17:36:32,973 : EventManager : Event: ======'machine_var_audits_shots_drop_target1_mission2'====== Args={'value': 219, 'prev_value': None, 'change': True}
2022-08-21 17:36:32,973 : EventManager : Event: ======'machine_var_audits_shots_drop_target2_mission2'====== Args={'value': 251, 'prev_value': None, 'change': True}
2022-08-21 17:36:32,973 : EventManager : Event: ======'machine_var_audits_shots_drop_target3_mission2'====== Args={'value': 282, 'prev_value': None, 'change': True}
2022-08-21 17:36:32,974 : EventManager : Event: ======'machine_var_audits_shots_drop_target4_mission2'====== Args={'value': 259, 'prev_value': None, 'change': True}
2022-08-21 17:36:32,974 : EventManager : Event: ======'machine_var_audits_shots_drop_target5_mission2'====== Args={'value': 220, 'prev_value': None, 'change': True}
2022-08-21 17:36:32,974 : EventManager : Event: ======'machine_var_audits_shots_drop_targets_mission3'====== Args={'value': 1436, 'prev_value': None, 'change': True}
2022-08-21 17:36:32,974 : EventManager : Event: ======'machine_var_audits_shots_galaxy_advance'====== Args={'value': 1988, 'prev_value': None, 'change': True}
2022-08-21 17:36:32,974 : EventManager : Event: ======'machine_var_audits_shots_l_lane'====== Args={'value': 604, 'prev_value': None, 'change': True}
2022-08-21 17:36:32,974 : EventManager : Event: ======'machine_var_audits_shots_left_kicker_mission2'====== Args={'value': 153, 'prev_value': None, 'change': True}
2022-08-21 17:36:32,974 : EventManager : Event: ======'machine_var_audits_shots_left_kicker_mission4'====== Args={'value': 114, 'prev_value': None, 'change': True}
2022-08-21 17:36:32,974 : EventManager : Event: ======'machine_var_audits_shots_left_loop_mission1'====== Args={'value': 571, 'prev_value': None, 'change': True}
2022-08-21 17:36:32,974 : EventManager : Event: ======'machine_var_audits_shots_left_loop_mission2'====== Args={'value': 254, 'prev_value': None, 'change': True}
2022-08-21 17:36:32,975 : EventManager : Event: ======'machine_var_audits_shots_left_loop_mission4'====== Args={'value': 374, 'prev_value': None, 'change': True}
2022-08-21 17:36:32,975 : EventManager : Event: ======'machine_var_audits_shots_portal_advance'====== Args={'value': 4491, 'prev_value': None, 'change': True}
2022-08-21 17:36:32,975 : EventManager : Event: ======'machine_var_audits_shots_r_lane'====== Args={'value': 533, 'prev_value': None, 'change': True}
2022-08-21 17:36:32,975 : EventManager : Event: ======'machine_var_audits_shots_right_kicker_mission2'====== Args={'value': 134, 'prev_value': None, 'change': True}
2022-08-21 17:36:32,975 : EventManager : Event: ======'machine_var_audits_shots_right_kicker_mission4'====== Args={'value': 133, 'prev_value': None, 'change': True}
2022-08-21 17:36:32,975 : EventManager : Event: ======'machine_var_audits_shots_right_loop_mission1'====== Args={'value': 659, 'prev_value': None, 'change': True}
2022-08-21 17:36:32,975 : EventManager : Event: ======'machine_var_audits_shots_right_loop_mission2'====== Args={'value': 291, 'prev_value': None, 'change': True}
2022-08-21 17:36:32,985 : EventManager : Event: ======'machine_var_audits_shots_right_loop_mission4'====== Args={'value': 423, 'prev_value': None, 'change': True}
2022-08-21 17:36:32,985 : EventManager : Event: ======'machine_var_audits_shots_warp_advance'====== Args={'value': 1078, 'prev_value': None, 'change': True}
2022-08-21 17:36:32,985 : EventManager : Event: ======'machine_var_audits_switches_s_action_button'====== Args={'value': 3904, 'prev_value': None, 'change': True}
2022-08-21 17:36:32,985 : EventManager : Event: ======'machine_var_audits_switches_s_drain'====== Args={'value': 2697, 'prev_value': None, 'change': True}
2022-08-21 17:36:32,985 : EventManager : Event: ======'machine_var_audits_switches_s_drop_target1'====== Args={'value': 1811, 'prev_value': None, 'change': True}
2022-08-21 17:36:32,985 : EventManager : Event: ======'machine_var_audits_switches_s_drop_target2'====== Args={'value': 2113, 'prev_value': None, 'change': True}
2022-08-21 17:36:32,985 : EventManager : Event: ======'machine_var_audits_switches_s_drop_target3'====== Args={'value': 2509, 'prev_value': None, 'change': True}
2022-08-21 17:36:32,985 : EventManager : Event: ======'machine_var_audits_switches_s_drop_target4'====== Args={'value': 2023, 'prev_value': None, 'change': True}
2022-08-21 17:36:32,985 : EventManager : Event: ======'machine_var_audits_switches_s_drop_target5'====== Args={'value': 1913, 'prev_value': None, 'change': True}
2022-08-21 17:36:32,986 : EventManager : Event: ======'machine_var_audits_switches_s_left_captive_ball'====== Args={'value': 472, 'prev_value': None, 'change': True}
2022-08-21 17:36:32,986 : EventManager : Event: ======'machine_var_audits_switches_s_left_flipper'====== Args={'value': 34034, 'prev_value': None, 'change': True}
2022-08-21 17:36:32,986 : EventManager : Event: ======'machine_var_audits_switches_s_left_inlane'====== Args={'value': 604, 'prev_value': None, 'change': True}
2022-08-21 17:36:32,986 : EventManager : Event: ======'machine_var_audits_switches_s_left_inlane_far'====== Args={'value': 3810, 'prev_value': None, 'change': True}
2022-08-21 17:36:32,986 : EventManager : Event: ======'machine_var_audits_switches_s_left_kicker'====== Args={'value': 1507, 'prev_value': None, 'change': True}
2022-08-21 17:36:32,986 : EventManager : Event: ======'machine_var_audits_switches_s_left_sling'====== Args={'value': 6757, 'prev_value': None, 'change': True}
2022-08-21 17:36:32,986 : EventManager : Event: ======'machine_var_audits_switches_s_left_spinner'====== Args={'value': 19894, 'prev_value': None, 'change': True}
2022-08-21 17:36:32,986 : EventManager : Event: ======'machine_var_audits_switches_s_right_captive_ball'====== Args={'value': 493, 'prev_value': None, 'change': True}
2022-08-21 17:36:32,987 : EventManager : Event: ======'machine_var_audits_switches_s_right_flipper'====== Args={'value': 31522, 'prev_value': None, 'change': True}
2022-08-21 17:36:32,987 : EventManager : Event: ======'machine_var_audits_switches_s_right_inlane'====== Args={'value': 533, 'prev_value': None, 'change': True}
2022-08-21 17:36:32,987 : EventManager : Event: ======'machine_var_audits_switches_s_right_inlane_far'====== Args={'value': 6037, 'prev_value': None, 'change': True}
2022-08-21 17:36:32,987 : EventManager : Event: ======'machine_var_audits_switches_s_right_kicker'====== Args={'value': 1682, 'prev_value': None, 'change': True}
2022-08-21 17:36:32,987 : EventManager : Event: ======'machine_var_audits_switches_s_right_sling'====== Args={'value': 14071, 'prev_value': None, 'change': True}
2022-08-21 17:36:32,987 : EventManager : Event: ======'machine_var_audits_switches_s_right_spinner'====== Args={'value': 16147, 'prev_value': None, 'change': True}
2022-08-21 17:36:32,987 : EventManager : Event: ======'machine_var_audits_switches_s_start'====== Args={'value': 403, 'prev_value': None, 'change': True}
2022-08-21 17:36:32,997 : EventManager : Event: ======'mc_reset_phase_1'====== Args={}
2022-08-21 17:36:32,997 : EventManager : Event: ======'mc_reset_phase_2'====== Args={}
2022-08-21 17:36:32,997 : EventManager : Event: ======'mc_reset_phase_3'====== Args={}
2022-08-21 17:36:32,997 : EventManager : Event: ======'mc_reset_complete'====== Args={}
2022-08-21 17:36:33,009 : EventManager : Event: ======'slides_play'====== Args={'settings': {'widgets': {'widgets': [{'type': 'text', 'text': 'GAME OVER', 'font_size': 50, 'font_name': 'space_font', '_default_settings': ['type', 'text', 'font_size', 'font_name'], 'x': None, 'y': None, 'anchor_x': 'center', 'anchor_y': 'center', 'round_anchor_x': None, 'round_anchor_y': None, 'opacity': 1.0, 'z': 0, 'reset_animations_events': {}, 'color': [1.0, 1.0, 1.0, 1.0], 'style': [], 'adjust_top': 0, 'adjust_bottom': 0, 'adjust_left': 0, 'adjust_right': 0, 'expire': None, 'key': None, 'widget': None, 'events_when_added': [], 'events_when_removed': [], 'bitmap_font': False, 'font_kerning': True, 'bold': False, 'italic': False, 'number_grouping': False, 'min_digits': 0, 'halign': 'center', 'valign': 'middle', 'rotation': 0, 'scale': 1.0, 'casing': None, 'animations': None}, {'type': 'image', 'image': 'attract_background', '_default_settings': ['type', 'image'], 'x': None, 'y': None, 'anchor_x': 'center', 'anchor_y': 'center', 'round_anchor_x': None, 'round_anchor_y': None, 'opacity': 1.0, 'z': 0, 'reset_animations_events': {}, 'color': [1.0, 1.0, 1.0, 1.0], 'style': [], 'adjust_top': 0, 'adjust_bottom': 0, 'adjust_left': 0, 'adjust_right': 0, 'expire': None, 'key': None, 'widget': None, 'events_when_added': [], 'events_when_removed': [], 'fps': 10, 'loops': -1, 'auto_play': True, 'start_frame': 0, 'rotation': 0, 'scale': 1.0, 'animations': None}], 'target': None, 'background_color': [0.0, 0.0, 0.0, 1.0], 'priority': None, 'show': True, 'force': False, 'expire': None, 'slide': None, 'tokens': {}, 'action': 'play'}}, 'context': 'show_13', 'calling_context': 0, 'priority': 10, 'show_tokens': {}, 'start_time': 12329.211}
2022-08-21 17:36:33,009 : mpfmc : SlidePlayer: Play called with settings={'widgets': {'widgets': [{'type': 'text', 'text': 'GAME OVER', 'font_size': 50, 'font_name': 'space_font', '_default_settings': ['type', 'text', 'font_size', 'font_name'], 'x': None, 'y': None, 'anchor_x': 'center', 'anchor_y': 'center', 'round_anchor_x': None, 'round_anchor_y': None, 'opacity': 1.0, 'z': 0, 'reset_animations_events': {}, 'color': [1.0, 1.0, 1.0, 1.0], 'style': [], 'adjust_top': 0, 'adjust_bottom': 0, 'adjust_left': 0, 'adjust_right': 0, 'expire': None, 'key': None, 'widget': None, 'events_when_added': [], 'events_when_removed': [], 'bitmap_font': False, 'font_kerning': True, 'bold': False, 'italic': False, 'number_grouping': False, 'min_digits': 0, 'halign': 'center', 'valign': 'middle', 'rotation': 0, 'scale': 1.0, 'casing': None, 'animations': None}, {'type': 'image', 'image': 'attract_background', '_default_settings': ['type', 'image'], 'x': None, 'y': None, 'anchor_x': 'center', 'anchor_y': 'center', 'round_anchor_x': None, 'round_anchor_y': None, 'opacity': 1.0, 'z': 0, 'reset_animations_events': {}, 'color': [1.0, 1.0, 1.0, 1.0], 'style': [], 'adjust_top': 0, 'adjust_bottom': 0, 'adjust_left': 0, 'adjust_right': 0, 'expire': None, 'key': None, 'widget': None, 'events_when_added': [], 'events_when_removed': [], 'fps': 10, 'loops': -1, 'auto_play': True, 'start_frame': 0, 'rotation': 0, 'scale': 1.0, 'animations': None}], 'target': None, 'background_color': [0.0, 0.0, 0.0, 1.0], 'priority': None, 'show': True, 'force': False, 'expire': None, 'slide': None, 'tokens': {}, 'action': 'play'}}
2022-08-21 17:36:33,016 : EventManager : Event: ======'slide_show_13.slide_player-0_created'====== Args={}
2022-08-21 17:36:33,018 : EventManager : Event: ======'slide_show_13.slide_player-0_active'====== Args={}
2022-08-21 17:36:33,835 : EventManager : Event: ======'game_started'====== Args={}
2022-08-21 17:36:33,835 : EventManager : Event: ======'slides_clear'====== Args={'context': 'show_13'}
2022-08-21 17:36:33,836 : EventManager : Event: ======'slide_show_13.slide_player-0_removed'====== Args={}
2022-08-21 17:36:33,836 : EventManager : Event: ======'slide_window_blank_active'====== Args={}
2022-08-21 17:36:33,860 : EventManager : Event: ======'player_added'====== Args={'player': <Player 1>, 'num': 1}
2022-08-21 17:36:33,860 : EventManager : Event: ======'player_index'====== Args={'value': 0, 'prev_value': 0, 'change': 0, 'player_num': 1}
2022-08-21 17:36:33,860 : EventManager : Event: ======'player_number'====== Args={'value': 1, 'prev_value': 1, 'change': 0, 'player_num': 1}
2022-08-21 17:36:33,860 : EventManager : Event: ======'player_score'====== Args={'value': 0, 'prev_value': 0, 'change': 0, 'player_num': 1}
2022-08-21 17:36:33,861 : EventManager : Event: ======'player_mode_value'====== Args={'value': 1000000, 'prev_value': 0, 'change': 1000000, 'player_num': 1}
2022-08-21 17:36:33,861 : EventManager : Event: ======'player_bonus_multiplier'====== Args={'value': 1, 'prev_value': 0, 'change': 1, 'player_num': 1}
2022-08-21 17:36:33,861 : EventManager : Event: ======'player_playfield_multiplier'====== Args={'value': 1, 'prev_value': 0, 'change': 1, 'player_num': 1}
2022-08-21 17:36:33,896 : EventManager : Event: ======'player_ball'====== Args={'value': 1, 'prev_value': 0, 'change': 1, 'player_num': 1}
2022-08-21 17:36:33,896 : EventManager : Event: ======'player_turn_start'====== Args={'number': 1, 'player': <Player 1>}
2022-08-21 17:36:33,920 : EventManager : Event: ======'player_shot_l_lane_enabled'====== Args={'value': True, 'prev_value': 0, 'change': 1, 'player_num': 1}
2022-08-21 17:36:33,920 : EventManager : Event: ======'player_shot_r_lane_enabled'====== Args={'value': True, 'prev_value': 0, 'change': 1, 'player_num': 1}
2022-08-21 17:36:33,920 : EventManager : Event: ======'player_shot_center_target_enabled'====== Args={'value': True, 'prev_value': 0, 'change': 1, 'player_num': 1}
2022-08-21 17:36:33,920 : EventManager : Event: ======'player_extra_ball_two_modes_complete_num_awarded'====== Args={'value': 0, 'prev_value': 0, 'change': 0, 'player_num': 1}
2022-08-21 17:36:33,933 : EventManager : Event: ======'sounds_play'====== Args={'settings': {'default': {'action': 'stop', 'priority': 400, 'block': False, 'delay': None, 'track': None, 'volume': None, 'pan': None, 'loops': None, 'start_at': None, 'fade_in': None, 'fade_out': None, 'about_to_finish_time': -1.0, 'max_queue_time': -1.0, 'events_when_played': ['use_sound_setting'], 'events_when_stopped': ['use_sound_setting'], 'events_when_looping': ['use_sound_setting'], 'events_when_about_to_finish': ['use_sound_setting'], 'mode_end_action': 'use_sound_setting', 'key': 'use_sound_setting'}, 'shooter_waiting': {'action': 'play', 'loops': -1, 'priority': None, 'block': False, 'delay': None, 'track': None, 'volume': None, 'pan': None, 'start_at': None, 'fade_in': None, 'fade_out': None, 'about_to_finish_time': -1.0, 'max_queue_time': -1.0, 'events_when_played': ['use_sound_setting'], 'events_when_stopped': ['use_sound_setting'], 'events_when_looping': ['use_sound_setting'], 'events_when_about_to_finish': ['use_sound_setting'], 'mode_end_action': 'use_sound_setting', 'key': 'use_sound_setting'}}, 'context': '_global', 'calling_context': 'ball_started', 'priority': 0, 'player': 1, 'ball': 1, 'balls_remaining': 2, 'is_extra_ball': False}
2022-08-21 17:36:33,933 : EventManager : Event: ======'player_shot_portal_advance_enabled'====== Args={'value': True, 'prev_value': 0, 'change': 1, 'player_num': 1}
2022-08-21 17:36:33,933 : EventManager : Event: ======'player_shot_galaxy_advance_enabled'====== Args={'value': True, 'prev_value': 0, 'change': 1, 'player_num': 1}
2022-08-21 17:36:33,933 : EventManager : Event: ======'player_shot_warp_advance_enabled'====== Args={'value': True, 'prev_value': 0, 'change': 1, 'player_num': 1}
2022-08-21 17:36:33,945 : EventManager : Event: ======'slides_play'====== Args={'settings': {'score_slide': {'target': None, 'background_color': [0.0, 0.0, 0.0, 1.0], 'priority': None, 'show': True, 'force': False, 'expire': None, 'slide': None, 'tokens': {}, 'action': 'play'}}, 'context': 'base', 'calling_context': 'mode_base_started', 'priority': 100, 'player': 1, 'ball': 1, 'balls_remaining': 2, 'is_extra_ball': False}
2022-08-21 17:36:33,945 : mpfmc : SlidePlayer: Play called with settings={'score_slide': {'target': None, 'background_color': [0.0, 0.0, 0.0, 1.0], 'priority': None, 'show': True, 'force': False, 'expire': None, 'slide': None, 'tokens': {}, 'action': 'play'}}
2022-08-21 17:36:33,961 : EventManager : Event: ======'slide_score_slide_created'====== Args={}
2022-08-21 17:36:33,969 : EventManager : Event: ======'slide_score_slide_active'====== Args={}
2022-08-21 17:36:33,977 : EventManager : Event: ======'sounds_play'====== Args={'settings': {'default': {'action': 'play', 'loops': -1, 'track': 'music', 'priority': None, 'block': False, 'delay': None, 'volume': None, 'pan': None, 'start_at': None, 'fade_in': None, 'fade_out': None, 'about_to_finish_time': -1.0, 'max_queue_time': -1.0, 'events_when_played': ['use_sound_setting'], 'events_when_stopped': ['use_sound_setting'], 'events_when_looping': ['use_sound_setting'], 'events_when_about_to_finish': ['use_sound_setting'], 'mode_end_action': 'use_sound_setting', 'key': 'use_sound_setting'}, 'mode_theme': {'action': 'stop', 'priority': None, 'block': False, 'delay': None, 'track': None, 'volume': None, 'pan': None, 'loops': None, 'start_at': None, 'fade_in': None, 'fade_out': None, 'about_to_finish_time': -1.0, 'max_queue_time': -1.0, 'events_when_played': ['use_sound_setting'], 'events_when_stopped': ['use_sound_setting'], 'events_when_looping': ['use_sound_setting'], 'events_when_about_to_finish': ['use_sound_setting'], 'mode_end_action': 'use_sound_setting', 'key': 'use_sound_setting'}}, 'context': '_global', 'calling_context': 'mode_spell_portal_started', 'priority': 0, 'player': 1, 'ball': 1, 'balls_remaining': 2, 'is_extra_ball': False}
2022-08-21 17:36:36,846 : EventManager : Event: ======'machine_var_audits_switches_s_action_button'====== Args={'value': 3905, 'prev_value': 3904, 'change': 1}
2022-08-21 17:36:37,051 : EventManager : Event: ======'sounds_play'====== Args={'settings': {'shooter_waiting': {'action': 'stop', 'priority': None, 'block': False, 'delay': None, 'track': None, 'volume': None, 'pan': None, 'loops': None, 'start_at': None, 'fade_in': None, 'fade_out': None, 'about_to_finish_time': -1.0, 'max_queue_time': -1.0, 'events_when_played': ['use_sound_setting'], 'events_when_stopped': ['use_sound_setting'], 'events_when_looping': ['use_sound_setting'], 'events_when_about_to_finish': ['use_sound_setting'], 'mode_end_action': 'use_sound_setting', 'key': 'use_sound_setting'}, 'default': {'action': 'play', 'loops': -1, 'track': 'music', 'priority': None, 'block': False, 'delay': None, 'volume': None, 'pan': None, 'start_at': None, 'fade_in': None, 'fade_out': None, 'about_to_finish_time': -1.0, 'max_queue_time': -1.0, 'events_when_played': ['use_sound_setting'], 'events_when_stopped': ['use_sound_setting'], 'events_when_looping': ['use_sound_setting'], 'events_when_about_to_finish': ['use_sound_setting'], 'mode_end_action': 'use_sound_setting', 'key': 'use_sound_setting'}}, 'context': '_global', 'calling_context': 's_drain_inactive', 'priority': 0}
2022-08-21 17:36:38,638 : EventManager : Event: ======'machine_var_audits_switches_s_left_inlane_far'====== Args={'value': 3811, 'prev_value': 3810, 'change': 1}
2022-08-21 17:36:38,638 : EventManager : Event: ======'player_shot_galaxy_advance'====== Args={'value': 1, 'prev_value': 0, 'change': 1, 'player_num': 1}
2022-08-21 17:36:38,650 : EventManager : Event: ======'machine_var_audits_shots_galaxy_advance'====== Args={'value': 1989, 'prev_value': 1988, 'change': 1}
2022-08-21 17:36:38,650 : EventManager : Event: ======'player_score'====== Args={'value': 30000, 'prev_value': 0, 'change': 30000, 'player_num': 1}
2022-08-21 17:36:38,650 : EventManager : Event: ======'player_switches'====== Args={'value': 1, 'prev_value': 0, 'change': 1, 'player_num': 1}
2022-08-21 17:36:38,650 : EventManager : Event: ======'player_combos_combo_timer_tick'====== Args={'value': 6, 'prev_value': 0, 'change': 6, 'player_num': 1}
2022-08-21 17:36:38,969 : EventManager : Event: ======'machine_var_audits_switches_s_left_inlane_far'====== Args={'value': 3812, 'prev_value': 3811, 'change': 1}
2022-08-21 17:36:38,969 : EventManager : Event: ======'machine_var_audits_shots_galaxy_advance'====== Args={'value': 1990, 'prev_value': 1989, 'change': 1}
2022-08-21 17:36:38,969 : EventManager : Event: ======'player_score'====== Args={'value': 60000, 'prev_value': 30000, 'change': 30000, 'player_num': 1}
2022-08-21 17:36:38,969 : EventManager : Event: ======'player_switches'====== Args={'value': 2, 'prev_value': 1, 'change': 1, 'player_num': 1}
2022-08-21 17:36:39,310 : EventManager : Event: ======'machine_var_audits_switches_s_left_inlane_far'====== Args={'value': 3813, 'prev_value': 3812, 'change': 1}
2022-08-21 17:36:39,310 : EventManager : Event: ======'machine_var_audits_shots_galaxy_advance'====== Args={'value': 1991, 'prev_value': 1990, 'change': 1}
2022-08-21 17:36:39,310 : EventManager : Event: ======'player_score'====== Args={'value': 90000, 'prev_value': 60000, 'change': 30000, 'player_num': 1}
2022-08-21 17:36:39,310 : EventManager : Event: ======'player_switches'====== Args={'value': 3, 'prev_value': 2, 'change': 1, 'player_num': 1}
2022-08-21 17:36:39,708 : EventManager : Event: ======'machine_var_audits_switches_s_left_inlane_far'====== Args={'value': 3814, 'prev_value': 3813, 'change': 1}
2022-08-21 17:36:39,708 : EventManager : Event: ======'machine_var_audits_shots_galaxy_advance'====== Args={'value': 1992, 'prev_value': 1991, 'change': 1}
2022-08-21 17:36:39,708 : EventManager : Event: ======'player_score'====== Args={'value': 120000, 'prev_value': 90000, 'change': 30000, 'player_num': 1}
2022-08-21 17:36:39,708 : EventManager : Event: ======'player_switches'====== Args={'value': 4, 'prev_value': 3, 'change': 1, 'player_num': 1}
2022-08-21 17:36:40,135 : EventManager : Event: ======'machine_var_audits_switches_s_left_inlane_far'====== Args={'value': 3815, 'prev_value': 3814, 'change': 1}
2022-08-21 17:36:40,135 : EventManager : Event: ======'machine_var_audits_shots_galaxy_advance'====== Args={'value': 1993, 'prev_value': 1992, 'change': 1}
2022-08-21 17:36:40,135 : EventManager : Event: ======'player_score'====== Args={'value': 150000, 'prev_value': 120000, 'change': 30000, 'player_num': 1}
2022-08-21 17:36:40,135 : EventManager : Event: ======'player_switches'====== Args={'value': 5, 'prev_value': 4, 'change': 1, 'player_num': 1}
2022-08-21 17:36:40,632 : EventManager : Event: ======'player_combos_combo_timer_tick'====== Args={'value': 5, 'prev_value': 6, 'change': -1, 'player_num': 1}
2022-08-21 17:36:41,135 : EventManager : Event: ======'player_combos_combo_timer_tick'====== Args={'value': 4, 'prev_value': 5, 'change': -1, 'player_num': 1}
2022-08-21 17:36:41,624 : EventManager : Event: ======'player_combos_combo_timer_tick'====== Args={'value': 3, 'prev_value': 4, 'change': -1, 'player_num': 1}
2022-08-21 17:36:42,074 : EventManager : Event: ======'machine_var_audits_switches_s_left_spinner'====== Args={'value': 19895, 'prev_value': 19894, 'change': 1}
2022-08-21 17:36:42,074 : EventManager : Event: ======'player_score'====== Args={'value': 160000, 'prev_value': 150000, 'change': 10000, 'player_num': 1}
2022-08-21 17:36:42,081 : EventManager : Event: ======'player_score'====== Args={'value': 161030, 'prev_value': 160000, 'change': 1030, 'player_num': 1}
2022-08-21 17:36:42,106 : EventManager : Event: ======'player_switches'====== Args={'value': 6, 'prev_value': 5, 'change': 1, 'player_num': 1}
2022-08-21 17:36:42,106 : EventManager : Event: ======'player_mode_value'====== Args={'value': 1010000, 'prev_value': 1000000, 'change': 10000, 'player_num': 1}
2022-08-21 17:36:42,139 : EventManager : Event: ======'machine_var_audits_switches_s_left_spinner'====== Args={'value': 19896, 'prev_value': 19895, 'change': 1}
2022-08-21 17:36:42,139 : EventManager : Event: ======'player_score'====== Args={'value': 171030, 'prev_value': 161030, 'change': 10000, 'player_num': 1}
2022-08-21 17:36:42,139 : EventManager : Event: ======'player_score'====== Args={'value': 172060, 'prev_value': 171030, 'change': 1030, 'player_num': 1}
2022-08-21 17:36:42,139 : EventManager : Event: ======'player_switches'====== Args={'value': 7, 'prev_value': 6, 'change': 1, 'player_num': 1}
2022-08-21 17:36:42,140 : EventManager : Event: ======'player_mode_value'====== Args={'value': 1020000, 'prev_value': 1010000, 'change': 10000, 'player_num': 1}
2022-08-21 17:36:42,140 : EventManager : Event: ======'player_combos_combo_timer_tick'====== Args={'value': 2, 'prev_value': 3, 'change': -1, 'player_num': 1}
2022-08-21 17:36:42,180 : EventManager : Event: ======'machine_var_audits_switches_s_left_spinner'====== Args={'value': 19897, 'prev_value': 19896, 'change': 1}
2022-08-21 17:36:42,180 : EventManager : Event: ======'player_score'====== Args={'value': 182060, 'prev_value': 172060, 'change': 10000, 'player_num': 1}
2022-08-21 17:36:42,180 : EventManager : Event: ======'player_score'====== Args={'value': 183090, 'prev_value': 182060, 'change': 1030, 'player_num': 1}
2022-08-21 17:36:42,181 : EventManager : Event: ======'player_switches'====== Args={'value': 8, 'prev_value': 7, 'change': 1, 'player_num': 1}
2022-08-21 17:36:42,181 : EventManager : Event: ======'player_mode_value'====== Args={'value': 1030000, 'prev_value': 1020000, 'change': 10000, 'player_num': 1}
2022-08-21 17:36:42,214 : EventManager : Event: ======'machine_var_audits_switches_s_left_spinner'====== Args={'value': 19898, 'prev_value': 19897, 'change': 1}
2022-08-21 17:36:42,214 : EventManager : Event: ======'player_score'====== Args={'value': 193090, 'prev_value': 183090, 'change': 10000, 'player_num': 1}
2022-08-21 17:36:42,214 : EventManager : Event: ======'player_score'====== Args={'value': 194120, 'prev_value': 193090, 'change': 1030, 'player_num': 1}
2022-08-21 17:36:42,214 : EventManager : Event: ======'player_switches'====== Args={'value': 9, 'prev_value': 8, 'change': 1, 'player_num': 1}
2022-08-21 17:36:42,214 : EventManager : Event: ======'player_mode_value'====== Args={'value': 1040000, 'prev_value': 1030000, 'change': 10000, 'player_num': 1}
2022-08-21 17:36:42,258 : EventManager : Event: ======'machine_var_audits_switches_s_left_spinner'====== Args={'value': 19899, 'prev_value': 19898, 'change': 1}
2022-08-21 17:36:42,258 : EventManager : Event: ======'player_score'====== Args={'value': 204120, 'prev_value': 194120, 'change': 10000, 'player_num': 1}
2022-08-21 17:36:42,258 : EventManager : Event: ======'player_score'====== Args={'value': 205150, 'prev_value': 204120, 'change': 1030, 'player_num': 1}
2022-08-21 17:36:42,258 : EventManager : Event: ======'player_switches'====== Args={'value': 10, 'prev_value': 9, 'change': 1, 'player_num': 1}
2022-08-21 17:36:42,259 : EventManager : Event: ======'player_mode_value'====== Args={'value': 1050000, 'prev_value': 1040000, 'change': 10000, 'player_num': 1}
2022-08-21 17:36:42,290 : EventManager : Event: ======'machine_var_audits_switches_s_left_spinner'====== Args={'value': 19900, 'prev_value': 19899, 'change': 1}
2022-08-21 17:36:42,302 : EventManager : Event: ======'player_score'====== Args={'value': 215150, 'prev_value': 205150, 'change': 10000, 'player_num': 1}
2022-08-21 17:36:42,302 : EventManager : Event: ======'player_score'====== Args={'value': 216180, 'prev_value': 215150, 'change': 1030, 'player_num': 1}
2022-08-21 17:36:42,302 : EventManager : Event: ======'player_switches'====== Args={'value': 11, 'prev_value': 10, 'change': 1, 'player_num': 1}
2022-08-21 17:36:42,302 : EventManager : Event: ======'player_mode_value'====== Args={'value': 1060000, 'prev_value': 1050000, 'change': 10000, 'player_num': 1}
2022-08-21 17:36:42,362 : EventManager : Event: ======'machine_var_audits_switches_s_left_spinner'====== Args={'value': 19901, 'prev_value': 19900, 'change': 1}
2022-08-21 17:36:42,362 : EventManager : Event: ======'player_score'====== Args={'value': 226180, 'prev_value': 216180, 'change': 10000, 'player_num': 1}
2022-08-21 17:36:42,362 : EventManager : Event: ======'player_score'====== Args={'value': 227210, 'prev_value': 226180, 'change': 1030, 'player_num': 1}
2022-08-21 17:36:42,362 : EventManager : Event: ======'player_switches'====== Args={'value': 12, 'prev_value': 11, 'change': 1, 'player_num': 1}
2022-08-21 17:36:42,362 : EventManager : Event: ======'player_mode_value'====== Args={'value': 1070000, 'prev_value': 1060000, 'change': 10000, 'player_num': 1}
2022-08-21 17:36:42,408 : EventManager : Event: ======'machine_var_audits_switches_s_left_spinner'====== Args={'value': 19902, 'prev_value': 19901, 'change': 1}
2022-08-21 17:36:42,408 : EventManager : Event: ======'player_score'====== Args={'value': 237210, 'prev_value': 227210, 'change': 10000, 'player_num': 1}
2022-08-21 17:36:42,408 : EventManager : Event: ======'player_score'====== Args={'value': 238240, 'prev_value': 237210, 'change': 1030, 'player_num': 1}
2022-08-21 17:36:42,408 : EventManager : Event: ======'player_switches'====== Args={'value': 13, 'prev_value': 12, 'change': 1, 'player_num': 1}
2022-08-21 17:36:42,408 : EventManager : Event: ======'player_mode_value'====== Args={'value': 1080000, 'prev_value': 1070000, 'change': 10000, 'player_num': 1}
2022-08-21 17:36:42,469 : EventManager : Event: ======'machine_var_audits_switches_s_left_spinner'====== Args={'value': 19903, 'prev_value': 19902, 'change': 1}
2022-08-21 17:36:42,469 : EventManager : Event: ======'player_score'====== Args={'value': 248240, 'prev_value': 238240, 'change': 10000, 'player_num': 1}
2022-08-21 17:36:42,469 : EventManager : Event: ======'player_score'====== Args={'value': 249270, 'prev_value': 248240, 'change': 1030, 'player_num': 1}
2022-08-21 17:36:42,469 : EventManager : Event: ======'player_switches'====== Args={'value': 14, 'prev_value': 13, 'change': 1, 'player_num': 1}
2022-08-21 17:36:42,469 : EventManager : Event: ======'player_mode_value'====== Args={'value': 1090000, 'prev_value': 1080000, 'change': 10000, 'player_num': 1}
2022-08-21 17:36:42,554 : EventManager : Event: ======'machine_var_audits_switches_s_left_spinner'====== Args={'value': 19904, 'prev_value': 19903, 'change': 1}
2022-08-21 17:36:42,554 : EventManager : Event: ======'player_score'====== Args={'value': 259270, 'prev_value': 249270, 'change': 10000, 'player_num': 1}
2022-08-21 17:36:42,554 : EventManager : Event: ======'player_score'====== Args={'value': 260300, 'prev_value': 259270, 'change': 1030, 'player_num': 1}
2022-08-21 17:36:42,554 : EventManager : Event: ======'player_switches'====== Args={'value': 15, 'prev_value': 14, 'change': 1, 'player_num': 1}
2022-08-21 17:36:42,554 : EventManager : Event: ======'player_mode_value'====== Args={'value': 1100000, 'prev_value': 1090000, 'change': 10000, 'player_num': 1}
2022-08-21 17:36:42,626 : EventManager : Event: ======'player_combos_combo_timer_tick'====== Args={'value': 1, 'prev_value': 2, 'change': -1, 'player_num': 1}
2022-08-21 17:36:42,626 : EventManager : Event: ======'machine_var_audits_switches_s_left_spinner'====== Args={'value': 19905, 'prev_value': 19904, 'change': 1}
2022-08-21 17:36:42,626 : EventManager : Event: ======'player_score'====== Args={'value': 270300, 'prev_value': 260300, 'change': 10000, 'player_num': 1}
2022-08-21 17:36:42,638 : EventManager : Event: ======'player_score'====== Args={'value': 271330, 'prev_value': 270300, 'change': 1030, 'player_num': 1}
2022-08-21 17:36:42,638 : EventManager : Event: ======'player_switches'====== Args={'value': 16, 'prev_value': 15, 'change': 1, 'player_num': 1}
2022-08-21 17:36:42,638 : EventManager : Event: ======'player_mode_value'====== Args={'value': 1110000, 'prev_value': 1100000, 'change': 10000, 'player_num': 1}
2022-08-21 17:36:42,715 : EventManager : Event: ======'machine_var_audits_switches_s_left_spinner'====== Args={'value': 19906, 'prev_value': 19905, 'change': 1}
2022-08-21 17:36:42,715 : EventManager : Event: ======'player_score'====== Args={'value': 281330, 'prev_value': 271330, 'change': 10000, 'player_num': 1}
2022-08-21 17:36:42,715 : EventManager : Event: ======'player_score'====== Args={'value': 282360, 'prev_value': 281330, 'change': 1030, 'player_num': 1}
2022-08-21 17:36:42,715 : EventManager : Event: ======'player_switches'====== Args={'value': 17, 'prev_value': 16, 'change': 1, 'player_num': 1}
2022-08-21 17:36:42,715 : EventManager : Event: ======'player_mode_value'====== Args={'value': 1120000, 'prev_value': 1110000, 'change': 10000, 'player_num': 1}
2022-08-21 17:36:42,814 : EventManager : Event: ======'machine_var_audits_switches_s_left_spinner'====== Args={'value': 19907, 'prev_value': 19906, 'change': 1}
2022-08-21 17:36:42,814 : EventManager : Event: ======'player_score'====== Args={'value': 292360, 'prev_value': 282360, 'change': 10000, 'player_num': 1}
2022-08-21 17:36:42,814 : EventManager : Event: ======'player_score'====== Args={'value': 293390, 'prev_value': 292360, 'change': 1030, 'player_num': 1}
2022-08-21 17:36:42,814 : EventManager : Event: ======'player_switches'====== Args={'value': 18, 'prev_value': 17, 'change': 1, 'player_num': 1}
2022-08-21 17:36:42,815 : EventManager : Event: ======'player_mode_value'====== Args={'value': 1130000, 'prev_value': 1120000, 'change': 10000, 'player_num': 1}
2022-08-21 17:36:42,941 : EventManager : Event: ======'machine_var_audits_switches_s_left_spinner'====== Args={'value': 19908, 'prev_value': 19907, 'change': 1}
2022-08-21 17:36:42,941 : EventManager : Event: ======'player_score'====== Args={'value': 303390, 'prev_value': 293390, 'change': 10000, 'player_num': 1}
2022-08-21 17:36:42,941 : EventManager : Event: ======'player_score'====== Args={'value': 304420, 'prev_value': 303390, 'change': 1030, 'player_num': 1}
2022-08-21 17:36:42,941 : EventManager : Event: ======'player_switches'====== Args={'value': 19, 'prev_value': 18, 'change': 1, 'player_num': 1}
2022-08-21 17:36:42,942 : EventManager : Event: ======'player_mode_value'====== Args={'value': 1140000, 'prev_value': 1130000, 'change': 10000, 'player_num': 1}
2022-08-21 17:36:43,081 : EventManager : Event: ======'machine_var_audits_switches_s_left_spinner'====== Args={'value': 19909, 'prev_value': 19908, 'change': 1}
2022-08-21 17:36:43,081 : EventManager : Event: ======'player_score'====== Args={'value': 314420, 'prev_value': 304420, 'change': 10000, 'player_num': 1}
2022-08-21 17:36:43,081 : EventManager : Event: ======'player_score'====== Args={'value': 315450, 'prev_value': 314420, 'change': 1030, 'player_num': 1}
2022-08-21 17:36:43,081 : EventManager : Event: ======'player_switches'====== Args={'value': 20, 'prev_value': 19, 'change': 1, 'player_num': 1}
2022-08-21 17:36:43,082 : EventManager : Event: ======'player_mode_value'====== Args={'value': 1150000, 'prev_value': 1140000, 'change': 10000, 'player_num': 1}
2022-08-21 17:36:43,129 : EventManager : Event: ======'player_combos_combo_timer_tick'====== Args={'value': 0, 'prev_value': 1, 'change': -1, 'player_num': 1}
2022-08-21 17:36:43,321 : EventManager : Event: ======'machine_var_audits_switches_s_left_spinner'====== Args={'value': 19910, 'prev_value': 19909, 'change': 1}
2022-08-21 17:36:43,321 : EventManager : Event: ======'player_score'====== Args={'value': 316480, 'prev_value': 315450, 'change': 1030, 'player_num': 1}
2022-08-21 17:36:43,321 : EventManager : Event: ======'player_switches'====== Args={'value': 21, 'prev_value': 20, 'change': 1, 'player_num': 1}
2022-08-21 17:36:43,321 : EventManager : Event: ======'player_mode_value'====== Args={'value': 1160000, 'prev_value': 1150000, 'change': 10000, 'player_num': 1}
2022-08-21 17:36:43,512 : EventManager : Event: ======'machine_var_audits_switches_s_left_spinner'====== Args={'value': 19911, 'prev_value': 19910, 'change': 1}
2022-08-21 17:36:43,512 : EventManager : Event: ======'player_score'====== Args={'value': 317510, 'prev_value': 316480, 'change': 1030, 'player_num': 1}
2022-08-21 17:36:43,512 : EventManager : Event: ======'player_switches'====== Args={'value': 22, 'prev_value': 21, 'change': 1, 'player_num': 1}
2022-08-21 17:36:43,512 : EventManager : Event: ======'player_mode_value'====== Args={'value': 1170000, 'prev_value': 1160000, 'change': 10000, 'player_num': 1}
2022-08-21 17:36:43,702 : EventManager : Event: ======'machine_var_audits_switches_s_left_spinner'====== Args={'value': 19912, 'prev_value': 19911, 'change': 1}
2022-08-21 17:36:43,702 : EventManager : Event: ======'player_score'====== Args={'value': 318540, 'prev_value': 317510, 'change': 1030, 'player_num': 1}
2022-08-21 17:36:43,702 : EventManager : Event: ======'player_switches'====== Args={'value': 23, 'prev_value': 22, 'change': 1, 'player_num': 1}
2022-08-21 17:36:43,702 : EventManager : Event: ======'player_mode_value'====== Args={'value': 1180000, 'prev_value': 1170000, 'change': 10000, 'player_num': 1}
2022-08-21 17:36:45,271 : EventManager : Event: ======'machine_var_audits_switches_s_left_spinner'====== Args={'value': 19913, 'prev_value': 19912, 'change': 1}
2022-08-21 17:36:45,271 : EventManager : Event: ======'player_score'====== Args={'value': 319570, 'prev_value': 318540, 'change': 1030, 'player_num': 1}
2022-08-21 17:36:45,284 : EventManager : Event: ======'player_switches'====== Args={'value': 24, 'prev_value': 23, 'change': 1, 'player_num': 1}
2022-08-21 17:36:45,284 : EventManager : Event: ======'player_mode_value'====== Args={'value': 1190000, 'prev_value': 1180000, 'change': 10000, 'player_num': 1}
2022-08-21 17:36:47,461 : EventManager : Event: ======'machine_var_audits_switches_s_left_spinner'====== Args={'value': 19914, 'prev_value': 19913, 'change': 1}
2022-08-21 17:36:47,473 : EventManager : Event: ======'player_score'====== Args={'value': 320600, 'prev_value': 319570, 'change': 1030, 'player_num': 1}
2022-08-21 17:36:47,481 : EventManager : Event: ======'player_switches'====== Args={'value': 25, 'prev_value': 24, 'change': 1, 'player_num': 1}
2022-08-21 17:36:47,481 : EventManager : Event: ======'player_mode_value'====== Args={'value': 1200000, 'prev_value': 1190000, 'change': 10000, 'player_num': 1}
2022-08-21 17:36:48,851 : EventManager : Event: ======'machine_var_audits_switches_s_drop_target1'====== Args={'value': 1812, 'prev_value': 1811, 'change': 1}
2022-08-21 17:36:48,851 : EventManager : Event: ======'player_score'====== Args={'value': 325100, 'prev_value': 320600, 'change': 4500, 'player_num': 1}
2022-08-21 17:36:48,858 : EventManager : Event: ======'player_switches'====== Args={'value': 26, 'prev_value': 25, 'change': 1, 'player_num': 1}
2022-08-21 17:36:49,194 : EventManager : Event: ======'machine_var_audits_switches_s_drop_target2'====== Args={'value': 2114, 'prev_value': 2113, 'change': 1}
2022-08-21 17:36:49,194 : EventManager : Event: ======'player_score'====== Args={'value': 329600, 'prev_value': 325100, 'change': 4500, 'player_num': 1}
2022-08-21 17:36:49,194 : EventManager : Event: ======'player_switches'====== Args={'value': 27, 'prev_value': 26, 'change': 1, 'player_num': 1}
2022-08-21 17:36:49,213 : EventManager : Event: ======'machine_var_audits_switches_s_drop_target3'====== Args={'value': 2510, 'prev_value': 2509, 'change': 1}
2022-08-21 17:36:49,213 : EventManager : Event: ======'player_shot_warp_advance'====== Args={'value': 1, 'prev_value': 0, 'change': 1, 'player_num': 1}
2022-08-21 17:36:49,213 : EventManager : Event: ======'machine_var_audits_shots_warp_advance'====== Args={'value': 1079, 'prev_value': 1078, 'change': 1}
2022-08-21 17:36:49,213 : EventManager : Event: ======'player_shot_center_target'====== Args={'value': 1, 'prev_value': 0, 'change': 1, 'player_num': 1}
2022-08-21 17:36:49,214 : EventManager : Event: ======'machine_var_audits_shots_center_target'====== Args={'value': 65, 'prev_value': 64, 'change': 1}
2022-08-21 17:36:49,214 : EventManager : Event: ======'player_score'====== Args={'value': 334100, 'prev_value': 329600, 'change': 4500, 'player_num': 1}
2022-08-21 17:36:49,214 : EventManager : Event: ======'player_switches'====== Args={'value': 28, 'prev_value': 27, 'change': 1, 'player_num': 1}
2022-08-21 17:36:49,417 : EventManager : Event: ======'machine_var_audits_switches_s_drop_target4'====== Args={'value': 2024, 'prev_value': 2023, 'change': 1}
2022-08-21 17:36:49,417 : EventManager : Event: ======'player_score'====== Args={'value': 338600, 'prev_value': 334100, 'change': 4500, 'player_num': 1}
2022-08-21 17:36:49,417 : EventManager : Event: ======'player_switches'====== Args={'value': 29, 'prev_value': 28, 'change': 1, 'player_num': 1}
2022-08-21 17:36:50,275 : EventManager : Event: ======'machine_var_audits_switches_s_drop_target5'====== Args={'value': 1914, 'prev_value': 1913, 'change': 1}
2022-08-21 17:36:50,287 : EventManager : Event: ======'player_score'====== Args={'value': 343100, 'prev_value': 338600, 'change': 4500, 'player_num': 1}
2022-08-21 17:36:50,287 : EventManager : Event: ======'player_switches'====== Args={'value': 30, 'prev_value': 29, 'change': 1, 'player_num': 1}
2022-08-21 17:36:50,287 : EventManager : Event: ======'player_mode_value'====== Args={'value': 1300000, 'prev_value': 1200000, 'change': 100000, 'player_num': 1}
2022-08-21 17:36:57,652 : EventManager : Event: ======'machine_var_audits_switches_s_left_spinner'====== Args={'value': 19915, 'prev_value': 19914, 'change': 1}
2022-08-21 17:36:57,664 : EventManager : Event: ======'player_score'====== Args={'value': 344130, 'prev_value': 343100, 'change': 1030, 'player_num': 1}
2022-08-21 17:36:57,672 : EventManager : Event: ======'player_switches'====== Args={'value': 31, 'prev_value': 30, 'change': 1, 'player_num': 1}
2022-08-21 17:36:57,672 : EventManager : Event: ======'player_mode_value'====== Args={'value': 1310000, 'prev_value': 1300000, 'change': 10000, 'player_num': 1}
2022-08-21 17:36:57,739 : EventManager : Event: ======'machine_var_audits_switches_s_left_spinner'====== Args={'value': 19916, 'prev_value': 19915, 'change': 1}
2022-08-21 17:36:57,739 : EventManager : Event: ======'player_score'====== Args={'value': 345160, 'prev_value': 344130, 'change': 1030, 'player_num': 1}
2022-08-21 17:36:57,739 : EventManager : Event: ======'player_switches'====== Args={'value': 32, 'prev_value': 31, 'change': 1, 'player_num': 1}
2022-08-21 17:36:57,739 : EventManager : Event: ======'player_mode_value'====== Args={'value': 1320000, 'prev_value': 1310000, 'change': 10000, 'player_num': 1}
2022-08-21 17:36:57,799 : EventManager : Event: ======'machine_var_audits_switches_s_left_spinner'====== Args={'value': 19917, 'prev_value': 19916, 'change': 1}
2022-08-21 17:36:57,799 : EventManager : Event: ======'player_score'====== Args={'value': 346190, 'prev_value': 345160, 'change': 1030, 'player_num': 1}
2022-08-21 17:36:57,799 : EventManager : Event: ======'player_switches'====== Args={'value': 33, 'prev_value': 32, 'change': 1, 'player_num': 1}
2022-08-21 17:36:57,799 : EventManager : Event: ======'player_mode_value'====== Args={'value': 1330000, 'prev_value': 1320000, 'change': 10000, 'player_num': 1}
2022-08-21 17:36:57,882 : EventManager : Event: ======'machine_var_audits_switches_s_left_spinner'====== Args={'value': 19918, 'prev_value': 19917, 'change': 1}
2022-08-21 17:36:57,882 : EventManager : Event: ======'player_score'====== Args={'value': 347220, 'prev_value': 346190, 'change': 1030, 'player_num': 1}
2022-08-21 17:36:57,882 : EventManager : Event: ======'player_switches'====== Args={'value': 34, 'prev_value': 33, 'change': 1, 'player_num': 1}
2022-08-21 17:36:57,882 : EventManager : Event: ======'player_mode_value'====== Args={'value': 1340000, 'prev_value': 1330000, 'change': 10000, 'player_num': 1}
2022-08-21 17:36:57,969 : EventManager : Event: ======'machine_var_audits_switches_s_left_spinner'====== Args={'value': 19919, 'prev_value': 19918, 'change': 1}
2022-08-21 17:36:57,981 : EventManager : Event: ======'player_score'====== Args={'value': 348250, 'prev_value': 347220, 'change': 1030, 'player_num': 1}
2022-08-21 17:36:57,981 : EventManager : Event: ======'player_switches'====== Args={'value': 35, 'prev_value': 34, 'change': 1, 'player_num': 1}
2022-08-21 17:36:57,981 : EventManager : Event: ======'player_mode_value'====== Args={'value': 1350000, 'prev_value': 1340000, 'change': 10000, 'player_num': 1}
2022-08-21 17:36:58,067 : EventManager : Event: ======'machine_var_audits_switches_s_left_spinner'====== Args={'value': 19920, 'prev_value': 19919, 'change': 1}
2022-08-21 17:36:58,067 : EventManager : Event: ======'player_score'====== Args={'value': 349280, 'prev_value': 348250, 'change': 1030, 'player_num': 1}
2022-08-21 17:36:58,074 : EventManager : Event: ======'player_switches'====== Args={'value': 36, 'prev_value': 35, 'change': 1, 'player_num': 1}
2022-08-21 17:36:58,074 : EventManager : Event: ======'player_mode_value'====== Args={'value': 1360000, 'prev_value': 1350000, 'change': 10000, 'player_num': 1}
2022-08-21 17:36:58,196 : EventManager : Event: ======'machine_var_audits_switches_s_left_spinner'====== Args={'value': 19921, 'prev_value': 19920, 'change': 1}
2022-08-21 17:36:58,196 : EventManager : Event: ======'player_score'====== Args={'value': 350310, 'prev_value': 349280, 'change': 1030, 'player_num': 1}
2022-08-21 17:36:58,196 : EventManager : Event: ======'player_switches'====== Args={'value': 37, 'prev_value': 36, 'change': 1, 'player_num': 1}
2022-08-21 17:36:58,204 : EventManager : Event: ======'player_mode_value'====== Args={'value': 1370000, 'prev_value': 1360000, 'change': 10000, 'player_num': 1}
2022-08-21 17:36:58,401 : EventManager : Event: ======'machine_var_audits_switches_s_left_spinner'====== Args={'value': 19922, 'prev_value': 19921, 'change': 1}
2022-08-21 17:36:58,413 : EventManager : Event: ======'player_score'====== Args={'value': 351340, 'prev_value': 350310, 'change': 1030, 'player_num': 1}
2022-08-21 17:36:58,413 : EventManager : Event: ======'player_switches'====== Args={'value': 38, 'prev_value': 37, 'change': 1, 'player_num': 1}
2022-08-21 17:36:58,413 : EventManager : Event: ======'player_mode_value'====== Args={'value': 1380000, 'prev_value': 1370000, 'change': 10000, 'player_num': 1}
2022-08-21 17:36:58,604 : EventManager : Event: ======'machine_var_audits_switches_s_left_spinner'====== Args={'value': 19923, 'prev_value': 19922, 'change': 1}
2022-08-21 17:36:58,604 : EventManager : Event: ======'player_score'====== Args={'value': 352370, 'prev_value': 351340, 'change': 1030, 'player_num': 1}
2022-08-21 17:36:58,604 : EventManager : Event: ======'player_switches'====== Args={'value': 39, 'prev_value': 38, 'change': 1, 'player_num': 1}
2022-08-21 17:36:58,604 : EventManager : Event: ======'player_mode_value'====== Args={'value': 1390000, 'prev_value': 1380000, 'change': 10000, 'player_num': 1}
2022-08-21 17:36:58,794 : EventManager : Event: ======'machine_var_audits_switches_s_left_spinner'====== Args={'value': 19924, 'prev_value': 19923, 'change': 1}
2022-08-21 17:36:58,794 : EventManager : Event: ======'player_score'====== Args={'value': 353400, 'prev_value': 352370, 'change': 1030, 'player_num': 1}
2022-08-21 17:36:58,794 : EventManager : Event: ======'player_switches'====== Args={'value': 40, 'prev_value': 39, 'change': 1, 'player_num': 1}
2022-08-21 17:36:58,794 : EventManager : Event: ======'player_mode_value'====== Args={'value': 1400000, 'prev_value': 1390000, 'change': 10000, 'player_num': 1}
2022-08-21 17:36:59,925 : EventManager : Event: ======'machine_var_audits_switches_s_left_spinner'====== Args={'value': 19925, 'prev_value': 19924, 'change': 1}
2022-08-21 17:36:59,925 : EventManager : Event: ======'player_score'====== Args={'value': 354430, 'prev_value': 353400, 'change': 1030, 'player_num': 1}
2022-08-21 17:36:59,925 : EventManager : Event: ======'player_switches'====== Args={'value': 41, 'prev_value': 40, 'change': 1, 'player_num': 1}
2022-08-21 17:36:59,925 : EventManager : Event: ======'player_mode_value'====== Args={'value': 1410000, 'prev_value': 1400000, 'change': 10000, 'player_num': 1}
2022-08-21 17:37:00,337 : EventManager : Event: ======'machine_var_audits_switches_s_left_spinner'====== Args={'value': 19926, 'prev_value': 19925, 'change': 1}
2022-08-21 17:37:00,349 : EventManager : Event: ======'player_score'====== Args={'value': 355460, 'prev_value': 354430, 'change': 1030, 'player_num': 1}
2022-08-21 17:37:00,349 : EventManager : Event: ======'player_switches'====== Args={'value': 42, 'prev_value': 41, 'change': 1, 'player_num': 1}
2022-08-21 17:37:00,349 : EventManager : Event: ======'player_mode_value'====== Args={'value': 1420000, 'prev_value': 1410000, 'change': 10000, 'player_num': 1}
2022-08-21 17:37:00,772 : EventManager : Event: ======'machine_var_audits_switches_s_left_spinner'====== Args={'value': 19927, 'prev_value': 19926, 'change': 1}
2022-08-21 17:37:00,772 : EventManager : Event: ======'player_score'====== Args={'value': 356490, 'prev_value': 355460, 'change': 1030, 'player_num': 1}
2022-08-21 17:37:00,772 : EventManager : Event: ======'player_switches'====== Args={'value': 43, 'prev_value': 42, 'change': 1, 'player_num': 1}
2022-08-21 17:37:00,772 : EventManager : Event: ======'player_mode_value'====== Args={'value': 1430000, 'prev_value': 1420000, 'change': 10000, 'player_num': 1}
2022-08-21 17:37:01,274 : EventManager : Event: ======'machine_var_audits_switches_s_left_spinner'====== Args={'value': 19928, 'prev_value': 19927, 'change': 1}
2022-08-21 17:37:01,274 : EventManager : Event: ======'player_score'====== Args={'value': 357520, 'prev_value': 356490, 'change': 1030, 'player_num': 1}
2022-08-21 17:37:01,274 : EventManager : Event: ======'player_switches'====== Args={'value': 44, 'prev_value': 43, 'change': 1, 'player_num': 1}
2022-08-21 17:37:01,274 : EventManager : Event: ======'player_mode_value'====== Args={'value': 1440000, 'prev_value': 1430000, 'change': 10000, 'player_num': 1}
2022-08-21 17:37:03,196 : EventManager : Event: ======'machine_var_audits_switches_s_left_spinner'====== Args={'value': 19929, 'prev_value': 19928, 'change': 1}
2022-08-21 17:37:03,196 : EventManager : Event: ======'player_score'====== Args={'value': 358550, 'prev_value': 357520, 'change': 1030, 'player_num': 1}
2022-08-21 17:37:03,196 : EventManager : Event: ======'player_switches'====== Args={'value': 45, 'prev_value': 44, 'change': 1, 'player_num': 1}
2022-08-21 17:37:03,196 : EventManager : Event: ======'player_mode_value'====== Args={'value': 1450000, 'prev_value': 1440000, 'change': 10000, 'player_num': 1}
2022-08-21 17:37:04,070 : EventManager : Event: ======'machine_var_audits_switches_s_left_spinner'====== Args={'value': 19930, 'prev_value': 19929, 'change': 1}
2022-08-21 17:37:04,070 : EventManager : Event: ======'player_score'====== Args={'value': 359580, 'prev_value': 358550, 'change': 1030, 'player_num': 1}
2022-08-21 17:37:04,070 : EventManager : Event: ======'player_switches'====== Args={'value': 46, 'prev_value': 45, 'change': 1, 'player_num': 1}
2022-08-21 17:37:04,070 : EventManager : Event: ======'player_mode_value'====== Args={'value': 1460000, 'prev_value': 1450000, 'change': 10000, 'player_num': 1}
2022-08-21 17:37:04,658 : EventManager : Event: ======'machine_var_audits_switches_s_left_spinner'====== Args={'value': 19931, 'prev_value': 19930, 'change': 1}
2022-08-21 17:37:04,658 : EventManager : Event: ======'player_score'====== Args={'value': 360610, 'prev_value': 359580, 'change': 1030, 'player_num': 1}
2022-08-21 17:37:04,666 : EventManager : Event: ======'player_switches'====== Args={'value': 47, 'prev_value': 46, 'change': 1, 'player_num': 1}
2022-08-21 17:37:04,666 : EventManager : Event: ======'player_mode_value'====== Args={'value': 1470000, 'prev_value': 1460000, 'change': 10000, 'player_num': 1}
2022-08-21 17:37:05,430 : EventManager : Event: ======'machine_var_audits_switches_s_left_spinner'====== Args={'value': 19932, 'prev_value': 19931, 'change': 1}
2022-08-21 17:37:05,430 : EventManager : Event: ======'player_score'====== Args={'value': 361640, 'prev_value': 360610, 'change': 1030, 'player_num': 1}
2022-08-21 17:37:05,430 : EventManager : Event: ======'player_switches'====== Args={'value': 48, 'prev_value': 47, 'change': 1, 'player_num': 1}
2022-08-21 17:37:05,430 : EventManager : Event: ======'player_mode_value'====== Args={'value': 1480000, 'prev_value': 1470000, 'change': 10000, 'player_num': 1}
2022-08-21 17:37:06,163 : EventManager : Event: ======'machine_var_audits_switches_s_left_spinner'====== Args={'value': 19933, 'prev_value': 19932, 'change': 1}
2022-08-21 17:37:06,163 : EventManager : Event: ======'player_score'====== Args={'value': 362670, 'prev_value': 361640, 'change': 1030, 'player_num': 1}
2022-08-21 17:37:06,164 : EventManager : Event: ======'player_switches'====== Args={'value': 49, 'prev_value': 48, 'change': 1, 'player_num': 1}
2022-08-21 17:37:06,164 : EventManager : Event: ======'player_mode_value'====== Args={'value': 1490000, 'prev_value': 1480000, 'change': 10000, 'player_num': 1}
2022-08-21 17:37:06,999 : EventManager : Event: ======'machine_var_audits_switches_s_left_spinner'====== Args={'value': 19934, 'prev_value': 19933, 'change': 1}
2022-08-21 17:37:06,999 : EventManager : Event: ======'player_score'====== Args={'value': 363700, 'prev_value': 362670, 'change': 1030, 'player_num': 1}
2022-08-21 17:37:06,999 : EventManager : Event: ======'player_switches'====== Args={'value': 50, 'prev_value': 49, 'change': 1, 'player_num': 1}
2022-08-21 17:37:06,999 : EventManager : Event: ======'player_mode_value'====== Args={'value': 1500000, 'prev_value': 1490000, 'change': 10000, 'player_num': 1}
2022-08-21 17:37:09,284 : EventManager : Event: ======'machine_var_audits_switches_s_left_inlane_far'====== Args={'value': 3816, 'prev_value': 3815, 'change': 1}
2022-08-21 17:37:09,296 : EventManager : Event: ======'machine_var_audits_shots_galaxy_advance'====== Args={'value': 1994, 'prev_value': 1993, 'change': 1}
2022-08-21 17:37:09,296 : EventManager : Event: ======'player_score'====== Args={'value': 393700, 'prev_value': 363700, 'change': 30000, 'player_num': 1}
2022-08-21 17:37:09,296 : EventManager : Event: ======'player_switches'====== Args={'value': 51, 'prev_value': 50, 'change': 1, 'player_num': 1}
2022-08-21 17:37:09,296 : EventManager : Event: ======'player_combos_combo_timer_tick'====== Args={'value': 6, 'prev_value': 0, 'change': 6, 'player_num': 1}
2022-08-21 17:37:09,297 : EventManager : Event: ======'player_playfield_multiplier'====== Args={'value': 2, 'prev_value': 1, 'change': 1, 'player_num': 1}
2022-08-21 17:37:09,784 : EventManager : Event: ======'player_combos_combo_timer_tick'====== Args={'value': 5, 'prev_value': 6, 'change': -1, 'player_num': 1}
2022-08-21 17:37:10,287 : EventManager : Event: ======'player_combos_combo_timer_tick'====== Args={'value': 4, 'prev_value': 5, 'change': -1, 'player_num': 1}
2022-08-21 17:37:10,788 : EventManager : Event: ======'player_combos_combo_timer_tick'====== Args={'value': 3, 'prev_value': 4, 'change': -1, 'player_num': 1}
2022-08-21 17:37:11,278 : EventManager : Event: ======'player_combos_combo_timer_tick'====== Args={'value': 2, 'prev_value': 3, 'change': -1, 'player_num': 1}
2022-08-21 17:37:11,781 : EventManager : Event: ======'player_combos_combo_timer_tick'====== Args={'value': 1, 'prev_value': 2, 'change': -1, 'player_num': 1}
2022-08-21 17:37:12,284 : EventManager : Event: ======'player_combos_combo_timer_tick'====== Args={'value': 0, 'prev_value': 1, 'change': -1, 'player_num': 1}
2022-08-21 17:37:13,409 : EventManager : Event: ======'machine_var_audits_switches_s_right_inlane_far'====== Args={'value': 6038, 'prev_value': 6037, 'change': 1}
2022-08-21 17:37:13,421 : EventManager : Event: ======'player_shot_portal_advance'====== Args={'value': 1, 'prev_value': 0, 'change': 1, 'player_num': 1}
2022-08-21 17:37:13,433 : EventManager : Event: ======'machine_var_audits_shots_portal_advance'====== Args={'value': 4492, 'prev_value': 4491, 'change': 1}
2022-08-21 17:37:13,433 : EventManager : Event: ======'player_score'====== Args={'value': 453700, 'prev_value': 393700, 'change': 60000, 'player_num': 1}
2022-08-21 17:37:13,433 : EventManager : Event: ======'player_switches'====== Args={'value': 52, 'prev_value': 51, 'change': 1, 'player_num': 1}
2022-08-21 17:37:13,433 : EventManager : Event: ======'player_combos_combo_timer_tick'====== Args={'value': 6, 'prev_value': 0, 'change': 6, 'player_num': 1}
2022-08-21 17:37:13,865 : EventManager : Event: ======'machine_var_audits_switches_s_right_inlane_far'====== Args={'value': 6039, 'prev_value': 6038, 'change': 1}
2022-08-21 17:37:13,865 : EventManager : Event: ======'machine_var_audits_shots_portal_advance'====== Args={'value': 4493, 'prev_value': 4492, 'change': 1}
2022-08-21 17:37:13,865 : EventManager : Event: ======'player_score'====== Args={'value': 513700, 'prev_value': 453700, 'change': 60000, 'player_num': 1}
2022-08-21 17:37:13,865 : EventManager : Event: ======'player_switches'====== Args={'value': 53, 'prev_value': 52, 'change': 1, 'player_num': 1}
2022-08-21 17:37:14,338 : EventManager : Event: ======'machine_var_audits_switches_s_right_inlane_far'====== Args={'value': 6040, 'prev_value': 6039, 'change': 1}
2022-08-21 17:37:14,338 : EventManager : Event: ======'machine_var_audits_shots_portal_advance'====== Args={'value': 4494, 'prev_value': 4493, 'change': 1}
2022-08-21 17:37:14,350 : EventManager : Event: ======'player_score'====== Args={'value': 573700, 'prev_value': 513700, 'change': 60000, 'player_num': 1}
2022-08-21 17:37:14,350 : EventManager : Event: ======'player_switches'====== Args={'value': 54, 'prev_value': 53, 'change': 1, 'player_num': 1}
2022-08-21 17:37:14,847 : EventManager : Event: ======'player_combos_combo_timer_tick'====== Args={'value': 5, 'prev_value': 6, 'change': -1, 'player_num': 1}
2022-08-21 17:37:15,336 : EventManager : Event: ======'player_combos_combo_timer_tick'====== Args={'value': 4, 'prev_value': 5, 'change': -1, 'player_num': 1}
2022-08-21 17:37:15,839 : EventManager : Event: ======'player_combos_combo_timer_tick'====== Args={'value': 3, 'prev_value': 4, 'change': -1, 'player_num': 1}
2022-08-21 17:37:16,342 : EventManager : Event: ======'player_combos_combo_timer_tick'====== Args={'value': 2, 'prev_value': 3, 'change': -1, 'player_num': 1}
2022-08-21 17:37:16,832 : EventManager : Event: ======'player_combos_combo_timer_tick'====== Args={'value': 1, 'prev_value': 2, 'change': -1, 'player_num': 1}
2022-08-21 17:37:17,322 : EventManager : Event: ======'machine_var_audits_switches_s_right_kicker'====== Args={'value': 1683, 'prev_value': 1682, 'change': 1}
2022-08-21 17:37:17,322 : EventManager : Event: ======'player_score'====== Args={'value': 603700, 'prev_value': 573700, 'change': 30000, 'player_num': 1}
2022-08-21 17:37:17,354 : EventManager : Event: ======'slides_play'====== Args={'settings': {'select_mission1': {'target': None, 'background_color': [0.0, 0.0, 0.0, 1.0], 'priority': None, 'show': True, 'force': False, 'expire': None, 'slide': None, 'tokens': {}, 'action': 'play'}}, 'context': 'carousel', 'calling_context': 'carousel_mission1_highlighted', 'priority': 1000, 'direction': None}
2022-08-21 17:37:17,354 : mpfmc : SlidePlayer: Play called with settings={'select_mission1': {'target': None, 'background_color': [0.0, 0.0, 0.0, 1.0], 'priority': None, 'show': True, 'force': False, 'expire': None, 'slide': None, 'tokens': {}, 'action': 'play'}}
2022-08-21 17:37:17,368 : EventManager : Event: ======'slide_select_mission1_created'====== Args={}
2022-08-21 17:37:17,373 : EventManager : Event: ======'slide_select_mission1_active'====== Args={}
2022-08-21 17:37:17,392 : EventManager : Event: ======'player_combos_combo_timer_tick'====== Args={'value': 0, 'prev_value': 1, 'change': -1, 'player_num': 1}
2022-08-21 17:37:18,054 : EventManager : Event: ======'machine_var_audits_switches_s_right_flipper'====== Args={'value': 31523, 'prev_value': 31522, 'change': 1}
2022-08-21 17:37:18,201 : EventManager : Event: ======'slides_play'====== Args={'settings': {'select_mission2': {'target': None, 'background_color': [0.0, 0.0, 0.0, 1.0], 'priority': None, 'show': True, 'force': False, 'expire': None, 'slide': None, 'tokens': {}, 'action': 'play'}}, 'context': 'carousel', 'calling_context': 'carousel_mission2_highlighted', 'priority': 1000, 'direction': 'forwards'}
2022-08-21 17:37:18,202 : mpfmc : SlidePlayer: Play called with settings={'select_mission2': {'target': None, 'background_color': [0.0, 0.0, 0.0, 1.0], 'priority': None, 'show': True, 'force': False, 'expire': None, 'slide': None, 'tokens': {}, 'action': 'play'}}
2022-08-21 17:37:18,215 : EventManager : Event: ======'slide_select_mission2_created'====== Args={}
2022-08-21 17:37:18,221 : EventManager : Event: ======'slide_select_mission2_active'====== Args={}
2022-08-21 17:37:19,847 : EventManager : Event: ======'machine_var_audits_switches_s_action_button'====== Args={'value': 3906, 'prev_value': 3905, 'change': 1}
2022-08-21 17:37:20,078 : EventManager : Event: ======'player_shot_left_loop_mission2_enabled'====== Args={'value': True, 'prev_value': 0, 'change': 1, 'player_num': 1}
2022-08-21 17:37:20,079 : EventManager : Event: ======'player_shot_right_loop_mission2_enabled'====== Args={'value': True, 'prev_value': 0, 'change': 1, 'player_num': 1}
2022-08-21 17:37:20,079 : EventManager : Event: ======'player_shot_left_kicker_mission2_enabled'====== Args={'value': True, 'prev_value': 0, 'change': 1, 'player_num': 1}
2022-08-21 17:37:20,079 : EventManager : Event: ======'player_shot_right_kicker_mission2_enabled'====== Args={'value': True, 'prev_value': 0, 'change': 1, 'player_num': 1}
2022-08-21 17:37:20,079 : EventManager : Event: ======'player_shot_drop_target1_mission2_enabled'====== Args={'value': True, 'prev_value': 0, 'change': 1, 'player_num': 1}
2022-08-21 17:37:20,079 : EventManager : Event: ======'player_shot_drop_target2_mission2_enabled'====== Args={'value': True, 'prev_value': 0, 'change': 1, 'player_num': 1}
2022-08-21 17:37:20,080 : EventManager : Event: ======'player_shot_drop_target3_mission2_enabled'====== Args={'value': True, 'prev_value': 0, 'change': 1, 'player_num': 1}
2022-08-21 17:37:20,080 : EventManager : Event: ======'player_shot_drop_target4_mission2_enabled'====== Args={'value': True, 'prev_value': 0, 'change': 1, 'player_num': 1}
2022-08-21 17:37:20,080 : EventManager : Event: ======'player_shot_drop_target5_mission2_enabled'====== Args={'value': True, 'prev_value': 0, 'change': 1, 'player_num': 1}
2022-08-21 17:37:20,108 : EventManager : Event: ======'player_modes_started'====== Args={'value': 1, 'prev_value': 0, 'change': 1, 'player_num': 1}
2022-08-21 17:37:20,109 : EventManager : Event: ======'player_selected_mission'====== Args={'value': 'mission2', 'prev_value': 0, 'change': True, 'player_num': 1}
2022-08-21 17:37:20,109 : EventManager : Event: ======'slides_clear'====== Args={'context': 'carousel'}
2022-08-21 17:37:20,110 : EventManager : Event: ======'slide_select_mission1_removed'====== Args={}
2022-08-21 17:37:20,110 : EventManager : Event: ======'slide_select_mission2_removed'====== Args={}
2022-08-21 17:37:20,110 : EventManager : Event: ======'sounds_play'====== Args={'settings': {'mode_theme': {'action': 'play', 'loops': -1, 'priority': None, 'block': False, 'delay': None, 'track': None, 'volume': None, 'pan': None, 'start_at': None, 'fade_in': None, 'fade_out': None, 'about_to_finish_time': -1.0, 'max_queue_time': -1.0, 'events_when_played': ['use_sound_setting'], 'events_when_stopped': ['use_sound_setting'], 'events_when_looping': ['use_sound_setting'], 'events_when_about_to_finish': ['use_sound_setting'], 'mode_end_action': 'use_sound_setting', 'key': 'use_sound_setting'}, 'default': {'action': 'stop', 'priority': None, 'block': False, 'delay': None, 'track': None, 'volume': None, 'pan': None, 'loops': None, 'start_at': None, 'fade_in': None, 'fade_out': None, 'about_to_finish_time': -1.0, 'max_queue_time': -1.0, 'events_when_played': ['use_sound_setting'], 'events_when_stopped': ['use_sound_setting'], 'events_when_looping': ['use_sound_setting'], 'events_when_about_to_finish': ['use_sound_setting'], 'mode_end_action': 'use_sound_setting', 'key': 'use_sound_setting'}}, 'context': '_global', 'calling_context': 'mode_carousel_stopped', 'priority': 0}
2022-08-21 17:37:20,111 : EventManager : Event: ======'slide_score_slide_active'====== Args={}
2022-08-21 17:37:20,142 : EventManager : Event: ======'player_multiplied_mode_value'====== Args={'value': 3000000, 'prev_value': 0, 'change': 3000000, 'player_num': 1}
2022-08-21 17:37:20,143 : EventManager : Event: ======'player_mode_value_half'====== Args={'value': 1500000, 'prev_value': 0, 'change': 1500000, 'player_num': 1}
2022-08-21 17:37:20,143 : EventManager : Event: ======'slides_play'====== Args={'settings': {'score_slide_mission2': {'target': None, 'background_color': [0.0, 0.0, 0.0, 1.0], 'priority': None, 'show': True, 'force': False, 'expire': None, 'slide': None, 'tokens': {}, 'action': 'play'}}, 'context': 'mission2', 'calling_context': 'mode_mission2_started', 'priority': 1000}
2022-08-21 17:37:20,143 : EventManager : Event: ======'player_shot_right_kicker_mission2'====== Args={'value': 1, 'prev_value': 0, 'change': 1, 'player_num': 1}
2022-08-21 17:37:20,143 : EventManager : Event: ======'player_shot_left_loop_mission2'====== Args={'value': 1, 'prev_value': 0, 'change': 1, 'player_num': 1}
2022-08-21 17:37:20,143 : EventManager : Event: ======'player_shot_left_loop_mission2'====== Args={'value': 2, 'prev_value': 1, 'change': 1, 'player_num': 1}
2022-08-21 17:37:20,143 : EventManager : Event: ======'player_mission2_timer_seconds'====== Args={'value': 75, 'prev_value': 0, 'change': 75, 'player_num': 1}
2022-08-21 17:37:20,143 : mpfmc : SlidePlayer: Play called with settings={'score_slide_mission2': {'target': None, 'background_color': [0.0, 0.0, 0.0, 1.0], 'priority': None, 'show': True, 'force': False, 'expire': None, 'slide': None, 'tokens': {}, 'action': 'play'}}
2022-08-21 17:37:20,156 : EventManager : Event: ======'slide_score_slide_mission2_created'====== Args={}
2022-08-21 17:37:20,164 : EventManager : Event: ======'slide_score_slide_mission2_active'====== Args={}
2022-08-21 17:37:21,296 : EventManager : Event: ======'player_mission2_mission2_timer_tick'====== Args={'value': 74, 'prev_value': 0, 'change': 74, 'player_num': 1}
2022-08-21 17:37:21,296 : EventManager : Event: ======'player_mission2_timer_seconds'====== Args={'value': 74, 'prev_value': 75, 'change': -1, 'player_num': 1}
2022-08-21 17:37:22,499 : EventManager : Event: ======'player_mission2_mission2_timer_tick'====== Args={'value': 73, 'prev_value': 74, 'change': -1, 'player_num': 1}
2022-08-21 17:37:22,499 : EventManager : Event: ======'player_mission2_timer_seconds'====== Args={'value': 73, 'prev_value': 74, 'change': -1, 'player_num': 1}
2022-08-21 17:37:23,696 : EventManager : Event: ======'player_mission2_mission2_timer_tick'====== Args={'value': 72, 'prev_value': 73, 'change': -1, 'player_num': 1}
2022-08-21 17:37:23,696 : EventManager : Event: ======'player_mission2_timer_seconds'====== Args={'value': 72, 'prev_value': 73, 'change': -1, 'player_num': 1}
2022-08-21 17:37:24,901 : EventManager : Event: ======'player_mission2_mission2_timer_tick'====== Args={'value': 71, 'prev_value': 72, 'change': -1, 'player_num': 1}
2022-08-21 17:37:24,901 : EventManager : Event: ======'player_mission2_timer_seconds'====== Args={'value': 71, 'prev_value': 72, 'change': -1, 'player_num': 1}
2022-08-21 17:37:26,101 : EventManager : Event: ======'player_mission2_mission2_timer_tick'====== Args={'value': 70, 'prev_value': 71, 'change': -1, 'player_num': 1}
2022-08-21 17:37:26,101 : EventManager : Event: ======'player_mission2_timer_seconds'====== Args={'value': 70, 'prev_value': 71, 'change': -1, 'player_num': 1}
2022-08-21 17:37:27,300 : EventManager : Event: ======'player_mission2_mission2_timer_tick'====== Args={'value': 69, 'prev_value': 70, 'change': -1, 'player_num': 1}
2022-08-21 17:37:27,300 : EventManager : Event: ======'player_mission2_timer_seconds'====== Args={'value': 69, 'prev_value': 70, 'change': -1, 'player_num': 1}
2022-08-21 17:37:28,503 : EventManager : Event: ======'player_mission2_mission2_timer_tick'====== Args={'value': 68, 'prev_value': 69, 'change': -1, 'player_num': 1}
2022-08-21 17:37:28,503 : EventManager : Event: ======'player_mission2_timer_seconds'====== Args={'value': 68, 'prev_value': 69, 'change': -1, 'player_num': 1}
2022-08-21 17:37:28,597 : EventManager : Event: ======'machine_var_audits_switches_s_left_inlane_far'====== Args={'value': 3817, 'prev_value': 3816, 'change': 1}
2022-08-21 17:37:28,597 : EventManager : Event: ======'machine_var_audits_shots_left_loop_mission2'====== Args={'value': 255, 'prev_value': 254, 'change': 1}
2022-08-21 17:37:28,610 : EventManager : Event: ======'player_score'====== Args={'value': 663700, 'prev_value': 603700, 'change': 60000, 'player_num': 1}
2022-08-21 17:37:28,610 : EventManager : Event: ======'player_switches'====== Args={'value': 55, 'prev_value': 54, 'change': 1, 'player_num': 1}
2022-08-21 17:37:28,610 : EventManager : Event: ======'player_combos_combo_timer_tick'====== Args={'value': 6, 'prev_value': 0, 'change': 6, 'player_num': 1}
2022-08-21 17:37:28,610 : EventManager : Event: ======'player_shot_left_loop_mission2'====== Args={'value': 3, 'prev_value': 2, 'change': 1, 'player_num': 1}
2022-08-21 17:37:28,621 : EventManager : Event: ======'player_mission2_total'====== Args={'value': 0, 'prev_value': 0, 'change': 0, 'player_num': 1}
2022-08-21 17:37:28,621 : EventManager : Event: ======'slides_play'====== Args={'settings': {'half_shot_slide_mission2': {'target': None, 'background_color': [0.0, 0.0, 0.0, 1.0], 'priority': None, 'show': True, 'force': False, 'expire': None, 'slide': None, 'tokens': {}, 'action': 'play'}}, 'context': 'mission2', 'calling_context': 'left_loop_mission2_safe_ready_hit', 'priority': 1000, 'profile': 'mission2_profile', 'state': 'safe_ready', 'advancing': False}
2022-08-21 17:37:28,621 : mpfmc : SlidePlayer: Play called with settings={'half_shot_slide_mission2': {'target': None, 'background_color': [0.0, 0.0, 0.0, 1.0], 'priority': None, 'show': True, 'force': False, 'expire': None, 'slide': None, 'tokens': {}, 'action': 'play'}}
2022-08-21 17:37:28,632 : EventManager : Event: ======'slide_half_shot_slide_mission2_created'====== Args={}
2022-08-21 17:37:28,637 : EventManager : Event: ======'slide_half_shot_slide_mission2_active'====== Args={}
2022-08-21 17:37:29,143 : EventManager : Event: ======'player_combos_combo_timer_tick'====== Args={'value': 5, 'prev_value': 6, 'change': -1, 'player_num': 1}
2022-08-21 17:37:29,635 : EventManager : Event: ======'player_combos_combo_timer_tick'====== Args={'value': 4, 'prev_value': 5, 'change': -1, 'player_num': 1}
2022-08-21 17:37:29,720 : EventManager : Event: ======'player_mission2_mission2_timer_tick'====== Args={'value': 67, 'prev_value': 68, 'change': -1, 'player_num': 1}
2022-08-21 17:37:29,720 : EventManager : Event: ======'player_mission2_timer_seconds'====== Args={'value': 67, 'prev_value': 68, 'change': -1, 'player_num': 1}
2022-08-21 17:37:30,123 : EventManager : Event: ======'player_combos_combo_timer_tick'====== Args={'value': 3, 'prev_value': 4, 'change': -1, 'player_num': 1}
2022-08-21 17:37:30,644 : EventManager : Event: ======'player_combos_combo_timer_tick'====== Args={'value': 2, 'prev_value': 3, 'change': -1, 'player_num': 1}
2022-08-21 17:37:30,933 : EventManager : Event: ======'player_mission2_mission2_timer_tick'====== Args={'value': 66, 'prev_value': 67, 'change': -1, 'player_num': 1}
2022-08-21 17:37:30,934 : EventManager : Event: ======'player_mission2_timer_seconds'====== Args={'value': 66, 'prev_value': 67, 'change': -1, 'player_num': 1}
2022-08-21 17:37:31,133 : EventManager : Event: ======'player_combos_combo_timer_tick'====== Args={'value': 1, 'prev_value': 2, 'change': -1, 'player_num': 1}
2022-08-21 17:37:31,134 : EventManager : Event: ======'slide_half_shot_slide_mission2_removed'====== Args={}
2022-08-21 17:37:31,135 : EventManager : Event: ======'slide_score_slide_mission2_active'====== Args={}
2022-08-21 17:37:31,598 : EventManager : Event: ======'player_combos_combo_timer_tick'====== Args={'value': 0, 'prev_value': 1, 'change': -1, 'player_num': 1}
2022-08-21 17:37:32,114 : EventManager : Event: ======'player_mission2_mission2_timer_tick'====== Args={'value': 65, 'prev_value': 66, 'change': -1, 'player_num': 1}
2022-08-21 17:37:32,114 : EventManager : Event: ======'player_mission2_timer_seconds'====== Args={'value': 65, 'prev_value': 66, 'change': -1, 'player_num': 1}
2022-08-21 17:37:33,307 : EventManager : Event: ======'player_mission2_mission2_timer_tick'====== Args={'value': 64, 'prev_value': 65, 'change': -1, 'player_num': 1}
2022-08-21 17:37:33,307 : EventManager : Event: ======'player_mission2_timer_seconds'====== Args={'value': 64, 'prev_value': 65, 'change': -1, 'player_num': 1}
2022-08-21 17:37:34,514 : EventManager : Event: ======'player_mission2_mission2_timer_tick'====== Args={'value': 63, 'prev_value': 64, 'change': -1, 'player_num': 1}
2022-08-21 17:37:34,514 : EventManager : Event: ======'player_mission2_timer_seconds'====== Args={'value': 63, 'prev_value': 64, 'change': -1, 'player_num': 1}
2022-08-21 17:37:35,703 : EventManager : Event: ======'player_mission2_mission2_timer_tick'====== Args={'value': 62, 'prev_value': 63, 'change': -1, 'player_num': 1}
2022-08-21 17:37:35,703 : EventManager : Event: ======'player_mission2_timer_seconds'====== Args={'value': 62, 'prev_value': 63, 'change': -1, 'player_num': 1}
2022-08-21 17:37:36,407 : EventManager : Event: ======'machine_var_audits_switches_s_left_inlane_far'====== Args={'value': 3818, 'prev_value': 3817, 'change': 1}
2022-08-21 17:37:36,420 : EventManager : Event: ======'machine_var_audits_shots_left_loop_mission2'====== Args={'value': 256, 'prev_value': 255, 'change': 1}
2022-08-21 17:37:36,420 : EventManager : Event: ======'player_score'====== Args={'value': 723700, 'prev_value': 663700, 'change': 60000, 'player_num': 1}
2022-08-21 17:37:36,420 : EventManager : Event: ======'player_switches'====== Args={'value': 56, 'prev_value': 55, 'change': 1, 'player_num': 1}
2022-08-21 17:37:36,421 : EventManager : Event: ======'player_combos_combo_timer_tick'====== Args={'value': 6, 'prev_value': 0, 'change': 6, 'player_num': 1}
2022-08-21 17:37:36,421 : EventManager : Event: ======'player_shot_left_loop_mission2'====== Args={'value': 0, 'prev_value': 3, 'change': -3, 'player_num': 1}
2022-08-21 17:37:36,421 : EventManager : Event: ======'player_shot_right_kicker_mission2'====== Args={'value': 0, 'prev_value': 1, 'change': -1, 'player_num': 1}
2022-08-21 17:37:36,422 : EventManager : Event: ======'player_wrong_path_left_loop'====== Args={'value': 'off', 'prev_value': 0, 'change': True, 'player_num': 1}
2022-08-21 17:37:36,433 : EventManager : Event: ======'player_wrong_path_right_loop'====== Args={'value': 'off', 'prev_value': 0, 'change': True, 'player_num': 1}
2022-08-21 17:37:36,434 : EventManager : Event: ======'player_wrong_path_left_kicker'====== Args={'value': 'off', 'prev_value': 0, 'change': True, 'player_num': 1}
2022-08-21 17:37:36,434 : EventManager : Event: ======'player_wrong_path_right_kicker'====== Args={'value': 'off', 'prev_value': 0, 'change': True, 'player_num': 1}
2022-08-21 17:37:36,434 : EventManager : Event: ======'player_wrong_path_drop_target1'====== Args={'value': 'off', 'prev_value': 0, 'change': True, 'player_num': 1}
2022-08-21 17:37:36,434 : EventManager : Event: ======'player_wrong_path_drop_target2'====== Args={'value': 'off', 'prev_value': 0, 'change': True, 'player_num': 1}
2022-08-21 17:37:36,434 : EventManager : Event: ======'player_wrong_path_drop_target3'====== Args={'value': 'off', 'prev_value': 0, 'change': True, 'player_num': 1}
2022-08-21 17:37:36,435 : EventManager : Event: ======'player_wrong_path_drop_target4'====== Args={'value': 'off', 'prev_value': 0, 'change': True, 'player_num': 1}
2022-08-21 17:37:36,435 : EventManager : Event: ======'player_wrong_path_drop_target5'====== Args={'value': 'off', 'prev_value': 0, 'change': True, 'player_num': 1}
2022-08-21 17:37:36,435 : EventManager : Event: ======'slides_play'====== Args={'settings': {'shot_slide_mission2': {'target': None, 'background_color': [0.0, 0.0, 0.0, 1.0], 'priority': None, 'show': True, 'force': False, 'expire': None, 'slide': None, 'tokens': {}, 'action': 'play'}}, 'context': 'mission2', 'calling_context': 'shot1', 'priority': 1000}
2022-08-21 17:37:36,435 : EventManager : Event: ======'player_shot_drop_target2_mission2'====== Args={'value': 1, 'prev_value': 0, 'change': 1, 'player_num': 1}
2022-08-21 17:37:36,435 : EventManager : Event: ======'player_shot_drop_target5_mission2'====== Args={'value': 1, 'prev_value': 0, 'change': 1, 'player_num': 1}
2022-08-21 17:37:36,436 : EventManager : Event: ======'player_shot_drop_target5_mission2'====== Args={'value': 2, 'prev_value': 1, 'change': 1, 'player_num': 1}
2022-08-21 17:37:36,436 : mpfmc : SlidePlayer: Play called with settings={'shot_slide_mission2': {'target': None, 'background_color': [0.0, 0.0, 0.0, 1.0], 'priority': None, 'show': True, 'force': False, 'expire': None, 'slide': None, 'tokens': {}, 'action': 'play'}}
2022-08-21 17:37:36,448 : EventManager : Event: ======'slide_shot_slide_mission2_created'====== Args={}
2022-08-21 17:37:36,454 : EventManager : Event: ======'slide_shot_slide_mission2_active'====== Args={}
2022-08-21 17:37:36,931 : EventManager : Event: ======'player_mission2_mission2_timer_tick'====== Args={'value': 61, 'prev_value': 62, 'change': -1, 'player_num': 1}
2022-08-21 17:37:36,932 : EventManager : Event: ======'player_mission2_timer_seconds'====== Args={'value': 61, 'prev_value': 62, 'change': -1, 'player_num': 1}
2022-08-21 17:37:36,932 : EventManager : Event: ======'player_combos_combo_timer_tick'====== Args={'value': 5, 'prev_value': 6, 'change': -1, 'player_num': 1}
2022-08-21 17:37:37,452 : EventManager : Event: ======'player_combos_combo_timer_tick'====== Args={'value': 4, 'prev_value': 5, 'change': -1, 'player_num': 1}
2022-08-21 17:37:37,945 : EventManager : Event: ======'player_combos_combo_timer_tick'====== Args={'value': 3, 'prev_value': 4, 'change': -1, 'player_num': 1}
2022-08-21 17:37:38,146 : EventManager : Event: ======'player_mission2_mission2_timer_tick'====== Args={'value': 60, 'prev_value': 61, 'change': -1, 'player_num': 1}
2022-08-21 17:37:38,147 : EventManager : Event: ======'player_mission2_timer_seconds'====== Args={'value': 60, 'prev_value': 61, 'change': -1, 'player_num': 1}
2022-08-21 17:37:38,439 : EventManager : Event: ======'player_combos_combo_timer_tick'====== Args={'value': 2, 'prev_value': 3, 'change': -1, 'player_num': 1}
2022-08-21 17:37:38,952 : EventManager : Event: ======'player_combos_combo_timer_tick'====== Args={'value': 1, 'prev_value': 2, 'change': -1, 'player_num': 1}
2022-08-21 17:37:38,953 : EventManager : Event: ======'slide_shot_slide_mission2_removed'====== Args={}
2022-08-21 17:37:38,954 : EventManager : Event: ======'slide_score_slide_mission2_active'====== Args={}
2022-08-21 17:37:39,299 : EventManager : Event: ======'player_mission2_mission2_timer_tick'====== Args={'value': 59, 'prev_value': 60, 'change': -1, 'player_num': 1}
2022-08-21 17:37:39,299 : EventManager : Event: ======'player_mission2_timer_seconds'====== Args={'value': 59, 'prev_value': 60, 'change': -1, 'player_num': 1}
2022-08-21 17:37:39,415 : EventManager : Event: ======'player_combos_combo_timer_tick'====== Args={'value': 0, 'prev_value': 1, 'change': -1, 'player_num': 1}
2022-08-21 17:37:40,502 : EventManager : Event: ======'player_mission2_mission2_timer_tick'====== Args={'value': 58, 'prev_value': 59, 'change': -1, 'player_num': 1}
2022-08-21 17:37:40,502 : EventManager : Event: ======'player_mission2_timer_seconds'====== Args={'value': 58, 'prev_value': 59, 'change': -1, 'player_num': 1}
2022-08-21 17:37:41,709 : EventManager : Event: ======'player_mission2_mission2_timer_tick'====== Args={'value': 57, 'prev_value': 58, 'change': -1, 'player_num': 1}
2022-08-21 17:37:41,709 : EventManager : Event: ======'player_mission2_timer_seconds'====== Args={'value': 57, 'prev_value': 58, 'change': -1, 'player_num': 1}
2022-08-21 17:37:42,901 : EventManager : Event: ======'player_mission2_mission2_timer_tick'====== Args={'value': 56, 'prev_value': 57, 'change': -1, 'player_num': 1}
2022-08-21 17:37:42,901 : EventManager : Event: ======'player_mission2_timer_seconds'====== Args={'value': 56, 'prev_value': 57, 'change': -1, 'player_num': 1}
2022-08-21 17:37:44,110 : EventManager : Event: ======'player_mission2_mission2_timer_tick'====== Args={'value': 55, 'prev_value': 56, 'change': -1, 'player_num': 1}
2022-08-21 17:37:44,110 : EventManager : Event: ======'player_mission2_timer_seconds'====== Args={'value': 55, 'prev_value': 56, 'change': -1, 'player_num': 1}
2022-08-21 17:37:45,307 : EventManager : Event: ======'player_mission2_mission2_timer_tick'====== Args={'value': 54, 'prev_value': 55, 'change': -1, 'player_num': 1}
2022-08-21 17:37:45,307 : EventManager : Event: ======'player_mission2_timer_seconds'====== Args={'value': 54, 'prev_value': 55, 'change': -1, 'player_num': 1}
2022-08-21 17:37:46,506 : EventManager : Event: ======'player_mission2_mission2_timer_tick'====== Args={'value': 53, 'prev_value': 54, 'change': -1, 'player_num': 1}
2022-08-21 17:37:46,506 : EventManager : Event: ======'player_mission2_timer_seconds'====== Args={'value': 53, 'prev_value': 54, 'change': -1, 'player_num': 1}
2022-08-21 17:37:47,715 : EventManager : Event: ======'player_mission2_mission2_timer_tick'====== Args={'value': 52, 'prev_value': 53, 'change': -1, 'player_num': 1}
2022-08-21 17:37:47,715 : EventManager : Event: ======'player_mission2_timer_seconds'====== Args={'value': 52, 'prev_value': 53, 'change': -1, 'player_num': 1}
2022-08-21 17:37:48,916 : EventManager : Event: ======'player_mission2_mission2_timer_tick'====== Args={'value': 51, 'prev_value': 52, 'change': -1, 'player_num': 1}
2022-08-21 17:37:48,916 : EventManager : Event: ======'player_mission2_timer_seconds'====== Args={'value': 51, 'prev_value': 52, 'change': -1, 'player_num': 1}
2022-08-21 17:37:50,112 : EventManager : Event: ======'player_mission2_mission2_timer_tick'====== Args={'value': 50, 'prev_value': 51, 'change': -1, 'player_num': 1}
2022-08-21 17:37:50,112 : EventManager : Event: ======'player_mission2_timer_seconds'====== Args={'value': 50, 'prev_value': 51, 'change': -1, 'player_num': 1}
2022-08-21 17:37:51,298 : EventManager : Event: ======'player_mission2_mission2_timer_tick'====== Args={'value': 49, 'prev_value': 50, 'change': -1, 'player_num': 1}
2022-08-21 17:37:51,298 : EventManager : Event: ======'player_mission2_timer_seconds'====== Args={'value': 49, 'prev_value': 50, 'change': -1, 'player_num': 1}
2022-08-21 17:37:52,494 : EventManager : Event: ======'player_mission2_mission2_timer_tick'====== Args={'value': 48, 'prev_value': 49, 'change': -1, 'player_num': 1}
2022-08-21 17:37:52,494 : EventManager : Event: ======'player_mission2_timer_seconds'====== Args={'value': 48, 'prev_value': 49, 'change': -1, 'player_num': 1}
2022-08-21 17:37:53,696 : EventManager : Event: ======'player_mission2_mission2_timer_tick'====== Args={'value': 47, 'prev_value': 48, 'change': -1, 'player_num': 1}
2022-08-21 17:37:53,696 : EventManager : Event: ======'player_mission2_timer_seconds'====== Args={'value': 47, 'prev_value': 48, 'change': -1, 'player_num': 1}
2022-08-21 17:37:54,901 : EventManager : Event: ======'player_mission2_mission2_timer_tick'====== Args={'value': 46, 'prev_value': 47, 'change': -1, 'player_num': 1}
2022-08-21 17:37:54,901 : EventManager : Event: ======'player_mission2_timer_seconds'====== Args={'value': 46, 'prev_value': 47, 'change': -1, 'player_num': 1}
2022-08-21 17:37:56,105 : EventManager : Event: ======'player_mission2_mission2_timer_tick'====== Args={'value': 45, 'prev_value': 46, 'change': -1, 'player_num': 1}
2022-08-21 17:37:56,105 : EventManager : Event: ======'player_mission2_timer_seconds'====== Args={'value': 45, 'prev_value': 46, 'change': -1, 'player_num': 1}
2022-08-21 17:37:57,307 : EventManager : Event: ======'player_mission2_mission2_timer_tick'====== Args={'value': 44, 'prev_value': 45, 'change': -1, 'player_num': 1}
2022-08-21 17:37:57,307 : EventManager : Event: ======'player_mission2_timer_seconds'====== Args={'value': 44, 'prev_value': 45, 'change': -1, 'player_num': 1}
2022-08-21 17:37:57,314 : kivy : Base: Leaving application in progress...
2022-08-21 17:37:57,564 : mpfmc : Stopping...
2022-08-21 17:37:57,564 : EventManager : Event: ======'shutdown'====== Args={}
2022-08-21 17:37:57,564 : AudioInterface : Disabling audio playback
2022-08-21 17:37:57,564 : mpfmc : Loop rate 73.05 Hz
2022-08-21 17:37:57,564 : kivy : MC run loop ended.
2022-08-21 17:37:57,564 : kivy : Stopping child threads... (3 remaining)
2022-08-21 17:37:57,699 : mpfmc : Stopping...
2022-08-21 17:37:57,699 : EventManager : Event: ======'shutdown'====== Args={}
2022-08-21 17:37:57,699 : mpfmc : Loop rate 72.94 Hz
2022-08-21 17:37:57,715 : MPF-MC BCP Server : Stopping BCP sending thread
2022-08-21 17:37:57,886 : kivy : All child threads stopped.
