2022-08-22 11:05:07,378 : INFO : root : Loading config.
2022-08-22 11:05:07,901 : INFO : ConfigProcessor : Config spec file cache created: C:\Users\Brendan\AppData\Local\Temp\config_spec.mpf_cache
2022-08-22 11:05:07,901 : INFO : YamlMultifileConfigLoader : Machine config file #1: config.yaml
2022-08-22 11:05:07,901 : INFO : ConfigProcessor : Loading config from cache: C:\Users\Brendan\AppData\Local\Temp\bccefe987bb586eace29905fa80cab57.mpf_cache
2022-08-22 11:05:07,955 : INFO : ConfigProcessor : Loading config from cache: C:\Users\Brendan\AppData\Local\Temp\467e7647689d29fad6adf949e1f4d51d.mpf_cache
2022-08-22 11:05:07,956 : INFO : ConfigProcessor : Loading config from cache: C:\Users\Brendan\AppData\Local\Temp\5550e037aa776b42b91b29b40b356c70.mpf_cache
2022-08-22 11:05:07,957 : INFO : ConfigProcessor : Loading config from cache: C:\Users\Brendan\AppData\Local\Temp\15e0c601392b30c3d9ba3ead8131edb5.mpf_cache
2022-08-22 11:05:07,958 : INFO : ConfigProcessor : Loading config from cache: C:\Users\Brendan\AppData\Local\Temp\0bf50917c4ef15ab65ee13d6c14e7d7c.mpf_cache
2022-08-22 11:05:07,958 : INFO : ConfigProcessor : Loading config from cache: C:\Users\Brendan\AppData\Local\Temp\bc7da7b13b2754e080c2afa0678ac274.mpf_cache
2022-08-22 11:05:07,959 : INFO : ConfigProcessor : Loading config from cache: C:\Users\Brendan\AppData\Local\Temp\bbd59d0bb6602ee0c5a89d6f85e6dd42.mpf_cache
2022-08-22 11:05:07,960 : INFO : ConfigProcessor : Loading config from cache: C:\Users\Brendan\AppData\Local\Temp\5526c78976fee311c3d05505d75f653d.mpf_cache
2022-08-22 11:05:07,961 : INFO : ConfigProcessor : Loading config from cache: C:\Users\Brendan\AppData\Local\Temp\6e95138ae5415fc76b53ebf8fa245fb5.mpf_cache
2022-08-22 11:05:07,961 : INFO : ConfigProcessor : Loading config from cache: C:\Users\Brendan\AppData\Local\Temp\1ec1c4dffb383758956493783a9ed391.mpf_cache
2022-08-22 11:05:07,962 : INFO : ConfigProcessor : Loading config from cache: C:\Users\Brendan\AppData\Local\Temp\f2aee92728c8017b77c710c804dd7f5a.mpf_cache
2022-08-22 11:05:07,963 : INFO : ConfigProcessor : Loading config from cache: C:\Users\Brendan\AppData\Local\Temp\88f57fa1305e9dc100972ec9f84d57fe.mpf_cache
2022-08-22 11:05:07,964 : INFO : ConfigProcessor : Loading config from cache: C:\Users\Brendan\AppData\Local\Temp\6e00a9d794d4c3f43a0fc48da04dac60.mpf_cache
2022-08-22 11:05:07,965 : INFO : ConfigProcessor : Loading config from cache: C:\Users\Brendan\AppData\Local\Temp\05ef98219fc733c3bcab58726c4b37ef.mpf_cache
2022-08-22 11:05:07,965 : INFO : ConfigProcessor : Loading config from cache: C:\Users\Brendan\AppData\Local\Temp\c22d657a5a7bb60632c2be2c735e073b.mpf_cache
2022-08-22 11:05:07,966 : INFO : ConfigProcessor : Loading config from cache: C:\Users\Brendan\AppData\Local\Temp\f7d4f5eb9425fe84d2e83a363afd4bdf.mpf_cache
2022-08-22 11:05:07,967 : INFO : ConfigProcessor : Loading config from cache: C:\Users\Brendan\AppData\Local\Temp\125f51d329f930ea7bff10973551cc26.mpf_cache
2022-08-22 11:05:07,968 : INFO : ConfigProcessor : Loading config from cache: C:\Users\Brendan\AppData\Local\Temp\08e18dfdf4e02cd29cc0cc52be2faaf4.mpf_cache
2022-08-22 11:05:07,968 : INFO : ConfigProcessor : Loading config from cache: C:\Users\Brendan\AppData\Local\Temp\f042f5bf6362b9e04d43b40b93a92057.mpf_cache
2022-08-22 11:05:07,969 : INFO : ConfigProcessor : Loading config from cache: C:\Users\Brendan\AppData\Local\Temp\60badac06cd62deb71f25fac24b103c2.mpf_cache
2022-08-22 11:05:07,970 : INFO : ConfigProcessor : Loading config from cache: C:\Users\Brendan\AppData\Local\Temp\a3ad1aeb679a0686901de8a6ffe784f0.mpf_cache
2022-08-22 11:05:07,970 : WARNING : ConfigProcessor : Config file in cache changed: C:\Baby_pacman_code\machine\modes\playfield_multiplier\config\playfield_multiplier.yaml
2022-08-22 11:05:07,970 : INFO : ConfigProcessor : Loading config from file C:\Baby_pacman_code\machine\modes\playfield_multiplier\config\playfield_multiplier.yaml.
2022-08-22 11:05:07,984 : INFO : ConfigProcessor : Loading config: C:\Baby_pacman_code\machine\modes\playfield_multiplier\config\playfield_multiplier.yaml
2022-08-22 11:05:07,985 : INFO : ConfigProcessor : Config file cache created: C:\Users\Brendan\AppData\Local\Temp\d7856287e4ec48fb5adaa65e5f7b2848.mpf_cache
2022-08-22 11:05:07,985 : INFO : ConfigProcessor : Loading config from cache: C:\Users\Brendan\AppData\Local\Temp\4849f32e60febd99d83791f2417d9a0f.mpf_cache
2022-08-22 11:05:07,986 : INFO : ConfigProcessor : Loading config from cache: C:\Users\Brendan\AppData\Local\Temp\942a9c8af084c06606ececc74db0a30f.mpf_cache
2022-08-22 11:05:07,987 : INFO : ConfigProcessor : Loading config from cache: C:\Users\Brendan\AppData\Local\Temp\d3a5f9b6ba13782c30d3f4f7e40a9dcf.mpf_cache
2022-08-22 11:05:07,987 : INFO : ConfigProcessor : Loading config from cache: C:\Users\Brendan\AppData\Local\Temp\bb2305c107159ac261738ee6fa5177f9.mpf_cache
2022-08-22 11:05:07,988 : INFO : ConfigProcessor : Loading config from cache: C:\Users\Brendan\AppData\Local\Temp\5e8fe62f7d4a280c75af4e016e79234a.mpf_cache
2022-08-22 11:05:07,988 : INFO : ConfigProcessor : Loading config from cache: C:\Users\Brendan\AppData\Local\Temp\7934ad8984867b043b25c8f1f16418da.mpf_cache
2022-08-22 11:05:07,989 : INFO : ConfigProcessor : Loading config from cache: C:\Users\Brendan\AppData\Local\Temp\201f4c0a0d10e05df2979372d05b639d.mpf_cache
2022-08-22 11:05:07,989 : INFO : ConfigProcessor : Loading config from cache: C:\Users\Brendan\AppData\Local\Temp\29084e75e573608c6a2e9d91f8c2e516.mpf_cache
2022-08-22 11:05:07,990 : INFO : ConfigProcessor : Loading config from cache: C:\Users\Brendan\AppData\Local\Temp\c1a52d9ec6beffcf3a0c74172f4f1789.mpf_cache
2022-08-22 11:05:07,991 : INFO : ConfigProcessor : Loading config from cache: C:\Users\Brendan\AppData\Local\Temp\1a7cfdccecce53cd51775700aa921808.mpf_cache
2022-08-22 11:05:07,992 : INFO : ConfigProcessor : Loading config from cache: C:\Users\Brendan\AppData\Local\Temp\bbeb6a5751b9d2029aa6e8633936e040.mpf_cache
2022-08-22 11:05:07,992 : INFO : ConfigProcessor : Loading config from cache: C:\Users\Brendan\AppData\Local\Temp\396defae609afab4d6d7399595fd494b.mpf_cache
2022-08-22 11:05:07,993 : INFO : ConfigProcessor : Loading config from cache: C:\Users\Brendan\AppData\Local\Temp\df5b128cf73808572dcd58af6b99a12a.mpf_cache
2022-08-22 11:05:07,994 : INFO : ConfigProcessor : Loading config from cache: C:\Users\Brendan\AppData\Local\Temp\b16abd66a20b52f76df13eb007a93cde.mpf_cache
2022-08-22 11:05:07,994 : INFO : ConfigProcessor : Loading config from cache: C:\Users\Brendan\AppData\Local\Temp\09ddf149c2750d0dc18124afb4ec1692.mpf_cache
2022-08-22 11:05:07,995 : INFO : ConfigProcessor : Loading config from cache: C:\Users\Brendan\AppData\Local\Temp\dc261f740d4fb0b58874215bc05837b4.mpf_cache
2022-08-22 11:05:07,995 : INFO : ConfigProcessor : Loading config from cache: C:\Users\Brendan\AppData\Local\Temp\fd5b67850c190931870595f7ba331325.mpf_cache
2022-08-22 11:05:07,996 : INFO : ConfigProcessor : Loading config from cache: C:\Users\Brendan\AppData\Local\Temp\7fa0bf6f8a3d06d96f9daba2d24e8451.mpf_cache
2022-08-22 11:05:07,996 : INFO : ConfigProcessor : Loading config from cache: C:\Users\Brendan\AppData\Local\Temp\17652c03725ec0d5dc66b35abdc504c5.mpf_cache
2022-08-22 11:05:07,997 : INFO : ConfigProcessor : Loading config from cache: C:\Users\Brendan\AppData\Local\Temp\f6549f0a1a12987384ccc86b9df17004.mpf_cache
2022-08-22 11:05:07,997 : INFO : ConfigProcessor : Loading config from cache: C:\Users\Brendan\AppData\Local\Temp\d416d6f9f35dec068a811f18f969a8db.mpf_cache
2022-08-22 11:05:07,999 : INFO : ConfigProcessor : Loading config from cache: C:\Users\Brendan\AppData\Local\Temp\2cbb22f93ff96ef242a9a2d7465f7b14.mpf_cache
2022-08-22 11:05:07,999 : INFO : ConfigProcessor : Loading config from cache: C:\Users\Brendan\AppData\Local\Temp\5b43fbcb021f3ce97d73fdb8a470eae4.mpf_cache
2022-08-22 11:05:08,000 : INFO : ConfigProcessor : Loading config from cache: C:\Users\Brendan\AppData\Local\Temp\6d994d077edad00fe01353c1bfbf6638.mpf_cache
2022-08-22 11:05:08,000 : INFO : ConfigProcessor : Loading config from cache: C:\Users\Brendan\AppData\Local\Temp\df6e37541f81fc1a6e02dbcf98e0d10b.mpf_cache
2022-08-22 11:05:08,001 : INFO : ConfigProcessor : Loading config from cache: C:\Users\Brendan\AppData\Local\Temp\c5e911b563ca93c8e10ce7743f92e657.mpf_cache
2022-08-22 11:05:08,002 : INFO : ConfigProcessor : Loading config from cache: C:\Users\Brendan\AppData\Local\Temp\99ecafb2993dab1e69369c4f69529b6f.mpf_cache
2022-08-22 11:05:08,002 : INFO : ConfigProcessor : Loading config from cache: C:\Users\Brendan\AppData\Local\Temp\57f2f8973b8bd58edd1d215976151c60.mpf_cache
2022-08-22 11:05:08,003 : INFO : ConfigProcessor : Loading config from cache: C:\Users\Brendan\AppData\Local\Temp\19f702536b27ff66106645e85afb027e.mpf_cache
2022-08-22 11:05:08,004 : INFO : ConfigProcessor : Loading config from cache: C:\Users\Brendan\AppData\Local\Temp\c17101e4486856bd6430e66412997ee7.mpf_cache
2022-08-22 11:05:08,005 : INFO : ConfigProcessor : Loading config from cache: C:\Users\Brendan\AppData\Local\Temp\c5b3b18e965344eb40bdf988f6d052aa.mpf_cache
2022-08-22 11:05:08,006 : INFO : Machine : Mission Pinball Framework Core Engine v0.55.0
2022-08-22 11:05:08,006 : INFO : Machine : Command line arguments: {'no_load_cache': False, 'create_config_cache': True, 'bcp': True, 'configfile': ['config.yaml'], 'force_assets_load': False, 'jsonlogging': False, 'logfile': 'logs\\2022-08-22-11-05-07-mpf-Pinball-PC.log', 'pause': False, 'production': False, 'text_ui': True, 'loglevel': 15, 'consoleloglevel': 20, 'force_platform': None, 'syslog_address': None, 'mc_file_name': None, 'no_sound': False}
2022-08-22 11:05:08,006 : INFO : Machine : MPF path: c:\users\brendan\appdata\local\programs\python\python37\lib\site-packages\mpf
2022-08-22 11:05:08,006 : INFO : Machine : Machine path: C:\Baby_pacman_code\machine
2022-08-22 11:05:08,006 : INFO : Machine : Platform: win32
2022-08-22 11:05:08,007 : INFO : Machine : Python executable location: c:\users\brendan\appdata\local\programs\python\python37\python.exe
2022-08-22 11:05:08,007 : INFO : Machine : Python version: 3.7.8 (64-bit)
2022-08-22 11:05:08,008 : INFO : Machine : Initialise MPF.
2022-08-22 11:05:08,157 : INFO : FAST : Connecting to com7 at 921600bps
2022-08-22 11:05:08,181 : INFO : FAST : Connected! Processor: NET, Board Type: FP-CPU-002-2, Firmware: 01.05
2022-08-22 11:05:08,181 : INFO : EventManager : Event: ======'machine_var_fast_net_firmware'====== Args={'value': '01.05', 'prev_value': None, 'change': True}
2022-08-22 11:05:08,181 : INFO : EventManager : Event: ======'machine_var_fast_net_model'====== Args={'value': 'FP-CPU-002-2', 'prev_value': None, 'change': True}
2022-08-22 11:05:10,550 : WARNING : FAST : Got unexpected message from FAST: -N:06
2022-08-22 11:05:10,550 : WARNING : FAST : Got unexpected message from FAST: -N:13
2022-08-22 11:05:10,596 : INFO : FAST : Connecting to com8 at 921600bps
2022-08-22 11:05:10,644 : INFO : FAST : Connected! Processor: RGB, Board Type: FP-CPU-002-2, Firmware: 01.00
2022-08-22 11:05:10,645 : INFO : EventManager : Event: ======'machine_var_fast_rgb_firmware'====== Args={'value': '01.00', 'prev_value': None, 'change': True}
2022-08-22 11:05:10,645 : INFO : EventManager : Event: ======'machine_var_fast_rgb_model'====== Args={'value': 'FP-CPU-002-2', 'prev_value': None, 'change': True}
2022-08-22 11:05:10,645 : INFO : EventManager : Event: ======'machine_var_credits_string'====== Args={'value': 'FREE PLAY', 'prev_value': None, 'change': True}
2022-08-22 11:05:10,719 : INFO : EventManager : Event: ======'machine_var_master_volume'====== Args={'value': 0.5, 'prev_value': None, 'change': True}
2022-08-22 11:05:10,719 : INFO : EventManager : Event: ======'machine_var_player1_score'====== Args={'value': 21708080, 'prev_value': None, 'change': True}
2022-08-22 11:05:10,720 : INFO : EventManager : Event: ======'machine_var_mpf_version'====== Args={'value': 'MPF v0.55.0', 'prev_value': None, 'change': True}
2022-08-22 11:05:10,720 : INFO : EventManager : Event: ======'machine_var_mpf_extended_version'====== Args={'value': 'MPF v0.55.0, Config version:5, Show version: 5, BCP version:1.1', 'prev_value': None, 'change': True}
2022-08-22 11:05:10,720 : INFO : EventManager : Event: ======'machine_var_python_version'====== Args={'value': '3.7.8', 'prev_value': None, 'change': True}
2022-08-22 11:05:10,720 : INFO : EventManager : Event: ======'machine_var_platform'====== Args={'value': 'Windows-7-6.1.7601-SP1', 'prev_value': None, 'change': True}
2022-08-22 11:05:10,720 : INFO : EventManager : Event: ======'machine_var_platform_system'====== Args={'value': 'Windows', 'prev_value': None, 'change': True}
2022-08-22 11:05:10,720 : INFO : EventManager : Event: ======'machine_var_platform_release'====== Args={'value': '7', 'prev_value': None, 'change': True}
2022-08-22 11:05:10,721 : INFO : EventManager : Event: ======'machine_var_platform_version'====== Args={'value': '6.1.7601', 'prev_value': None, 'change': True}
2022-08-22 11:05:10,721 : INFO : EventManager : Event: ======'machine_var_platform_machine'====== Args={'value': 'AMD64', 'prev_value': None, 'change': True}
2022-08-22 11:05:10,721 : INFO : EventManager : Event: ======'init_phase_1'====== Args={}
2022-08-22 11:05:10,795 : INFO : EventManager : Event: ======'drop_target_bank_main_up'====== Args={}
2022-08-22 11:05:10,807 : INFO : EventManager : Event: ======'init_phase_2'====== Args={}
2022-08-22 11:05:10,807 : INFO : SwitchController : Found active switch: (('06', 1), <Platform.FAST>) <switch.s_right_captive_ball>
2022-08-22 11:05:10,808 : INFO : SwitchController : Found active switch: (('13', 1), <Platform.FAST>) <switch.s_drain>
2022-08-22 11:05:10,848 : INFO : EventManager : Event: ======'bcp_connection_attempt'====== Args={'name': 'local_display', 'host': 'localhost', 'port': 5050}
2022-08-22 11:05:10,849 : INFO : BCPClientSocket : Connecting BCP to 'local_display' at localhost:5050...
2022-08-22 11:05:11,845 : WARNING : FAST : Port com7 was blocked for more than 1s. Reseting send queue! If this happens frequently report a bug!
2022-08-22 11:05:12,843 : WARNING : FAST : Port com7 was blocked for more than 1s. Reseting send queue! If this happens frequently report a bug!
2022-08-22 11:05:13,939 : INFO : BCPClientSocket : Connected BCP to 'local_display' localhost:5050
2022-08-22 11:05:13,939 : INFO : EventManager : Event: ======'bcp_clients_connected'====== Args={}
2022-08-22 11:05:13,946 : INFO : ball_device.bd_drain : BCH: Initial count: 1
2022-08-22 11:05:13,947 : INFO : ball_device.bd_drain : State: idle
2022-08-22 11:05:13,948 : INFO : ball_device.bd_left_kicker : BCH: Initial count: 0
2022-08-22 11:05:13,948 : INFO : ball_device.bd_left_kicker : State: idle
2022-08-22 11:05:13,949 : INFO : ball_device.bd_right_kicker : BCH: Initial count: 0
2022-08-22 11:05:13,949 : INFO : ball_device.bd_right_kicker : State: idle
2022-08-22 11:05:14,013 : INFO : EventManager : Event: ======'init_phase_3'====== Args={}
2022-08-22 11:05:14,403 : INFO : EventManager : Event: ======'machine_var_mc_version'====== Args={'value': 'MPF-MC v0.55.0', 'prev_value': None, 'change': True}
2022-08-22 11:05:14,404 : INFO : EventManager : Event: ======'machine_var_mc_extended_version'====== Args={'value': 'MPF-MC v0.55.0 (config_version=5, BCP v1.1, Requires MPF v0.55.0-dev.49)', 'prev_value': None, 'change': True}
2022-08-22 11:05:14,406 : INFO : EventManager : Event: ======'init_phase_4'====== Args={}
2022-08-22 11:05:14,424 : INFO : EventManager : Event: ======'playfield_active'====== Args={}
2022-08-22 11:05:14,424 : INFO : EventManager : Event: ======'unexpected_ball_on_playfield'====== Args={}
2022-08-22 11:05:14,424 : INFO : EventManager : Event: ======'playfield_active'====== Args={}
2022-08-22 11:05:14,424 : INFO : EventManager : Event: ======'unexpected_ball_on_playfield'====== Args={}
2022-08-22 11:05:14,424 : INFO : EventManager : Event: ======'playfield_active'====== Args={}
2022-08-22 11:05:14,424 : INFO : EventManager : Event: ======'unexpected_ball_on_playfield'====== Args={}
2022-08-22 11:05:14,424 : INFO : EventManager : Event: ======'playfield_active'====== Args={}
2022-08-22 11:05:14,424 : INFO : EventManager : Event: ======'unexpected_ball_on_playfield'====== Args={}
2022-08-22 11:05:14,424 : INFO : EventManager : Event: ======'playfield_active'====== Args={}
2022-08-22 11:05:14,424 : INFO : EventManager : Event: ======'unexpected_ball_on_playfield'====== Args={}
2022-08-22 11:05:14,425 : INFO : BallController : Initial balls found: 1
2022-08-22 11:05:14,427 : INFO : EventManager : Event: ======'machine_var_audits_events_game_ended'====== Args={'value': 0, 'prev_value': None, 'change': True}
2022-08-22 11:05:14,428 : INFO : EventManager : Event: ======'machine_var_audits_events_game_started'====== Args={'value': 0, 'prev_value': None, 'change': True}
2022-08-22 11:05:14,428 : INFO : EventManager : Event: ======'machine_var_audits_player_score'====== Args={'value': {'average': 10302398.705281088, 'top': [198719690, 195274570, 161094530, 160419680, 140071820, 132769060, 132262360, 127113160, 121863670, 115954110], 'total': 587}, 'prev_value': None, 'change': True}
2022-08-22 11:05:14,428 : INFO : EventManager : Event: ======'machine_var_audits_shots_center_drop_mission1'====== Args={'value': 533, 'prev_value': None, 'change': True}
2022-08-22 11:05:14,429 : INFO : EventManager : Event: ======'machine_var_audits_shots_center_target'====== Args={'value': 146, 'prev_value': None, 'change': True}
2022-08-22 11:05:14,429 : INFO : EventManager : Event: ======'machine_var_audits_shots_drop_target1_mission2'====== Args={'value': 222, 'prev_value': None, 'change': True}
2022-08-22 11:05:14,429 : INFO : EventManager : Event: ======'machine_var_audits_shots_drop_target2_mission2'====== Args={'value': 262, 'prev_value': None, 'change': True}
2022-08-22 11:05:14,430 : INFO : EventManager : Event: ======'machine_var_audits_shots_drop_target3_mission2'====== Args={'value': 304, 'prev_value': None, 'change': True}
2022-08-22 11:05:14,430 : INFO : EventManager : Event: ======'machine_var_audits_shots_drop_target4_mission2'====== Args={'value': 268, 'prev_value': None, 'change': True}
2022-08-22 11:05:14,431 : INFO : EventManager : Event: ======'machine_var_audits_shots_drop_target5_mission2'====== Args={'value': 230, 'prev_value': None, 'change': True}
2022-08-22 11:05:14,431 : INFO : EventManager : Event: ======'machine_var_audits_shots_drop_targets_mission3'====== Args={'value': 1474, 'prev_value': None, 'change': True}
2022-08-22 11:05:14,431 : INFO : EventManager : Event: ======'machine_var_audits_shots_galaxy_advance'====== Args={'value': 2295, 'prev_value': None, 'change': True}
2022-08-22 11:05:14,432 : INFO : EventManager : Event: ======'machine_var_audits_shots_l_lane'====== Args={'value': 614, 'prev_value': None, 'change': True}
2022-08-22 11:05:14,432 : INFO : EventManager : Event: ======'machine_var_audits_shots_left_kicker_mission2'====== Args={'value': 161, 'prev_value': None, 'change': True}
2022-08-22 11:05:14,432 : INFO : EventManager : Event: ======'machine_var_audits_shots_left_kicker_mission4'====== Args={'value': 117, 'prev_value': None, 'change': True}
2022-08-22 11:05:14,433 : INFO : EventManager : Event: ======'machine_var_audits_shots_left_loop_mission1'====== Args={'value': 596, 'prev_value': None, 'change': True}
2022-08-22 11:05:14,433 : INFO : EventManager : Event: ======'machine_var_audits_shots_left_loop_mission2'====== Args={'value': 262, 'prev_value': None, 'change': True}
2022-08-22 11:05:14,433 : INFO : EventManager : Event: ======'machine_var_audits_shots_left_loop_mission4'====== Args={'value': 385, 'prev_value': None, 'change': True}
2022-08-22 11:05:14,434 : INFO : EventManager : Event: ======'machine_var_audits_shots_portal_advance'====== Args={'value': 4620, 'prev_value': None, 'change': True}
2022-08-22 11:05:14,434 : INFO : EventManager : Event: ======'machine_var_audits_shots_r_lane'====== Args={'value': 546, 'prev_value': None, 'change': True}
2022-08-22 11:05:14,435 : INFO : EventManager : Event: ======'machine_var_audits_shots_right_kicker_mission2'====== Args={'value': 134, 'prev_value': None, 'change': True}
2022-08-22 11:05:14,435 : INFO : EventManager : Event: ======'machine_var_audits_shots_right_kicker_mission4'====== Args={'value': 136, 'prev_value': None, 'change': True}
2022-08-22 11:05:14,435 : INFO : EventManager : Event: ======'machine_var_audits_shots_right_loop_mission1'====== Args={'value': 689, 'prev_value': None, 'change': True}
2022-08-22 11:05:14,436 : INFO : EventManager : Event: ======'machine_var_audits_shots_right_loop_mission2'====== Args={'value': 307, 'prev_value': None, 'change': True}
2022-08-22 11:05:14,436 : INFO : EventManager : Event: ======'machine_var_audits_shots_right_loop_mission4'====== Args={'value': 434, 'prev_value': None, 'change': True}
2022-08-22 11:05:14,437 : INFO : EventManager : Event: ======'machine_var_audits_shots_warp_advance'====== Args={'value': 1100, 'prev_value': None, 'change': True}
2022-08-22 11:05:14,437 : INFO : EventManager : Event: ======'machine_var_audits_switches_s_action_button'====== Args={'value': 3983, 'prev_value': None, 'change': True}
2022-08-22 11:05:14,438 : INFO : EventManager : Event: ======'machine_var_audits_switches_s_drain'====== Args={'value': 2743, 'prev_value': None, 'change': True}
2022-08-22 11:05:14,438 : INFO : EventManager : Event: ======'machine_var_audits_switches_s_drop_target1'====== Args={'value': 1857, 'prev_value': None, 'change': True}
2022-08-22 11:05:14,439 : INFO : EventManager : Event: ======'machine_var_audits_switches_s_drop_target2'====== Args={'value': 2167, 'prev_value': None, 'change': True}
2022-08-22 11:05:14,439 : INFO : EventManager : Event: ======'machine_var_audits_switches_s_drop_target3'====== Args={'value': 2591, 'prev_value': None, 'change': True}
2022-08-22 11:05:14,439 : INFO : EventManager : Event: ======'machine_var_audits_switches_s_drop_target4'====== Args={'value': 2069, 'prev_value': None, 'change': True}
2022-08-22 11:05:14,440 : INFO : EventManager : Event: ======'machine_var_audits_switches_s_drop_target5'====== Args={'value': 1953, 'prev_value': None, 'change': True}
2022-08-22 11:05:14,440 : INFO : EventManager : Event: ======'machine_var_audits_switches_s_left_captive_ball'====== Args={'value': 475, 'prev_value': None, 'change': True}
2022-08-22 11:05:14,441 : INFO : EventManager : Event: ======'machine_var_audits_switches_s_left_flipper'====== Args={'value': 34657, 'prev_value': None, 'change': True}
2022-08-22 11:05:14,441 : INFO : EventManager : Event: ======'machine_var_audits_switches_s_left_inlane'====== Args={'value': 614, 'prev_value': None, 'change': True}
2022-08-22 11:05:14,442 : INFO : EventManager : Event: ======'machine_var_audits_switches_s_left_inlane_far'====== Args={'value': 4162, 'prev_value': None, 'change': True}
2022-08-22 11:05:14,442 : INFO : EventManager : Event: ======'machine_var_audits_switches_s_left_kicker'====== Args={'value': 1546, 'prev_value': None, 'change': True}
2022-08-22 11:05:14,443 : INFO : EventManager : Event: ======'machine_var_audits_switches_s_left_sling'====== Args={'value': 6900, 'prev_value': None, 'change': True}
2022-08-22 11:05:14,443 : INFO : EventManager : Event: ======'machine_var_audits_switches_s_left_spinner'====== Args={'value': 20366, 'prev_value': None, 'change': True}
2022-08-22 11:05:14,444 : INFO : EventManager : Event: ======'machine_var_audits_switches_s_right_captive_ball'====== Args={'value': 499, 'prev_value': None, 'change': True}
2022-08-22 11:05:14,444 : INFO : EventManager : Event: ======'machine_var_audits_switches_s_right_flipper'====== Args={'value': 32014, 'prev_value': None, 'change': True}
2022-08-22 11:05:14,445 : INFO : EventManager : Event: ======'machine_var_audits_switches_s_right_inlane'====== Args={'value': 546, 'prev_value': None, 'change': True}
2022-08-22 11:05:14,445 : INFO : EventManager : Event: ======'machine_var_audits_switches_s_right_inlane_far'====== Args={'value': 6224, 'prev_value': None, 'change': True}
2022-08-22 11:05:14,446 : INFO : EventManager : Event: ======'machine_var_audits_switches_s_right_kicker'====== Args={'value': 1707, 'prev_value': None, 'change': True}
2022-08-22 11:05:14,446 : INFO : EventManager : Event: ======'machine_var_audits_switches_s_right_sling'====== Args={'value': 14128, 'prev_value': None, 'change': True}
2022-08-22 11:05:14,447 : INFO : EventManager : Event: ======'machine_var_audits_switches_s_right_spinner'====== Args={'value': 16416, 'prev_value': None, 'change': True}
2022-08-22 11:05:14,447 : INFO : EventManager : Event: ======'machine_var_audits_switches_s_start'====== Args={'value': 406, 'prev_value': None, 'change': True}
2022-08-22 11:05:14,448 : INFO : EventManager : Event: ======'init_phase_5'====== Args={}
2022-08-22 11:05:14,455 : INFO : EventManager : Event: ======'init_done'====== Args={}
2022-08-22 11:05:14,455 : WARNING : FAST : Port NET received more messages than were sent! Resetting!
2022-08-22 11:05:14,455 : WARNING : FAST : Port NET received more messages than were sent! Resetting!
2022-08-22 11:05:14,455 : WARNING : FAST : Port NET received more messages than were sent! Resetting!
2022-08-22 11:05:14,455 : WARNING : FAST : Port NET received more messages than were sent! Resetting!
2022-08-22 11:05:14,456 : WARNING : FAST : Port NET received more messages than were sent! Resetting!
2022-08-22 11:05:14,456 : WARNING : FAST : Port NET received more messages than were sent! Resetting!
2022-08-22 11:05:14,456 : WARNING : FAST : Port NET received more messages than were sent! Resetting!
2022-08-22 11:05:14,456 : WARNING : FAST : Port NET received more messages than were sent! Resetting!
2022-08-22 11:05:14,456 : WARNING : FAST : Port NET received more messages than were sent! Resetting!
2022-08-22 11:05:14,456 : WARNING : FAST : Port NET received more messages than were sent! Resetting!
2022-08-22 11:05:14,456 : WARNING : FAST : Port NET received more messages than were sent! Resetting!
2022-08-22 11:05:14,456 : WARNING : FAST : Port NET received more messages than were sent! Resetting!
2022-08-22 11:05:14,456 : WARNING : FAST : Port NET received more messages than were sent! Resetting!
2022-08-22 11:05:14,456 : WARNING : FAST : Port NET received more messages than were sent! Resetting!
2022-08-22 11:05:14,456 : WARNING : FAST : Port NET received more messages than were sent! Resetting!
2022-08-22 11:05:14,456 : WARNING : FAST : Port NET received more messages than were sent! Resetting!
2022-08-22 11:05:14,456 : WARNING : FAST : Port NET received more messages than were sent! Resetting!
2022-08-22 11:05:14,457 : WARNING : FAST : Port NET received more messages than were sent! Resetting!
2022-08-22 11:05:14,457 : WARNING : FAST : Port NET received more messages than were sent! Resetting!
2022-08-22 11:05:14,457 : WARNING : FAST : Port NET received more messages than were sent! Resetting!
2022-08-22 11:05:14,457 : WARNING : FAST : Port NET received more messages than were sent! Resetting!
2022-08-22 11:05:14,457 : WARNING : FAST : Port NET received more messages than were sent! Resetting!
2022-08-22 11:05:14,458 : INFO : EventManager : Event: ======'machine_reset_phase_1'====== Args={}
2022-08-22 11:05:14,468 : INFO : EventManager : Event: ======'machine_reset_phase_2'====== Args={}
2022-08-22 11:05:14,468 : INFO : EventManager : Event: ======'machine_reset_phase_3'====== Args={}
2022-08-22 11:05:14,469 : INFO : EventManager : Event: ======'reset_complete'====== Args={}
2022-08-22 11:05:14,469 : INFO : EventManager : Event: ======'mode_attract_will_start'====== Args={}
2022-08-22 11:05:14,470 : INFO : EventManager : Event: ======'mode_attract_starting'====== Args={}
2022-08-22 11:05:14,470 : INFO : Mode.attract : Started. Priority: 10
2022-08-22 11:05:14,470 : INFO : EventManager : Event: ======'modes_active_modes_changed'====== Args={}
2022-08-22 11:05:14,470 : INFO : EventManager : Event: ======'mode_attract_started'====== Args={}
2022-08-22 11:05:14,473 : INFO : EventManager : Event: ======'collecting_balls_complete'====== Args={}
2022-08-22 11:05:14,493 : INFO : EventManager : Event: ======'slide_show_13.slide_player-0_created'====== Args={'_from_bcp': True}
2022-08-22 11:05:14,493 : INFO : EventManager : Event: ======'slide_show_13.slide_player-0_active'====== Args={'_from_bcp': True}
2022-08-22 11:05:14,493 : INFO : Machine : Starting the main run loop.
2022-08-22 11:05:15,524 : INFO : SwitchController : <<<<<<< 's_left_inlane_far' active >>>>>>>
2022-08-22 11:05:15,525 : INFO : EventManager : Event: ======'playfield_active'====== Args={}
2022-08-22 11:05:15,525 : INFO : EventManager : Event: ======'unexpected_ball_on_playfield'====== Args={}
2022-08-22 11:05:15,525 : INFO : EventManager : Event: ======'playfield_active'====== Args={}
2022-08-22 11:05:15,525 : INFO : EventManager : Event: ======'unexpected_ball_on_playfield'====== Args={}
2022-08-22 11:05:15,525 : INFO : EventManager : Event: ======'playfield_active'====== Args={}
2022-08-22 11:05:15,525 : INFO : EventManager : Event: ======'unexpected_ball_on_playfield'====== Args={}
2022-08-22 11:05:15,525 : INFO : EventManager : Event: ======'playfield_active'====== Args={}
2022-08-22 11:05:15,526 : INFO : EventManager : Event: ======'unexpected_ball_on_playfield'====== Args={}
2022-08-22 11:05:15,732 : INFO : SwitchController : <<<<<<< 's_left_inlane_far' inactive >>>>>>>
2022-08-22 11:05:17,011 : INFO : SwitchController : <<<<<<< 's_start' active >>>>>>>
2022-08-22 11:05:17,155 : INFO : SwitchController : <<<<<<< 's_start' inactive >>>>>>>
2022-08-22 11:05:17,156 : INFO : EventManager : Event: ======'request_to_start_game'====== Args={}
2022-08-22 11:05:17,156 : INFO : EventManager : Event: ======'game_start'====== Args={'buttons': [], 'hold_time': 0.13999999999987267}
2022-08-22 11:05:17,156 : INFO : EventManager : Event: ======'mode_game_will_start'====== Args={'buttons': [], 'hold_time': 0.13999999999987267}
2022-08-22 11:05:17,157 : INFO : EventManager : Event: ======'mode_game_starting'====== Args={'buttons': [], 'hold_time': 0.13999999999987267}
2022-08-22 11:05:17,158 : INFO : EventManager : Event: ======'mode_attract_will_stop'====== Args={}
2022-08-22 11:05:17,158 : INFO : EventManager : Event: ======'mode_attract_stopping'====== Args={}
2022-08-22 11:05:17,158 : INFO : Mode.attract : Stopped.
2022-08-22 11:05:17,158 : INFO : EventManager : Event: ======'modes_active_modes_changed'====== Args={}
2022-08-22 11:05:17,162 : INFO : EventManager : Event: ======'mode_attract_stopped'====== Args={}
2022-08-22 11:05:17,162 : INFO : EventManager : Event: ======'clear'====== Args={'key': 'attract'}
2022-08-22 11:05:17,163 : INFO : Mode.game : Started. Priority: 20
2022-08-22 11:05:17,163 : INFO : EventManager : Event: ======'modes_active_modes_changed'====== Args={}
2022-08-22 11:05:17,163 : INFO : EventManager : Event: ======'mode_game_started'====== Args={'buttons': [], 'hold_time': 0.13999999999987267}
2022-08-22 11:05:17,173 : INFO : EventManager : Event: ======'game_will_start'====== Args={}
2022-08-22 11:05:17,174 : INFO : EventManager : Event: ======'slide_show_13.slide_player-0_removed'====== Args={'_from_bcp': True}
2022-08-22 11:05:17,174 : INFO : EventManager : Event: ======'slide_window_blank_active'====== Args={'_from_bcp': True}
2022-08-22 11:05:17,175 : INFO : EventManager : Event: ======'game_starting'====== Args={'game': <Mode.game>}
2022-08-22 11:05:17,176 : INFO : EventManager : Event: ======'player_add_request'====== Args={}
2022-08-22 11:05:17,176 : INFO : EventManager : Event: ======'player_will_add'====== Args={'number': 1}
2022-08-22 11:05:17,176 : INFO : EventManager : Event: ======'player_adding'====== Args={'player': <Player 1>, 'number': 1}
2022-08-22 11:05:17,177 : INFO : EventManager : Event: ======'player_added'====== Args={'player': <Player 1>, 'num': 1}
2022-08-22 11:05:17,177 : INFO : Mode.game : Player added successfully. Total players: 1
2022-08-22 11:05:17,178 : INFO : EventManager : Event: ======'player_index'====== Args={'value': 0, 'prev_value': 0, 'change': 0, 'player_num': 1}
2022-08-22 11:05:17,178 : INFO : EventManager : Event: ======'player_number'====== Args={'value': 1, 'prev_value': 1, 'change': 0, 'player_num': 1}
2022-08-22 11:05:17,179 : INFO : EventManager : Event: ======'player_mode_value'====== Args={'value': 1000000, 'prev_value': 1000000, 'change': 0, 'player_num': 1}
2022-08-22 11:05:17,180 : INFO : EventManager : Event: ======'player_bonus_multiplier'====== Args={'value': 1, 'prev_value': 1, 'change': 0, 'player_num': 1}
2022-08-22 11:05:17,181 : INFO : EventManager : Event: ======'player_playfield_multiplier'====== Args={'value': 1, 'prev_value': 1, 'change': 0, 'player_num': 1}
2022-08-22 11:05:17,181 : INFO : EventManager : Event: ======'player_score'====== Args={'value': 0, 'prev_value': 0, 'change': 0, 'player_num': 1}
2022-08-22 11:05:17,182 : INFO : EventManager : Event: ======'game_started'====== Args={}
2022-08-22 11:05:17,212 : INFO : EventManager : Event: ======'player_turn_will_start'====== Args={'player': <Player 1>, 'number': 1}
2022-08-22 11:05:17,212 : INFO : EventManager : Event: ======'player_turn_starting'====== Args={'player': <Player 1>, 'number': 1}
2022-08-22 11:05:17,218 : INFO : EventManager : Event: ======'player_ball'====== Args={'value': 1, 'prev_value': 0, 'change': 1, 'player_num': 1}
2022-08-22 11:05:17,223 : INFO : EventManager : Event: ======'player_turn_started'====== Args={'player': <Player 1>, 'number': 1}
2022-08-22 11:05:17,225 : INFO : EventManager : Event: ======'ball_will_start'====== Args={'player': 1, 'ball': 1, 'balls_remaining': 2, 'is_extra_ball': False}
2022-08-22 11:05:17,232 : INFO : EventManager : Event: ======'ball_starting'====== Args={'player': 1, 'ball': 1, 'balls_remaining': 2, 'is_extra_ball': False}
2022-08-22 11:05:17,234 : INFO : EventManager : Event: ======'balls_in_play'====== Args={'balls': 1}
2022-08-22 11:05:17,234 : INFO : EventManager : Event: ======'ball_started'====== Args={'player': 1, 'ball': 1, 'balls_remaining': 2, 'is_extra_ball': False}
2022-08-22 11:05:17,234 : INFO : EventManager : Event: ======'mode_combos_will_start'====== Args={'player': 1, 'ball': 1, 'balls_remaining': 2, 'is_extra_ball': False}
2022-08-22 11:05:17,242 : INFO : EventManager : Event: ======'mode_combos_starting'====== Args={'player': 1, 'ball': 1, 'balls_remaining': 2, 'is_extra_ball': False}
2022-08-22 11:05:17,242 : INFO : EventManager : Event: ======'mode_super_features_will_start'====== Args={'player': 1, 'ball': 1, 'balls_remaining': 2, 'is_extra_ball': False}
2022-08-22 11:05:17,243 : INFO : EventManager : Event: ======'achievement_super_spinners_changed_state'====== Args={'restore': False, 'state': 'disabled', 'selected': False}
2022-08-22 11:05:17,243 : INFO : EventManager : Event: ======'achievement_super_spinners_state_disabled'====== Args={'restore': False, 'state': 'disabled', 'selected': False}
2022-08-22 11:05:17,243 : INFO : EventManager : Event: ======'achievement_super_targets_changed_state'====== Args={'restore': False, 'state': 'disabled', 'selected': False}
2022-08-22 11:05:17,244 : INFO : EventManager : Event: ======'achievement_super_targets_state_disabled'====== Args={'restore': False, 'state': 'disabled', 'selected': False}
2022-08-22 11:05:17,244 : INFO : EventManager : Event: ======'achievement_super_lanes_changed_state'====== Args={'restore': False, 'state': 'disabled', 'selected': False}
2022-08-22 11:05:17,244 : INFO : EventManager : Event: ======'achievement_super_lanes_state_disabled'====== Args={'restore': False, 'state': 'disabled', 'selected': False}
2022-08-22 11:05:17,244 : INFO : EventManager : Event: ======'achievement_super_slings_changed_state'====== Args={'restore': False, 'state': 'disabled', 'selected': False}
2022-08-22 11:05:17,245 : INFO : EventManager : Event: ======'achievement_super_slings_state_disabled'====== Args={'restore': False, 'state': 'disabled', 'selected': False}
2022-08-22 11:05:17,248 : INFO : EventManager : Event: ======'mode_super_features_starting'====== Args={'player': 1, 'ball': 1, 'balls_remaining': 2, 'is_extra_ball': False}
2022-08-22 11:05:17,248 : INFO : EventManager : Event: ======'mode_base_will_start'====== Args={'player': 1, 'ball': 1, 'balls_remaining': 2, 'is_extra_ball': False}
2022-08-22 11:05:17,248 : INFO : EventManager : Event: ======'player_shot_l_lane_enabled'====== Args={'value': True, 'prev_value': 0, 'change': 1, 'player_num': 1}
2022-08-22 11:05:17,250 : INFO : EventManager : Event: ======'player_shot_r_lane_enabled'====== Args={'value': True, 'prev_value': 0, 'change': 1, 'player_num': 1}
2022-08-22 11:05:17,251 : INFO : EventManager : Event: ======'player_shot_center_target_enabled'====== Args={'value': True, 'prev_value': 0, 'change': 1, 'player_num': 1}
2022-08-22 11:05:17,252 : INFO : EventManager : Event: ======'bonus_lanes_complete'====== Args={'state': 'unlit'}
2022-08-22 11:05:17,252 : INFO : EventManager : Event: ======'bonus_lanes_unlit_complete'====== Args={}
2022-08-22 11:05:17,253 : INFO : EventManager : Event: ======'player_extra_ball_two_modes_complete_num_awarded'====== Args={'value': 0, 'prev_value': 0, 'change': 0, 'player_num': 1}
2022-08-22 11:05:17,254 : INFO : EventManager : Event: ======'achievement_mission1_changed_state'====== Args={'restore': False, 'state': 'disabled', 'selected': False}
2022-08-22 11:05:17,255 : INFO : EventManager : Event: ======'achievement_mission1_state_disabled'====== Args={'restore': False, 'state': 'disabled', 'selected': False}
2022-08-22 11:05:17,255 : INFO : EventManager : Event: ======'achievement_mission2_changed_state'====== Args={'restore': False, 'state': 'disabled', 'selected': False}
2022-08-22 11:05:17,255 : INFO : EventManager : Event: ======'achievement_mission2_state_disabled'====== Args={'restore': False, 'state': 'disabled', 'selected': False}
2022-08-22 11:05:17,255 : INFO : EventManager : Event: ======'achievement_mission3_changed_state'====== Args={'restore': False, 'state': 'disabled', 'selected': False}
2022-08-22 11:05:17,255 : INFO : EventManager : Event: ======'achievement_mission3_state_disabled'====== Args={'restore': False, 'state': 'disabled', 'selected': False}
2022-08-22 11:05:17,256 : INFO : EventManager : Event: ======'achievement_mission4_changed_state'====== Args={'restore': False, 'state': 'disabled', 'selected': False}
2022-08-22 11:05:17,256 : INFO : EventManager : Event: ======'achievement_mission4_state_disabled'====== Args={'restore': False, 'state': 'disabled', 'selected': False}
2022-08-22 11:05:17,271 : INFO : EventManager : Event: ======'mode_base_starting'====== Args={'player': 1, 'ball': 1, 'balls_remaining': 2, 'is_extra_ball': False}
2022-08-22 11:05:17,272 : INFO : drop_target_bank.main : All targets are already up. Will not reset bank.
2022-08-22 11:05:17,273 : INFO : Mode.super_features : Started. Priority: 100
2022-08-22 11:05:17,274 : INFO : EventManager : Event: ======'modes_active_modes_changed'====== Args={}
2022-08-22 11:05:17,274 : INFO : EventManager : Event: ======'mode_super_features_started'====== Args={'player': 1, 'ball': 1, 'balls_remaining': 2, 'is_extra_ball': False}
2022-08-22 11:05:17,274 : INFO : Mode.combos : Started. Priority: 700
2022-08-22 11:05:17,274 : INFO : EventManager : Event: ======'modes_active_modes_changed'====== Args={}
2022-08-22 11:05:17,275 : INFO : EventManager : Event: ======'mode_combos_started'====== Args={'player': 1, 'ball': 1, 'balls_remaining': 2, 'is_extra_ball': False}
2022-08-22 11:05:17,276 : INFO : EventManager : Event: ======'logicblock_mode_completion_counter_updated'====== Args={'value': 0, 'enabled': True}
2022-08-22 11:05:17,276 : INFO : EventManager : Event: ======'logicblock_mode_completion_counter_updated'====== Args={'value': 0, 'enabled': True}
2022-08-22 11:05:17,276 : INFO : Mode.base : Started. Priority: 100
2022-08-22 11:05:17,276 : INFO : EventManager : Event: ======'modes_active_modes_changed'====== Args={}
2022-08-22 11:05:17,276 : INFO : EventManager : Event: ======'mode_base_started'====== Args={'player': 1, 'ball': 1, 'balls_remaining': 2, 'is_extra_ball': False}
2022-08-22 11:05:17,277 : INFO : EventManager : Event: ======'ball_save_base_save_enabled'====== Args={}
2022-08-22 11:05:17,278 : INFO : EventManager : Event: ======'mode_add_mode_value_will_start'====== Args={'player': 1, 'ball': 1, 'balls_remaining': 2, 'is_extra_ball': False}
2022-08-22 11:05:17,279 : INFO : EventManager : Event: ======'mode_add_mode_value_starting'====== Args={'player': 1, 'ball': 1, 'balls_remaining': 2, 'is_extra_ball': False}
2022-08-22 11:05:17,279 : INFO : EventManager : Event: ======'mode_spell_galaxy_will_start'====== Args={'player': 1, 'ball': 1, 'balls_remaining': 2, 'is_extra_ball': False}
2022-08-22 11:05:17,280 : INFO : EventManager : Event: ======'player_shot_galaxy_advance_enabled'====== Args={'value': True, 'prev_value': 0, 'change': 1, 'player_num': 1}
2022-08-22 11:05:17,284 : INFO : EventManager : Event: ======'mode_spell_galaxy_starting'====== Args={'player': 1, 'ball': 1, 'balls_remaining': 2, 'is_extra_ball': False}
2022-08-22 11:05:17,284 : INFO : EventManager : Event: ======'mode_spell_warp_will_start'====== Args={'player': 1, 'ball': 1, 'balls_remaining': 2, 'is_extra_ball': False}
2022-08-22 11:05:17,285 : INFO : EventManager : Event: ======'player_shot_warp_advance_enabled'====== Args={'value': True, 'prev_value': 0, 'change': 1, 'player_num': 1}
2022-08-22 11:05:17,288 : INFO : EventManager : Event: ======'mode_spell_warp_starting'====== Args={'player': 1, 'ball': 1, 'balls_remaining': 2, 'is_extra_ball': False}
2022-08-22 11:05:17,289 : INFO : EventManager : Event: ======'mode_spell_portal_will_start'====== Args={'player': 1, 'ball': 1, 'balls_remaining': 2, 'is_extra_ball': False}
2022-08-22 11:05:17,289 : INFO : EventManager : Event: ======'player_shot_portal_advance_enabled'====== Args={'value': True, 'prev_value': 0, 'change': 1, 'player_num': 1}
2022-08-22 11:05:17,293 : INFO : EventManager : Event: ======'mode_spell_portal_starting'====== Args={'player': 1, 'ball': 1, 'balls_remaining': 2, 'is_extra_ball': False}
2022-08-22 11:05:17,294 : INFO : drop_target_bank.main : All targets are already up. Will not reset bank.
2022-08-22 11:05:17,294 : INFO : Mode.add_mode_value : Started. Priority: 200
2022-08-22 11:05:17,294 : INFO : EventManager : Event: ======'modes_active_modes_changed'====== Args={}
2022-08-22 11:05:17,294 : INFO : EventManager : Event: ======'mode_add_mode_value_started'====== Args={'player': 1, 'ball': 1, 'balls_remaining': 2, 'is_extra_ball': False}
2022-08-22 11:05:17,294 : INFO : EventManager : Event: ======'single_player_ball_started'====== Args={}
2022-08-22 11:05:17,313 : INFO : EventManager : Event: ======'logicblock_galaxy_counter_updated'====== Args={'value': 0, 'enabled': True}
2022-08-22 11:05:17,313 : INFO : EventManager : Event: ======'logicblock_galaxy_counter_updated'====== Args={'value': 0, 'enabled': True}
2022-08-22 11:05:17,313 : INFO : Mode.spell_galaxy : Started. Priority: 200
2022-08-22 11:05:17,313 : INFO : EventManager : Event: ======'modes_active_modes_changed'====== Args={}
2022-08-22 11:05:17,313 : INFO : EventManager : Event: ======'mode_spell_galaxy_started'====== Args={'player': 1, 'ball': 1, 'balls_remaining': 2, 'is_extra_ball': False}
2022-08-22 11:05:17,314 : INFO : EventManager : Event: ======'logicblock_warp_counter_updated'====== Args={'value': 0, 'enabled': True}
2022-08-22 11:05:17,314 : INFO : EventManager : Event: ======'logicblock_warp_counter_updated'====== Args={'value': 0, 'enabled': True}
2022-08-22 11:05:17,314 : INFO : Mode.spell_warp : Started. Priority: 200
2022-08-22 11:05:17,314 : INFO : EventManager : Event: ======'modes_active_modes_changed'====== Args={}
2022-08-22 11:05:17,314 : INFO : EventManager : Event: ======'mode_spell_warp_started'====== Args={'player': 1, 'ball': 1, 'balls_remaining': 2, 'is_extra_ball': False}
2022-08-22 11:05:17,314 : INFO : EventManager : Event: ======'logicblock_portal_counter_updated'====== Args={'value': 0, 'enabled': True}
2022-08-22 11:05:17,314 : INFO : EventManager : Event: ======'logicblock_portal_counter_updated'====== Args={'value': 0, 'enabled': True}
2022-08-22 11:05:17,314 : INFO : Mode.spell_portal : Started. Priority: 200
2022-08-22 11:05:17,314 : INFO : EventManager : Event: ======'modes_active_modes_changed'====== Args={}
2022-08-22 11:05:17,314 : INFO : EventManager : Event: ======'mode_spell_portal_started'====== Args={'player': 1, 'ball': 1, 'balls_remaining': 2, 'is_extra_ball': False}
2022-08-22 11:05:17,315 : INFO : EventManager : Event: ======'achievement_super_spinners_changed_state'====== Args={'restore': False, 'state': 'enabled', 'selected': False}
2022-08-22 11:05:17,315 : INFO : EventManager : Event: ======'achievement_super_spinners_state_enabled'====== Args={'restore': False, 'state': 'enabled', 'selected': False}
2022-08-22 11:05:17,315 : INFO : EventManager : Event: ======'achievement_super_targets_changed_state'====== Args={'restore': False, 'state': 'enabled', 'selected': False}
2022-08-22 11:05:17,315 : INFO : EventManager : Event: ======'achievement_super_targets_state_enabled'====== Args={'restore': False, 'state': 'enabled', 'selected': False}
2022-08-22 11:05:17,315 : INFO : EventManager : Event: ======'achievement_super_lanes_changed_state'====== Args={'restore': False, 'state': 'enabled', 'selected': False}
2022-08-22 11:05:17,316 : INFO : EventManager : Event: ======'achievement_super_lanes_state_enabled'====== Args={'restore': False, 'state': 'enabled', 'selected': False}
2022-08-22 11:05:17,316 : INFO : EventManager : Event: ======'achievement_super_slings_changed_state'====== Args={'restore': False, 'state': 'enabled', 'selected': False}
2022-08-22 11:05:17,316 : INFO : EventManager : Event: ======'achievement_super_slings_state_enabled'====== Args={'restore': False, 'state': 'enabled', 'selected': False}
2022-08-22 11:05:17,316 : INFO : EventManager : Event: ======'achievement_super_spinners_changed_state'====== Args={'restore': False, 'state': 'enabled', 'selected': True}
2022-08-22 11:05:17,316 : INFO : EventManager : Event: ======'achievement_super_spinners_state_enabled'====== Args={'restore': False, 'state': 'enabled', 'selected': True}
2022-08-22 11:05:17,316 : INFO : EventManager : Event: ======'achievement_super_spinners_state_selected'====== Args={'restore': False, 'state': 'enabled', 'selected': True}
2022-08-22 11:05:17,317 : INFO : EventManager : Event: ======'ball_start_target'====== Args={'target': 'playfield'}
2022-08-22 11:05:17,337 : INFO : ball_device.bd_drain : Setting up player-controlled eject. Balls: 1, Target: <playfield.playfield>, player_controlled_eject_event: s_action_button_active
2022-08-22 11:05:17,337 : INFO : EventManager : Event: ======'balldevice_balls_available'====== Args={}
2022-08-22 11:05:17,339 : INFO : EventManager : Event: ======'slide_score_slide_created'====== Args={'_from_bcp': True}
2022-08-22 11:05:17,339 : INFO : EventManager : Event: ======'slide_score_slide_active'====== Args={'_from_bcp': True}
2022-08-22 11:05:17,342 : INFO : ball_device.bd_drain : State: waiting_for_target_ready
2022-08-22 11:05:17,342 : INFO : EventManager : Event: ======'balldevice_bd_drain_ball_eject_attempt'====== Args={'balls': 1, 'target': <playfield.playfield>, 'source': <ball_device.bd_drain>, 'mechanical_eject': True, 'num_attempts': 0}
2022-08-22 11:05:17,342 : INFO : ball_device.bd_drain : State: ejecting
2022-08-22 11:05:17,342 : INFO : ball_device.bd_drain : Ejecting ball to <playfield.playfield>
2022-08-22 11:05:17,343 : INFO : EventManager : Event: ======'balldevice_bd_drain_ejecting_ball'====== Args={'balls': 1, 'target': <playfield.playfield>, 'source': <ball_device.bd_drain>, 'mechanical_eject': True, 'num_attempts': 0}
2022-08-22 11:05:17,344 : INFO : ball_device.bd_drain : Wait for ball to leave device
2022-08-22 11:05:18,916 : INFO : SwitchController : <<<<<<< 's_left_inlane_far' active >>>>>>>
2022-08-22 11:05:18,917 : INFO : EventManager : Event: ======'playfield_active'====== Args={}
2022-08-22 11:05:18,917 : INFO : EventManager : Event: ======'playfield_active'====== Args={}
2022-08-22 11:05:18,917 : INFO : EventManager : Event: ======'playfield_active'====== Args={}
2022-08-22 11:05:18,917 : INFO : EventManager : Event: ======'playfield_active'====== Args={}
2022-08-22 11:05:18,917 : INFO : EventManager : Event: ======'s_left_inlane_far_active'====== Args={}
2022-08-22 11:05:18,917 : INFO : EventManager : Event: ======'machine_var_audits_switches_s_left_inlane_far'====== Args={'value': 4163, 'prev_value': 4162, 'change': 1}
2022-08-22 11:05:18,920 : INFO : EventManager : Event: ======'player_shot_galaxy_advance'====== Args={'value': 1, 'prev_value': 0, 'change': 1, 'player_num': 1}
2022-08-22 11:05:18,935 : INFO : EventManager : Event: ======'machine_var_audits_shots_galaxy_advance'====== Args={'value': 2296, 'prev_value': 2295, 'change': 1}
2022-08-22 11:05:18,937 : INFO : EventManager : Event: ======'galaxy_advance_hit'====== Args={'profile': 'default', 'state': 'unlit', 'advancing': True}
2022-08-22 11:05:18,937 : INFO : EventManager : Event: ======'galaxy_advance_default_hit'====== Args={'profile': 'default', 'state': 'unlit', 'advancing': True}
2022-08-22 11:05:18,937 : INFO : EventManager : Event: ======'galaxy_advance_default_unlit_hit'====== Args={'profile': 'default', 'state': 'unlit', 'advancing': True}
2022-08-22 11:05:18,937 : INFO : EventManager : Event: ======'galaxy_advance_unlit_hit'====== Args={'profile': 'default', 'state': 'unlit', 'advancing': True}
2022-08-22 11:05:18,938 : INFO : EventManager : Event: ======'player_score'====== Args={'value': 30000, 'prev_value': 0, 'change': 30000, 'player_num': 1}
2022-08-22 11:05:18,939 : INFO : EventManager : Event: ======'player_switches'====== Args={'value': 1, 'prev_value': 0, 'change': 1, 'player_num': 1}
2022-08-22 11:05:18,940 : INFO : EventManager : Event: ======'player_combos_combo_timer_tick'====== Args={'value': 6, 'prev_value': 0, 'change': 6, 'player_num': 1}
2022-08-22 11:05:18,940 : INFO : Timer.combo_timer : Starting Timer.
2022-08-22 11:05:18,941 : INFO : EventManager : Event: ======'timer_combo_timer_started'====== Args={'ticks': 6, 'ticks_remaining': 6}
2022-08-22 11:05:18,941 : INFO : EventManager : Event: ======'timer_combo_timer_tick'====== Args={'ticks': 6, 'ticks_remaining': 6}
2022-08-22 11:05:18,941 : INFO : EventManager : Event: ======'logicblock_galaxy_counter_updated'====== Args={'value': 1, 'enabled': True}
2022-08-22 11:05:18,941 : INFO : EventManager : Event: ======'counter_galaxy_counter_hit'====== Args={'count': 1, 'hits': 1, 'remaining': 5}
2022-08-22 11:05:18,941 : INFO : EventManager : Event: ======'logicblock_galaxy_counter_hit'====== Args={'count': 1, 'hits': 1, 'remaining': 5}
2022-08-22 11:05:19,028 : INFO : SwitchController : <<<<<<< 's_left_inlane_far' inactive >>>>>>>
2022-08-22 11:05:19,381 : INFO : SwitchController : <<<<<<< 's_left_inlane_far' active >>>>>>>
2022-08-22 11:05:19,381 : INFO : EventManager : Event: ======'playfield_active'====== Args={}
2022-08-22 11:05:19,381 : INFO : EventManager : Event: ======'playfield_active'====== Args={}
2022-08-22 11:05:19,381 : INFO : EventManager : Event: ======'playfield_active'====== Args={}
2022-08-22 11:05:19,382 : INFO : EventManager : Event: ======'playfield_active'====== Args={}
2022-08-22 11:05:19,382 : INFO : EventManager : Event: ======'s_left_inlane_far_active'====== Args={}
2022-08-22 11:05:19,382 : INFO : EventManager : Event: ======'machine_var_audits_switches_s_left_inlane_far'====== Args={'value': 4164, 'prev_value': 4163, 'change': 1}
2022-08-22 11:05:19,384 : INFO : EventManager : Event: ======'machine_var_audits_shots_galaxy_advance'====== Args={'value': 2297, 'prev_value': 2296, 'change': 1}
2022-08-22 11:05:19,386 : INFO : EventManager : Event: ======'galaxy_advance_hit'====== Args={'profile': 'default', 'state': 'lit', 'advancing': False}
2022-08-22 11:05:19,386 : INFO : EventManager : Event: ======'galaxy_advance_default_hit'====== Args={'profile': 'default', 'state': 'lit', 'advancing': False}
2022-08-22 11:05:19,386 : INFO : EventManager : Event: ======'galaxy_advance_default_lit_hit'====== Args={'profile': 'default', 'state': 'lit', 'advancing': False}
2022-08-22 11:05:19,386 : INFO : EventManager : Event: ======'galaxy_advance_lit_hit'====== Args={'profile': 'default', 'state': 'lit', 'advancing': False}
2022-08-22 11:05:19,386 : INFO : EventManager : Event: ======'player_score'====== Args={'value': 60000, 'prev_value': 30000, 'change': 30000, 'player_num': 1}
2022-08-22 11:05:19,388 : INFO : EventManager : Event: ======'player_switches'====== Args={'value': 2, 'prev_value': 1, 'change': 1, 'player_num': 1}
2022-08-22 11:05:19,389 : INFO : EventManager : Event: ======'logicblock_galaxy_counter_updated'====== Args={'value': 2, 'enabled': True}
2022-08-22 11:05:19,389 : INFO : EventManager : Event: ======'counter_galaxy_counter_hit'====== Args={'count': 2, 'hits': 2, 'remaining': 4}
2022-08-22 11:05:19,389 : INFO : EventManager : Event: ======'logicblock_galaxy_counter_hit'====== Args={'count': 2, 'hits': 2, 'remaining': 4}
2022-08-22 11:05:19,460 : INFO : SwitchController : <<<<<<< 's_left_inlane_far' inactive >>>>>>>
2022-08-22 11:05:19,812 : INFO : SwitchController : <<<<<<< 's_left_inlane_far' active >>>>>>>
2022-08-22 11:05:19,812 : INFO : EventManager : Event: ======'playfield_active'====== Args={}
2022-08-22 11:05:19,813 : INFO : EventManager : Event: ======'playfield_active'====== Args={}
2022-08-22 11:05:19,813 : INFO : EventManager : Event: ======'playfield_active'====== Args={}
2022-08-22 11:05:19,813 : INFO : EventManager : Event: ======'playfield_active'====== Args={}
2022-08-22 11:05:19,813 : INFO : EventManager : Event: ======'s_left_inlane_far_active'====== Args={}
2022-08-22 11:05:19,813 : INFO : EventManager : Event: ======'machine_var_audits_switches_s_left_inlane_far'====== Args={'value': 4165, 'prev_value': 4164, 'change': 1}
2022-08-22 11:05:19,816 : INFO : EventManager : Event: ======'machine_var_audits_shots_galaxy_advance'====== Args={'value': 2298, 'prev_value': 2297, 'change': 1}
2022-08-22 11:05:19,817 : INFO : EventManager : Event: ======'galaxy_advance_hit'====== Args={'profile': 'default', 'state': 'lit', 'advancing': False}
2022-08-22 11:05:19,817 : INFO : EventManager : Event: ======'galaxy_advance_default_hit'====== Args={'profile': 'default', 'state': 'lit', 'advancing': False}
2022-08-22 11:05:19,818 : INFO : EventManager : Event: ======'galaxy_advance_default_lit_hit'====== Args={'profile': 'default', 'state': 'lit', 'advancing': False}
2022-08-22 11:05:19,818 : INFO : EventManager : Event: ======'galaxy_advance_lit_hit'====== Args={'profile': 'default', 'state': 'lit', 'advancing': False}
2022-08-22 11:05:19,818 : INFO : EventManager : Event: ======'player_score'====== Args={'value': 90000, 'prev_value': 60000, 'change': 30000, 'player_num': 1}
2022-08-22 11:05:19,819 : INFO : EventManager : Event: ======'player_switches'====== Args={'value': 3, 'prev_value': 2, 'change': 1, 'player_num': 1}
2022-08-22 11:05:19,820 : INFO : EventManager : Event: ======'logicblock_galaxy_counter_updated'====== Args={'value': 3, 'enabled': True}
2022-08-22 11:05:19,820 : INFO : EventManager : Event: ======'counter_galaxy_counter_hit'====== Args={'count': 3, 'hits': 3, 'remaining': 3}
2022-08-22 11:05:19,820 : INFO : EventManager : Event: ======'logicblock_galaxy_counter_hit'====== Args={'count': 3, 'hits': 3, 'remaining': 3}
2022-08-22 11:05:19,924 : INFO : SwitchController : <<<<<<< 's_left_inlane_far' inactive >>>>>>>
2022-08-22 11:05:20,316 : INFO : EventManager : Event: ======'player_combos_combo_timer_tick'====== Args={'value': 5, 'prev_value': 6, 'change': -1, 'player_num': 1}
2022-08-22 11:05:20,317 : INFO : EventManager : Event: ======'timer_combo_timer_tick'====== Args={'ticks': 5, 'ticks_remaining': 5}
2022-08-22 11:05:20,324 : INFO : SwitchController : <<<<<<< 's_left_inlane_far' active >>>>>>>
2022-08-22 11:05:20,324 : INFO : EventManager : Event: ======'playfield_active'====== Args={}
2022-08-22 11:05:20,325 : INFO : EventManager : Event: ======'playfield_active'====== Args={}
2022-08-22 11:05:20,325 : INFO : EventManager : Event: ======'playfield_active'====== Args={}
2022-08-22 11:05:20,325 : INFO : EventManager : Event: ======'playfield_active'====== Args={}
2022-08-22 11:05:20,325 : INFO : EventManager : Event: ======'s_left_inlane_far_active'====== Args={}
2022-08-22 11:05:20,325 : INFO : EventManager : Event: ======'machine_var_audits_switches_s_left_inlane_far'====== Args={'value': 4166, 'prev_value': 4165, 'change': 1}
2022-08-22 11:05:20,328 : INFO : EventManager : Event: ======'machine_var_audits_shots_galaxy_advance'====== Args={'value': 2299, 'prev_value': 2298, 'change': 1}
2022-08-22 11:05:20,329 : INFO : EventManager : Event: ======'galaxy_advance_hit'====== Args={'profile': 'default', 'state': 'lit', 'advancing': False}
2022-08-22 11:05:20,329 : INFO : EventManager : Event: ======'galaxy_advance_default_hit'====== Args={'profile': 'default', 'state': 'lit', 'advancing': False}
2022-08-22 11:05:20,330 : INFO : EventManager : Event: ======'galaxy_advance_default_lit_hit'====== Args={'profile': 'default', 'state': 'lit', 'advancing': False}
2022-08-22 11:05:20,330 : INFO : EventManager : Event: ======'galaxy_advance_lit_hit'====== Args={'profile': 'default', 'state': 'lit', 'advancing': False}
2022-08-22 11:05:20,330 : INFO : EventManager : Event: ======'player_score'====== Args={'value': 120000, 'prev_value': 90000, 'change': 30000, 'player_num': 1}
2022-08-22 11:05:20,331 : INFO : EventManager : Event: ======'player_switches'====== Args={'value': 4, 'prev_value': 3, 'change': 1, 'player_num': 1}
2022-08-22 11:05:20,332 : INFO : EventManager : Event: ======'player_combos_combo_timer_tick'====== Args={'value': 6, 'prev_value': 5, 'change': 1, 'player_num': 1}
2022-08-22 11:05:20,332 : INFO : EventManager : Event: ======'logicblock_galaxy_counter_updated'====== Args={'value': 4, 'enabled': True}
2022-08-22 11:05:20,332 : INFO : EventManager : Event: ======'counter_galaxy_counter_hit'====== Args={'count': 4, 'hits': 4, 'remaining': 2}
2022-08-22 11:05:20,332 : INFO : EventManager : Event: ======'logicblock_galaxy_counter_hit'====== Args={'count': 4, 'hits': 4, 'remaining': 2}
2022-08-22 11:05:20,468 : INFO : SwitchController : <<<<<<< 's_left_inlane_far' inactive >>>>>>>
2022-08-22 11:05:20,831 : INFO : EventManager : Event: ======'player_combos_combo_timer_tick'====== Args={'value': 5, 'prev_value': 6, 'change': -1, 'player_num': 1}
2022-08-22 11:05:20,832 : INFO : EventManager : Event: ======'timer_combo_timer_tick'====== Args={'ticks': 5, 'ticks_remaining': 5}
2022-08-22 11:05:20,948 : INFO : SwitchController : <<<<<<< 's_left_inlane_far' active >>>>>>>
2022-08-22 11:05:20,948 : INFO : EventManager : Event: ======'playfield_active'====== Args={}
2022-08-22 11:05:20,949 : INFO : EventManager : Event: ======'playfield_active'====== Args={}
2022-08-22 11:05:20,949 : INFO : EventManager : Event: ======'playfield_active'====== Args={}
2022-08-22 11:05:20,949 : INFO : EventManager : Event: ======'playfield_active'====== Args={}
2022-08-22 11:05:20,949 : INFO : EventManager : Event: ======'s_left_inlane_far_active'====== Args={}
2022-08-22 11:05:20,949 : INFO : EventManager : Event: ======'machine_var_audits_switches_s_left_inlane_far'====== Args={'value': 4167, 'prev_value': 4166, 'change': 1}
2022-08-22 11:05:20,952 : INFO : EventManager : Event: ======'machine_var_audits_shots_galaxy_advance'====== Args={'value': 2300, 'prev_value': 2299, 'change': 1}
2022-08-22 11:05:20,953 : INFO : EventManager : Event: ======'galaxy_advance_hit'====== Args={'profile': 'default', 'state': 'lit', 'advancing': False}
2022-08-22 11:05:20,954 : INFO : EventManager : Event: ======'galaxy_advance_default_hit'====== Args={'profile': 'default', 'state': 'lit', 'advancing': False}
2022-08-22 11:05:20,954 : INFO : EventManager : Event: ======'galaxy_advance_default_lit_hit'====== Args={'profile': 'default', 'state': 'lit', 'advancing': False}
2022-08-22 11:05:20,954 : INFO : EventManager : Event: ======'galaxy_advance_lit_hit'====== Args={'profile': 'default', 'state': 'lit', 'advancing': False}
2022-08-22 11:05:20,954 : INFO : EventManager : Event: ======'player_score'====== Args={'value': 150000, 'prev_value': 120000, 'change': 30000, 'player_num': 1}
2022-08-22 11:05:20,955 : INFO : EventManager : Event: ======'player_switches'====== Args={'value': 5, 'prev_value': 4, 'change': 1, 'player_num': 1}
2022-08-22 11:05:20,956 : INFO : EventManager : Event: ======'player_combos_combo_timer_tick'====== Args={'value': 6, 'prev_value': 5, 'change': 1, 'player_num': 1}
2022-08-22 11:05:20,956 : INFO : EventManager : Event: ======'logicblock_galaxy_counter_updated'====== Args={'value': 5, 'enabled': True}
2022-08-22 11:05:20,957 : INFO : EventManager : Event: ======'counter_galaxy_counter_hit'====== Args={'count': 5, 'hits': 5, 'remaining': 1}
2022-08-22 11:05:20,957 : INFO : EventManager : Event: ======'logicblock_galaxy_counter_hit'====== Args={'count': 5, 'hits': 5, 'remaining': 1}
2022-08-22 11:05:21,156 : INFO : SwitchController : <<<<<<< 's_left_inlane_far' inactive >>>>>>>
2022-08-22 11:05:21,455 : INFO : EventManager : Event: ======'player_combos_combo_timer_tick'====== Args={'value': 5, 'prev_value': 6, 'change': -1, 'player_num': 1}
2022-08-22 11:05:21,456 : INFO : EventManager : Event: ======'timer_combo_timer_tick'====== Args={'ticks': 5, 'ticks_remaining': 5}
2022-08-22 11:05:21,954 : INFO : EventManager : Event: ======'player_combos_combo_timer_tick'====== Args={'value': 4, 'prev_value': 5, 'change': -1, 'player_num': 1}
2022-08-22 11:05:21,955 : INFO : EventManager : Event: ======'timer_combo_timer_tick'====== Args={'ticks': 4, 'ticks_remaining': 4}
2022-08-22 11:05:22,453 : INFO : EventManager : Event: ======'player_combos_combo_timer_tick'====== Args={'value': 3, 'prev_value': 4, 'change': -1, 'player_num': 1}
2022-08-22 11:05:22,454 : INFO : EventManager : Event: ======'timer_combo_timer_tick'====== Args={'ticks': 3, 'ticks_remaining': 3}
2022-08-22 11:05:22,532 : INFO : SwitchController : <<<<<<< 's_left_inlane_far' active >>>>>>>
2022-08-22 11:05:22,532 : INFO : EventManager : Event: ======'playfield_active'====== Args={}
2022-08-22 11:05:22,533 : INFO : EventManager : Event: ======'playfield_active'====== Args={}
2022-08-22 11:05:22,533 : INFO : EventManager : Event: ======'playfield_active'====== Args={}
2022-08-22 11:05:22,533 : INFO : EventManager : Event: ======'playfield_active'====== Args={}
2022-08-22 11:05:22,533 : INFO : EventManager : Event: ======'s_left_inlane_far_active'====== Args={}
2022-08-22 11:05:22,533 : INFO : EventManager : Event: ======'machine_var_audits_switches_s_left_inlane_far'====== Args={'value': 4168, 'prev_value': 4167, 'change': 1}
2022-08-22 11:05:22,535 : INFO : EventManager : Event: ======'player_combo'====== Args={'value': 1, 'prev_value': 0, 'change': 1, 'player_num': 1}
2022-08-22 11:05:22,541 : INFO : EventManager : Event: ======'player_combo_value'====== Args={'value': 25000, 'prev_value': 0, 'change': 25000, 'player_num': 1}
2022-08-22 11:05:22,551 : INFO : EventManager : Event: ======'player_score'====== Args={'value': 175000, 'prev_value': 150000, 'change': 25000, 'player_num': 1}
2022-08-22 11:05:22,553 : INFO : EventManager : Event: ======'machine_var_audits_shots_galaxy_advance'====== Args={'value': 2301, 'prev_value': 2300, 'change': 1}
2022-08-22 11:05:22,554 : INFO : EventManager : Event: ======'galaxy_advance_hit'====== Args={'profile': 'default', 'state': 'lit', 'advancing': False}
2022-08-22 11:05:22,554 : INFO : EventManager : Event: ======'galaxy_advance_default_hit'====== Args={'profile': 'default', 'state': 'lit', 'advancing': False}
2022-08-22 11:05:22,555 : INFO : EventManager : Event: ======'galaxy_advance_default_lit_hit'====== Args={'profile': 'default', 'state': 'lit', 'advancing': False}
2022-08-22 11:05:22,555 : INFO : EventManager : Event: ======'galaxy_advance_lit_hit'====== Args={'profile': 'default', 'state': 'lit', 'advancing': False}
2022-08-22 11:05:22,555 : INFO : EventManager : Event: ======'player_score'====== Args={'value': 205000, 'prev_value': 175000, 'change': 30000, 'player_num': 1}
2022-08-22 11:05:22,555 : INFO : EventManager : Event: ======'player_switches'====== Args={'value': 6, 'prev_value': 5, 'change': 1, 'player_num': 1}
2022-08-22 11:05:22,556 : INFO : EventManager : Event: ======'player_combos_combo_timer_tick'====== Args={'value': 6, 'prev_value': 3, 'change': 3, 'player_num': 1}
2022-08-22 11:05:22,557 : INFO : EventManager : Event: ======'logicblock_galaxy_counter_updated'====== Args={'value': 6, 'enabled': True}
2022-08-22 11:05:22,557 : INFO : EventManager : Event: ======'counter_galaxy_counter_hit'====== Args={'count': 6, 'hits': 6, 'remaining': 0}
2022-08-22 11:05:22,558 : INFO : EventManager : Event: ======'logicblock_galaxy_counter_hit'====== Args={'count': 6, 'hits': 6, 'remaining': 0}
2022-08-22 11:05:22,558 : INFO : EventManager : Event: ======'add_x'====== Args={}
2022-08-22 11:05:22,558 : INFO : EventManager : Event: ======'logicblock_galaxy_counter_updated'====== Args={'value': 0, 'enabled': True}
2022-08-22 11:05:22,558 : INFO : EventManager : Event: ======'mode_playfield_multiplier_will_start'====== Args={}
2022-08-22 11:05:22,562 : INFO : EventManager : Event: ======'mode_playfield_multiplier_starting'====== Args={}
2022-08-22 11:05:22,562 : INFO : EventManager : Event: ======'player_playfield_multiplier'====== Args={'value': 2, 'prev_value': 1, 'change': 1, 'player_num': 1}
2022-08-22 11:05:22,563 : INFO : Mode.playfield_multiplier : Started. Priority: 100000
2022-08-22 11:05:22,563 : INFO : EventManager : Event: ======'modes_active_modes_changed'====== Args={}
2022-08-22 11:05:22,563 : INFO : EventManager : Event: ======'mode_playfield_multiplier_started'====== Args={}
2022-08-22 11:05:22,564 : INFO : Timer.playfield_x_timer : Starting Timer.
2022-08-22 11:05:22,565 : INFO : EventManager : Event: ======'timer_playfield_x_timer_started'====== Args={'ticks': 75, 'ticks_remaining': 75}
2022-08-22 11:05:22,565 : INFO : EventManager : Event: ======'timer_playfield_x_timer_tick'====== Args={'ticks': 75, 'ticks_remaining': 75}
2022-08-22 11:05:22,565 : INFO : EventManager : Event: ======'player_playfield_x_timer_seconds'====== Args={'value': 75, 'prev_value': 0, 'change': 75, 'player_num': 1}
2022-08-22 11:05:22,589 : INFO : EventManager : Event: ======'slide_combo_slide_created'====== Args={'_from_bcp': True}
2022-08-22 11:05:22,589 : INFO : EventManager : Event: ======'slide_combo_slide_active'====== Args={'_from_bcp': True}
2022-08-22 11:05:22,692 : INFO : SwitchController : <<<<<<< 's_left_inlane_far' inactive >>>>>>>
2022-08-22 11:05:23,046 : INFO : EventManager : Event: ======'player_combos_combo_timer_tick'====== Args={'value': 5, 'prev_value': 6, 'change': -1, 'player_num': 1}
2022-08-22 11:05:23,047 : INFO : EventManager : Event: ======'timer_combo_timer_tick'====== Args={'ticks': 5, 'ticks_remaining': 5}
2022-08-22 11:05:23,545 : INFO : EventManager : Event: ======'player_combos_combo_timer_tick'====== Args={'value': 4, 'prev_value': 5, 'change': -1, 'player_num': 1}
2022-08-22 11:05:23,546 : INFO : EventManager : Event: ======'timer_combo_timer_tick'====== Args={'ticks': 4, 'ticks_remaining': 4}
2022-08-22 11:05:23,748 : INFO : EventManager : Event: ======'player_playfield_multiplier_playfield_x_timer_tick'====== Args={'value': 74, 'prev_value': 0, 'change': 74, 'player_num': 1}
2022-08-22 11:05:23,749 : INFO : EventManager : Event: ======'timer_playfield_x_timer_tick'====== Args={'ticks': 74, 'ticks_remaining': 74}
2022-08-22 11:05:23,749 : INFO : EventManager : Event: ======'player_playfield_x_timer_seconds'====== Args={'value': 74, 'prev_value': 75, 'change': -1, 'player_num': 1}
2022-08-22 11:05:24,044 : INFO : EventManager : Event: ======'player_combos_combo_timer_tick'====== Args={'value': 3, 'prev_value': 4, 'change': -1, 'player_num': 1}
2022-08-22 11:05:24,045 : INFO : EventManager : Event: ======'timer_combo_timer_tick'====== Args={'ticks': 3, 'ticks_remaining': 3}
2022-08-22 11:05:24,544 : INFO : EventManager : Event: ======'player_combos_combo_timer_tick'====== Args={'value': 2, 'prev_value': 3, 'change': -1, 'player_num': 1}
2022-08-22 11:05:24,545 : INFO : EventManager : Event: ======'timer_combo_timer_tick'====== Args={'ticks': 2, 'ticks_remaining': 2}
2022-08-22 11:05:24,566 : INFO : EventManager : Event: ======'slide_combo_slide_removed'====== Args={'_from_bcp': True}
2022-08-22 11:05:24,567 : INFO : EventManager : Event: ======'slide_score_slide_active'====== Args={'_from_bcp': True}
2022-08-22 11:05:24,949 : INFO : EventManager : Event: ======'player_playfield_multiplier_playfield_x_timer_tick'====== Args={'value': 73, 'prev_value': 74, 'change': -1, 'player_num': 1}
2022-08-22 11:05:24,950 : INFO : EventManager : Event: ======'timer_playfield_x_timer_tick'====== Args={'ticks': 73, 'ticks_remaining': 73}
2022-08-22 11:05:24,950 : INFO : EventManager : Event: ======'player_playfield_x_timer_seconds'====== Args={'value': 73, 'prev_value': 74, 'change': -1, 'player_num': 1}
2022-08-22 11:05:25,043 : INFO : EventManager : Event: ======'player_combos_combo_timer_tick'====== Args={'value': 1, 'prev_value': 2, 'change': -1, 'player_num': 1}
2022-08-22 11:05:25,044 : INFO : EventManager : Event: ======'timer_combo_timer_tick'====== Args={'ticks': 1, 'ticks_remaining': 1}
2022-08-22 11:05:25,542 : INFO : EventManager : Event: ======'player_combos_combo_timer_tick'====== Args={'value': 0, 'prev_value': 1, 'change': -1, 'player_num': 1}
2022-08-22 11:05:25,543 : INFO : Timer.combo_timer : Timer Complete
2022-08-22 11:05:25,543 : INFO : Timer.combo_timer : Stopping Timer
2022-08-22 11:05:25,543 : INFO : EventManager : Event: ======'timer_combo_timer_stopped'====== Args={'ticks': 0, 'ticks_remaining': 1}
2022-08-22 11:05:25,543 : INFO : EventManager : Event: ======'timer_combo_timer_complete'====== Args={'ticks': 0, 'ticks_remaining': 1}
2022-08-22 11:05:26,150 : INFO : EventManager : Event: ======'player_playfield_multiplier_playfield_x_timer_tick'====== Args={'value': 72, 'prev_value': 73, 'change': -1, 'player_num': 1}
2022-08-22 11:05:26,151 : INFO : EventManager : Event: ======'timer_playfield_x_timer_tick'====== Args={'ticks': 72, 'ticks_remaining': 72}
2022-08-22 11:05:26,151 : INFO : EventManager : Event: ======'player_playfield_x_timer_seconds'====== Args={'value': 72, 'prev_value': 73, 'change': -1, 'player_num': 1}
2022-08-22 11:05:27,351 : INFO : EventManager : Event: ======'player_playfield_multiplier_playfield_x_timer_tick'====== Args={'value': 71, 'prev_value': 72, 'change': -1, 'player_num': 1}
2022-08-22 11:05:27,352 : INFO : EventManager : Event: ======'timer_playfield_x_timer_tick'====== Args={'ticks': 71, 'ticks_remaining': 71}
2022-08-22 11:05:27,352 : INFO : EventManager : Event: ======'player_playfield_x_timer_seconds'====== Args={'value': 71, 'prev_value': 72, 'change': -1, 'player_num': 1}
2022-08-22 11:05:28,553 : INFO : EventManager : Event: ======'player_playfield_multiplier_playfield_x_timer_tick'====== Args={'value': 70, 'prev_value': 71, 'change': -1, 'player_num': 1}
2022-08-22 11:05:28,554 : INFO : EventManager : Event: ======'timer_playfield_x_timer_tick'====== Args={'ticks': 70, 'ticks_remaining': 70}
2022-08-22 11:05:28,554 : INFO : EventManager : Event: ======'player_playfield_x_timer_seconds'====== Args={'value': 70, 'prev_value': 71, 'change': -1, 'player_num': 1}
2022-08-22 11:05:29,754 : INFO : EventManager : Event: ======'player_playfield_multiplier_playfield_x_timer_tick'====== Args={'value': 69, 'prev_value': 70, 'change': -1, 'player_num': 1}
2022-08-22 11:05:29,755 : INFO : EventManager : Event: ======'timer_playfield_x_timer_tick'====== Args={'ticks': 69, 'ticks_remaining': 69}
2022-08-22 11:05:29,755 : INFO : EventManager : Event: ======'player_playfield_x_timer_seconds'====== Args={'value': 69, 'prev_value': 70, 'change': -1, 'player_num': 1}
2022-08-22 11:05:30,955 : INFO : EventManager : Event: ======'player_playfield_multiplier_playfield_x_timer_tick'====== Args={'value': 68, 'prev_value': 69, 'change': -1, 'player_num': 1}
2022-08-22 11:05:30,956 : INFO : EventManager : Event: ======'timer_playfield_x_timer_tick'====== Args={'ticks': 68, 'ticks_remaining': 68}
2022-08-22 11:05:30,956 : INFO : EventManager : Event: ======'player_playfield_x_timer_seconds'====== Args={'value': 68, 'prev_value': 69, 'change': -1, 'player_num': 1}
2022-08-22 11:05:32,156 : INFO : EventManager : Event: ======'player_playfield_multiplier_playfield_x_timer_tick'====== Args={'value': 67, 'prev_value': 68, 'change': -1, 'player_num': 1}
2022-08-22 11:05:32,157 : INFO : EventManager : Event: ======'timer_playfield_x_timer_tick'====== Args={'ticks': 67, 'ticks_remaining': 67}
2022-08-22 11:05:32,157 : INFO : EventManager : Event: ======'player_playfield_x_timer_seconds'====== Args={'value': 67, 'prev_value': 68, 'change': -1, 'player_num': 1}
2022-08-22 11:05:33,087 : INFO : Machine : Shutting down...
2022-08-22 11:05:33,087 : INFO : EventManager : Event: ======'shutdown'====== Args={}
2022-08-22 11:05:33,118 : WARNING : FAST : Port RGB received more messages than were sent! Resetting!
2022-08-22 11:05:33,118 : WARNING : FAST : Received unknown serial command? BX:P from RGB.
2022-08-22 11:05:33,118 : WARNING : FAST : Port NET received more messages than were sent! Resetting!
2022-08-22 11:05:33,196 : ERROR : FAST : Stop called on serial connection com7
2022-08-22 11:05:33,196 : ERROR : FAST : Stop called on serial connection com8
2022-08-22 11:05:33,414 : INFO : root : MPF run loop ended.
