2022-08-21 17:48:07,633 : kivy : Factory: 186 symbols loaded
2022-08-21 17:48:07,783 : kivy : ImageLoaderFFPy: Using ffpyplayer 4.3.2
2022-08-21 17:48:07,783 : kivy : Image: Providers: img_tex, img_dds, img_sdl2, img_pil, img_ffpyplayer 
2022-08-21 17:48:07,823 : kivy : VideoGstplayer: Using Gstreamer 1.18.0.0
2022-08-21 17:48:07,823 : kivy : Video: Provider: gstplayer
2022-08-21 17:48:07,988 : kivy : Loading MPF-MC controller
2022-08-21 17:48:08,528 : ConfigProcessor : Config spec file cache created: C:\Users\Brendan\AppData\Local\Temp\config_spec.mpf_cache
2022-08-21 17:48:08,529 : YamlMultifileConfigLoader : Machine config file #1: config
2022-08-21 17:48:08,529 : ConfigProcessor : Config file in cache changed: C:\Baby_pacman_code\machine\config\config
2022-08-21 17:48:08,529 : ConfigProcessor : Loading config from file c:\users\brendan\appdata\local\programs\python\python37\lib\site-packages\mpfmc\mcconfig.yaml.
2022-08-21 17:48:08,580 : ConfigProcessor : Loading config: c:\users\brendan\appdata\local\programs\python\python37\lib\site-packages\mpfmc\mcconfig.yaml
2022-08-21 17:48:08,580 : ConfigProcessor : Loading config from file C:\Baby_pacman_code\machine\config\config.
2022-08-21 17:48:08,707 : ConfigProcessor : Loading config: C:\Baby_pacman_code\machine\config\config
2022-08-21 17:48:08,709 : ConfigProcessor : Config file cache created: C:\Users\Brendan\AppData\Local\Temp\e68bda1e95a8aa0185725ca2569cabab.mpf_cache
2022-08-21 17:48:08,710 : ConfigProcessor : Loading config from cache: C:\Users\Brendan\AppData\Local\Temp\467e7647689d29fad6adf949e1f4d51d.mpf_cache
2022-08-21 17:48:08,710 : ConfigProcessor : Loading config from cache: C:\Users\Brendan\AppData\Local\Temp\5550e037aa776b42b91b29b40b356c70.mpf_cache
2022-08-21 17:48:08,711 : ConfigProcessor : Loading config from cache: C:\Users\Brendan\AppData\Local\Temp\15e0c601392b30c3d9ba3ead8131edb5.mpf_cache
2022-08-21 17:48:08,712 : ConfigProcessor : Loading config from cache: C:\Users\Brendan\AppData\Local\Temp\0bf50917c4ef15ab65ee13d6c14e7d7c.mpf_cache
2022-08-21 17:48:08,712 : ConfigProcessor : Loading config from cache: C:\Users\Brendan\AppData\Local\Temp\bc7da7b13b2754e080c2afa0678ac274.mpf_cache
2022-08-21 17:48:08,713 : ConfigProcessor : Loading config from cache: C:\Users\Brendan\AppData\Local\Temp\bbd59d0bb6602ee0c5a89d6f85e6dd42.mpf_cache
2022-08-21 17:48:08,713 : ConfigProcessor : Loading config from cache: C:\Users\Brendan\AppData\Local\Temp\5526c78976fee311c3d05505d75f653d.mpf_cache
2022-08-21 17:48:08,714 : ConfigProcessor : Loading config from cache: C:\Users\Brendan\AppData\Local\Temp\6e95138ae5415fc76b53ebf8fa245fb5.mpf_cache
2022-08-21 17:48:08,714 : ConfigProcessor : Loading config from cache: C:\Users\Brendan\AppData\Local\Temp\1ec1c4dffb383758956493783a9ed391.mpf_cache
2022-08-21 17:48:08,715 : ConfigProcessor : Loading config from cache: C:\Users\Brendan\AppData\Local\Temp\f2aee92728c8017b77c710c804dd7f5a.mpf_cache
2022-08-21 17:48:08,716 : ConfigProcessor : Loading config from cache: C:\Users\Brendan\AppData\Local\Temp\88f57fa1305e9dc100972ec9f84d57fe.mpf_cache
2022-08-21 17:48:08,716 : ConfigProcessor : Loading config from cache: C:\Users\Brendan\AppData\Local\Temp\6e00a9d794d4c3f43a0fc48da04dac60.mpf_cache
2022-08-21 17:48:08,717 : ConfigProcessor : Loading config from cache: C:\Users\Brendan\AppData\Local\Temp\05ef98219fc733c3bcab58726c4b37ef.mpf_cache
2022-08-21 17:48:08,718 : ConfigProcessor : Loading config from cache: C:\Users\Brendan\AppData\Local\Temp\c22d657a5a7bb60632c2be2c735e073b.mpf_cache
2022-08-21 17:48:08,719 : ConfigProcessor : Loading config from cache: C:\Users\Brendan\AppData\Local\Temp\f7d4f5eb9425fe84d2e83a363afd4bdf.mpf_cache
2022-08-21 17:48:08,719 : ConfigProcessor : Loading config from cache: C:\Users\Brendan\AppData\Local\Temp\125f51d329f930ea7bff10973551cc26.mpf_cache
2022-08-21 17:48:08,720 : ConfigProcessor : Loading config from cache: C:\Users\Brendan\AppData\Local\Temp\08e18dfdf4e02cd29cc0cc52be2faaf4.mpf_cache
2022-08-21 17:48:08,720 : ConfigProcessor : Loading config from cache: C:\Users\Brendan\AppData\Local\Temp\f042f5bf6362b9e04d43b40b93a92057.mpf_cache
2022-08-21 17:48:08,721 : ConfigProcessor : Loading config from cache: C:\Users\Brendan\AppData\Local\Temp\60badac06cd62deb71f25fac24b103c2.mpf_cache
2022-08-21 17:48:08,721 : ConfigProcessor : Loading config from cache: C:\Users\Brendan\AppData\Local\Temp\a3ad1aeb679a0686901de8a6ffe784f0.mpf_cache
2022-08-21 17:48:08,722 : ConfigProcessor : Loading config from cache: C:\Users\Brendan\AppData\Local\Temp\d7856287e4ec48fb5adaa65e5f7b2848.mpf_cache
2022-08-21 17:48:08,723 : mpfmc : Mission Pinball Framework Media Controller v0.55.0
2022-08-21 17:48:08,723 : mpfmc : Mission Pinball Framework Game Engine v0.55.0
2022-08-21 17:48:08,723 : mpfmc : Machine path: C:\Baby_pacman_code\machine
2022-08-21 17:48:08,723 : mpfmc : Starting clock at 60.0Hz
2022-08-21 17:48:08,734 : kivy : Text: Provider: sdl2
2022-08-21 17:48:08,768 : kivy : Window: Provider: sdl2
2022-08-21 17:48:08,840 : kivy : GL: Using the "OpenGL" graphics system
2022-08-21 17:48:08,841 : kivy : GL: GLEW initialization succeeded
2022-08-21 17:48:08,841 : kivy : GL: Backend used <glew>
2022-08-21 17:48:08,841 : kivy : GL: OpenGL version <b'3.1.0 - Build 9.17.10.3517'>
2022-08-21 17:48:08,841 : kivy : GL: OpenGL vendor <b'Intel'>
2022-08-21 17:48:08,841 : kivy : GL: OpenGL renderer <b'Intel(R) HD Graphics 2000'>
2022-08-21 17:48:08,842 : kivy : GL: OpenGL parsed version: 3, 1
2022-08-21 17:48:08,842 : kivy : GL: Shading version <b'1.40 - Intel Build 9.17.10.3517'>
2022-08-21 17:48:08,842 : kivy : GL: Texture max size <8192>
2022-08-21 17:48:08,842 : kivy : GL: Texture max units <16>
2022-08-21 17:48:08,909 : kivy : Window: auto add sdl2 input provider
2022-08-21 17:48:08,910 : kivy : Window: virtual keyboard not allowed, single mode, not docked
2022-08-21 17:48:09,057 : AudioInterface : Initialized
2022-08-21 17:48:09,057 : AudioInterface : Loaded SDL 2.0.12
2022-08-21 17:48:09,058 : AudioInterface : Loaded SDL_Mixer 2.0.4
2022-08-21 17:48:09,058 : AudioInterface : Loaded GStreamer 1.18.0.0
2022-08-21 17:48:09,058 : AudioInterface : Loaded GLib 2.62.6
2022-08-21 17:48:09,058 : AudioInterface : Settings requested - rate: 44100, channels: 1, buffer: 2048 samples
2022-08-21 17:48:09,058 : AudioInterface : Settings in use - rate: 44100, channels: 1, buffer: 2048 samples (4096 bytes @ 2 bytes per sample)
2022-08-21 17:48:09,058 : SoundSystem : Setting master volume to 0.0
2022-08-21 17:48:09,058 : SoundSystem : master_volume in sound_system is deprecated and will be removed in the future.
2022-08-21 17:48:09,058 : AudioInterface : Enabling audio playback
2022-08-21 17:48:09,061 : kivy : Base: Start application main loop
2022-08-21 17:48:09,062 : EventManager : Event: ======'display_window_initialized'====== Args={}
2022-08-21 17:48:09,071 : mpfmc : Display: Setting 'window' as default display
2022-08-21 17:48:09,076 : mpfmc : ASPECT RATIO MISMATCH: The on-screen window is not the same aspect ratio as the display called 'window'. The logical display will be scaled from 1366x768 to the window size 1916x1054, and a black bar will make up the difference
2022-08-21 17:48:09,077 : EventManager : Event: ======'displays_initialized'====== Args={}
2022-08-21 17:48:09,079 : EventManager : Event: ======'slide_window_blank_created'====== Args={}
2022-08-21 17:48:09,079 : EventManager : Event: ======'display_window_ready'====== Args={}
2022-08-21 17:48:09,088 : EventManager : Event: ======'init_phase_1'====== Args={}
2022-08-21 17:48:09,093 : EventManager : Event: ======'mc_ready'====== Args={}
2022-08-21 17:48:09,093 : EventManager : Event: ======'init_phase_2'====== Args={}
2022-08-21 17:48:09,122 : EventManager : Event: ======'init_phase_3'====== Args={}
2022-08-21 17:48:09,129 : EventManager : Event: ======'init_phase_4'====== Args={}
2022-08-21 17:48:09,129 : EventManager : Event: ======'init_phase_5'====== Args={}
2022-08-21 17:48:09,176 : kivy : GL: NPOT texture support is available
2022-08-21 17:48:09,197 : kivy : GL: Unpack subimage support is available
2022-08-21 17:48:09,224 : EventManager : Event: ======'loading_assets'====== Args={'total': 27, 'loaded': 1, 'remaining': 26, 'percent': 4}
2022-08-21 17:48:09,226 : AssetManager : Loading assets: 1/27 (4%)
2022-08-21 17:48:10,502 : EventManager : Event: ======'loading_assets'====== Args={'total': 27, 'loaded': 2, 'remaining': 25, 'percent': 7}
2022-08-21 17:48:10,502 : AssetManager : Loading assets: 2/27 (7%)
2022-08-21 17:48:12,147 : EventManager : Event: ======'loading_assets'====== Args={'total': 27, 'loaded': 14, 'remaining': 13, 'percent': 52}
2022-08-21 17:48:12,147 : AssetManager : Loading assets: 14/27 (52%)
2022-08-21 17:48:12,896 : EventManager : Event: ======'loading_assets'====== Args={'total': 27, 'loaded': 27, 'remaining': 0, 'percent': 100}
2022-08-21 17:48:12,896 : AssetManager : Asset loading took: 3.837219476699829
2022-08-21 17:48:12,896 : EventManager : Event: ======'asset_loading_complete'====== Args={}
2022-08-21 17:48:12,896 : AssetManager : Loading assets: 27/27 (100%)
2022-08-21 17:48:12,896 : EventManager : Event: ======'init_done'====== Args={}
2022-08-21 17:48:12,897 : MPF-MC BCP Server : Starting up on localhost port 5050
2022-08-21 17:48:12,899 : MPF-MC BCP Server : Waiting for a connection...
2022-08-21 17:48:12,913 : EventManager : Event: ======'client_disconnected'====== Args={'host': '127.0.0.1', 'port': 5050}
2022-08-21 17:48:13,042 : MPF-MC BCP Server : Received connection from: 127.0.0.1:49446
2022-08-21 17:48:13,054 : EventManager : Event: ======'client_connected'====== Args={'host': '127.0.0.1', 'port': 49446}
2022-08-21 17:48:13,066 : EventManager : Event: ======'machine_var_fast_net_firmware'====== Args={'value': '01.05', 'prev_value': None, 'change': True}
2022-08-21 17:48:13,066 : EventManager : Event: ======'machine_var_fast_net_model'====== Args={'value': 'FP-CPU-002-2', 'prev_value': None, 'change': True}
2022-08-21 17:48:13,066 : EventManager : Event: ======'machine_var_fast_rgb_firmware'====== Args={'value': '01.00', 'prev_value': None, 'change': True}
2022-08-21 17:48:13,066 : EventManager : Event: ======'machine_var_fast_rgb_model'====== Args={'value': 'FP-CPU-002-2', 'prev_value': None, 'change': True}
2022-08-21 17:48:13,067 : EventManager : Event: ======'machine_var_credits_string'====== Args={'value': 'FREE PLAY', 'prev_value': None, 'change': True}
2022-08-21 17:48:13,067 : EventManager : Event: ======'machine_var_master_volume'====== Args={'value': 0.5, 'prev_value': None, 'change': True}
2022-08-21 17:48:13,067 : EventManager : Event: ======'machine_var_player1_score'====== Args={'value': 58540490, 'prev_value': None, 'change': True}
2022-08-21 17:48:13,067 : EventManager : Event: ======'machine_var_mpf_version'====== Args={'value': 'MPF v0.55.0', 'prev_value': None, 'change': True}
2022-08-21 17:48:13,067 : EventManager : Event: ======'machine_var_mpf_extended_version'====== Args={'value': 'MPF v0.55.0, Config version:5, Show version: 5, BCP version:1.1', 'prev_value': None, 'change': True}
2022-08-21 17:48:13,067 : EventManager : Event: ======'machine_var_python_version'====== Args={'value': '3.7.8', 'prev_value': None, 'change': True}
2022-08-21 17:48:13,068 : EventManager : Event: ======'machine_var_platform'====== Args={'value': 'Windows-7-6.1.7601-SP1', 'prev_value': None, 'change': True}
2022-08-21 17:48:13,068 : EventManager : Event: ======'machine_var_platform_system'====== Args={'value': 'Windows', 'prev_value': None, 'change': True}
2022-08-21 17:48:13,068 : EventManager : Event: ======'machine_var_platform_release'====== Args={'value': '7', 'prev_value': None, 'change': True}
2022-08-21 17:48:13,068 : EventManager : Event: ======'machine_var_platform_version'====== Args={'value': '6.1.7601', 'prev_value': None, 'change': True}
2022-08-21 17:48:13,068 : EventManager : Event: ======'machine_var_platform_machine'====== Args={'value': 'AMD64', 'prev_value': None, 'change': True}
2022-08-21 17:48:13,069 : EventManager : Event: ======'machine_var_mc_version'====== Args={'value': 'MPF-MC v0.55.0', 'prev_value': None, 'change': True}
2022-08-21 17:48:13,069 : EventManager : Event: ======'machine_var_mc_extended_version'====== Args={'value': 'MPF-MC v0.55.0 (config_version=5, BCP v1.1, Requires MPF v0.55.0-dev.49)', 'prev_value': None, 'change': True}
2022-08-21 17:48:13,069 : SoundSystem : Setting master volume to 0.5
2022-08-21 17:48:13,556 : EventManager : Event: ======'machine_var_audits_events_game_ended'====== Args={'value': 0, 'prev_value': None, 'change': True}
2022-08-21 17:48:13,556 : EventManager : Event: ======'machine_var_audits_events_game_started'====== Args={'value': 0, 'prev_value': None, 'change': True}
2022-08-21 17:48:13,556 : EventManager : Event: ======'machine_var_audits_player_score'====== Args={'value': {'average': 10318150.616438355, 'top': [198719690, 195274570, 161094530, 160419680, 140071820, 132769060, 132262360, 127113160, 121863670, 115954110], 'total': 584}, 'prev_value': None, 'change': True}
2022-08-21 17:48:13,556 : EventManager : Event: ======'machine_var_audits_shots_center_drop_mission1'====== Args={'value': 507, 'prev_value': None, 'change': True}
2022-08-21 17:48:13,556 : EventManager : Event: ======'machine_var_audits_shots_center_target'====== Args={'value': 69, 'prev_value': None, 'change': True}
2022-08-21 17:48:13,556 : EventManager : Event: ======'machine_var_audits_shots_drop_target1_mission2'====== Args={'value': 219, 'prev_value': None, 'change': True}
2022-08-21 17:48:13,557 : EventManager : Event: ======'machine_var_audits_shots_drop_target2_mission2'====== Args={'value': 251, 'prev_value': None, 'change': True}
2022-08-21 17:48:13,557 : EventManager : Event: ======'machine_var_audits_shots_drop_target3_mission2'====== Args={'value': 286, 'prev_value': None, 'change': True}
2022-08-21 17:48:13,557 : EventManager : Event: ======'machine_var_audits_shots_drop_target4_mission2'====== Args={'value': 260, 'prev_value': None, 'change': True}
2022-08-21 17:48:13,557 : EventManager : Event: ======'machine_var_audits_shots_drop_target5_mission2'====== Args={'value': 220, 'prev_value': None, 'change': True}
2022-08-21 17:48:13,557 : EventManager : Event: ======'machine_var_audits_shots_drop_targets_mission3'====== Args={'value': 1436, 'prev_value': None, 'change': True}
2022-08-21 17:48:13,557 : EventManager : Event: ======'machine_var_audits_shots_galaxy_advance'====== Args={'value': 2012, 'prev_value': None, 'change': True}
2022-08-21 17:48:13,557 : EventManager : Event: ======'machine_var_audits_shots_l_lane'====== Args={'value': 604, 'prev_value': None, 'change': True}
2022-08-21 17:48:13,557 : EventManager : Event: ======'machine_var_audits_shots_left_kicker_mission2'====== Args={'value': 153, 'prev_value': None, 'change': True}
2022-08-21 17:48:13,569 : EventManager : Event: ======'machine_var_audits_shots_left_kicker_mission4'====== Args={'value': 114, 'prev_value': None, 'change': True}
2022-08-21 17:48:13,569 : EventManager : Event: ======'machine_var_audits_shots_left_loop_mission1'====== Args={'value': 571, 'prev_value': None, 'change': True}
2022-08-21 17:48:13,569 : EventManager : Event: ======'machine_var_audits_shots_left_loop_mission2'====== Args={'value': 256, 'prev_value': None, 'change': True}
2022-08-21 17:48:13,569 : EventManager : Event: ======'machine_var_audits_shots_left_loop_mission4'====== Args={'value': 374, 'prev_value': None, 'change': True}
2022-08-21 17:48:13,569 : EventManager : Event: ======'machine_var_audits_shots_portal_advance'====== Args={'value': 4506, 'prev_value': None, 'change': True}
2022-08-21 17:48:13,569 : EventManager : Event: ======'machine_var_audits_shots_r_lane'====== Args={'value': 533, 'prev_value': None, 'change': True}
2022-08-21 17:48:13,569 : EventManager : Event: ======'machine_var_audits_shots_right_kicker_mission2'====== Args={'value': 134, 'prev_value': None, 'change': True}
2022-08-21 17:48:13,569 : EventManager : Event: ======'machine_var_audits_shots_right_kicker_mission4'====== Args={'value': 133, 'prev_value': None, 'change': True}
2022-08-21 17:48:13,569 : EventManager : Event: ======'machine_var_audits_shots_right_loop_mission1'====== Args={'value': 659, 'prev_value': None, 'change': True}
2022-08-21 17:48:13,570 : EventManager : Event: ======'machine_var_audits_shots_right_loop_mission2'====== Args={'value': 293, 'prev_value': None, 'change': True}
2022-08-21 17:48:13,570 : EventManager : Event: ======'machine_var_audits_shots_right_loop_mission4'====== Args={'value': 423, 'prev_value': None, 'change': True}
2022-08-21 17:48:13,570 : EventManager : Event: ======'machine_var_audits_shots_warp_advance'====== Args={'value': 1079, 'prev_value': None, 'change': True}
2022-08-21 17:48:13,570 : EventManager : Event: ======'machine_var_audits_switches_s_action_button'====== Args={'value': 3914, 'prev_value': None, 'change': True}
2022-08-21 17:48:13,570 : EventManager : Event: ======'machine_var_audits_switches_s_drain'====== Args={'value': 2697, 'prev_value': None, 'change': True}
2022-08-21 17:48:13,570 : EventManager : Event: ======'machine_var_audits_switches_s_drop_target1'====== Args={'value': 1812, 'prev_value': None, 'change': True}
2022-08-21 17:48:13,570 : EventManager : Event: ======'machine_var_audits_switches_s_drop_target2'====== Args={'value': 2114, 'prev_value': None, 'change': True}
2022-08-21 17:48:13,570 : EventManager : Event: ======'machine_var_audits_switches_s_drop_target3'====== Args={'value': 2514, 'prev_value': None, 'change': True}
2022-08-21 17:48:13,570 : EventManager : Event: ======'machine_var_audits_switches_s_drop_target4'====== Args={'value': 2025, 'prev_value': None, 'change': True}
2022-08-21 17:48:13,571 : EventManager : Event: ======'machine_var_audits_switches_s_drop_target5'====== Args={'value': 1914, 'prev_value': None, 'change': True}
2022-08-21 17:48:13,571 : EventManager : Event: ======'machine_var_audits_switches_s_left_captive_ball'====== Args={'value': 472, 'prev_value': None, 'change': True}
2022-08-21 17:48:13,571 : EventManager : Event: ======'machine_var_audits_switches_s_left_flipper'====== Args={'value': 34034, 'prev_value': None, 'change': True}
2022-08-21 17:48:13,571 : EventManager : Event: ======'machine_var_audits_switches_s_left_inlane'====== Args={'value': 604, 'prev_value': None, 'change': True}
2022-08-21 17:48:13,571 : EventManager : Event: ======'machine_var_audits_switches_s_left_inlane_far'====== Args={'value': 3836, 'prev_value': None, 'change': True}
2022-08-21 17:48:13,571 : EventManager : Event: ======'machine_var_audits_switches_s_left_kicker'====== Args={'value': 1510, 'prev_value': None, 'change': True}
2022-08-21 17:48:13,571 : EventManager : Event: ======'machine_var_audits_switches_s_left_sling'====== Args={'value': 6758, 'prev_value': None, 'change': True}
2022-08-21 17:48:13,571 : EventManager : Event: ======'machine_var_audits_switches_s_left_spinner'====== Args={'value': 19984, 'prev_value': None, 'change': True}
2022-08-21 17:48:13,571 : EventManager : Event: ======'machine_var_audits_switches_s_right_captive_ball'====== Args={'value': 493, 'prev_value': None, 'change': True}
2022-08-21 17:48:13,572 : EventManager : Event: ======'machine_var_audits_switches_s_right_flipper'====== Args={'value': 31526, 'prev_value': None, 'change': True}
2022-08-21 17:48:13,572 : EventManager : Event: ======'machine_var_audits_switches_s_right_inlane'====== Args={'value': 533, 'prev_value': None, 'change': True}
2022-08-21 17:48:13,572 : EventManager : Event: ======'machine_var_audits_switches_s_right_inlane_far'====== Args={'value': 6054, 'prev_value': None, 'change': True}
2022-08-21 17:48:13,572 : EventManager : Event: ======'machine_var_audits_switches_s_right_kicker'====== Args={'value': 1684, 'prev_value': None, 'change': True}
2022-08-21 17:48:13,572 : EventManager : Event: ======'machine_var_audits_switches_s_right_sling'====== Args={'value': 14071, 'prev_value': None, 'change': True}
2022-08-21 17:48:13,572 : EventManager : Event: ======'machine_var_audits_switches_s_right_spinner'====== Args={'value': 16147, 'prev_value': None, 'change': True}
2022-08-21 17:48:13,581 : EventManager : Event: ======'machine_var_audits_switches_s_start'====== Args={'value': 403, 'prev_value': None, 'change': True}
2022-08-21 17:48:13,593 : EventManager : Event: ======'mc_reset_phase_1'====== Args={}
2022-08-21 17:48:13,593 : EventManager : Event: ======'mc_reset_phase_2'====== Args={}
2022-08-21 17:48:13,593 : EventManager : Event: ======'mc_reset_phase_3'====== Args={}
2022-08-21 17:48:13,593 : EventManager : Event: ======'mc_reset_complete'====== Args={}
2022-08-21 17:48:13,605 : EventManager : Event: ======'slides_play'====== Args={'settings': {'widgets': {'widgets': [{'type': 'text', 'text': 'GAME OVER', 'font_size': 50, 'font_name': 'space_font', '_default_settings': ['type', 'text', 'font_size', 'font_name'], 'x': None, 'y': None, 'anchor_x': 'center', 'anchor_y': 'center', 'round_anchor_x': None, 'round_anchor_y': None, 'opacity': 1.0, 'z': 0, 'reset_animations_events': {}, 'color': [1.0, 1.0, 1.0, 1.0], 'style': [], 'adjust_top': 0, 'adjust_bottom': 0, 'adjust_left': 0, 'adjust_right': 0, 'expire': None, 'key': None, 'widget': None, 'events_when_added': [], 'events_when_removed': [], 'bitmap_font': False, 'font_kerning': True, 'bold': False, 'italic': False, 'number_grouping': False, 'min_digits': 0, 'halign': 'center', 'valign': 'middle', 'rotation': 0, 'scale': 1.0, 'casing': None, 'animations': None}, {'type': 'image', 'image': 'attract_background', '_default_settings': ['type', 'image'], 'x': None, 'y': None, 'anchor_x': 'center', 'anchor_y': 'center', 'round_anchor_x': None, 'round_anchor_y': None, 'opacity': 1.0, 'z': 0, 'reset_animations_events': {}, 'color': [1.0, 1.0, 1.0, 1.0], 'style': [], 'adjust_top': 0, 'adjust_bottom': 0, 'adjust_left': 0, 'adjust_right': 0, 'expire': None, 'key': None, 'widget': None, 'events_when_added': [], 'events_when_removed': [], 'fps': 10, 'loops': -1, 'auto_play': True, 'start_frame': 0, 'rotation': 0, 'scale': 1.0, 'animations': None}], 'target': None, 'background_color': [0.0, 0.0, 0.0, 1.0], 'priority': None, 'show': True, 'force': False, 'expire': None, 'slide': None, 'tokens': {}, 'action': 'play'}}, 'context': 'show_13', 'calling_context': 0, 'priority': 10, 'show_tokens': {}, 'start_time': 13029.811}
2022-08-21 17:48:13,605 : mpfmc : SlidePlayer: Play called with settings={'widgets': {'widgets': [{'type': 'text', 'text': 'GAME OVER', 'font_size': 50, 'font_name': 'space_font', '_default_settings': ['type', 'text', 'font_size', 'font_name'], 'x': None, 'y': None, 'anchor_x': 'center', 'anchor_y': 'center', 'round_anchor_x': None, 'round_anchor_y': None, 'opacity': 1.0, 'z': 0, 'reset_animations_events': {}, 'color': [1.0, 1.0, 1.0, 1.0], 'style': [], 'adjust_top': 0, 'adjust_bottom': 0, 'adjust_left': 0, 'adjust_right': 0, 'expire': None, 'key': None, 'widget': None, 'events_when_added': [], 'events_when_removed': [], 'bitmap_font': False, 'font_kerning': True, 'bold': False, 'italic': False, 'number_grouping': False, 'min_digits': 0, 'halign': 'center', 'valign': 'middle', 'rotation': 0, 'scale': 1.0, 'casing': None, 'animations': None}, {'type': 'image', 'image': 'attract_background', '_default_settings': ['type', 'image'], 'x': None, 'y': None, 'anchor_x': 'center', 'anchor_y': 'center', 'round_anchor_x': None, 'round_anchor_y': None, 'opacity': 1.0, 'z': 0, 'reset_animations_events': {}, 'color': [1.0, 1.0, 1.0, 1.0], 'style': [], 'adjust_top': 0, 'adjust_bottom': 0, 'adjust_left': 0, 'adjust_right': 0, 'expire': None, 'key': None, 'widget': None, 'events_when_added': [], 'events_when_removed': [], 'fps': 10, 'loops': -1, 'auto_play': True, 'start_frame': 0, 'rotation': 0, 'scale': 1.0, 'animations': None}], 'target': None, 'background_color': [0.0, 0.0, 0.0, 1.0], 'priority': None, 'show': True, 'force': False, 'expire': None, 'slide': None, 'tokens': {}, 'action': 'play'}}
2022-08-21 17:48:13,612 : EventManager : Event: ======'slide_show_13.slide_player-0_created'====== Args={}
2022-08-21 17:48:13,614 : EventManager : Event: ======'slide_show_13.slide_player-0_active'====== Args={}
2022-08-21 17:48:16,076 : EventManager : Event: ======'game_started'====== Args={}
2022-08-21 17:48:16,076 : EventManager : Event: ======'slides_clear'====== Args={'context': 'show_13'}
2022-08-21 17:48:16,077 : EventManager : Event: ======'slide_show_13.slide_player-0_removed'====== Args={}
2022-08-21 17:48:16,077 : EventManager : Event: ======'slide_window_blank_active'====== Args={}
2022-08-21 17:48:16,101 : EventManager : Event: ======'player_added'====== Args={'player': <Player 1>, 'num': 1}
2022-08-21 17:48:16,101 : EventManager : Event: ======'player_index'====== Args={'value': 0, 'prev_value': 0, 'change': 0, 'player_num': 1}
2022-08-21 17:48:16,101 : EventManager : Event: ======'player_number'====== Args={'value': 1, 'prev_value': 1, 'change': 0, 'player_num': 1}
2022-08-21 17:48:16,101 : EventManager : Event: ======'player_score'====== Args={'value': 0, 'prev_value': 0, 'change': 0, 'player_num': 1}
2022-08-21 17:48:16,102 : EventManager : Event: ======'player_mode_value'====== Args={'value': 1000000, 'prev_value': 0, 'change': 1000000, 'player_num': 1}
2022-08-21 17:48:16,102 : EventManager : Event: ======'player_bonus_multiplier'====== Args={'value': 1, 'prev_value': 0, 'change': 1, 'player_num': 1}
2022-08-21 17:48:16,102 : EventManager : Event: ======'player_playfield_multiplier'====== Args={'value': 1, 'prev_value': 0, 'change': 1, 'player_num': 1}
2022-08-21 17:48:16,138 : EventManager : Event: ======'player_ball'====== Args={'value': 1, 'prev_value': 0, 'change': 1, 'player_num': 1}
2022-08-21 17:48:16,138 : EventManager : Event: ======'player_turn_start'====== Args={'number': 1, 'player': <Player 1>}
2022-08-21 17:48:16,151 : EventManager : Event: ======'player_shot_l_lane_enabled'====== Args={'value': True, 'prev_value': 0, 'change': 1, 'player_num': 1}
2022-08-21 17:48:16,151 : EventManager : Event: ======'player_shot_r_lane_enabled'====== Args={'value': True, 'prev_value': 0, 'change': 1, 'player_num': 1}
2022-08-21 17:48:16,151 : EventManager : Event: ======'player_shot_center_target_enabled'====== Args={'value': True, 'prev_value': 0, 'change': 1, 'player_num': 1}
2022-08-21 17:48:16,152 : EventManager : Event: ======'player_extra_ball_two_modes_complete_num_awarded'====== Args={'value': 0, 'prev_value': 0, 'change': 0, 'player_num': 1}
2022-08-21 17:48:16,162 : EventManager : Event: ======'sounds_play'====== Args={'settings': {'default': {'action': 'stop', 'priority': 400, 'block': False, 'delay': None, 'track': None, 'volume': None, 'pan': None, 'loops': None, 'start_at': None, 'fade_in': None, 'fade_out': None, 'about_to_finish_time': -1.0, 'max_queue_time': -1.0, 'events_when_played': ['use_sound_setting'], 'events_when_stopped': ['use_sound_setting'], 'events_when_looping': ['use_sound_setting'], 'events_when_about_to_finish': ['use_sound_setting'], 'mode_end_action': 'use_sound_setting', 'key': 'use_sound_setting'}, 'shooter_waiting': {'action': 'play', 'loops': -1, 'priority': None, 'block': False, 'delay': None, 'track': None, 'volume': None, 'pan': None, 'start_at': None, 'fade_in': None, 'fade_out': None, 'about_to_finish_time': -1.0, 'max_queue_time': -1.0, 'events_when_played': ['use_sound_setting'], 'events_when_stopped': ['use_sound_setting'], 'events_when_looping': ['use_sound_setting'], 'events_when_about_to_finish': ['use_sound_setting'], 'mode_end_action': 'use_sound_setting', 'key': 'use_sound_setting'}}, 'context': '_global', 'calling_context': 'ball_started', 'priority': 0, 'player': 1, 'ball': 1, 'balls_remaining': 2, 'is_extra_ball': False}
2022-08-21 17:48:16,174 : EventManager : Event: ======'player_shot_portal_advance_enabled'====== Args={'value': True, 'prev_value': 0, 'change': 1, 'player_num': 1}
2022-08-21 17:48:16,174 : EventManager : Event: ======'player_shot_warp_advance_enabled'====== Args={'value': True, 'prev_value': 0, 'change': 1, 'player_num': 1}
2022-08-21 17:48:16,174 : EventManager : Event: ======'player_shot_galaxy_advance_enabled'====== Args={'value': True, 'prev_value': 0, 'change': 1, 'player_num': 1}
2022-08-21 17:48:16,186 : EventManager : Event: ======'slides_play'====== Args={'settings': {'score_slide': {'target': None, 'background_color': [0.0, 0.0, 0.0, 1.0], 'priority': None, 'show': True, 'force': False, 'expire': None, 'slide': None, 'tokens': {}, 'action': 'play'}}, 'context': 'base', 'calling_context': 'mode_base_started', 'priority': 100, 'player': 1, 'ball': 1, 'balls_remaining': 2, 'is_extra_ball': False}
2022-08-21 17:48:16,186 : mpfmc : SlidePlayer: Play called with settings={'score_slide': {'target': None, 'background_color': [0.0, 0.0, 0.0, 1.0], 'priority': None, 'show': True, 'force': False, 'expire': None, 'slide': None, 'tokens': {}, 'action': 'play'}}
2022-08-21 17:48:16,201 : EventManager : Event: ======'slide_score_slide_created'====== Args={}
2022-08-21 17:48:16,210 : EventManager : Event: ======'slide_score_slide_active'====== Args={}
2022-08-21 17:48:16,218 : EventManager : Event: ======'sounds_play'====== Args={'settings': {'default': {'action': 'play', 'loops': -1, 'track': 'music', 'priority': None, 'block': False, 'delay': None, 'volume': None, 'pan': None, 'start_at': None, 'fade_in': None, 'fade_out': None, 'about_to_finish_time': -1.0, 'max_queue_time': -1.0, 'events_when_played': ['use_sound_setting'], 'events_when_stopped': ['use_sound_setting'], 'events_when_looping': ['use_sound_setting'], 'events_when_about_to_finish': ['use_sound_setting'], 'mode_end_action': 'use_sound_setting', 'key': 'use_sound_setting'}, 'mode_theme': {'action': 'stop', 'priority': None, 'block': False, 'delay': None, 'track': None, 'volume': None, 'pan': None, 'loops': None, 'start_at': None, 'fade_in': None, 'fade_out': None, 'about_to_finish_time': -1.0, 'max_queue_time': -1.0, 'events_when_played': ['use_sound_setting'], 'events_when_stopped': ['use_sound_setting'], 'events_when_looping': ['use_sound_setting'], 'events_when_about_to_finish': ['use_sound_setting'], 'mode_end_action': 'use_sound_setting', 'key': 'use_sound_setting'}}, 'context': '_global', 'calling_context': 'mode_spell_portal_started', 'priority': 0, 'player': 1, 'ball': 1, 'balls_remaining': 2, 'is_extra_ball': False}
2022-08-21 17:48:17,429 : EventManager : Event: ======'machine_var_audits_switches_s_action_button'====== Args={'value': 3915, 'prev_value': 3914, 'change': 1}
2022-08-21 17:48:17,725 : EventManager : Event: ======'machine_var_audits_switches_s_action_button'====== Args={'value': 3916, 'prev_value': 3915, 'change': 1}
2022-08-21 17:48:18,551 : EventManager : Event: ======'sounds_play'====== Args={'settings': {'shooter_waiting': {'action': 'stop', 'priority': None, 'block': False, 'delay': None, 'track': None, 'volume': None, 'pan': None, 'loops': None, 'start_at': None, 'fade_in': None, 'fade_out': None, 'about_to_finish_time': -1.0, 'max_queue_time': -1.0, 'events_when_played': ['use_sound_setting'], 'events_when_stopped': ['use_sound_setting'], 'events_when_looping': ['use_sound_setting'], 'events_when_about_to_finish': ['use_sound_setting'], 'mode_end_action': 'use_sound_setting', 'key': 'use_sound_setting'}, 'default': {'action': 'play', 'loops': -1, 'track': 'music', 'priority': None, 'block': False, 'delay': None, 'volume': None, 'pan': None, 'start_at': None, 'fade_in': None, 'fade_out': None, 'about_to_finish_time': -1.0, 'max_queue_time': -1.0, 'events_when_played': ['use_sound_setting'], 'events_when_stopped': ['use_sound_setting'], 'events_when_looping': ['use_sound_setting'], 'events_when_about_to_finish': ['use_sound_setting'], 'mode_end_action': 'use_sound_setting', 'key': 'use_sound_setting'}}, 'context': '_global', 'calling_context': 's_drain_inactive', 'priority': 0}
2022-08-21 17:48:20,129 : EventManager : Event: ======'machine_var_audits_switches_s_left_inlane_far'====== Args={'value': 3837, 'prev_value': 3836, 'change': 1}
2022-08-21 17:48:20,129 : EventManager : Event: ======'player_shot_galaxy_advance'====== Args={'value': 1, 'prev_value': 0, 'change': 1, 'player_num': 1}
2022-08-21 17:48:20,129 : EventManager : Event: ======'machine_var_audits_shots_galaxy_advance'====== Args={'value': 2013, 'prev_value': 2012, 'change': 1}
2022-08-21 17:48:20,142 : EventManager : Event: ======'player_score'====== Args={'value': 30000, 'prev_value': 0, 'change': 30000, 'player_num': 1}
2022-08-21 17:48:20,142 : EventManager : Event: ======'player_switches'====== Args={'value': 1, 'prev_value': 0, 'change': 1, 'player_num': 1}
2022-08-21 17:48:20,142 : EventManager : Event: ======'player_combos_combo_timer_tick'====== Args={'value': 6, 'prev_value': 0, 'change': 6, 'player_num': 1}
2022-08-21 17:48:20,392 : EventManager : Event: ======'machine_var_audits_switches_s_left_inlane_far'====== Args={'value': 3838, 'prev_value': 3837, 'change': 1}
2022-08-21 17:48:20,392 : EventManager : Event: ======'machine_var_audits_shots_galaxy_advance'====== Args={'value': 2014, 'prev_value': 2013, 'change': 1}
2022-08-21 17:48:20,404 : EventManager : Event: ======'player_score'====== Args={'value': 60000, 'prev_value': 30000, 'change': 30000, 'player_num': 1}
2022-08-21 17:48:20,404 : EventManager : Event: ======'player_switches'====== Args={'value': 2, 'prev_value': 1, 'change': 1, 'player_num': 1}
2022-08-21 17:48:20,615 : EventManager : Event: ======'machine_var_audits_switches_s_left_inlane_far'====== Args={'value': 3839, 'prev_value': 3838, 'change': 1}
2022-08-21 17:48:20,615 : EventManager : Event: ======'machine_var_audits_shots_galaxy_advance'====== Args={'value': 2015, 'prev_value': 2014, 'change': 1}
2022-08-21 17:48:20,627 : EventManager : Event: ======'player_score'====== Args={'value': 90000, 'prev_value': 60000, 'change': 30000, 'player_num': 1}
2022-08-21 17:48:20,627 : EventManager : Event: ======'player_switches'====== Args={'value': 3, 'prev_value': 2, 'change': 1, 'player_num': 1}
2022-08-21 17:48:20,808 : EventManager : Event: ======'machine_var_audits_switches_s_left_inlane_far'====== Args={'value': 3840, 'prev_value': 3839, 'change': 1}
2022-08-21 17:48:20,808 : EventManager : Event: ======'machine_var_audits_shots_galaxy_advance'====== Args={'value': 2016, 'prev_value': 2015, 'change': 1}
2022-08-21 17:48:20,820 : EventManager : Event: ======'player_score'====== Args={'value': 120000, 'prev_value': 90000, 'change': 30000, 'player_num': 1}
2022-08-21 17:48:20,820 : EventManager : Event: ======'player_switches'====== Args={'value': 4, 'prev_value': 3, 'change': 1, 'player_num': 1}
2022-08-21 17:48:21,019 : EventManager : Event: ======'machine_var_audits_switches_s_left_inlane_far'====== Args={'value': 3841, 'prev_value': 3840, 'change': 1}
2022-08-21 17:48:21,019 : EventManager : Event: ======'machine_var_audits_shots_galaxy_advance'====== Args={'value': 2017, 'prev_value': 2016, 'change': 1}
2022-08-21 17:48:21,019 : EventManager : Event: ======'player_score'====== Args={'value': 150000, 'prev_value': 120000, 'change': 30000, 'player_num': 1}
2022-08-21 17:48:21,019 : EventManager : Event: ======'player_switches'====== Args={'value': 5, 'prev_value': 4, 'change': 1, 'player_num': 1}
2022-08-21 17:48:21,328 : EventManager : Event: ======'machine_var_audits_switches_s_left_inlane_far'====== Args={'value': 3842, 'prev_value': 3841, 'change': 1}
2022-08-21 17:48:21,328 : EventManager : Event: ======'machine_var_audits_shots_galaxy_advance'====== Args={'value': 2018, 'prev_value': 2017, 'change': 1}
2022-08-21 17:48:21,328 : EventManager : Event: ======'player_score'====== Args={'value': 180000, 'prev_value': 150000, 'change': 30000, 'player_num': 1}
2022-08-21 17:48:21,328 : EventManager : Event: ======'player_switches'====== Args={'value': 6, 'prev_value': 5, 'change': 1, 'player_num': 1}
2022-08-21 17:48:21,329 : EventManager : Event: ======'player_playfield_multiplier'====== Args={'value': 2, 'prev_value': 1, 'change': 1, 'player_num': 1}
2022-08-21 17:48:21,828 : EventManager : Event: ======'player_combos_combo_timer_tick'====== Args={'value': 5, 'prev_value': 6, 'change': -1, 'player_num': 1}
2022-08-21 17:48:22,315 : EventManager : Event: ======'player_combos_combo_timer_tick'====== Args={'value': 4, 'prev_value': 5, 'change': -1, 'player_num': 1}
2022-08-21 17:48:22,819 : EventManager : Event: ======'player_combos_combo_timer_tick'====== Args={'value': 3, 'prev_value': 4, 'change': -1, 'player_num': 1}
2022-08-21 17:48:22,896 : EventManager : Event: ======'machine_var_audits_switches_s_right_inlane_far'====== Args={'value': 6055, 'prev_value': 6054, 'change': 1}
2022-08-21 17:48:22,896 : EventManager : Event: ======'player_combo'====== Args={'value': 1, 'prev_value': 0, 'change': 1, 'player_num': 1}
2022-08-21 17:48:22,896 : EventManager : Event: ======'player_combo_value'====== Args={'value': 25000, 'prev_value': 0, 'change': 25000, 'player_num': 1}
2022-08-21 17:48:22,896 : EventManager : Event: ======'player_score'====== Args={'value': 230000, 'prev_value': 180000, 'change': 50000, 'player_num': 1}
2022-08-21 17:48:22,897 : EventManager : Event: ======'slides_play'====== Args={'settings': {'combo_slide': {'target': None, 'background_color': [0.0, 0.0, 0.0, 1.0], 'priority': None, 'show': True, 'force': False, 'expire': None, 'slide': None, 'tokens': {}, 'action': 'play'}}, 'context': 'combos', 'calling_context': 's_right_inlane_far_active{device.timers.combo_timer.ticks==3}', 'priority': 700}
2022-08-21 17:48:22,897 : EventManager : Event: ======'player_shot_portal_advance'====== Args={'value': 1, 'prev_value': 0, 'change': 1, 'player_num': 1}
2022-08-21 17:48:22,897 : EventManager : Event: ======'machine_var_audits_shots_portal_advance'====== Args={'value': 4507, 'prev_value': 4506, 'change': 1}
2022-08-21 17:48:22,897 : EventManager : Event: ======'player_score'====== Args={'value': 290000, 'prev_value': 230000, 'change': 60000, 'player_num': 1}
2022-08-21 17:48:22,897 : EventManager : Event: ======'player_switches'====== Args={'value': 7, 'prev_value': 6, 'change': 1, 'player_num': 1}
2022-08-21 17:48:22,898 : EventManager : Event: ======'player_combos_combo_timer_tick'====== Args={'value': 6, 'prev_value': 3, 'change': 3, 'player_num': 1}
2022-08-21 17:48:22,900 : mpfmc : SlidePlayer: Play called with settings={'combo_slide': {'target': None, 'background_color': [0.0, 0.0, 0.0, 1.0], 'priority': None, 'show': True, 'force': False, 'expire': None, 'slide': None, 'tokens': {}, 'action': 'play'}}
2022-08-21 17:48:22,917 : EventManager : Event: ======'slide_combo_slide_created'====== Args={}
2022-08-21 17:48:22,927 : EventManager : Event: ======'slide_combo_slide_active'====== Args={}
2022-08-21 17:48:23,248 : EventManager : Event: ======'machine_var_audits_switches_s_right_inlane_far'====== Args={'value': 6056, 'prev_value': 6055, 'change': 1}
2022-08-21 17:48:23,248 : EventManager : Event: ======'machine_var_audits_shots_portal_advance'====== Args={'value': 4508, 'prev_value': 4507, 'change': 1}
2022-08-21 17:48:23,248 : EventManager : Event: ======'player_score'====== Args={'value': 350000, 'prev_value': 290000, 'change': 60000, 'player_num': 1}
2022-08-21 17:48:23,248 : EventManager : Event: ======'player_switches'====== Args={'value': 8, 'prev_value': 7, 'change': 1, 'player_num': 1}
2022-08-21 17:48:23,620 : EventManager : Event: ======'machine_var_audits_switches_s_right_inlane_far'====== Args={'value': 6057, 'prev_value': 6056, 'change': 1}
2022-08-21 17:48:23,632 : EventManager : Event: ======'machine_var_audits_shots_portal_advance'====== Args={'value': 4509, 'prev_value': 4508, 'change': 1}
2022-08-21 17:48:23,632 : EventManager : Event: ======'player_score'====== Args={'value': 410000, 'prev_value': 350000, 'change': 60000, 'player_num': 1}
2022-08-21 17:48:23,632 : EventManager : Event: ======'player_switches'====== Args={'value': 9, 'prev_value': 8, 'change': 1, 'player_num': 1}
2022-08-21 17:48:24,121 : EventManager : Event: ======'player_combos_combo_timer_tick'====== Args={'value': 5, 'prev_value': 6, 'change': -1, 'player_num': 1}
2022-08-21 17:48:24,611 : EventManager : Event: ======'player_combos_combo_timer_tick'====== Args={'value': 4, 'prev_value': 5, 'change': -1, 'player_num': 1}
2022-08-21 17:48:24,896 : EventManager : Event: ======'slide_combo_slide_removed'====== Args={}
2022-08-21 17:48:24,897 : EventManager : Event: ======'slide_score_slide_active'====== Args={}
2022-08-21 17:48:25,112 : EventManager : Event: ======'player_combos_combo_timer_tick'====== Args={'value': 3, 'prev_value': 4, 'change': -1, 'player_num': 1}
2022-08-21 17:48:25,614 : EventManager : Event: ======'player_combos_combo_timer_tick'====== Args={'value': 2, 'prev_value': 3, 'change': -1, 'player_num': 1}
2022-08-21 17:48:26,119 : EventManager : Event: ======'player_combos_combo_timer_tick'====== Args={'value': 1, 'prev_value': 2, 'change': -1, 'player_num': 1}
2022-08-21 17:48:26,607 : EventManager : Event: ======'player_combos_combo_timer_tick'====== Args={'value': 0, 'prev_value': 1, 'change': -1, 'player_num': 1}
2022-08-21 17:48:27,434 : EventManager : Event: ======'machine_var_audits_switches_s_left_kicker'====== Args={'value': 1511, 'prev_value': 1510, 'change': 1}
2022-08-21 17:48:27,446 : EventManager : Event: ======'player_score'====== Args={'value': 440000, 'prev_value': 410000, 'change': 30000, 'player_num': 1}
2022-08-21 17:48:27,467 : EventManager : Event: ======'slides_play'====== Args={'settings': {'select_mission1': {'target': None, 'background_color': [0.0, 0.0, 0.0, 1.0], 'priority': None, 'show': True, 'force': False, 'expire': None, 'slide': None, 'tokens': {}, 'action': 'play'}}, 'context': 'carousel', 'calling_context': 'carousel_mission1_highlighted', 'priority': 1000, 'direction': None}
2022-08-21 17:48:27,467 : mpfmc : SlidePlayer: Play called with settings={'select_mission1': {'target': None, 'background_color': [0.0, 0.0, 0.0, 1.0], 'priority': None, 'show': True, 'force': False, 'expire': None, 'slide': None, 'tokens': {}, 'action': 'play'}}
2022-08-21 17:48:27,479 : EventManager : Event: ======'slide_select_mission1_created'====== Args={}
2022-08-21 17:48:27,484 : EventManager : Event: ======'slide_select_mission1_active'====== Args={}
2022-08-21 17:48:28,661 : EventManager : Event: ======'machine_var_audits_switches_s_right_flipper'====== Args={'value': 31527, 'prev_value': 31526, 'change': 1}
2022-08-21 17:48:28,773 : EventManager : Event: ======'slides_play'====== Args={'settings': {'select_mission2': {'target': None, 'background_color': [0.0, 0.0, 0.0, 1.0], 'priority': None, 'show': True, 'force': False, 'expire': None, 'slide': None, 'tokens': {}, 'action': 'play'}}, 'context': 'carousel', 'calling_context': 'carousel_mission2_highlighted', 'priority': 1000, 'direction': 'forwards'}
2022-08-21 17:48:28,774 : mpfmc : SlidePlayer: Play called with settings={'select_mission2': {'target': None, 'background_color': [0.0, 0.0, 0.0, 1.0], 'priority': None, 'show': True, 'force': False, 'expire': None, 'slide': None, 'tokens': {}, 'action': 'play'}}
2022-08-21 17:48:28,785 : EventManager : Event: ======'slide_select_mission2_created'====== Args={}
2022-08-21 17:48:28,791 : EventManager : Event: ======'slide_select_mission2_active'====== Args={}
2022-08-21 17:48:29,700 : EventManager : Event: ======'machine_var_audits_switches_s_action_button'====== Args={'value': 3917, 'prev_value': 3916, 'change': 1}
2022-08-21 17:48:29,873 : EventManager : Event: ======'player_shot_left_loop_mission2_enabled'====== Args={'value': True, 'prev_value': 0, 'change': 1, 'player_num': 1}
2022-08-21 17:48:29,874 : EventManager : Event: ======'player_shot_right_loop_mission2_enabled'====== Args={'value': True, 'prev_value': 0, 'change': 1, 'player_num': 1}
2022-08-21 17:48:29,874 : EventManager : Event: ======'player_shot_left_kicker_mission2_enabled'====== Args={'value': True, 'prev_value': 0, 'change': 1, 'player_num': 1}
2022-08-21 17:48:29,874 : EventManager : Event: ======'player_shot_right_kicker_mission2_enabled'====== Args={'value': True, 'prev_value': 0, 'change': 1, 'player_num': 1}
2022-08-21 17:48:29,874 : EventManager : Event: ======'player_shot_drop_target1_mission2_enabled'====== Args={'value': True, 'prev_value': 0, 'change': 1, 'player_num': 1}
2022-08-21 17:48:29,874 : EventManager : Event: ======'player_shot_drop_target2_mission2_enabled'====== Args={'value': True, 'prev_value': 0, 'change': 1, 'player_num': 1}
2022-08-21 17:48:29,875 : EventManager : Event: ======'player_shot_drop_target3_mission2_enabled'====== Args={'value': True, 'prev_value': 0, 'change': 1, 'player_num': 1}
2022-08-21 17:48:29,875 : EventManager : Event: ======'player_shot_drop_target4_mission2_enabled'====== Args={'value': True, 'prev_value': 0, 'change': 1, 'player_num': 1}
2022-08-21 17:48:29,875 : EventManager : Event: ======'player_shot_drop_target5_mission2_enabled'====== Args={'value': True, 'prev_value': 0, 'change': 1, 'player_num': 1}
2022-08-21 17:48:29,903 : EventManager : Event: ======'player_modes_started'====== Args={'value': 1, 'prev_value': 0, 'change': 1, 'player_num': 1}
2022-08-21 17:48:29,903 : EventManager : Event: ======'player_selected_mission'====== Args={'value': 'mission2', 'prev_value': 0, 'change': True, 'player_num': 1}
2022-08-21 17:48:29,903 : EventManager : Event: ======'slides_clear'====== Args={'context': 'carousel'}
2022-08-21 17:48:29,904 : EventManager : Event: ======'slide_select_mission1_removed'====== Args={}
2022-08-21 17:48:29,905 : EventManager : Event: ======'slide_select_mission2_removed'====== Args={}
2022-08-21 17:48:29,905 : EventManager : Event: ======'sounds_play'====== Args={'settings': {'mode_theme': {'action': 'play', 'loops': -1, 'priority': None, 'block': False, 'delay': None, 'track': None, 'volume': None, 'pan': None, 'start_at': None, 'fade_in': None, 'fade_out': None, 'about_to_finish_time': -1.0, 'max_queue_time': -1.0, 'events_when_played': ['use_sound_setting'], 'events_when_stopped': ['use_sound_setting'], 'events_when_looping': ['use_sound_setting'], 'events_when_about_to_finish': ['use_sound_setting'], 'mode_end_action': 'use_sound_setting', 'key': 'use_sound_setting'}, 'default': {'action': 'stop', 'priority': None, 'block': False, 'delay': None, 'track': None, 'volume': None, 'pan': None, 'loops': None, 'start_at': None, 'fade_in': None, 'fade_out': None, 'about_to_finish_time': -1.0, 'max_queue_time': -1.0, 'events_when_played': ['use_sound_setting'], 'events_when_stopped': ['use_sound_setting'], 'events_when_looping': ['use_sound_setting'], 'events_when_about_to_finish': ['use_sound_setting'], 'mode_end_action': 'use_sound_setting', 'key': 'use_sound_setting'}}, 'context': '_global', 'calling_context': 'mode_carousel_stopped', 'priority': 0}
2022-08-21 17:48:29,906 : EventManager : Event: ======'slide_score_slide_active'====== Args={}
2022-08-21 17:48:29,969 : EventManager : Event: ======'player_multiplied_mode_value'====== Args={'value': 2000000, 'prev_value': 0, 'change': 2000000, 'player_num': 1}
2022-08-21 17:48:29,969 : EventManager : Event: ======'player_mode_value_half'====== Args={'value': 1000000, 'prev_value': 0, 'change': 1000000, 'player_num': 1}
2022-08-21 17:48:29,970 : EventManager : Event: ======'slides_play'====== Args={'settings': {'score_slide_mission2': {'target': None, 'background_color': [0.0, 0.0, 0.0, 1.0], 'priority': None, 'show': True, 'force': False, 'expire': None, 'slide': None, 'tokens': {}, 'action': 'play'}}, 'context': 'mission2', 'calling_context': 'mode_mission2_started', 'priority': 1000}
2022-08-21 17:48:29,970 : EventManager : Event: ======'player_shot_right_loop_mission2'====== Args={'value': 1, 'prev_value': 0, 'change': 1, 'player_num': 1}
2022-08-21 17:48:29,970 : EventManager : Event: ======'player_shot_left_kicker_mission2'====== Args={'value': 1, 'prev_value': 0, 'change': 1, 'player_num': 1}
2022-08-21 17:48:29,970 : EventManager : Event: ======'player_shot_left_kicker_mission2'====== Args={'value': 2, 'prev_value': 1, 'change': 1, 'player_num': 1}
2022-08-21 17:48:29,970 : EventManager : Event: ======'player_mission2_timer_seconds'====== Args={'value': 75, 'prev_value': 0, 'change': 75, 'player_num': 1}
2022-08-21 17:48:29,971 : mpfmc : SlidePlayer: Play called with settings={'score_slide_mission2': {'target': None, 'background_color': [0.0, 0.0, 0.0, 1.0], 'priority': None, 'show': True, 'force': False, 'expire': None, 'slide': None, 'tokens': {}, 'action': 'play'}}
2022-08-21 17:48:29,986 : EventManager : Event: ======'slide_score_slide_mission2_created'====== Args={}
2022-08-21 17:48:29,994 : EventManager : Event: ======'slide_score_slide_mission2_active'====== Args={}
2022-08-21 17:48:31,111 : EventManager : Event: ======'player_mission2_mission2_timer_tick'====== Args={'value': 74, 'prev_value': 0, 'change': 74, 'player_num': 1}
2022-08-21 17:48:31,111 : EventManager : Event: ======'player_mission2_timer_seconds'====== Args={'value': 74, 'prev_value': 75, 'change': -1, 'player_num': 1}
2022-08-21 17:48:32,305 : EventManager : Event: ======'player_mission2_mission2_timer_tick'====== Args={'value': 73, 'prev_value': 74, 'change': -1, 'player_num': 1}
2022-08-21 17:48:32,305 : EventManager : Event: ======'player_mission2_timer_seconds'====== Args={'value': 73, 'prev_value': 74, 'change': -1, 'player_num': 1}
2022-08-21 17:48:33,509 : EventManager : Event: ======'player_mission2_mission2_timer_tick'====== Args={'value': 72, 'prev_value': 73, 'change': -1, 'player_num': 1}
2022-08-21 17:48:33,509 : EventManager : Event: ======'player_mission2_timer_seconds'====== Args={'value': 72, 'prev_value': 73, 'change': -1, 'player_num': 1}
2022-08-21 17:48:34,709 : EventManager : Event: ======'player_mission2_mission2_timer_tick'====== Args={'value': 71, 'prev_value': 72, 'change': -1, 'player_num': 1}
2022-08-21 17:48:34,709 : EventManager : Event: ======'player_mission2_timer_seconds'====== Args={'value': 71, 'prev_value': 72, 'change': -1, 'player_num': 1}
2022-08-21 17:48:35,067 : EventManager : Event: ======'machine_var_audits_switches_s_right_inlane_far'====== Args={'value': 6058, 'prev_value': 6057, 'change': 1}
2022-08-21 17:48:35,079 : EventManager : Event: ======'machine_var_audits_shots_right_loop_mission2'====== Args={'value': 294, 'prev_value': 293, 'change': 1}
2022-08-21 17:48:35,079 : EventManager : Event: ======'player_score'====== Args={'value': 500000, 'prev_value': 440000, 'change': 60000, 'player_num': 1}
2022-08-21 17:48:35,090 : EventManager : Event: ======'player_switches'====== Args={'value': 10, 'prev_value': 9, 'change': 1, 'player_num': 1}
2022-08-21 17:48:35,091 : EventManager : Event: ======'player_combos_combo_timer_tick'====== Args={'value': 6, 'prev_value': 0, 'change': 6, 'player_num': 1}
2022-08-21 17:48:35,091 : EventManager : Event: ======'player_wrong_path_right_loop'====== Args={'value': 'purple', 'prev_value': 0, 'change': True, 'player_num': 1}
2022-08-21 17:48:35,579 : EventManager : Event: ======'player_combos_combo_timer_tick'====== Args={'value': 5, 'prev_value': 6, 'change': -1, 'player_num': 1}
2022-08-21 17:48:35,904 : EventManager : Event: ======'player_mission2_mission2_timer_tick'====== Args={'value': 70, 'prev_value': 71, 'change': -1, 'player_num': 1}
2022-08-21 17:48:35,904 : EventManager : Event: ======'player_mission2_timer_seconds'====== Args={'value': 70, 'prev_value': 71, 'change': -1, 'player_num': 1}
2022-08-21 17:48:36,083 : EventManager : Event: ======'player_combos_combo_timer_tick'====== Args={'value': 4, 'prev_value': 5, 'change': -1, 'player_num': 1}
2022-08-21 17:48:36,576 : EventManager : Event: ======'player_combos_combo_timer_tick'====== Args={'value': 3, 'prev_value': 4, 'change': -1, 'player_num': 1}
2022-08-21 17:48:37,079 : EventManager : Event: ======'player_combos_combo_timer_tick'====== Args={'value': 2, 'prev_value': 3, 'change': -1, 'player_num': 1}
2022-08-21 17:48:37,104 : EventManager : Event: ======'player_mission2_mission2_timer_tick'====== Args={'value': 69, 'prev_value': 70, 'change': -1, 'player_num': 1}
2022-08-21 17:48:37,116 : EventManager : Event: ======'player_mission2_timer_seconds'====== Args={'value': 69, 'prev_value': 70, 'change': -1, 'player_num': 1}
2022-08-21 17:48:37,579 : EventManager : Event: ======'player_combos_combo_timer_tick'====== Args={'value': 1, 'prev_value': 2, 'change': -1, 'player_num': 1}
2022-08-21 17:48:37,965 : EventManager : Event: ======'machine_var_audits_switches_s_left_kicker'====== Args={'value': 1512, 'prev_value': 1511, 'change': 1}
2022-08-21 17:48:37,965 : EventManager : Event: ======'machine_var_audits_shots_left_kicker_mission2'====== Args={'value': 154, 'prev_value': 153, 'change': 1}
2022-08-21 17:48:37,965 : EventManager : Event: ======'player_score'====== Args={'value': 530000, 'prev_value': 500000, 'change': 30000, 'player_num': 1}
2022-08-21 17:48:37,979 : EventManager : Event: ======'player_shot_left_kicker_mission2'====== Args={'value': 3, 'prev_value': 2, 'change': 1, 'player_num': 1}
2022-08-21 17:48:37,979 : EventManager : Event: ======'player_score'====== Args={'value': 1530000, 'prev_value': 530000, 'change': 1000000, 'player_num': 1}
2022-08-21 17:48:37,979 : EventManager : Event: ======'player_mission2_total'====== Args={'value': 1000000, 'prev_value': 0, 'change': 1000000, 'player_num': 1}
2022-08-21 17:48:37,979 : EventManager : Event: ======'slides_play'====== Args={'settings': {'half_shot_slide_mission2': {'target': None, 'background_color': [0.0, 0.0, 0.0, 1.0], 'priority': None, 'show': True, 'force': False, 'expire': None, 'slide': None, 'tokens': {}, 'action': 'play'}}, 'context': 'mission2', 'calling_context': 'left_kicker_mission2_safe_ready_hit', 'priority': 1000, 'profile': 'mission2_profile', 'state': 'safe_ready', 'advancing': False}
2022-08-21 17:48:37,983 : mpfmc : SlidePlayer: Play called with settings={'half_shot_slide_mission2': {'target': None, 'background_color': [0.0, 0.0, 0.0, 1.0], 'priority': None, 'show': True, 'force': False, 'expire': None, 'slide': None, 'tokens': {}, 'action': 'play'}}
2022-08-21 17:48:37,992 : EventManager : Event: ======'slide_half_shot_slide_mission2_created'====== Args={}
2022-08-21 17:48:37,999 : EventManager : Event: ======'slide_half_shot_slide_mission2_active'====== Args={}
2022-08-21 17:48:38,078 : EventManager : Event: ======'player_combos_combo_timer_tick'====== Args={'value': 0, 'prev_value': 1, 'change': -1, 'player_num': 1}
2022-08-21 17:48:38,316 : EventManager : Event: ======'player_mission2_mission2_timer_tick'====== Args={'value': 68, 'prev_value': 69, 'change': -1, 'player_num': 1}
2022-08-21 17:48:38,316 : EventManager : Event: ======'player_mission2_timer_seconds'====== Args={'value': 68, 'prev_value': 69, 'change': -1, 'player_num': 1}
2022-08-21 17:48:39,562 : EventManager : Event: ======'player_mission2_mission2_timer_tick'====== Args={'value': 67, 'prev_value': 68, 'change': -1, 'player_num': 1}
2022-08-21 17:48:39,563 : EventManager : Event: ======'player_mission2_timer_seconds'====== Args={'value': 67, 'prev_value': 68, 'change': -1, 'player_num': 1}
2022-08-21 17:48:40,475 : EventManager : Event: ======'slide_half_shot_slide_mission2_removed'====== Args={}
2022-08-21 17:48:40,476 : EventManager : Event: ======'slide_score_slide_mission2_active'====== Args={}
2022-08-21 17:48:40,715 : EventManager : Event: ======'player_mission2_mission2_timer_tick'====== Args={'value': 66, 'prev_value': 67, 'change': -1, 'player_num': 1}
2022-08-21 17:48:40,715 : EventManager : Event: ======'player_mission2_timer_seconds'====== Args={'value': 66, 'prev_value': 67, 'change': -1, 'player_num': 1}
2022-08-21 17:48:41,922 : EventManager : Event: ======'player_mission2_mission2_timer_tick'====== Args={'value': 65, 'prev_value': 66, 'change': -1, 'player_num': 1}
2022-08-21 17:48:41,922 : EventManager : Event: ======'player_mission2_timer_seconds'====== Args={'value': 65, 'prev_value': 66, 'change': -1, 'player_num': 1}
2022-08-21 17:48:43,118 : EventManager : Event: ======'player_mission2_mission2_timer_tick'====== Args={'value': 64, 'prev_value': 65, 'change': -1, 'player_num': 1}
2022-08-21 17:48:43,118 : EventManager : Event: ======'player_mission2_timer_seconds'====== Args={'value': 64, 'prev_value': 65, 'change': -1, 'player_num': 1}
2022-08-21 17:48:44,324 : EventManager : Event: ======'player_mission2_mission2_timer_tick'====== Args={'value': 63, 'prev_value': 64, 'change': -1, 'player_num': 1}
2022-08-21 17:48:44,324 : EventManager : Event: ======'player_mission2_timer_seconds'====== Args={'value': 63, 'prev_value': 64, 'change': -1, 'player_num': 1}
2022-08-21 17:48:45,503 : EventManager : Event: ======'player_mission2_mission2_timer_tick'====== Args={'value': 62, 'prev_value': 63, 'change': -1, 'player_num': 1}
2022-08-21 17:48:45,503 : EventManager : Event: ======'player_mission2_timer_seconds'====== Args={'value': 62, 'prev_value': 63, 'change': -1, 'player_num': 1}
2022-08-21 17:48:45,716 : EventManager : Event: ======'machine_var_audits_switches_s_left_kicker'====== Args={'value': 1513, 'prev_value': 1512, 'change': 1}
2022-08-21 17:48:45,728 : EventManager : Event: ======'machine_var_audits_shots_left_kicker_mission2'====== Args={'value': 155, 'prev_value': 154, 'change': 1}
2022-08-21 17:48:45,728 : EventManager : Event: ======'player_score'====== Args={'value': 1560000, 'prev_value': 1530000, 'change': 30000, 'player_num': 1}
2022-08-21 17:48:45,737 : EventManager : Event: ======'player_score'====== Args={'value': 3560000, 'prev_value': 1560000, 'change': 2000000, 'player_num': 1}
2022-08-21 17:48:45,738 : EventManager : Event: ======'player_mission2_total'====== Args={'value': 3000000, 'prev_value': 1000000, 'change': 2000000, 'player_num': 1}
2022-08-21 17:48:45,738 : EventManager : Event: ======'player_shot_right_loop_mission2'====== Args={'value': 0, 'prev_value': 1, 'change': -1, 'player_num': 1}
2022-08-21 17:48:45,738 : EventManager : Event: ======'player_shot_left_kicker_mission2'====== Args={'value': 0, 'prev_value': 3, 'change': -3, 'player_num': 1}
2022-08-21 17:48:45,739 : EventManager : Event: ======'player_wrong_path_left_loop'====== Args={'value': 'off', 'prev_value': 0, 'change': True, 'player_num': 1}
2022-08-21 17:48:45,739 : EventManager : Event: ======'player_wrong_path_right_loop'====== Args={'value': 'off', 'prev_value': 'purple', 'change': True, 'player_num': 1}
2022-08-21 17:48:45,739 : EventManager : Event: ======'player_wrong_path_left_kicker'====== Args={'value': 'off', 'prev_value': 0, 'change': True, 'player_num': 1}
2022-08-21 17:48:45,739 : EventManager : Event: ======'player_wrong_path_right_kicker'====== Args={'value': 'off', 'prev_value': 0, 'change': True, 'player_num': 1}
2022-08-21 17:48:45,739 : EventManager : Event: ======'player_wrong_path_drop_target1'====== Args={'value': 'off', 'prev_value': 0, 'change': True, 'player_num': 1}
2022-08-21 17:48:45,739 : EventManager : Event: ======'player_wrong_path_drop_target2'====== Args={'value': 'off', 'prev_value': 0, 'change': True, 'player_num': 1}
2022-08-21 17:48:45,758 : EventManager : Event: ======'player_wrong_path_drop_target3'====== Args={'value': 'off', 'prev_value': 0, 'change': True, 'player_num': 1}
2022-08-21 17:48:45,758 : EventManager : Event: ======'player_wrong_path_drop_target4'====== Args={'value': 'off', 'prev_value': 0, 'change': True, 'player_num': 1}
2022-08-21 17:48:45,758 : EventManager : Event: ======'player_wrong_path_drop_target5'====== Args={'value': 'off', 'prev_value': 0, 'change': True, 'player_num': 1}
2022-08-21 17:48:45,758 : EventManager : Event: ======'slides_play'====== Args={'settings': {'shot_slide_mission2': {'target': None, 'background_color': [0.0, 0.0, 0.0, 1.0], 'priority': None, 'show': True, 'force': False, 'expire': None, 'slide': None, 'tokens': {}, 'action': 'play'}}, 'context': 'mission2', 'calling_context': 'shot1', 'priority': 1000}
2022-08-21 17:48:45,758 : EventManager : Event: ======'player_shot_drop_target2_mission2'====== Args={'value': 1, 'prev_value': 0, 'change': 1, 'player_num': 1}
2022-08-21 17:48:45,758 : EventManager : Event: ======'player_shot_drop_target4_mission2'====== Args={'value': 1, 'prev_value': 0, 'change': 1, 'player_num': 1}
2022-08-21 17:48:45,758 : EventManager : Event: ======'player_shot_drop_target4_mission2'====== Args={'value': 2, 'prev_value': 1, 'change': 1, 'player_num': 1}
2022-08-21 17:48:45,758 : mpfmc : SlidePlayer: Play called with settings={'shot_slide_mission2': {'target': None, 'background_color': [0.0, 0.0, 0.0, 1.0], 'priority': None, 'show': True, 'force': False, 'expire': None, 'slide': None, 'tokens': {}, 'action': 'play'}}
2022-08-21 17:48:45,766 : EventManager : Event: ======'slide_shot_slide_mission2_created'====== Args={}
2022-08-21 17:48:45,771 : EventManager : Event: ======'slide_shot_slide_mission2_active'====== Args={}
2022-08-21 17:48:46,714 : EventManager : Event: ======'player_mission2_mission2_timer_tick'====== Args={'value': 61, 'prev_value': 62, 'change': -1, 'player_num': 1}
2022-08-21 17:48:46,714 : EventManager : Event: ======'player_mission2_timer_seconds'====== Args={'value': 61, 'prev_value': 62, 'change': -1, 'player_num': 1}
2022-08-21 17:48:47,917 : EventManager : Event: ======'player_mission2_mission2_timer_tick'====== Args={'value': 60, 'prev_value': 61, 'change': -1, 'player_num': 1}
2022-08-21 17:48:47,918 : EventManager : Event: ======'player_mission2_timer_seconds'====== Args={'value': 60, 'prev_value': 61, 'change': -1, 'player_num': 1}
2022-08-21 17:48:48,265 : EventManager : Event: ======'slide_shot_slide_mission2_removed'====== Args={}
2022-08-21 17:48:48,267 : EventManager : Event: ======'slide_score_slide_mission2_active'====== Args={}
2022-08-21 17:48:49,105 : EventManager : Event: ======'player_mission2_mission2_timer_tick'====== Args={'value': 59, 'prev_value': 60, 'change': -1, 'player_num': 1}
2022-08-21 17:48:49,105 : EventManager : Event: ======'player_mission2_timer_seconds'====== Args={'value': 59, 'prev_value': 60, 'change': -1, 'player_num': 1}
2022-08-21 17:48:50,312 : EventManager : Event: ======'player_mission2_mission2_timer_tick'====== Args={'value': 58, 'prev_value': 59, 'change': -1, 'player_num': 1}
2022-08-21 17:48:50,312 : EventManager : Event: ======'player_mission2_timer_seconds'====== Args={'value': 58, 'prev_value': 59, 'change': -1, 'player_num': 1}
2022-08-21 17:48:51,506 : EventManager : Event: ======'player_mission2_mission2_timer_tick'====== Args={'value': 57, 'prev_value': 58, 'change': -1, 'player_num': 1}
2022-08-21 17:48:51,506 : EventManager : Event: ======'player_mission2_timer_seconds'====== Args={'value': 57, 'prev_value': 58, 'change': -1, 'player_num': 1}
2022-08-21 17:48:52,708 : EventManager : Event: ======'player_mission2_mission2_timer_tick'====== Args={'value': 56, 'prev_value': 57, 'change': -1, 'player_num': 1}
2022-08-21 17:48:52,708 : EventManager : Event: ======'player_mission2_timer_seconds'====== Args={'value': 56, 'prev_value': 57, 'change': -1, 'player_num': 1}
2022-08-21 17:48:53,913 : EventManager : Event: ======'player_mission2_mission2_timer_tick'====== Args={'value': 55, 'prev_value': 56, 'change': -1, 'player_num': 1}
2022-08-21 17:48:53,913 : EventManager : Event: ======'player_mission2_timer_seconds'====== Args={'value': 55, 'prev_value': 56, 'change': -1, 'player_num': 1}
2022-08-21 17:48:54,013 : EventManager : Event: ======'machine_var_audits_switches_s_drop_target2'====== Args={'value': 2115, 'prev_value': 2114, 'change': 1}
2022-08-21 17:48:54,025 : EventManager : Event: ======'machine_var_audits_shots_drop_target2_mission2'====== Args={'value': 252, 'prev_value': 251, 'change': 1}
2022-08-21 17:48:54,025 : EventManager : Event: ======'player_score'====== Args={'value': 3569000, 'prev_value': 3560000, 'change': 9000, 'player_num': 1}
2022-08-21 17:48:54,025 : EventManager : Event: ======'player_switches'====== Args={'value': 11, 'prev_value': 10, 'change': 1, 'player_num': 1}
2022-08-21 17:48:54,025 : EventManager : Event: ======'player_wrong_path_drop_target2'====== Args={'value': 'purple', 'prev_value': 'off', 'change': True, 'player_num': 1}
2022-08-21 17:48:55,116 : EventManager : Event: ======'player_mission2_mission2_timer_tick'====== Args={'value': 54, 'prev_value': 55, 'change': -1, 'player_num': 1}
2022-08-21 17:48:55,116 : EventManager : Event: ======'player_mission2_timer_seconds'====== Args={'value': 54, 'prev_value': 55, 'change': -1, 'player_num': 1}
2022-08-21 17:48:56,311 : EventManager : Event: ======'player_mission2_mission2_timer_tick'====== Args={'value': 53, 'prev_value': 54, 'change': -1, 'player_num': 1}
2022-08-21 17:48:56,311 : EventManager : Event: ======'player_mission2_timer_seconds'====== Args={'value': 53, 'prev_value': 54, 'change': -1, 'player_num': 1}
2022-08-21 17:48:56,422 : EventManager : Event: ======'machine_var_audits_switches_s_drop_target4'====== Args={'value': 2026, 'prev_value': 2025, 'change': 1}
2022-08-21 17:48:56,434 : EventManager : Event: ======'machine_var_audits_shots_drop_target4_mission2'====== Args={'value': 261, 'prev_value': 260, 'change': 1}
2022-08-21 17:48:56,434 : EventManager : Event: ======'player_score'====== Args={'value': 3578000, 'prev_value': 3569000, 'change': 9000, 'player_num': 1}
2022-08-21 17:48:56,434 : EventManager : Event: ======'player_switches'====== Args={'value': 12, 'prev_value': 11, 'change': 1, 'player_num': 1}
2022-08-21 17:48:56,434 : EventManager : Event: ======'player_shot_drop_target4_mission2'====== Args={'value': 3, 'prev_value': 2, 'change': 1, 'player_num': 1}
2022-08-21 17:48:56,435 : EventManager : Event: ======'player_score'====== Args={'value': 4578000, 'prev_value': 3578000, 'change': 1000000, 'player_num': 1}
2022-08-21 17:48:56,446 : EventManager : Event: ======'player_mission2_total'====== Args={'value': 4000000, 'prev_value': 3000000, 'change': 1000000, 'player_num': 1}
2022-08-21 17:48:56,447 : EventManager : Event: ======'slides_play'====== Args={'settings': {'half_shot_slide_mission2': {'target': None, 'background_color': [0.0, 0.0, 0.0, 1.0], 'priority': None, 'show': True, 'force': False, 'expire': None, 'slide': None, 'tokens': {}, 'action': 'play'}}, 'context': 'mission2', 'calling_context': 'drop_target4_mission2_safe_ready_hit', 'priority': 1000, 'profile': 'mission2_profile', 'state': 'safe_ready', 'advancing': False}
2022-08-21 17:48:56,447 : mpfmc : SlidePlayer: Play called with settings={'half_shot_slide_mission2': {'target': None, 'background_color': [0.0, 0.0, 0.0, 1.0], 'priority': None, 'show': True, 'force': False, 'expire': None, 'slide': None, 'tokens': {}, 'action': 'play'}}
2022-08-21 17:48:56,448 : EventManager : Event: ======'slide_half_shot_slide_mission2_removed'====== Args={}
2022-08-21 17:48:56,460 : EventManager : Event: ======'slide_half_shot_slide_mission2_created'====== Args={}
2022-08-21 17:48:56,465 : EventManager : Event: ======'slide_half_shot_slide_mission2_active'====== Args={}
2022-08-21 17:48:57,541 : EventManager : Event: ======'player_mission2_mission2_timer_tick'====== Args={'value': 52, 'prev_value': 53, 'change': -1, 'player_num': 1}
2022-08-21 17:48:57,542 : EventManager : Event: ======'player_mission2_timer_seconds'====== Args={'value': 52, 'prev_value': 53, 'change': -1, 'player_num': 1}
2022-08-21 17:48:58,083 : EventManager : Event: ======'machine_var_audits_switches_s_drop_target2'====== Args={'value': 2116, 'prev_value': 2115, 'change': 1}
2022-08-21 17:48:58,084 : EventManager : Event: ======'machine_var_audits_shots_drop_target2_mission2'====== Args={'value': 253, 'prev_value': 252, 'change': 1}
2022-08-21 17:48:58,084 : EventManager : Event: ======'player_score'====== Args={'value': 4587000, 'prev_value': 4578000, 'change': 9000, 'player_num': 1}
2022-08-21 17:48:58,084 : EventManager : Event: ======'player_switches'====== Args={'value': 13, 'prev_value': 12, 'change': 1, 'player_num': 1}
2022-08-21 17:48:58,084 : EventManager : Event: ======'player_score'====== Args={'value': 4627000, 'prev_value': 4587000, 'change': 40000, 'player_num': 1}
2022-08-21 17:48:58,085 : EventManager : Event: ======'player_score'====== Args={'value': 4727000, 'prev_value': 4627000, 'change': 100000, 'player_num': 1}
2022-08-21 17:48:58,085 : EventManager : Event: ======'slides_play'====== Args={'settings': {'wrong_shot_slide_mission2': {'target': None, 'background_color': [0.0, 0.0, 0.0, 1.0], 'priority': None, 'show': True, 'force': False, 'expire': None, 'slide': None, 'tokens': {}, 'action': 'play'}}, 'context': 'mission2', 'calling_context': 'wrong_shot_mission2_event', 'priority': 1000}
2022-08-21 17:48:58,085 : EventManager : Event: ======'player_mission2_mission2_timer_tick'====== Args={'value': 47, 'prev_value': 52, 'change': -5, 'player_num': 1}
2022-08-21 17:48:58,092 : mpfmc : SlidePlayer: Play called with settings={'wrong_shot_slide_mission2': {'target': None, 'background_color': [0.0, 0.0, 0.0, 1.0], 'priority': None, 'show': True, 'force': False, 'expire': None, 'slide': None, 'tokens': {}, 'action': 'play'}}
2022-08-21 17:48:58,108 : EventManager : Event: ======'slide_wrong_shot_slide_mission2_created'====== Args={}
2022-08-21 17:48:58,139 : EventManager : Event: ======'slide_wrong_shot_slide_mission2_active'====== Args={}
2022-08-21 17:48:58,744 : EventManager : Event: ======'player_mission2_mission2_timer_tick'====== Args={'value': 46, 'prev_value': 47, 'change': -1, 'player_num': 1}
2022-08-21 17:48:58,745 : EventManager : Event: ======'player_mission2_timer_seconds'====== Args={'value': 46, 'prev_value': 52, 'change': -6, 'player_num': 1}
2022-08-21 17:48:58,948 : EventManager : Event: ======'slide_half_shot_slide_mission2_removed'====== Args={}
2022-08-21 17:48:59,814 : EventManager : Event: ======'machine_var_audits_switches_s_drop_target4'====== Args={'value': 2027, 'prev_value': 2026, 'change': 1}
2022-08-21 17:48:59,816 : EventManager : Event: ======'machine_var_audits_shots_drop_target4_mission2'====== Args={'value': 262, 'prev_value': 261, 'change': 1}
2022-08-21 17:48:59,816 : EventManager : Event: ======'player_score'====== Args={'value': 4736000, 'prev_value': 4727000, 'change': 9000, 'player_num': 1}
2022-08-21 17:48:59,816 : EventManager : Event: ======'player_switches'====== Args={'value': 14, 'prev_value': 13, 'change': 1, 'player_num': 1}
2022-08-21 17:48:59,816 : EventManager : Event: ======'player_score'====== Args={'value': 6736000, 'prev_value': 4736000, 'change': 2000000, 'player_num': 1}
2022-08-21 17:48:59,817 : EventManager : Event: ======'player_mission2_total'====== Args={'value': 6000000, 'prev_value': 4000000, 'change': 2000000, 'player_num': 1}
2022-08-21 17:48:59,817 : EventManager : Event: ======'player_shot_drop_target2_mission2'====== Args={'value': 0, 'prev_value': 1, 'change': -1, 'player_num': 1}
2022-08-21 17:48:59,817 : EventManager : Event: ======'player_shot_drop_target4_mission2'====== Args={'value': 0, 'prev_value': 3, 'change': -3, 'player_num': 1}
2022-08-21 17:48:59,817 : EventManager : Event: ======'player_wrong_path_drop_target2'====== Args={'value': 'off', 'prev_value': 'purple', 'change': True, 'player_num': 1}
2022-08-21 17:48:59,817 : EventManager : Event: ======'slides_play'====== Args={'settings': {'shot_slide_mission2': {'target': None, 'background_color': [0.0, 0.0, 0.0, 1.0], 'priority': None, 'show': True, 'force': False, 'expire': None, 'slide': None, 'tokens': {}, 'action': 'play'}}, 'context': 'mission2', 'calling_context': 'shot2', 'priority': 1000}
2022-08-21 17:48:59,817 : EventManager : Event: ======'player_shot_left_kicker_mission2'====== Args={'value': 1, 'prev_value': 0, 'change': 1, 'player_num': 1}
2022-08-21 17:48:59,818 : EventManager : Event: ======'player_shot_drop_target3_mission2'====== Args={'value': 1, 'prev_value': 0, 'change': 1, 'player_num': 1}
2022-08-21 17:48:59,818 : EventManager : Event: ======'player_shot_drop_target3_mission2'====== Args={'value': 2, 'prev_value': 1, 'change': 1, 'player_num': 1}
2022-08-21 17:48:59,822 : mpfmc : SlidePlayer: Play called with settings={'shot_slide_mission2': {'target': None, 'background_color': [0.0, 0.0, 0.0, 1.0], 'priority': None, 'show': True, 'force': False, 'expire': None, 'slide': None, 'tokens': {}, 'action': 'play'}}
2022-08-21 17:48:59,823 : EventManager : Event: ======'slide_shot_slide_mission2_removed'====== Args={}
2022-08-21 17:48:59,832 : EventManager : Event: ======'slide_shot_slide_mission2_created'====== Args={}
2022-08-21 17:48:59,838 : EventManager : Event: ======'slide_shot_slide_mission2_active'====== Args={}
2022-08-21 17:48:59,916 : EventManager : Event: ======'player_mission2_mission2_timer_tick'====== Args={'value': 45, 'prev_value': 46, 'change': -1, 'player_num': 1}
2022-08-21 17:48:59,916 : EventManager : Event: ======'player_mission2_timer_seconds'====== Args={'value': 45, 'prev_value': 46, 'change': -1, 'player_num': 1}
2022-08-21 17:49:00,606 : EventManager : Event: ======'slide_wrong_shot_slide_mission2_removed'====== Args={}
2022-08-21 17:49:01,148 : EventManager : Event: ======'player_mission2_mission2_timer_tick'====== Args={'value': 44, 'prev_value': 45, 'change': -1, 'player_num': 1}
2022-08-21 17:49:01,148 : EventManager : Event: ======'player_mission2_timer_seconds'====== Args={'value': 44, 'prev_value': 45, 'change': -1, 'player_num': 1}
2022-08-21 17:49:02,318 : EventManager : Event: ======'player_mission2_mission2_timer_tick'====== Args={'value': 43, 'prev_value': 44, 'change': -1, 'player_num': 1}
2022-08-21 17:49:02,318 : EventManager : Event: ======'player_mission2_timer_seconds'====== Args={'value': 43, 'prev_value': 44, 'change': -1, 'player_num': 1}
2022-08-21 17:49:02,320 : EventManager : Event: ======'slide_shot_slide_mission2_removed'====== Args={}
2022-08-21 17:49:02,322 : EventManager : Event: ======'slide_score_slide_mission2_active'====== Args={}
2022-08-21 17:49:02,956 : EventManager : Event: ======'machine_var_audits_switches_s_left_kicker'====== Args={'value': 1514, 'prev_value': 1513, 'change': 1}
2022-08-21 17:49:02,968 : EventManager : Event: ======'machine_var_audits_shots_left_kicker_mission2'====== Args={'value': 156, 'prev_value': 155, 'change': 1}
2022-08-21 17:49:02,968 : EventManager : Event: ======'player_score'====== Args={'value': 6766000, 'prev_value': 6736000, 'change': 30000, 'player_num': 1}
2022-08-21 17:49:02,968 : EventManager : Event: ======'player_wrong_path_left_kicker'====== Args={'value': 'purple', 'prev_value': 'off', 'change': True, 'player_num': 1}
2022-08-21 17:49:03,506 : EventManager : Event: ======'player_mission2_mission2_timer_tick'====== Args={'value': 42, 'prev_value': 43, 'change': -1, 'player_num': 1}
2022-08-21 17:49:03,506 : EventManager : Event: ======'player_mission2_timer_seconds'====== Args={'value': 42, 'prev_value': 43, 'change': -1, 'player_num': 1}
2022-08-21 17:49:04,707 : EventManager : Event: ======'player_mission2_mission2_timer_tick'====== Args={'value': 41, 'prev_value': 42, 'change': -1, 'player_num': 1}
2022-08-21 17:49:04,707 : EventManager : Event: ======'player_mission2_timer_seconds'====== Args={'value': 41, 'prev_value': 42, 'change': -1, 'player_num': 1}
2022-08-21 17:49:05,912 : EventManager : Event: ======'player_mission2_mission2_timer_tick'====== Args={'value': 40, 'prev_value': 41, 'change': -1, 'player_num': 1}
2022-08-21 17:49:05,912 : EventManager : Event: ======'player_mission2_timer_seconds'====== Args={'value': 40, 'prev_value': 41, 'change': -1, 'player_num': 1}
2022-08-21 17:49:06,138 : EventManager : Event: ======'machine_var_audits_switches_s_drop_target3'====== Args={'value': 2515, 'prev_value': 2514, 'change': 1}
2022-08-21 17:49:06,138 : EventManager : Event: ======'machine_var_audits_shots_drop_target3_mission2'====== Args={'value': 287, 'prev_value': 286, 'change': 1}
2022-08-21 17:49:06,150 : EventManager : Event: ======'player_shot_center_target'====== Args={'value': 1, 'prev_value': 0, 'change': 1, 'player_num': 1}
2022-08-21 17:49:06,150 : EventManager : Event: ======'machine_var_audits_shots_center_target'====== Args={'value': 70, 'prev_value': 69, 'change': 1}
2022-08-21 17:49:06,162 : EventManager : Event: ======'player_score'====== Args={'value': 6775000, 'prev_value': 6766000, 'change': 9000, 'player_num': 1}
2022-08-21 17:49:06,162 : EventManager : Event: ======'player_switches'====== Args={'value': 15, 'prev_value': 14, 'change': 1, 'player_num': 1}
2022-08-21 17:49:06,162 : EventManager : Event: ======'player_shot_drop_target3_mission2'====== Args={'value': 3, 'prev_value': 2, 'change': 1, 'player_num': 1}
2022-08-21 17:49:06,162 : EventManager : Event: ======'player_score'====== Args={'value': 7775000, 'prev_value': 6775000, 'change': 1000000, 'player_num': 1}
2022-08-21 17:49:06,163 : EventManager : Event: ======'player_mission2_total'====== Args={'value': 7000000, 'prev_value': 6000000, 'change': 1000000, 'player_num': 1}
2022-08-21 17:49:06,163 : EventManager : Event: ======'slides_play'====== Args={'settings': {'half_shot_slide_mission2': {'target': None, 'background_color': [0.0, 0.0, 0.0, 1.0], 'priority': None, 'show': True, 'force': False, 'expire': None, 'slide': None, 'tokens': {}, 'action': 'play'}}, 'context': 'mission2', 'calling_context': 'drop_target3_mission2_safe_ready_hit', 'priority': 1000, 'profile': 'mission2_profile', 'state': 'safe_ready', 'advancing': False}
2022-08-21 17:49:06,168 : mpfmc : SlidePlayer: Play called with settings={'half_shot_slide_mission2': {'target': None, 'background_color': [0.0, 0.0, 0.0, 1.0], 'priority': None, 'show': True, 'force': False, 'expire': None, 'slide': None, 'tokens': {}, 'action': 'play'}}
2022-08-21 17:49:06,169 : EventManager : Event: ======'slide_half_shot_slide_mission2_removed'====== Args={}
2022-08-21 17:49:06,180 : EventManager : Event: ======'slide_half_shot_slide_mission2_created'====== Args={}
2022-08-21 17:49:06,186 : EventManager : Event: ======'slide_half_shot_slide_mission2_active'====== Args={}
2022-08-21 17:49:07,148 : EventManager : Event: ======'player_mission2_mission2_timer_tick'====== Args={'value': 39, 'prev_value': 40, 'change': -1, 'player_num': 1}
2022-08-21 17:49:07,148 : EventManager : Event: ======'player_mission2_timer_seconds'====== Args={'value': 39, 'prev_value': 40, 'change': -1, 'player_num': 1}
2022-08-21 17:49:07,841 : EventManager : Event: ======'machine_var_audits_switches_s_drop_target3'====== Args={'value': 2516, 'prev_value': 2515, 'change': 1}
2022-08-21 17:49:07,841 : EventManager : Event: ======'machine_var_audits_shots_drop_target3_mission2'====== Args={'value': 288, 'prev_value': 287, 'change': 1}
2022-08-21 17:49:07,841 : EventManager : Event: ======'machine_var_audits_shots_center_target'====== Args={'value': 71, 'prev_value': 70, 'change': 1}
2022-08-21 17:49:07,841 : EventManager : Event: ======'player_score'====== Args={'value': 7784000, 'prev_value': 7775000, 'change': 9000, 'player_num': 1}
2022-08-21 17:49:07,842 : EventManager : Event: ======'player_switches'====== Args={'value': 16, 'prev_value': 15, 'change': 1, 'player_num': 1}
2022-08-21 17:49:07,842 : EventManager : Event: ======'player_score'====== Args={'value': 9784000, 'prev_value': 7784000, 'change': 2000000, 'player_num': 1}
2022-08-21 17:49:07,842 : EventManager : Event: ======'player_mission2_total'====== Args={'value': 9000000, 'prev_value': 7000000, 'change': 2000000, 'player_num': 1}
2022-08-21 17:49:07,842 : EventManager : Event: ======'player_shot_left_kicker_mission2'====== Args={'value': 0, 'prev_value': 1, 'change': -1, 'player_num': 1}
2022-08-21 17:49:07,843 : EventManager : Event: ======'player_shot_drop_target3_mission2'====== Args={'value': 0, 'prev_value': 3, 'change': -3, 'player_num': 1}
2022-08-21 17:49:07,843 : EventManager : Event: ======'player_wrong_path_left_kicker'====== Args={'value': 'off', 'prev_value': 'purple', 'change': True, 'player_num': 1}
2022-08-21 17:49:07,843 : EventManager : Event: ======'slides_play'====== Args={'settings': {'shot_slide_mission2': {'target': None, 'background_color': [0.0, 0.0, 0.0, 1.0], 'priority': None, 'show': True, 'force': False, 'expire': None, 'slide': None, 'tokens': {}, 'action': 'play'}}, 'context': 'mission2', 'calling_context': 'shot2', 'priority': 1000}
2022-08-21 17:49:07,843 : EventManager : Event: ======'slides_play'====== Args={'settings': {'shot_slide_mission2': {'target': None, 'background_color': [0.0, 0.0, 0.0, 1.0], 'priority': None, 'show': True, 'force': False, 'expire': None, 'slide': None, 'tokens': {}, 'action': 'play'}}, 'context': 'mission2', 'calling_context': 'shot3', 'priority': 1000}
2022-08-21 17:49:07,843 : EventManager : Event: ======'player_shot_right_kicker_mission2'====== Args={'value': 1, 'prev_value': 0, 'change': 1, 'player_num': 1}
2022-08-21 17:49:07,843 : EventManager : Event: ======'player_shot_right_loop_mission2'====== Args={'value': 1, 'prev_value': 0, 'change': 1, 'player_num': 1}
2022-08-21 17:49:07,844 : EventManager : Event: ======'player_shot_right_loop_mission2'====== Args={'value': 2, 'prev_value': 1, 'change': 1, 'player_num': 1}
2022-08-21 17:49:07,849 : mpfmc : SlidePlayer: Play called with settings={'shot_slide_mission2': {'target': None, 'background_color': [0.0, 0.0, 0.0, 1.0], 'priority': None, 'show': True, 'force': False, 'expire': None, 'slide': None, 'tokens': {}, 'action': 'play'}}
2022-08-21 17:49:07,849 : EventManager : Event: ======'slide_shot_slide_mission2_removed'====== Args={}
2022-08-21 17:49:07,864 : EventManager : Event: ======'slide_shot_slide_mission2_created'====== Args={}
2022-08-21 17:49:07,866 : mpfmc : SlidePlayer: Play called with settings={'shot_slide_mission2': {'target': None, 'background_color': [0.0, 0.0, 0.0, 1.0], 'priority': None, 'show': True, 'force': False, 'expire': None, 'slide': None, 'tokens': {}, 'action': 'play'}}
2022-08-21 17:49:07,866 : EventManager : Event: ======'slide_shot_slide_mission2_removed'====== Args={}
2022-08-21 17:49:07,874 : EventManager : Event: ======'slide_shot_slide_mission2_created'====== Args={}
2022-08-21 17:49:07,887 : EventManager : Event: ======'slide_shot_slide_mission2_active'====== Args={}
2022-08-21 17:49:08,347 : EventManager : Event: ======'player_mission2_mission2_timer_tick'====== Args={'value': 38, 'prev_value': 39, 'change': -1, 'player_num': 1}
2022-08-21 17:49:08,347 : EventManager : Event: ======'player_mission2_timer_seconds'====== Args={'value': 38, 'prev_value': 39, 'change': -1, 'player_num': 1}
2022-08-21 17:49:08,666 : EventManager : Event: ======'slide_half_shot_slide_mission2_removed'====== Args={}
2022-08-21 17:49:09,549 : EventManager : Event: ======'player_mission2_mission2_timer_tick'====== Args={'value': 37, 'prev_value': 38, 'change': -1, 'player_num': 1}
2022-08-21 17:49:09,550 : EventManager : Event: ======'player_mission2_timer_seconds'====== Args={'value': 37, 'prev_value': 38, 'change': -1, 'player_num': 1}
2022-08-21 17:49:10,359 : EventManager : Event: ======'slide_shot_slide_mission2_removed'====== Args={}
2022-08-21 17:49:10,360 : EventManager : Event: ======'slide_score_slide_mission2_active'====== Args={}
2022-08-21 17:49:10,708 : EventManager : Event: ======'player_mission2_mission2_timer_tick'====== Args={'value': 36, 'prev_value': 37, 'change': -1, 'player_num': 1}
2022-08-21 17:49:10,708 : EventManager : Event: ======'player_mission2_timer_seconds'====== Args={'value': 36, 'prev_value': 37, 'change': -1, 'player_num': 1}
2022-08-21 17:49:10,745 : EventManager : Event: ======'machine_var_audits_switches_s_right_inlane_far'====== Args={'value': 6059, 'prev_value': 6058, 'change': 1}
2022-08-21 17:49:10,757 : EventManager : Event: ======'machine_var_audits_shots_right_loop_mission2'====== Args={'value': 295, 'prev_value': 294, 'change': 1}
2022-08-21 17:49:10,757 : EventManager : Event: ======'player_score'====== Args={'value': 9844000, 'prev_value': 9784000, 'change': 60000, 'player_num': 1}
2022-08-21 17:49:10,757 : EventManager : Event: ======'player_switches'====== Args={'value': 17, 'prev_value': 16, 'change': 1, 'player_num': 1}
2022-08-21 17:49:10,757 : EventManager : Event: ======'player_combos_combo_timer_tick'====== Args={'value': 6, 'prev_value': 0, 'change': 6, 'player_num': 1}
2022-08-21 17:49:10,758 : EventManager : Event: ======'player_shot_right_loop_mission2'====== Args={'value': 3, 'prev_value': 2, 'change': 1, 'player_num': 1}
2022-08-21 17:49:10,758 : EventManager : Event: ======'player_score'====== Args={'value': 10844000, 'prev_value': 9844000, 'change': 1000000, 'player_num': 1}
2022-08-21 17:49:10,758 : EventManager : Event: ======'player_mission2_total'====== Args={'value': 10000000, 'prev_value': 9000000, 'change': 1000000, 'player_num': 1}
2022-08-21 17:49:10,758 : EventManager : Event: ======'slides_play'====== Args={'settings': {'half_shot_slide_mission2': {'target': None, 'background_color': [0.0, 0.0, 0.0, 1.0], 'priority': None, 'show': True, 'force': False, 'expire': None, 'slide': None, 'tokens': {}, 'action': 'play'}}, 'context': 'mission2', 'calling_context': 'right_loop_mission2_safe_ready_hit', 'priority': 1000, 'profile': 'mission2_profile', 'state': 'safe_ready', 'advancing': False}
2022-08-21 17:49:10,763 : mpfmc : SlidePlayer: Play called with settings={'half_shot_slide_mission2': {'target': None, 'background_color': [0.0, 0.0, 0.0, 1.0], 'priority': None, 'show': True, 'force': False, 'expire': None, 'slide': None, 'tokens': {}, 'action': 'play'}}
2022-08-21 17:49:10,764 : EventManager : Event: ======'slide_half_shot_slide_mission2_removed'====== Args={}
2022-08-21 17:49:10,773 : EventManager : Event: ======'slide_half_shot_slide_mission2_created'====== Args={}
2022-08-21 17:49:10,778 : EventManager : Event: ======'slide_half_shot_slide_mission2_active'====== Args={}
2022-08-21 17:49:11,276 : EventManager : Event: ======'player_combos_combo_timer_tick'====== Args={'value': 5, 'prev_value': 6, 'change': -1, 'player_num': 1}
2022-08-21 17:49:11,506 : EventManager : Event: ======'machine_var_audits_switches_s_right_inlane_far'====== Args={'value': 6060, 'prev_value': 6059, 'change': 1}
2022-08-21 17:49:11,507 : EventManager : Event: ======'machine_var_audits_shots_right_loop_mission2'====== Args={'value': 296, 'prev_value': 295, 'change': 1}
2022-08-21 17:49:11,507 : EventManager : Event: ======'player_score'====== Args={'value': 10904000, 'prev_value': 10844000, 'change': 60000, 'player_num': 1}
2022-08-21 17:49:11,507 : EventManager : Event: ======'player_switches'====== Args={'value': 18, 'prev_value': 17, 'change': 1, 'player_num': 1}
2022-08-21 17:49:11,507 : EventManager : Event: ======'player_combos_combo_timer_tick'====== Args={'value': 6, 'prev_value': 5, 'change': 1, 'player_num': 1}
2022-08-21 17:49:11,507 : EventManager : Event: ======'player_score'====== Args={'value': 12904000, 'prev_value': 10904000, 'change': 2000000, 'player_num': 1}
2022-08-21 17:49:11,508 : EventManager : Event: ======'player_mission2_total'====== Args={'value': 12000000, 'prev_value': 10000000, 'change': 2000000, 'player_num': 1}
2022-08-21 17:49:11,508 : EventManager : Event: ======'player_shot_right_loop_mission2'====== Args={'value': 0, 'prev_value': 3, 'change': -3, 'player_num': 1}
2022-08-21 17:49:11,508 : EventManager : Event: ======'player_shot_right_kicker_mission2'====== Args={'value': 0, 'prev_value': 1, 'change': -1, 'player_num': 1}
2022-08-21 17:49:11,508 : EventManager : Event: ======'slides_play'====== Args={'settings': {'shot_slide_mission2': {'target': None, 'background_color': [0.0, 0.0, 0.0, 1.0], 'priority': None, 'show': True, 'force': False, 'expire': None, 'slide': None, 'tokens': {}, 'action': 'play'}}, 'context': 'mission2', 'calling_context': 'shot2', 'priority': 1000}
2022-08-21 17:49:11,508 : EventManager : Event: ======'slides_play'====== Args={'settings': {'shot_slide_mission2': {'target': None, 'background_color': [0.0, 0.0, 0.0, 1.0], 'priority': None, 'show': True, 'force': False, 'expire': None, 'slide': None, 'tokens': {}, 'action': 'play'}}, 'context': 'mission2', 'calling_context': 'shot3', 'priority': 1000}
2022-08-21 17:49:11,508 : EventManager : Event: ======'slides_play'====== Args={'settings': {'shot_slide_mission2': {'target': None, 'background_color': [0.0, 0.0, 0.0, 1.0], 'priority': None, 'show': True, 'force': False, 'expire': None, 'slide': None, 'tokens': {}, 'action': 'play'}}, 'context': 'mission2', 'calling_context': 'shot4', 'priority': 1000}
2022-08-21 17:49:11,513 : mpfmc : SlidePlayer: Play called with settings={'shot_slide_mission2': {'target': None, 'background_color': [0.0, 0.0, 0.0, 1.0], 'priority': None, 'show': True, 'force': False, 'expire': None, 'slide': None, 'tokens': {}, 'action': 'play'}}
2022-08-21 17:49:11,514 : EventManager : Event: ======'slide_shot_slide_mission2_removed'====== Args={}
2022-08-21 17:49:11,528 : EventManager : Event: ======'slide_shot_slide_mission2_created'====== Args={}
2022-08-21 17:49:11,530 : mpfmc : SlidePlayer: Play called with settings={'shot_slide_mission2': {'target': None, 'background_color': [0.0, 0.0, 0.0, 1.0], 'priority': None, 'show': True, 'force': False, 'expire': None, 'slide': None, 'tokens': {}, 'action': 'play'}}
2022-08-21 17:49:11,530 : EventManager : Event: ======'slide_shot_slide_mission2_removed'====== Args={}
2022-08-21 17:49:11,538 : EventManager : Event: ======'slide_shot_slide_mission2_created'====== Args={}
2022-08-21 17:49:11,540 : mpfmc : SlidePlayer: Play called with settings={'shot_slide_mission2': {'target': None, 'background_color': [0.0, 0.0, 0.0, 1.0], 'priority': None, 'show': True, 'force': False, 'expire': None, 'slide': None, 'tokens': {}, 'action': 'play'}}
2022-08-21 17:49:11,541 : EventManager : Event: ======'slide_shot_slide_mission2_removed'====== Args={}
2022-08-21 17:49:11,549 : EventManager : Event: ======'slide_shot_slide_mission2_created'====== Args={}
2022-08-21 17:49:11,561 : EventManager : Event: ======'slide_shot_slide_mission2_active'====== Args={}
2022-08-21 17:49:11,914 : EventManager : Event: ======'player_mission2_mission2_timer_tick'====== Args={'value': 35, 'prev_value': 36, 'change': -1, 'player_num': 1}
2022-08-21 17:49:11,914 : EventManager : Event: ======'player_mission2_timer_seconds'====== Args={'value': 35, 'prev_value': 36, 'change': -1, 'player_num': 1}
2022-08-21 17:49:12,029 : EventManager : Event: ======'player_combos_combo_timer_tick'====== Args={'value': 5, 'prev_value': 6, 'change': -1, 'player_num': 1}
2022-08-21 17:49:12,513 : EventManager : Event: ======'player_combos_combo_timer_tick'====== Args={'value': 4, 'prev_value': 5, 'change': -1, 'player_num': 1}
2022-08-21 17:49:13,001 : EventManager : Event: ======'player_combos_combo_timer_tick'====== Args={'value': 3, 'prev_value': 4, 'change': -1, 'player_num': 1}
2022-08-21 17:49:13,142 : EventManager : Event: ======'player_mission2_mission2_timer_tick'====== Args={'value': 34, 'prev_value': 35, 'change': -1, 'player_num': 1}
2022-08-21 17:49:13,142 : EventManager : Event: ======'player_mission2_timer_seconds'====== Args={'value': 34, 'prev_value': 35, 'change': -1, 'player_num': 1}
2022-08-21 17:49:13,260 : EventManager : Event: ======'slide_half_shot_slide_mission2_removed'====== Args={}
2022-08-21 17:49:13,543 : EventManager : Event: ======'player_combos_combo_timer_tick'====== Args={'value': 2, 'prev_value': 3, 'change': -1, 'player_num': 1}
2022-08-21 17:49:14,003 : EventManager : Event: ======'slide_shot_slide_mission2_removed'====== Args={}
2022-08-21 17:49:14,004 : EventManager : Event: ======'slide_score_slide_mission2_active'====== Args={}
2022-08-21 17:49:14,032 : EventManager : Event: ======'player_combos_combo_timer_tick'====== Args={'value': 1, 'prev_value': 2, 'change': -1, 'player_num': 1}
2022-08-21 17:49:14,311 : EventManager : Event: ======'player_mission2_mission2_timer_tick'====== Args={'value': 33, 'prev_value': 34, 'change': -1, 'player_num': 1}
2022-08-21 17:49:14,323 : EventManager : Event: ======'player_mission2_timer_seconds'====== Args={'value': 33, 'prev_value': 34, 'change': -1, 'player_num': 1}
2022-08-21 17:49:14,483 : EventManager : Event: ======'player_combos_combo_timer_tick'====== Args={'value': 0, 'prev_value': 1, 'change': -1, 'player_num': 1}
2022-08-21 17:49:15,514 : EventManager : Event: ======'player_mission2_mission2_timer_tick'====== Args={'value': 32, 'prev_value': 33, 'change': -1, 'player_num': 1}
2022-08-21 17:49:15,514 : EventManager : Event: ======'player_mission2_timer_seconds'====== Args={'value': 32, 'prev_value': 33, 'change': -1, 'player_num': 1}
2022-08-21 17:49:16,701 : EventManager : Event: ======'player_mission2_mission2_timer_tick'====== Args={'value': 31, 'prev_value': 32, 'change': -1, 'player_num': 1}
2022-08-21 17:49:16,701 : EventManager : Event: ======'player_mission2_timer_seconds'====== Args={'value': 31, 'prev_value': 32, 'change': -1, 'player_num': 1}
2022-08-21 17:49:17,910 : EventManager : Event: ======'player_mission2_mission2_timer_tick'====== Args={'value': 30, 'prev_value': 31, 'change': -1, 'player_num': 1}
2022-08-21 17:49:17,910 : EventManager : Event: ======'player_mission2_timer_seconds'====== Args={'value': 30, 'prev_value': 31, 'change': -1, 'player_num': 1}
2022-08-21 17:49:18,204 : EventManager : Event: ======'machine_var_audits_switches_s_drop_target3'====== Args={'value': 2517, 'prev_value': 2516, 'change': 1}
2022-08-21 17:49:18,204 : EventManager : Event: ======'machine_var_audits_shots_drop_target3_mission2'====== Args={'value': 289, 'prev_value': 288, 'change': 1}
2022-08-21 17:49:18,217 : EventManager : Event: ======'machine_var_audits_shots_center_target'====== Args={'value': 72, 'prev_value': 71, 'change': 1}
2022-08-21 17:49:18,217 : EventManager : Event: ======'player_score'====== Args={'value': 12913000, 'prev_value': 12904000, 'change': 9000, 'player_num': 1}
2022-08-21 17:49:18,217 : EventManager : Event: ======'player_switches'====== Args={'value': 19, 'prev_value': 18, 'change': 1, 'player_num': 1}
2022-08-21 17:49:18,217 : EventManager : Event: ======'slides_play'====== Args={'settings': {'final_shot_mission2_slide': {'target': None, 'background_color': [0.0, 0.0, 0.0, 1.0], 'priority': None, 'show': True, 'force': False, 'expire': None, 'slide': None, 'tokens': {}, 'action': 'play'}}, 'context': 'mission2', 'calling_context': 'final_shot_mission2', 'priority': 1000}
2022-08-21 17:49:18,217 : EventManager : Event: ======'player_score'====== Args={'value': 36913000, 'prev_value': 12913000, 'change': 24000000, 'player_num': 1}
2022-08-21 17:49:18,218 : EventManager : Event: ======'player_crystals'====== Args={'value': 1, 'prev_value': 0, 'change': 1, 'player_num': 1}
2022-08-21 17:49:18,218 : EventManager : Event: ======'player_modes_completed'====== Args={'value': 1, 'prev_value': 0, 'change': 1, 'player_num': 1}
2022-08-21 17:49:18,221 : mpfmc : SlidePlayer: Play called with settings={'final_shot_mission2_slide': {'target': None, 'background_color': [0.0, 0.0, 0.0, 1.0], 'priority': None, 'show': True, 'force': False, 'expire': None, 'slide': None, 'tokens': {}, 'action': 'play'}}
2022-08-21 17:49:18,237 : EventManager : Event: ======'slide_final_shot_mission2_slide_created'====== Args={}
2022-08-21 17:49:18,248 : EventManager : Event: ======'slide_final_shot_mission2_slide_active'====== Args={}
2022-08-21 17:49:19,107 : EventManager : Event: ======'player_mission2_mission2_timer_tick'====== Args={'value': 29, 'prev_value': 30, 'change': -1, 'player_num': 1}
2022-08-21 17:49:19,107 : EventManager : Event: ======'player_mission2_timer_seconds'====== Args={'value': 29, 'prev_value': 30, 'change': -1, 'player_num': 1}
2022-08-21 17:49:20,308 : EventManager : Event: ======'player_mission2_mission2_timer_tick'====== Args={'value': 28, 'prev_value': 29, 'change': -1, 'player_num': 1}
2022-08-21 17:49:20,308 : EventManager : Event: ======'player_mission2_timer_seconds'====== Args={'value': 28, 'prev_value': 29, 'change': -1, 'player_num': 1}
2022-08-21 17:49:21,222 : EventManager : Event: ======'slide_final_shot_mission2_slide_removed'====== Args={}
2022-08-21 17:49:21,223 : EventManager : Event: ======'slide_score_slide_mission2_active'====== Args={}
2022-08-21 17:49:21,259 : EventManager : Event: ======'slides_clear'====== Args={'context': 'mission2'}
2022-08-21 17:49:21,260 : EventManager : Event: ======'slide_score_slide_mission2_removed'====== Args={}
2022-08-21 17:49:21,261 : EventManager : Event: ======'slide_wrong_shot_slide_mission2_removed'====== Args={}
2022-08-21 17:49:21,262 : EventManager : Event: ======'slide_half_shot_slide_mission2_removed'====== Args={}
2022-08-21 17:49:21,263 : EventManager : Event: ======'slide_shot_slide_mission2_removed'====== Args={}
2022-08-21 17:49:21,263 : EventManager : Event: ======'slide_final_shot_mission2_slide_removed'====== Args={}
2022-08-21 17:49:21,263 : EventManager : Event: ======'player_mission2_total'====== Args={'value': 24000000, 'prev_value': 12000000, 'change': 12000000, 'player_num': 1}
2022-08-21 17:49:21,264 : EventManager : Event: ======'sounds_play'====== Args={'settings': {'default': {'action': 'play', 'loops': -1, 'track': 'music', 'priority': None, 'block': False, 'delay': None, 'volume': None, 'pan': None, 'start_at': None, 'fade_in': None, 'fade_out': None, 'about_to_finish_time': -1.0, 'max_queue_time': -1.0, 'events_when_played': ['use_sound_setting'], 'events_when_stopped': ['use_sound_setting'], 'events_when_looping': ['use_sound_setting'], 'events_when_about_to_finish': ['use_sound_setting'], 'mode_end_action': 'use_sound_setting', 'key': 'use_sound_setting'}, 'mode_theme': {'action': 'stop', 'priority': None, 'block': False, 'delay': None, 'track': None, 'volume': None, 'pan': None, 'loops': None, 'start_at': None, 'fade_in': None, 'fade_out': None, 'about_to_finish_time': -1.0, 'max_queue_time': -1.0, 'events_when_played': ['use_sound_setting'], 'events_when_stopped': ['use_sound_setting'], 'events_when_looping': ['use_sound_setting'], 'events_when_about_to_finish': ['use_sound_setting'], 'mode_end_action': 'use_sound_setting', 'key': 'use_sound_setting'}}, 'context': '_global', 'calling_context': 'mode_spell_portal_started', 'priority': 0}
2022-08-21 17:49:21,265 : EventManager : Event: ======'slide_score_slide_active'====== Args={}
2022-08-21 17:49:28,144 : kivy : Base: Leaving application in progress...
2022-08-21 17:49:28,377 : mpfmc : Stopping...
2022-08-21 17:49:28,377 : EventManager : Event: ======'shutdown'====== Args={}
2022-08-21 17:49:28,377 : AudioInterface : Disabling audio playback
2022-08-21 17:49:28,377 : mpfmc : Loop rate 66.86 Hz
2022-08-21 17:49:28,377 : kivy : MC run loop ended.
2022-08-21 17:49:28,377 : kivy : Stopping child threads... (3 remaining)
2022-08-21 17:49:29,267 : mpfmc : Stopping...
2022-08-21 17:49:29,267 : EventManager : Event: ======'shutdown'====== Args={}
2022-08-21 17:49:29,267 : mpfmc : Loop rate 66.12 Hz
2022-08-21 17:49:29,360 : MPF-MC BCP Server : Stopping BCP sending thread
2022-08-21 17:49:29,464 : kivy : All child threads stopped.
