2022-08-21 20:33:16,915 : INFO : root : Loading config.
2022-08-21 20:33:17,453 : INFO : ConfigProcessor : Config spec file cache created: C:\Users\Brendan\AppData\Local\Temp\config_spec.mpf_cache
2022-08-21 20:33:17,453 : INFO : YamlMultifileConfigLoader : Machine config file #1: config.yaml
2022-08-21 20:33:17,454 : INFO : ConfigProcessor : Loading config from cache: C:\Users\Brendan\AppData\Local\Temp\bccefe987bb586eace29905fa80cab57.mpf_cache
2022-08-21 20:33:17,511 : INFO : ConfigProcessor : Loading config from cache: C:\Users\Brendan\AppData\Local\Temp\467e7647689d29fad6adf949e1f4d51d.mpf_cache
2022-08-21 20:33:17,512 : INFO : ConfigProcessor : Loading config from cache: C:\Users\Brendan\AppData\Local\Temp\5550e037aa776b42b91b29b40b356c70.mpf_cache
2022-08-21 20:33:17,513 : INFO : ConfigProcessor : Loading config from cache: C:\Users\Brendan\AppData\Local\Temp\15e0c601392b30c3d9ba3ead8131edb5.mpf_cache
2022-08-21 20:33:17,514 : INFO : ConfigProcessor : Loading config from cache: C:\Users\Brendan\AppData\Local\Temp\0bf50917c4ef15ab65ee13d6c14e7d7c.mpf_cache
2022-08-21 20:33:17,515 : INFO : ConfigProcessor : Loading config from cache: C:\Users\Brendan\AppData\Local\Temp\bc7da7b13b2754e080c2afa0678ac274.mpf_cache
2022-08-21 20:33:17,515 : INFO : ConfigProcessor : Loading config from cache: C:\Users\Brendan\AppData\Local\Temp\bbd59d0bb6602ee0c5a89d6f85e6dd42.mpf_cache
2022-08-21 20:33:17,516 : INFO : ConfigProcessor : Loading config from cache: C:\Users\Brendan\AppData\Local\Temp\5526c78976fee311c3d05505d75f653d.mpf_cache
2022-08-21 20:33:17,517 : INFO : ConfigProcessor : Loading config from cache: C:\Users\Brendan\AppData\Local\Temp\6e95138ae5415fc76b53ebf8fa245fb5.mpf_cache
2022-08-21 20:33:17,518 : INFO : ConfigProcessor : Loading config from cache: C:\Users\Brendan\AppData\Local\Temp\1ec1c4dffb383758956493783a9ed391.mpf_cache
2022-08-21 20:33:17,519 : INFO : ConfigProcessor : Loading config from cache: C:\Users\Brendan\AppData\Local\Temp\f2aee92728c8017b77c710c804dd7f5a.mpf_cache
2022-08-21 20:33:17,520 : INFO : ConfigProcessor : Loading config from cache: C:\Users\Brendan\AppData\Local\Temp\88f57fa1305e9dc100972ec9f84d57fe.mpf_cache
2022-08-21 20:33:17,521 : INFO : ConfigProcessor : Loading config from cache: C:\Users\Brendan\AppData\Local\Temp\6e00a9d794d4c3f43a0fc48da04dac60.mpf_cache
2022-08-21 20:33:17,522 : INFO : ConfigProcessor : Loading config from cache: C:\Users\Brendan\AppData\Local\Temp\05ef98219fc733c3bcab58726c4b37ef.mpf_cache
2022-08-21 20:33:17,522 : INFO : ConfigProcessor : Loading config from cache: C:\Users\Brendan\AppData\Local\Temp\c22d657a5a7bb60632c2be2c735e073b.mpf_cache
2022-08-21 20:33:17,523 : INFO : ConfigProcessor : Loading config from cache: C:\Users\Brendan\AppData\Local\Temp\f7d4f5eb9425fe84d2e83a363afd4bdf.mpf_cache
2022-08-21 20:33:17,524 : INFO : ConfigProcessor : Loading config from cache: C:\Users\Brendan\AppData\Local\Temp\125f51d329f930ea7bff10973551cc26.mpf_cache
2022-08-21 20:33:17,525 : INFO : ConfigProcessor : Loading config from cache: C:\Users\Brendan\AppData\Local\Temp\08e18dfdf4e02cd29cc0cc52be2faaf4.mpf_cache
2022-08-21 20:33:17,525 : INFO : ConfigProcessor : Loading config from cache: C:\Users\Brendan\AppData\Local\Temp\f042f5bf6362b9e04d43b40b93a92057.mpf_cache
2022-08-21 20:33:17,526 : INFO : ConfigProcessor : Loading config from cache: C:\Users\Brendan\AppData\Local\Temp\60badac06cd62deb71f25fac24b103c2.mpf_cache
2022-08-21 20:33:17,527 : INFO : ConfigProcessor : Loading config from cache: C:\Users\Brendan\AppData\Local\Temp\a3ad1aeb679a0686901de8a6ffe784f0.mpf_cache
2022-08-21 20:33:17,528 : WARNING : ConfigProcessor : Config file in cache changed: C:\Baby_pacman_code\machine\modes\playfield_multiplier\config\playfield_multiplier.yaml
2022-08-21 20:33:17,528 : INFO : ConfigProcessor : Loading config from file C:\Baby_pacman_code\machine\modes\playfield_multiplier\config\playfield_multiplier.yaml.
2022-08-21 20:33:17,545 : INFO : ConfigProcessor : Loading config: C:\Baby_pacman_code\machine\modes\playfield_multiplier\config\playfield_multiplier.yaml
2022-08-21 20:33:17,545 : INFO : ConfigProcessor : Config file cache created: C:\Users\Brendan\AppData\Local\Temp\d7856287e4ec48fb5adaa65e5f7b2848.mpf_cache
2022-08-21 20:33:17,546 : INFO : ConfigProcessor : Loading config from cache: C:\Users\Brendan\AppData\Local\Temp\4849f32e60febd99d83791f2417d9a0f.mpf_cache
2022-08-21 20:33:17,547 : INFO : ConfigProcessor : Loading config from cache: C:\Users\Brendan\AppData\Local\Temp\942a9c8af084c06606ececc74db0a30f.mpf_cache
2022-08-21 20:33:17,547 : INFO : ConfigProcessor : Loading config from cache: C:\Users\Brendan\AppData\Local\Temp\d3a5f9b6ba13782c30d3f4f7e40a9dcf.mpf_cache
2022-08-21 20:33:17,548 : INFO : ConfigProcessor : Loading config from cache: C:\Users\Brendan\AppData\Local\Temp\bb2305c107159ac261738ee6fa5177f9.mpf_cache
2022-08-21 20:33:17,549 : INFO : ConfigProcessor : Loading config from cache: C:\Users\Brendan\AppData\Local\Temp\5e8fe62f7d4a280c75af4e016e79234a.mpf_cache
2022-08-21 20:33:17,549 : INFO : ConfigProcessor : Loading config from cache: C:\Users\Brendan\AppData\Local\Temp\7934ad8984867b043b25c8f1f16418da.mpf_cache
2022-08-21 20:33:17,550 : INFO : ConfigProcessor : Loading config from cache: C:\Users\Brendan\AppData\Local\Temp\201f4c0a0d10e05df2979372d05b639d.mpf_cache
2022-08-21 20:33:17,550 : INFO : ConfigProcessor : Loading config from cache: C:\Users\Brendan\AppData\Local\Temp\29084e75e573608c6a2e9d91f8c2e516.mpf_cache
2022-08-21 20:33:17,552 : INFO : ConfigProcessor : Loading config from cache: C:\Users\Brendan\AppData\Local\Temp\c1a52d9ec6beffcf3a0c74172f4f1789.mpf_cache
2022-08-21 20:33:17,552 : INFO : ConfigProcessor : Loading config from cache: C:\Users\Brendan\AppData\Local\Temp\1a7cfdccecce53cd51775700aa921808.mpf_cache
2022-08-21 20:33:17,553 : INFO : ConfigProcessor : Loading config from cache: C:\Users\Brendan\AppData\Local\Temp\bbeb6a5751b9d2029aa6e8633936e040.mpf_cache
2022-08-21 20:33:17,553 : INFO : ConfigProcessor : Loading config from cache: C:\Users\Brendan\AppData\Local\Temp\396defae609afab4d6d7399595fd494b.mpf_cache
2022-08-21 20:33:17,554 : INFO : ConfigProcessor : Loading config from cache: C:\Users\Brendan\AppData\Local\Temp\df5b128cf73808572dcd58af6b99a12a.mpf_cache
2022-08-21 20:33:17,555 : INFO : ConfigProcessor : Loading config from cache: C:\Users\Brendan\AppData\Local\Temp\b16abd66a20b52f76df13eb007a93cde.mpf_cache
2022-08-21 20:33:17,555 : INFO : ConfigProcessor : Loading config from cache: C:\Users\Brendan\AppData\Local\Temp\09ddf149c2750d0dc18124afb4ec1692.mpf_cache
2022-08-21 20:33:17,556 : INFO : ConfigProcessor : Loading config from cache: C:\Users\Brendan\AppData\Local\Temp\dc261f740d4fb0b58874215bc05837b4.mpf_cache
2022-08-21 20:33:17,556 : INFO : ConfigProcessor : Loading config from cache: C:\Users\Brendan\AppData\Local\Temp\fd5b67850c190931870595f7ba331325.mpf_cache
2022-08-21 20:33:17,557 : INFO : ConfigProcessor : Loading config from cache: C:\Users\Brendan\AppData\Local\Temp\7fa0bf6f8a3d06d96f9daba2d24e8451.mpf_cache
2022-08-21 20:33:17,557 : INFO : ConfigProcessor : Loading config from cache: C:\Users\Brendan\AppData\Local\Temp\17652c03725ec0d5dc66b35abdc504c5.mpf_cache
2022-08-21 20:33:17,558 : INFO : ConfigProcessor : Loading config from cache: C:\Users\Brendan\AppData\Local\Temp\f6549f0a1a12987384ccc86b9df17004.mpf_cache
2022-08-21 20:33:17,559 : INFO : ConfigProcessor : Loading config from cache: C:\Users\Brendan\AppData\Local\Temp\d416d6f9f35dec068a811f18f969a8db.mpf_cache
2022-08-21 20:33:17,560 : INFO : ConfigProcessor : Loading config from cache: C:\Users\Brendan\AppData\Local\Temp\2cbb22f93ff96ef242a9a2d7465f7b14.mpf_cache
2022-08-21 20:33:17,561 : INFO : ConfigProcessor : Loading config from cache: C:\Users\Brendan\AppData\Local\Temp\5b43fbcb021f3ce97d73fdb8a470eae4.mpf_cache
2022-08-21 20:33:17,561 : INFO : ConfigProcessor : Loading config from cache: C:\Users\Brendan\AppData\Local\Temp\6d994d077edad00fe01353c1bfbf6638.mpf_cache
2022-08-21 20:33:17,562 : INFO : ConfigProcessor : Loading config from cache: C:\Users\Brendan\AppData\Local\Temp\df6e37541f81fc1a6e02dbcf98e0d10b.mpf_cache
2022-08-21 20:33:17,562 : INFO : ConfigProcessor : Loading config from cache: C:\Users\Brendan\AppData\Local\Temp\c5e911b563ca93c8e10ce7743f92e657.mpf_cache
2022-08-21 20:33:17,563 : INFO : ConfigProcessor : Loading config from cache: C:\Users\Brendan\AppData\Local\Temp\99ecafb2993dab1e69369c4f69529b6f.mpf_cache
2022-08-21 20:33:17,564 : INFO : ConfigProcessor : Loading config from cache: C:\Users\Brendan\AppData\Local\Temp\57f2f8973b8bd58edd1d215976151c60.mpf_cache
2022-08-21 20:33:17,565 : INFO : ConfigProcessor : Loading config from cache: C:\Users\Brendan\AppData\Local\Temp\19f702536b27ff66106645e85afb027e.mpf_cache
2022-08-21 20:33:17,566 : INFO : ConfigProcessor : Loading config from cache: C:\Users\Brendan\AppData\Local\Temp\c17101e4486856bd6430e66412997ee7.mpf_cache
2022-08-21 20:33:17,567 : INFO : ConfigProcessor : Loading config from cache: C:\Users\Brendan\AppData\Local\Temp\c5b3b18e965344eb40bdf988f6d052aa.mpf_cache
2022-08-21 20:33:17,568 : INFO : Machine : Mission Pinball Framework Core Engine v0.55.0
2022-08-21 20:33:17,568 : INFO : Machine : Command line arguments: {'no_load_cache': False, 'create_config_cache': True, 'bcp': True, 'configfile': ['config.yaml'], 'force_assets_load': False, 'jsonlogging': False, 'logfile': 'logs\\2022-08-21-20-33-16-mpf-Pinball-PC.log', 'pause': False, 'production': False, 'text_ui': True, 'loglevel': 15, 'consoleloglevel': 20, 'force_platform': None, 'syslog_address': None, 'mc_file_name': None, 'no_sound': False}
2022-08-21 20:33:17,568 : INFO : Machine : MPF path: c:\users\brendan\appdata\local\programs\python\python37\lib\site-packages\mpf
2022-08-21 20:33:17,568 : INFO : Machine : Machine path: C:\Baby_pacman_code\machine
2022-08-21 20:33:17,568 : INFO : Machine : Platform: win32
2022-08-21 20:33:17,568 : INFO : Machine : Python executable location: c:\users\brendan\appdata\local\programs\python\python37\python.exe
2022-08-21 20:33:17,568 : INFO : Machine : Python version: 3.7.8 (64-bit)
2022-08-21 20:33:17,570 : INFO : Machine : Initialise MPF.
2022-08-21 20:33:17,721 : INFO : FAST : Connecting to com7 at 921600bps
2022-08-21 20:33:17,754 : INFO : FAST : Connected! Processor: NET, Board Type: FP-CPU-002-2, Firmware: 01.05
2022-08-21 20:33:17,754 : INFO : EventManager : Event: ======'machine_var_fast_net_firmware'====== Args={'value': '01.05', 'prev_value': None, 'change': True}
2022-08-21 20:33:17,754 : INFO : EventManager : Event: ======'machine_var_fast_net_model'====== Args={'value': 'FP-CPU-002-2', 'prev_value': None, 'change': True}
2022-08-21 20:33:20,125 : WARNING : FAST : Got unexpected message from FAST: -N:06
2022-08-21 20:33:20,125 : WARNING : FAST : Got unexpected message from FAST: -N:13
2022-08-21 20:33:20,170 : INFO : FAST : Connecting to com8 at 921600bps
2022-08-21 20:33:20,218 : INFO : FAST : Connected! Processor: RGB, Board Type: FP-CPU-002-2, Firmware: 01.00
2022-08-21 20:33:20,218 : INFO : EventManager : Event: ======'machine_var_fast_rgb_firmware'====== Args={'value': '01.00', 'prev_value': None, 'change': True}
2022-08-21 20:33:20,218 : INFO : EventManager : Event: ======'machine_var_fast_rgb_model'====== Args={'value': 'FP-CPU-002-2', 'prev_value': None, 'change': True}
2022-08-21 20:33:20,219 : INFO : EventManager : Event: ======'machine_var_credits_string'====== Args={'value': 'FREE PLAY', 'prev_value': None, 'change': True}
2022-08-21 20:33:20,277 : INFO : EventManager : Event: ======'machine_var_master_volume'====== Args={'value': 0.5, 'prev_value': None, 'change': True}
2022-08-21 20:33:20,277 : INFO : EventManager : Event: ======'machine_var_player1_score'====== Args={'value': 92560, 'prev_value': None, 'change': True}
2022-08-21 20:33:20,277 : INFO : EventManager : Event: ======'machine_var_player2_score'====== Args={'value': 0, 'prev_value': None, 'change': True}
2022-08-21 20:33:20,277 : INFO : EventManager : Event: ======'machine_var_mpf_version'====== Args={'value': 'MPF v0.55.0', 'prev_value': None, 'change': True}
2022-08-21 20:33:20,277 : INFO : EventManager : Event: ======'machine_var_mpf_extended_version'====== Args={'value': 'MPF v0.55.0, Config version:5, Show version: 5, BCP version:1.1', 'prev_value': None, 'change': True}
2022-08-21 20:33:20,277 : INFO : EventManager : Event: ======'machine_var_python_version'====== Args={'value': '3.7.8', 'prev_value': None, 'change': True}
2022-08-21 20:33:20,277 : INFO : EventManager : Event: ======'machine_var_platform'====== Args={'value': 'Windows-7-6.1.7601-SP1', 'prev_value': None, 'change': True}
2022-08-21 20:33:20,278 : INFO : EventManager : Event: ======'machine_var_platform_system'====== Args={'value': 'Windows', 'prev_value': None, 'change': True}
2022-08-21 20:33:20,278 : INFO : EventManager : Event: ======'machine_var_platform_release'====== Args={'value': '7', 'prev_value': None, 'change': True}
2022-08-21 20:33:20,278 : INFO : EventManager : Event: ======'machine_var_platform_version'====== Args={'value': '6.1.7601', 'prev_value': None, 'change': True}
2022-08-21 20:33:20,278 : INFO : EventManager : Event: ======'machine_var_platform_machine'====== Args={'value': 'AMD64', 'prev_value': None, 'change': True}
2022-08-21 20:33:20,278 : INFO : EventManager : Event: ======'init_phase_1'====== Args={}
2022-08-21 20:33:20,356 : INFO : EventManager : Event: ======'drop_target_bank_main_up'====== Args={}
2022-08-21 20:33:20,361 : INFO : EventManager : Event: ======'init_phase_2'====== Args={}
2022-08-21 20:33:20,362 : INFO : SwitchController : Found active switch: (('06', 1), <Platform.FAST>) <switch.s_right_captive_ball>
2022-08-21 20:33:20,362 : INFO : SwitchController : Found active switch: (('13', 1), <Platform.FAST>) <switch.s_drain>
2022-08-21 20:33:20,404 : INFO : EventManager : Event: ======'bcp_connection_attempt'====== Args={'name': 'local_display', 'host': 'localhost', 'port': 5050}
2022-08-21 20:33:20,405 : INFO : BCPClientSocket : Connecting BCP to 'local_display' at localhost:5050...
2022-08-21 20:33:21,405 : WARNING : FAST : Port com7 was blocked for more than 1s. Reseting send queue! If this happens frequently report a bug!
2022-08-21 20:33:22,403 : WARNING : FAST : Port com7 was blocked for more than 1s. Reseting send queue! If this happens frequently report a bug!
2022-08-21 20:33:23,515 : INFO : BCPClientSocket : Connected BCP to 'local_display' localhost:5050
2022-08-21 20:33:23,517 : INFO : EventManager : Event: ======'bcp_clients_connected'====== Args={}
2022-08-21 20:33:23,529 : INFO : ball_device.bd_drain : BCH: Initial count: 1
2022-08-21 20:33:23,530 : INFO : EventManager : Event: ======'machine_var_mc_version'====== Args={'value': 'MPF-MC v0.55.0', 'prev_value': None, 'change': True}
2022-08-21 20:33:23,531 : INFO : EventManager : Event: ======'machine_var_mc_extended_version'====== Args={'value': 'MPF-MC v0.55.0 (config_version=5, BCP v1.1, Requires MPF v0.55.0-dev.49)', 'prev_value': None, 'change': True}
2022-08-21 20:33:23,535 : INFO : ball_device.bd_drain : State: idle
2022-08-21 20:33:23,565 : INFO : ball_device.bd_left_kicker : BCH: Initial count: 0
2022-08-21 20:33:23,566 : INFO : ball_device.bd_left_kicker : State: idle
2022-08-21 20:33:23,567 : INFO : ball_device.bd_right_kicker : BCH: Initial count: 0
2022-08-21 20:33:23,568 : INFO : ball_device.bd_right_kicker : State: idle
2022-08-21 20:33:23,637 : INFO : EventManager : Event: ======'init_phase_3'====== Args={}
2022-08-21 20:33:24,043 : INFO : EventManager : Event: ======'init_phase_4'====== Args={}
2022-08-21 20:33:24,044 : INFO : EventManager : Event: ======'playfield_active'====== Args={}
2022-08-21 20:33:24,044 : INFO : EventManager : Event: ======'unexpected_ball_on_playfield'====== Args={}
2022-08-21 20:33:24,044 : INFO : EventManager : Event: ======'playfield_active'====== Args={}
2022-08-21 20:33:24,044 : INFO : EventManager : Event: ======'unexpected_ball_on_playfield'====== Args={}
2022-08-21 20:33:24,044 : INFO : EventManager : Event: ======'playfield_active'====== Args={}
2022-08-21 20:33:24,044 : INFO : EventManager : Event: ======'unexpected_ball_on_playfield'====== Args={}
2022-08-21 20:33:24,044 : INFO : EventManager : Event: ======'playfield_active'====== Args={}
2022-08-21 20:33:24,044 : INFO : EventManager : Event: ======'unexpected_ball_on_playfield'====== Args={}
2022-08-21 20:33:24,044 : INFO : EventManager : Event: ======'playfield_active'====== Args={}
2022-08-21 20:33:24,045 : INFO : EventManager : Event: ======'unexpected_ball_on_playfield'====== Args={}
2022-08-21 20:33:24,046 : INFO : BallController : Initial balls found: 1
2022-08-21 20:33:24,047 : INFO : EventManager : Event: ======'machine_var_audits_events_game_ended'====== Args={'value': 0, 'prev_value': None, 'change': True}
2022-08-21 20:33:24,048 : INFO : EventManager : Event: ======'machine_var_audits_events_game_started'====== Args={'value': 0, 'prev_value': None, 'change': True}
2022-08-21 20:33:24,048 : INFO : EventManager : Event: ======'machine_var_audits_player_score'====== Args={'value': {'average': 10282935.08532423, 'top': [198719690, 195274570, 161094530, 160419680, 140071820, 132769060, 132262360, 127113160, 121863670, 115954110], 'total': 586}, 'prev_value': None, 'change': True}
2022-08-21 20:33:24,049 : INFO : EventManager : Event: ======'machine_var_audits_shots_center_drop_mission1'====== Args={'value': 527, 'prev_value': None, 'change': True}
2022-08-21 20:33:24,049 : INFO : EventManager : Event: ======'machine_var_audits_shots_center_target'====== Args={'value': 128, 'prev_value': None, 'change': True}
2022-08-21 20:33:24,049 : INFO : EventManager : Event: ======'machine_var_audits_shots_drop_target1_mission2'====== Args={'value': 221, 'prev_value': None, 'change': True}
2022-08-21 20:33:24,050 : INFO : EventManager : Event: ======'machine_var_audits_shots_drop_target2_mission2'====== Args={'value': 256, 'prev_value': None, 'change': True}
2022-08-21 20:33:24,050 : INFO : EventManager : Event: ======'machine_var_audits_shots_drop_target3_mission2'====== Args={'value': 299, 'prev_value': None, 'change': True}
2022-08-21 20:33:24,050 : INFO : EventManager : Event: ======'machine_var_audits_shots_drop_target4_mission2'====== Args={'value': 265, 'prev_value': None, 'change': True}
2022-08-21 20:33:24,051 : INFO : EventManager : Event: ======'machine_var_audits_shots_drop_target5_mission2'====== Args={'value': 227, 'prev_value': None, 'change': True}
2022-08-21 20:33:24,051 : INFO : EventManager : Event: ======'machine_var_audits_shots_drop_targets_mission3'====== Args={'value': 1462, 'prev_value': None, 'change': True}
2022-08-21 20:33:24,051 : INFO : EventManager : Event: ======'machine_var_audits_shots_galaxy_advance'====== Args={'value': 2224, 'prev_value': None, 'change': True}
2022-08-21 20:33:24,052 : INFO : EventManager : Event: ======'machine_var_audits_shots_l_lane'====== Args={'value': 611, 'prev_value': None, 'change': True}
2022-08-21 20:33:24,052 : INFO : EventManager : Event: ======'machine_var_audits_shots_left_kicker_mission2'====== Args={'value': 160, 'prev_value': None, 'change': True}
2022-08-21 20:33:24,052 : INFO : EventManager : Event: ======'machine_var_audits_shots_left_kicker_mission4'====== Args={'value': 116, 'prev_value': None, 'change': True}
2022-08-21 20:33:24,053 : INFO : EventManager : Event: ======'machine_var_audits_shots_left_loop_mission1'====== Args={'value': 591, 'prev_value': None, 'change': True}
2022-08-21 20:33:24,053 : INFO : EventManager : Event: ======'machine_var_audits_shots_left_loop_mission2'====== Args={'value': 258, 'prev_value': None, 'change': True}
2022-08-21 20:33:24,053 : INFO : EventManager : Event: ======'machine_var_audits_shots_left_loop_mission4'====== Args={'value': 382, 'prev_value': None, 'change': True}
2022-08-21 20:33:24,054 : INFO : EventManager : Event: ======'machine_var_audits_shots_portal_advance'====== Args={'value': 4588, 'prev_value': None, 'change': True}
2022-08-21 20:33:24,054 : INFO : EventManager : Event: ======'machine_var_audits_shots_r_lane'====== Args={'value': 538, 'prev_value': None, 'change': True}
2022-08-21 20:33:24,054 : INFO : EventManager : Event: ======'machine_var_audits_shots_right_kicker_mission2'====== Args={'value': 134, 'prev_value': None, 'change': True}
2022-08-21 20:33:24,055 : INFO : EventManager : Event: ======'machine_var_audits_shots_right_kicker_mission4'====== Args={'value': 135, 'prev_value': None, 'change': True}
2022-08-21 20:33:24,055 : INFO : EventManager : Event: ======'machine_var_audits_shots_right_loop_mission1'====== Args={'value': 684, 'prev_value': None, 'change': True}
2022-08-21 20:33:24,056 : INFO : EventManager : Event: ======'machine_var_audits_shots_right_loop_mission2'====== Args={'value': 303, 'prev_value': None, 'change': True}
2022-08-21 20:33:24,056 : INFO : EventManager : Event: ======'machine_var_audits_shots_right_loop_mission4'====== Args={'value': 430, 'prev_value': None, 'change': True}
2022-08-21 20:33:24,057 : INFO : EventManager : Event: ======'machine_var_audits_shots_warp_advance'====== Args={'value': 1097, 'prev_value': None, 'change': True}
2022-08-21 20:33:24,057 : INFO : EventManager : Event: ======'machine_var_audits_switches_s_action_button'====== Args={'value': 3968, 'prev_value': None, 'change': True}
2022-08-21 20:33:24,057 : INFO : EventManager : Event: ======'machine_var_audits_switches_s_drain'====== Args={'value': 2731, 'prev_value': None, 'change': True}
2022-08-21 20:33:24,058 : INFO : EventManager : Event: ======'machine_var_audits_switches_s_drop_target1'====== Args={'value': 1844, 'prev_value': None, 'change': True}
2022-08-21 20:33:24,058 : INFO : EventManager : Event: ======'machine_var_audits_switches_s_drop_target2'====== Args={'value': 2150, 'prev_value': None, 'change': True}
2022-08-21 20:33:24,059 : INFO : EventManager : Event: ======'machine_var_audits_switches_s_drop_target3'====== Args={'value': 2573, 'prev_value': None, 'change': True}
2022-08-21 20:33:24,059 : INFO : EventManager : Event: ======'machine_var_audits_switches_s_drop_target4'====== Args={'value': 2056, 'prev_value': None, 'change': True}
2022-08-21 20:33:24,060 : INFO : EventManager : Event: ======'machine_var_audits_switches_s_drop_target5'====== Args={'value': 1941, 'prev_value': None, 'change': True}
2022-08-21 20:33:24,060 : INFO : EventManager : Event: ======'machine_var_audits_switches_s_left_captive_ball'====== Args={'value': 473, 'prev_value': None, 'change': True}
2022-08-21 20:33:24,061 : INFO : EventManager : Event: ======'machine_var_audits_switches_s_left_flipper'====== Args={'value': 34372, 'prev_value': None, 'change': True}
2022-08-21 20:33:24,061 : INFO : EventManager : Event: ======'machine_var_audits_switches_s_left_inlane'====== Args={'value': 611, 'prev_value': None, 'change': True}
2022-08-21 20:33:24,062 : INFO : EventManager : Event: ======'machine_var_audits_switches_s_left_inlane_far'====== Args={'value': 4078, 'prev_value': None, 'change': True}
2022-08-21 20:33:24,062 : INFO : EventManager : Event: ======'machine_var_audits_switches_s_left_kicker'====== Args={'value': 1537, 'prev_value': None, 'change': True}
2022-08-21 20:33:24,063 : INFO : EventManager : Event: ======'machine_var_audits_switches_s_left_sling'====== Args={'value': 6844, 'prev_value': None, 'change': True}
2022-08-21 20:33:24,063 : INFO : EventManager : Event: ======'machine_var_audits_switches_s_left_spinner'====== Args={'value': 20187, 'prev_value': None, 'change': True}
2022-08-21 20:33:24,064 : INFO : EventManager : Event: ======'machine_var_audits_switches_s_right_captive_ball'====== Args={'value': 498, 'prev_value': None, 'change': True}
2022-08-21 20:33:24,064 : INFO : EventManager : Event: ======'machine_var_audits_switches_s_right_flipper'====== Args={'value': 31772, 'prev_value': None, 'change': True}
2022-08-21 20:33:24,065 : INFO : EventManager : Event: ======'machine_var_audits_switches_s_right_inlane'====== Args={'value': 538, 'prev_value': None, 'change': True}
2022-08-21 20:33:24,065 : INFO : EventManager : Event: ======'machine_var_audits_switches_s_right_inlane_far'====== Args={'value': 6179, 'prev_value': None, 'change': True}
2022-08-21 20:33:24,066 : INFO : EventManager : Event: ======'machine_var_audits_switches_s_right_kicker'====== Args={'value': 1699, 'prev_value': None, 'change': True}
2022-08-21 20:33:24,066 : INFO : EventManager : Event: ======'machine_var_audits_switches_s_right_sling'====== Args={'value': 14100, 'prev_value': None, 'change': True}
2022-08-21 20:33:24,067 : INFO : EventManager : Event: ======'machine_var_audits_switches_s_right_spinner'====== Args={'value': 16279, 'prev_value': None, 'change': True}
2022-08-21 20:33:24,068 : INFO : EventManager : Event: ======'machine_var_audits_switches_s_start'====== Args={'value': 406, 'prev_value': None, 'change': True}
2022-08-21 20:33:24,069 : INFO : EventManager : Event: ======'init_phase_5'====== Args={}
2022-08-21 20:33:24,073 : INFO : EventManager : Event: ======'init_done'====== Args={}
2022-08-21 20:33:24,074 : WARNING : FAST : Port NET received more messages than were sent! Resetting!
2022-08-21 20:33:24,074 : WARNING : FAST : Port NET received more messages than were sent! Resetting!
2022-08-21 20:33:24,074 : WARNING : FAST : Port NET received more messages than were sent! Resetting!
2022-08-21 20:33:24,074 : WARNING : FAST : Port NET received more messages than were sent! Resetting!
2022-08-21 20:33:24,074 : WARNING : FAST : Port NET received more messages than were sent! Resetting!
2022-08-21 20:33:24,074 : WARNING : FAST : Port NET received more messages than were sent! Resetting!
2022-08-21 20:33:24,074 : WARNING : FAST : Port NET received more messages than were sent! Resetting!
2022-08-21 20:33:24,074 : WARNING : FAST : Port NET received more messages than were sent! Resetting!
2022-08-21 20:33:24,074 : WARNING : FAST : Port NET received more messages than were sent! Resetting!
2022-08-21 20:33:24,075 : WARNING : FAST : Port NET received more messages than were sent! Resetting!
2022-08-21 20:33:24,075 : WARNING : FAST : Port NET received more messages than were sent! Resetting!
2022-08-21 20:33:24,075 : WARNING : FAST : Port NET received more messages than were sent! Resetting!
2022-08-21 20:33:24,075 : WARNING : FAST : Port NET received more messages than were sent! Resetting!
2022-08-21 20:33:24,075 : WARNING : FAST : Port NET received more messages than were sent! Resetting!
2022-08-21 20:33:24,075 : WARNING : FAST : Port NET received more messages than were sent! Resetting!
2022-08-21 20:33:24,075 : WARNING : FAST : Port NET received more messages than were sent! Resetting!
2022-08-21 20:33:24,075 : WARNING : FAST : Port NET received more messages than were sent! Resetting!
2022-08-21 20:33:24,075 : WARNING : FAST : Port NET received more messages than were sent! Resetting!
2022-08-21 20:33:24,075 : WARNING : FAST : Port NET received more messages than were sent! Resetting!
2022-08-21 20:33:24,075 : WARNING : FAST : Port NET received more messages than were sent! Resetting!
2022-08-21 20:33:24,075 : WARNING : FAST : Port NET received more messages than were sent! Resetting!
2022-08-21 20:33:24,075 : WARNING : FAST : Port NET received more messages than were sent! Resetting!
2022-08-21 20:33:24,076 : INFO : EventManager : Event: ======'machine_reset_phase_1'====== Args={}
2022-08-21 20:33:24,082 : INFO : EventManager : Event: ======'machine_reset_phase_2'====== Args={}
2022-08-21 20:33:24,082 : INFO : EventManager : Event: ======'machine_reset_phase_3'====== Args={}
2022-08-21 20:33:24,083 : INFO : EventManager : Event: ======'reset_complete'====== Args={}
2022-08-21 20:33:24,083 : INFO : EventManager : Event: ======'mode_attract_will_start'====== Args={}
2022-08-21 20:33:24,084 : INFO : EventManager : Event: ======'mode_attract_starting'====== Args={}
2022-08-21 20:33:24,084 : INFO : Mode.attract : Started. Priority: 10
2022-08-21 20:33:24,084 : INFO : EventManager : Event: ======'modes_active_modes_changed'====== Args={}
2022-08-21 20:33:24,084 : INFO : EventManager : Event: ======'mode_attract_started'====== Args={}
2022-08-21 20:33:24,087 : INFO : EventManager : Event: ======'collecting_balls_complete'====== Args={}
2022-08-21 20:33:24,106 : INFO : EventManager : Event: ======'slide_show_13.slide_player-0_created'====== Args={'_from_bcp': True}
2022-08-21 20:33:24,106 : INFO : EventManager : Event: ======'slide_show_13.slide_player-0_active'====== Args={'_from_bcp': True}
2022-08-21 20:33:24,107 : INFO : Machine : Starting the main run loop.
2022-08-21 20:33:24,714 : INFO : SwitchController : <<<<<<< 's_start' active >>>>>>>
2022-08-21 20:33:24,858 : INFO : SwitchController : <<<<<<< 's_start' inactive >>>>>>>
2022-08-21 20:33:24,858 : INFO : EventManager : Event: ======'request_to_start_game'====== Args={}
2022-08-21 20:33:24,859 : INFO : EventManager : Event: ======'game_start'====== Args={'buttons': [], 'hold_time': 0.14099999999962165}
2022-08-21 20:33:24,859 : INFO : EventManager : Event: ======'mode_game_will_start'====== Args={'buttons': [], 'hold_time': 0.14099999999962165}
2022-08-21 20:33:24,860 : INFO : EventManager : Event: ======'mode_game_starting'====== Args={'buttons': [], 'hold_time': 0.14099999999962165}
2022-08-21 20:33:24,861 : INFO : EventManager : Event: ======'mode_attract_will_stop'====== Args={}
2022-08-21 20:33:24,861 : INFO : EventManager : Event: ======'mode_attract_stopping'====== Args={}
2022-08-21 20:33:24,861 : INFO : Mode.attract : Stopped.
2022-08-21 20:33:24,861 : INFO : EventManager : Event: ======'modes_active_modes_changed'====== Args={}
2022-08-21 20:33:24,865 : INFO : EventManager : Event: ======'mode_attract_stopped'====== Args={}
2022-08-21 20:33:24,865 : INFO : EventManager : Event: ======'clear'====== Args={'key': 'attract'}
2022-08-21 20:33:24,866 : INFO : Mode.game : Started. Priority: 20
2022-08-21 20:33:24,866 : INFO : EventManager : Event: ======'modes_active_modes_changed'====== Args={}
2022-08-21 20:33:24,866 : INFO : EventManager : Event: ======'mode_game_started'====== Args={'buttons': [], 'hold_time': 0.14099999999962165}
2022-08-21 20:33:24,876 : INFO : EventManager : Event: ======'game_will_start'====== Args={}
2022-08-21 20:33:24,877 : INFO : EventManager : Event: ======'slide_show_13.slide_player-0_removed'====== Args={'_from_bcp': True}
2022-08-21 20:33:24,877 : INFO : EventManager : Event: ======'slide_window_blank_active'====== Args={'_from_bcp': True}
2022-08-21 20:33:24,878 : INFO : EventManager : Event: ======'game_starting'====== Args={'game': <Mode.game>}
2022-08-21 20:33:24,879 : INFO : EventManager : Event: ======'player_add_request'====== Args={}
2022-08-21 20:33:24,879 : INFO : EventManager : Event: ======'player_will_add'====== Args={'number': 1}
2022-08-21 20:33:24,880 : INFO : EventManager : Event: ======'player_adding'====== Args={'player': <Player 1>, 'number': 1}
2022-08-21 20:33:24,880 : INFO : EventManager : Event: ======'player_added'====== Args={'player': <Player 1>, 'num': 1}
2022-08-21 20:33:24,880 : INFO : Mode.game : Player added successfully. Total players: 1
2022-08-21 20:33:24,881 : INFO : EventManager : Event: ======'player_index'====== Args={'value': 0, 'prev_value': 0, 'change': 0, 'player_num': 1}
2022-08-21 20:33:24,881 : INFO : EventManager : Event: ======'player_number'====== Args={'value': 1, 'prev_value': 1, 'change': 0, 'player_num': 1}
2022-08-21 20:33:24,882 : INFO : EventManager : Event: ======'player_mode_value'====== Args={'value': 1000000, 'prev_value': 1000000, 'change': 0, 'player_num': 1}
2022-08-21 20:33:24,882 : INFO : EventManager : Event: ======'player_bonus_multiplier'====== Args={'value': 1, 'prev_value': 1, 'change': 0, 'player_num': 1}
2022-08-21 20:33:24,883 : INFO : EventManager : Event: ======'player_playfield_multiplier'====== Args={'value': 1, 'prev_value': 1, 'change': 0, 'player_num': 1}
2022-08-21 20:33:24,883 : INFO : EventManager : Event: ======'player_score'====== Args={'value': 0, 'prev_value': 0, 'change': 0, 'player_num': 1}
2022-08-21 20:33:24,885 : INFO : EventManager : Event: ======'game_started'====== Args={}
2022-08-21 20:33:24,924 : INFO : EventManager : Event: ======'player_turn_will_start'====== Args={'player': <Player 1>, 'number': 1}
2022-08-21 20:33:24,925 : INFO : EventManager : Event: ======'player_turn_starting'====== Args={'player': <Player 1>, 'number': 1}
2022-08-21 20:33:24,926 : INFO : EventManager : Event: ======'player_ball'====== Args={'value': 1, 'prev_value': 0, 'change': 1, 'player_num': 1}
2022-08-21 20:33:24,927 : INFO : EventManager : Event: ======'player_turn_started'====== Args={'player': <Player 1>, 'number': 1}
2022-08-21 20:33:24,928 : INFO : EventManager : Event: ======'ball_will_start'====== Args={'player': 1, 'ball': 1, 'balls_remaining': 2, 'is_extra_ball': False}
2022-08-21 20:33:24,934 : INFO : EventManager : Event: ======'ball_starting'====== Args={'player': 1, 'ball': 1, 'balls_remaining': 2, 'is_extra_ball': False}
2022-08-21 20:33:24,935 : INFO : EventManager : Event: ======'balls_in_play'====== Args={'balls': 1}
2022-08-21 20:33:24,936 : INFO : EventManager : Event: ======'ball_started'====== Args={'player': 1, 'ball': 1, 'balls_remaining': 2, 'is_extra_ball': False}
2022-08-21 20:33:24,936 : INFO : EventManager : Event: ======'mode_combos_will_start'====== Args={'player': 1, 'ball': 1, 'balls_remaining': 2, 'is_extra_ball': False}
2022-08-21 20:33:24,944 : INFO : EventManager : Event: ======'mode_combos_starting'====== Args={'player': 1, 'ball': 1, 'balls_remaining': 2, 'is_extra_ball': False}
2022-08-21 20:33:24,944 : INFO : EventManager : Event: ======'mode_base_will_start'====== Args={'player': 1, 'ball': 1, 'balls_remaining': 2, 'is_extra_ball': False}
2022-08-21 20:33:24,945 : INFO : EventManager : Event: ======'player_shot_l_lane_enabled'====== Args={'value': True, 'prev_value': 0, 'change': 1, 'player_num': 1}
2022-08-21 20:33:24,946 : INFO : EventManager : Event: ======'player_shot_r_lane_enabled'====== Args={'value': True, 'prev_value': 0, 'change': 1, 'player_num': 1}
2022-08-21 20:33:24,947 : INFO : EventManager : Event: ======'player_shot_center_target_enabled'====== Args={'value': True, 'prev_value': 0, 'change': 1, 'player_num': 1}
2022-08-21 20:33:24,949 : INFO : EventManager : Event: ======'bonus_lanes_complete'====== Args={'state': 'unlit'}
2022-08-21 20:33:24,949 : INFO : EventManager : Event: ======'bonus_lanes_unlit_complete'====== Args={}
2022-08-21 20:33:24,950 : INFO : EventManager : Event: ======'player_extra_ball_two_modes_complete_num_awarded'====== Args={'value': 0, 'prev_value': 0, 'change': 0, 'player_num': 1}
2022-08-21 20:33:24,951 : INFO : EventManager : Event: ======'achievement_mission1_changed_state'====== Args={'restore': False, 'state': 'disabled', 'selected': False}
2022-08-21 20:33:24,951 : INFO : EventManager : Event: ======'achievement_mission1_state_disabled'====== Args={'restore': False, 'state': 'disabled', 'selected': False}
2022-08-21 20:33:24,952 : INFO : EventManager : Event: ======'achievement_mission2_changed_state'====== Args={'restore': False, 'state': 'disabled', 'selected': False}
2022-08-21 20:33:24,952 : INFO : EventManager : Event: ======'achievement_mission2_state_disabled'====== Args={'restore': False, 'state': 'disabled', 'selected': False}
2022-08-21 20:33:24,952 : INFO : EventManager : Event: ======'achievement_mission3_changed_state'====== Args={'restore': False, 'state': 'disabled', 'selected': False}
2022-08-21 20:33:24,952 : INFO : EventManager : Event: ======'achievement_mission3_state_disabled'====== Args={'restore': False, 'state': 'disabled', 'selected': False}
2022-08-21 20:33:24,952 : INFO : EventManager : Event: ======'achievement_mission4_changed_state'====== Args={'restore': False, 'state': 'disabled', 'selected': False}
2022-08-21 20:33:24,952 : INFO : EventManager : Event: ======'achievement_mission4_state_disabled'====== Args={'restore': False, 'state': 'disabled', 'selected': False}
2022-08-21 20:33:24,965 : INFO : EventManager : Event: ======'mode_base_starting'====== Args={'player': 1, 'ball': 1, 'balls_remaining': 2, 'is_extra_ball': False}
2022-08-21 20:33:24,966 : INFO : EventManager : Event: ======'mode_super_features_will_start'====== Args={'player': 1, 'ball': 1, 'balls_remaining': 2, 'is_extra_ball': False}
2022-08-21 20:33:24,966 : INFO : EventManager : Event: ======'achievement_super_spinners_changed_state'====== Args={'restore': False, 'state': 'disabled', 'selected': False}
2022-08-21 20:33:24,966 : INFO : EventManager : Event: ======'achievement_super_spinners_state_disabled'====== Args={'restore': False, 'state': 'disabled', 'selected': False}
2022-08-21 20:33:24,966 : INFO : EventManager : Event: ======'achievement_super_targets_changed_state'====== Args={'restore': False, 'state': 'disabled', 'selected': False}
2022-08-21 20:33:24,966 : INFO : EventManager : Event: ======'achievement_super_targets_state_disabled'====== Args={'restore': False, 'state': 'disabled', 'selected': False}
2022-08-21 20:33:24,966 : INFO : EventManager : Event: ======'achievement_super_lanes_changed_state'====== Args={'restore': False, 'state': 'disabled', 'selected': False}
2022-08-21 20:33:24,966 : INFO : EventManager : Event: ======'achievement_super_lanes_state_disabled'====== Args={'restore': False, 'state': 'disabled', 'selected': False}
2022-08-21 20:33:24,967 : INFO : EventManager : Event: ======'achievement_super_slings_changed_state'====== Args={'restore': False, 'state': 'disabled', 'selected': False}
2022-08-21 20:33:24,967 : INFO : EventManager : Event: ======'achievement_super_slings_state_disabled'====== Args={'restore': False, 'state': 'disabled', 'selected': False}
2022-08-21 20:33:24,969 : INFO : EventManager : Event: ======'mode_super_features_starting'====== Args={'player': 1, 'ball': 1, 'balls_remaining': 2, 'is_extra_ball': False}
2022-08-21 20:33:24,969 : INFO : drop_target_bank.main : All targets are already up. Will not reset bank.
2022-08-21 20:33:24,970 : INFO : Mode.super_features : Started. Priority: 100
2022-08-21 20:33:24,970 : INFO : EventManager : Event: ======'modes_active_modes_changed'====== Args={}
2022-08-21 20:33:24,970 : INFO : EventManager : Event: ======'mode_super_features_started'====== Args={'player': 1, 'ball': 1, 'balls_remaining': 2, 'is_extra_ball': False}
2022-08-21 20:33:24,971 : INFO : Mode.combos : Started. Priority: 700
2022-08-21 20:33:24,971 : INFO : EventManager : Event: ======'modes_active_modes_changed'====== Args={}
2022-08-21 20:33:24,971 : INFO : EventManager : Event: ======'mode_combos_started'====== Args={'player': 1, 'ball': 1, 'balls_remaining': 2, 'is_extra_ball': False}
2022-08-21 20:33:24,972 : INFO : EventManager : Event: ======'logicblock_mode_completion_counter_updated'====== Args={'value': 0, 'enabled': True}
2022-08-21 20:33:24,972 : INFO : EventManager : Event: ======'logicblock_mode_completion_counter_updated'====== Args={'value': 0, 'enabled': True}
2022-08-21 20:33:24,972 : INFO : Mode.base : Started. Priority: 100
2022-08-21 20:33:24,972 : INFO : EventManager : Event: ======'modes_active_modes_changed'====== Args={}
2022-08-21 20:33:24,972 : INFO : EventManager : Event: ======'mode_base_started'====== Args={'player': 1, 'ball': 1, 'balls_remaining': 2, 'is_extra_ball': False}
2022-08-21 20:33:24,973 : INFO : EventManager : Event: ======'ball_save_base_save_enabled'====== Args={}
2022-08-21 20:33:24,973 : INFO : EventManager : Event: ======'mode_spell_galaxy_will_start'====== Args={'player': 1, 'ball': 1, 'balls_remaining': 2, 'is_extra_ball': False}
2022-08-21 20:33:24,973 : INFO : EventManager : Event: ======'player_shot_galaxy_advance_enabled'====== Args={'value': True, 'prev_value': 0, 'change': 1, 'player_num': 1}
2022-08-21 20:33:24,975 : INFO : EventManager : Event: ======'mode_spell_galaxy_starting'====== Args={'player': 1, 'ball': 1, 'balls_remaining': 2, 'is_extra_ball': False}
2022-08-21 20:33:24,975 : INFO : EventManager : Event: ======'mode_add_mode_value_will_start'====== Args={'player': 1, 'ball': 1, 'balls_remaining': 2, 'is_extra_ball': False}
2022-08-21 20:33:24,976 : INFO : EventManager : Event: ======'mode_add_mode_value_starting'====== Args={'player': 1, 'ball': 1, 'balls_remaining': 2, 'is_extra_ball': False}
2022-08-21 20:33:24,976 : INFO : EventManager : Event: ======'mode_spell_warp_will_start'====== Args={'player': 1, 'ball': 1, 'balls_remaining': 2, 'is_extra_ball': False}
2022-08-21 20:33:24,977 : INFO : EventManager : Event: ======'player_shot_warp_advance_enabled'====== Args={'value': True, 'prev_value': 0, 'change': 1, 'player_num': 1}
2022-08-21 20:33:24,979 : INFO : EventManager : Event: ======'mode_spell_warp_starting'====== Args={'player': 1, 'ball': 1, 'balls_remaining': 2, 'is_extra_ball': False}
2022-08-21 20:33:24,979 : INFO : EventManager : Event: ======'mode_spell_portal_will_start'====== Args={'player': 1, 'ball': 1, 'balls_remaining': 2, 'is_extra_ball': False}
2022-08-21 20:33:24,979 : INFO : EventManager : Event: ======'player_shot_portal_advance_enabled'====== Args={'value': True, 'prev_value': 0, 'change': 1, 'player_num': 1}
2022-08-21 20:33:24,981 : INFO : EventManager : Event: ======'mode_spell_portal_starting'====== Args={'player': 1, 'ball': 1, 'balls_remaining': 2, 'is_extra_ball': False}
2022-08-21 20:33:24,982 : INFO : drop_target_bank.main : All targets are already up. Will not reset bank.
2022-08-21 20:33:24,983 : INFO : Mode.add_mode_value : Started. Priority: 200
2022-08-21 20:33:24,983 : INFO : EventManager : Event: ======'modes_active_modes_changed'====== Args={}
2022-08-21 20:33:24,983 : INFO : EventManager : Event: ======'mode_add_mode_value_started'====== Args={'player': 1, 'ball': 1, 'balls_remaining': 2, 'is_extra_ball': False}
2022-08-21 20:33:24,983 : INFO : EventManager : Event: ======'single_player_ball_started'====== Args={}
2022-08-21 20:33:25,002 : INFO : EventManager : Event: ======'logicblock_galaxy_counter_updated'====== Args={'value': 0, 'enabled': True}
2022-08-21 20:33:25,002 : INFO : EventManager : Event: ======'logicblock_galaxy_counter_updated'====== Args={'value': 0, 'enabled': True}
2022-08-21 20:33:25,002 : INFO : Mode.spell_galaxy : Started. Priority: 200
2022-08-21 20:33:25,003 : INFO : EventManager : Event: ======'modes_active_modes_changed'====== Args={}
2022-08-21 20:33:25,003 : INFO : EventManager : Event: ======'mode_spell_galaxy_started'====== Args={'player': 1, 'ball': 1, 'balls_remaining': 2, 'is_extra_ball': False}
2022-08-21 20:33:25,003 : INFO : EventManager : Event: ======'logicblock_warp_counter_updated'====== Args={'value': 0, 'enabled': True}
2022-08-21 20:33:25,003 : INFO : EventManager : Event: ======'logicblock_warp_counter_updated'====== Args={'value': 0, 'enabled': True}
2022-08-21 20:33:25,003 : INFO : Mode.spell_warp : Started. Priority: 200
2022-08-21 20:33:25,003 : INFO : EventManager : Event: ======'modes_active_modes_changed'====== Args={}
2022-08-21 20:33:25,003 : INFO : EventManager : Event: ======'mode_spell_warp_started'====== Args={'player': 1, 'ball': 1, 'balls_remaining': 2, 'is_extra_ball': False}
2022-08-21 20:33:25,003 : INFO : EventManager : Event: ======'logicblock_portal_counter_updated'====== Args={'value': 0, 'enabled': True}
2022-08-21 20:33:25,003 : INFO : EventManager : Event: ======'logicblock_portal_counter_updated'====== Args={'value': 0, 'enabled': True}
2022-08-21 20:33:25,003 : INFO : Mode.spell_portal : Started. Priority: 200
2022-08-21 20:33:25,004 : INFO : EventManager : Event: ======'modes_active_modes_changed'====== Args={}
2022-08-21 20:33:25,004 : INFO : EventManager : Event: ======'mode_spell_portal_started'====== Args={'player': 1, 'ball': 1, 'balls_remaining': 2, 'is_extra_ball': False}
2022-08-21 20:33:25,004 : INFO : EventManager : Event: ======'achievement_super_spinners_changed_state'====== Args={'restore': False, 'state': 'enabled', 'selected': False}
2022-08-21 20:33:25,004 : INFO : EventManager : Event: ======'achievement_super_spinners_state_enabled'====== Args={'restore': False, 'state': 'enabled', 'selected': False}
2022-08-21 20:33:25,004 : INFO : EventManager : Event: ======'achievement_super_targets_changed_state'====== Args={'restore': False, 'state': 'enabled', 'selected': False}
2022-08-21 20:33:25,005 : INFO : EventManager : Event: ======'achievement_super_targets_state_enabled'====== Args={'restore': False, 'state': 'enabled', 'selected': False}
2022-08-21 20:33:25,005 : INFO : EventManager : Event: ======'achievement_super_lanes_changed_state'====== Args={'restore': False, 'state': 'enabled', 'selected': False}
2022-08-21 20:33:25,005 : INFO : EventManager : Event: ======'achievement_super_lanes_state_enabled'====== Args={'restore': False, 'state': 'enabled', 'selected': False}
2022-08-21 20:33:25,005 : INFO : EventManager : Event: ======'achievement_super_slings_changed_state'====== Args={'restore': False, 'state': 'enabled', 'selected': False}
2022-08-21 20:33:25,005 : INFO : EventManager : Event: ======'achievement_super_slings_state_enabled'====== Args={'restore': False, 'state': 'enabled', 'selected': False}
2022-08-21 20:33:25,005 : INFO : EventManager : Event: ======'achievement_super_slings_changed_state'====== Args={'restore': False, 'state': 'enabled', 'selected': True}
2022-08-21 20:33:25,005 : INFO : EventManager : Event: ======'achievement_super_slings_state_enabled'====== Args={'restore': False, 'state': 'enabled', 'selected': True}
2022-08-21 20:33:25,005 : INFO : EventManager : Event: ======'achievement_super_slings_state_selected'====== Args={'restore': False, 'state': 'enabled', 'selected': True}
2022-08-21 20:33:25,008 : INFO : EventManager : Event: ======'ball_start_target'====== Args={'target': 'playfield'}
2022-08-21 20:33:25,030 : INFO : ball_device.bd_drain : Setting up player-controlled eject. Balls: 1, Target: <playfield.playfield>, player_controlled_eject_event: s_action_button_active
2022-08-21 20:33:25,030 : INFO : EventManager : Event: ======'balldevice_balls_available'====== Args={}
2022-08-21 20:33:25,033 : INFO : EventManager : Event: ======'slide_score_slide_created'====== Args={'_from_bcp': True}
2022-08-21 20:33:25,033 : INFO : EventManager : Event: ======'slide_score_slide_active'====== Args={'_from_bcp': True}
2022-08-21 20:33:25,035 : INFO : ball_device.bd_drain : State: waiting_for_target_ready
2022-08-21 20:33:25,035 : INFO : EventManager : Event: ======'balldevice_bd_drain_ball_eject_attempt'====== Args={'balls': 1, 'target': <playfield.playfield>, 'source': <ball_device.bd_drain>, 'mechanical_eject': True, 'num_attempts': 0}
2022-08-21 20:33:25,035 : INFO : ball_device.bd_drain : State: ejecting
2022-08-21 20:33:25,035 : INFO : ball_device.bd_drain : Ejecting ball to <playfield.playfield>
2022-08-21 20:33:25,036 : INFO : EventManager : Event: ======'balldevice_bd_drain_ejecting_ball'====== Args={'balls': 1, 'target': <playfield.playfield>, 'source': <ball_device.bd_drain>, 'mechanical_eject': True, 'num_attempts': 0}
2022-08-21 20:33:25,036 : INFO : ball_device.bd_drain : Wait for ball to leave device
2022-08-21 20:33:26,458 : INFO : SwitchController : <<<<<<< 's_left_inlane_far' active >>>>>>>
2022-08-21 20:33:26,459 : INFO : EventManager : Event: ======'playfield_active'====== Args={}
2022-08-21 20:33:26,459 : INFO : EventManager : Event: ======'playfield_active'====== Args={}
2022-08-21 20:33:26,459 : INFO : EventManager : Event: ======'playfield_active'====== Args={}
2022-08-21 20:33:26,459 : INFO : EventManager : Event: ======'playfield_active'====== Args={}
2022-08-21 20:33:26,459 : INFO : EventManager : Event: ======'s_left_inlane_far_active'====== Args={}
2022-08-21 20:33:26,459 : INFO : EventManager : Event: ======'machine_var_audits_switches_s_left_inlane_far'====== Args={'value': 4079, 'prev_value': 4078, 'change': 1}
2022-08-21 20:33:26,462 : INFO : EventManager : Event: ======'player_shot_galaxy_advance'====== Args={'value': 1, 'prev_value': 0, 'change': 1, 'player_num': 1}
2022-08-21 20:33:26,468 : INFO : EventManager : Event: ======'machine_var_audits_shots_galaxy_advance'====== Args={'value': 2225, 'prev_value': 2224, 'change': 1}
2022-08-21 20:33:26,474 : INFO : EventManager : Event: ======'galaxy_advance_hit'====== Args={'profile': 'default', 'state': 'unlit', 'advancing': True}
2022-08-21 20:33:26,474 : INFO : EventManager : Event: ======'galaxy_advance_default_hit'====== Args={'profile': 'default', 'state': 'unlit', 'advancing': True}
2022-08-21 20:33:26,474 : INFO : EventManager : Event: ======'galaxy_advance_default_unlit_hit'====== Args={'profile': 'default', 'state': 'unlit', 'advancing': True}
2022-08-21 20:33:26,474 : INFO : EventManager : Event: ======'galaxy_advance_unlit_hit'====== Args={'profile': 'default', 'state': 'unlit', 'advancing': True}
2022-08-21 20:33:26,475 : INFO : EventManager : Event: ======'player_score'====== Args={'value': 30000, 'prev_value': 0, 'change': 30000, 'player_num': 1}
2022-08-21 20:33:26,479 : INFO : EventManager : Event: ======'player_switches'====== Args={'value': 1, 'prev_value': 0, 'change': 1, 'player_num': 1}
2022-08-21 20:33:26,480 : INFO : EventManager : Event: ======'player_combos_combo_timer_tick'====== Args={'value': 6, 'prev_value': 0, 'change': 6, 'player_num': 1}
2022-08-21 20:33:26,481 : INFO : Timer.combo_timer : Starting Timer.
2022-08-21 20:33:26,481 : INFO : EventManager : Event: ======'timer_combo_timer_started'====== Args={'ticks': 6, 'ticks_remaining': 6}
2022-08-21 20:33:26,482 : INFO : EventManager : Event: ======'timer_combo_timer_tick'====== Args={'ticks': 6, 'ticks_remaining': 6}
2022-08-21 20:33:26,482 : INFO : EventManager : Event: ======'logicblock_galaxy_counter_updated'====== Args={'value': 1, 'enabled': True}
2022-08-21 20:33:26,482 : INFO : EventManager : Event: ======'counter_galaxy_counter_hit'====== Args={'count': 1, 'hits': 1, 'remaining': 5}
2022-08-21 20:33:26,482 : INFO : EventManager : Event: ======'logicblock_galaxy_counter_hit'====== Args={'count': 1, 'hits': 1, 'remaining': 5}
2022-08-21 20:33:26,570 : INFO : SwitchController : <<<<<<< 's_left_inlane_far' inactive >>>>>>>
2022-08-21 20:33:26,698 : INFO : SwitchController : <<<<<<< 's_left_inlane_far' active >>>>>>>
2022-08-21 20:33:26,698 : INFO : EventManager : Event: ======'playfield_active'====== Args={}
2022-08-21 20:33:26,698 : INFO : EventManager : Event: ======'playfield_active'====== Args={}
2022-08-21 20:33:26,699 : INFO : EventManager : Event: ======'playfield_active'====== Args={}
2022-08-21 20:33:26,699 : INFO : EventManager : Event: ======'playfield_active'====== Args={}
2022-08-21 20:33:26,699 : INFO : EventManager : Event: ======'s_left_inlane_far_active'====== Args={}
2022-08-21 20:33:26,699 : INFO : EventManager : Event: ======'machine_var_audits_switches_s_left_inlane_far'====== Args={'value': 4080, 'prev_value': 4079, 'change': 1}
2022-08-21 20:33:26,701 : INFO : EventManager : Event: ======'machine_var_audits_shots_galaxy_advance'====== Args={'value': 2226, 'prev_value': 2225, 'change': 1}
2022-08-21 20:33:26,703 : INFO : EventManager : Event: ======'galaxy_advance_hit'====== Args={'profile': 'default', 'state': 'lit', 'advancing': False}
2022-08-21 20:33:26,703 : INFO : EventManager : Event: ======'galaxy_advance_default_hit'====== Args={'profile': 'default', 'state': 'lit', 'advancing': False}
2022-08-21 20:33:26,703 : INFO : EventManager : Event: ======'galaxy_advance_default_lit_hit'====== Args={'profile': 'default', 'state': 'lit', 'advancing': False}
2022-08-21 20:33:26,703 : INFO : EventManager : Event: ======'galaxy_advance_lit_hit'====== Args={'profile': 'default', 'state': 'lit', 'advancing': False}
2022-08-21 20:33:26,703 : INFO : EventManager : Event: ======'player_score'====== Args={'value': 60000, 'prev_value': 30000, 'change': 30000, 'player_num': 1}
2022-08-21 20:33:26,704 : INFO : EventManager : Event: ======'player_switches'====== Args={'value': 2, 'prev_value': 1, 'change': 1, 'player_num': 1}
2022-08-21 20:33:26,704 : INFO : EventManager : Event: ======'logicblock_galaxy_counter_updated'====== Args={'value': 2, 'enabled': True}
2022-08-21 20:33:26,705 : INFO : EventManager : Event: ======'counter_galaxy_counter_hit'====== Args={'count': 2, 'hits': 2, 'remaining': 4}
2022-08-21 20:33:26,705 : INFO : EventManager : Event: ======'logicblock_galaxy_counter_hit'====== Args={'count': 2, 'hits': 2, 'remaining': 4}
2022-08-21 20:33:26,810 : INFO : SwitchController : <<<<<<< 's_left_inlane_far' inactive >>>>>>>
2022-08-21 20:33:26,922 : INFO : SwitchController : <<<<<<< 's_left_inlane_far' active >>>>>>>
2022-08-21 20:33:26,922 : INFO : EventManager : Event: ======'playfield_active'====== Args={}
2022-08-21 20:33:26,922 : INFO : EventManager : Event: ======'playfield_active'====== Args={}
2022-08-21 20:33:26,923 : INFO : EventManager : Event: ======'playfield_active'====== Args={}
2022-08-21 20:33:26,923 : INFO : EventManager : Event: ======'playfield_active'====== Args={}
2022-08-21 20:33:26,923 : INFO : EventManager : Event: ======'s_left_inlane_far_active'====== Args={}
2022-08-21 20:33:26,923 : INFO : EventManager : Event: ======'machine_var_audits_switches_s_left_inlane_far'====== Args={'value': 4081, 'prev_value': 4080, 'change': 1}
2022-08-21 20:33:26,926 : INFO : EventManager : Event: ======'machine_var_audits_shots_galaxy_advance'====== Args={'value': 2227, 'prev_value': 2226, 'change': 1}
2022-08-21 20:33:26,927 : INFO : EventManager : Event: ======'galaxy_advance_hit'====== Args={'profile': 'default', 'state': 'lit', 'advancing': False}
2022-08-21 20:33:26,927 : INFO : EventManager : Event: ======'galaxy_advance_default_hit'====== Args={'profile': 'default', 'state': 'lit', 'advancing': False}
2022-08-21 20:33:26,928 : INFO : EventManager : Event: ======'galaxy_advance_default_lit_hit'====== Args={'profile': 'default', 'state': 'lit', 'advancing': False}
2022-08-21 20:33:26,928 : INFO : EventManager : Event: ======'galaxy_advance_lit_hit'====== Args={'profile': 'default', 'state': 'lit', 'advancing': False}
2022-08-21 20:33:26,928 : INFO : EventManager : Event: ======'player_score'====== Args={'value': 90000, 'prev_value': 60000, 'change': 30000, 'player_num': 1}
2022-08-21 20:33:26,929 : INFO : EventManager : Event: ======'player_switches'====== Args={'value': 3, 'prev_value': 2, 'change': 1, 'player_num': 1}
2022-08-21 20:33:26,930 : INFO : EventManager : Event: ======'logicblock_galaxy_counter_updated'====== Args={'value': 3, 'enabled': True}
2022-08-21 20:33:26,930 : INFO : EventManager : Event: ======'counter_galaxy_counter_hit'====== Args={'count': 3, 'hits': 3, 'remaining': 3}
2022-08-21 20:33:26,930 : INFO : EventManager : Event: ======'logicblock_galaxy_counter_hit'====== Args={'count': 3, 'hits': 3, 'remaining': 3}
2022-08-21 20:33:27,002 : INFO : SwitchController : <<<<<<< 's_left_inlane_far' inactive >>>>>>>
2022-08-21 20:33:27,146 : INFO : SwitchController : <<<<<<< 's_left_inlane_far' active >>>>>>>
2022-08-21 20:33:27,146 : INFO : EventManager : Event: ======'playfield_active'====== Args={}
2022-08-21 20:33:27,147 : INFO : EventManager : Event: ======'playfield_active'====== Args={}
2022-08-21 20:33:27,147 : INFO : EventManager : Event: ======'playfield_active'====== Args={}
2022-08-21 20:33:27,147 : INFO : EventManager : Event: ======'playfield_active'====== Args={}
2022-08-21 20:33:27,147 : INFO : EventManager : Event: ======'s_left_inlane_far_active'====== Args={}
2022-08-21 20:33:27,147 : INFO : EventManager : Event: ======'machine_var_audits_switches_s_left_inlane_far'====== Args={'value': 4082, 'prev_value': 4081, 'change': 1}
2022-08-21 20:33:27,149 : INFO : EventManager : Event: ======'machine_var_audits_shots_galaxy_advance'====== Args={'value': 2228, 'prev_value': 2227, 'change': 1}
2022-08-21 20:33:27,151 : INFO : EventManager : Event: ======'galaxy_advance_hit'====== Args={'profile': 'default', 'state': 'lit', 'advancing': False}
2022-08-21 20:33:27,151 : INFO : EventManager : Event: ======'galaxy_advance_default_hit'====== Args={'profile': 'default', 'state': 'lit', 'advancing': False}
2022-08-21 20:33:27,152 : INFO : EventManager : Event: ======'galaxy_advance_default_lit_hit'====== Args={'profile': 'default', 'state': 'lit', 'advancing': False}
2022-08-21 20:33:27,152 : INFO : EventManager : Event: ======'galaxy_advance_lit_hit'====== Args={'profile': 'default', 'state': 'lit', 'advancing': False}
2022-08-21 20:33:27,152 : INFO : EventManager : Event: ======'player_score'====== Args={'value': 120000, 'prev_value': 90000, 'change': 30000, 'player_num': 1}
2022-08-21 20:33:27,153 : INFO : EventManager : Event: ======'player_switches'====== Args={'value': 4, 'prev_value': 3, 'change': 1, 'player_num': 1}
2022-08-21 20:33:27,154 : INFO : EventManager : Event: ======'logicblock_galaxy_counter_updated'====== Args={'value': 4, 'enabled': True}
2022-08-21 20:33:27,154 : INFO : EventManager : Event: ======'counter_galaxy_counter_hit'====== Args={'count': 4, 'hits': 4, 'remaining': 2}
2022-08-21 20:33:27,154 : INFO : EventManager : Event: ======'logicblock_galaxy_counter_hit'====== Args={'count': 4, 'hits': 4, 'remaining': 2}
2022-08-21 20:33:27,226 : INFO : SwitchController : <<<<<<< 's_left_inlane_far' inactive >>>>>>>
2022-08-21 20:33:27,418 : INFO : SwitchController : <<<<<<< 's_left_inlane_far' active >>>>>>>
2022-08-21 20:33:27,418 : INFO : EventManager : Event: ======'playfield_active'====== Args={}
2022-08-21 20:33:27,418 : INFO : EventManager : Event: ======'playfield_active'====== Args={}
2022-08-21 20:33:27,419 : INFO : EventManager : Event: ======'playfield_active'====== Args={}
2022-08-21 20:33:27,419 : INFO : EventManager : Event: ======'playfield_active'====== Args={}
2022-08-21 20:33:27,419 : INFO : EventManager : Event: ======'s_left_inlane_far_active'====== Args={}
2022-08-21 20:33:27,419 : INFO : EventManager : Event: ======'machine_var_audits_switches_s_left_inlane_far'====== Args={'value': 4083, 'prev_value': 4082, 'change': 1}
2022-08-21 20:33:27,422 : INFO : EventManager : Event: ======'machine_var_audits_shots_galaxy_advance'====== Args={'value': 2229, 'prev_value': 2228, 'change': 1}
2022-08-21 20:33:27,423 : INFO : EventManager : Event: ======'galaxy_advance_hit'====== Args={'profile': 'default', 'state': 'lit', 'advancing': False}
2022-08-21 20:33:27,423 : INFO : EventManager : Event: ======'galaxy_advance_default_hit'====== Args={'profile': 'default', 'state': 'lit', 'advancing': False}
2022-08-21 20:33:27,424 : INFO : EventManager : Event: ======'galaxy_advance_default_lit_hit'====== Args={'profile': 'default', 'state': 'lit', 'advancing': False}
2022-08-21 20:33:27,424 : INFO : EventManager : Event: ======'galaxy_advance_lit_hit'====== Args={'profile': 'default', 'state': 'lit', 'advancing': False}
2022-08-21 20:33:27,424 : INFO : EventManager : Event: ======'player_score'====== Args={'value': 150000, 'prev_value': 120000, 'change': 30000, 'player_num': 1}
2022-08-21 20:33:27,425 : INFO : EventManager : Event: ======'player_switches'====== Args={'value': 5, 'prev_value': 4, 'change': 1, 'player_num': 1}
2022-08-21 20:33:27,425 : INFO : EventManager : Event: ======'logicblock_galaxy_counter_updated'====== Args={'value': 5, 'enabled': True}
2022-08-21 20:33:27,425 : INFO : EventManager : Event: ======'counter_galaxy_counter_hit'====== Args={'count': 5, 'hits': 5, 'remaining': 1}
2022-08-21 20:33:27,425 : INFO : EventManager : Event: ======'logicblock_galaxy_counter_hit'====== Args={'count': 5, 'hits': 5, 'remaining': 1}
2022-08-21 20:33:27,482 : INFO : SwitchController : <<<<<<< 's_left_inlane_far' inactive >>>>>>>
2022-08-21 20:33:27,910 : INFO : EventManager : Event: ======'player_combos_combo_timer_tick'====== Args={'value': 5, 'prev_value': 6, 'change': -1, 'player_num': 1}
2022-08-21 20:33:27,911 : INFO : EventManager : Event: ======'timer_combo_timer_tick'====== Args={'ticks': 5, 'ticks_remaining': 5}
2022-08-21 20:33:28,410 : INFO : EventManager : Event: ======'player_combos_combo_timer_tick'====== Args={'value': 4, 'prev_value': 5, 'change': -1, 'player_num': 1}
2022-08-21 20:33:28,411 : INFO : EventManager : Event: ======'timer_combo_timer_tick'====== Args={'ticks': 4, 'ticks_remaining': 4}
2022-08-21 20:33:28,909 : INFO : EventManager : Event: ======'player_combos_combo_timer_tick'====== Args={'value': 3, 'prev_value': 4, 'change': -1, 'player_num': 1}
2022-08-21 20:33:28,910 : INFO : EventManager : Event: ======'timer_combo_timer_tick'====== Args={'ticks': 3, 'ticks_remaining': 3}
2022-08-21 20:33:29,408 : INFO : EventManager : Event: ======'player_combos_combo_timer_tick'====== Args={'value': 2, 'prev_value': 3, 'change': -1, 'player_num': 1}
2022-08-21 20:33:29,409 : INFO : EventManager : Event: ======'timer_combo_timer_tick'====== Args={'ticks': 2, 'ticks_remaining': 2}
2022-08-21 20:33:29,907 : INFO : EventManager : Event: ======'player_combos_combo_timer_tick'====== Args={'value': 1, 'prev_value': 2, 'change': -1, 'player_num': 1}
2022-08-21 20:33:29,908 : INFO : EventManager : Event: ======'timer_combo_timer_tick'====== Args={'ticks': 1, 'ticks_remaining': 1}
2022-08-21 20:33:30,185 : INFO : SwitchController : <<<<<<< 's_left_inlane_far' active >>>>>>>
2022-08-21 20:33:30,185 : INFO : EventManager : Event: ======'playfield_active'====== Args={}
2022-08-21 20:33:30,186 : INFO : EventManager : Event: ======'playfield_active'====== Args={}
2022-08-21 20:33:30,186 : INFO : EventManager : Event: ======'playfield_active'====== Args={}
2022-08-21 20:33:30,186 : INFO : EventManager : Event: ======'playfield_active'====== Args={}
2022-08-21 20:33:30,186 : INFO : EventManager : Event: ======'s_left_inlane_far_active'====== Args={}
2022-08-21 20:33:30,186 : INFO : EventManager : Event: ======'machine_var_audits_switches_s_left_inlane_far'====== Args={'value': 4084, 'prev_value': 4083, 'change': 1}
2022-08-21 20:33:30,188 : INFO : EventManager : Event: ======'player_combo'====== Args={'value': 1, 'prev_value': 0, 'change': 1, 'player_num': 1}
2022-08-21 20:33:30,194 : INFO : EventManager : Event: ======'player_combo_value'====== Args={'value': 25000, 'prev_value': 0, 'change': 25000, 'player_num': 1}
2022-08-21 20:33:30,205 : INFO : EventManager : Event: ======'player_score'====== Args={'value': 175000, 'prev_value': 150000, 'change': 25000, 'player_num': 1}
2022-08-21 20:33:30,206 : INFO : EventManager : Event: ======'machine_var_audits_shots_galaxy_advance'====== Args={'value': 2230, 'prev_value': 2229, 'change': 1}
2022-08-21 20:33:30,207 : INFO : EventManager : Event: ======'galaxy_advance_hit'====== Args={'profile': 'default', 'state': 'lit', 'advancing': False}
2022-08-21 20:33:30,207 : INFO : EventManager : Event: ======'galaxy_advance_default_hit'====== Args={'profile': 'default', 'state': 'lit', 'advancing': False}
2022-08-21 20:33:30,208 : INFO : EventManager : Event: ======'galaxy_advance_default_lit_hit'====== Args={'profile': 'default', 'state': 'lit', 'advancing': False}
2022-08-21 20:33:30,208 : INFO : EventManager : Event: ======'galaxy_advance_lit_hit'====== Args={'profile': 'default', 'state': 'lit', 'advancing': False}
2022-08-21 20:33:30,208 : INFO : EventManager : Event: ======'player_score'====== Args={'value': 205000, 'prev_value': 175000, 'change': 30000, 'player_num': 1}
2022-08-21 20:33:30,209 : INFO : EventManager : Event: ======'player_switches'====== Args={'value': 6, 'prev_value': 5, 'change': 1, 'player_num': 1}
2022-08-21 20:33:30,209 : INFO : EventManager : Event: ======'player_combos_combo_timer_tick'====== Args={'value': 6, 'prev_value': 1, 'change': 5, 'player_num': 1}
2022-08-21 20:33:30,211 : INFO : EventManager : Event: ======'logicblock_galaxy_counter_updated'====== Args={'value': 6, 'enabled': True}
2022-08-21 20:33:30,211 : INFO : EventManager : Event: ======'counter_galaxy_counter_hit'====== Args={'count': 6, 'hits': 6, 'remaining': 0}
2022-08-21 20:33:30,211 : INFO : EventManager : Event: ======'logicblock_galaxy_counter_hit'====== Args={'count': 6, 'hits': 6, 'remaining': 0}
2022-08-21 20:33:30,211 : INFO : EventManager : Event: ======'add_x'====== Args={}
2022-08-21 20:33:30,211 : INFO : EventManager : Event: ======'logicblock_galaxy_counter_updated'====== Args={'value': 0, 'enabled': True}
2022-08-21 20:33:30,212 : INFO : EventManager : Event: ======'mode_playfield_multiplier_will_start'====== Args={}
2022-08-21 20:33:30,213 : INFO : EventManager : Event: ======'mode_playfield_multiplier_starting'====== Args={}
2022-08-21 20:33:30,214 : INFO : EventManager : Event: ======'player_playfield_multiplier'====== Args={'value': 2, 'prev_value': 1, 'change': 1, 'player_num': 1}
2022-08-21 20:33:30,214 : INFO : Mode.playfield_multiplier : Started. Priority: 100000
2022-08-21 20:33:30,214 : INFO : EventManager : Event: ======'modes_active_modes_changed'====== Args={}
2022-08-21 20:33:30,214 : INFO : EventManager : Event: ======'mode_playfield_multiplier_started'====== Args={}
2022-08-21 20:33:30,215 : INFO : Timer.playfield_x_timer : Starting Timer.
2022-08-21 20:33:30,215 : INFO : EventManager : Event: ======'timer_playfield_x_timer_started'====== Args={'ticks': 75, 'ticks_remaining': 75}
2022-08-21 20:33:30,215 : INFO : EventManager : Event: ======'timer_playfield_x_timer_tick'====== Args={'ticks': 75, 'ticks_remaining': 75}
2022-08-21 20:33:30,216 : INFO : EventManager : Event: ======'player_playfield_x_timer_seconds'====== Args={'value': 75, 'prev_value': 0, 'change': 75, 'player_num': 1}
2022-08-21 20:33:30,237 : INFO : EventManager : Event: ======'slide_combo_slide_created'====== Args={'_from_bcp': True}
2022-08-21 20:33:30,249 : INFO : EventManager : Event: ======'slide_combo_slide_active'====== Args={'_from_bcp': True}
2022-08-21 20:33:30,345 : INFO : SwitchController : <<<<<<< 's_left_inlane_far' inactive >>>>>>>
2022-08-21 20:33:30,703 : INFO : EventManager : Event: ======'player_combos_combo_timer_tick'====== Args={'value': 5, 'prev_value': 6, 'change': -1, 'player_num': 1}
2022-08-21 20:33:30,704 : INFO : EventManager : Event: ======'timer_combo_timer_tick'====== Args={'ticks': 5, 'ticks_remaining': 5}
2022-08-21 20:33:31,202 : INFO : EventManager : Event: ======'player_combos_combo_timer_tick'====== Args={'value': 4, 'prev_value': 5, 'change': -1, 'player_num': 1}
2022-08-21 20:33:31,203 : INFO : EventManager : Event: ======'timer_combo_timer_tick'====== Args={'ticks': 4, 'ticks_remaining': 4}
2022-08-21 20:33:31,389 : INFO : EventManager : Event: ======'player_playfield_multiplier_playfield_x_timer_tick'====== Args={'value': 74, 'prev_value': 0, 'change': 74, 'player_num': 1}
2022-08-21 20:33:31,390 : INFO : EventManager : Event: ======'timer_playfield_x_timer_tick'====== Args={'ticks': 74, 'ticks_remaining': 74}
2022-08-21 20:33:31,390 : INFO : EventManager : Event: ======'player_playfield_x_timer_seconds'====== Args={'value': 74, 'prev_value': 75, 'change': -1, 'player_num': 1}
2022-08-21 20:33:31,701 : INFO : EventManager : Event: ======'player_combos_combo_timer_tick'====== Args={'value': 3, 'prev_value': 4, 'change': -1, 'player_num': 1}
2022-08-21 20:33:31,702 : INFO : EventManager : Event: ======'timer_combo_timer_tick'====== Args={'ticks': 3, 'ticks_remaining': 3}
2022-08-21 20:33:32,200 : INFO : EventManager : Event: ======'player_combos_combo_timer_tick'====== Args={'value': 2, 'prev_value': 3, 'change': -1, 'player_num': 1}
2022-08-21 20:33:32,200 : INFO : EventManager : Event: ======'timer_combo_timer_tick'====== Args={'ticks': 2, 'ticks_remaining': 2}
2022-08-21 20:33:32,218 : INFO : EventManager : Event: ======'slide_combo_slide_removed'====== Args={'_from_bcp': True}
2022-08-21 20:33:32,218 : INFO : EventManager : Event: ======'slide_score_slide_active'====== Args={'_from_bcp': True}
2022-08-21 20:33:32,590 : INFO : EventManager : Event: ======'player_playfield_multiplier_playfield_x_timer_tick'====== Args={'value': 73, 'prev_value': 74, 'change': -1, 'player_num': 1}
2022-08-21 20:33:32,591 : INFO : EventManager : Event: ======'timer_playfield_x_timer_tick'====== Args={'ticks': 73, 'ticks_remaining': 73}
2022-08-21 20:33:32,591 : INFO : EventManager : Event: ======'player_playfield_x_timer_seconds'====== Args={'value': 73, 'prev_value': 74, 'change': -1, 'player_num': 1}
2022-08-21 20:33:32,699 : INFO : EventManager : Event: ======'player_combos_combo_timer_tick'====== Args={'value': 1, 'prev_value': 2, 'change': -1, 'player_num': 1}
2022-08-21 20:33:32,700 : INFO : EventManager : Event: ======'timer_combo_timer_tick'====== Args={'ticks': 1, 'ticks_remaining': 1}
2022-08-21 20:33:33,199 : INFO : EventManager : Event: ======'player_combos_combo_timer_tick'====== Args={'value': 0, 'prev_value': 1, 'change': -1, 'player_num': 1}
2022-08-21 20:33:33,200 : INFO : Timer.combo_timer : Timer Complete
2022-08-21 20:33:33,200 : INFO : Timer.combo_timer : Stopping Timer
2022-08-21 20:33:33,200 : INFO : EventManager : Event: ======'timer_combo_timer_stopped'====== Args={'ticks': 0, 'ticks_remaining': 1}
2022-08-21 20:33:33,200 : INFO : EventManager : Event: ======'timer_combo_timer_complete'====== Args={'ticks': 0, 'ticks_remaining': 1}
2022-08-21 20:33:33,791 : INFO : EventManager : Event: ======'player_playfield_multiplier_playfield_x_timer_tick'====== Args={'value': 72, 'prev_value': 73, 'change': -1, 'player_num': 1}
2022-08-21 20:33:33,792 : INFO : EventManager : Event: ======'timer_playfield_x_timer_tick'====== Args={'ticks': 72, 'ticks_remaining': 72}
2022-08-21 20:33:33,792 : INFO : EventManager : Event: ======'player_playfield_x_timer_seconds'====== Args={'value': 72, 'prev_value': 73, 'change': -1, 'player_num': 1}
2022-08-21 20:33:34,993 : INFO : EventManager : Event: ======'player_playfield_multiplier_playfield_x_timer_tick'====== Args={'value': 71, 'prev_value': 72, 'change': -1, 'player_num': 1}
2022-08-21 20:33:34,994 : INFO : EventManager : Event: ======'timer_playfield_x_timer_tick'====== Args={'ticks': 71, 'ticks_remaining': 71}
2022-08-21 20:33:34,994 : INFO : EventManager : Event: ======'player_playfield_x_timer_seconds'====== Args={'value': 71, 'prev_value': 72, 'change': -1, 'player_num': 1}
2022-08-21 20:33:36,194 : INFO : EventManager : Event: ======'player_playfield_multiplier_playfield_x_timer_tick'====== Args={'value': 70, 'prev_value': 71, 'change': -1, 'player_num': 1}
2022-08-21 20:33:36,195 : INFO : EventManager : Event: ======'timer_playfield_x_timer_tick'====== Args={'ticks': 70, 'ticks_remaining': 70}
2022-08-21 20:33:36,195 : INFO : EventManager : Event: ======'player_playfield_x_timer_seconds'====== Args={'value': 70, 'prev_value': 71, 'change': -1, 'player_num': 1}
2022-08-21 20:33:37,395 : INFO : EventManager : Event: ======'player_playfield_multiplier_playfield_x_timer_tick'====== Args={'value': 69, 'prev_value': 70, 'change': -1, 'player_num': 1}
2022-08-21 20:33:37,396 : INFO : EventManager : Event: ======'timer_playfield_x_timer_tick'====== Args={'ticks': 69, 'ticks_remaining': 69}
2022-08-21 20:33:37,396 : INFO : EventManager : Event: ======'player_playfield_x_timer_seconds'====== Args={'value': 69, 'prev_value': 70, 'change': -1, 'player_num': 1}
2022-08-21 20:33:38,596 : INFO : EventManager : Event: ======'player_playfield_multiplier_playfield_x_timer_tick'====== Args={'value': 68, 'prev_value': 69, 'change': -1, 'player_num': 1}
2022-08-21 20:33:38,597 : INFO : EventManager : Event: ======'timer_playfield_x_timer_tick'====== Args={'ticks': 68, 'ticks_remaining': 68}
2022-08-21 20:33:38,597 : INFO : EventManager : Event: ======'player_playfield_x_timer_seconds'====== Args={'value': 68, 'prev_value': 69, 'change': -1, 'player_num': 1}
2022-08-21 20:33:39,797 : INFO : EventManager : Event: ======'player_playfield_multiplier_playfield_x_timer_tick'====== Args={'value': 67, 'prev_value': 68, 'change': -1, 'player_num': 1}
2022-08-21 20:33:39,798 : INFO : EventManager : Event: ======'timer_playfield_x_timer_tick'====== Args={'ticks': 67, 'ticks_remaining': 67}
2022-08-21 20:33:39,798 : INFO : EventManager : Event: ======'player_playfield_x_timer_seconds'====== Args={'value': 67, 'prev_value': 68, 'change': -1, 'player_num': 1}
2022-08-21 20:33:40,999 : INFO : EventManager : Event: ======'player_playfield_multiplier_playfield_x_timer_tick'====== Args={'value': 66, 'prev_value': 67, 'change': -1, 'player_num': 1}
2022-08-21 20:33:41,000 : INFO : EventManager : Event: ======'timer_playfield_x_timer_tick'====== Args={'ticks': 66, 'ticks_remaining': 66}
2022-08-21 20:33:41,000 : INFO : EventManager : Event: ======'player_playfield_x_timer_seconds'====== Args={'value': 66, 'prev_value': 67, 'change': -1, 'player_num': 1}
2022-08-21 20:33:42,200 : INFO : EventManager : Event: ======'player_playfield_multiplier_playfield_x_timer_tick'====== Args={'value': 65, 'prev_value': 66, 'change': -1, 'player_num': 1}
2022-08-21 20:33:42,201 : INFO : EventManager : Event: ======'timer_playfield_x_timer_tick'====== Args={'ticks': 65, 'ticks_remaining': 65}
2022-08-21 20:33:42,201 : INFO : EventManager : Event: ======'player_playfield_x_timer_seconds'====== Args={'value': 65, 'prev_value': 66, 'change': -1, 'player_num': 1}
2022-08-21 20:33:43,401 : INFO : EventManager : Event: ======'player_playfield_multiplier_playfield_x_timer_tick'====== Args={'value': 64, 'prev_value': 65, 'change': -1, 'player_num': 1}
2022-08-21 20:33:43,402 : INFO : EventManager : Event: ======'timer_playfield_x_timer_tick'====== Args={'ticks': 64, 'ticks_remaining': 64}
2022-08-21 20:33:43,402 : INFO : EventManager : Event: ======'player_playfield_x_timer_seconds'====== Args={'value': 64, 'prev_value': 65, 'change': -1, 'player_num': 1}
2022-08-21 20:33:44,603 : INFO : EventManager : Event: ======'player_playfield_multiplier_playfield_x_timer_tick'====== Args={'value': 63, 'prev_value': 64, 'change': -1, 'player_num': 1}
2022-08-21 20:33:44,603 : INFO : EventManager : Event: ======'timer_playfield_x_timer_tick'====== Args={'ticks': 63, 'ticks_remaining': 63}
2022-08-21 20:33:44,604 : INFO : EventManager : Event: ======'player_playfield_x_timer_seconds'====== Args={'value': 63, 'prev_value': 64, 'change': -1, 'player_num': 1}
2022-08-21 20:33:45,804 : INFO : EventManager : Event: ======'player_playfield_multiplier_playfield_x_timer_tick'====== Args={'value': 62, 'prev_value': 63, 'change': -1, 'player_num': 1}
2022-08-21 20:33:45,805 : INFO : EventManager : Event: ======'timer_playfield_x_timer_tick'====== Args={'ticks': 62, 'ticks_remaining': 62}
2022-08-21 20:33:45,805 : INFO : EventManager : Event: ======'player_playfield_x_timer_seconds'====== Args={'value': 62, 'prev_value': 63, 'change': -1, 'player_num': 1}
2022-08-21 20:33:46,989 : INFO : EventManager : Event: ======'player_playfield_multiplier_playfield_x_timer_tick'====== Args={'value': 61, 'prev_value': 62, 'change': -1, 'player_num': 1}
2022-08-21 20:33:46,990 : INFO : EventManager : Event: ======'timer_playfield_x_timer_tick'====== Args={'ticks': 61, 'ticks_remaining': 61}
2022-08-21 20:33:46,990 : INFO : EventManager : Event: ======'player_playfield_x_timer_seconds'====== Args={'value': 61, 'prev_value': 62, 'change': -1, 'player_num': 1}
2022-08-21 20:33:48,190 : INFO : EventManager : Event: ======'player_playfield_multiplier_playfield_x_timer_tick'====== Args={'value': 60, 'prev_value': 61, 'change': -1, 'player_num': 1}
2022-08-21 20:33:48,191 : INFO : EventManager : Event: ======'timer_playfield_x_timer_tick'====== Args={'ticks': 60, 'ticks_remaining': 60}
2022-08-21 20:33:48,191 : INFO : EventManager : Event: ======'player_playfield_x_timer_seconds'====== Args={'value': 60, 'prev_value': 61, 'change': -1, 'player_num': 1}
2022-08-21 20:33:49,392 : INFO : EventManager : Event: ======'player_playfield_multiplier_playfield_x_timer_tick'====== Args={'value': 59, 'prev_value': 60, 'change': -1, 'player_num': 1}
2022-08-21 20:33:49,393 : INFO : EventManager : Event: ======'timer_playfield_x_timer_tick'====== Args={'ticks': 59, 'ticks_remaining': 59}
2022-08-21 20:33:49,393 : INFO : EventManager : Event: ======'player_playfield_x_timer_seconds'====== Args={'value': 59, 'prev_value': 60, 'change': -1, 'player_num': 1}
2022-08-21 20:33:50,593 : INFO : EventManager : Event: ======'player_playfield_multiplier_playfield_x_timer_tick'====== Args={'value': 58, 'prev_value': 59, 'change': -1, 'player_num': 1}
2022-08-21 20:33:50,594 : INFO : EventManager : Event: ======'timer_playfield_x_timer_tick'====== Args={'ticks': 58, 'ticks_remaining': 58}
2022-08-21 20:33:50,594 : INFO : EventManager : Event: ======'player_playfield_x_timer_seconds'====== Args={'value': 58, 'prev_value': 59, 'change': -1, 'player_num': 1}
2022-08-21 20:33:51,794 : INFO : EventManager : Event: ======'player_playfield_multiplier_playfield_x_timer_tick'====== Args={'value': 57, 'prev_value': 58, 'change': -1, 'player_num': 1}
2022-08-21 20:33:51,795 : INFO : EventManager : Event: ======'timer_playfield_x_timer_tick'====== Args={'ticks': 57, 'ticks_remaining': 57}
2022-08-21 20:33:51,795 : INFO : EventManager : Event: ======'player_playfield_x_timer_seconds'====== Args={'value': 57, 'prev_value': 58, 'change': -1, 'player_num': 1}
2022-08-21 20:33:52,995 : INFO : EventManager : Event: ======'player_playfield_multiplier_playfield_x_timer_tick'====== Args={'value': 56, 'prev_value': 57, 'change': -1, 'player_num': 1}
2022-08-21 20:33:52,996 : INFO : EventManager : Event: ======'timer_playfield_x_timer_tick'====== Args={'ticks': 56, 'ticks_remaining': 56}
2022-08-21 20:33:52,996 : INFO : EventManager : Event: ======'player_playfield_x_timer_seconds'====== Args={'value': 56, 'prev_value': 57, 'change': -1, 'player_num': 1}
2022-08-21 20:33:54,196 : INFO : EventManager : Event: ======'player_playfield_multiplier_playfield_x_timer_tick'====== Args={'value': 55, 'prev_value': 56, 'change': -1, 'player_num': 1}
2022-08-21 20:33:54,197 : INFO : EventManager : Event: ======'timer_playfield_x_timer_tick'====== Args={'ticks': 55, 'ticks_remaining': 55}
2022-08-21 20:33:54,197 : INFO : EventManager : Event: ======'player_playfield_x_timer_seconds'====== Args={'value': 55, 'prev_value': 56, 'change': -1, 'player_num': 1}
2022-08-21 20:33:55,397 : INFO : EventManager : Event: ======'player_playfield_multiplier_playfield_x_timer_tick'====== Args={'value': 54, 'prev_value': 55, 'change': -1, 'player_num': 1}
2022-08-21 20:33:55,398 : INFO : EventManager : Event: ======'timer_playfield_x_timer_tick'====== Args={'ticks': 54, 'ticks_remaining': 54}
2022-08-21 20:33:55,398 : INFO : EventManager : Event: ======'player_playfield_x_timer_seconds'====== Args={'value': 54, 'prev_value': 55, 'change': -1, 'player_num': 1}
2022-08-21 20:33:56,598 : INFO : EventManager : Event: ======'player_playfield_multiplier_playfield_x_timer_tick'====== Args={'value': 53, 'prev_value': 54, 'change': -1, 'player_num': 1}
2022-08-21 20:33:56,599 : INFO : EventManager : Event: ======'timer_playfield_x_timer_tick'====== Args={'ticks': 53, 'ticks_remaining': 53}
2022-08-21 20:33:56,599 : INFO : EventManager : Event: ======'player_playfield_x_timer_seconds'====== Args={'value': 53, 'prev_value': 54, 'change': -1, 'player_num': 1}
2022-08-21 20:33:57,801 : INFO : EventManager : Event: ======'player_playfield_multiplier_playfield_x_timer_tick'====== Args={'value': 52, 'prev_value': 53, 'change': -1, 'player_num': 1}
2022-08-21 20:33:57,801 : INFO : EventManager : Event: ======'timer_playfield_x_timer_tick'====== Args={'ticks': 52, 'ticks_remaining': 52}
2022-08-21 20:33:57,802 : INFO : EventManager : Event: ======'player_playfield_x_timer_seconds'====== Args={'value': 52, 'prev_value': 53, 'change': -1, 'player_num': 1}
2022-08-21 20:33:59,002 : INFO : EventManager : Event: ======'player_playfield_multiplier_playfield_x_timer_tick'====== Args={'value': 51, 'prev_value': 52, 'change': -1, 'player_num': 1}
2022-08-21 20:33:59,003 : INFO : EventManager : Event: ======'timer_playfield_x_timer_tick'====== Args={'ticks': 51, 'ticks_remaining': 51}
2022-08-21 20:33:59,003 : INFO : EventManager : Event: ======'player_playfield_x_timer_seconds'====== Args={'value': 51, 'prev_value': 52, 'change': -1, 'player_num': 1}
2022-08-21 20:34:00,203 : INFO : EventManager : Event: ======'player_playfield_multiplier_playfield_x_timer_tick'====== Args={'value': 50, 'prev_value': 51, 'change': -1, 'player_num': 1}
2022-08-21 20:34:00,204 : INFO : EventManager : Event: ======'timer_playfield_x_timer_tick'====== Args={'ticks': 50, 'ticks_remaining': 50}
2022-08-21 20:34:00,204 : INFO : EventManager : Event: ======'player_playfield_x_timer_seconds'====== Args={'value': 50, 'prev_value': 51, 'change': -1, 'player_num': 1}
2022-08-21 20:34:01,404 : INFO : EventManager : Event: ======'player_playfield_multiplier_playfield_x_timer_tick'====== Args={'value': 49, 'prev_value': 50, 'change': -1, 'player_num': 1}
2022-08-21 20:34:01,405 : INFO : EventManager : Event: ======'timer_playfield_x_timer_tick'====== Args={'ticks': 49, 'ticks_remaining': 49}
2022-08-21 20:34:01,405 : INFO : EventManager : Event: ======'player_playfield_x_timer_seconds'====== Args={'value': 49, 'prev_value': 50, 'change': -1, 'player_num': 1}
2022-08-21 20:34:01,648 : INFO : Machine : Shutting down...
2022-08-21 20:34:01,648 : INFO : EventManager : Event: ======'shutdown'====== Args={}
2022-08-21 20:34:01,671 : WARNING : FAST : Port NET received more messages than were sent! Resetting!
2022-08-21 20:34:01,671 : WARNING : FAST : Port RGB received more messages than were sent! Resetting!
2022-08-21 20:34:01,672 : WARNING : FAST : Received unknown serial command? BX:P from RGB.
2022-08-21 20:34:01,747 : ERROR : FAST : Stop called on serial connection com7
2022-08-21 20:34:01,747 : ERROR : FAST : Stop called on serial connection com8
2022-08-21 20:34:01,963 : INFO : root : MPF run loop ended.
