2022-09-11 17:52:33,963 : INFO : root : Loading config.
2022-09-11 17:52:34,485 : INFO : ConfigProcessor : Config spec file cache created: C:\Users\Brendan\AppData\Local\Temp\config_spec.mpf_cache
2022-09-11 17:52:34,485 : INFO : YamlMultifileConfigLoader : Machine config file #1: config.yaml
2022-09-11 17:52:34,486 : INFO : ConfigProcessor : Loading config from cache: C:\Users\Brendan\AppData\Local\Temp\bccefe987bb586eace29905fa80cab57.mpf_cache
2022-09-11 17:52:34,547 : INFO : ConfigProcessor : Loading config from cache: C:\Users\Brendan\AppData\Local\Temp\467e7647689d29fad6adf949e1f4d51d.mpf_cache
2022-09-11 17:52:34,548 : INFO : ConfigProcessor : Loading config from cache: C:\Users\Brendan\AppData\Local\Temp\5550e037aa776b42b91b29b40b356c70.mpf_cache
2022-09-11 17:52:34,549 : INFO : ConfigProcessor : Loading config from cache: C:\Users\Brendan\AppData\Local\Temp\15e0c601392b30c3d9ba3ead8131edb5.mpf_cache
2022-09-11 17:52:34,549 : INFO : ConfigProcessor : Loading config from cache: C:\Users\Brendan\AppData\Local\Temp\0bf50917c4ef15ab65ee13d6c14e7d7c.mpf_cache
2022-09-11 17:52:34,550 : INFO : ConfigProcessor : Loading config from cache: C:\Users\Brendan\AppData\Local\Temp\bc7da7b13b2754e080c2afa0678ac274.mpf_cache
2022-09-11 17:52:34,551 : INFO : ConfigProcessor : Loading config from cache: C:\Users\Brendan\AppData\Local\Temp\bbd59d0bb6602ee0c5a89d6f85e6dd42.mpf_cache
2022-09-11 17:52:34,552 : INFO : ConfigProcessor : Loading config from cache: C:\Users\Brendan\AppData\Local\Temp\5526c78976fee311c3d05505d75f653d.mpf_cache
2022-09-11 17:52:34,553 : INFO : ConfigProcessor : Loading config from cache: C:\Users\Brendan\AppData\Local\Temp\6e95138ae5415fc76b53ebf8fa245fb5.mpf_cache
2022-09-11 17:52:34,553 : INFO : ConfigProcessor : Loading config from cache: C:\Users\Brendan\AppData\Local\Temp\1ec1c4dffb383758956493783a9ed391.mpf_cache
2022-09-11 17:52:34,554 : INFO : ConfigProcessor : Loading config from cache: C:\Users\Brendan\AppData\Local\Temp\f2aee92728c8017b77c710c804dd7f5a.mpf_cache
2022-09-11 17:52:34,555 : INFO : ConfigProcessor : Loading config from cache: C:\Users\Brendan\AppData\Local\Temp\88f57fa1305e9dc100972ec9f84d57fe.mpf_cache
2022-09-11 17:52:34,556 : INFO : ConfigProcessor : Loading config from cache: C:\Users\Brendan\AppData\Local\Temp\6e00a9d794d4c3f43a0fc48da04dac60.mpf_cache
2022-09-11 17:52:34,557 : INFO : ConfigProcessor : Loading config from cache: C:\Users\Brendan\AppData\Local\Temp\05ef98219fc733c3bcab58726c4b37ef.mpf_cache
2022-09-11 17:52:34,558 : INFO : ConfigProcessor : Loading config from cache: C:\Users\Brendan\AppData\Local\Temp\c22d657a5a7bb60632c2be2c735e073b.mpf_cache
2022-09-11 17:52:34,559 : INFO : ConfigProcessor : Loading config from cache: C:\Users\Brendan\AppData\Local\Temp\f7d4f5eb9425fe84d2e83a363afd4bdf.mpf_cache
2022-09-11 17:52:34,560 : INFO : ConfigProcessor : Loading config from cache: C:\Users\Brendan\AppData\Local\Temp\125f51d329f930ea7bff10973551cc26.mpf_cache
2022-09-11 17:52:34,561 : INFO : ConfigProcessor : Loading config from cache: C:\Users\Brendan\AppData\Local\Temp\08e18dfdf4e02cd29cc0cc52be2faaf4.mpf_cache
2022-09-11 17:52:34,561 : INFO : ConfigProcessor : Loading config from cache: C:\Users\Brendan\AppData\Local\Temp\f042f5bf6362b9e04d43b40b93a92057.mpf_cache
2022-09-11 17:52:34,562 : INFO : ConfigProcessor : Loading config from cache: C:\Users\Brendan\AppData\Local\Temp\60badac06cd62deb71f25fac24b103c2.mpf_cache
2022-09-11 17:52:34,563 : INFO : ConfigProcessor : Loading config from cache: C:\Users\Brendan\AppData\Local\Temp\a3ad1aeb679a0686901de8a6ffe784f0.mpf_cache
2022-09-11 17:52:34,564 : INFO : ConfigProcessor : Loading config from cache: C:\Users\Brendan\AppData\Local\Temp\d7856287e4ec48fb5adaa65e5f7b2848.mpf_cache
2022-09-11 17:52:34,565 : INFO : ConfigProcessor : Loading config from cache: C:\Users\Brendan\AppData\Local\Temp\338dcf2127887f92988a932f243d1482.mpf_cache
2022-09-11 17:52:34,565 : WARNING : ConfigProcessor : Config file in cache changed: C:\Baby_pacman_code\machine\modes\mini_wizard_lit\config\mini_wizard_lit.yaml
2022-09-11 17:52:34,565 : INFO : ConfigProcessor : Loading config from file C:\Baby_pacman_code\machine\modes\mini_wizard_lit\config\mini_wizard_lit.yaml.
2022-09-11 17:52:34,573 : INFO : ConfigProcessor : Loading config: C:\Baby_pacman_code\machine\modes\mini_wizard_lit\config\mini_wizard_lit.yaml
2022-09-11 17:52:34,573 : INFO : ConfigProcessor : Config file cache created: C:\Users\Brendan\AppData\Local\Temp\54860a4ece9e68c986c35affb0ed028a.mpf_cache
2022-09-11 17:52:34,574 : INFO : ConfigProcessor : Loading config from cache: C:\Users\Brendan\AppData\Local\Temp\379a066b5790096ac3d821940ca23943.mpf_cache
2022-09-11 17:52:34,575 : INFO : ConfigProcessor : Loading config from cache: C:\Users\Brendan\AppData\Local\Temp\4849f32e60febd99d83791f2417d9a0f.mpf_cache
2022-09-11 17:52:34,576 : INFO : ConfigProcessor : Loading config from cache: C:\Users\Brendan\AppData\Local\Temp\46695fafdda39c0538290acecd64f4c0.mpf_cache
2022-09-11 17:52:34,576 : INFO : ConfigProcessor : Loading config from cache: C:\Users\Brendan\AppData\Local\Temp\942a9c8af084c06606ececc74db0a30f.mpf_cache
2022-09-11 17:52:34,577 : INFO : ConfigProcessor : Loading config from cache: C:\Users\Brendan\AppData\Local\Temp\d3a5f9b6ba13782c30d3f4f7e40a9dcf.mpf_cache
2022-09-11 17:52:34,578 : INFO : ConfigProcessor : Loading config from cache: C:\Users\Brendan\AppData\Local\Temp\bb2305c107159ac261738ee6fa5177f9.mpf_cache
2022-09-11 17:52:34,578 : INFO : ConfigProcessor : Loading config from cache: C:\Users\Brendan\AppData\Local\Temp\5e8fe62f7d4a280c75af4e016e79234a.mpf_cache
2022-09-11 17:52:34,579 : INFO : ConfigProcessor : Loading config from cache: C:\Users\Brendan\AppData\Local\Temp\7934ad8984867b043b25c8f1f16418da.mpf_cache
2022-09-11 17:52:34,579 : INFO : ConfigProcessor : Loading config from cache: C:\Users\Brendan\AppData\Local\Temp\201f4c0a0d10e05df2979372d05b639d.mpf_cache
2022-09-11 17:52:34,580 : INFO : ConfigProcessor : Loading config from cache: C:\Users\Brendan\AppData\Local\Temp\29084e75e573608c6a2e9d91f8c2e516.mpf_cache
2022-09-11 17:52:34,581 : INFO : ConfigProcessor : Loading config from cache: C:\Users\Brendan\AppData\Local\Temp\c1a52d9ec6beffcf3a0c74172f4f1789.mpf_cache
2022-09-11 17:52:34,582 : INFO : ConfigProcessor : Loading config from cache: C:\Users\Brendan\AppData\Local\Temp\1a7cfdccecce53cd51775700aa921808.mpf_cache
2022-09-11 17:52:34,583 : INFO : ConfigProcessor : Loading config from cache: C:\Users\Brendan\AppData\Local\Temp\bbeb6a5751b9d2029aa6e8633936e040.mpf_cache
2022-09-11 17:52:34,583 : INFO : ConfigProcessor : Loading config from cache: C:\Users\Brendan\AppData\Local\Temp\396defae609afab4d6d7399595fd494b.mpf_cache
2022-09-11 17:52:34,584 : INFO : ConfigProcessor : Loading config from cache: C:\Users\Brendan\AppData\Local\Temp\df5b128cf73808572dcd58af6b99a12a.mpf_cache
2022-09-11 17:52:34,585 : INFO : ConfigProcessor : Loading config from cache: C:\Users\Brendan\AppData\Local\Temp\b16abd66a20b52f76df13eb007a93cde.mpf_cache
2022-09-11 17:52:34,586 : INFO : ConfigProcessor : Loading config from cache: C:\Users\Brendan\AppData\Local\Temp\09ddf149c2750d0dc18124afb4ec1692.mpf_cache
2022-09-11 17:52:34,586 : INFO : ConfigProcessor : Loading config from cache: C:\Users\Brendan\AppData\Local\Temp\dc261f740d4fb0b58874215bc05837b4.mpf_cache
2022-09-11 17:52:34,587 : INFO : ConfigProcessor : Loading config from cache: C:\Users\Brendan\AppData\Local\Temp\fd5b67850c190931870595f7ba331325.mpf_cache
2022-09-11 17:52:34,587 : INFO : ConfigProcessor : Loading config from cache: C:\Users\Brendan\AppData\Local\Temp\7fa0bf6f8a3d06d96f9daba2d24e8451.mpf_cache
2022-09-11 17:52:34,588 : INFO : ConfigProcessor : Loading config from cache: C:\Users\Brendan\AppData\Local\Temp\17652c03725ec0d5dc66b35abdc504c5.mpf_cache
2022-09-11 17:52:34,588 : INFO : ConfigProcessor : Loading config from cache: C:\Users\Brendan\AppData\Local\Temp\f6549f0a1a12987384ccc86b9df17004.mpf_cache
2022-09-11 17:52:34,589 : INFO : ConfigProcessor : Loading config from cache: C:\Users\Brendan\AppData\Local\Temp\d416d6f9f35dec068a811f18f969a8db.mpf_cache
2022-09-11 17:52:34,590 : INFO : ConfigProcessor : Loading config from cache: C:\Users\Brendan\AppData\Local\Temp\2cbb22f93ff96ef242a9a2d7465f7b14.mpf_cache
2022-09-11 17:52:34,591 : INFO : ConfigProcessor : Loading config from cache: C:\Users\Brendan\AppData\Local\Temp\5b43fbcb021f3ce97d73fdb8a470eae4.mpf_cache
2022-09-11 17:52:34,592 : INFO : ConfigProcessor : Loading config from cache: C:\Users\Brendan\AppData\Local\Temp\6d994d077edad00fe01353c1bfbf6638.mpf_cache
2022-09-11 17:52:34,592 : INFO : ConfigProcessor : Loading config from cache: C:\Users\Brendan\AppData\Local\Temp\df6e37541f81fc1a6e02dbcf98e0d10b.mpf_cache
2022-09-11 17:52:34,593 : INFO : ConfigProcessor : Loading config from cache: C:\Users\Brendan\AppData\Local\Temp\c5e911b563ca93c8e10ce7743f92e657.mpf_cache
2022-09-11 17:52:34,594 : INFO : ConfigProcessor : Loading config from cache: C:\Users\Brendan\AppData\Local\Temp\8009c184ad4c71f93407ddc3ac0f69d2.mpf_cache
2022-09-11 17:52:34,594 : INFO : ConfigProcessor : Loading config from cache: C:\Users\Brendan\AppData\Local\Temp\99ecafb2993dab1e69369c4f69529b6f.mpf_cache
2022-09-11 17:52:34,595 : INFO : ConfigProcessor : Loading config from cache: C:\Users\Brendan\AppData\Local\Temp\57f2f8973b8bd58edd1d215976151c60.mpf_cache
2022-09-11 17:52:34,595 : INFO : ConfigProcessor : Loading config from cache: C:\Users\Brendan\AppData\Local\Temp\19f702536b27ff66106645e85afb027e.mpf_cache
2022-09-11 17:52:34,597 : INFO : ConfigProcessor : Loading config from cache: C:\Users\Brendan\AppData\Local\Temp\c17101e4486856bd6430e66412997ee7.mpf_cache
2022-09-11 17:52:34,598 : INFO : ConfigProcessor : Loading config from cache: C:\Users\Brendan\AppData\Local\Temp\c5b3b18e965344eb40bdf988f6d052aa.mpf_cache
2022-09-11 17:52:34,599 : INFO : ConfigProcessor : Loading config from cache: C:\Users\Brendan\AppData\Local\Temp\d911f65290d744b94ac27e0b8d02635e.mpf_cache
2022-09-11 17:52:34,600 : INFO : Machine : Mission Pinball Framework Core Engine v0.55.0
2022-09-11 17:52:34,600 : INFO : Machine : Command line arguments: {'no_load_cache': False, 'create_config_cache': True, 'bcp': True, 'configfile': ['config.yaml'], 'force_assets_load': False, 'jsonlogging': False, 'logfile': 'logs\\2022-09-11-17-52-33-mpf-Pinball-PC.log', 'pause': False, 'production': False, 'text_ui': True, 'loglevel': 15, 'consoleloglevel': 20, 'force_platform': None, 'syslog_address': None, 'mc_file_name': None, 'no_sound': False}
2022-09-11 17:52:34,600 : INFO : Machine : MPF path: c:\users\brendan\appdata\local\programs\python\python37\lib\site-packages\mpf
2022-09-11 17:52:34,600 : INFO : Machine : Machine path: C:\Baby_pacman_code\machine
2022-09-11 17:52:34,600 : INFO : Machine : Platform: win32
2022-09-11 17:52:34,600 : INFO : Machine : Python executable location: c:\users\brendan\appdata\local\programs\python\python37\python.exe
2022-09-11 17:52:34,600 : INFO : Machine : Python version: 3.7.8 (64-bit)
2022-09-11 17:52:34,602 : INFO : Machine : Initialise MPF.
2022-09-11 17:52:34,757 : INFO : FAST : Connecting to com7 at 921600bps
2022-09-11 17:52:34,795 : INFO : FAST : Connected! Processor: NET, Board Type: FP-CPU-002-2, Firmware: 01.05
2022-09-11 17:52:34,795 : INFO : EventManager : Event: ======'machine_var_fast_net_firmware'====== Args={'value': '01.05', 'prev_value': None, 'change': True}
2022-09-11 17:52:34,795 : INFO : EventManager : Event: ======'machine_var_fast_net_model'====== Args={'value': 'FP-CPU-002-2', 'prev_value': None, 'change': True}
2022-09-11 17:52:37,196 : INFO : FAST : Connecting to com8 at 921600bps
2022-09-11 17:52:37,243 : INFO : FAST : Connected! Processor: RGB, Board Type: FP-CPU-002-2, Firmware: 01.00
2022-09-11 17:52:37,243 : INFO : EventManager : Event: ======'machine_var_fast_rgb_firmware'====== Args={'value': '01.00', 'prev_value': None, 'change': True}
2022-09-11 17:52:37,244 : INFO : EventManager : Event: ======'machine_var_fast_rgb_model'====== Args={'value': 'FP-CPU-002-2', 'prev_value': None, 'change': True}
2022-09-11 17:52:37,244 : INFO : EventManager : Event: ======'machine_var_credits_string'====== Args={'value': 'FREE PLAY', 'prev_value': None, 'change': True}
2022-09-11 17:52:37,322 : INFO : EventManager : Event: ======'machine_var_master_volume'====== Args={'value': 0.5, 'prev_value': None, 'change': True}
2022-09-11 17:52:37,322 : INFO : EventManager : Event: ======'machine_var_player1_score'====== Args={'value': 670142530, 'prev_value': None, 'change': True}
2022-09-11 17:52:37,322 : INFO : EventManager : Event: ======'machine_var_mpf_version'====== Args={'value': 'MPF v0.55.0', 'prev_value': None, 'change': True}
2022-09-11 17:52:37,323 : INFO : EventManager : Event: ======'machine_var_mpf_extended_version'====== Args={'value': 'MPF v0.55.0, Config version:5, Show version: 5, BCP version:1.1', 'prev_value': None, 'change': True}
2022-09-11 17:52:37,323 : INFO : EventManager : Event: ======'machine_var_python_version'====== Args={'value': '3.7.8', 'prev_value': None, 'change': True}
2022-09-11 17:52:37,323 : INFO : EventManager : Event: ======'machine_var_platform'====== Args={'value': 'Windows-7-6.1.7601-SP1', 'prev_value': None, 'change': True}
2022-09-11 17:52:37,323 : INFO : EventManager : Event: ======'machine_var_platform_system'====== Args={'value': 'Windows', 'prev_value': None, 'change': True}
2022-09-11 17:52:37,323 : INFO : EventManager : Event: ======'machine_var_platform_release'====== Args={'value': '7', 'prev_value': None, 'change': True}
2022-09-11 17:52:37,323 : INFO : EventManager : Event: ======'machine_var_platform_version'====== Args={'value': '6.1.7601', 'prev_value': None, 'change': True}
2022-09-11 17:52:37,323 : INFO : EventManager : Event: ======'machine_var_platform_machine'====== Args={'value': 'AMD64', 'prev_value': None, 'change': True}
2022-09-11 17:52:37,324 : INFO : EventManager : Event: ======'init_phase_1'====== Args={}
2022-09-11 17:52:37,406 : INFO : EventManager : Event: ======'drop_target_bank_main_up'====== Args={}
2022-09-11 17:52:37,426 : INFO : EventManager : Event: ======'init_phase_2'====== Args={}
2022-09-11 17:52:37,472 : INFO : EventManager : Event: ======'bcp_connection_attempt'====== Args={'name': 'local_display', 'host': 'localhost', 'port': 5050}
2022-09-11 17:52:37,474 : INFO : BCPClientSocket : Connecting BCP to 'local_display' at localhost:5050...
2022-09-11 17:52:38,471 : WARNING : FAST : Port com7 was blocked for more than 1s. Reseting send queue! If this happens frequently report a bug!
2022-09-11 17:52:39,469 : WARNING : FAST : Port com7 was blocked for more than 1s. Reseting send queue! If this happens frequently report a bug!
2022-09-11 17:52:40,565 : INFO : BCPClientSocket : Connected BCP to 'local_display' localhost:5050
2022-09-11 17:52:40,567 : INFO : EventManager : Event: ======'bcp_clients_connected'====== Args={}
2022-09-11 17:52:40,580 : INFO : ball_device.bd_drain : BCH: Initial count: 0
2022-09-11 17:52:40,582 : INFO : EventManager : Event: ======'machine_var_mc_version'====== Args={'value': 'MPF-MC v0.55.0', 'prev_value': None, 'change': True}
2022-09-11 17:52:40,582 : INFO : EventManager : Event: ======'machine_var_mc_extended_version'====== Args={'value': 'MPF-MC v0.55.0 (config_version=5, BCP v1.1, Requires MPF v0.55.0-dev.49)', 'prev_value': None, 'change': True}
2022-09-11 17:52:40,587 : INFO : ball_device.bd_drain : State: idle
2022-09-11 17:52:40,619 : INFO : ball_device.bd_left_kicker : BCH: Initial count: 0
2022-09-11 17:52:40,619 : INFO : ball_device.bd_left_kicker : State: idle
2022-09-11 17:52:40,621 : INFO : ball_device.bd_right_kicker : BCH: Initial count: 0
2022-09-11 17:52:40,622 : INFO : ball_device.bd_right_kicker : State: idle
2022-09-11 17:52:40,696 : INFO : EventManager : Event: ======'init_phase_3'====== Args={}
2022-09-11 17:52:41,157 : INFO : EventManager : Event: ======'init_phase_4'====== Args={}
2022-09-11 17:52:41,158 : INFO : EventManager : Event: ======'playfield_active'====== Args={}
2022-09-11 17:52:41,158 : INFO : EventManager : Event: ======'unexpected_ball_on_playfield'====== Args={}
2022-09-11 17:52:41,158 : INFO : EventManager : Event: ======'playfield_active'====== Args={}
2022-09-11 17:52:41,158 : INFO : EventManager : Event: ======'unexpected_ball_on_playfield'====== Args={}
2022-09-11 17:52:41,158 : INFO : EventManager : Event: ======'playfield_active'====== Args={}
2022-09-11 17:52:41,158 : INFO : EventManager : Event: ======'unexpected_ball_on_playfield'====== Args={}
2022-09-11 17:52:41,158 : INFO : EventManager : Event: ======'playfield_active'====== Args={}
2022-09-11 17:52:41,158 : INFO : EventManager : Event: ======'unexpected_ball_on_playfield'====== Args={}
2022-09-11 17:52:41,158 : INFO : EventManager : Event: ======'playfield_active'====== Args={}
2022-09-11 17:52:41,158 : INFO : EventManager : Event: ======'unexpected_ball_on_playfield'====== Args={}
2022-09-11 17:52:41,159 : INFO : BallController : Initial balls found: 0
2022-09-11 17:52:41,161 : INFO : EventManager : Event: ======'machine_var_audits_events_game_ended'====== Args={'value': 0, 'prev_value': None, 'change': True}
2022-09-11 17:52:41,161 : INFO : EventManager : Event: ======'machine_var_audits_events_game_started'====== Args={'value': 0, 'prev_value': None, 'change': True}
2022-09-11 17:52:41,162 : INFO : EventManager : Event: ======'machine_var_audits_player_score'====== Args={'value': {'average': 18787736.48648649, 'top': [720234070, 706004620, 670142530, 591554830, 507595620, 502234510, 441174720, 210762830, 203435200, 198719690], 'total': 629}, 'prev_value': None, 'change': True}
2022-09-11 17:52:41,162 : INFO : EventManager : Event: ======'machine_var_audits_shots_center_drop_mission1'====== Args={'value': 648, 'prev_value': None, 'change': True}
2022-09-11 17:52:41,162 : INFO : EventManager : Event: ======'machine_var_audits_shots_center_target'====== Args={'value': 490, 'prev_value': None, 'change': True}
2022-09-11 17:52:41,163 : INFO : EventManager : Event: ======'machine_var_audits_shots_drop_target1_mission2'====== Args={'value': 264, 'prev_value': None, 'change': True}
2022-09-11 17:52:41,163 : INFO : EventManager : Event: ======'machine_var_audits_shots_drop_target2_mission2'====== Args={'value': 303, 'prev_value': None, 'change': True}
2022-09-11 17:52:41,163 : INFO : EventManager : Event: ======'machine_var_audits_shots_drop_target3_mission2'====== Args={'value': 353, 'prev_value': None, 'change': True}
2022-09-11 17:52:41,164 : INFO : EventManager : Event: ======'machine_var_audits_shots_drop_target4_mission2'====== Args={'value': 317, 'prev_value': None, 'change': True}
2022-09-11 17:52:41,164 : INFO : EventManager : Event: ======'machine_var_audits_shots_drop_target5_mission2'====== Args={'value': 272, 'prev_value': None, 'change': True}
2022-09-11 17:52:41,164 : INFO : EventManager : Event: ======'machine_var_audits_shots_drop_targets_mission3'====== Args={'value': 1810, 'prev_value': None, 'change': True}
2022-09-11 17:52:41,165 : INFO : EventManager : Event: ======'machine_var_audits_shots_galaxy_advance'====== Args={'value': 3293, 'prev_value': None, 'change': True}
2022-09-11 17:52:41,165 : INFO : EventManager : Event: ======'machine_var_audits_shots_l_lane'====== Args={'value': 747, 'prev_value': None, 'change': True}
2022-09-11 17:52:41,166 : INFO : EventManager : Event: ======'machine_var_audits_shots_left_kicker_mission2'====== Args={'value': 181, 'prev_value': None, 'change': True}
2022-09-11 17:52:41,166 : INFO : EventManager : Event: ======'machine_var_audits_shots_left_kicker_mission4'====== Args={'value': 133, 'prev_value': None, 'change': True}
2022-09-11 17:52:41,167 : INFO : EventManager : Event: ======'machine_var_audits_shots_left_loop_mission1'====== Args={'value': 730, 'prev_value': None, 'change': True}
2022-09-11 17:52:41,167 : INFO : EventManager : Event: ======'machine_var_audits_shots_left_loop_mission2'====== Args={'value': 310, 'prev_value': None, 'change': True}
2022-09-11 17:52:41,167 : INFO : EventManager : Event: ======'machine_var_audits_shots_left_loop_mission4'====== Args={'value': 446, 'prev_value': None, 'change': True}
2022-09-11 17:52:41,168 : INFO : EventManager : Event: ======'machine_var_audits_shots_portal_advance'====== Args={'value': 5409, 'prev_value': None, 'change': True}
2022-09-11 17:52:41,168 : INFO : EventManager : Event: ======'machine_var_audits_shots_r_lane'====== Args={'value': 634, 'prev_value': None, 'change': True}
2022-09-11 17:52:41,169 : INFO : EventManager : Event: ======'machine_var_audits_shots_right_kicker_mission2'====== Args={'value': 155, 'prev_value': None, 'change': True}
2022-09-11 17:52:41,169 : INFO : EventManager : Event: ======'machine_var_audits_shots_right_kicker_mission4'====== Args={'value': 154, 'prev_value': None, 'change': True}
2022-09-11 17:52:41,170 : INFO : EventManager : Event: ======'machine_var_audits_shots_right_loop_mission1'====== Args={'value': 839, 'prev_value': None, 'change': True}
2022-09-11 17:52:41,170 : INFO : EventManager : Event: ======'machine_var_audits_shots_right_loop_mission2'====== Args={'value': 361, 'prev_value': None, 'change': True}
2022-09-11 17:52:41,170 : INFO : EventManager : Event: ======'machine_var_audits_shots_right_loop_mission4'====== Args={'value': 504, 'prev_value': None, 'change': True}
2022-09-11 17:52:41,171 : INFO : EventManager : Event: ======'machine_var_audits_shots_warp_advance'====== Args={'value': 1185, 'prev_value': None, 'change': True}
2022-09-11 17:52:41,171 : INFO : EventManager : Event: ======'machine_var_audits_switches_s_action_button'====== Args={'value': 4428, 'prev_value': None, 'change': True}
2022-09-11 17:52:41,172 : INFO : EventManager : Event: ======'machine_var_audits_switches_s_drain'====== Args={'value': 3016, 'prev_value': None, 'change': True}
2022-09-11 17:52:41,172 : INFO : EventManager : Event: ======'machine_var_audits_switches_s_drop_target1'====== Args={'value': 2157, 'prev_value': None, 'change': True}
2022-09-11 17:52:41,173 : INFO : EventManager : Event: ======'machine_var_audits_switches_s_drop_target2'====== Args={'value': 2466, 'prev_value': None, 'change': True}
2022-09-11 17:52:41,173 : INFO : EventManager : Event: ======'machine_var_audits_switches_s_drop_target3'====== Args={'value': 2935, 'prev_value': None, 'change': True}
2022-09-11 17:52:41,173 : INFO : EventManager : Event: ======'machine_var_audits_switches_s_drop_target4'====== Args={'value': 2353, 'prev_value': None, 'change': True}
2022-09-11 17:52:41,174 : INFO : EventManager : Event: ======'machine_var_audits_switches_s_drop_target5'====== Args={'value': 2237, 'prev_value': None, 'change': True}
2022-09-11 17:52:41,174 : INFO : EventManager : Event: ======'machine_var_audits_switches_s_left_captive_ball'====== Args={'value': 534, 'prev_value': None, 'change': True}
2022-09-11 17:52:41,175 : INFO : EventManager : Event: ======'machine_var_audits_switches_s_left_flipper'====== Args={'value': 40187, 'prev_value': None, 'change': True}
2022-09-11 17:52:41,175 : INFO : EventManager : Event: ======'machine_var_audits_switches_s_left_inlane'====== Args={'value': 750, 'prev_value': None, 'change': True}
2022-09-11 17:52:41,176 : INFO : EventManager : Event: ======'machine_var_audits_switches_s_left_inlane_far'====== Args={'value': 5337, 'prev_value': None, 'change': True}
2022-09-11 17:52:41,176 : INFO : EventManager : Event: ======'machine_var_audits_switches_s_left_kicker'====== Args={'value': 1737, 'prev_value': None, 'change': True}
2022-09-11 17:52:41,177 : INFO : EventManager : Event: ======'machine_var_audits_switches_s_left_sling'====== Args={'value': 7810, 'prev_value': None, 'change': True}
2022-09-11 17:52:41,177 : INFO : EventManager : Event: ======'machine_var_audits_switches_s_left_spinner'====== Args={'value': 25875, 'prev_value': None, 'change': True}
2022-09-11 17:52:41,177 : INFO : EventManager : Event: ======'machine_var_audits_switches_s_right_captive_ball'====== Args={'value': 553, 'prev_value': None, 'change': True}
2022-09-11 17:52:41,178 : INFO : EventManager : Event: ======'machine_var_audits_switches_s_right_flipper'====== Args={'value': 36556, 'prev_value': None, 'change': True}
2022-09-11 17:52:41,178 : INFO : EventManager : Event: ======'machine_var_audits_switches_s_right_inlane'====== Args={'value': 634, 'prev_value': None, 'change': True}
2022-09-11 17:52:41,179 : INFO : EventManager : Event: ======'machine_var_audits_switches_s_right_inlane_far'====== Args={'value': 7328, 'prev_value': None, 'change': True}
2022-09-11 17:52:41,180 : INFO : EventManager : Event: ======'machine_var_audits_switches_s_right_kicker'====== Args={'value': 1933, 'prev_value': None, 'change': True}
2022-09-11 17:52:41,180 : INFO : EventManager : Event: ======'machine_var_audits_switches_s_right_sling'====== Args={'value': 14695, 'prev_value': None, 'change': True}
2022-09-11 17:52:41,181 : INFO : EventManager : Event: ======'machine_var_audits_switches_s_right_spinner'====== Args={'value': 19407, 'prev_value': None, 'change': True}
2022-09-11 17:52:41,181 : INFO : EventManager : Event: ======'machine_var_audits_switches_s_start'====== Args={'value': 419, 'prev_value': None, 'change': True}
2022-09-11 17:52:41,182 : INFO : EventManager : Event: ======'init_phase_5'====== Args={}
2022-09-11 17:52:41,187 : INFO : EventManager : Event: ======'init_done'====== Args={}
2022-09-11 17:52:41,188 : WARNING : FAST : Port NET received more messages than were sent! Resetting!
2022-09-11 17:52:41,188 : WARNING : FAST : Port NET received more messages than were sent! Resetting!
2022-09-11 17:52:41,188 : WARNING : FAST : Port NET received more messages than were sent! Resetting!
2022-09-11 17:52:41,188 : WARNING : FAST : Port NET received more messages than were sent! Resetting!
2022-09-11 17:52:41,188 : WARNING : FAST : Port NET received more messages than were sent! Resetting!
2022-09-11 17:52:41,188 : WARNING : FAST : Port NET received more messages than were sent! Resetting!
2022-09-11 17:52:41,188 : WARNING : FAST : Port NET received more messages than were sent! Resetting!
2022-09-11 17:52:41,188 : WARNING : FAST : Port NET received more messages than were sent! Resetting!
2022-09-11 17:52:41,188 : WARNING : FAST : Port NET received more messages than were sent! Resetting!
2022-09-11 17:52:41,188 : WARNING : FAST : Port NET received more messages than were sent! Resetting!
2022-09-11 17:52:41,188 : WARNING : FAST : Port NET received more messages than were sent! Resetting!
2022-09-11 17:52:41,188 : WARNING : FAST : Port NET received more messages than were sent! Resetting!
2022-09-11 17:52:41,188 : WARNING : FAST : Port NET received more messages than were sent! Resetting!
2022-09-11 17:52:41,189 : WARNING : FAST : Port NET received more messages than were sent! Resetting!
2022-09-11 17:52:41,189 : WARNING : FAST : Port NET received more messages than were sent! Resetting!
2022-09-11 17:52:41,189 : WARNING : FAST : Port NET received more messages than were sent! Resetting!
2022-09-11 17:52:41,189 : WARNING : FAST : Port NET received more messages than were sent! Resetting!
2022-09-11 17:52:41,189 : WARNING : FAST : Port NET received more messages than were sent! Resetting!
2022-09-11 17:52:41,189 : WARNING : FAST : Port NET received more messages than were sent! Resetting!
2022-09-11 17:52:41,189 : WARNING : FAST : Port NET received more messages than were sent! Resetting!
2022-09-11 17:52:41,189 : WARNING : FAST : Port NET received more messages than were sent! Resetting!
2022-09-11 17:52:41,189 : WARNING : FAST : Port NET received more messages than were sent! Resetting!
2022-09-11 17:52:41,190 : INFO : EventManager : Event: ======'machine_reset_phase_1'====== Args={}
2022-09-11 17:52:41,197 : INFO : EventManager : Event: ======'machine_reset_phase_2'====== Args={}
2022-09-11 17:52:41,197 : INFO : EventManager : Event: ======'machine_reset_phase_3'====== Args={}
2022-09-11 17:52:41,198 : INFO : EventManager : Event: ======'reset_complete'====== Args={}
2022-09-11 17:52:41,198 : INFO : EventManager : Event: ======'mode_attract_will_start'====== Args={}
2022-09-11 17:52:41,199 : INFO : EventManager : Event: ======'mode_attract_starting'====== Args={}
2022-09-11 17:52:41,199 : INFO : Mode.attract : Started. Priority: 10
2022-09-11 17:52:41,199 : INFO : EventManager : Event: ======'modes_active_modes_changed'====== Args={}
2022-09-11 17:52:41,199 : INFO : EventManager : Event: ======'mode_attract_started'====== Args={}
2022-09-11 17:52:41,202 : INFO : EventManager : Event: ======'collecting_balls_complete'====== Args={}
2022-09-11 17:52:41,222 : INFO : EventManager : Event: ======'slide_show_3.slide_player-0_created'====== Args={'_from_bcp': True}
2022-09-11 17:52:41,222 : INFO : EventManager : Event: ======'slide_show_3.slide_player-0_active'====== Args={'_from_bcp': True}
2022-09-11 17:52:41,222 : INFO : Machine : Starting the main run loop.
2022-09-11 17:52:42,061 : INFO : SwitchController : <<<<<<< 's_start' active >>>>>>>
2022-09-11 17:52:42,155 : INFO : SwitchController : <<<<<<< 's_start' inactive >>>>>>>
2022-09-11 17:52:42,155 : INFO : EventManager : Event: ======'request_to_start_game'====== Args={}
2022-09-11 17:52:42,156 : INFO : BallController : Known balls: 0
2022-09-11 17:52:42,156 : INFO : BallController : bd_drain contains 0 balls. Tags ['drain', 'home', 'trough']
2022-09-11 17:52:42,156 : INFO : BallController : bd_left_kicker contains 0 balls. Tags []
2022-09-11 17:52:42,157 : INFO : BallController : bd_right_kicker contains 0 balls. Tags []
2022-09-11 17:52:42,157 : INFO : BallController : playfield contains 0 balls. Tags ['default']
2022-09-11 17:52:42,157 : WARNING : BallController : BallController denies game start. Not enough balls. 0 found. 1 required
2022-09-11 17:52:42,157 : INFO : BallController : Triggering ball search.
2022-09-11 17:52:43,067 : INFO : SwitchController : <<<<<<< 's_start' active >>>>>>>
2022-09-11 17:52:43,211 : INFO : SwitchController : <<<<<<< 's_start' inactive >>>>>>>
2022-09-11 17:52:43,211 : INFO : EventManager : Event: ======'request_to_start_game'====== Args={}
2022-09-11 17:52:43,212 : INFO : BallController : Known balls: 0
2022-09-11 17:52:43,213 : INFO : BallController : bd_drain contains 0 balls. Tags ['drain', 'home', 'trough']
2022-09-11 17:52:43,213 : INFO : BallController : bd_left_kicker contains 0 balls. Tags []
2022-09-11 17:52:43,213 : INFO : BallController : bd_right_kicker contains 0 balls. Tags []
2022-09-11 17:52:43,213 : INFO : BallController : playfield contains 0 balls. Tags ['default']
2022-09-11 17:52:43,213 : WARNING : BallController : BallController denies game start. Not enough balls. 0 found. 1 required
2022-09-11 17:52:43,213 : INFO : BallController : Triggering ball search.
2022-09-11 17:52:44,202 : INFO : EventManager : Event: ======'slide_last_game_score_slide_created'====== Args={'_from_bcp': True}
2022-09-11 17:52:44,210 : INFO : EventManager : Event: ======'slide_last_game_score_slide_active'====== Args={'_from_bcp': True}
2022-09-11 17:52:46,938 : INFO : SwitchController : <<<<<<< 's_drain' active >>>>>>>
2022-09-11 17:52:47,190 : INFO : EventManager : Event: ======'slide_press_start_created'====== Args={'_from_bcp': True}
2022-09-11 17:52:47,198 : INFO : EventManager : Event: ======'slide_press_start_active'====== Args={'_from_bcp': True}
2022-09-11 17:52:47,428 : INFO : EventManager : Event: ======'balldevice_bd_drain_ball_count_changed'====== Args={'balls': 1}
2022-09-11 17:52:47,428 : INFO : ball_device.bd_drain : Received unexpected ball
2022-09-11 17:52:47,428 : INFO : EventManager : Event: ======'balldevice_captured_from_playfield'====== Args={'balls': 1}
2022-09-11 17:52:47,430 : INFO : EventManager : Event: ======'sw_playfield_active'====== Args={'balls': 1}
2022-09-11 17:52:47,430 : INFO : EventManager : Event: ======'playfield_active'====== Args={}
2022-09-11 17:52:47,430 : INFO : EventManager : Event: ======'unexpected_ball_on_playfield'====== Args={}
2022-09-11 17:52:47,430 : INFO : EventManager : Event: ======'playfield_ball_count_change'====== Args={'balls': -1, 'change': -1}
2022-09-11 17:52:47,431 : INFO : EventManager : Event: ======'balldevice_playfield_ball_enter'====== Args={'new_balls': 1, 'unclaimed_balls': 1, 'device': <playfield.playfield>}
2022-09-11 17:52:47,431 : INFO : EventManager : Event: ======'playfield_ball_count_change'====== Args={'balls': 0, 'change': 1}
2022-09-11 17:52:47,431 : INFO : BallController : Found a new ball which was captured from playfield. Known balls: 1
2022-09-11 17:52:47,431 : INFO : EventManager : Event: ======'found_new_ball'====== Args={}
2022-09-11 17:52:47,431 : INFO : EventManager : Event: ======'balldevice_bd_drain_ball_enter'====== Args={'new_balls': 1, 'unclaimed_balls': 1, 'new_available_balls': 1, 'device': <ball_device.bd_drain>}
2022-09-11 17:52:47,432 : INFO : EventManager : Event: ======'ball_drain'====== Args={'device': <ball_device.bd_drain>, 'balls': 1}
2022-09-11 17:52:47,432 : INFO : EventManager : Event: ======'balldevice_balls_available'====== Args={}
2022-09-11 17:52:47,432 : INFO : EventManager : Event: ======'balldevice_bd_drain_ball_entered'====== Args={'new_balls': 1, 'device': <ball_device.bd_drain>}
2022-09-11 17:52:47,642 : INFO : SwitchController : <<<<<<< 's_start' active >>>>>>>
2022-09-11 17:52:47,738 : INFO : SwitchController : <<<<<<< 's_start' inactive >>>>>>>
2022-09-11 17:52:47,738 : INFO : EventManager : Event: ======'request_to_start_game'====== Args={}
2022-09-11 17:52:47,739 : INFO : EventManager : Event: ======'game_start'====== Args={'buttons': [], 'hold_time': 0.10999999999989996}
2022-09-11 17:52:47,740 : INFO : EventManager : Event: ======'mode_game_will_start'====== Args={'buttons': [], 'hold_time': 0.10999999999989996}
2022-09-11 17:52:47,741 : INFO : EventManager : Event: ======'mode_game_starting'====== Args={'buttons': [], 'hold_time': 0.10999999999989996}
2022-09-11 17:52:47,741 : INFO : EventManager : Event: ======'mode_attract_will_stop'====== Args={}
2022-09-11 17:52:47,741 : INFO : EventManager : Event: ======'mode_attract_stopping'====== Args={}
2022-09-11 17:52:47,741 : INFO : Mode.attract : Stopped.
2022-09-11 17:52:47,741 : INFO : EventManager : Event: ======'modes_active_modes_changed'====== Args={}
2022-09-11 17:52:47,745 : INFO : EventManager : Event: ======'mode_attract_stopped'====== Args={}
2022-09-11 17:52:47,746 : INFO : EventManager : Event: ======'clear'====== Args={'key': 'attract'}
2022-09-11 17:52:47,746 : INFO : Mode.game : Started. Priority: 20
2022-09-11 17:52:47,746 : INFO : EventManager : Event: ======'modes_active_modes_changed'====== Args={}
2022-09-11 17:52:47,747 : INFO : EventManager : Event: ======'mode_game_started'====== Args={'buttons': [], 'hold_time': 0.10999999999989996}
2022-09-11 17:52:47,756 : INFO : EventManager : Event: ======'game_will_start'====== Args={}
2022-09-11 17:52:47,758 : INFO : EventManager : Event: ======'slide_show_3.slide_player-0_removed'====== Args={'_from_bcp': True}
2022-09-11 17:52:47,758 : INFO : EventManager : Event: ======'slide_last_game_score_slide_removed'====== Args={'_from_bcp': True}
2022-09-11 17:52:47,759 : INFO : EventManager : Event: ======'slide_press_start_removed'====== Args={'_from_bcp': True}
2022-09-11 17:52:47,759 : INFO : EventManager : Event: ======'slide_window1_blank_active'====== Args={'_from_bcp': True}
2022-09-11 17:52:47,759 : INFO : EventManager : Event: ======'game_starting'====== Args={'game': <Mode.game>}
2022-09-11 17:52:47,760 : INFO : EventManager : Event: ======'player_add_request'====== Args={}
2022-09-11 17:52:47,761 : INFO : EventManager : Event: ======'player_will_add'====== Args={'number': 1}
2022-09-11 17:52:47,761 : INFO : EventManager : Event: ======'player_adding'====== Args={'player': <Player 1>, 'number': 1}
2022-09-11 17:52:47,762 : INFO : EventManager : Event: ======'player_added'====== Args={'player': <Player 1>, 'num': 1}
2022-09-11 17:52:47,762 : INFO : Mode.game : Player added successfully. Total players: 1
2022-09-11 17:52:47,762 : INFO : EventManager : Event: ======'player_index'====== Args={'value': 0, 'prev_value': 0, 'change': 0, 'player_num': 1}
2022-09-11 17:52:47,763 : INFO : EventManager : Event: ======'player_number'====== Args={'value': 1, 'prev_value': 1, 'change': 0, 'player_num': 1}
2022-09-11 17:52:47,764 : INFO : EventManager : Event: ======'player_mode_value'====== Args={'value': 1000000, 'prev_value': 1000000, 'change': 0, 'player_num': 1}
2022-09-11 17:52:47,764 : INFO : EventManager : Event: ======'player_bonus_multiplier'====== Args={'value': 1, 'prev_value': 1, 'change': 0, 'player_num': 1}
2022-09-11 17:52:47,765 : INFO : EventManager : Event: ======'player_playfield_multiplier'====== Args={'value': 1, 'prev_value': 1, 'change': 0, 'player_num': 1}
2022-09-11 17:52:47,766 : INFO : EventManager : Event: ======'player_score'====== Args={'value': 0, 'prev_value': 0, 'change': 0, 'player_num': 1}
2022-09-11 17:52:47,767 : INFO : EventManager : Event: ======'game_started'====== Args={}
2022-09-11 17:52:47,791 : INFO : EventManager : Event: ======'player_turn_will_start'====== Args={'player': <Player 1>, 'number': 1}
2022-09-11 17:52:47,792 : INFO : EventManager : Event: ======'player_turn_starting'====== Args={'player': <Player 1>, 'number': 1}
2022-09-11 17:52:47,792 : INFO : EventManager : Event: ======'player_ball'====== Args={'value': 1, 'prev_value': 0, 'change': 1, 'player_num': 1}
2022-09-11 17:52:47,792 : INFO : EventManager : Event: ======'player_turn_started'====== Args={'player': <Player 1>, 'number': 1}
2022-09-11 17:52:47,793 : INFO : EventManager : Event: ======'ball_will_start'====== Args={'player': 1, 'ball': 1, 'balls_remaining': 2, 'is_extra_ball': False}
2022-09-11 17:52:47,796 : INFO : EventManager : Event: ======'ball_starting'====== Args={'player': 1, 'ball': 1, 'balls_remaining': 2, 'is_extra_ball': False}
2022-09-11 17:52:47,798 : INFO : EventManager : Event: ======'balls_in_play'====== Args={'balls': 1}
2022-09-11 17:52:47,798 : INFO : EventManager : Event: ======'ball_started'====== Args={'player': 1, 'ball': 1, 'balls_remaining': 2, 'is_extra_ball': False}
2022-09-11 17:52:47,798 : INFO : EventManager : Event: ======'mode_combos_will_start'====== Args={'player': 1, 'ball': 1, 'balls_remaining': 2, 'is_extra_ball': False}
2022-09-11 17:52:47,802 : INFO : EventManager : Event: ======'mode_combos_starting'====== Args={'player': 1, 'ball': 1, 'balls_remaining': 2, 'is_extra_ball': False}
2022-09-11 17:52:47,803 : INFO : EventManager : Event: ======'mode_base_will_start'====== Args={'player': 1, 'ball': 1, 'balls_remaining': 2, 'is_extra_ball': False}
2022-09-11 17:52:47,803 : INFO : EventManager : Event: ======'player_shot_l_lane_enabled'====== Args={'value': True, 'prev_value': 0, 'change': 1, 'player_num': 1}
2022-09-11 17:52:47,803 : INFO : EventManager : Event: ======'player_shot_r_lane_enabled'====== Args={'value': True, 'prev_value': 0, 'change': 1, 'player_num': 1}
2022-09-11 17:52:47,804 : INFO : EventManager : Event: ======'player_shot_center_target_enabled'====== Args={'value': True, 'prev_value': 0, 'change': 1, 'player_num': 1}
2022-09-11 17:52:47,805 : INFO : EventManager : Event: ======'bonus_lanes_complete'====== Args={'state': 'unlit'}
2022-09-11 17:52:47,805 : INFO : EventManager : Event: ======'bonus_lanes_unlit_complete'====== Args={}
2022-09-11 17:52:47,806 : INFO : EventManager : Event: ======'player_extra_ball_two_modes_complete_num_awarded'====== Args={'value': 0, 'prev_value': 0, 'change': 0, 'player_num': 1}
2022-09-11 17:52:47,806 : INFO : EventManager : Event: ======'achievement_mission1_changed_state'====== Args={'restore': False, 'state': 'disabled', 'selected': False}
2022-09-11 17:52:47,807 : INFO : EventManager : Event: ======'achievement_mission1_state_disabled'====== Args={'restore': False, 'state': 'disabled', 'selected': False}
2022-09-11 17:52:47,807 : INFO : EventManager : Event: ======'achievement_mission2_changed_state'====== Args={'restore': False, 'state': 'disabled', 'selected': False}
2022-09-11 17:52:47,807 : INFO : EventManager : Event: ======'achievement_mission2_state_disabled'====== Args={'restore': False, 'state': 'disabled', 'selected': False}
2022-09-11 17:52:47,807 : INFO : EventManager : Event: ======'achievement_mission3_changed_state'====== Args={'restore': False, 'state': 'disabled', 'selected': False}
2022-09-11 17:52:47,807 : INFO : EventManager : Event: ======'achievement_mission3_state_disabled'====== Args={'restore': False, 'state': 'disabled', 'selected': False}
2022-09-11 17:52:47,807 : INFO : EventManager : Event: ======'achievement_mission4_changed_state'====== Args={'restore': False, 'state': 'disabled', 'selected': False}
2022-09-11 17:52:47,807 : INFO : EventManager : Event: ======'achievement_mission4_state_disabled'====== Args={'restore': False, 'state': 'disabled', 'selected': False}
2022-09-11 17:52:47,816 : INFO : EventManager : Event: ======'mode_base_starting'====== Args={'player': 1, 'ball': 1, 'balls_remaining': 2, 'is_extra_ball': False}
2022-09-11 17:52:47,816 : INFO : EventManager : Event: ======'mode_super_features_will_start'====== Args={'player': 1, 'ball': 1, 'balls_remaining': 2, 'is_extra_ball': False}
2022-09-11 17:52:47,817 : INFO : EventManager : Event: ======'achievement_super_spinners_changed_state'====== Args={'restore': False, 'state': 'disabled', 'selected': False}
2022-09-11 17:52:47,817 : INFO : EventManager : Event: ======'achievement_super_spinners_state_disabled'====== Args={'restore': False, 'state': 'disabled', 'selected': False}
2022-09-11 17:52:47,817 : INFO : EventManager : Event: ======'achievement_super_targets_changed_state'====== Args={'restore': False, 'state': 'disabled', 'selected': False}
2022-09-11 17:52:47,817 : INFO : EventManager : Event: ======'achievement_super_targets_state_disabled'====== Args={'restore': False, 'state': 'disabled', 'selected': False}
2022-09-11 17:52:47,817 : INFO : EventManager : Event: ======'achievement_super_lanes_changed_state'====== Args={'restore': False, 'state': 'disabled', 'selected': False}
2022-09-11 17:52:47,817 : INFO : EventManager : Event: ======'achievement_super_lanes_state_disabled'====== Args={'restore': False, 'state': 'disabled', 'selected': False}
2022-09-11 17:52:47,817 : INFO : EventManager : Event: ======'achievement_super_slings_changed_state'====== Args={'restore': False, 'state': 'disabled', 'selected': False}
2022-09-11 17:52:47,817 : INFO : EventManager : Event: ======'achievement_super_slings_state_disabled'====== Args={'restore': False, 'state': 'disabled', 'selected': False}
2022-09-11 17:52:47,820 : INFO : EventManager : Event: ======'mode_super_features_starting'====== Args={'player': 1, 'ball': 1, 'balls_remaining': 2, 'is_extra_ball': False}
2022-09-11 17:52:47,820 : INFO : drop_target_bank.main : All targets are already up. Will not reset bank.
2022-09-11 17:52:47,821 : INFO : Mode.super_features : Started. Priority: 100
2022-09-11 17:52:47,821 : INFO : EventManager : Event: ======'modes_active_modes_changed'====== Args={}
2022-09-11 17:52:47,821 : INFO : EventManager : Event: ======'mode_super_features_started'====== Args={'player': 1, 'ball': 1, 'balls_remaining': 2, 'is_extra_ball': False}
2022-09-11 17:52:47,821 : INFO : Mode.combos : Started. Priority: 700
2022-09-11 17:52:47,821 : INFO : EventManager : Event: ======'modes_active_modes_changed'====== Args={}
2022-09-11 17:52:47,821 : INFO : EventManager : Event: ======'mode_combos_started'====== Args={'player': 1, 'ball': 1, 'balls_remaining': 2, 'is_extra_ball': False}
2022-09-11 17:52:47,822 : INFO : EventManager : Event: ======'logicblock_mode_completion_counter_updated'====== Args={'value': 0, 'enabled': True}
2022-09-11 17:52:47,822 : INFO : EventManager : Event: ======'logicblock_mode_completion_counter_updated'====== Args={'value': 0, 'enabled': True}
2022-09-11 17:52:47,822 : INFO : Mode.base : Started. Priority: 100
2022-09-11 17:52:47,822 : INFO : EventManager : Event: ======'modes_active_modes_changed'====== Args={}
2022-09-11 17:52:47,822 : INFO : EventManager : Event: ======'mode_base_started'====== Args={'player': 1, 'ball': 1, 'balls_remaining': 2, 'is_extra_ball': False}
2022-09-11 17:52:47,822 : INFO : EventManager : Event: ======'ball_save_base_save_enabled'====== Args={}
2022-09-11 17:52:47,823 : INFO : EventManager : Event: ======'mode_spell_portal_will_start'====== Args={'player': 1, 'ball': 1, 'balls_remaining': 2, 'is_extra_ball': False}
2022-09-11 17:52:47,823 : INFO : EventManager : Event: ======'player_shot_portal_advance_enabled'====== Args={'value': True, 'prev_value': 0, 'change': 1, 'player_num': 1}
2022-09-11 17:52:47,825 : INFO : EventManager : Event: ======'mode_spell_portal_starting'====== Args={'player': 1, 'ball': 1, 'balls_remaining': 2, 'is_extra_ball': False}
2022-09-11 17:52:47,825 : INFO : EventManager : Event: ======'mode_spell_warp_will_start'====== Args={'player': 1, 'ball': 1, 'balls_remaining': 2, 'is_extra_ball': False}
2022-09-11 17:52:47,825 : INFO : EventManager : Event: ======'player_shot_warp_advance_enabled'====== Args={'value': True, 'prev_value': 0, 'change': 1, 'player_num': 1}
2022-09-11 17:52:47,827 : INFO : EventManager : Event: ======'mode_spell_warp_starting'====== Args={'player': 1, 'ball': 1, 'balls_remaining': 2, 'is_extra_ball': False}
2022-09-11 17:52:47,827 : INFO : EventManager : Event: ======'mode_spell_galaxy_will_start'====== Args={'player': 1, 'ball': 1, 'balls_remaining': 2, 'is_extra_ball': False}
2022-09-11 17:52:47,827 : INFO : EventManager : Event: ======'player_shot_galaxy_advance_enabled'====== Args={'value': True, 'prev_value': 0, 'change': 1, 'player_num': 1}
2022-09-11 17:52:47,830 : INFO : EventManager : Event: ======'mode_spell_galaxy_starting'====== Args={'player': 1, 'ball': 1, 'balls_remaining': 2, 'is_extra_ball': False}
2022-09-11 17:52:47,830 : INFO : EventManager : Event: ======'mode_add_mode_value_will_start'====== Args={'player': 1, 'ball': 1, 'balls_remaining': 2, 'is_extra_ball': False}
2022-09-11 17:52:47,831 : INFO : EventManager : Event: ======'mode_add_mode_value_starting'====== Args={'player': 1, 'ball': 1, 'balls_remaining': 2, 'is_extra_ball': False}
2022-09-11 17:52:47,832 : INFO : drop_target_bank.main : All targets are already up. Will not reset bank.
2022-09-11 17:52:47,832 : INFO : Mode.add_mode_value : Started. Priority: 200
2022-09-11 17:52:47,833 : INFO : EventManager : Event: ======'modes_active_modes_changed'====== Args={}
2022-09-11 17:52:47,833 : INFO : EventManager : Event: ======'mode_add_mode_value_started'====== Args={'player': 1, 'ball': 1, 'balls_remaining': 2, 'is_extra_ball': False}
2022-09-11 17:52:47,833 : INFO : EventManager : Event: ======'single_player_ball_started'====== Args={}
2022-09-11 17:52:47,851 : INFO : EventManager : Event: ======'logicblock_portal_counter_updated'====== Args={'value': 0, 'enabled': True}
2022-09-11 17:52:47,852 : INFO : EventManager : Event: ======'logicblock_portal_counter_updated'====== Args={'value': 0, 'enabled': True}
2022-09-11 17:52:47,852 : INFO : Mode.spell_portal : Started. Priority: 200
2022-09-11 17:52:47,852 : INFO : EventManager : Event: ======'modes_active_modes_changed'====== Args={}
2022-09-11 17:52:47,852 : INFO : EventManager : Event: ======'mode_spell_portal_started'====== Args={'player': 1, 'ball': 1, 'balls_remaining': 2, 'is_extra_ball': False}
2022-09-11 17:52:47,852 : INFO : EventManager : Event: ======'logicblock_warp_counter_updated'====== Args={'value': 0, 'enabled': True}
2022-09-11 17:52:47,852 : INFO : EventManager : Event: ======'logicblock_warp_counter_updated'====== Args={'value': 0, 'enabled': True}
2022-09-11 17:52:47,852 : INFO : Mode.spell_warp : Started. Priority: 200
2022-09-11 17:52:47,852 : INFO : EventManager : Event: ======'modes_active_modes_changed'====== Args={}
2022-09-11 17:52:47,852 : INFO : EventManager : Event: ======'mode_spell_warp_started'====== Args={'player': 1, 'ball': 1, 'balls_remaining': 2, 'is_extra_ball': False}
2022-09-11 17:52:47,852 : INFO : EventManager : Event: ======'logicblock_galaxy_counter_updated'====== Args={'value': 0, 'enabled': True}
2022-09-11 17:52:47,853 : INFO : EventManager : Event: ======'logicblock_galaxy_counter_updated'====== Args={'value': 0, 'enabled': True}
2022-09-11 17:52:47,853 : INFO : Mode.spell_galaxy : Started. Priority: 200
2022-09-11 17:52:47,853 : INFO : EventManager : Event: ======'modes_active_modes_changed'====== Args={}
2022-09-11 17:52:47,853 : INFO : EventManager : Event: ======'mode_spell_galaxy_started'====== Args={'player': 1, 'ball': 1, 'balls_remaining': 2, 'is_extra_ball': False}
2022-09-11 17:52:47,855 : INFO : EventManager : Event: ======'achievement_super_spinners_changed_state'====== Args={'restore': False, 'state': 'enabled', 'selected': False}
2022-09-11 17:52:47,855 : INFO : EventManager : Event: ======'achievement_super_spinners_state_enabled'====== Args={'restore': False, 'state': 'enabled', 'selected': False}
2022-09-11 17:52:47,855 : INFO : EventManager : Event: ======'achievement_super_targets_changed_state'====== Args={'restore': False, 'state': 'enabled', 'selected': False}
2022-09-11 17:52:47,855 : INFO : EventManager : Event: ======'achievement_super_targets_state_enabled'====== Args={'restore': False, 'state': 'enabled', 'selected': False}
2022-09-11 17:52:47,855 : INFO : EventManager : Event: ======'achievement_super_lanes_changed_state'====== Args={'restore': False, 'state': 'enabled', 'selected': False}
2022-09-11 17:52:47,855 : INFO : EventManager : Event: ======'achievement_super_lanes_state_enabled'====== Args={'restore': False, 'state': 'enabled', 'selected': False}
2022-09-11 17:52:47,855 : INFO : EventManager : Event: ======'achievement_super_slings_changed_state'====== Args={'restore': False, 'state': 'enabled', 'selected': False}
2022-09-11 17:52:47,855 : INFO : EventManager : Event: ======'achievement_super_slings_state_enabled'====== Args={'restore': False, 'state': 'enabled', 'selected': False}
2022-09-11 17:52:47,856 : INFO : EventManager : Event: ======'achievement_super_targets_changed_state'====== Args={'restore': False, 'state': 'enabled', 'selected': True}
2022-09-11 17:52:47,856 : INFO : EventManager : Event: ======'achievement_super_targets_state_enabled'====== Args={'restore': False, 'state': 'enabled', 'selected': True}
2022-09-11 17:52:47,856 : INFO : EventManager : Event: ======'achievement_super_targets_state_selected'====== Args={'restore': False, 'state': 'enabled', 'selected': True}
2022-09-11 17:52:47,856 : INFO : EventManager : Event: ======'ball_start_target'====== Args={'target': 'playfield'}
2022-09-11 17:52:47,877 : INFO : ball_device.bd_drain : Setting up player-controlled eject. Balls: 1, Target: <playfield.playfield>, player_controlled_eject_event: s_action_button_active
2022-09-11 17:52:47,877 : INFO : EventManager : Event: ======'balldevice_balls_available'====== Args={}
2022-09-11 17:52:47,877 : INFO : EventManager : Event: ======'slide_score_slide_created'====== Args={'_from_bcp': True}
2022-09-11 17:52:47,879 : INFO : EventManager : Event: ======'slide_score_slide_active'====== Args={'_from_bcp': True}
2022-09-11 17:52:47,880 : INFO : ball_device.bd_drain : State: waiting_for_target_ready
2022-09-11 17:52:47,881 : INFO : EventManager : Event: ======'balldevice_bd_drain_ball_eject_attempt'====== Args={'balls': 1, 'target': <playfield.playfield>, 'source': <ball_device.bd_drain>, 'mechanical_eject': True, 'num_attempts': 0}
2022-09-11 17:52:47,881 : INFO : ball_device.bd_drain : State: ejecting
2022-09-11 17:52:47,881 : INFO : ball_device.bd_drain : Ejecting ball to <playfield.playfield>
2022-09-11 17:52:47,882 : INFO : EventManager : Event: ======'balldevice_bd_drain_ejecting_ball'====== Args={'balls': 1, 'target': <playfield.playfield>, 'source': <ball_device.bd_drain>, 'mechanical_eject': True, 'num_attempts': 0}
2022-09-11 17:52:47,883 : INFO : ball_device.bd_drain : Wait for ball to leave device
2022-09-11 17:52:49,386 : INFO : SwitchController : <<<<<<< 's_action_button' active >>>>>>>
2022-09-11 17:52:49,386 : INFO : EventManager : Event: ======'s_action_button_active'====== Args={}
2022-09-11 17:52:49,387 : INFO : EventManager : Event: ======'machine_var_audits_switches_s_action_button'====== Args={'value': 4429, 'prev_value': 4428, 'change': 1}
2022-09-11 17:52:49,398 : INFO : EventManager : Event: ======'ball_save_base_save_timer_start'====== Args={}
2022-09-11 17:52:49,411 : INFO : coil.c_drain_eject : Pulsing Driver for 30ms (1.0 pulse_power)
2022-09-11 17:52:49,562 : INFO : SwitchController : <<<<<<< 's_action_button' inactive >>>>>>>
2022-09-11 17:52:49,594 : INFO : SwitchController : <<<<<<< 's_drain' inactive >>>>>>>
2022-09-11 17:52:49,595 : INFO : EventManager : Event: ======'s_drain_inactive'====== Args={}
2022-09-11 17:52:49,603 : INFO : ball_device.bd_drain : State: ball_left
2022-09-11 17:52:49,603 : INFO : ball_device.bd_drain : Ball left
2022-09-11 17:52:49,603 : INFO : ball_device.bd_drain : Wait for confirm with timeout 1.0
2022-09-11 17:52:50,122 : INFO : SwitchController : <<<<<<< 's_left_sling' active >>>>>>>
2022-09-11 17:52:50,122 : INFO : EventManager : Event: ======'s_left_sling_active'====== Args={}
2022-09-11 17:52:50,123 : INFO : EventManager : Event: ======'machine_var_audits_switches_s_left_sling'====== Args={'value': 7811, 'prev_value': 7810, 'change': 1}
2022-09-11 17:52:50,125 : INFO : EventManager : Event: ======'player_score'====== Args={'value': 1110, 'prev_value': 0, 'change': 1110, 'player_num': 1}
2022-09-11 17:52:50,126 : INFO : EventManager : Event: ======'player_switches'====== Args={'value': 1, 'prev_value': 0, 'change': 1, 'player_num': 1}
2022-09-11 17:52:50,154 : INFO : SwitchController : <<<<<<< 's_left_sling' inactive >>>>>>>
2022-09-11 17:52:50,592 : INFO : ball_device.bd_drain : State: failed_confirm
2022-09-11 17:52:50,592 : INFO : ball_device.bd_drain : Got timeout (1.0s) before confirm from <playfield.playfield>
2022-09-11 17:52:50,686 : INFO : ball_device.bd_drain : Confirming eject because target is playfield and ball did not return.
2022-09-11 17:52:50,686 : INFO : ball_device.bd_drain : Eject successful
2022-09-11 17:52:50,686 : INFO : EventManager : Event: ======'balldevice_bd_drain_ball_eject_success'====== Args={'balls': 1, 'target': <playfield.playfield>}
2022-09-11 17:52:50,687 : INFO : EventManager : Event: ======'balldevice_playfield_ball_enter'====== Args={'new_balls': 1, 'unclaimed_balls': 1, 'device': <playfield.playfield>}
2022-09-11 17:52:50,687 : INFO : EventManager : Event: ======'playfield_ball_count_change'====== Args={'balls': 1, 'change': 1}
2022-09-11 17:52:50,688 : INFO : EventManager : Event: ======'balldevice_bd_drain_ball_count_changed'====== Args={'balls': 0}
2022-09-11 17:52:50,688 : INFO : ball_device.bd_drain : State: idle
2022-09-11 17:52:50,762 : INFO : SwitchController : <<<<<<< 's_left_flipper' active >>>>>>>
2022-09-11 17:52:50,763 : INFO : EventManager : Event: ======'s_left_flipper_active'====== Args={}
2022-09-11 17:52:50,763 : INFO : EventManager : Event: ======'machine_var_audits_switches_s_left_flipper'====== Args={'value': 40188, 'prev_value': 40187, 'change': 1}
2022-09-11 17:52:52,490 : INFO : SwitchController : <<<<<<< 's_left_inlane' active >>>>>>>
2022-09-11 17:52:52,490 : INFO : EventManager : Event: ======'s_left_inlane_active'====== Args={}
2022-09-11 17:52:52,491 : INFO : EventManager : Event: ======'machine_var_audits_switches_s_left_inlane'====== Args={'value': 751, 'prev_value': 750, 'change': 1}
2022-09-11 17:52:52,502 : INFO : EventManager : Event: ======'mode_mini_wizard_lit_will_start'====== Args={}
2022-09-11 17:52:52,508 : INFO : EventManager : Event: ======'mode_mini_wizard_lit_starting'====== Args={}
2022-09-11 17:52:52,508 : INFO : EventManager : Event: ======'player_shot_l_lane'====== Args={'value': 1, 'prev_value': 0, 'change': 1, 'player_num': 1}
2022-09-11 17:52:52,509 : INFO : EventManager : Event: ======'machine_var_audits_shots_l_lane'====== Args={'value': 748, 'prev_value': 747, 'change': 1}
2022-09-11 17:52:52,511 : INFO : EventManager : Event: ======'l_lane_hit'====== Args={'profile': 'default', 'state': 'unlit', 'advancing': True}
2022-09-11 17:52:52,511 : INFO : EventManager : Event: ======'l_lane_default_hit'====== Args={'profile': 'default', 'state': 'unlit', 'advancing': True}
2022-09-11 17:52:52,511 : INFO : EventManager : Event: ======'l_lane_default_unlit_hit'====== Args={'profile': 'default', 'state': 'unlit', 'advancing': True}
2022-09-11 17:52:52,511 : INFO : EventManager : Event: ======'l_lane_unlit_hit'====== Args={'profile': 'default', 'state': 'unlit', 'advancing': True}
2022-09-11 17:52:52,512 : INFO : EventManager : Event: ======'player_score'====== Args={'value': 11110, 'prev_value': 1110, 'change': 10000, 'player_num': 1}
2022-09-11 17:52:52,512 : INFO : EventManager : Event: ======'player_switches'====== Args={'value': 2, 'prev_value': 1, 'change': 1, 'player_num': 1}
2022-09-11 17:52:52,512 : INFO : EventManager : Event: ======'bonus_lanes_hit'====== Args={}
2022-09-11 17:52:52,512 : INFO : EventManager : Event: ======'bonus_lanes_unlit_hit'====== Args={}
2022-09-11 17:52:52,513 : INFO : Mode.mini_wizard_lit : Started. Priority: 800
2022-09-11 17:52:52,513 : INFO : EventManager : Event: ======'modes_active_modes_changed'====== Args={}
2022-09-11 17:52:52,513 : INFO : EventManager : Event: ======'mode_mini_wizard_lit_started'====== Args={}
2022-09-11 17:52:52,602 : INFO : SwitchController : <<<<<<< 's_left_inlane' inactive >>>>>>>
2022-09-11 17:52:53,759 : INFO : EventManager : Event: ======'flipper_cradle'====== Args={}
2022-09-11 17:52:57,378 : INFO : EventManager : Event: ======'ball_save_base_save_hurry_up'====== Args={}
2022-09-11 17:52:59,391 : INFO : EventManager : Event: ======'ball_save_base_save_grace_period'====== Args={}
2022-09-11 17:53:01,388 : INFO : EventManager : Event: ======'ball_save_base_save_disabled'====== Args={}
2022-09-11 17:53:21,240 : INFO : SwitchController : <<<<<<< 's_left_flipper' inactive >>>>>>>
2022-09-11 17:53:21,241 : INFO : EventManager : Event: ======'flipper_cradle_release'====== Args={}
2022-09-11 17:53:22,667 : INFO : Machine : Shutting down...
2022-09-11 17:53:22,667 : INFO : EventManager : Event: ======'shutdown'====== Args={}
2022-09-11 17:53:22,698 : WARNING : FAST : Port RGB received more messages than were sent! Resetting!
2022-09-11 17:53:22,698 : WARNING : FAST : Received unknown serial command? BX:P from RGB.
2022-09-11 17:53:22,698 : INFO : SwitchController : <<<<<<< 's_drain' active >>>>>>>
2022-09-11 17:53:22,698 : INFO : EventManager : Event: ======'machine_var_audits_switches_s_drain'====== Args={'value': 3017, 'prev_value': 3016, 'change': 1}
2022-09-11 17:53:22,698 : WARNING : FAST : Port NET received more messages than were sent! Resetting!
2022-09-11 17:53:22,776 : ERROR : FAST : Stop called on serial connection com7
2022-09-11 17:53:22,776 : ERROR : FAST : Stop called on serial connection com8
2022-09-11 17:53:22,990 : INFO : root : MPF run loop ended.
