2022-09-11 13:05:15,070 : INFO : root : Loading config.
2022-09-11 13:05:15,586 : INFO : ConfigProcessor : Config spec file cache created: C:\Users\Brendan\AppData\Local\Temp\config_spec.mpf_cache
2022-09-11 13:05:15,587 : INFO : YamlMultifileConfigLoader : Machine config file #1: config.yaml
2022-09-11 13:05:15,587 : INFO : ConfigProcessor : Loading config from cache: C:\Users\Brendan\AppData\Local\Temp\bccefe987bb586eace29905fa80cab57.mpf_cache
2022-09-11 13:05:15,642 : INFO : ConfigProcessor : Loading config from cache: C:\Users\Brendan\AppData\Local\Temp\467e7647689d29fad6adf949e1f4d51d.mpf_cache
2022-09-11 13:05:15,643 : INFO : ConfigProcessor : Loading config from cache: C:\Users\Brendan\AppData\Local\Temp\5550e037aa776b42b91b29b40b356c70.mpf_cache
2022-09-11 13:05:15,643 : INFO : ConfigProcessor : Loading config from cache: C:\Users\Brendan\AppData\Local\Temp\15e0c601392b30c3d9ba3ead8131edb5.mpf_cache
2022-09-11 13:05:15,644 : INFO : ConfigProcessor : Loading config from cache: C:\Users\Brendan\AppData\Local\Temp\0bf50917c4ef15ab65ee13d6c14e7d7c.mpf_cache
2022-09-11 13:05:15,645 : INFO : ConfigProcessor : Loading config from cache: C:\Users\Brendan\AppData\Local\Temp\bc7da7b13b2754e080c2afa0678ac274.mpf_cache
2022-09-11 13:05:15,646 : INFO : ConfigProcessor : Loading config from cache: C:\Users\Brendan\AppData\Local\Temp\bbd59d0bb6602ee0c5a89d6f85e6dd42.mpf_cache
2022-09-11 13:05:15,647 : INFO : ConfigProcessor : Loading config from cache: C:\Users\Brendan\AppData\Local\Temp\5526c78976fee311c3d05505d75f653d.mpf_cache
2022-09-11 13:05:15,647 : INFO : ConfigProcessor : Loading config from cache: C:\Users\Brendan\AppData\Local\Temp\6e95138ae5415fc76b53ebf8fa245fb5.mpf_cache
2022-09-11 13:05:15,648 : INFO : ConfigProcessor : Loading config from cache: C:\Users\Brendan\AppData\Local\Temp\1ec1c4dffb383758956493783a9ed391.mpf_cache
2022-09-11 13:05:15,649 : INFO : ConfigProcessor : Loading config from cache: C:\Users\Brendan\AppData\Local\Temp\f2aee92728c8017b77c710c804dd7f5a.mpf_cache
2022-09-11 13:05:15,650 : INFO : ConfigProcessor : Loading config from cache: C:\Users\Brendan\AppData\Local\Temp\88f57fa1305e9dc100972ec9f84d57fe.mpf_cache
2022-09-11 13:05:15,651 : INFO : ConfigProcessor : Loading config from cache: C:\Users\Brendan\AppData\Local\Temp\6e00a9d794d4c3f43a0fc48da04dac60.mpf_cache
2022-09-11 13:05:15,652 : INFO : ConfigProcessor : Loading config from cache: C:\Users\Brendan\AppData\Local\Temp\05ef98219fc733c3bcab58726c4b37ef.mpf_cache
2022-09-11 13:05:15,652 : INFO : ConfigProcessor : Loading config from cache: C:\Users\Brendan\AppData\Local\Temp\c22d657a5a7bb60632c2be2c735e073b.mpf_cache
2022-09-11 13:05:15,653 : INFO : ConfigProcessor : Loading config from cache: C:\Users\Brendan\AppData\Local\Temp\f7d4f5eb9425fe84d2e83a363afd4bdf.mpf_cache
2022-09-11 13:05:15,654 : INFO : ConfigProcessor : Loading config from cache: C:\Users\Brendan\AppData\Local\Temp\125f51d329f930ea7bff10973551cc26.mpf_cache
2022-09-11 13:05:15,655 : INFO : ConfigProcessor : Loading config from cache: C:\Users\Brendan\AppData\Local\Temp\08e18dfdf4e02cd29cc0cc52be2faaf4.mpf_cache
2022-09-11 13:05:15,655 : INFO : ConfigProcessor : Loading config from cache: C:\Users\Brendan\AppData\Local\Temp\f042f5bf6362b9e04d43b40b93a92057.mpf_cache
2022-09-11 13:05:15,656 : INFO : ConfigProcessor : Loading config from cache: C:\Users\Brendan\AppData\Local\Temp\60badac06cd62deb71f25fac24b103c2.mpf_cache
2022-09-11 13:05:15,657 : INFO : ConfigProcessor : Loading config from cache: C:\Users\Brendan\AppData\Local\Temp\a3ad1aeb679a0686901de8a6ffe784f0.mpf_cache
2022-09-11 13:05:15,658 : INFO : ConfigProcessor : Loading config from cache: C:\Users\Brendan\AppData\Local\Temp\d7856287e4ec48fb5adaa65e5f7b2848.mpf_cache
2022-09-11 13:05:15,658 : INFO : ConfigProcessor : Loading config from cache: C:\Users\Brendan\AppData\Local\Temp\338dcf2127887f92988a932f243d1482.mpf_cache
2022-09-11 13:05:15,659 : INFO : ConfigProcessor : Loading config from cache: C:\Users\Brendan\AppData\Local\Temp\379a066b5790096ac3d821940ca23943.mpf_cache
2022-09-11 13:05:15,660 : INFO : ConfigProcessor : Loading config from cache: C:\Users\Brendan\AppData\Local\Temp\4849f32e60febd99d83791f2417d9a0f.mpf_cache
2022-09-11 13:05:15,660 : INFO : ConfigProcessor : Loading config from cache: C:\Users\Brendan\AppData\Local\Temp\46695fafdda39c0538290acecd64f4c0.mpf_cache
2022-09-11 13:05:15,661 : INFO : ConfigProcessor : Loading config from cache: C:\Users\Brendan\AppData\Local\Temp\942a9c8af084c06606ececc74db0a30f.mpf_cache
2022-09-11 13:05:15,662 : INFO : ConfigProcessor : Loading config from cache: C:\Users\Brendan\AppData\Local\Temp\d3a5f9b6ba13782c30d3f4f7e40a9dcf.mpf_cache
2022-09-11 13:05:15,662 : INFO : ConfigProcessor : Loading config from cache: C:\Users\Brendan\AppData\Local\Temp\bb2305c107159ac261738ee6fa5177f9.mpf_cache
2022-09-11 13:05:15,663 : INFO : ConfigProcessor : Loading config from cache: C:\Users\Brendan\AppData\Local\Temp\5e8fe62f7d4a280c75af4e016e79234a.mpf_cache
2022-09-11 13:05:15,663 : INFO : ConfigProcessor : Loading config from cache: C:\Users\Brendan\AppData\Local\Temp\7934ad8984867b043b25c8f1f16418da.mpf_cache
2022-09-11 13:05:15,664 : INFO : ConfigProcessor : Loading config from cache: C:\Users\Brendan\AppData\Local\Temp\201f4c0a0d10e05df2979372d05b639d.mpf_cache
2022-09-11 13:05:15,665 : INFO : ConfigProcessor : Loading config from cache: C:\Users\Brendan\AppData\Local\Temp\29084e75e573608c6a2e9d91f8c2e516.mpf_cache
2022-09-11 13:05:15,666 : INFO : ConfigProcessor : Loading config from cache: C:\Users\Brendan\AppData\Local\Temp\c1a52d9ec6beffcf3a0c74172f4f1789.mpf_cache
2022-09-11 13:05:15,666 : INFO : ConfigProcessor : Loading config from cache: C:\Users\Brendan\AppData\Local\Temp\1a7cfdccecce53cd51775700aa921808.mpf_cache
2022-09-11 13:05:15,667 : INFO : ConfigProcessor : Loading config from cache: C:\Users\Brendan\AppData\Local\Temp\bbeb6a5751b9d2029aa6e8633936e040.mpf_cache
2022-09-11 13:05:15,668 : INFO : ConfigProcessor : Loading config from cache: C:\Users\Brendan\AppData\Local\Temp\396defae609afab4d6d7399595fd494b.mpf_cache
2022-09-11 13:05:15,668 : INFO : ConfigProcessor : Loading config from cache: C:\Users\Brendan\AppData\Local\Temp\df5b128cf73808572dcd58af6b99a12a.mpf_cache
2022-09-11 13:05:15,669 : INFO : ConfigProcessor : Loading config from cache: C:\Users\Brendan\AppData\Local\Temp\b16abd66a20b52f76df13eb007a93cde.mpf_cache
2022-09-11 13:05:15,670 : INFO : ConfigProcessor : Loading config from cache: C:\Users\Brendan\AppData\Local\Temp\09ddf149c2750d0dc18124afb4ec1692.mpf_cache
2022-09-11 13:05:15,670 : INFO : ConfigProcessor : Loading config from cache: C:\Users\Brendan\AppData\Local\Temp\dc261f740d4fb0b58874215bc05837b4.mpf_cache
2022-09-11 13:05:15,671 : INFO : ConfigProcessor : Loading config from cache: C:\Users\Brendan\AppData\Local\Temp\fd5b67850c190931870595f7ba331325.mpf_cache
2022-09-11 13:05:15,671 : INFO : ConfigProcessor : Loading config from cache: C:\Users\Brendan\AppData\Local\Temp\7fa0bf6f8a3d06d96f9daba2d24e8451.mpf_cache
2022-09-11 13:05:15,672 : INFO : ConfigProcessor : Loading config from cache: C:\Users\Brendan\AppData\Local\Temp\17652c03725ec0d5dc66b35abdc504c5.mpf_cache
2022-09-11 13:05:15,673 : INFO : ConfigProcessor : Loading config from cache: C:\Users\Brendan\AppData\Local\Temp\f6549f0a1a12987384ccc86b9df17004.mpf_cache
2022-09-11 13:05:15,673 : INFO : ConfigProcessor : Loading config from cache: C:\Users\Brendan\AppData\Local\Temp\d416d6f9f35dec068a811f18f969a8db.mpf_cache
2022-09-11 13:05:15,674 : INFO : ConfigProcessor : Loading config from cache: C:\Users\Brendan\AppData\Local\Temp\2cbb22f93ff96ef242a9a2d7465f7b14.mpf_cache
2022-09-11 13:05:15,675 : INFO : ConfigProcessor : Loading config from cache: C:\Users\Brendan\AppData\Local\Temp\5b43fbcb021f3ce97d73fdb8a470eae4.mpf_cache
2022-09-11 13:05:15,676 : INFO : ConfigProcessor : Loading config from cache: C:\Users\Brendan\AppData\Local\Temp\6d994d077edad00fe01353c1bfbf6638.mpf_cache
2022-09-11 13:05:15,676 : INFO : ConfigProcessor : Loading config from cache: C:\Users\Brendan\AppData\Local\Temp\df6e37541f81fc1a6e02dbcf98e0d10b.mpf_cache
2022-09-11 13:05:15,677 : INFO : ConfigProcessor : Loading config from cache: C:\Users\Brendan\AppData\Local\Temp\c5e911b563ca93c8e10ce7743f92e657.mpf_cache
2022-09-11 13:05:15,678 : INFO : ConfigProcessor : Loading config from cache: C:\Users\Brendan\AppData\Local\Temp\8009c184ad4c71f93407ddc3ac0f69d2.mpf_cache
2022-09-11 13:05:15,678 : INFO : ConfigProcessor : Loading config from cache: C:\Users\Brendan\AppData\Local\Temp\99ecafb2993dab1e69369c4f69529b6f.mpf_cache
2022-09-11 13:05:15,679 : INFO : ConfigProcessor : Loading config from cache: C:\Users\Brendan\AppData\Local\Temp\57f2f8973b8bd58edd1d215976151c60.mpf_cache
2022-09-11 13:05:15,679 : INFO : ConfigProcessor : Loading config from cache: C:\Users\Brendan\AppData\Local\Temp\19f702536b27ff66106645e85afb027e.mpf_cache
2022-09-11 13:05:15,681 : INFO : ConfigProcessor : Loading config from cache: C:\Users\Brendan\AppData\Local\Temp\c17101e4486856bd6430e66412997ee7.mpf_cache
2022-09-11 13:05:15,682 : INFO : ConfigProcessor : Loading config from cache: C:\Users\Brendan\AppData\Local\Temp\c5b3b18e965344eb40bdf988f6d052aa.mpf_cache
2022-09-11 13:05:15,683 : INFO : ConfigProcessor : Loading config from cache: C:\Users\Brendan\AppData\Local\Temp\d911f65290d744b94ac27e0b8d02635e.mpf_cache
2022-09-11 13:05:15,684 : INFO : Machine : Mission Pinball Framework Core Engine v0.55.0
2022-09-11 13:05:15,684 : INFO : Machine : Command line arguments: {'no_load_cache': False, 'create_config_cache': True, 'bcp': True, 'configfile': ['config.yaml'], 'force_assets_load': False, 'jsonlogging': False, 'logfile': 'logs\\2022-09-11-13-05-15-mpf-Pinball-PC.log', 'pause': False, 'production': False, 'text_ui': True, 'loglevel': 15, 'consoleloglevel': 20, 'force_platform': None, 'syslog_address': None, 'mc_file_name': None, 'no_sound': False}
2022-09-11 13:05:15,684 : INFO : Machine : MPF path: c:\users\brendan\appdata\local\programs\python\python37\lib\site-packages\mpf
2022-09-11 13:05:15,684 : INFO : Machine : Machine path: C:\Baby_pacman_code\machine
2022-09-11 13:05:15,684 : INFO : Machine : Platform: win32
2022-09-11 13:05:15,684 : INFO : Machine : Python executable location: c:\users\brendan\appdata\local\programs\python\python37\python.exe
2022-09-11 13:05:15,684 : INFO : Machine : Python version: 3.7.8 (64-bit)
2022-09-11 13:05:15,686 : INFO : Machine : Initialise MPF.
2022-09-11 13:05:15,834 : INFO : FAST : Connecting to com7 at 921600bps
2022-09-11 13:05:15,861 : INFO : FAST : Connected! Processor: NET, Board Type: FP-CPU-002-2, Firmware: 01.05
2022-09-11 13:05:15,861 : INFO : EventManager : Event: ======'machine_var_fast_net_firmware'====== Args={'value': '01.05', 'prev_value': None, 'change': True}
2022-09-11 13:05:15,861 : INFO : EventManager : Event: ======'machine_var_fast_net_model'====== Args={'value': 'FP-CPU-002-2', 'prev_value': None, 'change': True}
2022-09-11 13:05:18,223 : WARNING : FAST : Got unexpected message from FAST: -N:13
2022-09-11 13:05:18,261 : INFO : FAST : Connecting to com8 at 921600bps
2022-09-11 13:05:18,310 : INFO : FAST : Connected! Processor: RGB, Board Type: FP-CPU-002-2, Firmware: 01.00
2022-09-11 13:05:18,310 : INFO : EventManager : Event: ======'machine_var_fast_rgb_firmware'====== Args={'value': '01.00', 'prev_value': None, 'change': True}
2022-09-11 13:05:18,310 : INFO : EventManager : Event: ======'machine_var_fast_rgb_model'====== Args={'value': 'FP-CPU-002-2', 'prev_value': None, 'change': True}
2022-09-11 13:05:18,311 : INFO : EventManager : Event: ======'machine_var_credits_string'====== Args={'value': 'FREE PLAY', 'prev_value': None, 'change': True}
2022-09-11 13:05:18,392 : INFO : EventManager : Event: ======'machine_var_master_volume'====== Args={'value': 0.5, 'prev_value': None, 'change': True}
2022-09-11 13:05:18,392 : INFO : EventManager : Event: ======'machine_var_player1_score'====== Args={'value': 670142530, 'prev_value': None, 'change': True}
2022-09-11 13:05:18,392 : INFO : EventManager : Event: ======'machine_var_mpf_version'====== Args={'value': 'MPF v0.55.0', 'prev_value': None, 'change': True}
2022-09-11 13:05:18,392 : INFO : EventManager : Event: ======'machine_var_mpf_extended_version'====== Args={'value': 'MPF v0.55.0, Config version:5, Show version: 5, BCP version:1.1', 'prev_value': None, 'change': True}
2022-09-11 13:05:18,392 : INFO : EventManager : Event: ======'machine_var_python_version'====== Args={'value': '3.7.8', 'prev_value': None, 'change': True}
2022-09-11 13:05:18,392 : INFO : EventManager : Event: ======'machine_var_platform'====== Args={'value': 'Windows-7-6.1.7601-SP1', 'prev_value': None, 'change': True}
2022-09-11 13:05:18,393 : INFO : EventManager : Event: ======'machine_var_platform_system'====== Args={'value': 'Windows', 'prev_value': None, 'change': True}
2022-09-11 13:05:18,393 : INFO : EventManager : Event: ======'machine_var_platform_release'====== Args={'value': '7', 'prev_value': None, 'change': True}
2022-09-11 13:05:18,393 : INFO : EventManager : Event: ======'machine_var_platform_version'====== Args={'value': '6.1.7601', 'prev_value': None, 'change': True}
2022-09-11 13:05:18,393 : INFO : EventManager : Event: ======'machine_var_platform_machine'====== Args={'value': 'AMD64', 'prev_value': None, 'change': True}
2022-09-11 13:05:18,393 : INFO : EventManager : Event: ======'init_phase_1'====== Args={}
2022-09-11 13:05:18,489 : INFO : EventManager : Event: ======'drop_target_bank_main_up'====== Args={}
2022-09-11 13:05:18,496 : INFO : EventManager : Event: ======'init_phase_2'====== Args={}
2022-09-11 13:05:18,497 : INFO : SwitchController : Found active switch: (('13', 1), <Platform.FAST>) <switch.s_drain>
2022-09-11 13:05:18,545 : INFO : EventManager : Event: ======'bcp_connection_attempt'====== Args={'name': 'local_display', 'host': 'localhost', 'port': 5050}
2022-09-11 13:05:18,547 : INFO : BCPClientSocket : Connecting BCP to 'local_display' at localhost:5050...
2022-09-11 13:05:19,549 : WARNING : FAST : Port com7 was blocked for more than 1s. Reseting send queue! If this happens frequently report a bug!
2022-09-11 13:05:20,547 : WARNING : FAST : Port com7 was blocked for more than 1s. Reseting send queue! If this happens frequently report a bug!
2022-09-11 13:05:21,642 : INFO : BCPClientSocket : Connected BCP to 'local_display' localhost:5050
2022-09-11 13:05:21,643 : INFO : EventManager : Event: ======'bcp_clients_connected'====== Args={}
2022-09-11 13:05:21,656 : INFO : ball_device.bd_drain : BCH: Initial count: 1
2022-09-11 13:05:21,657 : INFO : EventManager : Event: ======'machine_var_mc_version'====== Args={'value': 'MPF-MC v0.55.0', 'prev_value': None, 'change': True}
2022-09-11 13:05:21,658 : INFO : EventManager : Event: ======'machine_var_mc_extended_version'====== Args={'value': 'MPF-MC v0.55.0 (config_version=5, BCP v1.1, Requires MPF v0.55.0-dev.49)', 'prev_value': None, 'change': True}
2022-09-11 13:05:21,662 : INFO : ball_device.bd_drain : State: idle
2022-09-11 13:05:21,693 : INFO : ball_device.bd_left_kicker : BCH: Initial count: 0
2022-09-11 13:05:21,694 : INFO : ball_device.bd_left_kicker : State: idle
2022-09-11 13:05:21,695 : INFO : ball_device.bd_right_kicker : BCH: Initial count: 0
2022-09-11 13:05:21,696 : INFO : ball_device.bd_right_kicker : State: idle
2022-09-11 13:05:21,773 : INFO : EventManager : Event: ======'init_phase_3'====== Args={}
2022-09-11 13:05:22,237 : INFO : EventManager : Event: ======'init_phase_4'====== Args={}
2022-09-11 13:05:22,238 : INFO : EventManager : Event: ======'playfield_active'====== Args={}
2022-09-11 13:05:22,238 : INFO : EventManager : Event: ======'unexpected_ball_on_playfield'====== Args={}
2022-09-11 13:05:22,238 : INFO : EventManager : Event: ======'playfield_active'====== Args={}
2022-09-11 13:05:22,238 : INFO : EventManager : Event: ======'unexpected_ball_on_playfield'====== Args={}
2022-09-11 13:05:22,238 : INFO : EventManager : Event: ======'playfield_active'====== Args={}
2022-09-11 13:05:22,238 : INFO : EventManager : Event: ======'unexpected_ball_on_playfield'====== Args={}
2022-09-11 13:05:22,238 : INFO : EventManager : Event: ======'playfield_active'====== Args={}
2022-09-11 13:05:22,238 : INFO : EventManager : Event: ======'unexpected_ball_on_playfield'====== Args={}
2022-09-11 13:05:22,238 : INFO : EventManager : Event: ======'playfield_active'====== Args={}
2022-09-11 13:05:22,238 : INFO : EventManager : Event: ======'unexpected_ball_on_playfield'====== Args={}
2022-09-11 13:05:22,239 : INFO : BallController : Initial balls found: 1
2022-09-11 13:05:22,241 : INFO : EventManager : Event: ======'machine_var_audits_events_game_ended'====== Args={'value': 0, 'prev_value': None, 'change': True}
2022-09-11 13:05:22,241 : INFO : EventManager : Event: ======'machine_var_audits_events_game_started'====== Args={'value': 0, 'prev_value': None, 'change': True}
2022-09-11 13:05:22,241 : INFO : EventManager : Event: ======'machine_var_audits_player_score'====== Args={'value': {'average': 18787736.48648649, 'top': [720234070, 706004620, 670142530, 591554830, 507595620, 502234510, 441174720, 210762830, 203435200, 198719690], 'total': 629}, 'prev_value': None, 'change': True}
2022-09-11 13:05:22,242 : INFO : EventManager : Event: ======'machine_var_audits_shots_center_drop_mission1'====== Args={'value': 645, 'prev_value': None, 'change': True}
2022-09-11 13:05:22,242 : INFO : EventManager : Event: ======'machine_var_audits_shots_center_target'====== Args={'value': 482, 'prev_value': None, 'change': True}
2022-09-11 13:05:22,242 : INFO : EventManager : Event: ======'machine_var_audits_shots_drop_target1_mission2'====== Args={'value': 262, 'prev_value': None, 'change': True}
2022-09-11 13:05:22,243 : INFO : EventManager : Event: ======'machine_var_audits_shots_drop_target2_mission2'====== Args={'value': 303, 'prev_value': None, 'change': True}
2022-09-11 13:05:22,243 : INFO : EventManager : Event: ======'machine_var_audits_shots_drop_target3_mission2'====== Args={'value': 352, 'prev_value': None, 'change': True}
2022-09-11 13:05:22,243 : INFO : EventManager : Event: ======'machine_var_audits_shots_drop_target4_mission2'====== Args={'value': 317, 'prev_value': None, 'change': True}
2022-09-11 13:05:22,244 : INFO : EventManager : Event: ======'machine_var_audits_shots_drop_target5_mission2'====== Args={'value': 270, 'prev_value': None, 'change': True}
2022-09-11 13:05:22,244 : INFO : EventManager : Event: ======'machine_var_audits_shots_drop_targets_mission3'====== Args={'value': 1795, 'prev_value': None, 'change': True}
2022-09-11 13:05:22,245 : INFO : EventManager : Event: ======'machine_var_audits_shots_galaxy_advance'====== Args={'value': 3289, 'prev_value': None, 'change': True}
2022-09-11 13:05:22,245 : INFO : EventManager : Event: ======'machine_var_audits_shots_l_lane'====== Args={'value': 741, 'prev_value': None, 'change': True}
2022-09-11 13:05:22,245 : INFO : EventManager : Event: ======'machine_var_audits_shots_left_kicker_mission2'====== Args={'value': 179, 'prev_value': None, 'change': True}
2022-09-11 13:05:22,246 : INFO : EventManager : Event: ======'machine_var_audits_shots_left_kicker_mission4'====== Args={'value': 133, 'prev_value': None, 'change': True}
2022-09-11 13:05:22,246 : INFO : EventManager : Event: ======'machine_var_audits_shots_left_loop_mission1'====== Args={'value': 727, 'prev_value': None, 'change': True}
2022-09-11 13:05:22,247 : INFO : EventManager : Event: ======'machine_var_audits_shots_left_loop_mission2'====== Args={'value': 308, 'prev_value': None, 'change': True}
2022-09-11 13:05:22,247 : INFO : EventManager : Event: ======'machine_var_audits_shots_left_loop_mission4'====== Args={'value': 440, 'prev_value': None, 'change': True}
2022-09-11 13:05:22,247 : INFO : EventManager : Event: ======'machine_var_audits_shots_portal_advance'====== Args={'value': 5389, 'prev_value': None, 'change': True}
2022-09-11 13:05:22,248 : INFO : EventManager : Event: ======'machine_var_audits_shots_r_lane'====== Args={'value': 634, 'prev_value': None, 'change': True}
2022-09-11 13:05:22,248 : INFO : EventManager : Event: ======'machine_var_audits_shots_right_kicker_mission2'====== Args={'value': 153, 'prev_value': None, 'change': True}
2022-09-11 13:05:22,249 : INFO : EventManager : Event: ======'machine_var_audits_shots_right_kicker_mission4'====== Args={'value': 154, 'prev_value': None, 'change': True}
2022-09-11 13:05:22,249 : INFO : EventManager : Event: ======'machine_var_audits_shots_right_loop_mission1'====== Args={'value': 836, 'prev_value': None, 'change': True}
2022-09-11 13:05:22,249 : INFO : EventManager : Event: ======'machine_var_audits_shots_right_loop_mission2'====== Args={'value': 360, 'prev_value': None, 'change': True}
2022-09-11 13:05:22,250 : INFO : EventManager : Event: ======'machine_var_audits_shots_right_loop_mission4'====== Args={'value': 504, 'prev_value': None, 'change': True}
2022-09-11 13:05:22,250 : INFO : EventManager : Event: ======'machine_var_audits_shots_warp_advance'====== Args={'value': 1185, 'prev_value': None, 'change': True}
2022-09-11 13:05:22,250 : INFO : EventManager : Event: ======'machine_var_audits_switches_s_action_button'====== Args={'value': 4422, 'prev_value': None, 'change': True}
2022-09-11 13:05:22,251 : INFO : EventManager : Event: ======'machine_var_audits_switches_s_drain'====== Args={'value': 3016, 'prev_value': None, 'change': True}
2022-09-11 13:05:22,251 : INFO : EventManager : Event: ======'machine_var_audits_switches_s_drop_target1'====== Args={'value': 2150, 'prev_value': None, 'change': True}
2022-09-11 13:05:22,252 : INFO : EventManager : Event: ======'machine_var_audits_switches_s_drop_target2'====== Args={'value': 2462, 'prev_value': None, 'change': True}
2022-09-11 13:05:22,252 : INFO : EventManager : Event: ======'machine_var_audits_switches_s_drop_target3'====== Args={'value': 2927, 'prev_value': None, 'change': True}
2022-09-11 13:05:22,253 : INFO : EventManager : Event: ======'machine_var_audits_switches_s_drop_target4'====== Args={'value': 2349, 'prev_value': None, 'change': True}
2022-09-11 13:05:22,253 : INFO : EventManager : Event: ======'machine_var_audits_switches_s_drop_target5'====== Args={'value': 2230, 'prev_value': None, 'change': True}
2022-09-11 13:05:22,254 : INFO : EventManager : Event: ======'machine_var_audits_switches_s_left_captive_ball'====== Args={'value': 534, 'prev_value': None, 'change': True}
2022-09-11 13:05:22,254 : INFO : EventManager : Event: ======'machine_var_audits_switches_s_left_flipper'====== Args={'value': 40156, 'prev_value': None, 'change': True}
2022-09-11 13:05:22,255 : INFO : EventManager : Event: ======'machine_var_audits_switches_s_left_inlane'====== Args={'value': 744, 'prev_value': None, 'change': True}
2022-09-11 13:05:22,255 : INFO : EventManager : Event: ======'machine_var_audits_switches_s_left_inlane_far'====== Args={'value': 5322, 'prev_value': None, 'change': True}
2022-09-11 13:05:22,256 : INFO : EventManager : Event: ======'machine_var_audits_switches_s_left_kicker'====== Args={'value': 1731, 'prev_value': None, 'change': True}
2022-09-11 13:05:22,256 : INFO : EventManager : Event: ======'machine_var_audits_switches_s_left_sling'====== Args={'value': 7804, 'prev_value': None, 'change': True}
2022-09-11 13:05:22,256 : INFO : EventManager : Event: ======'machine_var_audits_switches_s_left_spinner'====== Args={'value': 25855, 'prev_value': None, 'change': True}
2022-09-11 13:05:22,257 : INFO : EventManager : Event: ======'machine_var_audits_switches_s_right_captive_ball'====== Args={'value': 553, 'prev_value': None, 'change': True}
2022-09-11 13:05:22,257 : INFO : EventManager : Event: ======'machine_var_audits_switches_s_right_flipper'====== Args={'value': 36534, 'prev_value': None, 'change': True}
2022-09-11 13:05:22,258 : INFO : EventManager : Event: ======'machine_var_audits_switches_s_right_inlane'====== Args={'value': 634, 'prev_value': None, 'change': True}
2022-09-11 13:05:22,259 : INFO : EventManager : Event: ======'machine_var_audits_switches_s_right_inlane_far'====== Args={'value': 7304, 'prev_value': None, 'change': True}
2022-09-11 13:05:22,259 : INFO : EventManager : Event: ======'machine_var_audits_switches_s_right_kicker'====== Args={'value': 1926, 'prev_value': None, 'change': True}
2022-09-11 13:05:22,260 : INFO : EventManager : Event: ======'machine_var_audits_switches_s_right_sling'====== Args={'value': 14692, 'prev_value': None, 'change': True}
2022-09-11 13:05:22,260 : INFO : EventManager : Event: ======'machine_var_audits_switches_s_right_spinner'====== Args={'value': 19388, 'prev_value': None, 'change': True}
2022-09-11 13:05:22,261 : INFO : EventManager : Event: ======'machine_var_audits_switches_s_start'====== Args={'value': 419, 'prev_value': None, 'change': True}
2022-09-11 13:05:22,262 : INFO : EventManager : Event: ======'init_phase_5'====== Args={}
2022-09-11 13:05:22,267 : INFO : EventManager : Event: ======'init_done'====== Args={}
2022-09-11 13:05:22,268 : WARNING : FAST : Port NET received more messages than were sent! Resetting!
2022-09-11 13:05:22,268 : WARNING : FAST : Port NET received more messages than were sent! Resetting!
2022-09-11 13:05:22,268 : WARNING : FAST : Port NET received more messages than were sent! Resetting!
2022-09-11 13:05:22,268 : WARNING : FAST : Port NET received more messages than were sent! Resetting!
2022-09-11 13:05:22,268 : WARNING : FAST : Port NET received more messages than were sent! Resetting!
2022-09-11 13:05:22,268 : WARNING : FAST : Port NET received more messages than were sent! Resetting!
2022-09-11 13:05:22,268 : WARNING : FAST : Port NET received more messages than were sent! Resetting!
2022-09-11 13:05:22,268 : WARNING : FAST : Port NET received more messages than were sent! Resetting!
2022-09-11 13:05:22,268 : WARNING : FAST : Port NET received more messages than were sent! Resetting!
2022-09-11 13:05:22,268 : WARNING : FAST : Port NET received more messages than were sent! Resetting!
2022-09-11 13:05:22,268 : WARNING : FAST : Port NET received more messages than were sent! Resetting!
2022-09-11 13:05:22,268 : WARNING : FAST : Port NET received more messages than were sent! Resetting!
2022-09-11 13:05:22,269 : WARNING : FAST : Port NET received more messages than were sent! Resetting!
2022-09-11 13:05:22,269 : WARNING : FAST : Port NET received more messages than were sent! Resetting!
2022-09-11 13:05:22,269 : WARNING : FAST : Port NET received more messages than were sent! Resetting!
2022-09-11 13:05:22,269 : WARNING : FAST : Port NET received more messages than were sent! Resetting!
2022-09-11 13:05:22,269 : WARNING : FAST : Port NET received more messages than were sent! Resetting!
2022-09-11 13:05:22,269 : WARNING : FAST : Port NET received more messages than were sent! Resetting!
2022-09-11 13:05:22,269 : WARNING : FAST : Port NET received more messages than were sent! Resetting!
2022-09-11 13:05:22,269 : WARNING : FAST : Port NET received more messages than were sent! Resetting!
2022-09-11 13:05:22,269 : WARNING : FAST : Port NET received more messages than were sent! Resetting!
2022-09-11 13:05:22,269 : WARNING : FAST : Port NET received more messages than were sent! Resetting!
2022-09-11 13:05:22,270 : INFO : EventManager : Event: ======'machine_reset_phase_1'====== Args={}
2022-09-11 13:05:22,283 : INFO : EventManager : Event: ======'machine_reset_phase_2'====== Args={}
2022-09-11 13:05:22,283 : INFO : EventManager : Event: ======'machine_reset_phase_3'====== Args={}
2022-09-11 13:05:22,283 : INFO : EventManager : Event: ======'reset_complete'====== Args={}
2022-09-11 13:05:22,284 : INFO : EventManager : Event: ======'mode_attract_will_start'====== Args={}
2022-09-11 13:05:22,284 : INFO : EventManager : Event: ======'mode_attract_starting'====== Args={}
2022-09-11 13:05:22,285 : INFO : Mode.attract : Started. Priority: 10
2022-09-11 13:05:22,285 : INFO : EventManager : Event: ======'modes_active_modes_changed'====== Args={}
2022-09-11 13:05:22,285 : INFO : EventManager : Event: ======'mode_attract_started'====== Args={}
2022-09-11 13:05:22,287 : INFO : EventManager : Event: ======'collecting_balls_complete'====== Args={}
2022-09-11 13:05:22,307 : INFO : EventManager : Event: ======'slide_show_3.slide_player-0_created'====== Args={'_from_bcp': True}
2022-09-11 13:05:22,307 : INFO : EventManager : Event: ======'slide_show_3.slide_player-0_active'====== Args={'_from_bcp': True}
2022-09-11 13:05:22,308 : INFO : Machine : Starting the main run loop.
2022-09-11 13:05:25,299 : INFO : EventManager : Event: ======'slide_last_game_score_slide_created'====== Args={'_from_bcp': True}
2022-09-11 13:05:25,306 : INFO : EventManager : Event: ======'slide_last_game_score_slide_active'====== Args={'_from_bcp': True}
2022-09-11 13:05:28,293 : INFO : EventManager : Event: ======'slide_press_start_created'====== Args={'_from_bcp': True}
2022-09-11 13:05:28,302 : INFO : EventManager : Event: ======'slide_press_start_active'====== Args={'_from_bcp': True}
2022-09-11 13:05:30,068 : INFO : SwitchController : <<<<<<< 's_start' active >>>>>>>
2022-09-11 13:05:30,228 : INFO : SwitchController : <<<<<<< 's_start' inactive >>>>>>>
2022-09-11 13:05:30,229 : INFO : EventManager : Event: ======'request_to_start_game'====== Args={}
2022-09-11 13:05:30,229 : INFO : EventManager : Event: ======'game_start'====== Args={'buttons': [], 'hold_time': 0.15599999999994907}
2022-09-11 13:05:30,229 : INFO : EventManager : Event: ======'mode_game_will_start'====== Args={'buttons': [], 'hold_time': 0.15599999999994907}
2022-09-11 13:05:30,230 : INFO : EventManager : Event: ======'mode_game_starting'====== Args={'buttons': [], 'hold_time': 0.15599999999994907}
2022-09-11 13:05:30,231 : INFO : EventManager : Event: ======'mode_attract_will_stop'====== Args={}
2022-09-11 13:05:30,231 : INFO : EventManager : Event: ======'mode_attract_stopping'====== Args={}
2022-09-11 13:05:30,231 : INFO : Mode.attract : Stopped.
2022-09-11 13:05:30,231 : INFO : EventManager : Event: ======'modes_active_modes_changed'====== Args={}
2022-09-11 13:05:30,235 : INFO : EventManager : Event: ======'mode_attract_stopped'====== Args={}
2022-09-11 13:05:30,236 : INFO : EventManager : Event: ======'clear'====== Args={'key': 'attract'}
2022-09-11 13:05:30,236 : INFO : Mode.game : Started. Priority: 20
2022-09-11 13:05:30,237 : INFO : EventManager : Event: ======'modes_active_modes_changed'====== Args={}
2022-09-11 13:05:30,237 : INFO : EventManager : Event: ======'mode_game_started'====== Args={'buttons': [], 'hold_time': 0.15599999999994907}
2022-09-11 13:05:30,246 : INFO : EventManager : Event: ======'game_will_start'====== Args={}
2022-09-11 13:05:30,249 : INFO : EventManager : Event: ======'slide_show_3.slide_player-0_removed'====== Args={'_from_bcp': True}
2022-09-11 13:05:30,249 : INFO : EventManager : Event: ======'slide_last_game_score_slide_removed'====== Args={'_from_bcp': True}
2022-09-11 13:05:30,249 : INFO : EventManager : Event: ======'slide_press_start_removed'====== Args={'_from_bcp': True}
2022-09-11 13:05:30,249 : INFO : EventManager : Event: ======'slide_window1_blank_active'====== Args={'_from_bcp': True}
2022-09-11 13:05:30,250 : INFO : EventManager : Event: ======'game_starting'====== Args={'game': <Mode.game>}
2022-09-11 13:05:30,252 : INFO : EventManager : Event: ======'player_add_request'====== Args={}
2022-09-11 13:05:30,252 : INFO : EventManager : Event: ======'player_will_add'====== Args={'number': 1}
2022-09-11 13:05:30,253 : INFO : EventManager : Event: ======'player_adding'====== Args={'player': <Player 1>, 'number': 1}
2022-09-11 13:05:30,253 : INFO : EventManager : Event: ======'player_added'====== Args={'player': <Player 1>, 'num': 1}
2022-09-11 13:05:30,253 : INFO : Mode.game : Player added successfully. Total players: 1
2022-09-11 13:05:30,253 : INFO : EventManager : Event: ======'player_index'====== Args={'value': 0, 'prev_value': 0, 'change': 0, 'player_num': 1}
2022-09-11 13:05:30,254 : INFO : EventManager : Event: ======'player_number'====== Args={'value': 1, 'prev_value': 1, 'change': 0, 'player_num': 1}
2022-09-11 13:05:30,254 : INFO : EventManager : Event: ======'player_mode_value'====== Args={'value': 1000000, 'prev_value': 1000000, 'change': 0, 'player_num': 1}
2022-09-11 13:05:30,254 : INFO : EventManager : Event: ======'player_bonus_multiplier'====== Args={'value': 1, 'prev_value': 1, 'change': 0, 'player_num': 1}
2022-09-11 13:05:30,254 : INFO : EventManager : Event: ======'player_playfield_multiplier'====== Args={'value': 1, 'prev_value': 1, 'change': 0, 'player_num': 1}
2022-09-11 13:05:30,255 : INFO : EventManager : Event: ======'player_score'====== Args={'value': 0, 'prev_value': 0, 'change': 0, 'player_num': 1}
2022-09-11 13:05:30,255 : INFO : EventManager : Event: ======'game_started'====== Args={}
2022-09-11 13:05:30,277 : INFO : EventManager : Event: ======'player_turn_will_start'====== Args={'player': <Player 1>, 'number': 1}
2022-09-11 13:05:30,278 : INFO : EventManager : Event: ======'player_turn_starting'====== Args={'player': <Player 1>, 'number': 1}
2022-09-11 13:05:30,279 : INFO : EventManager : Event: ======'player_ball'====== Args={'value': 1, 'prev_value': 0, 'change': 1, 'player_num': 1}
2022-09-11 13:05:30,279 : INFO : EventManager : Event: ======'player_turn_started'====== Args={'player': <Player 1>, 'number': 1}
2022-09-11 13:05:30,280 : INFO : EventManager : Event: ======'ball_will_start'====== Args={'player': 1, 'ball': 1, 'balls_remaining': 2, 'is_extra_ball': False}
2022-09-11 13:05:30,284 : INFO : EventManager : Event: ======'ball_starting'====== Args={'player': 1, 'ball': 1, 'balls_remaining': 2, 'is_extra_ball': False}
2022-09-11 13:05:30,285 : INFO : EventManager : Event: ======'balls_in_play'====== Args={'balls': 1}
2022-09-11 13:05:30,285 : INFO : EventManager : Event: ======'ball_started'====== Args={'player': 1, 'ball': 1, 'balls_remaining': 2, 'is_extra_ball': False}
2022-09-11 13:05:30,285 : INFO : EventManager : Event: ======'mode_combos_will_start'====== Args={'player': 1, 'ball': 1, 'balls_remaining': 2, 'is_extra_ball': False}
2022-09-11 13:05:30,290 : INFO : EventManager : Event: ======'mode_combos_starting'====== Args={'player': 1, 'ball': 1, 'balls_remaining': 2, 'is_extra_ball': False}
2022-09-11 13:05:30,290 : INFO : EventManager : Event: ======'mode_base_will_start'====== Args={'player': 1, 'ball': 1, 'balls_remaining': 2, 'is_extra_ball': False}
2022-09-11 13:05:30,290 : INFO : EventManager : Event: ======'player_shot_l_lane_enabled'====== Args={'value': True, 'prev_value': 0, 'change': 1, 'player_num': 1}
2022-09-11 13:05:30,291 : INFO : EventManager : Event: ======'player_shot_r_lane_enabled'====== Args={'value': True, 'prev_value': 0, 'change': 1, 'player_num': 1}
2022-09-11 13:05:30,292 : INFO : EventManager : Event: ======'player_shot_center_target_enabled'====== Args={'value': True, 'prev_value': 0, 'change': 1, 'player_num': 1}
2022-09-11 13:05:30,293 : INFO : EventManager : Event: ======'bonus_lanes_complete'====== Args={'state': 'unlit'}
2022-09-11 13:05:30,293 : INFO : EventManager : Event: ======'bonus_lanes_unlit_complete'====== Args={}
2022-09-11 13:05:30,293 : INFO : EventManager : Event: ======'player_extra_ball_two_modes_complete_num_awarded'====== Args={'value': 0, 'prev_value': 0, 'change': 0, 'player_num': 1}
2022-09-11 13:05:30,294 : INFO : EventManager : Event: ======'achievement_mission1_changed_state'====== Args={'restore': False, 'state': 'disabled', 'selected': False}
2022-09-11 13:05:30,294 : INFO : EventManager : Event: ======'achievement_mission1_state_disabled'====== Args={'restore': False, 'state': 'disabled', 'selected': False}
2022-09-11 13:05:30,294 : INFO : EventManager : Event: ======'achievement_mission2_changed_state'====== Args={'restore': False, 'state': 'disabled', 'selected': False}
2022-09-11 13:05:30,294 : INFO : EventManager : Event: ======'achievement_mission2_state_disabled'====== Args={'restore': False, 'state': 'disabled', 'selected': False}
2022-09-11 13:05:30,295 : INFO : EventManager : Event: ======'achievement_mission3_changed_state'====== Args={'restore': False, 'state': 'disabled', 'selected': False}
2022-09-11 13:05:30,295 : INFO : EventManager : Event: ======'achievement_mission3_state_disabled'====== Args={'restore': False, 'state': 'disabled', 'selected': False}
2022-09-11 13:05:30,295 : INFO : EventManager : Event: ======'achievement_mission4_changed_state'====== Args={'restore': False, 'state': 'disabled', 'selected': False}
2022-09-11 13:05:30,295 : INFO : EventManager : Event: ======'achievement_mission4_state_disabled'====== Args={'restore': False, 'state': 'disabled', 'selected': False}
2022-09-11 13:05:30,303 : INFO : EventManager : Event: ======'mode_base_starting'====== Args={'player': 1, 'ball': 1, 'balls_remaining': 2, 'is_extra_ball': False}
2022-09-11 13:05:30,303 : INFO : EventManager : Event: ======'mode_super_features_will_start'====== Args={'player': 1, 'ball': 1, 'balls_remaining': 2, 'is_extra_ball': False}
2022-09-11 13:05:30,304 : INFO : EventManager : Event: ======'achievement_super_spinners_changed_state'====== Args={'restore': False, 'state': 'disabled', 'selected': False}
2022-09-11 13:05:30,304 : INFO : EventManager : Event: ======'achievement_super_spinners_state_disabled'====== Args={'restore': False, 'state': 'disabled', 'selected': False}
2022-09-11 13:05:30,304 : INFO : EventManager : Event: ======'achievement_super_targets_changed_state'====== Args={'restore': False, 'state': 'disabled', 'selected': False}
2022-09-11 13:05:30,304 : INFO : EventManager : Event: ======'achievement_super_targets_state_disabled'====== Args={'restore': False, 'state': 'disabled', 'selected': False}
2022-09-11 13:05:30,304 : INFO : EventManager : Event: ======'achievement_super_lanes_changed_state'====== Args={'restore': False, 'state': 'disabled', 'selected': False}
2022-09-11 13:05:30,304 : INFO : EventManager : Event: ======'achievement_super_lanes_state_disabled'====== Args={'restore': False, 'state': 'disabled', 'selected': False}
2022-09-11 13:05:30,304 : INFO : EventManager : Event: ======'achievement_super_slings_changed_state'====== Args={'restore': False, 'state': 'disabled', 'selected': False}
2022-09-11 13:05:30,304 : INFO : EventManager : Event: ======'achievement_super_slings_state_disabled'====== Args={'restore': False, 'state': 'disabled', 'selected': False}
2022-09-11 13:05:30,307 : INFO : EventManager : Event: ======'mode_super_features_starting'====== Args={'player': 1, 'ball': 1, 'balls_remaining': 2, 'is_extra_ball': False}
2022-09-11 13:05:30,307 : INFO : drop_target_bank.main : All targets are already up. Will not reset bank.
2022-09-11 13:05:30,308 : INFO : Mode.super_features : Started. Priority: 100
2022-09-11 13:05:30,309 : INFO : EventManager : Event: ======'modes_active_modes_changed'====== Args={}
2022-09-11 13:05:30,309 : INFO : EventManager : Event: ======'mode_super_features_started'====== Args={'player': 1, 'ball': 1, 'balls_remaining': 2, 'is_extra_ball': False}
2022-09-11 13:05:30,309 : INFO : Mode.combos : Started. Priority: 700
2022-09-11 13:05:30,309 : INFO : EventManager : Event: ======'modes_active_modes_changed'====== Args={}
2022-09-11 13:05:30,309 : INFO : EventManager : Event: ======'mode_combos_started'====== Args={'player': 1, 'ball': 1, 'balls_remaining': 2, 'is_extra_ball': False}
2022-09-11 13:05:30,310 : INFO : EventManager : Event: ======'logicblock_mode_completion_counter_updated'====== Args={'value': 0, 'enabled': True}
2022-09-11 13:05:30,310 : INFO : EventManager : Event: ======'logicblock_mode_completion_counter_updated'====== Args={'value': 0, 'enabled': True}
2022-09-11 13:05:30,310 : INFO : Mode.base : Started. Priority: 100
2022-09-11 13:05:30,310 : INFO : EventManager : Event: ======'modes_active_modes_changed'====== Args={}
2022-09-11 13:05:30,310 : INFO : EventManager : Event: ======'mode_base_started'====== Args={'player': 1, 'ball': 1, 'balls_remaining': 2, 'is_extra_ball': False}
2022-09-11 13:05:30,310 : INFO : EventManager : Event: ======'ball_save_base_save_enabled'====== Args={}
2022-09-11 13:05:30,310 : INFO : EventManager : Event: ======'mode_add_mode_value_will_start'====== Args={'player': 1, 'ball': 1, 'balls_remaining': 2, 'is_extra_ball': False}
2022-09-11 13:05:30,311 : INFO : EventManager : Event: ======'mode_add_mode_value_starting'====== Args={'player': 1, 'ball': 1, 'balls_remaining': 2, 'is_extra_ball': False}
2022-09-11 13:05:30,311 : INFO : EventManager : Event: ======'mode_spell_warp_will_start'====== Args={'player': 1, 'ball': 1, 'balls_remaining': 2, 'is_extra_ball': False}
2022-09-11 13:05:30,312 : INFO : EventManager : Event: ======'player_shot_warp_advance_enabled'====== Args={'value': True, 'prev_value': 0, 'change': 1, 'player_num': 1}
2022-09-11 13:05:30,313 : INFO : EventManager : Event: ======'mode_spell_warp_starting'====== Args={'player': 1, 'ball': 1, 'balls_remaining': 2, 'is_extra_ball': False}
2022-09-11 13:05:30,313 : INFO : EventManager : Event: ======'mode_spell_galaxy_will_start'====== Args={'player': 1, 'ball': 1, 'balls_remaining': 2, 'is_extra_ball': False}
2022-09-11 13:05:30,313 : INFO : EventManager : Event: ======'player_shot_galaxy_advance_enabled'====== Args={'value': True, 'prev_value': 0, 'change': 1, 'player_num': 1}
2022-09-11 13:05:30,315 : INFO : EventManager : Event: ======'mode_spell_galaxy_starting'====== Args={'player': 1, 'ball': 1, 'balls_remaining': 2, 'is_extra_ball': False}
2022-09-11 13:05:30,315 : INFO : EventManager : Event: ======'mode_spell_portal_will_start'====== Args={'player': 1, 'ball': 1, 'balls_remaining': 2, 'is_extra_ball': False}
2022-09-11 13:05:30,316 : INFO : EventManager : Event: ======'player_shot_portal_advance_enabled'====== Args={'value': True, 'prev_value': 0, 'change': 1, 'player_num': 1}
2022-09-11 13:05:30,318 : INFO : EventManager : Event: ======'mode_spell_portal_starting'====== Args={'player': 1, 'ball': 1, 'balls_remaining': 2, 'is_extra_ball': False}
2022-09-11 13:05:30,319 : INFO : drop_target_bank.main : All targets are already up. Will not reset bank.
2022-09-11 13:05:30,319 : INFO : Mode.add_mode_value : Started. Priority: 200
2022-09-11 13:05:30,319 : INFO : EventManager : Event: ======'modes_active_modes_changed'====== Args={}
2022-09-11 13:05:30,319 : INFO : EventManager : Event: ======'mode_add_mode_value_started'====== Args={'player': 1, 'ball': 1, 'balls_remaining': 2, 'is_extra_ball': False}
2022-09-11 13:05:30,319 : INFO : EventManager : Event: ======'single_player_ball_started'====== Args={}
2022-09-11 13:05:30,338 : INFO : EventManager : Event: ======'logicblock_warp_counter_updated'====== Args={'value': 0, 'enabled': True}
2022-09-11 13:05:30,339 : INFO : EventManager : Event: ======'logicblock_warp_counter_updated'====== Args={'value': 0, 'enabled': True}
2022-09-11 13:05:30,339 : INFO : Mode.spell_warp : Started. Priority: 200
2022-09-11 13:05:30,339 : INFO : EventManager : Event: ======'modes_active_modes_changed'====== Args={}
2022-09-11 13:05:30,339 : INFO : EventManager : Event: ======'mode_spell_warp_started'====== Args={'player': 1, 'ball': 1, 'balls_remaining': 2, 'is_extra_ball': False}
2022-09-11 13:05:30,339 : INFO : EventManager : Event: ======'logicblock_galaxy_counter_updated'====== Args={'value': 0, 'enabled': True}
2022-09-11 13:05:30,339 : INFO : EventManager : Event: ======'logicblock_galaxy_counter_updated'====== Args={'value': 0, 'enabled': True}
2022-09-11 13:05:30,339 : INFO : Mode.spell_galaxy : Started. Priority: 200
2022-09-11 13:05:30,339 : INFO : EventManager : Event: ======'modes_active_modes_changed'====== Args={}
2022-09-11 13:05:30,339 : INFO : EventManager : Event: ======'mode_spell_galaxy_started'====== Args={'player': 1, 'ball': 1, 'balls_remaining': 2, 'is_extra_ball': False}
2022-09-11 13:05:30,339 : INFO : EventManager : Event: ======'logicblock_portal_counter_updated'====== Args={'value': 0, 'enabled': True}
2022-09-11 13:05:30,340 : INFO : EventManager : Event: ======'logicblock_portal_counter_updated'====== Args={'value': 0, 'enabled': True}
2022-09-11 13:05:30,340 : INFO : Mode.spell_portal : Started. Priority: 200
2022-09-11 13:05:30,340 : INFO : EventManager : Event: ======'modes_active_modes_changed'====== Args={}
2022-09-11 13:05:30,340 : INFO : EventManager : Event: ======'mode_spell_portal_started'====== Args={'player': 1, 'ball': 1, 'balls_remaining': 2, 'is_extra_ball': False}
2022-09-11 13:05:30,341 : INFO : EventManager : Event: ======'achievement_super_spinners_changed_state'====== Args={'restore': False, 'state': 'enabled', 'selected': False}
2022-09-11 13:05:30,341 : INFO : EventManager : Event: ======'achievement_super_spinners_state_enabled'====== Args={'restore': False, 'state': 'enabled', 'selected': False}
2022-09-11 13:05:30,341 : INFO : EventManager : Event: ======'achievement_super_targets_changed_state'====== Args={'restore': False, 'state': 'enabled', 'selected': False}
2022-09-11 13:05:30,342 : INFO : EventManager : Event: ======'achievement_super_targets_state_enabled'====== Args={'restore': False, 'state': 'enabled', 'selected': False}
2022-09-11 13:05:30,342 : INFO : EventManager : Event: ======'achievement_super_lanes_changed_state'====== Args={'restore': False, 'state': 'enabled', 'selected': False}
2022-09-11 13:05:30,342 : INFO : EventManager : Event: ======'achievement_super_lanes_state_enabled'====== Args={'restore': False, 'state': 'enabled', 'selected': False}
2022-09-11 13:05:30,342 : INFO : EventManager : Event: ======'achievement_super_slings_changed_state'====== Args={'restore': False, 'state': 'enabled', 'selected': False}
2022-09-11 13:05:30,342 : INFO : EventManager : Event: ======'achievement_super_slings_state_enabled'====== Args={'restore': False, 'state': 'enabled', 'selected': False}
2022-09-11 13:05:30,342 : INFO : EventManager : Event: ======'achievement_super_slings_changed_state'====== Args={'restore': False, 'state': 'enabled', 'selected': True}
2022-09-11 13:05:30,342 : INFO : EventManager : Event: ======'achievement_super_slings_state_enabled'====== Args={'restore': False, 'state': 'enabled', 'selected': True}
2022-09-11 13:05:30,342 : INFO : EventManager : Event: ======'achievement_super_slings_state_selected'====== Args={'restore': False, 'state': 'enabled', 'selected': True}
2022-09-11 13:05:30,344 : INFO : EventManager : Event: ======'ball_start_target'====== Args={'target': 'playfield'}
2022-09-11 13:05:30,364 : INFO : ball_device.bd_drain : Setting up player-controlled eject. Balls: 1, Target: <playfield.playfield>, player_controlled_eject_event: s_action_button_active
2022-09-11 13:05:30,364 : INFO : EventManager : Event: ======'balldevice_balls_available'====== Args={}
2022-09-11 13:05:30,367 : INFO : EventManager : Event: ======'slide_score_slide_created'====== Args={'_from_bcp': True}
2022-09-11 13:05:30,367 : INFO : EventManager : Event: ======'slide_score_slide_active'====== Args={'_from_bcp': True}
2022-09-11 13:05:30,369 : INFO : ball_device.bd_drain : State: waiting_for_target_ready
2022-09-11 13:05:30,369 : INFO : EventManager : Event: ======'balldevice_bd_drain_ball_eject_attempt'====== Args={'balls': 1, 'target': <playfield.playfield>, 'source': <ball_device.bd_drain>, 'mechanical_eject': True, 'num_attempts': 0}
2022-09-11 13:05:30,370 : INFO : ball_device.bd_drain : State: ejecting
2022-09-11 13:05:30,370 : INFO : ball_device.bd_drain : Ejecting ball to <playfield.playfield>
2022-09-11 13:05:30,370 : INFO : EventManager : Event: ======'balldevice_bd_drain_ejecting_ball'====== Args={'balls': 1, 'target': <playfield.playfield>, 'source': <ball_device.bd_drain>, 'mechanical_eject': True, 'num_attempts': 0}
2022-09-11 13:05:30,371 : INFO : ball_device.bd_drain : Wait for ball to leave device
2022-09-11 13:05:37,763 : INFO : SwitchController : <<<<<<< 's_left_inlane' active >>>>>>>
2022-09-11 13:05:37,763 : INFO : EventManager : Event: ======'playfield_active'====== Args={}
2022-09-11 13:05:37,764 : INFO : EventManager : Event: ======'s_left_inlane_active'====== Args={}
2022-09-11 13:05:37,764 : INFO : EventManager : Event: ======'machine_var_audits_switches_s_left_inlane'====== Args={'value': 745, 'prev_value': 744, 'change': 1}
2022-09-11 13:05:37,765 : INFO : EventManager : Event: ======'mode_mini_wizard_will_start'====== Args={}
2022-09-11 13:05:37,773 : INFO : EventManager : Event: ======'mode_mini_wizard_starting'====== Args={}
2022-09-11 13:05:37,773 : INFO : EventManager : Event: ======'player_shot_l_lane'====== Args={'value': 1, 'prev_value': 0, 'change': 1, 'player_num': 1}
2022-09-11 13:05:37,779 : INFO : EventManager : Event: ======'machine_var_audits_shots_l_lane'====== Args={'value': 742, 'prev_value': 741, 'change': 1}
2022-09-11 13:05:37,784 : INFO : EventManager : Event: ======'l_lane_hit'====== Args={'profile': 'default', 'state': 'unlit', 'advancing': True}
2022-09-11 13:05:37,784 : INFO : EventManager : Event: ======'l_lane_default_hit'====== Args={'profile': 'default', 'state': 'unlit', 'advancing': True}
2022-09-11 13:05:37,784 : INFO : EventManager : Event: ======'l_lane_default_unlit_hit'====== Args={'profile': 'default', 'state': 'unlit', 'advancing': True}
2022-09-11 13:05:37,784 : INFO : EventManager : Event: ======'l_lane_unlit_hit'====== Args={'profile': 'default', 'state': 'unlit', 'advancing': True}
2022-09-11 13:05:37,784 : INFO : EventManager : Event: ======'player_score'====== Args={'value': 10000, 'prev_value': 0, 'change': 10000, 'player_num': 1}
2022-09-11 13:05:37,785 : INFO : EventManager : Event: ======'player_switches'====== Args={'value': 1, 'prev_value': 0, 'change': 1, 'player_num': 1}
2022-09-11 13:05:37,785 : INFO : EventManager : Event: ======'bonus_lanes_hit'====== Args={}
2022-09-11 13:05:37,785 : INFO : EventManager : Event: ======'bonus_lanes_unlit_hit'====== Args={}
2022-09-11 13:05:37,786 : INFO : Mode.mini_wizard : Started. Priority: 75000
2022-09-11 13:05:37,786 : INFO : EventManager : Event: ======'modes_active_modes_changed'====== Args={}
2022-09-11 13:05:37,786 : INFO : EventManager : Event: ======'mode_mini_wizard_started'====== Args={}
2022-09-11 13:05:37,790 : INFO : Timer.mw_intro_timer : Starting Timer.
2022-09-11 13:05:37,790 : INFO : EventManager : Event: ======'timer_mw_intro_timer_started'====== Args={'ticks': 0, 'ticks_remaining': 0}
2022-09-11 13:05:37,790 : INFO : EventManager : Event: ======'timer_mw_intro_timer_tick'====== Args={'ticks': 0, 'ticks_remaining': 0}
2022-09-11 13:05:37,819 : INFO : EventManager : Event: ======'slide_mw_intro_1_created'====== Args={'_from_bcp': True}
2022-09-11 13:05:37,819 : INFO : EventManager : Event: ======'slide_mw_intro_1_active'====== Args={'_from_bcp': True}
2022-09-11 13:05:37,939 : INFO : SwitchController : <<<<<<< 's_left_inlane' inactive >>>>>>>
2022-09-11 13:05:38,284 : INFO : EventManager : Event: ======'player_mini_wizard_mw_intro_timer_tick'====== Args={'value': 1, 'prev_value': 0, 'change': 1, 'player_num': 1}
2022-09-11 13:05:38,285 : INFO : EventManager : Event: ======'timer_mw_intro_timer_tick'====== Args={'ticks': 1, 'ticks_remaining': 0}
2022-09-11 13:05:38,784 : INFO : EventManager : Event: ======'player_mini_wizard_mw_intro_timer_tick'====== Args={'value': 2, 'prev_value': 1, 'change': 1, 'player_num': 1}
2022-09-11 13:05:38,785 : INFO : EventManager : Event: ======'timer_mw_intro_timer_tick'====== Args={'ticks': 2, 'ticks_remaining': 0}
2022-09-11 13:05:39,283 : INFO : EventManager : Event: ======'player_mini_wizard_mw_intro_timer_tick'====== Args={'value': 3, 'prev_value': 2, 'change': 1, 'player_num': 1}
2022-09-11 13:05:39,284 : INFO : EventManager : Event: ======'timer_mw_intro_timer_tick'====== Args={'ticks': 3, 'ticks_remaining': 0}
2022-09-11 13:05:39,783 : INFO : EventManager : Event: ======'player_mini_wizard_mw_intro_timer_tick'====== Args={'value': 4, 'prev_value': 3, 'change': 1, 'player_num': 1}
2022-09-11 13:05:39,784 : INFO : EventManager : Event: ======'timer_mw_intro_timer_tick'====== Args={'ticks': 4, 'ticks_remaining': 0}
2022-09-11 13:05:40,281 : INFO : EventManager : Event: ======'player_mini_wizard_mw_intro_timer_tick'====== Args={'value': 5, 'prev_value': 4, 'change': 1, 'player_num': 1}
2022-09-11 13:05:40,282 : INFO : EventManager : Event: ======'timer_mw_intro_timer_tick'====== Args={'ticks': 5, 'ticks_remaining': 0}
2022-09-11 13:05:40,308 : INFO : EventManager : Event: ======'slide_mw_intro_2_created'====== Args={'_from_bcp': True}
2022-09-11 13:05:40,316 : INFO : EventManager : Event: ======'slide_mw_intro_2_active'====== Args={'_from_bcp': True}
2022-09-11 13:05:40,780 : INFO : EventManager : Event: ======'player_mini_wizard_mw_intro_timer_tick'====== Args={'value': 6, 'prev_value': 5, 'change': 1, 'player_num': 1}
2022-09-11 13:05:40,781 : INFO : EventManager : Event: ======'timer_mw_intro_timer_tick'====== Args={'ticks': 6, 'ticks_remaining': 0}
2022-09-11 13:05:41,279 : INFO : EventManager : Event: ======'player_mini_wizard_mw_intro_timer_tick'====== Args={'value': 7, 'prev_value': 6, 'change': 1, 'player_num': 1}
2022-09-11 13:05:41,280 : INFO : EventManager : Event: ======'timer_mw_intro_timer_tick'====== Args={'ticks': 7, 'ticks_remaining': 0}
2022-09-11 13:05:41,780 : INFO : EventManager : Event: ======'player_mini_wizard_mw_intro_timer_tick'====== Args={'value': 8, 'prev_value': 7, 'change': 1, 'player_num': 1}
2022-09-11 13:05:41,781 : INFO : EventManager : Event: ======'timer_mw_intro_timer_tick'====== Args={'ticks': 8, 'ticks_remaining': 0}
2022-09-11 13:05:41,788 : INFO : EventManager : Event: ======'slide_mw_intro_1_removed'====== Args={'_from_bcp': True}
2022-09-11 13:05:42,278 : INFO : EventManager : Event: ======'player_mini_wizard_mw_intro_timer_tick'====== Args={'value': 9, 'prev_value': 8, 'change': 1, 'player_num': 1}
2022-09-11 13:05:42,279 : INFO : EventManager : Event: ======'timer_mw_intro_timer_tick'====== Args={'ticks': 9, 'ticks_remaining': 0}
2022-09-11 13:05:42,777 : INFO : EventManager : Event: ======'player_mini_wizard_mw_intro_timer_tick'====== Args={'value': 10, 'prev_value': 9, 'change': 1, 'player_num': 1}
2022-09-11 13:05:42,778 : INFO : EventManager : Event: ======'timer_mw_intro_timer_tick'====== Args={'ticks': 10, 'ticks_remaining': 0}
2022-09-11 13:05:43,276 : INFO : EventManager : Event: ======'player_mini_wizard_mw_intro_timer_tick'====== Args={'value': 11, 'prev_value': 10, 'change': 1, 'player_num': 1}
2022-09-11 13:05:43,277 : INFO : EventManager : Event: ======'timer_mw_intro_timer_tick'====== Args={'ticks': 11, 'ticks_remaining': 0}
2022-09-11 13:05:43,776 : INFO : EventManager : Event: ======'player_mini_wizard_mw_intro_timer_tick'====== Args={'value': 12, 'prev_value': 11, 'change': 1, 'player_num': 1}
2022-09-11 13:05:43,777 : INFO : EventManager : Event: ======'timer_mw_intro_timer_tick'====== Args={'ticks': 12, 'ticks_remaining': 0}
2022-09-11 13:05:43,793 : INFO : EventManager : Event: ======'slide_mw_intro_3_created'====== Args={'_from_bcp': True}
2022-09-11 13:05:43,798 : INFO : EventManager : Event: ======'slide_mw_intro_3_active'====== Args={'_from_bcp': True}
2022-09-11 13:05:44,274 : INFO : EventManager : Event: ======'player_mini_wizard_mw_intro_timer_tick'====== Args={'value': 13, 'prev_value': 12, 'change': 1, 'player_num': 1}
2022-09-11 13:05:44,275 : INFO : EventManager : Event: ======'timer_mw_intro_timer_tick'====== Args={'ticks': 13, 'ticks_remaining': 0}
2022-09-11 13:05:44,297 : INFO : EventManager : Event: ======'slide_mw_intro_2_removed'====== Args={'_from_bcp': True}
2022-09-11 13:05:44,774 : INFO : EventManager : Event: ======'player_mini_wizard_mw_intro_timer_tick'====== Args={'value': 14, 'prev_value': 13, 'change': 1, 'player_num': 1}
2022-09-11 13:05:44,774 : INFO : EventManager : Event: ======'timer_mw_intro_timer_tick'====== Args={'ticks': 14, 'ticks_remaining': 0}
2022-09-11 13:05:45,273 : INFO : EventManager : Event: ======'player_mini_wizard_mw_intro_timer_tick'====== Args={'value': 15, 'prev_value': 14, 'change': 1, 'player_num': 1}
2022-09-11 13:05:45,274 : INFO : EventManager : Event: ======'timer_mw_intro_timer_tick'====== Args={'ticks': 15, 'ticks_remaining': 0}
2022-09-11 13:05:45,773 : INFO : EventManager : Event: ======'player_mini_wizard_mw_intro_timer_tick'====== Args={'value': 16, 'prev_value': 15, 'change': 1, 'player_num': 1}
2022-09-11 13:05:45,774 : INFO : EventManager : Event: ======'timer_mw_intro_timer_tick'====== Args={'ticks': 16, 'ticks_remaining': 0}
2022-09-11 13:05:46,271 : INFO : EventManager : Event: ======'player_mini_wizard_mw_intro_timer_tick'====== Args={'value': 17, 'prev_value': 16, 'change': 1, 'player_num': 1}
2022-09-11 13:05:46,272 : INFO : EventManager : Event: ======'timer_mw_intro_timer_tick'====== Args={'ticks': 17, 'ticks_remaining': 0}
2022-09-11 13:05:46,771 : INFO : EventManager : Event: ======'player_mini_wizard_mw_intro_timer_tick'====== Args={'value': 18, 'prev_value': 17, 'change': 1, 'player_num': 1}
2022-09-11 13:05:46,772 : INFO : EventManager : Event: ======'timer_mw_intro_timer_tick'====== Args={'ticks': 18, 'ticks_remaining': 0}
2022-09-11 13:05:47,271 : INFO : EventManager : Event: ======'player_mini_wizard_mw_intro_timer_tick'====== Args={'value': 19, 'prev_value': 18, 'change': 1, 'player_num': 1}
2022-09-11 13:05:47,272 : INFO : EventManager : Event: ======'timer_mw_intro_timer_tick'====== Args={'ticks': 19, 'ticks_remaining': 0}
2022-09-11 13:05:47,289 : INFO : EventManager : Event: ======'slide_mw_intro_4_created'====== Args={'_from_bcp': True}
2022-09-11 13:05:47,294 : INFO : EventManager : Event: ======'slide_mw_intro_4_active'====== Args={'_from_bcp': True}
2022-09-11 13:05:47,787 : INFO : EventManager : Event: ======'player_mini_wizard_mw_intro_timer_tick'====== Args={'value': 20, 'prev_value': 19, 'change': 1, 'player_num': 1}
2022-09-11 13:05:47,787 : INFO : EventManager : Event: ======'timer_mw_intro_timer_tick'====== Args={'ticks': 20, 'ticks_remaining': 0}
2022-09-11 13:05:47,788 : INFO : EventManager : Event: ======'slide_mw_intro_3_removed'====== Args={'_from_bcp': True}
2022-09-11 13:05:48,284 : INFO : EventManager : Event: ======'player_mini_wizard_mw_intro_timer_tick'====== Args={'value': 21, 'prev_value': 20, 'change': 1, 'player_num': 1}
2022-09-11 13:05:48,285 : INFO : EventManager : Event: ======'timer_mw_intro_timer_tick'====== Args={'ticks': 21, 'ticks_remaining': 0}
2022-09-11 13:05:48,784 : INFO : EventManager : Event: ======'player_mini_wizard_mw_intro_timer_tick'====== Args={'value': 22, 'prev_value': 21, 'change': 1, 'player_num': 1}
2022-09-11 13:05:48,785 : INFO : EventManager : Event: ======'timer_mw_intro_timer_tick'====== Args={'ticks': 22, 'ticks_remaining': 0}
2022-09-11 13:05:49,283 : INFO : EventManager : Event: ======'player_mini_wizard_mw_intro_timer_tick'====== Args={'value': 23, 'prev_value': 22, 'change': 1, 'player_num': 1}
2022-09-11 13:05:49,284 : INFO : EventManager : Event: ======'timer_mw_intro_timer_tick'====== Args={'ticks': 23, 'ticks_remaining': 0}
2022-09-11 13:05:49,783 : INFO : EventManager : Event: ======'player_mini_wizard_mw_intro_timer_tick'====== Args={'value': 24, 'prev_value': 23, 'change': 1, 'player_num': 1}
2022-09-11 13:05:49,784 : INFO : EventManager : Event: ======'timer_mw_intro_timer_tick'====== Args={'ticks': 24, 'ticks_remaining': 0}
2022-09-11 13:05:50,281 : INFO : EventManager : Event: ======'player_mini_wizard_mw_intro_timer_tick'====== Args={'value': 25, 'prev_value': 24, 'change': 1, 'player_num': 1}
2022-09-11 13:05:50,282 : INFO : EventManager : Event: ======'timer_mw_intro_timer_tick'====== Args={'ticks': 25, 'ticks_remaining': 0}
2022-09-11 13:05:50,778 : INFO : EventManager : Event: ======'slide_mw_intro_4_removed'====== Args={'_from_bcp': True}
2022-09-11 13:05:50,781 : INFO : EventManager : Event: ======'player_mini_wizard_mw_intro_timer_tick'====== Args={'value': 26, 'prev_value': 25, 'change': 1, 'player_num': 1}
2022-09-11 13:05:50,782 : INFO : EventManager : Event: ======'timer_mw_intro_timer_tick'====== Args={'ticks': 26, 'ticks_remaining': 0}
2022-09-11 13:05:50,783 : INFO : EventManager : Event: ======'slide_score_slide_active'====== Args={'_from_bcp': True}
2022-09-11 13:05:51,280 : INFO : EventManager : Event: ======'player_mini_wizard_mw_intro_timer_tick'====== Args={'value': 27, 'prev_value': 26, 'change': 1, 'player_num': 1}
2022-09-11 13:05:51,281 : INFO : EventManager : Event: ======'timer_mw_intro_timer_tick'====== Args={'ticks': 27, 'ticks_remaining': 0}
2022-09-11 13:05:51,779 : INFO : EventManager : Event: ======'player_mini_wizard_mw_intro_timer_tick'====== Args={'value': 28, 'prev_value': 27, 'change': 1, 'player_num': 1}
2022-09-11 13:05:51,780 : INFO : EventManager : Event: ======'timer_mw_intro_timer_tick'====== Args={'ticks': 28, 'ticks_remaining': 0}
2022-09-11 13:05:52,278 : INFO : EventManager : Event: ======'player_mini_wizard_mw_intro_timer_tick'====== Args={'value': 29, 'prev_value': 28, 'change': 1, 'player_num': 1}
2022-09-11 13:05:52,279 : INFO : EventManager : Event: ======'timer_mw_intro_timer_tick'====== Args={'ticks': 29, 'ticks_remaining': 0}
2022-09-11 13:05:52,777 : INFO : EventManager : Event: ======'player_mini_wizard_mw_intro_timer_tick'====== Args={'value': 30, 'prev_value': 29, 'change': 1, 'player_num': 1}
2022-09-11 13:05:52,778 : INFO : EventManager : Event: ======'timer_mw_intro_timer_tick'====== Args={'ticks': 30, 'ticks_remaining': 0}
2022-09-11 13:05:53,276 : INFO : EventManager : Event: ======'player_mini_wizard_mw_intro_timer_tick'====== Args={'value': 31, 'prev_value': 30, 'change': 1, 'player_num': 1}
2022-09-11 13:05:53,277 : INFO : EventManager : Event: ======'timer_mw_intro_timer_tick'====== Args={'ticks': 31, 'ticks_remaining': 0}
2022-09-11 13:05:53,775 : INFO : EventManager : Event: ======'player_mini_wizard_mw_intro_timer_tick'====== Args={'value': 32, 'prev_value': 31, 'change': 1, 'player_num': 1}
2022-09-11 13:05:53,776 : INFO : EventManager : Event: ======'timer_mw_intro_timer_tick'====== Args={'ticks': 32, 'ticks_remaining': 0}
2022-09-11 13:05:54,275 : INFO : EventManager : Event: ======'player_mini_wizard_mw_intro_timer_tick'====== Args={'value': 33, 'prev_value': 32, 'change': 1, 'player_num': 1}
2022-09-11 13:05:54,276 : INFO : EventManager : Event: ======'timer_mw_intro_timer_tick'====== Args={'ticks': 33, 'ticks_remaining': 0}
2022-09-11 13:05:54,774 : INFO : EventManager : Event: ======'player_mini_wizard_mw_intro_timer_tick'====== Args={'value': 34, 'prev_value': 33, 'change': 1, 'player_num': 1}
2022-09-11 13:05:54,775 : INFO : EventManager : Event: ======'timer_mw_intro_timer_tick'====== Args={'ticks': 34, 'ticks_remaining': 0}
2022-09-11 13:05:55,273 : INFO : EventManager : Event: ======'player_mini_wizard_mw_intro_timer_tick'====== Args={'value': 35, 'prev_value': 34, 'change': 1, 'player_num': 1}
2022-09-11 13:05:55,274 : INFO : EventManager : Event: ======'timer_mw_intro_timer_tick'====== Args={'ticks': 35, 'ticks_remaining': 0}
2022-09-11 13:05:55,772 : INFO : EventManager : Event: ======'player_mini_wizard_mw_intro_timer_tick'====== Args={'value': 36, 'prev_value': 35, 'change': 1, 'player_num': 1}
2022-09-11 13:05:55,773 : INFO : EventManager : Event: ======'timer_mw_intro_timer_tick'====== Args={'ticks': 36, 'ticks_remaining': 0}
2022-09-11 13:05:56,271 : INFO : EventManager : Event: ======'player_mini_wizard_mw_intro_timer_tick'====== Args={'value': 37, 'prev_value': 36, 'change': 1, 'player_num': 1}
2022-09-11 13:05:56,272 : INFO : EventManager : Event: ======'timer_mw_intro_timer_tick'====== Args={'ticks': 37, 'ticks_remaining': 0}
2022-09-11 13:05:56,764 : INFO : Machine : Shutting down...
2022-09-11 13:05:56,764 : INFO : EventManager : Event: ======'shutdown'====== Args={}
2022-09-11 13:05:56,779 : INFO : EventManager : Event: ======'player_mini_wizard_mw_intro_timer_tick'====== Args={'value': 38, 'prev_value': 37, 'change': 1, 'player_num': 1}
2022-09-11 13:05:56,779 : INFO : EventManager : Event: ======'timer_mw_intro_timer_tick'====== Args={'ticks': 38, 'ticks_remaining': 0}
2022-09-11 13:05:56,795 : WARNING : FAST : Port RGB received more messages than were sent! Resetting!
2022-09-11 13:05:56,795 : WARNING : FAST : Received unknown serial command? BX:P from RGB.
2022-09-11 13:05:56,795 : WARNING : FAST : Port NET received more messages than were sent! Resetting!
2022-09-11 13:05:56,873 : ERROR : FAST : Stop called on serial connection com7
2022-09-11 13:05:56,873 : ERROR : FAST : Stop called on serial connection com8
2022-09-11 13:05:57,091 : INFO : root : MPF run loop ended.
