2022-09-03 16:31:24,719 : kivy : Factory: 186 symbols loaded
2022-09-03 16:31:24,875 : kivy : ImageLoaderFFPy: Using ffpyplayer 4.3.2
2022-09-03 16:31:24,875 : kivy : Image: Providers: img_tex, img_dds, img_sdl2, img_pil, img_ffpyplayer 
2022-09-03 16:31:24,908 : kivy : VideoGstplayer: Using Gstreamer 1.18.0.0
2022-09-03 16:31:24,909 : kivy : Video: Provider: gstplayer
2022-09-03 16:31:25,063 : kivy : Loading MPF-MC controller
2022-09-03 16:31:25,583 : ConfigProcessor : Config spec file cache created: C:\Users\Brendan\AppData\Local\Temp\config_spec.mpf_cache
2022-09-03 16:31:25,583 : YamlMultifileConfigLoader : Machine config file #1: config
2022-09-03 16:31:25,583 : ConfigProcessor : Config file in cache changed: C:\Baby_pacman_code\machine\config\config
2022-09-03 16:31:25,583 : ConfigProcessor : Loading config from file c:\users\brendan\appdata\local\programs\python\python37\lib\site-packages\mpfmc\mcconfig.yaml.
2022-09-03 16:31:25,634 : ConfigProcessor : Loading config: c:\users\brendan\appdata\local\programs\python\python37\lib\site-packages\mpfmc\mcconfig.yaml
2022-09-03 16:31:25,634 : ConfigProcessor : Loading config from file C:\Baby_pacman_code\machine\config\config.
2022-09-03 16:31:25,761 : ConfigProcessor : Loading config: C:\Baby_pacman_code\machine\config\config
2022-09-03 16:31:25,763 : ConfigProcessor : Config file cache created: C:\Users\Brendan\AppData\Local\Temp\e68bda1e95a8aa0185725ca2569cabab.mpf_cache
2022-09-03 16:31:25,764 : ConfigProcessor : Loading config from cache: C:\Users\Brendan\AppData\Local\Temp\467e7647689d29fad6adf949e1f4d51d.mpf_cache
2022-09-03 16:31:25,764 : ConfigProcessor : Loading config from cache: C:\Users\Brendan\AppData\Local\Temp\5550e037aa776b42b91b29b40b356c70.mpf_cache
2022-09-03 16:31:25,765 : ConfigProcessor : Loading config from cache: C:\Users\Brendan\AppData\Local\Temp\15e0c601392b30c3d9ba3ead8131edb5.mpf_cache
2022-09-03 16:31:25,766 : ConfigProcessor : Loading config from cache: C:\Users\Brendan\AppData\Local\Temp\0bf50917c4ef15ab65ee13d6c14e7d7c.mpf_cache
2022-09-03 16:31:25,766 : ConfigProcessor : Loading config from cache: C:\Users\Brendan\AppData\Local\Temp\bc7da7b13b2754e080c2afa0678ac274.mpf_cache
2022-09-03 16:31:25,767 : ConfigProcessor : Loading config from cache: C:\Users\Brendan\AppData\Local\Temp\bbd59d0bb6602ee0c5a89d6f85e6dd42.mpf_cache
2022-09-03 16:31:25,767 : ConfigProcessor : Loading config from cache: C:\Users\Brendan\AppData\Local\Temp\5526c78976fee311c3d05505d75f653d.mpf_cache
2022-09-03 16:31:25,768 : ConfigProcessor : Loading config from cache: C:\Users\Brendan\AppData\Local\Temp\6e95138ae5415fc76b53ebf8fa245fb5.mpf_cache
2022-09-03 16:31:25,768 : ConfigProcessor : Loading config from cache: C:\Users\Brendan\AppData\Local\Temp\1ec1c4dffb383758956493783a9ed391.mpf_cache
2022-09-03 16:31:25,769 : ConfigProcessor : Loading config from cache: C:\Users\Brendan\AppData\Local\Temp\f2aee92728c8017b77c710c804dd7f5a.mpf_cache
2022-09-03 16:31:25,770 : ConfigProcessor : Loading config from cache: C:\Users\Brendan\AppData\Local\Temp\88f57fa1305e9dc100972ec9f84d57fe.mpf_cache
2022-09-03 16:31:25,770 : ConfigProcessor : Loading config from cache: C:\Users\Brendan\AppData\Local\Temp\6e00a9d794d4c3f43a0fc48da04dac60.mpf_cache
2022-09-03 16:31:25,771 : ConfigProcessor : Loading config from cache: C:\Users\Brendan\AppData\Local\Temp\05ef98219fc733c3bcab58726c4b37ef.mpf_cache
2022-09-03 16:31:25,772 : ConfigProcessor : Loading config from cache: C:\Users\Brendan\AppData\Local\Temp\c22d657a5a7bb60632c2be2c735e073b.mpf_cache
2022-09-03 16:31:25,772 : ConfigProcessor : Loading config from cache: C:\Users\Brendan\AppData\Local\Temp\f7d4f5eb9425fe84d2e83a363afd4bdf.mpf_cache
2022-09-03 16:31:25,773 : ConfigProcessor : Loading config from cache: C:\Users\Brendan\AppData\Local\Temp\125f51d329f930ea7bff10973551cc26.mpf_cache
2022-09-03 16:31:25,773 : ConfigProcessor : Loading config from cache: C:\Users\Brendan\AppData\Local\Temp\08e18dfdf4e02cd29cc0cc52be2faaf4.mpf_cache
2022-09-03 16:31:25,774 : ConfigProcessor : Loading config from cache: C:\Users\Brendan\AppData\Local\Temp\f042f5bf6362b9e04d43b40b93a92057.mpf_cache
2022-09-03 16:31:25,774 : ConfigProcessor : Loading config from cache: C:\Users\Brendan\AppData\Local\Temp\60badac06cd62deb71f25fac24b103c2.mpf_cache
2022-09-03 16:31:25,775 : ConfigProcessor : Loading config from cache: C:\Users\Brendan\AppData\Local\Temp\a3ad1aeb679a0686901de8a6ffe784f0.mpf_cache
2022-09-03 16:31:25,775 : ConfigProcessor : Loading config from cache: C:\Users\Brendan\AppData\Local\Temp\d7856287e4ec48fb5adaa65e5f7b2848.mpf_cache
2022-09-03 16:31:25,776 : mpfmc : Mission Pinball Framework Media Controller v0.55.0
2022-09-03 16:31:25,776 : mpfmc : Mission Pinball Framework Game Engine v0.55.0
2022-09-03 16:31:25,776 : mpfmc : Machine path: C:\Baby_pacman_code\machine
2022-09-03 16:31:25,776 : mpfmc : Starting clock at 60.0Hz
2022-09-03 16:31:25,787 : kivy : Text: Provider: sdl2
2022-09-03 16:31:25,821 : kivy : Window: Provider: sdl2
2022-09-03 16:31:25,887 : kivy : GL: Using the "OpenGL" graphics system
2022-09-03 16:31:25,888 : kivy : GL: GLEW initialization succeeded
2022-09-03 16:31:25,888 : kivy : GL: Backend used <glew>
2022-09-03 16:31:25,888 : kivy : GL: OpenGL version <b'3.1.0 - Build 9.17.10.3517'>
2022-09-03 16:31:25,888 : kivy : GL: OpenGL vendor <b'Intel'>
2022-09-03 16:31:25,888 : kivy : GL: OpenGL renderer <b'Intel(R) HD Graphics 2000'>
2022-09-03 16:31:25,888 : kivy : GL: OpenGL parsed version: 3, 1
2022-09-03 16:31:25,888 : kivy : GL: Shading version <b'1.40 - Intel Build 9.17.10.3517'>
2022-09-03 16:31:25,888 : kivy : GL: Texture max size <8192>
2022-09-03 16:31:25,888 : kivy : GL: Texture max units <16>
2022-09-03 16:31:25,954 : kivy : Window: auto add sdl2 input provider
2022-09-03 16:31:25,955 : kivy : Window: virtual keyboard not allowed, single mode, not docked
2022-09-03 16:31:26,119 : AudioInterface : Initialized
2022-09-03 16:31:26,119 : AudioInterface : Loaded SDL 2.0.12
2022-09-03 16:31:26,119 : AudioInterface : Loaded SDL_Mixer 2.0.4
2022-09-03 16:31:26,119 : AudioInterface : Loaded GStreamer 1.18.0.0
2022-09-03 16:31:26,120 : AudioInterface : Loaded GLib 2.62.6
2022-09-03 16:31:26,120 : AudioInterface : Settings requested - rate: 44100, channels: 1, buffer: 2048 samples
2022-09-03 16:31:26,120 : AudioInterface : Settings in use - rate: 44100, channels: 1, buffer: 2048 samples (4096 bytes @ 2 bytes per sample)
2022-09-03 16:31:26,120 : SoundSystem : Setting master volume to 0.0
2022-09-03 16:31:26,120 : SoundSystem : master_volume in sound_system is deprecated and will be removed in the future.
2022-09-03 16:31:26,120 : AudioInterface : Enabling audio playback
2022-09-03 16:31:26,122 : kivy : Base: Start application main loop
2022-09-03 16:31:26,123 : EventManager : Event: ======'display_window1_initialized'====== Args={}
2022-09-03 16:31:26,276 : mpfmc : Display: Setting 'window1' as default display
2022-09-03 16:31:26,283 : mpfmc : ASPECT RATIO MISMATCH: The on-screen window is not the same aspect ratio as the display called 'window1'. The logical display will be scaled from 1366x768 to the window size 1920x1058, and a black bar will make up the difference
2022-09-03 16:31:26,284 : EventManager : Event: ======'displays_initialized'====== Args={}
2022-09-03 16:31:26,286 : EventManager : Event: ======'slide_window1_blank_created'====== Args={}
2022-09-03 16:31:26,286 : EventManager : Event: ======'display_window1_ready'====== Args={}
2022-09-03 16:31:26,294 : EventManager : Event: ======'init_phase_1'====== Args={}
2022-09-03 16:31:26,299 : EventManager : Event: ======'mc_ready'====== Args={}
2022-09-03 16:31:26,299 : EventManager : Event: ======'init_phase_2'====== Args={}
2022-09-03 16:31:26,330 : EventManager : Event: ======'init_phase_3'====== Args={}
2022-09-03 16:31:26,336 : EventManager : Event: ======'init_phase_4'====== Args={}
2022-09-03 16:31:26,336 : EventManager : Event: ======'init_phase_5'====== Args={}
2022-09-03 16:31:26,390 : kivy : GL: NPOT texture support is available
2022-09-03 16:31:26,411 : kivy : GL: Unpack subimage support is available
2022-09-03 16:31:26,437 : EventManager : Event: ======'loading_assets'====== Args={'total': 27, 'loaded': 1, 'remaining': 26, 'percent': 4}
2022-09-03 16:31:26,437 : AssetManager : Loading assets: 1/27 (4%)
2022-09-03 16:31:27,695 : EventManager : Event: ======'loading_assets'====== Args={'total': 27, 'loaded': 2, 'remaining': 25, 'percent': 7}
2022-09-03 16:31:27,695 : AssetManager : Loading assets: 2/27 (7%)
2022-09-03 16:31:29,376 : EventManager : Event: ======'loading_assets'====== Args={'total': 27, 'loaded': 14, 'remaining': 13, 'percent': 52}
2022-09-03 16:31:29,376 : AssetManager : Loading assets: 14/27 (52%)
2022-09-03 16:31:30,168 : EventManager : Event: ======'loading_assets'====== Args={'total': 27, 'loaded': 27, 'remaining': 0, 'percent': 100}
2022-09-03 16:31:30,169 : AssetManager : Asset loading took: 4.048231840133667
2022-09-03 16:31:30,169 : EventManager : Event: ======'asset_loading_complete'====== Args={}
2022-09-03 16:31:30,169 : AssetManager : Loading assets: 27/27 (100%)
2022-09-03 16:31:30,169 : EventManager : Event: ======'init_done'====== Args={}
2022-09-03 16:31:30,169 : MPF-MC BCP Server : Starting up on localhost port 5050
2022-09-03 16:31:30,172 : MPF-MC BCP Server : Waiting for a connection...
2022-09-03 16:31:30,185 : EventManager : Event: ======'client_disconnected'====== Args={'host': '127.0.0.1', 'port': 5050}
2022-09-03 16:31:31,028 : MPF-MC BCP Server : Received connection from: 127.0.0.1:49270
2022-09-03 16:31:31,040 : EventManager : Event: ======'client_connected'====== Args={'host': '127.0.0.1', 'port': 49270}
2022-09-03 16:31:31,053 : EventManager : Event: ======'machine_var_fast_net_firmware'====== Args={'value': '01.05', 'prev_value': None, 'change': True}
2022-09-03 16:31:31,053 : EventManager : Event: ======'machine_var_fast_net_model'====== Args={'value': 'FP-CPU-002-2', 'prev_value': None, 'change': True}
2022-09-03 16:31:31,053 : EventManager : Event: ======'machine_var_fast_rgb_firmware'====== Args={'value': '01.00', 'prev_value': None, 'change': True}
2022-09-03 16:31:31,053 : EventManager : Event: ======'machine_var_fast_rgb_model'====== Args={'value': 'FP-CPU-002-2', 'prev_value': None, 'change': True}
2022-09-03 16:31:31,053 : EventManager : Event: ======'machine_var_credits_string'====== Args={'value': 'FREE PLAY', 'prev_value': None, 'change': True}
2022-09-03 16:31:31,054 : EventManager : Event: ======'machine_var_master_volume'====== Args={'value': 0.5, 'prev_value': None, 'change': True}
2022-09-03 16:31:31,054 : EventManager : Event: ======'machine_var_player1_score'====== Args={'value': 54709090, 'prev_value': None, 'change': True}
2022-09-03 16:31:31,054 : EventManager : Event: ======'machine_var_mpf_version'====== Args={'value': 'MPF v0.55.0', 'prev_value': None, 'change': True}
2022-09-03 16:31:31,054 : EventManager : Event: ======'machine_var_mpf_extended_version'====== Args={'value': 'MPF v0.55.0, Config version:5, Show version: 5, BCP version:1.1', 'prev_value': None, 'change': True}
2022-09-03 16:31:31,054 : EventManager : Event: ======'machine_var_python_version'====== Args={'value': '3.7.8', 'prev_value': None, 'change': True}
2022-09-03 16:31:31,054 : EventManager : Event: ======'machine_var_platform'====== Args={'value': 'Windows-7-6.1.7601-SP1', 'prev_value': None, 'change': True}
2022-09-03 16:31:31,055 : EventManager : Event: ======'machine_var_platform_system'====== Args={'value': 'Windows', 'prev_value': None, 'change': True}
2022-09-03 16:31:31,055 : EventManager : Event: ======'machine_var_platform_release'====== Args={'value': '7', 'prev_value': None, 'change': True}
2022-09-03 16:31:31,055 : EventManager : Event: ======'machine_var_platform_version'====== Args={'value': '6.1.7601', 'prev_value': None, 'change': True}
2022-09-03 16:31:31,055 : EventManager : Event: ======'machine_var_platform_machine'====== Args={'value': 'AMD64', 'prev_value': None, 'change': True}
2022-09-03 16:31:31,055 : EventManager : Event: ======'machine_var_mc_version'====== Args={'value': 'MPF-MC v0.55.0', 'prev_value': None, 'change': True}
2022-09-03 16:31:31,055 : EventManager : Event: ======'machine_var_mc_extended_version'====== Args={'value': 'MPF-MC v0.55.0 (config_version=5, BCP v1.1, Requires MPF v0.55.0-dev.49)', 'prev_value': None, 'change': True}
2022-09-03 16:31:31,056 : SoundSystem : Setting master volume to 0.5
2022-09-03 16:31:31,582 : EventManager : Event: ======'machine_var_audits_events_game_ended'====== Args={'value': 0, 'prev_value': None, 'change': True}
2022-09-03 16:31:31,594 : EventManager : Event: ======'machine_var_audits_events_game_started'====== Args={'value': 0, 'prev_value': None, 'change': True}
2022-09-03 16:31:31,594 : EventManager : Event: ======'machine_var_audits_player_score'====== Args={'value': {'average': 14695462.614379082, 'top': [720234070, 507595620, 502234510, 210762830, 203435200, 198719690, 196999500, 195274570, 171491840, 161094530], 'total': 612}, 'prev_value': None, 'change': True}
2022-09-03 16:31:31,594 : EventManager : Event: ======'machine_var_audits_shots_center_drop_mission1'====== Args={'value': 606, 'prev_value': None, 'change': True}
2022-09-03 16:31:31,594 : EventManager : Event: ======'machine_var_audits_shots_center_target'====== Args={'value': 346, 'prev_value': None, 'change': True}
2022-09-03 16:31:31,594 : EventManager : Event: ======'machine_var_audits_shots_drop_target1_mission2'====== Args={'value': 243, 'prev_value': None, 'change': True}
2022-09-03 16:31:31,594 : EventManager : Event: ======'machine_var_audits_shots_drop_target2_mission2'====== Args={'value': 287, 'prev_value': None, 'change': True}
2022-09-03 16:31:31,595 : EventManager : Event: ======'machine_var_audits_shots_drop_target3_mission2'====== Args={'value': 333, 'prev_value': None, 'change': True}
2022-09-03 16:31:31,595 : EventManager : Event: ======'machine_var_audits_shots_drop_target4_mission2'====== Args={'value': 299, 'prev_value': None, 'change': True}
2022-09-03 16:31:31,595 : EventManager : Event: ======'machine_var_audits_shots_drop_target5_mission2'====== Args={'value': 255, 'prev_value': None, 'change': True}
2022-09-03 16:31:31,595 : EventManager : Event: ======'machine_var_audits_shots_drop_targets_mission3'====== Args={'value': 1643, 'prev_value': None, 'change': True}
2022-09-03 16:31:31,595 : EventManager : Event: ======'machine_var_audits_shots_galaxy_advance'====== Args={'value': 2953, 'prev_value': None, 'change': True}
2022-09-03 16:31:31,595 : EventManager : Event: ======'machine_var_audits_shots_l_lane'====== Args={'value': 679, 'prev_value': None, 'change': True}
2022-09-03 16:31:31,595 : EventManager : Event: ======'machine_var_audits_shots_left_kicker_mission2'====== Args={'value': 170, 'prev_value': None, 'change': True}
2022-09-03 16:31:31,595 : EventManager : Event: ======'machine_var_audits_shots_left_kicker_mission4'====== Args={'value': 130, 'prev_value': None, 'change': True}
2022-09-03 16:31:31,596 : EventManager : Event: ======'machine_var_audits_shots_left_loop_mission1'====== Args={'value': 688, 'prev_value': None, 'change': True}
2022-09-03 16:31:31,596 : EventManager : Event: ======'machine_var_audits_shots_left_loop_mission2'====== Args={'value': 286, 'prev_value': None, 'change': True}
2022-09-03 16:31:31,596 : EventManager : Event: ======'machine_var_audits_shots_left_loop_mission4'====== Args={'value': 411, 'prev_value': None, 'change': True}
2022-09-03 16:31:31,596 : EventManager : Event: ======'machine_var_audits_shots_portal_advance'====== Args={'value': 5063, 'prev_value': None, 'change': True}
2022-09-03 16:31:31,596 : EventManager : Event: ======'machine_var_audits_shots_r_lane'====== Args={'value': 596, 'prev_value': None, 'change': True}
2022-09-03 16:31:31,597 : EventManager : Event: ======'machine_var_audits_shots_right_kicker_mission2'====== Args={'value': 143, 'prev_value': None, 'change': True}
2022-09-03 16:31:31,597 : EventManager : Event: ======'machine_var_audits_shots_right_kicker_mission4'====== Args={'value': 145, 'prev_value': None, 'change': True}
2022-09-03 16:31:31,597 : EventManager : Event: ======'machine_var_audits_shots_right_loop_mission1'====== Args={'value': 785, 'prev_value': None, 'change': True}
2022-09-03 16:31:31,597 : EventManager : Event: ======'machine_var_audits_shots_right_loop_mission2'====== Args={'value': 335, 'prev_value': None, 'change': True}
2022-09-03 16:31:31,597 : EventManager : Event: ======'machine_var_audits_shots_right_loop_mission4'====== Args={'value': 468, 'prev_value': None, 'change': True}
2022-09-03 16:31:31,597 : EventManager : Event: ======'machine_var_audits_shots_warp_advance'====== Args={'value': 1150, 'prev_value': None, 'change': True}
2022-09-03 16:31:31,597 : EventManager : Event: ======'machine_var_audits_switches_s_action_button'====== Args={'value': 4283, 'prev_value': None, 'change': True}
2022-09-03 16:31:31,597 : EventManager : Event: ======'machine_var_audits_switches_s_drain'====== Args={'value': 2920, 'prev_value': None, 'change': True}
2022-09-03 16:31:31,598 : EventManager : Event: ======'machine_var_audits_switches_s_drop_target1'====== Args={'value': 2038, 'prev_value': None, 'change': True}
2022-09-03 16:31:31,598 : EventManager : Event: ======'machine_var_audits_switches_s_drop_target2'====== Args={'value': 2356, 'prev_value': None, 'change': True}
2022-09-03 16:31:31,598 : EventManager : Event: ======'machine_var_audits_switches_s_drop_target3'====== Args={'value': 2791, 'prev_value': None, 'change': True}
2022-09-03 16:31:31,598 : EventManager : Event: ======'machine_var_audits_switches_s_drop_target4'====== Args={'value': 2236, 'prev_value': None, 'change': True}
2022-09-03 16:31:31,598 : EventManager : Event: ======'machine_var_audits_switches_s_drop_target5'====== Args={'value': 2117, 'prev_value': None, 'change': True}
2022-09-03 16:31:31,598 : EventManager : Event: ======'machine_var_audits_switches_s_left_captive_ball'====== Args={'value': 516, 'prev_value': None, 'change': True}
2022-09-03 16:31:31,598 : EventManager : Event: ======'machine_var_audits_switches_s_left_flipper'====== Args={'value': 38016, 'prev_value': None, 'change': True}
2022-09-03 16:31:31,598 : EventManager : Event: ======'machine_var_audits_switches_s_left_inlane'====== Args={'value': 679, 'prev_value': None, 'change': True}
2022-09-03 16:31:31,598 : EventManager : Event: ======'machine_var_audits_switches_s_left_inlane_far'====== Args={'value': 4950, 'prev_value': None, 'change': True}
2022-09-03 16:31:31,599 : EventManager : Event: ======'machine_var_audits_switches_s_left_kicker'====== Args={'value': 1663, 'prev_value': None, 'change': True}
2022-09-03 16:31:31,599 : EventManager : Event: ======'machine_var_audits_switches_s_left_sling'====== Args={'value': 7472, 'prev_value': None, 'change': True}
2022-09-03 16:31:31,599 : EventManager : Event: ======'machine_var_audits_switches_s_left_spinner'====== Args={'value': 23575, 'prev_value': None, 'change': True}
2022-09-03 16:31:31,599 : EventManager : Event: ======'machine_var_audits_switches_s_right_captive_ball'====== Args={'value': 542, 'prev_value': None, 'change': True}
2022-09-03 16:31:31,599 : EventManager : Event: ======'machine_var_audits_switches_s_right_flipper'====== Args={'value': 34754, 'prev_value': None, 'change': True}
2022-09-03 16:31:31,599 : EventManager : Event: ======'machine_var_audits_switches_s_right_inlane'====== Args={'value': 596, 'prev_value': None, 'change': True}
2022-09-03 16:31:31,599 : EventManager : Event: ======'machine_var_audits_switches_s_right_inlane_far'====== Args={'value': 6855, 'prev_value': None, 'change': True}
2022-09-03 16:31:31,599 : EventManager : Event: ======'machine_var_audits_switches_s_right_kicker'====== Args={'value': 1828, 'prev_value': None, 'change': True}
2022-09-03 16:31:31,607 : EventManager : Event: ======'machine_var_audits_switches_s_right_sling'====== Args={'value': 14471, 'prev_value': None, 'change': True}
2022-09-03 16:31:31,607 : EventManager : Event: ======'machine_var_audits_switches_s_right_spinner'====== Args={'value': 18078, 'prev_value': None, 'change': True}
2022-09-03 16:31:31,607 : EventManager : Event: ======'machine_var_audits_switches_s_start'====== Args={'value': 415, 'prev_value': None, 'change': True}
2022-09-03 16:31:31,619 : EventManager : Event: ======'mc_reset_phase_1'====== Args={}
2022-09-03 16:31:31,619 : EventManager : Event: ======'mc_reset_phase_2'====== Args={}
2022-09-03 16:31:31,619 : EventManager : Event: ======'mc_reset_phase_3'====== Args={}
2022-09-03 16:31:31,619 : EventManager : Event: ======'mc_reset_complete'====== Args={}
2022-09-03 16:31:31,631 : EventManager : Event: ======'slides_play'====== Args={'settings': {'widgets': {'widgets': [{'type': 'text', 'text': 'GAME OVER', 'font_size': 50, 'font_name': 'space_font', '_default_settings': ['type', 'text', 'font_size', 'font_name'], 'x': None, 'y': None, 'anchor_x': 'center', 'anchor_y': 'center', 'round_anchor_x': None, 'round_anchor_y': None, 'opacity': 1.0, 'z': 0, 'reset_animations_events': {}, 'color': [1.0, 1.0, 1.0, 1.0], 'style': [], 'adjust_top': 0, 'adjust_bottom': 0, 'adjust_left': 0, 'adjust_right': 0, 'expire': None, 'key': None, 'widget': None, 'events_when_added': [], 'events_when_removed': [], 'bitmap_font': False, 'font_kerning': True, 'bold': False, 'italic': False, 'number_grouping': False, 'min_digits': 0, 'halign': 'center', 'valign': 'middle', 'rotation': 0, 'scale': 1.0, 'casing': None, 'animations': None}, {'type': 'image', 'image': 'attract_background', '_default_settings': ['type', 'image'], 'x': None, 'y': None, 'anchor_x': 'center', 'anchor_y': 'center', 'round_anchor_x': None, 'round_anchor_y': None, 'opacity': 1.0, 'z': 0, 'reset_animations_events': {}, 'color': [1.0, 1.0, 1.0, 1.0], 'style': [], 'adjust_top': 0, 'adjust_bottom': 0, 'adjust_left': 0, 'adjust_right': 0, 'expire': None, 'key': None, 'widget': None, 'events_when_added': [], 'events_when_removed': [], 'fps': 10, 'loops': -1, 'auto_play': True, 'start_frame': 0, 'rotation': 0, 'scale': 1.0, 'animations': None}], 'target': None, 'background_color': [0.0, 0.0, 0.0, 1.0], 'priority': None, 'show': True, 'force': False, 'expire': None, 'slide': None, 'tokens': {}, 'action': 'play'}}, 'context': 'show_3', 'calling_context': 0, 'priority': 10, 'show_tokens': {}, 'start_time': 5780.445}
2022-09-03 16:31:31,631 : mpfmc : SlidePlayer: Play called with settings={'widgets': {'widgets': [{'type': 'text', 'text': 'GAME OVER', 'font_size': 50, 'font_name': 'space_font', '_default_settings': ['type', 'text', 'font_size', 'font_name'], 'x': None, 'y': None, 'anchor_x': 'center', 'anchor_y': 'center', 'round_anchor_x': None, 'round_anchor_y': None, 'opacity': 1.0, 'z': 0, 'reset_animations_events': {}, 'color': [1.0, 1.0, 1.0, 1.0], 'style': [], 'adjust_top': 0, 'adjust_bottom': 0, 'adjust_left': 0, 'adjust_right': 0, 'expire': None, 'key': None, 'widget': None, 'events_when_added': [], 'events_when_removed': [], 'bitmap_font': False, 'font_kerning': True, 'bold': False, 'italic': False, 'number_grouping': False, 'min_digits': 0, 'halign': 'center', 'valign': 'middle', 'rotation': 0, 'scale': 1.0, 'casing': None, 'animations': None}, {'type': 'image', 'image': 'attract_background', '_default_settings': ['type', 'image'], 'x': None, 'y': None, 'anchor_x': 'center', 'anchor_y': 'center', 'round_anchor_x': None, 'round_anchor_y': None, 'opacity': 1.0, 'z': 0, 'reset_animations_events': {}, 'color': [1.0, 1.0, 1.0, 1.0], 'style': [], 'adjust_top': 0, 'adjust_bottom': 0, 'adjust_left': 0, 'adjust_right': 0, 'expire': None, 'key': None, 'widget': None, 'events_when_added': [], 'events_when_removed': [], 'fps': 10, 'loops': -1, 'auto_play': True, 'start_frame': 0, 'rotation': 0, 'scale': 1.0, 'animations': None}], 'target': None, 'background_color': [0.0, 0.0, 0.0, 1.0], 'priority': None, 'show': True, 'force': False, 'expire': None, 'slide': None, 'tokens': {}, 'action': 'play'}}
2022-09-03 16:31:31,638 : EventManager : Event: ======'slide_show_3.slide_player-0_created'====== Args={}
2022-09-03 16:31:31,640 : EventManager : Event: ======'slide_show_3.slide_player-0_active'====== Args={}
2022-09-03 16:31:34,617 : EventManager : Event: ======'slides_play'====== Args={'settings': {'last_game_score_slide': {'widgets': [{'type': 'text', 'text': 'LAST GAME', 'font_size': 50, 'y': '60%', 'font_name': 'space_font', '_default_settings': ['type', 'text', 'font_size', 'y', 'font_name'], 'x': None, 'anchor_x': 'center', 'anchor_y': 'center', 'round_anchor_x': None, 'round_anchor_y': None, 'opacity': 1.0, 'z': 0, 'reset_animations_events': {}, 'color': [1.0, 1.0, 1.0, 1.0], 'style': [], 'adjust_top': 0, 'adjust_bottom': 0, 'adjust_left': 0, 'adjust_right': 0, 'expire': None, 'key': None, 'widget': None, 'events_when_added': [], 'events_when_removed': [], 'bitmap_font': False, 'font_kerning': True, 'bold': False, 'italic': False, 'number_grouping': False, 'min_digits': 0, 'halign': 'center', 'valign': 'middle', 'rotation': 0, 'scale': 1.0, 'casing': None, 'animations': None}, {'type': 'text', 'text': '(machine|player1_score)', 'number_grouping': True, 'min_digits': 2, 'font_size': 50, 'y': '40%', 'font_name': 'score_font', '_default_settings': ['type', 'text', 'number_grouping', 'min_digits', 'font_size', 'y', 'font_name'], 'x': None, 'anchor_x': 'center', 'anchor_y': 'center', 'round_anchor_x': None, 'round_anchor_y': None, 'opacity': 1.0, 'z': 0, 'reset_animations_events': {}, 'color': [1.0, 1.0, 1.0, 1.0], 'style': [], 'adjust_top': 0, 'adjust_bottom': 0, 'adjust_left': 0, 'adjust_right': 0, 'expire': None, 'key': None, 'widget': None, 'events_when_added': [], 'events_when_removed': [], 'bitmap_font': False, 'font_kerning': True, 'bold': False, 'italic': False, 'halign': 'center', 'valign': 'middle', 'rotation': 0, 'scale': 1.0, 'casing': None, 'animations': None}, {'type': 'image', 'image': 'attract_background', '_default_settings': ['type', 'image'], 'x': None, 'y': None, 'anchor_x': 'center', 'anchor_y': 'center', 'round_anchor_x': None, 'round_anchor_y': None, 'opacity': 1.0, 'z': 0, 'reset_animations_events': {}, 'color': [1.0, 1.0, 1.0, 1.0], 'style': [], 'adjust_top': 0, 'adjust_bottom': 0, 'adjust_left': 0, 'adjust_right': 0, 'expire': None, 'key': None, 'widget': None, 'events_when_added': [], 'events_when_removed': [], 'fps': 10, 'loops': -1, 'auto_play': True, 'start_frame': 0, 'rotation': 0, 'scale': 1.0, 'animations': None}], 'target': None, 'background_color': [0.0, 0.0, 0.0, 1.0], 'priority': None, 'show': True, 'force': False, 'expire': None, 'slide': None, 'tokens': {}, 'action': 'play'}}, 'context': 'show_3', 'calling_context': 1, 'priority': 10, 'show_tokens': {}, 'start_time': 5783.445}
2022-09-03 16:31:34,617 : mpfmc : SlidePlayer: Play called with settings={'last_game_score_slide': {'widgets': [{'type': 'text', 'text': 'LAST GAME', 'font_size': 50, 'y': '60%', 'font_name': 'space_font', '_default_settings': ['type', 'text', 'font_size', 'y', 'font_name'], 'x': None, 'anchor_x': 'center', 'anchor_y': 'center', 'round_anchor_x': None, 'round_anchor_y': None, 'opacity': 1.0, 'z': 0, 'reset_animations_events': {}, 'color': [1.0, 1.0, 1.0, 1.0], 'style': [], 'adjust_top': 0, 'adjust_bottom': 0, 'adjust_left': 0, 'adjust_right': 0, 'expire': None, 'key': None, 'widget': None, 'events_when_added': [], 'events_when_removed': [], 'bitmap_font': False, 'font_kerning': True, 'bold': False, 'italic': False, 'number_grouping': False, 'min_digits': 0, 'halign': 'center', 'valign': 'middle', 'rotation': 0, 'scale': 1.0, 'casing': None, 'animations': None}, {'type': 'text', 'text': '(machine|player1_score)', 'number_grouping': True, 'min_digits': 2, 'font_size': 50, 'y': '40%', 'font_name': 'score_font', '_default_settings': ['type', 'text', 'number_grouping', 'min_digits', 'font_size', 'y', 'font_name'], 'x': None, 'anchor_x': 'center', 'anchor_y': 'center', 'round_anchor_x': None, 'round_anchor_y': None, 'opacity': 1.0, 'z': 0, 'reset_animations_events': {}, 'color': [1.0, 1.0, 1.0, 1.0], 'style': [], 'adjust_top': 0, 'adjust_bottom': 0, 'adjust_left': 0, 'adjust_right': 0, 'expire': None, 'key': None, 'widget': None, 'events_when_added': [], 'events_when_removed': [], 'bitmap_font': False, 'font_kerning': True, 'bold': False, 'italic': False, 'halign': 'center', 'valign': 'middle', 'rotation': 0, 'scale': 1.0, 'casing': None, 'animations': None}, {'type': 'image', 'image': 'attract_background', '_default_settings': ['type', 'image'], 'x': None, 'y': None, 'anchor_x': 'center', 'anchor_y': 'center', 'round_anchor_x': None, 'round_anchor_y': None, 'opacity': 1.0, 'z': 0, 'reset_animations_events': {}, 'color': [1.0, 1.0, 1.0, 1.0], 'style': [], 'adjust_top': 0, 'adjust_bottom': 0, 'adjust_left': 0, 'adjust_right': 0, 'expire': None, 'key': None, 'widget': None, 'events_when_added': [], 'events_when_removed': [], 'fps': 10, 'loops': -1, 'auto_play': True, 'start_frame': 0, 'rotation': 0, 'scale': 1.0, 'animations': None}], 'target': None, 'background_color': [0.0, 0.0, 0.0, 1.0], 'priority': None, 'show': True, 'force': False, 'expire': None, 'slide': None, 'tokens': {}, 'action': 'play'}}
2022-09-03 16:31:34,630 : EventManager : Event: ======'slide_last_game_score_slide_created'====== Args={}
2022-09-03 16:31:34,631 : EventManager : Unordered handler for class <Text Widget text=54,709,090> on event machine_var_player1_score with priority 1. Handlers: [RegisteredHandler(callback=<bound method Text._machine_var_change of <Text Widget text=54,709,090>>, priority=1, kwargs={}, key=UUID('d9a3588a-4b0f-4b7c-b875-57a3959a1847'), condition=None, blocking_facility=None), RegisteredHandler(callback=<bound method Text._machine_var_change of <Text Widget text=54,709,090>>, priority=1, kwargs={}, key=UUID('77d0e137-bf2b-424d-875b-16c3ea8b5756'), condition=None, blocking_facility=None)]. The order of those handlers is not defined and they will be executed in random order. This might lead to race conditions and potential bugs.
2022-09-03 16:31:34,637 : EventManager : Event: ======'slide_last_game_score_slide_active'====== Args={}
2022-09-03 16:31:37,618 : EventManager : Event: ======'slides_play'====== Args={'settings': {'press_start': {'widgets': [{'type': 'Text', 'text': 'PRESS START', 'font_size': 30, 'font_name': 'space_font', '_default_settings': ['type', 'text', 'font_size', 'font_name'], 'x': None, 'y': None, 'anchor_x': 'center', 'anchor_y': 'center', 'round_anchor_x': None, 'round_anchor_y': None, 'opacity': 1.0, 'z': 0, 'reset_animations_events': {}, 'color': [1.0, 1.0, 1.0, 1.0], 'style': [], 'adjust_top': 0, 'adjust_bottom': 0, 'adjust_left': 0, 'adjust_right': 0, 'expire': None, 'key': None, 'widget': None, 'events_when_added': [], 'events_when_removed': [], 'bitmap_font': False, 'font_kerning': True, 'bold': False, 'italic': False, 'number_grouping': False, 'min_digits': 0, 'halign': 'center', 'valign': 'middle', 'rotation': 0, 'scale': 1.0, 'casing': None, 'animations': None}, {'type': 'Text', 'text': 'FREE PLAY', 'color': [0.0, 0.5019607843137255, 0.0, 1], 'font_size': 30, 'y': '10', 'font_name': 'space_font', 'anchor_y': 'bottom', '_default_settings': ['type', 'text', 'color', 'font_size', 'y', 'font_name', 'anchor_y'], 'x': None, 'anchor_x': 'center', 'round_anchor_x': None, 'round_anchor_y': None, 'opacity': 1.0, 'z': 0, 'reset_animations_events': {}, 'style': [], 'adjust_top': 0, 'adjust_bottom': 0, 'adjust_left': 0, 'adjust_right': 0, 'expire': None, 'key': None, 'widget': None, 'events_when_added': [], 'events_when_removed': [], 'bitmap_font': False, 'font_kerning': True, 'bold': False, 'italic': False, 'number_grouping': False, 'min_digits': 0, 'halign': 'center', 'valign': 'middle', 'rotation': 0, 'scale': 1.0, 'casing': None, 'animations': None}, {'type': 'image', 'image': 'attract_background', '_default_settings': ['type', 'image'], 'x': None, 'y': None, 'anchor_x': 'center', 'anchor_y': 'center', 'round_anchor_x': None, 'round_anchor_y': None, 'opacity': 1.0, 'z': 0, 'reset_animations_events': {}, 'color': [1.0, 1.0, 1.0, 1.0], 'style': [], 'adjust_top': 0, 'adjust_bottom': 0, 'adjust_left': 0, 'adjust_right': 0, 'expire': None, 'key': None, 'widget': None, 'events_when_added': [], 'events_when_removed': [], 'fps': 10, 'loops': -1, 'auto_play': True, 'start_frame': 0, 'rotation': 0, 'scale': 1.0, 'animations': None}], 'target': None, 'background_color': [0.0, 0.0, 0.0, 1.0], 'priority': None, 'show': True, 'force': False, 'expire': None, 'slide': None, 'tokens': {}, 'action': 'play'}}, 'context': 'show_3', 'calling_context': 2, 'priority': 10, 'show_tokens': {}, 'start_time': 5786.445}
2022-09-03 16:31:37,618 : mpfmc : SlidePlayer: Play called with settings={'press_start': {'widgets': [{'type': 'Text', 'text': 'PRESS START', 'font_size': 30, 'font_name': 'space_font', '_default_settings': ['type', 'text', 'font_size', 'font_name'], 'x': None, 'y': None, 'anchor_x': 'center', 'anchor_y': 'center', 'round_anchor_x': None, 'round_anchor_y': None, 'opacity': 1.0, 'z': 0, 'reset_animations_events': {}, 'color': [1.0, 1.0, 1.0, 1.0], 'style': [], 'adjust_top': 0, 'adjust_bottom': 0, 'adjust_left': 0, 'adjust_right': 0, 'expire': None, 'key': None, 'widget': None, 'events_when_added': [], 'events_when_removed': [], 'bitmap_font': False, 'font_kerning': True, 'bold': False, 'italic': False, 'number_grouping': False, 'min_digits': 0, 'halign': 'center', 'valign': 'middle', 'rotation': 0, 'scale': 1.0, 'casing': None, 'animations': None}, {'type': 'Text', 'text': 'FREE PLAY', 'color': [0.0, 0.5019607843137255, 0.0, 1], 'font_size': 30, 'y': '10', 'font_name': 'space_font', 'anchor_y': 'bottom', '_default_settings': ['type', 'text', 'color', 'font_size', 'y', 'font_name', 'anchor_y'], 'x': None, 'anchor_x': 'center', 'round_anchor_x': None, 'round_anchor_y': None, 'opacity': 1.0, 'z': 0, 'reset_animations_events': {}, 'style': [], 'adjust_top': 0, 'adjust_bottom': 0, 'adjust_left': 0, 'adjust_right': 0, 'expire': None, 'key': None, 'widget': None, 'events_when_added': [], 'events_when_removed': [], 'bitmap_font': False, 'font_kerning': True, 'bold': False, 'italic': False, 'number_grouping': False, 'min_digits': 0, 'halign': 'center', 'valign': 'middle', 'rotation': 0, 'scale': 1.0, 'casing': None, 'animations': None}, {'type': 'image', 'image': 'attract_background', '_default_settings': ['type', 'image'], 'x': None, 'y': None, 'anchor_x': 'center', 'anchor_y': 'center', 'round_anchor_x': None, 'round_anchor_y': None, 'opacity': 1.0, 'z': 0, 'reset_animations_events': {}, 'color': [1.0, 1.0, 1.0, 1.0], 'style': [], 'adjust_top': 0, 'adjust_bottom': 0, 'adjust_left': 0, 'adjust_right': 0, 'expire': None, 'key': None, 'widget': None, 'events_when_added': [], 'events_when_removed': [], 'fps': 10, 'loops': -1, 'auto_play': True, 'start_frame': 0, 'rotation': 0, 'scale': 1.0, 'animations': None}], 'target': None, 'background_color': [0.0, 0.0, 0.0, 1.0], 'priority': None, 'show': True, 'force': False, 'expire': None, 'slide': None, 'tokens': {}, 'action': 'play'}}
2022-09-03 16:31:37,630 : EventManager : Event: ======'slide_press_start_created'====== Args={}
2022-09-03 16:31:37,637 : EventManager : Event: ======'slide_press_start_active'====== Args={}
2022-09-03 16:31:40,613 : EventManager : Event: ======'slides_play'====== Args={'settings': {'mission_pinball': {'widgets': [{'type': 'image', 'image': 'mpf_logo', '_default_settings': ['type', 'image'], 'x': None, 'y': None, 'anchor_x': 'center', 'anchor_y': 'center', 'round_anchor_x': None, 'round_anchor_y': None, 'opacity': 1.0, 'z': 0, 'reset_animations_events': {}, 'color': [1.0, 1.0, 1.0, 1.0], 'style': [], 'adjust_top': 0, 'adjust_bottom': 0, 'adjust_left': 0, 'adjust_right': 0, 'expire': None, 'key': None, 'widget': None, 'events_when_added': [], 'events_when_removed': [], 'fps': 10, 'loops': -1, 'auto_play': True, 'start_frame': 0, 'rotation': 0, 'scale': 1.0, 'animations': None}, {'type': 'ellipse', 'color': [0.26666666666666666, 0.26666666666666666, 0.26666666666666666, 1], 'width': 390, 'height': 300, '_default_settings': ['type', 'color', 'width', 'height'], 'x': None, 'y': None, 'anchor_x': 'center', 'anchor_y': 'center', 'round_anchor_x': None, 'round_anchor_y': None, 'opacity': 1.0, 'z': 0, 'reset_animations_events': {}, 'style': [], 'adjust_top': 0, 'adjust_bottom': 0, 'adjust_left': 0, 'adjust_right': 0, 'expire': None, 'key': None, 'widget': None, 'events_when_added': [], 'events_when_removed': [], 'segments': 180, 'angle_start': 0, 'angle_end': 360, 'rotation': 0.0, 'scale': 1.0, 'animations': None}, {'type': 'image', 'image': 'attract_background', '_default_settings': ['type', 'image'], 'x': None, 'y': None, 'anchor_x': 'center', 'anchor_y': 'center', 'round_anchor_x': None, 'round_anchor_y': None, 'opacity': 1.0, 'z': 0, 'reset_animations_events': {}, 'color': [1.0, 1.0, 1.0, 1.0], 'style': [], 'adjust_top': 0, 'adjust_bottom': 0, 'adjust_left': 0, 'adjust_right': 0, 'expire': None, 'key': None, 'widget': None, 'events_when_added': [], 'events_when_removed': [], 'fps': 10, 'loops': -1, 'auto_play': True, 'start_frame': 0, 'rotation': 0, 'scale': 1.0, 'animations': None}], 'target': None, 'background_color': [0.0, 0.0, 0.0, 1.0], 'priority': None, 'show': True, 'force': False, 'expire': None, 'slide': None, 'tokens': {}, 'action': 'play'}}, 'context': 'show_3', 'calling_context': 3, 'priority': 10, 'show_tokens': {}, 'start_time': 5789.445}
2022-09-03 16:31:40,613 : mpfmc : SlidePlayer: Play called with settings={'mission_pinball': {'widgets': [{'type': 'image', 'image': 'mpf_logo', '_default_settings': ['type', 'image'], 'x': None, 'y': None, 'anchor_x': 'center', 'anchor_y': 'center', 'round_anchor_x': None, 'round_anchor_y': None, 'opacity': 1.0, 'z': 0, 'reset_animations_events': {}, 'color': [1.0, 1.0, 1.0, 1.0], 'style': [], 'adjust_top': 0, 'adjust_bottom': 0, 'adjust_left': 0, 'adjust_right': 0, 'expire': None, 'key': None, 'widget': None, 'events_when_added': [], 'events_when_removed': [], 'fps': 10, 'loops': -1, 'auto_play': True, 'start_frame': 0, 'rotation': 0, 'scale': 1.0, 'animations': None}, {'type': 'ellipse', 'color': [0.26666666666666666, 0.26666666666666666, 0.26666666666666666, 1], 'width': 390, 'height': 300, '_default_settings': ['type', 'color', 'width', 'height'], 'x': None, 'y': None, 'anchor_x': 'center', 'anchor_y': 'center', 'round_anchor_x': None, 'round_anchor_y': None, 'opacity': 1.0, 'z': 0, 'reset_animations_events': {}, 'style': [], 'adjust_top': 0, 'adjust_bottom': 0, 'adjust_left': 0, 'adjust_right': 0, 'expire': None, 'key': None, 'widget': None, 'events_when_added': [], 'events_when_removed': [], 'segments': 180, 'angle_start': 0, 'angle_end': 360, 'rotation': 0.0, 'scale': 1.0, 'animations': None}, {'type': 'image', 'image': 'attract_background', '_default_settings': ['type', 'image'], 'x': None, 'y': None, 'anchor_x': 'center', 'anchor_y': 'center', 'round_anchor_x': None, 'round_anchor_y': None, 'opacity': 1.0, 'z': 0, 'reset_animations_events': {}, 'color': [1.0, 1.0, 1.0, 1.0], 'style': [], 'adjust_top': 0, 'adjust_bottom': 0, 'adjust_left': 0, 'adjust_right': 0, 'expire': None, 'key': None, 'widget': None, 'events_when_added': [], 'events_when_removed': [], 'fps': 10, 'loops': -1, 'auto_play': True, 'start_frame': 0, 'rotation': 0, 'scale': 1.0, 'animations': None}], 'target': None, 'background_color': [0.0, 0.0, 0.0, 1.0], 'priority': None, 'show': True, 'force': False, 'expire': None, 'slide': None, 'tokens': {}, 'action': 'play'}}
2022-09-03 16:31:40,621 : EventManager : Event: ======'slide_mission_pinball_created'====== Args={}
2022-09-03 16:31:40,622 : EventManager : Event: ======'slide_mission_pinball_active'====== Args={}
2022-09-03 16:31:43,630 : EventManager : Event: ======'slides_play'====== Args={'settings': {'edensaw_slide': {'widgets': [{'type': 'image', 'image': 'edensaw', 'scale': 2.0, '_default_settings': ['type', 'image', 'scale'], 'x': None, 'y': None, 'anchor_x': 'center', 'anchor_y': 'center', 'round_anchor_x': None, 'round_anchor_y': None, 'opacity': 1.0, 'z': 0, 'reset_animations_events': {}, 'color': [1.0, 1.0, 1.0, 1.0], 'style': [], 'adjust_top': 0, 'adjust_bottom': 0, 'adjust_left': 0, 'adjust_right': 0, 'expire': None, 'key': None, 'widget': None, 'events_when_added': [], 'events_when_removed': [], 'fps': 10, 'loops': -1, 'auto_play': True, 'start_frame': 0, 'rotation': 0, 'animations': None}, {'type': 'image', 'image': 'attract_background', '_default_settings': ['type', 'image'], 'x': None, 'y': None, 'anchor_x': 'center', 'anchor_y': 'center', 'round_anchor_x': None, 'round_anchor_y': None, 'opacity': 1.0, 'z': 0, 'reset_animations_events': {}, 'color': [1.0, 1.0, 1.0, 1.0], 'style': [], 'adjust_top': 0, 'adjust_bottom': 0, 'adjust_left': 0, 'adjust_right': 0, 'expire': None, 'key': None, 'widget': None, 'events_when_added': [], 'events_when_removed': [], 'fps': 10, 'loops': -1, 'auto_play': True, 'start_frame': 0, 'rotation': 0, 'scale': 1.0, 'animations': None}], 'target': None, 'background_color': [0.0, 0.0, 0.0, 1.0], 'priority': None, 'show': True, 'force': False, 'expire': None, 'slide': None, 'tokens': {}, 'action': 'play'}}, 'context': 'show_3', 'calling_context': 4, 'priority': 10, 'show_tokens': {}, 'start_time': 5792.445}
2022-09-03 16:31:43,630 : mpfmc : SlidePlayer: Play called with settings={'edensaw_slide': {'widgets': [{'type': 'image', 'image': 'edensaw', 'scale': 2.0, '_default_settings': ['type', 'image', 'scale'], 'x': None, 'y': None, 'anchor_x': 'center', 'anchor_y': 'center', 'round_anchor_x': None, 'round_anchor_y': None, 'opacity': 1.0, 'z': 0, 'reset_animations_events': {}, 'color': [1.0, 1.0, 1.0, 1.0], 'style': [], 'adjust_top': 0, 'adjust_bottom': 0, 'adjust_left': 0, 'adjust_right': 0, 'expire': None, 'key': None, 'widget': None, 'events_when_added': [], 'events_when_removed': [], 'fps': 10, 'loops': -1, 'auto_play': True, 'start_frame': 0, 'rotation': 0, 'animations': None}, {'type': 'image', 'image': 'attract_background', '_default_settings': ['type', 'image'], 'x': None, 'y': None, 'anchor_x': 'center', 'anchor_y': 'center', 'round_anchor_x': None, 'round_anchor_y': None, 'opacity': 1.0, 'z': 0, 'reset_animations_events': {}, 'color': [1.0, 1.0, 1.0, 1.0], 'style': [], 'adjust_top': 0, 'adjust_bottom': 0, 'adjust_left': 0, 'adjust_right': 0, 'expire': None, 'key': None, 'widget': None, 'events_when_added': [], 'events_when_removed': [], 'fps': 10, 'loops': -1, 'auto_play': True, 'start_frame': 0, 'rotation': 0, 'scale': 1.0, 'animations': None}], 'target': None, 'background_color': [0.0, 0.0, 0.0, 1.0], 'priority': None, 'show': True, 'force': False, 'expire': None, 'slide': None, 'tokens': {}, 'action': 'play'}}
2022-09-03 16:31:43,635 : EventManager : Event: ======'slide_edensaw_slide_created'====== Args={}
2022-09-03 16:31:43,637 : EventManager : Event: ======'slide_edensaw_slide_active'====== Args={}
2022-09-03 16:31:46,620 : EventManager : Event: ======'slides_play'====== Args={'settings': {'glass_slide': {'widgets': [{'type': 'image', 'image': 'peninsula_glass', 'scale': 2.0, '_default_settings': ['type', 'image', 'scale'], 'x': None, 'y': None, 'anchor_x': 'center', 'anchor_y': 'center', 'round_anchor_x': None, 'round_anchor_y': None, 'opacity': 1.0, 'z': 0, 'reset_animations_events': {}, 'color': [1.0, 1.0, 1.0, 1.0], 'style': [], 'adjust_top': 0, 'adjust_bottom': 0, 'adjust_left': 0, 'adjust_right': 0, 'expire': None, 'key': None, 'widget': None, 'events_when_added': [], 'events_when_removed': [], 'fps': 10, 'loops': -1, 'auto_play': True, 'start_frame': 0, 'rotation': 0, 'animations': None}, {'type': 'image', 'image': 'attract_background', '_default_settings': ['type', 'image'], 'x': None, 'y': None, 'anchor_x': 'center', 'anchor_y': 'center', 'round_anchor_x': None, 'round_anchor_y': None, 'opacity': 1.0, 'z': 0, 'reset_animations_events': {}, 'color': [1.0, 1.0, 1.0, 1.0], 'style': [], 'adjust_top': 0, 'adjust_bottom': 0, 'adjust_left': 0, 'adjust_right': 0, 'expire': None, 'key': None, 'widget': None, 'events_when_added': [], 'events_when_removed': [], 'fps': 10, 'loops': -1, 'auto_play': True, 'start_frame': 0, 'rotation': 0, 'scale': 1.0, 'animations': None}], 'target': None, 'background_color': [0.0, 0.0, 0.0, 1.0], 'priority': None, 'show': True, 'force': False, 'expire': None, 'slide': None, 'tokens': {}, 'action': 'play'}}, 'context': 'show_3', 'calling_context': 5, 'priority': 10, 'show_tokens': {}, 'start_time': 5795.445}
2022-09-03 16:31:46,620 : mpfmc : SlidePlayer: Play called with settings={'glass_slide': {'widgets': [{'type': 'image', 'image': 'peninsula_glass', 'scale': 2.0, '_default_settings': ['type', 'image', 'scale'], 'x': None, 'y': None, 'anchor_x': 'center', 'anchor_y': 'center', 'round_anchor_x': None, 'round_anchor_y': None, 'opacity': 1.0, 'z': 0, 'reset_animations_events': {}, 'color': [1.0, 1.0, 1.0, 1.0], 'style': [], 'adjust_top': 0, 'adjust_bottom': 0, 'adjust_left': 0, 'adjust_right': 0, 'expire': None, 'key': None, 'widget': None, 'events_when_added': [], 'events_when_removed': [], 'fps': 10, 'loops': -1, 'auto_play': True, 'start_frame': 0, 'rotation': 0, 'animations': None}, {'type': 'image', 'image': 'attract_background', '_default_settings': ['type', 'image'], 'x': None, 'y': None, 'anchor_x': 'center', 'anchor_y': 'center', 'round_anchor_x': None, 'round_anchor_y': None, 'opacity': 1.0, 'z': 0, 'reset_animations_events': {}, 'color': [1.0, 1.0, 1.0, 1.0], 'style': [], 'adjust_top': 0, 'adjust_bottom': 0, 'adjust_left': 0, 'adjust_right': 0, 'expire': None, 'key': None, 'widget': None, 'events_when_added': [], 'events_when_removed': [], 'fps': 10, 'loops': -1, 'auto_play': True, 'start_frame': 0, 'rotation': 0, 'scale': 1.0, 'animations': None}], 'target': None, 'background_color': [0.0, 0.0, 0.0, 1.0], 'priority': None, 'show': True, 'force': False, 'expire': None, 'slide': None, 'tokens': {}, 'action': 'play'}}
2022-09-03 16:31:46,626 : EventManager : Event: ======'slide_glass_slide_created'====== Args={}
2022-09-03 16:31:46,627 : EventManager : Event: ======'slide_glass_slide_active'====== Args={}
2022-09-03 16:31:49,613 : EventManager : Event: ======'slides_play'====== Args={'settings': {'glass_slide': {'widgets': [{'type': 'image', 'image': 'tik_toks', 'scale': 0.5, '_default_settings': ['type', 'image', 'scale'], 'x': None, 'y': None, 'anchor_x': 'center', 'anchor_y': 'center', 'round_anchor_x': None, 'round_anchor_y': None, 'opacity': 1.0, 'z': 0, 'reset_animations_events': {}, 'color': [1.0, 1.0, 1.0, 1.0], 'style': [], 'adjust_top': 0, 'adjust_bottom': 0, 'adjust_left': 0, 'adjust_right': 0, 'expire': None, 'key': None, 'widget': None, 'events_when_added': [], 'events_when_removed': [], 'fps': 10, 'loops': -1, 'auto_play': True, 'start_frame': 0, 'rotation': 0, 'animations': None}, {'type': 'image', 'image': 'attract_background', '_default_settings': ['type', 'image'], 'x': None, 'y': None, 'anchor_x': 'center', 'anchor_y': 'center', 'round_anchor_x': None, 'round_anchor_y': None, 'opacity': 1.0, 'z': 0, 'reset_animations_events': {}, 'color': [1.0, 1.0, 1.0, 1.0], 'style': [], 'adjust_top': 0, 'adjust_bottom': 0, 'adjust_left': 0, 'adjust_right': 0, 'expire': None, 'key': None, 'widget': None, 'events_when_added': [], 'events_when_removed': [], 'fps': 10, 'loops': -1, 'auto_play': True, 'start_frame': 0, 'rotation': 0, 'scale': 1.0, 'animations': None}], 'target': None, 'background_color': [0.0, 0.0, 0.0, 1.0], 'priority': None, 'show': True, 'force': False, 'expire': None, 'slide': None, 'tokens': {}, 'action': 'play'}}, 'context': 'show_3', 'calling_context': 6, 'priority': 10, 'show_tokens': {}, 'start_time': 5798.445}
2022-09-03 16:31:49,613 : mpfmc : SlidePlayer: Play called with settings={'glass_slide': {'widgets': [{'type': 'image', 'image': 'tik_toks', 'scale': 0.5, '_default_settings': ['type', 'image', 'scale'], 'x': None, 'y': None, 'anchor_x': 'center', 'anchor_y': 'center', 'round_anchor_x': None, 'round_anchor_y': None, 'opacity': 1.0, 'z': 0, 'reset_animations_events': {}, 'color': [1.0, 1.0, 1.0, 1.0], 'style': [], 'adjust_top': 0, 'adjust_bottom': 0, 'adjust_left': 0, 'adjust_right': 0, 'expire': None, 'key': None, 'widget': None, 'events_when_added': [], 'events_when_removed': [], 'fps': 10, 'loops': -1, 'auto_play': True, 'start_frame': 0, 'rotation': 0, 'animations': None}, {'type': 'image', 'image': 'attract_background', '_default_settings': ['type', 'image'], 'x': None, 'y': None, 'anchor_x': 'center', 'anchor_y': 'center', 'round_anchor_x': None, 'round_anchor_y': None, 'opacity': 1.0, 'z': 0, 'reset_animations_events': {}, 'color': [1.0, 1.0, 1.0, 1.0], 'style': [], 'adjust_top': 0, 'adjust_bottom': 0, 'adjust_left': 0, 'adjust_right': 0, 'expire': None, 'key': None, 'widget': None, 'events_when_added': [], 'events_when_removed': [], 'fps': 10, 'loops': -1, 'auto_play': True, 'start_frame': 0, 'rotation': 0, 'scale': 1.0, 'animations': None}], 'target': None, 'background_color': [0.0, 0.0, 0.0, 1.0], 'priority': None, 'show': True, 'force': False, 'expire': None, 'slide': None, 'tokens': {}, 'action': 'play'}}
2022-09-03 16:31:49,614 : EventManager : Event: ======'slide_glass_slide_removed'====== Args={}
2022-09-03 16:31:49,619 : EventManager : Event: ======'slide_glass_slide_created'====== Args={}
2022-09-03 16:31:49,621 : EventManager : Event: ======'slide_glass_slide_active'====== Args={}
2022-09-03 16:31:52,621 : EventManager : Event: ======'slides_play'====== Args={'settings': {'fast_slide': {'widgets': [{'type': 'video', 'video': 'fast_pinball_intro', '_default_settings': ['type', 'video'], 'x': None, 'y': None, 'anchor_x': 'center', 'anchor_y': 'center', 'round_anchor_x': None, 'round_anchor_y': None, 'opacity': 1.0, 'z': 0, 'reset_animations_events': {}, 'color': [1.0, 1.0, 1.0, 1.0], 'style': [], 'adjust_top': 0, 'adjust_bottom': 0, 'adjust_left': 0, 'adjust_right': 0, 'expire': None, 'key': None, 'widget': None, 'events_when_added': [], 'events_when_removed': [], 'height': 0, 'width': 0, 'volume': 1.0, 'auto_play': True, 'end_behavior': 'stop', 'control_events': [], 'animations': None}], 'target': None, 'background_color': [0.0, 0.0, 0.0, 1.0], 'priority': None, 'show': True, 'force': False, 'expire': None, 'slide': None, 'tokens': {}, 'action': 'play'}}, 'context': 'show_3', 'calling_context': 7, 'priority': 10, 'show_tokens': {}, 'start_time': 5801.445}
2022-09-03 16:31:52,621 : mpfmc : SlidePlayer: Play called with settings={'fast_slide': {'widgets': [{'type': 'video', 'video': 'fast_pinball_intro', '_default_settings': ['type', 'video'], 'x': None, 'y': None, 'anchor_x': 'center', 'anchor_y': 'center', 'round_anchor_x': None, 'round_anchor_y': None, 'opacity': 1.0, 'z': 0, 'reset_animations_events': {}, 'color': [1.0, 1.0, 1.0, 1.0], 'style': [], 'adjust_top': 0, 'adjust_bottom': 0, 'adjust_left': 0, 'adjust_right': 0, 'expire': None, 'key': None, 'widget': None, 'events_when_added': [], 'events_when_removed': [], 'height': 0, 'width': 0, 'volume': 1.0, 'auto_play': True, 'end_behavior': 'stop', 'control_events': [], 'animations': None}], 'target': None, 'background_color': [0.0, 0.0, 0.0, 1.0], 'priority': None, 'show': True, 'force': False, 'expire': None, 'slide': None, 'tokens': {}, 'action': 'play'}}
2022-09-03 16:31:52,629 : EventManager : Event: ======'slide_fast_slide_created'====== Args={}
2022-09-03 16:31:52,630 : EventManager : Event: ======'slide_fast_slide_active'====== Args={}
2022-09-03 16:31:55,489 : EventManager : Event: ======'game_started'====== Args={}
2022-09-03 16:31:55,490 : EventManager : Event: ======'slides_clear'====== Args={'context': 'show_3'}
2022-09-03 16:31:55,490 : EventManager : Event: ======'slide_show_3.slide_player-0_removed'====== Args={}
2022-09-03 16:31:55,491 : EventManager : Event: ======'slide_last_game_score_slide_removed'====== Args={}
2022-09-03 16:31:55,491 : EventManager : Event: ======'slide_press_start_removed'====== Args={}
2022-09-03 16:31:55,491 : EventManager : Event: ======'slide_mission_pinball_removed'====== Args={}
2022-09-03 16:31:55,491 : EventManager : Event: ======'slide_edensaw_slide_removed'====== Args={}
2022-09-03 16:31:55,491 : EventManager : Event: ======'slide_glass_slide_removed'====== Args={}
2022-09-03 16:31:55,546 : EventManager : Event: ======'slide_fast_slide_removed'====== Args={}
2022-09-03 16:31:55,547 : EventManager : Event: ======'slide_window1_blank_active'====== Args={}
2022-09-03 16:31:55,549 : EventManager : Event: ======'player_added'====== Args={'player': <Player 1>, 'num': 1}
2022-09-03 16:31:55,550 : EventManager : Event: ======'player_index'====== Args={'value': 0, 'prev_value': 0, 'change': 0, 'player_num': 1}
2022-09-03 16:31:55,550 : EventManager : Event: ======'player_number'====== Args={'value': 1, 'prev_value': 1, 'change': 0, 'player_num': 1}
2022-09-03 16:31:55,550 : EventManager : Event: ======'player_score'====== Args={'value': 0, 'prev_value': 0, 'change': 0, 'player_num': 1}
2022-09-03 16:31:55,550 : EventManager : Event: ======'player_mode_value'====== Args={'value': 1000000, 'prev_value': 0, 'change': 1000000, 'player_num': 1}
2022-09-03 16:31:55,550 : EventManager : Event: ======'player_bonus_multiplier'====== Args={'value': 1, 'prev_value': 0, 'change': 1, 'player_num': 1}
2022-09-03 16:31:55,550 : EventManager : Event: ======'player_playfield_multiplier'====== Args={'value': 1, 'prev_value': 0, 'change': 1, 'player_num': 1}
2022-09-03 16:31:55,550 : EventManager : Event: ======'player_ball'====== Args={'value': 1, 'prev_value': 0, 'change': 1, 'player_num': 1}
2022-09-03 16:31:55,551 : EventManager : Event: ======'player_turn_start'====== Args={'number': 1, 'player': <Player 1>}
2022-09-03 16:31:55,552 : EventManager : Event: ======'player_shot_l_lane_enabled'====== Args={'value': True, 'prev_value': 0, 'change': 1, 'player_num': 1}
2022-09-03 16:31:55,552 : EventManager : Event: ======'player_shot_r_lane_enabled'====== Args={'value': True, 'prev_value': 0, 'change': 1, 'player_num': 1}
2022-09-03 16:31:55,552 : EventManager : Event: ======'player_shot_center_target_enabled'====== Args={'value': True, 'prev_value': 0, 'change': 1, 'player_num': 1}
2022-09-03 16:31:55,552 : EventManager : Event: ======'player_extra_ball_two_modes_complete_num_awarded'====== Args={'value': 0, 'prev_value': 0, 'change': 0, 'player_num': 1}
2022-09-03 16:31:55,586 : EventManager : Event: ======'sounds_play'====== Args={'settings': {'default': {'action': 'stop', 'priority': 400, 'block': False, 'delay': None, 'track': None, 'volume': None, 'pan': None, 'loops': None, 'start_at': None, 'fade_in': None, 'fade_out': None, 'about_to_finish_time': -1.0, 'max_queue_time': -1.0, 'events_when_played': ['use_sound_setting'], 'events_when_stopped': ['use_sound_setting'], 'events_when_looping': ['use_sound_setting'], 'events_when_about_to_finish': ['use_sound_setting'], 'mode_end_action': 'use_sound_setting', 'key': 'use_sound_setting'}, 'shooter_waiting': {'action': 'play', 'loops': -1, 'priority': None, 'block': False, 'delay': None, 'track': None, 'volume': None, 'pan': None, 'start_at': None, 'fade_in': None, 'fade_out': None, 'about_to_finish_time': -1.0, 'max_queue_time': -1.0, 'events_when_played': ['use_sound_setting'], 'events_when_stopped': ['use_sound_setting'], 'events_when_looping': ['use_sound_setting'], 'events_when_about_to_finish': ['use_sound_setting'], 'mode_end_action': 'use_sound_setting', 'key': 'use_sound_setting'}}, 'context': '_global', 'calling_context': 'ball_started', 'priority': 0, 'player': 1, 'ball': 1, 'balls_remaining': 2, 'is_extra_ball': False}
2022-09-03 16:31:55,587 : EventManager : Event: ======'player_shot_galaxy_advance_enabled'====== Args={'value': True, 'prev_value': 0, 'change': 1, 'player_num': 1}
2022-09-03 16:31:55,587 : EventManager : Event: ======'player_shot_warp_advance_enabled'====== Args={'value': True, 'prev_value': 0, 'change': 1, 'player_num': 1}
2022-09-03 16:31:55,587 : EventManager : Event: ======'player_shot_portal_advance_enabled'====== Args={'value': True, 'prev_value': 0, 'change': 1, 'player_num': 1}
2022-09-03 16:31:55,587 : EventManager : Event: ======'slides_play'====== Args={'settings': {'score_slide': {'target': None, 'background_color': [0.0, 0.0, 0.0, 1.0], 'priority': None, 'show': True, 'force': False, 'expire': None, 'slide': None, 'tokens': {}, 'action': 'play'}}, 'context': 'base', 'calling_context': 'mode_base_started', 'priority': 100, 'player': 1, 'ball': 1, 'balls_remaining': 2, 'is_extra_ball': False}
2022-09-03 16:31:55,588 : mpfmc : SlidePlayer: Play called with settings={'score_slide': {'target': None, 'background_color': [0.0, 0.0, 0.0, 1.0], 'priority': None, 'show': True, 'force': False, 'expire': None, 'slide': None, 'tokens': {}, 'action': 'play'}}
2022-09-03 16:31:55,606 : EventManager : Event: ======'slide_score_slide_created'====== Args={}
2022-09-03 16:31:55,615 : EventManager : Event: ======'slide_score_slide_active'====== Args={}
2022-09-03 16:31:55,625 : EventManager : Event: ======'sounds_play'====== Args={'settings': {'default': {'action': 'play', 'loops': -1, 'track': 'music', 'priority': None, 'block': False, 'delay': None, 'volume': None, 'pan': None, 'start_at': None, 'fade_in': None, 'fade_out': None, 'about_to_finish_time': -1.0, 'max_queue_time': -1.0, 'events_when_played': ['use_sound_setting'], 'events_when_stopped': ['use_sound_setting'], 'events_when_looping': ['use_sound_setting'], 'events_when_about_to_finish': ['use_sound_setting'], 'mode_end_action': 'use_sound_setting', 'key': 'use_sound_setting'}, 'mode_theme': {'action': 'stop', 'priority': None, 'block': False, 'delay': None, 'track': None, 'volume': None, 'pan': None, 'loops': None, 'start_at': None, 'fade_in': None, 'fade_out': None, 'about_to_finish_time': -1.0, 'max_queue_time': -1.0, 'events_when_played': ['use_sound_setting'], 'events_when_stopped': ['use_sound_setting'], 'events_when_looping': ['use_sound_setting'], 'events_when_about_to_finish': ['use_sound_setting'], 'mode_end_action': 'use_sound_setting', 'key': 'use_sound_setting'}}, 'context': '_global', 'calling_context': 'mode_spell_portal_started', 'priority': 0, 'player': 1, 'ball': 1, 'balls_remaining': 2, 'is_extra_ball': False}
2022-09-03 16:31:57,056 : EventManager : Event: ======'machine_var_audits_switches_s_action_button'====== Args={'value': 4284, 'prev_value': 4283, 'change': 1}
2022-09-03 16:32:02,368 : EventManager : Event: ======'sounds_play'====== Args={'settings': {'shooter_waiting': {'action': 'stop', 'priority': None, 'block': False, 'delay': None, 'track': None, 'volume': None, 'pan': None, 'loops': None, 'start_at': None, 'fade_in': None, 'fade_out': None, 'about_to_finish_time': -1.0, 'max_queue_time': -1.0, 'events_when_played': ['use_sound_setting'], 'events_when_stopped': ['use_sound_setting'], 'events_when_looping': ['use_sound_setting'], 'events_when_about_to_finish': ['use_sound_setting'], 'mode_end_action': 'use_sound_setting', 'key': 'use_sound_setting'}, 'default': {'action': 'play', 'loops': -1, 'track': 'music', 'priority': None, 'block': False, 'delay': None, 'volume': None, 'pan': None, 'start_at': None, 'fade_in': None, 'fade_out': None, 'about_to_finish_time': -1.0, 'max_queue_time': -1.0, 'events_when_played': ['use_sound_setting'], 'events_when_stopped': ['use_sound_setting'], 'events_when_looping': ['use_sound_setting'], 'events_when_about_to_finish': ['use_sound_setting'], 'mode_end_action': 'use_sound_setting', 'key': 'use_sound_setting'}}, 'context': '_global', 'calling_context': 's_drain_inactive', 'priority': 0}
2022-09-03 16:32:03,011 : EventManager : Event: ======'machine_var_audits_switches_s_left_sling'====== Args={'value': 7473, 'prev_value': 7472, 'change': 1}
2022-09-03 16:32:03,011 : EventManager : Event: ======'player_score'====== Args={'value': 1110, 'prev_value': 0, 'change': 1110, 'player_num': 1}
2022-09-03 16:32:03,011 : EventManager : Event: ======'player_switches'====== Args={'value': 1, 'prev_value': 0, 'change': 1, 'player_num': 1}
2022-09-03 16:32:03,584 : EventManager : Event: ======'machine_var_audits_switches_s_left_flipper'====== Args={'value': 38017, 'prev_value': 38016, 'change': 1}
2022-09-03 16:32:07,261 : EventManager : Event: ======'machine_var_audits_switches_s_left_flipper'====== Args={'value': 38018, 'prev_value': 38017, 'change': 1}
2022-09-03 16:32:07,582 : EventManager : Event: ======'machine_var_audits_switches_s_right_spinner'====== Args={'value': 18079, 'prev_value': 18078, 'change': 1}
2022-09-03 16:32:07,582 : EventManager : Event: ======'player_score'====== Args={'value': 2140, 'prev_value': 1110, 'change': 1030, 'player_num': 1}
2022-09-03 16:32:07,591 : EventManager : Event: ======'player_switches'====== Args={'value': 2, 'prev_value': 1, 'change': 1, 'player_num': 1}
2022-09-03 16:32:07,591 : EventManager : Event: ======'player_mode_value'====== Args={'value': 1010000, 'prev_value': 1000000, 'change': 10000, 'player_num': 1}
2022-09-03 16:32:07,683 : EventManager : Event: ======'machine_var_audits_switches_s_right_spinner'====== Args={'value': 18080, 'prev_value': 18079, 'change': 1}
2022-09-03 16:32:07,683 : EventManager : Event: ======'player_score'====== Args={'value': 3170, 'prev_value': 2140, 'change': 1030, 'player_num': 1}
2022-09-03 16:32:07,683 : EventManager : Event: ======'player_switches'====== Args={'value': 3, 'prev_value': 2, 'change': 1, 'player_num': 1}
2022-09-03 16:32:07,683 : EventManager : Event: ======'player_mode_value'====== Args={'value': 1020000, 'prev_value': 1010000, 'change': 10000, 'player_num': 1}
2022-09-03 16:32:07,795 : EventManager : Event: ======'machine_var_audits_switches_s_right_spinner'====== Args={'value': 18081, 'prev_value': 18080, 'change': 1}
2022-09-03 16:32:07,795 : EventManager : Event: ======'player_score'====== Args={'value': 4200, 'prev_value': 3170, 'change': 1030, 'player_num': 1}
2022-09-03 16:32:07,795 : EventManager : Event: ======'player_switches'====== Args={'value': 4, 'prev_value': 3, 'change': 1, 'player_num': 1}
2022-09-03 16:32:07,795 : EventManager : Event: ======'player_mode_value'====== Args={'value': 1030000, 'prev_value': 1020000, 'change': 10000, 'player_num': 1}
2022-09-03 16:32:07,919 : EventManager : Event: ======'machine_var_audits_switches_s_right_spinner'====== Args={'value': 18082, 'prev_value': 18081, 'change': 1}
2022-09-03 16:32:07,919 : EventManager : Event: ======'player_score'====== Args={'value': 5230, 'prev_value': 4200, 'change': 1030, 'player_num': 1}
2022-09-03 16:32:07,919 : EventManager : Event: ======'player_switches'====== Args={'value': 5, 'prev_value': 4, 'change': 1, 'player_num': 1}
2022-09-03 16:32:07,926 : EventManager : Event: ======'player_mode_value'====== Args={'value': 1040000, 'prev_value': 1030000, 'change': 10000, 'player_num': 1}
2022-09-03 16:32:08,130 : EventManager : Event: ======'machine_var_audits_switches_s_right_spinner'====== Args={'value': 18083, 'prev_value': 18082, 'change': 1}
2022-09-03 16:32:08,130 : EventManager : Event: ======'player_score'====== Args={'value': 6260, 'prev_value': 5230, 'change': 1030, 'player_num': 1}
2022-09-03 16:32:08,130 : EventManager : Event: ======'player_switches'====== Args={'value': 6, 'prev_value': 5, 'change': 1, 'player_num': 1}
2022-09-03 16:32:08,130 : EventManager : Event: ======'player_mode_value'====== Args={'value': 1050000, 'prev_value': 1040000, 'change': 10000, 'player_num': 1}
2022-09-03 16:32:08,307 : EventManager : Event: ======'machine_var_audits_switches_s_right_inlane_far'====== Args={'value': 6856, 'prev_value': 6855, 'change': 1}
2022-09-03 16:32:08,319 : EventManager : Event: ======'player_shot_portal_advance'====== Args={'value': 1, 'prev_value': 0, 'change': 1, 'player_num': 1}
2022-09-03 16:32:08,319 : EventManager : Event: ======'machine_var_audits_shots_portal_advance'====== Args={'value': 5064, 'prev_value': 5063, 'change': 1}
2022-09-03 16:32:08,319 : EventManager : Event: ======'player_score'====== Args={'value': 36260, 'prev_value': 6260, 'change': 30000, 'player_num': 1}
2022-09-03 16:32:08,319 : EventManager : Event: ======'player_switches'====== Args={'value': 7, 'prev_value': 6, 'change': 1, 'player_num': 1}
2022-09-03 16:32:08,319 : EventManager : Event: ======'player_combos_combo_timer_tick'====== Args={'value': 6, 'prev_value': 0, 'change': 6, 'player_num': 1}
2022-09-03 16:32:08,674 : EventManager : Event: ======'machine_var_audits_switches_s_right_flipper'====== Args={'value': 34755, 'prev_value': 34754, 'change': 1}
2022-09-03 16:32:08,816 : EventManager : Event: ======'player_combos_combo_timer_tick'====== Args={'value': 5, 'prev_value': 6, 'change': -1, 'player_num': 1}
2022-09-03 16:32:08,930 : EventManager : Event: ======'machine_var_audits_switches_s_left_spinner'====== Args={'value': 23576, 'prev_value': 23575, 'change': 1}
2022-09-03 16:32:08,930 : EventManager : Event: ======'player_score'====== Args={'value': 46260, 'prev_value': 36260, 'change': 10000, 'player_num': 1}
2022-09-03 16:32:08,930 : EventManager : Event: ======'player_score'====== Args={'value': 47290, 'prev_value': 46260, 'change': 1030, 'player_num': 1}
2022-09-03 16:32:08,930 : EventManager : Event: ======'player_switches'====== Args={'value': 8, 'prev_value': 7, 'change': 1, 'player_num': 1}
2022-09-03 16:32:08,931 : EventManager : Event: ======'player_mode_value'====== Args={'value': 1060000, 'prev_value': 1050000, 'change': 10000, 'player_num': 1}
2022-09-03 16:32:09,093 : EventManager : Event: ======'machine_var_audits_switches_s_left_spinner'====== Args={'value': 23577, 'prev_value': 23576, 'change': 1}
2022-09-03 16:32:09,093 : EventManager : Event: ======'player_score'====== Args={'value': 57290, 'prev_value': 47290, 'change': 10000, 'player_num': 1}
2022-09-03 16:32:09,093 : EventManager : Event: ======'player_score'====== Args={'value': 58320, 'prev_value': 57290, 'change': 1030, 'player_num': 1}
2022-09-03 16:32:09,093 : EventManager : Event: ======'player_switches'====== Args={'value': 9, 'prev_value': 8, 'change': 1, 'player_num': 1}
2022-09-03 16:32:09,094 : EventManager : Event: ======'player_mode_value'====== Args={'value': 1070000, 'prev_value': 1060000, 'change': 10000, 'player_num': 1}
2022-09-03 16:32:09,310 : EventManager : Event: ======'player_combos_combo_timer_tick'====== Args={'value': 4, 'prev_value': 5, 'change': -1, 'player_num': 1}
2022-09-03 16:32:09,669 : EventManager : Event: ======'machine_var_audits_switches_s_right_sling'====== Args={'value': 14472, 'prev_value': 14471, 'change': 1}
2022-09-03 16:32:09,669 : EventManager : Event: ======'player_score'====== Args={'value': 59430, 'prev_value': 58320, 'change': 1110, 'player_num': 1}
2022-09-03 16:32:09,669 : EventManager : Event: ======'player_switches'====== Args={'value': 10, 'prev_value': 9, 'change': 1, 'player_num': 1}
2022-09-03 16:32:09,811 : EventManager : Event: ======'player_combos_combo_timer_tick'====== Args={'value': 3, 'prev_value': 4, 'change': -1, 'player_num': 1}
2022-09-03 16:32:09,989 : EventManager : Event: ======'machine_var_audits_switches_s_left_flipper'====== Args={'value': 38019, 'prev_value': 38018, 'change': 1}
2022-09-03 16:32:10,311 : EventManager : Event: ======'player_combos_combo_timer_tick'====== Args={'value': 2, 'prev_value': 3, 'change': -1, 'player_num': 1}
2022-09-03 16:32:10,567 : EventManager : Event: ======'machine_var_audits_switches_s_left_flipper'====== Args={'value': 38020, 'prev_value': 38019, 'change': 1}
2022-09-03 16:32:10,813 : EventManager : Event: ======'player_combos_combo_timer_tick'====== Args={'value': 1, 'prev_value': 2, 'change': -1, 'player_num': 1}
2022-09-03 16:32:11,016 : EventManager : Event: ======'machine_var_audits_switches_s_drop_target5'====== Args={'value': 2118, 'prev_value': 2117, 'change': 1}
2022-09-03 16:32:11,016 : EventManager : Event: ======'machine_var_audits_switches_s_drop_target4'====== Args={'value': 2237, 'prev_value': 2236, 'change': 1}
2022-09-03 16:32:11,016 : EventManager : Event: ======'player_score'====== Args={'value': 63930, 'prev_value': 59430, 'change': 4500, 'player_num': 1}
2022-09-03 16:32:11,016 : EventManager : Event: ======'player_switches'====== Args={'value': 11, 'prev_value': 10, 'change': 1, 'player_num': 1}
2022-09-03 16:32:11,017 : EventManager : Event: ======'player_score'====== Args={'value': 68430, 'prev_value': 63930, 'change': 4500, 'player_num': 1}
2022-09-03 16:32:11,017 : EventManager : Event: ======'player_switches'====== Args={'value': 12, 'prev_value': 11, 'change': 1, 'player_num': 1}
2022-09-03 16:32:11,307 : EventManager : Event: ======'player_combos_combo_timer_tick'====== Args={'value': 0, 'prev_value': 1, 'change': -1, 'player_num': 1}
2022-09-03 16:32:12,198 : EventManager : Event: ======'machine_var_audits_switches_s_right_flipper'====== Args={'value': 34756, 'prev_value': 34755, 'change': 1}
2022-09-03 16:32:13,039 : EventManager : Event: ======'machine_var_audits_switches_s_right_flipper'====== Args={'value': 34757, 'prev_value': 34756, 'change': 1}
2022-09-03 16:32:14,069 : EventManager : Event: ======'machine_var_audits_switches_s_right_flipper'====== Args={'value': 34758, 'prev_value': 34757, 'change': 1}
2022-09-03 16:32:14,403 : EventManager : Event: ======'machine_var_audits_switches_s_left_spinner'====== Args={'value': 23578, 'prev_value': 23577, 'change': 1}
2022-09-03 16:32:14,403 : EventManager : Event: ======'player_score'====== Args={'value': 69460, 'prev_value': 68430, 'change': 1030, 'player_num': 1}
2022-09-03 16:32:14,403 : EventManager : Event: ======'player_switches'====== Args={'value': 13, 'prev_value': 12, 'change': 1, 'player_num': 1}
2022-09-03 16:32:14,403 : EventManager : Event: ======'player_mode_value'====== Args={'value': 1080000, 'prev_value': 1070000, 'change': 10000, 'player_num': 1}
2022-09-03 16:32:14,685 : EventManager : Event: ======'machine_var_audits_switches_s_left_spinner'====== Args={'value': 23579, 'prev_value': 23578, 'change': 1}
2022-09-03 16:32:14,697 : EventManager : Event: ======'player_score'====== Args={'value': 70490, 'prev_value': 69460, 'change': 1030, 'player_num': 1}
2022-09-03 16:32:14,697 : EventManager : Event: ======'player_switches'====== Args={'value': 14, 'prev_value': 13, 'change': 1, 'player_num': 1}
2022-09-03 16:32:14,697 : EventManager : Event: ======'player_mode_value'====== Args={'value': 1090000, 'prev_value': 1080000, 'change': 10000, 'player_num': 1}
2022-09-03 16:32:14,885 : EventManager : Event: ======'machine_var_audits_switches_s_left_spinner'====== Args={'value': 23580, 'prev_value': 23579, 'change': 1}
2022-09-03 16:32:14,885 : EventManager : Event: ======'player_score'====== Args={'value': 71520, 'prev_value': 70490, 'change': 1030, 'player_num': 1}
2022-09-03 16:32:14,885 : EventManager : Event: ======'player_switches'====== Args={'value': 15, 'prev_value': 14, 'change': 1, 'player_num': 1}
2022-09-03 16:32:14,886 : EventManager : Event: ======'player_mode_value'====== Args={'value': 1100000, 'prev_value': 1090000, 'change': 10000, 'player_num': 1}
2022-09-03 16:32:15,070 : EventManager : Event: ======'machine_var_audits_switches_s_left_spinner'====== Args={'value': 23581, 'prev_value': 23580, 'change': 1}
2022-09-03 16:32:15,070 : EventManager : Event: ======'player_score'====== Args={'value': 72550, 'prev_value': 71520, 'change': 1030, 'player_num': 1}
2022-09-03 16:32:15,077 : EventManager : Event: ======'player_switches'====== Args={'value': 16, 'prev_value': 15, 'change': 1, 'player_num': 1}
2022-09-03 16:32:15,078 : EventManager : Event: ======'player_mode_value'====== Args={'value': 1110000, 'prev_value': 1100000, 'change': 10000, 'player_num': 1}
2022-09-03 16:32:15,688 : EventManager : Event: ======'machine_var_audits_switches_s_left_inlane_far'====== Args={'value': 4951, 'prev_value': 4950, 'change': 1}
2022-09-03 16:32:15,688 : EventManager : Event: ======'player_shot_galaxy_advance'====== Args={'value': 1, 'prev_value': 0, 'change': 1, 'player_num': 1}
2022-09-03 16:32:15,688 : EventManager : Event: ======'machine_var_audits_shots_galaxy_advance'====== Args={'value': 2954, 'prev_value': 2953, 'change': 1}
2022-09-03 16:32:15,688 : EventManager : Event: ======'player_score'====== Args={'value': 102550, 'prev_value': 72550, 'change': 30000, 'player_num': 1}
2022-09-03 16:32:15,689 : EventManager : Event: ======'player_switches'====== Args={'value': 17, 'prev_value': 16, 'change': 1, 'player_num': 1}
2022-09-03 16:32:15,689 : EventManager : Event: ======'player_combos_combo_timer_tick'====== Args={'value': 6, 'prev_value': 0, 'change': 6, 'player_num': 1}
2022-09-03 16:32:16,158 : EventManager : Event: ======'machine_var_audits_switches_s_left_flipper'====== Args={'value': 38021, 'prev_value': 38020, 'change': 1}
2022-09-03 16:32:16,183 : EventManager : Event: ======'player_combos_combo_timer_tick'====== Args={'value': 5, 'prev_value': 6, 'change': -1, 'player_num': 1}
2022-09-03 16:32:16,674 : EventManager : Event: ======'player_combos_combo_timer_tick'====== Args={'value': 4, 'prev_value': 5, 'change': -1, 'player_num': 1}
2022-09-03 16:32:16,853 : EventManager : Event: ======'machine_var_audits_switches_s_right_flipper'====== Args={'value': 34759, 'prev_value': 34758, 'change': 1}
2022-09-03 16:32:17,173 : EventManager : Event: ======'player_combos_combo_timer_tick'====== Args={'value': 3, 'prev_value': 4, 'change': -1, 'player_num': 1}
2022-09-03 16:32:17,675 : EventManager : Event: ======'player_combos_combo_timer_tick'====== Args={'value': 2, 'prev_value': 3, 'change': -1, 'player_num': 1}
2022-09-03 16:32:18,177 : EventManager : Event: ======'player_combos_combo_timer_tick'====== Args={'value': 1, 'prev_value': 2, 'change': -1, 'player_num': 1}
2022-09-03 16:32:18,241 : EventManager : Event: ======'machine_var_audits_switches_s_right_sling'====== Args={'value': 14473, 'prev_value': 14472, 'change': 1}
2022-09-03 16:32:18,241 : EventManager : Event: ======'player_score'====== Args={'value': 103660, 'prev_value': 102550, 'change': 1110, 'player_num': 1}
2022-09-03 16:32:18,241 : EventManager : Event: ======'player_switches'====== Args={'value': 18, 'prev_value': 17, 'change': 1, 'player_num': 1}
2022-09-03 16:32:18,529 : EventManager : Event: ======'machine_var_audits_switches_s_left_flipper'====== Args={'value': 38022, 'prev_value': 38021, 'change': 1}
2022-09-03 16:32:18,671 : EventManager : Event: ======'player_combos_combo_timer_tick'====== Args={'value': 0, 'prev_value': 1, 'change': -1, 'player_num': 1}
2022-09-03 16:32:19,395 : EventManager : Event: ======'machine_var_audits_switches_s_right_flipper'====== Args={'value': 34760, 'prev_value': 34759, 'change': 1}
2022-09-03 16:32:20,402 : EventManager : Event: ======'machine_var_audits_switches_s_right_flipper'====== Args={'value': 34761, 'prev_value': 34760, 'change': 1}
2022-09-03 16:32:20,738 : EventManager : Event: ======'machine_var_audits_switches_s_left_spinner'====== Args={'value': 23582, 'prev_value': 23581, 'change': 1}
2022-09-03 16:32:20,738 : EventManager : Event: ======'player_score'====== Args={'value': 104690, 'prev_value': 103660, 'change': 1030, 'player_num': 1}
2022-09-03 16:32:20,738 : EventManager : Event: ======'player_switches'====== Args={'value': 19, 'prev_value': 18, 'change': 1, 'player_num': 1}
2022-09-03 16:32:20,738 : EventManager : Event: ======'player_mode_value'====== Args={'value': 1120000, 'prev_value': 1110000, 'change': 10000, 'player_num': 1}
2022-09-03 16:32:20,836 : EventManager : Event: ======'machine_var_audits_switches_s_left_spinner'====== Args={'value': 23583, 'prev_value': 23582, 'change': 1}
2022-09-03 16:32:20,836 : EventManager : Event: ======'player_score'====== Args={'value': 105720, 'prev_value': 104690, 'change': 1030, 'player_num': 1}
2022-09-03 16:32:20,836 : EventManager : Event: ======'player_switches'====== Args={'value': 20, 'prev_value': 19, 'change': 1, 'player_num': 1}
2022-09-03 16:32:20,836 : EventManager : Event: ======'player_mode_value'====== Args={'value': 1130000, 'prev_value': 1120000, 'change': 10000, 'player_num': 1}
2022-09-03 16:32:20,972 : EventManager : Event: ======'machine_var_audits_switches_s_left_spinner'====== Args={'value': 23584, 'prev_value': 23583, 'change': 1}
2022-09-03 16:32:20,984 : EventManager : Event: ======'player_score'====== Args={'value': 106750, 'prev_value': 105720, 'change': 1030, 'player_num': 1}
2022-09-03 16:32:20,984 : EventManager : Event: ======'player_switches'====== Args={'value': 21, 'prev_value': 20, 'change': 1, 'player_num': 1}
2022-09-03 16:32:20,984 : EventManager : Event: ======'player_mode_value'====== Args={'value': 1140000, 'prev_value': 1130000, 'change': 10000, 'player_num': 1}
2022-09-03 16:32:21,200 : EventManager : Event: ======'machine_var_audits_switches_s_left_spinner'====== Args={'value': 23585, 'prev_value': 23584, 'change': 1}
2022-09-03 16:32:21,200 : EventManager : Event: ======'player_score'====== Args={'value': 107780, 'prev_value': 106750, 'change': 1030, 'player_num': 1}
2022-09-03 16:32:21,200 : EventManager : Event: ======'player_switches'====== Args={'value': 22, 'prev_value': 21, 'change': 1, 'player_num': 1}
2022-09-03 16:32:21,200 : EventManager : Event: ======'player_mode_value'====== Args={'value': 1150000, 'prev_value': 1140000, 'change': 10000, 'player_num': 1}
2022-09-03 16:32:21,391 : EventManager : Event: ======'machine_var_audits_switches_s_left_spinner'====== Args={'value': 23586, 'prev_value': 23585, 'change': 1}
2022-09-03 16:32:21,391 : EventManager : Event: ======'player_score'====== Args={'value': 108810, 'prev_value': 107780, 'change': 1030, 'player_num': 1}
2022-09-03 16:32:21,391 : EventManager : Event: ======'player_switches'====== Args={'value': 23, 'prev_value': 22, 'change': 1, 'player_num': 1}
2022-09-03 16:32:21,391 : EventManager : Event: ======'player_mode_value'====== Args={'value': 1160000, 'prev_value': 1150000, 'change': 10000, 'player_num': 1}
2022-09-03 16:32:21,528 : EventManager : Event: ======'machine_var_audits_switches_s_left_inlane_far'====== Args={'value': 4952, 'prev_value': 4951, 'change': 1}
2022-09-03 16:32:21,528 : EventManager : Event: ======'machine_var_audits_shots_galaxy_advance'====== Args={'value': 2955, 'prev_value': 2954, 'change': 1}
2022-09-03 16:32:21,528 : EventManager : Event: ======'player_score'====== Args={'value': 138810, 'prev_value': 108810, 'change': 30000, 'player_num': 1}
2022-09-03 16:32:21,528 : EventManager : Event: ======'player_switches'====== Args={'value': 24, 'prev_value': 23, 'change': 1, 'player_num': 1}
2022-09-03 16:32:21,528 : EventManager : Event: ======'player_combos_combo_timer_tick'====== Args={'value': 6, 'prev_value': 0, 'change': 6, 'player_num': 1}
2022-09-03 16:32:21,585 : EventManager : Event: ======'machine_var_audits_switches_s_left_spinner'====== Args={'value': 23587, 'prev_value': 23586, 'change': 1}
2022-09-03 16:32:21,585 : EventManager : Event: ======'player_score'====== Args={'value': 139840, 'prev_value': 138810, 'change': 1030, 'player_num': 1}
2022-09-03 16:32:21,585 : EventManager : Event: ======'player_switches'====== Args={'value': 25, 'prev_value': 24, 'change': 1, 'player_num': 1}
2022-09-03 16:32:21,585 : EventManager : Event: ======'player_mode_value'====== Args={'value': 1170000, 'prev_value': 1160000, 'change': 10000, 'player_num': 1}
2022-09-03 16:32:21,788 : EventManager : Event: ======'machine_var_audits_switches_s_left_spinner'====== Args={'value': 23588, 'prev_value': 23587, 'change': 1}
2022-09-03 16:32:21,800 : EventManager : Event: ======'player_score'====== Args={'value': 140870, 'prev_value': 139840, 'change': 1030, 'player_num': 1}
2022-09-03 16:32:21,800 : EventManager : Event: ======'player_switches'====== Args={'value': 26, 'prev_value': 25, 'change': 1, 'player_num': 1}
2022-09-03 16:32:21,800 : EventManager : Event: ======'player_mode_value'====== Args={'value': 1180000, 'prev_value': 1170000, 'change': 10000, 'player_num': 1}
2022-09-03 16:32:21,873 : EventManager : Event: ======'machine_var_audits_switches_s_left_flipper'====== Args={'value': 38023, 'prev_value': 38022, 'change': 1}
2022-09-03 16:32:22,014 : EventManager : Event: ======'player_combos_combo_timer_tick'====== Args={'value': 5, 'prev_value': 6, 'change': -1, 'player_num': 1}
2022-09-03 16:32:22,143 : EventManager : Event: ======'machine_var_audits_switches_s_right_spinner'====== Args={'value': 18084, 'prev_value': 18083, 'change': 1}
2022-09-03 16:32:22,143 : EventManager : Event: ======'player_score'====== Args={'value': 150870, 'prev_value': 140870, 'change': 10000, 'player_num': 1}
2022-09-03 16:32:22,143 : EventManager : Event: ======'player_score'====== Args={'value': 151900, 'prev_value': 150870, 'change': 1030, 'player_num': 1}
2022-09-03 16:32:22,143 : EventManager : Event: ======'player_switches'====== Args={'value': 27, 'prev_value': 26, 'change': 1, 'player_num': 1}
2022-09-03 16:32:22,144 : EventManager : Event: ======'player_mode_value'====== Args={'value': 1190000, 'prev_value': 1180000, 'change': 10000, 'player_num': 1}
2022-09-03 16:32:22,205 : EventManager : Event: ======'machine_var_audits_switches_s_right_spinner'====== Args={'value': 18085, 'prev_value': 18084, 'change': 1}
2022-09-03 16:32:22,205 : EventManager : Event: ======'player_score'====== Args={'value': 161900, 'prev_value': 151900, 'change': 10000, 'player_num': 1}
2022-09-03 16:32:22,205 : EventManager : Event: ======'player_score'====== Args={'value': 162930, 'prev_value': 161900, 'change': 1030, 'player_num': 1}
2022-09-03 16:32:22,205 : EventManager : Event: ======'player_switches'====== Args={'value': 28, 'prev_value': 27, 'change': 1, 'player_num': 1}
2022-09-03 16:32:22,213 : EventManager : Event: ======'player_mode_value'====== Args={'value': 1200000, 'prev_value': 1190000, 'change': 10000, 'player_num': 1}
2022-09-03 16:32:22,307 : EventManager : Event: ======'machine_var_audits_switches_s_right_spinner'====== Args={'value': 18086, 'prev_value': 18085, 'change': 1}
2022-09-03 16:32:22,307 : EventManager : Event: ======'player_score'====== Args={'value': 172930, 'prev_value': 162930, 'change': 10000, 'player_num': 1}
2022-09-03 16:32:22,307 : EventManager : Event: ======'player_score'====== Args={'value': 173960, 'prev_value': 172930, 'change': 1030, 'player_num': 1}
2022-09-03 16:32:22,307 : EventManager : Event: ======'player_switches'====== Args={'value': 29, 'prev_value': 28, 'change': 1, 'player_num': 1}
2022-09-03 16:32:22,307 : EventManager : Event: ======'player_mode_value'====== Args={'value': 1210000, 'prev_value': 1200000, 'change': 10000, 'player_num': 1}
2022-09-03 16:32:22,406 : EventManager : Event: ======'machine_var_audits_switches_s_right_spinner'====== Args={'value': 18087, 'prev_value': 18086, 'change': 1}
2022-09-03 16:32:22,406 : EventManager : Event: ======'player_score'====== Args={'value': 183960, 'prev_value': 173960, 'change': 10000, 'player_num': 1}
2022-09-03 16:32:22,406 : EventManager : Event: ======'player_score'====== Args={'value': 184990, 'prev_value': 183960, 'change': 1030, 'player_num': 1}
2022-09-03 16:32:22,406 : EventManager : Event: ======'player_switches'====== Args={'value': 30, 'prev_value': 29, 'change': 1, 'player_num': 1}
2022-09-03 16:32:22,407 : EventManager : Event: ======'player_mode_value'====== Args={'value': 1220000, 'prev_value': 1210000, 'change': 10000, 'player_num': 1}
2022-09-03 16:32:22,515 : EventManager : Event: ======'player_combos_combo_timer_tick'====== Args={'value': 4, 'prev_value': 5, 'change': -1, 'player_num': 1}
2022-09-03 16:32:22,515 : EventManager : Event: ======'machine_var_audits_switches_s_right_spinner'====== Args={'value': 18088, 'prev_value': 18087, 'change': 1}
2022-09-03 16:32:22,515 : EventManager : Event: ======'player_score'====== Args={'value': 194990, 'prev_value': 184990, 'change': 10000, 'player_num': 1}
2022-09-03 16:32:22,515 : EventManager : Event: ======'player_score'====== Args={'value': 196020, 'prev_value': 194990, 'change': 1030, 'player_num': 1}
2022-09-03 16:32:22,515 : EventManager : Event: ======'player_switches'====== Args={'value': 31, 'prev_value': 30, 'change': 1, 'player_num': 1}
2022-09-03 16:32:22,516 : EventManager : Event: ======'player_mode_value'====== Args={'value': 1230000, 'prev_value': 1220000, 'change': 10000, 'player_num': 1}
2022-09-03 16:32:22,693 : EventManager : Event: ======'machine_var_audits_switches_s_right_spinner'====== Args={'value': 18089, 'prev_value': 18088, 'change': 1}
2022-09-03 16:32:22,693 : EventManager : Event: ======'player_score'====== Args={'value': 206020, 'prev_value': 196020, 'change': 10000, 'player_num': 1}
2022-09-03 16:32:22,693 : EventManager : Event: ======'player_score'====== Args={'value': 207050, 'prev_value': 206020, 'change': 1030, 'player_num': 1}
2022-09-03 16:32:22,693 : EventManager : Event: ======'player_switches'====== Args={'value': 32, 'prev_value': 31, 'change': 1, 'player_num': 1}
2022-09-03 16:32:22,693 : EventManager : Event: ======'player_mode_value'====== Args={'value': 1240000, 'prev_value': 1230000, 'change': 10000, 'player_num': 1}
2022-09-03 16:32:22,894 : EventManager : Event: ======'machine_var_audits_switches_s_right_inlane_far'====== Args={'value': 6857, 'prev_value': 6856, 'change': 1}
2022-09-03 16:32:22,894 : EventManager : Event: ======'player_combo'====== Args={'value': 1, 'prev_value': 0, 'change': 1, 'player_num': 1}
2022-09-03 16:32:22,894 : EventManager : Event: ======'player_combo_value'====== Args={'value': 25000, 'prev_value': 0, 'change': 25000, 'player_num': 1}
2022-09-03 16:32:22,906 : EventManager : Event: ======'player_score'====== Args={'value': 232050, 'prev_value': 207050, 'change': 25000, 'player_num': 1}
2022-09-03 16:32:22,906 : EventManager : Event: ======'slides_play'====== Args={'settings': {'combo_slide': {'target': None, 'background_color': [0.0, 0.0, 0.0, 1.0], 'priority': None, 'show': True, 'force': False, 'expire': None, 'slide': None, 'tokens': {}, 'action': 'play'}}, 'context': 'combos', 'calling_context': 's_right_inlane_far_active{device.timers.combo_timer.ticks==4}', 'priority': 700}
2022-09-03 16:32:22,906 : EventManager : Event: ======'machine_var_audits_shots_portal_advance'====== Args={'value': 5065, 'prev_value': 5064, 'change': 1}
2022-09-03 16:32:22,906 : EventManager : Event: ======'player_score'====== Args={'value': 262050, 'prev_value': 232050, 'change': 30000, 'player_num': 1}
2022-09-03 16:32:22,907 : EventManager : Event: ======'player_switches'====== Args={'value': 33, 'prev_value': 32, 'change': 1, 'player_num': 1}
2022-09-03 16:32:22,907 : EventManager : Event: ======'player_combos_combo_timer_tick'====== Args={'value': 6, 'prev_value': 4, 'change': 2, 'player_num': 1}
2022-09-03 16:32:22,909 : mpfmc : SlidePlayer: Play called with settings={'combo_slide': {'target': None, 'background_color': [0.0, 0.0, 0.0, 1.0], 'priority': None, 'show': True, 'force': False, 'expire': None, 'slide': None, 'tokens': {}, 'action': 'play'}}
2022-09-03 16:32:22,928 : EventManager : Event: ======'slide_combo_slide_created'====== Args={}
2022-09-03 16:32:22,937 : EventManager : Event: ======'slide_combo_slide_active'====== Args={}
2022-09-03 16:32:23,406 : EventManager : Event: ======'player_combos_combo_timer_tick'====== Args={'value': 5, 'prev_value': 6, 'change': -1, 'player_num': 1}
2022-09-03 16:32:23,470 : EventManager : Event: ======'machine_var_audits_switches_s_right_flipper'====== Args={'value': 34762, 'prev_value': 34761, 'change': 1}
2022-09-03 16:32:23,896 : EventManager : Event: ======'player_combos_combo_timer_tick'====== Args={'value': 4, 'prev_value': 5, 'change': -1, 'player_num': 1}
2022-09-03 16:32:24,395 : EventManager : Event: ======'player_combos_combo_timer_tick'====== Args={'value': 3, 'prev_value': 4, 'change': -1, 'player_num': 1}
2022-09-03 16:32:24,847 : EventManager : Event: ======'machine_var_audits_switches_s_right_kicker'====== Args={'value': 1829, 'prev_value': 1828, 'change': 1}
2022-09-03 16:32:24,859 : EventManager : Event: ======'player_score'====== Args={'value': 277050, 'prev_value': 262050, 'change': 15000, 'player_num': 1}
2022-09-03 16:32:24,897 : EventManager : Event: ======'player_combos_combo_timer_tick'====== Args={'value': 2, 'prev_value': 3, 'change': -1, 'player_num': 1}
2022-09-03 16:32:24,909 : EventManager : Event: ======'slide_combo_slide_removed'====== Args={}
2022-09-03 16:32:24,910 : EventManager : Event: ======'slide_score_slide_active'====== Args={}
2022-09-03 16:32:25,397 : EventManager : Event: ======'player_combos_combo_timer_tick'====== Args={'value': 1, 'prev_value': 2, 'change': -1, 'player_num': 1}
2022-09-03 16:32:25,902 : EventManager : Event: ======'player_combos_combo_timer_tick'====== Args={'value': 0, 'prev_value': 1, 'change': -1, 'player_num': 1}
2022-09-03 16:32:26,984 : EventManager : Event: ======'machine_var_audits_switches_s_right_flipper'====== Args={'value': 34763, 'prev_value': 34762, 'change': 1}
2022-09-03 16:32:27,992 : EventManager : Event: ======'machine_var_audits_switches_s_left_flipper'====== Args={'value': 38024, 'prev_value': 38023, 'change': 1}
2022-09-03 16:32:30,210 : kivy : Base: Leaving application in progress...
2022-09-03 16:32:30,452 : mpfmc : Stopping...
2022-09-03 16:32:30,452 : EventManager : Event: ======'shutdown'====== Args={}
2022-09-03 16:32:30,452 : AudioInterface : Disabling audio playback
2022-09-03 16:32:30,452 : mpfmc : Loop rate 74.62 Hz
2022-09-03 16:32:30,452 : kivy : MC run loop ended.
2022-09-03 16:32:30,452 : kivy : Stopping child threads... (3 remaining)
2022-09-03 16:32:31,142 : mpfmc : Stopping...
2022-09-03 16:32:31,142 : EventManager : Event: ======'shutdown'====== Args={}
2022-09-03 16:32:31,142 : mpfmc : Loop rate 73.82 Hz
2022-09-03 16:32:31,152 : MPF-MC BCP Server : Stopping BCP sending thread
2022-09-03 16:32:31,452 : kivy : All child threads stopped.
