2022-08-21 17:31:24,897 : kivy : Factory: 186 symbols loaded
2022-08-21 17:31:25,053 : kivy : ImageLoaderFFPy: Using ffpyplayer 4.3.2
2022-08-21 17:31:25,053 : kivy : Image: Providers: img_tex, img_dds, img_sdl2, img_pil, img_ffpyplayer 
2022-08-21 17:31:25,089 : kivy : VideoGstplayer: Using Gstreamer 1.18.0.0
2022-08-21 17:31:25,089 : kivy : Video: Provider: gstplayer
2022-08-21 17:31:25,255 : kivy : Loading MPF-MC controller
2022-08-21 17:31:25,795 : ConfigProcessor : Config spec file cache created: C:\Users\Brendan\AppData\Local\Temp\config_spec.mpf_cache
2022-08-21 17:31:25,795 : YamlMultifileConfigLoader : Machine config file #1: config
2022-08-21 17:31:25,795 : ConfigProcessor : Config file in cache changed: C:\Baby_pacman_code\machine\config\config
2022-08-21 17:31:25,795 : ConfigProcessor : Loading config from file c:\users\brendan\appdata\local\programs\python\python37\lib\site-packages\mpfmc\mcconfig.yaml.
2022-08-21 17:31:25,846 : ConfigProcessor : Loading config: c:\users\brendan\appdata\local\programs\python\python37\lib\site-packages\mpfmc\mcconfig.yaml
2022-08-21 17:31:25,847 : ConfigProcessor : Loading config from file C:\Baby_pacman_code\machine\config\config.
2022-08-21 17:31:25,974 : ConfigProcessor : Loading config: C:\Baby_pacman_code\machine\config\config
2022-08-21 17:31:25,977 : ConfigProcessor : Config file cache created: C:\Users\Brendan\AppData\Local\Temp\e68bda1e95a8aa0185725ca2569cabab.mpf_cache
2022-08-21 17:31:25,977 : ConfigProcessor : Loading config from cache: C:\Users\Brendan\AppData\Local\Temp\467e7647689d29fad6adf949e1f4d51d.mpf_cache
2022-08-21 17:31:25,978 : ConfigProcessor : Loading config from cache: C:\Users\Brendan\AppData\Local\Temp\5550e037aa776b42b91b29b40b356c70.mpf_cache
2022-08-21 17:31:25,978 : ConfigProcessor : Loading config from cache: C:\Users\Brendan\AppData\Local\Temp\15e0c601392b30c3d9ba3ead8131edb5.mpf_cache
2022-08-21 17:31:25,979 : ConfigProcessor : Loading config from cache: C:\Users\Brendan\AppData\Local\Temp\0bf50917c4ef15ab65ee13d6c14e7d7c.mpf_cache
2022-08-21 17:31:25,979 : ConfigProcessor : Loading config from cache: C:\Users\Brendan\AppData\Local\Temp\bc7da7b13b2754e080c2afa0678ac274.mpf_cache
2022-08-21 17:31:25,980 : ConfigProcessor : Loading config from cache: C:\Users\Brendan\AppData\Local\Temp\bbd59d0bb6602ee0c5a89d6f85e6dd42.mpf_cache
2022-08-21 17:31:25,981 : ConfigProcessor : Loading config from cache: C:\Users\Brendan\AppData\Local\Temp\5526c78976fee311c3d05505d75f653d.mpf_cache
2022-08-21 17:31:25,981 : ConfigProcessor : Loading config from cache: C:\Users\Brendan\AppData\Local\Temp\6e95138ae5415fc76b53ebf8fa245fb5.mpf_cache
2022-08-21 17:31:25,982 : ConfigProcessor : Loading config from cache: C:\Users\Brendan\AppData\Local\Temp\1ec1c4dffb383758956493783a9ed391.mpf_cache
2022-08-21 17:31:25,982 : ConfigProcessor : Loading config from cache: C:\Users\Brendan\AppData\Local\Temp\f2aee92728c8017b77c710c804dd7f5a.mpf_cache
2022-08-21 17:31:25,983 : ConfigProcessor : Loading config from cache: C:\Users\Brendan\AppData\Local\Temp\88f57fa1305e9dc100972ec9f84d57fe.mpf_cache
2022-08-21 17:31:25,984 : ConfigProcessor : Loading config from cache: C:\Users\Brendan\AppData\Local\Temp\6e00a9d794d4c3f43a0fc48da04dac60.mpf_cache
2022-08-21 17:31:25,984 : ConfigProcessor : Loading config from cache: C:\Users\Brendan\AppData\Local\Temp\05ef98219fc733c3bcab58726c4b37ef.mpf_cache
2022-08-21 17:31:25,985 : ConfigProcessor : Loading config from cache: C:\Users\Brendan\AppData\Local\Temp\c22d657a5a7bb60632c2be2c735e073b.mpf_cache
2022-08-21 17:31:25,986 : ConfigProcessor : Loading config from cache: C:\Users\Brendan\AppData\Local\Temp\f7d4f5eb9425fe84d2e83a363afd4bdf.mpf_cache
2022-08-21 17:31:25,986 : ConfigProcessor : Loading config from cache: C:\Users\Brendan\AppData\Local\Temp\125f51d329f930ea7bff10973551cc26.mpf_cache
2022-08-21 17:31:25,987 : ConfigProcessor : Loading config from cache: C:\Users\Brendan\AppData\Local\Temp\08e18dfdf4e02cd29cc0cc52be2faaf4.mpf_cache
2022-08-21 17:31:25,987 : ConfigProcessor : Loading config from cache: C:\Users\Brendan\AppData\Local\Temp\f042f5bf6362b9e04d43b40b93a92057.mpf_cache
2022-08-21 17:31:25,988 : ConfigProcessor : Loading config from cache: C:\Users\Brendan\AppData\Local\Temp\60badac06cd62deb71f25fac24b103c2.mpf_cache
2022-08-21 17:31:25,988 : ConfigProcessor : Loading config from cache: C:\Users\Brendan\AppData\Local\Temp\a3ad1aeb679a0686901de8a6ffe784f0.mpf_cache
2022-08-21 17:31:25,989 : ConfigProcessor : Loading config from cache: C:\Users\Brendan\AppData\Local\Temp\d7856287e4ec48fb5adaa65e5f7b2848.mpf_cache
2022-08-21 17:31:25,990 : mpfmc : Mission Pinball Framework Media Controller v0.55.0
2022-08-21 17:31:25,990 : mpfmc : Mission Pinball Framework Game Engine v0.55.0
2022-08-21 17:31:25,990 : mpfmc : Machine path: C:\Baby_pacman_code\machine
2022-08-21 17:31:25,990 : mpfmc : Starting clock at 60.0Hz
2022-08-21 17:31:26,001 : kivy : Text: Provider: sdl2
2022-08-21 17:31:26,035 : kivy : Window: Provider: sdl2
2022-08-21 17:31:26,101 : kivy : GL: Using the "OpenGL" graphics system
2022-08-21 17:31:26,101 : kivy : GL: GLEW initialization succeeded
2022-08-21 17:31:26,102 : kivy : GL: Backend used <glew>
2022-08-21 17:31:26,102 : kivy : GL: OpenGL version <b'3.1.0 - Build 9.17.10.3517'>
2022-08-21 17:31:26,102 : kivy : GL: OpenGL vendor <b'Intel'>
2022-08-21 17:31:26,102 : kivy : GL: OpenGL renderer <b'Intel(R) HD Graphics 2000'>
2022-08-21 17:31:26,102 : kivy : GL: OpenGL parsed version: 3, 1
2022-08-21 17:31:26,102 : kivy : GL: Shading version <b'1.40 - Intel Build 9.17.10.3517'>
2022-08-21 17:31:26,102 : kivy : GL: Texture max size <8192>
2022-08-21 17:31:26,102 : kivy : GL: Texture max units <16>
2022-08-21 17:31:26,169 : kivy : Window: auto add sdl2 input provider
2022-08-21 17:31:26,169 : kivy : Window: virtual keyboard not allowed, single mode, not docked
2022-08-21 17:31:26,319 : AudioInterface : Initialized
2022-08-21 17:31:26,319 : AudioInterface : Loaded SDL 2.0.12
2022-08-21 17:31:26,319 : AudioInterface : Loaded SDL_Mixer 2.0.4
2022-08-21 17:31:26,319 : AudioInterface : Loaded GStreamer 1.18.0.0
2022-08-21 17:31:26,319 : AudioInterface : Loaded GLib 2.62.6
2022-08-21 17:31:26,319 : AudioInterface : Settings requested - rate: 44100, channels: 1, buffer: 2048 samples
2022-08-21 17:31:26,319 : AudioInterface : Settings in use - rate: 44100, channels: 1, buffer: 2048 samples (4096 bytes @ 2 bytes per sample)
2022-08-21 17:31:26,320 : SoundSystem : Setting master volume to 0.0
2022-08-21 17:31:26,320 : SoundSystem : master_volume in sound_system is deprecated and will be removed in the future.
2022-08-21 17:31:26,320 : AudioInterface : Enabling audio playback
2022-08-21 17:31:26,322 : kivy : Base: Start application main loop
2022-08-21 17:31:26,323 : EventManager : Event: ======'display_window_initialized'====== Args={}
2022-08-21 17:31:26,394 : mpfmc : Display: Setting 'window' as default display
2022-08-21 17:31:26,406 : mpfmc : ASPECT RATIO MISMATCH: The on-screen window is not the same aspect ratio as the display called 'window'. The logical display will be scaled from 1366x768 to the window size 1916x1054, and a black bar will make up the difference
2022-08-21 17:31:26,407 : EventManager : Event: ======'displays_initialized'====== Args={}
2022-08-21 17:31:26,414 : EventManager : Event: ======'slide_window_blank_created'====== Args={}
2022-08-21 17:31:26,414 : EventManager : Event: ======'display_window_ready'====== Args={}
2022-08-21 17:31:26,431 : EventManager : Event: ======'init_phase_1'====== Args={}
2022-08-21 17:31:26,439 : EventManager : Event: ======'mc_ready'====== Args={}
2022-08-21 17:31:26,439 : EventManager : Event: ======'init_phase_2'====== Args={}
2022-08-21 17:31:26,466 : EventManager : Event: ======'init_phase_3'====== Args={}
2022-08-21 17:31:26,472 : EventManager : Event: ======'init_phase_4'====== Args={}
2022-08-21 17:31:26,473 : EventManager : Event: ======'init_phase_5'====== Args={}
2022-08-21 17:31:26,508 : kivy : GL: NPOT texture support is available
2022-08-21 17:31:26,527 : kivy : GL: Unpack subimage support is available
2022-08-21 17:31:26,556 : EventManager : Event: ======'loading_assets'====== Args={'total': 27, 'loaded': 1, 'remaining': 26, 'percent': 4}
2022-08-21 17:31:26,556 : AssetManager : Loading assets: 1/27 (4%)
2022-08-21 17:31:27,791 : EventManager : Event: ======'loading_assets'====== Args={'total': 27, 'loaded': 2, 'remaining': 25, 'percent': 7}
2022-08-21 17:31:27,792 : AssetManager : Loading assets: 2/27 (7%)
2022-08-21 17:31:29,340 : EventManager : Event: ======'loading_assets'====== Args={'total': 27, 'loaded': 14, 'remaining': 13, 'percent': 52}
2022-08-21 17:31:29,340 : AssetManager : Loading assets: 14/27 (52%)
2022-08-21 17:31:30,077 : EventManager : Event: ======'loading_assets'====== Args={'total': 27, 'loaded': 27, 'remaining': 0, 'percent': 100}
2022-08-21 17:31:30,077 : AssetManager : Asset loading took: 3.7572150230407715
2022-08-21 17:31:30,077 : EventManager : Event: ======'asset_loading_complete'====== Args={}
2022-08-21 17:31:30,077 : AssetManager : Loading assets: 27/27 (100%)
2022-08-21 17:31:30,078 : EventManager : Event: ======'init_done'====== Args={}
2022-08-21 17:31:30,078 : MPF-MC BCP Server : Starting up on localhost port 5050
2022-08-21 17:31:30,080 : MPF-MC BCP Server : Waiting for a connection...
2022-08-21 17:31:30,094 : EventManager : Event: ======'client_disconnected'====== Args={'host': '127.0.0.1', 'port': 5050}
2022-08-21 17:31:30,098 : MPF-MC BCP Server : Received connection from: 127.0.0.1:49406
2022-08-21 17:31:30,106 : EventManager : Event: ======'client_connected'====== Args={'host': '127.0.0.1', 'port': 49406}
2022-08-21 17:31:30,118 : EventManager : Event: ======'machine_var_fast_net_firmware'====== Args={'value': '01.05', 'prev_value': None, 'change': True}
2022-08-21 17:31:30,118 : EventManager : Event: ======'machine_var_fast_net_model'====== Args={'value': 'FP-CPU-002-2', 'prev_value': None, 'change': True}
2022-08-21 17:31:30,118 : EventManager : Event: ======'machine_var_fast_rgb_firmware'====== Args={'value': '01.00', 'prev_value': None, 'change': True}
2022-08-21 17:31:30,118 : EventManager : Event: ======'machine_var_fast_rgb_model'====== Args={'value': 'FP-CPU-002-2', 'prev_value': None, 'change': True}
2022-08-21 17:31:30,118 : EventManager : Event: ======'machine_var_credits_string'====== Args={'value': 'FREE PLAY', 'prev_value': None, 'change': True}
2022-08-21 17:31:30,118 : EventManager : Event: ======'machine_var_master_volume'====== Args={'value': 0.5, 'prev_value': None, 'change': True}
2022-08-21 17:31:30,118 : EventManager : Event: ======'machine_var_player1_score'====== Args={'value': 58540490, 'prev_value': None, 'change': True}
2022-08-21 17:31:30,118 : EventManager : Event: ======'machine_var_mpf_version'====== Args={'value': 'MPF v0.55.0', 'prev_value': None, 'change': True}
2022-08-21 17:31:30,119 : EventManager : Event: ======'machine_var_mpf_extended_version'====== Args={'value': 'MPF v0.55.0, Config version:5, Show version: 5, BCP version:1.1', 'prev_value': None, 'change': True}
2022-08-21 17:31:30,119 : EventManager : Event: ======'machine_var_python_version'====== Args={'value': '3.7.8', 'prev_value': None, 'change': True}
2022-08-21 17:31:30,119 : EventManager : Event: ======'machine_var_platform'====== Args={'value': 'Windows-7-6.1.7601-SP1', 'prev_value': None, 'change': True}
2022-08-21 17:31:30,119 : EventManager : Event: ======'machine_var_platform_system'====== Args={'value': 'Windows', 'prev_value': None, 'change': True}
2022-08-21 17:31:30,119 : EventManager : Event: ======'machine_var_platform_release'====== Args={'value': '7', 'prev_value': None, 'change': True}
2022-08-21 17:31:30,119 : EventManager : Event: ======'machine_var_platform_version'====== Args={'value': '6.1.7601', 'prev_value': None, 'change': True}
2022-08-21 17:31:30,119 : EventManager : Event: ======'machine_var_platform_machine'====== Args={'value': 'AMD64', 'prev_value': None, 'change': True}
2022-08-21 17:31:30,119 : EventManager : Event: ======'machine_var_mc_version'====== Args={'value': 'MPF-MC v0.55.0', 'prev_value': None, 'change': True}
2022-08-21 17:31:30,119 : EventManager : Event: ======'machine_var_mc_extended_version'====== Args={'value': 'MPF-MC v0.55.0 (config_version=5, BCP v1.1, Requires MPF v0.55.0-dev.49)', 'prev_value': None, 'change': True}
2022-08-21 17:31:30,119 : SoundSystem : Setting master volume to 0.5
2022-08-21 17:31:30,598 : EventManager : Event: ======'machine_var_audits_events_game_ended'====== Args={'value': 0, 'prev_value': None, 'change': True}
2022-08-21 17:31:30,598 : EventManager : Event: ======'machine_var_audits_events_game_started'====== Args={'value': 0, 'prev_value': None, 'change': True}
2022-08-21 17:31:30,598 : EventManager : Event: ======'machine_var_audits_player_score'====== Args={'value': {'average': 10318150.616438355, 'top': [198719690, 195274570, 161094530, 160419680, 140071820, 132769060, 132262360, 127113160, 121863670, 115954110], 'total': 584}, 'prev_value': None, 'change': True}
2022-08-21 17:31:30,598 : EventManager : Event: ======'machine_var_audits_shots_center_drop_mission1'====== Args={'value': 507, 'prev_value': None, 'change': True}
2022-08-21 17:31:30,598 : EventManager : Event: ======'machine_var_audits_shots_center_target'====== Args={'value': 64, 'prev_value': None, 'change': True}
2022-08-21 17:31:30,598 : EventManager : Event: ======'machine_var_audits_shots_drop_target1_mission2'====== Args={'value': 219, 'prev_value': None, 'change': True}
2022-08-21 17:31:30,599 : EventManager : Event: ======'machine_var_audits_shots_drop_target2_mission2'====== Args={'value': 251, 'prev_value': None, 'change': True}
2022-08-21 17:31:30,599 : EventManager : Event: ======'machine_var_audits_shots_drop_target3_mission2'====== Args={'value': 282, 'prev_value': None, 'change': True}
2022-08-21 17:31:30,599 : EventManager : Event: ======'machine_var_audits_shots_drop_target4_mission2'====== Args={'value': 257, 'prev_value': None, 'change': True}
2022-08-21 17:31:30,599 : EventManager : Event: ======'machine_var_audits_shots_drop_target5_mission2'====== Args={'value': 220, 'prev_value': None, 'change': True}
2022-08-21 17:31:30,599 : EventManager : Event: ======'machine_var_audits_shots_drop_targets_mission3'====== Args={'value': 1436, 'prev_value': None, 'change': True}
2022-08-21 17:31:30,599 : EventManager : Event: ======'machine_var_audits_shots_galaxy_advance'====== Args={'value': 1982, 'prev_value': None, 'change': True}
2022-08-21 17:31:30,599 : EventManager : Event: ======'machine_var_audits_shots_l_lane'====== Args={'value': 604, 'prev_value': None, 'change': True}
2022-08-21 17:31:30,600 : EventManager : Event: ======'machine_var_audits_shots_left_kicker_mission2'====== Args={'value': 153, 'prev_value': None, 'change': True}
2022-08-21 17:31:30,600 : EventManager : Event: ======'machine_var_audits_shots_left_kicker_mission4'====== Args={'value': 114, 'prev_value': None, 'change': True}
2022-08-21 17:31:30,600 : EventManager : Event: ======'machine_var_audits_shots_left_loop_mission1'====== Args={'value': 571, 'prev_value': None, 'change': True}
2022-08-21 17:31:30,600 : EventManager : Event: ======'machine_var_audits_shots_left_loop_mission2'====== Args={'value': 254, 'prev_value': None, 'change': True}
2022-08-21 17:31:30,600 : EventManager : Event: ======'machine_var_audits_shots_left_loop_mission4'====== Args={'value': 374, 'prev_value': None, 'change': True}
2022-08-21 17:31:30,600 : EventManager : Event: ======'machine_var_audits_shots_portal_advance'====== Args={'value': 4485, 'prev_value': None, 'change': True}
2022-08-21 17:31:30,600 : EventManager : Event: ======'machine_var_audits_shots_r_lane'====== Args={'value': 533, 'prev_value': None, 'change': True}
2022-08-21 17:31:30,600 : EventManager : Event: ======'machine_var_audits_shots_right_kicker_mission2'====== Args={'value': 134, 'prev_value': None, 'change': True}
2022-08-21 17:31:30,600 : EventManager : Event: ======'machine_var_audits_shots_right_kicker_mission4'====== Args={'value': 133, 'prev_value': None, 'change': True}
2022-08-21 17:31:30,601 : EventManager : Event: ======'machine_var_audits_shots_right_loop_mission1'====== Args={'value': 659, 'prev_value': None, 'change': True}
2022-08-21 17:31:30,610 : EventManager : Event: ======'machine_var_audits_shots_right_loop_mission2'====== Args={'value': 289, 'prev_value': None, 'change': True}
2022-08-21 17:31:30,610 : EventManager : Event: ======'machine_var_audits_shots_right_loop_mission4'====== Args={'value': 423, 'prev_value': None, 'change': True}
2022-08-21 17:31:30,610 : EventManager : Event: ======'machine_var_audits_shots_warp_advance'====== Args={'value': 1078, 'prev_value': None, 'change': True}
2022-08-21 17:31:30,610 : EventManager : Event: ======'machine_var_audits_switches_s_action_button'====== Args={'value': 3902, 'prev_value': None, 'change': True}
2022-08-21 17:31:30,610 : EventManager : Event: ======'machine_var_audits_switches_s_drain'====== Args={'value': 2697, 'prev_value': None, 'change': True}
2022-08-21 17:31:30,610 : EventManager : Event: ======'machine_var_audits_switches_s_drop_target1'====== Args={'value': 1811, 'prev_value': None, 'change': True}
2022-08-21 17:31:30,610 : EventManager : Event: ======'machine_var_audits_switches_s_drop_target2'====== Args={'value': 2113, 'prev_value': None, 'change': True}
2022-08-21 17:31:30,610 : EventManager : Event: ======'machine_var_audits_switches_s_drop_target3'====== Args={'value': 2509, 'prev_value': None, 'change': True}
2022-08-21 17:31:30,611 : EventManager : Event: ======'machine_var_audits_switches_s_drop_target4'====== Args={'value': 2021, 'prev_value': None, 'change': True}
2022-08-21 17:31:30,611 : EventManager : Event: ======'machine_var_audits_switches_s_drop_target5'====== Args={'value': 1913, 'prev_value': None, 'change': True}
2022-08-21 17:31:30,611 : EventManager : Event: ======'machine_var_audits_switches_s_left_captive_ball'====== Args={'value': 472, 'prev_value': None, 'change': True}
2022-08-21 17:31:30,611 : EventManager : Event: ======'machine_var_audits_switches_s_left_flipper'====== Args={'value': 34034, 'prev_value': None, 'change': True}
2022-08-21 17:31:30,611 : EventManager : Event: ======'machine_var_audits_switches_s_left_inlane'====== Args={'value': 604, 'prev_value': None, 'change': True}
2022-08-21 17:31:30,611 : EventManager : Event: ======'machine_var_audits_switches_s_left_inlane_far'====== Args={'value': 3804, 'prev_value': None, 'change': True}
2022-08-21 17:31:30,611 : EventManager : Event: ======'machine_var_audits_switches_s_left_kicker'====== Args={'value': 1507, 'prev_value': None, 'change': True}
2022-08-21 17:31:30,611 : EventManager : Event: ======'machine_var_audits_switches_s_left_sling'====== Args={'value': 6757, 'prev_value': None, 'change': True}
2022-08-21 17:31:30,611 : EventManager : Event: ======'machine_var_audits_switches_s_left_spinner'====== Args={'value': 19894, 'prev_value': None, 'change': True}
2022-08-21 17:31:30,611 : EventManager : Event: ======'machine_var_audits_switches_s_right_captive_ball'====== Args={'value': 493, 'prev_value': None, 'change': True}
2022-08-21 17:31:30,612 : EventManager : Event: ======'machine_var_audits_switches_s_right_flipper'====== Args={'value': 31521, 'prev_value': None, 'change': True}
2022-08-21 17:31:30,612 : EventManager : Event: ======'machine_var_audits_switches_s_right_inlane'====== Args={'value': 533, 'prev_value': None, 'change': True}
2022-08-21 17:31:30,612 : EventManager : Event: ======'machine_var_audits_switches_s_right_inlane_far'====== Args={'value': 6029, 'prev_value': None, 'change': True}
2022-08-21 17:31:30,612 : EventManager : Event: ======'machine_var_audits_switches_s_right_kicker'====== Args={'value': 1681, 'prev_value': None, 'change': True}
2022-08-21 17:31:30,612 : EventManager : Event: ======'machine_var_audits_switches_s_right_sling'====== Args={'value': 14071, 'prev_value': None, 'change': True}
2022-08-21 17:31:30,612 : EventManager : Event: ======'machine_var_audits_switches_s_right_spinner'====== Args={'value': 16147, 'prev_value': None, 'change': True}
2022-08-21 17:31:30,622 : EventManager : Event: ======'machine_var_audits_switches_s_start'====== Args={'value': 403, 'prev_value': None, 'change': True}
2022-08-21 17:31:30,622 : EventManager : Event: ======'mc_reset_phase_1'====== Args={}
2022-08-21 17:31:30,622 : EventManager : Event: ======'mc_reset_phase_2'====== Args={}
2022-08-21 17:31:30,622 : EventManager : Event: ======'mc_reset_phase_3'====== Args={}
2022-08-21 17:31:30,622 : EventManager : Event: ======'mc_reset_complete'====== Args={}
2022-08-21 17:31:30,634 : EventManager : Event: ======'slides_play'====== Args={'settings': {'widgets': {'widgets': [{'type': 'text', 'text': 'GAME OVER', 'font_size': 50, 'font_name': 'space_font', '_default_settings': ['type', 'text', 'font_size', 'font_name'], 'x': None, 'y': None, 'anchor_x': 'center', 'anchor_y': 'center', 'round_anchor_x': None, 'round_anchor_y': None, 'opacity': 1.0, 'z': 0, 'reset_animations_events': {}, 'color': [1.0, 1.0, 1.0, 1.0], 'style': [], 'adjust_top': 0, 'adjust_bottom': 0, 'adjust_left': 0, 'adjust_right': 0, 'expire': None, 'key': None, 'widget': None, 'events_when_added': [], 'events_when_removed': [], 'bitmap_font': False, 'font_kerning': True, 'bold': False, 'italic': False, 'number_grouping': False, 'min_digits': 0, 'halign': 'center', 'valign': 'middle', 'rotation': 0, 'scale': 1.0, 'casing': None, 'animations': None}, {'type': 'image', 'image': 'attract_background', '_default_settings': ['type', 'image'], 'x': None, 'y': None, 'anchor_x': 'center', 'anchor_y': 'center', 'round_anchor_x': None, 'round_anchor_y': None, 'opacity': 1.0, 'z': 0, 'reset_animations_events': {}, 'color': [1.0, 1.0, 1.0, 1.0], 'style': [], 'adjust_top': 0, 'adjust_bottom': 0, 'adjust_left': 0, 'adjust_right': 0, 'expire': None, 'key': None, 'widget': None, 'events_when_added': [], 'events_when_removed': [], 'fps': 10, 'loops': -1, 'auto_play': True, 'start_frame': 0, 'rotation': 0, 'scale': 1.0, 'animations': None}], 'target': None, 'background_color': [0.0, 0.0, 0.0, 1.0], 'priority': None, 'show': True, 'force': False, 'expire': None, 'slide': None, 'tokens': {}, 'action': 'play'}}, 'context': 'show_13', 'calling_context': 0, 'priority': 10, 'show_tokens': {}, 'start_time': 12026.834}
2022-08-21 17:31:30,634 : mpfmc : SlidePlayer: Play called with settings={'widgets': {'widgets': [{'type': 'text', 'text': 'GAME OVER', 'font_size': 50, 'font_name': 'space_font', '_default_settings': ['type', 'text', 'font_size', 'font_name'], 'x': None, 'y': None, 'anchor_x': 'center', 'anchor_y': 'center', 'round_anchor_x': None, 'round_anchor_y': None, 'opacity': 1.0, 'z': 0, 'reset_animations_events': {}, 'color': [1.0, 1.0, 1.0, 1.0], 'style': [], 'adjust_top': 0, 'adjust_bottom': 0, 'adjust_left': 0, 'adjust_right': 0, 'expire': None, 'key': None, 'widget': None, 'events_when_added': [], 'events_when_removed': [], 'bitmap_font': False, 'font_kerning': True, 'bold': False, 'italic': False, 'number_grouping': False, 'min_digits': 0, 'halign': 'center', 'valign': 'middle', 'rotation': 0, 'scale': 1.0, 'casing': None, 'animations': None}, {'type': 'image', 'image': 'attract_background', '_default_settings': ['type', 'image'], 'x': None, 'y': None, 'anchor_x': 'center', 'anchor_y': 'center', 'round_anchor_x': None, 'round_anchor_y': None, 'opacity': 1.0, 'z': 0, 'reset_animations_events': {}, 'color': [1.0, 1.0, 1.0, 1.0], 'style': [], 'adjust_top': 0, 'adjust_bottom': 0, 'adjust_left': 0, 'adjust_right': 0, 'expire': None, 'key': None, 'widget': None, 'events_when_added': [], 'events_when_removed': [], 'fps': 10, 'loops': -1, 'auto_play': True, 'start_frame': 0, 'rotation': 0, 'scale': 1.0, 'animations': None}], 'target': None, 'background_color': [0.0, 0.0, 0.0, 1.0], 'priority': None, 'show': True, 'force': False, 'expire': None, 'slide': None, 'tokens': {}, 'action': 'play'}}
2022-08-21 17:31:30,641 : EventManager : Event: ======'slide_show_13.slide_player-0_created'====== Args={}
2022-08-21 17:31:30,643 : EventManager : Event: ======'slide_show_13.slide_player-0_active'====== Args={}
2022-08-21 17:31:32,119 : EventManager : Event: ======'game_started'====== Args={}
2022-08-21 17:31:32,119 : EventManager : Event: ======'slides_clear'====== Args={'context': 'show_13'}
2022-08-21 17:31:32,120 : EventManager : Event: ======'slide_show_13.slide_player-0_removed'====== Args={}
2022-08-21 17:31:32,121 : EventManager : Event: ======'slide_window_blank_active'====== Args={}
2022-08-21 17:31:32,143 : EventManager : Event: ======'player_added'====== Args={'player': <Player 1>, 'num': 1}
2022-08-21 17:31:32,143 : EventManager : Event: ======'player_index'====== Args={'value': 0, 'prev_value': 0, 'change': 0, 'player_num': 1}
2022-08-21 17:31:32,143 : EventManager : Event: ======'player_number'====== Args={'value': 1, 'prev_value': 1, 'change': 0, 'player_num': 1}
2022-08-21 17:31:32,143 : EventManager : Event: ======'player_score'====== Args={'value': 0, 'prev_value': 0, 'change': 0, 'player_num': 1}
2022-08-21 17:31:32,143 : EventManager : Event: ======'player_mode_value'====== Args={'value': 1000000, 'prev_value': 0, 'change': 1000000, 'player_num': 1}
2022-08-21 17:31:32,143 : EventManager : Event: ======'player_bonus_multiplier'====== Args={'value': 1, 'prev_value': 0, 'change': 1, 'player_num': 1}
2022-08-21 17:31:32,144 : EventManager : Event: ======'player_playfield_multiplier'====== Args={'value': 1, 'prev_value': 0, 'change': 1, 'player_num': 1}
2022-08-21 17:31:32,168 : EventManager : Event: ======'player_ball'====== Args={'value': 1, 'prev_value': 0, 'change': 1, 'player_num': 1}
2022-08-21 17:31:32,168 : EventManager : Event: ======'player_turn_start'====== Args={'number': 1, 'player': <Player 1>}
2022-08-21 17:31:32,181 : EventManager : Event: ======'player_shot_l_lane_enabled'====== Args={'value': True, 'prev_value': 0, 'change': 1, 'player_num': 1}
2022-08-21 17:31:32,181 : EventManager : Event: ======'player_shot_r_lane_enabled'====== Args={'value': True, 'prev_value': 0, 'change': 1, 'player_num': 1}
2022-08-21 17:31:32,181 : EventManager : Event: ======'player_shot_center_target_enabled'====== Args={'value': True, 'prev_value': 0, 'change': 1, 'player_num': 1}
2022-08-21 17:31:32,181 : EventManager : Event: ======'player_extra_ball_two_modes_complete_num_awarded'====== Args={'value': 0, 'prev_value': 0, 'change': 0, 'player_num': 1}
2022-08-21 17:31:32,205 : EventManager : Event: ======'sounds_play'====== Args={'settings': {'default': {'action': 'stop', 'priority': 400, 'block': False, 'delay': None, 'track': None, 'volume': None, 'pan': None, 'loops': None, 'start_at': None, 'fade_in': None, 'fade_out': None, 'about_to_finish_time': -1.0, 'max_queue_time': -1.0, 'events_when_played': ['use_sound_setting'], 'events_when_stopped': ['use_sound_setting'], 'events_when_looping': ['use_sound_setting'], 'events_when_about_to_finish': ['use_sound_setting'], 'mode_end_action': 'use_sound_setting', 'key': 'use_sound_setting'}, 'shooter_waiting': {'action': 'play', 'loops': -1, 'priority': None, 'block': False, 'delay': None, 'track': None, 'volume': None, 'pan': None, 'start_at': None, 'fade_in': None, 'fade_out': None, 'about_to_finish_time': -1.0, 'max_queue_time': -1.0, 'events_when_played': ['use_sound_setting'], 'events_when_stopped': ['use_sound_setting'], 'events_when_looping': ['use_sound_setting'], 'events_when_about_to_finish': ['use_sound_setting'], 'mode_end_action': 'use_sound_setting', 'key': 'use_sound_setting'}}, 'context': '_global', 'calling_context': 'ball_started', 'priority': 0, 'player': 1, 'ball': 1, 'balls_remaining': 2, 'is_extra_ball': False}
2022-08-21 17:31:32,205 : EventManager : Event: ======'player_shot_warp_advance_enabled'====== Args={'value': True, 'prev_value': 0, 'change': 1, 'player_num': 1}
2022-08-21 17:31:32,205 : EventManager : Event: ======'player_shot_portal_advance_enabled'====== Args={'value': True, 'prev_value': 0, 'change': 1, 'player_num': 1}
2022-08-21 17:31:32,205 : EventManager : Event: ======'player_shot_galaxy_advance_enabled'====== Args={'value': True, 'prev_value': 0, 'change': 1, 'player_num': 1}
2022-08-21 17:31:32,218 : EventManager : Event: ======'slides_play'====== Args={'settings': {'score_slide': {'target': None, 'background_color': [0.0, 0.0, 0.0, 1.0], 'priority': None, 'show': True, 'force': False, 'expire': None, 'slide': None, 'tokens': {}, 'action': 'play'}}, 'context': 'base', 'calling_context': 'mode_base_started', 'priority': 100, 'player': 1, 'ball': 1, 'balls_remaining': 2, 'is_extra_ball': False}
2022-08-21 17:31:32,218 : mpfmc : SlidePlayer: Play called with settings={'score_slide': {'target': None, 'background_color': [0.0, 0.0, 0.0, 1.0], 'priority': None, 'show': True, 'force': False, 'expire': None, 'slide': None, 'tokens': {}, 'action': 'play'}}
2022-08-21 17:31:32,234 : EventManager : Event: ======'slide_score_slide_created'====== Args={}
2022-08-21 17:31:32,243 : EventManager : Event: ======'slide_score_slide_active'====== Args={}
2022-08-21 17:31:32,250 : EventManager : Event: ======'sounds_play'====== Args={'settings': {'default': {'action': 'play', 'loops': -1, 'track': 'music', 'priority': None, 'block': False, 'delay': None, 'volume': None, 'pan': None, 'start_at': None, 'fade_in': None, 'fade_out': None, 'about_to_finish_time': -1.0, 'max_queue_time': -1.0, 'events_when_played': ['use_sound_setting'], 'events_when_stopped': ['use_sound_setting'], 'events_when_looping': ['use_sound_setting'], 'events_when_about_to_finish': ['use_sound_setting'], 'mode_end_action': 'use_sound_setting', 'key': 'use_sound_setting'}, 'mode_theme': {'action': 'stop', 'priority': None, 'block': False, 'delay': None, 'track': None, 'volume': None, 'pan': None, 'loops': None, 'start_at': None, 'fade_in': None, 'fade_out': None, 'about_to_finish_time': -1.0, 'max_queue_time': -1.0, 'events_when_played': ['use_sound_setting'], 'events_when_stopped': ['use_sound_setting'], 'events_when_looping': ['use_sound_setting'], 'events_when_about_to_finish': ['use_sound_setting'], 'mode_end_action': 'use_sound_setting', 'key': 'use_sound_setting'}}, 'context': '_global', 'calling_context': 'mode_spell_portal_started', 'priority': 0, 'player': 1, 'ball': 1, 'balls_remaining': 2, 'is_extra_ball': False}
2022-08-21 17:31:33,595 : EventManager : Event: ======'machine_var_audits_switches_s_action_button'====== Args={'value': 3903, 'prev_value': 3902, 'change': 1}
2022-08-21 17:31:33,799 : EventManager : Event: ======'sounds_play'====== Args={'settings': {'shooter_waiting': {'action': 'stop', 'priority': None, 'block': False, 'delay': None, 'track': None, 'volume': None, 'pan': None, 'loops': None, 'start_at': None, 'fade_in': None, 'fade_out': None, 'about_to_finish_time': -1.0, 'max_queue_time': -1.0, 'events_when_played': ['use_sound_setting'], 'events_when_stopped': ['use_sound_setting'], 'events_when_looping': ['use_sound_setting'], 'events_when_about_to_finish': ['use_sound_setting'], 'mode_end_action': 'use_sound_setting', 'key': 'use_sound_setting'}, 'default': {'action': 'play', 'loops': -1, 'track': 'music', 'priority': None, 'block': False, 'delay': None, 'volume': None, 'pan': None, 'start_at': None, 'fade_in': None, 'fade_out': None, 'about_to_finish_time': -1.0, 'max_queue_time': -1.0, 'events_when_played': ['use_sound_setting'], 'events_when_stopped': ['use_sound_setting'], 'events_when_looping': ['use_sound_setting'], 'events_when_about_to_finish': ['use_sound_setting'], 'mode_end_action': 'use_sound_setting', 'key': 'use_sound_setting'}}, 'context': '_global', 'calling_context': 's_drain_inactive', 'priority': 0}
2022-08-21 17:31:34,880 : EventManager : Event: ======'machine_var_audits_switches_s_left_inlane_far'====== Args={'value': 3805, 'prev_value': 3804, 'change': 1}
2022-08-21 17:31:34,892 : EventManager : Event: ======'player_shot_galaxy_advance'====== Args={'value': 1, 'prev_value': 0, 'change': 1, 'player_num': 1}
2022-08-21 17:31:34,904 : EventManager : Event: ======'machine_var_audits_shots_galaxy_advance'====== Args={'value': 1983, 'prev_value': 1982, 'change': 1}
2022-08-21 17:31:34,904 : EventManager : Event: ======'player_score'====== Args={'value': 30000, 'prev_value': 0, 'change': 30000, 'player_num': 1}
2022-08-21 17:31:34,904 : EventManager : Event: ======'player_switches'====== Args={'value': 1, 'prev_value': 0, 'change': 1, 'player_num': 1}
2022-08-21 17:31:34,904 : EventManager : Event: ======'player_combos_combo_timer_tick'====== Args={'value': 6, 'prev_value': 0, 'change': 6, 'player_num': 1}
2022-08-21 17:31:35,258 : EventManager : Event: ======'machine_var_audits_switches_s_left_inlane_far'====== Args={'value': 3806, 'prev_value': 3805, 'change': 1}
2022-08-21 17:31:35,258 : EventManager : Event: ======'machine_var_audits_shots_galaxy_advance'====== Args={'value': 1984, 'prev_value': 1983, 'change': 1}
2022-08-21 17:31:35,258 : EventManager : Event: ======'player_score'====== Args={'value': 60000, 'prev_value': 30000, 'change': 30000, 'player_num': 1}
2022-08-21 17:31:35,258 : EventManager : Event: ======'player_switches'====== Args={'value': 2, 'prev_value': 1, 'change': 1, 'player_num': 1}
2022-08-21 17:31:35,561 : EventManager : Event: ======'machine_var_audits_switches_s_left_inlane_far'====== Args={'value': 3807, 'prev_value': 3806, 'change': 1}
2022-08-21 17:31:35,561 : EventManager : Event: ======'machine_var_audits_shots_galaxy_advance'====== Args={'value': 1985, 'prev_value': 1984, 'change': 1}
2022-08-21 17:31:35,561 : EventManager : Event: ======'player_score'====== Args={'value': 90000, 'prev_value': 60000, 'change': 30000, 'player_num': 1}
2022-08-21 17:31:35,561 : EventManager : Event: ======'player_switches'====== Args={'value': 3, 'prev_value': 2, 'change': 1, 'player_num': 1}
2022-08-21 17:31:35,913 : EventManager : Event: ======'machine_var_audits_switches_s_left_inlane_far'====== Args={'value': 3808, 'prev_value': 3807, 'change': 1}
2022-08-21 17:31:35,913 : EventManager : Event: ======'machine_var_audits_shots_galaxy_advance'====== Args={'value': 1986, 'prev_value': 1985, 'change': 1}
2022-08-21 17:31:35,913 : EventManager : Event: ======'player_score'====== Args={'value': 120000, 'prev_value': 90000, 'change': 30000, 'player_num': 1}
2022-08-21 17:31:35,913 : EventManager : Event: ======'player_switches'====== Args={'value': 4, 'prev_value': 3, 'change': 1, 'player_num': 1}
2022-08-21 17:31:36,190 : EventManager : Event: ======'machine_var_audits_switches_s_left_inlane_far'====== Args={'value': 3809, 'prev_value': 3808, 'change': 1}
2022-08-21 17:31:36,202 : EventManager : Event: ======'machine_var_audits_shots_galaxy_advance'====== Args={'value': 1987, 'prev_value': 1986, 'change': 1}
2022-08-21 17:31:36,202 : EventManager : Event: ======'player_score'====== Args={'value': 150000, 'prev_value': 120000, 'change': 30000, 'player_num': 1}
2022-08-21 17:31:36,202 : EventManager : Event: ======'player_switches'====== Args={'value': 5, 'prev_value': 4, 'change': 1, 'player_num': 1}
2022-08-21 17:31:36,600 : EventManager : Event: ======'machine_var_audits_switches_s_left_inlane_far'====== Args={'value': 3810, 'prev_value': 3809, 'change': 1}
2022-08-21 17:31:36,600 : EventManager : Event: ======'machine_var_audits_shots_galaxy_advance'====== Args={'value': 1988, 'prev_value': 1987, 'change': 1}
2022-08-21 17:31:36,600 : EventManager : Event: ======'player_score'====== Args={'value': 180000, 'prev_value': 150000, 'change': 30000, 'player_num': 1}
2022-08-21 17:31:36,600 : EventManager : Event: ======'player_switches'====== Args={'value': 6, 'prev_value': 5, 'change': 1, 'player_num': 1}
2022-08-21 17:31:36,601 : EventManager : Event: ======'player_playfield_multiplier'====== Args={'value': 2, 'prev_value': 1, 'change': 1, 'player_num': 1}
2022-08-21 17:31:37,102 : EventManager : Event: ======'player_combos_combo_timer_tick'====== Args={'value': 5, 'prev_value': 6, 'change': -1, 'player_num': 1}
2022-08-21 17:31:37,592 : EventManager : Event: ======'player_combos_combo_timer_tick'====== Args={'value': 4, 'prev_value': 5, 'change': -1, 'player_num': 1}
2022-08-21 17:31:38,095 : EventManager : Event: ======'player_combos_combo_timer_tick'====== Args={'value': 3, 'prev_value': 4, 'change': -1, 'player_num': 1}
2022-08-21 17:31:38,597 : EventManager : Event: ======'player_combos_combo_timer_tick'====== Args={'value': 2, 'prev_value': 3, 'change': -1, 'player_num': 1}
2022-08-21 17:31:39,089 : EventManager : Event: ======'player_combos_combo_timer_tick'====== Args={'value': 1, 'prev_value': 2, 'change': -1, 'player_num': 1}
2022-08-21 17:31:39,592 : EventManager : Event: ======'player_combos_combo_timer_tick'====== Args={'value': 0, 'prev_value': 1, 'change': -1, 'player_num': 1}
2022-08-21 17:31:40,803 : EventManager : Event: ======'machine_var_audits_switches_s_right_inlane_far'====== Args={'value': 6030, 'prev_value': 6029, 'change': 1}
2022-08-21 17:31:40,815 : EventManager : Event: ======'player_shot_portal_advance'====== Args={'value': 1, 'prev_value': 0, 'change': 1, 'player_num': 1}
2022-08-21 17:31:40,827 : EventManager : Event: ======'machine_var_audits_shots_portal_advance'====== Args={'value': 4486, 'prev_value': 4485, 'change': 1}
2022-08-21 17:31:40,827 : EventManager : Event: ======'player_score'====== Args={'value': 240000, 'prev_value': 180000, 'change': 60000, 'player_num': 1}
2022-08-21 17:31:40,827 : EventManager : Event: ======'player_switches'====== Args={'value': 7, 'prev_value': 6, 'change': 1, 'player_num': 1}
2022-08-21 17:31:40,827 : EventManager : Event: ======'player_combos_combo_timer_tick'====== Args={'value': 6, 'prev_value': 0, 'change': 6, 'player_num': 1}
2022-08-21 17:31:41,081 : EventManager : Event: ======'machine_var_audits_switches_s_right_inlane_far'====== Args={'value': 6031, 'prev_value': 6030, 'change': 1}
2022-08-21 17:31:41,081 : EventManager : Event: ======'machine_var_audits_shots_portal_advance'====== Args={'value': 4487, 'prev_value': 4486, 'change': 1}
2022-08-21 17:31:41,081 : EventManager : Event: ======'player_score'====== Args={'value': 300000, 'prev_value': 240000, 'change': 60000, 'player_num': 1}
2022-08-21 17:31:41,081 : EventManager : Event: ======'player_switches'====== Args={'value': 8, 'prev_value': 7, 'change': 1, 'player_num': 1}
2022-08-21 17:31:41,101 : EventManager : Event: ======'machine_var_audits_switches_s_right_inlane_far'====== Args={'value': 6032, 'prev_value': 6031, 'change': 1}
2022-08-21 17:31:41,101 : EventManager : Event: ======'machine_var_audits_shots_portal_advance'====== Args={'value': 4488, 'prev_value': 4487, 'change': 1}
2022-08-21 17:31:41,101 : EventManager : Event: ======'player_score'====== Args={'value': 360000, 'prev_value': 300000, 'change': 60000, 'player_num': 1}
2022-08-21 17:31:41,102 : EventManager : Event: ======'player_switches'====== Args={'value': 9, 'prev_value': 8, 'change': 1, 'player_num': 1}
2022-08-21 17:31:41,124 : EventManager : Event: ======'machine_var_audits_switches_s_right_inlane_far'====== Args={'value': 6033, 'prev_value': 6032, 'change': 1}
2022-08-21 17:31:41,124 : EventManager : Event: ======'machine_var_audits_shots_portal_advance'====== Args={'value': 4489, 'prev_value': 4488, 'change': 1}
2022-08-21 17:31:41,136 : EventManager : Event: ======'player_score'====== Args={'value': 420000, 'prev_value': 360000, 'change': 60000, 'player_num': 1}
2022-08-21 17:31:41,136 : EventManager : Event: ======'player_switches'====== Args={'value': 10, 'prev_value': 9, 'change': 1, 'player_num': 1}
2022-08-21 17:31:41,528 : EventManager : Event: ======'machine_var_audits_switches_s_right_inlane_far'====== Args={'value': 6034, 'prev_value': 6033, 'change': 1}
2022-08-21 17:31:41,528 : EventManager : Event: ======'machine_var_audits_shots_portal_advance'====== Args={'value': 4490, 'prev_value': 4489, 'change': 1}
2022-08-21 17:31:41,528 : EventManager : Event: ======'player_score'====== Args={'value': 480000, 'prev_value': 420000, 'change': 60000, 'player_num': 1}
2022-08-21 17:31:41,528 : EventManager : Event: ======'player_switches'====== Args={'value': 11, 'prev_value': 10, 'change': 1, 'player_num': 1}
2022-08-21 17:31:41,797 : EventManager : Event: ======'machine_var_audits_switches_s_right_inlane_far'====== Args={'value': 6035, 'prev_value': 6034, 'change': 1}
2022-08-21 17:31:41,797 : EventManager : Event: ======'machine_var_audits_shots_portal_advance'====== Args={'value': 4491, 'prev_value': 4490, 'change': 1}
2022-08-21 17:31:41,797 : EventManager : Event: ======'player_score'====== Args={'value': 540000, 'prev_value': 480000, 'change': 60000, 'player_num': 1}
2022-08-21 17:31:41,797 : EventManager : Event: ======'player_switches'====== Args={'value': 12, 'prev_value': 11, 'change': 1, 'player_num': 1}
2022-08-21 17:31:42,293 : EventManager : Event: ======'player_combos_combo_timer_tick'====== Args={'value': 5, 'prev_value': 6, 'change': -1, 'player_num': 1}
2022-08-21 17:31:42,796 : EventManager : Event: ======'player_combos_combo_timer_tick'====== Args={'value': 4, 'prev_value': 5, 'change': -1, 'player_num': 1}
2022-08-21 17:31:43,287 : EventManager : Event: ======'player_combos_combo_timer_tick'====== Args={'value': 3, 'prev_value': 4, 'change': -1, 'player_num': 1}
2022-08-21 17:31:43,299 : EventManager : Event: ======'machine_var_audits_switches_s_right_kicker'====== Args={'value': 1682, 'prev_value': 1681, 'change': 1}
2022-08-21 17:31:43,299 : EventManager : Event: ======'player_score'====== Args={'value': 570000, 'prev_value': 540000, 'change': 30000, 'player_num': 1}
2022-08-21 17:31:43,335 : EventManager : Event: ======'slides_play'====== Args={'settings': {'select_mission1': {'target': None, 'background_color': [0.0, 0.0, 0.0, 1.0], 'priority': None, 'show': True, 'force': False, 'expire': None, 'slide': None, 'tokens': {}, 'action': 'play'}}, 'context': 'carousel', 'calling_context': 'carousel_mission1_highlighted', 'priority': 1000, 'direction': None}
2022-08-21 17:31:43,335 : mpfmc : SlidePlayer: Play called with settings={'select_mission1': {'target': None, 'background_color': [0.0, 0.0, 0.0, 1.0], 'priority': None, 'show': True, 'force': False, 'expire': None, 'slide': None, 'tokens': {}, 'action': 'play'}}
2022-08-21 17:31:43,347 : EventManager : Event: ======'slide_select_mission1_created'====== Args={}
2022-08-21 17:31:43,353 : EventManager : Event: ======'slide_select_mission1_active'====== Args={}
2022-08-21 17:31:43,811 : EventManager : Event: ======'player_combos_combo_timer_tick'====== Args={'value': 2, 'prev_value': 3, 'change': -1, 'player_num': 1}
2022-08-21 17:31:44,099 : EventManager : Event: ======'machine_var_audits_switches_s_right_flipper'====== Args={'value': 31522, 'prev_value': 31521, 'change': 1}
2022-08-21 17:31:44,212 : EventManager : Event: ======'slides_play'====== Args={'settings': {'select_mission2': {'target': None, 'background_color': [0.0, 0.0, 0.0, 1.0], 'priority': None, 'show': True, 'force': False, 'expire': None, 'slide': None, 'tokens': {}, 'action': 'play'}}, 'context': 'carousel', 'calling_context': 'carousel_mission2_highlighted', 'priority': 1000, 'direction': 'forwards'}
2022-08-21 17:31:44,213 : mpfmc : SlidePlayer: Play called with settings={'select_mission2': {'target': None, 'background_color': [0.0, 0.0, 0.0, 1.0], 'priority': None, 'show': True, 'force': False, 'expire': None, 'slide': None, 'tokens': {}, 'action': 'play'}}
2022-08-21 17:31:44,225 : EventManager : Event: ======'slide_select_mission2_created'====== Args={}
2022-08-21 17:31:44,231 : EventManager : Event: ======'slide_select_mission2_active'====== Args={}
2022-08-21 17:31:44,301 : EventManager : Event: ======'player_combos_combo_timer_tick'====== Args={'value': 1, 'prev_value': 2, 'change': -1, 'player_num': 1}
2022-08-21 17:31:44,824 : EventManager : Event: ======'player_combos_combo_timer_tick'====== Args={'value': 0, 'prev_value': 1, 'change': -1, 'player_num': 1}
2022-08-21 17:31:45,882 : EventManager : Event: ======'machine_var_audits_switches_s_action_button'====== Args={'value': 3904, 'prev_value': 3903, 'change': 1}
2022-08-21 17:31:46,055 : EventManager : Event: ======'player_shot_left_loop_mission2_enabled'====== Args={'value': True, 'prev_value': 0, 'change': 1, 'player_num': 1}
2022-08-21 17:31:46,056 : EventManager : Event: ======'player_shot_right_loop_mission2_enabled'====== Args={'value': True, 'prev_value': 0, 'change': 1, 'player_num': 1}
2022-08-21 17:31:46,056 : EventManager : Event: ======'player_shot_left_kicker_mission2_enabled'====== Args={'value': True, 'prev_value': 0, 'change': 1, 'player_num': 1}
2022-08-21 17:31:46,056 : EventManager : Event: ======'player_shot_right_kicker_mission2_enabled'====== Args={'value': True, 'prev_value': 0, 'change': 1, 'player_num': 1}
2022-08-21 17:31:46,057 : EventManager : Event: ======'player_shot_drop_target1_mission2_enabled'====== Args={'value': True, 'prev_value': 0, 'change': 1, 'player_num': 1}
2022-08-21 17:31:46,057 : EventManager : Event: ======'player_shot_drop_target2_mission2_enabled'====== Args={'value': True, 'prev_value': 0, 'change': 1, 'player_num': 1}
2022-08-21 17:31:46,057 : EventManager : Event: ======'player_shot_drop_target3_mission2_enabled'====== Args={'value': True, 'prev_value': 0, 'change': 1, 'player_num': 1}
2022-08-21 17:31:46,057 : EventManager : Event: ======'player_shot_drop_target4_mission2_enabled'====== Args={'value': True, 'prev_value': 0, 'change': 1, 'player_num': 1}
2022-08-21 17:31:46,057 : EventManager : Event: ======'player_shot_drop_target5_mission2_enabled'====== Args={'value': True, 'prev_value': 0, 'change': 1, 'player_num': 1}
2022-08-21 17:31:46,058 : EventManager : Event: ======'player_modes_started'====== Args={'value': 1, 'prev_value': 0, 'change': 1, 'player_num': 1}
2022-08-21 17:31:46,058 : EventManager : Event: ======'player_selected_mission'====== Args={'value': 'mission2', 'prev_value': 0, 'change': True, 'player_num': 1}
2022-08-21 17:31:46,059 : EventManager : Event: ======'slides_clear'====== Args={'context': 'carousel'}
2022-08-21 17:31:46,059 : EventManager : Event: ======'slide_select_mission1_removed'====== Args={}
2022-08-21 17:31:46,059 : EventManager : Event: ======'slide_select_mission2_removed'====== Args={}
2022-08-21 17:31:46,060 : EventManager : Event: ======'sounds_play'====== Args={'settings': {'mode_theme': {'action': 'play', 'loops': -1, 'priority': None, 'block': False, 'delay': None, 'track': None, 'volume': None, 'pan': None, 'start_at': None, 'fade_in': None, 'fade_out': None, 'about_to_finish_time': -1.0, 'max_queue_time': -1.0, 'events_when_played': ['use_sound_setting'], 'events_when_stopped': ['use_sound_setting'], 'events_when_looping': ['use_sound_setting'], 'events_when_about_to_finish': ['use_sound_setting'], 'mode_end_action': 'use_sound_setting', 'key': 'use_sound_setting'}, 'default': {'action': 'stop', 'priority': None, 'block': False, 'delay': None, 'track': None, 'volume': None, 'pan': None, 'loops': None, 'start_at': None, 'fade_in': None, 'fade_out': None, 'about_to_finish_time': -1.0, 'max_queue_time': -1.0, 'events_when_played': ['use_sound_setting'], 'events_when_stopped': ['use_sound_setting'], 'events_when_looping': ['use_sound_setting'], 'events_when_about_to_finish': ['use_sound_setting'], 'mode_end_action': 'use_sound_setting', 'key': 'use_sound_setting'}}, 'context': '_global', 'calling_context': 'mode_carousel_stopped', 'priority': 0}
2022-08-21 17:31:46,061 : EventManager : Event: ======'slide_score_slide_active'====== Args={}
2022-08-21 17:31:46,090 : EventManager : Event: ======'player_multiplied_mode_value'====== Args={'value': 2000000, 'prev_value': 0, 'change': 2000000, 'player_num': 1}
2022-08-21 17:31:46,090 : EventManager : Event: ======'player_mode_value_half'====== Args={'value': 1000000, 'prev_value': 0, 'change': 1000000, 'player_num': 1}
2022-08-21 17:31:46,090 : EventManager : Event: ======'slides_play'====== Args={'settings': {'score_slide_mission2': {'target': None, 'background_color': [0.0, 0.0, 0.0, 1.0], 'priority': None, 'show': True, 'force': False, 'expire': None, 'slide': None, 'tokens': {}, 'action': 'play'}}, 'context': 'mission2', 'calling_context': 'mode_mission2_started', 'priority': 1000}
2022-08-21 17:31:46,090 : EventManager : Event: ======'player_shot_drop_target4_mission2'====== Args={'value': 1, 'prev_value': 0, 'change': 1, 'player_num': 1}
2022-08-21 17:31:46,090 : EventManager : Event: ======'player_shot_right_loop_mission2'====== Args={'value': 1, 'prev_value': 0, 'change': 1, 'player_num': 1}
2022-08-21 17:31:46,090 : EventManager : Event: ======'player_shot_right_loop_mission2'====== Args={'value': 2, 'prev_value': 1, 'change': 1, 'player_num': 1}
2022-08-21 17:31:46,091 : EventManager : Event: ======'player_mission2_timer_seconds'====== Args={'value': 75, 'prev_value': 0, 'change': 75, 'player_num': 1}
2022-08-21 17:31:46,091 : mpfmc : SlidePlayer: Play called with settings={'score_slide_mission2': {'target': None, 'background_color': [0.0, 0.0, 0.0, 1.0], 'priority': None, 'show': True, 'force': False, 'expire': None, 'slide': None, 'tokens': {}, 'action': 'play'}}
2022-08-21 17:31:46,104 : EventManager : Event: ======'slide_score_slide_mission2_created'====== Args={}
2022-08-21 17:31:46,112 : EventManager : Event: ======'slide_score_slide_mission2_active'====== Args={}
2022-08-21 17:31:47,249 : EventManager : Event: ======'player_mission2_mission2_timer_tick'====== Args={'value': 74, 'prev_value': 0, 'change': 74, 'player_num': 1}
2022-08-21 17:31:47,249 : EventManager : Event: ======'player_mission2_timer_seconds'====== Args={'value': 74, 'prev_value': 75, 'change': -1, 'player_num': 1}
2022-08-21 17:31:48,455 : EventManager : Event: ======'player_mission2_mission2_timer_tick'====== Args={'value': 73, 'prev_value': 74, 'change': -1, 'player_num': 1}
2022-08-21 17:31:48,455 : EventManager : Event: ======'player_mission2_timer_seconds'====== Args={'value': 73, 'prev_value': 74, 'change': -1, 'player_num': 1}
2022-08-21 17:31:49,542 : EventManager : Event: ======'machine_var_audits_switches_s_drop_target4'====== Args={'value': 2022, 'prev_value': 2021, 'change': 1}
2022-08-21 17:31:49,554 : EventManager : Event: ======'machine_var_audits_shots_drop_target4_mission2'====== Args={'value': 258, 'prev_value': 257, 'change': 1}
2022-08-21 17:31:49,554 : EventManager : Event: ======'player_score'====== Args={'value': 579000, 'prev_value': 570000, 'change': 9000, 'player_num': 1}
2022-08-21 17:31:49,554 : EventManager : Event: ======'player_switches'====== Args={'value': 13, 'prev_value': 12, 'change': 1, 'player_num': 1}
2022-08-21 17:31:49,555 : EventManager : Event: ======'player_wrong_path_drop_target4'====== Args={'value': 'purple', 'prev_value': 0, 'change': True, 'player_num': 1}
2022-08-21 17:31:49,653 : EventManager : Event: ======'player_mission2_mission2_timer_tick'====== Args={'value': 72, 'prev_value': 73, 'change': -1, 'player_num': 1}
2022-08-21 17:31:49,653 : EventManager : Event: ======'player_mission2_timer_seconds'====== Args={'value': 72, 'prev_value': 73, 'change': -1, 'player_num': 1}
2022-08-21 17:31:50,852 : EventManager : Event: ======'player_mission2_mission2_timer_tick'====== Args={'value': 71, 'prev_value': 72, 'change': -1, 'player_num': 1}
2022-08-21 17:31:50,852 : EventManager : Event: ======'player_mission2_timer_seconds'====== Args={'value': 71, 'prev_value': 72, 'change': -1, 'player_num': 1}
2022-08-21 17:31:51,135 : EventManager : Event: ======'machine_var_audits_switches_s_right_inlane_far'====== Args={'value': 6036, 'prev_value': 6035, 'change': 1}
2022-08-21 17:31:51,135 : EventManager : Event: ======'machine_var_audits_shots_right_loop_mission2'====== Args={'value': 290, 'prev_value': 289, 'change': 1}
2022-08-21 17:31:51,147 : EventManager : Event: ======'player_score'====== Args={'value': 639000, 'prev_value': 579000, 'change': 60000, 'player_num': 1}
2022-08-21 17:31:51,147 : EventManager : Event: ======'player_switches'====== Args={'value': 14, 'prev_value': 13, 'change': 1, 'player_num': 1}
2022-08-21 17:31:51,147 : EventManager : Event: ======'player_combos_combo_timer_tick'====== Args={'value': 6, 'prev_value': 0, 'change': 6, 'player_num': 1}
2022-08-21 17:31:51,147 : EventManager : Event: ======'player_shot_right_loop_mission2'====== Args={'value': 3, 'prev_value': 2, 'change': 1, 'player_num': 1}
2022-08-21 17:31:51,148 : EventManager : Event: ======'player_score'====== Args={'value': 1639000, 'prev_value': 639000, 'change': 1000000, 'player_num': 1}
2022-08-21 17:31:51,148 : EventManager : Event: ======'player_mission2_total'====== Args={'value': 1000000, 'prev_value': 0, 'change': 1000000, 'player_num': 1}
2022-08-21 17:31:51,148 : EventManager : Event: ======'slides_play'====== Args={'settings': {'half_shot_slide_mission2': {'target': None, 'background_color': [0.0, 0.0, 0.0, 1.0], 'priority': None, 'show': True, 'force': False, 'expire': None, 'slide': None, 'tokens': {}, 'action': 'play'}}, 'context': 'mission2', 'calling_context': 'right_loop_mission2_safe_ready_hit', 'priority': 1000, 'profile': 'mission2_profile', 'state': 'safe_ready', 'advancing': False}
2022-08-21 17:31:51,154 : mpfmc : SlidePlayer: Play called with settings={'half_shot_slide_mission2': {'target': None, 'background_color': [0.0, 0.0, 0.0, 1.0], 'priority': None, 'show': True, 'force': False, 'expire': None, 'slide': None, 'tokens': {}, 'action': 'play'}}
2022-08-21 17:31:51,169 : EventManager : Event: ======'slide_half_shot_slide_mission2_created'====== Args={}
2022-08-21 17:31:51,180 : EventManager : Event: ======'slide_half_shot_slide_mission2_active'====== Args={}
2022-08-21 17:31:51,649 : EventManager : Event: ======'player_combos_combo_timer_tick'====== Args={'value': 5, 'prev_value': 6, 'change': -1, 'player_num': 1}
2022-08-21 17:31:52,080 : EventManager : Event: ======'player_mission2_mission2_timer_tick'====== Args={'value': 70, 'prev_value': 71, 'change': -1, 'player_num': 1}
2022-08-21 17:31:52,080 : EventManager : Event: ======'player_mission2_timer_seconds'====== Args={'value': 70, 'prev_value': 71, 'change': -1, 'player_num': 1}
2022-08-21 17:31:52,139 : EventManager : Event: ======'player_combos_combo_timer_tick'====== Args={'value': 4, 'prev_value': 5, 'change': -1, 'player_num': 1}
2022-08-21 17:31:52,652 : EventManager : Event: ======'player_combos_combo_timer_tick'====== Args={'value': 3, 'prev_value': 4, 'change': -1, 'player_num': 1}
2022-08-21 17:31:53,170 : EventManager : Event: ======'player_combos_combo_timer_tick'====== Args={'value': 2, 'prev_value': 3, 'change': -1, 'player_num': 1}
2022-08-21 17:31:53,312 : EventManager : Event: ======'player_mission2_mission2_timer_tick'====== Args={'value': 69, 'prev_value': 70, 'change': -1, 'player_num': 1}
2022-08-21 17:31:53,312 : EventManager : Event: ======'player_mission2_timer_seconds'====== Args={'value': 69, 'prev_value': 70, 'change': -1, 'player_num': 1}
2022-08-21 17:31:53,654 : EventManager : Event: ======'slide_half_shot_slide_mission2_removed'====== Args={}
2022-08-21 17:31:53,656 : EventManager : Event: ======'slide_score_slide_mission2_active'====== Args={}
2022-08-21 17:31:53,682 : EventManager : Event: ======'player_combos_combo_timer_tick'====== Args={'value': 1, 'prev_value': 2, 'change': -1, 'player_num': 1}
2022-08-21 17:31:54,129 : EventManager : Event: ======'player_combos_combo_timer_tick'====== Args={'value': 0, 'prev_value': 1, 'change': -1, 'player_num': 1}
2022-08-21 17:31:54,456 : EventManager : Event: ======'player_mission2_mission2_timer_tick'====== Args={'value': 68, 'prev_value': 69, 'change': -1, 'player_num': 1}
2022-08-21 17:31:54,468 : EventManager : Event: ======'player_mission2_timer_seconds'====== Args={'value': 68, 'prev_value': 69, 'change': -1, 'player_num': 1}
2022-08-21 17:31:55,659 : EventManager : Event: ======'player_mission2_mission2_timer_tick'====== Args={'value': 67, 'prev_value': 68, 'change': -1, 'player_num': 1}
2022-08-21 17:31:55,659 : EventManager : Event: ======'player_mission2_timer_seconds'====== Args={'value': 67, 'prev_value': 68, 'change': -1, 'player_num': 1}
2022-08-21 17:31:56,858 : EventManager : Event: ======'player_mission2_mission2_timer_tick'====== Args={'value': 66, 'prev_value': 67, 'change': -1, 'player_num': 1}
2022-08-21 17:31:56,871 : EventManager : Event: ======'player_mission2_timer_seconds'====== Args={'value': 66, 'prev_value': 67, 'change': -1, 'player_num': 1}
2022-08-21 17:31:58,005 : EventManager : Event: ======'machine_var_audits_switches_s_right_inlane_far'====== Args={'value': 6037, 'prev_value': 6036, 'change': 1}
2022-08-21 17:31:58,017 : EventManager : Event: ======'machine_var_audits_shots_right_loop_mission2'====== Args={'value': 291, 'prev_value': 290, 'change': 1}
2022-08-21 17:31:58,017 : EventManager : Event: ======'player_score'====== Args={'value': 1699000, 'prev_value': 1639000, 'change': 60000, 'player_num': 1}
2022-08-21 17:31:58,017 : EventManager : Event: ======'player_switches'====== Args={'value': 15, 'prev_value': 14, 'change': 1, 'player_num': 1}
2022-08-21 17:31:58,017 : EventManager : Event: ======'player_combos_combo_timer_tick'====== Args={'value': 6, 'prev_value': 0, 'change': 6, 'player_num': 1}
2022-08-21 17:31:58,018 : EventManager : Event: ======'player_score'====== Args={'value': 3699000, 'prev_value': 1699000, 'change': 2000000, 'player_num': 1}
2022-08-21 17:31:58,018 : EventManager : Event: ======'player_mission2_total'====== Args={'value': 3000000, 'prev_value': 1000000, 'change': 2000000, 'player_num': 1}
2022-08-21 17:31:58,032 : EventManager : Event: ======'player_shot_right_loop_mission2'====== Args={'value': 0, 'prev_value': 3, 'change': -3, 'player_num': 1}
2022-08-21 17:31:58,032 : EventManager : Event: ======'player_shot_drop_target4_mission2'====== Args={'value': 0, 'prev_value': 1, 'change': -1, 'player_num': 1}
2022-08-21 17:31:58,033 : EventManager : Event: ======'player_wrong_path_left_loop'====== Args={'value': 'off', 'prev_value': 0, 'change': True, 'player_num': 1}
2022-08-21 17:31:58,033 : EventManager : Event: ======'player_wrong_path_right_loop'====== Args={'value': 'off', 'prev_value': 0, 'change': True, 'player_num': 1}
2022-08-21 17:31:58,033 : EventManager : Event: ======'player_wrong_path_left_kicker'====== Args={'value': 'off', 'prev_value': 0, 'change': True, 'player_num': 1}
2022-08-21 17:31:58,033 : EventManager : Event: ======'player_wrong_path_right_kicker'====== Args={'value': 'off', 'prev_value': 0, 'change': True, 'player_num': 1}
2022-08-21 17:31:58,033 : EventManager : Event: ======'player_wrong_path_drop_target1'====== Args={'value': 'off', 'prev_value': 0, 'change': True, 'player_num': 1}
2022-08-21 17:31:58,033 : EventManager : Event: ======'player_wrong_path_drop_target2'====== Args={'value': 'off', 'prev_value': 0, 'change': True, 'player_num': 1}
2022-08-21 17:31:58,034 : EventManager : Event: ======'player_wrong_path_drop_target3'====== Args={'value': 'off', 'prev_value': 0, 'change': True, 'player_num': 1}
2022-08-21 17:31:58,034 : EventManager : Event: ======'player_wrong_path_drop_target4'====== Args={'value': 'off', 'prev_value': 'purple', 'change': True, 'player_num': 1}
2022-08-21 17:31:58,034 : EventManager : Event: ======'player_wrong_path_drop_target5'====== Args={'value': 'off', 'prev_value': 0, 'change': True, 'player_num': 1}
2022-08-21 17:31:58,034 : EventManager : Event: ======'slides_play'====== Args={'settings': {'shot_slide_mission2': {'target': None, 'background_color': [0.0, 0.0, 0.0, 1.0], 'priority': None, 'show': True, 'force': False, 'expire': None, 'slide': None, 'tokens': {}, 'action': 'play'}}, 'context': 'mission2', 'calling_context': 'shot1', 'priority': 1000}
2022-08-21 17:31:58,034 : EventManager : Event: ======'player_shot_drop_target1_mission2'====== Args={'value': 1, 'prev_value': 0, 'change': 1, 'player_num': 1}
2022-08-21 17:31:58,034 : EventManager : Event: ======'player_shot_drop_target4_mission2'====== Args={'value': 1, 'prev_value': 0, 'change': 1, 'player_num': 1}
2022-08-21 17:31:58,035 : EventManager : Event: ======'player_shot_drop_target4_mission2'====== Args={'value': 2, 'prev_value': 1, 'change': 1, 'player_num': 1}
2022-08-21 17:31:58,035 : mpfmc : SlidePlayer: Play called with settings={'shot_slide_mission2': {'target': None, 'background_color': [0.0, 0.0, 0.0, 1.0], 'priority': None, 'show': True, 'force': False, 'expire': None, 'slide': None, 'tokens': {}, 'action': 'play'}}
2022-08-21 17:31:58,047 : EventManager : Event: ======'slide_shot_slide_mission2_created'====== Args={}
2022-08-21 17:31:58,053 : EventManager : Event: ======'slide_shot_slide_mission2_active'====== Args={}
2022-08-21 17:31:58,060 : EventManager : Event: ======'player_mission2_mission2_timer_tick'====== Args={'value': 65, 'prev_value': 66, 'change': -1, 'player_num': 1}
2022-08-21 17:31:58,072 : EventManager : Event: ======'player_mission2_timer_seconds'====== Args={'value': 65, 'prev_value': 66, 'change': -1, 'player_num': 1}
2022-08-21 17:31:58,547 : EventManager : Event: ======'player_combos_combo_timer_tick'====== Args={'value': 5, 'prev_value': 6, 'change': -1, 'player_num': 1}
2022-08-21 17:31:59,066 : EventManager : Event: ======'player_combos_combo_timer_tick'====== Args={'value': 4, 'prev_value': 5, 'change': -1, 'player_num': 1}
2022-08-21 17:31:59,266 : EventManager : Event: ======'player_mission2_mission2_timer_tick'====== Args={'value': 64, 'prev_value': 65, 'change': -1, 'player_num': 1}
2022-08-21 17:31:59,266 : EventManager : Event: ======'player_mission2_timer_seconds'====== Args={'value': 64, 'prev_value': 65, 'change': -1, 'player_num': 1}
2022-08-21 17:31:59,548 : EventManager : Event: ======'player_combos_combo_timer_tick'====== Args={'value': 3, 'prev_value': 4, 'change': -1, 'player_num': 1}
2022-08-21 17:32:00,067 : EventManager : Event: ======'player_combos_combo_timer_tick'====== Args={'value': 2, 'prev_value': 3, 'change': -1, 'player_num': 1}
2022-08-21 17:32:00,467 : EventManager : Event: ======'player_mission2_mission2_timer_tick'====== Args={'value': 63, 'prev_value': 64, 'change': -1, 'player_num': 1}
2022-08-21 17:32:00,468 : EventManager : Event: ======'player_mission2_timer_seconds'====== Args={'value': 63, 'prev_value': 64, 'change': -1, 'player_num': 1}
2022-08-21 17:32:00,520 : EventManager : Event: ======'player_combos_combo_timer_tick'====== Args={'value': 1, 'prev_value': 2, 'change': -1, 'player_num': 1}
2022-08-21 17:32:00,551 : EventManager : Event: ======'slide_shot_slide_mission2_removed'====== Args={}
2022-08-21 17:32:00,552 : EventManager : Event: ======'slide_score_slide_mission2_active'====== Args={}
2022-08-21 17:32:01,011 : EventManager : Event: ======'player_combos_combo_timer_tick'====== Args={'value': 0, 'prev_value': 1, 'change': -1, 'player_num': 1}
2022-08-21 17:32:01,650 : EventManager : Event: ======'player_mission2_mission2_timer_tick'====== Args={'value': 62, 'prev_value': 63, 'change': -1, 'player_num': 1}
2022-08-21 17:32:01,650 : EventManager : Event: ======'player_mission2_timer_seconds'====== Args={'value': 62, 'prev_value': 63, 'change': -1, 'player_num': 1}
2022-08-21 17:32:02,857 : EventManager : Event: ======'player_mission2_mission2_timer_tick'====== Args={'value': 61, 'prev_value': 62, 'change': -1, 'player_num': 1}
2022-08-21 17:32:02,857 : EventManager : Event: ======'player_mission2_timer_seconds'====== Args={'value': 61, 'prev_value': 62, 'change': -1, 'player_num': 1}
2022-08-21 17:32:04,051 : EventManager : Event: ======'player_mission2_mission2_timer_tick'====== Args={'value': 60, 'prev_value': 61, 'change': -1, 'player_num': 1}
2022-08-21 17:32:04,051 : EventManager : Event: ======'player_mission2_timer_seconds'====== Args={'value': 60, 'prev_value': 61, 'change': -1, 'player_num': 1}
2022-08-21 17:32:05,256 : EventManager : Event: ======'player_mission2_mission2_timer_tick'====== Args={'value': 59, 'prev_value': 60, 'change': -1, 'player_num': 1}
2022-08-21 17:32:05,256 : EventManager : Event: ======'player_mission2_timer_seconds'====== Args={'value': 59, 'prev_value': 60, 'change': -1, 'player_num': 1}
2022-08-21 17:32:06,453 : EventManager : Event: ======'player_mission2_mission2_timer_tick'====== Args={'value': 58, 'prev_value': 59, 'change': -1, 'player_num': 1}
2022-08-21 17:32:06,453 : EventManager : Event: ======'player_mission2_timer_seconds'====== Args={'value': 58, 'prev_value': 59, 'change': -1, 'player_num': 1}
2022-08-21 17:32:07,665 : EventManager : Event: ======'player_mission2_mission2_timer_tick'====== Args={'value': 57, 'prev_value': 58, 'change': -1, 'player_num': 1}
2022-08-21 17:32:07,665 : EventManager : Event: ======'player_mission2_timer_seconds'====== Args={'value': 57, 'prev_value': 58, 'change': -1, 'player_num': 1}
2022-08-21 17:32:08,858 : EventManager : Event: ======'player_mission2_mission2_timer_tick'====== Args={'value': 56, 'prev_value': 57, 'change': -1, 'player_num': 1}
2022-08-21 17:32:08,858 : EventManager : Event: ======'player_mission2_timer_seconds'====== Args={'value': 56, 'prev_value': 57, 'change': -1, 'player_num': 1}
2022-08-21 17:32:10,063 : EventManager : Event: ======'player_mission2_mission2_timer_tick'====== Args={'value': 55, 'prev_value': 56, 'change': -1, 'player_num': 1}
2022-08-21 17:32:10,063 : EventManager : Event: ======'player_mission2_timer_seconds'====== Args={'value': 55, 'prev_value': 56, 'change': -1, 'player_num': 1}
2022-08-21 17:32:11,267 : EventManager : Event: ======'player_mission2_mission2_timer_tick'====== Args={'value': 54, 'prev_value': 55, 'change': -1, 'player_num': 1}
2022-08-21 17:32:11,267 : EventManager : Event: ======'player_mission2_timer_seconds'====== Args={'value': 54, 'prev_value': 55, 'change': -1, 'player_num': 1}
2022-08-21 17:32:12,459 : EventManager : Event: ======'player_mission2_mission2_timer_tick'====== Args={'value': 53, 'prev_value': 54, 'change': -1, 'player_num': 1}
2022-08-21 17:32:12,459 : EventManager : Event: ======'player_mission2_timer_seconds'====== Args={'value': 53, 'prev_value': 54, 'change': -1, 'player_num': 1}
2022-08-21 17:32:12,465 : EventManager : Event: ======'machine_var_audits_switches_s_drop_target4'====== Args={'value': 2023, 'prev_value': 2022, 'change': 1}
2022-08-21 17:32:12,466 : EventManager : Event: ======'machine_var_audits_shots_drop_target4_mission2'====== Args={'value': 259, 'prev_value': 258, 'change': 1}
2022-08-21 17:32:12,478 : EventManager : Event: ======'player_score'====== Args={'value': 3708000, 'prev_value': 3699000, 'change': 9000, 'player_num': 1}
2022-08-21 17:32:12,478 : EventManager : Event: ======'player_switches'====== Args={'value': 16, 'prev_value': 15, 'change': 1, 'player_num': 1}
2022-08-21 17:32:12,495 : EventManager : Event: ======'player_shot_drop_target4_mission2'====== Args={'value': 3, 'prev_value': 2, 'change': 1, 'player_num': 1}
2022-08-21 17:32:12,496 : EventManager : Event: ======'player_score'====== Args={'value': 4708000, 'prev_value': 3708000, 'change': 1000000, 'player_num': 1}
2022-08-21 17:32:12,496 : EventManager : Event: ======'player_mission2_total'====== Args={'value': 4000000, 'prev_value': 3000000, 'change': 1000000, 'player_num': 1}
2022-08-21 17:32:12,496 : EventManager : Event: ======'slides_play'====== Args={'settings': {'half_shot_slide_mission2': {'target': None, 'background_color': [0.0, 0.0, 0.0, 1.0], 'priority': None, 'show': True, 'force': False, 'expire': None, 'slide': None, 'tokens': {}, 'action': 'play'}}, 'context': 'mission2', 'calling_context': 'drop_target4_mission2_safe_ready_hit', 'priority': 1000, 'profile': 'mission2_profile', 'state': 'safe_ready', 'advancing': False}
2022-08-21 17:32:12,499 : mpfmc : SlidePlayer: Play called with settings={'half_shot_slide_mission2': {'target': None, 'background_color': [0.0, 0.0, 0.0, 1.0], 'priority': None, 'show': True, 'force': False, 'expire': None, 'slide': None, 'tokens': {}, 'action': 'play'}}
2022-08-21 17:32:12,499 : EventManager : Event: ======'slide_half_shot_slide_mission2_removed'====== Args={}
2022-08-21 17:32:12,511 : EventManager : Event: ======'slide_half_shot_slide_mission2_created'====== Args={}
2022-08-21 17:32:12,517 : EventManager : Event: ======'slide_half_shot_slide_mission2_active'====== Args={}
2022-08-21 17:32:13,692 : EventManager : Event: ======'player_mission2_mission2_timer_tick'====== Args={'value': 52, 'prev_value': 53, 'change': -1, 'player_num': 1}
2022-08-21 17:32:13,692 : EventManager : Event: ======'player_mission2_timer_seconds'====== Args={'value': 52, 'prev_value': 53, 'change': -1, 'player_num': 1}
2022-08-21 17:32:14,868 : EventManager : Event: ======'player_mission2_mission2_timer_tick'====== Args={'value': 51, 'prev_value': 52, 'change': -1, 'player_num': 1}
2022-08-21 17:32:14,868 : EventManager : Event: ======'player_mission2_timer_seconds'====== Args={'value': 51, 'prev_value': 52, 'change': -1, 'player_num': 1}
2022-08-21 17:32:15,010 : EventManager : Event: ======'slide_half_shot_slide_mission2_removed'====== Args={}
2022-08-21 17:32:15,011 : EventManager : Event: ======'slide_score_slide_mission2_active'====== Args={}
2022-08-21 17:32:16,073 : EventManager : Event: ======'player_mission2_mission2_timer_tick'====== Args={'value': 50, 'prev_value': 51, 'change': -1, 'player_num': 1}
2022-08-21 17:32:16,073 : EventManager : Event: ======'player_mission2_timer_seconds'====== Args={'value': 50, 'prev_value': 51, 'change': -1, 'player_num': 1}
2022-08-21 17:32:17,254 : EventManager : Event: ======'player_mission2_mission2_timer_tick'====== Args={'value': 49, 'prev_value': 50, 'change': -1, 'player_num': 1}
2022-08-21 17:32:17,254 : EventManager : Event: ======'player_mission2_timer_seconds'====== Args={'value': 49, 'prev_value': 50, 'change': -1, 'player_num': 1}
2022-08-21 17:32:18,454 : EventManager : Event: ======'player_mission2_mission2_timer_tick'====== Args={'value': 48, 'prev_value': 49, 'change': -1, 'player_num': 1}
2022-08-21 17:32:18,454 : EventManager : Event: ======'player_mission2_timer_seconds'====== Args={'value': 48, 'prev_value': 49, 'change': -1, 'player_num': 1}
2022-08-21 17:32:19,656 : EventManager : Event: ======'player_mission2_mission2_timer_tick'====== Args={'value': 47, 'prev_value': 48, 'change': -1, 'player_num': 1}
2022-08-21 17:32:19,656 : EventManager : Event: ======'player_mission2_timer_seconds'====== Args={'value': 47, 'prev_value': 48, 'change': -1, 'player_num': 1}
2022-08-21 17:32:20,239 : kivy : Base: Leaving application in progress...
2022-08-21 17:32:20,490 : mpfmc : Stopping...
2022-08-21 17:32:20,490 : EventManager : Event: ======'shutdown'====== Args={}
2022-08-21 17:32:20,490 : AudioInterface : Disabling audio playback
2022-08-21 17:32:20,490 : mpfmc : Loop rate 67.95 Hz
2022-08-21 17:32:20,490 : kivy : MC run loop ended.
2022-08-21 17:32:20,490 : kivy : Stopping child threads... (3 remaining)
2022-08-21 17:32:20,849 : mpfmc : Stopping...
2022-08-21 17:32:20,849 : EventManager : Event: ======'shutdown'====== Args={}
2022-08-21 17:32:20,849 : mpfmc : Loop rate 67.51 Hz
2022-08-21 17:32:21,489 : MPF-MC BCP Server : Stopping BCP sending thread
2022-08-21 17:32:21,582 : kivy : All child threads stopped.
