2022-09-02 15:09:28,366 : INFO : root : Loading config.
2022-09-02 15:09:28,908 : INFO : ConfigProcessor : Config spec file cache created: C:\Users\Brendan\AppData\Local\Temp\config_spec.mpf_cache
2022-09-02 15:09:28,908 : INFO : YamlMultifileConfigLoader : Machine config file #1: config.yaml
2022-09-02 15:09:28,909 : INFO : ConfigProcessor : Loading config from cache: C:\Users\Brendan\AppData\Local\Temp\bccefe987bb586eace29905fa80cab57.mpf_cache
2022-09-02 15:09:28,968 : INFO : ConfigProcessor : Loading config from cache: C:\Users\Brendan\AppData\Local\Temp\467e7647689d29fad6adf949e1f4d51d.mpf_cache
2022-09-02 15:09:28,969 : INFO : ConfigProcessor : Loading config from cache: C:\Users\Brendan\AppData\Local\Temp\5550e037aa776b42b91b29b40b356c70.mpf_cache
2022-09-02 15:09:28,969 : INFO : ConfigProcessor : Loading config from cache: C:\Users\Brendan\AppData\Local\Temp\15e0c601392b30c3d9ba3ead8131edb5.mpf_cache
2022-09-02 15:09:28,970 : INFO : ConfigProcessor : Loading config from cache: C:\Users\Brendan\AppData\Local\Temp\0bf50917c4ef15ab65ee13d6c14e7d7c.mpf_cache
2022-09-02 15:09:28,971 : INFO : ConfigProcessor : Loading config from cache: C:\Users\Brendan\AppData\Local\Temp\bc7da7b13b2754e080c2afa0678ac274.mpf_cache
2022-09-02 15:09:28,972 : INFO : ConfigProcessor : Loading config from cache: C:\Users\Brendan\AppData\Local\Temp\bbd59d0bb6602ee0c5a89d6f85e6dd42.mpf_cache
2022-09-02 15:09:28,973 : INFO : ConfigProcessor : Loading config from cache: C:\Users\Brendan\AppData\Local\Temp\5526c78976fee311c3d05505d75f653d.mpf_cache
2022-09-02 15:09:28,973 : INFO : ConfigProcessor : Loading config from cache: C:\Users\Brendan\AppData\Local\Temp\6e95138ae5415fc76b53ebf8fa245fb5.mpf_cache
2022-09-02 15:09:28,974 : WARNING : ConfigProcessor : Config file in cache changed: C:\Baby_pacman_code\machine\modes\mission1\config\mission1.yaml
2022-09-02 15:09:28,974 : INFO : ConfigProcessor : Loading config from file C:\Baby_pacman_code\machine\modes\mission1\config\mission1.yaml.
2022-09-02 15:09:29,029 : INFO : ConfigProcessor : Loading config: C:\Baby_pacman_code\machine\modes\mission1\config\mission1.yaml
2022-09-02 15:09:29,030 : INFO : ConfigProcessor : Config file cache created: C:\Users\Brendan\AppData\Local\Temp\1ec1c4dffb383758956493783a9ed391.mpf_cache
2022-09-02 15:09:29,030 : INFO : ConfigProcessor : Loading config from cache: C:\Users\Brendan\AppData\Local\Temp\f2aee92728c8017b77c710c804dd7f5a.mpf_cache
2022-09-02 15:09:29,032 : WARNING : ConfigProcessor : Config file in cache changed: C:\Baby_pacman_code\machine\modes\mission3\config\mission3.yaml
2022-09-02 15:09:29,032 : INFO : ConfigProcessor : Loading config from file C:\Baby_pacman_code\machine\modes\mission3\config\mission3.yaml.
2022-09-02 15:09:29,105 : INFO : ConfigProcessor : Loading config: C:\Baby_pacman_code\machine\modes\mission3\config\mission3.yaml
2022-09-02 15:09:29,107 : INFO : ConfigProcessor : Config file cache created: C:\Users\Brendan\AppData\Local\Temp\88f57fa1305e9dc100972ec9f84d57fe.mpf_cache
2022-09-02 15:09:29,107 : INFO : ConfigProcessor : Loading config from cache: C:\Users\Brendan\AppData\Local\Temp\6e00a9d794d4c3f43a0fc48da04dac60.mpf_cache
2022-09-02 15:09:29,108 : INFO : ConfigProcessor : Loading config from cache: C:\Users\Brendan\AppData\Local\Temp\05ef98219fc733c3bcab58726c4b37ef.mpf_cache
2022-09-02 15:09:29,109 : INFO : ConfigProcessor : Loading config from cache: C:\Users\Brendan\AppData\Local\Temp\c22d657a5a7bb60632c2be2c735e073b.mpf_cache
2022-09-02 15:09:29,110 : INFO : ConfigProcessor : Loading config from cache: C:\Users\Brendan\AppData\Local\Temp\f7d4f5eb9425fe84d2e83a363afd4bdf.mpf_cache
2022-09-02 15:09:29,111 : INFO : ConfigProcessor : Loading config from cache: C:\Users\Brendan\AppData\Local\Temp\125f51d329f930ea7bff10973551cc26.mpf_cache
2022-09-02 15:09:29,111 : INFO : ConfigProcessor : Loading config from cache: C:\Users\Brendan\AppData\Local\Temp\08e18dfdf4e02cd29cc0cc52be2faaf4.mpf_cache
2022-09-02 15:09:29,112 : INFO : ConfigProcessor : Loading config from cache: C:\Users\Brendan\AppData\Local\Temp\f042f5bf6362b9e04d43b40b93a92057.mpf_cache
2022-09-02 15:09:29,113 : INFO : ConfigProcessor : Loading config from cache: C:\Users\Brendan\AppData\Local\Temp\60badac06cd62deb71f25fac24b103c2.mpf_cache
2022-09-02 15:09:29,114 : INFO : ConfigProcessor : Loading config from cache: C:\Users\Brendan\AppData\Local\Temp\a3ad1aeb679a0686901de8a6ffe784f0.mpf_cache
2022-09-02 15:09:29,114 : INFO : ConfigProcessor : Loading config from cache: C:\Users\Brendan\AppData\Local\Temp\d7856287e4ec48fb5adaa65e5f7b2848.mpf_cache
2022-09-02 15:09:29,115 : INFO : ConfigProcessor : Loading config from cache: C:\Users\Brendan\AppData\Local\Temp\4849f32e60febd99d83791f2417d9a0f.mpf_cache
2022-09-02 15:09:29,116 : INFO : ConfigProcessor : Loading config from cache: C:\Users\Brendan\AppData\Local\Temp\942a9c8af084c06606ececc74db0a30f.mpf_cache
2022-09-02 15:09:29,117 : INFO : ConfigProcessor : Loading config from cache: C:\Users\Brendan\AppData\Local\Temp\d3a5f9b6ba13782c30d3f4f7e40a9dcf.mpf_cache
2022-09-02 15:09:29,117 : INFO : ConfigProcessor : Loading config from cache: C:\Users\Brendan\AppData\Local\Temp\bb2305c107159ac261738ee6fa5177f9.mpf_cache
2022-09-02 15:09:29,118 : INFO : ConfigProcessor : Loading config from cache: C:\Users\Brendan\AppData\Local\Temp\5e8fe62f7d4a280c75af4e016e79234a.mpf_cache
2022-09-02 15:09:29,118 : INFO : ConfigProcessor : Loading config from cache: C:\Users\Brendan\AppData\Local\Temp\7934ad8984867b043b25c8f1f16418da.mpf_cache
2022-09-02 15:09:29,119 : INFO : ConfigProcessor : Loading config from cache: C:\Users\Brendan\AppData\Local\Temp\201f4c0a0d10e05df2979372d05b639d.mpf_cache
2022-09-02 15:09:29,119 : INFO : ConfigProcessor : Loading config from cache: C:\Users\Brendan\AppData\Local\Temp\29084e75e573608c6a2e9d91f8c2e516.mpf_cache
2022-09-02 15:09:29,120 : INFO : ConfigProcessor : Loading config from cache: C:\Users\Brendan\AppData\Local\Temp\c1a52d9ec6beffcf3a0c74172f4f1789.mpf_cache
2022-09-02 15:09:29,121 : INFO : ConfigProcessor : Loading config from cache: C:\Users\Brendan\AppData\Local\Temp\1a7cfdccecce53cd51775700aa921808.mpf_cache
2022-09-02 15:09:29,122 : INFO : ConfigProcessor : Loading config from cache: C:\Users\Brendan\AppData\Local\Temp\bbeb6a5751b9d2029aa6e8633936e040.mpf_cache
2022-09-02 15:09:29,122 : INFO : ConfigProcessor : Loading config from cache: C:\Users\Brendan\AppData\Local\Temp\396defae609afab4d6d7399595fd494b.mpf_cache
2022-09-02 15:09:29,123 : INFO : ConfigProcessor : Loading config from cache: C:\Users\Brendan\AppData\Local\Temp\df5b128cf73808572dcd58af6b99a12a.mpf_cache
2022-09-02 15:09:29,124 : INFO : ConfigProcessor : Loading config from cache: C:\Users\Brendan\AppData\Local\Temp\b16abd66a20b52f76df13eb007a93cde.mpf_cache
2022-09-02 15:09:29,124 : INFO : ConfigProcessor : Loading config from cache: C:\Users\Brendan\AppData\Local\Temp\09ddf149c2750d0dc18124afb4ec1692.mpf_cache
2022-09-02 15:09:29,125 : INFO : ConfigProcessor : Loading config from cache: C:\Users\Brendan\AppData\Local\Temp\dc261f740d4fb0b58874215bc05837b4.mpf_cache
2022-09-02 15:09:29,126 : INFO : ConfigProcessor : Loading config from cache: C:\Users\Brendan\AppData\Local\Temp\fd5b67850c190931870595f7ba331325.mpf_cache
2022-09-02 15:09:29,126 : INFO : ConfigProcessor : Loading config from cache: C:\Users\Brendan\AppData\Local\Temp\7fa0bf6f8a3d06d96f9daba2d24e8451.mpf_cache
2022-09-02 15:09:29,127 : INFO : ConfigProcessor : Loading config from cache: C:\Users\Brendan\AppData\Local\Temp\17652c03725ec0d5dc66b35abdc504c5.mpf_cache
2022-09-02 15:09:29,127 : INFO : ConfigProcessor : Loading config from cache: C:\Users\Brendan\AppData\Local\Temp\f6549f0a1a12987384ccc86b9df17004.mpf_cache
2022-09-02 15:09:29,128 : INFO : ConfigProcessor : Loading config from cache: C:\Users\Brendan\AppData\Local\Temp\d416d6f9f35dec068a811f18f969a8db.mpf_cache
2022-09-02 15:09:29,129 : INFO : ConfigProcessor : Loading config from cache: C:\Users\Brendan\AppData\Local\Temp\2cbb22f93ff96ef242a9a2d7465f7b14.mpf_cache
2022-09-02 15:09:29,130 : INFO : ConfigProcessor : Loading config from cache: C:\Users\Brendan\AppData\Local\Temp\5b43fbcb021f3ce97d73fdb8a470eae4.mpf_cache
2022-09-02 15:09:29,130 : INFO : ConfigProcessor : Loading config from cache: C:\Users\Brendan\AppData\Local\Temp\6d994d077edad00fe01353c1bfbf6638.mpf_cache
2022-09-02 15:09:29,131 : INFO : ConfigProcessor : Loading config from cache: C:\Users\Brendan\AppData\Local\Temp\df6e37541f81fc1a6e02dbcf98e0d10b.mpf_cache
2022-09-02 15:09:29,131 : INFO : ConfigProcessor : Loading config from cache: C:\Users\Brendan\AppData\Local\Temp\c5e911b563ca93c8e10ce7743f92e657.mpf_cache
2022-09-02 15:09:29,132 : INFO : ConfigProcessor : Loading config from cache: C:\Users\Brendan\AppData\Local\Temp\99ecafb2993dab1e69369c4f69529b6f.mpf_cache
2022-09-02 15:09:29,133 : INFO : ConfigProcessor : Loading config from cache: C:\Users\Brendan\AppData\Local\Temp\57f2f8973b8bd58edd1d215976151c60.mpf_cache
2022-09-02 15:09:29,133 : INFO : ConfigProcessor : Loading config from cache: C:\Users\Brendan\AppData\Local\Temp\19f702536b27ff66106645e85afb027e.mpf_cache
2022-09-02 15:09:29,135 : INFO : ConfigProcessor : Loading config from cache: C:\Users\Brendan\AppData\Local\Temp\c17101e4486856bd6430e66412997ee7.mpf_cache
2022-09-02 15:09:29,135 : INFO : ConfigProcessor : Loading config from cache: C:\Users\Brendan\AppData\Local\Temp\c5b3b18e965344eb40bdf988f6d052aa.mpf_cache
2022-09-02 15:09:29,137 : INFO : Machine : Mission Pinball Framework Core Engine v0.55.0
2022-09-02 15:09:29,137 : INFO : Machine : Command line arguments: {'no_load_cache': False, 'create_config_cache': True, 'bcp': True, 'configfile': ['config.yaml'], 'force_assets_load': False, 'jsonlogging': False, 'logfile': 'logs\\2022-09-02-15-09-28-mpf-Pinball-PC.log', 'pause': False, 'production': False, 'text_ui': True, 'loglevel': 15, 'consoleloglevel': 20, 'force_platform': None, 'syslog_address': None, 'mc_file_name': None, 'no_sound': False}
2022-09-02 15:09:29,137 : INFO : Machine : MPF path: c:\users\brendan\appdata\local\programs\python\python37\lib\site-packages\mpf
2022-09-02 15:09:29,137 : INFO : Machine : Machine path: C:\Baby_pacman_code\machine
2022-09-02 15:09:29,137 : INFO : Machine : Platform: win32
2022-09-02 15:09:29,137 : INFO : Machine : Python executable location: c:\users\brendan\appdata\local\programs\python\python37\python.exe
2022-09-02 15:09:29,137 : INFO : Machine : Python version: 3.7.8 (64-bit)
2022-09-02 15:09:29,139 : INFO : Machine : Initialise MPF.
2022-09-02 15:09:29,296 : INFO : FAST : Connecting to com7 at 921600bps
2022-09-02 15:09:29,329 : INFO : FAST : Connected! Processor: NET, Board Type: FP-CPU-002-2, Firmware: 01.05
2022-09-02 15:09:29,329 : INFO : EventManager : Event: ======'machine_var_fast_net_firmware'====== Args={'value': '01.05', 'prev_value': None, 'change': True}
2022-09-02 15:09:29,329 : INFO : EventManager : Event: ======'machine_var_fast_net_model'====== Args={'value': 'FP-CPU-002-2', 'prev_value': None, 'change': True}
2022-09-02 15:09:31,699 : WARNING : FAST : Got unexpected message from FAST: -N:06
2022-09-02 15:09:31,699 : WARNING : FAST : Got unexpected message from FAST: -N:13
2022-09-02 15:09:31,745 : INFO : FAST : Connecting to com8 at 921600bps
2022-09-02 15:09:31,777 : INFO : FAST : Connected! Processor: RGB, Board Type: FP-CPU-002-2, Firmware: 01.00
2022-09-02 15:09:31,777 : INFO : EventManager : Event: ======'machine_var_fast_rgb_firmware'====== Args={'value': '01.00', 'prev_value': None, 'change': True}
2022-09-02 15:09:31,778 : INFO : EventManager : Event: ======'machine_var_fast_rgb_model'====== Args={'value': 'FP-CPU-002-2', 'prev_value': None, 'change': True}
2022-09-02 15:09:31,778 : INFO : EventManager : Event: ======'machine_var_credits_string'====== Args={'value': 'FREE PLAY', 'prev_value': None, 'change': True}
2022-09-02 15:09:31,833 : INFO : EventManager : Event: ======'machine_var_master_volume'====== Args={'value': 0.5, 'prev_value': None, 'change': True}
2022-09-02 15:09:31,833 : INFO : EventManager : Event: ======'machine_var_player1_score'====== Args={'value': 210762830, 'prev_value': None, 'change': True}
2022-09-02 15:09:31,833 : INFO : EventManager : Event: ======'machine_var_mpf_version'====== Args={'value': 'MPF v0.55.0', 'prev_value': None, 'change': True}
2022-09-02 15:09:31,833 : INFO : EventManager : Event: ======'machine_var_mpf_extended_version'====== Args={'value': 'MPF v0.55.0, Config version:5, Show version: 5, BCP version:1.1', 'prev_value': None, 'change': True}
2022-09-02 15:09:31,833 : INFO : EventManager : Event: ======'machine_var_python_version'====== Args={'value': '3.7.8', 'prev_value': None, 'change': True}
2022-09-02 15:09:31,834 : INFO : EventManager : Event: ======'machine_var_platform'====== Args={'value': 'Windows-7-6.1.7601-SP1', 'prev_value': None, 'change': True}
2022-09-02 15:09:31,834 : INFO : EventManager : Event: ======'machine_var_platform_system'====== Args={'value': 'Windows', 'prev_value': None, 'change': True}
2022-09-02 15:09:31,834 : INFO : EventManager : Event: ======'machine_var_platform_release'====== Args={'value': '7', 'prev_value': None, 'change': True}
2022-09-02 15:09:31,834 : INFO : EventManager : Event: ======'machine_var_platform_version'====== Args={'value': '6.1.7601', 'prev_value': None, 'change': True}
2022-09-02 15:09:31,834 : INFO : EventManager : Event: ======'machine_var_platform_machine'====== Args={'value': 'AMD64', 'prev_value': None, 'change': True}
2022-09-02 15:09:31,834 : INFO : EventManager : Event: ======'init_phase_1'====== Args={}
2022-09-02 15:09:31,912 : INFO : EventManager : Event: ======'drop_target_bank_main_up'====== Args={}
2022-09-02 15:09:31,915 : INFO : EventManager : Event: ======'init_phase_2'====== Args={}
2022-09-02 15:09:31,916 : INFO : SwitchController : Found active switch: (('06', 1), <Platform.FAST>) <switch.s_right_captive_ball>
2022-09-02 15:09:31,916 : INFO : SwitchController : Found active switch: (('13', 1), <Platform.FAST>) <switch.s_drain>
2022-09-02 15:09:31,956 : INFO : EventManager : Event: ======'bcp_connection_attempt'====== Args={'name': 'local_display', 'host': 'localhost', 'port': 5050}
2022-09-02 15:09:31,958 : INFO : BCPClientSocket : Connecting BCP to 'local_display' at localhost:5050...
2022-09-02 15:09:32,962 : WARNING : FAST : Port com7 was blocked for more than 1s. Reseting send queue! If this happens frequently report a bug!
2022-09-02 15:09:33,960 : WARNING : FAST : Port com7 was blocked for more than 1s. Reseting send queue! If this happens frequently report a bug!
2022-09-02 15:09:33,965 : INFO : BCPClientSocket : Connected BCP to 'local_display' localhost:5050
2022-09-02 15:09:33,966 : INFO : EventManager : Event: ======'bcp_clients_connected'====== Args={}
2022-09-02 15:09:33,973 : INFO : ball_device.bd_drain : BCH: Initial count: 1
2022-09-02 15:09:33,974 : INFO : EventManager : Event: ======'machine_var_mc_version'====== Args={'value': 'MPF-MC v0.55.0', 'prev_value': None, 'change': True}
2022-09-02 15:09:33,974 : INFO : EventManager : Event: ======'machine_var_mc_extended_version'====== Args={'value': 'MPF-MC v0.55.0 (config_version=5, BCP v1.1, Requires MPF v0.55.0-dev.49)', 'prev_value': None, 'change': True}
2022-09-02 15:09:33,976 : INFO : ball_device.bd_drain : State: idle
2022-09-02 15:09:34,011 : INFO : ball_device.bd_left_kicker : BCH: Initial count: 0
2022-09-02 15:09:34,012 : INFO : ball_device.bd_left_kicker : State: idle
2022-09-02 15:09:34,012 : INFO : ball_device.bd_right_kicker : BCH: Initial count: 0
2022-09-02 15:09:34,013 : INFO : ball_device.bd_right_kicker : State: idle
2022-09-02 15:09:34,057 : INFO : EventManager : Event: ======'init_phase_3'====== Args={}
2022-09-02 15:09:34,485 : INFO : EventManager : Event: ======'init_phase_4'====== Args={}
2022-09-02 15:09:34,490 : INFO : EventManager : Event: ======'playfield_active'====== Args={}
2022-09-02 15:09:34,490 : INFO : EventManager : Event: ======'unexpected_ball_on_playfield'====== Args={}
2022-09-02 15:09:34,490 : INFO : EventManager : Event: ======'playfield_active'====== Args={}
2022-09-02 15:09:34,490 : INFO : EventManager : Event: ======'unexpected_ball_on_playfield'====== Args={}
2022-09-02 15:09:34,490 : INFO : EventManager : Event: ======'playfield_active'====== Args={}
2022-09-02 15:09:34,491 : INFO : EventManager : Event: ======'unexpected_ball_on_playfield'====== Args={}
2022-09-02 15:09:34,491 : INFO : EventManager : Event: ======'playfield_active'====== Args={}
2022-09-02 15:09:34,491 : INFO : EventManager : Event: ======'unexpected_ball_on_playfield'====== Args={}
2022-09-02 15:09:34,491 : INFO : EventManager : Event: ======'playfield_active'====== Args={}
2022-09-02 15:09:34,491 : INFO : EventManager : Event: ======'unexpected_ball_on_playfield'====== Args={}
2022-09-02 15:09:34,491 : INFO : BallController : Initial balls found: 1
2022-09-02 15:09:34,493 : INFO : EventManager : Event: ======'machine_var_audits_events_game_ended'====== Args={'value': 0, 'prev_value': None, 'change': True}
2022-09-02 15:09:34,494 : INFO : EventManager : Event: ======'machine_var_audits_events_game_started'====== Args={'value': 0, 'prev_value': None, 'change': True}
2022-09-02 15:09:34,494 : INFO : EventManager : Event: ======'machine_var_audits_player_score'====== Args={'value': {'average': 14629973.862520454, 'top': [720234070, 507595620, 502234510, 210762830, 203435200, 198719690, 196999500, 195274570, 171491840, 161094530], 'total': 611}, 'prev_value': None, 'change': True}
2022-09-02 15:09:34,495 : INFO : EventManager : Event: ======'machine_var_audits_shots_center_drop_mission1'====== Args={'value': 600, 'prev_value': None, 'change': True}
2022-09-02 15:09:34,495 : INFO : EventManager : Event: ======'machine_var_audits_shots_center_target'====== Args={'value': 319, 'prev_value': None, 'change': True}
2022-09-02 15:09:34,495 : INFO : EventManager : Event: ======'machine_var_audits_shots_drop_target1_mission2'====== Args={'value': 242, 'prev_value': None, 'change': True}
2022-09-02 15:09:34,496 : INFO : EventManager : Event: ======'machine_var_audits_shots_drop_target2_mission2'====== Args={'value': 283, 'prev_value': None, 'change': True}
2022-09-02 15:09:34,496 : INFO : EventManager : Event: ======'machine_var_audits_shots_drop_target3_mission2'====== Args={'value': 330, 'prev_value': None, 'change': True}
2022-09-02 15:09:34,496 : INFO : EventManager : Event: ======'machine_var_audits_shots_drop_target4_mission2'====== Args={'value': 293, 'prev_value': None, 'change': True}
2022-09-02 15:09:34,497 : INFO : EventManager : Event: ======'machine_var_audits_shots_drop_target5_mission2'====== Args={'value': 251, 'prev_value': None, 'change': True}
2022-09-02 15:09:34,497 : INFO : EventManager : Event: ======'machine_var_audits_shots_drop_targets_mission3'====== Args={'value': 1598, 'prev_value': None, 'change': True}
2022-09-02 15:09:34,497 : INFO : EventManager : Event: ======'machine_var_audits_shots_galaxy_advance'====== Args={'value': 2902, 'prev_value': None, 'change': True}
2022-09-02 15:09:34,498 : INFO : EventManager : Event: ======'machine_var_audits_shots_l_lane'====== Args={'value': 671, 'prev_value': None, 'change': True}
2022-09-02 15:09:34,498 : INFO : EventManager : Event: ======'machine_var_audits_shots_left_kicker_mission2'====== Args={'value': 170, 'prev_value': None, 'change': True}
2022-09-02 15:09:34,498 : INFO : EventManager : Event: ======'machine_var_audits_shots_left_kicker_mission4'====== Args={'value': 124, 'prev_value': None, 'change': True}
2022-09-02 15:09:34,499 : INFO : EventManager : Event: ======'machine_var_audits_shots_left_loop_mission1'====== Args={'value': 682, 'prev_value': None, 'change': True}
2022-09-02 15:09:34,499 : INFO : EventManager : Event: ======'machine_var_audits_shots_left_loop_mission2'====== Args={'value': 282, 'prev_value': None, 'change': True}
2022-09-02 15:09:34,499 : INFO : EventManager : Event: ======'machine_var_audits_shots_left_loop_mission4'====== Args={'value': 397, 'prev_value': None, 'change': True}
2022-09-02 15:09:34,500 : INFO : EventManager : Event: ======'machine_var_audits_shots_portal_advance'====== Args={'value': 5007, 'prev_value': None, 'change': True}
2022-09-02 15:09:34,500 : INFO : EventManager : Event: ======'machine_var_audits_shots_r_lane'====== Args={'value': 584, 'prev_value': None, 'change': True}
2022-09-02 15:09:34,501 : INFO : EventManager : Event: ======'machine_var_audits_shots_right_kicker_mission2'====== Args={'value': 142, 'prev_value': None, 'change': True}
2022-09-02 15:09:34,501 : INFO : EventManager : Event: ======'machine_var_audits_shots_right_kicker_mission4'====== Args={'value': 141, 'prev_value': None, 'change': True}
2022-09-02 15:09:34,501 : INFO : EventManager : Event: ======'machine_var_audits_shots_right_loop_mission1'====== Args={'value': 775, 'prev_value': None, 'change': True}
2022-09-02 15:09:34,502 : INFO : EventManager : Event: ======'machine_var_audits_shots_right_loop_mission2'====== Args={'value': 329, 'prev_value': None, 'change': True}
2022-09-02 15:09:34,502 : INFO : EventManager : Event: ======'machine_var_audits_shots_right_loop_mission4'====== Args={'value': 455, 'prev_value': None, 'change': True}
2022-09-02 15:09:34,503 : INFO : EventManager : Event: ======'machine_var_audits_shots_warp_advance'====== Args={'value': 1146, 'prev_value': None, 'change': True}
2022-09-02 15:09:34,503 : INFO : EventManager : Event: ======'machine_var_audits_switches_s_action_button'====== Args={'value': 4258, 'prev_value': None, 'change': True}
2022-09-02 15:09:34,504 : INFO : EventManager : Event: ======'machine_var_audits_switches_s_drain'====== Args={'value': 2905, 'prev_value': None, 'change': True}
2022-09-02 15:09:34,504 : INFO : EventManager : Event: ======'machine_var_audits_switches_s_drop_target1'====== Args={'value': 2016, 'prev_value': None, 'change': True}
2022-09-02 15:09:34,504 : INFO : EventManager : Event: ======'machine_var_audits_switches_s_drop_target2'====== Args={'value': 2331, 'prev_value': None, 'change': True}
2022-09-02 15:09:34,505 : INFO : EventManager : Event: ======'machine_var_audits_switches_s_drop_target3'====== Args={'value': 2764, 'prev_value': None, 'change': True}
2022-09-02 15:09:34,505 : INFO : EventManager : Event: ======'machine_var_audits_switches_s_drop_target4'====== Args={'value': 2208, 'prev_value': None, 'change': True}
2022-09-02 15:09:34,506 : INFO : EventManager : Event: ======'machine_var_audits_switches_s_drop_target5'====== Args={'value': 2094, 'prev_value': None, 'change': True}
2022-09-02 15:09:34,506 : INFO : EventManager : Event: ======'machine_var_audits_switches_s_left_captive_ball'====== Args={'value': 508, 'prev_value': None, 'change': True}
2022-09-02 15:09:34,507 : INFO : EventManager : Event: ======'machine_var_audits_switches_s_left_flipper'====== Args={'value': 37574, 'prev_value': None, 'change': True}
2022-09-02 15:09:34,507 : INFO : EventManager : Event: ======'machine_var_audits_switches_s_left_inlane'====== Args={'value': 671, 'prev_value': None, 'change': True}
2022-09-02 15:09:34,508 : INFO : EventManager : Event: ======'machine_var_audits_switches_s_left_inlane_far'====== Args={'value': 4898, 'prev_value': None, 'change': True}
2022-09-02 15:09:34,508 : INFO : EventManager : Event: ======'machine_var_audits_switches_s_left_kicker'====== Args={'value': 1649, 'prev_value': None, 'change': True}
2022-09-02 15:09:34,508 : INFO : EventManager : Event: ======'machine_var_audits_switches_s_left_sling'====== Args={'value': 7397, 'prev_value': None, 'change': True}
2022-09-02 15:09:34,509 : INFO : EventManager : Event: ======'machine_var_audits_switches_s_left_spinner'====== Args={'value': 23309, 'prev_value': None, 'change': True}
2022-09-02 15:09:34,509 : INFO : EventManager : Event: ======'machine_var_audits_switches_s_right_captive_ball'====== Args={'value': 534, 'prev_value': None, 'change': True}
2022-09-02 15:09:34,510 : INFO : EventManager : Event: ======'machine_var_audits_switches_s_right_flipper'====== Args={'value': 34411, 'prev_value': None, 'change': True}
2022-09-02 15:09:34,510 : INFO : EventManager : Event: ======'machine_var_audits_switches_s_right_inlane'====== Args={'value': 584, 'prev_value': None, 'change': True}
2022-09-02 15:09:34,511 : INFO : EventManager : Event: ======'machine_var_audits_switches_s_right_inlane_far'====== Args={'value': 6768, 'prev_value': None, 'change': True}
2022-09-02 15:09:34,511 : INFO : EventManager : Event: ======'machine_var_audits_switches_s_right_kicker'====== Args={'value': 1809, 'prev_value': None, 'change': True}
2022-09-02 15:09:34,512 : INFO : EventManager : Event: ======'machine_var_audits_switches_s_right_sling'====== Args={'value': 14419, 'prev_value': None, 'change': True}
2022-09-02 15:09:34,512 : INFO : EventManager : Event: ======'machine_var_audits_switches_s_right_spinner'====== Args={'value': 17836, 'prev_value': None, 'change': True}
2022-09-02 15:09:34,513 : INFO : EventManager : Event: ======'machine_var_audits_switches_s_start'====== Args={'value': 412, 'prev_value': None, 'change': True}
2022-09-02 15:09:34,514 : INFO : EventManager : Event: ======'init_phase_5'====== Args={}
2022-09-02 15:09:34,519 : INFO : EventManager : Event: ======'init_done'====== Args={}
2022-09-02 15:09:34,519 : WARNING : FAST : Port NET received more messages than were sent! Resetting!
2022-09-02 15:09:34,519 : WARNING : FAST : Port NET received more messages than were sent! Resetting!
2022-09-02 15:09:34,519 : WARNING : FAST : Port NET received more messages than were sent! Resetting!
2022-09-02 15:09:34,519 : WARNING : FAST : Port NET received more messages than were sent! Resetting!
2022-09-02 15:09:34,519 : WARNING : FAST : Port NET received more messages than were sent! Resetting!
2022-09-02 15:09:34,520 : WARNING : FAST : Port NET received more messages than were sent! Resetting!
2022-09-02 15:09:34,520 : WARNING : FAST : Port NET received more messages than were sent! Resetting!
2022-09-02 15:09:34,520 : WARNING : FAST : Port NET received more messages than were sent! Resetting!
2022-09-02 15:09:34,520 : WARNING : FAST : Port NET received more messages than were sent! Resetting!
2022-09-02 15:09:34,520 : WARNING : FAST : Port NET received more messages than were sent! Resetting!
2022-09-02 15:09:34,520 : WARNING : FAST : Port NET received more messages than were sent! Resetting!
2022-09-02 15:09:34,520 : WARNING : FAST : Port NET received more messages than were sent! Resetting!
2022-09-02 15:09:34,520 : WARNING : FAST : Port NET received more messages than were sent! Resetting!
2022-09-02 15:09:34,520 : WARNING : FAST : Port NET received more messages than were sent! Resetting!
2022-09-02 15:09:34,520 : WARNING : FAST : Port NET received more messages than were sent! Resetting!
2022-09-02 15:09:34,520 : WARNING : FAST : Port NET received more messages than were sent! Resetting!
2022-09-02 15:09:34,520 : WARNING : FAST : Port NET received more messages than were sent! Resetting!
2022-09-02 15:09:34,520 : WARNING : FAST : Port NET received more messages than were sent! Resetting!
2022-09-02 15:09:34,521 : WARNING : FAST : Port NET received more messages than were sent! Resetting!
2022-09-02 15:09:34,521 : WARNING : FAST : Port NET received more messages than were sent! Resetting!
2022-09-02 15:09:34,521 : WARNING : FAST : Port NET received more messages than were sent! Resetting!
2022-09-02 15:09:34,521 : WARNING : FAST : Port NET received more messages than were sent! Resetting!
2022-09-02 15:09:34,521 : INFO : EventManager : Event: ======'machine_reset_phase_1'====== Args={}
2022-09-02 15:09:34,523 : INFO : EventManager : Event: ======'machine_reset_phase_2'====== Args={}
2022-09-02 15:09:34,524 : INFO : EventManager : Event: ======'machine_reset_phase_3'====== Args={}
2022-09-02 15:09:34,524 : INFO : EventManager : Event: ======'reset_complete'====== Args={}
2022-09-02 15:09:34,524 : INFO : EventManager : Event: ======'mode_attract_will_start'====== Args={}
2022-09-02 15:09:34,525 : INFO : EventManager : Event: ======'mode_attract_starting'====== Args={}
2022-09-02 15:09:34,525 : INFO : Mode.attract : Started. Priority: 10
2022-09-02 15:09:34,525 : INFO : EventManager : Event: ======'modes_active_modes_changed'====== Args={}
2022-09-02 15:09:34,525 : INFO : EventManager : Event: ======'mode_attract_started'====== Args={}
2022-09-02 15:09:34,528 : INFO : EventManager : Event: ======'collecting_balls_complete'====== Args={}
2022-09-02 15:09:34,545 : INFO : EventManager : Event: ======'slide_show_13.slide_player-0_created'====== Args={'_from_bcp': True}
2022-09-02 15:09:34,546 : INFO : EventManager : Event: ======'slide_show_13.slide_player-0_active'====== Args={'_from_bcp': True}
2022-09-02 15:09:34,547 : INFO : Machine : Starting the main run loop.
2022-09-02 15:09:37,546 : INFO : EventManager : Event: ======'slide_last_game_score_slide_created'====== Args={'_from_bcp': True}
2022-09-02 15:09:37,553 : INFO : EventManager : Event: ======'slide_last_game_score_slide_active'====== Args={'_from_bcp': True}
2022-09-02 15:09:40,529 : INFO : EventManager : Event: ======'slide_press_start_created'====== Args={'_from_bcp': True}
2022-09-02 15:09:40,538 : INFO : EventManager : Event: ======'slide_press_start_active'====== Args={'_from_bcp': True}
2022-09-02 15:09:43,533 : INFO : EventManager : Event: ======'slide_mission_pinball_created'====== Args={'_from_bcp': True}
2022-09-02 15:09:43,535 : INFO : EventManager : Event: ======'slide_mission_pinball_active'====== Args={'_from_bcp': True}
2022-09-02 15:09:46,543 : INFO : EventManager : Event: ======'slide_edensaw_slide_created'====== Args={'_from_bcp': True}
2022-09-02 15:09:46,545 : INFO : EventManager : Event: ======'slide_edensaw_slide_active'====== Args={'_from_bcp': True}
2022-09-02 15:09:49,534 : INFO : EventManager : Event: ======'slide_glass_slide_created'====== Args={'_from_bcp': True}
2022-09-02 15:09:49,539 : INFO : EventManager : Event: ======'slide_glass_slide_active'====== Args={'_from_bcp': True}
2022-09-02 15:09:52,523 : INFO : EventManager : Event: ======'slide_glass_slide_removed'====== Args={'_from_bcp': True}
2022-09-02 15:09:52,533 : INFO : EventManager : Event: ======'slide_glass_slide_created'====== Args={'_from_bcp': True}
2022-09-02 15:09:52,535 : INFO : EventManager : Event: ======'slide_glass_slide_active'====== Args={'_from_bcp': True}
2022-09-02 15:09:55,542 : INFO : EventManager : Event: ======'slide_fast_slide_created'====== Args={'_from_bcp': True}
2022-09-02 15:09:55,545 : INFO : EventManager : Event: ======'slide_fast_slide_active'====== Args={'_from_bcp': True}
2022-09-02 15:10:04,334 : INFO : SwitchController : <<<<<<< 's_start' active >>>>>>>
2022-09-02 15:10:04,462 : INFO : SwitchController : <<<<<<< 's_start' inactive >>>>>>>
2022-09-02 15:10:04,462 : INFO : EventManager : Event: ======'request_to_start_game'====== Args={}
2022-09-02 15:10:04,463 : INFO : EventManager : Event: ======'game_start'====== Args={'buttons': [], 'hold_time': 0.125}
2022-09-02 15:10:04,463 : INFO : EventManager : Event: ======'mode_game_will_start'====== Args={'buttons': [], 'hold_time': 0.125}
2022-09-02 15:10:04,464 : INFO : EventManager : Event: ======'mode_game_starting'====== Args={'buttons': [], 'hold_time': 0.125}
2022-09-02 15:10:04,464 : INFO : EventManager : Event: ======'mode_attract_will_stop'====== Args={}
2022-09-02 15:10:04,464 : INFO : EventManager : Event: ======'mode_attract_stopping'====== Args={}
2022-09-02 15:10:04,464 : INFO : Mode.attract : Stopped.
2022-09-02 15:10:04,464 : INFO : EventManager : Event: ======'modes_active_modes_changed'====== Args={}
2022-09-02 15:10:04,467 : INFO : EventManager : Event: ======'mode_attract_stopped'====== Args={}
2022-09-02 15:10:04,467 : INFO : EventManager : Event: ======'clear'====== Args={'key': 'attract'}
2022-09-02 15:10:04,467 : INFO : Mode.game : Started. Priority: 20
2022-09-02 15:10:04,467 : INFO : EventManager : Event: ======'modes_active_modes_changed'====== Args={}
2022-09-02 15:10:04,467 : INFO : EventManager : Event: ======'mode_game_started'====== Args={'buttons': [], 'hold_time': 0.125}
2022-09-02 15:10:04,473 : INFO : EventManager : Event: ======'game_will_start'====== Args={}
2022-09-02 15:10:04,473 : INFO : EventManager : Event: ======'game_starting'====== Args={'game': <Mode.game>}
2022-09-02 15:10:04,474 : INFO : EventManager : Event: ======'player_add_request'====== Args={}
2022-09-02 15:10:04,475 : INFO : EventManager : Event: ======'player_will_add'====== Args={'number': 1}
2022-09-02 15:10:04,475 : INFO : EventManager : Event: ======'player_adding'====== Args={'player': <Player 1>, 'number': 1}
2022-09-02 15:10:04,475 : INFO : EventManager : Event: ======'player_added'====== Args={'player': <Player 1>, 'num': 1}
2022-09-02 15:10:04,475 : INFO : Mode.game : Player added successfully. Total players: 1
2022-09-02 15:10:04,475 : INFO : EventManager : Event: ======'player_index'====== Args={'value': 0, 'prev_value': 0, 'change': 0, 'player_num': 1}
2022-09-02 15:10:04,476 : INFO : EventManager : Event: ======'player_number'====== Args={'value': 1, 'prev_value': 1, 'change': 0, 'player_num': 1}
2022-09-02 15:10:04,476 : INFO : EventManager : Event: ======'player_mode_value'====== Args={'value': 1000000, 'prev_value': 1000000, 'change': 0, 'player_num': 1}
2022-09-02 15:10:04,476 : INFO : EventManager : Event: ======'player_bonus_multiplier'====== Args={'value': 1, 'prev_value': 1, 'change': 0, 'player_num': 1}
2022-09-02 15:10:04,476 : INFO : EventManager : Event: ======'player_playfield_multiplier'====== Args={'value': 1, 'prev_value': 1, 'change': 0, 'player_num': 1}
2022-09-02 15:10:04,477 : INFO : EventManager : Event: ======'player_score'====== Args={'value': 0, 'prev_value': 0, 'change': 0, 'player_num': 1}
2022-09-02 15:10:04,479 : INFO : EventManager : Event: ======'game_started'====== Args={}
2022-09-02 15:10:04,506 : INFO : EventManager : Event: ======'player_turn_will_start'====== Args={'player': <Player 1>, 'number': 1}
2022-09-02 15:10:04,506 : INFO : EventManager : Event: ======'slide_show_13.slide_player-0_removed'====== Args={'_from_bcp': True}
2022-09-02 15:10:04,506 : INFO : EventManager : Event: ======'slide_last_game_score_slide_removed'====== Args={'_from_bcp': True}
2022-09-02 15:10:04,507 : INFO : EventManager : Event: ======'slide_press_start_removed'====== Args={'_from_bcp': True}
2022-09-02 15:10:04,507 : INFO : EventManager : Event: ======'slide_mission_pinball_removed'====== Args={'_from_bcp': True}
2022-09-02 15:10:04,507 : INFO : EventManager : Event: ======'slide_edensaw_slide_removed'====== Args={'_from_bcp': True}
2022-09-02 15:10:04,507 : INFO : EventManager : Event: ======'slide_glass_slide_removed'====== Args={'_from_bcp': True}
2022-09-02 15:10:04,507 : INFO : EventManager : Event: ======'player_turn_starting'====== Args={'player': <Player 1>, 'number': 1}
2022-09-02 15:10:04,508 : INFO : EventManager : Event: ======'player_ball'====== Args={'value': 1, 'prev_value': 0, 'change': 1, 'player_num': 1}
2022-09-02 15:10:04,509 : INFO : EventManager : Event: ======'player_turn_started'====== Args={'player': <Player 1>, 'number': 1}
2022-09-02 15:10:04,510 : INFO : EventManager : Event: ======'ball_will_start'====== Args={'player': 1, 'ball': 1, 'balls_remaining': 2, 'is_extra_ball': False}
2022-09-02 15:10:04,515 : INFO : EventManager : Event: ======'ball_starting'====== Args={'player': 1, 'ball': 1, 'balls_remaining': 2, 'is_extra_ball': False}
2022-09-02 15:10:04,516 : INFO : EventManager : Event: ======'balls_in_play'====== Args={'balls': 1}
2022-09-02 15:10:04,516 : INFO : EventManager : Event: ======'ball_started'====== Args={'player': 1, 'ball': 1, 'balls_remaining': 2, 'is_extra_ball': False}
2022-09-02 15:10:04,517 : INFO : EventManager : Event: ======'mode_combos_will_start'====== Args={'player': 1, 'ball': 1, 'balls_remaining': 2, 'is_extra_ball': False}
2022-09-02 15:10:04,521 : INFO : EventManager : Event: ======'mode_combos_starting'====== Args={'player': 1, 'ball': 1, 'balls_remaining': 2, 'is_extra_ball': False}
2022-09-02 15:10:04,521 : INFO : EventManager : Event: ======'mode_base_will_start'====== Args={'player': 1, 'ball': 1, 'balls_remaining': 2, 'is_extra_ball': False}
2022-09-02 15:10:04,521 : INFO : EventManager : Event: ======'player_shot_l_lane_enabled'====== Args={'value': True, 'prev_value': 0, 'change': 1, 'player_num': 1}
2022-09-02 15:10:04,522 : INFO : EventManager : Event: ======'player_shot_r_lane_enabled'====== Args={'value': True, 'prev_value': 0, 'change': 1, 'player_num': 1}
2022-09-02 15:10:04,522 : INFO : EventManager : Event: ======'player_shot_center_target_enabled'====== Args={'value': True, 'prev_value': 0, 'change': 1, 'player_num': 1}
2022-09-02 15:10:04,523 : INFO : EventManager : Event: ======'bonus_lanes_complete'====== Args={'state': 'unlit'}
2022-09-02 15:10:04,523 : INFO : EventManager : Event: ======'bonus_lanes_unlit_complete'====== Args={}
2022-09-02 15:10:04,523 : INFO : EventManager : Event: ======'player_extra_ball_two_modes_complete_num_awarded'====== Args={'value': 0, 'prev_value': 0, 'change': 0, 'player_num': 1}
2022-09-02 15:10:04,524 : INFO : EventManager : Event: ======'achievement_mission1_changed_state'====== Args={'restore': False, 'state': 'disabled', 'selected': False}
2022-09-02 15:10:04,524 : INFO : EventManager : Event: ======'achievement_mission1_state_disabled'====== Args={'restore': False, 'state': 'disabled', 'selected': False}
2022-09-02 15:10:04,524 : INFO : EventManager : Event: ======'achievement_mission2_changed_state'====== Args={'restore': False, 'state': 'disabled', 'selected': False}
2022-09-02 15:10:04,524 : INFO : EventManager : Event: ======'achievement_mission2_state_disabled'====== Args={'restore': False, 'state': 'disabled', 'selected': False}
2022-09-02 15:10:04,525 : INFO : EventManager : Event: ======'achievement_mission3_changed_state'====== Args={'restore': False, 'state': 'disabled', 'selected': False}
2022-09-02 15:10:04,525 : INFO : EventManager : Event: ======'achievement_mission3_state_disabled'====== Args={'restore': False, 'state': 'disabled', 'selected': False}
2022-09-02 15:10:04,525 : INFO : EventManager : Event: ======'achievement_mission4_changed_state'====== Args={'restore': False, 'state': 'disabled', 'selected': False}
2022-09-02 15:10:04,525 : INFO : EventManager : Event: ======'achievement_mission4_state_disabled'====== Args={'restore': False, 'state': 'disabled', 'selected': False}
2022-09-02 15:10:04,534 : INFO : EventManager : Event: ======'mode_base_starting'====== Args={'player': 1, 'ball': 1, 'balls_remaining': 2, 'is_extra_ball': False}
2022-09-02 15:10:04,534 : INFO : EventManager : Event: ======'mode_super_features_will_start'====== Args={'player': 1, 'ball': 1, 'balls_remaining': 2, 'is_extra_ball': False}
2022-09-02 15:10:04,534 : INFO : EventManager : Event: ======'achievement_super_spinners_changed_state'====== Args={'restore': False, 'state': 'disabled', 'selected': False}
2022-09-02 15:10:04,534 : INFO : EventManager : Event: ======'achievement_super_spinners_state_disabled'====== Args={'restore': False, 'state': 'disabled', 'selected': False}
2022-09-02 15:10:04,534 : INFO : EventManager : Event: ======'achievement_super_targets_changed_state'====== Args={'restore': False, 'state': 'disabled', 'selected': False}
2022-09-02 15:10:04,535 : INFO : EventManager : Event: ======'achievement_super_targets_state_disabled'====== Args={'restore': False, 'state': 'disabled', 'selected': False}
2022-09-02 15:10:04,535 : INFO : EventManager : Event: ======'achievement_super_lanes_changed_state'====== Args={'restore': False, 'state': 'disabled', 'selected': False}
2022-09-02 15:10:04,535 : INFO : EventManager : Event: ======'achievement_super_lanes_state_disabled'====== Args={'restore': False, 'state': 'disabled', 'selected': False}
2022-09-02 15:10:04,535 : INFO : EventManager : Event: ======'achievement_super_slings_changed_state'====== Args={'restore': False, 'state': 'disabled', 'selected': False}
2022-09-02 15:10:04,535 : INFO : EventManager : Event: ======'achievement_super_slings_state_disabled'====== Args={'restore': False, 'state': 'disabled', 'selected': False}
2022-09-02 15:10:04,537 : INFO : EventManager : Event: ======'mode_super_features_starting'====== Args={'player': 1, 'ball': 1, 'balls_remaining': 2, 'is_extra_ball': False}
2022-09-02 15:10:04,537 : INFO : drop_target_bank.main : All targets are already up. Will not reset bank.
2022-09-02 15:10:04,538 : INFO : Mode.super_features : Started. Priority: 100
2022-09-02 15:10:04,538 : INFO : EventManager : Event: ======'modes_active_modes_changed'====== Args={}
2022-09-02 15:10:04,538 : INFO : EventManager : Event: ======'mode_super_features_started'====== Args={'player': 1, 'ball': 1, 'balls_remaining': 2, 'is_extra_ball': False}
2022-09-02 15:10:04,539 : INFO : Mode.combos : Started. Priority: 700
2022-09-02 15:10:04,539 : INFO : EventManager : Event: ======'modes_active_modes_changed'====== Args={}
2022-09-02 15:10:04,539 : INFO : EventManager : Event: ======'mode_combos_started'====== Args={'player': 1, 'ball': 1, 'balls_remaining': 2, 'is_extra_ball': False}
2022-09-02 15:10:04,540 : INFO : EventManager : Event: ======'logicblock_mode_completion_counter_updated'====== Args={'value': 0, 'enabled': True}
2022-09-02 15:10:04,540 : INFO : EventManager : Event: ======'logicblock_mode_completion_counter_updated'====== Args={'value': 0, 'enabled': True}
2022-09-02 15:10:04,541 : INFO : Mode.base : Started. Priority: 100
2022-09-02 15:10:04,541 : INFO : EventManager : Event: ======'modes_active_modes_changed'====== Args={}
2022-09-02 15:10:04,541 : INFO : EventManager : Event: ======'mode_base_started'====== Args={'player': 1, 'ball': 1, 'balls_remaining': 2, 'is_extra_ball': False}
2022-09-02 15:10:04,542 : INFO : EventManager : Event: ======'ball_save_base_save_enabled'====== Args={}
2022-09-02 15:10:04,542 : INFO : EventManager : Event: ======'mode_spell_warp_will_start'====== Args={'player': 1, 'ball': 1, 'balls_remaining': 2, 'is_extra_ball': False}
2022-09-02 15:10:04,542 : INFO : EventManager : Event: ======'player_shot_warp_advance_enabled'====== Args={'value': True, 'prev_value': 0, 'change': 1, 'player_num': 1}
2022-09-02 15:10:04,544 : INFO : EventManager : Event: ======'mode_spell_warp_starting'====== Args={'player': 1, 'ball': 1, 'balls_remaining': 2, 'is_extra_ball': False}
2022-09-02 15:10:04,544 : INFO : EventManager : Event: ======'mode_spell_galaxy_will_start'====== Args={'player': 1, 'ball': 1, 'balls_remaining': 2, 'is_extra_ball': False}
2022-09-02 15:10:04,545 : INFO : EventManager : Event: ======'player_shot_galaxy_advance_enabled'====== Args={'value': True, 'prev_value': 0, 'change': 1, 'player_num': 1}
2022-09-02 15:10:04,547 : INFO : EventManager : Event: ======'mode_spell_galaxy_starting'====== Args={'player': 1, 'ball': 1, 'balls_remaining': 2, 'is_extra_ball': False}
2022-09-02 15:10:04,548 : INFO : EventManager : Event: ======'mode_spell_portal_will_start'====== Args={'player': 1, 'ball': 1, 'balls_remaining': 2, 'is_extra_ball': False}
2022-09-02 15:10:04,548 : INFO : EventManager : Event: ======'player_shot_portal_advance_enabled'====== Args={'value': True, 'prev_value': 0, 'change': 1, 'player_num': 1}
2022-09-02 15:10:04,553 : INFO : EventManager : Event: ======'mode_spell_portal_starting'====== Args={'player': 1, 'ball': 1, 'balls_remaining': 2, 'is_extra_ball': False}
2022-09-02 15:10:04,553 : INFO : EventManager : Event: ======'mode_add_mode_value_will_start'====== Args={'player': 1, 'ball': 1, 'balls_remaining': 2, 'is_extra_ball': False}
2022-09-02 15:10:04,555 : INFO : EventManager : Event: ======'mode_add_mode_value_starting'====== Args={'player': 1, 'ball': 1, 'balls_remaining': 2, 'is_extra_ball': False}
2022-09-02 15:10:04,557 : INFO : drop_target_bank.main : All targets are already up. Will not reset bank.
2022-09-02 15:10:04,557 : INFO : Mode.add_mode_value : Started. Priority: 200
2022-09-02 15:10:04,558 : INFO : EventManager : Event: ======'modes_active_modes_changed'====== Args={}
2022-09-02 15:10:04,558 : INFO : EventManager : Event: ======'mode_add_mode_value_started'====== Args={'player': 1, 'ball': 1, 'balls_remaining': 2, 'is_extra_ball': False}
2022-09-02 15:10:04,558 : INFO : EventManager : Event: ======'single_player_ball_started'====== Args={}
2022-09-02 15:10:04,590 : INFO : EventManager : Event: ======'logicblock_warp_counter_updated'====== Args={'value': 0, 'enabled': True}
2022-09-02 15:10:04,590 : INFO : EventManager : Event: ======'logicblock_warp_counter_updated'====== Args={'value': 0, 'enabled': True}
2022-09-02 15:10:04,590 : INFO : Mode.spell_warp : Started. Priority: 200
2022-09-02 15:10:04,591 : INFO : EventManager : Event: ======'modes_active_modes_changed'====== Args={}
2022-09-02 15:10:04,591 : INFO : EventManager : Event: ======'mode_spell_warp_started'====== Args={'player': 1, 'ball': 1, 'balls_remaining': 2, 'is_extra_ball': False}
2022-09-02 15:10:04,591 : INFO : EventManager : Event: ======'logicblock_galaxy_counter_updated'====== Args={'value': 0, 'enabled': True}
2022-09-02 15:10:04,591 : INFO : EventManager : Event: ======'logicblock_galaxy_counter_updated'====== Args={'value': 0, 'enabled': True}
2022-09-02 15:10:04,591 : INFO : Mode.spell_galaxy : Started. Priority: 200
2022-09-02 15:10:04,591 : INFO : EventManager : Event: ======'modes_active_modes_changed'====== Args={}
2022-09-02 15:10:04,591 : INFO : EventManager : Event: ======'mode_spell_galaxy_started'====== Args={'player': 1, 'ball': 1, 'balls_remaining': 2, 'is_extra_ball': False}
2022-09-02 15:10:04,591 : INFO : EventManager : Event: ======'logicblock_portal_counter_updated'====== Args={'value': 0, 'enabled': True}
2022-09-02 15:10:04,591 : INFO : EventManager : Event: ======'logicblock_portal_counter_updated'====== Args={'value': 0, 'enabled': True}
2022-09-02 15:10:04,591 : INFO : Mode.spell_portal : Started. Priority: 200
2022-09-02 15:10:04,591 : INFO : EventManager : Event: ======'modes_active_modes_changed'====== Args={}
2022-09-02 15:10:04,592 : INFO : EventManager : Event: ======'mode_spell_portal_started'====== Args={'player': 1, 'ball': 1, 'balls_remaining': 2, 'is_extra_ball': False}
2022-09-02 15:10:04,593 : INFO : EventManager : Event: ======'achievement_super_spinners_changed_state'====== Args={'restore': False, 'state': 'enabled', 'selected': False}
2022-09-02 15:10:04,593 : INFO : EventManager : Event: ======'achievement_super_spinners_state_enabled'====== Args={'restore': False, 'state': 'enabled', 'selected': False}
2022-09-02 15:10:04,593 : INFO : EventManager : Event: ======'achievement_super_targets_changed_state'====== Args={'restore': False, 'state': 'enabled', 'selected': False}
2022-09-02 15:10:04,593 : INFO : EventManager : Event: ======'achievement_super_targets_state_enabled'====== Args={'restore': False, 'state': 'enabled', 'selected': False}
2022-09-02 15:10:04,593 : INFO : EventManager : Event: ======'achievement_super_lanes_changed_state'====== Args={'restore': False, 'state': 'enabled', 'selected': False}
2022-09-02 15:10:04,593 : INFO : EventManager : Event: ======'achievement_super_lanes_state_enabled'====== Args={'restore': False, 'state': 'enabled', 'selected': False}
2022-09-02 15:10:04,593 : INFO : EventManager : Event: ======'achievement_super_slings_changed_state'====== Args={'restore': False, 'state': 'enabled', 'selected': False}
2022-09-02 15:10:04,593 : INFO : EventManager : Event: ======'achievement_super_slings_state_enabled'====== Args={'restore': False, 'state': 'enabled', 'selected': False}
2022-09-02 15:10:04,594 : INFO : EventManager : Event: ======'achievement_super_slings_changed_state'====== Args={'restore': False, 'state': 'enabled', 'selected': True}
2022-09-02 15:10:04,594 : INFO : EventManager : Event: ======'achievement_super_slings_state_enabled'====== Args={'restore': False, 'state': 'enabled', 'selected': True}
2022-09-02 15:10:04,594 : INFO : EventManager : Event: ======'achievement_super_slings_state_selected'====== Args={'restore': False, 'state': 'enabled', 'selected': True}
2022-09-02 15:10:04,596 : INFO : EventManager : Event: ======'ball_start_target'====== Args={'target': 'playfield'}
2022-09-02 15:10:04,597 : INFO : EventManager : Event: ======'slide_fast_slide_removed'====== Args={'_from_bcp': True}
2022-09-02 15:10:04,597 : INFO : EventManager : Event: ======'slide_window1_blank_active'====== Args={'_from_bcp': True}
2022-09-02 15:10:04,615 : INFO : ball_device.bd_drain : Setting up player-controlled eject. Balls: 1, Target: <playfield.playfield>, player_controlled_eject_event: s_action_button_active
2022-09-02 15:10:04,616 : INFO : EventManager : Event: ======'balldevice_balls_available'====== Args={}
2022-09-02 15:10:04,618 : INFO : EventManager : Event: ======'slide_score_slide_created'====== Args={'_from_bcp': True}
2022-09-02 15:10:04,618 : INFO : EventManager : Event: ======'slide_score_slide_active'====== Args={'_from_bcp': True}
2022-09-02 15:10:04,620 : INFO : ball_device.bd_drain : State: waiting_for_target_ready
2022-09-02 15:10:04,620 : INFO : EventManager : Event: ======'balldevice_bd_drain_ball_eject_attempt'====== Args={'balls': 1, 'target': <playfield.playfield>, 'source': <ball_device.bd_drain>, 'mechanical_eject': True, 'num_attempts': 0}
2022-09-02 15:10:04,621 : INFO : ball_device.bd_drain : State: ejecting
2022-09-02 15:10:04,621 : INFO : ball_device.bd_drain : Ejecting ball to <playfield.playfield>
2022-09-02 15:10:04,622 : INFO : EventManager : Event: ======'balldevice_bd_drain_ejecting_ball'====== Args={'balls': 1, 'target': <playfield.playfield>, 'source': <ball_device.bd_drain>, 'mechanical_eject': True, 'num_attempts': 0}
2022-09-02 15:10:04,623 : INFO : ball_device.bd_drain : Wait for ball to leave device
2022-09-02 15:10:06,222 : INFO : SwitchController : <<<<<<< 's_action_button' active >>>>>>>
2022-09-02 15:10:06,223 : INFO : EventManager : Event: ======'s_action_button_active'====== Args={}
2022-09-02 15:10:06,223 : INFO : EventManager : Event: ======'machine_var_audits_switches_s_action_button'====== Args={'value': 4259, 'prev_value': 4258, 'change': 1}
2022-09-02 15:10:06,224 : INFO : EventManager : Event: ======'ball_save_base_save_timer_start'====== Args={}
2022-09-02 15:10:06,244 : INFO : coil.c_drain_eject : Pulsing Driver for 30ms (1.0 pulse_power)
2022-09-02 15:10:06,382 : INFO : SwitchController : <<<<<<< 's_action_button' inactive >>>>>>>
2022-09-02 15:10:06,430 : INFO : SwitchController : <<<<<<< 's_drain' inactive >>>>>>>
2022-09-02 15:10:06,430 : INFO : EventManager : Event: ======'s_drain_inactive'====== Args={}
2022-09-02 15:10:06,438 : INFO : ball_device.bd_drain : State: ball_left
2022-09-02 15:10:06,438 : INFO : ball_device.bd_drain : Ball left
2022-09-02 15:10:06,438 : INFO : ball_device.bd_drain : Wait for confirm with timeout 1.0
2022-09-02 15:10:06,974 : INFO : SwitchController : <<<<<<< 's_left_sling' active >>>>>>>
2022-09-02 15:10:06,974 : INFO : EventManager : Event: ======'s_left_sling_active'====== Args={}
2022-09-02 15:10:06,975 : INFO : EventManager : Event: ======'machine_var_audits_switches_s_left_sling'====== Args={'value': 7398, 'prev_value': 7397, 'change': 1}
2022-09-02 15:10:06,977 : INFO : EventManager : Event: ======'player_score'====== Args={'value': 1110, 'prev_value': 0, 'change': 1110, 'player_num': 1}
2022-09-02 15:10:06,978 : INFO : EventManager : Event: ======'player_switches'====== Args={'value': 1, 'prev_value': 0, 'change': 1, 'player_num': 1}
2022-09-02 15:10:07,006 : INFO : SwitchController : <<<<<<< 's_left_sling' inactive >>>>>>>
2022-09-02 15:10:07,423 : INFO : ball_device.bd_drain : State: failed_confirm
2022-09-02 15:10:07,423 : INFO : ball_device.bd_drain : Got timeout (1.0s) before confirm from <playfield.playfield>
2022-09-02 15:10:07,516 : INFO : ball_device.bd_drain : Confirming eject because target is playfield and ball did not return.
2022-09-02 15:10:07,516 : INFO : ball_device.bd_drain : Eject successful
2022-09-02 15:10:07,516 : INFO : EventManager : Event: ======'balldevice_bd_drain_ball_eject_success'====== Args={'balls': 1, 'target': <playfield.playfield>}
2022-09-02 15:10:07,517 : INFO : EventManager : Event: ======'balldevice_playfield_ball_enter'====== Args={'new_balls': 1, 'unclaimed_balls': 1, 'device': <playfield.playfield>}
2022-09-02 15:10:07,517 : INFO : EventManager : Event: ======'playfield_ball_count_change'====== Args={'balls': 1, 'change': 1}
2022-09-02 15:10:07,518 : INFO : EventManager : Event: ======'balldevice_bd_drain_ball_count_changed'====== Args={'balls': 0}
2022-09-02 15:10:07,518 : INFO : ball_device.bd_drain : State: idle
2022-09-02 15:10:07,694 : INFO : SwitchController : <<<<<<< 's_right_inlane_far' active >>>>>>>
2022-09-02 15:10:07,694 : INFO : EventManager : Event: ======'s_right_inlane_far_active'====== Args={}
2022-09-02 15:10:07,695 : INFO : EventManager : Event: ======'machine_var_audits_switches_s_right_inlane_far'====== Args={'value': 6769, 'prev_value': 6768, 'change': 1}
2022-09-02 15:10:07,697 : INFO : EventManager : Event: ======'player_shot_portal_advance'====== Args={'value': 1, 'prev_value': 0, 'change': 1, 'player_num': 1}
2022-09-02 15:10:07,698 : INFO : EventManager : Event: ======'machine_var_audits_shots_portal_advance'====== Args={'value': 5008, 'prev_value': 5007, 'change': 1}
2022-09-02 15:10:07,699 : INFO : EventManager : Event: ======'portal_advance_hit'====== Args={'profile': 'default', 'state': 'unlit', 'advancing': True}
2022-09-02 15:10:07,699 : INFO : EventManager : Event: ======'portal_advance_default_hit'====== Args={'profile': 'default', 'state': 'unlit', 'advancing': True}
2022-09-02 15:10:07,699 : INFO : EventManager : Event: ======'portal_advance_default_unlit_hit'====== Args={'profile': 'default', 'state': 'unlit', 'advancing': True}
2022-09-02 15:10:07,700 : INFO : EventManager : Event: ======'portal_advance_unlit_hit'====== Args={'profile': 'default', 'state': 'unlit', 'advancing': True}
2022-09-02 15:10:07,700 : INFO : EventManager : Event: ======'player_score'====== Args={'value': 31110, 'prev_value': 1110, 'change': 30000, 'player_num': 1}
2022-09-02 15:10:07,701 : INFO : EventManager : Event: ======'player_switches'====== Args={'value': 2, 'prev_value': 1, 'change': 1, 'player_num': 1}
2022-09-02 15:10:07,701 : INFO : EventManager : Event: ======'player_combos_combo_timer_tick'====== Args={'value': 6, 'prev_value': 0, 'change': 6, 'player_num': 1}
2022-09-02 15:10:07,702 : INFO : Timer.combo_timer : Starting Timer.
2022-09-02 15:10:07,702 : INFO : EventManager : Event: ======'timer_combo_timer_started'====== Args={'ticks': 6, 'ticks_remaining': 6}
2022-09-02 15:10:07,702 : INFO : EventManager : Event: ======'timer_combo_timer_tick'====== Args={'ticks': 6, 'ticks_remaining': 6}
2022-09-02 15:10:07,703 : INFO : EventManager : Event: ======'logicblock_portal_counter_updated'====== Args={'value': 4, 'enabled': True}
2022-09-02 15:10:07,703 : INFO : EventManager : Event: ======'counter_portal_counter_hit'====== Args={'count': 4, 'hits': 4, 'remaining': 2}
2022-09-02 15:10:07,703 : INFO : EventManager : Event: ======'logicblock_portal_counter_hit'====== Args={'count': 4, 'hits': 4, 'remaining': 2}
2022-09-02 15:10:07,822 : INFO : SwitchController : <<<<<<< 's_right_inlane_far' inactive >>>>>>>
2022-09-02 15:10:07,998 : INFO : SwitchController : <<<<<<< 's_right_inlane_far' active >>>>>>>
2022-09-02 15:10:07,998 : INFO : EventManager : Event: ======'s_right_inlane_far_active'====== Args={}
2022-09-02 15:10:07,999 : INFO : EventManager : Event: ======'machine_var_audits_switches_s_right_inlane_far'====== Args={'value': 6770, 'prev_value': 6769, 'change': 1}
2022-09-02 15:10:08,001 : INFO : EventManager : Event: ======'machine_var_audits_shots_portal_advance'====== Args={'value': 5009, 'prev_value': 5008, 'change': 1}
2022-09-02 15:10:08,002 : INFO : EventManager : Event: ======'portal_advance_hit'====== Args={'profile': 'default', 'state': 'lit', 'advancing': False}
2022-09-02 15:10:08,002 : INFO : EventManager : Event: ======'portal_advance_default_hit'====== Args={'profile': 'default', 'state': 'lit', 'advancing': False}
2022-09-02 15:10:08,003 : INFO : EventManager : Event: ======'portal_advance_default_lit_hit'====== Args={'profile': 'default', 'state': 'lit', 'advancing': False}
2022-09-02 15:10:08,003 : INFO : EventManager : Event: ======'portal_advance_lit_hit'====== Args={'profile': 'default', 'state': 'lit', 'advancing': False}
2022-09-02 15:10:08,003 : INFO : EventManager : Event: ======'player_score'====== Args={'value': 61110, 'prev_value': 31110, 'change': 30000, 'player_num': 1}
2022-09-02 15:10:08,004 : INFO : EventManager : Event: ======'player_switches'====== Args={'value': 3, 'prev_value': 2, 'change': 1, 'player_num': 1}
2022-09-02 15:10:08,005 : INFO : EventManager : Event: ======'logicblock_portal_counter_updated'====== Args={'value': 5, 'enabled': True}
2022-09-02 15:10:08,005 : INFO : EventManager : Event: ======'counter_portal_counter_hit'====== Args={'count': 5, 'hits': 5, 'remaining': 1}
2022-09-02 15:10:08,005 : INFO : EventManager : Event: ======'logicblock_portal_counter_hit'====== Args={'count': 5, 'hits': 5, 'remaining': 1}
2022-09-02 15:10:08,126 : INFO : SwitchController : <<<<<<< 's_right_inlane_far' inactive >>>>>>>
2022-09-02 15:10:08,270 : INFO : SwitchController : <<<<<<< 's_right_inlane_far' active >>>>>>>
2022-09-02 15:10:08,270 : INFO : EventManager : Event: ======'s_right_inlane_far_active'====== Args={}
2022-09-02 15:10:08,271 : INFO : EventManager : Event: ======'machine_var_audits_switches_s_right_inlane_far'====== Args={'value': 6771, 'prev_value': 6770, 'change': 1}
2022-09-02 15:10:08,273 : INFO : EventManager : Event: ======'machine_var_audits_shots_portal_advance'====== Args={'value': 5010, 'prev_value': 5009, 'change': 1}
2022-09-02 15:10:08,274 : INFO : EventManager : Event: ======'portal_advance_hit'====== Args={'profile': 'default', 'state': 'lit', 'advancing': False}
2022-09-02 15:10:08,274 : INFO : EventManager : Event: ======'portal_advance_default_hit'====== Args={'profile': 'default', 'state': 'lit', 'advancing': False}
2022-09-02 15:10:08,275 : INFO : EventManager : Event: ======'portal_advance_default_lit_hit'====== Args={'profile': 'default', 'state': 'lit', 'advancing': False}
2022-09-02 15:10:08,275 : INFO : EventManager : Event: ======'portal_advance_lit_hit'====== Args={'profile': 'default', 'state': 'lit', 'advancing': False}
2022-09-02 15:10:08,275 : INFO : EventManager : Event: ======'player_score'====== Args={'value': 91110, 'prev_value': 61110, 'change': 30000, 'player_num': 1}
2022-09-02 15:10:08,276 : INFO : EventManager : Event: ======'player_switches'====== Args={'value': 4, 'prev_value': 3, 'change': 1, 'player_num': 1}
2022-09-02 15:10:08,277 : INFO : EventManager : Event: ======'logicblock_portal_counter_updated'====== Args={'value': 6, 'enabled': True}
2022-09-02 15:10:08,277 : INFO : EventManager : Event: ======'counter_portal_counter_hit'====== Args={'count': 6, 'hits': 6, 'remaining': 0}
2022-09-02 15:10:08,277 : INFO : EventManager : Event: ======'logicblock_portal_counter_hit'====== Args={'count': 6, 'hits': 6, 'remaining': 0}
2022-09-02 15:10:08,278 : INFO : EventManager : Event: ======'mode_lit'====== Args={}
2022-09-02 15:10:08,278 : INFO : EventManager : Event: ======'logicblock_portal_counter_updated'====== Args={'value': 6, 'enabled': False}
2022-09-02 15:10:08,278 : INFO : EventManager : Event: ======'mode_mode_lit_will_start'====== Args={}
2022-09-02 15:10:08,280 : INFO : EventManager : Event: ======'mode_mode_lit_starting'====== Args={}
2022-09-02 15:10:08,281 : INFO : Mode.mode_lit : Started. Priority: 800
2022-09-02 15:10:08,281 : INFO : EventManager : Event: ======'modes_active_modes_changed'====== Args={}
2022-09-02 15:10:08,281 : INFO : EventManager : Event: ======'mode_mode_lit_started'====== Args={}
2022-09-02 15:10:08,328 : INFO : EventManager : Event: ======'slide_mode_lit_slide_created'====== Args={'_from_bcp': True}
2022-09-02 15:10:08,329 : INFO : EventManager : Event: ======'slide_mode_lit_slide_active'====== Args={'_from_bcp': True}
2022-09-02 15:10:08,382 : INFO : SwitchController : <<<<<<< 's_right_inlane_far' inactive >>>>>>>
2022-09-02 15:10:08,764 : INFO : EventManager : Event: ======'player_combos_combo_timer_tick'====== Args={'value': 5, 'prev_value': 6, 'change': -1, 'player_num': 1}
2022-09-02 15:10:08,765 : INFO : EventManager : Event: ======'timer_combo_timer_tick'====== Args={'ticks': 5, 'ticks_remaining': 5}
2022-09-02 15:10:09,264 : INFO : EventManager : Event: ======'player_combos_combo_timer_tick'====== Args={'value': 4, 'prev_value': 5, 'change': -1, 'player_num': 1}
2022-09-02 15:10:09,265 : INFO : EventManager : Event: ======'timer_combo_timer_tick'====== Args={'ticks': 4, 'ticks_remaining': 4}
2022-09-02 15:10:09,763 : INFO : EventManager : Event: ======'player_combos_combo_timer_tick'====== Args={'value': 3, 'prev_value': 4, 'change': -1, 'player_num': 1}
2022-09-02 15:10:09,764 : INFO : EventManager : Event: ======'timer_combo_timer_tick'====== Args={'ticks': 3, 'ticks_remaining': 3}
2022-09-02 15:10:10,262 : INFO : EventManager : Event: ======'player_combos_combo_timer_tick'====== Args={'value': 2, 'prev_value': 3, 'change': -1, 'player_num': 1}
2022-09-02 15:10:10,263 : INFO : EventManager : Event: ======'timer_combo_timer_tick'====== Args={'ticks': 2, 'ticks_remaining': 2}
2022-09-02 15:10:10,285 : INFO : EventManager : Event: ======'slide_mode_lit_slide_removed'====== Args={'_from_bcp': True}
2022-09-02 15:10:10,286 : INFO : EventManager : Event: ======'slide_score_slide_active'====== Args={'_from_bcp': True}
2022-09-02 15:10:10,761 : INFO : EventManager : Event: ======'player_combos_combo_timer_tick'====== Args={'value': 1, 'prev_value': 2, 'change': -1, 'player_num': 1}
2022-09-02 15:10:10,762 : INFO : EventManager : Event: ======'timer_combo_timer_tick'====== Args={'ticks': 1, 'ticks_remaining': 1}
2022-09-02 15:10:11,221 : INFO : SwitchController : <<<<<<< 's_right_kicker' active >>>>>>>
2022-09-02 15:10:11,221 : INFO : EventManager : Event: ======'s_right_kicker_active'====== Args={}
2022-09-02 15:10:11,221 : INFO : EventManager : Event: ======'machine_var_audits_switches_s_right_kicker'====== Args={'value': 1810, 'prev_value': 1809, 'change': 1}
2022-09-02 15:10:11,223 : INFO : EventManager : Event: ======'start_selection_mode'====== Args={'priority': 0}
2022-09-02 15:10:11,223 : INFO : EventManager : Event: ======'player_score'====== Args={'value': 106110, 'prev_value': 91110, 'change': 15000, 'player_num': 1}
2022-09-02 15:10:11,229 : INFO : EventManager : Event: ======'mode_carousel_will_start'====== Args={'priority': 0}
2022-09-02 15:10:11,236 : INFO : EventManager : Event: ======'mode_carousel_starting'====== Args={'priority': 0}
2022-09-02 15:10:11,236 : INFO : EventManager : Event: ======'mode_mode_lit_will_stop'====== Args={}
2022-09-02 15:10:11,236 : INFO : EventManager : Event: ======'mode_mode_lit_stopping'====== Args={}
2022-09-02 15:10:11,236 : INFO : EventManager : Event: ======'mode_spell_warp_will_stop'====== Args={}
2022-09-02 15:10:11,237 : INFO : EventManager : Event: ======'mode_spell_warp_stopping'====== Args={}
2022-09-02 15:10:11,237 : INFO : EventManager : Event: ======'mode_spell_portal_will_stop'====== Args={}
2022-09-02 15:10:11,237 : INFO : EventManager : Event: ======'mode_spell_portal_stopping'====== Args={}
2022-09-02 15:10:11,237 : INFO : EventManager : Event: ======'mode_add_mode_value_will_stop'====== Args={}
2022-09-02 15:10:11,237 : INFO : EventManager : Event: ======'mode_add_mode_value_stopping'====== Args={}
2022-09-02 15:10:11,238 : INFO : Mode.add_mode_value : Stopped.
2022-09-02 15:10:11,238 : INFO : EventManager : Event: ======'modes_active_modes_changed'====== Args={}
2022-09-02 15:10:11,242 : INFO : EventManager : Event: ======'mode_add_mode_value_stopped'====== Args={}
2022-09-02 15:10:11,243 : INFO : EventManager : Event: ======'clear'====== Args={'key': 'add_mode_value'}
2022-09-02 15:10:11,244 : INFO : Mode.spell_portal : Stopped.
2022-09-02 15:10:11,244 : INFO : EventManager : Event: ======'modes_active_modes_changed'====== Args={}
2022-09-02 15:10:11,245 : INFO : EventManager : Event: ======'mode_spell_portal_stopped'====== Args={}
2022-09-02 15:10:11,246 : INFO : EventManager : Event: ======'clear'====== Args={'key': 'spell_portal'}
2022-09-02 15:10:11,248 : INFO : Mode.spell_warp : Stopped.
2022-09-02 15:10:11,248 : INFO : EventManager : Event: ======'modes_active_modes_changed'====== Args={}
2022-09-02 15:10:11,248 : INFO : EventManager : Event: ======'mode_spell_warp_stopped'====== Args={}
2022-09-02 15:10:11,248 : INFO : EventManager : Event: ======'clear'====== Args={'key': 'spell_warp'}
2022-09-02 15:10:11,249 : INFO : Mode.mode_lit : Stopped.
2022-09-02 15:10:11,249 : INFO : EventManager : Event: ======'modes_active_modes_changed'====== Args={}
2022-09-02 15:10:11,250 : INFO : EventManager : Event: ======'mode_mode_lit_stopped'====== Args={}
2022-09-02 15:10:11,251 : INFO : EventManager : Event: ======'clear'====== Args={'key': 'mode_lit'}
2022-09-02 15:10:11,251 : INFO : Mode.carousel : Started. Priority: 90000
2022-09-02 15:10:11,251 : INFO : EventManager : Event: ======'modes_active_modes_changed'====== Args={}
2022-09-02 15:10:11,252 : INFO : EventManager : Event: ======'mode_carousel_started'====== Args={'priority': 0}
2022-09-02 15:10:11,253 : INFO : EventManager : Event: ======'carousel_mission1_highlighted'====== Args={'direction': None}
2022-09-02 15:10:11,254 : INFO : EventManager : Event: ======'achievement_mission1_changed_state'====== Args={'restore': False, 'state': 'enabled', 'selected': False}
2022-09-02 15:10:11,254 : INFO : EventManager : Event: ======'achievement_mission1_state_enabled'====== Args={'restore': False, 'state': 'enabled', 'selected': False}
2022-09-02 15:10:11,255 : INFO : EventManager : Event: ======'achievement_mission1_changed_state'====== Args={'restore': False, 'state': 'enabled', 'selected': True}
2022-09-02 15:10:11,255 : INFO : EventManager : Event: ======'achievement_mission1_state_enabled'====== Args={'restore': False, 'state': 'enabled', 'selected': True}
2022-09-02 15:10:11,255 : INFO : EventManager : Event: ======'achievement_mission1_state_selected'====== Args={'restore': False, 'state': 'enabled', 'selected': True}
2022-09-02 15:10:11,280 : INFO : EventManager : Event: ======'slide_mode_lit_slide_removed'====== Args={'_from_bcp': True}
2022-09-02 15:10:11,281 : INFO : EventManager : Event: ======'player_combos_combo_timer_tick'====== Args={'value': 0, 'prev_value': 1, 'change': -1, 'player_num': 1}
2022-09-02 15:10:11,282 : INFO : Timer.combo_timer : Timer Complete
2022-09-02 15:10:11,282 : INFO : Timer.combo_timer : Stopping Timer
2022-09-02 15:10:11,282 : INFO : EventManager : Event: ======'timer_combo_timer_stopped'====== Args={'ticks': 0, 'ticks_remaining': 1}
2022-09-02 15:10:11,282 : INFO : EventManager : Event: ======'timer_combo_timer_complete'====== Args={'ticks': 0, 'ticks_remaining': 1}
2022-09-02 15:10:11,283 : INFO : EventManager : Event: ======'slide_select_mission1_created'====== Args={'_from_bcp': True}
2022-09-02 15:10:11,283 : INFO : EventManager : Event: ======'slide_select_mission1_active'====== Args={'_from_bcp': True}
2022-09-02 15:10:11,728 : INFO : EventManager : Event: ======'balldevice_bd_right_kicker_ball_count_changed'====== Args={'balls': 1}
2022-09-02 15:10:11,728 : INFO : ball_device.bd_right_kicker : Received unexpected ball
2022-09-02 15:10:11,729 : INFO : EventManager : Event: ======'balldevice_captured_from_playfield'====== Args={'balls': 1}
2022-09-02 15:10:11,729 : INFO : EventManager : Event: ======'sw_playfield_active'====== Args={'balls': 1}
2022-09-02 15:10:11,729 : INFO : EventManager : Event: ======'playfield_ball_count_change'====== Args={'balls': 0, 'change': -1}
2022-09-02 15:10:11,730 : INFO : EventManager : Event: ======'balldevice_bd_right_kicker_ball_enter'====== Args={'new_balls': 1, 'unclaimed_balls': 1, 'new_available_balls': 1, 'device': <ball_device.bd_right_kicker>}
2022-09-02 15:10:11,730 : INFO : EventManager : Event: ======'ball_hold_right_mode_saucer_held_ball'====== Args={'balls_held': 1, 'total_balls_held': 1}
2022-09-02 15:10:11,730 : INFO : EventManager : Event: ======'ball_hold_right_mode_saucer_full'====== Args={'balls': 1}
2022-09-02 15:10:11,730 : INFO : EventManager : Event: ======'balldevice_balls_available'====== Args={}
2022-09-02 15:10:11,730 : INFO : EventManager : Event: ======'balldevice_bd_right_kicker_ball_entered'====== Args={'new_balls': 1, 'device': <ball_device.bd_right_kicker>}
2022-09-02 15:10:13,342 : INFO : SwitchController : <<<<<<< 's_left_flipper' active >>>>>>>
2022-09-02 15:10:13,342 : INFO : EventManager : Event: ======'s_left_flipper_active'====== Args={}
2022-09-02 15:10:13,343 : INFO : EventManager : Event: ======'machine_var_audits_switches_s_left_flipper'====== Args={'value': 37575, 'prev_value': 37574, 'change': 1}
2022-09-02 15:10:13,454 : INFO : SwitchController : <<<<<<< 's_left_flipper' inactive >>>>>>>
2022-09-02 15:10:13,454 : INFO : EventManager : Event: ======'s_left_flipper_inactive'====== Args={}
2022-09-02 15:10:13,455 : INFO : EventManager : Event: ======'carousel_mission4_highlighted'====== Args={'direction': 'backwards'}
2022-09-02 15:10:13,456 : INFO : EventManager : Event: ======'achievement_mission4_changed_state'====== Args={'restore': False, 'state': 'enabled', 'selected': False}
2022-09-02 15:10:13,456 : INFO : EventManager : Event: ======'achievement_mission4_state_enabled'====== Args={'restore': False, 'state': 'enabled', 'selected': False}
2022-09-02 15:10:13,456 : INFO : EventManager : Event: ======'achievement_mission4_changed_state'====== Args={'restore': False, 'state': 'enabled', 'selected': True}
2022-09-02 15:10:13,456 : INFO : EventManager : Event: ======'achievement_mission4_state_enabled'====== Args={'restore': False, 'state': 'enabled', 'selected': True}
2022-09-02 15:10:13,456 : INFO : EventManager : Event: ======'achievement_mission4_state_selected'====== Args={'restore': False, 'state': 'enabled', 'selected': True}
2022-09-02 15:10:13,457 : INFO : EventManager : Event: ======'achievement_mission1_changed_state'====== Args={'restore': False, 'state': 'disabled', 'selected': False}
2022-09-02 15:10:13,457 : INFO : EventManager : Event: ======'achievement_mission1_state_disabled'====== Args={'restore': False, 'state': 'disabled', 'selected': False}
2022-09-02 15:10:13,473 : INFO : EventManager : Event: ======'slide_select_mission4_created'====== Args={'_from_bcp': True}
2022-09-02 15:10:13,480 : INFO : EventManager : Event: ======'slide_select_mission4_active'====== Args={'_from_bcp': True}
2022-09-02 15:10:13,886 : INFO : SwitchController : <<<<<<< 's_left_flipper' active >>>>>>>
2022-09-02 15:10:13,887 : INFO : EventManager : Event: ======'s_left_flipper_active'====== Args={}
2022-09-02 15:10:13,887 : INFO : EventManager : Event: ======'machine_var_audits_switches_s_left_flipper'====== Args={'value': 37576, 'prev_value': 37575, 'change': 1}
2022-09-02 15:10:13,918 : INFO : SwitchController : <<<<<<< 's_left_flipper' inactive >>>>>>>
2022-09-02 15:10:13,918 : INFO : EventManager : Event: ======'s_left_flipper_inactive'====== Args={}
2022-09-02 15:10:13,919 : INFO : EventManager : Event: ======'carousel_mission3_highlighted'====== Args={'direction': 'backwards'}
2022-09-02 15:10:13,919 : INFO : EventManager : Event: ======'achievement_mission3_changed_state'====== Args={'restore': False, 'state': 'enabled', 'selected': False}
2022-09-02 15:10:13,920 : INFO : EventManager : Event: ======'achievement_mission3_state_enabled'====== Args={'restore': False, 'state': 'enabled', 'selected': False}
2022-09-02 15:10:13,920 : INFO : EventManager : Event: ======'achievement_mission3_changed_state'====== Args={'restore': False, 'state': 'enabled', 'selected': True}
2022-09-02 15:10:13,920 : INFO : EventManager : Event: ======'achievement_mission3_state_enabled'====== Args={'restore': False, 'state': 'enabled', 'selected': True}
2022-09-02 15:10:13,920 : INFO : EventManager : Event: ======'achievement_mission3_state_selected'====== Args={'restore': False, 'state': 'enabled', 'selected': True}
2022-09-02 15:10:13,921 : INFO : EventManager : Event: ======'achievement_mission4_changed_state'====== Args={'restore': False, 'state': 'disabled', 'selected': False}
2022-09-02 15:10:13,921 : INFO : EventManager : Event: ======'achievement_mission4_state_disabled'====== Args={'restore': False, 'state': 'disabled', 'selected': False}
2022-09-02 15:10:13,960 : INFO : EventManager : Event: ======'slide_select_mission3_created'====== Args={'_from_bcp': True}
2022-09-02 15:10:13,966 : INFO : EventManager : Event: ======'slide_select_mission3_active'====== Args={'_from_bcp': True}
2022-09-02 15:10:14,210 : INFO : EventManager : Event: ======'ball_save_base_save_hurry_up'====== Args={}
2022-09-02 15:10:15,934 : INFO : SwitchController : <<<<<<< 's_action_button' active >>>>>>>
2022-09-02 15:10:15,934 : INFO : EventManager : Event: ======'s_action_button_active'====== Args={}
2022-09-02 15:10:15,934 : INFO : EventManager : Event: ======'machine_var_audits_switches_s_action_button'====== Args={'value': 4260, 'prev_value': 4259, 'change': 1}
2022-09-02 15:10:16,174 : INFO : SwitchController : <<<<<<< 's_action_button' inactive >>>>>>>
2022-09-02 15:10:16,174 : INFO : EventManager : Event: ======'s_action_button_inactive'====== Args={}
2022-09-02 15:10:16,175 : INFO : EventManager : Event: ======'carousel_mission3_selected'====== Args={}
2022-09-02 15:10:16,175 : INFO : EventManager : Event: ======'carousel_item_selected'====== Args={}
2022-09-02 15:10:16,175 : INFO : EventManager : Event: ======'player_modes_started'====== Args={'value': 1, 'prev_value': 0, 'change': 1, 'player_num': 1}
2022-09-02 15:10:16,176 : INFO : EventManager : Event: ======'player_selected_mission'====== Args={'value': 'mission3', 'prev_value': 0, 'change': True, 'player_num': 1}
2022-09-02 15:10:16,176 : INFO : EventManager : Event: ======'mode_mission3_will_start'====== Args={}
2022-09-02 15:10:16,177 : INFO : EventManager : Event: ======'player_shot_drop_targets_mission3_enabled'====== Args={'value': True, 'prev_value': 0, 'change': 1, 'player_num': 1}
2022-09-02 15:10:16,184 : INFO : EventManager : Event: ======'mode_mission3_starting'====== Args={}
2022-09-02 15:10:16,184 : INFO : EventManager : Event: ======'mode_carousel_will_stop'====== Args={}
2022-09-02 15:10:16,185 : INFO : EventManager : Event: ======'mode_carousel_stopping'====== Args={}
2022-09-02 15:10:16,185 : INFO : EventManager : Event: ======'achievement_mission3_changed_state'====== Args={'restore': False, 'state': 'started', 'selected': False}
2022-09-02 15:10:16,185 : INFO : EventManager : Event: ======'start_mission3'====== Args={'restore': False, 'state': 'started', 'selected': False}
2022-09-02 15:10:16,185 : INFO : ball_device.bd_right_kicker : Adding 1 ball(s) to the eject_queue with target <playfield.playfield>.
2022-09-02 15:10:16,186 : INFO : EventManager : Event: ======'balldevice_balls_available'====== Args={}
2022-09-02 15:10:16,186 : INFO : EventManager : Event: ======'ball_hold_right_mode_saucer_balls_released'====== Args={'balls_released': 1}
2022-09-02 15:10:16,186 : INFO : Mode.carousel : Stopped.
2022-09-02 15:10:16,187 : INFO : EventManager : Event: ======'modes_active_modes_changed'====== Args={}
2022-09-02 15:10:16,188 : INFO : EventManager : Event: ======'mode_carousel_stopped'====== Args={}
2022-09-02 15:10:16,188 : INFO : EventManager : Event: ======'clear'====== Args={'key': 'carousel'}
2022-09-02 15:10:16,218 : INFO : EventManager : Event: ======'logicblock_mission3_phase1_shots_updated'====== Args={'value': [False, False, False, False, False], 'enabled': True}
2022-09-02 15:10:16,218 : INFO : EventManager : Event: ======'logicblock_mission3_phase2_shots_updated'====== Args={'value': [False, False, False, False, False], 'enabled': True}
2022-09-02 15:10:16,218 : INFO : EventManager : Event: ======'logicblock_mission3_shot_phases_updated'====== Args={'value': [False, False], 'enabled': True}
2022-09-02 15:10:16,218 : INFO : EventManager : Event: ======'logicblock_mission3_phase1_shots_updated'====== Args={'value': [False, False, False, False, False], 'enabled': True}
2022-09-02 15:10:16,218 : INFO : EventManager : Event: ======'logicblock_mission3_phase2_shots_updated'====== Args={'value': [False, False, False, False, False], 'enabled': True}
2022-09-02 15:10:16,219 : INFO : EventManager : Event: ======'logicblock_mission3_shot_phases_updated'====== Args={'value': [False, False], 'enabled': True}
2022-09-02 15:10:16,219 : INFO : Mode.mission3 : Started. Priority: 1000
2022-09-02 15:10:16,219 : INFO : EventManager : Event: ======'modes_active_modes_changed'====== Args={}
2022-09-02 15:10:16,219 : INFO : EventManager : Event: ======'mode_mission3_started'====== Args={}
2022-09-02 15:10:16,220 : INFO : EventManager : Event: ======'player_multiplied_mode_value'====== Args={'value': 1000000, 'prev_value': 0, 'change': 1000000, 'player_num': 1}
2022-09-02 15:10:16,221 : INFO : EventManager : Event: ======'player_mode_value_half'====== Args={'value': 500000, 'prev_value': 0, 'change': 500000, 'player_num': 1}
2022-09-02 15:10:16,222 : INFO : drop_target_bank.main : All targets are already up. Will not reset bank.
2022-09-02 15:10:16,222 : INFO : Timer.mission3_timer : Starting Timer.
2022-09-02 15:10:16,222 : INFO : EventManager : Event: ======'timer_mission3_timer_started'====== Args={'ticks': 60, 'ticks_remaining': 60}
2022-09-02 15:10:16,223 : INFO : EventManager : Event: ======'timer_mission3_timer_tick'====== Args={'ticks': 60, 'ticks_remaining': 60}
2022-09-02 15:10:16,225 : INFO : EventManager : Event: ======'ball_save_base_save_grace_period'====== Args={}
2022-09-02 15:10:16,250 : INFO : EventManager : Event: ======'slide_select_mission1_removed'====== Args={'_from_bcp': True}
2022-09-02 15:10:16,250 : INFO : EventManager : Event: ======'slide_select_mission4_removed'====== Args={'_from_bcp': True}
2022-09-02 15:10:16,250 : INFO : EventManager : Event: ======'slide_select_mission3_removed'====== Args={'_from_bcp': True}
2022-09-02 15:10:16,250 : INFO : EventManager : Event: ======'slide_score_slide_forest_created'====== Args={'_from_bcp': True}
2022-09-02 15:10:16,251 : INFO : ball_device.bd_right_kicker : State: waiting_for_target_ready
2022-09-02 15:10:16,251 : INFO : EventManager : Event: ======'balldevice_bd_right_kicker_ball_eject_attempt'====== Args={'balls': 1, 'target': <playfield.playfield>, 'source': <ball_device.bd_right_kicker>, 'mechanical_eject': False, 'num_attempts': 0}
2022-09-02 15:10:16,252 : INFO : EventManager : Event: ======'start_right_kicker_show'====== Args={}
2022-09-02 15:10:16,254 : INFO : EventManager : Event: ======'slide_score_slide_forest_active'====== Args={'_from_bcp': True}
2022-09-02 15:10:17,267 : INFO : EventManager : Event: ======'right_kicker_show_finished'====== Args={}
2022-09-02 15:10:17,268 : INFO : ball_device.bd_right_kicker : State: ejecting
2022-09-02 15:10:17,268 : INFO : ball_device.bd_right_kicker : Ejecting ball to <playfield.playfield>
2022-09-02 15:10:17,269 : INFO : EventManager : Event: ======'balldevice_bd_right_kicker_ejecting_ball'====== Args={'balls': 1, 'target': <playfield.playfield>, 'source': <ball_device.bd_right_kicker>, 'mechanical_eject': False, 'num_attempts': 0}
2022-09-02 15:10:17,270 : INFO : ball_device.bd_right_kicker : Wait for ball to leave device
2022-09-02 15:10:17,271 : INFO : coil.c_right_kicker_eject : Pulsing Driver for 30ms (1.0 pulse_power)
2022-09-02 15:10:17,309 : INFO : SwitchController : <<<<<<< 's_right_kicker' inactive >>>>>>>
2022-09-02 15:10:17,317 : INFO : ball_device.bd_right_kicker : State: ball_left
2022-09-02 15:10:17,318 : INFO : ball_device.bd_right_kicker : Ball left
2022-09-02 15:10:17,318 : INFO : ball_device.bd_right_kicker : Wait for confirm with timeout 1.0
2022-09-02 15:10:17,407 : INFO : EventManager : Event: ======'player_mission3_mission3_timer_tick'====== Args={'value': 59, 'prev_value': 0, 'change': 59, 'player_num': 1}
2022-09-02 15:10:17,408 : INFO : EventManager : Event: ======'timer_mission3_timer_tick'====== Args={'ticks': 59, 'ticks_remaining': 59}
2022-09-02 15:10:18,218 : INFO : EventManager : Event: ======'ball_save_base_save_disabled'====== Args={}
2022-09-02 15:10:18,312 : INFO : ball_device.bd_right_kicker : State: failed_confirm
2022-09-02 15:10:18,312 : INFO : ball_device.bd_right_kicker : Got timeout (1.0s) before confirm from <playfield.playfield>
2022-09-02 15:10:18,406 : INFO : ball_device.bd_right_kicker : Confirming eject because target is playfield and ball did not return.
2022-09-02 15:10:18,406 : INFO : ball_device.bd_right_kicker : Eject successful
2022-09-02 15:10:18,407 : INFO : EventManager : Event: ======'balldevice_bd_right_kicker_ball_eject_success'====== Args={'balls': 1, 'target': <playfield.playfield>}
2022-09-02 15:10:18,407 : INFO : EventManager : Event: ======'balldevice_playfield_ball_enter'====== Args={'new_balls': 1, 'unclaimed_balls': 1, 'device': <playfield.playfield>}
2022-09-02 15:10:18,407 : INFO : EventManager : Event: ======'playfield_ball_count_change'====== Args={'balls': 1, 'change': 1}
2022-09-02 15:10:18,408 : INFO : EventManager : Event: ======'balldevice_bd_right_kicker_ball_count_changed'====== Args={'balls': 0}
2022-09-02 15:10:18,408 : INFO : ball_device.bd_right_kicker : State: idle
2022-09-02 15:10:18,608 : INFO : EventManager : Event: ======'player_mission3_mission3_timer_tick'====== Args={'value': 58, 'prev_value': 59, 'change': -1, 'player_num': 1}
2022-09-02 15:10:18,609 : INFO : EventManager : Event: ======'timer_mission3_timer_tick'====== Args={'ticks': 58, 'ticks_remaining': 58}
2022-09-02 15:10:19,810 : INFO : EventManager : Event: ======'player_mission3_mission3_timer_tick'====== Args={'value': 57, 'prev_value': 58, 'change': -1, 'player_num': 1}
2022-09-02 15:10:19,811 : INFO : EventManager : Event: ======'timer_mission3_timer_tick'====== Args={'ticks': 57, 'ticks_remaining': 57}
2022-09-02 15:10:21,011 : INFO : EventManager : Event: ======'player_mission3_mission3_timer_tick'====== Args={'value': 56, 'prev_value': 57, 'change': -1, 'player_num': 1}
2022-09-02 15:10:21,012 : INFO : EventManager : Event: ======'timer_mission3_timer_tick'====== Args={'ticks': 56, 'ticks_remaining': 56}
2022-09-02 15:10:22,213 : INFO : EventManager : Event: ======'player_mission3_mission3_timer_tick'====== Args={'value': 55, 'prev_value': 56, 'change': -1, 'player_num': 1}
2022-09-02 15:10:22,213 : INFO : EventManager : Event: ======'timer_mission3_timer_tick'====== Args={'ticks': 55, 'ticks_remaining': 55}
2022-09-02 15:10:23,225 : INFO : Machine : Shutting down...
2022-09-02 15:10:23,225 : INFO : EventManager : Event: ======'shutdown'====== Args={}
2022-09-02 15:10:23,245 : WARNING : FAST : Port NET received more messages than were sent! Resetting!
2022-09-02 15:10:23,245 : WARNING : FAST : Port RGB received more messages than were sent! Resetting!
2022-09-02 15:10:23,245 : WARNING : FAST : Received unknown serial command? BX:P from RGB.
2022-09-02 15:10:23,305 : ERROR : FAST : Stop called on serial connection com7
2022-09-02 15:10:23,305 : ERROR : FAST : Stop called on serial connection com8
2022-09-02 15:10:23,520 : INFO : root : MPF run loop ended.
