2022-08-22 17:40:51,064 : kivy : Factory: 186 symbols loaded
2022-08-22 17:40:51,205 : kivy : ImageLoaderFFPy: Using ffpyplayer 4.3.2
2022-08-22 17:40:51,205 : kivy : Image: Providers: img_tex, img_dds, img_sdl2, img_pil, img_ffpyplayer 
2022-08-22 17:40:51,251 : kivy : VideoGstplayer: Using Gstreamer 1.18.0.0
2022-08-22 17:40:51,251 : kivy : Video: Provider: gstplayer
2022-08-22 17:40:51,415 : kivy : Loading MPF-MC controller
2022-08-22 17:40:51,953 : ConfigProcessor : Config spec file cache created: C:\Users\Brendan\AppData\Local\Temp\config_spec.mpf_cache
2022-08-22 17:40:51,953 : YamlMultifileConfigLoader : Machine config file #1: config
2022-08-22 17:40:51,954 : ConfigProcessor : Config file in cache changed: C:\Baby_pacman_code\machine\config\config
2022-08-22 17:40:51,954 : ConfigProcessor : Loading config from file c:\users\brendan\appdata\local\programs\python\python37\lib\site-packages\mpfmc\mcconfig.yaml.
2022-08-22 17:40:52,005 : ConfigProcessor : Loading config: c:\users\brendan\appdata\local\programs\python\python37\lib\site-packages\mpfmc\mcconfig.yaml
2022-08-22 17:40:52,005 : ConfigProcessor : Loading config from file C:\Baby_pacman_code\machine\config\config.
2022-08-22 17:40:52,133 : ConfigProcessor : Loading config: C:\Baby_pacman_code\machine\config\config
2022-08-22 17:40:52,135 : ConfigProcessor : Config file cache created: C:\Users\Brendan\AppData\Local\Temp\e68bda1e95a8aa0185725ca2569cabab.mpf_cache
2022-08-22 17:40:52,135 : ConfigProcessor : Loading config from cache: C:\Users\Brendan\AppData\Local\Temp\467e7647689d29fad6adf949e1f4d51d.mpf_cache
2022-08-22 17:40:52,136 : ConfigProcessor : Loading config from cache: C:\Users\Brendan\AppData\Local\Temp\5550e037aa776b42b91b29b40b356c70.mpf_cache
2022-08-22 17:40:52,137 : ConfigProcessor : Loading config from cache: C:\Users\Brendan\AppData\Local\Temp\15e0c601392b30c3d9ba3ead8131edb5.mpf_cache
2022-08-22 17:40:52,137 : ConfigProcessor : Loading config from cache: C:\Users\Brendan\AppData\Local\Temp\0bf50917c4ef15ab65ee13d6c14e7d7c.mpf_cache
2022-08-22 17:40:52,138 : ConfigProcessor : Loading config from cache: C:\Users\Brendan\AppData\Local\Temp\bc7da7b13b2754e080c2afa0678ac274.mpf_cache
2022-08-22 17:40:52,138 : ConfigProcessor : Loading config from cache: C:\Users\Brendan\AppData\Local\Temp\bbd59d0bb6602ee0c5a89d6f85e6dd42.mpf_cache
2022-08-22 17:40:52,139 : ConfigProcessor : Loading config from cache: C:\Users\Brendan\AppData\Local\Temp\5526c78976fee311c3d05505d75f653d.mpf_cache
2022-08-22 17:40:52,139 : ConfigProcessor : Loading config from cache: C:\Users\Brendan\AppData\Local\Temp\6e95138ae5415fc76b53ebf8fa245fb5.mpf_cache
2022-08-22 17:40:52,140 : ConfigProcessor : Loading config from cache: C:\Users\Brendan\AppData\Local\Temp\1ec1c4dffb383758956493783a9ed391.mpf_cache
2022-08-22 17:40:52,141 : ConfigProcessor : Loading config from cache: C:\Users\Brendan\AppData\Local\Temp\f2aee92728c8017b77c710c804dd7f5a.mpf_cache
2022-08-22 17:40:52,141 : ConfigProcessor : Loading config from cache: C:\Users\Brendan\AppData\Local\Temp\88f57fa1305e9dc100972ec9f84d57fe.mpf_cache
2022-08-22 17:40:52,142 : ConfigProcessor : Loading config from cache: C:\Users\Brendan\AppData\Local\Temp\6e00a9d794d4c3f43a0fc48da04dac60.mpf_cache
2022-08-22 17:40:52,143 : ConfigProcessor : Loading config from cache: C:\Users\Brendan\AppData\Local\Temp\05ef98219fc733c3bcab58726c4b37ef.mpf_cache
2022-08-22 17:40:52,144 : ConfigProcessor : Loading config from cache: C:\Users\Brendan\AppData\Local\Temp\c22d657a5a7bb60632c2be2c735e073b.mpf_cache
2022-08-22 17:40:52,144 : ConfigProcessor : Loading config from cache: C:\Users\Brendan\AppData\Local\Temp\f7d4f5eb9425fe84d2e83a363afd4bdf.mpf_cache
2022-08-22 17:40:52,145 : ConfigProcessor : Loading config from cache: C:\Users\Brendan\AppData\Local\Temp\125f51d329f930ea7bff10973551cc26.mpf_cache
2022-08-22 17:40:52,145 : ConfigProcessor : Loading config from cache: C:\Users\Brendan\AppData\Local\Temp\08e18dfdf4e02cd29cc0cc52be2faaf4.mpf_cache
2022-08-22 17:40:52,146 : ConfigProcessor : Loading config from cache: C:\Users\Brendan\AppData\Local\Temp\f042f5bf6362b9e04d43b40b93a92057.mpf_cache
2022-08-22 17:40:52,146 : ConfigProcessor : Loading config from cache: C:\Users\Brendan\AppData\Local\Temp\60badac06cd62deb71f25fac24b103c2.mpf_cache
2022-08-22 17:40:52,147 : ConfigProcessor : Loading config from cache: C:\Users\Brendan\AppData\Local\Temp\a3ad1aeb679a0686901de8a6ffe784f0.mpf_cache
2022-08-22 17:40:52,148 : ConfigProcessor : Loading config from cache: C:\Users\Brendan\AppData\Local\Temp\d7856287e4ec48fb5adaa65e5f7b2848.mpf_cache
2022-08-22 17:40:52,148 : mpfmc : Mission Pinball Framework Media Controller v0.55.0
2022-08-22 17:40:52,148 : mpfmc : Mission Pinball Framework Game Engine v0.55.0
2022-08-22 17:40:52,148 : mpfmc : Machine path: C:\Baby_pacman_code\machine
2022-08-22 17:40:52,149 : mpfmc : Starting clock at 60.0Hz
2022-08-22 17:40:52,160 : kivy : Text: Provider: sdl2
2022-08-22 17:40:52,194 : kivy : Window: Provider: sdl2
2022-08-22 17:40:52,260 : kivy : GL: Using the "OpenGL" graphics system
2022-08-22 17:40:52,260 : kivy : GL: GLEW initialization succeeded
2022-08-22 17:40:52,261 : kivy : GL: Backend used <glew>
2022-08-22 17:40:52,261 : kivy : GL: OpenGL version <b'3.1.0 - Build 9.17.10.3517'>
2022-08-22 17:40:52,261 : kivy : GL: OpenGL vendor <b'Intel'>
2022-08-22 17:40:52,261 : kivy : GL: OpenGL renderer <b'Intel(R) HD Graphics 2000'>
2022-08-22 17:40:52,261 : kivy : GL: OpenGL parsed version: 3, 1
2022-08-22 17:40:52,261 : kivy : GL: Shading version <b'1.40 - Intel Build 9.17.10.3517'>
2022-08-22 17:40:52,261 : kivy : GL: Texture max size <8192>
2022-08-22 17:40:52,261 : kivy : GL: Texture max units <16>
2022-08-22 17:40:52,328 : kivy : Window: auto add sdl2 input provider
2022-08-22 17:40:52,329 : kivy : Window: virtual keyboard not allowed, single mode, not docked
2022-08-22 17:40:52,475 : AudioInterface : Initialized
2022-08-22 17:40:52,475 : AudioInterface : Loaded SDL 2.0.12
2022-08-22 17:40:52,475 : AudioInterface : Loaded SDL_Mixer 2.0.4
2022-08-22 17:40:52,475 : AudioInterface : Loaded GStreamer 1.18.0.0
2022-08-22 17:40:52,476 : AudioInterface : Loaded GLib 2.62.6
2022-08-22 17:40:52,476 : AudioInterface : Settings requested - rate: 44100, channels: 1, buffer: 2048 samples
2022-08-22 17:40:52,476 : AudioInterface : Settings in use - rate: 44100, channels: 1, buffer: 2048 samples (4096 bytes @ 2 bytes per sample)
2022-08-22 17:40:52,476 : SoundSystem : Setting master volume to 0.0
2022-08-22 17:40:52,476 : SoundSystem : master_volume in sound_system is deprecated and will be removed in the future.
2022-08-22 17:40:52,476 : AudioInterface : Enabling audio playback
2022-08-22 17:40:52,478 : kivy : Base: Start application main loop
2022-08-22 17:40:52,479 : EventManager : Event: ======'display_window1_initialized'====== Args={}
2022-08-22 17:40:52,519 : mpfmc : Display: Setting 'window1' as default display
2022-08-22 17:40:52,553 : mpfmc : ASPECT RATIO MISMATCH: The on-screen window is not the same aspect ratio as the display called 'window1'. The logical display will be scaled from 1366x768 to the window size 1920x1058, and a black bar will make up the difference
2022-08-22 17:40:52,567 : EventManager : Event: ======'displays_initialized'====== Args={}
2022-08-22 17:40:52,568 : EventManager : Event: ======'slide_window1_blank_created'====== Args={}
2022-08-22 17:40:52,568 : EventManager : Event: ======'display_window1_ready'====== Args={}
2022-08-22 17:40:52,576 : EventManager : Event: ======'init_phase_1'====== Args={}
2022-08-22 17:40:52,581 : EventManager : Event: ======'mc_ready'====== Args={}
2022-08-22 17:40:52,581 : EventManager : Event: ======'init_phase_2'====== Args={}
2022-08-22 17:40:52,626 : EventManager : Event: ======'init_phase_3'====== Args={}
2022-08-22 17:40:52,632 : EventManager : Event: ======'init_phase_4'====== Args={}
2022-08-22 17:40:52,632 : EventManager : Event: ======'init_phase_5'====== Args={}
2022-08-22 17:40:52,693 : kivy : GL: NPOT texture support is available
2022-08-22 17:40:52,710 : kivy : GL: Unpack subimage support is available
2022-08-22 17:40:52,743 : EventManager : Event: ======'loading_assets'====== Args={'total': 27, 'loaded': 1, 'remaining': 26, 'percent': 4}
2022-08-22 17:40:52,743 : AssetManager : Loading assets: 1/27 (4%)
2022-08-22 17:40:53,947 : EventManager : Event: ======'loading_assets'====== Args={'total': 27, 'loaded': 2, 'remaining': 25, 'percent': 7}
2022-08-22 17:40:53,947 : AssetManager : Loading assets: 2/27 (7%)
2022-08-22 17:40:55,692 : EventManager : Event: ======'loading_assets'====== Args={'total': 27, 'loaded': 14, 'remaining': 13, 'percent': 52}
2022-08-22 17:40:55,693 : AssetManager : Loading assets: 14/27 (52%)
2022-08-22 17:40:56,412 : EventManager : Event: ======'loading_assets'====== Args={'total': 27, 'loaded': 27, 'remaining': 0, 'percent': 100}
2022-08-22 17:40:56,413 : AssetManager : Asset loading took: 3.936225175857544
2022-08-22 17:40:56,413 : EventManager : Event: ======'asset_loading_complete'====== Args={}
2022-08-22 17:40:56,413 : AssetManager : Loading assets: 27/27 (100%)
2022-08-22 17:40:56,413 : EventManager : Event: ======'init_done'====== Args={}
2022-08-22 17:40:56,413 : MPF-MC BCP Server : Starting up on localhost port 5050
2022-08-22 17:40:56,416 : MPF-MC BCP Server : Waiting for a connection...
2022-08-22 17:40:56,429 : EventManager : Event: ======'client_disconnected'====== Args={'host': '127.0.0.1', 'port': 5050}
2022-08-22 17:40:57,347 : MPF-MC BCP Server : Received connection from: 127.0.0.1:49251
2022-08-22 17:40:57,349 : EventManager : Event: ======'client_connected'====== Args={'host': '127.0.0.1', 'port': 49251}
2022-08-22 17:40:57,374 : EventManager : Event: ======'machine_var_fast_net_firmware'====== Args={'value': '01.05', 'prev_value': None, 'change': True}
2022-08-22 17:40:57,374 : EventManager : Event: ======'machine_var_fast_net_model'====== Args={'value': 'FP-CPU-002-2', 'prev_value': None, 'change': True}
2022-08-22 17:40:57,374 : EventManager : Event: ======'machine_var_fast_rgb_firmware'====== Args={'value': '01.00', 'prev_value': None, 'change': True}
2022-08-22 17:40:57,374 : EventManager : Event: ======'machine_var_fast_rgb_model'====== Args={'value': 'FP-CPU-002-2', 'prev_value': None, 'change': True}
2022-08-22 17:40:57,375 : EventManager : Event: ======'machine_var_credits_string'====== Args={'value': 'FREE PLAY', 'prev_value': None, 'change': True}
2022-08-22 17:40:57,375 : EventManager : Event: ======'machine_var_master_volume'====== Args={'value': 0.5, 'prev_value': None, 'change': True}
2022-08-22 17:40:57,375 : EventManager : Event: ======'machine_var_player1_score'====== Args={'value': 21708080, 'prev_value': None, 'change': True}
2022-08-22 17:40:57,375 : EventManager : Event: ======'machine_var_mpf_version'====== Args={'value': 'MPF v0.55.0', 'prev_value': None, 'change': True}
2022-08-22 17:40:57,375 : EventManager : Event: ======'machine_var_mpf_extended_version'====== Args={'value': 'MPF v0.55.0, Config version:5, Show version: 5, BCP version:1.1', 'prev_value': None, 'change': True}
2022-08-22 17:40:57,375 : EventManager : Event: ======'machine_var_python_version'====== Args={'value': '3.7.8', 'prev_value': None, 'change': True}
2022-08-22 17:40:57,376 : EventManager : Event: ======'machine_var_platform'====== Args={'value': 'Windows-7-6.1.7601-SP1', 'prev_value': None, 'change': True}
2022-08-22 17:40:57,376 : EventManager : Event: ======'machine_var_platform_system'====== Args={'value': 'Windows', 'prev_value': None, 'change': True}
2022-08-22 17:40:57,376 : EventManager : Event: ======'machine_var_platform_release'====== Args={'value': '7', 'prev_value': None, 'change': True}
2022-08-22 17:40:57,376 : EventManager : Event: ======'machine_var_platform_version'====== Args={'value': '6.1.7601', 'prev_value': None, 'change': True}
2022-08-22 17:40:57,376 : EventManager : Event: ======'machine_var_platform_machine'====== Args={'value': 'AMD64', 'prev_value': None, 'change': True}
2022-08-22 17:40:57,376 : EventManager : Event: ======'machine_var_mc_version'====== Args={'value': 'MPF-MC v0.55.0', 'prev_value': None, 'change': True}
2022-08-22 17:40:57,377 : EventManager : Event: ======'machine_var_mc_extended_version'====== Args={'value': 'MPF-MC v0.55.0 (config_version=5, BCP v1.1, Requires MPF v0.55.0-dev.49)', 'prev_value': None, 'change': True}
2022-08-22 17:40:57,377 : SoundSystem : Setting master volume to 0.5
2022-08-22 17:40:57,875 : EventManager : Event: ======'machine_var_audits_events_game_ended'====== Args={'value': 0, 'prev_value': None, 'change': True}
2022-08-22 17:40:57,875 : EventManager : Event: ======'machine_var_audits_events_game_started'====== Args={'value': 0, 'prev_value': None, 'change': True}
2022-08-22 17:40:57,875 : EventManager : Event: ======'machine_var_audits_player_score'====== Args={'value': {'average': 10302398.705281088, 'top': [198719690, 195274570, 161094530, 160419680, 140071820, 132769060, 132262360, 127113160, 121863670, 115954110], 'total': 587}, 'prev_value': None, 'change': True}
2022-08-22 17:40:57,875 : EventManager : Event: ======'machine_var_audits_shots_center_drop_mission1'====== Args={'value': 546, 'prev_value': None, 'change': True}
2022-08-22 17:40:57,875 : EventManager : Event: ======'machine_var_audits_shots_center_target'====== Args={'value': 167, 'prev_value': None, 'change': True}
2022-08-22 17:40:57,876 : EventManager : Event: ======'machine_var_audits_shots_drop_target1_mission2'====== Args={'value': 226, 'prev_value': None, 'change': True}
2022-08-22 17:40:57,876 : EventManager : Event: ======'machine_var_audits_shots_drop_target2_mission2'====== Args={'value': 266, 'prev_value': None, 'change': True}
2022-08-22 17:40:57,876 : EventManager : Event: ======'machine_var_audits_shots_drop_target3_mission2'====== Args={'value': 307, 'prev_value': None, 'change': True}
2022-08-22 17:40:57,876 : EventManager : Event: ======'machine_var_audits_shots_drop_target4_mission2'====== Args={'value': 272, 'prev_value': None, 'change': True}
2022-08-22 17:40:57,876 : EventManager : Event: ======'machine_var_audits_shots_drop_target5_mission2'====== Args={'value': 235, 'prev_value': None, 'change': True}
2022-08-22 17:40:57,876 : EventManager : Event: ======'machine_var_audits_shots_drop_targets_mission3'====== Args={'value': 1474, 'prev_value': None, 'change': True}
2022-08-22 17:40:57,887 : EventManager : Event: ======'machine_var_audits_shots_galaxy_advance'====== Args={'value': 2362, 'prev_value': None, 'change': True}
2022-08-22 17:40:57,887 : EventManager : Event: ======'machine_var_audits_shots_l_lane'====== Args={'value': 620, 'prev_value': None, 'change': True}
2022-08-22 17:40:57,887 : EventManager : Event: ======'machine_var_audits_shots_left_kicker_mission2'====== Args={'value': 162, 'prev_value': None, 'change': True}
2022-08-22 17:40:57,887 : EventManager : Event: ======'machine_var_audits_shots_left_kicker_mission4'====== Args={'value': 117, 'prev_value': None, 'change': True}
2022-08-22 17:40:57,887 : EventManager : Event: ======'machine_var_audits_shots_left_loop_mission1'====== Args={'value': 610, 'prev_value': None, 'change': True}
2022-08-22 17:40:57,887 : EventManager : Event: ======'machine_var_audits_shots_left_loop_mission2'====== Args={'value': 263, 'prev_value': None, 'change': True}
2022-08-22 17:40:57,887 : EventManager : Event: ======'machine_var_audits_shots_left_loop_mission4'====== Args={'value': 385, 'prev_value': None, 'change': True}
2022-08-22 17:40:57,887 : EventManager : Event: ======'machine_var_audits_shots_portal_advance'====== Args={'value': 4666, 'prev_value': None, 'change': True}
2022-08-22 17:40:57,888 : EventManager : Event: ======'machine_var_audits_shots_r_lane'====== Args={'value': 547, 'prev_value': None, 'change': True}
2022-08-22 17:40:57,888 : EventManager : Event: ======'machine_var_audits_shots_right_kicker_mission2'====== Args={'value': 137, 'prev_value': None, 'change': True}
2022-08-22 17:40:57,888 : EventManager : Event: ======'machine_var_audits_shots_right_kicker_mission4'====== Args={'value': 136, 'prev_value': None, 'change': True}
2022-08-22 17:40:57,888 : EventManager : Event: ======'machine_var_audits_shots_right_loop_mission1'====== Args={'value': 702, 'prev_value': None, 'change': True}
2022-08-22 17:40:57,888 : EventManager : Event: ======'machine_var_audits_shots_right_loop_mission2'====== Args={'value': 310, 'prev_value': None, 'change': True}
2022-08-22 17:40:57,888 : EventManager : Event: ======'machine_var_audits_shots_right_loop_mission4'====== Args={'value': 434, 'prev_value': None, 'change': True}
2022-08-22 17:40:57,888 : EventManager : Event: ======'machine_var_audits_shots_warp_advance'====== Args={'value': 1105, 'prev_value': None, 'change': True}
2022-08-22 17:40:57,888 : EventManager : Event: ======'machine_var_audits_switches_s_action_button'====== Args={'value': 3999, 'prev_value': None, 'change': True}
2022-08-22 17:40:57,888 : EventManager : Event: ======'machine_var_audits_switches_s_drain'====== Args={'value': 2750, 'prev_value': None, 'change': True}
2022-08-22 17:40:57,889 : EventManager : Event: ======'machine_var_audits_switches_s_drop_target1'====== Args={'value': 1871, 'prev_value': None, 'change': True}
2022-08-22 17:40:57,889 : EventManager : Event: ======'machine_var_audits_switches_s_drop_target2'====== Args={'value': 2184, 'prev_value': None, 'change': True}
2022-08-22 17:40:57,889 : EventManager : Event: ======'machine_var_audits_switches_s_drop_target3'====== Args={'value': 2612, 'prev_value': None, 'change': True}
2022-08-22 17:40:57,889 : EventManager : Event: ======'machine_var_audits_switches_s_drop_target4'====== Args={'value': 2082, 'prev_value': None, 'change': True}
2022-08-22 17:40:57,889 : EventManager : Event: ======'machine_var_audits_switches_s_drop_target5'====== Args={'value': 1969, 'prev_value': None, 'change': True}
2022-08-22 17:40:57,889 : EventManager : Event: ======'machine_var_audits_switches_s_left_captive_ball'====== Args={'value': 477, 'prev_value': None, 'change': True}
2022-08-22 17:40:57,889 : EventManager : Event: ======'machine_var_audits_switches_s_left_flipper'====== Args={'value': 34908, 'prev_value': None, 'change': True}
2022-08-22 17:40:57,889 : EventManager : Event: ======'machine_var_audits_switches_s_left_inlane'====== Args={'value': 620, 'prev_value': None, 'change': True}
2022-08-22 17:40:57,889 : EventManager : Event: ======'machine_var_audits_switches_s_left_inlane_far'====== Args={'value': 4244, 'prev_value': None, 'change': True}
2022-08-22 17:40:57,889 : EventManager : Event: ======'machine_var_audits_switches_s_left_kicker'====== Args={'value': 1557, 'prev_value': None, 'change': True}
2022-08-22 17:40:57,890 : EventManager : Event: ======'machine_var_audits_switches_s_left_sling'====== Args={'value': 6927, 'prev_value': None, 'change': True}
2022-08-22 17:40:57,890 : EventManager : Event: ======'machine_var_audits_switches_s_left_spinner'====== Args={'value': 20624, 'prev_value': None, 'change': True}
2022-08-22 17:40:57,890 : EventManager : Event: ======'machine_var_audits_switches_s_right_captive_ball'====== Args={'value': 502, 'prev_value': None, 'change': True}
2022-08-22 17:40:57,890 : EventManager : Event: ======'machine_var_audits_switches_s_right_flipper'====== Args={'value': 32208, 'prev_value': None, 'change': True}
2022-08-22 17:40:57,899 : EventManager : Event: ======'machine_var_audits_switches_s_right_inlane'====== Args={'value': 547, 'prev_value': None, 'change': True}
2022-08-22 17:40:57,899 : EventManager : Event: ======'machine_var_audits_switches_s_right_inlane_far'====== Args={'value': 6286, 'prev_value': None, 'change': True}
2022-08-22 17:40:57,899 : EventManager : Event: ======'machine_var_audits_switches_s_right_kicker'====== Args={'value': 1717, 'prev_value': None, 'change': True}
2022-08-22 17:40:57,899 : EventManager : Event: ======'machine_var_audits_switches_s_right_sling'====== Args={'value': 14149, 'prev_value': None, 'change': True}
2022-08-22 17:40:57,899 : EventManager : Event: ======'machine_var_audits_switches_s_right_spinner'====== Args={'value': 16579, 'prev_value': None, 'change': True}
2022-08-22 17:40:57,899 : EventManager : Event: ======'machine_var_audits_switches_s_start'====== Args={'value': 407, 'prev_value': None, 'change': True}
2022-08-22 17:40:57,911 : EventManager : Event: ======'mc_reset_phase_1'====== Args={}
2022-08-22 17:40:57,911 : EventManager : Event: ======'mc_reset_phase_2'====== Args={}
2022-08-22 17:40:57,911 : EventManager : Event: ======'mc_reset_phase_3'====== Args={}
2022-08-22 17:40:57,911 : EventManager : Event: ======'mc_reset_complete'====== Args={}
2022-08-22 17:40:57,923 : EventManager : Event: ======'slides_play'====== Args={'settings': {'widgets': {'widgets': [{'type': 'text', 'text': 'GAME OVER', 'font_size': 50, 'font_name': 'space_font', '_default_settings': ['type', 'text', 'font_size', 'font_name'], 'x': None, 'y': None, 'anchor_x': 'center', 'anchor_y': 'center', 'round_anchor_x': None, 'round_anchor_y': None, 'opacity': 1.0, 'z': 0, 'reset_animations_events': {}, 'color': [1.0, 1.0, 1.0, 1.0], 'style': [], 'adjust_top': 0, 'adjust_bottom': 0, 'adjust_left': 0, 'adjust_right': 0, 'expire': None, 'key': None, 'widget': None, 'events_when_added': [], 'events_when_removed': [], 'bitmap_font': False, 'font_kerning': True, 'bold': False, 'italic': False, 'number_grouping': False, 'min_digits': 0, 'halign': 'center', 'valign': 'middle', 'rotation': 0, 'scale': 1.0, 'casing': None, 'animations': None}, {'type': 'image', 'image': 'attract_background', '_default_settings': ['type', 'image'], 'x': None, 'y': None, 'anchor_x': 'center', 'anchor_y': 'center', 'round_anchor_x': None, 'round_anchor_y': None, 'opacity': 1.0, 'z': 0, 'reset_animations_events': {}, 'color': [1.0, 1.0, 1.0, 1.0], 'style': [], 'adjust_top': 0, 'adjust_bottom': 0, 'adjust_left': 0, 'adjust_right': 0, 'expire': None, 'key': None, 'widget': None, 'events_when_added': [], 'events_when_removed': [], 'fps': 10, 'loops': -1, 'auto_play': True, 'start_frame': 0, 'rotation': 0, 'scale': 1.0, 'animations': None}], 'target': None, 'background_color': [0.0, 0.0, 0.0, 1.0], 'priority': None, 'show': True, 'force': False, 'expire': None, 'slide': None, 'tokens': {}, 'action': 'play'}}, 'context': 'show_13', 'calling_context': 0, 'priority': 10, 'show_tokens': {}, 'start_time': 1527.733}
2022-08-22 17:40:57,923 : mpfmc : SlidePlayer: Play called with settings={'widgets': {'widgets': [{'type': 'text', 'text': 'GAME OVER', 'font_size': 50, 'font_name': 'space_font', '_default_settings': ['type', 'text', 'font_size', 'font_name'], 'x': None, 'y': None, 'anchor_x': 'center', 'anchor_y': 'center', 'round_anchor_x': None, 'round_anchor_y': None, 'opacity': 1.0, 'z': 0, 'reset_animations_events': {}, 'color': [1.0, 1.0, 1.0, 1.0], 'style': [], 'adjust_top': 0, 'adjust_bottom': 0, 'adjust_left': 0, 'adjust_right': 0, 'expire': None, 'key': None, 'widget': None, 'events_when_added': [], 'events_when_removed': [], 'bitmap_font': False, 'font_kerning': True, 'bold': False, 'italic': False, 'number_grouping': False, 'min_digits': 0, 'halign': 'center', 'valign': 'middle', 'rotation': 0, 'scale': 1.0, 'casing': None, 'animations': None}, {'type': 'image', 'image': 'attract_background', '_default_settings': ['type', 'image'], 'x': None, 'y': None, 'anchor_x': 'center', 'anchor_y': 'center', 'round_anchor_x': None, 'round_anchor_y': None, 'opacity': 1.0, 'z': 0, 'reset_animations_events': {}, 'color': [1.0, 1.0, 1.0, 1.0], 'style': [], 'adjust_top': 0, 'adjust_bottom': 0, 'adjust_left': 0, 'adjust_right': 0, 'expire': None, 'key': None, 'widget': None, 'events_when_added': [], 'events_when_removed': [], 'fps': 10, 'loops': -1, 'auto_play': True, 'start_frame': 0, 'rotation': 0, 'scale': 1.0, 'animations': None}], 'target': None, 'background_color': [0.0, 0.0, 0.0, 1.0], 'priority': None, 'show': True, 'force': False, 'expire': None, 'slide': None, 'tokens': {}, 'action': 'play'}}
2022-08-22 17:40:57,930 : EventManager : Event: ======'slide_show_13.slide_player-0_created'====== Args={}
2022-08-22 17:40:57,933 : EventManager : Event: ======'slide_show_13.slide_player-0_active'====== Args={}
2022-08-22 17:40:59,863 : EventManager : Event: ======'game_started'====== Args={}
2022-08-22 17:40:59,863 : EventManager : Event: ======'slides_clear'====== Args={'context': 'show_13'}
2022-08-22 17:40:59,864 : EventManager : Event: ======'slide_show_13.slide_player-0_removed'====== Args={}
2022-08-22 17:40:59,865 : EventManager : Event: ======'slide_window1_blank_active'====== Args={}
2022-08-22 17:40:59,887 : EventManager : Event: ======'player_added'====== Args={'player': <Player 1>, 'num': 1}
2022-08-22 17:40:59,887 : EventManager : Event: ======'player_index'====== Args={'value': 0, 'prev_value': 0, 'change': 0, 'player_num': 1}
2022-08-22 17:40:59,887 : EventManager : Event: ======'player_number'====== Args={'value': 1, 'prev_value': 1, 'change': 0, 'player_num': 1}
2022-08-22 17:40:59,887 : EventManager : Event: ======'player_score'====== Args={'value': 0, 'prev_value': 0, 'change': 0, 'player_num': 1}
2022-08-22 17:40:59,888 : EventManager : Event: ======'player_mode_value'====== Args={'value': 1000000, 'prev_value': 0, 'change': 1000000, 'player_num': 1}
2022-08-22 17:40:59,888 : EventManager : Event: ======'player_bonus_multiplier'====== Args={'value': 1, 'prev_value': 0, 'change': 1, 'player_num': 1}
2022-08-22 17:40:59,888 : EventManager : Event: ======'player_playfield_multiplier'====== Args={'value': 1, 'prev_value': 0, 'change': 1, 'player_num': 1}
2022-08-22 17:40:59,924 : EventManager : Event: ======'player_ball'====== Args={'value': 1, 'prev_value': 0, 'change': 1, 'player_num': 1}
2022-08-22 17:40:59,924 : EventManager : Event: ======'player_turn_start'====== Args={'number': 1, 'player': <Player 1>}
2022-08-22 17:40:59,936 : EventManager : Event: ======'player_shot_l_lane_enabled'====== Args={'value': True, 'prev_value': 0, 'change': 1, 'player_num': 1}
2022-08-22 17:40:59,936 : EventManager : Event: ======'player_shot_r_lane_enabled'====== Args={'value': True, 'prev_value': 0, 'change': 1, 'player_num': 1}
2022-08-22 17:40:59,936 : EventManager : Event: ======'player_shot_center_target_enabled'====== Args={'value': True, 'prev_value': 0, 'change': 1, 'player_num': 1}
2022-08-22 17:40:59,936 : EventManager : Event: ======'player_extra_ball_two_modes_complete_num_awarded'====== Args={'value': 0, 'prev_value': 0, 'change': 0, 'player_num': 1}
2022-08-22 17:40:59,948 : EventManager : Event: ======'sounds_play'====== Args={'settings': {'default': {'action': 'stop', 'priority': 400, 'block': False, 'delay': None, 'track': None, 'volume': None, 'pan': None, 'loops': None, 'start_at': None, 'fade_in': None, 'fade_out': None, 'about_to_finish_time': -1.0, 'max_queue_time': -1.0, 'events_when_played': ['use_sound_setting'], 'events_when_stopped': ['use_sound_setting'], 'events_when_looping': ['use_sound_setting'], 'events_when_about_to_finish': ['use_sound_setting'], 'mode_end_action': 'use_sound_setting', 'key': 'use_sound_setting'}, 'shooter_waiting': {'action': 'play', 'loops': -1, 'priority': None, 'block': False, 'delay': None, 'track': None, 'volume': None, 'pan': None, 'start_at': None, 'fade_in': None, 'fade_out': None, 'about_to_finish_time': -1.0, 'max_queue_time': -1.0, 'events_when_played': ['use_sound_setting'], 'events_when_stopped': ['use_sound_setting'], 'events_when_looping': ['use_sound_setting'], 'events_when_about_to_finish': ['use_sound_setting'], 'mode_end_action': 'use_sound_setting', 'key': 'use_sound_setting'}}, 'context': '_global', 'calling_context': 'ball_started', 'priority': 0, 'player': 1, 'ball': 1, 'balls_remaining': 2, 'is_extra_ball': False}
2022-08-22 17:40:59,948 : EventManager : Event: ======'player_shot_warp_advance_enabled'====== Args={'value': True, 'prev_value': 0, 'change': 1, 'player_num': 1}
2022-08-22 17:40:59,949 : EventManager : Event: ======'player_shot_galaxy_advance_enabled'====== Args={'value': True, 'prev_value': 0, 'change': 1, 'player_num': 1}
2022-08-22 17:40:59,960 : EventManager : Event: ======'player_shot_portal_advance_enabled'====== Args={'value': True, 'prev_value': 0, 'change': 1, 'player_num': 1}
2022-08-22 17:40:59,960 : EventManager : Event: ======'slides_play'====== Args={'settings': {'score_slide': {'target': None, 'background_color': [0.0, 0.0, 0.0, 1.0], 'priority': None, 'show': True, 'force': False, 'expire': None, 'slide': None, 'tokens': {}, 'action': 'play'}}, 'context': 'base', 'calling_context': 'mode_base_started', 'priority': 100, 'player': 1, 'ball': 1, 'balls_remaining': 2, 'is_extra_ball': False}
2022-08-22 17:40:59,960 : mpfmc : SlidePlayer: Play called with settings={'score_slide': {'target': None, 'background_color': [0.0, 0.0, 0.0, 1.0], 'priority': None, 'show': True, 'force': False, 'expire': None, 'slide': None, 'tokens': {}, 'action': 'play'}}
2022-08-22 17:40:59,976 : EventManager : Event: ======'slide_score_slide_created'====== Args={}
2022-08-22 17:40:59,992 : EventManager : Event: ======'slide_score_slide_active'====== Args={}
2022-08-22 17:41:00,000 : EventManager : Event: ======'sounds_play'====== Args={'settings': {'default': {'action': 'play', 'loops': -1, 'track': 'music', 'priority': None, 'block': False, 'delay': None, 'volume': None, 'pan': None, 'start_at': None, 'fade_in': None, 'fade_out': None, 'about_to_finish_time': -1.0, 'max_queue_time': -1.0, 'events_when_played': ['use_sound_setting'], 'events_when_stopped': ['use_sound_setting'], 'events_when_looping': ['use_sound_setting'], 'events_when_about_to_finish': ['use_sound_setting'], 'mode_end_action': 'use_sound_setting', 'key': 'use_sound_setting'}, 'mode_theme': {'action': 'stop', 'priority': None, 'block': False, 'delay': None, 'track': None, 'volume': None, 'pan': None, 'loops': None, 'start_at': None, 'fade_in': None, 'fade_out': None, 'about_to_finish_time': -1.0, 'max_queue_time': -1.0, 'events_when_played': ['use_sound_setting'], 'events_when_stopped': ['use_sound_setting'], 'events_when_looping': ['use_sound_setting'], 'events_when_about_to_finish': ['use_sound_setting'], 'mode_end_action': 'use_sound_setting', 'key': 'use_sound_setting'}}, 'context': '_global', 'calling_context': 'mode_spell_portal_started', 'priority': 0, 'player': 1, 'ball': 1, 'balls_remaining': 2, 'is_extra_ball': False}
2022-08-22 17:41:00,310 : EventManager : Event: ======'machine_var_audits_switches_s_action_button'====== Args={'value': 4000, 'prev_value': 3999, 'change': 1}
2022-08-22 17:41:00,501 : EventManager : Event: ======'sounds_play'====== Args={'settings': {'shooter_waiting': {'action': 'stop', 'priority': None, 'block': False, 'delay': None, 'track': None, 'volume': None, 'pan': None, 'loops': None, 'start_at': None, 'fade_in': None, 'fade_out': None, 'about_to_finish_time': -1.0, 'max_queue_time': -1.0, 'events_when_played': ['use_sound_setting'], 'events_when_stopped': ['use_sound_setting'], 'events_when_looping': ['use_sound_setting'], 'events_when_about_to_finish': ['use_sound_setting'], 'mode_end_action': 'use_sound_setting', 'key': 'use_sound_setting'}, 'default': {'action': 'play', 'loops': -1, 'track': 'music', 'priority': None, 'block': False, 'delay': None, 'volume': None, 'pan': None, 'start_at': None, 'fade_in': None, 'fade_out': None, 'about_to_finish_time': -1.0, 'max_queue_time': -1.0, 'events_when_played': ['use_sound_setting'], 'events_when_stopped': ['use_sound_setting'], 'events_when_looping': ['use_sound_setting'], 'events_when_about_to_finish': ['use_sound_setting'], 'mode_end_action': 'use_sound_setting', 'key': 'use_sound_setting'}}, 'context': '_global', 'calling_context': 's_drain_inactive', 'priority': 0}
2022-08-22 17:41:01,029 : EventManager : Event: ======'machine_var_audits_switches_s_left_sling'====== Args={'value': 6928, 'prev_value': 6927, 'change': 1}
2022-08-22 17:41:01,029 : EventManager : Event: ======'player_score'====== Args={'value': 1110, 'prev_value': 0, 'change': 1110, 'player_num': 1}
2022-08-22 17:41:01,029 : EventManager : Event: ======'player_switches'====== Args={'value': 1, 'prev_value': 0, 'change': 1, 'player_num': 1}
2022-08-22 17:41:01,732 : EventManager : Event: ======'machine_var_audits_switches_s_left_flipper'====== Args={'value': 34909, 'prev_value': 34908, 'change': 1}
2022-08-22 17:41:02,196 : EventManager : Event: ======'machine_var_audits_switches_s_left_sling'====== Args={'value': 6929, 'prev_value': 6928, 'change': 1}
2022-08-22 17:41:02,196 : EventManager : Event: ======'player_score'====== Args={'value': 2220, 'prev_value': 1110, 'change': 1110, 'player_num': 1}
2022-08-22 17:41:02,196 : EventManager : Event: ======'player_switches'====== Args={'value': 2, 'prev_value': 1, 'change': 1, 'player_num': 1}
2022-08-22 17:41:02,689 : EventManager : Event: ======'machine_var_audits_switches_s_left_flipper'====== Args={'value': 34910, 'prev_value': 34909, 'change': 1}
2022-08-22 17:41:03,941 : EventManager : Event: ======'machine_var_audits_switches_s_left_inlane_far'====== Args={'value': 4245, 'prev_value': 4244, 'change': 1}
2022-08-22 17:41:03,941 : EventManager : Event: ======'player_shot_galaxy_advance'====== Args={'value': 1, 'prev_value': 0, 'change': 1, 'player_num': 1}
2022-08-22 17:41:03,941 : EventManager : Event: ======'machine_var_audits_shots_galaxy_advance'====== Args={'value': 2363, 'prev_value': 2362, 'change': 1}
2022-08-22 17:41:03,941 : EventManager : Event: ======'player_score'====== Args={'value': 32220, 'prev_value': 2220, 'change': 30000, 'player_num': 1}
2022-08-22 17:41:03,942 : EventManager : Event: ======'player_switches'====== Args={'value': 3, 'prev_value': 2, 'change': 1, 'player_num': 1}
2022-08-22 17:41:03,942 : EventManager : Event: ======'player_combos_combo_timer_tick'====== Args={'value': 6, 'prev_value': 0, 'change': 6, 'player_num': 1}
2022-08-22 17:41:04,415 : EventManager : Event: ======'machine_var_audits_switches_s_left_flipper'====== Args={'value': 34911, 'prev_value': 34910, 'change': 1}
2022-08-22 17:41:04,427 : EventManager : Event: ======'player_combos_combo_timer_tick'====== Args={'value': 5, 'prev_value': 6, 'change': -1, 'player_num': 1}
2022-08-22 17:41:04,931 : EventManager : Event: ======'player_combos_combo_timer_tick'====== Args={'value': 4, 'prev_value': 5, 'change': -1, 'player_num': 1}
2022-08-22 17:41:05,136 : EventManager : Event: ======'machine_var_audits_switches_s_left_flipper'====== Args={'value': 34912, 'prev_value': 34911, 'change': 1}
2022-08-22 17:41:05,433 : EventManager : Event: ======'player_combos_combo_timer_tick'====== Args={'value': 3, 'prev_value': 4, 'change': -1, 'player_num': 1}
2022-08-22 17:41:05,936 : EventManager : Event: ======'player_combos_combo_timer_tick'====== Args={'value': 2, 'prev_value': 3, 'change': -1, 'player_num': 1}
2022-08-22 17:41:06,038 : EventManager : Event: ======'machine_var_audits_switches_s_right_spinner'====== Args={'value': 16580, 'prev_value': 16579, 'change': 1}
2022-08-22 17:41:06,038 : EventManager : Event: ======'player_score'====== Args={'value': 42220, 'prev_value': 32220, 'change': 10000, 'player_num': 1}
2022-08-22 17:41:06,038 : EventManager : Event: ======'player_score'====== Args={'value': 43250, 'prev_value': 42220, 'change': 1030, 'player_num': 1}
2022-08-22 17:41:06,038 : EventManager : Event: ======'player_switches'====== Args={'value': 4, 'prev_value': 3, 'change': 1, 'player_num': 1}
2022-08-22 17:41:06,039 : EventManager : Event: ======'player_mode_value'====== Args={'value': 1010000, 'prev_value': 1000000, 'change': 10000, 'player_num': 1}
2022-08-22 17:41:06,425 : EventManager : Event: ======'player_combos_combo_timer_tick'====== Args={'value': 1, 'prev_value': 2, 'change': -1, 'player_num': 1}
2022-08-22 17:41:06,928 : EventManager : Event: ======'player_combos_combo_timer_tick'====== Args={'value': 0, 'prev_value': 1, 'change': -1, 'player_num': 1}
2022-08-22 17:41:07,727 : EventManager : Event: ======'machine_var_audits_switches_s_left_flipper'====== Args={'value': 34913, 'prev_value': 34912, 'change': 1}
2022-08-22 17:41:08,074 : EventManager : Event: ======'machine_var_audits_switches_s_drop_target1'====== Args={'value': 1872, 'prev_value': 1871, 'change': 1}
2022-08-22 17:41:08,074 : EventManager : Event: ======'player_score'====== Args={'value': 47750, 'prev_value': 43250, 'change': 4500, 'player_num': 1}
2022-08-22 17:41:08,074 : EventManager : Event: ======'player_switches'====== Args={'value': 5, 'prev_value': 4, 'change': 1, 'player_num': 1}
2022-08-22 17:41:08,379 : EventManager : Event: ======'machine_var_audits_switches_s_right_flipper'====== Args={'value': 32209, 'prev_value': 32208, 'change': 1}
2022-08-22 17:41:09,425 : EventManager : Event: ======'machine_var_audits_switches_s_right_flipper'====== Args={'value': 32210, 'prev_value': 32209, 'change': 1}
2022-08-22 17:41:09,940 : EventManager : Event: ======'machine_var_audits_switches_s_drop_target2'====== Args={'value': 2185, 'prev_value': 2184, 'change': 1}
2022-08-22 17:41:09,940 : EventManager : Event: ======'player_score'====== Args={'value': 52250, 'prev_value': 47750, 'change': 4500, 'player_num': 1}
2022-08-22 17:41:09,940 : EventManager : Event: ======'player_switches'====== Args={'value': 6, 'prev_value': 5, 'change': 1, 'player_num': 1}
2022-08-22 17:41:10,404 : EventManager : Event: ======'machine_var_audits_switches_s_left_flipper'====== Args={'value': 34914, 'prev_value': 34913, 'change': 1}
2022-08-22 17:41:11,578 : EventManager : Event: ======'machine_var_audits_switches_s_right_flipper'====== Args={'value': 32211, 'prev_value': 32210, 'change': 1}
2022-08-22 17:41:12,210 : EventManager : Event: ======'machine_var_audits_switches_s_left_inlane_far'====== Args={'value': 4246, 'prev_value': 4245, 'change': 1}
2022-08-22 17:41:12,210 : EventManager : Event: ======'machine_var_audits_shots_galaxy_advance'====== Args={'value': 2364, 'prev_value': 2363, 'change': 1}
2022-08-22 17:41:12,210 : EventManager : Event: ======'player_score'====== Args={'value': 82250, 'prev_value': 52250, 'change': 30000, 'player_num': 1}
2022-08-22 17:41:12,217 : EventManager : Event: ======'player_switches'====== Args={'value': 7, 'prev_value': 6, 'change': 1, 'player_num': 1}
2022-08-22 17:41:12,217 : EventManager : Event: ======'player_combos_combo_timer_tick'====== Args={'value': 6, 'prev_value': 0, 'change': 6, 'player_num': 1}
2022-08-22 17:41:12,718 : EventManager : Event: ======'player_combos_combo_timer_tick'====== Args={'value': 5, 'prev_value': 6, 'change': -1, 'player_num': 1}
2022-08-22 17:41:12,912 : EventManager : Event: ======'machine_var_audits_switches_s_left_inlane_far'====== Args={'value': 4247, 'prev_value': 4246, 'change': 1}
2022-08-22 17:41:12,912 : EventManager : Event: ======'machine_var_audits_shots_galaxy_advance'====== Args={'value': 2365, 'prev_value': 2364, 'change': 1}
2022-08-22 17:41:12,924 : EventManager : Event: ======'player_score'====== Args={'value': 112250, 'prev_value': 82250, 'change': 30000, 'player_num': 1}
2022-08-22 17:41:12,924 : EventManager : Event: ======'player_switches'====== Args={'value': 8, 'prev_value': 7, 'change': 1, 'player_num': 1}
2022-08-22 17:41:12,924 : EventManager : Event: ======'player_combos_combo_timer_tick'====== Args={'value': 6, 'prev_value': 5, 'change': 1, 'player_num': 1}
2022-08-22 17:41:13,215 : EventManager : Event: ======'machine_var_audits_switches_s_left_flipper'====== Args={'value': 34915, 'prev_value': 34914, 'change': 1}
2022-08-22 17:41:13,422 : EventManager : Event: ======'player_combos_combo_timer_tick'====== Args={'value': 5, 'prev_value': 6, 'change': -1, 'player_num': 1}
2022-08-22 17:41:13,912 : EventManager : Event: ======'player_combos_combo_timer_tick'====== Args={'value': 4, 'prev_value': 5, 'change': -1, 'player_num': 1}
2022-08-22 17:41:14,415 : EventManager : Event: ======'player_combos_combo_timer_tick'====== Args={'value': 3, 'prev_value': 4, 'change': -1, 'player_num': 1}
2022-08-22 17:41:14,657 : EventManager : Event: ======'machine_var_audits_switches_s_right_flipper'====== Args={'value': 32212, 'prev_value': 32211, 'change': 1}
2022-08-22 17:41:14,916 : EventManager : Event: ======'player_combos_combo_timer_tick'====== Args={'value': 2, 'prev_value': 3, 'change': -1, 'player_num': 1}
2022-08-22 17:41:15,145 : EventManager : Event: ======'machine_var_audits_switches_s_left_inlane_far'====== Args={'value': 4248, 'prev_value': 4247, 'change': 1}
2022-08-22 17:41:15,145 : EventManager : Event: ======'player_combo'====== Args={'value': 1, 'prev_value': 0, 'change': 1, 'player_num': 1}
2022-08-22 17:41:15,145 : EventManager : Event: ======'player_combo_value'====== Args={'value': 25000, 'prev_value': 0, 'change': 25000, 'player_num': 1}
2022-08-22 17:41:15,145 : EventManager : Event: ======'player_score'====== Args={'value': 137250, 'prev_value': 112250, 'change': 25000, 'player_num': 1}
2022-08-22 17:41:15,146 : EventManager : Event: ======'slides_play'====== Args={'settings': {'combo_slide': {'target': None, 'background_color': [0.0, 0.0, 0.0, 1.0], 'priority': None, 'show': True, 'force': False, 'expire': None, 'slide': None, 'tokens': {}, 'action': 'play'}}, 'context': 'combos', 'calling_context': 's_left_inlane_far_active{device.timers.combo_timer.ticks==2}', 'priority': 700}
2022-08-22 17:41:15,146 : EventManager : Event: ======'machine_var_audits_shots_galaxy_advance'====== Args={'value': 2366, 'prev_value': 2365, 'change': 1}
2022-08-22 17:41:15,146 : EventManager : Event: ======'player_score'====== Args={'value': 167250, 'prev_value': 137250, 'change': 30000, 'player_num': 1}
2022-08-22 17:41:15,146 : EventManager : Event: ======'player_switches'====== Args={'value': 9, 'prev_value': 8, 'change': 1, 'player_num': 1}
2022-08-22 17:41:15,146 : EventManager : Event: ======'player_combos_combo_timer_tick'====== Args={'value': 6, 'prev_value': 2, 'change': 4, 'player_num': 1}
2022-08-22 17:41:15,148 : mpfmc : SlidePlayer: Play called with settings={'combo_slide': {'target': None, 'background_color': [0.0, 0.0, 0.0, 1.0], 'priority': None, 'show': True, 'force': False, 'expire': None, 'slide': None, 'tokens': {}, 'action': 'play'}}
2022-08-22 17:41:15,166 : EventManager : Event: ======'slide_combo_slide_created'====== Args={}
2022-08-22 17:41:15,175 : EventManager : Event: ======'slide_combo_slide_active'====== Args={}
2022-08-22 17:41:15,632 : EventManager : Event: ======'player_combos_combo_timer_tick'====== Args={'value': 5, 'prev_value': 6, 'change': -1, 'player_num': 1}
2022-08-22 17:41:15,969 : EventManager : Event: ======'machine_var_audits_switches_s_left_inlane_far'====== Args={'value': 4249, 'prev_value': 4248, 'change': 1}
2022-08-22 17:41:15,969 : EventManager : Event: ======'machine_var_audits_shots_galaxy_advance'====== Args={'value': 2367, 'prev_value': 2366, 'change': 1}
2022-08-22 17:41:15,969 : EventManager : Event: ======'player_score'====== Args={'value': 197250, 'prev_value': 167250, 'change': 30000, 'player_num': 1}
2022-08-22 17:41:15,969 : EventManager : Event: ======'player_switches'====== Args={'value': 10, 'prev_value': 9, 'change': 1, 'player_num': 1}
2022-08-22 17:41:15,981 : EventManager : Event: ======'player_combos_combo_timer_tick'====== Args={'value': 6, 'prev_value': 5, 'change': 1, 'player_num': 1}
2022-08-22 17:41:16,150 : EventManager : Event: ======'machine_var_audits_switches_s_left_flipper'====== Args={'value': 34916, 'prev_value': 34915, 'change': 1}
2022-08-22 17:41:16,460 : EventManager : Event: ======'player_combos_combo_timer_tick'====== Args={'value': 5, 'prev_value': 6, 'change': -1, 'player_num': 1}
2022-08-22 17:41:16,962 : EventManager : Event: ======'player_combos_combo_timer_tick'====== Args={'value': 4, 'prev_value': 5, 'change': -1, 'player_num': 1}
2022-08-22 17:41:17,140 : EventManager : Event: ======'slide_combo_slide_removed'====== Args={}
2022-08-22 17:41:17,141 : EventManager : Event: ======'slide_score_slide_active'====== Args={}
2022-08-22 17:41:17,461 : EventManager : Event: ======'player_combos_combo_timer_tick'====== Args={'value': 3, 'prev_value': 4, 'change': -1, 'player_num': 1}
2022-08-22 17:41:17,678 : EventManager : Event: ======'machine_var_audits_switches_s_right_flipper'====== Args={'value': 32213, 'prev_value': 32212, 'change': 1}
2022-08-22 17:41:17,963 : EventManager : Event: ======'player_combos_combo_timer_tick'====== Args={'value': 2, 'prev_value': 3, 'change': -1, 'player_num': 1}
2022-08-22 17:41:18,452 : EventManager : Event: ======'player_combos_combo_timer_tick'====== Args={'value': 1, 'prev_value': 2, 'change': -1, 'player_num': 1}
2022-08-22 17:41:18,565 : EventManager : Event: ======'machine_var_audits_switches_s_drain'====== Args={'value': 2751, 'prev_value': 2750, 'change': 1}
2022-08-22 17:41:18,759 : EventManager : Event: ======'sounds_play'====== Args={'settings': {'shooter_waiting': {'action': 'stop', 'priority': None, 'block': False, 'delay': None, 'track': None, 'volume': None, 'pan': None, 'loops': None, 'start_at': None, 'fade_in': None, 'fade_out': None, 'about_to_finish_time': -1.0, 'max_queue_time': -1.0, 'events_when_played': ['use_sound_setting'], 'events_when_stopped': ['use_sound_setting'], 'events_when_looping': ['use_sound_setting'], 'events_when_about_to_finish': ['use_sound_setting'], 'mode_end_action': 'use_sound_setting', 'key': 'use_sound_setting'}, 'default': {'action': 'play', 'loops': -1, 'track': 'music', 'priority': None, 'block': False, 'delay': None, 'volume': None, 'pan': None, 'start_at': None, 'fade_in': None, 'fade_out': None, 'about_to_finish_time': -1.0, 'max_queue_time': -1.0, 'events_when_played': ['use_sound_setting'], 'events_when_stopped': ['use_sound_setting'], 'events_when_looping': ['use_sound_setting'], 'events_when_about_to_finish': ['use_sound_setting'], 'mode_end_action': 'use_sound_setting', 'key': 'use_sound_setting'}}, 'context': '_global', 'calling_context': 's_drain_inactive', 'priority': 0}
2022-08-22 17:41:18,954 : EventManager : Event: ======'player_combos_combo_timer_tick'====== Args={'value': 0, 'prev_value': 1, 'change': -1, 'player_num': 1}
2022-08-22 17:41:20,577 : EventManager : Event: ======'machine_var_audits_switches_s_right_flipper'====== Args={'value': 32214, 'prev_value': 32213, 'change': 1}
2022-08-22 17:41:20,953 : EventManager : Event: ======'machine_var_audits_switches_s_drop_target3'====== Args={'value': 2613, 'prev_value': 2612, 'change': 1}
2022-08-22 17:41:20,953 : EventManager : Event: ======'player_shot_warp_advance'====== Args={'value': 1, 'prev_value': 0, 'change': 1, 'player_num': 1}
2022-08-22 17:41:20,953 : EventManager : Event: ======'machine_var_audits_shots_warp_advance'====== Args={'value': 1106, 'prev_value': 1105, 'change': 1}
2022-08-22 17:41:20,953 : EventManager : Event: ======'player_shot_center_target'====== Args={'value': 1, 'prev_value': 0, 'change': 1, 'player_num': 1}
2022-08-22 17:41:20,954 : EventManager : Event: ======'machine_var_audits_shots_center_target'====== Args={'value': 168, 'prev_value': 167, 'change': 1}
2022-08-22 17:41:20,954 : EventManager : Event: ======'player_score'====== Args={'value': 201750, 'prev_value': 197250, 'change': 4500, 'player_num': 1}
2022-08-22 17:41:20,954 : EventManager : Event: ======'player_switches'====== Args={'value': 11, 'prev_value': 10, 'change': 1, 'player_num': 1}
2022-08-22 17:41:20,973 : EventManager : Event: ======'machine_var_audits_switches_s_drop_target4'====== Args={'value': 2083, 'prev_value': 2082, 'change': 1}
2022-08-22 17:41:20,973 : EventManager : Event: ======'player_score'====== Args={'value': 206250, 'prev_value': 201750, 'change': 4500, 'player_num': 1}
2022-08-22 17:41:20,973 : EventManager : Event: ======'player_switches'====== Args={'value': 12, 'prev_value': 11, 'change': 1, 'player_num': 1}
2022-08-22 17:41:21,253 : EventManager : Event: ======'machine_var_audits_switches_s_right_flipper'====== Args={'value': 32215, 'prev_value': 32214, 'change': 1}
2022-08-22 17:41:21,356 : EventManager : Event: ======'machine_var_audits_switches_s_right_flipper'====== Args={'value': 32216, 'prev_value': 32215, 'change': 1}
2022-08-22 17:41:21,897 : EventManager : Event: ======'machine_var_audits_switches_s_right_flipper'====== Args={'value': 32217, 'prev_value': 32216, 'change': 1}
2022-08-22 17:41:25,245 : EventManager : Event: ======'machine_var_audits_switches_s_right_flipper'====== Args={'value': 32218, 'prev_value': 32217, 'change': 1}
2022-08-22 17:41:27,902 : EventManager : Event: ======'machine_var_audits_switches_s_right_flipper'====== Args={'value': 32219, 'prev_value': 32218, 'change': 1}
2022-08-22 17:41:28,793 : EventManager : Event: ======'machine_var_audits_switches_s_right_kicker'====== Args={'value': 1718, 'prev_value': 1717, 'change': 1}
2022-08-22 17:41:28,793 : EventManager : Event: ======'player_score'====== Args={'value': 221250, 'prev_value': 206250, 'change': 15000, 'player_num': 1}
2022-08-22 17:41:30,577 : EventManager : Event: ======'machine_var_audits_switches_s_right_flipper'====== Args={'value': 32220, 'prev_value': 32219, 'change': 1}
2022-08-22 17:41:31,649 : EventManager : Event: ======'machine_var_audits_switches_s_left_flipper'====== Args={'value': 34917, 'prev_value': 34916, 'change': 1}
2022-08-22 17:41:31,960 : EventManager : Event: ======'machine_var_audits_switches_s_left_flipper'====== Args={'value': 34918, 'prev_value': 34917, 'change': 1}
2022-08-22 17:41:33,472 : EventManager : Event: ======'machine_var_audits_switches_s_left_flipper'====== Args={'value': 34919, 'prev_value': 34918, 'change': 1}
2022-08-22 17:41:34,853 : EventManager : Event: ======'machine_var_audits_switches_s_left_flipper'====== Args={'value': 34920, 'prev_value': 34919, 'change': 1}
2022-08-22 17:41:35,123 : EventManager : Event: ======'machine_var_audits_switches_s_left_spinner'====== Args={'value': 20625, 'prev_value': 20624, 'change': 1}
2022-08-22 17:41:35,123 : EventManager : Event: ======'player_score'====== Args={'value': 222280, 'prev_value': 221250, 'change': 1030, 'player_num': 1}
2022-08-22 17:41:35,123 : EventManager : Event: ======'player_switches'====== Args={'value': 13, 'prev_value': 12, 'change': 1, 'player_num': 1}
2022-08-22 17:41:35,123 : EventManager : Event: ======'player_mode_value'====== Args={'value': 1020000, 'prev_value': 1010000, 'change': 10000, 'player_num': 1}
2022-08-22 17:41:37,409 : EventManager : Event: ======'machine_var_audits_switches_s_right_flipper'====== Args={'value': 32221, 'prev_value': 32220, 'change': 1}
2022-08-22 17:41:38,166 : EventManager : Event: ======'machine_var_audits_switches_s_right_flipper'====== Args={'value': 32222, 'prev_value': 32221, 'change': 1}
2022-08-22 17:41:38,901 : EventManager : Event: ======'machine_var_audits_switches_s_drain'====== Args={'value': 2752, 'prev_value': 2751, 'change': 1}
2022-08-22 17:41:39,248 : EventManager : Event: ======'sounds_play'====== Args={'settings': {'shooter_waiting': {'action': 'stop', 'priority': None, 'block': False, 'delay': None, 'track': None, 'volume': None, 'pan': None, 'loops': None, 'start_at': None, 'fade_in': None, 'fade_out': None, 'about_to_finish_time': -1.0, 'max_queue_time': -1.0, 'events_when_played': ['use_sound_setting'], 'events_when_stopped': ['use_sound_setting'], 'events_when_looping': ['use_sound_setting'], 'events_when_about_to_finish': ['use_sound_setting'], 'mode_end_action': 'use_sound_setting', 'key': 'use_sound_setting'}, 'default': {'action': 'play', 'loops': -1, 'track': 'music', 'priority': None, 'block': False, 'delay': None, 'volume': None, 'pan': None, 'start_at': None, 'fade_in': None, 'fade_out': None, 'about_to_finish_time': -1.0, 'max_queue_time': -1.0, 'events_when_played': ['use_sound_setting'], 'events_when_stopped': ['use_sound_setting'], 'events_when_looping': ['use_sound_setting'], 'events_when_about_to_finish': ['use_sound_setting'], 'mode_end_action': 'use_sound_setting', 'key': 'use_sound_setting'}}, 'context': '_global', 'calling_context': 's_drain_inactive', 'priority': 0}
2022-08-22 17:41:41,070 : EventManager : Event: ======'machine_var_audits_switches_s_right_flipper'====== Args={'value': 32223, 'prev_value': 32222, 'change': 1}
2022-08-22 17:41:44,246 : EventManager : Event: ======'machine_var_audits_switches_s_right_flipper'====== Args={'value': 32224, 'prev_value': 32223, 'change': 1}
2022-08-22 17:41:45,139 : EventManager : Event: ======'machine_var_audits_switches_s_right_flipper'====== Args={'value': 32225, 'prev_value': 32224, 'change': 1}
2022-08-22 17:41:46,622 : EventManager : Event: ======'machine_var_audits_switches_s_right_flipper'====== Args={'value': 32226, 'prev_value': 32225, 'change': 1}
2022-08-22 17:41:46,995 : EventManager : Event: ======'machine_var_audits_switches_s_left_inlane_far'====== Args={'value': 4250, 'prev_value': 4249, 'change': 1}
2022-08-22 17:41:46,995 : EventManager : Event: ======'machine_var_audits_shots_galaxy_advance'====== Args={'value': 2368, 'prev_value': 2367, 'change': 1}
2022-08-22 17:41:46,995 : EventManager : Event: ======'player_score'====== Args={'value': 252280, 'prev_value': 222280, 'change': 30000, 'player_num': 1}
2022-08-22 17:41:46,995 : EventManager : Event: ======'player_switches'====== Args={'value': 14, 'prev_value': 13, 'change': 1, 'player_num': 1}
2022-08-22 17:41:46,996 : EventManager : Event: ======'player_combos_combo_timer_tick'====== Args={'value': 6, 'prev_value': 0, 'change': 6, 'player_num': 1}
2022-08-22 17:41:47,003 : EventManager : Event: ======'player_playfield_multiplier'====== Args={'value': 2, 'prev_value': 1, 'change': 1, 'player_num': 1}
2022-08-22 17:41:47,004 : EventManager : Event: ======'widgets_play'====== Args={'settings': {'playfield_x_timer_widget': {'priority': 10000, 'slide': None, 'action': 'add', 'key': None, 'target': None}}, 'context': 'playfield_multiplier', 'calling_context': 'mode_playfield_multiplier_started', 'priority': 10000}
2022-08-22 17:41:47,004 : EventManager : Event: ======'player_playfield_x_timer_seconds'====== Args={'value': 75, 'prev_value': 0, 'change': 75, 'player_num': 1}
2022-08-22 17:41:47,489 : EventManager : Event: ======'player_combos_combo_timer_tick'====== Args={'value': 5, 'prev_value': 6, 'change': -1, 'player_num': 1}
2022-08-22 17:41:47,992 : EventManager : Event: ======'player_combos_combo_timer_tick'====== Args={'value': 4, 'prev_value': 5, 'change': -1, 'player_num': 1}
2022-08-22 17:41:48,186 : EventManager : Event: ======'player_playfield_multiplier_playfield_x_timer_tick'====== Args={'value': 74, 'prev_value': 0, 'change': 74, 'player_num': 1}
2022-08-22 17:41:48,198 : EventManager : Event: ======'player_playfield_x_timer_seconds'====== Args={'value': 74, 'prev_value': 75, 'change': -1, 'player_num': 1}
2022-08-22 17:41:48,489 : EventManager : Event: ======'player_combos_combo_timer_tick'====== Args={'value': 3, 'prev_value': 4, 'change': -1, 'player_num': 1}
2022-08-22 17:41:48,992 : EventManager : Event: ======'player_combos_combo_timer_tick'====== Args={'value': 2, 'prev_value': 3, 'change': -1, 'player_num': 1}
2022-08-22 17:41:49,004 : EventManager : Event: ======'machine_var_audits_switches_s_left_inlane_far'====== Args={'value': 4251, 'prev_value': 4250, 'change': 1}
2022-08-22 17:41:49,016 : EventManager : Event: ======'player_combo'====== Args={'value': 2, 'prev_value': 1, 'change': 1, 'player_num': 1}
2022-08-22 17:41:49,016 : EventManager : Event: ======'player_combo_value'====== Args={'value': 50000, 'prev_value': 25000, 'change': 25000, 'player_num': 1}
2022-08-22 17:41:49,028 : EventManager : Event: ======'player_score'====== Args={'value': 352280, 'prev_value': 252280, 'change': 100000, 'player_num': 1}
2022-08-22 17:41:49,028 : EventManager : Event: ======'slides_play'====== Args={'settings': {'combo_slide': {'target': None, 'background_color': [0.0, 0.0, 0.0, 1.0], 'priority': None, 'show': True, 'force': False, 'expire': None, 'slide': None, 'tokens': {}, 'action': 'play'}}, 'context': 'combos', 'calling_context': 's_left_inlane_far_active{device.timers.combo_timer.ticks==2}', 'priority': 700}
2022-08-22 17:41:49,028 : EventManager : Event: ======'machine_var_audits_shots_galaxy_advance'====== Args={'value': 2369, 'prev_value': 2368, 'change': 1}
2022-08-22 17:41:49,028 : EventManager : Event: ======'player_score'====== Args={'value': 412280, 'prev_value': 352280, 'change': 60000, 'player_num': 1}
2022-08-22 17:41:49,029 : EventManager : Event: ======'player_switches'====== Args={'value': 15, 'prev_value': 14, 'change': 1, 'player_num': 1}
2022-08-22 17:41:49,029 : EventManager : Event: ======'player_combos_combo_timer_tick'====== Args={'value': 6, 'prev_value': 2, 'change': 4, 'player_num': 1}
2022-08-22 17:41:49,031 : mpfmc : SlidePlayer: Play called with settings={'combo_slide': {'target': None, 'background_color': [0.0, 0.0, 0.0, 1.0], 'priority': None, 'show': True, 'force': False, 'expire': None, 'slide': None, 'tokens': {}, 'action': 'play'}}
2022-08-22 17:41:49,031 : EventManager : Event: ======'slide_combo_slide_removed'====== Args={}
2022-08-22 17:41:49,046 : EventManager : Event: ======'slide_combo_slide_created'====== Args={}
2022-08-22 17:41:49,058 : EventManager : Event: ======'slide_combo_slide_active'====== Args={}
2022-08-22 17:41:49,232 : EventManager : Event: ======'machine_var_audits_switches_s_left_flipper'====== Args={'value': 34921, 'prev_value': 34920, 'change': 1}
2022-08-22 17:41:49,387 : EventManager : Event: ======'player_playfield_multiplier_playfield_x_timer_tick'====== Args={'value': 73, 'prev_value': 74, 'change': -1, 'player_num': 1}
2022-08-22 17:41:49,399 : EventManager : Event: ======'player_playfield_x_timer_seconds'====== Args={'value': 73, 'prev_value': 74, 'change': -1, 'player_num': 1}
2022-08-22 17:41:49,515 : EventManager : Event: ======'player_combos_combo_timer_tick'====== Args={'value': 5, 'prev_value': 6, 'change': -1, 'player_num': 1}
2022-08-22 17:41:50,018 : EventManager : Event: ======'player_combos_combo_timer_tick'====== Args={'value': 4, 'prev_value': 5, 'change': -1, 'player_num': 1}
2022-08-22 17:41:50,286 : EventManager : Event: ======'machine_var_audits_switches_s_right_flipper'====== Args={'value': 32227, 'prev_value': 32226, 'change': 1}
2022-08-22 17:41:50,518 : EventManager : Event: ======'player_combos_combo_timer_tick'====== Args={'value': 3, 'prev_value': 4, 'change': -1, 'player_num': 1}
2022-08-22 17:41:50,595 : EventManager : Event: ======'player_playfield_multiplier_playfield_x_timer_tick'====== Args={'value': 72, 'prev_value': 73, 'change': -1, 'player_num': 1}
2022-08-22 17:41:50,595 : EventManager : Event: ======'player_playfield_x_timer_seconds'====== Args={'value': 72, 'prev_value': 73, 'change': -1, 'player_num': 1}
2022-08-22 17:41:50,748 : EventManager : Event: ======'machine_var_audits_switches_s_right_flipper'====== Args={'value': 32228, 'prev_value': 32227, 'change': 1}
2022-08-22 17:41:51,020 : EventManager : Event: ======'player_combos_combo_timer_tick'====== Args={'value': 2, 'prev_value': 3, 'change': -1, 'player_num': 1}
2022-08-22 17:41:51,032 : EventManager : Event: ======'slide_combo_slide_removed'====== Args={}
2022-08-22 17:41:51,033 : EventManager : Event: ======'slide_score_slide_active'====== Args={}
2022-08-22 17:41:51,156 : EventManager : Event: ======'machine_var_audits_switches_s_left_flipper'====== Args={'value': 34922, 'prev_value': 34921, 'change': 1}
2022-08-22 17:41:51,516 : EventManager : Event: ======'player_combos_combo_timer_tick'====== Args={'value': 1, 'prev_value': 2, 'change': -1, 'player_num': 1}
2022-08-22 17:41:51,786 : EventManager : Event: ======'machine_var_audits_switches_s_drain'====== Args={'value': 2753, 'prev_value': 2752, 'change': 1}
2022-08-22 17:41:51,798 : EventManager : Event: ======'player_playfield_multiplier_playfield_x_timer_tick'====== Args={'value': 71, 'prev_value': 72, 'change': -1, 'player_num': 1}
2022-08-22 17:41:51,798 : EventManager : Event: ======'player_playfield_x_timer_seconds'====== Args={'value': 71, 'prev_value': 72, 'change': -1, 'player_num': 1}
2022-08-22 17:41:51,986 : EventManager : Event: ======'sounds_play'====== Args={'settings': {'shooter_waiting': {'action': 'stop', 'priority': None, 'block': False, 'delay': None, 'track': None, 'volume': None, 'pan': None, 'loops': None, 'start_at': None, 'fade_in': None, 'fade_out': None, 'about_to_finish_time': -1.0, 'max_queue_time': -1.0, 'events_when_played': ['use_sound_setting'], 'events_when_stopped': ['use_sound_setting'], 'events_when_looping': ['use_sound_setting'], 'events_when_about_to_finish': ['use_sound_setting'], 'mode_end_action': 'use_sound_setting', 'key': 'use_sound_setting'}, 'default': {'action': 'play', 'loops': -1, 'track': 'music', 'priority': None, 'block': False, 'delay': None, 'volume': None, 'pan': None, 'start_at': None, 'fade_in': None, 'fade_out': None, 'about_to_finish_time': -1.0, 'max_queue_time': -1.0, 'events_when_played': ['use_sound_setting'], 'events_when_stopped': ['use_sound_setting'], 'events_when_looping': ['use_sound_setting'], 'events_when_about_to_finish': ['use_sound_setting'], 'mode_end_action': 'use_sound_setting', 'key': 'use_sound_setting'}}, 'context': '_global', 'calling_context': 's_drain_inactive', 'priority': 0}
2022-08-22 17:41:52,012 : EventManager : Event: ======'player_combos_combo_timer_tick'====== Args={'value': 0, 'prev_value': 1, 'change': -1, 'player_num': 1}
2022-08-22 17:41:52,994 : EventManager : Event: ======'player_playfield_multiplier_playfield_x_timer_tick'====== Args={'value': 70, 'prev_value': 71, 'change': -1, 'player_num': 1}
2022-08-22 17:41:52,994 : EventManager : Event: ======'player_playfield_x_timer_seconds'====== Args={'value': 70, 'prev_value': 71, 'change': -1, 'player_num': 1}
2022-08-22 17:41:54,198 : EventManager : Event: ======'player_playfield_multiplier_playfield_x_timer_tick'====== Args={'value': 69, 'prev_value': 70, 'change': -1, 'player_num': 1}
2022-08-22 17:41:54,198 : EventManager : Event: ======'player_playfield_x_timer_seconds'====== Args={'value': 69, 'prev_value': 70, 'change': -1, 'player_num': 1}
2022-08-22 17:41:55,393 : EventManager : Event: ======'player_playfield_multiplier_playfield_x_timer_tick'====== Args={'value': 68, 'prev_value': 69, 'change': -1, 'player_num': 1}
2022-08-22 17:41:55,405 : EventManager : Event: ======'player_playfield_x_timer_seconds'====== Args={'value': 68, 'prev_value': 69, 'change': -1, 'player_num': 1}
2022-08-22 17:41:56,594 : EventManager : Event: ======'player_playfield_multiplier_playfield_x_timer_tick'====== Args={'value': 67, 'prev_value': 68, 'change': -1, 'player_num': 1}
2022-08-22 17:41:56,606 : EventManager : Event: ======'player_playfield_x_timer_seconds'====== Args={'value': 67, 'prev_value': 68, 'change': -1, 'player_num': 1}
2022-08-22 17:41:57,046 : kivy : Base: Leaving application in progress...
2022-08-22 17:41:57,284 : mpfmc : Stopping...
2022-08-22 17:41:57,284 : EventManager : Event: ======'shutdown'====== Args={}
2022-08-22 17:41:57,284 : AudioInterface : Disabling audio playback
2022-08-22 17:41:57,284 : mpfmc : Loop rate 74.62 Hz
2022-08-22 17:41:57,284 : kivy : MC run loop ended.
2022-08-22 17:41:57,284 : kivy : Stopping child threads... (3 remaining)
2022-08-22 17:41:57,503 : mpfmc : Stopping...
2022-08-22 17:41:57,503 : EventManager : Event: ======'shutdown'====== Args={}
2022-08-22 17:41:57,503 : mpfmc : Loop rate 74.37 Hz
2022-08-22 17:41:57,518 : MPF-MC BCP Server : Stopping BCP sending thread
2022-08-22 17:41:57,612 : kivy : All child threads stopped.
