2022-08-21 15:18:56,384 : INFO : root : Loading config.
2022-08-21 15:18:56,899 : INFO : ConfigProcessor : Config spec file cache created: C:\Users\Brendan\AppData\Local\Temp\config_spec.mpf_cache
2022-08-21 15:18:56,899 : INFO : YamlMultifileConfigLoader : Machine config file #1: config.yaml
2022-08-21 15:18:56,900 : WARNING : ConfigProcessor : Config file in cache changed: C:\Baby_pacman_code\machine\config\config.yaml
2022-08-21 15:18:56,900 : INFO : ConfigProcessor : Loading config from file c:\users\brendan\appdata\local\programs\python\python37\lib\site-packages\mpf\mpfconfig.yaml.
2022-08-21 15:18:56,998 : INFO : ConfigProcessor : Loading config: c:\users\brendan\appdata\local\programs\python\python37\lib\site-packages\mpf\mpfconfig.yaml
2022-08-21 15:18:56,999 : INFO : ConfigProcessor : Loading config from file C:\Baby_pacman_code\machine\config\config.yaml.
2022-08-21 15:18:57,124 : INFO : ConfigProcessor : Loading config: C:\Baby_pacman_code\machine\config\config.yaml
2022-08-21 15:18:57,128 : INFO : ConfigProcessor : Config file cache created: C:\Users\Brendan\AppData\Local\Temp\bccefe987bb586eace29905fa80cab57.mpf_cache
2022-08-21 15:18:57,178 : INFO : ConfigProcessor : Loading config from cache: C:\Users\Brendan\AppData\Local\Temp\467e7647689d29fad6adf949e1f4d51d.mpf_cache
2022-08-21 15:18:57,179 : INFO : ConfigProcessor : Loading config from cache: C:\Users\Brendan\AppData\Local\Temp\5550e037aa776b42b91b29b40b356c70.mpf_cache
2022-08-21 15:18:57,180 : WARNING : ConfigProcessor : Config file in cache changed: C:\Baby_pacman_code\machine\modes\base\config\base.yaml
2022-08-21 15:18:57,180 : INFO : ConfigProcessor : Loading config from file C:\Baby_pacman_code\machine\modes\base\config\base.yaml.
2022-08-21 15:18:57,294 : INFO : ConfigProcessor : Loading config: C:\Baby_pacman_code\machine\modes\base\config\base.yaml
2022-08-21 15:18:57,296 : INFO : ConfigProcessor : Config file cache created: C:\Users\Brendan\AppData\Local\Temp\15e0c601392b30c3d9ba3ead8131edb5.mpf_cache
2022-08-21 15:18:57,296 : INFO : ConfigProcessor : Loading config from cache: C:\Users\Brendan\AppData\Local\Temp\0bf50917c4ef15ab65ee13d6c14e7d7c.mpf_cache
2022-08-21 15:18:57,297 : INFO : ConfigProcessor : Loading config from cache: C:\Users\Brendan\AppData\Local\Temp\bc7da7b13b2754e080c2afa0678ac274.mpf_cache
2022-08-21 15:18:57,298 : INFO : ConfigProcessor : Loading config from cache: C:\Users\Brendan\AppData\Local\Temp\bbd59d0bb6602ee0c5a89d6f85e6dd42.mpf_cache
2022-08-21 15:18:57,299 : INFO : ConfigProcessor : Loading config from cache: C:\Users\Brendan\AppData\Local\Temp\5526c78976fee311c3d05505d75f653d.mpf_cache
2022-08-21 15:18:57,299 : INFO : ConfigProcessor : Loading config from cache: C:\Users\Brendan\AppData\Local\Temp\6e95138ae5415fc76b53ebf8fa245fb5.mpf_cache
2022-08-21 15:18:57,300 : INFO : ConfigProcessor : Loading config from cache: C:\Users\Brendan\AppData\Local\Temp\1ec1c4dffb383758956493783a9ed391.mpf_cache
2022-08-21 15:18:57,301 : INFO : ConfigProcessor : Loading config from cache: C:\Users\Brendan\AppData\Local\Temp\f2aee92728c8017b77c710c804dd7f5a.mpf_cache
2022-08-21 15:18:57,302 : INFO : ConfigProcessor : Loading config from cache: C:\Users\Brendan\AppData\Local\Temp\88f57fa1305e9dc100972ec9f84d57fe.mpf_cache
2022-08-21 15:18:57,303 : INFO : ConfigProcessor : Loading config from cache: C:\Users\Brendan\AppData\Local\Temp\6e00a9d794d4c3f43a0fc48da04dac60.mpf_cache
2022-08-21 15:18:57,304 : INFO : ConfigProcessor : Loading config from cache: C:\Users\Brendan\AppData\Local\Temp\05ef98219fc733c3bcab58726c4b37ef.mpf_cache
2022-08-21 15:18:57,305 : INFO : ConfigProcessor : Loading config from cache: C:\Users\Brendan\AppData\Local\Temp\c22d657a5a7bb60632c2be2c735e073b.mpf_cache
2022-08-21 15:18:57,306 : INFO : ConfigProcessor : Loading config from cache: C:\Users\Brendan\AppData\Local\Temp\f7d4f5eb9425fe84d2e83a363afd4bdf.mpf_cache
2022-08-21 15:18:57,306 : INFO : ConfigProcessor : Loading config from cache: C:\Users\Brendan\AppData\Local\Temp\125f51d329f930ea7bff10973551cc26.mpf_cache
2022-08-21 15:18:57,307 : INFO : ConfigProcessor : Loading config from cache: C:\Users\Brendan\AppData\Local\Temp\08e18dfdf4e02cd29cc0cc52be2faaf4.mpf_cache
2022-08-21 15:18:57,308 : INFO : ConfigProcessor : Loading config from cache: C:\Users\Brendan\AppData\Local\Temp\f042f5bf6362b9e04d43b40b93a92057.mpf_cache
2022-08-21 15:18:57,309 : INFO : ConfigProcessor : Loading config from cache: C:\Users\Brendan\AppData\Local\Temp\60badac06cd62deb71f25fac24b103c2.mpf_cache
2022-08-21 15:18:57,309 : INFO : ConfigProcessor : Loading config from cache: C:\Users\Brendan\AppData\Local\Temp\4849f32e60febd99d83791f2417d9a0f.mpf_cache
2022-08-21 15:18:57,310 : INFO : ConfigProcessor : Loading config from cache: C:\Users\Brendan\AppData\Local\Temp\942a9c8af084c06606ececc74db0a30f.mpf_cache
2022-08-21 15:18:57,311 : INFO : ConfigProcessor : Loading config from cache: C:\Users\Brendan\AppData\Local\Temp\d3a5f9b6ba13782c30d3f4f7e40a9dcf.mpf_cache
2022-08-21 15:18:57,311 : INFO : ConfigProcessor : Loading config from cache: C:\Users\Brendan\AppData\Local\Temp\bb2305c107159ac261738ee6fa5177f9.mpf_cache
2022-08-21 15:18:57,312 : INFO : ConfigProcessor : Loading config from cache: C:\Users\Brendan\AppData\Local\Temp\5e8fe62f7d4a280c75af4e016e79234a.mpf_cache
2022-08-21 15:18:57,312 : INFO : ConfigProcessor : Loading config from cache: C:\Users\Brendan\AppData\Local\Temp\7934ad8984867b043b25c8f1f16418da.mpf_cache
2022-08-21 15:18:57,313 : INFO : ConfigProcessor : Loading config from cache: C:\Users\Brendan\AppData\Local\Temp\201f4c0a0d10e05df2979372d05b639d.mpf_cache
2022-08-21 15:18:57,314 : INFO : ConfigProcessor : Loading config from cache: C:\Users\Brendan\AppData\Local\Temp\29084e75e573608c6a2e9d91f8c2e516.mpf_cache
2022-08-21 15:18:57,315 : INFO : ConfigProcessor : Loading config from cache: C:\Users\Brendan\AppData\Local\Temp\c1a52d9ec6beffcf3a0c74172f4f1789.mpf_cache
2022-08-21 15:18:57,315 : INFO : ConfigProcessor : Loading config from cache: C:\Users\Brendan\AppData\Local\Temp\1a7cfdccecce53cd51775700aa921808.mpf_cache
2022-08-21 15:18:57,316 : INFO : ConfigProcessor : Loading config from cache: C:\Users\Brendan\AppData\Local\Temp\bbeb6a5751b9d2029aa6e8633936e040.mpf_cache
2022-08-21 15:18:57,316 : INFO : ConfigProcessor : Loading config from cache: C:\Users\Brendan\AppData\Local\Temp\396defae609afab4d6d7399595fd494b.mpf_cache
2022-08-21 15:18:57,317 : INFO : ConfigProcessor : Loading config from cache: C:\Users\Brendan\AppData\Local\Temp\df5b128cf73808572dcd58af6b99a12a.mpf_cache
2022-08-21 15:18:57,318 : INFO : ConfigProcessor : Loading config from cache: C:\Users\Brendan\AppData\Local\Temp\b16abd66a20b52f76df13eb007a93cde.mpf_cache
2022-08-21 15:18:57,318 : INFO : ConfigProcessor : Loading config from cache: C:\Users\Brendan\AppData\Local\Temp\09ddf149c2750d0dc18124afb4ec1692.mpf_cache
2022-08-21 15:18:57,319 : INFO : ConfigProcessor : Loading config from cache: C:\Users\Brendan\AppData\Local\Temp\dc261f740d4fb0b58874215bc05837b4.mpf_cache
2022-08-21 15:18:57,320 : INFO : ConfigProcessor : Loading config from cache: C:\Users\Brendan\AppData\Local\Temp\fd5b67850c190931870595f7ba331325.mpf_cache
2022-08-21 15:18:57,320 : INFO : ConfigProcessor : Loading config from cache: C:\Users\Brendan\AppData\Local\Temp\7fa0bf6f8a3d06d96f9daba2d24e8451.mpf_cache
2022-08-21 15:18:57,321 : INFO : ConfigProcessor : Loading config from cache: C:\Users\Brendan\AppData\Local\Temp\17652c03725ec0d5dc66b35abdc504c5.mpf_cache
2022-08-21 15:18:57,321 : INFO : ConfigProcessor : Loading config from cache: C:\Users\Brendan\AppData\Local\Temp\f6549f0a1a12987384ccc86b9df17004.mpf_cache
2022-08-21 15:18:57,322 : INFO : ConfigProcessor : Loading config from cache: C:\Users\Brendan\AppData\Local\Temp\d416d6f9f35dec068a811f18f969a8db.mpf_cache
2022-08-21 15:18:57,323 : INFO : ConfigProcessor : Loading config from cache: C:\Users\Brendan\AppData\Local\Temp\2cbb22f93ff96ef242a9a2d7465f7b14.mpf_cache
2022-08-21 15:18:57,324 : INFO : ConfigProcessor : Loading config from cache: C:\Users\Brendan\AppData\Local\Temp\5b43fbcb021f3ce97d73fdb8a470eae4.mpf_cache
2022-08-21 15:18:57,324 : INFO : ConfigProcessor : Loading config from cache: C:\Users\Brendan\AppData\Local\Temp\6d994d077edad00fe01353c1bfbf6638.mpf_cache
2022-08-21 15:18:57,325 : INFO : ConfigProcessor : Loading config from cache: C:\Users\Brendan\AppData\Local\Temp\df6e37541f81fc1a6e02dbcf98e0d10b.mpf_cache
2022-08-21 15:18:57,325 : INFO : ConfigProcessor : Loading config from cache: C:\Users\Brendan\AppData\Local\Temp\c5e911b563ca93c8e10ce7743f92e657.mpf_cache
2022-08-21 15:18:57,326 : INFO : ConfigProcessor : Loading config from cache: C:\Users\Brendan\AppData\Local\Temp\99ecafb2993dab1e69369c4f69529b6f.mpf_cache
2022-08-21 15:18:57,327 : INFO : ConfigProcessor : Loading config from cache: C:\Users\Brendan\AppData\Local\Temp\57f2f8973b8bd58edd1d215976151c60.mpf_cache
2022-08-21 15:18:57,327 : INFO : ConfigProcessor : Loading config from cache: C:\Users\Brendan\AppData\Local\Temp\19f702536b27ff66106645e85afb027e.mpf_cache
2022-08-21 15:18:57,328 : INFO : ConfigProcessor : Loading config from cache: C:\Users\Brendan\AppData\Local\Temp\c17101e4486856bd6430e66412997ee7.mpf_cache
2022-08-21 15:18:57,330 : INFO : ConfigProcessor : Loading config from cache: C:\Users\Brendan\AppData\Local\Temp\c5b3b18e965344eb40bdf988f6d052aa.mpf_cache
2022-08-21 15:18:57,331 : INFO : Machine : Mission Pinball Framework Core Engine v0.55.0
2022-08-21 15:18:57,331 : INFO : Machine : Command line arguments: {'no_load_cache': False, 'create_config_cache': True, 'bcp': True, 'configfile': ['config.yaml'], 'force_assets_load': False, 'jsonlogging': False, 'logfile': 'logs\\2022-08-21-15-18-56-mpf-Pinball-PC.log', 'pause': False, 'production': False, 'text_ui': True, 'loglevel': 15, 'consoleloglevel': 20, 'force_platform': None, 'syslog_address': None, 'mc_file_name': None, 'no_sound': False}
2022-08-21 15:18:57,331 : INFO : Machine : MPF path: c:\users\brendan\appdata\local\programs\python\python37\lib\site-packages\mpf
2022-08-21 15:18:57,331 : INFO : Machine : Machine path: C:\Baby_pacman_code\machine
2022-08-21 15:18:57,331 : INFO : Machine : Platform: win32
2022-08-21 15:18:57,331 : INFO : Machine : Python executable location: c:\users\brendan\appdata\local\programs\python\python37\python.exe
2022-08-21 15:18:57,331 : INFO : Machine : Python version: 3.7.8 (64-bit)
2022-08-21 15:18:57,333 : INFO : Machine : Initialise MPF.
2022-08-21 15:18:57,484 : INFO : FAST : Connecting to com7 at 921600bps
2022-08-21 15:18:57,517 : INFO : FAST : Connected! Processor: NET, Board Type: FP-CPU-002-2, Firmware: 01.05
2022-08-21 15:18:57,517 : INFO : EventManager : Event: ======'machine_var_fast_net_firmware'====== Args={'value': '01.05', 'prev_value': None, 'change': True}
2022-08-21 15:18:57,517 : INFO : EventManager : Event: ======'machine_var_fast_net_model'====== Args={'value': 'FP-CPU-002-2', 'prev_value': None, 'change': True}
2022-08-21 15:18:59,886 : WARNING : FAST : Got unexpected message from FAST: -N:07
2022-08-21 15:18:59,886 : WARNING : FAST : Got unexpected message from FAST: -N:08
2022-08-21 15:18:59,886 : WARNING : FAST : Got unexpected message from FAST: -N:0A
2022-08-21 15:18:59,886 : WARNING : FAST : Got unexpected message from FAST: -N:0B
2022-08-21 15:18:59,886 : WARNING : FAST : Got unexpected message from FAST: -N:13
2022-08-21 15:18:59,932 : INFO : FAST : Connecting to com8 at 921600bps
2022-08-21 15:18:59,980 : INFO : FAST : Connected! Processor: RGB, Board Type: FP-CPU-002-2, Firmware: 01.00
2022-08-21 15:18:59,980 : INFO : EventManager : Event: ======'machine_var_fast_rgb_firmware'====== Args={'value': '01.00', 'prev_value': None, 'change': True}
2022-08-21 15:18:59,980 : INFO : EventManager : Event: ======'machine_var_fast_rgb_model'====== Args={'value': 'FP-CPU-002-2', 'prev_value': None, 'change': True}
2022-08-21 15:18:59,981 : INFO : EventManager : Event: ======'machine_var_credits_string'====== Args={'value': 'FREE PLAY', 'prev_value': None, 'change': True}
2022-08-21 15:19:00,035 : INFO : EventManager : Event: ======'machine_var_master_volume'====== Args={'value': 0.5, 'prev_value': None, 'change': True}
2022-08-21 15:19:00,036 : INFO : EventManager : Event: ======'machine_var_player1_score'====== Args={'value': 58540490, 'prev_value': None, 'change': True}
2022-08-21 15:19:00,036 : INFO : EventManager : Event: ======'machine_var_mpf_version'====== Args={'value': 'MPF v0.55.0', 'prev_value': None, 'change': True}
2022-08-21 15:19:00,036 : INFO : EventManager : Event: ======'machine_var_mpf_extended_version'====== Args={'value': 'MPF v0.55.0, Config version:5, Show version: 5, BCP version:1.1', 'prev_value': None, 'change': True}
2022-08-21 15:19:00,036 : INFO : EventManager : Event: ======'machine_var_python_version'====== Args={'value': '3.7.8', 'prev_value': None, 'change': True}
2022-08-21 15:19:00,036 : INFO : EventManager : Event: ======'machine_var_platform'====== Args={'value': 'Windows-7-6.1.7601-SP1', 'prev_value': None, 'change': True}
2022-08-21 15:19:00,036 : INFO : EventManager : Event: ======'machine_var_platform_system'====== Args={'value': 'Windows', 'prev_value': None, 'change': True}
2022-08-21 15:19:00,036 : INFO : EventManager : Event: ======'machine_var_platform_release'====== Args={'value': '7', 'prev_value': None, 'change': True}
2022-08-21 15:19:00,036 : INFO : EventManager : Event: ======'machine_var_platform_version'====== Args={'value': '6.1.7601', 'prev_value': None, 'change': True}
2022-08-21 15:19:00,036 : INFO : EventManager : Event: ======'machine_var_platform_machine'====== Args={'value': 'AMD64', 'prev_value': None, 'change': True}
2022-08-21 15:19:00,036 : INFO : EventManager : Event: ======'init_phase_1'====== Args={}
2022-08-21 15:19:00,105 : INFO : EventManager : Event: ======'drop_target_bank_main_up'====== Args={}
2022-08-21 15:19:00,133 : INFO : EventManager : Event: ======'init_phase_2'====== Args={}
2022-08-21 15:19:00,134 : INFO : SwitchController : Found active switch: (('07', 1), <Platform.FAST>) <switch.s_left_captive_ball>
2022-08-21 15:19:00,134 : INFO : SwitchController : Found active switch: (('08', 1), <Platform.FAST>) <switch.s_drop_target5>
2022-08-21 15:19:00,135 : INFO : SwitchController : Found active switch: (('0A', 1), <Platform.FAST>) <switch.s_drop_target3>
2022-08-21 15:19:00,135 : INFO : SwitchController : Found active switch: (('0B', 1), <Platform.FAST>) <switch.s_drop_target2>
2022-08-21 15:19:00,135 : INFO : SwitchController : Found active switch: (('13', 1), <Platform.FAST>) <switch.s_drain>
2022-08-21 15:19:00,173 : INFO : EventManager : Event: ======'bcp_connection_attempt'====== Args={'name': 'local_display', 'host': 'localhost', 'port': 5050}
2022-08-21 15:19:00,175 : INFO : BCPClientSocket : Connecting BCP to 'local_display' at localhost:5050...
2022-08-21 15:19:01,181 : WARNING : FAST : Port com7 was blocked for more than 1s. Reseting send queue! If this happens frequently report a bug!
2022-08-21 15:19:02,179 : WARNING : FAST : Port com7 was blocked for more than 1s. Reseting send queue! If this happens frequently report a bug!
2022-08-21 15:19:02,187 : INFO : BCPClientSocket : Connected BCP to 'local_display' localhost:5050
2022-08-21 15:19:02,188 : INFO : EventManager : Event: ======'bcp_clients_connected'====== Args={}
2022-08-21 15:19:02,201 : INFO : ball_device.bd_drain : BCH: Initial count: 1
2022-08-21 15:19:02,203 : INFO : EventManager : Event: ======'machine_var_mc_version'====== Args={'value': 'MPF-MC v0.55.0', 'prev_value': None, 'change': True}
2022-08-21 15:19:02,203 : INFO : EventManager : Event: ======'machine_var_mc_extended_version'====== Args={'value': 'MPF-MC v0.55.0 (config_version=5, BCP v1.1, Requires MPF v0.55.0-dev.49)', 'prev_value': None, 'change': True}
2022-08-21 15:19:02,208 : INFO : ball_device.bd_drain : State: idle
2022-08-21 15:19:02,240 : INFO : ball_device.bd_left_kicker : BCH: Initial count: 0
2022-08-21 15:19:02,241 : INFO : ball_device.bd_left_kicker : State: idle
2022-08-21 15:19:02,242 : INFO : ball_device.bd_right_kicker : BCH: Initial count: 0
2022-08-21 15:19:02,243 : INFO : ball_device.bd_right_kicker : State: idle
2022-08-21 15:19:02,305 : INFO : EventManager : Event: ======'init_phase_3'====== Args={}
2022-08-21 15:19:02,707 : INFO : EventManager : Event: ======'init_phase_4'====== Args={}
2022-08-21 15:19:02,712 : INFO : EventManager : Event: ======'playfield_active'====== Args={}
2022-08-21 15:19:02,712 : INFO : EventManager : Event: ======'unexpected_ball_on_playfield'====== Args={}
2022-08-21 15:19:02,712 : INFO : EventManager : Event: ======'playfield_active'====== Args={}
2022-08-21 15:19:02,712 : INFO : EventManager : Event: ======'unexpected_ball_on_playfield'====== Args={}
2022-08-21 15:19:02,712 : INFO : EventManager : Event: ======'drop_target_left_down'====== Args={'device': <drop_target.left>}
2022-08-21 15:19:02,713 : INFO : EventManager : Event: ======'drop_target_bank_main_mixed'====== Args={'prev_value': <DropTargetBankState.UP: 'up'>, 'down': 1}
2022-08-21 15:19:02,713 : INFO : EventManager : Event: ======'playfield_active'====== Args={}
2022-08-21 15:19:02,713 : INFO : EventManager : Event: ======'unexpected_ball_on_playfield'====== Args={}
2022-08-21 15:19:02,713 : INFO : EventManager : Event: ======'drop_target_middle_down'====== Args={'device': <drop_target.middle>}
2022-08-21 15:19:02,713 : INFO : EventManager : Event: ======'drop_target_bank_main_mixed'====== Args={'prev_value': <DropTargetBankState.MIXED: 'mixed'>, 'down': 2}
2022-08-21 15:19:02,713 : INFO : EventManager : Event: ======'playfield_active'====== Args={}
2022-08-21 15:19:02,714 : INFO : EventManager : Event: ======'unexpected_ball_on_playfield'====== Args={}
2022-08-21 15:19:02,714 : INFO : EventManager : Event: ======'playfield_active'====== Args={}
2022-08-21 15:19:02,714 : INFO : EventManager : Event: ======'unexpected_ball_on_playfield'====== Args={}
2022-08-21 15:19:02,714 : INFO : EventManager : Event: ======'drop_target_far_right_down'====== Args={'device': <drop_target.far_right>}
2022-08-21 15:19:02,714 : INFO : EventManager : Event: ======'drop_target_bank_main_mixed'====== Args={'prev_value': <DropTargetBankState.MIXED: 'mixed'>, 'down': 3}
2022-08-21 15:19:02,715 : INFO : BallController : Initial balls found: 1
2022-08-21 15:19:02,717 : INFO : EventManager : Event: ======'machine_var_audits_events_game_ended'====== Args={'value': 0, 'prev_value': None, 'change': True}
2022-08-21 15:19:02,718 : INFO : EventManager : Event: ======'machine_var_audits_events_game_started'====== Args={'value': 0, 'prev_value': None, 'change': True}
2022-08-21 15:19:02,718 : INFO : EventManager : Event: ======'machine_var_audits_player_score'====== Args={'value': {'average': 10318150.616438355, 'top': [198719690, 195274570, 161094530, 160419680, 140071820, 132769060, 132262360, 127113160, 121863670, 115954110], 'total': 584}, 'prev_value': None, 'change': True}
2022-08-21 15:19:02,719 : INFO : EventManager : Event: ======'machine_var_audits_shots_center_drop_mission1'====== Args={'value': 488, 'prev_value': None, 'change': True}
2022-08-21 15:19:02,719 : INFO : EventManager : Event: ======'machine_var_audits_shots_center_target'====== Args={'value': 27, 'prev_value': None, 'change': True}
2022-08-21 15:19:02,719 : INFO : EventManager : Event: ======'machine_var_audits_shots_drop_target1_mission2'====== Args={'value': 217, 'prev_value': None, 'change': True}
2022-08-21 15:19:02,720 : INFO : EventManager : Event: ======'machine_var_audits_shots_drop_target2_mission2'====== Args={'value': 249, 'prev_value': None, 'change': True}
2022-08-21 15:19:02,720 : INFO : EventManager : Event: ======'machine_var_audits_shots_drop_target3_mission2'====== Args={'value': 279, 'prev_value': None, 'change': True}
2022-08-21 15:19:02,720 : INFO : EventManager : Event: ======'machine_var_audits_shots_drop_target4_mission2'====== Args={'value': 255, 'prev_value': None, 'change': True}
2022-08-21 15:19:02,721 : INFO : EventManager : Event: ======'machine_var_audits_shots_drop_target5_mission2'====== Args={'value': 218, 'prev_value': None, 'change': True}
2022-08-21 15:19:02,721 : INFO : EventManager : Event: ======'machine_var_audits_shots_drop_targets_mission3'====== Args={'value': 1421, 'prev_value': None, 'change': True}
2022-08-21 15:19:02,721 : INFO : EventManager : Event: ======'machine_var_audits_shots_galaxy_advance'====== Args={'value': 1915, 'prev_value': None, 'change': True}
2022-08-21 15:19:02,722 : INFO : EventManager : Event: ======'machine_var_audits_shots_l_lane'====== Args={'value': 598, 'prev_value': None, 'change': True}
2022-08-21 15:19:02,722 : INFO : EventManager : Event: ======'machine_var_audits_shots_left_kicker_mission2'====== Args={'value': 151, 'prev_value': None, 'change': True}
2022-08-21 15:19:02,722 : INFO : EventManager : Event: ======'machine_var_audits_shots_left_kicker_mission4'====== Args={'value': 112, 'prev_value': None, 'change': True}
2022-08-21 15:19:02,723 : INFO : EventManager : Event: ======'machine_var_audits_shots_left_loop_mission1'====== Args={'value': 552, 'prev_value': None, 'change': True}
2022-08-21 15:19:02,723 : INFO : EventManager : Event: ======'machine_var_audits_shots_left_loop_mission2'====== Args={'value': 252, 'prev_value': None, 'change': True}
2022-08-21 15:19:02,723 : INFO : EventManager : Event: ======'machine_var_audits_shots_left_loop_mission4'====== Args={'value': 372, 'prev_value': None, 'change': True}
2022-08-21 15:19:02,724 : INFO : EventManager : Event: ======'machine_var_audits_shots_portal_advance'====== Args={'value': 4418, 'prev_value': None, 'change': True}
2022-08-21 15:19:02,724 : INFO : EventManager : Event: ======'machine_var_audits_shots_r_lane'====== Args={'value': 522, 'prev_value': None, 'change': True}
2022-08-21 15:19:02,725 : INFO : EventManager : Event: ======'machine_var_audits_shots_right_kicker_mission2'====== Args={'value': 134, 'prev_value': None, 'change': True}
2022-08-21 15:19:02,725 : INFO : EventManager : Event: ======'machine_var_audits_shots_right_kicker_mission4'====== Args={'value': 132, 'prev_value': None, 'change': True}
2022-08-21 15:19:02,725 : INFO : EventManager : Event: ======'machine_var_audits_shots_right_loop_mission1'====== Args={'value': 639, 'prev_value': None, 'change': True}
2022-08-21 15:19:02,726 : INFO : EventManager : Event: ======'machine_var_audits_shots_right_loop_mission2'====== Args={'value': 280, 'prev_value': None, 'change': True}
2022-08-21 15:19:02,726 : INFO : EventManager : Event: ======'machine_var_audits_shots_right_loop_mission4'====== Args={'value': 421, 'prev_value': None, 'change': True}
2022-08-21 15:19:02,727 : INFO : EventManager : Event: ======'machine_var_audits_shots_warp_advance'====== Args={'value': 1067, 'prev_value': None, 'change': True}
2022-08-21 15:19:02,727 : INFO : EventManager : Event: ======'machine_var_audits_switches_s_action_button'====== Args={'value': 3861, 'prev_value': None, 'change': True}
2022-08-21 15:19:02,727 : INFO : EventManager : Event: ======'machine_var_audits_switches_s_drain'====== Args={'value': 2671, 'prev_value': None, 'change': True}
2022-08-21 15:19:02,728 : INFO : EventManager : Event: ======'machine_var_audits_switches_s_drop_target1'====== Args={'value': 1792, 'prev_value': None, 'change': True}
2022-08-21 15:19:02,728 : INFO : EventManager : Event: ======'machine_var_audits_switches_s_drop_target2'====== Args={'value': 2090, 'prev_value': None, 'change': True}
2022-08-21 15:19:02,729 : INFO : EventManager : Event: ======'machine_var_audits_switches_s_drop_target3'====== Args={'value': 2472, 'prev_value': None, 'change': True}
2022-08-21 15:19:02,729 : INFO : EventManager : Event: ======'machine_var_audits_switches_s_drop_target4'====== Args={'value': 1997, 'prev_value': None, 'change': True}
2022-08-21 15:19:02,730 : INFO : EventManager : Event: ======'machine_var_audits_switches_s_drop_target5'====== Args={'value': 1895, 'prev_value': None, 'change': True}
2022-08-21 15:19:02,730 : INFO : EventManager : Event: ======'machine_var_audits_switches_s_left_captive_ball'====== Args={'value': 467, 'prev_value': None, 'change': True}
2022-08-21 15:19:02,731 : INFO : EventManager : Event: ======'machine_var_audits_switches_s_left_flipper'====== Args={'value': 33645, 'prev_value': None, 'change': True}
2022-08-21 15:19:02,731 : INFO : EventManager : Event: ======'machine_var_audits_switches_s_left_inlane'====== Args={'value': 598, 'prev_value': None, 'change': True}
2022-08-21 15:19:02,732 : INFO : EventManager : Event: ======'machine_var_audits_switches_s_left_inlane_far'====== Args={'value': 3714, 'prev_value': None, 'change': True}
2022-08-21 15:19:02,732 : INFO : EventManager : Event: ======'machine_var_audits_switches_s_left_kicker'====== Args={'value': 1474, 'prev_value': None, 'change': True}
2022-08-21 15:19:02,733 : INFO : EventManager : Event: ======'machine_var_audits_switches_s_left_sling'====== Args={'value': 6661, 'prev_value': None, 'change': True}
2022-08-21 15:19:02,733 : INFO : EventManager : Event: ======'machine_var_audits_switches_s_left_spinner'====== Args={'value': 19502, 'prev_value': None, 'change': True}
2022-08-21 15:19:02,734 : INFO : EventManager : Event: ======'machine_var_audits_switches_s_right_captive_ball'====== Args={'value': 489, 'prev_value': None, 'change': True}
2022-08-21 15:19:02,734 : INFO : EventManager : Event: ======'machine_var_audits_switches_s_right_flipper'====== Args={'value': 31215, 'prev_value': None, 'change': True}
2022-08-21 15:19:02,735 : INFO : EventManager : Event: ======'machine_var_audits_switches_s_right_inlane'====== Args={'value': 522, 'prev_value': None, 'change': True}
2022-08-21 15:19:02,735 : INFO : EventManager : Event: ======'machine_var_audits_switches_s_right_inlane_far'====== Args={'value': 5931, 'prev_value': None, 'change': True}
2022-08-21 15:19:02,736 : INFO : EventManager : Event: ======'machine_var_audits_switches_s_right_kicker'====== Args={'value': 1668, 'prev_value': None, 'change': True}
2022-08-21 15:19:02,736 : INFO : EventManager : Event: ======'machine_var_audits_switches_s_right_sling'====== Args={'value': 14022, 'prev_value': None, 'change': True}
2022-08-21 15:19:02,737 : INFO : EventManager : Event: ======'machine_var_audits_switches_s_right_spinner'====== Args={'value': 15891, 'prev_value': None, 'change': True}
2022-08-21 15:19:02,737 : INFO : EventManager : Event: ======'machine_var_audits_switches_s_start'====== Args={'value': 403, 'prev_value': None, 'change': True}
2022-08-21 15:19:02,738 : INFO : EventManager : Event: ======'init_phase_5'====== Args={}
2022-08-21 15:19:02,744 : INFO : EventManager : Event: ======'init_done'====== Args={}
2022-08-21 15:19:02,745 : WARNING : FAST : Port NET received more messages than were sent! Resetting!
2022-08-21 15:19:02,745 : WARNING : FAST : Port NET received more messages than were sent! Resetting!
2022-08-21 15:19:02,745 : WARNING : FAST : Port NET received more messages than were sent! Resetting!
2022-08-21 15:19:02,745 : WARNING : FAST : Port NET received more messages than were sent! Resetting!
2022-08-21 15:19:02,745 : WARNING : FAST : Port NET received more messages than were sent! Resetting!
2022-08-21 15:19:02,745 : WARNING : FAST : Port NET received more messages than were sent! Resetting!
2022-08-21 15:19:02,745 : WARNING : FAST : Port NET received more messages than were sent! Resetting!
2022-08-21 15:19:02,745 : WARNING : FAST : Port NET received more messages than were sent! Resetting!
2022-08-21 15:19:02,745 : WARNING : FAST : Port NET received more messages than were sent! Resetting!
2022-08-21 15:19:02,745 : WARNING : FAST : Port NET received more messages than were sent! Resetting!
2022-08-21 15:19:02,745 : WARNING : FAST : Port NET received more messages than were sent! Resetting!
2022-08-21 15:19:02,746 : WARNING : FAST : Port NET received more messages than were sent! Resetting!
2022-08-21 15:19:02,746 : WARNING : FAST : Port NET received more messages than were sent! Resetting!
2022-08-21 15:19:02,746 : WARNING : FAST : Port NET received more messages than were sent! Resetting!
2022-08-21 15:19:02,746 : WARNING : FAST : Port NET received more messages than were sent! Resetting!
2022-08-21 15:19:02,746 : WARNING : FAST : Port NET received more messages than were sent! Resetting!
2022-08-21 15:19:02,746 : WARNING : FAST : Port NET received more messages than were sent! Resetting!
2022-08-21 15:19:02,746 : WARNING : FAST : Port NET received more messages than were sent! Resetting!
2022-08-21 15:19:02,746 : WARNING : FAST : Port NET received more messages than were sent! Resetting!
2022-08-21 15:19:02,746 : WARNING : FAST : Port NET received more messages than were sent! Resetting!
2022-08-21 15:19:02,746 : WARNING : FAST : Port NET received more messages than were sent! Resetting!
2022-08-21 15:19:02,746 : WARNING : FAST : Port NET received more messages than were sent! Resetting!
2022-08-21 15:19:02,747 : INFO : EventManager : Event: ======'machine_reset_phase_1'====== Args={}
2022-08-21 15:19:02,761 : INFO : EventManager : Event: ======'machine_reset_phase_2'====== Args={}
2022-08-21 15:19:02,761 : INFO : EventManager : Event: ======'machine_reset_phase_3'====== Args={}
2022-08-21 15:19:02,762 : INFO : EventManager : Event: ======'reset_complete'====== Args={}
2022-08-21 15:19:02,762 : INFO : EventManager : Event: ======'mode_attract_will_start'====== Args={}
2022-08-21 15:19:02,763 : INFO : EventManager : Event: ======'mode_attract_starting'====== Args={}
2022-08-21 15:19:02,763 : INFO : Mode.attract : Started. Priority: 10
2022-08-21 15:19:02,763 : INFO : EventManager : Event: ======'modes_active_modes_changed'====== Args={}
2022-08-21 15:19:02,764 : INFO : EventManager : Event: ======'mode_attract_started'====== Args={}
2022-08-21 15:19:02,766 : INFO : EventManager : Event: ======'collecting_balls_complete'====== Args={}
2022-08-21 15:19:02,784 : INFO : EventManager : Event: ======'slide_show_13.slide_player-0_created'====== Args={'_from_bcp': True}
2022-08-21 15:19:02,785 : INFO : EventManager : Event: ======'slide_show_13.slide_player-0_active'====== Args={'_from_bcp': True}
2022-08-21 15:19:02,785 : INFO : Machine : Starting the main run loop.
2022-08-21 15:19:05,775 : INFO : EventManager : Event: ======'slide_last_game_score_slide_created'====== Args={'_from_bcp': True}
2022-08-21 15:19:05,784 : INFO : EventManager : Event: ======'slide_last_game_score_slide_active'====== Args={'_from_bcp': True}
2022-08-21 15:19:08,427 : INFO : SwitchController : <<<<<<< 's_start' active >>>>>>>
2022-08-21 15:19:08,507 : INFO : SwitchController : <<<<<<< 's_start' inactive >>>>>>>
2022-08-21 15:19:08,507 : INFO : EventManager : Event: ======'request_to_start_game'====== Args={}
2022-08-21 15:19:08,508 : INFO : EventManager : Event: ======'game_start'====== Args={'buttons': [], 'hold_time': 0.07799999999997453}
2022-08-21 15:19:08,508 : INFO : EventManager : Event: ======'mode_game_will_start'====== Args={'buttons': [], 'hold_time': 0.07799999999997453}
2022-08-21 15:19:08,509 : INFO : EventManager : Event: ======'mode_game_starting'====== Args={'buttons': [], 'hold_time': 0.07799999999997453}
2022-08-21 15:19:08,510 : INFO : EventManager : Event: ======'mode_attract_will_stop'====== Args={}
2022-08-21 15:19:08,510 : INFO : EventManager : Event: ======'mode_attract_stopping'====== Args={}
2022-08-21 15:19:08,510 : INFO : Mode.attract : Stopped.
2022-08-21 15:19:08,510 : INFO : EventManager : Event: ======'modes_active_modes_changed'====== Args={}
2022-08-21 15:19:08,514 : INFO : EventManager : Event: ======'mode_attract_stopped'====== Args={}
2022-08-21 15:19:08,514 : INFO : EventManager : Event: ======'clear'====== Args={'key': 'attract'}
2022-08-21 15:19:08,514 : INFO : Mode.game : Started. Priority: 20
2022-08-21 15:19:08,514 : INFO : EventManager : Event: ======'modes_active_modes_changed'====== Args={}
2022-08-21 15:19:08,515 : INFO : EventManager : Event: ======'mode_game_started'====== Args={'buttons': [], 'hold_time': 0.07799999999997453}
2022-08-21 15:19:08,524 : INFO : EventManager : Event: ======'game_will_start'====== Args={}
2022-08-21 15:19:08,526 : INFO : EventManager : Event: ======'slide_show_13.slide_player-0_removed'====== Args={'_from_bcp': True}
2022-08-21 15:19:08,526 : INFO : EventManager : Event: ======'slide_last_game_score_slide_removed'====== Args={'_from_bcp': True}
2022-08-21 15:19:08,527 : INFO : EventManager : Event: ======'slide_window_blank_active'====== Args={'_from_bcp': True}
2022-08-21 15:19:08,527 : INFO : EventManager : Event: ======'game_starting'====== Args={'game': <Mode.game>}
2022-08-21 15:19:08,530 : INFO : EventManager : Event: ======'player_add_request'====== Args={}
2022-08-21 15:19:08,530 : INFO : EventManager : Event: ======'player_will_add'====== Args={'number': 1}
2022-08-21 15:19:08,531 : INFO : EventManager : Event: ======'player_adding'====== Args={'player': <Player 1>, 'number': 1}
2022-08-21 15:19:08,531 : INFO : EventManager : Event: ======'player_added'====== Args={'player': <Player 1>, 'num': 1}
2022-08-21 15:19:08,531 : INFO : Mode.game : Player added successfully. Total players: 1
2022-08-21 15:19:08,532 : INFO : EventManager : Event: ======'player_index'====== Args={'value': 0, 'prev_value': 0, 'change': 0, 'player_num': 1}
2022-08-21 15:19:08,532 : INFO : EventManager : Event: ======'player_number'====== Args={'value': 1, 'prev_value': 1, 'change': 0, 'player_num': 1}
2022-08-21 15:19:08,533 : INFO : EventManager : Event: ======'player_mode_value'====== Args={'value': 1000000, 'prev_value': 1000000, 'change': 0, 'player_num': 1}
2022-08-21 15:19:08,533 : INFO : EventManager : Event: ======'player_bonus_multiplier'====== Args={'value': 1, 'prev_value': 1, 'change': 0, 'player_num': 1}
2022-08-21 15:19:08,534 : INFO : EventManager : Event: ======'player_playfied_multiplier'====== Args={'value': 1, 'prev_value': 1, 'change': 0, 'player_num': 1}
2022-08-21 15:19:08,535 : INFO : EventManager : Event: ======'player_score'====== Args={'value': 0, 'prev_value': 0, 'change': 0, 'player_num': 1}
2022-08-21 15:19:08,536 : INFO : EventManager : Event: ======'game_started'====== Args={}
2022-08-21 15:19:08,573 : INFO : EventManager : Event: ======'player_turn_will_start'====== Args={'player': <Player 1>, 'number': 1}
2022-08-21 15:19:08,575 : INFO : EventManager : Event: ======'player_turn_starting'====== Args={'player': <Player 1>, 'number': 1}
2022-08-21 15:19:08,576 : INFO : EventManager : Event: ======'player_ball'====== Args={'value': 1, 'prev_value': 0, 'change': 1, 'player_num': 1}
2022-08-21 15:19:08,577 : INFO : EventManager : Event: ======'player_turn_started'====== Args={'player': <Player 1>, 'number': 1}
2022-08-21 15:19:08,578 : INFO : EventManager : Event: ======'ball_will_start'====== Args={'player': 1, 'ball': 1, 'balls_remaining': 2, 'is_extra_ball': False}
2022-08-21 15:19:08,583 : INFO : EventManager : Event: ======'ball_starting'====== Args={'player': 1, 'ball': 1, 'balls_remaining': 2, 'is_extra_ball': False}
2022-08-21 15:19:08,584 : INFO : EventManager : Event: ======'balls_in_play'====== Args={'balls': 1}
2022-08-21 15:19:08,584 : INFO : EventManager : Event: ======'ball_started'====== Args={'player': 1, 'ball': 1, 'balls_remaining': 2, 'is_extra_ball': False}
2022-08-21 15:19:08,585 : INFO : EventManager : Event: ======'mode_combos_will_start'====== Args={'player': 1, 'ball': 1, 'balls_remaining': 2, 'is_extra_ball': False}
2022-08-21 15:19:08,589 : INFO : EventManager : Event: ======'mode_combos_starting'====== Args={'player': 1, 'ball': 1, 'balls_remaining': 2, 'is_extra_ball': False}
2022-08-21 15:19:08,590 : INFO : EventManager : Event: ======'mode_base_will_start'====== Args={'player': 1, 'ball': 1, 'balls_remaining': 2, 'is_extra_ball': False}
2022-08-21 15:19:08,590 : INFO : EventManager : Event: ======'player_shot_l_lane_enabled'====== Args={'value': True, 'prev_value': 0, 'change': 1, 'player_num': 1}
2022-08-21 15:19:08,591 : INFO : EventManager : Event: ======'player_shot_r_lane_enabled'====== Args={'value': True, 'prev_value': 0, 'change': 1, 'player_num': 1}
2022-08-21 15:19:08,592 : INFO : EventManager : Event: ======'player_shot_center_target_enabled'====== Args={'value': True, 'prev_value': 0, 'change': 1, 'player_num': 1}
2022-08-21 15:19:08,592 : INFO : EventManager : Event: ======'bonus_lanes_complete'====== Args={'state': 'unlit'}
2022-08-21 15:19:08,592 : INFO : EventManager : Event: ======'bonus_lanes_unlit_complete'====== Args={}
2022-08-21 15:19:08,593 : INFO : EventManager : Event: ======'player_extra_ball_two_modes_complete_num_awarded'====== Args={'value': 0, 'prev_value': 0, 'change': 0, 'player_num': 1}
2022-08-21 15:19:08,593 : INFO : EventManager : Event: ======'achievement_mission1_changed_state'====== Args={'restore': False, 'state': 'disabled', 'selected': False}
2022-08-21 15:19:08,593 : INFO : EventManager : Event: ======'achievement_mission1_state_disabled'====== Args={'restore': False, 'state': 'disabled', 'selected': False}
2022-08-21 15:19:08,593 : INFO : EventManager : Event: ======'achievement_mission2_changed_state'====== Args={'restore': False, 'state': 'disabled', 'selected': False}
2022-08-21 15:19:08,594 : INFO : EventManager : Event: ======'achievement_mission2_state_disabled'====== Args={'restore': False, 'state': 'disabled', 'selected': False}
2022-08-21 15:19:08,594 : INFO : EventManager : Event: ======'achievement_mission3_changed_state'====== Args={'restore': False, 'state': 'disabled', 'selected': False}
2022-08-21 15:19:08,594 : INFO : EventManager : Event: ======'achievement_mission3_state_disabled'====== Args={'restore': False, 'state': 'disabled', 'selected': False}
2022-08-21 15:19:08,594 : INFO : EventManager : Event: ======'achievement_mission4_changed_state'====== Args={'restore': False, 'state': 'disabled', 'selected': False}
2022-08-21 15:19:08,594 : INFO : EventManager : Event: ======'achievement_mission4_state_disabled'====== Args={'restore': False, 'state': 'disabled', 'selected': False}
2022-08-21 15:19:08,603 : INFO : EventManager : Event: ======'mode_base_starting'====== Args={'player': 1, 'ball': 1, 'balls_remaining': 2, 'is_extra_ball': False}
2022-08-21 15:19:08,603 : INFO : EventManager : Event: ======'mode_super_features_will_start'====== Args={'player': 1, 'ball': 1, 'balls_remaining': 2, 'is_extra_ball': False}
2022-08-21 15:19:08,604 : INFO : EventManager : Event: ======'achievement_super_spinners_changed_state'====== Args={'restore': False, 'state': 'disabled', 'selected': False}
2022-08-21 15:19:08,604 : INFO : EventManager : Event: ======'achievement_super_spinners_state_disabled'====== Args={'restore': False, 'state': 'disabled', 'selected': False}
2022-08-21 15:19:08,605 : INFO : EventManager : Event: ======'achievement_super_targets_changed_state'====== Args={'restore': False, 'state': 'disabled', 'selected': False}
2022-08-21 15:19:08,605 : INFO : EventManager : Event: ======'achievement_super_targets_state_disabled'====== Args={'restore': False, 'state': 'disabled', 'selected': False}
2022-08-21 15:19:08,605 : INFO : EventManager : Event: ======'achievement_super_lanes_changed_state'====== Args={'restore': False, 'state': 'disabled', 'selected': False}
2022-08-21 15:19:08,605 : INFO : EventManager : Event: ======'achievement_super_lanes_state_disabled'====== Args={'restore': False, 'state': 'disabled', 'selected': False}
2022-08-21 15:19:08,605 : INFO : EventManager : Event: ======'achievement_super_slings_changed_state'====== Args={'restore': False, 'state': 'disabled', 'selected': False}
2022-08-21 15:19:08,605 : INFO : EventManager : Event: ======'achievement_super_slings_state_disabled'====== Args={'restore': False, 'state': 'disabled', 'selected': False}
2022-08-21 15:19:08,608 : INFO : EventManager : Event: ======'mode_super_features_starting'====== Args={'player': 1, 'ball': 1, 'balls_remaining': 2, 'is_extra_ball': False}
2022-08-21 15:19:08,608 : INFO : drop_target_bank.main : 3 targets are down. Will reset those.
2022-08-21 15:19:08,608 : INFO : coil.c_target_reset : Pulsing Driver for 40ms (1.0 pulse_power)
2022-08-21 15:19:08,610 : INFO : Mode.super_features : Started. Priority: 100
2022-08-21 15:19:08,610 : INFO : EventManager : Event: ======'modes_active_modes_changed'====== Args={}
2022-08-21 15:19:08,610 : INFO : EventManager : Event: ======'mode_super_features_started'====== Args={'player': 1, 'ball': 1, 'balls_remaining': 2, 'is_extra_ball': False}
2022-08-21 15:19:08,610 : INFO : Mode.combos : Started. Priority: 700
2022-08-21 15:19:08,610 : INFO : EventManager : Event: ======'modes_active_modes_changed'====== Args={}
2022-08-21 15:19:08,610 : INFO : EventManager : Event: ======'mode_combos_started'====== Args={'player': 1, 'ball': 1, 'balls_remaining': 2, 'is_extra_ball': False}
2022-08-21 15:19:08,611 : INFO : EventManager : Event: ======'logicblock_mode_completion_counter_updated'====== Args={'value': 0, 'enabled': True}
2022-08-21 15:19:08,611 : INFO : EventManager : Event: ======'logicblock_mode_completion_counter_updated'====== Args={'value': 0, 'enabled': True}
2022-08-21 15:19:08,611 : INFO : Mode.base : Started. Priority: 100
2022-08-21 15:19:08,611 : INFO : EventManager : Event: ======'modes_active_modes_changed'====== Args={}
2022-08-21 15:19:08,611 : INFO : EventManager : Event: ======'mode_base_started'====== Args={'player': 1, 'ball': 1, 'balls_remaining': 2, 'is_extra_ball': False}
2022-08-21 15:19:08,612 : INFO : EventManager : Event: ======'ball_save_base_save_enabled'====== Args={}
2022-08-21 15:19:08,612 : INFO : EventManager : Event: ======'mode_spell_warp_will_start'====== Args={'player': 1, 'ball': 1, 'balls_remaining': 2, 'is_extra_ball': False}
2022-08-21 15:19:08,612 : INFO : EventManager : Event: ======'player_shot_warp_advance_enabled'====== Args={'value': True, 'prev_value': 0, 'change': 1, 'player_num': 1}
2022-08-21 15:19:08,615 : INFO : EventManager : Event: ======'mode_spell_warp_starting'====== Args={'player': 1, 'ball': 1, 'balls_remaining': 2, 'is_extra_ball': False}
2022-08-21 15:19:08,615 : INFO : EventManager : Event: ======'mode_spell_galaxy_will_start'====== Args={'player': 1, 'ball': 1, 'balls_remaining': 2, 'is_extra_ball': False}
2022-08-21 15:19:08,615 : INFO : EventManager : Event: ======'player_shot_galaxy_advance_enabled'====== Args={'value': True, 'prev_value': 0, 'change': 1, 'player_num': 1}
2022-08-21 15:19:08,618 : INFO : EventManager : Event: ======'mode_spell_galaxy_starting'====== Args={'player': 1, 'ball': 1, 'balls_remaining': 2, 'is_extra_ball': False}
2022-08-21 15:19:08,618 : INFO : EventManager : Event: ======'mode_spell_portal_will_start'====== Args={'player': 1, 'ball': 1, 'balls_remaining': 2, 'is_extra_ball': False}
2022-08-21 15:19:08,618 : INFO : EventManager : Event: ======'player_shot_portal_advance_enabled'====== Args={'value': True, 'prev_value': 0, 'change': 1, 'player_num': 1}
2022-08-21 15:19:08,621 : INFO : EventManager : Event: ======'mode_spell_portal_starting'====== Args={'player': 1, 'ball': 1, 'balls_remaining': 2, 'is_extra_ball': False}
2022-08-21 15:19:08,622 : INFO : drop_target_bank.main : 3 targets are down. Will reset those.
2022-08-21 15:19:08,622 : INFO : EventManager : Event: ======'single_player_ball_started'====== Args={}
2022-08-21 15:19:08,642 : INFO : EventManager : Event: ======'logicblock_warp_counter_updated'====== Args={'value': 0, 'enabled': True}
2022-08-21 15:19:08,642 : INFO : EventManager : Event: ======'logicblock_warp_counter_updated'====== Args={'value': 0, 'enabled': True}
2022-08-21 15:19:08,642 : INFO : Mode.spell_warp : Started. Priority: 200
2022-08-21 15:19:08,642 : INFO : EventManager : Event: ======'modes_active_modes_changed'====== Args={}
2022-08-21 15:19:08,642 : INFO : EventManager : Event: ======'mode_spell_warp_started'====== Args={'player': 1, 'ball': 1, 'balls_remaining': 2, 'is_extra_ball': False}
2022-08-21 15:19:08,642 : INFO : EventManager : Event: ======'logicblock_galaxy_counter_updated'====== Args={'value': 0, 'enabled': True}
2022-08-21 15:19:08,642 : INFO : EventManager : Event: ======'logicblock_galaxy_counter_updated'====== Args={'value': 0, 'enabled': True}
2022-08-21 15:19:08,643 : INFO : Mode.spell_galaxy : Started. Priority: 200
2022-08-21 15:19:08,643 : INFO : EventManager : Event: ======'modes_active_modes_changed'====== Args={}
2022-08-21 15:19:08,643 : INFO : EventManager : Event: ======'mode_spell_galaxy_started'====== Args={'player': 1, 'ball': 1, 'balls_remaining': 2, 'is_extra_ball': False}
2022-08-21 15:19:08,643 : INFO : EventManager : Event: ======'logicblock_portal_counter_updated'====== Args={'value': 0, 'enabled': True}
2022-08-21 15:19:08,643 : INFO : EventManager : Event: ======'logicblock_portal_counter_updated'====== Args={'value': 0, 'enabled': True}
2022-08-21 15:19:08,643 : INFO : Mode.spell_portal : Started. Priority: 200
2022-08-21 15:19:08,643 : INFO : EventManager : Event: ======'modes_active_modes_changed'====== Args={}
2022-08-21 15:19:08,643 : INFO : EventManager : Event: ======'mode_spell_portal_started'====== Args={'player': 1, 'ball': 1, 'balls_remaining': 2, 'is_extra_ball': False}
2022-08-21 15:19:08,644 : INFO : EventManager : Event: ======'achievement_super_spinners_changed_state'====== Args={'restore': False, 'state': 'enabled', 'selected': False}
2022-08-21 15:19:08,644 : INFO : EventManager : Event: ======'achievement_super_spinners_state_enabled'====== Args={'restore': False, 'state': 'enabled', 'selected': False}
2022-08-21 15:19:08,645 : INFO : EventManager : Event: ======'achievement_super_targets_changed_state'====== Args={'restore': False, 'state': 'enabled', 'selected': False}
2022-08-21 15:19:08,645 : INFO : EventManager : Event: ======'achievement_super_targets_state_enabled'====== Args={'restore': False, 'state': 'enabled', 'selected': False}
2022-08-21 15:19:08,645 : INFO : EventManager : Event: ======'achievement_super_lanes_changed_state'====== Args={'restore': False, 'state': 'enabled', 'selected': False}
2022-08-21 15:19:08,645 : INFO : EventManager : Event: ======'achievement_super_lanes_state_enabled'====== Args={'restore': False, 'state': 'enabled', 'selected': False}
2022-08-21 15:19:08,645 : INFO : EventManager : Event: ======'achievement_super_slings_changed_state'====== Args={'restore': False, 'state': 'enabled', 'selected': False}
2022-08-21 15:19:08,645 : INFO : EventManager : Event: ======'achievement_super_slings_state_enabled'====== Args={'restore': False, 'state': 'enabled', 'selected': False}
2022-08-21 15:19:08,645 : INFO : EventManager : Event: ======'achievement_super_lanes_changed_state'====== Args={'restore': False, 'state': 'enabled', 'selected': True}
2022-08-21 15:19:08,646 : INFO : EventManager : Event: ======'achievement_super_lanes_state_enabled'====== Args={'restore': False, 'state': 'enabled', 'selected': True}
2022-08-21 15:19:08,646 : INFO : EventManager : Event: ======'achievement_super_lanes_state_selected'====== Args={'restore': False, 'state': 'enabled', 'selected': True}
2022-08-21 15:19:08,647 : INFO : EventManager : Event: ======'ball_start_target'====== Args={'target': 'playfield'}
2022-08-21 15:19:08,668 : INFO : ball_device.bd_drain : Setting up player-controlled eject. Balls: 1, Target: <playfield.playfield>, player_controlled_eject_event: s_action_button_active
2022-08-21 15:19:08,668 : INFO : EventManager : Event: ======'balldevice_balls_available'====== Args={}
2022-08-21 15:19:08,668 : INFO : EventManager : Event: ======'slide_score_slide_created'====== Args={'_from_bcp': True}
2022-08-21 15:19:08,669 : INFO : coil.c_target_reset : Pulsing Driver for 40ms (1.0 pulse_power)
2022-08-21 15:19:08,670 : INFO : EventManager : Event: ======'slide_score_slide_active'====== Args={'_from_bcp': True}
2022-08-21 15:19:08,672 : INFO : ball_device.bd_drain : State: waiting_for_target_ready
2022-08-21 15:19:08,672 : INFO : EventManager : Event: ======'balldevice_bd_drain_ball_eject_attempt'====== Args={'balls': 1, 'target': <playfield.playfield>, 'source': <ball_device.bd_drain>, 'mechanical_eject': True, 'num_attempts': 0}
2022-08-21 15:19:08,673 : INFO : ball_device.bd_drain : State: ejecting
2022-08-21 15:19:08,673 : INFO : ball_device.bd_drain : Ejecting ball to <playfield.playfield>
2022-08-21 15:19:08,673 : INFO : EventManager : Event: ======'balldevice_bd_drain_ejecting_ball'====== Args={'balls': 1, 'target': <playfield.playfield>, 'source': <ball_device.bd_drain>, 'mechanical_eject': True, 'num_attempts': 0}
2022-08-21 15:19:08,674 : INFO : ball_device.bd_drain : Wait for ball to leave device
2022-08-21 15:19:08,747 : INFO : SwitchController : <<<<<<< 's_drop_target2' inactive >>>>>>>
2022-08-21 15:19:08,763 : INFO : SwitchController : <<<<<<< 's_drop_target5' inactive >>>>>>>
2022-08-21 15:19:08,811 : INFO : SwitchController : <<<<<<< 's_drop_target3' inactive >>>>>>>
2022-08-21 15:19:09,121 : INFO : EventManager : Event: ======'drop_target_left_up'====== Args={'device': <drop_target.left>}
2022-08-21 15:19:09,121 : INFO : EventManager : Event: ======'drop_target_middle_up'====== Args={'device': <drop_target.middle>}
2022-08-21 15:19:09,122 : INFO : EventManager : Event: ======'drop_target_bank_main_mixed'====== Args={'prev_value': <DropTargetBankState.MIXED: 'mixed'>, 'down': 1}
2022-08-21 15:19:09,122 : INFO : EventManager : Event: ======'drop_target_far_right_up'====== Args={'device': <drop_target.far_right>}
2022-08-21 15:19:09,122 : INFO : EventManager : Event: ======'drop_target_bank_main_up'====== Args={}
2022-08-21 15:19:09,899 : INFO : SwitchController : <<<<<<< 's_action_button' active >>>>>>>
2022-08-21 15:19:09,900 : INFO : EventManager : Event: ======'s_action_button_active'====== Args={}
2022-08-21 15:19:09,900 : INFO : EventManager : Event: ======'machine_var_audits_switches_s_action_button'====== Args={'value': 3862, 'prev_value': 3861, 'change': 1}
2022-08-21 15:19:09,902 : INFO : EventManager : Event: ======'ball_save_base_save_timer_start'====== Args={}
2022-08-21 15:19:09,925 : INFO : coil.c_drain_eject : Pulsing Driver for 30ms (1.0 pulse_power)
2022-08-21 15:19:10,284 : INFO : SwitchController : <<<<<<< 's_action_button' inactive >>>>>>>
2022-08-21 15:19:11,260 : INFO : SwitchController : <<<<<<< 's_drain' inactive >>>>>>>
2022-08-21 15:19:11,260 : INFO : EventManager : Event: ======'s_drain_inactive'====== Args={}
2022-08-21 15:19:11,268 : INFO : ball_device.bd_drain : State: ball_left
2022-08-21 15:19:11,268 : INFO : ball_device.bd_drain : Ball left
2022-08-21 15:19:11,268 : INFO : ball_device.bd_drain : Wait for confirm with timeout 1.0
2022-08-21 15:19:12,257 : INFO : ball_device.bd_drain : State: failed_confirm
2022-08-21 15:19:12,257 : INFO : ball_device.bd_drain : Got timeout (1.0s) before confirm from <playfield.playfield>
2022-08-21 15:19:12,351 : INFO : ball_device.bd_drain : Confirming eject because target is playfield and ball did not return.
2022-08-21 15:19:12,351 : INFO : ball_device.bd_drain : Eject successful
2022-08-21 15:19:12,351 : INFO : EventManager : Event: ======'balldevice_bd_drain_ball_eject_success'====== Args={'balls': 1, 'target': <playfield.playfield>}
2022-08-21 15:19:12,352 : INFO : EventManager : Event: ======'balldevice_playfield_ball_enter'====== Args={'new_balls': 1, 'unclaimed_balls': 1, 'device': <playfield.playfield>}
2022-08-21 15:19:12,352 : INFO : EventManager : Event: ======'playfield_ball_count_change'====== Args={'balls': 1, 'change': 1}
2022-08-21 15:19:12,352 : INFO : EventManager : Event: ======'balldevice_bd_drain_ball_count_changed'====== Args={'balls': 0}
2022-08-21 15:19:12,352 : INFO : ball_device.bd_drain : State: idle
2022-08-21 15:19:12,588 : INFO : SwitchController : <<<<<<< 's_drain' active >>>>>>>
2022-08-21 15:19:12,588 : INFO : EventManager : Event: ======'machine_var_audits_switches_s_drain'====== Args={'value': 2672, 'prev_value': 2671, 'change': 1}
2022-08-21 15:19:13,085 : INFO : EventManager : Event: ======'balldevice_bd_drain_ball_count_changed'====== Args={'balls': 1}
2022-08-21 15:19:13,085 : INFO : ball_device.bd_drain : Received unexpected ball
2022-08-21 15:19:13,085 : INFO : EventManager : Event: ======'balldevice_captured_from_playfield'====== Args={'balls': 1}
2022-08-21 15:19:13,086 : INFO : EventManager : Event: ======'sw_playfield_active'====== Args={'balls': 1}
2022-08-21 15:19:13,087 : INFO : EventManager : Event: ======'playfield_ball_count_change'====== Args={'balls': 0, 'change': -1}
2022-08-21 15:19:13,087 : INFO : EventManager : Event: ======'balldevice_bd_drain_ball_enter'====== Args={'new_balls': 1, 'unclaimed_balls': 1, 'new_available_balls': 1, 'device': <ball_device.bd_drain>}
2022-08-21 15:19:13,088 : INFO : EventManager : Event: ======'ball_drain'====== Args={'device': <ball_device.bd_drain>, 'balls': 1}
2022-08-21 15:19:13,088 : INFO : EventManager : Event: ======'ball_save_base_save_saving_ball'====== Args={'balls': 1, 'early_save': False}
2022-08-21 15:19:13,088 : INFO : ball_device.bd_drain : Adding 1 ball(s) to the eject_queue with target <playfield.playfield>.
2022-08-21 15:19:13,089 : INFO : EventManager : Event: ======'ball_save_base_save_disabled'====== Args={}
2022-08-21 15:19:13,090 : INFO : EventManager : Event: ======'balldevice_balls_available'====== Args={}
2022-08-21 15:19:13,090 : INFO : EventManager : Event: ======'balldevice_balls_available'====== Args={}
2022-08-21 15:19:13,091 : INFO : EventManager : Event: ======'balldevice_bd_drain_ball_entered'====== Args={'new_balls': 1, 'device': <ball_device.bd_drain>}
2022-08-21 15:19:13,093 : INFO : ball_device.bd_drain : State: waiting_for_target_ready
2022-08-21 15:19:13,094 : INFO : EventManager : Event: ======'balldevice_bd_drain_ball_eject_attempt'====== Args={'balls': 1, 'target': <playfield.playfield>, 'source': <ball_device.bd_drain>, 'mechanical_eject': False, 'num_attempts': 0}
2022-08-21 15:19:13,094 : INFO : ball_device.bd_drain : State: ejecting
2022-08-21 15:19:13,094 : INFO : ball_device.bd_drain : Ejecting ball to <playfield.playfield>
2022-08-21 15:19:13,094 : INFO : EventManager : Event: ======'balldevice_bd_drain_ejecting_ball'====== Args={'balls': 1, 'target': <playfield.playfield>, 'source': <ball_device.bd_drain>, 'mechanical_eject': False, 'num_attempts': 0}
2022-08-21 15:19:13,096 : INFO : ball_device.bd_drain : Wait for ball to leave device
2022-08-21 15:19:13,096 : INFO : coil.c_drain_eject : Pulsing Driver for 30ms (1.0 pulse_power)
2022-08-21 15:19:13,109 : INFO : EventManager : Event: ======'slide_ball_saved_slide_created'====== Args={'_from_bcp': True}
2022-08-21 15:19:13,115 : INFO : EventManager : Event: ======'slide_ball_saved_slide_active'====== Args={'_from_bcp': True}
2022-08-21 15:19:13,276 : INFO : SwitchController : <<<<<<< 's_drain' inactive >>>>>>>
2022-08-21 15:19:13,276 : INFO : EventManager : Event: ======'s_drain_inactive'====== Args={}
2022-08-21 15:19:13,284 : INFO : ball_device.bd_drain : State: ball_left
2022-08-21 15:19:13,284 : INFO : ball_device.bd_drain : Ball left
2022-08-21 15:19:13,284 : INFO : ball_device.bd_drain : Wait for confirm with timeout 1.0
2022-08-21 15:19:14,269 : INFO : ball_device.bd_drain : State: failed_confirm
2022-08-21 15:19:14,269 : INFO : ball_device.bd_drain : Got timeout (1.0s) before confirm from <playfield.playfield>
2022-08-21 15:19:14,363 : INFO : ball_device.bd_drain : Confirming eject because target is playfield and ball did not return.
2022-08-21 15:19:14,363 : INFO : ball_device.bd_drain : Eject successful
2022-08-21 15:19:14,363 : INFO : EventManager : Event: ======'balldevice_bd_drain_ball_eject_success'====== Args={'balls': 1, 'target': <playfield.playfield>}
2022-08-21 15:19:14,364 : INFO : EventManager : Event: ======'balldevice_playfield_ball_enter'====== Args={'new_balls': 1, 'unclaimed_balls': 1, 'device': <playfield.playfield>}
2022-08-21 15:19:14,365 : INFO : EventManager : Event: ======'playfield_ball_count_change'====== Args={'balls': 1, 'change': 1}
2022-08-21 15:19:14,365 : INFO : EventManager : Event: ======'balldevice_bd_drain_ball_count_changed'====== Args={'balls': 0}
2022-08-21 15:19:14,365 : INFO : ball_device.bd_drain : State: idle
2022-08-21 15:19:15,103 : INFO : EventManager : Event: ======'slide_ball_saved_slide_removed'====== Args={'_from_bcp': True}
2022-08-21 15:19:15,106 : INFO : EventManager : Event: ======'slide_score_slide_active'====== Args={'_from_bcp': True}
2022-08-21 15:19:16,171 : INFO : SwitchController : <<<<<<< 's_left_kicker' active >>>>>>>
2022-08-21 15:19:16,171 : INFO : EventManager : Event: ======'s_left_kicker_active'====== Args={}
2022-08-21 15:19:16,172 : INFO : EventManager : Event: ======'machine_var_audits_switches_s_left_kicker'====== Args={'value': 1475, 'prev_value': 1474, 'change': 1}
2022-08-21 15:19:16,672 : INFO : EventManager : Event: ======'balldevice_bd_left_kicker_ball_count_changed'====== Args={'balls': 1}
2022-08-21 15:19:16,673 : INFO : ball_device.bd_left_kicker : Received unexpected ball
2022-08-21 15:19:16,673 : INFO : EventManager : Event: ======'balldevice_captured_from_playfield'====== Args={'balls': 1}
2022-08-21 15:19:16,673 : INFO : EventManager : Event: ======'sw_playfield_active'====== Args={'balls': 1}
2022-08-21 15:19:16,673 : INFO : EventManager : Event: ======'playfield_ball_count_change'====== Args={'balls': 0, 'change': -1}
2022-08-21 15:19:16,674 : INFO : EventManager : Event: ======'balldevice_bd_left_kicker_ball_enter'====== Args={'new_balls': 1, 'unclaimed_balls': 1, 'new_available_balls': 1, 'device': <ball_device.bd_left_kicker>}
2022-08-21 15:19:16,674 : INFO : ball_device.bd_left_kicker : Ejecting 1 unexpected balls using path deque([<ball_device.bd_left_kicker>, <playfield.playfield>])
2022-08-21 15:19:16,675 : INFO : EventManager : Event: ======'balldevice_balls_available'====== Args={}
2022-08-21 15:19:16,675 : INFO : EventManager : Event: ======'balldevice_balls_available'====== Args={}
2022-08-21 15:19:16,675 : INFO : EventManager : Event: ======'balldevice_bd_left_kicker_ball_entered'====== Args={'new_balls': 1, 'device': <ball_device.bd_left_kicker>}
2022-08-21 15:19:16,678 : INFO : ball_device.bd_left_kicker : State: waiting_for_target_ready
2022-08-21 15:19:16,678 : INFO : EventManager : Event: ======'balldevice_bd_left_kicker_ball_eject_attempt'====== Args={'balls': 1, 'target': <playfield.playfield>, 'source': <ball_device.bd_left_kicker>, 'mechanical_eject': False, 'num_attempts': 0}
2022-08-21 15:19:16,679 : INFO : EventManager : Event: ======'start_left_kicker_show'====== Args={}
2022-08-21 15:19:17,686 : INFO : EventManager : Event: ======'left_kicker_show_finished'====== Args={}
2022-08-21 15:19:17,687 : INFO : ball_device.bd_left_kicker : State: ejecting
2022-08-21 15:19:17,687 : INFO : ball_device.bd_left_kicker : Ejecting ball to <playfield.playfield>
2022-08-21 15:19:17,687 : INFO : EventManager : Event: ======'balldevice_bd_left_kicker_ejecting_ball'====== Args={'balls': 1, 'target': <playfield.playfield>, 'source': <ball_device.bd_left_kicker>, 'mechanical_eject': False, 'num_attempts': 0}
2022-08-21 15:19:17,688 : INFO : ball_device.bd_left_kicker : Wait for ball to leave device
2022-08-21 15:19:17,689 : INFO : coil.c_left_kicker_eject : Pulsing Driver for 30ms (1.0 pulse_power)
2022-08-21 15:19:17,723 : INFO : SwitchController : <<<<<<< 's_left_kicker' inactive >>>>>>>
2022-08-21 15:19:17,730 : INFO : ball_device.bd_left_kicker : State: ball_left
2022-08-21 15:19:17,730 : INFO : ball_device.bd_left_kicker : Ball left
2022-08-21 15:19:17,731 : INFO : ball_device.bd_left_kicker : Wait for confirm with timeout 1.0
2022-08-21 15:19:18,715 : INFO : ball_device.bd_left_kicker : State: failed_confirm
2022-08-21 15:19:18,715 : INFO : ball_device.bd_left_kicker : Got timeout (1.0s) before confirm from <playfield.playfield>
2022-08-21 15:19:18,809 : INFO : ball_device.bd_left_kicker : Confirming eject because target is playfield and ball did not return.
2022-08-21 15:19:18,809 : INFO : ball_device.bd_left_kicker : Eject successful
2022-08-21 15:19:18,809 : INFO : EventManager : Event: ======'balldevice_bd_left_kicker_ball_eject_success'====== Args={'balls': 1, 'target': <playfield.playfield>}
2022-08-21 15:19:18,810 : INFO : EventManager : Event: ======'balldevice_playfield_ball_enter'====== Args={'new_balls': 1, 'unclaimed_balls': 1, 'device': <playfield.playfield>}
2022-08-21 15:19:18,810 : INFO : EventManager : Event: ======'playfield_ball_count_change'====== Args={'balls': 1, 'change': 1}
2022-08-21 15:19:18,810 : INFO : EventManager : Event: ======'balldevice_bd_left_kicker_ball_count_changed'====== Args={'balls': 0}
2022-08-21 15:19:18,811 : INFO : ball_device.bd_left_kicker : State: idle
2022-08-21 15:19:19,659 : INFO : SwitchController : <<<<<<< 's_left_kicker' active >>>>>>>
2022-08-21 15:19:19,659 : INFO : EventManager : Event: ======'s_left_kicker_active'====== Args={}
2022-08-21 15:19:19,660 : INFO : EventManager : Event: ======'machine_var_audits_switches_s_left_kicker'====== Args={'value': 1476, 'prev_value': 1475, 'change': 1}
2022-08-21 15:19:20,166 : INFO : EventManager : Event: ======'balldevice_bd_left_kicker_ball_count_changed'====== Args={'balls': 1}
2022-08-21 15:19:20,167 : INFO : ball_device.bd_left_kicker : Received unexpected ball
2022-08-21 15:19:20,167 : INFO : EventManager : Event: ======'balldevice_captured_from_playfield'====== Args={'balls': 1}
2022-08-21 15:19:20,167 : INFO : EventManager : Event: ======'sw_playfield_active'====== Args={'balls': 1}
2022-08-21 15:19:20,167 : INFO : EventManager : Event: ======'playfield_ball_count_change'====== Args={'balls': 0, 'change': -1}
2022-08-21 15:19:20,168 : INFO : EventManager : Event: ======'balldevice_bd_left_kicker_ball_enter'====== Args={'new_balls': 1, 'unclaimed_balls': 1, 'new_available_balls': 1, 'device': <ball_device.bd_left_kicker>}
2022-08-21 15:19:20,168 : INFO : ball_device.bd_left_kicker : Ejecting 1 unexpected balls using path deque([<ball_device.bd_left_kicker>, <playfield.playfield>])
2022-08-21 15:19:20,169 : INFO : EventManager : Event: ======'balldevice_balls_available'====== Args={}
2022-08-21 15:19:20,169 : INFO : EventManager : Event: ======'balldevice_balls_available'====== Args={}
2022-08-21 15:19:20,169 : INFO : EventManager : Event: ======'balldevice_bd_left_kicker_ball_entered'====== Args={'new_balls': 1, 'device': <ball_device.bd_left_kicker>}
2022-08-21 15:19:20,171 : INFO : ball_device.bd_left_kicker : State: waiting_for_target_ready
2022-08-21 15:19:20,172 : INFO : EventManager : Event: ======'balldevice_bd_left_kicker_ball_eject_attempt'====== Args={'balls': 1, 'target': <playfield.playfield>, 'source': <ball_device.bd_left_kicker>, 'mechanical_eject': False, 'num_attempts': 0}
2022-08-21 15:19:20,173 : INFO : EventManager : Event: ======'start_left_kicker_show'====== Args={}
2022-08-21 15:19:21,180 : INFO : EventManager : Event: ======'left_kicker_show_finished'====== Args={}
2022-08-21 15:19:21,181 : INFO : ball_device.bd_left_kicker : State: ejecting
2022-08-21 15:19:21,181 : INFO : ball_device.bd_left_kicker : Ejecting ball to <playfield.playfield>
2022-08-21 15:19:21,181 : INFO : EventManager : Event: ======'balldevice_bd_left_kicker_ejecting_ball'====== Args={'balls': 1, 'target': <playfield.playfield>, 'source': <ball_device.bd_left_kicker>, 'mechanical_eject': False, 'num_attempts': 0}
2022-08-21 15:19:21,183 : INFO : ball_device.bd_left_kicker : Wait for ball to leave device
2022-08-21 15:19:21,183 : INFO : coil.c_left_kicker_eject : Pulsing Driver for 30ms (1.0 pulse_power)
2022-08-21 15:19:21,210 : INFO : SwitchController : <<<<<<< 's_left_kicker' inactive >>>>>>>
2022-08-21 15:19:21,217 : INFO : ball_device.bd_left_kicker : State: ball_left
2022-08-21 15:19:21,217 : INFO : ball_device.bd_left_kicker : Ball left
2022-08-21 15:19:21,217 : INFO : ball_device.bd_left_kicker : Wait for confirm with timeout 1.0
2022-08-21 15:19:22,209 : INFO : ball_device.bd_left_kicker : State: failed_confirm
2022-08-21 15:19:22,209 : INFO : ball_device.bd_left_kicker : Got timeout (1.0s) before confirm from <playfield.playfield>
2022-08-21 15:19:22,234 : INFO : SwitchController : <<<<<<< 's_left_sling' active >>>>>>>
2022-08-21 15:19:22,234 : INFO : EventManager : Event: ======'s_left_sling_active'====== Args={}
2022-08-21 15:19:22,235 : INFO : EventManager : Event: ======'machine_var_audits_switches_s_left_sling'====== Args={'value': 6662, 'prev_value': 6661, 'change': 1}
2022-08-21 15:19:22,237 : INFO : EventManager : Event: ======'player_score'====== Args={'value': 1110, 'prev_value': 0, 'change': 1110, 'player_num': 1}
2022-08-21 15:19:22,252 : INFO : EventManager : Event: ======'player_switches'====== Args={'value': 1, 'prev_value': 0, 'change': 1, 'player_num': 1}
2022-08-21 15:19:22,268 : INFO : SwitchController : <<<<<<< 's_left_sling' inactive >>>>>>>
2022-08-21 15:19:22,303 : INFO : ball_device.bd_left_kicker : Confirming eject because target is playfield and ball did not return.
2022-08-21 15:19:22,303 : INFO : ball_device.bd_left_kicker : Eject successful
2022-08-21 15:19:22,303 : INFO : EventManager : Event: ======'balldevice_bd_left_kicker_ball_eject_success'====== Args={'balls': 1, 'target': <playfield.playfield>}
2022-08-21 15:19:22,303 : INFO : EventManager : Event: ======'balldevice_playfield_ball_enter'====== Args={'new_balls': 1, 'unclaimed_balls': 1, 'device': <playfield.playfield>}
2022-08-21 15:19:22,304 : INFO : EventManager : Event: ======'playfield_ball_count_change'====== Args={'balls': 1, 'change': 1}
2022-08-21 15:19:22,304 : INFO : EventManager : Event: ======'balldevice_bd_left_kicker_ball_count_changed'====== Args={'balls': 0}
2022-08-21 15:19:22,304 : INFO : ball_device.bd_left_kicker : State: idle
2022-08-21 15:19:25,418 : INFO : SwitchController : <<<<<<< 's_right_kicker' active >>>>>>>
2022-08-21 15:19:25,418 : INFO : EventManager : Event: ======'s_right_kicker_active'====== Args={}
2022-08-21 15:19:25,419 : INFO : EventManager : Event: ======'machine_var_audits_switches_s_right_kicker'====== Args={'value': 1669, 'prev_value': 1668, 'change': 1}
2022-08-21 15:19:25,420 : INFO : EventManager : Event: ======'player_score'====== Args={'value': 16110, 'prev_value': 1110, 'change': 15000, 'player_num': 1}
2022-08-21 15:19:25,922 : INFO : EventManager : Event: ======'balldevice_bd_right_kicker_ball_count_changed'====== Args={'balls': 1}
2022-08-21 15:19:25,923 : INFO : ball_device.bd_right_kicker : Received unexpected ball
2022-08-21 15:19:25,923 : INFO : EventManager : Event: ======'balldevice_captured_from_playfield'====== Args={'balls': 1}
2022-08-21 15:19:25,923 : INFO : EventManager : Event: ======'sw_playfield_active'====== Args={'balls': 1}
2022-08-21 15:19:25,923 : INFO : EventManager : Event: ======'playfield_ball_count_change'====== Args={'balls': 0, 'change': -1}
2022-08-21 15:19:25,924 : INFO : EventManager : Event: ======'balldevice_bd_right_kicker_ball_enter'====== Args={'new_balls': 1, 'unclaimed_balls': 1, 'new_available_balls': 1, 'device': <ball_device.bd_right_kicker>}
2022-08-21 15:19:25,924 : INFO : ball_device.bd_right_kicker : Ejecting 1 unexpected balls using path deque([<ball_device.bd_right_kicker>, <playfield.playfield>])
2022-08-21 15:19:25,925 : INFO : EventManager : Event: ======'balldevice_balls_available'====== Args={}
2022-08-21 15:19:25,925 : INFO : EventManager : Event: ======'balldevice_balls_available'====== Args={}
2022-08-21 15:19:25,925 : INFO : EventManager : Event: ======'balldevice_bd_right_kicker_ball_entered'====== Args={'new_balls': 1, 'device': <ball_device.bd_right_kicker>}
2022-08-21 15:19:25,928 : INFO : ball_device.bd_right_kicker : State: waiting_for_target_ready
2022-08-21 15:19:25,928 : INFO : EventManager : Event: ======'balldevice_bd_right_kicker_ball_eject_attempt'====== Args={'balls': 1, 'target': <playfield.playfield>, 'source': <ball_device.bd_right_kicker>, 'mechanical_eject': False, 'num_attempts': 0}
2022-08-21 15:19:25,929 : INFO : EventManager : Event: ======'start_right_kicker_show'====== Args={}
2022-08-21 15:19:26,936 : INFO : EventManager : Event: ======'right_kicker_show_finished'====== Args={}
2022-08-21 15:19:26,937 : INFO : ball_device.bd_right_kicker : State: ejecting
2022-08-21 15:19:26,937 : INFO : ball_device.bd_right_kicker : Ejecting ball to <playfield.playfield>
2022-08-21 15:19:26,937 : INFO : EventManager : Event: ======'balldevice_bd_right_kicker_ejecting_ball'====== Args={'balls': 1, 'target': <playfield.playfield>, 'source': <ball_device.bd_right_kicker>, 'mechanical_eject': False, 'num_attempts': 0}
2022-08-21 15:19:26,939 : INFO : ball_device.bd_right_kicker : Wait for ball to leave device
2022-08-21 15:19:26,939 : INFO : coil.c_right_kicker_eject : Pulsing Driver for 30ms (1.0 pulse_power)
2022-08-21 15:19:26,970 : INFO : SwitchController : <<<<<<< 's_right_kicker' inactive >>>>>>>
2022-08-21 15:19:26,978 : INFO : ball_device.bd_right_kicker : State: ball_left
2022-08-21 15:19:26,978 : INFO : ball_device.bd_right_kicker : Ball left
2022-08-21 15:19:26,978 : INFO : ball_device.bd_right_kicker : Wait for confirm with timeout 1.0
2022-08-21 15:19:27,966 : INFO : ball_device.bd_right_kicker : State: failed_confirm
2022-08-21 15:19:27,966 : INFO : ball_device.bd_right_kicker : Got timeout (1.0s) before confirm from <playfield.playfield>
2022-08-21 15:19:28,060 : INFO : ball_device.bd_right_kicker : Confirming eject because target is playfield and ball did not return.
2022-08-21 15:19:28,060 : INFO : ball_device.bd_right_kicker : Eject successful
2022-08-21 15:19:28,060 : INFO : EventManager : Event: ======'balldevice_bd_right_kicker_ball_eject_success'====== Args={'balls': 1, 'target': <playfield.playfield>}
2022-08-21 15:19:28,061 : INFO : EventManager : Event: ======'balldevice_playfield_ball_enter'====== Args={'new_balls': 1, 'unclaimed_balls': 1, 'device': <playfield.playfield>}
2022-08-21 15:19:28,061 : INFO : EventManager : Event: ======'playfield_ball_count_change'====== Args={'balls': 1, 'change': 1}
2022-08-21 15:19:28,061 : INFO : EventManager : Event: ======'balldevice_bd_right_kicker_ball_count_changed'====== Args={'balls': 0}
2022-08-21 15:19:28,061 : INFO : ball_device.bd_right_kicker : State: idle
2022-08-21 15:19:28,458 : INFO : SwitchController : <<<<<<< 's_right_kicker' active >>>>>>>
2022-08-21 15:19:28,459 : INFO : EventManager : Event: ======'s_right_kicker_active'====== Args={}
2022-08-21 15:19:28,459 : INFO : EventManager : Event: ======'machine_var_audits_switches_s_right_kicker'====== Args={'value': 1670, 'prev_value': 1669, 'change': 1}
2022-08-21 15:19:28,460 : INFO : EventManager : Event: ======'player_score'====== Args={'value': 31110, 'prev_value': 16110, 'change': 15000, 'player_num': 1}
2022-08-21 15:19:28,965 : INFO : EventManager : Event: ======'balldevice_bd_right_kicker_ball_count_changed'====== Args={'balls': 1}
2022-08-21 15:19:28,966 : INFO : ball_device.bd_right_kicker : Received unexpected ball
2022-08-21 15:19:28,966 : INFO : EventManager : Event: ======'balldevice_captured_from_playfield'====== Args={'balls': 1}
2022-08-21 15:19:28,966 : INFO : EventManager : Event: ======'sw_playfield_active'====== Args={'balls': 1}
2022-08-21 15:19:28,966 : INFO : EventManager : Event: ======'playfield_ball_count_change'====== Args={'balls': 0, 'change': -1}
2022-08-21 15:19:28,967 : INFO : EventManager : Event: ======'balldevice_bd_right_kicker_ball_enter'====== Args={'new_balls': 1, 'unclaimed_balls': 1, 'new_available_balls': 1, 'device': <ball_device.bd_right_kicker>}
2022-08-21 15:19:28,969 : INFO : ball_device.bd_right_kicker : Ejecting 1 unexpected balls using path deque([<ball_device.bd_right_kicker>, <playfield.playfield>])
2022-08-21 15:19:28,969 : INFO : EventManager : Event: ======'balldevice_balls_available'====== Args={}
2022-08-21 15:19:28,969 : INFO : EventManager : Event: ======'balldevice_balls_available'====== Args={}
2022-08-21 15:19:28,969 : INFO : EventManager : Event: ======'balldevice_bd_right_kicker_ball_entered'====== Args={'new_balls': 1, 'device': <ball_device.bd_right_kicker>}
2022-08-21 15:19:28,971 : INFO : ball_device.bd_right_kicker : State: waiting_for_target_ready
2022-08-21 15:19:28,971 : INFO : EventManager : Event: ======'balldevice_bd_right_kicker_ball_eject_attempt'====== Args={'balls': 1, 'target': <playfield.playfield>, 'source': <ball_device.bd_right_kicker>, 'mechanical_eject': False, 'num_attempts': 0}
2022-08-21 15:19:28,972 : INFO : EventManager : Event: ======'start_right_kicker_show'====== Args={}
2022-08-21 15:19:29,979 : INFO : EventManager : Event: ======'right_kicker_show_finished'====== Args={}
2022-08-21 15:19:29,980 : INFO : ball_device.bd_right_kicker : State: ejecting
2022-08-21 15:19:29,980 : INFO : ball_device.bd_right_kicker : Ejecting ball to <playfield.playfield>
2022-08-21 15:19:29,981 : INFO : EventManager : Event: ======'balldevice_bd_right_kicker_ejecting_ball'====== Args={'balls': 1, 'target': <playfield.playfield>, 'source': <ball_device.bd_right_kicker>, 'mechanical_eject': False, 'num_attempts': 0}
2022-08-21 15:19:29,983 : INFO : ball_device.bd_right_kicker : Wait for ball to leave device
2022-08-21 15:19:29,983 : INFO : coil.c_right_kicker_eject : Pulsing Driver for 30ms (1.0 pulse_power)
2022-08-21 15:19:30,010 : INFO : SwitchController : <<<<<<< 's_right_kicker' inactive >>>>>>>
2022-08-21 15:19:30,018 : INFO : ball_device.bd_right_kicker : State: ball_left
2022-08-21 15:19:30,018 : INFO : ball_device.bd_right_kicker : Ball left
2022-08-21 15:19:30,019 : INFO : ball_device.bd_right_kicker : Wait for confirm with timeout 1.0
2022-08-21 15:19:31,008 : INFO : ball_device.bd_right_kicker : State: failed_confirm
2022-08-21 15:19:31,008 : INFO : ball_device.bd_right_kicker : Got timeout (1.0s) before confirm from <playfield.playfield>
2022-08-21 15:19:31,102 : INFO : ball_device.bd_right_kicker : Confirming eject because target is playfield and ball did not return.
2022-08-21 15:19:31,102 : INFO : ball_device.bd_right_kicker : Eject successful
2022-08-21 15:19:31,102 : INFO : EventManager : Event: ======'balldevice_bd_right_kicker_ball_eject_success'====== Args={'balls': 1, 'target': <playfield.playfield>}
2022-08-21 15:19:31,103 : INFO : EventManager : Event: ======'balldevice_playfield_ball_enter'====== Args={'new_balls': 1, 'unclaimed_balls': 1, 'device': <playfield.playfield>}
2022-08-21 15:19:31,103 : INFO : EventManager : Event: ======'playfield_ball_count_change'====== Args={'balls': 1, 'change': 1}
2022-08-21 15:19:31,103 : INFO : EventManager : Event: ======'balldevice_bd_right_kicker_ball_count_changed'====== Args={'balls': 0}
2022-08-21 15:19:31,103 : INFO : ball_device.bd_right_kicker : State: idle
2022-08-21 15:19:31,994 : INFO : SwitchController : <<<<<<< 's_left_kicker' active >>>>>>>
2022-08-21 15:19:31,994 : INFO : EventManager : Event: ======'s_left_kicker_active'====== Args={}
2022-08-21 15:19:31,995 : INFO : EventManager : Event: ======'machine_var_audits_switches_s_left_kicker'====== Args={'value': 1477, 'prev_value': 1476, 'change': 1}
2022-08-21 15:19:32,506 : INFO : EventManager : Event: ======'balldevice_bd_left_kicker_ball_count_changed'====== Args={'balls': 1}
2022-08-21 15:19:32,507 : INFO : ball_device.bd_left_kicker : Received unexpected ball
2022-08-21 15:19:32,507 : INFO : EventManager : Event: ======'balldevice_captured_from_playfield'====== Args={'balls': 1}
2022-08-21 15:19:32,508 : INFO : EventManager : Event: ======'sw_playfield_active'====== Args={'balls': 1}
2022-08-21 15:19:32,508 : INFO : EventManager : Event: ======'playfield_ball_count_change'====== Args={'balls': 0, 'change': -1}
2022-08-21 15:19:32,508 : INFO : EventManager : Event: ======'balldevice_bd_left_kicker_ball_enter'====== Args={'new_balls': 1, 'unclaimed_balls': 1, 'new_available_balls': 1, 'device': <ball_device.bd_left_kicker>}
2022-08-21 15:19:32,509 : INFO : ball_device.bd_left_kicker : Ejecting 1 unexpected balls using path deque([<ball_device.bd_left_kicker>, <playfield.playfield>])
2022-08-21 15:19:32,509 : INFO : EventManager : Event: ======'balldevice_balls_available'====== Args={}
2022-08-21 15:19:32,509 : INFO : EventManager : Event: ======'balldevice_balls_available'====== Args={}
2022-08-21 15:19:32,510 : INFO : EventManager : Event: ======'balldevice_bd_left_kicker_ball_entered'====== Args={'new_balls': 1, 'device': <ball_device.bd_left_kicker>}
2022-08-21 15:19:32,512 : INFO : ball_device.bd_left_kicker : State: waiting_for_target_ready
2022-08-21 15:19:32,513 : INFO : EventManager : Event: ======'balldevice_bd_left_kicker_ball_eject_attempt'====== Args={'balls': 1, 'target': <playfield.playfield>, 'source': <ball_device.bd_left_kicker>, 'mechanical_eject': False, 'num_attempts': 0}
2022-08-21 15:19:32,513 : INFO : EventManager : Event: ======'start_left_kicker_show'====== Args={}
2022-08-21 15:19:33,520 : INFO : EventManager : Event: ======'left_kicker_show_finished'====== Args={}
2022-08-21 15:19:33,521 : INFO : ball_device.bd_left_kicker : State: ejecting
2022-08-21 15:19:33,521 : INFO : ball_device.bd_left_kicker : Ejecting ball to <playfield.playfield>
2022-08-21 15:19:33,522 : INFO : EventManager : Event: ======'balldevice_bd_left_kicker_ejecting_ball'====== Args={'balls': 1, 'target': <playfield.playfield>, 'source': <ball_device.bd_left_kicker>, 'mechanical_eject': False, 'num_attempts': 0}
2022-08-21 15:19:33,523 : INFO : ball_device.bd_left_kicker : Wait for ball to leave device
2022-08-21 15:19:33,523 : INFO : coil.c_left_kicker_eject : Pulsing Driver for 30ms (1.0 pulse_power)
2022-08-21 15:19:33,562 : INFO : SwitchController : <<<<<<< 's_left_kicker' inactive >>>>>>>
2022-08-21 15:19:33,570 : INFO : ball_device.bd_left_kicker : State: ball_left
2022-08-21 15:19:33,570 : INFO : ball_device.bd_left_kicker : Ball left
2022-08-21 15:19:33,571 : INFO : ball_device.bd_left_kicker : Wait for confirm with timeout 1.0
2022-08-21 15:19:34,565 : INFO : ball_device.bd_left_kicker : State: failed_confirm
2022-08-21 15:19:34,565 : INFO : ball_device.bd_left_kicker : Got timeout (1.0s) before confirm from <playfield.playfield>
2022-08-21 15:19:34,658 : INFO : ball_device.bd_left_kicker : Confirming eject because target is playfield and ball did not return.
2022-08-21 15:19:34,658 : INFO : ball_device.bd_left_kicker : Eject successful
2022-08-21 15:19:34,658 : INFO : EventManager : Event: ======'balldevice_bd_left_kicker_ball_eject_success'====== Args={'balls': 1, 'target': <playfield.playfield>}
2022-08-21 15:19:34,659 : INFO : EventManager : Event: ======'balldevice_playfield_ball_enter'====== Args={'new_balls': 1, 'unclaimed_balls': 1, 'device': <playfield.playfield>}
2022-08-21 15:19:34,659 : INFO : EventManager : Event: ======'playfield_ball_count_change'====== Args={'balls': 1, 'change': 1}
2022-08-21 15:19:34,659 : INFO : EventManager : Event: ======'balldevice_bd_left_kicker_ball_count_changed'====== Args={'balls': 0}
2022-08-21 15:19:34,659 : INFO : ball_device.bd_left_kicker : State: idle
2022-08-21 15:19:35,465 : INFO : SwitchController : <<<<<<< 's_left_kicker' active >>>>>>>
2022-08-21 15:19:35,465 : INFO : EventManager : Event: ======'s_left_kicker_active'====== Args={}
2022-08-21 15:19:35,466 : INFO : EventManager : Event: ======'machine_var_audits_switches_s_left_kicker'====== Args={'value': 1478, 'prev_value': 1477, 'change': 1}
2022-08-21 15:19:35,970 : INFO : EventManager : Event: ======'balldevice_bd_left_kicker_ball_count_changed'====== Args={'balls': 1}
2022-08-21 15:19:35,970 : INFO : ball_device.bd_left_kicker : Received unexpected ball
2022-08-21 15:19:35,970 : INFO : EventManager : Event: ======'balldevice_captured_from_playfield'====== Args={'balls': 1}
2022-08-21 15:19:35,971 : INFO : EventManager : Event: ======'sw_playfield_active'====== Args={'balls': 1}
2022-08-21 15:19:35,971 : INFO : EventManager : Event: ======'playfield_ball_count_change'====== Args={'balls': 0, 'change': -1}
2022-08-21 15:19:35,971 : INFO : EventManager : Event: ======'balldevice_bd_left_kicker_ball_enter'====== Args={'new_balls': 1, 'unclaimed_balls': 1, 'new_available_balls': 1, 'device': <ball_device.bd_left_kicker>}
2022-08-21 15:19:35,972 : INFO : ball_device.bd_left_kicker : Ejecting 1 unexpected balls using path deque([<ball_device.bd_left_kicker>, <playfield.playfield>])
2022-08-21 15:19:35,972 : INFO : EventManager : Event: ======'balldevice_balls_available'====== Args={}
2022-08-21 15:19:35,972 : INFO : EventManager : Event: ======'balldevice_balls_available'====== Args={}
2022-08-21 15:19:35,973 : INFO : EventManager : Event: ======'balldevice_bd_left_kicker_ball_entered'====== Args={'new_balls': 1, 'device': <ball_device.bd_left_kicker>}
2022-08-21 15:19:35,974 : INFO : ball_device.bd_left_kicker : State: waiting_for_target_ready
2022-08-21 15:19:35,974 : INFO : EventManager : Event: ======'balldevice_bd_left_kicker_ball_eject_attempt'====== Args={'balls': 1, 'target': <playfield.playfield>, 'source': <ball_device.bd_left_kicker>, 'mechanical_eject': False, 'num_attempts': 0}
2022-08-21 15:19:35,976 : INFO : EventManager : Event: ======'start_left_kicker_show'====== Args={}
2022-08-21 15:19:36,983 : INFO : EventManager : Event: ======'left_kicker_show_finished'====== Args={}
2022-08-21 15:19:36,984 : INFO : ball_device.bd_left_kicker : State: ejecting
2022-08-21 15:19:36,985 : INFO : ball_device.bd_left_kicker : Ejecting ball to <playfield.playfield>
2022-08-21 15:19:36,985 : INFO : EventManager : Event: ======'balldevice_bd_left_kicker_ejecting_ball'====== Args={'balls': 1, 'target': <playfield.playfield>, 'source': <ball_device.bd_left_kicker>, 'mechanical_eject': False, 'num_attempts': 0}
2022-08-21 15:19:36,986 : INFO : ball_device.bd_left_kicker : Wait for ball to leave device
2022-08-21 15:19:36,986 : INFO : coil.c_left_kicker_eject : Pulsing Driver for 30ms (1.0 pulse_power)
2022-08-21 15:19:37,017 : INFO : SwitchController : <<<<<<< 's_left_kicker' inactive >>>>>>>
2022-08-21 15:19:37,025 : INFO : ball_device.bd_left_kicker : State: ball_left
2022-08-21 15:19:37,025 : INFO : ball_device.bd_left_kicker : Ball left
2022-08-21 15:19:37,025 : INFO : ball_device.bd_left_kicker : Wait for confirm with timeout 1.0
2022-08-21 15:19:38,012 : INFO : ball_device.bd_left_kicker : State: failed_confirm
2022-08-21 15:19:38,012 : INFO : ball_device.bd_left_kicker : Got timeout (1.0s) before confirm from <playfield.playfield>
2022-08-21 15:19:38,057 : INFO : SwitchController : <<<<<<< 's_left_kicker' active >>>>>>>
2022-08-21 15:19:38,057 : INFO : EventManager : Event: ======'playfield_active'====== Args={}
2022-08-21 15:19:38,058 : INFO : EventManager : Event: ======'playfield_active'====== Args={}
2022-08-21 15:19:38,058 : INFO : EventManager : Event: ======'s_left_kicker_active'====== Args={}
2022-08-21 15:19:38,058 : INFO : EventManager : Event: ======'machine_var_audits_switches_s_left_kicker'====== Args={'value': 1479, 'prev_value': 1478, 'change': 1}
2022-08-21 15:19:38,106 : INFO : ball_device.bd_left_kicker : Confirming eject because target is playfield and ball did not return.
2022-08-21 15:19:38,106 : INFO : ball_device.bd_left_kicker : Eject successful
2022-08-21 15:19:38,106 : INFO : EventManager : Event: ======'balldevice_bd_left_kicker_ball_eject_success'====== Args={'balls': 1, 'target': <playfield.playfield>}
2022-08-21 15:19:38,106 : INFO : EventManager : Event: ======'balldevice_playfield_ball_enter'====== Args={'new_balls': 1, 'unclaimed_balls': 1, 'device': <playfield.playfield>}
2022-08-21 15:19:38,106 : INFO : EventManager : Event: ======'playfield_ball_count_change'====== Args={'balls': 1, 'change': 1}
2022-08-21 15:19:38,107 : INFO : EventManager : Event: ======'balldevice_bd_left_kicker_ball_count_changed'====== Args={'balls': 0}
2022-08-21 15:19:38,107 : INFO : ball_device.bd_left_kicker : State: idle
2022-08-21 15:19:38,558 : INFO : EventManager : Event: ======'balldevice_bd_left_kicker_ball_count_changed'====== Args={'balls': 1}
2022-08-21 15:19:38,558 : INFO : ball_device.bd_left_kicker : Received unexpected ball
2022-08-21 15:19:38,559 : INFO : EventManager : Event: ======'balldevice_captured_from_playfield'====== Args={'balls': 1}
2022-08-21 15:19:38,559 : INFO : EventManager : Event: ======'sw_playfield_active'====== Args={'balls': 1}
2022-08-21 15:19:38,559 : INFO : EventManager : Event: ======'playfield_ball_count_change'====== Args={'balls': 0, 'change': -1}
2022-08-21 15:19:38,560 : INFO : EventManager : Event: ======'balldevice_bd_left_kicker_ball_enter'====== Args={'new_balls': 1, 'unclaimed_balls': 1, 'new_available_balls': 1, 'device': <ball_device.bd_left_kicker>}
2022-08-21 15:19:38,560 : INFO : ball_device.bd_left_kicker : Ejecting 1 unexpected balls using path deque([<ball_device.bd_left_kicker>, <playfield.playfield>])
2022-08-21 15:19:38,560 : INFO : EventManager : Event: ======'balldevice_balls_available'====== Args={}
2022-08-21 15:19:38,561 : INFO : EventManager : Event: ======'balldevice_balls_available'====== Args={}
2022-08-21 15:19:38,561 : INFO : EventManager : Event: ======'balldevice_bd_left_kicker_ball_entered'====== Args={'new_balls': 1, 'device': <ball_device.bd_left_kicker>}
2022-08-21 15:19:38,562 : INFO : ball_device.bd_left_kicker : State: waiting_for_target_ready
2022-08-21 15:19:38,562 : INFO : EventManager : Event: ======'balldevice_bd_left_kicker_ball_eject_attempt'====== Args={'balls': 1, 'target': <playfield.playfield>, 'source': <ball_device.bd_left_kicker>, 'mechanical_eject': False, 'num_attempts': 0}
2022-08-21 15:19:38,563 : INFO : EventManager : Event: ======'start_left_kicker_show'====== Args={}
2022-08-21 15:19:39,572 : INFO : EventManager : Event: ======'left_kicker_show_finished'====== Args={}
2022-08-21 15:19:39,573 : INFO : ball_device.bd_left_kicker : State: ejecting
2022-08-21 15:19:39,573 : INFO : ball_device.bd_left_kicker : Ejecting ball to <playfield.playfield>
2022-08-21 15:19:39,573 : INFO : EventManager : Event: ======'balldevice_bd_left_kicker_ejecting_ball'====== Args={'balls': 1, 'target': <playfield.playfield>, 'source': <ball_device.bd_left_kicker>, 'mechanical_eject': False, 'num_attempts': 0}
2022-08-21 15:19:39,574 : INFO : ball_device.bd_left_kicker : Wait for ball to leave device
2022-08-21 15:19:39,574 : INFO : coil.c_left_kicker_eject : Pulsing Driver for 30ms (1.0 pulse_power)
2022-08-21 15:19:39,609 : INFO : SwitchController : <<<<<<< 's_left_kicker' inactive >>>>>>>
2022-08-21 15:19:39,617 : INFO : ball_device.bd_left_kicker : State: ball_left
2022-08-21 15:19:39,617 : INFO : ball_device.bd_left_kicker : Ball left
2022-08-21 15:19:39,618 : INFO : ball_device.bd_left_kicker : Wait for confirm with timeout 1.0
2022-08-21 15:19:40,602 : INFO : ball_device.bd_left_kicker : State: failed_confirm
2022-08-21 15:19:40,602 : INFO : ball_device.bd_left_kicker : Got timeout (1.0s) before confirm from <playfield.playfield>
2022-08-21 15:19:40,695 : INFO : ball_device.bd_left_kicker : Confirming eject because target is playfield and ball did not return.
2022-08-21 15:19:40,695 : INFO : ball_device.bd_left_kicker : Eject successful
2022-08-21 15:19:40,695 : INFO : EventManager : Event: ======'balldevice_bd_left_kicker_ball_eject_success'====== Args={'balls': 1, 'target': <playfield.playfield>}
2022-08-21 15:19:40,696 : INFO : EventManager : Event: ======'balldevice_playfield_ball_enter'====== Args={'new_balls': 1, 'unclaimed_balls': 1, 'device': <playfield.playfield>}
2022-08-21 15:19:40,696 : INFO : EventManager : Event: ======'playfield_ball_count_change'====== Args={'balls': 1, 'change': 1}
2022-08-21 15:19:40,696 : INFO : EventManager : Event: ======'balldevice_bd_left_kicker_ball_count_changed'====== Args={'balls': 0}
2022-08-21 15:19:40,697 : INFO : ball_device.bd_left_kicker : State: idle
2022-08-21 15:19:49,081 : INFO : SwitchController : <<<<<<< 's_drain' active >>>>>>>
2022-08-21 15:19:49,082 : INFO : EventManager : Event: ======'machine_var_audits_switches_s_drain'====== Args={'value': 2673, 'prev_value': 2672, 'change': 1}
2022-08-21 15:19:49,589 : INFO : EventManager : Event: ======'balldevice_bd_drain_ball_count_changed'====== Args={'balls': 1}
2022-08-21 15:19:49,589 : INFO : ball_device.bd_drain : Received unexpected ball
2022-08-21 15:19:49,589 : INFO : EventManager : Event: ======'balldevice_captured_from_playfield'====== Args={'balls': 1}
2022-08-21 15:19:49,590 : INFO : EventManager : Event: ======'sw_playfield_active'====== Args={'balls': 1}
2022-08-21 15:19:49,590 : INFO : EventManager : Event: ======'playfield_ball_count_change'====== Args={'balls': 0, 'change': -1}
2022-08-21 15:19:49,591 : INFO : EventManager : Event: ======'balldevice_bd_drain_ball_enter'====== Args={'new_balls': 1, 'unclaimed_balls': 1, 'new_available_balls': 1, 'device': <ball_device.bd_drain>}
2022-08-21 15:19:49,591 : INFO : EventManager : Event: ======'ball_drain'====== Args={'device': <ball_device.bd_drain>, 'balls': 1}
2022-08-21 15:19:49,592 : INFO : EventManager : Event: ======'ball_will_end'====== Args={}
2022-08-21 15:19:49,592 : INFO : EventManager : Event: ======'balldevice_balls_available'====== Args={}
2022-08-21 15:19:49,592 : INFO : EventManager : Event: ======'balldevice_bd_drain_ball_entered'====== Args={'new_balls': 1, 'device': <ball_device.bd_drain>}
2022-08-21 15:19:49,594 : INFO : EventManager : Event: ======'ball_ending'====== Args={}
2022-08-21 15:19:49,595 : INFO : EventManager : Event: ======'mode_bonus_will_start'====== Args={'queue': <QueuedEvent>}
2022-08-21 15:19:49,597 : INFO : EventManager : Event: ======'mode_bonus_starting'====== Args={'queue': <QueuedEvent>}
2022-08-21 15:19:49,598 : INFO : Mode.bonus : Started. Priority: 50000
2022-08-21 15:19:49,598 : INFO : EventManager : Event: ======'modes_active_modes_changed'====== Args={}
2022-08-21 15:19:49,598 : INFO : EventManager : Event: ======'mode_bonus_started'====== Args={'queue': <QueuedEvent>}
2022-08-21 15:19:49,599 : INFO : EventManager : Event: ======'player_combos_25k'====== Args={'value': 0, 'prev_value': 0, 'change': 0, 'player_num': 1}
2022-08-21 15:19:49,600 : INFO : EventManager : Event: ======'player_switches_100'====== Args={'value': 100, 'prev_value': 0, 'change': 100, 'player_num': 1}
2022-08-21 15:19:49,600 : INFO : EventManager : Event: ======'player_modes_started_100k'====== Args={'value': 0, 'prev_value': 0, 'change': 0, 'player_num': 1}
2022-08-21 15:19:49,601 : INFO : EventManager : Event: ======'player_crystals_1mil'====== Args={'value': 0, 'prev_value': 0, 'change': 0, 'player_num': 1}
2022-08-21 15:19:49,602 : INFO : EventManager : Event: ======'bonus_start'====== Args={}
2022-08-21 15:19:49,633 : INFO : EventManager : Event: ======'slide_bonus_start_slide_created'====== Args={'_from_bcp': True}
2022-08-21 15:19:49,633 : INFO : EventManager : Event: ======'slide_bonus_start_slide_active'====== Args={'_from_bcp': True}
2022-08-21 15:19:50,337 : INFO : EventManager : Event: ======'bonus_switches'====== Args={'score': 100, 'bonus_score': 100, 'hits': 1}
2022-08-21 15:19:50,362 : INFO : EventManager : Event: ======'slide_bonus_switches_slide_created'====== Args={'_from_bcp': True}
2022-08-21 15:19:50,373 : INFO : EventManager : Event: ======'slide_bonus_switches_slide_active'====== Args={'_from_bcp': True}
2022-08-21 15:19:51,085 : INFO : EventManager : Event: ======'player_score'====== Args={'value': 31210, 'prev_value': 31110, 'change': 100, 'player_num': 1}
2022-08-21 15:19:51,086 : INFO : EventManager : Event: ======'bonus_total'====== Args={'score': 100}
2022-08-21 15:19:51,101 : INFO : EventManager : Event: ======'slide_bonus_total_slide_created'====== Args={'_from_bcp': True}
2022-08-21 15:19:51,109 : INFO : EventManager : Event: ======'slide_bonus_total_slide_active'====== Args={'_from_bcp': True}
2022-08-21 15:19:51,244 : INFO : Machine : Shutting down...
2022-08-21 15:19:51,245 : INFO : EventManager : Event: ======'shutdown'====== Args={}
2022-08-21 15:19:51,256 : WARNING : FAST : Port RGB received more messages than were sent! Resetting!
2022-08-21 15:19:51,256 : WARNING : FAST : Received unknown serial command? BX:P from RGB.
2022-08-21 15:19:51,256 : WARNING : FAST : Port NET received more messages than were sent! Resetting!
2022-08-21 15:19:51,335 : ERROR : FAST : Stop called on serial connection com7
2022-08-21 15:19:51,335 : ERROR : FAST : Stop called on serial connection com8
2022-08-21 15:19:51,564 : INFO : root : MPF run loop ended.
