2022-08-21 15:23:42,338 : kivy : Factory: 186 symbols loaded
2022-08-21 15:23:42,494 : kivy : ImageLoaderFFPy: Using ffpyplayer 4.3.2
2022-08-21 15:23:42,494 : kivy : Image: Providers: img_tex, img_dds, img_sdl2, img_pil, img_ffpyplayer 
2022-08-21 15:23:42,529 : kivy : VideoGstplayer: Using Gstreamer 1.18.0.0
2022-08-21 15:23:42,529 : kivy : Video: Provider: gstplayer
2022-08-21 15:23:42,691 : kivy : Loading MPF-MC controller
2022-08-21 15:23:43,232 : ConfigProcessor : Config spec file cache created: C:\Users\Brendan\AppData\Local\Temp\config_spec.mpf_cache
2022-08-21 15:23:43,233 : YamlMultifileConfigLoader : Machine config file #1: config
2022-08-21 15:23:43,233 : ConfigProcessor : Config file in cache changed: C:\Baby_pacman_code\machine\config\config
2022-08-21 15:23:43,233 : ConfigProcessor : Loading config from file c:\users\brendan\appdata\local\programs\python\python37\lib\site-packages\mpfmc\mcconfig.yaml.
2022-08-21 15:23:43,284 : ConfigProcessor : Loading config: c:\users\brendan\appdata\local\programs\python\python37\lib\site-packages\mpfmc\mcconfig.yaml
2022-08-21 15:23:43,284 : ConfigProcessor : Loading config from file C:\Baby_pacman_code\machine\config\config.
2022-08-21 15:23:43,412 : ConfigProcessor : Loading config: C:\Baby_pacman_code\machine\config\config
2022-08-21 15:23:43,415 : ConfigProcessor : Config file cache created: C:\Users\Brendan\AppData\Local\Temp\e68bda1e95a8aa0185725ca2569cabab.mpf_cache
2022-08-21 15:23:43,415 : ConfigProcessor : Loading config from cache: C:\Users\Brendan\AppData\Local\Temp\467e7647689d29fad6adf949e1f4d51d.mpf_cache
2022-08-21 15:23:43,416 : ConfigProcessor : Loading config from cache: C:\Users\Brendan\AppData\Local\Temp\5550e037aa776b42b91b29b40b356c70.mpf_cache
2022-08-21 15:23:43,416 : ConfigProcessor : Loading config from cache: C:\Users\Brendan\AppData\Local\Temp\15e0c601392b30c3d9ba3ead8131edb5.mpf_cache
2022-08-21 15:23:43,417 : ConfigProcessor : Loading config from cache: C:\Users\Brendan\AppData\Local\Temp\0bf50917c4ef15ab65ee13d6c14e7d7c.mpf_cache
2022-08-21 15:23:43,417 : ConfigProcessor : Loading config from cache: C:\Users\Brendan\AppData\Local\Temp\bc7da7b13b2754e080c2afa0678ac274.mpf_cache
2022-08-21 15:23:43,418 : ConfigProcessor : Loading config from cache: C:\Users\Brendan\AppData\Local\Temp\bbd59d0bb6602ee0c5a89d6f85e6dd42.mpf_cache
2022-08-21 15:23:43,419 : ConfigProcessor : Loading config from cache: C:\Users\Brendan\AppData\Local\Temp\5526c78976fee311c3d05505d75f653d.mpf_cache
2022-08-21 15:23:43,419 : ConfigProcessor : Loading config from cache: C:\Users\Brendan\AppData\Local\Temp\6e95138ae5415fc76b53ebf8fa245fb5.mpf_cache
2022-08-21 15:23:43,420 : ConfigProcessor : Loading config from cache: C:\Users\Brendan\AppData\Local\Temp\1ec1c4dffb383758956493783a9ed391.mpf_cache
2022-08-21 15:23:43,420 : ConfigProcessor : Loading config from cache: C:\Users\Brendan\AppData\Local\Temp\f2aee92728c8017b77c710c804dd7f5a.mpf_cache
2022-08-21 15:23:43,421 : ConfigProcessor : Loading config from cache: C:\Users\Brendan\AppData\Local\Temp\88f57fa1305e9dc100972ec9f84d57fe.mpf_cache
2022-08-21 15:23:43,422 : ConfigProcessor : Loading config from cache: C:\Users\Brendan\AppData\Local\Temp\6e00a9d794d4c3f43a0fc48da04dac60.mpf_cache
2022-08-21 15:23:43,422 : ConfigProcessor : Loading config from cache: C:\Users\Brendan\AppData\Local\Temp\05ef98219fc733c3bcab58726c4b37ef.mpf_cache
2022-08-21 15:23:43,423 : ConfigProcessor : Loading config from cache: C:\Users\Brendan\AppData\Local\Temp\c22d657a5a7bb60632c2be2c735e073b.mpf_cache
2022-08-21 15:23:43,424 : ConfigProcessor : Loading config from cache: C:\Users\Brendan\AppData\Local\Temp\f7d4f5eb9425fe84d2e83a363afd4bdf.mpf_cache
2022-08-21 15:23:43,424 : ConfigProcessor : Loading config from cache: C:\Users\Brendan\AppData\Local\Temp\125f51d329f930ea7bff10973551cc26.mpf_cache
2022-08-21 15:23:43,425 : ConfigProcessor : Loading config from cache: C:\Users\Brendan\AppData\Local\Temp\08e18dfdf4e02cd29cc0cc52be2faaf4.mpf_cache
2022-08-21 15:23:43,425 : ConfigProcessor : Loading config from cache: C:\Users\Brendan\AppData\Local\Temp\f042f5bf6362b9e04d43b40b93a92057.mpf_cache
2022-08-21 15:23:43,426 : ConfigProcessor : Loading config from cache: C:\Users\Brendan\AppData\Local\Temp\60badac06cd62deb71f25fac24b103c2.mpf_cache
2022-08-21 15:23:43,426 : mpfmc : Mission Pinball Framework Media Controller v0.55.0
2022-08-21 15:23:43,426 : mpfmc : Mission Pinball Framework Game Engine v0.55.0
2022-08-21 15:23:43,427 : mpfmc : Machine path: C:\Baby_pacman_code\machine
2022-08-21 15:23:43,427 : mpfmc : Starting clock at 60.0Hz
2022-08-21 15:23:43,438 : kivy : Text: Provider: sdl2
2022-08-21 15:23:43,472 : kivy : Window: Provider: sdl2
2022-08-21 15:23:43,540 : kivy : GL: Using the "OpenGL" graphics system
2022-08-21 15:23:43,541 : kivy : GL: GLEW initialization succeeded
2022-08-21 15:23:43,541 : kivy : GL: Backend used <glew>
2022-08-21 15:23:43,541 : kivy : GL: OpenGL version <b'3.1.0 - Build 9.17.10.3517'>
2022-08-21 15:23:43,541 : kivy : GL: OpenGL vendor <b'Intel'>
2022-08-21 15:23:43,541 : kivy : GL: OpenGL renderer <b'Intel(R) HD Graphics 2000'>
2022-08-21 15:23:43,541 : kivy : GL: OpenGL parsed version: 3, 1
2022-08-21 15:23:43,541 : kivy : GL: Shading version <b'1.40 - Intel Build 9.17.10.3517'>
2022-08-21 15:23:43,541 : kivy : GL: Texture max size <8192>
2022-08-21 15:23:43,541 : kivy : GL: Texture max units <16>
2022-08-21 15:23:43,609 : kivy : Window: auto add sdl2 input provider
2022-08-21 15:23:43,609 : kivy : Window: virtual keyboard not allowed, single mode, not docked
2022-08-21 15:23:43,757 : AudioInterface : Initialized
2022-08-21 15:23:43,757 : AudioInterface : Loaded SDL 2.0.12
2022-08-21 15:23:43,757 : AudioInterface : Loaded SDL_Mixer 2.0.4
2022-08-21 15:23:43,757 : AudioInterface : Loaded GStreamer 1.18.0.0
2022-08-21 15:23:43,757 : AudioInterface : Loaded GLib 2.62.6
2022-08-21 15:23:43,757 : AudioInterface : Settings requested - rate: 44100, channels: 1, buffer: 2048 samples
2022-08-21 15:23:43,758 : AudioInterface : Settings in use - rate: 44100, channels: 1, buffer: 2048 samples (4096 bytes @ 2 bytes per sample)
2022-08-21 15:23:43,758 : SoundSystem : Setting master volume to 0.0
2022-08-21 15:23:43,758 : SoundSystem : master_volume in sound_system is deprecated and will be removed in the future.
2022-08-21 15:23:43,758 : AudioInterface : Enabling audio playback
2022-08-21 15:23:43,760 : kivy : Base: Start application main loop
2022-08-21 15:23:43,761 : EventManager : Event: ======'display_window_initialized'====== Args={}
2022-08-21 15:23:43,782 : mpfmc : Display: Setting 'window' as default display
2022-08-21 15:23:43,787 : mpfmc : ASPECT RATIO MISMATCH: The on-screen window is not the same aspect ratio as the display called 'window'. The logical display will be scaled from 1366x768 to the window size 1916x1054, and a black bar will make up the difference
2022-08-21 15:23:43,788 : EventManager : Event: ======'displays_initialized'====== Args={}
2022-08-21 15:23:43,790 : EventManager : Event: ======'slide_window_blank_created'====== Args={}
2022-08-21 15:23:43,790 : EventManager : Event: ======'display_window_ready'====== Args={}
2022-08-21 15:23:43,800 : EventManager : Event: ======'init_phase_1'====== Args={}
2022-08-21 15:23:43,805 : EventManager : Event: ======'mc_ready'====== Args={}
2022-08-21 15:23:43,805 : EventManager : Event: ======'init_phase_2'====== Args={}
2022-08-21 15:23:43,834 : EventManager : Event: ======'init_phase_3'====== Args={}
2022-08-21 15:23:43,840 : EventManager : Event: ======'init_phase_4'====== Args={}
2022-08-21 15:23:43,841 : EventManager : Event: ======'init_phase_5'====== Args={}
2022-08-21 15:23:43,890 : kivy : GL: NPOT texture support is available
2022-08-21 15:23:43,915 : kivy : GL: Unpack subimage support is available
2022-08-21 15:23:43,938 : EventManager : Event: ======'loading_assets'====== Args={'total': 27, 'loaded': 1, 'remaining': 26, 'percent': 4}
2022-08-21 15:23:43,939 : AssetManager : Loading assets: 1/27 (4%)
2022-08-21 15:23:45,180 : EventManager : Event: ======'loading_assets'====== Args={'total': 27, 'loaded': 2, 'remaining': 25, 'percent': 7}
2022-08-21 15:23:45,181 : AssetManager : Loading assets: 2/27 (7%)
2022-08-21 15:23:46,912 : EventManager : Event: ======'loading_assets'====== Args={'total': 27, 'loaded': 14, 'remaining': 13, 'percent': 52}
2022-08-21 15:23:46,913 : AssetManager : Loading assets: 14/27 (52%)
2022-08-21 15:23:47,593 : EventManager : Event: ======'loading_assets'====== Args={'total': 27, 'loaded': 27, 'remaining': 0, 'percent': 100}
2022-08-21 15:23:47,594 : AssetManager : Asset loading took: 3.835219383239746
2022-08-21 15:23:47,594 : EventManager : Event: ======'asset_loading_complete'====== Args={}
2022-08-21 15:23:47,594 : AssetManager : Loading assets: 27/27 (100%)
2022-08-21 15:23:47,594 : EventManager : Event: ======'init_done'====== Args={}
2022-08-21 15:23:47,594 : MPF-MC BCP Server : Starting up on localhost port 5050
2022-08-21 15:23:47,597 : MPF-MC BCP Server : Waiting for a connection...
2022-08-21 15:23:47,598 : EventManager : Event: ======'client_disconnected'====== Args={'host': '127.0.0.1', 'port': 5050}
2022-08-21 15:23:47,638 : MPF-MC BCP Server : Received connection from: 127.0.0.1:49250
2022-08-21 15:23:47,649 : EventManager : Event: ======'client_connected'====== Args={'host': '127.0.0.1', 'port': 49250}
2022-08-21 15:23:47,661 : EventManager : Event: ======'machine_var_fast_net_firmware'====== Args={'value': '01.05', 'prev_value': None, 'change': True}
2022-08-21 15:23:47,661 : EventManager : Event: ======'machine_var_fast_net_model'====== Args={'value': 'FP-CPU-002-2', 'prev_value': None, 'change': True}
2022-08-21 15:23:47,661 : EventManager : Event: ======'machine_var_fast_rgb_firmware'====== Args={'value': '01.00', 'prev_value': None, 'change': True}
2022-08-21 15:23:47,661 : EventManager : Event: ======'machine_var_fast_rgb_model'====== Args={'value': 'FP-CPU-002-2', 'prev_value': None, 'change': True}
2022-08-21 15:23:47,661 : EventManager : Event: ======'machine_var_credits_string'====== Args={'value': 'FREE PLAY', 'prev_value': None, 'change': True}
2022-08-21 15:23:47,661 : EventManager : Event: ======'machine_var_master_volume'====== Args={'value': 0.5, 'prev_value': None, 'change': True}
2022-08-21 15:23:47,661 : EventManager : Event: ======'machine_var_player1_score'====== Args={'value': 58540490, 'prev_value': None, 'change': True}
2022-08-21 15:23:47,662 : EventManager : Event: ======'machine_var_mpf_version'====== Args={'value': 'MPF v0.55.0', 'prev_value': None, 'change': True}
2022-08-21 15:23:47,662 : EventManager : Event: ======'machine_var_mpf_extended_version'====== Args={'value': 'MPF v0.55.0, Config version:5, Show version: 5, BCP version:1.1', 'prev_value': None, 'change': True}
2022-08-21 15:23:47,662 : EventManager : Event: ======'machine_var_python_version'====== Args={'value': '3.7.8', 'prev_value': None, 'change': True}
2022-08-21 15:23:47,662 : EventManager : Event: ======'machine_var_platform'====== Args={'value': 'Windows-7-6.1.7601-SP1', 'prev_value': None, 'change': True}
2022-08-21 15:23:47,662 : EventManager : Event: ======'machine_var_platform_system'====== Args={'value': 'Windows', 'prev_value': None, 'change': True}
2022-08-21 15:23:47,662 : EventManager : Event: ======'machine_var_platform_release'====== Args={'value': '7', 'prev_value': None, 'change': True}
2022-08-21 15:23:47,662 : EventManager : Event: ======'machine_var_platform_version'====== Args={'value': '6.1.7601', 'prev_value': None, 'change': True}
2022-08-21 15:23:47,662 : EventManager : Event: ======'machine_var_platform_machine'====== Args={'value': 'AMD64', 'prev_value': None, 'change': True}
2022-08-21 15:23:47,662 : EventManager : Event: ======'machine_var_mc_version'====== Args={'value': 'MPF-MC v0.55.0', 'prev_value': None, 'change': True}
2022-08-21 15:23:47,662 : EventManager : Event: ======'machine_var_mc_extended_version'====== Args={'value': 'MPF-MC v0.55.0 (config_version=5, BCP v1.1, Requires MPF v0.55.0-dev.49)', 'prev_value': None, 'change': True}
2022-08-21 15:23:47,663 : SoundSystem : Setting master volume to 0.5
2022-08-21 15:23:48,152 : EventManager : Event: ======'machine_var_audits_events_game_ended'====== Args={'value': 0, 'prev_value': None, 'change': True}
2022-08-21 15:23:48,152 : EventManager : Event: ======'machine_var_audits_events_game_started'====== Args={'value': 0, 'prev_value': None, 'change': True}
2022-08-21 15:23:48,152 : EventManager : Event: ======'machine_var_audits_player_score'====== Args={'value': {'average': 10318150.616438355, 'top': [198719690, 195274570, 161094530, 160419680, 140071820, 132769060, 132262360, 127113160, 121863670, 115954110], 'total': 584}, 'prev_value': None, 'change': True}
2022-08-21 15:23:48,152 : EventManager : Event: ======'machine_var_audits_shots_center_drop_mission1'====== Args={'value': 488, 'prev_value': None, 'change': True}
2022-08-21 15:23:48,152 : EventManager : Event: ======'machine_var_audits_shots_center_target'====== Args={'value': 27, 'prev_value': None, 'change': True}
2022-08-21 15:23:48,152 : EventManager : Event: ======'machine_var_audits_shots_drop_target1_mission2'====== Args={'value': 217, 'prev_value': None, 'change': True}
2022-08-21 15:23:48,152 : EventManager : Event: ======'machine_var_audits_shots_drop_target2_mission2'====== Args={'value': 249, 'prev_value': None, 'change': True}
2022-08-21 15:23:48,153 : EventManager : Event: ======'machine_var_audits_shots_drop_target3_mission2'====== Args={'value': 279, 'prev_value': None, 'change': True}
2022-08-21 15:23:48,153 : EventManager : Event: ======'machine_var_audits_shots_drop_target4_mission2'====== Args={'value': 255, 'prev_value': None, 'change': True}
2022-08-21 15:23:48,153 : EventManager : Event: ======'machine_var_audits_shots_drop_target5_mission2'====== Args={'value': 218, 'prev_value': None, 'change': True}
2022-08-21 15:23:48,153 : EventManager : Event: ======'machine_var_audits_shots_drop_targets_mission3'====== Args={'value': 1421, 'prev_value': None, 'change': True}
2022-08-21 15:23:48,153 : EventManager : Event: ======'machine_var_audits_shots_galaxy_advance'====== Args={'value': 1915, 'prev_value': None, 'change': True}
2022-08-21 15:23:48,153 : EventManager : Event: ======'machine_var_audits_shots_l_lane'====== Args={'value': 598, 'prev_value': None, 'change': True}
2022-08-21 15:23:48,153 : EventManager : Event: ======'machine_var_audits_shots_left_kicker_mission2'====== Args={'value': 151, 'prev_value': None, 'change': True}
2022-08-21 15:23:48,153 : EventManager : Event: ======'machine_var_audits_shots_left_kicker_mission4'====== Args={'value': 112, 'prev_value': None, 'change': True}
2022-08-21 15:23:48,153 : EventManager : Event: ======'machine_var_audits_shots_left_loop_mission1'====== Args={'value': 552, 'prev_value': None, 'change': True}
2022-08-21 15:23:48,154 : EventManager : Event: ======'machine_var_audits_shots_left_loop_mission2'====== Args={'value': 252, 'prev_value': None, 'change': True}
2022-08-21 15:23:48,154 : EventManager : Event: ======'machine_var_audits_shots_left_loop_mission4'====== Args={'value': 372, 'prev_value': None, 'change': True}
2022-08-21 15:23:48,154 : EventManager : Event: ======'machine_var_audits_shots_portal_advance'====== Args={'value': 4418, 'prev_value': None, 'change': True}
2022-08-21 15:23:48,154 : EventManager : Event: ======'machine_var_audits_shots_r_lane'====== Args={'value': 522, 'prev_value': None, 'change': True}
2022-08-21 15:23:48,154 : EventManager : Event: ======'machine_var_audits_shots_right_kicker_mission2'====== Args={'value': 134, 'prev_value': None, 'change': True}
2022-08-21 15:23:48,154 : EventManager : Event: ======'machine_var_audits_shots_right_kicker_mission4'====== Args={'value': 132, 'prev_value': None, 'change': True}
2022-08-21 15:23:48,154 : EventManager : Event: ======'machine_var_audits_shots_right_loop_mission1'====== Args={'value': 639, 'prev_value': None, 'change': True}
2022-08-21 15:23:48,154 : EventManager : Event: ======'machine_var_audits_shots_right_loop_mission2'====== Args={'value': 280, 'prev_value': None, 'change': True}
2022-08-21 15:23:48,154 : EventManager : Event: ======'machine_var_audits_shots_right_loop_mission4'====== Args={'value': 421, 'prev_value': None, 'change': True}
2022-08-21 15:23:48,155 : EventManager : Event: ======'machine_var_audits_shots_warp_advance'====== Args={'value': 1067, 'prev_value': None, 'change': True}
2022-08-21 15:23:48,155 : EventManager : Event: ======'machine_var_audits_switches_s_action_button'====== Args={'value': 3863, 'prev_value': None, 'change': True}
2022-08-21 15:23:48,155 : EventManager : Event: ======'machine_var_audits_switches_s_drain'====== Args={'value': 2673, 'prev_value': None, 'change': True}
2022-08-21 15:23:48,155 : EventManager : Event: ======'machine_var_audits_switches_s_drop_target1'====== Args={'value': 1792, 'prev_value': None, 'change': True}
2022-08-21 15:23:48,155 : EventManager : Event: ======'machine_var_audits_switches_s_drop_target2'====== Args={'value': 2090, 'prev_value': None, 'change': True}
2022-08-21 15:23:48,155 : EventManager : Event: ======'machine_var_audits_switches_s_drop_target3'====== Args={'value': 2472, 'prev_value': None, 'change': True}
2022-08-21 15:23:48,164 : EventManager : Event: ======'machine_var_audits_switches_s_drop_target4'====== Args={'value': 1997, 'prev_value': None, 'change': True}
2022-08-21 15:23:48,164 : EventManager : Event: ======'machine_var_audits_switches_s_drop_target5'====== Args={'value': 1895, 'prev_value': None, 'change': True}
2022-08-21 15:23:48,164 : EventManager : Event: ======'machine_var_audits_switches_s_left_captive_ball'====== Args={'value': 467, 'prev_value': None, 'change': True}
2022-08-21 15:23:48,164 : EventManager : Event: ======'machine_var_audits_switches_s_left_flipper'====== Args={'value': 33645, 'prev_value': None, 'change': True}
2022-08-21 15:23:48,164 : EventManager : Event: ======'machine_var_audits_switches_s_left_inlane'====== Args={'value': 598, 'prev_value': None, 'change': True}
2022-08-21 15:23:48,164 : EventManager : Event: ======'machine_var_audits_switches_s_left_inlane_far'====== Args={'value': 3714, 'prev_value': None, 'change': True}
2022-08-21 15:23:48,164 : EventManager : Event: ======'machine_var_audits_switches_s_left_kicker'====== Args={'value': 1481, 'prev_value': None, 'change': True}
2022-08-21 15:23:48,164 : EventManager : Event: ======'machine_var_audits_switches_s_left_sling'====== Args={'value': 6663, 'prev_value': None, 'change': True}
2022-08-21 15:23:48,164 : EventManager : Event: ======'machine_var_audits_switches_s_left_spinner'====== Args={'value': 19502, 'prev_value': None, 'change': True}
2022-08-21 15:23:48,164 : EventManager : Event: ======'machine_var_audits_switches_s_right_captive_ball'====== Args={'value': 489, 'prev_value': None, 'change': True}
2022-08-21 15:23:48,165 : EventManager : Event: ======'machine_var_audits_switches_s_right_flipper'====== Args={'value': 31215, 'prev_value': None, 'change': True}
2022-08-21 15:23:48,165 : EventManager : Event: ======'machine_var_audits_switches_s_right_inlane'====== Args={'value': 522, 'prev_value': None, 'change': True}
2022-08-21 15:23:48,165 : EventManager : Event: ======'machine_var_audits_switches_s_right_inlane_far'====== Args={'value': 5931, 'prev_value': None, 'change': True}
2022-08-21 15:23:48,165 : EventManager : Event: ======'machine_var_audits_switches_s_right_kicker'====== Args={'value': 1670, 'prev_value': None, 'change': True}
2022-08-21 15:23:48,165 : EventManager : Event: ======'machine_var_audits_switches_s_right_sling'====== Args={'value': 14022, 'prev_value': None, 'change': True}
2022-08-21 15:23:48,165 : EventManager : Event: ======'machine_var_audits_switches_s_right_spinner'====== Args={'value': 15891, 'prev_value': None, 'change': True}
2022-08-21 15:23:48,165 : EventManager : Event: ======'machine_var_audits_switches_s_start'====== Args={'value': 403, 'prev_value': None, 'change': True}
2022-08-21 15:23:48,176 : EventManager : Event: ======'mc_reset_phase_1'====== Args={}
2022-08-21 15:23:48,176 : EventManager : Event: ======'mc_reset_phase_2'====== Args={}
2022-08-21 15:23:48,176 : EventManager : Event: ======'mc_reset_phase_3'====== Args={}
2022-08-21 15:23:48,176 : EventManager : Event: ======'mc_reset_complete'====== Args={}
2022-08-21 15:23:48,188 : EventManager : Event: ======'slides_play'====== Args={'settings': {'widgets': {'widgets': [{'type': 'text', 'text': 'GAME OVER', 'font_size': 50, 'font_name': 'space_font', '_default_settings': ['type', 'text', 'font_size', 'font_name'], 'x': None, 'y': None, 'anchor_x': 'center', 'anchor_y': 'center', 'round_anchor_x': None, 'round_anchor_y': None, 'opacity': 1.0, 'z': 0, 'reset_animations_events': {}, 'color': [1.0, 1.0, 1.0, 1.0], 'style': [], 'adjust_top': 0, 'adjust_bottom': 0, 'adjust_left': 0, 'adjust_right': 0, 'expire': None, 'key': None, 'widget': None, 'events_when_added': [], 'events_when_removed': [], 'bitmap_font': False, 'font_kerning': True, 'bold': False, 'italic': False, 'number_grouping': False, 'min_digits': 0, 'halign': 'center', 'valign': 'middle', 'rotation': 0, 'scale': 1.0, 'casing': None, 'animations': None}, {'type': 'image', 'image': 'attract_background', '_default_settings': ['type', 'image'], 'x': None, 'y': None, 'anchor_x': 'center', 'anchor_y': 'center', 'round_anchor_x': None, 'round_anchor_y': None, 'opacity': 1.0, 'z': 0, 'reset_animations_events': {}, 'color': [1.0, 1.0, 1.0, 1.0], 'style': [], 'adjust_top': 0, 'adjust_bottom': 0, 'adjust_left': 0, 'adjust_right': 0, 'expire': None, 'key': None, 'widget': None, 'events_when_added': [], 'events_when_removed': [], 'fps': 10, 'loops': -1, 'auto_play': True, 'start_frame': 0, 'rotation': 0, 'scale': 1.0, 'animations': None}], 'target': None, 'background_color': [0.0, 0.0, 0.0, 1.0], 'priority': None, 'show': True, 'force': False, 'expire': None, 'slide': None, 'tokens': {}, 'action': 'play'}}, 'context': 'show_13', 'calling_context': 0, 'priority': 10, 'show_tokens': {}, 'start_time': 4364.393}
2022-08-21 15:23:48,188 : mpfmc : SlidePlayer: Play called with settings={'widgets': {'widgets': [{'type': 'text', 'text': 'GAME OVER', 'font_size': 50, 'font_name': 'space_font', '_default_settings': ['type', 'text', 'font_size', 'font_name'], 'x': None, 'y': None, 'anchor_x': 'center', 'anchor_y': 'center', 'round_anchor_x': None, 'round_anchor_y': None, 'opacity': 1.0, 'z': 0, 'reset_animations_events': {}, 'color': [1.0, 1.0, 1.0, 1.0], 'style': [], 'adjust_top': 0, 'adjust_bottom': 0, 'adjust_left': 0, 'adjust_right': 0, 'expire': None, 'key': None, 'widget': None, 'events_when_added': [], 'events_when_removed': [], 'bitmap_font': False, 'font_kerning': True, 'bold': False, 'italic': False, 'number_grouping': False, 'min_digits': 0, 'halign': 'center', 'valign': 'middle', 'rotation': 0, 'scale': 1.0, 'casing': None, 'animations': None}, {'type': 'image', 'image': 'attract_background', '_default_settings': ['type', 'image'], 'x': None, 'y': None, 'anchor_x': 'center', 'anchor_y': 'center', 'round_anchor_x': None, 'round_anchor_y': None, 'opacity': 1.0, 'z': 0, 'reset_animations_events': {}, 'color': [1.0, 1.0, 1.0, 1.0], 'style': [], 'adjust_top': 0, 'adjust_bottom': 0, 'adjust_left': 0, 'adjust_right': 0, 'expire': None, 'key': None, 'widget': None, 'events_when_added': [], 'events_when_removed': [], 'fps': 10, 'loops': -1, 'auto_play': True, 'start_frame': 0, 'rotation': 0, 'scale': 1.0, 'animations': None}], 'target': None, 'background_color': [0.0, 0.0, 0.0, 1.0], 'priority': None, 'show': True, 'force': False, 'expire': None, 'slide': None, 'tokens': {}, 'action': 'play'}}
2022-08-21 15:23:48,195 : EventManager : Event: ======'slide_show_13.slide_player-0_created'====== Args={}
2022-08-21 15:23:48,197 : EventManager : Event: ======'slide_show_13.slide_player-0_active'====== Args={}
2022-08-21 15:23:51,173 : EventManager : Event: ======'slides_play'====== Args={'settings': {'last_game_score_slide': {'widgets': [{'type': 'text', 'text': 'LAST GAME', 'font_size': 50, 'y': '60%', 'font_name': 'space_font', '_default_settings': ['type', 'text', 'font_size', 'y', 'font_name'], 'x': None, 'anchor_x': 'center', 'anchor_y': 'center', 'round_anchor_x': None, 'round_anchor_y': None, 'opacity': 1.0, 'z': 0, 'reset_animations_events': {}, 'color': [1.0, 1.0, 1.0, 1.0], 'style': [], 'adjust_top': 0, 'adjust_bottom': 0, 'adjust_left': 0, 'adjust_right': 0, 'expire': None, 'key': None, 'widget': None, 'events_when_added': [], 'events_when_removed': [], 'bitmap_font': False, 'font_kerning': True, 'bold': False, 'italic': False, 'number_grouping': False, 'min_digits': 0, 'halign': 'center', 'valign': 'middle', 'rotation': 0, 'scale': 1.0, 'casing': None, 'animations': None}, {'type': 'text', 'text': '(machine|player1_score)', 'number_grouping': True, 'min_digits': 2, 'font_size': 50, 'y': '40%', 'font_name': 'score_font', '_default_settings': ['type', 'text', 'number_grouping', 'min_digits', 'font_size', 'y', 'font_name'], 'x': None, 'anchor_x': 'center', 'anchor_y': 'center', 'round_anchor_x': None, 'round_anchor_y': None, 'opacity': 1.0, 'z': 0, 'reset_animations_events': {}, 'color': [1.0, 1.0, 1.0, 1.0], 'style': [], 'adjust_top': 0, 'adjust_bottom': 0, 'adjust_left': 0, 'adjust_right': 0, 'expire': None, 'key': None, 'widget': None, 'events_when_added': [], 'events_when_removed': [], 'bitmap_font': False, 'font_kerning': True, 'bold': False, 'italic': False, 'halign': 'center', 'valign': 'middle', 'rotation': 0, 'scale': 1.0, 'casing': None, 'animations': None}, {'type': 'image', 'image': 'attract_background', '_default_settings': ['type', 'image'], 'x': None, 'y': None, 'anchor_x': 'center', 'anchor_y': 'center', 'round_anchor_x': None, 'round_anchor_y': None, 'opacity': 1.0, 'z': 0, 'reset_animations_events': {}, 'color': [1.0, 1.0, 1.0, 1.0], 'style': [], 'adjust_top': 0, 'adjust_bottom': 0, 'adjust_left': 0, 'adjust_right': 0, 'expire': None, 'key': None, 'widget': None, 'events_when_added': [], 'events_when_removed': [], 'fps': 10, 'loops': -1, 'auto_play': True, 'start_frame': 0, 'rotation': 0, 'scale': 1.0, 'animations': None}], 'target': None, 'background_color': [0.0, 0.0, 0.0, 1.0], 'priority': None, 'show': True, 'force': False, 'expire': None, 'slide': None, 'tokens': {}, 'action': 'play'}}, 'context': 'show_13', 'calling_context': 1, 'priority': 10, 'show_tokens': {}, 'start_time': 4367.393}
2022-08-21 15:23:51,173 : mpfmc : SlidePlayer: Play called with settings={'last_game_score_slide': {'widgets': [{'type': 'text', 'text': 'LAST GAME', 'font_size': 50, 'y': '60%', 'font_name': 'space_font', '_default_settings': ['type', 'text', 'font_size', 'y', 'font_name'], 'x': None, 'anchor_x': 'center', 'anchor_y': 'center', 'round_anchor_x': None, 'round_anchor_y': None, 'opacity': 1.0, 'z': 0, 'reset_animations_events': {}, 'color': [1.0, 1.0, 1.0, 1.0], 'style': [], 'adjust_top': 0, 'adjust_bottom': 0, 'adjust_left': 0, 'adjust_right': 0, 'expire': None, 'key': None, 'widget': None, 'events_when_added': [], 'events_when_removed': [], 'bitmap_font': False, 'font_kerning': True, 'bold': False, 'italic': False, 'number_grouping': False, 'min_digits': 0, 'halign': 'center', 'valign': 'middle', 'rotation': 0, 'scale': 1.0, 'casing': None, 'animations': None}, {'type': 'text', 'text': '(machine|player1_score)', 'number_grouping': True, 'min_digits': 2, 'font_size': 50, 'y': '40%', 'font_name': 'score_font', '_default_settings': ['type', 'text', 'number_grouping', 'min_digits', 'font_size', 'y', 'font_name'], 'x': None, 'anchor_x': 'center', 'anchor_y': 'center', 'round_anchor_x': None, 'round_anchor_y': None, 'opacity': 1.0, 'z': 0, 'reset_animations_events': {}, 'color': [1.0, 1.0, 1.0, 1.0], 'style': [], 'adjust_top': 0, 'adjust_bottom': 0, 'adjust_left': 0, 'adjust_right': 0, 'expire': None, 'key': None, 'widget': None, 'events_when_added': [], 'events_when_removed': [], 'bitmap_font': False, 'font_kerning': True, 'bold': False, 'italic': False, 'halign': 'center', 'valign': 'middle', 'rotation': 0, 'scale': 1.0, 'casing': None, 'animations': None}, {'type': 'image', 'image': 'attract_background', '_default_settings': ['type', 'image'], 'x': None, 'y': None, 'anchor_x': 'center', 'anchor_y': 'center', 'round_anchor_x': None, 'round_anchor_y': None, 'opacity': 1.0, 'z': 0, 'reset_animations_events': {}, 'color': [1.0, 1.0, 1.0, 1.0], 'style': [], 'adjust_top': 0, 'adjust_bottom': 0, 'adjust_left': 0, 'adjust_right': 0, 'expire': None, 'key': None, 'widget': None, 'events_when_added': [], 'events_when_removed': [], 'fps': 10, 'loops': -1, 'auto_play': True, 'start_frame': 0, 'rotation': 0, 'scale': 1.0, 'animations': None}], 'target': None, 'background_color': [0.0, 0.0, 0.0, 1.0], 'priority': None, 'show': True, 'force': False, 'expire': None, 'slide': None, 'tokens': {}, 'action': 'play'}}
2022-08-21 15:23:51,185 : EventManager : Event: ======'slide_last_game_score_slide_created'====== Args={}
2022-08-21 15:23:51,186 : EventManager : Unordered handler for class <Text Widget text=58,540,490> on event machine_var_player1_score with priority 1. Handlers: [RegisteredHandler(callback=<bound method Text._machine_var_change of <Text Widget text=58,540,490>>, priority=1, kwargs={}, key=UUID('e57899d3-d10e-4f62-ab2f-a0aea28b270b'), condition=None, blocking_facility=None), RegisteredHandler(callback=<bound method Text._machine_var_change of <Text Widget text=58,540,490>>, priority=1, kwargs={}, key=UUID('06c4e179-ebd2-4dba-af3b-7dba98848a1d'), condition=None, blocking_facility=None)]. The order of those handlers is not defined and they will be executed in random order. This might lead to race conditions and potential bugs.
2022-08-21 15:23:51,191 : EventManager : Event: ======'slide_last_game_score_slide_active'====== Args={}
2022-08-21 15:23:53,442 : EventManager : Event: ======'game_started'====== Args={}
2022-08-21 15:23:53,442 : EventManager : Event: ======'slides_clear'====== Args={'context': 'show_13'}
2022-08-21 15:23:53,443 : EventManager : Event: ======'slide_show_13.slide_player-0_removed'====== Args={}
2022-08-21 15:23:53,443 : EventManager : Event: ======'slide_last_game_score_slide_removed'====== Args={}
2022-08-21 15:23:53,444 : EventManager : Event: ======'slide_window_blank_active'====== Args={}
2022-08-21 15:23:53,455 : EventManager : Event: ======'player_added'====== Args={'player': <Player 1>, 'num': 1}
2022-08-21 15:23:53,455 : EventManager : Event: ======'player_index'====== Args={'value': 0, 'prev_value': 0, 'change': 0, 'player_num': 1}
2022-08-21 15:23:53,456 : EventManager : Event: ======'player_number'====== Args={'value': 1, 'prev_value': 1, 'change': 0, 'player_num': 1}
2022-08-21 15:23:53,456 : EventManager : Event: ======'player_score'====== Args={'value': 0, 'prev_value': 0, 'change': 0, 'player_num': 1}
2022-08-21 15:23:53,456 : EventManager : Event: ======'player_mode_value'====== Args={'value': 1000000, 'prev_value': 0, 'change': 1000000, 'player_num': 1}
2022-08-21 15:23:53,456 : EventManager : Event: ======'player_bonus_multiplier'====== Args={'value': 1, 'prev_value': 0, 'change': 1, 'player_num': 1}
2022-08-21 15:23:53,457 : EventManager : Event: ======'player_playfied_multiplier'====== Args={'value': 1, 'prev_value': 0, 'change': 1, 'player_num': 1}
2022-08-21 15:23:53,493 : EventManager : Event: ======'player_ball'====== Args={'value': 1, 'prev_value': 0, 'change': 1, 'player_num': 1}
2022-08-21 15:23:53,493 : EventManager : Event: ======'player_turn_start'====== Args={'number': 1, 'player': <Player 1>}
2022-08-21 15:23:53,506 : EventManager : Event: ======'player_shot_l_lane_enabled'====== Args={'value': True, 'prev_value': 0, 'change': 1, 'player_num': 1}
2022-08-21 15:23:53,506 : EventManager : Event: ======'player_shot_r_lane_enabled'====== Args={'value': True, 'prev_value': 0, 'change': 1, 'player_num': 1}
2022-08-21 15:23:53,506 : EventManager : Event: ======'player_shot_center_target_enabled'====== Args={'value': True, 'prev_value': 0, 'change': 1, 'player_num': 1}
2022-08-21 15:23:53,506 : EventManager : Event: ======'player_extra_ball_two_modes_complete_num_awarded'====== Args={'value': 0, 'prev_value': 0, 'change': 0, 'player_num': 1}
2022-08-21 15:23:53,517 : EventManager : Event: ======'sounds_play'====== Args={'settings': {'default': {'action': 'stop', 'priority': 400, 'block': False, 'delay': None, 'track': None, 'volume': None, 'pan': None, 'loops': None, 'start_at': None, 'fade_in': None, 'fade_out': None, 'about_to_finish_time': -1.0, 'max_queue_time': -1.0, 'events_when_played': ['use_sound_setting'], 'events_when_stopped': ['use_sound_setting'], 'events_when_looping': ['use_sound_setting'], 'events_when_about_to_finish': ['use_sound_setting'], 'mode_end_action': 'use_sound_setting', 'key': 'use_sound_setting'}, 'shooter_waiting': {'action': 'play', 'loops': -1, 'priority': None, 'block': False, 'delay': None, 'track': None, 'volume': None, 'pan': None, 'start_at': None, 'fade_in': None, 'fade_out': None, 'about_to_finish_time': -1.0, 'max_queue_time': -1.0, 'events_when_played': ['use_sound_setting'], 'events_when_stopped': ['use_sound_setting'], 'events_when_looping': ['use_sound_setting'], 'events_when_about_to_finish': ['use_sound_setting'], 'mode_end_action': 'use_sound_setting', 'key': 'use_sound_setting'}}, 'context': '_global', 'calling_context': 'ball_started', 'priority': 0, 'player': 1, 'ball': 1, 'balls_remaining': 2, 'is_extra_ball': False}
2022-08-21 15:23:53,517 : EventManager : Event: ======'player_shot_galaxy_advance_enabled'====== Args={'value': True, 'prev_value': 0, 'change': 1, 'player_num': 1}
2022-08-21 15:23:53,518 : EventManager : Event: ======'player_shot_portal_advance_enabled'====== Args={'value': True, 'prev_value': 0, 'change': 1, 'player_num': 1}
2022-08-21 15:23:53,529 : EventManager : Event: ======'player_shot_warp_advance_enabled'====== Args={'value': True, 'prev_value': 0, 'change': 1, 'player_num': 1}
2022-08-21 15:23:53,529 : EventManager : Event: ======'slides_play'====== Args={'settings': {'score_slide': {'target': None, 'background_color': [0.0, 0.0, 0.0, 1.0], 'priority': None, 'show': True, 'force': False, 'expire': None, 'slide': None, 'tokens': {}, 'action': 'play'}}, 'context': 'base', 'calling_context': 'mode_base_started', 'priority': 100, 'player': 1, 'ball': 1, 'balls_remaining': 2, 'is_extra_ball': False}
2022-08-21 15:23:53,529 : mpfmc : SlidePlayer: Play called with settings={'score_slide': {'target': None, 'background_color': [0.0, 0.0, 0.0, 1.0], 'priority': None, 'show': True, 'force': False, 'expire': None, 'slide': None, 'tokens': {}, 'action': 'play'}}
2022-08-21 15:23:53,541 : EventManager : Event: ======'slide_score_slide_created'====== Args={}
2022-08-21 15:23:53,548 : EventManager : Event: ======'slide_score_slide_active'====== Args={}
2022-08-21 15:23:53,553 : EventManager : Event: ======'sounds_play'====== Args={'settings': {'default': {'action': 'play', 'loops': -1, 'track': 'music', 'priority': None, 'block': False, 'delay': None, 'volume': None, 'pan': None, 'start_at': None, 'fade_in': None, 'fade_out': None, 'about_to_finish_time': -1.0, 'max_queue_time': -1.0, 'events_when_played': ['use_sound_setting'], 'events_when_stopped': ['use_sound_setting'], 'events_when_looping': ['use_sound_setting'], 'events_when_about_to_finish': ['use_sound_setting'], 'mode_end_action': 'use_sound_setting', 'key': 'use_sound_setting'}, 'mode_theme': {'action': 'stop', 'priority': None, 'block': False, 'delay': None, 'track': None, 'volume': None, 'pan': None, 'loops': None, 'start_at': None, 'fade_in': None, 'fade_out': None, 'about_to_finish_time': -1.0, 'max_queue_time': -1.0, 'events_when_played': ['use_sound_setting'], 'events_when_stopped': ['use_sound_setting'], 'events_when_looping': ['use_sound_setting'], 'events_when_about_to_finish': ['use_sound_setting'], 'mode_end_action': 'use_sound_setting', 'key': 'use_sound_setting'}}, 'context': '_global', 'calling_context': 'mode_spell_portal_started', 'priority': 0, 'player': 1, 'ball': 1, 'balls_remaining': 2, 'is_extra_ball': False}
2022-08-21 15:23:54,881 : EventManager : Event: ======'machine_var_audits_switches_s_action_button'====== Args={'value': 3864, 'prev_value': 3863, 'change': 1}
2022-08-21 15:23:55,086 : EventManager : Event: ======'sounds_play'====== Args={'settings': {'shooter_waiting': {'action': 'stop', 'priority': None, 'block': False, 'delay': None, 'track': None, 'volume': None, 'pan': None, 'loops': None, 'start_at': None, 'fade_in': None, 'fade_out': None, 'about_to_finish_time': -1.0, 'max_queue_time': -1.0, 'events_when_played': ['use_sound_setting'], 'events_when_stopped': ['use_sound_setting'], 'events_when_looping': ['use_sound_setting'], 'events_when_about_to_finish': ['use_sound_setting'], 'mode_end_action': 'use_sound_setting', 'key': 'use_sound_setting'}, 'default': {'action': 'play', 'loops': -1, 'track': 'music', 'priority': None, 'block': False, 'delay': None, 'volume': None, 'pan': None, 'start_at': None, 'fade_in': None, 'fade_out': None, 'about_to_finish_time': -1.0, 'max_queue_time': -1.0, 'events_when_played': ['use_sound_setting'], 'events_when_stopped': ['use_sound_setting'], 'events_when_looping': ['use_sound_setting'], 'events_when_about_to_finish': ['use_sound_setting'], 'mode_end_action': 'use_sound_setting', 'key': 'use_sound_setting'}}, 'context': '_global', 'calling_context': 's_drain_inactive', 'priority': 0}
2022-08-21 15:23:55,590 : EventManager : Event: ======'machine_var_audits_switches_s_left_sling'====== Args={'value': 6664, 'prev_value': 6663, 'change': 1}
2022-08-21 15:23:55,602 : EventManager : Event: ======'player_score'====== Args={'value': 1110, 'prev_value': 0, 'change': 1110, 'player_num': 1}
2022-08-21 15:23:55,602 : EventManager : Event: ======'player_switches'====== Args={'value': 1, 'prev_value': 0, 'change': 1, 'player_num': 1}
2022-08-21 15:23:58,076 : EventManager : Event: ======'machine_var_audits_switches_s_left_kicker'====== Args={'value': 1482, 'prev_value': 1481, 'change': 1}
2022-08-21 15:24:08,364 : EventManager : Event: ======'machine_var_audits_switches_s_right_inlane_far'====== Args={'value': 5932, 'prev_value': 5931, 'change': 1}
2022-08-21 15:24:08,364 : EventManager : Event: ======'player_shot_portal_advance'====== Args={'value': 1, 'prev_value': 0, 'change': 1, 'player_num': 1}
2022-08-21 15:24:08,376 : EventManager : Event: ======'machine_var_audits_shots_portal_advance'====== Args={'value': 4419, 'prev_value': 4418, 'change': 1}
2022-08-21 15:24:08,388 : EventManager : Event: ======'player_score'====== Args={'value': 31110, 'prev_value': 1110, 'change': 30000, 'player_num': 1}
2022-08-21 15:24:08,388 : EventManager : Event: ======'player_switches'====== Args={'value': 2, 'prev_value': 1, 'change': 1, 'player_num': 1}
2022-08-21 15:24:08,388 : EventManager : Event: ======'player_combos_combo_timer_tick'====== Args={'value': 6, 'prev_value': 0, 'change': 6, 'player_num': 1}
2022-08-21 15:24:08,886 : EventManager : Event: ======'player_combos_combo_timer_tick'====== Args={'value': 5, 'prev_value': 6, 'change': -1, 'player_num': 1}
2022-08-21 15:24:09,377 : EventManager : Event: ======'player_combos_combo_timer_tick'====== Args={'value': 4, 'prev_value': 5, 'change': -1, 'player_num': 1}
2022-08-21 15:24:09,878 : EventManager : Event: ======'player_combos_combo_timer_tick'====== Args={'value': 3, 'prev_value': 4, 'change': -1, 'player_num': 1}
2022-08-21 15:24:10,383 : EventManager : Event: ======'player_combos_combo_timer_tick'====== Args={'value': 2, 'prev_value': 3, 'change': -1, 'player_num': 1}
2022-08-21 15:24:10,781 : EventManager : Event: ======'machine_var_audits_switches_s_right_kicker'====== Args={'value': 1671, 'prev_value': 1670, 'change': 1}
2022-08-21 15:24:10,781 : EventManager : Event: ======'player_score'====== Args={'value': 46110, 'prev_value': 31110, 'change': 15000, 'player_num': 1}
2022-08-21 15:24:10,876 : EventManager : Event: ======'player_combos_combo_timer_tick'====== Args={'value': 1, 'prev_value': 2, 'change': -1, 'player_num': 1}
2022-08-21 15:24:11,379 : EventManager : Event: ======'player_combos_combo_timer_tick'====== Args={'value': 0, 'prev_value': 1, 'change': -1, 'player_num': 1}
2022-08-21 15:24:16,412 : EventManager : Event: ======'machine_var_audits_switches_s_left_kicker'====== Args={'value': 1483, 'prev_value': 1482, 'change': 1}
2022-08-21 15:24:20,718 : mpfmc : Stopping...
2022-08-21 15:24:20,718 : EventManager : Event: ======'shutdown'====== Args={}
2022-08-21 15:24:20,719 : AudioInterface : Disabling audio playback
2022-08-21 15:24:20,824 : kivy : Base: Leaving application in progress...
2022-08-21 15:24:20,824 : mpfmc : Loop rate 73.06 Hz
2022-08-21 15:24:20,825 : kivy : Base: Leaving application in progress...
