2022-08-21 20:08:42,297 : INFO : root : Loading config.
2022-08-21 20:08:42,833 : INFO : ConfigProcessor : Config spec file cache created: C:\Users\Brendan\AppData\Local\Temp\config_spec.mpf_cache
2022-08-21 20:08:42,834 : INFO : YamlMultifileConfigLoader : Machine config file #1: config.yaml
2022-08-21 20:08:42,834 : INFO : ConfigProcessor : Loading config from cache: C:\Users\Brendan\AppData\Local\Temp\bccefe987bb586eace29905fa80cab57.mpf_cache
2022-08-21 20:08:42,892 : INFO : ConfigProcessor : Loading config from cache: C:\Users\Brendan\AppData\Local\Temp\467e7647689d29fad6adf949e1f4d51d.mpf_cache
2022-08-21 20:08:42,893 : INFO : ConfigProcessor : Loading config from cache: C:\Users\Brendan\AppData\Local\Temp\5550e037aa776b42b91b29b40b356c70.mpf_cache
2022-08-21 20:08:42,894 : INFO : ConfigProcessor : Loading config from cache: C:\Users\Brendan\AppData\Local\Temp\15e0c601392b30c3d9ba3ead8131edb5.mpf_cache
2022-08-21 20:08:42,895 : INFO : ConfigProcessor : Loading config from cache: C:\Users\Brendan\AppData\Local\Temp\0bf50917c4ef15ab65ee13d6c14e7d7c.mpf_cache
2022-08-21 20:08:42,895 : INFO : ConfigProcessor : Loading config from cache: C:\Users\Brendan\AppData\Local\Temp\bc7da7b13b2754e080c2afa0678ac274.mpf_cache
2022-08-21 20:08:42,896 : INFO : ConfigProcessor : Loading config from cache: C:\Users\Brendan\AppData\Local\Temp\bbd59d0bb6602ee0c5a89d6f85e6dd42.mpf_cache
2022-08-21 20:08:42,897 : INFO : ConfigProcessor : Loading config from cache: C:\Users\Brendan\AppData\Local\Temp\5526c78976fee311c3d05505d75f653d.mpf_cache
2022-08-21 20:08:42,898 : INFO : ConfigProcessor : Loading config from cache: C:\Users\Brendan\AppData\Local\Temp\6e95138ae5415fc76b53ebf8fa245fb5.mpf_cache
2022-08-21 20:08:42,898 : INFO : ConfigProcessor : Loading config from cache: C:\Users\Brendan\AppData\Local\Temp\1ec1c4dffb383758956493783a9ed391.mpf_cache
2022-08-21 20:08:42,899 : INFO : ConfigProcessor : Loading config from cache: C:\Users\Brendan\AppData\Local\Temp\f2aee92728c8017b77c710c804dd7f5a.mpf_cache
2022-08-21 20:08:42,900 : INFO : ConfigProcessor : Loading config from cache: C:\Users\Brendan\AppData\Local\Temp\88f57fa1305e9dc100972ec9f84d57fe.mpf_cache
2022-08-21 20:08:42,901 : INFO : ConfigProcessor : Loading config from cache: C:\Users\Brendan\AppData\Local\Temp\6e00a9d794d4c3f43a0fc48da04dac60.mpf_cache
2022-08-21 20:08:42,902 : INFO : ConfigProcessor : Loading config from cache: C:\Users\Brendan\AppData\Local\Temp\05ef98219fc733c3bcab58726c4b37ef.mpf_cache
2022-08-21 20:08:42,903 : INFO : ConfigProcessor : Loading config from cache: C:\Users\Brendan\AppData\Local\Temp\c22d657a5a7bb60632c2be2c735e073b.mpf_cache
2022-08-21 20:08:42,903 : INFO : ConfigProcessor : Loading config from cache: C:\Users\Brendan\AppData\Local\Temp\f7d4f5eb9425fe84d2e83a363afd4bdf.mpf_cache
2022-08-21 20:08:42,904 : INFO : ConfigProcessor : Loading config from cache: C:\Users\Brendan\AppData\Local\Temp\125f51d329f930ea7bff10973551cc26.mpf_cache
2022-08-21 20:08:42,905 : INFO : ConfigProcessor : Loading config from cache: C:\Users\Brendan\AppData\Local\Temp\08e18dfdf4e02cd29cc0cc52be2faaf4.mpf_cache
2022-08-21 20:08:42,906 : INFO : ConfigProcessor : Loading config from cache: C:\Users\Brendan\AppData\Local\Temp\f042f5bf6362b9e04d43b40b93a92057.mpf_cache
2022-08-21 20:08:42,907 : INFO : ConfigProcessor : Loading config from cache: C:\Users\Brendan\AppData\Local\Temp\60badac06cd62deb71f25fac24b103c2.mpf_cache
2022-08-21 20:08:42,907 : INFO : ConfigProcessor : Loading config from cache: C:\Users\Brendan\AppData\Local\Temp\a3ad1aeb679a0686901de8a6ffe784f0.mpf_cache
2022-08-21 20:08:42,908 : WARNING : ConfigProcessor : Config file in cache changed: C:\Baby_pacman_code\machine\modes\playfield_multiplier\config\playfield_multiplier.yaml
2022-08-21 20:08:42,908 : INFO : ConfigProcessor : Loading config from file C:\Baby_pacman_code\machine\modes\playfield_multiplier\config\playfield_multiplier.yaml.
2022-08-21 20:08:42,923 : INFO : ConfigProcessor : Loading config: C:\Baby_pacman_code\machine\modes\playfield_multiplier\config\playfield_multiplier.yaml
2022-08-21 20:08:42,924 : INFO : ConfigProcessor : Config file cache created: C:\Users\Brendan\AppData\Local\Temp\d7856287e4ec48fb5adaa65e5f7b2848.mpf_cache
2022-08-21 20:08:42,924 : INFO : ConfigProcessor : Loading config from cache: C:\Users\Brendan\AppData\Local\Temp\4849f32e60febd99d83791f2417d9a0f.mpf_cache
2022-08-21 20:08:42,925 : INFO : ConfigProcessor : Loading config from cache: C:\Users\Brendan\AppData\Local\Temp\942a9c8af084c06606ececc74db0a30f.mpf_cache
2022-08-21 20:08:42,926 : INFO : ConfigProcessor : Loading config from cache: C:\Users\Brendan\AppData\Local\Temp\d3a5f9b6ba13782c30d3f4f7e40a9dcf.mpf_cache
2022-08-21 20:08:42,927 : INFO : ConfigProcessor : Loading config from cache: C:\Users\Brendan\AppData\Local\Temp\bb2305c107159ac261738ee6fa5177f9.mpf_cache
2022-08-21 20:08:42,927 : INFO : ConfigProcessor : Loading config from cache: C:\Users\Brendan\AppData\Local\Temp\5e8fe62f7d4a280c75af4e016e79234a.mpf_cache
2022-08-21 20:08:42,928 : INFO : ConfigProcessor : Loading config from cache: C:\Users\Brendan\AppData\Local\Temp\7934ad8984867b043b25c8f1f16418da.mpf_cache
2022-08-21 20:08:42,928 : INFO : ConfigProcessor : Loading config from cache: C:\Users\Brendan\AppData\Local\Temp\201f4c0a0d10e05df2979372d05b639d.mpf_cache
2022-08-21 20:08:42,929 : INFO : ConfigProcessor : Loading config from cache: C:\Users\Brendan\AppData\Local\Temp\29084e75e573608c6a2e9d91f8c2e516.mpf_cache
2022-08-21 20:08:42,930 : INFO : ConfigProcessor : Loading config from cache: C:\Users\Brendan\AppData\Local\Temp\c1a52d9ec6beffcf3a0c74172f4f1789.mpf_cache
2022-08-21 20:08:42,931 : INFO : ConfigProcessor : Loading config from cache: C:\Users\Brendan\AppData\Local\Temp\1a7cfdccecce53cd51775700aa921808.mpf_cache
2022-08-21 20:08:42,931 : INFO : ConfigProcessor : Loading config from cache: C:\Users\Brendan\AppData\Local\Temp\bbeb6a5751b9d2029aa6e8633936e040.mpf_cache
2022-08-21 20:08:42,932 : INFO : ConfigProcessor : Loading config from cache: C:\Users\Brendan\AppData\Local\Temp\396defae609afab4d6d7399595fd494b.mpf_cache
2022-08-21 20:08:42,932 : INFO : ConfigProcessor : Loading config from cache: C:\Users\Brendan\AppData\Local\Temp\df5b128cf73808572dcd58af6b99a12a.mpf_cache
2022-08-21 20:08:42,933 : INFO : ConfigProcessor : Loading config from cache: C:\Users\Brendan\AppData\Local\Temp\b16abd66a20b52f76df13eb007a93cde.mpf_cache
2022-08-21 20:08:42,934 : INFO : ConfigProcessor : Loading config from cache: C:\Users\Brendan\AppData\Local\Temp\09ddf149c2750d0dc18124afb4ec1692.mpf_cache
2022-08-21 20:08:42,934 : INFO : ConfigProcessor : Loading config from cache: C:\Users\Brendan\AppData\Local\Temp\dc261f740d4fb0b58874215bc05837b4.mpf_cache
2022-08-21 20:08:42,935 : INFO : ConfigProcessor : Loading config from cache: C:\Users\Brendan\AppData\Local\Temp\fd5b67850c190931870595f7ba331325.mpf_cache
2022-08-21 20:08:42,935 : INFO : ConfigProcessor : Loading config from cache: C:\Users\Brendan\AppData\Local\Temp\7fa0bf6f8a3d06d96f9daba2d24e8451.mpf_cache
2022-08-21 20:08:42,936 : INFO : ConfigProcessor : Loading config from cache: C:\Users\Brendan\AppData\Local\Temp\17652c03725ec0d5dc66b35abdc504c5.mpf_cache
2022-08-21 20:08:42,937 : INFO : ConfigProcessor : Loading config from cache: C:\Users\Brendan\AppData\Local\Temp\f6549f0a1a12987384ccc86b9df17004.mpf_cache
2022-08-21 20:08:42,937 : INFO : ConfigProcessor : Loading config from cache: C:\Users\Brendan\AppData\Local\Temp\d416d6f9f35dec068a811f18f969a8db.mpf_cache
2022-08-21 20:08:42,939 : INFO : ConfigProcessor : Loading config from cache: C:\Users\Brendan\AppData\Local\Temp\2cbb22f93ff96ef242a9a2d7465f7b14.mpf_cache
2022-08-21 20:08:42,939 : INFO : ConfigProcessor : Loading config from cache: C:\Users\Brendan\AppData\Local\Temp\5b43fbcb021f3ce97d73fdb8a470eae4.mpf_cache
2022-08-21 20:08:42,940 : INFO : ConfigProcessor : Loading config from cache: C:\Users\Brendan\AppData\Local\Temp\6d994d077edad00fe01353c1bfbf6638.mpf_cache
2022-08-21 20:08:42,940 : INFO : ConfigProcessor : Loading config from cache: C:\Users\Brendan\AppData\Local\Temp\df6e37541f81fc1a6e02dbcf98e0d10b.mpf_cache
2022-08-21 20:08:42,941 : INFO : ConfigProcessor : Loading config from cache: C:\Users\Brendan\AppData\Local\Temp\c5e911b563ca93c8e10ce7743f92e657.mpf_cache
2022-08-21 20:08:42,942 : INFO : ConfigProcessor : Loading config from cache: C:\Users\Brendan\AppData\Local\Temp\99ecafb2993dab1e69369c4f69529b6f.mpf_cache
2022-08-21 20:08:42,942 : INFO : ConfigProcessor : Loading config from cache: C:\Users\Brendan\AppData\Local\Temp\57f2f8973b8bd58edd1d215976151c60.mpf_cache
2022-08-21 20:08:42,943 : INFO : ConfigProcessor : Loading config from cache: C:\Users\Brendan\AppData\Local\Temp\19f702536b27ff66106645e85afb027e.mpf_cache
2022-08-21 20:08:42,944 : INFO : ConfigProcessor : Loading config from cache: C:\Users\Brendan\AppData\Local\Temp\c17101e4486856bd6430e66412997ee7.mpf_cache
2022-08-21 20:08:42,945 : INFO : ConfigProcessor : Loading config from cache: C:\Users\Brendan\AppData\Local\Temp\c5b3b18e965344eb40bdf988f6d052aa.mpf_cache
2022-08-21 20:08:42,946 : INFO : Machine : Mission Pinball Framework Core Engine v0.55.0
2022-08-21 20:08:42,946 : INFO : Machine : Command line arguments: {'no_load_cache': False, 'create_config_cache': True, 'bcp': True, 'configfile': ['config.yaml'], 'force_assets_load': False, 'jsonlogging': False, 'logfile': 'logs\\2022-08-21-20-08-42-mpf-Pinball-PC.log', 'pause': False, 'production': False, 'text_ui': True, 'loglevel': 15, 'consoleloglevel': 20, 'force_platform': None, 'syslog_address': None, 'mc_file_name': None, 'no_sound': False}
2022-08-21 20:08:42,946 : INFO : Machine : MPF path: c:\users\brendan\appdata\local\programs\python\python37\lib\site-packages\mpf
2022-08-21 20:08:42,946 : INFO : Machine : Machine path: C:\Baby_pacman_code\machine
2022-08-21 20:08:42,947 : INFO : Machine : Platform: win32
2022-08-21 20:08:42,947 : INFO : Machine : Python executable location: c:\users\brendan\appdata\local\programs\python\python37\python.exe
2022-08-21 20:08:42,947 : INFO : Machine : Python version: 3.7.8 (64-bit)
2022-08-21 20:08:42,948 : INFO : Machine : Initialise MPF.
2022-08-21 20:08:43,103 : INFO : FAST : Connecting to com7 at 921600bps
2022-08-21 20:08:43,136 : INFO : FAST : Connected! Processor: NET, Board Type: FP-CPU-002-2, Firmware: 01.05
2022-08-21 20:08:43,136 : INFO : EventManager : Event: ======'machine_var_fast_net_firmware'====== Args={'value': '01.05', 'prev_value': None, 'change': True}
2022-08-21 20:08:43,136 : INFO : EventManager : Event: ======'machine_var_fast_net_model'====== Args={'value': 'FP-CPU-002-2', 'prev_value': None, 'change': True}
2022-08-21 20:08:45,496 : WARNING : FAST : Got unexpected message from FAST: -N:06
2022-08-21 20:08:45,496 : WARNING : FAST : Got unexpected message from FAST: -N:13
2022-08-21 20:08:45,536 : INFO : FAST : Connecting to com8 at 921600bps
2022-08-21 20:08:45,584 : INFO : FAST : Connected! Processor: RGB, Board Type: FP-CPU-002-2, Firmware: 01.00
2022-08-21 20:08:45,584 : INFO : EventManager : Event: ======'machine_var_fast_rgb_firmware'====== Args={'value': '01.00', 'prev_value': None, 'change': True}
2022-08-21 20:08:45,585 : INFO : EventManager : Event: ======'machine_var_fast_rgb_model'====== Args={'value': 'FP-CPU-002-2', 'prev_value': None, 'change': True}
2022-08-21 20:08:45,585 : INFO : EventManager : Event: ======'machine_var_credits_string'====== Args={'value': 'FREE PLAY', 'prev_value': None, 'change': True}
2022-08-21 20:08:45,641 : INFO : EventManager : Event: ======'machine_var_master_volume'====== Args={'value': 0.5, 'prev_value': None, 'change': True}
2022-08-21 20:08:45,641 : INFO : EventManager : Event: ======'machine_var_player1_score'====== Args={'value': 92560, 'prev_value': None, 'change': True}
2022-08-21 20:08:45,642 : INFO : EventManager : Event: ======'machine_var_player2_score'====== Args={'value': 0, 'prev_value': None, 'change': True}
2022-08-21 20:08:45,642 : INFO : EventManager : Event: ======'machine_var_mpf_version'====== Args={'value': 'MPF v0.55.0', 'prev_value': None, 'change': True}
2022-08-21 20:08:45,642 : INFO : EventManager : Event: ======'machine_var_mpf_extended_version'====== Args={'value': 'MPF v0.55.0, Config version:5, Show version: 5, BCP version:1.1', 'prev_value': None, 'change': True}
2022-08-21 20:08:45,642 : INFO : EventManager : Event: ======'machine_var_python_version'====== Args={'value': '3.7.8', 'prev_value': None, 'change': True}
2022-08-21 20:08:45,642 : INFO : EventManager : Event: ======'machine_var_platform'====== Args={'value': 'Windows-7-6.1.7601-SP1', 'prev_value': None, 'change': True}
2022-08-21 20:08:45,642 : INFO : EventManager : Event: ======'machine_var_platform_system'====== Args={'value': 'Windows', 'prev_value': None, 'change': True}
2022-08-21 20:08:45,642 : INFO : EventManager : Event: ======'machine_var_platform_release'====== Args={'value': '7', 'prev_value': None, 'change': True}
2022-08-21 20:08:45,642 : INFO : EventManager : Event: ======'machine_var_platform_version'====== Args={'value': '6.1.7601', 'prev_value': None, 'change': True}
2022-08-21 20:08:45,642 : INFO : EventManager : Event: ======'machine_var_platform_machine'====== Args={'value': 'AMD64', 'prev_value': None, 'change': True}
2022-08-21 20:08:45,643 : INFO : EventManager : Event: ======'init_phase_1'====== Args={}
2022-08-21 20:08:45,718 : INFO : EventManager : Event: ======'drop_target_bank_main_up'====== Args={}
2022-08-21 20:08:45,723 : INFO : EventManager : Event: ======'init_phase_2'====== Args={}
2022-08-21 20:08:45,723 : INFO : SwitchController : Found active switch: (('06', 1), <Platform.FAST>) <switch.s_right_captive_ball>
2022-08-21 20:08:45,723 : INFO : SwitchController : Found active switch: (('13', 1), <Platform.FAST>) <switch.s_drain>
2022-08-21 20:08:45,764 : INFO : EventManager : Event: ======'bcp_connection_attempt'====== Args={'name': 'local_display', 'host': 'localhost', 'port': 5050}
2022-08-21 20:08:45,765 : INFO : BCPClientSocket : Connecting BCP to 'local_display' at localhost:5050...
2022-08-21 20:08:46,759 : WARNING : FAST : Port com7 was blocked for more than 1s. Reseting send queue! If this happens frequently report a bug!
2022-08-21 20:08:47,757 : WARNING : FAST : Port com7 was blocked for more than 1s. Reseting send queue! If this happens frequently report a bug!
2022-08-21 20:08:48,884 : INFO : BCPClientSocket : Connected BCP to 'local_display' localhost:5050
2022-08-21 20:08:48,886 : INFO : EventManager : Event: ======'bcp_clients_connected'====== Args={}
2022-08-21 20:08:48,899 : INFO : ball_device.bd_drain : BCH: Initial count: 1
2022-08-21 20:08:48,900 : INFO : EventManager : Event: ======'machine_var_mc_version'====== Args={'value': 'MPF-MC v0.55.0', 'prev_value': None, 'change': True}
2022-08-21 20:08:48,901 : INFO : EventManager : Event: ======'machine_var_mc_extended_version'====== Args={'value': 'MPF-MC v0.55.0 (config_version=5, BCP v1.1, Requires MPF v0.55.0-dev.49)', 'prev_value': None, 'change': True}
2022-08-21 20:08:48,905 : INFO : ball_device.bd_drain : State: idle
2022-08-21 20:08:48,937 : INFO : ball_device.bd_left_kicker : BCH: Initial count: 0
2022-08-21 20:08:48,938 : INFO : ball_device.bd_left_kicker : State: idle
2022-08-21 20:08:48,939 : INFO : ball_device.bd_right_kicker : BCH: Initial count: 0
2022-08-21 20:08:48,939 : INFO : ball_device.bd_right_kicker : State: idle
2022-08-21 20:08:49,012 : INFO : EventManager : Event: ======'init_phase_3'====== Args={}
2022-08-21 20:08:49,410 : INFO : EventManager : Event: ======'init_phase_4'====== Args={}
2022-08-21 20:08:49,415 : INFO : EventManager : Event: ======'playfield_active'====== Args={}
2022-08-21 20:08:49,415 : INFO : EventManager : Event: ======'unexpected_ball_on_playfield'====== Args={}
2022-08-21 20:08:49,415 : INFO : EventManager : Event: ======'playfield_active'====== Args={}
2022-08-21 20:08:49,415 : INFO : EventManager : Event: ======'unexpected_ball_on_playfield'====== Args={}
2022-08-21 20:08:49,415 : INFO : EventManager : Event: ======'playfield_active'====== Args={}
2022-08-21 20:08:49,416 : INFO : EventManager : Event: ======'unexpected_ball_on_playfield'====== Args={}
2022-08-21 20:08:49,416 : INFO : EventManager : Event: ======'playfield_active'====== Args={}
2022-08-21 20:08:49,416 : INFO : EventManager : Event: ======'unexpected_ball_on_playfield'====== Args={}
2022-08-21 20:08:49,416 : INFO : EventManager : Event: ======'playfield_active'====== Args={}
2022-08-21 20:08:49,416 : INFO : EventManager : Event: ======'unexpected_ball_on_playfield'====== Args={}
2022-08-21 20:08:49,416 : INFO : BallController : Initial balls found: 1
2022-08-21 20:08:49,418 : INFO : EventManager : Event: ======'machine_var_audits_events_game_ended'====== Args={'value': 0, 'prev_value': None, 'change': True}
2022-08-21 20:08:49,419 : INFO : EventManager : Event: ======'machine_var_audits_events_game_started'====== Args={'value': 0, 'prev_value': None, 'change': True}
2022-08-21 20:08:49,419 : INFO : EventManager : Event: ======'machine_var_audits_player_score'====== Args={'value': {'average': 10282935.08532423, 'top': [198719690, 195274570, 161094530, 160419680, 140071820, 132769060, 132262360, 127113160, 121863670, 115954110], 'total': 586}, 'prev_value': None, 'change': True}
2022-08-21 20:08:49,420 : INFO : EventManager : Event: ======'machine_var_audits_shots_center_drop_mission1'====== Args={'value': 524, 'prev_value': None, 'change': True}
2022-08-21 20:08:49,420 : INFO : EventManager : Event: ======'machine_var_audits_shots_center_target'====== Args={'value': 124, 'prev_value': None, 'change': True}
2022-08-21 20:08:49,420 : INFO : EventManager : Event: ======'machine_var_audits_shots_drop_target1_mission2'====== Args={'value': 221, 'prev_value': None, 'change': True}
2022-08-21 20:08:49,421 : INFO : EventManager : Event: ======'machine_var_audits_shots_drop_target2_mission2'====== Args={'value': 256, 'prev_value': None, 'change': True}
2022-08-21 20:08:49,421 : INFO : EventManager : Event: ======'machine_var_audits_shots_drop_target3_mission2'====== Args={'value': 299, 'prev_value': None, 'change': True}
2022-08-21 20:08:49,421 : INFO : EventManager : Event: ======'machine_var_audits_shots_drop_target4_mission2'====== Args={'value': 265, 'prev_value': None, 'change': True}
2022-08-21 20:08:49,422 : INFO : EventManager : Event: ======'machine_var_audits_shots_drop_target5_mission2'====== Args={'value': 227, 'prev_value': None, 'change': True}
2022-08-21 20:08:49,422 : INFO : EventManager : Event: ======'machine_var_audits_shots_drop_targets_mission3'====== Args={'value': 1462, 'prev_value': None, 'change': True}
2022-08-21 20:08:49,423 : INFO : EventManager : Event: ======'machine_var_audits_shots_galaxy_advance'====== Args={'value': 2162, 'prev_value': None, 'change': True}
2022-08-21 20:08:49,423 : INFO : EventManager : Event: ======'machine_var_audits_shots_l_lane'====== Args={'value': 610, 'prev_value': None, 'change': True}
2022-08-21 20:08:49,423 : INFO : EventManager : Event: ======'machine_var_audits_shots_left_kicker_mission2'====== Args={'value': 160, 'prev_value': None, 'change': True}
2022-08-21 20:08:49,424 : INFO : EventManager : Event: ======'machine_var_audits_shots_left_kicker_mission4'====== Args={'value': 116, 'prev_value': None, 'change': True}
2022-08-21 20:08:49,424 : INFO : EventManager : Event: ======'machine_var_audits_shots_left_loop_mission1'====== Args={'value': 588, 'prev_value': None, 'change': True}
2022-08-21 20:08:49,424 : INFO : EventManager : Event: ======'machine_var_audits_shots_left_loop_mission2'====== Args={'value': 258, 'prev_value': None, 'change': True}
2022-08-21 20:08:49,425 : INFO : EventManager : Event: ======'machine_var_audits_shots_left_loop_mission4'====== Args={'value': 382, 'prev_value': None, 'change': True}
2022-08-21 20:08:49,425 : INFO : EventManager : Event: ======'machine_var_audits_shots_portal_advance'====== Args={'value': 4579, 'prev_value': None, 'change': True}
2022-08-21 20:08:49,425 : INFO : EventManager : Event: ======'machine_var_audits_shots_r_lane'====== Args={'value': 538, 'prev_value': None, 'change': True}
2022-08-21 20:08:49,426 : INFO : EventManager : Event: ======'machine_var_audits_shots_right_kicker_mission2'====== Args={'value': 134, 'prev_value': None, 'change': True}
2022-08-21 20:08:49,426 : INFO : EventManager : Event: ======'machine_var_audits_shots_right_kicker_mission4'====== Args={'value': 135, 'prev_value': None, 'change': True}
2022-08-21 20:08:49,427 : INFO : EventManager : Event: ======'machine_var_audits_shots_right_loop_mission1'====== Args={'value': 678, 'prev_value': None, 'change': True}
2022-08-21 20:08:49,427 : INFO : EventManager : Event: ======'machine_var_audits_shots_right_loop_mission2'====== Args={'value': 303, 'prev_value': None, 'change': True}
2022-08-21 20:08:49,427 : INFO : EventManager : Event: ======'machine_var_audits_shots_right_loop_mission4'====== Args={'value': 430, 'prev_value': None, 'change': True}
2022-08-21 20:08:49,428 : INFO : EventManager : Event: ======'machine_var_audits_shots_warp_advance'====== Args={'value': 1096, 'prev_value': None, 'change': True}
2022-08-21 20:08:49,428 : INFO : EventManager : Event: ======'machine_var_audits_switches_s_action_button'====== Args={'value': 3964, 'prev_value': None, 'change': True}
2022-08-21 20:08:49,429 : INFO : EventManager : Event: ======'machine_var_audits_switches_s_drain'====== Args={'value': 2729, 'prev_value': None, 'change': True}
2022-08-21 20:08:49,429 : INFO : EventManager : Event: ======'machine_var_audits_switches_s_drop_target1'====== Args={'value': 1841, 'prev_value': None, 'change': True}
2022-08-21 20:08:49,429 : INFO : EventManager : Event: ======'machine_var_audits_switches_s_drop_target2'====== Args={'value': 2147, 'prev_value': None, 'change': True}
2022-08-21 20:08:49,430 : INFO : EventManager : Event: ======'machine_var_audits_switches_s_drop_target3'====== Args={'value': 2569, 'prev_value': None, 'change': True}
2022-08-21 20:08:49,430 : INFO : EventManager : Event: ======'machine_var_audits_switches_s_drop_target4'====== Args={'value': 2054, 'prev_value': None, 'change': True}
2022-08-21 20:08:49,431 : INFO : EventManager : Event: ======'machine_var_audits_switches_s_drop_target5'====== Args={'value': 1940, 'prev_value': None, 'change': True}
2022-08-21 20:08:49,431 : INFO : EventManager : Event: ======'machine_var_audits_switches_s_left_captive_ball'====== Args={'value': 473, 'prev_value': None, 'change': True}
2022-08-21 20:08:49,431 : INFO : EventManager : Event: ======'machine_var_audits_switches_s_left_flipper'====== Args={'value': 34325, 'prev_value': None, 'change': True}
2022-08-21 20:08:49,432 : INFO : EventManager : Event: ======'machine_var_audits_switches_s_left_inlane'====== Args={'value': 610, 'prev_value': None, 'change': True}
2022-08-21 20:08:49,432 : INFO : EventManager : Event: ======'machine_var_audits_switches_s_left_inlane_far'====== Args={'value': 4013, 'prev_value': None, 'change': True}
2022-08-21 20:08:49,433 : INFO : EventManager : Event: ======'machine_var_audits_switches_s_left_kicker'====== Args={'value': 1534, 'prev_value': None, 'change': True}
2022-08-21 20:08:49,433 : INFO : EventManager : Event: ======'machine_var_audits_switches_s_left_sling'====== Args={'value': 6837, 'prev_value': None, 'change': True}
2022-08-21 20:08:49,434 : INFO : EventManager : Event: ======'machine_var_audits_switches_s_left_spinner'====== Args={'value': 20147, 'prev_value': None, 'change': True}
2022-08-21 20:08:49,434 : INFO : EventManager : Event: ======'machine_var_audits_switches_s_right_captive_ball'====== Args={'value': 498, 'prev_value': None, 'change': True}
2022-08-21 20:08:49,435 : INFO : EventManager : Event: ======'machine_var_audits_switches_s_right_flipper'====== Args={'value': 31733, 'prev_value': None, 'change': True}
2022-08-21 20:08:49,435 : INFO : EventManager : Event: ======'machine_var_audits_switches_s_right_inlane'====== Args={'value': 538, 'prev_value': None, 'change': True}
2022-08-21 20:08:49,436 : INFO : EventManager : Event: ======'machine_var_audits_switches_s_right_inlane_far'====== Args={'value': 6164, 'prev_value': None, 'change': True}
2022-08-21 20:08:49,436 : INFO : EventManager : Event: ======'machine_var_audits_switches_s_right_kicker'====== Args={'value': 1698, 'prev_value': None, 'change': True}
2022-08-21 20:08:49,437 : INFO : EventManager : Event: ======'machine_var_audits_switches_s_right_sling'====== Args={'value': 14093, 'prev_value': None, 'change': True}
2022-08-21 20:08:49,437 : INFO : EventManager : Event: ======'machine_var_audits_switches_s_right_spinner'====== Args={'value': 16259, 'prev_value': None, 'change': True}
2022-08-21 20:08:49,438 : INFO : EventManager : Event: ======'machine_var_audits_switches_s_start'====== Args={'value': 406, 'prev_value': None, 'change': True}
2022-08-21 20:08:49,439 : INFO : EventManager : Event: ======'init_phase_5'====== Args={}
2022-08-21 20:08:49,443 : INFO : EventManager : Event: ======'init_done'====== Args={}
2022-08-21 20:08:49,443 : WARNING : FAST : Port NET received more messages than were sent! Resetting!
2022-08-21 20:08:49,443 : WARNING : FAST : Port NET received more messages than were sent! Resetting!
2022-08-21 20:08:49,443 : WARNING : FAST : Port NET received more messages than were sent! Resetting!
2022-08-21 20:08:49,443 : WARNING : FAST : Port NET received more messages than were sent! Resetting!
2022-08-21 20:08:49,444 : WARNING : FAST : Port NET received more messages than were sent! Resetting!
2022-08-21 20:08:49,444 : WARNING : FAST : Port NET received more messages than were sent! Resetting!
2022-08-21 20:08:49,444 : WARNING : FAST : Port NET received more messages than were sent! Resetting!
2022-08-21 20:08:49,444 : WARNING : FAST : Port NET received more messages than were sent! Resetting!
2022-08-21 20:08:49,444 : WARNING : FAST : Port NET received more messages than were sent! Resetting!
2022-08-21 20:08:49,444 : WARNING : FAST : Port NET received more messages than were sent! Resetting!
2022-08-21 20:08:49,444 : WARNING : FAST : Port NET received more messages than were sent! Resetting!
2022-08-21 20:08:49,444 : WARNING : FAST : Port NET received more messages than were sent! Resetting!
2022-08-21 20:08:49,444 : WARNING : FAST : Port NET received more messages than were sent! Resetting!
2022-08-21 20:08:49,444 : WARNING : FAST : Port NET received more messages than were sent! Resetting!
2022-08-21 20:08:49,444 : WARNING : FAST : Port NET received more messages than were sent! Resetting!
2022-08-21 20:08:49,444 : WARNING : FAST : Port NET received more messages than were sent! Resetting!
2022-08-21 20:08:49,444 : WARNING : FAST : Port NET received more messages than were sent! Resetting!
2022-08-21 20:08:49,444 : WARNING : FAST : Port NET received more messages than were sent! Resetting!
2022-08-21 20:08:49,445 : WARNING : FAST : Port NET received more messages than were sent! Resetting!
2022-08-21 20:08:49,445 : WARNING : FAST : Port NET received more messages than were sent! Resetting!
2022-08-21 20:08:49,445 : WARNING : FAST : Port NET received more messages than were sent! Resetting!
2022-08-21 20:08:49,445 : WARNING : FAST : Port NET received more messages than were sent! Resetting!
2022-08-21 20:08:49,445 : INFO : EventManager : Event: ======'machine_reset_phase_1'====== Args={}
2022-08-21 20:08:49,453 : INFO : EventManager : Event: ======'machine_reset_phase_2'====== Args={}
2022-08-21 20:08:49,454 : INFO : EventManager : Event: ======'machine_reset_phase_3'====== Args={}
2022-08-21 20:08:49,454 : INFO : EventManager : Event: ======'reset_complete'====== Args={}
2022-08-21 20:08:49,455 : INFO : EventManager : Event: ======'mode_attract_will_start'====== Args={}
2022-08-21 20:08:49,455 : INFO : EventManager : Event: ======'mode_attract_starting'====== Args={}
2022-08-21 20:08:49,455 : INFO : Mode.attract : Started. Priority: 10
2022-08-21 20:08:49,456 : INFO : EventManager : Event: ======'modes_active_modes_changed'====== Args={}
2022-08-21 20:08:49,456 : INFO : EventManager : Event: ======'mode_attract_started'====== Args={}
2022-08-21 20:08:49,458 : INFO : EventManager : Event: ======'collecting_balls_complete'====== Args={}
2022-08-21 20:08:49,476 : INFO : EventManager : Event: ======'slide_show_13.slide_player-0_created'====== Args={'_from_bcp': True}
2022-08-21 20:08:49,477 : INFO : EventManager : Event: ======'slide_show_13.slide_player-0_active'====== Args={'_from_bcp': True}
2022-08-21 20:08:49,477 : INFO : Machine : Starting the main run loop.
2022-08-21 20:08:50,335 : INFO : SwitchController : <<<<<<< 's_start' active >>>>>>>
2022-08-21 20:08:50,463 : INFO : SwitchController : <<<<<<< 's_start' inactive >>>>>>>
2022-08-21 20:08:50,463 : INFO : EventManager : Event: ======'request_to_start_game'====== Args={}
2022-08-21 20:08:50,464 : INFO : EventManager : Event: ======'game_start'====== Args={'buttons': [], 'hold_time': 0.125}
2022-08-21 20:08:50,464 : INFO : EventManager : Event: ======'mode_game_will_start'====== Args={'buttons': [], 'hold_time': 0.125}
2022-08-21 20:08:50,466 : INFO : EventManager : Event: ======'mode_game_starting'====== Args={'buttons': [], 'hold_time': 0.125}
2022-08-21 20:08:50,466 : INFO : EventManager : Event: ======'mode_attract_will_stop'====== Args={}
2022-08-21 20:08:50,466 : INFO : EventManager : Event: ======'mode_attract_stopping'====== Args={}
2022-08-21 20:08:50,466 : INFO : Mode.attract : Stopped.
2022-08-21 20:08:50,466 : INFO : EventManager : Event: ======'modes_active_modes_changed'====== Args={}
2022-08-21 20:08:50,470 : INFO : EventManager : Event: ======'mode_attract_stopped'====== Args={}
2022-08-21 20:08:50,470 : INFO : EventManager : Event: ======'clear'====== Args={'key': 'attract'}
2022-08-21 20:08:50,470 : INFO : Mode.game : Started. Priority: 20
2022-08-21 20:08:50,470 : INFO : EventManager : Event: ======'modes_active_modes_changed'====== Args={}
2022-08-21 20:08:50,471 : INFO : EventManager : Event: ======'mode_game_started'====== Args={'buttons': [], 'hold_time': 0.125}
2022-08-21 20:08:50,480 : INFO : EventManager : Event: ======'game_will_start'====== Args={}
2022-08-21 20:08:50,481 : INFO : EventManager : Event: ======'slide_show_13.slide_player-0_removed'====== Args={'_from_bcp': True}
2022-08-21 20:08:50,482 : INFO : EventManager : Event: ======'slide_window_blank_active'====== Args={'_from_bcp': True}
2022-08-21 20:08:50,482 : INFO : EventManager : Event: ======'game_starting'====== Args={'game': <Mode.game>}
2022-08-21 20:08:50,483 : INFO : EventManager : Event: ======'player_add_request'====== Args={}
2022-08-21 20:08:50,484 : INFO : EventManager : Event: ======'player_will_add'====== Args={'number': 1}
2022-08-21 20:08:50,484 : INFO : EventManager : Event: ======'player_adding'====== Args={'player': <Player 1>, 'number': 1}
2022-08-21 20:08:50,485 : INFO : EventManager : Event: ======'player_added'====== Args={'player': <Player 1>, 'num': 1}
2022-08-21 20:08:50,485 : INFO : Mode.game : Player added successfully. Total players: 1
2022-08-21 20:08:50,486 : INFO : EventManager : Event: ======'player_index'====== Args={'value': 0, 'prev_value': 0, 'change': 0, 'player_num': 1}
2022-08-21 20:08:50,486 : INFO : EventManager : Event: ======'player_number'====== Args={'value': 1, 'prev_value': 1, 'change': 0, 'player_num': 1}
2022-08-21 20:08:50,487 : INFO : EventManager : Event: ======'player_mode_value'====== Args={'value': 1000000, 'prev_value': 1000000, 'change': 0, 'player_num': 1}
2022-08-21 20:08:50,488 : INFO : EventManager : Event: ======'player_bonus_multiplier'====== Args={'value': 1, 'prev_value': 1, 'change': 0, 'player_num': 1}
2022-08-21 20:08:50,489 : INFO : EventManager : Event: ======'player_playfield_multiplier'====== Args={'value': 1, 'prev_value': 1, 'change': 0, 'player_num': 1}
2022-08-21 20:08:50,489 : INFO : EventManager : Event: ======'player_score'====== Args={'value': 0, 'prev_value': 0, 'change': 0, 'player_num': 1}
2022-08-21 20:08:50,491 : INFO : EventManager : Event: ======'game_started'====== Args={}
2022-08-21 20:08:50,513 : INFO : EventManager : Event: ======'player_turn_will_start'====== Args={'player': <Player 1>, 'number': 1}
2022-08-21 20:08:50,514 : INFO : EventManager : Event: ======'player_turn_starting'====== Args={'player': <Player 1>, 'number': 1}
2022-08-21 20:08:50,515 : INFO : EventManager : Event: ======'player_ball'====== Args={'value': 1, 'prev_value': 0, 'change': 1, 'player_num': 1}
2022-08-21 20:08:50,516 : INFO : EventManager : Event: ======'player_turn_started'====== Args={'player': <Player 1>, 'number': 1}
2022-08-21 20:08:50,517 : INFO : EventManager : Event: ======'ball_will_start'====== Args={'player': 1, 'ball': 1, 'balls_remaining': 2, 'is_extra_ball': False}
2022-08-21 20:08:50,520 : INFO : EventManager : Event: ======'ball_starting'====== Args={'player': 1, 'ball': 1, 'balls_remaining': 2, 'is_extra_ball': False}
2022-08-21 20:08:50,521 : INFO : EventManager : Event: ======'balls_in_play'====== Args={'balls': 1}
2022-08-21 20:08:50,521 : INFO : EventManager : Event: ======'ball_started'====== Args={'player': 1, 'ball': 1, 'balls_remaining': 2, 'is_extra_ball': False}
2022-08-21 20:08:50,522 : INFO : EventManager : Event: ======'mode_combos_will_start'====== Args={'player': 1, 'ball': 1, 'balls_remaining': 2, 'is_extra_ball': False}
2022-08-21 20:08:50,526 : INFO : EventManager : Event: ======'mode_combos_starting'====== Args={'player': 1, 'ball': 1, 'balls_remaining': 2, 'is_extra_ball': False}
2022-08-21 20:08:50,526 : INFO : EventManager : Event: ======'mode_base_will_start'====== Args={'player': 1, 'ball': 1, 'balls_remaining': 2, 'is_extra_ball': False}
2022-08-21 20:08:50,527 : INFO : EventManager : Event: ======'player_shot_l_lane_enabled'====== Args={'value': True, 'prev_value': 0, 'change': 1, 'player_num': 1}
2022-08-21 20:08:50,528 : INFO : EventManager : Event: ======'player_shot_r_lane_enabled'====== Args={'value': True, 'prev_value': 0, 'change': 1, 'player_num': 1}
2022-08-21 20:08:50,528 : INFO : EventManager : Event: ======'player_shot_center_target_enabled'====== Args={'value': True, 'prev_value': 0, 'change': 1, 'player_num': 1}
2022-08-21 20:08:50,529 : INFO : EventManager : Event: ======'bonus_lanes_complete'====== Args={'state': 'unlit'}
2022-08-21 20:08:50,529 : INFO : EventManager : Event: ======'bonus_lanes_unlit_complete'====== Args={}
2022-08-21 20:08:50,529 : INFO : EventManager : Event: ======'player_extra_ball_two_modes_complete_num_awarded'====== Args={'value': 0, 'prev_value': 0, 'change': 0, 'player_num': 1}
2022-08-21 20:08:50,530 : INFO : EventManager : Event: ======'achievement_mission1_changed_state'====== Args={'restore': False, 'state': 'disabled', 'selected': False}
2022-08-21 20:08:50,530 : INFO : EventManager : Event: ======'achievement_mission1_state_disabled'====== Args={'restore': False, 'state': 'disabled', 'selected': False}
2022-08-21 20:08:50,530 : INFO : EventManager : Event: ======'achievement_mission2_changed_state'====== Args={'restore': False, 'state': 'disabled', 'selected': False}
2022-08-21 20:08:50,530 : INFO : EventManager : Event: ======'achievement_mission2_state_disabled'====== Args={'restore': False, 'state': 'disabled', 'selected': False}
2022-08-21 20:08:50,531 : INFO : EventManager : Event: ======'achievement_mission3_changed_state'====== Args={'restore': False, 'state': 'disabled', 'selected': False}
2022-08-21 20:08:50,531 : INFO : EventManager : Event: ======'achievement_mission3_state_disabled'====== Args={'restore': False, 'state': 'disabled', 'selected': False}
2022-08-21 20:08:50,531 : INFO : EventManager : Event: ======'achievement_mission4_changed_state'====== Args={'restore': False, 'state': 'disabled', 'selected': False}
2022-08-21 20:08:50,531 : INFO : EventManager : Event: ======'achievement_mission4_state_disabled'====== Args={'restore': False, 'state': 'disabled', 'selected': False}
2022-08-21 20:08:50,539 : INFO : EventManager : Event: ======'mode_base_starting'====== Args={'player': 1, 'ball': 1, 'balls_remaining': 2, 'is_extra_ball': False}
2022-08-21 20:08:50,539 : INFO : EventManager : Event: ======'mode_super_features_will_start'====== Args={'player': 1, 'ball': 1, 'balls_remaining': 2, 'is_extra_ball': False}
2022-08-21 20:08:50,540 : INFO : EventManager : Event: ======'achievement_super_spinners_changed_state'====== Args={'restore': False, 'state': 'disabled', 'selected': False}
2022-08-21 20:08:50,540 : INFO : EventManager : Event: ======'achievement_super_spinners_state_disabled'====== Args={'restore': False, 'state': 'disabled', 'selected': False}
2022-08-21 20:08:50,540 : INFO : EventManager : Event: ======'achievement_super_targets_changed_state'====== Args={'restore': False, 'state': 'disabled', 'selected': False}
2022-08-21 20:08:50,540 : INFO : EventManager : Event: ======'achievement_super_targets_state_disabled'====== Args={'restore': False, 'state': 'disabled', 'selected': False}
2022-08-21 20:08:50,540 : INFO : EventManager : Event: ======'achievement_super_lanes_changed_state'====== Args={'restore': False, 'state': 'disabled', 'selected': False}
2022-08-21 20:08:50,540 : INFO : EventManager : Event: ======'achievement_super_lanes_state_disabled'====== Args={'restore': False, 'state': 'disabled', 'selected': False}
2022-08-21 20:08:50,540 : INFO : EventManager : Event: ======'achievement_super_slings_changed_state'====== Args={'restore': False, 'state': 'disabled', 'selected': False}
2022-08-21 20:08:50,540 : INFO : EventManager : Event: ======'achievement_super_slings_state_disabled'====== Args={'restore': False, 'state': 'disabled', 'selected': False}
2022-08-21 20:08:50,543 : INFO : EventManager : Event: ======'mode_super_features_starting'====== Args={'player': 1, 'ball': 1, 'balls_remaining': 2, 'is_extra_ball': False}
2022-08-21 20:08:50,543 : INFO : drop_target_bank.main : All targets are already up. Will not reset bank.
2022-08-21 20:08:50,544 : INFO : Mode.super_features : Started. Priority: 100
2022-08-21 20:08:50,544 : INFO : EventManager : Event: ======'modes_active_modes_changed'====== Args={}
2022-08-21 20:08:50,544 : INFO : EventManager : Event: ======'mode_super_features_started'====== Args={'player': 1, 'ball': 1, 'balls_remaining': 2, 'is_extra_ball': False}
2022-08-21 20:08:50,545 : INFO : Mode.combos : Started. Priority: 700
2022-08-21 20:08:50,545 : INFO : EventManager : Event: ======'modes_active_modes_changed'====== Args={}
2022-08-21 20:08:50,545 : INFO : EventManager : Event: ======'mode_combos_started'====== Args={'player': 1, 'ball': 1, 'balls_remaining': 2, 'is_extra_ball': False}
2022-08-21 20:08:50,546 : INFO : EventManager : Event: ======'logicblock_mode_completion_counter_updated'====== Args={'value': 0, 'enabled': True}
2022-08-21 20:08:50,546 : INFO : EventManager : Event: ======'logicblock_mode_completion_counter_updated'====== Args={'value': 0, 'enabled': True}
2022-08-21 20:08:50,546 : INFO : Mode.base : Started. Priority: 100
2022-08-21 20:08:50,546 : INFO : EventManager : Event: ======'modes_active_modes_changed'====== Args={}
2022-08-21 20:08:50,546 : INFO : EventManager : Event: ======'mode_base_started'====== Args={'player': 1, 'ball': 1, 'balls_remaining': 2, 'is_extra_ball': False}
2022-08-21 20:08:50,547 : INFO : EventManager : Event: ======'ball_save_base_save_enabled'====== Args={}
2022-08-21 20:08:50,547 : INFO : EventManager : Event: ======'mode_add_mode_value_will_start'====== Args={'player': 1, 'ball': 1, 'balls_remaining': 2, 'is_extra_ball': False}
2022-08-21 20:08:50,548 : INFO : EventManager : Event: ======'mode_add_mode_value_starting'====== Args={'player': 1, 'ball': 1, 'balls_remaining': 2, 'is_extra_ball': False}
2022-08-21 20:08:50,548 : INFO : EventManager : Event: ======'mode_spell_portal_will_start'====== Args={'player': 1, 'ball': 1, 'balls_remaining': 2, 'is_extra_ball': False}
2022-08-21 20:08:50,548 : INFO : EventManager : Event: ======'player_shot_portal_advance_enabled'====== Args={'value': True, 'prev_value': 0, 'change': 1, 'player_num': 1}
2022-08-21 20:08:50,551 : INFO : EventManager : Event: ======'mode_spell_portal_starting'====== Args={'player': 1, 'ball': 1, 'balls_remaining': 2, 'is_extra_ball': False}
2022-08-21 20:08:50,551 : INFO : EventManager : Event: ======'mode_spell_galaxy_will_start'====== Args={'player': 1, 'ball': 1, 'balls_remaining': 2, 'is_extra_ball': False}
2022-08-21 20:08:50,552 : INFO : EventManager : Event: ======'player_shot_galaxy_advance_enabled'====== Args={'value': True, 'prev_value': 0, 'change': 1, 'player_num': 1}
2022-08-21 20:08:50,553 : INFO : EventManager : Event: ======'mode_spell_galaxy_starting'====== Args={'player': 1, 'ball': 1, 'balls_remaining': 2, 'is_extra_ball': False}
2022-08-21 20:08:50,553 : INFO : EventManager : Event: ======'mode_spell_warp_will_start'====== Args={'player': 1, 'ball': 1, 'balls_remaining': 2, 'is_extra_ball': False}
2022-08-21 20:08:50,554 : INFO : EventManager : Event: ======'player_shot_warp_advance_enabled'====== Args={'value': True, 'prev_value': 0, 'change': 1, 'player_num': 1}
2022-08-21 20:08:50,555 : INFO : EventManager : Event: ======'mode_spell_warp_starting'====== Args={'player': 1, 'ball': 1, 'balls_remaining': 2, 'is_extra_ball': False}
2022-08-21 20:08:50,556 : INFO : drop_target_bank.main : All targets are already up. Will not reset bank.
2022-08-21 20:08:50,556 : INFO : Mode.add_mode_value : Started. Priority: 200
2022-08-21 20:08:50,556 : INFO : EventManager : Event: ======'modes_active_modes_changed'====== Args={}
2022-08-21 20:08:50,556 : INFO : EventManager : Event: ======'mode_add_mode_value_started'====== Args={'player': 1, 'ball': 1, 'balls_remaining': 2, 'is_extra_ball': False}
2022-08-21 20:08:50,556 : INFO : EventManager : Event: ======'single_player_ball_started'====== Args={}
2022-08-21 20:08:50,575 : INFO : EventManager : Event: ======'logicblock_portal_counter_updated'====== Args={'value': 0, 'enabled': True}
2022-08-21 20:08:50,575 : INFO : EventManager : Event: ======'logicblock_portal_counter_updated'====== Args={'value': 0, 'enabled': True}
2022-08-21 20:08:50,576 : INFO : Mode.spell_portal : Started. Priority: 200
2022-08-21 20:08:50,576 : INFO : EventManager : Event: ======'modes_active_modes_changed'====== Args={}
2022-08-21 20:08:50,576 : INFO : EventManager : Event: ======'mode_spell_portal_started'====== Args={'player': 1, 'ball': 1, 'balls_remaining': 2, 'is_extra_ball': False}
2022-08-21 20:08:50,576 : INFO : EventManager : Event: ======'logicblock_galaxy_counter_updated'====== Args={'value': 0, 'enabled': True}
2022-08-21 20:08:50,576 : INFO : EventManager : Event: ======'logicblock_galaxy_counter_updated'====== Args={'value': 0, 'enabled': True}
2022-08-21 20:08:50,576 : INFO : Mode.spell_galaxy : Started. Priority: 200
2022-08-21 20:08:50,576 : INFO : EventManager : Event: ======'modes_active_modes_changed'====== Args={}
2022-08-21 20:08:50,576 : INFO : EventManager : Event: ======'mode_spell_galaxy_started'====== Args={'player': 1, 'ball': 1, 'balls_remaining': 2, 'is_extra_ball': False}
2022-08-21 20:08:50,576 : INFO : EventManager : Event: ======'logicblock_warp_counter_updated'====== Args={'value': 0, 'enabled': True}
2022-08-21 20:08:50,576 : INFO : EventManager : Event: ======'logicblock_warp_counter_updated'====== Args={'value': 0, 'enabled': True}
2022-08-21 20:08:50,576 : INFO : Mode.spell_warp : Started. Priority: 200
2022-08-21 20:08:50,577 : INFO : EventManager : Event: ======'modes_active_modes_changed'====== Args={}
2022-08-21 20:08:50,577 : INFO : EventManager : Event: ======'mode_spell_warp_started'====== Args={'player': 1, 'ball': 1, 'balls_remaining': 2, 'is_extra_ball': False}
2022-08-21 20:08:50,578 : INFO : EventManager : Event: ======'achievement_super_spinners_changed_state'====== Args={'restore': False, 'state': 'enabled', 'selected': False}
2022-08-21 20:08:50,578 : INFO : EventManager : Event: ======'achievement_super_spinners_state_enabled'====== Args={'restore': False, 'state': 'enabled', 'selected': False}
2022-08-21 20:08:50,578 : INFO : EventManager : Event: ======'achievement_super_targets_changed_state'====== Args={'restore': False, 'state': 'enabled', 'selected': False}
2022-08-21 20:08:50,578 : INFO : EventManager : Event: ======'achievement_super_targets_state_enabled'====== Args={'restore': False, 'state': 'enabled', 'selected': False}
2022-08-21 20:08:50,578 : INFO : EventManager : Event: ======'achievement_super_lanes_changed_state'====== Args={'restore': False, 'state': 'enabled', 'selected': False}
2022-08-21 20:08:50,578 : INFO : EventManager : Event: ======'achievement_super_lanes_state_enabled'====== Args={'restore': False, 'state': 'enabled', 'selected': False}
2022-08-21 20:08:50,579 : INFO : EventManager : Event: ======'achievement_super_slings_changed_state'====== Args={'restore': False, 'state': 'enabled', 'selected': False}
2022-08-21 20:08:50,579 : INFO : EventManager : Event: ======'achievement_super_slings_state_enabled'====== Args={'restore': False, 'state': 'enabled', 'selected': False}
2022-08-21 20:08:50,579 : INFO : EventManager : Event: ======'achievement_super_slings_changed_state'====== Args={'restore': False, 'state': 'enabled', 'selected': True}
2022-08-21 20:08:50,579 : INFO : EventManager : Event: ======'achievement_super_slings_state_enabled'====== Args={'restore': False, 'state': 'enabled', 'selected': True}
2022-08-21 20:08:50,579 : INFO : EventManager : Event: ======'achievement_super_slings_state_selected'====== Args={'restore': False, 'state': 'enabled', 'selected': True}
2022-08-21 20:08:50,580 : INFO : EventManager : Event: ======'ball_start_target'====== Args={'target': 'playfield'}
2022-08-21 20:08:50,601 : INFO : ball_device.bd_drain : Setting up player-controlled eject. Balls: 1, Target: <playfield.playfield>, player_controlled_eject_event: s_action_button_active
2022-08-21 20:08:50,601 : INFO : EventManager : Event: ======'balldevice_balls_available'====== Args={}
2022-08-21 20:08:50,601 : INFO : EventManager : Event: ======'slide_score_slide_created'====== Args={'_from_bcp': True}
2022-08-21 20:08:50,603 : INFO : EventManager : Event: ======'slide_score_slide_active'====== Args={'_from_bcp': True}
2022-08-21 20:08:50,605 : INFO : ball_device.bd_drain : State: waiting_for_target_ready
2022-08-21 20:08:50,605 : INFO : EventManager : Event: ======'balldevice_bd_drain_ball_eject_attempt'====== Args={'balls': 1, 'target': <playfield.playfield>, 'source': <ball_device.bd_drain>, 'mechanical_eject': True, 'num_attempts': 0}
2022-08-21 20:08:50,605 : INFO : ball_device.bd_drain : State: ejecting
2022-08-21 20:08:50,605 : INFO : ball_device.bd_drain : Ejecting ball to <playfield.playfield>
2022-08-21 20:08:50,606 : INFO : EventManager : Event: ======'balldevice_bd_drain_ejecting_ball'====== Args={'balls': 1, 'target': <playfield.playfield>, 'source': <ball_device.bd_drain>, 'mechanical_eject': True, 'num_attempts': 0}
2022-08-21 20:08:50,607 : INFO : ball_device.bd_drain : Wait for ball to leave device
2022-08-21 20:08:51,295 : INFO : SwitchController : <<<<<<< 's_left_inlane_far' active >>>>>>>
2022-08-21 20:08:51,296 : INFO : EventManager : Event: ======'playfield_active'====== Args={}
2022-08-21 20:08:51,296 : INFO : EventManager : Event: ======'playfield_active'====== Args={}
2022-08-21 20:08:51,296 : INFO : EventManager : Event: ======'playfield_active'====== Args={}
2022-08-21 20:08:51,296 : INFO : EventManager : Event: ======'playfield_active'====== Args={}
2022-08-21 20:08:51,296 : INFO : EventManager : Event: ======'s_left_inlane_far_active'====== Args={}
2022-08-21 20:08:51,296 : INFO : EventManager : Event: ======'machine_var_audits_switches_s_left_inlane_far'====== Args={'value': 4014, 'prev_value': 4013, 'change': 1}
2022-08-21 20:08:51,299 : INFO : EventManager : Event: ======'player_shot_galaxy_advance'====== Args={'value': 1, 'prev_value': 0, 'change': 1, 'player_num': 1}
2022-08-21 20:08:51,300 : INFO : EventManager : Event: ======'machine_var_audits_shots_galaxy_advance'====== Args={'value': 2163, 'prev_value': 2162, 'change': 1}
2022-08-21 20:08:51,302 : INFO : EventManager : Event: ======'galaxy_advance_hit'====== Args={'profile': 'default', 'state': 'unlit', 'advancing': True}
2022-08-21 20:08:51,302 : INFO : EventManager : Event: ======'galaxy_advance_default_hit'====== Args={'profile': 'default', 'state': 'unlit', 'advancing': True}
2022-08-21 20:08:51,302 : INFO : EventManager : Event: ======'galaxy_advance_default_unlit_hit'====== Args={'profile': 'default', 'state': 'unlit', 'advancing': True}
2022-08-21 20:08:51,302 : INFO : EventManager : Event: ======'galaxy_advance_unlit_hit'====== Args={'profile': 'default', 'state': 'unlit', 'advancing': True}
2022-08-21 20:08:51,303 : INFO : EventManager : Event: ======'player_score'====== Args={'value': 30000, 'prev_value': 0, 'change': 30000, 'player_num': 1}
2022-08-21 20:08:51,304 : INFO : EventManager : Event: ======'player_switches'====== Args={'value': 1, 'prev_value': 0, 'change': 1, 'player_num': 1}
2022-08-21 20:08:51,304 : INFO : EventManager : Event: ======'player_combos_combo_timer_tick'====== Args={'value': 6, 'prev_value': 0, 'change': 6, 'player_num': 1}
2022-08-21 20:08:51,305 : INFO : Timer.combo_timer : Starting Timer.
2022-08-21 20:08:51,305 : INFO : EventManager : Event: ======'timer_combo_timer_started'====== Args={'ticks': 6, 'ticks_remaining': 6}
2022-08-21 20:08:51,305 : INFO : EventManager : Event: ======'timer_combo_timer_tick'====== Args={'ticks': 6, 'ticks_remaining': 6}
2022-08-21 20:08:51,306 : INFO : EventManager : Event: ======'logicblock_galaxy_counter_updated'====== Args={'value': 1, 'enabled': True}
2022-08-21 20:08:51,306 : INFO : EventManager : Event: ======'counter_galaxy_counter_hit'====== Args={'count': 1, 'hits': 1, 'remaining': 5}
2022-08-21 20:08:51,306 : INFO : EventManager : Event: ======'logicblock_galaxy_counter_hit'====== Args={'count': 1, 'hits': 1, 'remaining': 5}
2022-08-21 20:08:51,455 : INFO : SwitchController : <<<<<<< 's_left_inlane_far' inactive >>>>>>>
2022-08-21 20:08:51,663 : INFO : SwitchController : <<<<<<< 's_left_inlane_far' active >>>>>>>
2022-08-21 20:08:51,664 : INFO : EventManager : Event: ======'playfield_active'====== Args={}
2022-08-21 20:08:51,664 : INFO : EventManager : Event: ======'playfield_active'====== Args={}
2022-08-21 20:08:51,664 : INFO : EventManager : Event: ======'playfield_active'====== Args={}
2022-08-21 20:08:51,664 : INFO : EventManager : Event: ======'playfield_active'====== Args={}
2022-08-21 20:08:51,664 : INFO : EventManager : Event: ======'s_left_inlane_far_active'====== Args={}
2022-08-21 20:08:51,664 : INFO : EventManager : Event: ======'machine_var_audits_switches_s_left_inlane_far'====== Args={'value': 4015, 'prev_value': 4014, 'change': 1}
2022-08-21 20:08:51,667 : INFO : EventManager : Event: ======'machine_var_audits_shots_galaxy_advance'====== Args={'value': 2164, 'prev_value': 2163, 'change': 1}
2022-08-21 20:08:51,669 : INFO : EventManager : Event: ======'galaxy_advance_hit'====== Args={'profile': 'default', 'state': 'lit', 'advancing': False}
2022-08-21 20:08:51,669 : INFO : EventManager : Event: ======'galaxy_advance_default_hit'====== Args={'profile': 'default', 'state': 'lit', 'advancing': False}
2022-08-21 20:08:51,669 : INFO : EventManager : Event: ======'galaxy_advance_default_lit_hit'====== Args={'profile': 'default', 'state': 'lit', 'advancing': False}
2022-08-21 20:08:51,669 : INFO : EventManager : Event: ======'galaxy_advance_lit_hit'====== Args={'profile': 'default', 'state': 'lit', 'advancing': False}
2022-08-21 20:08:51,669 : INFO : EventManager : Event: ======'player_score'====== Args={'value': 60000, 'prev_value': 30000, 'change': 30000, 'player_num': 1}
2022-08-21 20:08:51,670 : INFO : EventManager : Event: ======'player_switches'====== Args={'value': 2, 'prev_value': 1, 'change': 1, 'player_num': 1}
2022-08-21 20:08:51,670 : INFO : EventManager : Event: ======'logicblock_galaxy_counter_updated'====== Args={'value': 2, 'enabled': True}
2022-08-21 20:08:51,670 : INFO : EventManager : Event: ======'counter_galaxy_counter_hit'====== Args={'count': 2, 'hits': 2, 'remaining': 4}
2022-08-21 20:08:51,670 : INFO : EventManager : Event: ======'logicblock_galaxy_counter_hit'====== Args={'count': 2, 'hits': 2, 'remaining': 4}
2022-08-21 20:08:51,759 : INFO : SwitchController : <<<<<<< 's_left_inlane_far' inactive >>>>>>>
2022-08-21 20:08:51,919 : INFO : SwitchController : <<<<<<< 's_left_inlane_far' active >>>>>>>
2022-08-21 20:08:51,919 : INFO : EventManager : Event: ======'playfield_active'====== Args={}
2022-08-21 20:08:51,920 : INFO : EventManager : Event: ======'playfield_active'====== Args={}
2022-08-21 20:08:51,920 : INFO : EventManager : Event: ======'playfield_active'====== Args={}
2022-08-21 20:08:51,920 : INFO : EventManager : Event: ======'playfield_active'====== Args={}
2022-08-21 20:08:51,920 : INFO : EventManager : Event: ======'s_left_inlane_far_active'====== Args={}
2022-08-21 20:08:51,920 : INFO : EventManager : Event: ======'machine_var_audits_switches_s_left_inlane_far'====== Args={'value': 4016, 'prev_value': 4015, 'change': 1}
2022-08-21 20:08:51,923 : INFO : EventManager : Event: ======'machine_var_audits_shots_galaxy_advance'====== Args={'value': 2165, 'prev_value': 2164, 'change': 1}
2022-08-21 20:08:51,924 : INFO : EventManager : Event: ======'galaxy_advance_hit'====== Args={'profile': 'default', 'state': 'lit', 'advancing': False}
2022-08-21 20:08:51,925 : INFO : EventManager : Event: ======'galaxy_advance_default_hit'====== Args={'profile': 'default', 'state': 'lit', 'advancing': False}
2022-08-21 20:08:51,925 : INFO : EventManager : Event: ======'galaxy_advance_default_lit_hit'====== Args={'profile': 'default', 'state': 'lit', 'advancing': False}
2022-08-21 20:08:51,925 : INFO : EventManager : Event: ======'galaxy_advance_lit_hit'====== Args={'profile': 'default', 'state': 'lit', 'advancing': False}
2022-08-21 20:08:51,925 : INFO : EventManager : Event: ======'player_score'====== Args={'value': 90000, 'prev_value': 60000, 'change': 30000, 'player_num': 1}
2022-08-21 20:08:51,926 : INFO : EventManager : Event: ======'player_switches'====== Args={'value': 3, 'prev_value': 2, 'change': 1, 'player_num': 1}
2022-08-21 20:08:51,927 : INFO : EventManager : Event: ======'logicblock_galaxy_counter_updated'====== Args={'value': 3, 'enabled': True}
2022-08-21 20:08:51,927 : INFO : EventManager : Event: ======'counter_galaxy_counter_hit'====== Args={'count': 3, 'hits': 3, 'remaining': 3}
2022-08-21 20:08:51,927 : INFO : EventManager : Event: ======'logicblock_galaxy_counter_hit'====== Args={'count': 3, 'hits': 3, 'remaining': 3}
2022-08-21 20:08:51,983 : INFO : SwitchController : <<<<<<< 's_left_inlane_far' inactive >>>>>>>
2022-08-21 20:08:52,159 : INFO : SwitchController : <<<<<<< 's_left_inlane_far' active >>>>>>>
2022-08-21 20:08:52,159 : INFO : EventManager : Event: ======'playfield_active'====== Args={}
2022-08-21 20:08:52,160 : INFO : EventManager : Event: ======'playfield_active'====== Args={}
2022-08-21 20:08:52,160 : INFO : EventManager : Event: ======'playfield_active'====== Args={}
2022-08-21 20:08:52,160 : INFO : EventManager : Event: ======'playfield_active'====== Args={}
2022-08-21 20:08:52,160 : INFO : EventManager : Event: ======'s_left_inlane_far_active'====== Args={}
2022-08-21 20:08:52,160 : INFO : EventManager : Event: ======'machine_var_audits_switches_s_left_inlane_far'====== Args={'value': 4017, 'prev_value': 4016, 'change': 1}
2022-08-21 20:08:52,163 : INFO : EventManager : Event: ======'machine_var_audits_shots_galaxy_advance'====== Args={'value': 2166, 'prev_value': 2165, 'change': 1}
2022-08-21 20:08:52,164 : INFO : EventManager : Event: ======'galaxy_advance_hit'====== Args={'profile': 'default', 'state': 'lit', 'advancing': False}
2022-08-21 20:08:52,165 : INFO : EventManager : Event: ======'galaxy_advance_default_hit'====== Args={'profile': 'default', 'state': 'lit', 'advancing': False}
2022-08-21 20:08:52,165 : INFO : EventManager : Event: ======'galaxy_advance_default_lit_hit'====== Args={'profile': 'default', 'state': 'lit', 'advancing': False}
2022-08-21 20:08:52,165 : INFO : EventManager : Event: ======'galaxy_advance_lit_hit'====== Args={'profile': 'default', 'state': 'lit', 'advancing': False}
2022-08-21 20:08:52,165 : INFO : EventManager : Event: ======'player_score'====== Args={'value': 120000, 'prev_value': 90000, 'change': 30000, 'player_num': 1}
2022-08-21 20:08:52,166 : INFO : EventManager : Event: ======'player_switches'====== Args={'value': 4, 'prev_value': 3, 'change': 1, 'player_num': 1}
2022-08-21 20:08:52,167 : INFO : EventManager : Event: ======'logicblock_galaxy_counter_updated'====== Args={'value': 4, 'enabled': True}
2022-08-21 20:08:52,167 : INFO : EventManager : Event: ======'counter_galaxy_counter_hit'====== Args={'count': 4, 'hits': 4, 'remaining': 2}
2022-08-21 20:08:52,167 : INFO : EventManager : Event: ======'logicblock_galaxy_counter_hit'====== Args={'count': 4, 'hits': 4, 'remaining': 2}
2022-08-21 20:08:52,239 : INFO : SwitchController : <<<<<<< 's_left_inlane_far' inactive >>>>>>>
2022-08-21 20:08:52,447 : INFO : SwitchController : <<<<<<< 's_left_inlane_far' active >>>>>>>
2022-08-21 20:08:52,447 : INFO : EventManager : Event: ======'playfield_active'====== Args={}
2022-08-21 20:08:52,448 : INFO : EventManager : Event: ======'playfield_active'====== Args={}
2022-08-21 20:08:52,448 : INFO : EventManager : Event: ======'playfield_active'====== Args={}
2022-08-21 20:08:52,448 : INFO : EventManager : Event: ======'playfield_active'====== Args={}
2022-08-21 20:08:52,448 : INFO : EventManager : Event: ======'s_left_inlane_far_active'====== Args={}
2022-08-21 20:08:52,448 : INFO : EventManager : Event: ======'machine_var_audits_switches_s_left_inlane_far'====== Args={'value': 4018, 'prev_value': 4017, 'change': 1}
2022-08-21 20:08:52,451 : INFO : EventManager : Event: ======'machine_var_audits_shots_galaxy_advance'====== Args={'value': 2167, 'prev_value': 2166, 'change': 1}
2022-08-21 20:08:52,452 : INFO : EventManager : Event: ======'galaxy_advance_hit'====== Args={'profile': 'default', 'state': 'lit', 'advancing': False}
2022-08-21 20:08:52,453 : INFO : EventManager : Event: ======'galaxy_advance_default_hit'====== Args={'profile': 'default', 'state': 'lit', 'advancing': False}
2022-08-21 20:08:52,453 : INFO : EventManager : Event: ======'galaxy_advance_default_lit_hit'====== Args={'profile': 'default', 'state': 'lit', 'advancing': False}
2022-08-21 20:08:52,453 : INFO : EventManager : Event: ======'galaxy_advance_lit_hit'====== Args={'profile': 'default', 'state': 'lit', 'advancing': False}
2022-08-21 20:08:52,453 : INFO : EventManager : Event: ======'player_score'====== Args={'value': 150000, 'prev_value': 120000, 'change': 30000, 'player_num': 1}
2022-08-21 20:08:52,454 : INFO : EventManager : Event: ======'player_switches'====== Args={'value': 5, 'prev_value': 4, 'change': 1, 'player_num': 1}
2022-08-21 20:08:52,455 : INFO : EventManager : Event: ======'logicblock_galaxy_counter_updated'====== Args={'value': 5, 'enabled': True}
2022-08-21 20:08:52,455 : INFO : EventManager : Event: ======'counter_galaxy_counter_hit'====== Args={'count': 5, 'hits': 5, 'remaining': 1}
2022-08-21 20:08:52,455 : INFO : EventManager : Event: ======'logicblock_galaxy_counter_hit'====== Args={'count': 5, 'hits': 5, 'remaining': 1}
2022-08-21 20:08:52,511 : INFO : SwitchController : <<<<<<< 's_left_inlane_far' inactive >>>>>>>
2022-08-21 20:08:52,952 : INFO : EventManager : Event: ======'player_combos_combo_timer_tick'====== Args={'value': 5, 'prev_value': 6, 'change': -1, 'player_num': 1}
2022-08-21 20:08:52,953 : INFO : EventManager : Event: ======'timer_combo_timer_tick'====== Args={'ticks': 5, 'ticks_remaining': 5}
2022-08-21 20:08:52,975 : INFO : SwitchController : <<<<<<< 's_left_inlane_far' active >>>>>>>
2022-08-21 20:08:52,975 : INFO : EventManager : Event: ======'playfield_active'====== Args={}
2022-08-21 20:08:52,975 : INFO : EventManager : Event: ======'playfield_active'====== Args={}
2022-08-21 20:08:52,976 : INFO : EventManager : Event: ======'playfield_active'====== Args={}
2022-08-21 20:08:52,976 : INFO : EventManager : Event: ======'playfield_active'====== Args={}
2022-08-21 20:08:52,976 : INFO : EventManager : Event: ======'s_left_inlane_far_active'====== Args={}
2022-08-21 20:08:52,976 : INFO : EventManager : Event: ======'machine_var_audits_switches_s_left_inlane_far'====== Args={'value': 4019, 'prev_value': 4018, 'change': 1}
2022-08-21 20:08:52,978 : INFO : EventManager : Event: ======'machine_var_audits_shots_galaxy_advance'====== Args={'value': 2168, 'prev_value': 2167, 'change': 1}
2022-08-21 20:08:52,979 : INFO : EventManager : Event: ======'galaxy_advance_hit'====== Args={'profile': 'default', 'state': 'lit', 'advancing': False}
2022-08-21 20:08:52,980 : INFO : EventManager : Event: ======'galaxy_advance_default_hit'====== Args={'profile': 'default', 'state': 'lit', 'advancing': False}
2022-08-21 20:08:52,980 : INFO : EventManager : Event: ======'galaxy_advance_default_lit_hit'====== Args={'profile': 'default', 'state': 'lit', 'advancing': False}
2022-08-21 20:08:52,980 : INFO : EventManager : Event: ======'galaxy_advance_lit_hit'====== Args={'profile': 'default', 'state': 'lit', 'advancing': False}
2022-08-21 20:08:52,980 : INFO : EventManager : Event: ======'player_score'====== Args={'value': 180000, 'prev_value': 150000, 'change': 30000, 'player_num': 1}
2022-08-21 20:08:52,981 : INFO : EventManager : Event: ======'player_switches'====== Args={'value': 6, 'prev_value': 5, 'change': 1, 'player_num': 1}
2022-08-21 20:08:52,982 : INFO : EventManager : Event: ======'player_combos_combo_timer_tick'====== Args={'value': 6, 'prev_value': 5, 'change': 1, 'player_num': 1}
2022-08-21 20:08:52,982 : INFO : EventManager : Event: ======'logicblock_galaxy_counter_updated'====== Args={'value': 6, 'enabled': True}
2022-08-21 20:08:52,983 : INFO : EventManager : Event: ======'counter_galaxy_counter_hit'====== Args={'count': 6, 'hits': 6, 'remaining': 0}
2022-08-21 20:08:52,983 : INFO : EventManager : Event: ======'logicblock_galaxy_counter_hit'====== Args={'count': 6, 'hits': 6, 'remaining': 0}
2022-08-21 20:08:52,983 : INFO : EventManager : Event: ======'add_x'====== Args={}
2022-08-21 20:08:52,983 : INFO : EventManager : Event: ======'logicblock_galaxy_counter_updated'====== Args={'value': 0, 'enabled': True}
2022-08-21 20:08:52,983 : INFO : EventManager : Event: ======'mode_playfield_multiplier_will_start'====== Args={}
2022-08-21 20:08:52,985 : INFO : EventManager : Event: ======'mode_playfield_multiplier_starting'====== Args={}
2022-08-21 20:08:52,985 : INFO : EventManager : Event: ======'player_playfield_multiplier'====== Args={'value': 2, 'prev_value': 1, 'change': 1, 'player_num': 1}
2022-08-21 20:08:52,986 : INFO : Mode.playfield_multiplier : Started. Priority: 100000
2022-08-21 20:08:52,986 : INFO : EventManager : Event: ======'modes_active_modes_changed'====== Args={}
2022-08-21 20:08:52,986 : INFO : EventManager : Event: ======'mode_playfield_multiplier_started'====== Args={}
2022-08-21 20:08:52,987 : INFO : Timer.playfield_x_timer : Starting Timer.
2022-08-21 20:08:52,987 : INFO : EventManager : Event: ======'timer_playfield_x_timer_started'====== Args={'ticks': 75, 'ticks_remaining': 75}
2022-08-21 20:08:52,987 : INFO : EventManager : Event: ======'timer_playfield_x_timer_tick'====== Args={'ticks': 75, 'ticks_remaining': 75}
2022-08-21 20:08:52,987 : INFO : EventManager : Event: ======'player_playfield_x_timer_seconds'====== Args={'value': 75, 'prev_value': 0, 'change': 75, 'player_num': 1}
2022-08-21 20:08:53,023 : INFO : SwitchController : <<<<<<< 's_left_inlane_far' inactive >>>>>>>
2022-08-21 20:08:53,467 : INFO : EventManager : Event: ======'player_combos_combo_timer_tick'====== Args={'value': 5, 'prev_value': 6, 'change': -1, 'player_num': 1}
2022-08-21 20:08:53,468 : INFO : EventManager : Event: ======'timer_combo_timer_tick'====== Args={'ticks': 5, 'ticks_remaining': 5}
2022-08-21 20:08:53,966 : INFO : EventManager : Event: ======'player_combos_combo_timer_tick'====== Args={'value': 4, 'prev_value': 5, 'change': -1, 'player_num': 1}
2022-08-21 20:08:53,967 : INFO : EventManager : Event: ======'timer_combo_timer_tick'====== Args={'ticks': 4, 'ticks_remaining': 4}
2022-08-21 20:08:54,169 : INFO : EventManager : Event: ======'player_playfield_multiplier_playfield_x_timer_tick'====== Args={'value': 74, 'prev_value': 0, 'change': 74, 'player_num': 1}
2022-08-21 20:08:54,170 : INFO : EventManager : Event: ======'timer_playfield_x_timer_tick'====== Args={'ticks': 74, 'ticks_remaining': 74}
2022-08-21 20:08:54,171 : INFO : EventManager : Event: ======'player_playfield_x_timer_seconds'====== Args={'value': 74, 'prev_value': 75, 'change': -1, 'player_num': 1}
2022-08-21 20:08:54,465 : INFO : EventManager : Event: ======'player_combos_combo_timer_tick'====== Args={'value': 3, 'prev_value': 4, 'change': -1, 'player_num': 1}
2022-08-21 20:08:54,466 : INFO : EventManager : Event: ======'timer_combo_timer_tick'====== Args={'ticks': 3, 'ticks_remaining': 3}
2022-08-21 20:08:54,964 : INFO : EventManager : Event: ======'player_combos_combo_timer_tick'====== Args={'value': 2, 'prev_value': 3, 'change': -1, 'player_num': 1}
2022-08-21 20:08:54,965 : INFO : EventManager : Event: ======'timer_combo_timer_tick'====== Args={'ticks': 2, 'ticks_remaining': 2}
2022-08-21 20:08:55,370 : INFO : EventManager : Event: ======'player_playfield_multiplier_playfield_x_timer_tick'====== Args={'value': 73, 'prev_value': 74, 'change': -1, 'player_num': 1}
2022-08-21 20:08:55,371 : INFO : EventManager : Event: ======'timer_playfield_x_timer_tick'====== Args={'ticks': 73, 'ticks_remaining': 73}
2022-08-21 20:08:55,372 : INFO : EventManager : Event: ======'player_playfield_x_timer_seconds'====== Args={'value': 73, 'prev_value': 74, 'change': -1, 'player_num': 1}
2022-08-21 20:08:55,463 : INFO : EventManager : Event: ======'player_combos_combo_timer_tick'====== Args={'value': 1, 'prev_value': 2, 'change': -1, 'player_num': 1}
2022-08-21 20:08:55,464 : INFO : EventManager : Event: ======'timer_combo_timer_tick'====== Args={'ticks': 1, 'ticks_remaining': 1}
2022-08-21 20:08:55,963 : INFO : EventManager : Event: ======'player_combos_combo_timer_tick'====== Args={'value': 0, 'prev_value': 1, 'change': -1, 'player_num': 1}
2022-08-21 20:08:55,964 : INFO : Timer.combo_timer : Timer Complete
2022-08-21 20:08:55,964 : INFO : Timer.combo_timer : Stopping Timer
2022-08-21 20:08:55,964 : INFO : EventManager : Event: ======'timer_combo_timer_stopped'====== Args={'ticks': 0, 'ticks_remaining': 1}
2022-08-21 20:08:55,964 : INFO : EventManager : Event: ======'timer_combo_timer_complete'====== Args={'ticks': 0, 'ticks_remaining': 1}
2022-08-21 20:08:56,571 : INFO : EventManager : Event: ======'player_playfield_multiplier_playfield_x_timer_tick'====== Args={'value': 72, 'prev_value': 73, 'change': -1, 'player_num': 1}
2022-08-21 20:08:56,572 : INFO : EventManager : Event: ======'timer_playfield_x_timer_tick'====== Args={'ticks': 72, 'ticks_remaining': 72}
2022-08-21 20:08:56,573 : INFO : EventManager : Event: ======'player_playfield_x_timer_seconds'====== Args={'value': 72, 'prev_value': 73, 'change': -1, 'player_num': 1}
2022-08-21 20:08:57,772 : INFO : EventManager : Event: ======'player_playfield_multiplier_playfield_x_timer_tick'====== Args={'value': 71, 'prev_value': 72, 'change': -1, 'player_num': 1}
2022-08-21 20:08:57,773 : INFO : EventManager : Event: ======'timer_playfield_x_timer_tick'====== Args={'ticks': 71, 'ticks_remaining': 71}
2022-08-21 20:08:57,774 : INFO : EventManager : Event: ======'player_playfield_x_timer_seconds'====== Args={'value': 71, 'prev_value': 72, 'change': -1, 'player_num': 1}
2022-08-21 20:08:58,973 : INFO : EventManager : Event: ======'player_playfield_multiplier_playfield_x_timer_tick'====== Args={'value': 70, 'prev_value': 71, 'change': -1, 'player_num': 1}
2022-08-21 20:08:58,974 : INFO : EventManager : Event: ======'timer_playfield_x_timer_tick'====== Args={'ticks': 70, 'ticks_remaining': 70}
2022-08-21 20:08:58,975 : INFO : EventManager : Event: ======'player_playfield_x_timer_seconds'====== Args={'value': 70, 'prev_value': 71, 'change': -1, 'player_num': 1}
2022-08-21 20:09:00,174 : INFO : EventManager : Event: ======'player_playfield_multiplier_playfield_x_timer_tick'====== Args={'value': 69, 'prev_value': 70, 'change': -1, 'player_num': 1}
2022-08-21 20:09:00,175 : INFO : EventManager : Event: ======'timer_playfield_x_timer_tick'====== Args={'ticks': 69, 'ticks_remaining': 69}
2022-08-21 20:09:00,176 : INFO : EventManager : Event: ======'player_playfield_x_timer_seconds'====== Args={'value': 69, 'prev_value': 70, 'change': -1, 'player_num': 1}
2022-08-21 20:09:01,377 : INFO : EventManager : Event: ======'player_playfield_multiplier_playfield_x_timer_tick'====== Args={'value': 68, 'prev_value': 69, 'change': -1, 'player_num': 1}
2022-08-21 20:09:01,378 : INFO : EventManager : Event: ======'timer_playfield_x_timer_tick'====== Args={'ticks': 68, 'ticks_remaining': 68}
2022-08-21 20:09:01,379 : INFO : EventManager : Event: ======'player_playfield_x_timer_seconds'====== Args={'value': 68, 'prev_value': 69, 'change': -1, 'player_num': 1}
2022-08-21 20:09:02,578 : INFO : EventManager : Event: ======'player_playfield_multiplier_playfield_x_timer_tick'====== Args={'value': 67, 'prev_value': 68, 'change': -1, 'player_num': 1}
2022-08-21 20:09:02,579 : INFO : EventManager : Event: ======'timer_playfield_x_timer_tick'====== Args={'ticks': 67, 'ticks_remaining': 67}
2022-08-21 20:09:02,580 : INFO : EventManager : Event: ======'player_playfield_x_timer_seconds'====== Args={'value': 67, 'prev_value': 68, 'change': -1, 'player_num': 1}
2022-08-21 20:09:03,779 : INFO : EventManager : Event: ======'player_playfield_multiplier_playfield_x_timer_tick'====== Args={'value': 66, 'prev_value': 67, 'change': -1, 'player_num': 1}
2022-08-21 20:09:03,780 : INFO : EventManager : Event: ======'timer_playfield_x_timer_tick'====== Args={'ticks': 66, 'ticks_remaining': 66}
2022-08-21 20:09:03,781 : INFO : EventManager : Event: ======'player_playfield_x_timer_seconds'====== Args={'value': 66, 'prev_value': 67, 'change': -1, 'player_num': 1}
2022-08-21 20:09:04,980 : INFO : EventManager : Event: ======'player_playfield_multiplier_playfield_x_timer_tick'====== Args={'value': 65, 'prev_value': 66, 'change': -1, 'player_num': 1}
2022-08-21 20:09:04,981 : INFO : EventManager : Event: ======'timer_playfield_x_timer_tick'====== Args={'ticks': 65, 'ticks_remaining': 65}
2022-08-21 20:09:04,982 : INFO : EventManager : Event: ======'player_playfield_x_timer_seconds'====== Args={'value': 65, 'prev_value': 66, 'change': -1, 'player_num': 1}
2022-08-21 20:09:06,181 : INFO : EventManager : Event: ======'player_playfield_multiplier_playfield_x_timer_tick'====== Args={'value': 64, 'prev_value': 65, 'change': -1, 'player_num': 1}
2022-08-21 20:09:06,181 : INFO : EventManager : Event: ======'timer_playfield_x_timer_tick'====== Args={'ticks': 64, 'ticks_remaining': 64}
2022-08-21 20:09:06,183 : INFO : EventManager : Event: ======'player_playfield_x_timer_seconds'====== Args={'value': 64, 'prev_value': 65, 'change': -1, 'player_num': 1}
2022-08-21 20:09:07,028 : INFO : Machine : Shutting down...
2022-08-21 20:09:07,028 : INFO : EventManager : Event: ======'shutdown'====== Args={}
2022-08-21 20:09:07,059 : WARNING : FAST : Port NET received more messages than were sent! Resetting!
2022-08-21 20:09:07,059 : WARNING : FAST : Port RGB received more messages than were sent! Resetting!
2022-08-21 20:09:07,059 : WARNING : FAST : Received unknown serial command? BX:P from RGB.
2022-08-21 20:09:07,137 : ERROR : FAST : Stop called on serial connection com7
2022-08-21 20:09:07,137 : ERROR : FAST : Stop called on serial connection com8
2022-08-21 20:09:07,356 : INFO : root : MPF run loop ended.
