2022-08-21 18:37:52,204 : kivy : Factory: 186 symbols loaded
2022-08-21 18:37:52,344 : kivy : ImageLoaderFFPy: Using ffpyplayer 4.3.2
2022-08-21 18:37:52,344 : kivy : Image: Providers: img_tex, img_dds, img_sdl2, img_pil, img_ffpyplayer 
2022-08-21 18:37:52,385 : kivy : VideoGstplayer: Using Gstreamer 1.18.0.0
2022-08-21 18:37:52,385 : kivy : Video: Provider: gstplayer
2022-08-21 18:37:52,543 : kivy : Loading MPF-MC controller
2022-08-21 18:37:53,065 : ConfigProcessor : Config spec file cache created: C:\Users\Brendan\AppData\Local\Temp\config_spec.mpf_cache
2022-08-21 18:37:53,066 : YamlMultifileConfigLoader : Machine config file #1: config
2022-08-21 18:37:53,066 : ConfigProcessor : Config file in cache changed: C:\Baby_pacman_code\machine\config\config
2022-08-21 18:37:53,066 : ConfigProcessor : Loading config from file c:\users\brendan\appdata\local\programs\python\python37\lib\site-packages\mpfmc\mcconfig.yaml.
2022-08-21 18:37:53,118 : ConfigProcessor : Loading config: c:\users\brendan\appdata\local\programs\python\python37\lib\site-packages\mpfmc\mcconfig.yaml
2022-08-21 18:37:53,118 : ConfigProcessor : Loading config from file C:\Baby_pacman_code\machine\config\config.
2022-08-21 18:37:53,245 : ConfigProcessor : Loading config: C:\Baby_pacman_code\machine\config\config
2022-08-21 18:37:53,248 : ConfigProcessor : Config file cache created: C:\Users\Brendan\AppData\Local\Temp\e68bda1e95a8aa0185725ca2569cabab.mpf_cache
2022-08-21 18:37:53,248 : ConfigProcessor : Loading config from cache: C:\Users\Brendan\AppData\Local\Temp\467e7647689d29fad6adf949e1f4d51d.mpf_cache
2022-08-21 18:37:53,249 : ConfigProcessor : Loading config from cache: C:\Users\Brendan\AppData\Local\Temp\5550e037aa776b42b91b29b40b356c70.mpf_cache
2022-08-21 18:37:53,249 : ConfigProcessor : Loading config from cache: C:\Users\Brendan\AppData\Local\Temp\15e0c601392b30c3d9ba3ead8131edb5.mpf_cache
2022-08-21 18:37:53,250 : ConfigProcessor : Loading config from cache: C:\Users\Brendan\AppData\Local\Temp\0bf50917c4ef15ab65ee13d6c14e7d7c.mpf_cache
2022-08-21 18:37:53,250 : ConfigProcessor : Loading config from cache: C:\Users\Brendan\AppData\Local\Temp\bc7da7b13b2754e080c2afa0678ac274.mpf_cache
2022-08-21 18:37:53,251 : ConfigProcessor : Loading config from cache: C:\Users\Brendan\AppData\Local\Temp\bbd59d0bb6602ee0c5a89d6f85e6dd42.mpf_cache
2022-08-21 18:37:53,251 : ConfigProcessor : Loading config from cache: C:\Users\Brendan\AppData\Local\Temp\5526c78976fee311c3d05505d75f653d.mpf_cache
2022-08-21 18:37:53,252 : ConfigProcessor : Loading config from cache: C:\Users\Brendan\AppData\Local\Temp\6e95138ae5415fc76b53ebf8fa245fb5.mpf_cache
2022-08-21 18:37:53,253 : ConfigProcessor : Loading config from cache: C:\Users\Brendan\AppData\Local\Temp\1ec1c4dffb383758956493783a9ed391.mpf_cache
2022-08-21 18:37:53,253 : ConfigProcessor : Loading config from cache: C:\Users\Brendan\AppData\Local\Temp\f2aee92728c8017b77c710c804dd7f5a.mpf_cache
2022-08-21 18:37:53,254 : ConfigProcessor : Loading config from cache: C:\Users\Brendan\AppData\Local\Temp\88f57fa1305e9dc100972ec9f84d57fe.mpf_cache
2022-08-21 18:37:53,255 : ConfigProcessor : Loading config from cache: C:\Users\Brendan\AppData\Local\Temp\6e00a9d794d4c3f43a0fc48da04dac60.mpf_cache
2022-08-21 18:37:53,255 : ConfigProcessor : Loading config from cache: C:\Users\Brendan\AppData\Local\Temp\05ef98219fc733c3bcab58726c4b37ef.mpf_cache
2022-08-21 18:37:53,256 : ConfigProcessor : Loading config from cache: C:\Users\Brendan\AppData\Local\Temp\c22d657a5a7bb60632c2be2c735e073b.mpf_cache
2022-08-21 18:37:53,256 : ConfigProcessor : Loading config from cache: C:\Users\Brendan\AppData\Local\Temp\f7d4f5eb9425fe84d2e83a363afd4bdf.mpf_cache
2022-08-21 18:37:53,257 : ConfigProcessor : Loading config from cache: C:\Users\Brendan\AppData\Local\Temp\125f51d329f930ea7bff10973551cc26.mpf_cache
2022-08-21 18:37:53,258 : ConfigProcessor : Loading config from cache: C:\Users\Brendan\AppData\Local\Temp\08e18dfdf4e02cd29cc0cc52be2faaf4.mpf_cache
2022-08-21 18:37:53,258 : ConfigProcessor : Loading config from cache: C:\Users\Brendan\AppData\Local\Temp\f042f5bf6362b9e04d43b40b93a92057.mpf_cache
2022-08-21 18:37:53,259 : ConfigProcessor : Loading config from cache: C:\Users\Brendan\AppData\Local\Temp\60badac06cd62deb71f25fac24b103c2.mpf_cache
2022-08-21 18:37:53,259 : ConfigProcessor : Loading config from cache: C:\Users\Brendan\AppData\Local\Temp\a3ad1aeb679a0686901de8a6ffe784f0.mpf_cache
2022-08-21 18:37:53,260 : ConfigProcessor : Loading config from cache: C:\Users\Brendan\AppData\Local\Temp\d7856287e4ec48fb5adaa65e5f7b2848.mpf_cache
2022-08-21 18:37:53,260 : mpfmc : Mission Pinball Framework Media Controller v0.55.0
2022-08-21 18:37:53,260 : mpfmc : Mission Pinball Framework Game Engine v0.55.0
2022-08-21 18:37:53,260 : mpfmc : Machine path: C:\Baby_pacman_code\machine
2022-08-21 18:37:53,261 : mpfmc : Starting clock at 60.0Hz
2022-08-21 18:37:53,272 : kivy : Text: Provider: sdl2
2022-08-21 18:37:53,306 : kivy : Window: Provider: sdl2
2022-08-21 18:37:53,372 : kivy : GL: Using the "OpenGL" graphics system
2022-08-21 18:37:53,373 : kivy : GL: GLEW initialization succeeded
2022-08-21 18:37:53,373 : kivy : GL: Backend used <glew>
2022-08-21 18:37:53,373 : kivy : GL: OpenGL version <b'3.1.0 - Build 9.17.10.3517'>
2022-08-21 18:37:53,373 : kivy : GL: OpenGL vendor <b'Intel'>
2022-08-21 18:37:53,373 : kivy : GL: OpenGL renderer <b'Intel(R) HD Graphics 2000'>
2022-08-21 18:37:53,373 : kivy : GL: OpenGL parsed version: 3, 1
2022-08-21 18:37:53,373 : kivy : GL: Shading version <b'1.40 - Intel Build 9.17.10.3517'>
2022-08-21 18:37:53,373 : kivy : GL: Texture max size <8192>
2022-08-21 18:37:53,373 : kivy : GL: Texture max units <16>
2022-08-21 18:37:53,441 : kivy : Window: auto add sdl2 input provider
2022-08-21 18:37:53,441 : kivy : Window: virtual keyboard not allowed, single mode, not docked
2022-08-21 18:37:53,588 : AudioInterface : Initialized
2022-08-21 18:37:53,588 : AudioInterface : Loaded SDL 2.0.12
2022-08-21 18:37:53,588 : AudioInterface : Loaded SDL_Mixer 2.0.4
2022-08-21 18:37:53,588 : AudioInterface : Loaded GStreamer 1.18.0.0
2022-08-21 18:37:53,588 : AudioInterface : Loaded GLib 2.62.6
2022-08-21 18:37:53,588 : AudioInterface : Settings requested - rate: 44100, channels: 1, buffer: 2048 samples
2022-08-21 18:37:53,588 : AudioInterface : Settings in use - rate: 44100, channels: 1, buffer: 2048 samples (4096 bytes @ 2 bytes per sample)
2022-08-21 18:37:53,589 : SoundSystem : Setting master volume to 0.0
2022-08-21 18:37:53,589 : SoundSystem : master_volume in sound_system is deprecated and will be removed in the future.
2022-08-21 18:37:53,589 : AudioInterface : Enabling audio playback
2022-08-21 18:37:53,591 : kivy : Base: Start application main loop
2022-08-21 18:37:53,592 : EventManager : Event: ======'display_window_initialized'====== Args={}
2022-08-21 18:37:53,770 : mpfmc : Display: Setting 'window' as default display
2022-08-21 18:37:53,786 : mpfmc : ASPECT RATIO MISMATCH: The on-screen window is not the same aspect ratio as the display called 'window'. The logical display will be scaled from 1366x768 to the window size 1916x1054, and a black bar will make up the difference
2022-08-21 18:37:53,788 : EventManager : Event: ======'displays_initialized'====== Args={}
2022-08-21 18:37:53,791 : EventManager : Event: ======'slide_window_blank_created'====== Args={}
2022-08-21 18:37:53,791 : EventManager : Event: ======'display_window_ready'====== Args={}
2022-08-21 18:37:53,800 : EventManager : Event: ======'init_phase_1'====== Args={}
2022-08-21 18:37:53,805 : EventManager : Event: ======'mc_ready'====== Args={}
2022-08-21 18:37:53,805 : EventManager : Event: ======'init_phase_2'====== Args={}
2022-08-21 18:37:53,832 : EventManager : Event: ======'init_phase_3'====== Args={}
2022-08-21 18:37:53,838 : EventManager : Event: ======'init_phase_4'====== Args={}
2022-08-21 18:37:53,839 : EventManager : Event: ======'init_phase_5'====== Args={}
2022-08-21 18:37:53,896 : kivy : GL: NPOT texture support is available
2022-08-21 18:37:53,914 : kivy : GL: Unpack subimage support is available
2022-08-21 18:37:53,946 : EventManager : Event: ======'loading_assets'====== Args={'total': 27, 'loaded': 1, 'remaining': 26, 'percent': 4}
2022-08-21 18:37:53,946 : AssetManager : Loading assets: 1/27 (4%)
2022-08-21 18:37:55,151 : EventManager : Event: ======'loading_assets'====== Args={'total': 27, 'loaded': 2, 'remaining': 25, 'percent': 7}
2022-08-21 18:37:55,151 : AssetManager : Loading assets: 2/27 (7%)
2022-08-21 18:37:56,903 : EventManager : Event: ======'loading_assets'====== Args={'total': 27, 'loaded': 14, 'remaining': 13, 'percent': 52}
2022-08-21 18:37:56,903 : AssetManager : Loading assets: 14/27 (52%)
2022-08-21 18:37:57,540 : EventManager : Event: ======'loading_assets'====== Args={'total': 27, 'loaded': 27, 'remaining': 0, 'percent': 100}
2022-08-21 18:37:57,541 : AssetManager : Asset loading took: 3.952225923538208
2022-08-21 18:37:57,541 : EventManager : Event: ======'asset_loading_complete'====== Args={}
2022-08-21 18:37:57,541 : AssetManager : Loading assets: 27/27 (100%)
2022-08-21 18:37:57,541 : EventManager : Event: ======'init_done'====== Args={}
2022-08-21 18:37:57,541 : MPF-MC BCP Server : Starting up on localhost port 5050
2022-08-21 18:37:57,544 : MPF-MC BCP Server : Waiting for a connection...
2022-08-21 18:37:57,557 : EventManager : Event: ======'client_disconnected'====== Args={'host': '127.0.0.1', 'port': 5050}
2022-08-21 18:37:58,474 : MPF-MC BCP Server : Received connection from: 127.0.0.1:49498
2022-08-21 18:37:58,477 : EventManager : Event: ======'client_connected'====== Args={'host': '127.0.0.1', 'port': 49498}
2022-08-21 18:37:58,503 : EventManager : Event: ======'machine_var_fast_net_firmware'====== Args={'value': '01.05', 'prev_value': None, 'change': True}
2022-08-21 18:37:58,503 : EventManager : Event: ======'machine_var_fast_net_model'====== Args={'value': 'FP-CPU-002-2', 'prev_value': None, 'change': True}
2022-08-21 18:37:58,503 : EventManager : Event: ======'machine_var_fast_rgb_firmware'====== Args={'value': '01.00', 'prev_value': None, 'change': True}
2022-08-21 18:37:58,503 : EventManager : Event: ======'machine_var_fast_rgb_model'====== Args={'value': 'FP-CPU-002-2', 'prev_value': None, 'change': True}
2022-08-21 18:37:58,503 : EventManager : Event: ======'machine_var_credits_string'====== Args={'value': 'FREE PLAY', 'prev_value': None, 'change': True}
2022-08-21 18:37:58,504 : EventManager : Event: ======'machine_var_master_volume'====== Args={'value': 0.5, 'prev_value': None, 'change': True}
2022-08-21 18:37:58,504 : EventManager : Event: ======'machine_var_player1_score'====== Args={'value': 58540490, 'prev_value': None, 'change': True}
2022-08-21 18:37:58,504 : EventManager : Event: ======'machine_var_mpf_version'====== Args={'value': 'MPF v0.55.0', 'prev_value': None, 'change': True}
2022-08-21 18:37:58,504 : EventManager : Event: ======'machine_var_mpf_extended_version'====== Args={'value': 'MPF v0.55.0, Config version:5, Show version: 5, BCP version:1.1', 'prev_value': None, 'change': True}
2022-08-21 18:37:58,504 : EventManager : Event: ======'machine_var_python_version'====== Args={'value': '3.7.8', 'prev_value': None, 'change': True}
2022-08-21 18:37:58,504 : EventManager : Event: ======'machine_var_platform'====== Args={'value': 'Windows-7-6.1.7601-SP1', 'prev_value': None, 'change': True}
2022-08-21 18:37:58,505 : EventManager : Event: ======'machine_var_platform_system'====== Args={'value': 'Windows', 'prev_value': None, 'change': True}
2022-08-21 18:37:58,505 : EventManager : Event: ======'machine_var_platform_release'====== Args={'value': '7', 'prev_value': None, 'change': True}
2022-08-21 18:37:58,505 : EventManager : Event: ======'machine_var_platform_version'====== Args={'value': '6.1.7601', 'prev_value': None, 'change': True}
2022-08-21 18:37:58,505 : EventManager : Event: ======'machine_var_platform_machine'====== Args={'value': 'AMD64', 'prev_value': None, 'change': True}
2022-08-21 18:37:58,505 : EventManager : Event: ======'machine_var_mc_version'====== Args={'value': 'MPF-MC v0.55.0', 'prev_value': None, 'change': True}
2022-08-21 18:37:58,505 : EventManager : Event: ======'machine_var_mc_extended_version'====== Args={'value': 'MPF-MC v0.55.0 (config_version=5, BCP v1.1, Requires MPF v0.55.0-dev.49)', 'prev_value': None, 'change': True}
2022-08-21 18:37:58,505 : SoundSystem : Setting master volume to 0.5
2022-08-21 18:37:59,007 : EventManager : Event: ======'machine_var_audits_events_game_ended'====== Args={'value': 0, 'prev_value': None, 'change': True}
2022-08-21 18:37:59,007 : EventManager : Event: ======'machine_var_audits_events_game_started'====== Args={'value': 0, 'prev_value': None, 'change': True}
2022-08-21 18:37:59,007 : EventManager : Event: ======'machine_var_audits_player_score'====== Args={'value': {'average': 10318150.616438355, 'top': [198719690, 195274570, 161094530, 160419680, 140071820, 132769060, 132262360, 127113160, 121863670, 115954110], 'total': 584}, 'prev_value': None, 'change': True}
2022-08-21 18:37:59,019 : EventManager : Event: ======'machine_var_audits_shots_center_drop_mission1'====== Args={'value': 510, 'prev_value': None, 'change': True}
2022-08-21 18:37:59,019 : EventManager : Event: ======'machine_var_audits_shots_center_target'====== Args={'value': 83, 'prev_value': None, 'change': True}
2022-08-21 18:37:59,019 : EventManager : Event: ======'machine_var_audits_shots_drop_target1_mission2'====== Args={'value': 219, 'prev_value': None, 'change': True}
2022-08-21 18:37:59,019 : EventManager : Event: ======'machine_var_audits_shots_drop_target2_mission2'====== Args={'value': 253, 'prev_value': None, 'change': True}
2022-08-21 18:37:59,019 : EventManager : Event: ======'machine_var_audits_shots_drop_target3_mission2'====== Args={'value': 289, 'prev_value': None, 'change': True}
2022-08-21 18:37:59,019 : EventManager : Event: ======'machine_var_audits_shots_drop_target4_mission2'====== Args={'value': 262, 'prev_value': None, 'change': True}
2022-08-21 18:37:59,019 : EventManager : Event: ======'machine_var_audits_shots_drop_target5_mission2'====== Args={'value': 220, 'prev_value': None, 'change': True}
2022-08-21 18:37:59,020 : EventManager : Event: ======'machine_var_audits_shots_drop_targets_mission3'====== Args={'value': 1447, 'prev_value': None, 'change': True}
2022-08-21 18:37:59,020 : EventManager : Event: ======'machine_var_audits_shots_galaxy_advance'====== Args={'value': 2050, 'prev_value': None, 'change': True}
2022-08-21 18:37:59,020 : EventManager : Event: ======'machine_var_audits_shots_l_lane'====== Args={'value': 604, 'prev_value': None, 'change': True}
2022-08-21 18:37:59,020 : EventManager : Event: ======'machine_var_audits_shots_left_kicker_mission2'====== Args={'value': 156, 'prev_value': None, 'change': True}
2022-08-21 18:37:59,020 : EventManager : Event: ======'machine_var_audits_shots_left_kicker_mission4'====== Args={'value': 116, 'prev_value': None, 'change': True}
2022-08-21 18:37:59,020 : EventManager : Event: ======'machine_var_audits_shots_left_loop_mission1'====== Args={'value': 574, 'prev_value': None, 'change': True}
2022-08-21 18:37:59,020 : EventManager : Event: ======'machine_var_audits_shots_left_loop_mission2'====== Args={'value': 256, 'prev_value': None, 'change': True}
2022-08-21 18:37:59,021 : EventManager : Event: ======'machine_var_audits_shots_left_loop_mission4'====== Args={'value': 376, 'prev_value': None, 'change': True}
2022-08-21 18:37:59,021 : EventManager : Event: ======'machine_var_audits_shots_portal_advance'====== Args={'value': 4518, 'prev_value': None, 'change': True}
2022-08-21 18:37:59,021 : EventManager : Event: ======'machine_var_audits_shots_r_lane'====== Args={'value': 535, 'prev_value': None, 'change': True}
2022-08-21 18:37:59,021 : EventManager : Event: ======'machine_var_audits_shots_right_kicker_mission2'====== Args={'value': 134, 'prev_value': None, 'change': True}
2022-08-21 18:37:59,021 : EventManager : Event: ======'machine_var_audits_shots_right_kicker_mission4'====== Args={'value': 134, 'prev_value': None, 'change': True}
2022-08-21 18:37:59,021 : EventManager : Event: ======'machine_var_audits_shots_right_loop_mission1'====== Args={'value': 662, 'prev_value': None, 'change': True}
2022-08-21 18:37:59,021 : EventManager : Event: ======'machine_var_audits_shots_right_loop_mission2'====== Args={'value': 296, 'prev_value': None, 'change': True}
2022-08-21 18:37:59,022 : EventManager : Event: ======'machine_var_audits_shots_right_loop_mission4'====== Args={'value': 424, 'prev_value': None, 'change': True}
2022-08-21 18:37:59,022 : EventManager : Event: ======'machine_var_audits_shots_warp_advance'====== Args={'value': 1083, 'prev_value': None, 'change': True}
2022-08-21 18:37:59,022 : EventManager : Event: ======'machine_var_audits_switches_s_action_button'====== Args={'value': 3925, 'prev_value': None, 'change': True}
2022-08-21 18:37:59,022 : EventManager : Event: ======'machine_var_audits_switches_s_drain'====== Args={'value': 2702, 'prev_value': None, 'change': True}
2022-08-21 18:37:59,022 : EventManager : Event: ======'machine_var_audits_switches_s_drop_target1'====== Args={'value': 1818, 'prev_value': None, 'change': True}
2022-08-21 18:37:59,022 : EventManager : Event: ======'machine_var_audits_switches_s_drop_target2'====== Args={'value': 2123, 'prev_value': None, 'change': True}
2022-08-21 18:37:59,022 : EventManager : Event: ======'machine_var_audits_switches_s_drop_target3'====== Args={'value': 2528, 'prev_value': None, 'change': True}
2022-08-21 18:37:59,022 : EventManager : Event: ======'machine_var_audits_switches_s_drop_target4'====== Args={'value': 2034, 'prev_value': None, 'change': True}
2022-08-21 18:37:59,022 : EventManager : Event: ======'machine_var_audits_switches_s_drop_target5'====== Args={'value': 1919, 'prev_value': None, 'change': True}
2022-08-21 18:37:59,023 : EventManager : Event: ======'machine_var_audits_switches_s_left_captive_ball'====== Args={'value': 472, 'prev_value': None, 'change': True}
2022-08-21 18:37:59,023 : EventManager : Event: ======'machine_var_audits_switches_s_left_flipper'====== Args={'value': 34074, 'prev_value': None, 'change': True}
2022-08-21 18:37:59,023 : EventManager : Event: ======'machine_var_audits_switches_s_left_inlane'====== Args={'value': 604, 'prev_value': None, 'change': True}
2022-08-21 18:37:59,023 : EventManager : Event: ======'machine_var_audits_switches_s_left_inlane_far'====== Args={'value': 3879, 'prev_value': None, 'change': True}
2022-08-21 18:37:59,023 : EventManager : Event: ======'machine_var_audits_switches_s_left_kicker'====== Args={'value': 1518, 'prev_value': None, 'change': True}
2022-08-21 18:37:59,023 : EventManager : Event: ======'machine_var_audits_switches_s_left_sling'====== Args={'value': 6768, 'prev_value': None, 'change': True}
2022-08-21 18:37:59,023 : EventManager : Event: ======'machine_var_audits_switches_s_left_spinner'====== Args={'value': 19985, 'prev_value': None, 'change': True}
2022-08-21 18:37:59,023 : EventManager : Event: ======'machine_var_audits_switches_s_right_captive_ball'====== Args={'value': 494, 'prev_value': None, 'change': True}
2022-08-21 18:37:59,023 : EventManager : Event: ======'machine_var_audits_switches_s_right_flipper'====== Args={'value': 31544, 'prev_value': None, 'change': True}
2022-08-21 18:37:59,024 : EventManager : Event: ======'machine_var_audits_switches_s_right_inlane'====== Args={'value': 535, 'prev_value': None, 'change': True}
2022-08-21 18:37:59,024 : EventManager : Event: ======'machine_var_audits_switches_s_right_inlane_far'====== Args={'value': 6073, 'prev_value': None, 'change': True}
2022-08-21 18:37:59,031 : EventManager : Event: ======'machine_var_audits_switches_s_right_kicker'====== Args={'value': 1686, 'prev_value': None, 'change': True}
2022-08-21 18:37:59,031 : EventManager : Event: ======'machine_var_audits_switches_s_right_sling'====== Args={'value': 14073, 'prev_value': None, 'change': True}
2022-08-21 18:37:59,031 : EventManager : Event: ======'machine_var_audits_switches_s_right_spinner'====== Args={'value': 16147, 'prev_value': None, 'change': True}
2022-08-21 18:37:59,031 : EventManager : Event: ======'machine_var_audits_switches_s_start'====== Args={'value': 403, 'prev_value': None, 'change': True}
2022-08-21 18:37:59,043 : EventManager : Event: ======'mc_reset_phase_1'====== Args={}
2022-08-21 18:37:59,043 : EventManager : Event: ======'mc_reset_phase_2'====== Args={}
2022-08-21 18:37:59,043 : EventManager : Event: ======'mc_reset_phase_3'====== Args={}
2022-08-21 18:37:59,043 : EventManager : Event: ======'mc_reset_complete'====== Args={}
2022-08-21 18:37:59,055 : EventManager : Event: ======'slides_play'====== Args={'settings': {'widgets': {'widgets': [{'type': 'text', 'text': 'GAME OVER', 'font_size': 50, 'font_name': 'space_font', '_default_settings': ['type', 'text', 'font_size', 'font_name'], 'x': None, 'y': None, 'anchor_x': 'center', 'anchor_y': 'center', 'round_anchor_x': None, 'round_anchor_y': None, 'opacity': 1.0, 'z': 0, 'reset_animations_events': {}, 'color': [1.0, 1.0, 1.0, 1.0], 'style': [], 'adjust_top': 0, 'adjust_bottom': 0, 'adjust_left': 0, 'adjust_right': 0, 'expire': None, 'key': None, 'widget': None, 'events_when_added': [], 'events_when_removed': [], 'bitmap_font': False, 'font_kerning': True, 'bold': False, 'italic': False, 'number_grouping': False, 'min_digits': 0, 'halign': 'center', 'valign': 'middle', 'rotation': 0, 'scale': 1.0, 'casing': None, 'animations': None}, {'type': 'image', 'image': 'attract_background', '_default_settings': ['type', 'image'], 'x': None, 'y': None, 'anchor_x': 'center', 'anchor_y': 'center', 'round_anchor_x': None, 'round_anchor_y': None, 'opacity': 1.0, 'z': 0, 'reset_animations_events': {}, 'color': [1.0, 1.0, 1.0, 1.0], 'style': [], 'adjust_top': 0, 'adjust_bottom': 0, 'adjust_left': 0, 'adjust_right': 0, 'expire': None, 'key': None, 'widget': None, 'events_when_added': [], 'events_when_removed': [], 'fps': 10, 'loops': -1, 'auto_play': True, 'start_frame': 0, 'rotation': 0, 'scale': 1.0, 'animations': None}], 'target': None, 'background_color': [0.0, 0.0, 0.0, 1.0], 'priority': None, 'show': True, 'force': False, 'expire': None, 'slide': None, 'tokens': {}, 'action': 'play'}}, 'context': 'show_13', 'calling_context': 0, 'priority': 10, 'show_tokens': {}, 'start_time': 16015.249}
2022-08-21 18:37:59,055 : mpfmc : SlidePlayer: Play called with settings={'widgets': {'widgets': [{'type': 'text', 'text': 'GAME OVER', 'font_size': 50, 'font_name': 'space_font', '_default_settings': ['type', 'text', 'font_size', 'font_name'], 'x': None, 'y': None, 'anchor_x': 'center', 'anchor_y': 'center', 'round_anchor_x': None, 'round_anchor_y': None, 'opacity': 1.0, 'z': 0, 'reset_animations_events': {}, 'color': [1.0, 1.0, 1.0, 1.0], 'style': [], 'adjust_top': 0, 'adjust_bottom': 0, 'adjust_left': 0, 'adjust_right': 0, 'expire': None, 'key': None, 'widget': None, 'events_when_added': [], 'events_when_removed': [], 'bitmap_font': False, 'font_kerning': True, 'bold': False, 'italic': False, 'number_grouping': False, 'min_digits': 0, 'halign': 'center', 'valign': 'middle', 'rotation': 0, 'scale': 1.0, 'casing': None, 'animations': None}, {'type': 'image', 'image': 'attract_background', '_default_settings': ['type', 'image'], 'x': None, 'y': None, 'anchor_x': 'center', 'anchor_y': 'center', 'round_anchor_x': None, 'round_anchor_y': None, 'opacity': 1.0, 'z': 0, 'reset_animations_events': {}, 'color': [1.0, 1.0, 1.0, 1.0], 'style': [], 'adjust_top': 0, 'adjust_bottom': 0, 'adjust_left': 0, 'adjust_right': 0, 'expire': None, 'key': None, 'widget': None, 'events_when_added': [], 'events_when_removed': [], 'fps': 10, 'loops': -1, 'auto_play': True, 'start_frame': 0, 'rotation': 0, 'scale': 1.0, 'animations': None}], 'target': None, 'background_color': [0.0, 0.0, 0.0, 1.0], 'priority': None, 'show': True, 'force': False, 'expire': None, 'slide': None, 'tokens': {}, 'action': 'play'}}
2022-08-21 18:37:59,062 : EventManager : Event: ======'slide_show_13.slide_player-0_created'====== Args={}
2022-08-21 18:37:59,064 : EventManager : Event: ======'slide_show_13.slide_player-0_active'====== Args={}
2022-08-21 18:37:59,646 : EventManager : Event: ======'game_started'====== Args={}
2022-08-21 18:37:59,646 : EventManager : Event: ======'slides_clear'====== Args={'context': 'show_13'}
2022-08-21 18:37:59,647 : EventManager : Event: ======'slide_show_13.slide_player-0_removed'====== Args={}
2022-08-21 18:37:59,647 : EventManager : Event: ======'slide_window_blank_active'====== Args={}
2022-08-21 18:37:59,670 : EventManager : Event: ======'player_added'====== Args={'player': <Player 1>, 'num': 1}
2022-08-21 18:37:59,670 : EventManager : Event: ======'player_index'====== Args={'value': 0, 'prev_value': 0, 'change': 0, 'player_num': 1}
2022-08-21 18:37:59,670 : EventManager : Event: ======'player_number'====== Args={'value': 1, 'prev_value': 1, 'change': 0, 'player_num': 1}
2022-08-21 18:37:59,671 : EventManager : Event: ======'player_score'====== Args={'value': 0, 'prev_value': 0, 'change': 0, 'player_num': 1}
2022-08-21 18:37:59,671 : EventManager : Event: ======'player_mode_value'====== Args={'value': 1000000, 'prev_value': 0, 'change': 1000000, 'player_num': 1}
2022-08-21 18:37:59,671 : EventManager : Event: ======'player_bonus_multiplier'====== Args={'value': 1, 'prev_value': 0, 'change': 1, 'player_num': 1}
2022-08-21 18:37:59,671 : EventManager : Event: ======'player_playfield_multiplier'====== Args={'value': 1, 'prev_value': 0, 'change': 1, 'player_num': 1}
2022-08-21 18:37:59,718 : EventManager : Event: ======'player_ball'====== Args={'value': 1, 'prev_value': 0, 'change': 1, 'player_num': 1}
2022-08-21 18:37:59,718 : EventManager : Event: ======'player_turn_start'====== Args={'number': 1, 'player': <Player 1>}
2022-08-21 18:37:59,732 : EventManager : Event: ======'player_shot_l_lane_enabled'====== Args={'value': True, 'prev_value': 0, 'change': 1, 'player_num': 1}
2022-08-21 18:37:59,733 : EventManager : Event: ======'player_shot_r_lane_enabled'====== Args={'value': True, 'prev_value': 0, 'change': 1, 'player_num': 1}
2022-08-21 18:37:59,733 : EventManager : Event: ======'player_shot_center_target_enabled'====== Args={'value': True, 'prev_value': 0, 'change': 1, 'player_num': 1}
2022-08-21 18:37:59,743 : EventManager : Event: ======'player_extra_ball_two_modes_complete_num_awarded'====== Args={'value': 0, 'prev_value': 0, 'change': 0, 'player_num': 1}
2022-08-21 18:37:59,768 : EventManager : Event: ======'sounds_play'====== Args={'settings': {'default': {'action': 'stop', 'priority': 400, 'block': False, 'delay': None, 'track': None, 'volume': None, 'pan': None, 'loops': None, 'start_at': None, 'fade_in': None, 'fade_out': None, 'about_to_finish_time': -1.0, 'max_queue_time': -1.0, 'events_when_played': ['use_sound_setting'], 'events_when_stopped': ['use_sound_setting'], 'events_when_looping': ['use_sound_setting'], 'events_when_about_to_finish': ['use_sound_setting'], 'mode_end_action': 'use_sound_setting', 'key': 'use_sound_setting'}, 'shooter_waiting': {'action': 'play', 'loops': -1, 'priority': None, 'block': False, 'delay': None, 'track': None, 'volume': None, 'pan': None, 'start_at': None, 'fade_in': None, 'fade_out': None, 'about_to_finish_time': -1.0, 'max_queue_time': -1.0, 'events_when_played': ['use_sound_setting'], 'events_when_stopped': ['use_sound_setting'], 'events_when_looping': ['use_sound_setting'], 'events_when_about_to_finish': ['use_sound_setting'], 'mode_end_action': 'use_sound_setting', 'key': 'use_sound_setting'}}, 'context': '_global', 'calling_context': 'ball_started', 'priority': 0, 'player': 1, 'ball': 1, 'balls_remaining': 2, 'is_extra_ball': False}
2022-08-21 18:37:59,768 : EventManager : Event: ======'player_shot_galaxy_advance_enabled'====== Args={'value': True, 'prev_value': 0, 'change': 1, 'player_num': 1}
2022-08-21 18:37:59,780 : EventManager : Event: ======'player_shot_portal_advance_enabled'====== Args={'value': True, 'prev_value': 0, 'change': 1, 'player_num': 1}
2022-08-21 18:37:59,780 : EventManager : Event: ======'player_shot_warp_advance_enabled'====== Args={'value': True, 'prev_value': 0, 'change': 1, 'player_num': 1}
2022-08-21 18:37:59,780 : EventManager : Event: ======'slides_play'====== Args={'settings': {'score_slide': {'target': None, 'background_color': [0.0, 0.0, 0.0, 1.0], 'priority': None, 'show': True, 'force': False, 'expire': None, 'slide': None, 'tokens': {}, 'action': 'play'}}, 'context': 'base', 'calling_context': 'mode_base_started', 'priority': 100, 'player': 1, 'ball': 1, 'balls_remaining': 2, 'is_extra_ball': False}
2022-08-21 18:37:59,781 : mpfmc : SlidePlayer: Play called with settings={'score_slide': {'target': None, 'background_color': [0.0, 0.0, 0.0, 1.0], 'priority': None, 'show': True, 'force': False, 'expire': None, 'slide': None, 'tokens': {}, 'action': 'play'}}
2022-08-21 18:37:59,807 : EventManager : Event: ======'slide_score_slide_created'====== Args={}
2022-08-21 18:37:59,822 : EventManager : Event: ======'slide_score_slide_active'====== Args={}
2022-08-21 18:37:59,829 : EventManager : Event: ======'sounds_play'====== Args={'settings': {'default': {'action': 'play', 'loops': -1, 'track': 'music', 'priority': None, 'block': False, 'delay': None, 'volume': None, 'pan': None, 'start_at': None, 'fade_in': None, 'fade_out': None, 'about_to_finish_time': -1.0, 'max_queue_time': -1.0, 'events_when_played': ['use_sound_setting'], 'events_when_stopped': ['use_sound_setting'], 'events_when_looping': ['use_sound_setting'], 'events_when_about_to_finish': ['use_sound_setting'], 'mode_end_action': 'use_sound_setting', 'key': 'use_sound_setting'}, 'mode_theme': {'action': 'stop', 'priority': None, 'block': False, 'delay': None, 'track': None, 'volume': None, 'pan': None, 'loops': None, 'start_at': None, 'fade_in': None, 'fade_out': None, 'about_to_finish_time': -1.0, 'max_queue_time': -1.0, 'events_when_played': ['use_sound_setting'], 'events_when_stopped': ['use_sound_setting'], 'events_when_looping': ['use_sound_setting'], 'events_when_about_to_finish': ['use_sound_setting'], 'mode_end_action': 'use_sound_setting', 'key': 'use_sound_setting'}}, 'context': '_global', 'calling_context': 'mode_spell_portal_started', 'priority': 0, 'player': 1, 'ball': 1, 'balls_remaining': 2, 'is_extra_ball': False}
2022-08-21 18:38:00,600 : EventManager : Event: ======'machine_var_audits_switches_s_action_button'====== Args={'value': 3926, 'prev_value': 3925, 'change': 1}
2022-08-21 18:38:00,793 : EventManager : Event: ======'sounds_play'====== Args={'settings': {'shooter_waiting': {'action': 'stop', 'priority': None, 'block': False, 'delay': None, 'track': None, 'volume': None, 'pan': None, 'loops': None, 'start_at': None, 'fade_in': None, 'fade_out': None, 'about_to_finish_time': -1.0, 'max_queue_time': -1.0, 'events_when_played': ['use_sound_setting'], 'events_when_stopped': ['use_sound_setting'], 'events_when_looping': ['use_sound_setting'], 'events_when_about_to_finish': ['use_sound_setting'], 'mode_end_action': 'use_sound_setting', 'key': 'use_sound_setting'}, 'default': {'action': 'play', 'loops': -1, 'track': 'music', 'priority': None, 'block': False, 'delay': None, 'volume': None, 'pan': None, 'start_at': None, 'fade_in': None, 'fade_out': None, 'about_to_finish_time': -1.0, 'max_queue_time': -1.0, 'events_when_played': ['use_sound_setting'], 'events_when_stopped': ['use_sound_setting'], 'events_when_looping': ['use_sound_setting'], 'events_when_about_to_finish': ['use_sound_setting'], 'mode_end_action': 'use_sound_setting', 'key': 'use_sound_setting'}}, 'context': '_global', 'calling_context': 's_drain_inactive', 'priority': 0}
2022-08-21 18:38:01,297 : EventManager : Event: ======'machine_var_audits_switches_s_left_sling'====== Args={'value': 6769, 'prev_value': 6768, 'change': 1}
2022-08-21 18:38:01,297 : EventManager : Event: ======'player_score'====== Args={'value': 1110, 'prev_value': 0, 'change': 1110, 'player_num': 1}
2022-08-21 18:38:01,297 : EventManager : Event: ======'player_switches'====== Args={'value': 1, 'prev_value': 0, 'change': 1, 'player_num': 1}
2022-08-21 18:38:02,099 : EventManager : Event: ======'machine_var_audits_switches_s_left_inlane_far'====== Args={'value': 3880, 'prev_value': 3879, 'change': 1}
2022-08-21 18:38:02,099 : EventManager : Event: ======'player_shot_galaxy_advance'====== Args={'value': 1, 'prev_value': 0, 'change': 1, 'player_num': 1}
2022-08-21 18:38:02,099 : EventManager : Event: ======'machine_var_audits_shots_galaxy_advance'====== Args={'value': 2051, 'prev_value': 2050, 'change': 1}
2022-08-21 18:38:02,100 : EventManager : Event: ======'player_score'====== Args={'value': 31110, 'prev_value': 1110, 'change': 30000, 'player_num': 1}
2022-08-21 18:38:02,100 : EventManager : Event: ======'player_switches'====== Args={'value': 2, 'prev_value': 1, 'change': 1, 'player_num': 1}
2022-08-21 18:38:02,100 : EventManager : Event: ======'player_combos_combo_timer_tick'====== Args={'value': 6, 'prev_value': 0, 'change': 6, 'player_num': 1}
2022-08-21 18:38:02,404 : EventManager : Event: ======'machine_var_audits_switches_s_left_inlane_far'====== Args={'value': 3881, 'prev_value': 3880, 'change': 1}
2022-08-21 18:38:02,404 : EventManager : Event: ======'machine_var_audits_shots_galaxy_advance'====== Args={'value': 2052, 'prev_value': 2051, 'change': 1}
2022-08-21 18:38:02,404 : EventManager : Event: ======'player_score'====== Args={'value': 61110, 'prev_value': 31110, 'change': 30000, 'player_num': 1}
2022-08-21 18:38:02,404 : EventManager : Event: ======'player_switches'====== Args={'value': 3, 'prev_value': 2, 'change': 1, 'player_num': 1}
2022-08-21 18:38:02,624 : EventManager : Event: ======'machine_var_audits_switches_s_left_inlane_far'====== Args={'value': 3882, 'prev_value': 3881, 'change': 1}
2022-08-21 18:38:02,624 : EventManager : Event: ======'machine_var_audits_shots_galaxy_advance'====== Args={'value': 2053, 'prev_value': 2052, 'change': 1}
2022-08-21 18:38:02,624 : EventManager : Event: ======'player_score'====== Args={'value': 91110, 'prev_value': 61110, 'change': 30000, 'player_num': 1}
2022-08-21 18:38:02,624 : EventManager : Event: ======'player_switches'====== Args={'value': 4, 'prev_value': 3, 'change': 1, 'player_num': 1}
2022-08-21 18:38:02,719 : EventManager : Event: ======'machine_var_audits_switches_s_left_sling'====== Args={'value': 6770, 'prev_value': 6769, 'change': 1}
2022-08-21 18:38:02,719 : EventManager : Event: ======'player_score'====== Args={'value': 92220, 'prev_value': 91110, 'change': 1110, 'player_num': 1}
2022-08-21 18:38:02,719 : EventManager : Event: ======'player_switches'====== Args={'value': 5, 'prev_value': 4, 'change': 1, 'player_num': 1}
2022-08-21 18:38:02,879 : EventManager : Event: ======'machine_var_audits_switches_s_left_inlane_far'====== Args={'value': 3883, 'prev_value': 3882, 'change': 1}
2022-08-21 18:38:02,879 : EventManager : Event: ======'machine_var_audits_shots_galaxy_advance'====== Args={'value': 2054, 'prev_value': 2053, 'change': 1}
2022-08-21 18:38:02,879 : EventManager : Event: ======'player_score'====== Args={'value': 122220, 'prev_value': 92220, 'change': 30000, 'player_num': 1}
2022-08-21 18:38:02,879 : EventManager : Event: ======'player_switches'====== Args={'value': 6, 'prev_value': 5, 'change': 1, 'player_num': 1}
2022-08-21 18:38:03,104 : EventManager : Event: ======'machine_var_audits_switches_s_left_inlane_far'====== Args={'value': 3884, 'prev_value': 3883, 'change': 1}
2022-08-21 18:38:03,104 : EventManager : Event: ======'machine_var_audits_shots_galaxy_advance'====== Args={'value': 2055, 'prev_value': 2054, 'change': 1}
2022-08-21 18:38:03,104 : EventManager : Event: ======'player_score'====== Args={'value': 152220, 'prev_value': 122220, 'change': 30000, 'player_num': 1}
2022-08-21 18:38:03,104 : EventManager : Event: ======'player_switches'====== Args={'value': 7, 'prev_value': 6, 'change': 1, 'player_num': 1}
2022-08-21 18:38:03,460 : EventManager : Event: ======'machine_var_audits_switches_s_left_inlane_far'====== Args={'value': 3885, 'prev_value': 3884, 'change': 1}
2022-08-21 18:38:03,460 : EventManager : Event: ======'machine_var_audits_shots_galaxy_advance'====== Args={'value': 2056, 'prev_value': 2055, 'change': 1}
2022-08-21 18:38:03,460 : EventManager : Event: ======'player_score'====== Args={'value': 182220, 'prev_value': 152220, 'change': 30000, 'player_num': 1}
2022-08-21 18:38:03,460 : EventManager : Event: ======'player_switches'====== Args={'value': 8, 'prev_value': 7, 'change': 1, 'player_num': 1}
2022-08-21 18:38:03,461 : EventManager : Event: ======'player_playfield_multiplier'====== Args={'value': 2, 'prev_value': 1, 'change': 1, 'player_num': 1}
2022-08-21 18:38:03,958 : EventManager : Event: ======'player_combos_combo_timer_tick'====== Args={'value': 5, 'prev_value': 6, 'change': -1, 'player_num': 1}
2022-08-21 18:38:04,449 : EventManager : Event: ======'player_combos_combo_timer_tick'====== Args={'value': 4, 'prev_value': 5, 'change': -1, 'player_num': 1}
2022-08-21 18:38:04,950 : EventManager : Event: ======'player_combos_combo_timer_tick'====== Args={'value': 3, 'prev_value': 4, 'change': -1, 'player_num': 1}
2022-08-21 18:38:05,116 : EventManager : Event: ======'machine_var_audits_switches_s_left_inlane_far'====== Args={'value': 3886, 'prev_value': 3885, 'change': 1}
2022-08-21 18:38:05,116 : EventManager : Event: ======'player_combo'====== Args={'value': 1, 'prev_value': 0, 'change': 1, 'player_num': 1}
2022-08-21 18:38:05,128 : EventManager : Event: ======'player_combo_value'====== Args={'value': 25000, 'prev_value': 0, 'change': 25000, 'player_num': 1}
2022-08-21 18:38:05,128 : EventManager : Event: ======'player_score'====== Args={'value': 232220, 'prev_value': 182220, 'change': 50000, 'player_num': 1}
2022-08-21 18:38:05,128 : EventManager : Event: ======'slides_play'====== Args={'settings': {'combo_slide': {'target': None, 'background_color': [0.0, 0.0, 0.0, 1.0], 'priority': None, 'show': True, 'force': False, 'expire': None, 'slide': None, 'tokens': {}, 'action': 'play'}}, 'context': 'combos', 'calling_context': 's_left_inlane_far_active{device.timers.combo_timer.ticks==3}', 'priority': 700}
2022-08-21 18:38:05,130 : mpfmc : SlidePlayer: Play called with settings={'combo_slide': {'target': None, 'background_color': [0.0, 0.0, 0.0, 1.0], 'priority': None, 'show': True, 'force': False, 'expire': None, 'slide': None, 'tokens': {}, 'action': 'play'}}
2022-08-21 18:38:05,148 : EventManager : Event: ======'slide_combo_slide_created'====== Args={}
2022-08-21 18:38:05,159 : EventManager : Event: ======'slide_combo_slide_active'====== Args={}
2022-08-21 18:38:05,168 : EventManager : Event: ======'machine_var_audits_shots_galaxy_advance'====== Args={'value': 2057, 'prev_value': 2056, 'change': 1}
2022-08-21 18:38:05,168 : EventManager : Event: ======'player_score'====== Args={'value': 292220, 'prev_value': 232220, 'change': 60000, 'player_num': 1}
2022-08-21 18:38:05,168 : EventManager : Event: ======'player_switches'====== Args={'value': 9, 'prev_value': 8, 'change': 1, 'player_num': 1}
2022-08-21 18:38:05,168 : EventManager : Event: ======'player_combos_combo_timer_tick'====== Args={'value': 6, 'prev_value': 3, 'change': 3, 'player_num': 1}
2022-08-21 18:38:05,440 : EventManager : Event: ======'machine_var_audits_switches_s_left_inlane_far'====== Args={'value': 3887, 'prev_value': 3886, 'change': 1}
2022-08-21 18:38:05,440 : EventManager : Event: ======'machine_var_audits_shots_galaxy_advance'====== Args={'value': 2058, 'prev_value': 2057, 'change': 1}
2022-08-21 18:38:05,440 : EventManager : Event: ======'player_score'====== Args={'value': 352220, 'prev_value': 292220, 'change': 60000, 'player_num': 1}
2022-08-21 18:38:05,440 : EventManager : Event: ======'player_switches'====== Args={'value': 10, 'prev_value': 9, 'change': 1, 'player_num': 1}
2022-08-21 18:38:05,787 : EventManager : Event: ======'machine_var_audits_switches_s_left_inlane_far'====== Args={'value': 3888, 'prev_value': 3887, 'change': 1}
2022-08-21 18:38:05,787 : EventManager : Event: ======'machine_var_audits_shots_galaxy_advance'====== Args={'value': 2059, 'prev_value': 2058, 'change': 1}
2022-08-21 18:38:05,799 : EventManager : Event: ======'player_score'====== Args={'value': 412220, 'prev_value': 352220, 'change': 60000, 'player_num': 1}
2022-08-21 18:38:05,799 : EventManager : Event: ======'player_switches'====== Args={'value': 11, 'prev_value': 10, 'change': 1, 'player_num': 1}
2022-08-21 18:38:06,289 : EventManager : Event: ======'player_combos_combo_timer_tick'====== Args={'value': 5, 'prev_value': 6, 'change': -1, 'player_num': 1}
2022-08-21 18:38:06,648 : EventManager : Event: ======'machine_var_audits_switches_s_left_inlane_far'====== Args={'value': 3889, 'prev_value': 3888, 'change': 1}
2022-08-21 18:38:06,660 : EventManager : Event: ======'machine_var_audits_shots_galaxy_advance'====== Args={'value': 2060, 'prev_value': 2059, 'change': 1}
2022-08-21 18:38:06,660 : EventManager : Event: ======'player_score'====== Args={'value': 472220, 'prev_value': 412220, 'change': 60000, 'player_num': 1}
2022-08-21 18:38:06,660 : EventManager : Event: ======'player_switches'====== Args={'value': 12, 'prev_value': 11, 'change': 1, 'player_num': 1}
2022-08-21 18:38:06,660 : EventManager : Event: ======'player_combos_combo_timer_tick'====== Args={'value': 6, 'prev_value': 5, 'change': 1, 'player_num': 1}
2022-08-21 18:38:06,993 : EventManager : Event: ======'machine_var_audits_switches_s_left_inlane_far'====== Args={'value': 3890, 'prev_value': 3889, 'change': 1}
2022-08-21 18:38:06,993 : EventManager : Event: ======'machine_var_audits_shots_galaxy_advance'====== Args={'value': 2061, 'prev_value': 2060, 'change': 1}
2022-08-21 18:38:06,993 : EventManager : Event: ======'player_score'====== Args={'value': 532220, 'prev_value': 472220, 'change': 60000, 'player_num': 1}
2022-08-21 18:38:06,993 : EventManager : Event: ======'player_switches'====== Args={'value': 13, 'prev_value': 12, 'change': 1, 'player_num': 1}
2022-08-21 18:38:07,133 : EventManager : Event: ======'slide_combo_slide_removed'====== Args={}
2022-08-21 18:38:07,134 : EventManager : Event: ======'slide_score_slide_active'====== Args={}
2022-08-21 18:38:07,361 : EventManager : Event: ======'machine_var_audits_switches_s_left_inlane_far'====== Args={'value': 3891, 'prev_value': 3890, 'change': 1}
2022-08-21 18:38:07,361 : EventManager : Event: ======'machine_var_audits_shots_galaxy_advance'====== Args={'value': 2062, 'prev_value': 2061, 'change': 1}
2022-08-21 18:38:07,361 : EventManager : Event: ======'player_score'====== Args={'value': 592220, 'prev_value': 532220, 'change': 60000, 'player_num': 1}
2022-08-21 18:38:07,361 : EventManager : Event: ======'player_switches'====== Args={'value': 14, 'prev_value': 13, 'change': 1, 'player_num': 1}
2022-08-21 18:38:07,362 : EventManager : Event: ======'player_playfield_multiplier'====== Args={'value': 3, 'prev_value': 2, 'change': 1, 'player_num': 1}
2022-08-21 18:38:07,859 : EventManager : Event: ======'player_combos_combo_timer_tick'====== Args={'value': 5, 'prev_value': 6, 'change': -1, 'player_num': 1}
2022-08-21 18:38:08,347 : EventManager : Event: ======'player_combos_combo_timer_tick'====== Args={'value': 4, 'prev_value': 5, 'change': -1, 'player_num': 1}
2022-08-21 18:38:08,849 : EventManager : Event: ======'player_combos_combo_timer_tick'====== Args={'value': 3, 'prev_value': 4, 'change': -1, 'player_num': 1}
2022-08-21 18:38:09,353 : EventManager : Event: ======'player_combos_combo_timer_tick'====== Args={'value': 2, 'prev_value': 3, 'change': -1, 'player_num': 1}
2022-08-21 18:38:09,854 : EventManager : Event: ======'player_combos_combo_timer_tick'====== Args={'value': 1, 'prev_value': 2, 'change': -1, 'player_num': 1}
2022-08-21 18:38:10,202 : EventManager : Event: ======'machine_var_audits_switches_s_left_flipper'====== Args={'value': 34075, 'prev_value': 34074, 'change': 1}
2022-08-21 18:38:10,344 : EventManager : Event: ======'player_combos_combo_timer_tick'====== Args={'value': 0, 'prev_value': 1, 'change': -1, 'player_num': 1}
2022-08-21 18:38:10,538 : EventManager : Event: ======'machine_var_audits_switches_s_drop_target4'====== Args={'value': 2035, 'prev_value': 2034, 'change': 1}
2022-08-21 18:38:10,550 : EventManager : Event: ======'machine_var_audits_switches_s_drop_target3'====== Args={'value': 2529, 'prev_value': 2528, 'change': 1}
2022-08-21 18:38:10,550 : EventManager : Event: ======'player_score'====== Args={'value': 605720, 'prev_value': 592220, 'change': 13500, 'player_num': 1}
2022-08-21 18:38:10,550 : EventManager : Event: ======'player_switches'====== Args={'value': 15, 'prev_value': 14, 'change': 1, 'player_num': 1}
2022-08-21 18:38:10,550 : EventManager : Event: ======'player_shot_warp_advance'====== Args={'value': 1, 'prev_value': 0, 'change': 1, 'player_num': 1}
2022-08-21 18:38:10,551 : EventManager : Event: ======'machine_var_audits_shots_warp_advance'====== Args={'value': 1084, 'prev_value': 1083, 'change': 1}
2022-08-21 18:38:10,551 : EventManager : Event: ======'player_shot_center_target'====== Args={'value': 1, 'prev_value': 0, 'change': 1, 'player_num': 1}
2022-08-21 18:38:10,551 : EventManager : Event: ======'machine_var_audits_shots_center_target'====== Args={'value': 84, 'prev_value': 83, 'change': 1}
2022-08-21 18:38:10,551 : EventManager : Event: ======'player_score'====== Args={'value': 619220, 'prev_value': 605720, 'change': 13500, 'player_num': 1}
2022-08-21 18:38:10,551 : EventManager : Event: ======'player_switches'====== Args={'value': 16, 'prev_value': 15, 'change': 1, 'player_num': 1}
2022-08-21 18:38:10,866 : EventManager : Event: ======'machine_var_audits_switches_s_right_flipper'====== Args={'value': 31545, 'prev_value': 31544, 'change': 1}
2022-08-21 18:38:11,289 : EventManager : Event: ======'machine_var_audits_switches_s_drain'====== Args={'value': 2703, 'prev_value': 2702, 'change': 1}
2022-08-21 18:38:11,791 : EventManager : Event: ======'slides_play'====== Args={'settings': {'ball_saved_slide': {'target': None, 'background_color': [0.0, 0.0, 0.0, 1.0], 'priority': None, 'show': True, 'force': False, 'expire': None, 'slide': None, 'tokens': {}, 'action': 'play'}}, 'context': 'base', 'calling_context': 'ball_save_base_save_saving_ball', 'priority': 100, 'balls': 1, 'early_save': False}
2022-08-21 18:38:11,791 : mpfmc : SlidePlayer: Play called with settings={'ball_saved_slide': {'target': None, 'background_color': [0.0, 0.0, 0.0, 1.0], 'priority': None, 'show': True, 'force': False, 'expire': None, 'slide': None, 'tokens': {}, 'action': 'play'}}
2022-08-21 18:38:11,804 : EventManager : Event: ======'slide_ball_saved_slide_created'====== Args={}
2022-08-21 18:38:11,811 : EventManager : Event: ======'slide_ball_saved_slide_active'====== Args={}
2022-08-21 18:38:11,988 : EventManager : Event: ======'sounds_play'====== Args={'settings': {'shooter_waiting': {'action': 'stop', 'priority': None, 'block': False, 'delay': None, 'track': None, 'volume': None, 'pan': None, 'loops': None, 'start_at': None, 'fade_in': None, 'fade_out': None, 'about_to_finish_time': -1.0, 'max_queue_time': -1.0, 'events_when_played': ['use_sound_setting'], 'events_when_stopped': ['use_sound_setting'], 'events_when_looping': ['use_sound_setting'], 'events_when_about_to_finish': ['use_sound_setting'], 'mode_end_action': 'use_sound_setting', 'key': 'use_sound_setting'}, 'default': {'action': 'play', 'loops': -1, 'track': 'music', 'priority': None, 'block': False, 'delay': None, 'volume': None, 'pan': None, 'start_at': None, 'fade_in': None, 'fade_out': None, 'about_to_finish_time': -1.0, 'max_queue_time': -1.0, 'events_when_played': ['use_sound_setting'], 'events_when_stopped': ['use_sound_setting'], 'events_when_looping': ['use_sound_setting'], 'events_when_about_to_finish': ['use_sound_setting'], 'mode_end_action': 'use_sound_setting', 'key': 'use_sound_setting'}}, 'context': '_global', 'calling_context': 's_drain_inactive', 'priority': 0}
2022-08-21 18:38:12,479 : EventManager : Event: ======'machine_var_audits_switches_s_left_sling'====== Args={'value': 6771, 'prev_value': 6770, 'change': 1}
2022-08-21 18:38:12,479 : EventManager : Event: ======'player_score'====== Args={'value': 622550, 'prev_value': 619220, 'change': 3330, 'player_num': 1}
2022-08-21 18:38:12,479 : EventManager : Event: ======'player_switches'====== Args={'value': 17, 'prev_value': 16, 'change': 1, 'player_num': 1}
2022-08-21 18:38:13,197 : EventManager : Event: ======'machine_var_audits_switches_s_left_flipper'====== Args={'value': 34076, 'prev_value': 34075, 'change': 1}
2022-08-21 18:38:13,789 : EventManager : Event: ======'slide_ball_saved_slide_removed'====== Args={}
2022-08-21 18:38:13,790 : EventManager : Event: ======'slide_score_slide_active'====== Args={}
2022-08-21 18:38:16,009 : EventManager : Event: ======'machine_var_audits_switches_s_left_flipper'====== Args={'value': 34077, 'prev_value': 34076, 'change': 1}
2022-08-21 18:38:16,382 : EventManager : Event: ======'machine_var_audits_switches_s_drop_target2'====== Args={'value': 2124, 'prev_value': 2123, 'change': 1}
2022-08-21 18:38:16,382 : EventManager : Event: ======'player_score'====== Args={'value': 636050, 'prev_value': 622550, 'change': 13500, 'player_num': 1}
2022-08-21 18:38:16,382 : EventManager : Event: ======'player_switches'====== Args={'value': 18, 'prev_value': 17, 'change': 1, 'player_num': 1}
2022-08-21 18:38:19,360 : EventManager : Event: ======'machine_var_audits_switches_s_left_flipper'====== Args={'value': 34078, 'prev_value': 34077, 'change': 1}
2022-08-21 18:38:19,707 : EventManager : Event: ======'machine_var_audits_switches_s_drop_target5'====== Args={'value': 1920, 'prev_value': 1919, 'change': 1}
2022-08-21 18:38:19,707 : EventManager : Event: ======'player_score'====== Args={'value': 649550, 'prev_value': 636050, 'change': 13500, 'player_num': 1}
2022-08-21 18:38:19,707 : EventManager : Event: ======'player_switches'====== Args={'value': 19, 'prev_value': 18, 'change': 1, 'player_num': 1}
2022-08-21 18:38:19,715 : EventManager : Event: ======'player_mode_value'====== Args={'value': 1025000, 'prev_value': 1000000, 'change': 25000, 'player_num': 1}
2022-08-21 18:38:20,041 : EventManager : Event: ======'machine_var_audits_switches_s_right_flipper'====== Args={'value': 31546, 'prev_value': 31545, 'change': 1}
2022-08-21 18:38:20,480 : EventManager : Event: ======'machine_var_audits_switches_s_right_captive_ball'====== Args={'value': 495, 'prev_value': 494, 'change': 1}
2022-08-21 18:38:20,480 : EventManager : Event: ======'player_score'====== Args={'value': 665300, 'prev_value': 649550, 'change': 15750, 'player_num': 1}
2022-08-21 18:38:20,480 : EventManager : Event: ======'player_switches'====== Args={'value': 20, 'prev_value': 19, 'change': 1, 'player_num': 1}
2022-08-21 18:38:20,665 : EventManager : Event: ======'machine_var_audits_switches_s_left_flipper'====== Args={'value': 34079, 'prev_value': 34078, 'change': 1}
2022-08-21 18:38:22,215 : EventManager : Event: ======'machine_var_audits_switches_s_left_flipper'====== Args={'value': 34080, 'prev_value': 34079, 'change': 1}
2022-08-21 18:38:22,627 : EventManager : Event: ======'machine_var_audits_switches_s_drop_target1'====== Args={'value': 1819, 'prev_value': 1818, 'change': 1}
2022-08-21 18:38:22,627 : EventManager : Event: ======'player_score'====== Args={'value': 678800, 'prev_value': 665300, 'change': 13500, 'player_num': 1}
2022-08-21 18:38:22,627 : EventManager : Event: ======'player_switches'====== Args={'value': 21, 'prev_value': 20, 'change': 1, 'player_num': 1}
2022-08-21 18:38:22,628 : EventManager : Event: ======'player_mode_value'====== Args={'value': 1125000, 'prev_value': 1025000, 'change': 100000, 'player_num': 1}
2022-08-21 18:38:22,889 : EventManager : Event: ======'machine_var_audits_switches_s_left_sling'====== Args={'value': 6772, 'prev_value': 6771, 'change': 1}
2022-08-21 18:38:22,889 : EventManager : Event: ======'player_score'====== Args={'value': 682130, 'prev_value': 678800, 'change': 3330, 'player_num': 1}
2022-08-21 18:38:22,889 : EventManager : Event: ======'player_switches'====== Args={'value': 22, 'prev_value': 21, 'change': 1, 'player_num': 1}
2022-08-21 18:38:22,947 : EventManager : Event: ======'machine_var_audits_switches_s_left_flipper'====== Args={'value': 34081, 'prev_value': 34080, 'change': 1}
2022-08-21 18:38:23,502 : EventManager : Event: ======'machine_var_audits_switches_s_right_sling'====== Args={'value': 14074, 'prev_value': 14073, 'change': 1}
2022-08-21 18:38:23,502 : EventManager : Event: ======'player_score'====== Args={'value': 685460, 'prev_value': 682130, 'change': 3330, 'player_num': 1}
2022-08-21 18:38:23,502 : EventManager : Event: ======'player_switches'====== Args={'value': 23, 'prev_value': 22, 'change': 1, 'player_num': 1}
2022-08-21 18:38:24,875 : EventManager : Event: ======'machine_var_audits_switches_s_left_flipper'====== Args={'value': 34082, 'prev_value': 34081, 'change': 1}
2022-08-21 18:38:25,586 : EventManager : Event: ======'machine_var_audits_switches_s_left_flipper'====== Args={'value': 34083, 'prev_value': 34082, 'change': 1}
2022-08-21 18:38:27,148 : EventManager : Event: ======'machine_var_audits_switches_s_left_flipper'====== Args={'value': 34084, 'prev_value': 34083, 'change': 1}
2022-08-21 18:38:27,793 : EventManager : Event: ======'machine_var_audits_switches_s_right_flipper'====== Args={'value': 31547, 'prev_value': 31546, 'change': 1}
2022-08-21 18:38:28,681 : EventManager : Event: ======'machine_var_audits_switches_s_left_flipper'====== Args={'value': 34085, 'prev_value': 34084, 'change': 1}
2022-08-21 18:38:29,489 : EventManager : Event: ======'machine_var_audits_switches_s_right_flipper'====== Args={'value': 31548, 'prev_value': 31547, 'change': 1}
2022-08-21 18:38:30,895 : EventManager : Event: ======'machine_var_audits_switches_s_drain'====== Args={'value': 2704, 'prev_value': 2703, 'change': 1}
2022-08-21 18:38:31,400 : EventManager : Event: ======'player_combos_25k'====== Args={'value': 25000, 'prev_value': 0, 'change': 25000, 'player_num': 1}
2022-08-21 18:38:31,400 : EventManager : Event: ======'player_switches_100'====== Args={'value': 2300, 'prev_value': 0, 'change': 2300, 'player_num': 1}
2022-08-21 18:38:31,401 : EventManager : Event: ======'player_modes_started_100k'====== Args={'value': 0, 'prev_value': 0, 'change': 0, 'player_num': 1}
2022-08-21 18:38:31,401 : EventManager : Event: ======'player_crystals_1mil'====== Args={'value': 0, 'prev_value': 0, 'change': 0, 'player_num': 1}
2022-08-21 18:38:31,401 : EventManager : Event: ======'slides_play'====== Args={'settings': {'bonus_start_slide': {'target': None, 'background_color': [0.0, 0.0, 0.0, 1.0], 'priority': None, 'show': True, 'force': False, 'expire': None, 'slide': None, 'tokens': {}, 'action': 'play'}}, 'context': 'bonus', 'calling_context': 'mode_bonus_started', 'priority': 50000, 'queue': '<QueuedEvent>'}
2022-08-21 18:38:31,401 : mpfmc : SlidePlayer: Play called with settings={'bonus_start_slide': {'target': None, 'background_color': [0.0, 0.0, 0.0, 1.0], 'priority': None, 'show': True, 'force': False, 'expire': None, 'slide': None, 'tokens': {}, 'action': 'play'}}
2022-08-21 18:38:31,409 : EventManager : Event: ======'slide_bonus_start_slide_created'====== Args={}
2022-08-21 18:38:31,413 : EventManager : Event: ======'slide_bonus_start_slide_active'====== Args={}
2022-08-21 18:38:32,097 : kivy : Base: Leaving application in progress...
2022-08-21 18:38:32,306 : mpfmc : Stopping...
2022-08-21 18:38:32,306 : EventManager : Event: ======'shutdown'====== Args={}
2022-08-21 18:38:32,306 : AudioInterface : Disabling audio playback
2022-08-21 18:38:32,306 : mpfmc : Loop rate 72.84 Hz
2022-08-21 18:38:32,306 : kivy : MC run loop ended.
2022-08-21 18:38:32,306 : kivy : Stopping child threads... (3 remaining)
2022-08-21 18:38:32,633 : mpfmc : Stopping...
2022-08-21 18:38:32,633 : EventManager : Event: ======'shutdown'====== Args={}
2022-08-21 18:38:32,633 : mpfmc : Loop rate 72.23 Hz
2022-08-21 18:38:32,649 : MPF-MC BCP Server : Stopping BCP sending thread
2022-08-21 18:38:32,743 : kivy : All child threads stopped.
