2022-10-17 19:16:45,264 : kivy : Factory: 186 symbols loaded
2022-10-17 19:16:45,514 : kivy : ImageLoaderFFPy: Using ffpyplayer 4.3.2
2022-10-17 19:16:45,514 : kivy : Image: Providers: img_tex, img_dds, img_sdl2, img_pil, img_ffpyplayer 
2022-10-17 19:16:45,584 : kivy : VideoGstplayer: Using Gstreamer 1.18.0.0
2022-10-17 19:16:45,584 : kivy : Video: Provider: gstplayer
2022-10-17 19:16:45,794 : kivy : Loading MPF-MC controller
2022-10-17 19:16:46,321 : ConfigProcessor : Config spec file cache created: C:\Users\Brendan\AppData\Local\Temp\config_spec.mpf_cache
2022-10-17 19:16:46,321 : YamlMultifileConfigLoader : Machine config file #1: config
2022-10-17 19:16:46,322 : ConfigProcessor : Config file in cache changed: C:\Baby_pacman_code\machine\config\config
2022-10-17 19:16:46,322 : ConfigProcessor : Loading config from file c:\users\brendan\appdata\local\programs\python\python37\lib\site-packages\mpfmc\mcconfig.yaml.
2022-10-17 19:16:46,374 : ConfigProcessor : Loading config: c:\users\brendan\appdata\local\programs\python\python37\lib\site-packages\mpfmc\mcconfig.yaml
2022-10-17 19:16:46,374 : ConfigProcessor : Loading config from file C:\Baby_pacman_code\machine\config\config.
2022-10-17 19:16:46,506 : ConfigProcessor : Loading config: C:\Baby_pacman_code\machine\config\config
2022-10-17 19:16:46,509 : ConfigProcessor : Config file cache created: C:\Users\Brendan\AppData\Local\Temp\e68bda1e95a8aa0185725ca2569cabab.mpf_cache
2022-10-17 19:16:46,509 : ConfigProcessor : Loading config from cache: C:\Users\Brendan\AppData\Local\Temp\467e7647689d29fad6adf949e1f4d51d.mpf_cache
2022-10-17 19:16:46,510 : ConfigProcessor : Loading config from cache: C:\Users\Brendan\AppData\Local\Temp\5550e037aa776b42b91b29b40b356c70.mpf_cache
2022-10-17 19:16:46,511 : ConfigProcessor : Loading config from cache: C:\Users\Brendan\AppData\Local\Temp\15e0c601392b30c3d9ba3ead8131edb5.mpf_cache
2022-10-17 19:16:46,512 : ConfigProcessor : Loading config from cache: C:\Users\Brendan\AppData\Local\Temp\0bf50917c4ef15ab65ee13d6c14e7d7c.mpf_cache
2022-10-17 19:16:46,512 : ConfigProcessor : Loading config from cache: C:\Users\Brendan\AppData\Local\Temp\bc7da7b13b2754e080c2afa0678ac274.mpf_cache
2022-10-17 19:16:46,513 : ConfigProcessor : Loading config from cache: C:\Users\Brendan\AppData\Local\Temp\bbd59d0bb6602ee0c5a89d6f85e6dd42.mpf_cache
2022-10-17 19:16:46,514 : ConfigProcessor : Loading config from cache: C:\Users\Brendan\AppData\Local\Temp\5526c78976fee311c3d05505d75f653d.mpf_cache
2022-10-17 19:16:46,514 : ConfigProcessor : Loading config from cache: C:\Users\Brendan\AppData\Local\Temp\6e95138ae5415fc76b53ebf8fa245fb5.mpf_cache
2022-10-17 19:16:46,515 : ConfigProcessor : Loading config from cache: C:\Users\Brendan\AppData\Local\Temp\1ec1c4dffb383758956493783a9ed391.mpf_cache
2022-10-17 19:16:46,516 : ConfigProcessor : Loading config from cache: C:\Users\Brendan\AppData\Local\Temp\f2aee92728c8017b77c710c804dd7f5a.mpf_cache
2022-10-17 19:16:46,517 : ConfigProcessor : Loading config from cache: C:\Users\Brendan\AppData\Local\Temp\88f57fa1305e9dc100972ec9f84d57fe.mpf_cache
2022-10-17 19:16:46,518 : ConfigProcessor : Loading config from cache: C:\Users\Brendan\AppData\Local\Temp\6e00a9d794d4c3f43a0fc48da04dac60.mpf_cache
2022-10-17 19:16:46,519 : ConfigProcessor : Loading config from cache: C:\Users\Brendan\AppData\Local\Temp\05ef98219fc733c3bcab58726c4b37ef.mpf_cache
2022-10-17 19:16:46,519 : ConfigProcessor : Loading config from cache: C:\Users\Brendan\AppData\Local\Temp\c22d657a5a7bb60632c2be2c735e073b.mpf_cache
2022-10-17 19:16:46,520 : ConfigProcessor : Loading config from cache: C:\Users\Brendan\AppData\Local\Temp\f7d4f5eb9425fe84d2e83a363afd4bdf.mpf_cache
2022-10-17 19:16:46,521 : ConfigProcessor : Loading config from cache: C:\Users\Brendan\AppData\Local\Temp\125f51d329f930ea7bff10973551cc26.mpf_cache
2022-10-17 19:16:46,521 : ConfigProcessor : Loading config from cache: C:\Users\Brendan\AppData\Local\Temp\08e18dfdf4e02cd29cc0cc52be2faaf4.mpf_cache
2022-10-17 19:16:46,522 : ConfigProcessor : Loading config from cache: C:\Users\Brendan\AppData\Local\Temp\f042f5bf6362b9e04d43b40b93a92057.mpf_cache
2022-10-17 19:16:46,523 : ConfigProcessor : Loading config from cache: C:\Users\Brendan\AppData\Local\Temp\60badac06cd62deb71f25fac24b103c2.mpf_cache
2022-10-17 19:16:46,523 : ConfigProcessor : Loading config from cache: C:\Users\Brendan\AppData\Local\Temp\a3ad1aeb679a0686901de8a6ffe784f0.mpf_cache
2022-10-17 19:16:46,524 : ConfigProcessor : Loading config from cache: C:\Users\Brendan\AppData\Local\Temp\d7856287e4ec48fb5adaa65e5f7b2848.mpf_cache
2022-10-17 19:16:46,525 : ConfigProcessor : Loading config from cache: C:\Users\Brendan\AppData\Local\Temp\338dcf2127887f92988a932f243d1482.mpf_cache
2022-10-17 19:16:46,526 : ConfigProcessor : Loading config from cache: C:\Users\Brendan\AppData\Local\Temp\54860a4ece9e68c986c35affb0ed028a.mpf_cache
2022-10-17 19:16:46,526 : mpfmc : Mission Pinball Framework Media Controller v0.55.0
2022-10-17 19:16:46,526 : mpfmc : Mission Pinball Framework Game Engine v0.55.0
2022-10-17 19:16:46,526 : mpfmc : Machine path: C:\Baby_pacman_code\machine
2022-10-17 19:16:46,526 : mpfmc : Starting clock at 60.0Hz
2022-10-17 19:16:46,549 : kivy : Text: Provider: sdl2
2022-10-17 19:16:46,602 : kivy : Window: Provider: sdl2
2022-10-17 19:16:46,785 : kivy : GL: Using the "OpenGL" graphics system
2022-10-17 19:16:46,790 : kivy : GL: GLEW initialization succeeded
2022-10-17 19:16:46,791 : kivy : GL: Backend used <glew>
2022-10-17 19:16:46,791 : kivy : GL: OpenGL version <b'3.1.0 - Build 9.17.10.3517'>
2022-10-17 19:16:46,791 : kivy : GL: OpenGL vendor <b'Intel'>
2022-10-17 19:16:46,791 : kivy : GL: OpenGL renderer <b'Intel(R) HD Graphics 2000'>
2022-10-17 19:16:46,791 : kivy : GL: OpenGL parsed version: 3, 1
2022-10-17 19:16:46,792 : kivy : GL: Shading version <b'1.40 - Intel Build 9.17.10.3517'>
2022-10-17 19:16:46,792 : kivy : GL: Texture max size <8192>
2022-10-17 19:16:46,792 : kivy : GL: Texture max units <16>
2022-10-17 19:16:46,882 : kivy : Window: auto add sdl2 input provider
2022-10-17 19:16:46,883 : kivy : Window: virtual keyboard not allowed, single mode, not docked
2022-10-17 19:16:47,249 : AudioInterface : Initialized
2022-10-17 19:16:47,250 : AudioInterface : Loaded SDL 2.0.12
2022-10-17 19:16:47,250 : AudioInterface : Loaded SDL_Mixer 2.0.4
2022-10-17 19:16:47,250 : AudioInterface : Loaded GStreamer 1.18.0.0
2022-10-17 19:16:47,251 : AudioInterface : Loaded GLib 2.62.6
2022-10-17 19:16:47,251 : AudioInterface : Settings requested - rate: 44100, channels: 1, buffer: 2048 samples
2022-10-17 19:16:47,251 : AudioInterface : Settings in use - rate: 44100, channels: 1, buffer: 2048 samples (4096 bytes @ 2 bytes per sample)
2022-10-17 19:16:47,252 : SoundSystem : Setting master volume to 0.0
2022-10-17 19:16:47,252 : SoundSystem : master_volume in sound_system is deprecated and will be removed in the future.
2022-10-17 19:16:47,252 : AudioInterface : Enabling audio playback
2022-10-17 19:16:47,255 : kivy : Base: Start application main loop
2022-10-17 19:16:47,256 : EventManager : Event: ======'display_window1_initialized'====== Args={}
2022-10-17 19:16:47,384 : mpfmc : Display: Setting 'window1' as default display
2022-10-17 19:16:47,390 : mpfmc : ASPECT RATIO MISMATCH: The on-screen window is not the same aspect ratio as the display called 'window1'. The logical display will be scaled from 1366x768 to the window size 1920x1058, and a black bar will make up the difference
2022-10-17 19:16:47,391 : EventManager : Event: ======'displays_initialized'====== Args={}
2022-10-17 19:16:47,392 : EventManager : Event: ======'slide_window1_blank_created'====== Args={}
2022-10-17 19:16:47,392 : EventManager : Event: ======'display_window1_ready'====== Args={}
2022-10-17 19:16:47,419 : EventManager : Event: ======'init_phase_1'====== Args={}
2022-10-17 19:16:47,428 : EventManager : Event: ======'mc_ready'====== Args={}
2022-10-17 19:16:47,428 : EventManager : Event: ======'init_phase_2'====== Args={}
2022-10-17 19:16:47,461 : EventManager : Event: ======'init_phase_3'====== Args={}
2022-10-17 19:16:47,468 : EventManager : Event: ======'init_phase_4'====== Args={}
2022-10-17 19:16:47,469 : EventManager : Event: ======'init_phase_5'====== Args={}
2022-10-17 19:16:47,513 : kivy : GL: NPOT texture support is available
2022-10-17 19:16:47,530 : kivy : GL: Unpack subimage support is available
2022-10-17 19:16:47,561 : EventManager : Event: ======'loading_assets'====== Args={'total': 27, 'loaded': 1, 'remaining': 26, 'percent': 4}
2022-10-17 19:16:47,561 : AssetManager : Loading assets: 1/27 (4%)
2022-10-17 19:16:48,813 : EventManager : Event: ======'loading_assets'====== Args={'total': 27, 'loaded': 2, 'remaining': 25, 'percent': 7}
2022-10-17 19:16:48,814 : AssetManager : Loading assets: 2/27 (7%)
2022-10-17 19:16:50,505 : EventManager : Event: ======'loading_assets'====== Args={'total': 27, 'loaded': 14, 'remaining': 13, 'percent': 52}
2022-10-17 19:16:50,505 : AssetManager : Loading assets: 14/27 (52%)
2022-10-17 19:16:51,278 : EventManager : Event: ======'loading_assets'====== Args={'total': 27, 'loaded': 27, 'remaining': 0, 'percent': 100}
2022-10-17 19:16:51,278 : AssetManager : Asset loading took: 4.026230096817017
2022-10-17 19:16:51,278 : EventManager : Event: ======'asset_loading_complete'====== Args={}
2022-10-17 19:16:51,278 : AssetManager : Loading assets: 27/27 (100%)
2022-10-17 19:16:51,279 : EventManager : Event: ======'init_done'====== Args={}
2022-10-17 19:16:51,279 : MPF-MC BCP Server : Starting up on localhost port 5050
2022-10-17 19:16:51,282 : MPF-MC BCP Server : Waiting for a connection...
2022-10-17 19:16:51,285 : EventManager : Event: ======'client_disconnected'====== Args={'host': '127.0.0.1', 'port': 5050}
2022-10-17 19:16:51,763 : MPF-MC BCP Server : Received connection from: 127.0.0.1:49196
2022-10-17 19:16:51,766 : EventManager : Event: ======'client_connected'====== Args={'host': '127.0.0.1', 'port': 49196}
2022-10-17 19:16:51,792 : EventManager : Event: ======'machine_var_fast_net_firmware'====== Args={'value': '01.05', 'prev_value': None, 'change': True}
2022-10-17 19:16:51,792 : EventManager : Event: ======'machine_var_fast_net_model'====== Args={'value': 'FP-CPU-002-2', 'prev_value': None, 'change': True}
2022-10-17 19:16:51,792 : EventManager : Event: ======'machine_var_fast_rgb_firmware'====== Args={'value': '01.00', 'prev_value': None, 'change': True}
2022-10-17 19:16:51,792 : EventManager : Event: ======'machine_var_fast_rgb_model'====== Args={'value': 'FP-CPU-002-2', 'prev_value': None, 'change': True}
2022-10-17 19:16:51,793 : EventManager : Event: ======'machine_var_credits_string'====== Args={'value': 'FREE PLAY', 'prev_value': None, 'change': True}
2022-10-17 19:16:51,793 : EventManager : Event: ======'machine_var_master_volume'====== Args={'value': 0.5, 'prev_value': None, 'change': True}
2022-10-17 19:16:51,793 : EventManager : Event: ======'machine_var_player1_score'====== Args={'value': 1008872060, 'prev_value': None, 'change': True}
2022-10-17 19:16:51,793 : EventManager : Event: ======'machine_var_mpf_version'====== Args={'value': 'MPF v0.55.0', 'prev_value': None, 'change': True}
2022-10-17 19:16:51,793 : EventManager : Event: ======'machine_var_mpf_extended_version'====== Args={'value': 'MPF v0.55.0, Config version:5, Show version: 5, BCP version:1.1', 'prev_value': None, 'change': True}
2022-10-17 19:16:51,794 : EventManager : Event: ======'machine_var_python_version'====== Args={'value': '3.7.8', 'prev_value': None, 'change': True}
2022-10-17 19:16:51,794 : EventManager : Event: ======'machine_var_platform'====== Args={'value': 'Windows-7-6.1.7601-SP1', 'prev_value': None, 'change': True}
2022-10-17 19:16:51,795 : EventManager : Event: ======'machine_var_platform_system'====== Args={'value': 'Windows', 'prev_value': None, 'change': True}
2022-10-17 19:16:51,795 : EventManager : Event: ======'machine_var_platform_release'====== Args={'value': '7', 'prev_value': None, 'change': True}
2022-10-17 19:16:51,795 : EventManager : Event: ======'machine_var_platform_version'====== Args={'value': '6.1.7601', 'prev_value': None, 'change': True}
2022-10-17 19:16:51,795 : EventManager : Event: ======'machine_var_platform_machine'====== Args={'value': 'AMD64', 'prev_value': None, 'change': True}
2022-10-17 19:16:51,795 : EventManager : Event: ======'machine_var_mc_version'====== Args={'value': 'MPF-MC v0.55.0', 'prev_value': None, 'change': True}
2022-10-17 19:16:51,796 : EventManager : Event: ======'machine_var_mc_extended_version'====== Args={'value': 'MPF-MC v0.55.0 (config_version=5, BCP v1.1, Requires MPF v0.55.0-dev.49)', 'prev_value': None, 'change': True}
2022-10-17 19:16:51,796 : SoundSystem : Setting master volume to 0.5
2022-10-17 19:16:52,358 : EventManager : Event: ======'machine_var_audits_events_game_ended'====== Args={'value': 0, 'prev_value': None, 'change': True}
2022-10-17 19:16:52,370 : EventManager : Event: ======'machine_var_audits_events_game_started'====== Args={'value': 0, 'prev_value': None, 'change': True}
2022-10-17 19:16:52,370 : EventManager : Event: ======'machine_var_audits_player_score'====== Args={'value': {'average': 23664407.47320062, 'top': [1008872060, 826762340, 720234070, 715873710, 706004620, 670142530, 591554830, 589569650, 507595620, 502234510], 'total': 653}, 'prev_value': None, 'change': True}
2022-10-17 19:16:52,370 : EventManager : Event: ======'machine_var_audits_shots_center_drop_mission1'====== Args={'value': 685, 'prev_value': None, 'change': True}
2022-10-17 19:16:52,370 : EventManager : Event: ======'machine_var_audits_shots_center_target'====== Args={'value': 646, 'prev_value': None, 'change': True}
2022-10-17 19:16:52,370 : EventManager : Event: ======'machine_var_audits_shots_drop_target1_mission2'====== Args={'value': 287, 'prev_value': None, 'change': True}
2022-10-17 19:16:52,370 : EventManager : Event: ======'machine_var_audits_shots_drop_target2_mission2'====== Args={'value': 332, 'prev_value': None, 'change': True}
2022-10-17 19:16:52,371 : EventManager : Event: ======'machine_var_audits_shots_drop_target3_mission2'====== Args={'value': 382, 'prev_value': None, 'change': True}
2022-10-17 19:16:52,371 : EventManager : Event: ======'machine_var_audits_shots_drop_target4_mission2'====== Args={'value': 335, 'prev_value': None, 'change': True}
2022-10-17 19:16:52,371 : EventManager : Event: ======'machine_var_audits_shots_drop_target5_mission2'====== Args={'value': 295, 'prev_value': None, 'change': True}
2022-10-17 19:16:52,371 : EventManager : Event: ======'machine_var_audits_shots_drop_targets_mission3'====== Args={'value': 1972, 'prev_value': None, 'change': True}
2022-10-17 19:16:52,371 : EventManager : Event: ======'machine_var_audits_shots_galaxy_advance'====== Args={'value': 3668, 'prev_value': None, 'change': True}
2022-10-17 19:16:52,371 : EventManager : Event: ======'machine_var_audits_shots_l_lane'====== Args={'value': 800, 'prev_value': None, 'change': True}
2022-10-17 19:16:52,371 : EventManager : Event: ======'machine_var_audits_shots_left_kicker_mission2'====== Args={'value': 189, 'prev_value': None, 'change': True}
2022-10-17 19:16:52,371 : EventManager : Event: ======'machine_var_audits_shots_left_kicker_mission4'====== Args={'value': 144, 'prev_value': None, 'change': True}
2022-10-17 19:16:52,371 : EventManager : Event: ======'machine_var_audits_shots_left_loop_mission1'====== Args={'value': 782, 'prev_value': None, 'change': True}
2022-10-17 19:16:52,372 : EventManager : Event: ======'machine_var_audits_shots_left_loop_mission2'====== Args={'value': 343, 'prev_value': None, 'change': True}
2022-10-17 19:16:52,372 : EventManager : Event: ======'machine_var_audits_shots_left_loop_mission4'====== Args={'value': 469, 'prev_value': None, 'change': True}
2022-10-17 19:16:52,372 : EventManager : Event: ======'machine_var_audits_shots_portal_advance'====== Args={'value': 5789, 'prev_value': None, 'change': True}
2022-10-17 19:16:52,372 : EventManager : Event: ======'machine_var_audits_shots_r_lane'====== Args={'value': 679, 'prev_value': None, 'change': True}
2022-10-17 19:16:52,372 : EventManager : Event: ======'machine_var_audits_shots_right_kicker_mission2'====== Args={'value': 165, 'prev_value': None, 'change': True}
2022-10-17 19:16:52,372 : EventManager : Event: ======'machine_var_audits_shots_right_kicker_mission4'====== Args={'value': 166, 'prev_value': None, 'change': True}
2022-10-17 19:16:52,372 : EventManager : Event: ======'machine_var_audits_shots_right_loop_mission1'====== Args={'value': 893, 'prev_value': None, 'change': True}
2022-10-17 19:16:52,372 : EventManager : Event: ======'machine_var_audits_shots_right_loop_mission2'====== Args={'value': 393, 'prev_value': None, 'change': True}
2022-10-17 19:16:52,372 : EventManager : Event: ======'machine_var_audits_shots_right_loop_mission4'====== Args={'value': 537, 'prev_value': None, 'change': True}
2022-10-17 19:16:52,373 : EventManager : Event: ======'machine_var_audits_shots_warp_advance'====== Args={'value': 1233, 'prev_value': None, 'change': True}
2022-10-17 19:16:52,373 : EventManager : Event: ======'machine_var_audits_switches_s_action_button'====== Args={'value': 4638, 'prev_value': None, 'change': True}
2022-10-17 19:16:52,373 : EventManager : Event: ======'machine_var_audits_switches_s_drain'====== Args={'value': 3143, 'prev_value': None, 'change': True}
2022-10-17 19:16:52,373 : EventManager : Event: ======'machine_var_audits_switches_s_drop_target1'====== Args={'value': 2299, 'prev_value': None, 'change': True}
2022-10-17 19:16:52,373 : EventManager : Event: ======'machine_var_audits_switches_s_drop_target2'====== Args={'value': 2611, 'prev_value': None, 'change': True}
2022-10-17 19:16:52,373 : EventManager : Event: ======'machine_var_audits_switches_s_drop_target3'====== Args={'value': 3091, 'prev_value': None, 'change': True}
2022-10-17 19:16:52,373 : EventManager : Event: ======'machine_var_audits_switches_s_drop_target4'====== Args={'value': 2493, 'prev_value': None, 'change': True}
2022-10-17 19:16:52,373 : EventManager : Event: ======'machine_var_audits_switches_s_drop_target5'====== Args={'value': 2387, 'prev_value': None, 'change': True}
2022-10-17 19:16:52,373 : EventManager : Event: ======'machine_var_audits_switches_s_left_captive_ball'====== Args={'value': 554, 'prev_value': None, 'change': True}
2022-10-17 19:16:52,374 : EventManager : Event: ======'machine_var_audits_switches_s_left_flipper'====== Args={'value': 42939, 'prev_value': None, 'change': True}
2022-10-17 19:16:52,374 : EventManager : Event: ======'machine_var_audits_switches_s_left_inlane'====== Args={'value': 803, 'prev_value': None, 'change': True}
2022-10-17 19:16:52,374 : EventManager : Event: ======'machine_var_audits_switches_s_left_inlane_far'====== Args={'value': 5758, 'prev_value': None, 'change': True}
2022-10-17 19:16:52,374 : EventManager : Event: ======'machine_var_audits_switches_s_left_kicker'====== Args={'value': 1830, 'prev_value': None, 'change': True}
2022-10-17 19:16:52,374 : EventManager : Event: ======'machine_var_audits_switches_s_left_sling'====== Args={'value': 8317, 'prev_value': None, 'change': True}
2022-10-17 19:16:52,374 : EventManager : Event: ======'machine_var_audits_switches_s_left_spinner'====== Args={'value': 28352, 'prev_value': None, 'change': True}
2022-10-17 19:16:52,374 : EventManager : Event: ======'machine_var_audits_switches_s_right_captive_ball'====== Args={'value': 575, 'prev_value': None, 'change': True}
2022-10-17 19:16:52,374 : EventManager : Event: ======'machine_var_audits_switches_s_right_flipper'====== Args={'value': 39006, 'prev_value': None, 'change': True}
2022-10-17 19:16:52,374 : EventManager : Event: ======'machine_var_audits_switches_s_right_inlane'====== Args={'value': 679, 'prev_value': None, 'change': True}
2022-10-17 19:16:52,374 : EventManager : Event: ======'machine_var_audits_switches_s_right_inlane_far'====== Args={'value': 7843, 'prev_value': None, 'change': True}
2022-10-17 19:16:52,375 : EventManager : Event: ======'machine_var_audits_switches_s_right_kicker'====== Args={'value': 2050, 'prev_value': None, 'change': True}
2022-10-17 19:16:52,375 : EventManager : Event: ======'machine_var_audits_switches_s_right_sling'====== Args={'value': 14956, 'prev_value': None, 'change': True}
2022-10-17 19:16:52,375 : EventManager : Event: ======'machine_var_audits_switches_s_right_spinner'====== Args={'value': 21053, 'prev_value': None, 'change': True}
2022-10-17 19:16:52,375 : EventManager : Event: ======'machine_var_audits_switches_s_start'====== Args={'value': 424, 'prev_value': None, 'change': True}
2022-10-17 19:16:52,395 : EventManager : Event: ======'mc_reset_phase_1'====== Args={}
2022-10-17 19:16:52,395 : EventManager : Event: ======'mc_reset_phase_2'====== Args={}
2022-10-17 19:16:52,395 : EventManager : Event: ======'mc_reset_phase_3'====== Args={}
2022-10-17 19:16:52,395 : EventManager : Event: ======'mc_reset_complete'====== Args={}
2022-10-17 19:16:52,407 : EventManager : Event: ======'slides_play'====== Args={'settings': {'widgets': {'widgets': [{'type': 'text', 'text': 'GAME OVER', 'font_size': 50, 'font_name': 'space_font', '_default_settings': ['type', 'text', 'font_size', 'font_name'], 'x': None, 'y': None, 'anchor_x': 'center', 'anchor_y': 'center', 'round_anchor_x': None, 'round_anchor_y': None, 'opacity': 1.0, 'z': 0, 'reset_animations_events': {}, 'color': [1.0, 1.0, 1.0, 1.0], 'style': [], 'adjust_top': 0, 'adjust_bottom': 0, 'adjust_left': 0, 'adjust_right': 0, 'expire': None, 'key': None, 'widget': None, 'events_when_added': [], 'events_when_removed': [], 'bitmap_font': False, 'font_kerning': True, 'bold': False, 'italic': False, 'number_grouping': False, 'min_digits': 0, 'halign': 'center', 'valign': 'middle', 'rotation': 0, 'scale': 1.0, 'casing': None, 'animations': None}, {'type': 'image', 'image': 'attract_background', '_default_settings': ['type', 'image'], 'x': None, 'y': None, 'anchor_x': 'center', 'anchor_y': 'center', 'round_anchor_x': None, 'round_anchor_y': None, 'opacity': 1.0, 'z': 0, 'reset_animations_events': {}, 'color': [1.0, 1.0, 1.0, 1.0], 'style': [], 'adjust_top': 0, 'adjust_bottom': 0, 'adjust_left': 0, 'adjust_right': 0, 'expire': None, 'key': None, 'widget': None, 'events_when_added': [], 'events_when_removed': [], 'fps': 10, 'loops': -1, 'auto_play': True, 'start_frame': 0, 'rotation': 0, 'scale': 1.0, 'animations': None}], 'target': None, 'background_color': [0.0, 0.0, 0.0, 1.0], 'priority': None, 'show': True, 'force': False, 'expire': None, 'slide': None, 'tokens': {}, 'action': 'play'}}, 'context': 'show_3', 'calling_context': 0, 'priority': 10, 'show_tokens': {}, 'start_time': 269.616}
2022-10-17 19:16:52,407 : mpfmc : SlidePlayer: Play called with settings={'widgets': {'widgets': [{'type': 'text', 'text': 'GAME OVER', 'font_size': 50, 'font_name': 'space_font', '_default_settings': ['type', 'text', 'font_size', 'font_name'], 'x': None, 'y': None, 'anchor_x': 'center', 'anchor_y': 'center', 'round_anchor_x': None, 'round_anchor_y': None, 'opacity': 1.0, 'z': 0, 'reset_animations_events': {}, 'color': [1.0, 1.0, 1.0, 1.0], 'style': [], 'adjust_top': 0, 'adjust_bottom': 0, 'adjust_left': 0, 'adjust_right': 0, 'expire': None, 'key': None, 'widget': None, 'events_when_added': [], 'events_when_removed': [], 'bitmap_font': False, 'font_kerning': True, 'bold': False, 'italic': False, 'number_grouping': False, 'min_digits': 0, 'halign': 'center', 'valign': 'middle', 'rotation': 0, 'scale': 1.0, 'casing': None, 'animations': None}, {'type': 'image', 'image': 'attract_background', '_default_settings': ['type', 'image'], 'x': None, 'y': None, 'anchor_x': 'center', 'anchor_y': 'center', 'round_anchor_x': None, 'round_anchor_y': None, 'opacity': 1.0, 'z': 0, 'reset_animations_events': {}, 'color': [1.0, 1.0, 1.0, 1.0], 'style': [], 'adjust_top': 0, 'adjust_bottom': 0, 'adjust_left': 0, 'adjust_right': 0, 'expire': None, 'key': None, 'widget': None, 'events_when_added': [], 'events_when_removed': [], 'fps': 10, 'loops': -1, 'auto_play': True, 'start_frame': 0, 'rotation': 0, 'scale': 1.0, 'animations': None}], 'target': None, 'background_color': [0.0, 0.0, 0.0, 1.0], 'priority': None, 'show': True, 'force': False, 'expire': None, 'slide': None, 'tokens': {}, 'action': 'play'}}
2022-10-17 19:16:52,419 : EventManager : Event: ======'slide_show_3.slide_player-0_created'====== Args={}
2022-10-17 19:16:52,421 : EventManager : Event: ======'slide_show_3.slide_player-0_active'====== Args={}
2022-10-17 19:16:55,406 : EventManager : Event: ======'slides_play'====== Args={'settings': {'last_game_score_slide': {'widgets': [{'type': 'text', 'text': 'LAST GAME', 'font_size': 50, 'y': '60%', 'font_name': 'space_font', '_default_settings': ['type', 'text', 'font_size', 'y', 'font_name'], 'x': None, 'anchor_x': 'center', 'anchor_y': 'center', 'round_anchor_x': None, 'round_anchor_y': None, 'opacity': 1.0, 'z': 0, 'reset_animations_events': {}, 'color': [1.0, 1.0, 1.0, 1.0], 'style': [], 'adjust_top': 0, 'adjust_bottom': 0, 'adjust_left': 0, 'adjust_right': 0, 'expire': None, 'key': None, 'widget': None, 'events_when_added': [], 'events_when_removed': [], 'bitmap_font': False, 'font_kerning': True, 'bold': False, 'italic': False, 'number_grouping': False, 'min_digits': 0, 'halign': 'center', 'valign': 'middle', 'rotation': 0, 'scale': 1.0, 'casing': None, 'animations': None}, {'type': 'text', 'text': '(machine|player1_score)', 'number_grouping': True, 'min_digits': 2, 'font_size': 50, 'y': '40%', 'font_name': 'score_font', '_default_settings': ['type', 'text', 'number_grouping', 'min_digits', 'font_size', 'y', 'font_name'], 'x': None, 'anchor_x': 'center', 'anchor_y': 'center', 'round_anchor_x': None, 'round_anchor_y': None, 'opacity': 1.0, 'z': 0, 'reset_animations_events': {}, 'color': [1.0, 1.0, 1.0, 1.0], 'style': [], 'adjust_top': 0, 'adjust_bottom': 0, 'adjust_left': 0, 'adjust_right': 0, 'expire': None, 'key': None, 'widget': None, 'events_when_added': [], 'events_when_removed': [], 'bitmap_font': False, 'font_kerning': True, 'bold': False, 'italic': False, 'halign': 'center', 'valign': 'middle', 'rotation': 0, 'scale': 1.0, 'casing': None, 'animations': None}, {'type': 'image', 'image': 'attract_background', '_default_settings': ['type', 'image'], 'x': None, 'y': None, 'anchor_x': 'center', 'anchor_y': 'center', 'round_anchor_x': None, 'round_anchor_y': None, 'opacity': 1.0, 'z': 0, 'reset_animations_events': {}, 'color': [1.0, 1.0, 1.0, 1.0], 'style': [], 'adjust_top': 0, 'adjust_bottom': 0, 'adjust_left': 0, 'adjust_right': 0, 'expire': None, 'key': None, 'widget': None, 'events_when_added': [], 'events_when_removed': [], 'fps': 10, 'loops': -1, 'auto_play': True, 'start_frame': 0, 'rotation': 0, 'scale': 1.0, 'animations': None}], 'target': None, 'background_color': [0.0, 0.0, 0.0, 1.0], 'priority': None, 'show': True, 'force': False, 'expire': None, 'slide': None, 'tokens': {}, 'action': 'play'}}, 'context': 'show_3', 'calling_context': 1, 'priority': 10, 'show_tokens': {}, 'start_time': 272.616}
2022-10-17 19:16:55,406 : mpfmc : SlidePlayer: Play called with settings={'last_game_score_slide': {'widgets': [{'type': 'text', 'text': 'LAST GAME', 'font_size': 50, 'y': '60%', 'font_name': 'space_font', '_default_settings': ['type', 'text', 'font_size', 'y', 'font_name'], 'x': None, 'anchor_x': 'center', 'anchor_y': 'center', 'round_anchor_x': None, 'round_anchor_y': None, 'opacity': 1.0, 'z': 0, 'reset_animations_events': {}, 'color': [1.0, 1.0, 1.0, 1.0], 'style': [], 'adjust_top': 0, 'adjust_bottom': 0, 'adjust_left': 0, 'adjust_right': 0, 'expire': None, 'key': None, 'widget': None, 'events_when_added': [], 'events_when_removed': [], 'bitmap_font': False, 'font_kerning': True, 'bold': False, 'italic': False, 'number_grouping': False, 'min_digits': 0, 'halign': 'center', 'valign': 'middle', 'rotation': 0, 'scale': 1.0, 'casing': None, 'animations': None}, {'type': 'text', 'text': '(machine|player1_score)', 'number_grouping': True, 'min_digits': 2, 'font_size': 50, 'y': '40%', 'font_name': 'score_font', '_default_settings': ['type', 'text', 'number_grouping', 'min_digits', 'font_size', 'y', 'font_name'], 'x': None, 'anchor_x': 'center', 'anchor_y': 'center', 'round_anchor_x': None, 'round_anchor_y': None, 'opacity': 1.0, 'z': 0, 'reset_animations_events': {}, 'color': [1.0, 1.0, 1.0, 1.0], 'style': [], 'adjust_top': 0, 'adjust_bottom': 0, 'adjust_left': 0, 'adjust_right': 0, 'expire': None, 'key': None, 'widget': None, 'events_when_added': [], 'events_when_removed': [], 'bitmap_font': False, 'font_kerning': True, 'bold': False, 'italic': False, 'halign': 'center', 'valign': 'middle', 'rotation': 0, 'scale': 1.0, 'casing': None, 'animations': None}, {'type': 'image', 'image': 'attract_background', '_default_settings': ['type', 'image'], 'x': None, 'y': None, 'anchor_x': 'center', 'anchor_y': 'center', 'round_anchor_x': None, 'round_anchor_y': None, 'opacity': 1.0, 'z': 0, 'reset_animations_events': {}, 'color': [1.0, 1.0, 1.0, 1.0], 'style': [], 'adjust_top': 0, 'adjust_bottom': 0, 'adjust_left': 0, 'adjust_right': 0, 'expire': None, 'key': None, 'widget': None, 'events_when_added': [], 'events_when_removed': [], 'fps': 10, 'loops': -1, 'auto_play': True, 'start_frame': 0, 'rotation': 0, 'scale': 1.0, 'animations': None}], 'target': None, 'background_color': [0.0, 0.0, 0.0, 1.0], 'priority': None, 'show': True, 'force': False, 'expire': None, 'slide': None, 'tokens': {}, 'action': 'play'}}
2022-10-17 19:16:55,420 : EventManager : Event: ======'slide_last_game_score_slide_created'====== Args={}
2022-10-17 19:16:55,421 : EventManager : Unordered handler for class <Text Widget text=1,008,872,060> on event machine_var_player1_score with priority 1. Handlers: [RegisteredHandler(callback=<bound method Text._machine_var_change of <Text Widget text=1,008,872,060>>, priority=1, kwargs={}, key=UUID('8ed77d69-bb53-41f3-92b8-3dc98d5370f6'), condition=None, blocking_facility=None), RegisteredHandler(callback=<bound method Text._machine_var_change of <Text Widget text=1,008,872,060>>, priority=1, kwargs={}, key=UUID('9ac4679e-17fb-4a54-b961-ba1d57b0cd37'), condition=None, blocking_facility=None)]. The order of those handlers is not defined and they will be executed in random order. This might lead to race conditions and potential bugs.
2022-10-17 19:16:55,427 : EventManager : Event: ======'slide_last_game_score_slide_active'====== Args={}
2022-10-17 19:16:57,529 : EventManager : Event: ======'game_started'====== Args={}
2022-10-17 19:16:57,529 : EventManager : Event: ======'slides_clear'====== Args={'context': 'show_3'}
2022-10-17 19:16:57,530 : EventManager : Event: ======'slide_show_3.slide_player-0_removed'====== Args={}
2022-10-17 19:16:57,530 : EventManager : Event: ======'slide_last_game_score_slide_removed'====== Args={}
2022-10-17 19:16:57,531 : EventManager : Event: ======'slide_window1_blank_active'====== Args={}
2022-10-17 19:16:57,553 : EventManager : Event: ======'player_added'====== Args={'player': <Player 1>, 'num': 1}
2022-10-17 19:16:57,553 : EventManager : Event: ======'player_index'====== Args={'value': 0, 'prev_value': 0, 'change': 0, 'player_num': 1}
2022-10-17 19:16:57,553 : EventManager : Event: ======'player_number'====== Args={'value': 1, 'prev_value': 1, 'change': 0, 'player_num': 1}
2022-10-17 19:16:57,553 : EventManager : Event: ======'player_score'====== Args={'value': 0, 'prev_value': 0, 'change': 0, 'player_num': 1}
2022-10-17 19:16:57,554 : EventManager : Event: ======'player_mode_value'====== Args={'value': 1000000, 'prev_value': 0, 'change': 1000000, 'player_num': 1}
2022-10-17 19:16:57,554 : EventManager : Event: ======'player_bonus_multiplier'====== Args={'value': 1, 'prev_value': 0, 'change': 1, 'player_num': 1}
2022-10-17 19:16:57,554 : EventManager : Event: ======'player_playfield_multiplier'====== Args={'value': 1, 'prev_value': 0, 'change': 1, 'player_num': 1}
2022-10-17 19:16:57,589 : EventManager : Event: ======'player_ball'====== Args={'value': 1, 'prev_value': 0, 'change': 1, 'player_num': 1}
2022-10-17 19:16:57,601 : EventManager : Event: ======'player_turn_start'====== Args={'number': 1, 'player': <Player 1>}
2022-10-17 19:16:57,614 : EventManager : Event: ======'player_shot_l_lane_enabled'====== Args={'value': True, 'prev_value': 0, 'change': 1, 'player_num': 1}
2022-10-17 19:16:57,614 : EventManager : Event: ======'player_shot_r_lane_enabled'====== Args={'value': True, 'prev_value': 0, 'change': 1, 'player_num': 1}
2022-10-17 19:16:57,614 : EventManager : Event: ======'player_shot_center_target_enabled'====== Args={'value': True, 'prev_value': 0, 'change': 1, 'player_num': 1}
2022-10-17 19:16:57,614 : EventManager : Event: ======'player_extra_ball_two_modes_complete_num_awarded'====== Args={'value': 0, 'prev_value': 0, 'change': 0, 'player_num': 1}
2022-10-17 19:16:57,637 : EventManager : Event: ======'sounds_play'====== Args={'settings': {'default': {'action': 'stop', 'priority': 400, 'block': False, 'delay': None, 'track': None, 'volume': None, 'pan': None, 'loops': None, 'start_at': None, 'fade_in': None, 'fade_out': None, 'about_to_finish_time': -1.0, 'max_queue_time': -1.0, 'events_when_played': ['use_sound_setting'], 'events_when_stopped': ['use_sound_setting'], 'events_when_looping': ['use_sound_setting'], 'events_when_about_to_finish': ['use_sound_setting'], 'mode_end_action': 'use_sound_setting', 'key': 'use_sound_setting'}, 'shooter_waiting': {'action': 'play', 'loops': -1, 'priority': None, 'block': False, 'delay': None, 'track': None, 'volume': None, 'pan': None, 'start_at': None, 'fade_in': None, 'fade_out': None, 'about_to_finish_time': -1.0, 'max_queue_time': -1.0, 'events_when_played': ['use_sound_setting'], 'events_when_stopped': ['use_sound_setting'], 'events_when_looping': ['use_sound_setting'], 'events_when_about_to_finish': ['use_sound_setting'], 'mode_end_action': 'use_sound_setting', 'key': 'use_sound_setting'}}, 'context': '_global', 'calling_context': 'ball_started', 'priority': 0, 'player': 1, 'ball': 1, 'balls_remaining': 2, 'is_extra_ball': False}
2022-10-17 19:16:57,637 : EventManager : Event: ======'player_shot_warp_advance_enabled'====== Args={'value': True, 'prev_value': 0, 'change': 1, 'player_num': 1}
2022-10-17 19:16:57,637 : EventManager : Event: ======'player_shot_portal_advance_enabled'====== Args={'value': True, 'prev_value': 0, 'change': 1, 'player_num': 1}
2022-10-17 19:16:57,637 : EventManager : Event: ======'player_shot_galaxy_advance_enabled'====== Args={'value': True, 'prev_value': 0, 'change': 1, 'player_num': 1}
2022-10-17 19:16:57,637 : EventManager : Event: ======'slides_play'====== Args={'settings': {'score_slide': {'target': None, 'background_color': [0.0, 0.0, 0.0, 1.0], 'priority': None, 'show': True, 'force': False, 'expire': None, 'slide': None, 'tokens': {}, 'action': 'play'}}, 'context': 'base', 'calling_context': 'mode_base_started', 'priority': 100, 'player': 1, 'ball': 1, 'balls_remaining': 2, 'is_extra_ball': False}
2022-10-17 19:16:57,639 : mpfmc : SlidePlayer: Play called with settings={'score_slide': {'target': None, 'background_color': [0.0, 0.0, 0.0, 1.0], 'priority': None, 'show': True, 'force': False, 'expire': None, 'slide': None, 'tokens': {}, 'action': 'play'}}
2022-10-17 19:16:57,653 : EventManager : Event: ======'slide_score_slide_created'====== Args={}
2022-10-17 19:16:57,662 : EventManager : Event: ======'slide_score_slide_active'====== Args={}
2022-10-17 19:16:57,669 : EventManager : Event: ======'sounds_play'====== Args={'settings': {'default': {'action': 'play', 'loops': -1, 'track': 'music', 'priority': None, 'block': False, 'delay': None, 'volume': None, 'pan': None, 'start_at': None, 'fade_in': None, 'fade_out': None, 'about_to_finish_time': -1.0, 'max_queue_time': -1.0, 'events_when_played': ['use_sound_setting'], 'events_when_stopped': ['use_sound_setting'], 'events_when_looping': ['use_sound_setting'], 'events_when_about_to_finish': ['use_sound_setting'], 'mode_end_action': 'use_sound_setting', 'key': 'use_sound_setting'}, 'mode_theme': {'action': 'stop', 'priority': None, 'block': False, 'delay': None, 'track': None, 'volume': None, 'pan': None, 'loops': None, 'start_at': None, 'fade_in': None, 'fade_out': None, 'about_to_finish_time': -1.0, 'max_queue_time': -1.0, 'events_when_played': ['use_sound_setting'], 'events_when_stopped': ['use_sound_setting'], 'events_when_looping': ['use_sound_setting'], 'events_when_about_to_finish': ['use_sound_setting'], 'mode_end_action': 'use_sound_setting', 'key': 'use_sound_setting'}}, 'context': '_global', 'calling_context': 'mode_spell_portal_started', 'priority': 0, 'player': 1, 'ball': 1, 'balls_remaining': 2, 'is_extra_ball': False}
2022-10-17 19:16:59,827 : EventManager : Event: ======'sounds_play'====== Args={'settings': {'shooter_waiting': {'action': 'stop', 'priority': None, 'block': False, 'delay': None, 'track': None, 'volume': None, 'pan': None, 'loops': None, 'start_at': None, 'fade_in': None, 'fade_out': None, 'about_to_finish_time': -1.0, 'max_queue_time': -1.0, 'events_when_played': ['use_sound_setting'], 'events_when_stopped': ['use_sound_setting'], 'events_when_looping': ['use_sound_setting'], 'events_when_about_to_finish': ['use_sound_setting'], 'mode_end_action': 'use_sound_setting', 'key': 'use_sound_setting'}, 'default': {'action': 'play', 'loops': -1, 'track': 'music', 'priority': None, 'block': False, 'delay': None, 'volume': None, 'pan': None, 'start_at': None, 'fade_in': None, 'fade_out': None, 'about_to_finish_time': -1.0, 'max_queue_time': -1.0, 'events_when_played': ['use_sound_setting'], 'events_when_stopped': ['use_sound_setting'], 'events_when_looping': ['use_sound_setting'], 'events_when_about_to_finish': ['use_sound_setting'], 'mode_end_action': 'use_sound_setting', 'key': 'use_sound_setting'}}, 'context': '_global', 'calling_context': 's_drain_inactive', 'priority': 0}
2022-10-17 19:17:49,782 : kivy : Base: Leaving application in progress...
2022-10-17 19:17:50,046 : mpfmc : Stopping...
2022-10-17 19:17:50,046 : EventManager : Event: ======'shutdown'====== Args={}
2022-10-17 19:17:50,046 : AudioInterface : Disabling audio playback
2022-10-17 19:17:50,046 : mpfmc : Loop rate 74.53 Hz
2022-10-17 19:17:50,046 : kivy : MC run loop ended.
2022-10-17 19:17:50,046 : kivy : Stopping child threads... (3 remaining)
2022-10-17 19:17:50,820 : mpfmc : Stopping...
2022-10-17 19:17:50,820 : EventManager : Event: ======'shutdown'====== Args={}
2022-10-17 19:17:50,820 : mpfmc : Loop rate 73.63 Hz
2022-10-17 19:17:51,039 : MPF-MC BCP Server : Stopping BCP sending thread
2022-10-17 19:17:51,132 : kivy : All child threads stopped.
