2022-08-21 19:33:17,607 : kivy : Factory: 186 symbols loaded
2022-08-21 19:33:17,748 : kivy : ImageLoaderFFPy: Using ffpyplayer 4.3.2
2022-08-21 19:33:17,748 : kivy : Image: Providers: img_tex, img_dds, img_sdl2, img_pil, img_ffpyplayer 
2022-08-21 19:33:17,794 : kivy : VideoGstplayer: Using Gstreamer 1.18.0.0
2022-08-21 19:33:17,795 : kivy : Video: Provider: gstplayer
2022-08-21 19:33:17,960 : kivy : Loading MPF-MC controller
2022-08-21 19:33:18,498 : ConfigProcessor : Config spec file cache created: C:\Users\Brendan\AppData\Local\Temp\config_spec.mpf_cache
2022-08-21 19:33:18,498 : YamlMultifileConfigLoader : Machine config file #1: config
2022-08-21 19:33:18,499 : ConfigProcessor : Config file in cache changed: C:\Baby_pacman_code\machine\config\config
2022-08-21 19:33:18,499 : ConfigProcessor : Loading config from file c:\users\brendan\appdata\local\programs\python\python37\lib\site-packages\mpfmc\mcconfig.yaml.
2022-08-21 19:33:18,549 : ConfigProcessor : Loading config: c:\users\brendan\appdata\local\programs\python\python37\lib\site-packages\mpfmc\mcconfig.yaml
2022-08-21 19:33:18,550 : ConfigProcessor : Loading config from file C:\Baby_pacman_code\machine\config\config.
2022-08-21 19:33:18,677 : ConfigProcessor : Loading config: C:\Baby_pacman_code\machine\config\config
2022-08-21 19:33:18,680 : ConfigProcessor : Config file cache created: C:\Users\Brendan\AppData\Local\Temp\e68bda1e95a8aa0185725ca2569cabab.mpf_cache
2022-08-21 19:33:18,680 : ConfigProcessor : Loading config from cache: C:\Users\Brendan\AppData\Local\Temp\467e7647689d29fad6adf949e1f4d51d.mpf_cache
2022-08-21 19:33:18,681 : ConfigProcessor : Loading config from cache: C:\Users\Brendan\AppData\Local\Temp\5550e037aa776b42b91b29b40b356c70.mpf_cache
2022-08-21 19:33:18,681 : ConfigProcessor : Loading config from cache: C:\Users\Brendan\AppData\Local\Temp\15e0c601392b30c3d9ba3ead8131edb5.mpf_cache
2022-08-21 19:33:18,682 : ConfigProcessor : Loading config from cache: C:\Users\Brendan\AppData\Local\Temp\0bf50917c4ef15ab65ee13d6c14e7d7c.mpf_cache
2022-08-21 19:33:18,682 : ConfigProcessor : Loading config from cache: C:\Users\Brendan\AppData\Local\Temp\bc7da7b13b2754e080c2afa0678ac274.mpf_cache
2022-08-21 19:33:18,683 : ConfigProcessor : Loading config from cache: C:\Users\Brendan\AppData\Local\Temp\bbd59d0bb6602ee0c5a89d6f85e6dd42.mpf_cache
2022-08-21 19:33:18,684 : ConfigProcessor : Loading config from cache: C:\Users\Brendan\AppData\Local\Temp\5526c78976fee311c3d05505d75f653d.mpf_cache
2022-08-21 19:33:18,684 : ConfigProcessor : Loading config from cache: C:\Users\Brendan\AppData\Local\Temp\6e95138ae5415fc76b53ebf8fa245fb5.mpf_cache
2022-08-21 19:33:18,685 : ConfigProcessor : Loading config from cache: C:\Users\Brendan\AppData\Local\Temp\1ec1c4dffb383758956493783a9ed391.mpf_cache
2022-08-21 19:33:18,685 : ConfigProcessor : Loading config from cache: C:\Users\Brendan\AppData\Local\Temp\f2aee92728c8017b77c710c804dd7f5a.mpf_cache
2022-08-21 19:33:18,686 : ConfigProcessor : Loading config from cache: C:\Users\Brendan\AppData\Local\Temp\88f57fa1305e9dc100972ec9f84d57fe.mpf_cache
2022-08-21 19:33:18,687 : ConfigProcessor : Loading config from cache: C:\Users\Brendan\AppData\Local\Temp\6e00a9d794d4c3f43a0fc48da04dac60.mpf_cache
2022-08-21 19:33:18,687 : ConfigProcessor : Loading config from cache: C:\Users\Brendan\AppData\Local\Temp\05ef98219fc733c3bcab58726c4b37ef.mpf_cache
2022-08-21 19:33:18,688 : ConfigProcessor : Loading config from cache: C:\Users\Brendan\AppData\Local\Temp\c22d657a5a7bb60632c2be2c735e073b.mpf_cache
2022-08-21 19:33:18,689 : ConfigProcessor : Loading config from cache: C:\Users\Brendan\AppData\Local\Temp\f7d4f5eb9425fe84d2e83a363afd4bdf.mpf_cache
2022-08-21 19:33:18,690 : ConfigProcessor : Loading config from cache: C:\Users\Brendan\AppData\Local\Temp\125f51d329f930ea7bff10973551cc26.mpf_cache
2022-08-21 19:33:18,690 : ConfigProcessor : Loading config from cache: C:\Users\Brendan\AppData\Local\Temp\08e18dfdf4e02cd29cc0cc52be2faaf4.mpf_cache
2022-08-21 19:33:18,691 : ConfigProcessor : Loading config from cache: C:\Users\Brendan\AppData\Local\Temp\f042f5bf6362b9e04d43b40b93a92057.mpf_cache
2022-08-21 19:33:18,691 : ConfigProcessor : Loading config from cache: C:\Users\Brendan\AppData\Local\Temp\60badac06cd62deb71f25fac24b103c2.mpf_cache
2022-08-21 19:33:18,692 : ConfigProcessor : Loading config from cache: C:\Users\Brendan\AppData\Local\Temp\a3ad1aeb679a0686901de8a6ffe784f0.mpf_cache
2022-08-21 19:33:18,692 : ConfigProcessor : Loading config from cache: C:\Users\Brendan\AppData\Local\Temp\d7856287e4ec48fb5adaa65e5f7b2848.mpf_cache
2022-08-21 19:33:18,693 : mpfmc : Mission Pinball Framework Media Controller v0.55.0
2022-08-21 19:33:18,693 : mpfmc : Mission Pinball Framework Game Engine v0.55.0
2022-08-21 19:33:18,693 : mpfmc : Machine path: C:\Baby_pacman_code\machine
2022-08-21 19:33:18,693 : mpfmc : Starting clock at 60.0Hz
2022-08-21 19:33:18,705 : kivy : Text: Provider: sdl2
2022-08-21 19:33:18,738 : kivy : Window: Provider: sdl2
2022-08-21 19:33:18,805 : kivy : GL: Using the "OpenGL" graphics system
2022-08-21 19:33:18,806 : kivy : GL: GLEW initialization succeeded
2022-08-21 19:33:18,806 : kivy : GL: Backend used <glew>
2022-08-21 19:33:18,806 : kivy : GL: OpenGL version <b'3.1.0 - Build 9.17.10.3517'>
2022-08-21 19:33:18,806 : kivy : GL: OpenGL vendor <b'Intel'>
2022-08-21 19:33:18,806 : kivy : GL: OpenGL renderer <b'Intel(R) HD Graphics 2000'>
2022-08-21 19:33:18,806 : kivy : GL: OpenGL parsed version: 3, 1
2022-08-21 19:33:18,806 : kivy : GL: Shading version <b'1.40 - Intel Build 9.17.10.3517'>
2022-08-21 19:33:18,807 : kivy : GL: Texture max size <8192>
2022-08-21 19:33:18,807 : kivy : GL: Texture max units <16>
2022-08-21 19:33:18,875 : kivy : Window: auto add sdl2 input provider
2022-08-21 19:33:18,876 : kivy : Window: virtual keyboard not allowed, single mode, not docked
2022-08-21 19:33:19,048 : AudioInterface : Initialized
2022-08-21 19:33:19,048 : AudioInterface : Loaded SDL 2.0.12
2022-08-21 19:33:19,048 : AudioInterface : Loaded SDL_Mixer 2.0.4
2022-08-21 19:33:19,048 : AudioInterface : Loaded GStreamer 1.18.0.0
2022-08-21 19:33:19,048 : AudioInterface : Loaded GLib 2.62.6
2022-08-21 19:33:19,049 : AudioInterface : Settings requested - rate: 44100, channels: 1, buffer: 2048 samples
2022-08-21 19:33:19,049 : AudioInterface : Settings in use - rate: 44100, channels: 1, buffer: 2048 samples (4096 bytes @ 2 bytes per sample)
2022-08-21 19:33:19,049 : SoundSystem : Setting master volume to 0.0
2022-08-21 19:33:19,049 : SoundSystem : master_volume in sound_system is deprecated and will be removed in the future.
2022-08-21 19:33:19,049 : AudioInterface : Enabling audio playback
2022-08-21 19:33:19,051 : kivy : Base: Start application main loop
2022-08-21 19:33:19,052 : EventManager : Event: ======'display_window_initialized'====== Args={}
2022-08-21 19:33:19,081 : mpfmc : Display: Setting 'window' as default display
2022-08-21 19:33:19,087 : mpfmc : ASPECT RATIO MISMATCH: The on-screen window is not the same aspect ratio as the display called 'window'. The logical display will be scaled from 1366x768 to the window size 1916x1054, and a black bar will make up the difference
2022-08-21 19:33:19,088 : EventManager : Event: ======'displays_initialized'====== Args={}
2022-08-21 19:33:19,089 : EventManager : Event: ======'slide_window_blank_created'====== Args={}
2022-08-21 19:33:19,090 : EventManager : Event: ======'display_window_ready'====== Args={}
2022-08-21 19:33:19,097 : EventManager : Event: ======'init_phase_1'====== Args={}
2022-08-21 19:33:19,104 : EventManager : Event: ======'mc_ready'====== Args={}
2022-08-21 19:33:19,106 : EventManager : Event: ======'init_phase_2'====== Args={}
2022-08-21 19:33:19,139 : EventManager : Event: ======'init_phase_3'====== Args={}
2022-08-21 19:33:19,145 : EventManager : Event: ======'init_phase_4'====== Args={}
2022-08-21 19:33:19,146 : EventManager : Event: ======'init_phase_5'====== Args={}
2022-08-21 19:33:19,198 : kivy : GL: NPOT texture support is available
2022-08-21 19:33:19,217 : kivy : GL: Unpack subimage support is available
2022-08-21 19:33:19,247 : EventManager : Event: ======'loading_assets'====== Args={'total': 27, 'loaded': 1, 'remaining': 26, 'percent': 4}
2022-08-21 19:33:19,247 : AssetManager : Loading assets: 1/27 (4%)
2022-08-21 19:33:20,472 : EventManager : Event: ======'loading_assets'====== Args={'total': 27, 'loaded': 2, 'remaining': 25, 'percent': 7}
2022-08-21 19:33:20,472 : AssetManager : Loading assets: 2/27 (7%)
2022-08-21 19:33:22,017 : EventManager : Event: ======'loading_assets'====== Args={'total': 27, 'loaded': 14, 'remaining': 13, 'percent': 52}
2022-08-21 19:33:22,017 : AssetManager : Loading assets: 14/27 (52%)
2022-08-21 19:33:22,755 : EventManager : Event: ======'loading_assets'====== Args={'total': 27, 'loaded': 27, 'remaining': 0, 'percent': 100}
2022-08-21 19:33:22,755 : AssetManager : Asset loading took: 3.705211877822876
2022-08-21 19:33:22,755 : EventManager : Event: ======'asset_loading_complete'====== Args={}
2022-08-21 19:33:22,755 : AssetManager : Loading assets: 27/27 (100%)
2022-08-21 19:33:22,756 : EventManager : Event: ======'init_done'====== Args={}
2022-08-21 19:33:22,756 : MPF-MC BCP Server : Starting up on localhost port 5050
2022-08-21 19:33:22,758 : MPF-MC BCP Server : Waiting for a connection...
2022-08-21 19:33:22,772 : EventManager : Event: ======'client_disconnected'====== Args={'host': '127.0.0.1', 'port': 5050}
2022-08-21 19:33:22,804 : MPF-MC BCP Server : Received connection from: 127.0.0.1:49562
2022-08-21 19:33:22,810 : EventManager : Event: ======'client_connected'====== Args={'host': '127.0.0.1', 'port': 49562}
2022-08-21 19:33:22,822 : EventManager : Event: ======'machine_var_fast_net_firmware'====== Args={'value': '01.05', 'prev_value': None, 'change': True}
2022-08-21 19:33:22,822 : EventManager : Event: ======'machine_var_fast_net_model'====== Args={'value': 'FP-CPU-002-2', 'prev_value': None, 'change': True}
2022-08-21 19:33:22,822 : EventManager : Event: ======'machine_var_fast_rgb_firmware'====== Args={'value': '01.00', 'prev_value': None, 'change': True}
2022-08-21 19:33:22,822 : EventManager : Event: ======'machine_var_fast_rgb_model'====== Args={'value': 'FP-CPU-002-2', 'prev_value': None, 'change': True}
2022-08-21 19:33:22,822 : EventManager : Event: ======'machine_var_credits_string'====== Args={'value': 'FREE PLAY', 'prev_value': None, 'change': True}
2022-08-21 19:33:22,822 : EventManager : Event: ======'machine_var_master_volume'====== Args={'value': 0.5, 'prev_value': None, 'change': True}
2022-08-21 19:33:22,822 : EventManager : Event: ======'machine_var_player1_score'====== Args={'value': 58540490, 'prev_value': None, 'change': True}
2022-08-21 19:33:22,823 : EventManager : Event: ======'machine_var_mpf_version'====== Args={'value': 'MPF v0.55.0', 'prev_value': None, 'change': True}
2022-08-21 19:33:22,823 : EventManager : Event: ======'machine_var_mpf_extended_version'====== Args={'value': 'MPF v0.55.0, Config version:5, Show version: 5, BCP version:1.1', 'prev_value': None, 'change': True}
2022-08-21 19:33:22,823 : EventManager : Event: ======'machine_var_python_version'====== Args={'value': '3.7.8', 'prev_value': None, 'change': True}
2022-08-21 19:33:22,823 : EventManager : Event: ======'machine_var_platform'====== Args={'value': 'Windows-7-6.1.7601-SP1', 'prev_value': None, 'change': True}
2022-08-21 19:33:22,823 : EventManager : Event: ======'machine_var_platform_system'====== Args={'value': 'Windows', 'prev_value': None, 'change': True}
2022-08-21 19:33:22,823 : EventManager : Event: ======'machine_var_platform_release'====== Args={'value': '7', 'prev_value': None, 'change': True}
2022-08-21 19:33:22,823 : EventManager : Event: ======'machine_var_platform_version'====== Args={'value': '6.1.7601', 'prev_value': None, 'change': True}
2022-08-21 19:33:22,823 : EventManager : Event: ======'machine_var_platform_machine'====== Args={'value': 'AMD64', 'prev_value': None, 'change': True}
2022-08-21 19:33:22,823 : EventManager : Event: ======'machine_var_mc_version'====== Args={'value': 'MPF-MC v0.55.0', 'prev_value': None, 'change': True}
2022-08-21 19:33:22,823 : EventManager : Event: ======'machine_var_mc_extended_version'====== Args={'value': 'MPF-MC v0.55.0 (config_version=5, BCP v1.1, Requires MPF v0.55.0-dev.49)', 'prev_value': None, 'change': True}
2022-08-21 19:33:22,824 : SoundSystem : Setting master volume to 0.5
2022-08-21 19:33:23,301 : EventManager : Event: ======'machine_var_audits_events_game_ended'====== Args={'value': 0, 'prev_value': None, 'change': True}
2022-08-21 19:33:23,301 : EventManager : Event: ======'machine_var_audits_events_game_started'====== Args={'value': 0, 'prev_value': None, 'change': True}
2022-08-21 19:33:23,301 : EventManager : Event: ======'machine_var_audits_player_score'====== Args={'value': {'average': 10318150.616438355, 'top': [198719690, 195274570, 161094530, 160419680, 140071820, 132769060, 132262360, 127113160, 121863670, 115954110], 'total': 584}, 'prev_value': None, 'change': True}
2022-08-21 19:33:23,301 : EventManager : Event: ======'machine_var_audits_shots_center_drop_mission1'====== Args={'value': 522, 'prev_value': None, 'change': True}
2022-08-21 19:33:23,301 : EventManager : Event: ======'machine_var_audits_shots_center_target'====== Args={'value': 117, 'prev_value': None, 'change': True}
2022-08-21 19:33:23,301 : EventManager : Event: ======'machine_var_audits_shots_drop_target1_mission2'====== Args={'value': 221, 'prev_value': None, 'change': True}
2022-08-21 19:33:23,301 : EventManager : Event: ======'machine_var_audits_shots_drop_target2_mission2'====== Args={'value': 256, 'prev_value': None, 'change': True}
2022-08-21 19:33:23,302 : EventManager : Event: ======'machine_var_audits_shots_drop_target3_mission2'====== Args={'value': 299, 'prev_value': None, 'change': True}
2022-08-21 19:33:23,302 : EventManager : Event: ======'machine_var_audits_shots_drop_target4_mission2'====== Args={'value': 265, 'prev_value': None, 'change': True}
2022-08-21 19:33:23,302 : EventManager : Event: ======'machine_var_audits_shots_drop_target5_mission2'====== Args={'value': 227, 'prev_value': None, 'change': True}
2022-08-21 19:33:23,302 : EventManager : Event: ======'machine_var_audits_shots_drop_targets_mission3'====== Args={'value': 1462, 'prev_value': None, 'change': True}
2022-08-21 19:33:23,302 : EventManager : Event: ======'machine_var_audits_shots_galaxy_advance'====== Args={'value': 2095, 'prev_value': None, 'change': True}
2022-08-21 19:33:23,302 : EventManager : Event: ======'machine_var_audits_shots_l_lane'====== Args={'value': 607, 'prev_value': None, 'change': True}
2022-08-21 19:33:23,302 : EventManager : Event: ======'machine_var_audits_shots_left_kicker_mission2'====== Args={'value': 160, 'prev_value': None, 'change': True}
2022-08-21 19:33:23,302 : EventManager : Event: ======'machine_var_audits_shots_left_kicker_mission4'====== Args={'value': 116, 'prev_value': None, 'change': True}
2022-08-21 19:33:23,302 : EventManager : Event: ======'machine_var_audits_shots_left_loop_mission1'====== Args={'value': 586, 'prev_value': None, 'change': True}
2022-08-21 19:33:23,302 : EventManager : Event: ======'machine_var_audits_shots_left_loop_mission2'====== Args={'value': 258, 'prev_value': None, 'change': True}
2022-08-21 19:33:23,303 : EventManager : Event: ======'machine_var_audits_shots_left_loop_mission4'====== Args={'value': 382, 'prev_value': None, 'change': True}
2022-08-21 19:33:23,303 : EventManager : Event: ======'machine_var_audits_shots_portal_advance'====== Args={'value': 4568, 'prev_value': None, 'change': True}
2022-08-21 19:33:23,303 : EventManager : Event: ======'machine_var_audits_shots_r_lane'====== Args={'value': 537, 'prev_value': None, 'change': True}
2022-08-21 19:33:23,303 : EventManager : Event: ======'machine_var_audits_shots_right_kicker_mission2'====== Args={'value': 134, 'prev_value': None, 'change': True}
2022-08-21 19:33:23,303 : EventManager : Event: ======'machine_var_audits_shots_right_kicker_mission4'====== Args={'value': 135, 'prev_value': None, 'change': True}
2022-08-21 19:33:23,303 : EventManager : Event: ======'machine_var_audits_shots_right_loop_mission1'====== Args={'value': 675, 'prev_value': None, 'change': True}
2022-08-21 19:33:23,303 : EventManager : Event: ======'machine_var_audits_shots_right_loop_mission2'====== Args={'value': 303, 'prev_value': None, 'change': True}
2022-08-21 19:33:23,303 : EventManager : Event: ======'machine_var_audits_shots_right_loop_mission4'====== Args={'value': 430, 'prev_value': None, 'change': True}
2022-08-21 19:33:23,304 : EventManager : Event: ======'machine_var_audits_shots_warp_advance'====== Args={'value': 1091, 'prev_value': None, 'change': True}
2022-08-21 19:33:23,304 : EventManager : Event: ======'machine_var_audits_switches_s_action_button'====== Args={'value': 3951, 'prev_value': None, 'change': True}
2022-08-21 19:33:23,304 : EventManager : Event: ======'machine_var_audits_switches_s_drain'====== Args={'value': 2718, 'prev_value': None, 'change': True}
2022-08-21 19:33:23,304 : EventManager : Event: ======'machine_var_audits_switches_s_drop_target1'====== Args={'value': 1835, 'prev_value': None, 'change': True}
2022-08-21 19:33:23,304 : EventManager : Event: ======'machine_var_audits_switches_s_drop_target2'====== Args={'value': 2141, 'prev_value': None, 'change': True}
2022-08-21 19:33:23,304 : EventManager : Event: ======'machine_var_audits_switches_s_drop_target3'====== Args={'value': 2562, 'prev_value': None, 'change': True}
2022-08-21 19:33:23,304 : EventManager : Event: ======'machine_var_audits_switches_s_drop_target4'====== Args={'value': 2049, 'prev_value': None, 'change': True}
2022-08-21 19:33:23,305 : EventManager : Event: ======'machine_var_audits_switches_s_drop_target5'====== Args={'value': 1939, 'prev_value': None, 'change': True}
2022-08-21 19:33:23,305 : EventManager : Event: ======'machine_var_audits_switches_s_left_captive_ball'====== Args={'value': 473, 'prev_value': None, 'change': True}
2022-08-21 19:33:23,305 : EventManager : Event: ======'machine_var_audits_switches_s_left_flipper'====== Args={'value': 34244, 'prev_value': None, 'change': True}
2022-08-21 19:33:23,305 : EventManager : Event: ======'machine_var_audits_switches_s_left_inlane'====== Args={'value': 607, 'prev_value': None, 'change': True}
2022-08-21 19:33:23,313 : EventManager : Event: ======'machine_var_audits_switches_s_left_inlane_far'====== Args={'value': 3944, 'prev_value': None, 'change': True}
2022-08-21 19:33:23,313 : EventManager : Event: ======'machine_var_audits_switches_s_left_kicker'====== Args={'value': 1531, 'prev_value': None, 'change': True}
2022-08-21 19:33:23,313 : EventManager : Event: ======'machine_var_audits_switches_s_left_sling'====== Args={'value': 6814, 'prev_value': None, 'change': True}
2022-08-21 19:33:23,313 : EventManager : Event: ======'machine_var_audits_switches_s_left_spinner'====== Args={'value': 20054, 'prev_value': None, 'change': True}
2022-08-21 19:33:23,313 : EventManager : Event: ======'machine_var_audits_switches_s_right_captive_ball'====== Args={'value': 498, 'prev_value': None, 'change': True}
2022-08-21 19:33:23,313 : EventManager : Event: ======'machine_var_audits_switches_s_right_flipper'====== Args={'value': 31681, 'prev_value': None, 'change': True}
2022-08-21 19:33:23,313 : EventManager : Event: ======'machine_var_audits_switches_s_right_inlane'====== Args={'value': 537, 'prev_value': None, 'change': True}
2022-08-21 19:33:23,313 : EventManager : Event: ======'machine_var_audits_switches_s_right_inlane_far'====== Args={'value': 6150, 'prev_value': None, 'change': True}
2022-08-21 19:33:23,313 : EventManager : Event: ======'machine_var_audits_switches_s_right_kicker'====== Args={'value': 1698, 'prev_value': None, 'change': True}
2022-08-21 19:33:23,314 : EventManager : Event: ======'machine_var_audits_switches_s_right_sling'====== Args={'value': 14084, 'prev_value': None, 'change': True}
2022-08-21 19:33:23,314 : EventManager : Event: ======'machine_var_audits_switches_s_right_spinner'====== Args={'value': 16231, 'prev_value': None, 'change': True}
2022-08-21 19:33:23,314 : EventManager : Event: ======'machine_var_audits_switches_s_start'====== Args={'value': 404, 'prev_value': None, 'change': True}
2022-08-21 19:33:23,325 : EventManager : Event: ======'mc_reset_phase_1'====== Args={}
2022-08-21 19:33:23,325 : EventManager : Event: ======'mc_reset_phase_2'====== Args={}
2022-08-21 19:33:23,325 : EventManager : Event: ======'mc_reset_phase_3'====== Args={}
2022-08-21 19:33:23,325 : EventManager : Event: ======'mc_reset_complete'====== Args={}
2022-08-21 19:33:23,337 : EventManager : Event: ======'slides_play'====== Args={'settings': {'widgets': {'widgets': [{'type': 'text', 'text': 'GAME OVER', 'font_size': 50, 'font_name': 'space_font', '_default_settings': ['type', 'text', 'font_size', 'font_name'], 'x': None, 'y': None, 'anchor_x': 'center', 'anchor_y': 'center', 'round_anchor_x': None, 'round_anchor_y': None, 'opacity': 1.0, 'z': 0, 'reset_animations_events': {}, 'color': [1.0, 1.0, 1.0, 1.0], 'style': [], 'adjust_top': 0, 'adjust_bottom': 0, 'adjust_left': 0, 'adjust_right': 0, 'expire': None, 'key': None, 'widget': None, 'events_when_added': [], 'events_when_removed': [], 'bitmap_font': False, 'font_kerning': True, 'bold': False, 'italic': False, 'number_grouping': False, 'min_digits': 0, 'halign': 'center', 'valign': 'middle', 'rotation': 0, 'scale': 1.0, 'casing': None, 'animations': None}, {'type': 'image', 'image': 'attract_background', '_default_settings': ['type', 'image'], 'x': None, 'y': None, 'anchor_x': 'center', 'anchor_y': 'center', 'round_anchor_x': None, 'round_anchor_y': None, 'opacity': 1.0, 'z': 0, 'reset_animations_events': {}, 'color': [1.0, 1.0, 1.0, 1.0], 'style': [], 'adjust_top': 0, 'adjust_bottom': 0, 'adjust_left': 0, 'adjust_right': 0, 'expire': None, 'key': None, 'widget': None, 'events_when_added': [], 'events_when_removed': [], 'fps': 10, 'loops': -1, 'auto_play': True, 'start_frame': 0, 'rotation': 0, 'scale': 1.0, 'animations': None}], 'target': None, 'background_color': [0.0, 0.0, 0.0, 1.0], 'priority': None, 'show': True, 'force': False, 'expire': None, 'slide': None, 'tokens': {}, 'action': 'play'}}, 'context': 'show_13', 'calling_context': 0, 'priority': 10, 'show_tokens': {}, 'start_time': 19339.537}
2022-08-21 19:33:23,337 : mpfmc : SlidePlayer: Play called with settings={'widgets': {'widgets': [{'type': 'text', 'text': 'GAME OVER', 'font_size': 50, 'font_name': 'space_font', '_default_settings': ['type', 'text', 'font_size', 'font_name'], 'x': None, 'y': None, 'anchor_x': 'center', 'anchor_y': 'center', 'round_anchor_x': None, 'round_anchor_y': None, 'opacity': 1.0, 'z': 0, 'reset_animations_events': {}, 'color': [1.0, 1.0, 1.0, 1.0], 'style': [], 'adjust_top': 0, 'adjust_bottom': 0, 'adjust_left': 0, 'adjust_right': 0, 'expire': None, 'key': None, 'widget': None, 'events_when_added': [], 'events_when_removed': [], 'bitmap_font': False, 'font_kerning': True, 'bold': False, 'italic': False, 'number_grouping': False, 'min_digits': 0, 'halign': 'center', 'valign': 'middle', 'rotation': 0, 'scale': 1.0, 'casing': None, 'animations': None}, {'type': 'image', 'image': 'attract_background', '_default_settings': ['type', 'image'], 'x': None, 'y': None, 'anchor_x': 'center', 'anchor_y': 'center', 'round_anchor_x': None, 'round_anchor_y': None, 'opacity': 1.0, 'z': 0, 'reset_animations_events': {}, 'color': [1.0, 1.0, 1.0, 1.0], 'style': [], 'adjust_top': 0, 'adjust_bottom': 0, 'adjust_left': 0, 'adjust_right': 0, 'expire': None, 'key': None, 'widget': None, 'events_when_added': [], 'events_when_removed': [], 'fps': 10, 'loops': -1, 'auto_play': True, 'start_frame': 0, 'rotation': 0, 'scale': 1.0, 'animations': None}], 'target': None, 'background_color': [0.0, 0.0, 0.0, 1.0], 'priority': None, 'show': True, 'force': False, 'expire': None, 'slide': None, 'tokens': {}, 'action': 'play'}}
2022-08-21 19:33:23,344 : EventManager : Event: ======'slide_show_13.slide_player-0_created'====== Args={}
2022-08-21 19:33:23,346 : EventManager : Event: ======'slide_show_13.slide_player-0_active'====== Args={}
2022-08-21 19:33:24,692 : EventManager : Event: ======'game_started'====== Args={}
2022-08-21 19:33:24,692 : EventManager : Event: ======'slides_clear'====== Args={'context': 'show_13'}
2022-08-21 19:33:24,693 : EventManager : Event: ======'slide_show_13.slide_player-0_removed'====== Args={}
2022-08-21 19:33:24,693 : EventManager : Event: ======'slide_window_blank_active'====== Args={}
2022-08-21 19:33:24,717 : EventManager : Event: ======'player_added'====== Args={'player': <Player 1>, 'num': 1}
2022-08-21 19:33:24,717 : EventManager : Event: ======'player_index'====== Args={'value': 0, 'prev_value': 0, 'change': 0, 'player_num': 1}
2022-08-21 19:33:24,717 : EventManager : Event: ======'player_number'====== Args={'value': 1, 'prev_value': 1, 'change': 0, 'player_num': 1}
2022-08-21 19:33:24,717 : EventManager : Event: ======'player_score'====== Args={'value': 0, 'prev_value': 0, 'change': 0, 'player_num': 1}
2022-08-21 19:33:24,718 : EventManager : Event: ======'player_mode_value'====== Args={'value': 1000000, 'prev_value': 0, 'change': 1000000, 'player_num': 1}
2022-08-21 19:33:24,718 : EventManager : Event: ======'player_bonus_multiplier'====== Args={'value': 1, 'prev_value': 0, 'change': 1, 'player_num': 1}
2022-08-21 19:33:24,718 : EventManager : Event: ======'player_playfield_multiplier'====== Args={'value': 1, 'prev_value': 0, 'change': 1, 'player_num': 1}
2022-08-21 19:33:24,753 : EventManager : Event: ======'player_ball'====== Args={'value': 1, 'prev_value': 0, 'change': 1, 'player_num': 1}
2022-08-21 19:33:24,753 : EventManager : Event: ======'player_turn_start'====== Args={'number': 1, 'player': <Player 1>}
2022-08-21 19:33:24,778 : EventManager : Event: ======'player_shot_l_lane_enabled'====== Args={'value': True, 'prev_value': 0, 'change': 1, 'player_num': 1}
2022-08-21 19:33:24,778 : EventManager : Event: ======'player_shot_r_lane_enabled'====== Args={'value': True, 'prev_value': 0, 'change': 1, 'player_num': 1}
2022-08-21 19:33:24,778 : EventManager : Event: ======'player_shot_center_target_enabled'====== Args={'value': True, 'prev_value': 0, 'change': 1, 'player_num': 1}
2022-08-21 19:33:24,779 : EventManager : Event: ======'player_extra_ball_two_modes_complete_num_awarded'====== Args={'value': 0, 'prev_value': 0, 'change': 0, 'player_num': 1}
2022-08-21 19:33:24,790 : EventManager : Event: ======'sounds_play'====== Args={'settings': {'default': {'action': 'stop', 'priority': 400, 'block': False, 'delay': None, 'track': None, 'volume': None, 'pan': None, 'loops': None, 'start_at': None, 'fade_in': None, 'fade_out': None, 'about_to_finish_time': -1.0, 'max_queue_time': -1.0, 'events_when_played': ['use_sound_setting'], 'events_when_stopped': ['use_sound_setting'], 'events_when_looping': ['use_sound_setting'], 'events_when_about_to_finish': ['use_sound_setting'], 'mode_end_action': 'use_sound_setting', 'key': 'use_sound_setting'}, 'shooter_waiting': {'action': 'play', 'loops': -1, 'priority': None, 'block': False, 'delay': None, 'track': None, 'volume': None, 'pan': None, 'start_at': None, 'fade_in': None, 'fade_out': None, 'about_to_finish_time': -1.0, 'max_queue_time': -1.0, 'events_when_played': ['use_sound_setting'], 'events_when_stopped': ['use_sound_setting'], 'events_when_looping': ['use_sound_setting'], 'events_when_about_to_finish': ['use_sound_setting'], 'mode_end_action': 'use_sound_setting', 'key': 'use_sound_setting'}}, 'context': '_global', 'calling_context': 'ball_started', 'priority': 0, 'player': 1, 'ball': 1, 'balls_remaining': 2, 'is_extra_ball': False}
2022-08-21 19:33:24,803 : EventManager : Event: ======'player_shot_portal_advance_enabled'====== Args={'value': True, 'prev_value': 0, 'change': 1, 'player_num': 1}
2022-08-21 19:33:24,803 : EventManager : Event: ======'player_shot_galaxy_advance_enabled'====== Args={'value': True, 'prev_value': 0, 'change': 1, 'player_num': 1}
2022-08-21 19:33:24,803 : EventManager : Event: ======'player_shot_warp_advance_enabled'====== Args={'value': True, 'prev_value': 0, 'change': 1, 'player_num': 1}
2022-08-21 19:33:24,803 : EventManager : Event: ======'slides_play'====== Args={'settings': {'score_slide': {'target': None, 'background_color': [0.0, 0.0, 0.0, 1.0], 'priority': None, 'show': True, 'force': False, 'expire': None, 'slide': None, 'tokens': {}, 'action': 'play'}}, 'context': 'base', 'calling_context': 'mode_base_started', 'priority': 100, 'player': 1, 'ball': 1, 'balls_remaining': 2, 'is_extra_ball': False}
2022-08-21 19:33:24,803 : mpfmc : SlidePlayer: Play called with settings={'score_slide': {'target': None, 'background_color': [0.0, 0.0, 0.0, 1.0], 'priority': None, 'show': True, 'force': False, 'expire': None, 'slide': None, 'tokens': {}, 'action': 'play'}}
2022-08-21 19:33:24,819 : EventManager : Event: ======'slide_score_slide_created'====== Args={}
2022-08-21 19:33:24,829 : EventManager : Event: ======'slide_score_slide_active'====== Args={}
2022-08-21 19:33:24,836 : EventManager : Event: ======'sounds_play'====== Args={'settings': {'default': {'action': 'play', 'loops': -1, 'track': 'music', 'priority': None, 'block': False, 'delay': None, 'volume': None, 'pan': None, 'start_at': None, 'fade_in': None, 'fade_out': None, 'about_to_finish_time': -1.0, 'max_queue_time': -1.0, 'events_when_played': ['use_sound_setting'], 'events_when_stopped': ['use_sound_setting'], 'events_when_looping': ['use_sound_setting'], 'events_when_about_to_finish': ['use_sound_setting'], 'mode_end_action': 'use_sound_setting', 'key': 'use_sound_setting'}, 'mode_theme': {'action': 'stop', 'priority': None, 'block': False, 'delay': None, 'track': None, 'volume': None, 'pan': None, 'loops': None, 'start_at': None, 'fade_in': None, 'fade_out': None, 'about_to_finish_time': -1.0, 'max_queue_time': -1.0, 'events_when_played': ['use_sound_setting'], 'events_when_stopped': ['use_sound_setting'], 'events_when_looping': ['use_sound_setting'], 'events_when_about_to_finish': ['use_sound_setting'], 'mode_end_action': 'use_sound_setting', 'key': 'use_sound_setting'}}, 'context': '_global', 'calling_context': 'mode_spell_portal_started', 'priority': 0, 'player': 1, 'ball': 1, 'balls_remaining': 2, 'is_extra_ball': False}
2022-08-21 19:33:29,592 : EventManager : Event: ======'machine_var_audits_switches_s_action_button'====== Args={'value': 3952, 'prev_value': 3951, 'change': 1}
2022-08-21 19:33:29,798 : EventManager : Event: ======'sounds_play'====== Args={'settings': {'shooter_waiting': {'action': 'stop', 'priority': None, 'block': False, 'delay': None, 'track': None, 'volume': None, 'pan': None, 'loops': None, 'start_at': None, 'fade_in': None, 'fade_out': None, 'about_to_finish_time': -1.0, 'max_queue_time': -1.0, 'events_when_played': ['use_sound_setting'], 'events_when_stopped': ['use_sound_setting'], 'events_when_looping': ['use_sound_setting'], 'events_when_about_to_finish': ['use_sound_setting'], 'mode_end_action': 'use_sound_setting', 'key': 'use_sound_setting'}, 'default': {'action': 'play', 'loops': -1, 'track': 'music', 'priority': None, 'block': False, 'delay': None, 'volume': None, 'pan': None, 'start_at': None, 'fade_in': None, 'fade_out': None, 'about_to_finish_time': -1.0, 'max_queue_time': -1.0, 'events_when_played': ['use_sound_setting'], 'events_when_stopped': ['use_sound_setting'], 'events_when_looping': ['use_sound_setting'], 'events_when_about_to_finish': ['use_sound_setting'], 'mode_end_action': 'use_sound_setting', 'key': 'use_sound_setting'}}, 'context': '_global', 'calling_context': 's_drain_inactive', 'priority': 0}
2022-08-21 19:33:30,326 : EventManager : Event: ======'machine_var_audits_switches_s_left_sling'====== Args={'value': 6815, 'prev_value': 6814, 'change': 1}
2022-08-21 19:33:30,326 : EventManager : Event: ======'player_score'====== Args={'value': 1110, 'prev_value': 0, 'change': 1110, 'player_num': 1}
2022-08-21 19:33:30,326 : EventManager : Event: ======'player_switches'====== Args={'value': 1, 'prev_value': 0, 'change': 1, 'player_num': 1}
2022-08-21 19:33:31,523 : EventManager : Event: ======'machine_var_audits_switches_s_left_spinner'====== Args={'value': 20055, 'prev_value': 20054, 'change': 1}
2022-08-21 19:33:31,523 : EventManager : Event: ======'player_score'====== Args={'value': 2140, 'prev_value': 1110, 'change': 1030, 'player_num': 1}
2022-08-21 19:33:31,523 : EventManager : Event: ======'player_switches'====== Args={'value': 2, 'prev_value': 1, 'change': 1, 'player_num': 1}
2022-08-21 19:33:31,524 : EventManager : Event: ======'player_mode_value'====== Args={'value': 1010000, 'prev_value': 1000000, 'change': 10000, 'player_num': 1}
2022-08-21 19:33:31,701 : EventManager : Event: ======'machine_var_audits_switches_s_left_spinner'====== Args={'value': 20056, 'prev_value': 20055, 'change': 1}
2022-08-21 19:33:31,701 : EventManager : Event: ======'player_score'====== Args={'value': 3170, 'prev_value': 2140, 'change': 1030, 'player_num': 1}
2022-08-21 19:33:31,701 : EventManager : Event: ======'player_switches'====== Args={'value': 3, 'prev_value': 2, 'change': 1, 'player_num': 1}
2022-08-21 19:33:31,701 : EventManager : Event: ======'player_mode_value'====== Args={'value': 1020000, 'prev_value': 1010000, 'change': 10000, 'player_num': 1}
2022-08-21 19:33:31,925 : EventManager : Event: ======'machine_var_audits_switches_s_left_spinner'====== Args={'value': 20057, 'prev_value': 20056, 'change': 1}
2022-08-21 19:33:31,925 : EventManager : Event: ======'player_score'====== Args={'value': 4200, 'prev_value': 3170, 'change': 1030, 'player_num': 1}
2022-08-21 19:33:31,925 : EventManager : Event: ======'player_switches'====== Args={'value': 4, 'prev_value': 3, 'change': 1, 'player_num': 1}
2022-08-21 19:33:31,925 : EventManager : Event: ======'player_mode_value'====== Args={'value': 1030000, 'prev_value': 1020000, 'change': 10000, 'player_num': 1}
2022-08-21 19:33:32,115 : EventManager : Event: ======'machine_var_audits_switches_s_left_spinner'====== Args={'value': 20058, 'prev_value': 20057, 'change': 1}
2022-08-21 19:33:32,115 : EventManager : Event: ======'player_score'====== Args={'value': 5230, 'prev_value': 4200, 'change': 1030, 'player_num': 1}
2022-08-21 19:33:32,115 : EventManager : Event: ======'player_switches'====== Args={'value': 5, 'prev_value': 4, 'change': 1, 'player_num': 1}
2022-08-21 19:33:32,115 : EventManager : Event: ======'player_mode_value'====== Args={'value': 1040000, 'prev_value': 1030000, 'change': 10000, 'player_num': 1}
2022-08-21 19:33:32,306 : EventManager : Event: ======'machine_var_audits_switches_s_left_spinner'====== Args={'value': 20059, 'prev_value': 20058, 'change': 1}
2022-08-21 19:33:32,306 : EventManager : Event: ======'player_score'====== Args={'value': 6260, 'prev_value': 5230, 'change': 1030, 'player_num': 1}
2022-08-21 19:33:32,306 : EventManager : Event: ======'player_switches'====== Args={'value': 6, 'prev_value': 5, 'change': 1, 'player_num': 1}
2022-08-21 19:33:32,306 : EventManager : Event: ======'player_mode_value'====== Args={'value': 1050000, 'prev_value': 1040000, 'change': 10000, 'player_num': 1}
2022-08-21 19:33:32,355 : EventManager : Event: ======'machine_var_audits_switches_s_left_flipper'====== Args={'value': 34245, 'prev_value': 34244, 'change': 1}
2022-08-21 19:33:32,355 : EventManager : Event: ======'machine_var_audits_switches_s_left_inlane_far'====== Args={'value': 3945, 'prev_value': 3944, 'change': 1}
2022-08-21 19:33:32,355 : EventManager : Event: ======'player_shot_galaxy_advance'====== Args={'value': 1, 'prev_value': 0, 'change': 1, 'player_num': 1}
2022-08-21 19:33:32,355 : EventManager : Event: ======'machine_var_audits_shots_galaxy_advance'====== Args={'value': 2096, 'prev_value': 2095, 'change': 1}
2022-08-21 19:33:32,356 : EventManager : Event: ======'player_score'====== Args={'value': 36260, 'prev_value': 6260, 'change': 30000, 'player_num': 1}
2022-08-21 19:33:32,362 : EventManager : Event: ======'player_switches'====== Args={'value': 7, 'prev_value': 6, 'change': 1, 'player_num': 1}
2022-08-21 19:33:32,363 : EventManager : Event: ======'player_combos_combo_timer_tick'====== Args={'value': 6, 'prev_value': 0, 'change': 6, 'player_num': 1}
2022-08-21 19:33:32,864 : EventManager : Event: ======'player_combos_combo_timer_tick'====== Args={'value': 5, 'prev_value': 6, 'change': -1, 'player_num': 1}
2022-08-21 19:33:33,316 : EventManager : Event: ======'machine_var_audits_switches_s_right_inlane_far'====== Args={'value': 6151, 'prev_value': 6150, 'change': 1}
2022-08-21 19:33:33,316 : EventManager : Event: ======'player_shot_portal_advance'====== Args={'value': 1, 'prev_value': 0, 'change': 1, 'player_num': 1}
2022-08-21 19:33:33,316 : EventManager : Event: ======'machine_var_audits_shots_portal_advance'====== Args={'value': 4569, 'prev_value': 4568, 'change': 1}
2022-08-21 19:33:33,317 : EventManager : Event: ======'player_score'====== Args={'value': 66260, 'prev_value': 36260, 'change': 30000, 'player_num': 1}
2022-08-21 19:33:33,317 : EventManager : Event: ======'player_switches'====== Args={'value': 8, 'prev_value': 7, 'change': 1, 'player_num': 1}
2022-08-21 19:33:33,317 : EventManager : Event: ======'player_combos_combo_timer_tick'====== Args={'value': 6, 'prev_value': 5, 'change': 1, 'player_num': 1}
2022-08-21 19:33:33,812 : EventManager : Event: ======'player_combos_combo_timer_tick'====== Args={'value': 5, 'prev_value': 6, 'change': -1, 'player_num': 1}
2022-08-21 19:33:33,824 : EventManager : Event: ======'machine_var_audits_switches_s_right_inlane_far'====== Args={'value': 6152, 'prev_value': 6151, 'change': 1}
2022-08-21 19:33:33,824 : EventManager : Event: ======'machine_var_audits_shots_portal_advance'====== Args={'value': 4570, 'prev_value': 4569, 'change': 1}
2022-08-21 19:33:33,825 : EventManager : Event: ======'player_score'====== Args={'value': 96260, 'prev_value': 66260, 'change': 30000, 'player_num': 1}
2022-08-21 19:33:33,825 : EventManager : Event: ======'player_switches'====== Args={'value': 9, 'prev_value': 8, 'change': 1, 'player_num': 1}
2022-08-21 19:33:33,832 : EventManager : Event: ======'player_combos_combo_timer_tick'====== Args={'value': 6, 'prev_value': 5, 'change': 1, 'player_num': 1}
2022-08-21 19:33:34,322 : EventManager : Event: ======'player_combos_combo_timer_tick'====== Args={'value': 5, 'prev_value': 6, 'change': -1, 'player_num': 1}
2022-08-21 19:33:34,646 : EventManager : Event: ======'machine_var_audits_switches_s_right_flipper'====== Args={'value': 31682, 'prev_value': 31681, 'change': 1}
2022-08-21 19:33:34,825 : EventManager : Event: ======'player_combos_combo_timer_tick'====== Args={'value': 4, 'prev_value': 5, 'change': -1, 'player_num': 1}
2022-08-21 19:33:35,006 : EventManager : Event: ======'machine_var_audits_switches_s_drop_target1'====== Args={'value': 1836, 'prev_value': 1835, 'change': 1}
2022-08-21 19:33:35,006 : EventManager : Event: ======'player_score'====== Args={'value': 100760, 'prev_value': 96260, 'change': 4500, 'player_num': 1}
2022-08-21 19:33:35,014 : EventManager : Event: ======'player_switches'====== Args={'value': 10, 'prev_value': 9, 'change': 1, 'player_num': 1}
2022-08-21 19:33:35,167 : EventManager : Event: ======'machine_var_audits_switches_s_left_sling'====== Args={'value': 6816, 'prev_value': 6815, 'change': 1}
2022-08-21 19:33:35,167 : EventManager : Event: ======'player_score'====== Args={'value': 101870, 'prev_value': 100760, 'change': 1110, 'player_num': 1}
2022-08-21 19:33:35,167 : EventManager : Event: ======'player_switches'====== Args={'value': 11, 'prev_value': 10, 'change': 1, 'player_num': 1}
2022-08-21 19:33:35,261 : EventManager : Event: ======'machine_var_audits_switches_s_left_flipper'====== Args={'value': 34246, 'prev_value': 34245, 'change': 1}
2022-08-21 19:33:35,323 : EventManager : Event: ======'player_combos_combo_timer_tick'====== Args={'value': 3, 'prev_value': 4, 'change': -1, 'player_num': 1}
2022-08-21 19:33:35,607 : EventManager : Event: ======'machine_var_audits_switches_s_right_flipper'====== Args={'value': 31683, 'prev_value': 31682, 'change': 1}
2022-08-21 19:33:35,825 : EventManager : Event: ======'player_combos_combo_timer_tick'====== Args={'value': 2, 'prev_value': 3, 'change': -1, 'player_num': 1}
2022-08-21 19:33:35,967 : EventManager : Event: ======'machine_var_audits_switches_s_drop_target3'====== Args={'value': 2563, 'prev_value': 2562, 'change': 1}
2022-08-21 19:33:35,967 : EventManager : Event: ======'player_shot_warp_advance'====== Args={'value': 1, 'prev_value': 0, 'change': 1, 'player_num': 1}
2022-08-21 19:33:35,979 : EventManager : Event: ======'machine_var_audits_shots_warp_advance'====== Args={'value': 1092, 'prev_value': 1091, 'change': 1}
2022-08-21 19:33:35,979 : EventManager : Event: ======'player_shot_center_target'====== Args={'value': 1, 'prev_value': 0, 'change': 1, 'player_num': 1}
2022-08-21 19:33:35,979 : EventManager : Event: ======'machine_var_audits_shots_center_target'====== Args={'value': 118, 'prev_value': 117, 'change': 1}
2022-08-21 19:33:35,979 : EventManager : Event: ======'player_score'====== Args={'value': 106370, 'prev_value': 101870, 'change': 4500, 'player_num': 1}
2022-08-21 19:33:35,980 : EventManager : Event: ======'player_switches'====== Args={'value': 12, 'prev_value': 11, 'change': 1, 'player_num': 1}
2022-08-21 19:33:35,999 : EventManager : Event: ======'machine_var_audits_switches_s_drop_target2'====== Args={'value': 2142, 'prev_value': 2141, 'change': 1}
2022-08-21 19:33:35,999 : EventManager : Event: ======'player_score'====== Args={'value': 110870, 'prev_value': 106370, 'change': 4500, 'player_num': 1}
2022-08-21 19:33:35,999 : EventManager : Event: ======'player_switches'====== Args={'value': 13, 'prev_value': 12, 'change': 1, 'player_num': 1}
2022-08-21 19:33:36,319 : EventManager : Event: ======'player_combos_combo_timer_tick'====== Args={'value': 1, 'prev_value': 2, 'change': -1, 'player_num': 1}
2022-08-21 19:33:36,357 : EventManager : Event: ======'machine_var_audits_switches_s_right_flipper'====== Args={'value': 31684, 'prev_value': 31683, 'change': 1}
2022-08-21 19:33:36,512 : EventManager : Event: ======'machine_var_audits_switches_s_left_sling'====== Args={'value': 6817, 'prev_value': 6816, 'change': 1}
2022-08-21 19:33:36,512 : EventManager : Event: ======'player_score'====== Args={'value': 111980, 'prev_value': 110870, 'change': 1110, 'player_num': 1}
2022-08-21 19:33:36,512 : EventManager : Event: ======'player_switches'====== Args={'value': 14, 'prev_value': 13, 'change': 1, 'player_num': 1}
2022-08-21 19:33:36,815 : EventManager : Event: ======'player_combos_combo_timer_tick'====== Args={'value': 0, 'prev_value': 1, 'change': -1, 'player_num': 1}
2022-08-21 19:33:37,215 : EventManager : Event: ======'machine_var_audits_switches_s_right_flipper'====== Args={'value': 31685, 'prev_value': 31684, 'change': 1}
2022-08-21 19:33:38,791 : EventManager : Event: ======'machine_var_audits_switches_s_drain'====== Args={'value': 2719, 'prev_value': 2718, 'change': 1}
2022-08-21 19:33:39,293 : EventManager : Event: ======'slides_play'====== Args={'settings': {'ball_saved_slide': {'target': None, 'background_color': [0.0, 0.0, 0.0, 1.0], 'priority': None, 'show': True, 'force': False, 'expire': None, 'slide': None, 'tokens': {}, 'action': 'play'}}, 'context': 'base', 'calling_context': 'ball_save_base_save_saving_ball', 'priority': 100, 'balls': 1, 'early_save': False}
2022-08-21 19:33:39,293 : mpfmc : SlidePlayer: Play called with settings={'ball_saved_slide': {'target': None, 'background_color': [0.0, 0.0, 0.0, 1.0], 'priority': None, 'show': True, 'force': False, 'expire': None, 'slide': None, 'tokens': {}, 'action': 'play'}}
2022-08-21 19:33:39,304 : EventManager : Event: ======'slide_ball_saved_slide_created'====== Args={}
2022-08-21 19:33:39,310 : EventManager : Event: ======'slide_ball_saved_slide_active'====== Args={}
2022-08-21 19:33:39,473 : EventManager : Event: ======'sounds_play'====== Args={'settings': {'shooter_waiting': {'action': 'stop', 'priority': None, 'block': False, 'delay': None, 'track': None, 'volume': None, 'pan': None, 'loops': None, 'start_at': None, 'fade_in': None, 'fade_out': None, 'about_to_finish_time': -1.0, 'max_queue_time': -1.0, 'events_when_played': ['use_sound_setting'], 'events_when_stopped': ['use_sound_setting'], 'events_when_looping': ['use_sound_setting'], 'events_when_about_to_finish': ['use_sound_setting'], 'mode_end_action': 'use_sound_setting', 'key': 'use_sound_setting'}, 'default': {'action': 'play', 'loops': -1, 'track': 'music', 'priority': None, 'block': False, 'delay': None, 'volume': None, 'pan': None, 'start_at': None, 'fade_in': None, 'fade_out': None, 'about_to_finish_time': -1.0, 'max_queue_time': -1.0, 'events_when_played': ['use_sound_setting'], 'events_when_stopped': ['use_sound_setting'], 'events_when_looping': ['use_sound_setting'], 'events_when_about_to_finish': ['use_sound_setting'], 'mode_end_action': 'use_sound_setting', 'key': 'use_sound_setting'}}, 'context': '_global', 'calling_context': 's_drain_inactive', 'priority': 0}
2022-08-21 19:33:39,964 : EventManager : Event: ======'machine_var_audits_switches_s_left_sling'====== Args={'value': 6818, 'prev_value': 6817, 'change': 1}
2022-08-21 19:33:39,976 : EventManager : Event: ======'player_score'====== Args={'value': 113090, 'prev_value': 111980, 'change': 1110, 'player_num': 1}
2022-08-21 19:33:39,976 : EventManager : Event: ======'player_switches'====== Args={'value': 15, 'prev_value': 14, 'change': 1, 'player_num': 1}
2022-08-21 19:33:40,530 : EventManager : Event: ======'machine_var_audits_switches_s_left_flipper'====== Args={'value': 34247, 'prev_value': 34246, 'change': 1}
2022-08-21 19:33:41,291 : EventManager : Event: ======'slide_ball_saved_slide_removed'====== Args={}
2022-08-21 19:33:41,292 : EventManager : Event: ======'slide_score_slide_active'====== Args={}
2022-08-21 19:33:43,756 : EventManager : Event: ======'machine_var_audits_switches_s_left_flipper'====== Args={'value': 34248, 'prev_value': 34247, 'change': 1}
2022-08-21 19:33:44,075 : EventManager : Event: ======'machine_var_audits_switches_s_left_spinner'====== Args={'value': 20060, 'prev_value': 20059, 'change': 1}
2022-08-21 19:33:44,087 : EventManager : Event: ======'player_score'====== Args={'value': 114120, 'prev_value': 113090, 'change': 1030, 'player_num': 1}
2022-08-21 19:33:44,087 : EventManager : Event: ======'player_switches'====== Args={'value': 16, 'prev_value': 15, 'change': 1, 'player_num': 1}
2022-08-21 19:33:44,087 : EventManager : Event: ======'player_mode_value'====== Args={'value': 1060000, 'prev_value': 1050000, 'change': 10000, 'player_num': 1}
2022-08-21 19:33:44,187 : EventManager : Event: ======'machine_var_audits_switches_s_left_spinner'====== Args={'value': 20061, 'prev_value': 20060, 'change': 1}
2022-08-21 19:33:44,199 : EventManager : Event: ======'player_score'====== Args={'value': 115150, 'prev_value': 114120, 'change': 1030, 'player_num': 1}
2022-08-21 19:33:44,199 : EventManager : Event: ======'player_switches'====== Args={'value': 17, 'prev_value': 16, 'change': 1, 'player_num': 1}
2022-08-21 19:33:44,199 : EventManager : Event: ======'player_mode_value'====== Args={'value': 1070000, 'prev_value': 1060000, 'change': 10000, 'player_num': 1}
2022-08-21 19:33:44,374 : EventManager : Event: ======'machine_var_audits_switches_s_left_spinner'====== Args={'value': 20062, 'prev_value': 20061, 'change': 1}
2022-08-21 19:33:44,374 : EventManager : Event: ======'player_score'====== Args={'value': 116180, 'prev_value': 115150, 'change': 1030, 'player_num': 1}
2022-08-21 19:33:44,374 : EventManager : Event: ======'player_switches'====== Args={'value': 18, 'prev_value': 17, 'change': 1, 'player_num': 1}
2022-08-21 19:33:44,375 : EventManager : Event: ======'player_mode_value'====== Args={'value': 1080000, 'prev_value': 1070000, 'change': 10000, 'player_num': 1}
2022-08-21 19:33:44,590 : EventManager : Event: ======'machine_var_audits_switches_s_left_spinner'====== Args={'value': 20063, 'prev_value': 20062, 'change': 1}
2022-08-21 19:33:44,590 : EventManager : Event: ======'player_score'====== Args={'value': 117210, 'prev_value': 116180, 'change': 1030, 'player_num': 1}
2022-08-21 19:33:44,590 : EventManager : Event: ======'player_switches'====== Args={'value': 19, 'prev_value': 18, 'change': 1, 'player_num': 1}
2022-08-21 19:33:44,590 : EventManager : Event: ======'player_mode_value'====== Args={'value': 1090000, 'prev_value': 1080000, 'change': 10000, 'player_num': 1}
2022-08-21 19:33:44,742 : EventManager : Event: ======'machine_var_audits_switches_s_left_flipper'====== Args={'value': 34249, 'prev_value': 34248, 'change': 1}
2022-08-21 19:33:44,767 : EventManager : Event: ======'machine_var_audits_switches_s_left_inlane_far'====== Args={'value': 3946, 'prev_value': 3945, 'change': 1}
2022-08-21 19:33:44,767 : EventManager : Event: ======'machine_var_audits_shots_galaxy_advance'====== Args={'value': 2097, 'prev_value': 2096, 'change': 1}
2022-08-21 19:33:44,767 : EventManager : Event: ======'player_score'====== Args={'value': 147210, 'prev_value': 117210, 'change': 30000, 'player_num': 1}
2022-08-21 19:33:44,768 : EventManager : Event: ======'player_switches'====== Args={'value': 20, 'prev_value': 19, 'change': 1, 'player_num': 1}
2022-08-21 19:33:44,768 : EventManager : Event: ======'player_combos_combo_timer_tick'====== Args={'value': 6, 'prev_value': 0, 'change': 6, 'player_num': 1}
2022-08-21 19:33:44,787 : EventManager : Event: ======'machine_var_audits_switches_s_left_spinner'====== Args={'value': 20064, 'prev_value': 20063, 'change': 1}
2022-08-21 19:33:44,787 : EventManager : Event: ======'player_score'====== Args={'value': 148240, 'prev_value': 147210, 'change': 1030, 'player_num': 1}
2022-08-21 19:33:44,787 : EventManager : Event: ======'player_switches'====== Args={'value': 21, 'prev_value': 20, 'change': 1, 'player_num': 1}
2022-08-21 19:33:44,788 : EventManager : Event: ======'player_mode_value'====== Args={'value': 1100000, 'prev_value': 1090000, 'change': 10000, 'player_num': 1}
2022-08-21 19:33:44,976 : EventManager : Event: ======'machine_var_audits_switches_s_left_spinner'====== Args={'value': 20065, 'prev_value': 20064, 'change': 1}
2022-08-21 19:33:44,976 : EventManager : Event: ======'player_score'====== Args={'value': 149270, 'prev_value': 148240, 'change': 1030, 'player_num': 1}
2022-08-21 19:33:44,976 : EventManager : Event: ======'player_switches'====== Args={'value': 22, 'prev_value': 21, 'change': 1, 'player_num': 1}
2022-08-21 19:33:44,976 : EventManager : Event: ======'player_mode_value'====== Args={'value': 1110000, 'prev_value': 1100000, 'change': 10000, 'player_num': 1}
2022-08-21 19:33:45,256 : EventManager : Event: ======'player_combos_combo_timer_tick'====== Args={'value': 5, 'prev_value': 6, 'change': -1, 'player_num': 1}
2022-08-21 19:33:45,759 : EventManager : Event: ======'player_combos_combo_timer_tick'====== Args={'value': 4, 'prev_value': 5, 'change': -1, 'player_num': 1}
2022-08-21 19:33:46,002 : EventManager : Event: ======'machine_var_audits_switches_s_right_flipper'====== Args={'value': 31686, 'prev_value': 31685, 'change': 1}
2022-08-21 19:33:46,260 : EventManager : Event: ======'player_combos_combo_timer_tick'====== Args={'value': 3, 'prev_value': 4, 'change': -1, 'player_num': 1}
2022-08-21 19:33:46,673 : EventManager : Event: ======'machine_var_audits_switches_s_right_flipper'====== Args={'value': 31687, 'prev_value': 31686, 'change': 1}
2022-08-21 19:33:46,763 : EventManager : Event: ======'player_combos_combo_timer_tick'====== Args={'value': 2, 'prev_value': 3, 'change': -1, 'player_num': 1}
2022-08-21 19:33:47,253 : EventManager : Event: ======'player_combos_combo_timer_tick'====== Args={'value': 1, 'prev_value': 2, 'change': -1, 'player_num': 1}
2022-08-21 19:33:47,522 : EventManager : Event: ======'machine_var_audits_switches_s_right_sling'====== Args={'value': 14085, 'prev_value': 14084, 'change': 1}
2022-08-21 19:33:47,522 : EventManager : Event: ======'player_score'====== Args={'value': 150380, 'prev_value': 149270, 'change': 1110, 'player_num': 1}
2022-08-21 19:33:47,522 : EventManager : Event: ======'player_switches'====== Args={'value': 23, 'prev_value': 22, 'change': 1, 'player_num': 1}
2022-08-21 19:33:47,762 : EventManager : Event: ======'player_combos_combo_timer_tick'====== Args={'value': 0, 'prev_value': 1, 'change': -1, 'player_num': 1}
2022-08-21 19:33:48,355 : EventManager : Event: ======'machine_var_audits_switches_s_right_flipper'====== Args={'value': 31688, 'prev_value': 31687, 'change': 1}
2022-08-21 19:33:49,068 : EventManager : Event: ======'machine_var_audits_switches_s_right_flipper'====== Args={'value': 31689, 'prev_value': 31688, 'change': 1}
2022-08-21 19:33:50,178 : EventManager : Event: ======'machine_var_audits_switches_s_right_flipper'====== Args={'value': 31690, 'prev_value': 31689, 'change': 1}
2022-08-21 19:33:52,370 : EventManager : Event: ======'machine_var_audits_switches_s_right_flipper'====== Args={'value': 31691, 'prev_value': 31690, 'change': 1}
2022-08-21 19:33:52,705 : EventManager : Event: ======'machine_var_audits_switches_s_left_spinner'====== Args={'value': 20066, 'prev_value': 20065, 'change': 1}
2022-08-21 19:33:52,705 : EventManager : Event: ======'player_score'====== Args={'value': 151410, 'prev_value': 150380, 'change': 1030, 'player_num': 1}
2022-08-21 19:33:52,705 : EventManager : Event: ======'player_switches'====== Args={'value': 24, 'prev_value': 23, 'change': 1, 'player_num': 1}
2022-08-21 19:33:52,705 : EventManager : Event: ======'player_mode_value'====== Args={'value': 1120000, 'prev_value': 1110000, 'change': 10000, 'player_num': 1}
2022-08-21 19:33:52,804 : EventManager : Event: ======'machine_var_audits_switches_s_left_spinner'====== Args={'value': 20067, 'prev_value': 20066, 'change': 1}
2022-08-21 19:33:52,804 : EventManager : Event: ======'player_score'====== Args={'value': 152440, 'prev_value': 151410, 'change': 1030, 'player_num': 1}
2022-08-21 19:33:52,804 : EventManager : Event: ======'player_switches'====== Args={'value': 25, 'prev_value': 24, 'change': 1, 'player_num': 1}
2022-08-21 19:33:52,804 : EventManager : Event: ======'player_mode_value'====== Args={'value': 1130000, 'prev_value': 1120000, 'change': 10000, 'player_num': 1}
2022-08-21 19:33:52,927 : EventManager : Event: ======'machine_var_audits_switches_s_left_spinner'====== Args={'value': 20068, 'prev_value': 20067, 'change': 1}
2022-08-21 19:33:52,927 : EventManager : Event: ======'player_score'====== Args={'value': 153470, 'prev_value': 152440, 'change': 1030, 'player_num': 1}
2022-08-21 19:33:52,927 : EventManager : Event: ======'player_switches'====== Args={'value': 26, 'prev_value': 25, 'change': 1, 'player_num': 1}
2022-08-21 19:33:52,927 : EventManager : Event: ======'player_mode_value'====== Args={'value': 1140000, 'prev_value': 1130000, 'change': 10000, 'player_num': 1}
2022-08-21 19:33:53,076 : EventManager : Event: ======'machine_var_audits_switches_s_left_spinner'====== Args={'value': 20069, 'prev_value': 20068, 'change': 1}
2022-08-21 19:33:53,076 : EventManager : Event: ======'player_score'====== Args={'value': 154500, 'prev_value': 153470, 'change': 1030, 'player_num': 1}
2022-08-21 19:33:53,076 : EventManager : Event: ======'player_switches'====== Args={'value': 27, 'prev_value': 26, 'change': 1, 'player_num': 1}
2022-08-21 19:33:53,076 : EventManager : Event: ======'player_mode_value'====== Args={'value': 1150000, 'prev_value': 1140000, 'change': 10000, 'player_num': 1}
2022-08-21 19:33:53,318 : EventManager : Event: ======'machine_var_audits_switches_s_left_spinner'====== Args={'value': 20070, 'prev_value': 20069, 'change': 1}
2022-08-21 19:33:53,318 : EventManager : Event: ======'player_score'====== Args={'value': 155530, 'prev_value': 154500, 'change': 1030, 'player_num': 1}
2022-08-21 19:33:53,318 : EventManager : Event: ======'player_switches'====== Args={'value': 28, 'prev_value': 27, 'change': 1, 'player_num': 1}
2022-08-21 19:33:53,318 : EventManager : Event: ======'player_mode_value'====== Args={'value': 1160000, 'prev_value': 1150000, 'change': 10000, 'player_num': 1}
2022-08-21 19:33:53,493 : EventManager : Event: ======'machine_var_audits_switches_s_left_inlane_far'====== Args={'value': 3947, 'prev_value': 3946, 'change': 1}
2022-08-21 19:33:53,493 : EventManager : Event: ======'machine_var_audits_shots_galaxy_advance'====== Args={'value': 2098, 'prev_value': 2097, 'change': 1}
2022-08-21 19:33:53,493 : EventManager : Event: ======'player_score'====== Args={'value': 185530, 'prev_value': 155530, 'change': 30000, 'player_num': 1}
2022-08-21 19:33:53,493 : EventManager : Event: ======'player_switches'====== Args={'value': 29, 'prev_value': 28, 'change': 1, 'player_num': 1}
2022-08-21 19:33:53,494 : EventManager : Event: ======'player_combos_combo_timer_tick'====== Args={'value': 6, 'prev_value': 0, 'change': 6, 'player_num': 1}
2022-08-21 19:33:53,512 : EventManager : Event: ======'machine_var_audits_switches_s_left_spinner'====== Args={'value': 20071, 'prev_value': 20070, 'change': 1}
2022-08-21 19:33:53,512 : EventManager : Event: ======'player_score'====== Args={'value': 186560, 'prev_value': 185530, 'change': 1030, 'player_num': 1}
2022-08-21 19:33:53,512 : EventManager : Event: ======'player_switches'====== Args={'value': 30, 'prev_value': 29, 'change': 1, 'player_num': 1}
2022-08-21 19:33:53,513 : EventManager : Event: ======'player_mode_value'====== Args={'value': 1170000, 'prev_value': 1160000, 'change': 10000, 'player_num': 1}
2022-08-21 19:33:53,677 : EventManager : Event: ======'machine_var_audits_switches_s_left_flipper'====== Args={'value': 34250, 'prev_value': 34249, 'change': 1}
2022-08-21 19:33:53,702 : EventManager : Event: ======'machine_var_audits_switches_s_left_spinner'====== Args={'value': 20072, 'prev_value': 20071, 'change': 1}
2022-08-21 19:33:53,702 : EventManager : Event: ======'player_score'====== Args={'value': 187590, 'prev_value': 186560, 'change': 1030, 'player_num': 1}
2022-08-21 19:33:53,702 : EventManager : Event: ======'player_switches'====== Args={'value': 31, 'prev_value': 30, 'change': 1, 'player_num': 1}
2022-08-21 19:33:53,702 : EventManager : Event: ======'player_mode_value'====== Args={'value': 1180000, 'prev_value': 1170000, 'change': 10000, 'player_num': 1}
2022-08-21 19:33:53,978 : EventManager : Event: ======'player_combos_combo_timer_tick'====== Args={'value': 5, 'prev_value': 6, 'change': -1, 'player_num': 1}
2022-08-21 19:33:54,482 : EventManager : Event: ======'player_combos_combo_timer_tick'====== Args={'value': 4, 'prev_value': 5, 'change': -1, 'player_num': 1}
2022-08-21 19:33:54,984 : EventManager : Event: ======'player_combos_combo_timer_tick'====== Args={'value': 3, 'prev_value': 4, 'change': -1, 'player_num': 1}
2022-08-21 19:33:55,475 : EventManager : Event: ======'player_combos_combo_timer_tick'====== Args={'value': 2, 'prev_value': 3, 'change': -1, 'player_num': 1}
2022-08-21 19:33:55,890 : EventManager : Event: ======'machine_var_audits_switches_s_right_flipper'====== Args={'value': 31692, 'prev_value': 31691, 'change': 1}
2022-08-21 19:33:55,977 : EventManager : Event: ======'player_combos_combo_timer_tick'====== Args={'value': 1, 'prev_value': 2, 'change': -1, 'player_num': 1}
2022-08-21 19:33:56,196 : EventManager : Event: ======'machine_var_audits_switches_s_left_spinner'====== Args={'value': 20073, 'prev_value': 20072, 'change': 1}
2022-08-21 19:33:56,196 : EventManager : Event: ======'player_score'====== Args={'value': 197590, 'prev_value': 187590, 'change': 10000, 'player_num': 1}
2022-08-21 19:33:56,196 : EventManager : Event: ======'player_score'====== Args={'value': 198620, 'prev_value': 197590, 'change': 1030, 'player_num': 1}
2022-08-21 19:33:56,196 : EventManager : Event: ======'player_switches'====== Args={'value': 32, 'prev_value': 31, 'change': 1, 'player_num': 1}
2022-08-21 19:33:56,197 : EventManager : Event: ======'player_mode_value'====== Args={'value': 1190000, 'prev_value': 1180000, 'change': 10000, 'player_num': 1}
2022-08-21 19:33:56,480 : EventManager : Event: ======'player_combos_combo_timer_tick'====== Args={'value': 0, 'prev_value': 1, 'change': -1, 'player_num': 1}
2022-08-21 19:33:57,164 : EventManager : Event: ======'machine_var_audits_switches_s_left_flipper'====== Args={'value': 34251, 'prev_value': 34250, 'change': 1}
2022-08-21 19:34:05,726 : EventManager : Event: ======'machine_var_audits_switches_s_left_inlane_far'====== Args={'value': 3948, 'prev_value': 3947, 'change': 1}
2022-08-21 19:34:05,726 : EventManager : Event: ======'machine_var_audits_shots_galaxy_advance'====== Args={'value': 2099, 'prev_value': 2098, 'change': 1}
2022-08-21 19:34:05,738 : EventManager : Event: ======'player_score'====== Args={'value': 228620, 'prev_value': 198620, 'change': 30000, 'player_num': 1}
2022-08-21 19:34:05,738 : EventManager : Event: ======'player_switches'====== Args={'value': 33, 'prev_value': 32, 'change': 1, 'player_num': 1}
2022-08-21 19:34:05,746 : EventManager : Event: ======'player_combos_combo_timer_tick'====== Args={'value': 6, 'prev_value': 0, 'change': 6, 'player_num': 1}
2022-08-21 19:34:06,246 : EventManager : Event: ======'player_combos_combo_timer_tick'====== Args={'value': 5, 'prev_value': 6, 'change': -1, 'player_num': 1}
2022-08-21 19:34:06,738 : EventManager : Event: ======'player_combos_combo_timer_tick'====== Args={'value': 4, 'prev_value': 5, 'change': -1, 'player_num': 1}
2022-08-21 19:34:07,202 : EventManager : Event: ======'machine_var_audits_switches_s_left_spinner'====== Args={'value': 20074, 'prev_value': 20073, 'change': 1}
2022-08-21 19:34:07,202 : EventManager : Event: ======'player_score'====== Args={'value': 238620, 'prev_value': 228620, 'change': 10000, 'player_num': 1}
2022-08-21 19:34:07,202 : EventManager : Event: ======'player_score'====== Args={'value': 239650, 'prev_value': 238620, 'change': 1030, 'player_num': 1}
2022-08-21 19:34:07,202 : EventManager : Event: ======'player_switches'====== Args={'value': 34, 'prev_value': 33, 'change': 1, 'player_num': 1}
2022-08-21 19:34:07,203 : EventManager : Event: ======'player_mode_value'====== Args={'value': 1200000, 'prev_value': 1190000, 'change': 10000, 'player_num': 1}
2022-08-21 19:34:07,238 : EventManager : Event: ======'player_combos_combo_timer_tick'====== Args={'value': 3, 'prev_value': 4, 'change': -1, 'player_num': 1}
2022-08-21 19:34:07,406 : EventManager : Event: ======'machine_var_audits_switches_s_left_spinner'====== Args={'value': 20075, 'prev_value': 20074, 'change': 1}
2022-08-21 19:34:07,406 : EventManager : Event: ======'player_score'====== Args={'value': 249650, 'prev_value': 239650, 'change': 10000, 'player_num': 1}
2022-08-21 19:34:07,406 : EventManager : Event: ======'player_score'====== Args={'value': 250680, 'prev_value': 249650, 'change': 1030, 'player_num': 1}
2022-08-21 19:34:07,406 : EventManager : Event: ======'player_switches'====== Args={'value': 35, 'prev_value': 34, 'change': 1, 'player_num': 1}
2022-08-21 19:34:07,407 : EventManager : Event: ======'player_mode_value'====== Args={'value': 1210000, 'prev_value': 1200000, 'change': 10000, 'player_num': 1}
2022-08-21 19:34:07,583 : EventManager : Event: ======'machine_var_audits_switches_s_left_spinner'====== Args={'value': 20076, 'prev_value': 20075, 'change': 1}
2022-08-21 19:34:07,583 : EventManager : Event: ======'player_score'====== Args={'value': 260680, 'prev_value': 250680, 'change': 10000, 'player_num': 1}
2022-08-21 19:34:07,583 : EventManager : Event: ======'player_score'====== Args={'value': 261710, 'prev_value': 260680, 'change': 1030, 'player_num': 1}
2022-08-21 19:34:07,584 : EventManager : Event: ======'player_switches'====== Args={'value': 36, 'prev_value': 35, 'change': 1, 'player_num': 1}
2022-08-21 19:34:07,584 : EventManager : Event: ======'player_mode_value'====== Args={'value': 1220000, 'prev_value': 1210000, 'change': 10000, 'player_num': 1}
2022-08-21 19:34:07,737 : EventManager : Event: ======'player_combos_combo_timer_tick'====== Args={'value': 2, 'prev_value': 3, 'change': -1, 'player_num': 1}
2022-08-21 19:34:07,788 : EventManager : Event: ======'machine_var_audits_switches_s_left_spinner'====== Args={'value': 20077, 'prev_value': 20076, 'change': 1}
2022-08-21 19:34:07,788 : EventManager : Event: ======'player_score'====== Args={'value': 271710, 'prev_value': 261710, 'change': 10000, 'player_num': 1}
2022-08-21 19:34:07,795 : EventManager : Event: ======'player_score'====== Args={'value': 272740, 'prev_value': 271710, 'change': 1030, 'player_num': 1}
2022-08-21 19:34:07,795 : EventManager : Event: ======'player_switches'====== Args={'value': 37, 'prev_value': 36, 'change': 1, 'player_num': 1}
2022-08-21 19:34:07,796 : EventManager : Event: ======'player_mode_value'====== Args={'value': 1230000, 'prev_value': 1220000, 'change': 10000, 'player_num': 1}
2022-08-21 19:34:07,986 : EventManager : Event: ======'machine_var_audits_switches_s_left_spinner'====== Args={'value': 20078, 'prev_value': 20077, 'change': 1}
2022-08-21 19:34:07,986 : EventManager : Event: ======'player_score'====== Args={'value': 282740, 'prev_value': 272740, 'change': 10000, 'player_num': 1}
2022-08-21 19:34:07,986 : EventManager : Event: ======'player_score'====== Args={'value': 283770, 'prev_value': 282740, 'change': 1030, 'player_num': 1}
2022-08-21 19:34:07,987 : EventManager : Event: ======'player_switches'====== Args={'value': 38, 'prev_value': 37, 'change': 1, 'player_num': 1}
2022-08-21 19:34:07,987 : EventManager : Event: ======'player_mode_value'====== Args={'value': 1240000, 'prev_value': 1230000, 'change': 10000, 'player_num': 1}
2022-08-21 19:34:08,190 : EventManager : Event: ======'machine_var_audits_switches_s_left_spinner'====== Args={'value': 20079, 'prev_value': 20078, 'change': 1}
2022-08-21 19:34:08,190 : EventManager : Event: ======'player_score'====== Args={'value': 293770, 'prev_value': 283770, 'change': 10000, 'player_num': 1}
2022-08-21 19:34:08,190 : EventManager : Event: ======'player_score'====== Args={'value': 294800, 'prev_value': 293770, 'change': 1030, 'player_num': 1}
2022-08-21 19:34:08,190 : EventManager : Event: ======'player_switches'====== Args={'value': 39, 'prev_value': 38, 'change': 1, 'player_num': 1}
2022-08-21 19:34:08,191 : EventManager : Event: ======'player_mode_value'====== Args={'value': 1250000, 'prev_value': 1240000, 'change': 10000, 'player_num': 1}
2022-08-21 19:34:08,239 : EventManager : Event: ======'player_combos_combo_timer_tick'====== Args={'value': 1, 'prev_value': 2, 'change': -1, 'player_num': 1}
2022-08-21 19:34:08,251 : EventManager : Event: ======'machine_var_audits_switches_s_left_inlane_far'====== Args={'value': 3949, 'prev_value': 3948, 'change': 1}
2022-08-21 19:34:08,263 : EventManager : Event: ======'player_combo'====== Args={'value': 1, 'prev_value': 0, 'change': 1, 'player_num': 1}
2022-08-21 19:34:08,263 : EventManager : Event: ======'player_combo_value'====== Args={'value': 25000, 'prev_value': 0, 'change': 25000, 'player_num': 1}
2022-08-21 19:34:08,263 : EventManager : Event: ======'player_score'====== Args={'value': 319800, 'prev_value': 294800, 'change': 25000, 'player_num': 1}
2022-08-21 19:34:08,263 : EventManager : Event: ======'slides_play'====== Args={'settings': {'combo_slide': {'target': None, 'background_color': [0.0, 0.0, 0.0, 1.0], 'priority': None, 'show': True, 'force': False, 'expire': None, 'slide': None, 'tokens': {}, 'action': 'play'}}, 'context': 'combos', 'calling_context': 's_left_inlane_far_active{device.timers.combo_timer.ticks==1}', 'priority': 700}
2022-08-21 19:34:08,264 : EventManager : Event: ======'machine_var_audits_shots_galaxy_advance'====== Args={'value': 2100, 'prev_value': 2099, 'change': 1}
2022-08-21 19:34:08,264 : EventManager : Event: ======'player_score'====== Args={'value': 349800, 'prev_value': 319800, 'change': 30000, 'player_num': 1}
2022-08-21 19:34:08,264 : EventManager : Event: ======'player_switches'====== Args={'value': 40, 'prev_value': 39, 'change': 1, 'player_num': 1}
2022-08-21 19:34:08,264 : EventManager : Event: ======'player_combos_combo_timer_tick'====== Args={'value': 6, 'prev_value': 1, 'change': 5, 'player_num': 1}
2022-08-21 19:34:08,266 : mpfmc : SlidePlayer: Play called with settings={'combo_slide': {'target': None, 'background_color': [0.0, 0.0, 0.0, 1.0], 'priority': None, 'show': True, 'force': False, 'expire': None, 'slide': None, 'tokens': {}, 'action': 'play'}}
2022-08-21 19:34:08,283 : EventManager : Event: ======'slide_combo_slide_created'====== Args={}
2022-08-21 19:34:08,290 : EventManager : Event: ======'slide_combo_slide_active'====== Args={}
2022-08-21 19:34:08,749 : EventManager : Event: ======'player_combos_combo_timer_tick'====== Args={'value': 5, 'prev_value': 6, 'change': -1, 'player_num': 1}
2022-08-21 19:34:09,252 : EventManager : Event: ======'player_combos_combo_timer_tick'====== Args={'value': 4, 'prev_value': 5, 'change': -1, 'player_num': 1}
2022-08-21 19:34:09,679 : EventManager : Event: ======'machine_var_audits_switches_s_left_inlane_far'====== Args={'value': 3950, 'prev_value': 3949, 'change': 1}
2022-08-21 19:34:09,679 : EventManager : Event: ======'player_combo'====== Args={'value': 2, 'prev_value': 1, 'change': 1, 'player_num': 1}
2022-08-21 19:34:09,679 : EventManager : Event: ======'player_combo_value'====== Args={'value': 50000, 'prev_value': 25000, 'change': 25000, 'player_num': 1}
2022-08-21 19:34:09,679 : EventManager : Event: ======'player_score'====== Args={'value': 399800, 'prev_value': 349800, 'change': 50000, 'player_num': 1}
2022-08-21 19:34:09,680 : EventManager : Event: ======'slides_play'====== Args={'settings': {'combo_slide': {'target': None, 'background_color': [0.0, 0.0, 0.0, 1.0], 'priority': None, 'show': True, 'force': False, 'expire': None, 'slide': None, 'tokens': {}, 'action': 'play'}}, 'context': 'combos', 'calling_context': 's_left_inlane_far_active{device.timers.combo_timer.ticks==4}', 'priority': 700}
2022-08-21 19:34:09,680 : EventManager : Event: ======'machine_var_audits_shots_galaxy_advance'====== Args={'value': 2101, 'prev_value': 2100, 'change': 1}
2022-08-21 19:34:09,685 : mpfmc : SlidePlayer: Play called with settings={'combo_slide': {'target': None, 'background_color': [0.0, 0.0, 0.0, 1.0], 'priority': None, 'show': True, 'force': False, 'expire': None, 'slide': None, 'tokens': {}, 'action': 'play'}}
2022-08-21 19:34:09,686 : EventManager : Event: ======'slide_combo_slide_removed'====== Args={}
2022-08-21 19:34:09,702 : EventManager : Event: ======'slide_combo_slide_created'====== Args={}
2022-08-21 19:34:09,712 : EventManager : Event: ======'slide_combo_slide_active'====== Args={}
2022-08-21 19:34:09,725 : EventManager : Event: ======'player_score'====== Args={'value': 429800, 'prev_value': 399800, 'change': 30000, 'player_num': 1}
2022-08-21 19:34:09,725 : EventManager : Event: ======'player_switches'====== Args={'value': 41, 'prev_value': 40, 'change': 1, 'player_num': 1}
2022-08-21 19:34:09,725 : EventManager : Event: ======'player_combos_combo_timer_tick'====== Args={'value': 6, 'prev_value': 4, 'change': 2, 'player_num': 1}
2022-08-21 19:34:09,725 : EventManager : Event: ======'player_playfield_multiplier'====== Args={'value': 2, 'prev_value': 1, 'change': 1, 'player_num': 1}
2022-08-21 19:34:09,725 : EventManager : Event: ======'widgets_play'====== Args={'settings': {'playfield_x_timer_widget': {'priority': 0, 'slide': None, 'action': 'add', 'key': None, 'target': None}}, 'context': 'playfield_multiplier', 'calling_context': 'mode_playfield_multiplier_started', 'priority': 100000}
2022-08-21 19:34:10,179 : EventManager : Event: ======'player_combos_combo_timer_tick'====== Args={'value': 5, 'prev_value': 6, 'change': -1, 'player_num': 1}
2022-08-21 19:34:10,669 : EventManager : Event: ======'player_combos_combo_timer_tick'====== Args={'value': 4, 'prev_value': 5, 'change': -1, 'player_num': 1}
2022-08-21 19:34:10,876 : EventManager : Event: ======'player_playfield_multiplier_playfield_x_timer_tick'====== Args={'value': 74, 'prev_value': 0, 'change': 74, 'player_num': 1}
2022-08-21 19:34:11,171 : EventManager : Event: ======'player_combos_combo_timer_tick'====== Args={'value': 3, 'prev_value': 4, 'change': -1, 'player_num': 1}
2022-08-21 19:34:11,675 : EventManager : Event: ======'player_combos_combo_timer_tick'====== Args={'value': 2, 'prev_value': 3, 'change': -1, 'player_num': 1}
2022-08-21 19:34:11,676 : EventManager : Event: ======'slide_combo_slide_removed'====== Args={}
2022-08-21 19:34:11,676 : EventManager : Event: ======'slide_score_slide_active'====== Args={}
2022-08-21 19:34:11,769 : EventManager : Event: ======'machine_var_audits_switches_s_left_inlane'====== Args={'value': 608, 'prev_value': 607, 'change': 1}
2022-08-21 19:34:11,781 : EventManager : Event: ======'player_shot_l_lane'====== Args={'value': 1, 'prev_value': 0, 'change': 1, 'player_num': 1}
2022-08-21 19:34:11,793 : EventManager : Event: ======'machine_var_audits_shots_l_lane'====== Args={'value': 608, 'prev_value': 607, 'change': 1}
2022-08-21 19:34:11,793 : EventManager : Event: ======'player_score'====== Args={'value': 449800, 'prev_value': 429800, 'change': 20000, 'player_num': 1}
2022-08-21 19:34:11,793 : EventManager : Event: ======'player_switches'====== Args={'value': 42, 'prev_value': 41, 'change': 1, 'player_num': 1}
2022-08-21 19:34:12,080 : EventManager : Event: ======'player_playfield_multiplier_playfield_x_timer_tick'====== Args={'value': 73, 'prev_value': 74, 'change': -1, 'player_num': 1}
2022-08-21 19:34:12,170 : EventManager : Event: ======'player_combos_combo_timer_tick'====== Args={'value': 1, 'prev_value': 2, 'change': -1, 'player_num': 1}
2022-08-21 19:34:12,377 : EventManager : Event: ======'machine_var_audits_switches_s_left_flipper'====== Args={'value': 34252, 'prev_value': 34251, 'change': 1}
2022-08-21 19:34:12,389 : EventManager : Event: ======'player_shot_l_lane'====== Args={'value': 0, 'prev_value': 1, 'change': -1, 'player_num': 1}
2022-08-21 19:34:12,389 : EventManager : Event: ======'player_shot_r_lane'====== Args={'value': 1, 'prev_value': 0, 'change': 1, 'player_num': 1}
2022-08-21 19:34:12,670 : EventManager : Event: ======'player_combos_combo_timer_tick'====== Args={'value': 0, 'prev_value': 1, 'change': -1, 'player_num': 1}
2022-08-21 19:34:13,092 : EventManager : Event: ======'machine_var_audits_switches_s_left_flipper'====== Args={'value': 34253, 'prev_value': 34252, 'change': 1}
2022-08-21 19:34:13,092 : EventManager : Event: ======'player_shot_l_lane'====== Args={'value': 1, 'prev_value': 0, 'change': 1, 'player_num': 1}
2022-08-21 19:34:13,092 : EventManager : Event: ======'player_shot_r_lane'====== Args={'value': 0, 'prev_value': 1, 'change': -1, 'player_num': 1}
2022-08-21 19:34:13,274 : EventManager : Event: ======'player_playfield_multiplier_playfield_x_timer_tick'====== Args={'value': 72, 'prev_value': 73, 'change': -1, 'player_num': 1}
2022-08-21 19:34:14,477 : EventManager : Event: ======'player_playfield_multiplier_playfield_x_timer_tick'====== Args={'value': 71, 'prev_value': 72, 'change': -1, 'player_num': 1}
2022-08-21 19:34:15,687 : EventManager : Event: ======'player_playfield_multiplier_playfield_x_timer_tick'====== Args={'value': 70, 'prev_value': 71, 'change': -1, 'player_num': 1}
2022-08-21 19:34:16,876 : EventManager : Event: ======'player_playfield_multiplier_playfield_x_timer_tick'====== Args={'value': 69, 'prev_value': 70, 'change': -1, 'player_num': 1}
2022-08-21 19:34:17,636 : EventManager : Event: ======'machine_var_audits_switches_s_left_flipper'====== Args={'value': 34254, 'prev_value': 34253, 'change': 1}
2022-08-21 19:34:17,636 : EventManager : Event: ======'player_shot_l_lane'====== Args={'value': 0, 'prev_value': 1, 'change': -1, 'player_num': 1}
2022-08-21 19:34:17,648 : EventManager : Event: ======'player_shot_r_lane'====== Args={'value': 1, 'prev_value': 0, 'change': 1, 'player_num': 1}
2022-08-21 19:34:18,084 : EventManager : Event: ======'player_playfield_multiplier_playfield_x_timer_tick'====== Args={'value': 68, 'prev_value': 69, 'change': -1, 'player_num': 1}
2022-08-21 19:34:18,692 : EventManager : Event: ======'machine_var_audits_switches_s_left_flipper'====== Args={'value': 34255, 'prev_value': 34254, 'change': 1}
2022-08-21 19:34:18,692 : EventManager : Event: ======'player_shot_l_lane'====== Args={'value': 1, 'prev_value': 0, 'change': 1, 'player_num': 1}
2022-08-21 19:34:18,692 : EventManager : Event: ======'player_shot_r_lane'====== Args={'value': 0, 'prev_value': 1, 'change': -1, 'player_num': 1}
2022-08-21 19:34:19,287 : EventManager : Event: ======'player_playfield_multiplier_playfield_x_timer_tick'====== Args={'value': 67, 'prev_value': 68, 'change': -1, 'player_num': 1}
2022-08-21 19:34:19,442 : EventManager : Event: ======'machine_var_audits_switches_s_left_flipper'====== Args={'value': 34256, 'prev_value': 34255, 'change': 1}
2022-08-21 19:34:19,442 : EventManager : Event: ======'player_shot_l_lane'====== Args={'value': 0, 'prev_value': 1, 'change': -1, 'player_num': 1}
2022-08-21 19:34:19,442 : EventManager : Event: ======'player_shot_r_lane'====== Args={'value': 1, 'prev_value': 0, 'change': 1, 'player_num': 1}
2022-08-21 19:34:20,487 : EventManager : Event: ======'player_playfield_multiplier_playfield_x_timer_tick'====== Args={'value': 66, 'prev_value': 67, 'change': -1, 'player_num': 1}
2022-08-21 19:34:20,873 : EventManager : Event: ======'machine_var_audits_switches_s_left_flipper'====== Args={'value': 34257, 'prev_value': 34256, 'change': 1}
2022-08-21 19:34:20,885 : EventManager : Event: ======'player_shot_l_lane'====== Args={'value': 1, 'prev_value': 0, 'change': 1, 'player_num': 1}
2022-08-21 19:34:20,897 : EventManager : Event: ======'player_shot_r_lane'====== Args={'value': 0, 'prev_value': 1, 'change': -1, 'player_num': 1}
2022-08-21 19:34:21,257 : EventManager : Event: ======'machine_var_audits_switches_s_left_flipper'====== Args={'value': 34258, 'prev_value': 34257, 'change': 1}
2022-08-21 19:34:21,269 : EventManager : Event: ======'player_shot_l_lane'====== Args={'value': 0, 'prev_value': 1, 'change': -1, 'player_num': 1}
2022-08-21 19:34:21,269 : EventManager : Event: ======'player_shot_r_lane'====== Args={'value': 1, 'prev_value': 0, 'change': 1, 'player_num': 1}
2022-08-21 19:34:21,682 : EventManager : Event: ======'player_playfield_multiplier_playfield_x_timer_tick'====== Args={'value': 65, 'prev_value': 66, 'change': -1, 'player_num': 1}
2022-08-21 19:34:22,885 : EventManager : Event: ======'player_playfield_multiplier_playfield_x_timer_tick'====== Args={'value': 64, 'prev_value': 65, 'change': -1, 'player_num': 1}
2022-08-21 19:34:22,897 : kivy : Base: Leaving application in progress...
2022-08-21 19:34:23,133 : mpfmc : Stopping...
2022-08-21 19:34:23,133 : EventManager : Event: ======'shutdown'====== Args={}
2022-08-21 19:34:23,133 : AudioInterface : Disabling audio playback
2022-08-21 19:34:23,133 : mpfmc : Loop rate 75.0 Hz
2022-08-21 19:34:23,133 : kivy : MC run loop ended.
2022-08-21 19:34:23,133 : kivy : Stopping child threads... (3 remaining)
2022-08-21 19:34:24,048 : mpfmc : Stopping...
2022-08-21 19:34:24,048 : EventManager : Event: ======'shutdown'====== Args={}
2022-08-21 19:34:24,048 : mpfmc : Loop rate 73.94 Hz
2022-08-21 19:34:24,126 : MPF-MC BCP Server : Stopping BCP sending thread
2022-08-21 19:34:24,220 : kivy : All child threads stopped.
