2022-08-22 17:57:06,848 : kivy : Factory: 186 symbols loaded
2022-08-22 17:57:07,098 : kivy : ImageLoaderFFPy: Using ffpyplayer 4.3.2
2022-08-22 17:57:07,098 : kivy : Image: Providers: img_tex, img_dds, img_sdl2, img_pil, img_ffpyplayer 
2022-08-22 17:57:07,127 : kivy : VideoGstplayer: Using Gstreamer 1.18.0.0
2022-08-22 17:57:07,128 : kivy : Video: Provider: gstplayer
2022-08-22 17:57:07,284 : kivy : Loading MPF-MC controller
2022-08-22 17:57:07,810 : ConfigProcessor : Config spec file cache created: C:\Users\Brendan\AppData\Local\Temp\config_spec.mpf_cache
2022-08-22 17:57:07,810 : YamlMultifileConfigLoader : Machine config file #1: config
2022-08-22 17:57:07,810 : ConfigProcessor : Config file in cache changed: C:\Baby_pacman_code\machine\config\config
2022-08-22 17:57:07,810 : ConfigProcessor : Loading config from file c:\users\brendan\appdata\local\programs\python\python37\lib\site-packages\mpfmc\mcconfig.yaml.
2022-08-22 17:57:07,861 : ConfigProcessor : Loading config: c:\users\brendan\appdata\local\programs\python\python37\lib\site-packages\mpfmc\mcconfig.yaml
2022-08-22 17:57:07,862 : ConfigProcessor : Loading config from file C:\Baby_pacman_code\machine\config\config.
2022-08-22 17:57:07,990 : ConfigProcessor : Loading config: C:\Baby_pacman_code\machine\config\config
2022-08-22 17:57:07,993 : ConfigProcessor : Config file cache created: C:\Users\Brendan\AppData\Local\Temp\e68bda1e95a8aa0185725ca2569cabab.mpf_cache
2022-08-22 17:57:07,993 : ConfigProcessor : Loading config from cache: C:\Users\Brendan\AppData\Local\Temp\467e7647689d29fad6adf949e1f4d51d.mpf_cache
2022-08-22 17:57:07,994 : ConfigProcessor : Loading config from cache: C:\Users\Brendan\AppData\Local\Temp\5550e037aa776b42b91b29b40b356c70.mpf_cache
2022-08-22 17:57:07,994 : ConfigProcessor : Loading config from cache: C:\Users\Brendan\AppData\Local\Temp\15e0c601392b30c3d9ba3ead8131edb5.mpf_cache
2022-08-22 17:57:07,995 : ConfigProcessor : Loading config from cache: C:\Users\Brendan\AppData\Local\Temp\0bf50917c4ef15ab65ee13d6c14e7d7c.mpf_cache
2022-08-22 17:57:07,995 : ConfigProcessor : Loading config from cache: C:\Users\Brendan\AppData\Local\Temp\bc7da7b13b2754e080c2afa0678ac274.mpf_cache
2022-08-22 17:57:07,996 : ConfigProcessor : Loading config from cache: C:\Users\Brendan\AppData\Local\Temp\bbd59d0bb6602ee0c5a89d6f85e6dd42.mpf_cache
2022-08-22 17:57:07,997 : ConfigProcessor : Loading config from cache: C:\Users\Brendan\AppData\Local\Temp\5526c78976fee311c3d05505d75f653d.mpf_cache
2022-08-22 17:57:07,997 : ConfigProcessor : Loading config from cache: C:\Users\Brendan\AppData\Local\Temp\6e95138ae5415fc76b53ebf8fa245fb5.mpf_cache
2022-08-22 17:57:07,998 : ConfigProcessor : Loading config from cache: C:\Users\Brendan\AppData\Local\Temp\1ec1c4dffb383758956493783a9ed391.mpf_cache
2022-08-22 17:57:07,998 : ConfigProcessor : Loading config from cache: C:\Users\Brendan\AppData\Local\Temp\f2aee92728c8017b77c710c804dd7f5a.mpf_cache
2022-08-22 17:57:07,999 : ConfigProcessor : Loading config from cache: C:\Users\Brendan\AppData\Local\Temp\88f57fa1305e9dc100972ec9f84d57fe.mpf_cache
2022-08-22 17:57:08,000 : ConfigProcessor : Loading config from cache: C:\Users\Brendan\AppData\Local\Temp\6e00a9d794d4c3f43a0fc48da04dac60.mpf_cache
2022-08-22 17:57:08,000 : ConfigProcessor : Loading config from cache: C:\Users\Brendan\AppData\Local\Temp\05ef98219fc733c3bcab58726c4b37ef.mpf_cache
2022-08-22 17:57:08,001 : ConfigProcessor : Loading config from cache: C:\Users\Brendan\AppData\Local\Temp\c22d657a5a7bb60632c2be2c735e073b.mpf_cache
2022-08-22 17:57:08,002 : ConfigProcessor : Loading config from cache: C:\Users\Brendan\AppData\Local\Temp\f7d4f5eb9425fe84d2e83a363afd4bdf.mpf_cache
2022-08-22 17:57:08,002 : ConfigProcessor : Loading config from cache: C:\Users\Brendan\AppData\Local\Temp\125f51d329f930ea7bff10973551cc26.mpf_cache
2022-08-22 17:57:08,003 : ConfigProcessor : Loading config from cache: C:\Users\Brendan\AppData\Local\Temp\08e18dfdf4e02cd29cc0cc52be2faaf4.mpf_cache
2022-08-22 17:57:08,003 : ConfigProcessor : Loading config from cache: C:\Users\Brendan\AppData\Local\Temp\f042f5bf6362b9e04d43b40b93a92057.mpf_cache
2022-08-22 17:57:08,004 : ConfigProcessor : Loading config from cache: C:\Users\Brendan\AppData\Local\Temp\60badac06cd62deb71f25fac24b103c2.mpf_cache
2022-08-22 17:57:08,004 : ConfigProcessor : Loading config from cache: C:\Users\Brendan\AppData\Local\Temp\a3ad1aeb679a0686901de8a6ffe784f0.mpf_cache
2022-08-22 17:57:08,005 : ConfigProcessor : Loading config from cache: C:\Users\Brendan\AppData\Local\Temp\d7856287e4ec48fb5adaa65e5f7b2848.mpf_cache
2022-08-22 17:57:08,005 : mpfmc : Mission Pinball Framework Media Controller v0.55.0
2022-08-22 17:57:08,005 : mpfmc : Mission Pinball Framework Game Engine v0.55.0
2022-08-22 17:57:08,006 : mpfmc : Machine path: C:\Baby_pacman_code\machine
2022-08-22 17:57:08,006 : mpfmc : Starting clock at 60.0Hz
2022-08-22 17:57:08,017 : kivy : Text: Provider: sdl2
2022-08-22 17:57:08,050 : kivy : Window: Provider: sdl2
2022-08-22 17:57:08,116 : kivy : GL: Using the "OpenGL" graphics system
2022-08-22 17:57:08,117 : kivy : GL: GLEW initialization succeeded
2022-08-22 17:57:08,117 : kivy : GL: Backend used <glew>
2022-08-22 17:57:08,117 : kivy : GL: OpenGL version <b'3.1.0 - Build 9.17.10.3517'>
2022-08-22 17:57:08,117 : kivy : GL: OpenGL vendor <b'Intel'>
2022-08-22 17:57:08,117 : kivy : GL: OpenGL renderer <b'Intel(R) HD Graphics 2000'>
2022-08-22 17:57:08,117 : kivy : GL: OpenGL parsed version: 3, 1
2022-08-22 17:57:08,118 : kivy : GL: Shading version <b'1.40 - Intel Build 9.17.10.3517'>
2022-08-22 17:57:08,118 : kivy : GL: Texture max size <8192>
2022-08-22 17:57:08,118 : kivy : GL: Texture max units <16>
2022-08-22 17:57:08,184 : kivy : Window: auto add sdl2 input provider
2022-08-22 17:57:08,185 : kivy : Window: virtual keyboard not allowed, single mode, not docked
2022-08-22 17:57:08,336 : AudioInterface : Initialized
2022-08-22 17:57:08,336 : AudioInterface : Loaded SDL 2.0.12
2022-08-22 17:57:08,336 : AudioInterface : Loaded SDL_Mixer 2.0.4
2022-08-22 17:57:08,336 : AudioInterface : Loaded GStreamer 1.18.0.0
2022-08-22 17:57:08,336 : AudioInterface : Loaded GLib 2.62.6
2022-08-22 17:57:08,336 : AudioInterface : Settings requested - rate: 44100, channels: 1, buffer: 2048 samples
2022-08-22 17:57:08,337 : AudioInterface : Settings in use - rate: 44100, channels: 1, buffer: 2048 samples (4096 bytes @ 2 bytes per sample)
2022-08-22 17:57:08,337 : SoundSystem : Setting master volume to 0.0
2022-08-22 17:57:08,337 : SoundSystem : master_volume in sound_system is deprecated and will be removed in the future.
2022-08-22 17:57:08,337 : AudioInterface : Enabling audio playback
2022-08-22 17:57:08,339 : kivy : Base: Start application main loop
2022-08-22 17:57:08,340 : EventManager : Event: ======'display_window1_initialized'====== Args={}
2022-08-22 17:57:08,492 : mpfmc : Display: Setting 'window1' as default display
2022-08-22 17:57:08,499 : mpfmc : ASPECT RATIO MISMATCH: The on-screen window is not the same aspect ratio as the display called 'window1'. The logical display will be scaled from 1366x768 to the window size 1920x1058, and a black bar will make up the difference
2022-08-22 17:57:08,501 : EventManager : Event: ======'displays_initialized'====== Args={}
2022-08-22 17:57:08,503 : EventManager : Event: ======'slide_window1_blank_created'====== Args={}
2022-08-22 17:57:08,503 : EventManager : Event: ======'display_window1_ready'====== Args={}
2022-08-22 17:57:08,511 : EventManager : Event: ======'init_phase_1'====== Args={}
2022-08-22 17:57:08,516 : EventManager : Event: ======'mc_ready'====== Args={}
2022-08-22 17:57:08,516 : EventManager : Event: ======'init_phase_2'====== Args={}
2022-08-22 17:57:08,544 : EventManager : Event: ======'init_phase_3'====== Args={}
2022-08-22 17:57:08,550 : EventManager : Event: ======'init_phase_4'====== Args={}
2022-08-22 17:57:08,550 : EventManager : Event: ======'init_phase_5'====== Args={}
2022-08-22 17:57:08,598 : kivy : GL: NPOT texture support is available
2022-08-22 17:57:08,617 : kivy : GL: Unpack subimage support is available
2022-08-22 17:57:08,649 : EventManager : Event: ======'loading_assets'====== Args={'total': 27, 'loaded': 1, 'remaining': 26, 'percent': 4}
2022-08-22 17:57:08,649 : AssetManager : Loading assets: 1/27 (4%)
2022-08-22 17:57:09,896 : EventManager : Event: ======'loading_assets'====== Args={'total': 27, 'loaded': 2, 'remaining': 25, 'percent': 7}
2022-08-22 17:57:09,896 : AssetManager : Loading assets: 2/27 (7%)
2022-08-22 17:57:11,567 : EventManager : Event: ======'loading_assets'====== Args={'total': 27, 'loaded': 14, 'remaining': 13, 'percent': 52}
2022-08-22 17:57:11,568 : AssetManager : Loading assets: 14/27 (52%)
2022-08-22 17:57:12,371 : EventManager : Event: ======'loading_assets'====== Args={'total': 27, 'loaded': 27, 'remaining': 0, 'percent': 100}
2022-08-22 17:57:12,371 : AssetManager : Asset loading took: 4.032230615615845
2022-08-22 17:57:12,371 : EventManager : Event: ======'asset_loading_complete'====== Args={}
2022-08-22 17:57:12,371 : AssetManager : Loading assets: 27/27 (100%)
2022-08-22 17:57:12,372 : EventManager : Event: ======'init_done'====== Args={}
2022-08-22 17:57:12,372 : MPF-MC BCP Server : Starting up on localhost port 5050
2022-08-22 17:57:12,374 : MPF-MC BCP Server : Waiting for a connection...
2022-08-22 17:57:12,388 : EventManager : Event: ======'client_disconnected'====== Args={'host': '127.0.0.1', 'port': 5050}
2022-08-22 17:57:13,197 : MPF-MC BCP Server : Received connection from: 127.0.0.1:49275
2022-08-22 17:57:13,203 : EventManager : Event: ======'client_connected'====== Args={'host': '127.0.0.1', 'port': 49275}
2022-08-22 17:57:13,216 : EventManager : Event: ======'machine_var_fast_net_firmware'====== Args={'value': '01.05', 'prev_value': None, 'change': True}
2022-08-22 17:57:13,216 : EventManager : Event: ======'machine_var_fast_net_model'====== Args={'value': 'FP-CPU-002-2', 'prev_value': None, 'change': True}
2022-08-22 17:57:13,216 : EventManager : Event: ======'machine_var_fast_rgb_firmware'====== Args={'value': '01.00', 'prev_value': None, 'change': True}
2022-08-22 17:57:13,217 : EventManager : Event: ======'machine_var_fast_rgb_model'====== Args={'value': 'FP-CPU-002-2', 'prev_value': None, 'change': True}
2022-08-22 17:57:13,218 : EventManager : Event: ======'machine_var_credits_string'====== Args={'value': 'FREE PLAY', 'prev_value': None, 'change': True}
2022-08-22 17:57:13,218 : EventManager : Event: ======'machine_var_master_volume'====== Args={'value': 0.5, 'prev_value': None, 'change': True}
2022-08-22 17:57:13,218 : EventManager : Event: ======'machine_var_player1_score'====== Args={'value': 21708080, 'prev_value': None, 'change': True}
2022-08-22 17:57:13,218 : EventManager : Event: ======'machine_var_mpf_version'====== Args={'value': 'MPF v0.55.0', 'prev_value': None, 'change': True}
2022-08-22 17:57:13,218 : EventManager : Event: ======'machine_var_mpf_extended_version'====== Args={'value': 'MPF v0.55.0, Config version:5, Show version: 5, BCP version:1.1', 'prev_value': None, 'change': True}
2022-08-22 17:57:13,219 : EventManager : Event: ======'machine_var_python_version'====== Args={'value': '3.7.8', 'prev_value': None, 'change': True}
2022-08-22 17:57:13,219 : EventManager : Event: ======'machine_var_platform'====== Args={'value': 'Windows-7-6.1.7601-SP1', 'prev_value': None, 'change': True}
2022-08-22 17:57:13,219 : EventManager : Event: ======'machine_var_platform_system'====== Args={'value': 'Windows', 'prev_value': None, 'change': True}
2022-08-22 17:57:13,219 : EventManager : Event: ======'machine_var_platform_release'====== Args={'value': '7', 'prev_value': None, 'change': True}
2022-08-22 17:57:13,219 : EventManager : Event: ======'machine_var_platform_version'====== Args={'value': '6.1.7601', 'prev_value': None, 'change': True}
2022-08-22 17:57:13,220 : EventManager : Event: ======'machine_var_platform_machine'====== Args={'value': 'AMD64', 'prev_value': None, 'change': True}
2022-08-22 17:57:13,220 : EventManager : Event: ======'machine_var_mc_version'====== Args={'value': 'MPF-MC v0.55.0', 'prev_value': None, 'change': True}
2022-08-22 17:57:13,220 : EventManager : Event: ======'machine_var_mc_extended_version'====== Args={'value': 'MPF-MC v0.55.0 (config_version=5, BCP v1.1, Requires MPF v0.55.0-dev.49)', 'prev_value': None, 'change': True}
2022-08-22 17:57:13,220 : SoundSystem : Setting master volume to 0.5
2022-08-22 17:57:13,732 : EventManager : Event: ======'machine_var_audits_events_game_ended'====== Args={'value': 0, 'prev_value': None, 'change': True}
2022-08-22 17:57:13,732 : EventManager : Event: ======'machine_var_audits_events_game_started'====== Args={'value': 0, 'prev_value': None, 'change': True}
2022-08-22 17:57:13,732 : EventManager : Event: ======'machine_var_audits_player_score'====== Args={'value': {'average': 10302398.705281088, 'top': [198719690, 195274570, 161094530, 160419680, 140071820, 132769060, 132262360, 127113160, 121863670, 115954110], 'total': 587}, 'prev_value': None, 'change': True}
2022-08-22 17:57:13,732 : EventManager : Event: ======'machine_var_audits_shots_center_drop_mission1'====== Args={'value': 550, 'prev_value': None, 'change': True}
2022-08-22 17:57:13,732 : EventManager : Event: ======'machine_var_audits_shots_center_target'====== Args={'value': 175, 'prev_value': None, 'change': True}
2022-08-22 17:57:13,732 : EventManager : Event: ======'machine_var_audits_shots_drop_target1_mission2'====== Args={'value': 226, 'prev_value': None, 'change': True}
2022-08-22 17:57:13,733 : EventManager : Event: ======'machine_var_audits_shots_drop_target2_mission2'====== Args={'value': 266, 'prev_value': None, 'change': True}
2022-08-22 17:57:13,733 : EventManager : Event: ======'machine_var_audits_shots_drop_target3_mission2'====== Args={'value': 307, 'prev_value': None, 'change': True}
2022-08-22 17:57:13,733 : EventManager : Event: ======'machine_var_audits_shots_drop_target4_mission2'====== Args={'value': 272, 'prev_value': None, 'change': True}
2022-08-22 17:57:13,733 : EventManager : Event: ======'machine_var_audits_shots_drop_target5_mission2'====== Args={'value': 235, 'prev_value': None, 'change': True}
2022-08-22 17:57:13,733 : EventManager : Event: ======'machine_var_audits_shots_drop_targets_mission3'====== Args={'value': 1489, 'prev_value': None, 'change': True}
2022-08-22 17:57:13,733 : EventManager : Event: ======'machine_var_audits_shots_galaxy_advance'====== Args={'value': 2429, 'prev_value': None, 'change': True}
2022-08-22 17:57:13,733 : EventManager : Event: ======'machine_var_audits_shots_l_lane'====== Args={'value': 621, 'prev_value': None, 'change': True}
2022-08-22 17:57:13,733 : EventManager : Event: ======'machine_var_audits_shots_left_kicker_mission2'====== Args={'value': 162, 'prev_value': None, 'change': True}
2022-08-22 17:57:13,734 : EventManager : Event: ======'machine_var_audits_shots_left_kicker_mission4'====== Args={'value': 117, 'prev_value': None, 'change': True}
2022-08-22 17:57:13,734 : EventManager : Event: ======'machine_var_audits_shots_left_loop_mission1'====== Args={'value': 615, 'prev_value': None, 'change': True}
2022-08-22 17:57:13,734 : EventManager : Event: ======'machine_var_audits_shots_left_loop_mission2'====== Args={'value': 263, 'prev_value': None, 'change': True}
2022-08-22 17:57:13,734 : EventManager : Event: ======'machine_var_audits_shots_left_loop_mission4'====== Args={'value': 385, 'prev_value': None, 'change': True}
2022-08-22 17:57:13,734 : EventManager : Event: ======'machine_var_audits_shots_portal_advance'====== Args={'value': 4677, 'prev_value': None, 'change': True}
2022-08-22 17:57:13,734 : EventManager : Event: ======'machine_var_audits_shots_r_lane'====== Args={'value': 547, 'prev_value': None, 'change': True}
2022-08-22 17:57:13,734 : EventManager : Event: ======'machine_var_audits_shots_right_kicker_mission2'====== Args={'value': 137, 'prev_value': None, 'change': True}
2022-08-22 17:57:13,734 : EventManager : Event: ======'machine_var_audits_shots_right_kicker_mission4'====== Args={'value': 136, 'prev_value': None, 'change': True}
2022-08-22 17:57:13,734 : EventManager : Event: ======'machine_var_audits_shots_right_loop_mission1'====== Args={'value': 707, 'prev_value': None, 'change': True}
2022-08-22 17:57:13,735 : EventManager : Event: ======'machine_var_audits_shots_right_loop_mission2'====== Args={'value': 310, 'prev_value': None, 'change': True}
2022-08-22 17:57:13,735 : EventManager : Event: ======'machine_var_audits_shots_right_loop_mission4'====== Args={'value': 434, 'prev_value': None, 'change': True}
2022-08-22 17:57:13,735 : EventManager : Event: ======'machine_var_audits_shots_warp_advance'====== Args={'value': 1106, 'prev_value': None, 'change': True}
2022-08-22 17:57:13,744 : EventManager : Event: ======'machine_var_audits_switches_s_action_button'====== Args={'value': 4005, 'prev_value': None, 'change': True}
2022-08-22 17:57:13,744 : EventManager : Event: ======'machine_var_audits_switches_s_drain'====== Args={'value': 2754, 'prev_value': None, 'change': True}
2022-08-22 17:57:13,744 : EventManager : Event: ======'machine_var_audits_switches_s_drop_target1'====== Args={'value': 1877, 'prev_value': None, 'change': True}
2022-08-22 17:57:13,744 : EventManager : Event: ======'machine_var_audits_switches_s_drop_target2'====== Args={'value': 2192, 'prev_value': None, 'change': True}
2022-08-22 17:57:13,744 : EventManager : Event: ======'machine_var_audits_switches_s_drop_target3'====== Args={'value': 2620, 'prev_value': None, 'change': True}
2022-08-22 17:57:13,744 : EventManager : Event: ======'machine_var_audits_switches_s_drop_target4'====== Args={'value': 2089, 'prev_value': None, 'change': True}
2022-08-22 17:57:13,744 : EventManager : Event: ======'machine_var_audits_switches_s_drop_target5'====== Args={'value': 1973, 'prev_value': None, 'change': True}
2022-08-22 17:57:13,744 : EventManager : Event: ======'machine_var_audits_switches_s_left_captive_ball'====== Args={'value': 477, 'prev_value': None, 'change': True}
2022-08-22 17:57:13,745 : EventManager : Event: ======'machine_var_audits_switches_s_left_flipper'====== Args={'value': 34999, 'prev_value': None, 'change': True}
2022-08-22 17:57:13,745 : EventManager : Event: ======'machine_var_audits_switches_s_left_inlane'====== Args={'value': 621, 'prev_value': None, 'change': True}
2022-08-22 17:57:13,745 : EventManager : Event: ======'machine_var_audits_switches_s_left_inlane_far'====== Args={'value': 4316, 'prev_value': None, 'change': True}
2022-08-22 17:57:13,745 : EventManager : Event: ======'machine_var_audits_switches_s_left_kicker'====== Args={'value': 1561, 'prev_value': None, 'change': True}
2022-08-22 17:57:13,745 : EventManager : Event: ======'machine_var_audits_switches_s_left_sling'====== Args={'value': 6937, 'prev_value': None, 'change': True}
2022-08-22 17:57:13,745 : EventManager : Event: ======'machine_var_audits_switches_s_left_spinner'====== Args={'value': 20687, 'prev_value': None, 'change': True}
2022-08-22 17:57:13,745 : EventManager : Event: ======'machine_var_audits_switches_s_right_captive_ball'====== Args={'value': 505, 'prev_value': None, 'change': True}
2022-08-22 17:57:13,745 : EventManager : Event: ======'machine_var_audits_switches_s_right_flipper'====== Args={'value': 32283, 'prev_value': None, 'change': True}
2022-08-22 17:57:13,745 : EventManager : Event: ======'machine_var_audits_switches_s_right_inlane'====== Args={'value': 547, 'prev_value': None, 'change': True}
2022-08-22 17:57:13,745 : EventManager : Event: ======'machine_var_audits_switches_s_right_inlane_far'====== Args={'value': 6304, 'prev_value': None, 'change': True}
2022-08-22 17:57:13,746 : EventManager : Event: ======'machine_var_audits_switches_s_right_kicker'====== Args={'value': 1724, 'prev_value': None, 'change': True}
2022-08-22 17:57:13,746 : EventManager : Event: ======'machine_var_audits_switches_s_right_sling'====== Args={'value': 14156, 'prev_value': None, 'change': True}
2022-08-22 17:57:13,746 : EventManager : Event: ======'machine_var_audits_switches_s_right_spinner'====== Args={'value': 16616, 'prev_value': None, 'change': True}
2022-08-22 17:57:13,746 : EventManager : Event: ======'machine_var_audits_switches_s_start'====== Args={'value': 407, 'prev_value': None, 'change': True}
2022-08-22 17:57:13,756 : EventManager : Event: ======'mc_reset_phase_1'====== Args={}
2022-08-22 17:57:13,756 : EventManager : Event: ======'mc_reset_phase_2'====== Args={}
2022-08-22 17:57:13,756 : EventManager : Event: ======'mc_reset_phase_3'====== Args={}
2022-08-22 17:57:13,756 : EventManager : Event: ======'mc_reset_complete'====== Args={}
2022-08-22 17:57:13,768 : EventManager : Event: ======'slides_play'====== Args={'settings': {'widgets': {'widgets': [{'type': 'text', 'text': 'GAME OVER', 'font_size': 50, 'font_name': 'space_font', '_default_settings': ['type', 'text', 'font_size', 'font_name'], 'x': None, 'y': None, 'anchor_x': 'center', 'anchor_y': 'center', 'round_anchor_x': None, 'round_anchor_y': None, 'opacity': 1.0, 'z': 0, 'reset_animations_events': {}, 'color': [1.0, 1.0, 1.0, 1.0], 'style': [], 'adjust_top': 0, 'adjust_bottom': 0, 'adjust_left': 0, 'adjust_right': 0, 'expire': None, 'key': None, 'widget': None, 'events_when_added': [], 'events_when_removed': [], 'bitmap_font': False, 'font_kerning': True, 'bold': False, 'italic': False, 'number_grouping': False, 'min_digits': 0, 'halign': 'center', 'valign': 'middle', 'rotation': 0, 'scale': 1.0, 'casing': None, 'animations': None}, {'type': 'image', 'image': 'attract_background', '_default_settings': ['type', 'image'], 'x': None, 'y': None, 'anchor_x': 'center', 'anchor_y': 'center', 'round_anchor_x': None, 'round_anchor_y': None, 'opacity': 1.0, 'z': 0, 'reset_animations_events': {}, 'color': [1.0, 1.0, 1.0, 1.0], 'style': [], 'adjust_top': 0, 'adjust_bottom': 0, 'adjust_left': 0, 'adjust_right': 0, 'expire': None, 'key': None, 'widget': None, 'events_when_added': [], 'events_when_removed': [], 'fps': 10, 'loops': -1, 'auto_play': True, 'start_frame': 0, 'rotation': 0, 'scale': 1.0, 'animations': None}], 'target': None, 'background_color': [0.0, 0.0, 0.0, 1.0], 'priority': None, 'show': True, 'force': False, 'expire': None, 'slide': None, 'tokens': {}, 'action': 'play'}}, 'context': 'show_13', 'calling_context': 0, 'priority': 10, 'show_tokens': {}, 'start_time': 2503.582}
2022-08-22 17:57:13,768 : mpfmc : SlidePlayer: Play called with settings={'widgets': {'widgets': [{'type': 'text', 'text': 'GAME OVER', 'font_size': 50, 'font_name': 'space_font', '_default_settings': ['type', 'text', 'font_size', 'font_name'], 'x': None, 'y': None, 'anchor_x': 'center', 'anchor_y': 'center', 'round_anchor_x': None, 'round_anchor_y': None, 'opacity': 1.0, 'z': 0, 'reset_animations_events': {}, 'color': [1.0, 1.0, 1.0, 1.0], 'style': [], 'adjust_top': 0, 'adjust_bottom': 0, 'adjust_left': 0, 'adjust_right': 0, 'expire': None, 'key': None, 'widget': None, 'events_when_added': [], 'events_when_removed': [], 'bitmap_font': False, 'font_kerning': True, 'bold': False, 'italic': False, 'number_grouping': False, 'min_digits': 0, 'halign': 'center', 'valign': 'middle', 'rotation': 0, 'scale': 1.0, 'casing': None, 'animations': None}, {'type': 'image', 'image': 'attract_background', '_default_settings': ['type', 'image'], 'x': None, 'y': None, 'anchor_x': 'center', 'anchor_y': 'center', 'round_anchor_x': None, 'round_anchor_y': None, 'opacity': 1.0, 'z': 0, 'reset_animations_events': {}, 'color': [1.0, 1.0, 1.0, 1.0], 'style': [], 'adjust_top': 0, 'adjust_bottom': 0, 'adjust_left': 0, 'adjust_right': 0, 'expire': None, 'key': None, 'widget': None, 'events_when_added': [], 'events_when_removed': [], 'fps': 10, 'loops': -1, 'auto_play': True, 'start_frame': 0, 'rotation': 0, 'scale': 1.0, 'animations': None}], 'target': None, 'background_color': [0.0, 0.0, 0.0, 1.0], 'priority': None, 'show': True, 'force': False, 'expire': None, 'slide': None, 'tokens': {}, 'action': 'play'}}
2022-08-22 17:57:13,775 : EventManager : Event: ======'slide_show_13.slide_player-0_created'====== Args={}
2022-08-22 17:57:13,777 : EventManager : Event: ======'slide_show_13.slide_player-0_active'====== Args={}
2022-08-22 17:57:14,621 : EventManager : Event: ======'game_started'====== Args={}
2022-08-22 17:57:14,621 : EventManager : Event: ======'slides_clear'====== Args={'context': 'show_13'}
2022-08-22 17:57:14,622 : EventManager : Event: ======'slide_show_13.slide_player-0_removed'====== Args={}
2022-08-22 17:57:14,622 : EventManager : Event: ======'slide_window1_blank_active'====== Args={}
2022-08-22 17:57:14,633 : EventManager : Event: ======'player_added'====== Args={'player': <Player 1>, 'num': 1}
2022-08-22 17:57:14,633 : EventManager : Event: ======'player_index'====== Args={'value': 0, 'prev_value': 0, 'change': 0, 'player_num': 1}
2022-08-22 17:57:14,633 : EventManager : Event: ======'player_number'====== Args={'value': 1, 'prev_value': 1, 'change': 0, 'player_num': 1}
2022-08-22 17:57:14,634 : EventManager : Event: ======'player_score'====== Args={'value': 0, 'prev_value': 0, 'change': 0, 'player_num': 1}
2022-08-22 17:57:14,634 : EventManager : Event: ======'player_mode_value'====== Args={'value': 1000000, 'prev_value': 0, 'change': 1000000, 'player_num': 1}
2022-08-22 17:57:14,634 : EventManager : Event: ======'player_bonus_multiplier'====== Args={'value': 1, 'prev_value': 0, 'change': 1, 'player_num': 1}
2022-08-22 17:57:14,646 : EventManager : Event: ======'player_playfield_multiplier'====== Args={'value': 1, 'prev_value': 0, 'change': 1, 'player_num': 1}
2022-08-22 17:57:14,671 : EventManager : Event: ======'player_ball'====== Args={'value': 1, 'prev_value': 0, 'change': 1, 'player_num': 1}
2022-08-22 17:57:14,671 : EventManager : Event: ======'player_turn_start'====== Args={'number': 1, 'player': <Player 1>}
2022-08-22 17:57:14,685 : EventManager : Event: ======'player_shot_l_lane_enabled'====== Args={'value': True, 'prev_value': 0, 'change': 1, 'player_num': 1}
2022-08-22 17:57:14,685 : EventManager : Event: ======'player_shot_r_lane_enabled'====== Args={'value': True, 'prev_value': 0, 'change': 1, 'player_num': 1}
2022-08-22 17:57:14,685 : EventManager : Event: ======'player_shot_center_target_enabled'====== Args={'value': True, 'prev_value': 0, 'change': 1, 'player_num': 1}
2022-08-22 17:57:14,685 : EventManager : Event: ======'player_extra_ball_two_modes_complete_num_awarded'====== Args={'value': 0, 'prev_value': 0, 'change': 0, 'player_num': 1}
2022-08-22 17:57:14,695 : EventManager : Event: ======'sounds_play'====== Args={'settings': {'default': {'action': 'stop', 'priority': 400, 'block': False, 'delay': None, 'track': None, 'volume': None, 'pan': None, 'loops': None, 'start_at': None, 'fade_in': None, 'fade_out': None, 'about_to_finish_time': -1.0, 'max_queue_time': -1.0, 'events_when_played': ['use_sound_setting'], 'events_when_stopped': ['use_sound_setting'], 'events_when_looping': ['use_sound_setting'], 'events_when_about_to_finish': ['use_sound_setting'], 'mode_end_action': 'use_sound_setting', 'key': 'use_sound_setting'}, 'shooter_waiting': {'action': 'play', 'loops': -1, 'priority': None, 'block': False, 'delay': None, 'track': None, 'volume': None, 'pan': None, 'start_at': None, 'fade_in': None, 'fade_out': None, 'about_to_finish_time': -1.0, 'max_queue_time': -1.0, 'events_when_played': ['use_sound_setting'], 'events_when_stopped': ['use_sound_setting'], 'events_when_looping': ['use_sound_setting'], 'events_when_about_to_finish': ['use_sound_setting'], 'mode_end_action': 'use_sound_setting', 'key': 'use_sound_setting'}}, 'context': '_global', 'calling_context': 'ball_started', 'priority': 0, 'player': 1, 'ball': 1, 'balls_remaining': 2, 'is_extra_ball': False}
2022-08-22 17:57:14,708 : EventManager : Event: ======'player_shot_portal_advance_enabled'====== Args={'value': True, 'prev_value': 0, 'change': 1, 'player_num': 1}
2022-08-22 17:57:14,708 : EventManager : Event: ======'player_shot_galaxy_advance_enabled'====== Args={'value': True, 'prev_value': 0, 'change': 1, 'player_num': 1}
2022-08-22 17:57:14,708 : EventManager : Event: ======'player_shot_warp_advance_enabled'====== Args={'value': True, 'prev_value': 0, 'change': 1, 'player_num': 1}
2022-08-22 17:57:14,708 : EventManager : Event: ======'slides_play'====== Args={'settings': {'score_slide': {'target': None, 'background_color': [0.0, 0.0, 0.0, 1.0], 'priority': None, 'show': True, 'force': False, 'expire': None, 'slide': None, 'tokens': {}, 'action': 'play'}}, 'context': 'base', 'calling_context': 'mode_base_started', 'priority': 100, 'player': 1, 'ball': 1, 'balls_remaining': 2, 'is_extra_ball': False}
2022-08-22 17:57:14,708 : mpfmc : SlidePlayer: Play called with settings={'score_slide': {'target': None, 'background_color': [0.0, 0.0, 0.0, 1.0], 'priority': None, 'show': True, 'force': False, 'expire': None, 'slide': None, 'tokens': {}, 'action': 'play'}}
2022-08-22 17:57:14,724 : EventManager : Event: ======'slide_score_slide_created'====== Args={}
2022-08-22 17:57:14,733 : EventManager : Event: ======'slide_score_slide_active'====== Args={}
2022-08-22 17:57:14,740 : EventManager : Event: ======'sounds_play'====== Args={'settings': {'default': {'action': 'play', 'loops': -1, 'track': 'music', 'priority': None, 'block': False, 'delay': None, 'volume': None, 'pan': None, 'start_at': None, 'fade_in': None, 'fade_out': None, 'about_to_finish_time': -1.0, 'max_queue_time': -1.0, 'events_when_played': ['use_sound_setting'], 'events_when_stopped': ['use_sound_setting'], 'events_when_looping': ['use_sound_setting'], 'events_when_about_to_finish': ['use_sound_setting'], 'mode_end_action': 'use_sound_setting', 'key': 'use_sound_setting'}, 'mode_theme': {'action': 'stop', 'priority': None, 'block': False, 'delay': None, 'track': None, 'volume': None, 'pan': None, 'loops': None, 'start_at': None, 'fade_in': None, 'fade_out': None, 'about_to_finish_time': -1.0, 'max_queue_time': -1.0, 'events_when_played': ['use_sound_setting'], 'events_when_stopped': ['use_sound_setting'], 'events_when_looping': ['use_sound_setting'], 'events_when_about_to_finish': ['use_sound_setting'], 'mode_end_action': 'use_sound_setting', 'key': 'use_sound_setting'}}, 'context': '_global', 'calling_context': 'mode_spell_portal_started', 'priority': 0, 'player': 1, 'ball': 1, 'balls_remaining': 2, 'is_extra_ball': False}
2022-08-22 17:57:15,554 : EventManager : Event: ======'machine_var_audits_switches_s_action_button'====== Args={'value': 4006, 'prev_value': 4005, 'change': 1}
2022-08-22 17:57:15,748 : EventManager : Event: ======'sounds_play'====== Args={'settings': {'shooter_waiting': {'action': 'stop', 'priority': None, 'block': False, 'delay': None, 'track': None, 'volume': None, 'pan': None, 'loops': None, 'start_at': None, 'fade_in': None, 'fade_out': None, 'about_to_finish_time': -1.0, 'max_queue_time': -1.0, 'events_when_played': ['use_sound_setting'], 'events_when_stopped': ['use_sound_setting'], 'events_when_looping': ['use_sound_setting'], 'events_when_about_to_finish': ['use_sound_setting'], 'mode_end_action': 'use_sound_setting', 'key': 'use_sound_setting'}, 'default': {'action': 'play', 'loops': -1, 'track': 'music', 'priority': None, 'block': False, 'delay': None, 'volume': None, 'pan': None, 'start_at': None, 'fade_in': None, 'fade_out': None, 'about_to_finish_time': -1.0, 'max_queue_time': -1.0, 'events_when_played': ['use_sound_setting'], 'events_when_stopped': ['use_sound_setting'], 'events_when_looping': ['use_sound_setting'], 'events_when_about_to_finish': ['use_sound_setting'], 'mode_end_action': 'use_sound_setting', 'key': 'use_sound_setting'}}, 'context': '_global', 'calling_context': 's_drain_inactive', 'priority': 0}
2022-08-22 17:57:16,265 : EventManager : Event: ======'machine_var_audits_switches_s_left_sling'====== Args={'value': 6938, 'prev_value': 6937, 'change': 1}
2022-08-22 17:57:16,265 : EventManager : Event: ======'player_score'====== Args={'value': 1110, 'prev_value': 0, 'change': 1110, 'player_num': 1}
2022-08-22 17:57:16,265 : EventManager : Event: ======'player_switches'====== Args={'value': 1, 'prev_value': 0, 'change': 1, 'player_num': 1}
2022-08-22 17:57:16,802 : EventManager : Event: ======'machine_var_audits_switches_s_left_flipper'====== Args={'value': 35000, 'prev_value': 34999, 'change': 1}
2022-08-22 17:57:20,169 : EventManager : Event: ======'machine_var_audits_switches_s_left_flipper'====== Args={'value': 35001, 'prev_value': 35000, 'change': 1}
2022-08-22 17:57:21,446 : EventManager : Event: ======'machine_var_audits_switches_s_right_flipper'====== Args={'value': 32284, 'prev_value': 32283, 'change': 1}
2022-08-22 17:57:23,460 : EventManager : Event: ======'machine_var_audits_switches_s_right_flipper'====== Args={'value': 32285, 'prev_value': 32284, 'change': 1}
2022-08-22 17:57:24,286 : EventManager : Event: ======'machine_var_audits_switches_s_right_flipper'====== Args={'value': 32286, 'prev_value': 32285, 'change': 1}
2022-08-22 17:57:26,133 : EventManager : Event: ======'machine_var_audits_switches_s_right_flipper'====== Args={'value': 32287, 'prev_value': 32286, 'change': 1}
2022-08-22 17:57:26,492 : EventManager : Event: ======'machine_var_audits_switches_s_left_spinner'====== Args={'value': 20688, 'prev_value': 20687, 'change': 1}
2022-08-22 17:57:26,492 : EventManager : Event: ======'player_score'====== Args={'value': 2140, 'prev_value': 1110, 'change': 1030, 'player_num': 1}
2022-08-22 17:57:26,492 : EventManager : Event: ======'player_switches'====== Args={'value': 2, 'prev_value': 1, 'change': 1, 'player_num': 1}
2022-08-22 17:57:26,492 : EventManager : Event: ======'player_mode_value'====== Args={'value': 1010000, 'prev_value': 1000000, 'change': 10000, 'player_num': 1}
2022-08-22 17:57:27,305 : EventManager : Event: ======'machine_var_audits_switches_s_left_inlane_far'====== Args={'value': 4317, 'prev_value': 4316, 'change': 1}
2022-08-22 17:57:27,305 : EventManager : Event: ======'player_shot_galaxy_advance'====== Args={'value': 1, 'prev_value': 0, 'change': 1, 'player_num': 1}
2022-08-22 17:57:27,305 : EventManager : Event: ======'machine_var_audits_shots_galaxy_advance'====== Args={'value': 2430, 'prev_value': 2429, 'change': 1}
2022-08-22 17:57:27,305 : EventManager : Event: ======'player_score'====== Args={'value': 32140, 'prev_value': 2140, 'change': 30000, 'player_num': 1}
2022-08-22 17:57:27,306 : EventManager : Event: ======'player_switches'====== Args={'value': 3, 'prev_value': 2, 'change': 1, 'player_num': 1}
2022-08-22 17:57:27,306 : EventManager : Event: ======'player_combos_combo_timer_tick'====== Args={'value': 6, 'prev_value': 0, 'change': 6, 'player_num': 1}
2022-08-22 17:57:27,802 : EventManager : Event: ======'player_combos_combo_timer_tick'====== Args={'value': 5, 'prev_value': 6, 'change': -1, 'player_num': 1}
2022-08-22 17:57:27,879 : EventManager : Event: ======'machine_var_audits_switches_s_left_flipper'====== Args={'value': 35002, 'prev_value': 35001, 'change': 1}
2022-08-22 17:57:28,304 : EventManager : Event: ======'player_combos_combo_timer_tick'====== Args={'value': 4, 'prev_value': 5, 'change': -1, 'player_num': 1}
2022-08-22 17:57:28,716 : EventManager : Event: ======'machine_var_audits_switches_s_right_kicker'====== Args={'value': 1725, 'prev_value': 1724, 'change': 1}
2022-08-22 17:57:28,716 : EventManager : Event: ======'player_score'====== Args={'value': 47140, 'prev_value': 32140, 'change': 15000, 'player_num': 1}
2022-08-22 17:57:28,805 : EventManager : Event: ======'player_combos_combo_timer_tick'====== Args={'value': 3, 'prev_value': 4, 'change': -1, 'player_num': 1}
2022-08-22 17:57:29,294 : EventManager : Event: ======'player_combos_combo_timer_tick'====== Args={'value': 2, 'prev_value': 3, 'change': -1, 'player_num': 1}
2022-08-22 17:57:29,796 : EventManager : Event: ======'player_combos_combo_timer_tick'====== Args={'value': 1, 'prev_value': 2, 'change': -1, 'player_num': 1}
2022-08-22 17:57:30,299 : EventManager : Event: ======'player_combos_combo_timer_tick'====== Args={'value': 0, 'prev_value': 1, 'change': -1, 'player_num': 1}
2022-08-22 17:57:32,585 : EventManager : Event: ======'machine_var_audits_switches_s_left_flipper'====== Args={'value': 35003, 'prev_value': 35002, 'change': 1}
2022-08-22 17:57:32,947 : EventManager : Event: ======'machine_var_audits_switches_s_drop_target4'====== Args={'value': 2090, 'prev_value': 2089, 'change': 1}
2022-08-22 17:57:32,947 : EventManager : Event: ======'player_score'====== Args={'value': 51640, 'prev_value': 47140, 'change': 4500, 'player_num': 1}
2022-08-22 17:57:32,947 : EventManager : Event: ======'player_switches'====== Args={'value': 4, 'prev_value': 3, 'change': 1, 'player_num': 1}
2022-08-22 17:57:32,966 : EventManager : Event: ======'machine_var_audits_switches_s_drop_target3'====== Args={'value': 2621, 'prev_value': 2620, 'change': 1}
2022-08-22 17:57:32,966 : EventManager : Event: ======'player_shot_warp_advance'====== Args={'value': 1, 'prev_value': 0, 'change': 1, 'player_num': 1}
2022-08-22 17:57:32,966 : EventManager : Event: ======'machine_var_audits_shots_warp_advance'====== Args={'value': 1107, 'prev_value': 1106, 'change': 1}
2022-08-22 17:57:32,966 : EventManager : Event: ======'player_shot_center_target'====== Args={'value': 1, 'prev_value': 0, 'change': 1, 'player_num': 1}
2022-08-22 17:57:32,978 : EventManager : Event: ======'machine_var_audits_shots_center_target'====== Args={'value': 176, 'prev_value': 175, 'change': 1}
2022-08-22 17:57:32,978 : EventManager : Event: ======'player_score'====== Args={'value': 56140, 'prev_value': 51640, 'change': 4500, 'player_num': 1}
2022-08-22 17:57:32,978 : EventManager : Event: ======'player_switches'====== Args={'value': 5, 'prev_value': 4, 'change': 1, 'player_num': 1}
2022-08-22 17:57:33,333 : EventManager : Event: ======'machine_var_audits_switches_s_left_flipper'====== Args={'value': 35004, 'prev_value': 35003, 'change': 1}
2022-08-22 17:57:33,809 : EventManager : Event: ======'machine_var_audits_switches_s_left_sling'====== Args={'value': 6939, 'prev_value': 6938, 'change': 1}
2022-08-22 17:57:33,821 : EventManager : Event: ======'player_score'====== Args={'value': 57250, 'prev_value': 56140, 'change': 1110, 'player_num': 1}
2022-08-22 17:57:33,821 : EventManager : Event: ======'player_switches'====== Args={'value': 6, 'prev_value': 5, 'change': 1, 'player_num': 1}
2022-08-22 17:57:34,523 : EventManager : Event: ======'machine_var_audits_switches_s_left_flipper'====== Args={'value': 35005, 'prev_value': 35004, 'change': 1}
2022-08-22 17:57:35,580 : EventManager : Event: ======'machine_var_audits_switches_s_left_flipper'====== Args={'value': 35006, 'prev_value': 35005, 'change': 1}
2022-08-22 17:57:36,008 : EventManager : Event: ======'machine_var_audits_switches_s_right_sling'====== Args={'value': 14157, 'prev_value': 14156, 'change': 1}
2022-08-22 17:57:36,008 : EventManager : Event: ======'player_score'====== Args={'value': 58360, 'prev_value': 57250, 'change': 1110, 'player_num': 1}
2022-08-22 17:57:36,008 : EventManager : Event: ======'player_switches'====== Args={'value': 7, 'prev_value': 6, 'change': 1, 'player_num': 1}
2022-08-22 17:57:37,124 : EventManager : Event: ======'machine_var_audits_switches_s_left_flipper'====== Args={'value': 35007, 'prev_value': 35006, 'change': 1}
2022-08-22 17:57:37,897 : EventManager : Event: ======'machine_var_audits_switches_s_right_kicker'====== Args={'value': 1726, 'prev_value': 1725, 'change': 1}
2022-08-22 17:57:37,897 : EventManager : Event: ======'player_score'====== Args={'value': 73360, 'prev_value': 58360, 'change': 15000, 'player_num': 1}
2022-08-22 17:57:41,766 : EventManager : Event: ======'machine_var_audits_switches_s_left_flipper'====== Args={'value': 35008, 'prev_value': 35007, 'change': 1}
2022-08-22 17:57:42,139 : EventManager : Event: ======'machine_var_audits_switches_s_right_spinner'====== Args={'value': 16617, 'prev_value': 16616, 'change': 1}
2022-08-22 17:57:42,139 : EventManager : Event: ======'player_score'====== Args={'value': 74390, 'prev_value': 73360, 'change': 1030, 'player_num': 1}
2022-08-22 17:57:42,139 : EventManager : Event: ======'player_switches'====== Args={'value': 8, 'prev_value': 7, 'change': 1, 'player_num': 1}
2022-08-22 17:57:42,139 : EventManager : Event: ======'player_mode_value'====== Args={'value': 1020000, 'prev_value': 1010000, 'change': 10000, 'player_num': 1}
2022-08-22 17:57:42,278 : EventManager : Event: ======'machine_var_audits_switches_s_right_spinner'====== Args={'value': 16618, 'prev_value': 16617, 'change': 1}
2022-08-22 17:57:42,278 : EventManager : Event: ======'player_score'====== Args={'value': 75420, 'prev_value': 74390, 'change': 1030, 'player_num': 1}
2022-08-22 17:57:42,278 : EventManager : Event: ======'player_switches'====== Args={'value': 9, 'prev_value': 8, 'change': 1, 'player_num': 1}
2022-08-22 17:57:42,278 : EventManager : Event: ======'player_mode_value'====== Args={'value': 1030000, 'prev_value': 1020000, 'change': 10000, 'player_num': 1}
2022-08-22 17:57:42,520 : EventManager : Event: ======'machine_var_audits_switches_s_right_spinner'====== Args={'value': 16619, 'prev_value': 16618, 'change': 1}
2022-08-22 17:57:42,520 : EventManager : Event: ======'player_score'====== Args={'value': 76450, 'prev_value': 75420, 'change': 1030, 'player_num': 1}
2022-08-22 17:57:42,520 : EventManager : Event: ======'player_switches'====== Args={'value': 10, 'prev_value': 9, 'change': 1, 'player_num': 1}
2022-08-22 17:57:42,520 : EventManager : Event: ======'player_mode_value'====== Args={'value': 1040000, 'prev_value': 1030000, 'change': 10000, 'player_num': 1}
2022-08-22 17:57:43,145 : EventManager : Event: ======'machine_var_audits_switches_s_right_inlane_far'====== Args={'value': 6305, 'prev_value': 6304, 'change': 1}
2022-08-22 17:57:43,145 : EventManager : Event: ======'player_shot_portal_advance'====== Args={'value': 1, 'prev_value': 0, 'change': 1, 'player_num': 1}
2022-08-22 17:57:43,145 : EventManager : Event: ======'machine_var_audits_shots_portal_advance'====== Args={'value': 4678, 'prev_value': 4677, 'change': 1}
2022-08-22 17:57:43,145 : EventManager : Event: ======'player_score'====== Args={'value': 106450, 'prev_value': 76450, 'change': 30000, 'player_num': 1}
2022-08-22 17:57:43,146 : EventManager : Event: ======'player_switches'====== Args={'value': 11, 'prev_value': 10, 'change': 1, 'player_num': 1}
2022-08-22 17:57:43,146 : EventManager : Event: ======'player_combos_combo_timer_tick'====== Args={'value': 6, 'prev_value': 0, 'change': 6, 'player_num': 1}
2022-08-22 17:57:43,641 : EventManager : Event: ======'player_combos_combo_timer_tick'====== Args={'value': 5, 'prev_value': 6, 'change': -1, 'player_num': 1}
2022-08-22 17:57:43,770 : EventManager : Event: ======'machine_var_audits_switches_s_right_flipper'====== Args={'value': 32288, 'prev_value': 32287, 'change': 1}
2022-08-22 17:57:44,130 : EventManager : Event: ======'machine_var_audits_switches_s_drop_target1'====== Args={'value': 1878, 'prev_value': 1877, 'change': 1}
2022-08-22 17:57:44,130 : EventManager : Event: ======'player_score'====== Args={'value': 110950, 'prev_value': 106450, 'change': 4500, 'player_num': 1}
2022-08-22 17:57:44,130 : EventManager : Event: ======'player_switches'====== Args={'value': 12, 'prev_value': 11, 'change': 1, 'player_num': 1}
2022-08-22 17:57:44,150 : EventManager : Event: ======'player_combos_combo_timer_tick'====== Args={'value': 4, 'prev_value': 5, 'change': -1, 'player_num': 1}
2022-08-22 17:57:44,422 : EventManager : Event: ======'machine_var_audits_switches_s_left_flipper'====== Args={'value': 35009, 'prev_value': 35008, 'change': 1}
2022-08-22 17:57:44,638 : EventManager : Event: ======'player_combos_combo_timer_tick'====== Args={'value': 3, 'prev_value': 4, 'change': -1, 'player_num': 1}
2022-08-22 17:57:45,128 : EventManager : Event: ======'player_combos_combo_timer_tick'====== Args={'value': 2, 'prev_value': 3, 'change': -1, 'player_num': 1}
2022-08-22 17:57:45,629 : EventManager : Event: ======'player_combos_combo_timer_tick'====== Args={'value': 1, 'prev_value': 2, 'change': -1, 'player_num': 1}
2022-08-22 17:57:45,769 : EventManager : Event: ======'machine_var_audits_switches_s_left_flipper'====== Args={'value': 35010, 'prev_value': 35009, 'change': 1}
2022-08-22 17:57:46,129 : EventManager : Event: ======'player_combos_combo_timer_tick'====== Args={'value': 0, 'prev_value': 1, 'change': -1, 'player_num': 1}
2022-08-22 17:57:46,773 : EventManager : Event: ======'machine_var_audits_switches_s_right_kicker'====== Args={'value': 1727, 'prev_value': 1726, 'change': 1}
2022-08-22 17:57:46,773 : EventManager : Event: ======'player_score'====== Args={'value': 125950, 'prev_value': 110950, 'change': 15000, 'player_num': 1}
2022-08-22 17:57:49,843 : EventManager : Event: ======'machine_var_audits_switches_s_left_flipper'====== Args={'value': 35011, 'prev_value': 35010, 'change': 1}
2022-08-22 17:57:50,889 : EventManager : Event: ======'machine_var_audits_switches_s_left_flipper'====== Args={'value': 35012, 'prev_value': 35011, 'change': 1}
2022-08-22 17:57:51,210 : EventManager : Event: ======'machine_var_audits_switches_s_left_spinner'====== Args={'value': 20689, 'prev_value': 20688, 'change': 1}
2022-08-22 17:57:51,210 : EventManager : Event: ======'player_score'====== Args={'value': 126980, 'prev_value': 125950, 'change': 1030, 'player_num': 1}
2022-08-22 17:57:51,210 : EventManager : Event: ======'player_switches'====== Args={'value': 13, 'prev_value': 12, 'change': 1, 'player_num': 1}
2022-08-22 17:57:51,210 : EventManager : Event: ======'player_mode_value'====== Args={'value': 1050000, 'prev_value': 1040000, 'change': 10000, 'player_num': 1}
2022-08-22 17:57:51,283 : EventManager : Event: ======'machine_var_audits_switches_s_left_spinner'====== Args={'value': 20690, 'prev_value': 20689, 'change': 1}
2022-08-22 17:57:51,295 : EventManager : Event: ======'player_score'====== Args={'value': 128010, 'prev_value': 126980, 'change': 1030, 'player_num': 1}
2022-08-22 17:57:51,295 : EventManager : Event: ======'player_switches'====== Args={'value': 14, 'prev_value': 13, 'change': 1, 'player_num': 1}
2022-08-22 17:57:51,295 : EventManager : Event: ======'player_mode_value'====== Args={'value': 1060000, 'prev_value': 1050000, 'change': 10000, 'player_num': 1}
2022-08-22 17:57:51,392 : EventManager : Event: ======'machine_var_audits_switches_s_left_spinner'====== Args={'value': 20691, 'prev_value': 20690, 'change': 1}
2022-08-22 17:57:51,392 : EventManager : Event: ======'player_score'====== Args={'value': 129040, 'prev_value': 128010, 'change': 1030, 'player_num': 1}
2022-08-22 17:57:51,400 : EventManager : Event: ======'player_switches'====== Args={'value': 15, 'prev_value': 14, 'change': 1, 'player_num': 1}
2022-08-22 17:57:51,400 : EventManager : Event: ======'player_mode_value'====== Args={'value': 1070000, 'prev_value': 1060000, 'change': 10000, 'player_num': 1}
2022-08-22 17:57:51,518 : EventManager : Event: ======'machine_var_audits_switches_s_left_spinner'====== Args={'value': 20692, 'prev_value': 20691, 'change': 1}
2022-08-22 17:57:51,530 : EventManager : Event: ======'player_score'====== Args={'value': 130070, 'prev_value': 129040, 'change': 1030, 'player_num': 1}
2022-08-22 17:57:51,530 : EventManager : Event: ======'player_switches'====== Args={'value': 16, 'prev_value': 15, 'change': 1, 'player_num': 1}
2022-08-22 17:57:51,530 : EventManager : Event: ======'player_mode_value'====== Args={'value': 1080000, 'prev_value': 1070000, 'change': 10000, 'player_num': 1}
2022-08-22 17:57:51,704 : EventManager : Event: ======'machine_var_audits_switches_s_left_spinner'====== Args={'value': 20693, 'prev_value': 20692, 'change': 1}
2022-08-22 17:57:51,704 : EventManager : Event: ======'player_score'====== Args={'value': 131100, 'prev_value': 130070, 'change': 1030, 'player_num': 1}
2022-08-22 17:57:51,704 : EventManager : Event: ======'player_switches'====== Args={'value': 17, 'prev_value': 16, 'change': 1, 'player_num': 1}
2022-08-22 17:57:51,704 : EventManager : Event: ======'player_mode_value'====== Args={'value': 1090000, 'prev_value': 1080000, 'change': 10000, 'player_num': 1}
2022-08-22 17:57:51,908 : EventManager : Event: ======'machine_var_audits_switches_s_left_spinner'====== Args={'value': 20694, 'prev_value': 20693, 'change': 1}
2022-08-22 17:57:51,908 : EventManager : Event: ======'player_score'====== Args={'value': 132130, 'prev_value': 131100, 'change': 1030, 'player_num': 1}
2022-08-22 17:57:51,908 : EventManager : Event: ======'player_switches'====== Args={'value': 18, 'prev_value': 17, 'change': 1, 'player_num': 1}
2022-08-22 17:57:51,908 : EventManager : Event: ======'player_mode_value'====== Args={'value': 1100000, 'prev_value': 1090000, 'change': 10000, 'player_num': 1}
2022-08-22 17:57:51,944 : EventManager : Event: ======'machine_var_audits_switches_s_left_inlane_far'====== Args={'value': 4318, 'prev_value': 4317, 'change': 1}
2022-08-22 17:57:51,944 : EventManager : Event: ======'machine_var_audits_shots_galaxy_advance'====== Args={'value': 2431, 'prev_value': 2430, 'change': 1}
2022-08-22 17:57:51,944 : EventManager : Event: ======'player_score'====== Args={'value': 162130, 'prev_value': 132130, 'change': 30000, 'player_num': 1}
2022-08-22 17:57:51,944 : EventManager : Event: ======'player_switches'====== Args={'value': 19, 'prev_value': 18, 'change': 1, 'player_num': 1}
2022-08-22 17:57:51,945 : EventManager : Event: ======'player_combos_combo_timer_tick'====== Args={'value': 6, 'prev_value': 0, 'change': 6, 'player_num': 1}
2022-08-22 17:57:52,105 : EventManager : Event: ======'machine_var_audits_switches_s_left_spinner'====== Args={'value': 20695, 'prev_value': 20694, 'change': 1}
2022-08-22 17:57:52,105 : EventManager : Event: ======'machine_var_audits_switches_s_left_flipper'====== Args={'value': 35013, 'prev_value': 35012, 'change': 1}
2022-08-22 17:57:52,105 : EventManager : Event: ======'player_score'====== Args={'value': 163160, 'prev_value': 162130, 'change': 1030, 'player_num': 1}
2022-08-22 17:57:52,105 : EventManager : Event: ======'player_switches'====== Args={'value': 20, 'prev_value': 19, 'change': 1, 'player_num': 1}
2022-08-22 17:57:52,106 : EventManager : Event: ======'player_mode_value'====== Args={'value': 1110000, 'prev_value': 1100000, 'change': 10000, 'player_num': 1}
2022-08-22 17:57:52,312 : EventManager : Event: ======'machine_var_audits_switches_s_left_spinner'====== Args={'value': 20696, 'prev_value': 20695, 'change': 1}
2022-08-22 17:57:52,312 : EventManager : Event: ======'player_score'====== Args={'value': 164190, 'prev_value': 163160, 'change': 1030, 'player_num': 1}
2022-08-22 17:57:52,312 : EventManager : Event: ======'player_switches'====== Args={'value': 21, 'prev_value': 20, 'change': 1, 'player_num': 1}
2022-08-22 17:57:52,312 : EventManager : Event: ======'player_mode_value'====== Args={'value': 1120000, 'prev_value': 1110000, 'change': 10000, 'player_num': 1}
2022-08-22 17:57:52,437 : EventManager : Event: ======'player_combos_combo_timer_tick'====== Args={'value': 5, 'prev_value': 6, 'change': -1, 'player_num': 1}
2022-08-22 17:57:52,849 : EventManager : Event: ======'machine_var_audits_switches_s_right_inlane_far'====== Args={'value': 6306, 'prev_value': 6305, 'change': 1}
2022-08-22 17:57:52,849 : EventManager : Event: ======'machine_var_audits_shots_portal_advance'====== Args={'value': 4679, 'prev_value': 4678, 'change': 1}
2022-08-22 17:57:52,861 : EventManager : Event: ======'player_score'====== Args={'value': 194190, 'prev_value': 164190, 'change': 30000, 'player_num': 1}
2022-08-22 17:57:52,861 : EventManager : Event: ======'player_switches'====== Args={'value': 22, 'prev_value': 21, 'change': 1, 'player_num': 1}
2022-08-22 17:57:52,861 : EventManager : Event: ======'player_combos_combo_timer_tick'====== Args={'value': 6, 'prev_value': 5, 'change': 1, 'player_num': 1}
2022-08-22 17:57:53,350 : EventManager : Event: ======'player_combos_combo_timer_tick'====== Args={'value': 5, 'prev_value': 6, 'change': -1, 'player_num': 1}
2022-08-22 17:57:53,659 : EventManager : Event: ======'machine_var_audits_switches_s_right_inlane_far'====== Args={'value': 6307, 'prev_value': 6306, 'change': 1}
2022-08-22 17:57:53,659 : EventManager : Event: ======'machine_var_audits_shots_portal_advance'====== Args={'value': 4680, 'prev_value': 4679, 'change': 1}
2022-08-22 17:57:53,659 : EventManager : Event: ======'player_score'====== Args={'value': 224190, 'prev_value': 194190, 'change': 30000, 'player_num': 1}
2022-08-22 17:57:53,659 : EventManager : Event: ======'player_switches'====== Args={'value': 23, 'prev_value': 22, 'change': 1, 'player_num': 1}
2022-08-22 17:57:53,660 : EventManager : Event: ======'player_combos_combo_timer_tick'====== Args={'value': 6, 'prev_value': 5, 'change': 1, 'player_num': 1}
2022-08-22 17:57:54,156 : EventManager : Event: ======'player_combos_combo_timer_tick'====== Args={'value': 5, 'prev_value': 6, 'change': -1, 'player_num': 1}
2022-08-22 17:57:54,362 : EventManager : Event: ======'machine_var_audits_switches_s_right_flipper'====== Args={'value': 32289, 'prev_value': 32288, 'change': 1}
2022-08-22 17:57:54,645 : EventManager : Event: ======'player_combos_combo_timer_tick'====== Args={'value': 4, 'prev_value': 5, 'change': -1, 'player_num': 1}
2022-08-22 17:57:55,150 : EventManager : Event: ======'player_combos_combo_timer_tick'====== Args={'value': 3, 'prev_value': 4, 'change': -1, 'player_num': 1}
2022-08-22 17:57:55,188 : EventManager : Event: ======'machine_var_audits_switches_s_left_kicker'====== Args={'value': 1562, 'prev_value': 1561, 'change': 1}
2022-08-22 17:57:55,188 : EventManager : Event: ======'player_score'====== Args={'value': 239190, 'prev_value': 224190, 'change': 15000, 'player_num': 1}
2022-08-22 17:57:55,208 : EventManager : Event: ======'slides_play'====== Args={'settings': {'select_mission1': {'target': None, 'background_color': [0.0, 0.0, 0.0, 1.0], 'priority': None, 'show': True, 'force': False, 'expire': None, 'slide': None, 'tokens': {}, 'action': 'play'}}, 'context': 'carousel', 'calling_context': 'carousel_mission1_highlighted', 'priority': 90000, 'direction': None}
2022-08-22 17:57:55,208 : mpfmc : SlidePlayer: Play called with settings={'select_mission1': {'target': None, 'background_color': [0.0, 0.0, 0.0, 1.0], 'priority': None, 'show': True, 'force': False, 'expire': None, 'slide': None, 'tokens': {}, 'action': 'play'}}
2022-08-22 17:57:55,223 : EventManager : Event: ======'slide_select_mission1_created'====== Args={}
2022-08-22 17:57:55,227 : EventManager : Event: ======'slide_select_mission1_active'====== Args={}
2022-08-22 17:57:55,704 : EventManager : Event: ======'player_combos_combo_timer_tick'====== Args={'value': 2, 'prev_value': 3, 'change': -1, 'player_num': 1}
2022-08-22 17:57:56,165 : EventManager : Event: ======'player_combos_combo_timer_tick'====== Args={'value': 1, 'prev_value': 2, 'change': -1, 'player_num': 1}
2022-08-22 17:57:56,650 : EventManager : Event: ======'player_combos_combo_timer_tick'====== Args={'value': 0, 'prev_value': 1, 'change': -1, 'player_num': 1}
2022-08-22 17:58:00,234 : kivy : Base: Leaving application in progress...
2022-08-22 17:58:00,563 : mpfmc : Stopping...
2022-08-22 17:58:00,563 : EventManager : Event: ======'shutdown'====== Args={}
2022-08-22 17:58:00,563 : AudioInterface : Disabling audio playback
2022-08-22 17:58:00,563 : mpfmc : Loop rate 70.08 Hz
2022-08-22 17:58:00,563 : kivy : MC run loop ended.
2022-08-22 17:58:00,563 : kivy : Stopping child threads... (3 remaining)
2022-08-22 17:58:01,275 : mpfmc : Stopping...
2022-08-22 17:58:01,275 : EventManager : Event: ======'shutdown'====== Args={}
2022-08-22 17:58:01,275 : mpfmc : Loop rate 69.14 Hz
2022-08-22 17:58:01,556 : MPF-MC BCP Server : Stopping BCP sending thread
2022-08-22 17:58:01,650 : kivy : All child threads stopped.
