2022-08-22 17:37:55,794 : kivy : Factory: 186 symbols loaded
2022-08-22 17:37:55,934 : kivy : ImageLoaderFFPy: Using ffpyplayer 4.3.2
2022-08-22 17:37:55,950 : kivy : Image: Providers: img_tex, img_dds, img_sdl2, img_pil, img_ffpyplayer 
2022-08-22 17:37:55,980 : kivy : VideoGstplayer: Using Gstreamer 1.18.0.0
2022-08-22 17:37:55,980 : kivy : Video: Provider: gstplayer
2022-08-22 17:37:56,131 : kivy : Loading MPF-MC controller
2022-08-22 17:37:56,647 : ConfigProcessor : Config spec file cache created: C:\Users\Brendan\AppData\Local\Temp\config_spec.mpf_cache
2022-08-22 17:37:56,647 : YamlMultifileConfigLoader : Machine config file #1: config
2022-08-22 17:37:56,648 : ConfigProcessor : Config file in cache changed: C:\Baby_pacman_code\machine\config\config
2022-08-22 17:37:56,648 : ConfigProcessor : Loading config from file c:\users\brendan\appdata\local\programs\python\python37\lib\site-packages\mpfmc\mcconfig.yaml.
2022-08-22 17:37:56,698 : ConfigProcessor : Loading config: c:\users\brendan\appdata\local\programs\python\python37\lib\site-packages\mpfmc\mcconfig.yaml
2022-08-22 17:37:56,699 : ConfigProcessor : Loading config from file C:\Baby_pacman_code\machine\config\config.
2022-08-22 17:37:56,825 : ConfigProcessor : Loading config: C:\Baby_pacman_code\machine\config\config
2022-08-22 17:37:56,828 : ConfigProcessor : Config file cache created: C:\Users\Brendan\AppData\Local\Temp\e68bda1e95a8aa0185725ca2569cabab.mpf_cache
2022-08-22 17:37:56,828 : ConfigProcessor : Loading config from cache: C:\Users\Brendan\AppData\Local\Temp\467e7647689d29fad6adf949e1f4d51d.mpf_cache
2022-08-22 17:37:56,829 : ConfigProcessor : Loading config from cache: C:\Users\Brendan\AppData\Local\Temp\5550e037aa776b42b91b29b40b356c70.mpf_cache
2022-08-22 17:37:56,829 : ConfigProcessor : Loading config from cache: C:\Users\Brendan\AppData\Local\Temp\15e0c601392b30c3d9ba3ead8131edb5.mpf_cache
2022-08-22 17:37:56,830 : ConfigProcessor : Loading config from cache: C:\Users\Brendan\AppData\Local\Temp\0bf50917c4ef15ab65ee13d6c14e7d7c.mpf_cache
2022-08-22 17:37:56,831 : ConfigProcessor : Loading config from cache: C:\Users\Brendan\AppData\Local\Temp\bc7da7b13b2754e080c2afa0678ac274.mpf_cache
2022-08-22 17:37:56,831 : ConfigProcessor : Loading config from cache: C:\Users\Brendan\AppData\Local\Temp\bbd59d0bb6602ee0c5a89d6f85e6dd42.mpf_cache
2022-08-22 17:37:56,832 : ConfigProcessor : Loading config from cache: C:\Users\Brendan\AppData\Local\Temp\5526c78976fee311c3d05505d75f653d.mpf_cache
2022-08-22 17:37:56,832 : ConfigProcessor : Loading config from cache: C:\Users\Brendan\AppData\Local\Temp\6e95138ae5415fc76b53ebf8fa245fb5.mpf_cache
2022-08-22 17:37:56,833 : ConfigProcessor : Loading config from cache: C:\Users\Brendan\AppData\Local\Temp\1ec1c4dffb383758956493783a9ed391.mpf_cache
2022-08-22 17:37:56,833 : ConfigProcessor : Loading config from cache: C:\Users\Brendan\AppData\Local\Temp\f2aee92728c8017b77c710c804dd7f5a.mpf_cache
2022-08-22 17:37:56,834 : ConfigProcessor : Loading config from cache: C:\Users\Brendan\AppData\Local\Temp\88f57fa1305e9dc100972ec9f84d57fe.mpf_cache
2022-08-22 17:37:56,835 : ConfigProcessor : Loading config from cache: C:\Users\Brendan\AppData\Local\Temp\6e00a9d794d4c3f43a0fc48da04dac60.mpf_cache
2022-08-22 17:37:56,836 : ConfigProcessor : Loading config from cache: C:\Users\Brendan\AppData\Local\Temp\05ef98219fc733c3bcab58726c4b37ef.mpf_cache
2022-08-22 17:37:56,836 : ConfigProcessor : Loading config from cache: C:\Users\Brendan\AppData\Local\Temp\c22d657a5a7bb60632c2be2c735e073b.mpf_cache
2022-08-22 17:37:56,837 : ConfigProcessor : Loading config from cache: C:\Users\Brendan\AppData\Local\Temp\f7d4f5eb9425fe84d2e83a363afd4bdf.mpf_cache
2022-08-22 17:37:56,837 : ConfigProcessor : Loading config from cache: C:\Users\Brendan\AppData\Local\Temp\125f51d329f930ea7bff10973551cc26.mpf_cache
2022-08-22 17:37:56,838 : ConfigProcessor : Loading config from cache: C:\Users\Brendan\AppData\Local\Temp\08e18dfdf4e02cd29cc0cc52be2faaf4.mpf_cache
2022-08-22 17:37:56,838 : ConfigProcessor : Loading config from cache: C:\Users\Brendan\AppData\Local\Temp\f042f5bf6362b9e04d43b40b93a92057.mpf_cache
2022-08-22 17:37:56,839 : ConfigProcessor : Loading config from cache: C:\Users\Brendan\AppData\Local\Temp\60badac06cd62deb71f25fac24b103c2.mpf_cache
2022-08-22 17:37:56,839 : ConfigProcessor : Loading config from cache: C:\Users\Brendan\AppData\Local\Temp\a3ad1aeb679a0686901de8a6ffe784f0.mpf_cache
2022-08-22 17:37:56,840 : ConfigProcessor : Loading config from cache: C:\Users\Brendan\AppData\Local\Temp\d7856287e4ec48fb5adaa65e5f7b2848.mpf_cache
2022-08-22 17:37:56,840 : mpfmc : Mission Pinball Framework Media Controller v0.55.0
2022-08-22 17:37:56,840 : mpfmc : Mission Pinball Framework Game Engine v0.55.0
2022-08-22 17:37:56,841 : mpfmc : Machine path: C:\Baby_pacman_code\machine
2022-08-22 17:37:56,841 : mpfmc : Starting clock at 60.0Hz
2022-08-22 17:37:56,852 : kivy : Text: Provider: sdl2
2022-08-22 17:37:56,885 : kivy : Window: Provider: sdl2
2022-08-22 17:37:56,976 : kivy : GL: Using the "OpenGL" graphics system
2022-08-22 17:37:56,976 : kivy : GL: GLEW initialization succeeded
2022-08-22 17:37:56,977 : kivy : GL: Backend used <glew>
2022-08-22 17:37:56,977 : kivy : GL: OpenGL version <b'3.1.0 - Build 9.17.10.3517'>
2022-08-22 17:37:56,977 : kivy : GL: OpenGL vendor <b'Intel'>
2022-08-22 17:37:56,977 : kivy : GL: OpenGL renderer <b'Intel(R) HD Graphics 2000'>
2022-08-22 17:37:56,977 : kivy : GL: OpenGL parsed version: 3, 1
2022-08-22 17:37:56,977 : kivy : GL: Shading version <b'1.40 - Intel Build 9.17.10.3517'>
2022-08-22 17:37:56,977 : kivy : GL: Texture max size <8192>
2022-08-22 17:37:56,977 : kivy : GL: Texture max units <16>
2022-08-22 17:37:57,040 : kivy : Window: auto add sdl2 input provider
2022-08-22 17:37:57,040 : kivy : Window: virtual keyboard not allowed, single mode, not docked
2022-08-22 17:37:57,190 : AudioInterface : Initialized
2022-08-22 17:37:57,190 : AudioInterface : Loaded SDL 2.0.12
2022-08-22 17:37:57,190 : AudioInterface : Loaded SDL_Mixer 2.0.4
2022-08-22 17:37:57,190 : AudioInterface : Loaded GStreamer 1.18.0.0
2022-08-22 17:37:57,190 : AudioInterface : Loaded GLib 2.62.6
2022-08-22 17:37:57,190 : AudioInterface : Settings requested - rate: 44100, channels: 1, buffer: 2048 samples
2022-08-22 17:37:57,190 : AudioInterface : Settings in use - rate: 44100, channels: 1, buffer: 2048 samples (4096 bytes @ 2 bytes per sample)
2022-08-22 17:37:57,191 : SoundSystem : Setting master volume to 0.0
2022-08-22 17:37:57,191 : SoundSystem : master_volume in sound_system is deprecated and will be removed in the future.
2022-08-22 17:37:57,191 : AudioInterface : Enabling audio playback
2022-08-22 17:37:57,193 : kivy : Base: Start application main loop
2022-08-22 17:37:57,194 : EventManager : Event: ======'display_window1_initialized'====== Args={}
2022-08-22 17:37:57,334 : mpfmc : Display: Setting 'window1' as default display
2022-08-22 17:37:57,341 : mpfmc : ASPECT RATIO MISMATCH: The on-screen window is not the same aspect ratio as the display called 'window1'. The logical display will be scaled from 1366x768 to the window size 1920x1058, and a black bar will make up the difference
2022-08-22 17:37:57,342 : EventManager : Event: ======'displays_initialized'====== Args={}
2022-08-22 17:37:57,344 : EventManager : Event: ======'slide_window1_blank_created'====== Args={}
2022-08-22 17:37:57,344 : EventManager : Event: ======'display_window1_ready'====== Args={}
2022-08-22 17:37:57,353 : EventManager : Event: ======'init_phase_1'====== Args={}
2022-08-22 17:37:57,358 : EventManager : Event: ======'mc_ready'====== Args={}
2022-08-22 17:37:57,358 : EventManager : Event: ======'init_phase_2'====== Args={}
2022-08-22 17:37:57,386 : EventManager : Event: ======'init_phase_3'====== Args={}
2022-08-22 17:37:57,392 : EventManager : Event: ======'init_phase_4'====== Args={}
2022-08-22 17:37:57,392 : EventManager : Event: ======'init_phase_5'====== Args={}
2022-08-22 17:37:57,438 : kivy : GL: NPOT texture support is available
2022-08-22 17:37:57,470 : kivy : GL: Unpack subimage support is available
2022-08-22 17:37:57,492 : EventManager : Event: ======'loading_assets'====== Args={'total': 27, 'loaded': 1, 'remaining': 26, 'percent': 4}
2022-08-22 17:37:57,492 : AssetManager : Loading assets: 1/27 (4%)
2022-08-22 17:37:58,623 : EventManager : Event: ======'loading_assets'====== Args={'total': 27, 'loaded': 2, 'remaining': 25, 'percent': 7}
2022-08-22 17:37:58,623 : AssetManager : Loading assets: 2/27 (7%)
2022-08-22 17:38:00,275 : EventManager : Event: ======'loading_assets'====== Args={'total': 27, 'loaded': 14, 'remaining': 13, 'percent': 52}
2022-08-22 17:38:00,276 : AssetManager : Loading assets: 14/27 (52%)
2022-08-22 17:38:01,036 : EventManager : Event: ======'loading_assets'====== Args={'total': 27, 'loaded': 27, 'remaining': 0, 'percent': 100}
2022-08-22 17:38:01,036 : AssetManager : Asset loading took: 3.845219850540161
2022-08-22 17:38:01,036 : EventManager : Event: ======'asset_loading_complete'====== Args={}
2022-08-22 17:38:01,036 : AssetManager : Loading assets: 27/27 (100%)
2022-08-22 17:38:01,036 : EventManager : Event: ======'init_done'====== Args={}
2022-08-22 17:38:01,037 : MPF-MC BCP Server : Starting up on localhost port 5050
2022-08-22 17:38:01,039 : MPF-MC BCP Server : Waiting for a connection...
2022-08-22 17:38:01,053 : EventManager : Event: ======'client_disconnected'====== Args={'host': '127.0.0.1', 'port': 5050}
2022-08-22 17:38:02,091 : MPF-MC BCP Server : Received connection from: 127.0.0.1:49235
2022-08-22 17:38:02,100 : EventManager : Event: ======'client_connected'====== Args={'host': '127.0.0.1', 'port': 49235}
2022-08-22 17:38:02,113 : EventManager : Event: ======'machine_var_fast_net_firmware'====== Args={'value': '01.05', 'prev_value': None, 'change': True}
2022-08-22 17:38:02,113 : EventManager : Event: ======'machine_var_fast_net_model'====== Args={'value': 'FP-CPU-002-2', 'prev_value': None, 'change': True}
2022-08-22 17:38:02,113 : EventManager : Event: ======'machine_var_fast_rgb_firmware'====== Args={'value': '01.00', 'prev_value': None, 'change': True}
2022-08-22 17:38:02,113 : EventManager : Event: ======'machine_var_fast_rgb_model'====== Args={'value': 'FP-CPU-002-2', 'prev_value': None, 'change': True}
2022-08-22 17:38:02,113 : EventManager : Event: ======'machine_var_credits_string'====== Args={'value': 'FREE PLAY', 'prev_value': None, 'change': True}
2022-08-22 17:38:02,114 : EventManager : Event: ======'machine_var_master_volume'====== Args={'value': 0.5, 'prev_value': None, 'change': True}
2022-08-22 17:38:02,114 : EventManager : Event: ======'machine_var_player1_score'====== Args={'value': 21708080, 'prev_value': None, 'change': True}
2022-08-22 17:38:02,114 : EventManager : Event: ======'machine_var_mpf_version'====== Args={'value': 'MPF v0.55.0', 'prev_value': None, 'change': True}
2022-08-22 17:38:02,114 : EventManager : Event: ======'machine_var_mpf_extended_version'====== Args={'value': 'MPF v0.55.0, Config version:5, Show version: 5, BCP version:1.1', 'prev_value': None, 'change': True}
2022-08-22 17:38:02,114 : EventManager : Event: ======'machine_var_python_version'====== Args={'value': '3.7.8', 'prev_value': None, 'change': True}
2022-08-22 17:38:02,114 : EventManager : Event: ======'machine_var_platform'====== Args={'value': 'Windows-7-6.1.7601-SP1', 'prev_value': None, 'change': True}
2022-08-22 17:38:02,115 : EventManager : Event: ======'machine_var_platform_system'====== Args={'value': 'Windows', 'prev_value': None, 'change': True}
2022-08-22 17:38:02,115 : EventManager : Event: ======'machine_var_platform_release'====== Args={'value': '7', 'prev_value': None, 'change': True}
2022-08-22 17:38:02,115 : EventManager : Event: ======'machine_var_platform_version'====== Args={'value': '6.1.7601', 'prev_value': None, 'change': True}
2022-08-22 17:38:02,115 : EventManager : Event: ======'machine_var_platform_machine'====== Args={'value': 'AMD64', 'prev_value': None, 'change': True}
2022-08-22 17:38:02,115 : EventManager : Event: ======'machine_var_mc_version'====== Args={'value': 'MPF-MC v0.55.0', 'prev_value': None, 'change': True}
2022-08-22 17:38:02,115 : EventManager : Event: ======'machine_var_mc_extended_version'====== Args={'value': 'MPF-MC v0.55.0 (config_version=5, BCP v1.1, Requires MPF v0.55.0-dev.49)', 'prev_value': None, 'change': True}
2022-08-22 17:38:02,116 : SoundSystem : Setting master volume to 0.5
2022-08-22 17:38:02,631 : EventManager : Event: ======'machine_var_audits_events_game_ended'====== Args={'value': 0, 'prev_value': None, 'change': True}
2022-08-22 17:38:02,631 : EventManager : Event: ======'machine_var_audits_events_game_started'====== Args={'value': 0, 'prev_value': None, 'change': True}
2022-08-22 17:38:02,631 : EventManager : Event: ======'machine_var_audits_player_score'====== Args={'value': {'average': 10302398.705281088, 'top': [198719690, 195274570, 161094530, 160419680, 140071820, 132769060, 132262360, 127113160, 121863670, 115954110], 'total': 587}, 'prev_value': None, 'change': True}
2022-08-22 17:38:02,631 : EventManager : Event: ======'machine_var_audits_shots_center_drop_mission1'====== Args={'value': 546, 'prev_value': None, 'change': True}
2022-08-22 17:38:02,631 : EventManager : Event: ======'machine_var_audits_shots_center_target'====== Args={'value': 165, 'prev_value': None, 'change': True}
2022-08-22 17:38:02,632 : EventManager : Event: ======'machine_var_audits_shots_drop_target1_mission2'====== Args={'value': 226, 'prev_value': None, 'change': True}
2022-08-22 17:38:02,632 : EventManager : Event: ======'machine_var_audits_shots_drop_target2_mission2'====== Args={'value': 266, 'prev_value': None, 'change': True}
2022-08-22 17:38:02,632 : EventManager : Event: ======'machine_var_audits_shots_drop_target3_mission2'====== Args={'value': 307, 'prev_value': None, 'change': True}
2022-08-22 17:38:02,632 : EventManager : Event: ======'machine_var_audits_shots_drop_target4_mission2'====== Args={'value': 272, 'prev_value': None, 'change': True}
2022-08-22 17:38:02,632 : EventManager : Event: ======'machine_var_audits_shots_drop_target5_mission2'====== Args={'value': 235, 'prev_value': None, 'change': True}
2022-08-22 17:38:02,632 : EventManager : Event: ======'machine_var_audits_shots_drop_targets_mission3'====== Args={'value': 1474, 'prev_value': None, 'change': True}
2022-08-22 17:38:02,643 : EventManager : Event: ======'machine_var_audits_shots_galaxy_advance'====== Args={'value': 2351, 'prev_value': None, 'change': True}
2022-08-22 17:38:02,643 : EventManager : Event: ======'machine_var_audits_shots_l_lane'====== Args={'value': 619, 'prev_value': None, 'change': True}
2022-08-22 17:38:02,643 : EventManager : Event: ======'machine_var_audits_shots_left_kicker_mission2'====== Args={'value': 162, 'prev_value': None, 'change': True}
2022-08-22 17:38:02,643 : EventManager : Event: ======'machine_var_audits_shots_left_kicker_mission4'====== Args={'value': 117, 'prev_value': None, 'change': True}
2022-08-22 17:38:02,643 : EventManager : Event: ======'machine_var_audits_shots_left_loop_mission1'====== Args={'value': 610, 'prev_value': None, 'change': True}
2022-08-22 17:38:02,643 : EventManager : Event: ======'machine_var_audits_shots_left_loop_mission2'====== Args={'value': 263, 'prev_value': None, 'change': True}
2022-08-22 17:38:02,643 : EventManager : Event: ======'machine_var_audits_shots_left_loop_mission4'====== Args={'value': 385, 'prev_value': None, 'change': True}
2022-08-22 17:38:02,643 : EventManager : Event: ======'machine_var_audits_shots_portal_advance'====== Args={'value': 4660, 'prev_value': None, 'change': True}
2022-08-22 17:38:02,643 : EventManager : Event: ======'machine_var_audits_shots_r_lane'====== Args={'value': 547, 'prev_value': None, 'change': True}
2022-08-22 17:38:02,644 : EventManager : Event: ======'machine_var_audits_shots_right_kicker_mission2'====== Args={'value': 137, 'prev_value': None, 'change': True}
2022-08-22 17:38:02,644 : EventManager : Event: ======'machine_var_audits_shots_right_kicker_mission4'====== Args={'value': 136, 'prev_value': None, 'change': True}
2022-08-22 17:38:02,644 : EventManager : Event: ======'machine_var_audits_shots_right_loop_mission1'====== Args={'value': 702, 'prev_value': None, 'change': True}
2022-08-22 17:38:02,644 : EventManager : Event: ======'machine_var_audits_shots_right_loop_mission2'====== Args={'value': 310, 'prev_value': None, 'change': True}
2022-08-22 17:38:02,644 : EventManager : Event: ======'machine_var_audits_shots_right_loop_mission4'====== Args={'value': 434, 'prev_value': None, 'change': True}
2022-08-22 17:38:02,644 : EventManager : Event: ======'machine_var_audits_shots_warp_advance'====== Args={'value': 1103, 'prev_value': None, 'change': True}
2022-08-22 17:38:02,644 : EventManager : Event: ======'machine_var_audits_switches_s_action_button'====== Args={'value': 3995, 'prev_value': None, 'change': True}
2022-08-22 17:38:02,645 : EventManager : Event: ======'machine_var_audits_switches_s_drain'====== Args={'value': 2749, 'prev_value': None, 'change': True}
2022-08-22 17:38:02,645 : EventManager : Event: ======'machine_var_audits_switches_s_drop_target1'====== Args={'value': 1870, 'prev_value': None, 'change': True}
2022-08-22 17:38:02,645 : EventManager : Event: ======'machine_var_audits_switches_s_drop_target2'====== Args={'value': 2183, 'prev_value': None, 'change': True}
2022-08-22 17:38:02,645 : EventManager : Event: ======'machine_var_audits_switches_s_drop_target3'====== Args={'value': 2610, 'prev_value': None, 'change': True}
2022-08-22 17:38:02,645 : EventManager : Event: ======'machine_var_audits_switches_s_drop_target4'====== Args={'value': 2081, 'prev_value': None, 'change': True}
2022-08-22 17:38:02,645 : EventManager : Event: ======'machine_var_audits_switches_s_drop_target5'====== Args={'value': 1968, 'prev_value': None, 'change': True}
2022-08-22 17:38:02,645 : EventManager : Event: ======'machine_var_audits_switches_s_left_captive_ball'====== Args={'value': 477, 'prev_value': None, 'change': True}
2022-08-22 17:38:02,646 : EventManager : Event: ======'machine_var_audits_switches_s_left_flipper'====== Args={'value': 34897, 'prev_value': None, 'change': True}
2022-08-22 17:38:02,646 : EventManager : Event: ======'machine_var_audits_switches_s_left_inlane'====== Args={'value': 619, 'prev_value': None, 'change': True}
2022-08-22 17:38:02,646 : EventManager : Event: ======'machine_var_audits_switches_s_left_inlane_far'====== Args={'value': 4233, 'prev_value': None, 'change': True}
2022-08-22 17:38:02,646 : EventManager : Event: ======'machine_var_audits_switches_s_left_kicker'====== Args={'value': 1557, 'prev_value': None, 'change': True}
2022-08-22 17:38:02,646 : EventManager : Event: ======'machine_var_audits_switches_s_left_sling'====== Args={'value': 6925, 'prev_value': None, 'change': True}
2022-08-22 17:38:02,646 : EventManager : Event: ======'machine_var_audits_switches_s_left_spinner'====== Args={'value': 20610, 'prev_value': None, 'change': True}
2022-08-22 17:38:02,646 : EventManager : Event: ======'machine_var_audits_switches_s_right_captive_ball'====== Args={'value': 502, 'prev_value': None, 'change': True}
2022-08-22 17:38:02,646 : EventManager : Event: ======'machine_var_audits_switches_s_right_flipper'====== Args={'value': 32198, 'prev_value': None, 'change': True}
2022-08-22 17:38:02,647 : EventManager : Event: ======'machine_var_audits_switches_s_right_inlane'====== Args={'value': 547, 'prev_value': None, 'change': True}
2022-08-22 17:38:02,647 : EventManager : Event: ======'machine_var_audits_switches_s_right_inlane_far'====== Args={'value': 6280, 'prev_value': None, 'change': True}
2022-08-22 17:38:02,647 : EventManager : Event: ======'machine_var_audits_switches_s_right_kicker'====== Args={'value': 1716, 'prev_value': None, 'change': True}
2022-08-22 17:38:02,647 : EventManager : Event: ======'machine_var_audits_switches_s_right_sling'====== Args={'value': 14149, 'prev_value': None, 'change': True}
2022-08-22 17:38:02,655 : EventManager : Event: ======'machine_var_audits_switches_s_right_spinner'====== Args={'value': 16575, 'prev_value': None, 'change': True}
2022-08-22 17:38:02,655 : EventManager : Event: ======'machine_var_audits_switches_s_start'====== Args={'value': 407, 'prev_value': None, 'change': True}
2022-08-22 17:38:02,667 : EventManager : Event: ======'mc_reset_phase_1'====== Args={}
2022-08-22 17:38:02,667 : EventManager : Event: ======'mc_reset_phase_2'====== Args={}
2022-08-22 17:38:02,667 : EventManager : Event: ======'mc_reset_phase_3'====== Args={}
2022-08-22 17:38:02,667 : EventManager : Event: ======'mc_reset_complete'====== Args={}
2022-08-22 17:38:02,679 : EventManager : Event: ======'slides_play'====== Args={'settings': {'widgets': {'widgets': [{'type': 'text', 'text': 'GAME OVER', 'font_size': 50, 'font_name': 'space_font', '_default_settings': ['type', 'text', 'font_size', 'font_name'], 'x': None, 'y': None, 'anchor_x': 'center', 'anchor_y': 'center', 'round_anchor_x': None, 'round_anchor_y': None, 'opacity': 1.0, 'z': 0, 'reset_animations_events': {}, 'color': [1.0, 1.0, 1.0, 1.0], 'style': [], 'adjust_top': 0, 'adjust_bottom': 0, 'adjust_left': 0, 'adjust_right': 0, 'expire': None, 'key': None, 'widget': None, 'events_when_added': [], 'events_when_removed': [], 'bitmap_font': False, 'font_kerning': True, 'bold': False, 'italic': False, 'number_grouping': False, 'min_digits': 0, 'halign': 'center', 'valign': 'middle', 'rotation': 0, 'scale': 1.0, 'casing': None, 'animations': None}, {'type': 'image', 'image': 'attract_background', '_default_settings': ['type', 'image'], 'x': None, 'y': None, 'anchor_x': 'center', 'anchor_y': 'center', 'round_anchor_x': None, 'round_anchor_y': None, 'opacity': 1.0, 'z': 0, 'reset_animations_events': {}, 'color': [1.0, 1.0, 1.0, 1.0], 'style': [], 'adjust_top': 0, 'adjust_bottom': 0, 'adjust_left': 0, 'adjust_right': 0, 'expire': None, 'key': None, 'widget': None, 'events_when_added': [], 'events_when_removed': [], 'fps': 10, 'loops': -1, 'auto_play': True, 'start_frame': 0, 'rotation': 0, 'scale': 1.0, 'animations': None}], 'target': None, 'background_color': [0.0, 0.0, 0.0, 1.0], 'priority': None, 'show': True, 'force': False, 'expire': None, 'slide': None, 'tokens': {}, 'action': 'play'}}, 'context': 'show_13', 'calling_context': 0, 'priority': 10, 'show_tokens': {}, 'start_time': 1352.497}
2022-08-22 17:38:02,679 : mpfmc : SlidePlayer: Play called with settings={'widgets': {'widgets': [{'type': 'text', 'text': 'GAME OVER', 'font_size': 50, 'font_name': 'space_font', '_default_settings': ['type', 'text', 'font_size', 'font_name'], 'x': None, 'y': None, 'anchor_x': 'center', 'anchor_y': 'center', 'round_anchor_x': None, 'round_anchor_y': None, 'opacity': 1.0, 'z': 0, 'reset_animations_events': {}, 'color': [1.0, 1.0, 1.0, 1.0], 'style': [], 'adjust_top': 0, 'adjust_bottom': 0, 'adjust_left': 0, 'adjust_right': 0, 'expire': None, 'key': None, 'widget': None, 'events_when_added': [], 'events_when_removed': [], 'bitmap_font': False, 'font_kerning': True, 'bold': False, 'italic': False, 'number_grouping': False, 'min_digits': 0, 'halign': 'center', 'valign': 'middle', 'rotation': 0, 'scale': 1.0, 'casing': None, 'animations': None}, {'type': 'image', 'image': 'attract_background', '_default_settings': ['type', 'image'], 'x': None, 'y': None, 'anchor_x': 'center', 'anchor_y': 'center', 'round_anchor_x': None, 'round_anchor_y': None, 'opacity': 1.0, 'z': 0, 'reset_animations_events': {}, 'color': [1.0, 1.0, 1.0, 1.0], 'style': [], 'adjust_top': 0, 'adjust_bottom': 0, 'adjust_left': 0, 'adjust_right': 0, 'expire': None, 'key': None, 'widget': None, 'events_when_added': [], 'events_when_removed': [], 'fps': 10, 'loops': -1, 'auto_play': True, 'start_frame': 0, 'rotation': 0, 'scale': 1.0, 'animations': None}], 'target': None, 'background_color': [0.0, 0.0, 0.0, 1.0], 'priority': None, 'show': True, 'force': False, 'expire': None, 'slide': None, 'tokens': {}, 'action': 'play'}}
2022-08-22 17:38:02,686 : EventManager : Event: ======'slide_show_13.slide_player-0_created'====== Args={}
2022-08-22 17:38:02,688 : EventManager : Event: ======'slide_show_13.slide_player-0_active'====== Args={}
2022-08-22 17:38:04,591 : EventManager : Event: ======'game_started'====== Args={}
2022-08-22 17:38:04,603 : EventManager : Event: ======'slides_clear'====== Args={'context': 'show_13'}
2022-08-22 17:38:04,603 : EventManager : Event: ======'slide_show_13.slide_player-0_removed'====== Args={}
2022-08-22 17:38:04,604 : EventManager : Event: ======'slide_window1_blank_active'====== Args={}
2022-08-22 17:38:04,616 : EventManager : Event: ======'player_added'====== Args={'player': <Player 1>, 'num': 1}
2022-08-22 17:38:04,616 : EventManager : Event: ======'player_index'====== Args={'value': 0, 'prev_value': 0, 'change': 0, 'player_num': 1}
2022-08-22 17:38:04,616 : EventManager : Event: ======'player_number'====== Args={'value': 1, 'prev_value': 1, 'change': 0, 'player_num': 1}
2022-08-22 17:38:04,616 : EventManager : Event: ======'player_score'====== Args={'value': 0, 'prev_value': 0, 'change': 0, 'player_num': 1}
2022-08-22 17:38:04,616 : EventManager : Event: ======'player_mode_value'====== Args={'value': 1000000, 'prev_value': 0, 'change': 1000000, 'player_num': 1}
2022-08-22 17:38:04,616 : EventManager : Event: ======'player_bonus_multiplier'====== Args={'value': 1, 'prev_value': 0, 'change': 1, 'player_num': 1}
2022-08-22 17:38:04,617 : EventManager : Event: ======'player_playfield_multiplier'====== Args={'value': 1, 'prev_value': 0, 'change': 1, 'player_num': 1}
2022-08-22 17:38:04,653 : EventManager : Event: ======'player_ball'====== Args={'value': 1, 'prev_value': 0, 'change': 1, 'player_num': 1}
2022-08-22 17:38:04,653 : EventManager : Event: ======'player_turn_start'====== Args={'number': 1, 'player': <Player 1>}
2022-08-22 17:38:04,665 : EventManager : Event: ======'player_shot_l_lane_enabled'====== Args={'value': True, 'prev_value': 0, 'change': 1, 'player_num': 1}
2022-08-22 17:38:04,665 : EventManager : Event: ======'player_shot_r_lane_enabled'====== Args={'value': True, 'prev_value': 0, 'change': 1, 'player_num': 1}
2022-08-22 17:38:04,665 : EventManager : Event: ======'player_shot_center_target_enabled'====== Args={'value': True, 'prev_value': 0, 'change': 1, 'player_num': 1}
2022-08-22 17:38:04,665 : EventManager : Event: ======'player_extra_ball_two_modes_complete_num_awarded'====== Args={'value': 0, 'prev_value': 0, 'change': 0, 'player_num': 1}
2022-08-22 17:38:04,678 : EventManager : Event: ======'sounds_play'====== Args={'settings': {'default': {'action': 'stop', 'priority': 400, 'block': False, 'delay': None, 'track': None, 'volume': None, 'pan': None, 'loops': None, 'start_at': None, 'fade_in': None, 'fade_out': None, 'about_to_finish_time': -1.0, 'max_queue_time': -1.0, 'events_when_played': ['use_sound_setting'], 'events_when_stopped': ['use_sound_setting'], 'events_when_looping': ['use_sound_setting'], 'events_when_about_to_finish': ['use_sound_setting'], 'mode_end_action': 'use_sound_setting', 'key': 'use_sound_setting'}, 'shooter_waiting': {'action': 'play', 'loops': -1, 'priority': None, 'block': False, 'delay': None, 'track': None, 'volume': None, 'pan': None, 'start_at': None, 'fade_in': None, 'fade_out': None, 'about_to_finish_time': -1.0, 'max_queue_time': -1.0, 'events_when_played': ['use_sound_setting'], 'events_when_stopped': ['use_sound_setting'], 'events_when_looping': ['use_sound_setting'], 'events_when_about_to_finish': ['use_sound_setting'], 'mode_end_action': 'use_sound_setting', 'key': 'use_sound_setting'}}, 'context': '_global', 'calling_context': 'ball_started', 'priority': 0, 'player': 1, 'ball': 1, 'balls_remaining': 2, 'is_extra_ball': False}
2022-08-22 17:38:04,678 : EventManager : Event: ======'player_shot_portal_advance_enabled'====== Args={'value': True, 'prev_value': 0, 'change': 1, 'player_num': 1}
2022-08-22 17:38:04,678 : EventManager : Event: ======'player_shot_warp_advance_enabled'====== Args={'value': True, 'prev_value': 0, 'change': 1, 'player_num': 1}
2022-08-22 17:38:04,678 : EventManager : Event: ======'player_shot_galaxy_advance_enabled'====== Args={'value': True, 'prev_value': 0, 'change': 1, 'player_num': 1}
2022-08-22 17:38:04,691 : EventManager : Event: ======'slides_play'====== Args={'settings': {'score_slide': {'target': None, 'background_color': [0.0, 0.0, 0.0, 1.0], 'priority': None, 'show': True, 'force': False, 'expire': None, 'slide': None, 'tokens': {}, 'action': 'play'}}, 'context': 'base', 'calling_context': 'mode_base_started', 'priority': 100, 'player': 1, 'ball': 1, 'balls_remaining': 2, 'is_extra_ball': False}
2022-08-22 17:38:04,691 : mpfmc : SlidePlayer: Play called with settings={'score_slide': {'target': None, 'background_color': [0.0, 0.0, 0.0, 1.0], 'priority': None, 'show': True, 'force': False, 'expire': None, 'slide': None, 'tokens': {}, 'action': 'play'}}
2022-08-22 17:38:04,707 : EventManager : Event: ======'slide_score_slide_created'====== Args={}
2022-08-22 17:38:04,715 : EventManager : Event: ======'slide_score_slide_active'====== Args={}
2022-08-22 17:38:04,723 : EventManager : Event: ======'sounds_play'====== Args={'settings': {'default': {'action': 'play', 'loops': -1, 'track': 'music', 'priority': None, 'block': False, 'delay': None, 'volume': None, 'pan': None, 'start_at': None, 'fade_in': None, 'fade_out': None, 'about_to_finish_time': -1.0, 'max_queue_time': -1.0, 'events_when_played': ['use_sound_setting'], 'events_when_stopped': ['use_sound_setting'], 'events_when_looping': ['use_sound_setting'], 'events_when_about_to_finish': ['use_sound_setting'], 'mode_end_action': 'use_sound_setting', 'key': 'use_sound_setting'}, 'mode_theme': {'action': 'stop', 'priority': None, 'block': False, 'delay': None, 'track': None, 'volume': None, 'pan': None, 'loops': None, 'start_at': None, 'fade_in': None, 'fade_out': None, 'about_to_finish_time': -1.0, 'max_queue_time': -1.0, 'events_when_played': ['use_sound_setting'], 'events_when_stopped': ['use_sound_setting'], 'events_when_looping': ['use_sound_setting'], 'events_when_about_to_finish': ['use_sound_setting'], 'mode_end_action': 'use_sound_setting', 'key': 'use_sound_setting'}}, 'context': '_global', 'calling_context': 'mode_spell_portal_started', 'priority': 0, 'player': 1, 'ball': 1, 'balls_remaining': 2, 'is_extra_ball': False}
2022-08-22 17:38:06,129 : EventManager : Event: ======'machine_var_audits_switches_s_action_button'====== Args={'value': 3996, 'prev_value': 3995, 'change': 1}
2022-08-22 17:38:06,335 : EventManager : Event: ======'sounds_play'====== Args={'settings': {'shooter_waiting': {'action': 'stop', 'priority': None, 'block': False, 'delay': None, 'track': None, 'volume': None, 'pan': None, 'loops': None, 'start_at': None, 'fade_in': None, 'fade_out': None, 'about_to_finish_time': -1.0, 'max_queue_time': -1.0, 'events_when_played': ['use_sound_setting'], 'events_when_stopped': ['use_sound_setting'], 'events_when_looping': ['use_sound_setting'], 'events_when_about_to_finish': ['use_sound_setting'], 'mode_end_action': 'use_sound_setting', 'key': 'use_sound_setting'}, 'default': {'action': 'play', 'loops': -1, 'track': 'music', 'priority': None, 'block': False, 'delay': None, 'volume': None, 'pan': None, 'start_at': None, 'fade_in': None, 'fade_out': None, 'about_to_finish_time': -1.0, 'max_queue_time': -1.0, 'events_when_played': ['use_sound_setting'], 'events_when_stopped': ['use_sound_setting'], 'events_when_looping': ['use_sound_setting'], 'events_when_about_to_finish': ['use_sound_setting'], 'mode_end_action': 'use_sound_setting', 'key': 'use_sound_setting'}}, 'context': '_global', 'calling_context': 's_drain_inactive', 'priority': 0}
2022-08-22 17:38:06,851 : EventManager : Event: ======'machine_var_audits_switches_s_left_sling'====== Args={'value': 6926, 'prev_value': 6925, 'change': 1}
2022-08-22 17:38:06,851 : EventManager : Event: ======'player_score'====== Args={'value': 1110, 'prev_value': 0, 'change': 1110, 'player_num': 1}
2022-08-22 17:38:06,851 : EventManager : Event: ======'player_switches'====== Args={'value': 1, 'prev_value': 0, 'change': 1, 'player_num': 1}
2022-08-22 17:38:07,582 : EventManager : Event: ======'machine_var_audits_switches_s_left_flipper'====== Args={'value': 34898, 'prev_value': 34897, 'change': 1}
2022-08-22 17:38:07,956 : EventManager : Event: ======'machine_var_audits_switches_s_left_flipper'====== Args={'value': 34899, 'prev_value': 34898, 'change': 1}
2022-08-22 17:38:08,354 : EventManager : Event: ======'machine_var_audits_switches_s_drop_target4'====== Args={'value': 2082, 'prev_value': 2081, 'change': 1}
2022-08-22 17:38:08,354 : EventManager : Event: ======'player_score'====== Args={'value': 5610, 'prev_value': 1110, 'change': 4500, 'player_num': 1}
2022-08-22 17:38:08,354 : EventManager : Event: ======'player_switches'====== Args={'value': 2, 'prev_value': 1, 'change': 1, 'player_num': 1}
2022-08-22 17:38:08,375 : EventManager : Event: ======'machine_var_audits_switches_s_drop_target5'====== Args={'value': 1969, 'prev_value': 1968, 'change': 1}
2022-08-22 17:38:08,375 : EventManager : Event: ======'player_score'====== Args={'value': 10110, 'prev_value': 5610, 'change': 4500, 'player_num': 1}
2022-08-22 17:38:08,375 : EventManager : Event: ======'player_switches'====== Args={'value': 3, 'prev_value': 2, 'change': 1, 'player_num': 1}
2022-08-22 17:38:08,913 : EventManager : Event: ======'machine_var_audits_switches_s_right_flipper'====== Args={'value': 32199, 'prev_value': 32198, 'change': 1}
2022-08-22 17:38:10,691 : EventManager : Event: ======'machine_var_audits_switches_s_right_inlane_far'====== Args={'value': 6281, 'prev_value': 6280, 'change': 1}
2022-08-22 17:38:10,691 : EventManager : Event: ======'player_shot_portal_advance'====== Args={'value': 1, 'prev_value': 0, 'change': 1, 'player_num': 1}
2022-08-22 17:38:10,703 : EventManager : Event: ======'machine_var_audits_shots_portal_advance'====== Args={'value': 4661, 'prev_value': 4660, 'change': 1}
2022-08-22 17:38:10,703 : EventManager : Event: ======'player_score'====== Args={'value': 40110, 'prev_value': 10110, 'change': 30000, 'player_num': 1}
2022-08-22 17:38:10,703 : EventManager : Event: ======'player_switches'====== Args={'value': 4, 'prev_value': 3, 'change': 1, 'player_num': 1}
2022-08-22 17:38:10,704 : EventManager : Event: ======'player_combos_combo_timer_tick'====== Args={'value': 6, 'prev_value': 0, 'change': 6, 'player_num': 1}
2022-08-22 17:38:11,214 : EventManager : Event: ======'player_combos_combo_timer_tick'====== Args={'value': 5, 'prev_value': 6, 'change': -1, 'player_num': 1}
2022-08-22 17:38:11,316 : EventManager : Event: ======'machine_var_audits_switches_s_right_flipper'====== Args={'value': 32200, 'prev_value': 32199, 'change': 1}
2022-08-22 17:38:11,714 : EventManager : Event: ======'player_combos_combo_timer_tick'====== Args={'value': 4, 'prev_value': 5, 'change': -1, 'player_num': 1}
2022-08-22 17:38:12,076 : EventManager : Event: ======'machine_var_audits_switches_s_right_flipper'====== Args={'value': 32201, 'prev_value': 32200, 'change': 1}
2022-08-22 17:38:12,215 : EventManager : Event: ======'player_combos_combo_timer_tick'====== Args={'value': 3, 'prev_value': 4, 'change': -1, 'player_num': 1}
2022-08-22 17:38:12,690 : EventManager : Event: ======'machine_var_audits_switches_s_left_spinner'====== Args={'value': 20611, 'prev_value': 20610, 'change': 1}
2022-08-22 17:38:12,690 : EventManager : Event: ======'player_score'====== Args={'value': 50110, 'prev_value': 40110, 'change': 10000, 'player_num': 1}
2022-08-22 17:38:12,690 : EventManager : Event: ======'player_score'====== Args={'value': 51140, 'prev_value': 50110, 'change': 1030, 'player_num': 1}
2022-08-22 17:38:12,690 : EventManager : Event: ======'player_switches'====== Args={'value': 5, 'prev_value': 4, 'change': 1, 'player_num': 1}
2022-08-22 17:38:12,691 : EventManager : Event: ======'player_mode_value'====== Args={'value': 1010000, 'prev_value': 1000000, 'change': 10000, 'player_num': 1}
2022-08-22 17:38:12,715 : EventManager : Event: ======'player_combos_combo_timer_tick'====== Args={'value': 2, 'prev_value': 3, 'change': -1, 'player_num': 1}
2022-08-22 17:38:12,870 : EventManager : Event: ======'machine_var_audits_switches_s_left_spinner'====== Args={'value': 20612, 'prev_value': 20611, 'change': 1}
2022-08-22 17:38:12,870 : EventManager : Event: ======'player_score'====== Args={'value': 61140, 'prev_value': 51140, 'change': 10000, 'player_num': 1}
2022-08-22 17:38:12,870 : EventManager : Event: ======'player_score'====== Args={'value': 62170, 'prev_value': 61140, 'change': 1030, 'player_num': 1}
2022-08-22 17:38:12,870 : EventManager : Event: ======'player_switches'====== Args={'value': 6, 'prev_value': 5, 'change': 1, 'player_num': 1}
2022-08-22 17:38:12,871 : EventManager : Event: ======'player_mode_value'====== Args={'value': 1020000, 'prev_value': 1010000, 'change': 10000, 'player_num': 1}
2022-08-22 17:38:13,076 : EventManager : Event: ======'machine_var_audits_switches_s_left_spinner'====== Args={'value': 20613, 'prev_value': 20612, 'change': 1}
2022-08-22 17:38:13,076 : EventManager : Event: ======'player_score'====== Args={'value': 72170, 'prev_value': 62170, 'change': 10000, 'player_num': 1}
2022-08-22 17:38:13,076 : EventManager : Event: ======'player_score'====== Args={'value': 73200, 'prev_value': 72170, 'change': 1030, 'player_num': 1}
2022-08-22 17:38:13,076 : EventManager : Event: ======'player_switches'====== Args={'value': 7, 'prev_value': 6, 'change': 1, 'player_num': 1}
2022-08-22 17:38:13,077 : EventManager : Event: ======'player_mode_value'====== Args={'value': 1030000, 'prev_value': 1020000, 'change': 10000, 'player_num': 1}
2022-08-22 17:38:13,202 : EventManager : Event: ======'player_combos_combo_timer_tick'====== Args={'value': 1, 'prev_value': 2, 'change': -1, 'player_num': 1}
2022-08-22 17:38:13,704 : EventManager : Event: ======'player_combos_combo_timer_tick'====== Args={'value': 0, 'prev_value': 1, 'change': -1, 'player_num': 1}
2022-08-22 17:38:13,911 : EventManager : Event: ======'machine_var_audits_switches_s_left_inlane_far'====== Args={'value': 4234, 'prev_value': 4233, 'change': 1}
2022-08-22 17:38:13,911 : EventManager : Event: ======'player_shot_galaxy_advance'====== Args={'value': 1, 'prev_value': 0, 'change': 1, 'player_num': 1}
2022-08-22 17:38:13,911 : EventManager : Event: ======'machine_var_audits_shots_galaxy_advance'====== Args={'value': 2352, 'prev_value': 2351, 'change': 1}
2022-08-22 17:38:13,911 : EventManager : Event: ======'player_score'====== Args={'value': 103200, 'prev_value': 73200, 'change': 30000, 'player_num': 1}
2022-08-22 17:38:13,912 : EventManager : Event: ======'player_switches'====== Args={'value': 8, 'prev_value': 7, 'change': 1, 'player_num': 1}
2022-08-22 17:38:13,912 : EventManager : Event: ======'player_combos_combo_timer_tick'====== Args={'value': 6, 'prev_value': 0, 'change': 6, 'player_num': 1}
2022-08-22 17:38:14,240 : EventManager : Event: ======'machine_var_audits_switches_s_left_flipper'====== Args={'value': 34900, 'prev_value': 34899, 'change': 1}
2022-08-22 17:38:14,407 : EventManager : Event: ======'player_combos_combo_timer_tick'====== Args={'value': 5, 'prev_value': 6, 'change': -1, 'player_num': 1}
2022-08-22 17:38:14,767 : EventManager : Event: ======'machine_var_audits_switches_s_drop_target1'====== Args={'value': 1871, 'prev_value': 1870, 'change': 1}
2022-08-22 17:38:14,767 : EventManager : Event: ======'player_score'====== Args={'value': 107700, 'prev_value': 103200, 'change': 4500, 'player_num': 1}
2022-08-22 17:38:14,767 : EventManager : Event: ======'player_switches'====== Args={'value': 9, 'prev_value': 8, 'change': 1, 'player_num': 1}
2022-08-22 17:38:14,908 : EventManager : Event: ======'player_combos_combo_timer_tick'====== Args={'value': 4, 'prev_value': 5, 'change': -1, 'player_num': 1}
2022-08-22 17:38:15,411 : EventManager : Event: ======'player_combos_combo_timer_tick'====== Args={'value': 3, 'prev_value': 4, 'change': -1, 'player_num': 1}
2022-08-22 17:38:15,772 : EventManager : Event: ======'machine_var_audits_switches_s_right_flipper'====== Args={'value': 32202, 'prev_value': 32201, 'change': 1}
2022-08-22 17:38:15,901 : EventManager : Event: ======'player_combos_combo_timer_tick'====== Args={'value': 2, 'prev_value': 3, 'change': -1, 'player_num': 1}
2022-08-22 17:38:16,403 : EventManager : Event: ======'player_combos_combo_timer_tick'====== Args={'value': 1, 'prev_value': 2, 'change': -1, 'player_num': 1}
2022-08-22 17:38:16,908 : EventManager : Event: ======'player_combos_combo_timer_tick'====== Args={'value': 0, 'prev_value': 1, 'change': -1, 'player_num': 1}
2022-08-22 17:38:17,696 : EventManager : Event: ======'machine_var_audits_switches_s_right_flipper'====== Args={'value': 32203, 'prev_value': 32202, 'change': 1}
2022-08-22 17:38:18,019 : EventManager : Event: ======'machine_var_audits_switches_s_left_spinner'====== Args={'value': 20614, 'prev_value': 20613, 'change': 1}
2022-08-22 17:38:18,019 : EventManager : Event: ======'player_score'====== Args={'value': 108730, 'prev_value': 107700, 'change': 1030, 'player_num': 1}
2022-08-22 17:38:18,019 : EventManager : Event: ======'player_switches'====== Args={'value': 10, 'prev_value': 9, 'change': 1, 'player_num': 1}
2022-08-22 17:38:18,019 : EventManager : Event: ======'player_mode_value'====== Args={'value': 1040000, 'prev_value': 1030000, 'change': 10000, 'player_num': 1}
2022-08-22 17:38:18,118 : EventManager : Event: ======'machine_var_audits_switches_s_left_spinner'====== Args={'value': 20615, 'prev_value': 20614, 'change': 1}
2022-08-22 17:38:18,118 : EventManager : Event: ======'player_score'====== Args={'value': 109760, 'prev_value': 108730, 'change': 1030, 'player_num': 1}
2022-08-22 17:38:18,118 : EventManager : Event: ======'player_switches'====== Args={'value': 11, 'prev_value': 10, 'change': 1, 'player_num': 1}
2022-08-22 17:38:18,118 : EventManager : Event: ======'player_mode_value'====== Args={'value': 1050000, 'prev_value': 1040000, 'change': 10000, 'player_num': 1}
2022-08-22 17:38:18,257 : EventManager : Event: ======'machine_var_audits_switches_s_left_spinner'====== Args={'value': 20616, 'prev_value': 20615, 'change': 1}
2022-08-22 17:38:18,257 : EventManager : Event: ======'player_score'====== Args={'value': 110790, 'prev_value': 109760, 'change': 1030, 'player_num': 1}
2022-08-22 17:38:18,257 : EventManager : Event: ======'player_switches'====== Args={'value': 12, 'prev_value': 11, 'change': 1, 'player_num': 1}
2022-08-22 17:38:18,257 : EventManager : Event: ======'player_mode_value'====== Args={'value': 1060000, 'prev_value': 1050000, 'change': 10000, 'player_num': 1}
2022-08-22 17:38:18,447 : EventManager : Event: ======'machine_var_audits_switches_s_left_spinner'====== Args={'value': 20617, 'prev_value': 20616, 'change': 1}
2022-08-22 17:38:18,447 : EventManager : Event: ======'player_score'====== Args={'value': 111820, 'prev_value': 110790, 'change': 1030, 'player_num': 1}
2022-08-22 17:38:18,447 : EventManager : Event: ======'player_switches'====== Args={'value': 13, 'prev_value': 12, 'change': 1, 'player_num': 1}
2022-08-22 17:38:18,447 : EventManager : Event: ======'player_mode_value'====== Args={'value': 1070000, 'prev_value': 1060000, 'change': 10000, 'player_num': 1}
2022-08-22 17:38:18,660 : EventManager : Event: ======'machine_var_audits_switches_s_left_spinner'====== Args={'value': 20618, 'prev_value': 20617, 'change': 1}
2022-08-22 17:38:18,660 : EventManager : Event: ======'player_score'====== Args={'value': 112850, 'prev_value': 111820, 'change': 1030, 'player_num': 1}
2022-08-22 17:38:18,660 : EventManager : Event: ======'player_switches'====== Args={'value': 14, 'prev_value': 13, 'change': 1, 'player_num': 1}
2022-08-22 17:38:18,660 : EventManager : Event: ======'player_mode_value'====== Args={'value': 1080000, 'prev_value': 1070000, 'change': 10000, 'player_num': 1}
2022-08-22 17:38:18,850 : EventManager : Event: ======'machine_var_audits_switches_s_left_spinner'====== Args={'value': 20619, 'prev_value': 20618, 'change': 1}
2022-08-22 17:38:18,850 : EventManager : Event: ======'player_score'====== Args={'value': 113880, 'prev_value': 112850, 'change': 1030, 'player_num': 1}
2022-08-22 17:38:18,850 : EventManager : Event: ======'player_switches'====== Args={'value': 15, 'prev_value': 14, 'change': 1, 'player_num': 1}
2022-08-22 17:38:18,850 : EventManager : Event: ======'player_mode_value'====== Args={'value': 1090000, 'prev_value': 1080000, 'change': 10000, 'player_num': 1}
2022-08-22 17:38:18,948 : EventManager : Event: ======'machine_var_audits_switches_s_left_inlane_far'====== Args={'value': 4235, 'prev_value': 4234, 'change': 1}
2022-08-22 17:38:18,948 : EventManager : Event: ======'machine_var_audits_shots_galaxy_advance'====== Args={'value': 2353, 'prev_value': 2352, 'change': 1}
2022-08-22 17:38:18,948 : EventManager : Event: ======'player_score'====== Args={'value': 143880, 'prev_value': 113880, 'change': 30000, 'player_num': 1}
2022-08-22 17:38:18,948 : EventManager : Event: ======'player_switches'====== Args={'value': 16, 'prev_value': 15, 'change': 1, 'player_num': 1}
2022-08-22 17:38:18,949 : EventManager : Event: ======'player_combos_combo_timer_tick'====== Args={'value': 6, 'prev_value': 0, 'change': 6, 'player_num': 1}
2022-08-22 17:38:19,044 : EventManager : Event: ======'machine_var_audits_switches_s_left_spinner'====== Args={'value': 20620, 'prev_value': 20619, 'change': 1}
2022-08-22 17:38:19,044 : EventManager : Event: ======'player_score'====== Args={'value': 144910, 'prev_value': 143880, 'change': 1030, 'player_num': 1}
2022-08-22 17:38:19,044 : EventManager : Event: ======'player_switches'====== Args={'value': 17, 'prev_value': 16, 'change': 1, 'player_num': 1}
2022-08-22 17:38:19,044 : EventManager : Event: ======'player_mode_value'====== Args={'value': 1100000, 'prev_value': 1090000, 'change': 10000, 'player_num': 1}
2022-08-22 17:38:19,310 : EventManager : Event: ======'machine_var_audits_switches_s_left_flipper'====== Args={'value': 34901, 'prev_value': 34900, 'change': 1}
2022-08-22 17:38:19,452 : EventManager : Event: ======'player_combos_combo_timer_tick'====== Args={'value': 5, 'prev_value': 6, 'change': -1, 'player_num': 1}
2022-08-22 17:38:19,607 : EventManager : Event: ======'machine_var_audits_switches_s_right_spinner'====== Args={'value': 16576, 'prev_value': 16575, 'change': 1}
2022-08-22 17:38:19,607 : EventManager : Event: ======'player_score'====== Args={'value': 154910, 'prev_value': 144910, 'change': 10000, 'player_num': 1}
2022-08-22 17:38:19,607 : EventManager : Event: ======'player_score'====== Args={'value': 155940, 'prev_value': 154910, 'change': 1030, 'player_num': 1}
2022-08-22 17:38:19,607 : EventManager : Event: ======'player_switches'====== Args={'value': 18, 'prev_value': 17, 'change': 1, 'player_num': 1}
2022-08-22 17:38:19,608 : EventManager : Event: ======'player_mode_value'====== Args={'value': 1110000, 'prev_value': 1100000, 'change': 10000, 'player_num': 1}
2022-08-22 17:38:19,707 : EventManager : Event: ======'machine_var_audits_switches_s_right_spinner'====== Args={'value': 16577, 'prev_value': 16576, 'change': 1}
2022-08-22 17:38:19,719 : EventManager : Event: ======'player_score'====== Args={'value': 165940, 'prev_value': 155940, 'change': 10000, 'player_num': 1}
2022-08-22 17:38:19,719 : EventManager : Event: ======'player_score'====== Args={'value': 166970, 'prev_value': 165940, 'change': 1030, 'player_num': 1}
2022-08-22 17:38:19,719 : EventManager : Event: ======'player_switches'====== Args={'value': 19, 'prev_value': 18, 'change': 1, 'player_num': 1}
2022-08-22 17:38:19,719 : EventManager : Event: ======'player_mode_value'====== Args={'value': 1120000, 'prev_value': 1110000, 'change': 10000, 'player_num': 1}
2022-08-22 17:38:19,872 : EventManager : Event: ======'machine_var_audits_switches_s_right_spinner'====== Args={'value': 16578, 'prev_value': 16577, 'change': 1}
2022-08-22 17:38:19,872 : EventManager : Event: ======'player_score'====== Args={'value': 176970, 'prev_value': 166970, 'change': 10000, 'player_num': 1}
2022-08-22 17:38:19,872 : EventManager : Event: ======'player_score'====== Args={'value': 178000, 'prev_value': 176970, 'change': 1030, 'player_num': 1}
2022-08-22 17:38:19,872 : EventManager : Event: ======'player_switches'====== Args={'value': 20, 'prev_value': 19, 'change': 1, 'player_num': 1}
2022-08-22 17:38:19,873 : EventManager : Event: ======'player_mode_value'====== Args={'value': 1130000, 'prev_value': 1120000, 'change': 10000, 'player_num': 1}
2022-08-22 17:38:19,947 : EventManager : Event: ======'player_combos_combo_timer_tick'====== Args={'value': 4, 'prev_value': 5, 'change': -1, 'player_num': 1}
2022-08-22 17:38:20,140 : EventManager : Event: ======'machine_var_audits_switches_s_right_spinner'====== Args={'value': 16579, 'prev_value': 16578, 'change': 1}
2022-08-22 17:38:20,152 : EventManager : Event: ======'player_score'====== Args={'value': 188000, 'prev_value': 178000, 'change': 10000, 'player_num': 1}
2022-08-22 17:38:20,152 : EventManager : Event: ======'player_score'====== Args={'value': 189030, 'prev_value': 188000, 'change': 1030, 'player_num': 1}
2022-08-22 17:38:20,152 : EventManager : Event: ======'player_switches'====== Args={'value': 21, 'prev_value': 20, 'change': 1, 'player_num': 1}
2022-08-22 17:38:20,152 : EventManager : Event: ======'player_mode_value'====== Args={'value': 1140000, 'prev_value': 1130000, 'change': 10000, 'player_num': 1}
2022-08-22 17:38:20,446 : EventManager : Event: ======'player_combos_combo_timer_tick'====== Args={'value': 3, 'prev_value': 4, 'change': -1, 'player_num': 1}
2022-08-22 17:38:20,639 : EventManager : Event: ======'machine_var_audits_switches_s_right_inlane_far'====== Args={'value': 6282, 'prev_value': 6281, 'change': 1}
2022-08-22 17:38:20,639 : EventManager : Event: ======'player_combo'====== Args={'value': 1, 'prev_value': 0, 'change': 1, 'player_num': 1}
2022-08-22 17:38:20,639 : EventManager : Event: ======'player_combo_value'====== Args={'value': 25000, 'prev_value': 0, 'change': 25000, 'player_num': 1}
2022-08-22 17:38:20,639 : EventManager : Event: ======'player_score'====== Args={'value': 214030, 'prev_value': 189030, 'change': 25000, 'player_num': 1}
2022-08-22 17:38:20,640 : EventManager : Event: ======'slides_play'====== Args={'settings': {'combo_slide': {'target': None, 'background_color': [0.0, 0.0, 0.0, 1.0], 'priority': None, 'show': True, 'force': False, 'expire': None, 'slide': None, 'tokens': {}, 'action': 'play'}}, 'context': 'combos', 'calling_context': 's_right_inlane_far_active{device.timers.combo_timer.ticks==3}', 'priority': 700}
2022-08-22 17:38:20,640 : EventManager : Event: ======'machine_var_audits_shots_portal_advance'====== Args={'value': 4662, 'prev_value': 4661, 'change': 1}
2022-08-22 17:38:20,643 : mpfmc : SlidePlayer: Play called with settings={'combo_slide': {'target': None, 'background_color': [0.0, 0.0, 0.0, 1.0], 'priority': None, 'show': True, 'force': False, 'expire': None, 'slide': None, 'tokens': {}, 'action': 'play'}}
2022-08-22 17:38:20,662 : EventManager : Event: ======'slide_combo_slide_created'====== Args={}
2022-08-22 17:38:20,673 : EventManager : Event: ======'slide_combo_slide_active'====== Args={}
2022-08-22 17:38:20,685 : EventManager : Event: ======'player_score'====== Args={'value': 244030, 'prev_value': 214030, 'change': 30000, 'player_num': 1}
2022-08-22 17:38:20,685 : EventManager : Event: ======'player_switches'====== Args={'value': 22, 'prev_value': 21, 'change': 1, 'player_num': 1}
2022-08-22 17:38:20,685 : EventManager : Event: ======'player_combos_combo_timer_tick'====== Args={'value': 6, 'prev_value': 3, 'change': 3, 'player_num': 1}
2022-08-22 17:38:21,144 : EventManager : Event: ======'player_combos_combo_timer_tick'====== Args={'value': 5, 'prev_value': 6, 'change': -1, 'player_num': 1}
2022-08-22 17:38:21,195 : EventManager : Event: ======'machine_var_audits_switches_s_right_flipper'====== Args={'value': 32204, 'prev_value': 32203, 'change': 1}
2022-08-22 17:38:21,647 : EventManager : Event: ======'player_combos_combo_timer_tick'====== Args={'value': 4, 'prev_value': 5, 'change': -1, 'player_num': 1}
2022-08-22 17:38:21,932 : EventManager : Event: ======'machine_var_audits_switches_s_left_flipper'====== Args={'value': 34902, 'prev_value': 34901, 'change': 1}
2022-08-22 17:38:22,150 : EventManager : Event: ======'player_combos_combo_timer_tick'====== Args={'value': 3, 'prev_value': 4, 'change': -1, 'player_num': 1}
2022-08-22 17:38:22,304 : EventManager : Event: ======'machine_var_audits_switches_s_drop_target3'====== Args={'value': 2611, 'prev_value': 2610, 'change': 1}
2022-08-22 17:38:22,304 : EventManager : Event: ======'player_shot_warp_advance'====== Args={'value': 1, 'prev_value': 0, 'change': 1, 'player_num': 1}
2022-08-22 17:38:22,304 : EventManager : Event: ======'machine_var_audits_shots_warp_advance'====== Args={'value': 1104, 'prev_value': 1103, 'change': 1}
2022-08-22 17:38:22,305 : EventManager : Event: ======'player_shot_center_target'====== Args={'value': 1, 'prev_value': 0, 'change': 1, 'player_num': 1}
2022-08-22 17:38:22,305 : EventManager : Event: ======'machine_var_audits_shots_center_target'====== Args={'value': 166, 'prev_value': 165, 'change': 1}
2022-08-22 17:38:22,316 : EventManager : Event: ======'player_score'====== Args={'value': 248530, 'prev_value': 244030, 'change': 4500, 'player_num': 1}
2022-08-22 17:38:22,316 : EventManager : Event: ======'player_switches'====== Args={'value': 23, 'prev_value': 22, 'change': 1, 'player_num': 1}
2022-08-22 17:38:22,641 : EventManager : Event: ======'player_combos_combo_timer_tick'====== Args={'value': 2, 'prev_value': 3, 'change': -1, 'player_num': 1}
2022-08-22 17:38:22,641 : EventManager : Event: ======'slide_combo_slide_removed'====== Args={}
2022-08-22 17:38:22,643 : EventManager : Event: ======'slide_score_slide_active'====== Args={}
2022-08-22 17:38:22,991 : EventManager : Event: ======'machine_var_audits_switches_s_left_sling'====== Args={'value': 6927, 'prev_value': 6926, 'change': 1}
2022-08-22 17:38:22,991 : EventManager : Event: ======'player_score'====== Args={'value': 249640, 'prev_value': 248530, 'change': 1110, 'player_num': 1}
2022-08-22 17:38:22,991 : EventManager : Event: ======'player_switches'====== Args={'value': 24, 'prev_value': 23, 'change': 1, 'player_num': 1}
2022-08-22 17:38:23,145 : EventManager : Event: ======'player_combos_combo_timer_tick'====== Args={'value': 1, 'prev_value': 2, 'change': -1, 'player_num': 1}
2022-08-22 17:38:23,158 : EventManager : Event: ======'machine_var_audits_switches_s_right_flipper'====== Args={'value': 32205, 'prev_value': 32204, 'change': 1}
2022-08-22 17:38:23,649 : EventManager : Event: ======'player_combos_combo_timer_tick'====== Args={'value': 0, 'prev_value': 1, 'change': -1, 'player_num': 1}
2022-08-22 17:38:25,046 : EventManager : Event: ======'machine_var_audits_switches_s_right_flipper'====== Args={'value': 32206, 'prev_value': 32205, 'change': 1}
2022-08-22 17:38:25,405 : EventManager : Event: ======'machine_var_audits_switches_s_left_spinner'====== Args={'value': 20621, 'prev_value': 20620, 'change': 1}
2022-08-22 17:38:25,405 : EventManager : Event: ======'player_score'====== Args={'value': 250670, 'prev_value': 249640, 'change': 1030, 'player_num': 1}
2022-08-22 17:38:25,405 : EventManager : Event: ======'player_switches'====== Args={'value': 25, 'prev_value': 24, 'change': 1, 'player_num': 1}
2022-08-22 17:38:25,405 : EventManager : Event: ======'player_mode_value'====== Args={'value': 1150000, 'prev_value': 1140000, 'change': 10000, 'player_num': 1}
2022-08-22 17:38:25,596 : EventManager : Event: ======'machine_var_audits_switches_s_left_spinner'====== Args={'value': 20622, 'prev_value': 20621, 'change': 1}
2022-08-22 17:38:25,596 : EventManager : Event: ======'player_score'====== Args={'value': 251700, 'prev_value': 250670, 'change': 1030, 'player_num': 1}
2022-08-22 17:38:25,604 : EventManager : Event: ======'player_switches'====== Args={'value': 26, 'prev_value': 25, 'change': 1, 'player_num': 1}
2022-08-22 17:38:25,604 : EventManager : Event: ======'player_mode_value'====== Args={'value': 1160000, 'prev_value': 1150000, 'change': 10000, 'player_num': 1}
2022-08-22 17:38:25,787 : EventManager : Event: ======'machine_var_audits_switches_s_left_spinner'====== Args={'value': 20623, 'prev_value': 20622, 'change': 1}
2022-08-22 17:38:25,799 : EventManager : Event: ======'player_score'====== Args={'value': 252730, 'prev_value': 251700, 'change': 1030, 'player_num': 1}
2022-08-22 17:38:25,799 : EventManager : Event: ======'player_switches'====== Args={'value': 27, 'prev_value': 26, 'change': 1, 'player_num': 1}
2022-08-22 17:38:25,799 : EventManager : Event: ======'player_mode_value'====== Args={'value': 1170000, 'prev_value': 1160000, 'change': 10000, 'player_num': 1}
2022-08-22 17:38:25,989 : EventManager : Event: ======'machine_var_audits_switches_s_left_spinner'====== Args={'value': 20624, 'prev_value': 20623, 'change': 1}
2022-08-22 17:38:25,989 : EventManager : Event: ======'player_score'====== Args={'value': 253760, 'prev_value': 252730, 'change': 1030, 'player_num': 1}
2022-08-22 17:38:25,989 : EventManager : Event: ======'player_switches'====== Args={'value': 28, 'prev_value': 27, 'change': 1, 'player_num': 1}
2022-08-22 17:38:25,989 : EventManager : Event: ======'player_mode_value'====== Args={'value': 1180000, 'prev_value': 1170000, 'change': 10000, 'player_num': 1}
2022-08-22 17:38:26,705 : EventManager : Event: ======'machine_var_audits_switches_s_left_inlane_far'====== Args={'value': 4236, 'prev_value': 4235, 'change': 1}
2022-08-22 17:38:26,705 : EventManager : Event: ======'machine_var_audits_shots_galaxy_advance'====== Args={'value': 2354, 'prev_value': 2353, 'change': 1}
2022-08-22 17:38:26,705 : EventManager : Event: ======'player_score'====== Args={'value': 283760, 'prev_value': 253760, 'change': 30000, 'player_num': 1}
2022-08-22 17:38:26,705 : EventManager : Event: ======'player_switches'====== Args={'value': 29, 'prev_value': 28, 'change': 1, 'player_num': 1}
2022-08-22 17:38:26,706 : EventManager : Event: ======'player_combos_combo_timer_tick'====== Args={'value': 6, 'prev_value': 0, 'change': 6, 'player_num': 1}
2022-08-22 17:38:27,088 : EventManager : Event: ======'machine_var_audits_switches_s_left_flipper'====== Args={'value': 34903, 'prev_value': 34902, 'change': 1}
2022-08-22 17:38:27,201 : EventManager : Event: ======'player_combos_combo_timer_tick'====== Args={'value': 5, 'prev_value': 6, 'change': -1, 'player_num': 1}
2022-08-22 17:38:27,706 : EventManager : Event: ======'player_combos_combo_timer_tick'====== Args={'value': 4, 'prev_value': 5, 'change': -1, 'player_num': 1}
2022-08-22 17:38:27,952 : EventManager : Event: ======'machine_var_audits_switches_s_left_inlane_far'====== Args={'value': 4237, 'prev_value': 4236, 'change': 1}
2022-08-22 17:38:27,952 : EventManager : Event: ======'player_combo'====== Args={'value': 2, 'prev_value': 1, 'change': 1, 'player_num': 1}
2022-08-22 17:38:27,952 : EventManager : Event: ======'player_combo_value'====== Args={'value': 50000, 'prev_value': 25000, 'change': 25000, 'player_num': 1}
2022-08-22 17:38:27,953 : EventManager : Event: ======'player_score'====== Args={'value': 333760, 'prev_value': 283760, 'change': 50000, 'player_num': 1}
2022-08-22 17:38:27,953 : EventManager : Event: ======'slides_play'====== Args={'settings': {'combo_slide': {'target': None, 'background_color': [0.0, 0.0, 0.0, 1.0], 'priority': None, 'show': True, 'force': False, 'expire': None, 'slide': None, 'tokens': {}, 'action': 'play'}}, 'context': 'combos', 'calling_context': 's_left_inlane_far_active{device.timers.combo_timer.ticks==4}', 'priority': 700}
2022-08-22 17:38:27,953 : EventManager : Event: ======'machine_var_audits_shots_galaxy_advance'====== Args={'value': 2355, 'prev_value': 2354, 'change': 1}
2022-08-22 17:38:27,953 : EventManager : Event: ======'player_score'====== Args={'value': 363760, 'prev_value': 333760, 'change': 30000, 'player_num': 1}
2022-08-22 17:38:27,955 : mpfmc : SlidePlayer: Play called with settings={'combo_slide': {'target': None, 'background_color': [0.0, 0.0, 0.0, 1.0], 'priority': None, 'show': True, 'force': False, 'expire': None, 'slide': None, 'tokens': {}, 'action': 'play'}}
2022-08-22 17:38:27,956 : EventManager : Event: ======'slide_combo_slide_removed'====== Args={}
2022-08-22 17:38:27,973 : EventManager : Event: ======'slide_combo_slide_created'====== Args={}
2022-08-22 17:38:27,985 : EventManager : Event: ======'slide_combo_slide_active'====== Args={}
2022-08-22 17:38:27,992 : EventManager : Event: ======'player_switches'====== Args={'value': 30, 'prev_value': 29, 'change': 1, 'player_num': 1}
2022-08-22 17:38:27,992 : EventManager : Event: ======'player_combos_combo_timer_tick'====== Args={'value': 6, 'prev_value': 4, 'change': 2, 'player_num': 1}
2022-08-22 17:38:28,338 : EventManager : Event: ======'machine_var_audits_switches_s_left_flipper'====== Args={'value': 34904, 'prev_value': 34903, 'change': 1}
2022-08-22 17:38:28,454 : EventManager : Event: ======'player_combos_combo_timer_tick'====== Args={'value': 5, 'prev_value': 6, 'change': -1, 'player_num': 1}
2022-08-22 17:38:28,854 : EventManager : Event: ======'machine_var_audits_switches_s_drop_target2'====== Args={'value': 2184, 'prev_value': 2183, 'change': 1}
2022-08-22 17:38:28,854 : EventManager : Event: ======'player_score'====== Args={'value': 368260, 'prev_value': 363760, 'change': 4500, 'player_num': 1}
2022-08-22 17:38:28,854 : EventManager : Event: ======'player_switches'====== Args={'value': 31, 'prev_value': 30, 'change': 1, 'player_num': 1}
2022-08-22 17:38:28,854 : EventManager : Event: ======'player_mode_value'====== Args={'value': 1280000, 'prev_value': 1180000, 'change': 100000, 'player_num': 1}
2022-08-22 17:38:28,943 : EventManager : Event: ======'player_combos_combo_timer_tick'====== Args={'value': 4, 'prev_value': 5, 'change': -1, 'player_num': 1}
2022-08-22 17:38:29,406 : EventManager : Event: ======'machine_var_audits_switches_s_left_inlane'====== Args={'value': 620, 'prev_value': 619, 'change': 1}
2022-08-22 17:38:29,406 : EventManager : Event: ======'player_shot_l_lane'====== Args={'value': 1, 'prev_value': 0, 'change': 1, 'player_num': 1}
2022-08-22 17:38:29,406 : EventManager : Event: ======'machine_var_audits_shots_l_lane'====== Args={'value': 620, 'prev_value': 619, 'change': 1}
2022-08-22 17:38:29,406 : EventManager : Event: ======'player_score'====== Args={'value': 378260, 'prev_value': 368260, 'change': 10000, 'player_num': 1}
2022-08-22 17:38:29,407 : EventManager : Event: ======'player_switches'====== Args={'value': 32, 'prev_value': 31, 'change': 1, 'player_num': 1}
2022-08-22 17:38:29,445 : EventManager : Event: ======'player_combos_combo_timer_tick'====== Args={'value': 3, 'prev_value': 4, 'change': -1, 'player_num': 1}
2022-08-22 17:38:29,949 : EventManager : Event: ======'player_combos_combo_timer_tick'====== Args={'value': 2, 'prev_value': 3, 'change': -1, 'player_num': 1}
2022-08-22 17:38:29,949 : EventManager : Event: ======'slide_combo_slide_removed'====== Args={}
2022-08-22 17:38:29,950 : EventManager : Event: ======'slide_score_slide_active'====== Args={}
2022-08-22 17:38:30,450 : EventManager : Event: ======'player_combos_combo_timer_tick'====== Args={'value': 1, 'prev_value': 2, 'change': -1, 'player_num': 1}
2022-08-22 17:38:30,475 : EventManager : Event: ======'machine_var_audits_switches_s_left_flipper'====== Args={'value': 34905, 'prev_value': 34904, 'change': 1}
2022-08-22 17:38:30,475 : EventManager : Event: ======'player_shot_l_lane'====== Args={'value': 0, 'prev_value': 1, 'change': -1, 'player_num': 1}
2022-08-22 17:38:30,487 : EventManager : Event: ======'player_shot_r_lane'====== Args={'value': 1, 'prev_value': 0, 'change': 1, 'player_num': 1}
2022-08-22 17:38:30,822 : EventManager : Event: ======'machine_var_audits_switches_s_drop_target3'====== Args={'value': 2612, 'prev_value': 2611, 'change': 1}
2022-08-22 17:38:30,822 : EventManager : Event: ======'machine_var_audits_shots_warp_advance'====== Args={'value': 1105, 'prev_value': 1104, 'change': 1}
2022-08-22 17:38:30,822 : EventManager : Event: ======'machine_var_audits_shots_center_target'====== Args={'value': 167, 'prev_value': 166, 'change': 1}
2022-08-22 17:38:30,822 : EventManager : Event: ======'player_score'====== Args={'value': 382760, 'prev_value': 378260, 'change': 4500, 'player_num': 1}
2022-08-22 17:38:30,823 : EventManager : Event: ======'player_switches'====== Args={'value': 33, 'prev_value': 32, 'change': 1, 'player_num': 1}
2022-08-22 17:38:30,947 : EventManager : Event: ======'player_combos_combo_timer_tick'====== Args={'value': 0, 'prev_value': 1, 'change': -1, 'player_num': 1}
2022-08-22 17:38:31,076 : EventManager : Event: ======'machine_var_audits_switches_s_right_flipper'====== Args={'value': 32207, 'prev_value': 32206, 'change': 1}
2022-08-22 17:38:31,076 : EventManager : Event: ======'player_shot_l_lane'====== Args={'value': 1, 'prev_value': 0, 'change': 1, 'player_num': 1}
2022-08-22 17:38:31,076 : EventManager : Event: ======'player_shot_r_lane'====== Args={'value': 0, 'prev_value': 1, 'change': -1, 'player_num': 1}
2022-08-22 17:38:32,314 : EventManager : Event: ======'machine_var_audits_switches_s_left_flipper'====== Args={'value': 34906, 'prev_value': 34905, 'change': 1}
2022-08-22 17:38:32,326 : EventManager : Event: ======'player_shot_l_lane'====== Args={'value': 0, 'prev_value': 1, 'change': -1, 'player_num': 1}
2022-08-22 17:38:32,326 : EventManager : Event: ======'player_shot_r_lane'====== Args={'value': 1, 'prev_value': 0, 'change': 1, 'player_num': 1}
2022-08-22 17:38:34,976 : EventManager : Event: ======'machine_var_audits_switches_s_left_inlane_far'====== Args={'value': 4238, 'prev_value': 4237, 'change': 1}
2022-08-22 17:38:34,976 : EventManager : Event: ======'machine_var_audits_shots_galaxy_advance'====== Args={'value': 2356, 'prev_value': 2355, 'change': 1}
2022-08-22 17:38:34,988 : EventManager : Event: ======'player_score'====== Args={'value': 412760, 'prev_value': 382760, 'change': 30000, 'player_num': 1}
2022-08-22 17:38:34,988 : EventManager : Event: ======'player_switches'====== Args={'value': 34, 'prev_value': 33, 'change': 1, 'player_num': 1}
2022-08-22 17:38:34,996 : EventManager : Event: ======'player_combos_combo_timer_tick'====== Args={'value': 6, 'prev_value': 0, 'change': 6, 'player_num': 1}
2022-08-22 17:38:35,482 : EventManager : Event: ======'player_combos_combo_timer_tick'====== Args={'value': 5, 'prev_value': 6, 'change': -1, 'player_num': 1}
2022-08-22 17:38:35,986 : EventManager : Event: ======'player_combos_combo_timer_tick'====== Args={'value': 4, 'prev_value': 5, 'change': -1, 'player_num': 1}
2022-08-22 17:38:36,205 : EventManager : Event: ======'machine_var_audits_switches_s_left_inlane_far'====== Args={'value': 4239, 'prev_value': 4238, 'change': 1}
2022-08-22 17:38:36,205 : EventManager : Event: ======'player_combo'====== Args={'value': 3, 'prev_value': 2, 'change': 1, 'player_num': 1}
2022-08-22 17:38:36,205 : EventManager : Event: ======'player_combo_value'====== Args={'value': 75000, 'prev_value': 50000, 'change': 25000, 'player_num': 1}
2022-08-22 17:38:36,205 : EventManager : Event: ======'player_score'====== Args={'value': 487760, 'prev_value': 412760, 'change': 75000, 'player_num': 1}
2022-08-22 17:38:36,205 : EventManager : Event: ======'slides_play'====== Args={'settings': {'combo_slide': {'target': None, 'background_color': [0.0, 0.0, 0.0, 1.0], 'priority': None, 'show': True, 'force': False, 'expire': None, 'slide': None, 'tokens': {}, 'action': 'play'}}, 'context': 'combos', 'calling_context': 's_left_inlane_far_active{device.timers.combo_timer.ticks==4}', 'priority': 700}
2022-08-22 17:38:36,208 : mpfmc : SlidePlayer: Play called with settings={'combo_slide': {'target': None, 'background_color': [0.0, 0.0, 0.0, 1.0], 'priority': None, 'show': True, 'force': False, 'expire': None, 'slide': None, 'tokens': {}, 'action': 'play'}}
2022-08-22 17:38:36,209 : EventManager : Event: ======'slide_combo_slide_removed'====== Args={}
2022-08-22 17:38:36,224 : EventManager : Event: ======'slide_combo_slide_created'====== Args={}
2022-08-22 17:38:36,234 : EventManager : Event: ======'slide_combo_slide_active'====== Args={}
2022-08-22 17:38:36,241 : EventManager : Event: ======'machine_var_audits_shots_galaxy_advance'====== Args={'value': 2357, 'prev_value': 2356, 'change': 1}
2022-08-22 17:38:36,241 : EventManager : Event: ======'player_score'====== Args={'value': 517760, 'prev_value': 487760, 'change': 30000, 'player_num': 1}
2022-08-22 17:38:36,241 : EventManager : Event: ======'player_switches'====== Args={'value': 35, 'prev_value': 34, 'change': 1, 'player_num': 1}
2022-08-22 17:38:36,241 : EventManager : Event: ======'player_combos_combo_timer_tick'====== Args={'value': 6, 'prev_value': 4, 'change': 2, 'player_num': 1}
2022-08-22 17:38:36,242 : EventManager : Event: ======'player_playfield_multiplier'====== Args={'value': 2, 'prev_value': 1, 'change': 1, 'player_num': 1}
2022-08-22 17:38:36,242 : EventManager : Event: ======'widgets_play'====== Args={'settings': {'playfield_x_timer_widget': {'priority': 10000, 'widget_settings': {'z': -1}, 'slide': None, 'action': 'add', 'key': None, 'target': None}}, 'context': 'playfield_multiplier', 'calling_context': 'mode_playfield_multiplier_started', 'priority': 10000}
2022-08-22 17:38:36,242 : EventManager : Event: ======'player_playfield_x_timer_seconds'====== Args={'value': 75, 'prev_value': 0, 'change': 75, 'player_num': 1}
2022-08-22 17:38:36,706 : EventManager : Event: ======'player_combos_combo_timer_tick'====== Args={'value': 5, 'prev_value': 6, 'change': -1, 'player_num': 1}
2022-08-22 17:38:37,197 : EventManager : Event: ======'player_combos_combo_timer_tick'====== Args={'value': 4, 'prev_value': 5, 'change': -1, 'player_num': 1}
2022-08-22 17:38:37,401 : EventManager : Event: ======'player_playfield_multiplier_playfield_x_timer_tick'====== Args={'value': 74, 'prev_value': 0, 'change': 74, 'player_num': 1}
2022-08-22 17:38:37,401 : EventManager : Event: ======'player_playfield_x_timer_seconds'====== Args={'value': 74, 'prev_value': 75, 'change': -1, 'player_num': 1}
2022-08-22 17:38:37,698 : EventManager : Event: ======'player_combos_combo_timer_tick'====== Args={'value': 3, 'prev_value': 4, 'change': -1, 'player_num': 1}
2022-08-22 17:38:38,201 : EventManager : Event: ======'player_combos_combo_timer_tick'====== Args={'value': 2, 'prev_value': 3, 'change': -1, 'player_num': 1}
2022-08-22 17:38:38,201 : EventManager : Event: ======'slide_combo_slide_removed'====== Args={}
2022-08-22 17:38:38,202 : EventManager : Event: ======'slide_score_slide_active'====== Args={}
2022-08-22 17:38:38,608 : EventManager : Event: ======'player_playfield_multiplier_playfield_x_timer_tick'====== Args={'value': 73, 'prev_value': 74, 'change': -1, 'player_num': 1}
2022-08-22 17:38:38,608 : EventManager : Event: ======'player_playfield_x_timer_seconds'====== Args={'value': 73, 'prev_value': 74, 'change': -1, 'player_num': 1}
2022-08-22 17:38:38,691 : EventManager : Event: ======'player_combos_combo_timer_tick'====== Args={'value': 1, 'prev_value': 2, 'change': -1, 'player_num': 1}
2022-08-22 17:38:39,193 : EventManager : Event: ======'player_combos_combo_timer_tick'====== Args={'value': 0, 'prev_value': 1, 'change': -1, 'player_num': 1}
2022-08-22 17:38:39,811 : EventManager : Event: ======'player_playfield_multiplier_playfield_x_timer_tick'====== Args={'value': 72, 'prev_value': 73, 'change': -1, 'player_num': 1}
2022-08-22 17:38:39,811 : EventManager : Event: ======'player_playfield_x_timer_seconds'====== Args={'value': 72, 'prev_value': 73, 'change': -1, 'player_num': 1}
2022-08-22 17:38:40,398 : EventManager : Event: ======'machine_var_audits_switches_s_right_inlane_far'====== Args={'value': 6283, 'prev_value': 6282, 'change': 1}
2022-08-22 17:38:40,398 : EventManager : Event: ======'machine_var_audits_shots_portal_advance'====== Args={'value': 4663, 'prev_value': 4662, 'change': 1}
2022-08-22 17:38:40,423 : EventManager : Event: ======'player_score'====== Args={'value': 577760, 'prev_value': 517760, 'change': 60000, 'player_num': 1}
2022-08-22 17:38:40,423 : EventManager : Event: ======'player_switches'====== Args={'value': 36, 'prev_value': 35, 'change': 1, 'player_num': 1}
2022-08-22 17:38:40,423 : EventManager : Event: ======'player_combos_combo_timer_tick'====== Args={'value': 6, 'prev_value': 0, 'change': 6, 'player_num': 1}
2022-08-22 17:38:40,869 : EventManager : Event: ======'machine_var_audits_switches_s_right_inlane_far'====== Args={'value': 6284, 'prev_value': 6283, 'change': 1}
2022-08-22 17:38:40,869 : EventManager : Event: ======'machine_var_audits_shots_portal_advance'====== Args={'value': 4664, 'prev_value': 4663, 'change': 1}
2022-08-22 17:38:40,869 : EventManager : Event: ======'player_score'====== Args={'value': 637760, 'prev_value': 577760, 'change': 60000, 'player_num': 1}
2022-08-22 17:38:40,869 : EventManager : Event: ======'player_switches'====== Args={'value': 37, 'prev_value': 36, 'change': 1, 'player_num': 1}
2022-08-22 17:38:41,003 : EventManager : Event: ======'player_playfield_multiplier_playfield_x_timer_tick'====== Args={'value': 71, 'prev_value': 72, 'change': -1, 'player_num': 1}
2022-08-22 17:38:41,003 : EventManager : Event: ======'player_playfield_x_timer_seconds'====== Args={'value': 71, 'prev_value': 72, 'change': -1, 'player_num': 1}
2022-08-22 17:38:41,368 : EventManager : Event: ======'player_combos_combo_timer_tick'====== Args={'value': 5, 'prev_value': 6, 'change': -1, 'player_num': 1}
2022-08-22 17:38:41,859 : EventManager : Event: ======'player_combos_combo_timer_tick'====== Args={'value': 4, 'prev_value': 5, 'change': -1, 'player_num': 1}
2022-08-22 17:38:42,209 : EventManager : Event: ======'player_playfield_multiplier_playfield_x_timer_tick'====== Args={'value': 70, 'prev_value': 71, 'change': -1, 'player_num': 1}
2022-08-22 17:38:42,209 : EventManager : Event: ======'player_playfield_x_timer_seconds'====== Args={'value': 70, 'prev_value': 71, 'change': -1, 'player_num': 1}
2022-08-22 17:38:42,369 : EventManager : Event: ======'player_combos_combo_timer_tick'====== Args={'value': 3, 'prev_value': 4, 'change': -1, 'player_num': 1}
2022-08-22 17:38:42,860 : EventManager : Event: ======'player_combos_combo_timer_tick'====== Args={'value': 2, 'prev_value': 3, 'change': -1, 'player_num': 1}
2022-08-22 17:38:43,363 : EventManager : Event: ======'player_combos_combo_timer_tick'====== Args={'value': 1, 'prev_value': 2, 'change': -1, 'player_num': 1}
2022-08-22 17:38:43,414 : EventManager : Event: ======'player_playfield_multiplier_playfield_x_timer_tick'====== Args={'value': 69, 'prev_value': 70, 'change': -1, 'player_num': 1}
2022-08-22 17:38:43,414 : EventManager : Event: ======'player_playfield_x_timer_seconds'====== Args={'value': 69, 'prev_value': 70, 'change': -1, 'player_num': 1}
2022-08-22 17:38:43,692 : EventManager : Event: ======'machine_var_audits_switches_s_right_kicker'====== Args={'value': 1717, 'prev_value': 1716, 'change': 1}
2022-08-22 17:38:43,692 : EventManager : Event: ======'player_score'====== Args={'value': 667760, 'prev_value': 637760, 'change': 30000, 'player_num': 1}
2022-08-22 17:38:43,736 : EventManager : Event: ======'slides_play'====== Args={'settings': {'select_mission1': {'target': None, 'background_color': [0.0, 0.0, 0.0, 1.0], 'priority': None, 'show': True, 'force': False, 'expire': None, 'slide': None, 'tokens': {}, 'action': 'play'}}, 'context': 'carousel', 'calling_context': 'carousel_mission1_highlighted', 'priority': 90000, 'direction': None}
2022-08-22 17:38:43,736 : mpfmc : SlidePlayer: Play called with settings={'select_mission1': {'target': None, 'background_color': [0.0, 0.0, 0.0, 1.0], 'priority': None, 'show': True, 'force': False, 'expire': None, 'slide': None, 'tokens': {}, 'action': 'play'}}
2022-08-22 17:38:43,751 : EventManager : Event: ======'slide_select_mission1_created'====== Args={}
2022-08-22 17:38:43,758 : EventManager : Event: ======'slide_select_mission1_active'====== Args={}
2022-08-22 17:38:43,918 : EventManager : Event: ======'player_combos_combo_timer_tick'====== Args={'value': 0, 'prev_value': 1, 'change': -1, 'player_num': 1}
2022-08-22 17:38:44,611 : EventManager : Event: ======'player_playfield_multiplier_playfield_x_timer_tick'====== Args={'value': 68, 'prev_value': 69, 'change': -1, 'player_num': 1}
2022-08-22 17:38:44,611 : EventManager : Event: ======'player_playfield_x_timer_seconds'====== Args={'value': 68, 'prev_value': 69, 'change': -1, 'player_num': 1}
2022-08-22 17:38:45,817 : EventManager : Event: ======'player_playfield_multiplier_playfield_x_timer_tick'====== Args={'value': 67, 'prev_value': 68, 'change': -1, 'player_num': 1}
2022-08-22 17:38:45,817 : EventManager : Event: ======'player_playfield_x_timer_seconds'====== Args={'value': 67, 'prev_value': 68, 'change': -1, 'player_num': 1}
2022-08-22 17:38:47,023 : EventManager : Event: ======'player_playfield_multiplier_playfield_x_timer_tick'====== Args={'value': 66, 'prev_value': 67, 'change': -1, 'player_num': 1}
2022-08-22 17:38:47,023 : EventManager : Event: ======'player_playfield_x_timer_seconds'====== Args={'value': 66, 'prev_value': 67, 'change': -1, 'player_num': 1}
2022-08-22 17:38:48,258 : EventManager : Event: ======'player_playfield_multiplier_playfield_x_timer_tick'====== Args={'value': 65, 'prev_value': 66, 'change': -1, 'player_num': 1}
2022-08-22 17:38:48,258 : EventManager : Event: ======'player_playfield_x_timer_seconds'====== Args={'value': 65, 'prev_value': 66, 'change': -1, 'player_num': 1}
2022-08-22 17:38:49,439 : EventManager : Event: ======'player_playfield_multiplier_playfield_x_timer_tick'====== Args={'value': 64, 'prev_value': 65, 'change': -1, 'player_num': 1}
2022-08-22 17:38:49,440 : EventManager : Event: ======'player_playfield_x_timer_seconds'====== Args={'value': 64, 'prev_value': 65, 'change': -1, 'player_num': 1}
2022-08-22 17:38:50,615 : EventManager : Event: ======'player_playfield_multiplier_playfield_x_timer_tick'====== Args={'value': 63, 'prev_value': 64, 'change': -1, 'player_num': 1}
2022-08-22 17:38:50,616 : EventManager : Event: ======'player_playfield_x_timer_seconds'====== Args={'value': 63, 'prev_value': 64, 'change': -1, 'player_num': 1}
2022-08-22 17:38:51,820 : EventManager : Event: ======'player_playfield_multiplier_playfield_x_timer_tick'====== Args={'value': 62, 'prev_value': 63, 'change': -1, 'player_num': 1}
2022-08-22 17:38:51,821 : EventManager : Event: ======'player_playfield_x_timer_seconds'====== Args={'value': 62, 'prev_value': 63, 'change': -1, 'player_num': 1}
2022-08-22 17:38:53,027 : EventManager : Event: ======'player_playfield_multiplier_playfield_x_timer_tick'====== Args={'value': 61, 'prev_value': 62, 'change': -1, 'player_num': 1}
2022-08-22 17:38:53,027 : EventManager : Event: ======'player_playfield_x_timer_seconds'====== Args={'value': 61, 'prev_value': 62, 'change': -1, 'player_num': 1}
2022-08-22 17:38:54,209 : EventManager : Event: ======'player_playfield_multiplier_playfield_x_timer_tick'====== Args={'value': 60, 'prev_value': 61, 'change': -1, 'player_num': 1}
2022-08-22 17:38:54,209 : EventManager : Event: ======'player_playfield_x_timer_seconds'====== Args={'value': 60, 'prev_value': 61, 'change': -1, 'player_num': 1}
2022-08-22 17:38:55,445 : EventManager : Event: ======'player_playfield_multiplier_playfield_x_timer_tick'====== Args={'value': 59, 'prev_value': 60, 'change': -1, 'player_num': 1}
2022-08-22 17:38:55,445 : EventManager : Event: ======'player_playfield_x_timer_seconds'====== Args={'value': 59, 'prev_value': 60, 'change': -1, 'player_num': 1}
2022-08-22 17:38:56,508 : kivy : Base: Leaving application in progress...
2022-08-22 17:38:56,857 : mpfmc : Stopping...
2022-08-22 17:38:56,857 : EventManager : Event: ======'shutdown'====== Args={}
2022-08-22 17:38:56,857 : AudioInterface : Disabling audio playback
2022-08-22 17:38:56,857 : mpfmc : Loop rate 65.65 Hz
2022-08-22 17:38:56,857 : kivy : MC run loop ended.
2022-08-22 17:38:56,857 : kivy : Stopping child threads... (3 remaining)
2022-08-22 17:38:57,247 : mpfmc : Stopping...
2022-08-22 17:38:57,247 : EventManager : Event: ======'shutdown'====== Args={}
2022-08-22 17:38:57,247 : mpfmc : Loop rate 65.22 Hz
2022-08-22 17:38:57,294 : MPF-MC BCP Server : Stopping BCP sending thread
2022-08-22 17:38:57,512 : kivy : All child threads stopped.
