2022-08-21 19:12:32,714 : kivy : Factory: 186 symbols loaded
2022-08-21 19:12:32,870 : kivy : ImageLoaderFFPy: Using ffpyplayer 4.3.2
2022-08-21 19:12:32,870 : kivy : Image: Providers: img_tex, img_dds, img_sdl2, img_pil, img_ffpyplayer 
2022-08-21 19:12:32,901 : kivy : VideoGstplayer: Using Gstreamer 1.18.0.0
2022-08-21 19:12:32,902 : kivy : Video: Provider: gstplayer
2022-08-21 19:12:33,063 : kivy : Loading MPF-MC controller
2022-08-21 19:12:33,598 : ConfigProcessor : Config spec file cache created: C:\Users\Brendan\AppData\Local\Temp\config_spec.mpf_cache
2022-08-21 19:12:33,599 : YamlMultifileConfigLoader : Machine config file #1: config
2022-08-21 19:12:33,599 : ConfigProcessor : Config file in cache changed: C:\Baby_pacman_code\machine\config\config
2022-08-21 19:12:33,599 : ConfigProcessor : Loading config from file c:\users\brendan\appdata\local\programs\python\python37\lib\site-packages\mpfmc\mcconfig.yaml.
2022-08-21 19:12:33,649 : ConfigProcessor : Loading config: c:\users\brendan\appdata\local\programs\python\python37\lib\site-packages\mpfmc\mcconfig.yaml
2022-08-21 19:12:33,649 : ConfigProcessor : Loading config from file C:\Baby_pacman_code\machine\config\config.
2022-08-21 19:12:33,775 : ConfigProcessor : Loading config: C:\Baby_pacman_code\machine\config\config
2022-08-21 19:12:33,778 : ConfigProcessor : Config file cache created: C:\Users\Brendan\AppData\Local\Temp\e68bda1e95a8aa0185725ca2569cabab.mpf_cache
2022-08-21 19:12:33,778 : ConfigProcessor : Loading config from cache: C:\Users\Brendan\AppData\Local\Temp\467e7647689d29fad6adf949e1f4d51d.mpf_cache
2022-08-21 19:12:33,779 : ConfigProcessor : Loading config from cache: C:\Users\Brendan\AppData\Local\Temp\5550e037aa776b42b91b29b40b356c70.mpf_cache
2022-08-21 19:12:33,779 : ConfigProcessor : Loading config from cache: C:\Users\Brendan\AppData\Local\Temp\15e0c601392b30c3d9ba3ead8131edb5.mpf_cache
2022-08-21 19:12:33,780 : ConfigProcessor : Loading config from cache: C:\Users\Brendan\AppData\Local\Temp\0bf50917c4ef15ab65ee13d6c14e7d7c.mpf_cache
2022-08-21 19:12:33,781 : ConfigProcessor : Loading config from cache: C:\Users\Brendan\AppData\Local\Temp\bc7da7b13b2754e080c2afa0678ac274.mpf_cache
2022-08-21 19:12:33,781 : ConfigProcessor : Loading config from cache: C:\Users\Brendan\AppData\Local\Temp\bbd59d0bb6602ee0c5a89d6f85e6dd42.mpf_cache
2022-08-21 19:12:33,782 : ConfigProcessor : Loading config from cache: C:\Users\Brendan\AppData\Local\Temp\5526c78976fee311c3d05505d75f653d.mpf_cache
2022-08-21 19:12:33,782 : ConfigProcessor : Loading config from cache: C:\Users\Brendan\AppData\Local\Temp\6e95138ae5415fc76b53ebf8fa245fb5.mpf_cache
2022-08-21 19:12:33,783 : ConfigProcessor : Loading config from cache: C:\Users\Brendan\AppData\Local\Temp\1ec1c4dffb383758956493783a9ed391.mpf_cache
2022-08-21 19:12:33,784 : ConfigProcessor : Loading config from cache: C:\Users\Brendan\AppData\Local\Temp\f2aee92728c8017b77c710c804dd7f5a.mpf_cache
2022-08-21 19:12:33,787 : ConfigProcessor : Loading config from cache: C:\Users\Brendan\AppData\Local\Temp\88f57fa1305e9dc100972ec9f84d57fe.mpf_cache
2022-08-21 19:12:33,788 : ConfigProcessor : Loading config from cache: C:\Users\Brendan\AppData\Local\Temp\6e00a9d794d4c3f43a0fc48da04dac60.mpf_cache
2022-08-21 19:12:33,788 : ConfigProcessor : Loading config from cache: C:\Users\Brendan\AppData\Local\Temp\05ef98219fc733c3bcab58726c4b37ef.mpf_cache
2022-08-21 19:12:33,789 : ConfigProcessor : Loading config from cache: C:\Users\Brendan\AppData\Local\Temp\c22d657a5a7bb60632c2be2c735e073b.mpf_cache
2022-08-21 19:12:33,790 : ConfigProcessor : Loading config from cache: C:\Users\Brendan\AppData\Local\Temp\f7d4f5eb9425fe84d2e83a363afd4bdf.mpf_cache
2022-08-21 19:12:33,790 : ConfigProcessor : Loading config from cache: C:\Users\Brendan\AppData\Local\Temp\125f51d329f930ea7bff10973551cc26.mpf_cache
2022-08-21 19:12:33,791 : ConfigProcessor : Loading config from cache: C:\Users\Brendan\AppData\Local\Temp\08e18dfdf4e02cd29cc0cc52be2faaf4.mpf_cache
2022-08-21 19:12:33,791 : ConfigProcessor : Loading config from cache: C:\Users\Brendan\AppData\Local\Temp\f042f5bf6362b9e04d43b40b93a92057.mpf_cache
2022-08-21 19:12:33,792 : ConfigProcessor : Loading config from cache: C:\Users\Brendan\AppData\Local\Temp\60badac06cd62deb71f25fac24b103c2.mpf_cache
2022-08-21 19:12:33,793 : ConfigProcessor : Loading config from cache: C:\Users\Brendan\AppData\Local\Temp\a3ad1aeb679a0686901de8a6ffe784f0.mpf_cache
2022-08-21 19:12:33,793 : ConfigProcessor : Loading config from cache: C:\Users\Brendan\AppData\Local\Temp\d7856287e4ec48fb5adaa65e5f7b2848.mpf_cache
2022-08-21 19:12:33,794 : mpfmc : Mission Pinball Framework Media Controller v0.55.0
2022-08-21 19:12:33,794 : mpfmc : Mission Pinball Framework Game Engine v0.55.0
2022-08-21 19:12:33,794 : mpfmc : Machine path: C:\Baby_pacman_code\machine
2022-08-21 19:12:33,794 : mpfmc : Starting clock at 60.0Hz
2022-08-21 19:12:33,805 : kivy : Text: Provider: sdl2
2022-08-21 19:12:33,841 : kivy : Window: Provider: sdl2
2022-08-21 19:12:33,909 : kivy : GL: Using the "OpenGL" graphics system
2022-08-21 19:12:33,910 : kivy : GL: GLEW initialization succeeded
2022-08-21 19:12:33,910 : kivy : GL: Backend used <glew>
2022-08-21 19:12:33,910 : kivy : GL: OpenGL version <b'3.1.0 - Build 9.17.10.3517'>
2022-08-21 19:12:33,910 : kivy : GL: OpenGL vendor <b'Intel'>
2022-08-21 19:12:33,910 : kivy : GL: OpenGL renderer <b'Intel(R) HD Graphics 2000'>
2022-08-21 19:12:33,910 : kivy : GL: OpenGL parsed version: 3, 1
2022-08-21 19:12:33,910 : kivy : GL: Shading version <b'1.40 - Intel Build 9.17.10.3517'>
2022-08-21 19:12:33,910 : kivy : GL: Texture max size <8192>
2022-08-21 19:12:33,910 : kivy : GL: Texture max units <16>
2022-08-21 19:12:33,978 : kivy : Window: auto add sdl2 input provider
2022-08-21 19:12:33,978 : kivy : Window: virtual keyboard not allowed, single mode, not docked
2022-08-21 19:12:34,125 : AudioInterface : Initialized
2022-08-21 19:12:34,126 : AudioInterface : Loaded SDL 2.0.12
2022-08-21 19:12:34,126 : AudioInterface : Loaded SDL_Mixer 2.0.4
2022-08-21 19:12:34,126 : AudioInterface : Loaded GStreamer 1.18.0.0
2022-08-21 19:12:34,126 : AudioInterface : Loaded GLib 2.62.6
2022-08-21 19:12:34,126 : AudioInterface : Settings requested - rate: 44100, channels: 1, buffer: 2048 samples
2022-08-21 19:12:34,126 : AudioInterface : Settings in use - rate: 44100, channels: 1, buffer: 2048 samples (4096 bytes @ 2 bytes per sample)
2022-08-21 19:12:34,126 : SoundSystem : Setting master volume to 0.0
2022-08-21 19:12:34,126 : SoundSystem : master_volume in sound_system is deprecated and will be removed in the future.
2022-08-21 19:12:34,127 : AudioInterface : Enabling audio playback
2022-08-21 19:12:34,129 : kivy : Base: Start application main loop
2022-08-21 19:12:34,129 : EventManager : Event: ======'display_window_initialized'====== Args={}
2022-08-21 19:12:34,153 : mpfmc : Display: Setting 'window' as default display
2022-08-21 19:12:34,159 : mpfmc : ASPECT RATIO MISMATCH: The on-screen window is not the same aspect ratio as the display called 'window'. The logical display will be scaled from 1366x768 to the window size 1916x1054, and a black bar will make up the difference
2022-08-21 19:12:34,160 : EventManager : Event: ======'displays_initialized'====== Args={}
2022-08-21 19:12:34,162 : EventManager : Event: ======'slide_window_blank_created'====== Args={}
2022-08-21 19:12:34,162 : EventManager : Event: ======'display_window_ready'====== Args={}
2022-08-21 19:12:34,170 : EventManager : Event: ======'init_phase_1'====== Args={}
2022-08-21 19:12:34,177 : EventManager : Event: ======'mc_ready'====== Args={}
2022-08-21 19:12:34,177 : EventManager : Event: ======'init_phase_2'====== Args={}
2022-08-21 19:12:34,206 : EventManager : Event: ======'init_phase_3'====== Args={}
2022-08-21 19:12:34,213 : EventManager : Event: ======'init_phase_4'====== Args={}
2022-08-21 19:12:34,213 : EventManager : Event: ======'init_phase_5'====== Args={}
2022-08-21 19:12:34,265 : kivy : GL: NPOT texture support is available
2022-08-21 19:12:34,286 : kivy : GL: Unpack subimage support is available
2022-08-21 19:12:34,313 : EventManager : Event: ======'loading_assets'====== Args={'total': 27, 'loaded': 1, 'remaining': 26, 'percent': 4}
2022-08-21 19:12:34,313 : AssetManager : Loading assets: 1/27 (4%)
2022-08-21 19:12:35,565 : EventManager : Event: ======'loading_assets'====== Args={'total': 27, 'loaded': 2, 'remaining': 25, 'percent': 7}
2022-08-21 19:12:35,565 : AssetManager : Loading assets: 2/27 (7%)
2022-08-21 19:12:37,343 : EventManager : Event: ======'loading_assets'====== Args={'total': 27, 'loaded': 14, 'remaining': 13, 'percent': 52}
2022-08-21 19:12:37,343 : AssetManager : Loading assets: 14/27 (52%)
2022-08-21 19:12:37,959 : EventManager : Event: ======'loading_assets'====== Args={'total': 27, 'loaded': 27, 'remaining': 0, 'percent': 100}
2022-08-21 19:12:37,959 : AssetManager : Asset loading took: 3.831218957901001
2022-08-21 19:12:37,959 : EventManager : Event: ======'asset_loading_complete'====== Args={}
2022-08-21 19:12:37,960 : AssetManager : Loading assets: 27/27 (100%)
2022-08-21 19:12:37,960 : EventManager : Event: ======'init_done'====== Args={}
2022-08-21 19:12:37,960 : MPF-MC BCP Server : Starting up on localhost port 5050
2022-08-21 19:12:37,962 : MPF-MC BCP Server : Waiting for a connection...
2022-08-21 19:12:37,976 : EventManager : Event: ======'client_disconnected'====== Args={'host': '127.0.0.1', 'port': 5050}
2022-08-21 19:12:38,225 : MPF-MC BCP Server : Received connection from: 127.0.0.1:49550
2022-08-21 19:12:38,235 : EventManager : Event: ======'client_connected'====== Args={'host': '127.0.0.1', 'port': 49550}
2022-08-21 19:12:38,248 : EventManager : Event: ======'machine_var_fast_net_firmware'====== Args={'value': '01.05', 'prev_value': None, 'change': True}
2022-08-21 19:12:38,248 : EventManager : Event: ======'machine_var_fast_net_model'====== Args={'value': 'FP-CPU-002-2', 'prev_value': None, 'change': True}
2022-08-21 19:12:38,248 : EventManager : Event: ======'machine_var_fast_rgb_firmware'====== Args={'value': '01.00', 'prev_value': None, 'change': True}
2022-08-21 19:12:38,248 : EventManager : Event: ======'machine_var_fast_rgb_model'====== Args={'value': 'FP-CPU-002-2', 'prev_value': None, 'change': True}
2022-08-21 19:12:38,249 : EventManager : Event: ======'machine_var_credits_string'====== Args={'value': 'FREE PLAY', 'prev_value': None, 'change': True}
2022-08-21 19:12:38,249 : EventManager : Event: ======'machine_var_master_volume'====== Args={'value': 0.5, 'prev_value': None, 'change': True}
2022-08-21 19:12:38,249 : EventManager : Event: ======'machine_var_player1_score'====== Args={'value': 58540490, 'prev_value': None, 'change': True}
2022-08-21 19:12:38,249 : EventManager : Event: ======'machine_var_mpf_version'====== Args={'value': 'MPF v0.55.0', 'prev_value': None, 'change': True}
2022-08-21 19:12:38,249 : EventManager : Event: ======'machine_var_mpf_extended_version'====== Args={'value': 'MPF v0.55.0, Config version:5, Show version: 5, BCP version:1.1', 'prev_value': None, 'change': True}
2022-08-21 19:12:38,249 : EventManager : Event: ======'machine_var_python_version'====== Args={'value': '3.7.8', 'prev_value': None, 'change': True}
2022-08-21 19:12:38,250 : EventManager : Event: ======'machine_var_platform'====== Args={'value': 'Windows-7-6.1.7601-SP1', 'prev_value': None, 'change': True}
2022-08-21 19:12:38,250 : EventManager : Event: ======'machine_var_platform_system'====== Args={'value': 'Windows', 'prev_value': None, 'change': True}
2022-08-21 19:12:38,250 : EventManager : Event: ======'machine_var_platform_release'====== Args={'value': '7', 'prev_value': None, 'change': True}
2022-08-21 19:12:38,250 : EventManager : Event: ======'machine_var_platform_version'====== Args={'value': '6.1.7601', 'prev_value': None, 'change': True}
2022-08-21 19:12:38,250 : EventManager : Event: ======'machine_var_platform_machine'====== Args={'value': 'AMD64', 'prev_value': None, 'change': True}
2022-08-21 19:12:38,251 : EventManager : Event: ======'machine_var_mc_version'====== Args={'value': 'MPF-MC v0.55.0', 'prev_value': None, 'change': True}
2022-08-21 19:12:38,251 : EventManager : Event: ======'machine_var_mc_extended_version'====== Args={'value': 'MPF-MC v0.55.0 (config_version=5, BCP v1.1, Requires MPF v0.55.0-dev.49)', 'prev_value': None, 'change': True}
2022-08-21 19:12:38,251 : SoundSystem : Setting master volume to 0.5
2022-08-21 19:12:38,727 : EventManager : Event: ======'machine_var_audits_events_game_ended'====== Args={'value': 0, 'prev_value': None, 'change': True}
2022-08-21 19:12:38,727 : EventManager : Event: ======'machine_var_audits_events_game_started'====== Args={'value': 0, 'prev_value': None, 'change': True}
2022-08-21 19:12:38,727 : EventManager : Event: ======'machine_var_audits_player_score'====== Args={'value': {'average': 10318150.616438355, 'top': [198719690, 195274570, 161094530, 160419680, 140071820, 132769060, 132262360, 127113160, 121863670, 115954110], 'total': 584}, 'prev_value': None, 'change': True}
2022-08-21 19:12:38,727 : EventManager : Event: ======'machine_var_audits_shots_center_drop_mission1'====== Args={'value': 519, 'prev_value': None, 'change': True}
2022-08-21 19:12:38,728 : EventManager : Event: ======'machine_var_audits_shots_center_target'====== Args={'value': 111, 'prev_value': None, 'change': True}
2022-08-21 19:12:38,728 : EventManager : Event: ======'machine_var_audits_shots_drop_target1_mission2'====== Args={'value': 219, 'prev_value': None, 'change': True}
2022-08-21 19:12:38,728 : EventManager : Event: ======'machine_var_audits_shots_drop_target2_mission2'====== Args={'value': 256, 'prev_value': None, 'change': True}
2022-08-21 19:12:38,728 : EventManager : Event: ======'machine_var_audits_shots_drop_target3_mission2'====== Args={'value': 296, 'prev_value': None, 'change': True}
2022-08-21 19:12:38,728 : EventManager : Event: ======'machine_var_audits_shots_drop_target4_mission2'====== Args={'value': 263, 'prev_value': None, 'change': True}
2022-08-21 19:12:38,728 : EventManager : Event: ======'machine_var_audits_shots_drop_target5_mission2'====== Args={'value': 225, 'prev_value': None, 'change': True}
2022-08-21 19:12:38,739 : EventManager : Event: ======'machine_var_audits_shots_drop_targets_mission3'====== Args={'value': 1462, 'prev_value': None, 'change': True}
2022-08-21 19:12:38,739 : EventManager : Event: ======'machine_var_audits_shots_galaxy_advance'====== Args={'value': 2089, 'prev_value': None, 'change': True}
2022-08-21 19:12:38,739 : EventManager : Event: ======'machine_var_audits_shots_l_lane'====== Args={'value': 606, 'prev_value': None, 'change': True}
2022-08-21 19:12:38,739 : EventManager : Event: ======'machine_var_audits_shots_left_kicker_mission2'====== Args={'value': 160, 'prev_value': None, 'change': True}
2022-08-21 19:12:38,739 : EventManager : Event: ======'machine_var_audits_shots_left_kicker_mission4'====== Args={'value': 116, 'prev_value': None, 'change': True}
2022-08-21 19:12:38,739 : EventManager : Event: ======'machine_var_audits_shots_left_loop_mission1'====== Args={'value': 583, 'prev_value': None, 'change': True}
2022-08-21 19:12:38,739 : EventManager : Event: ======'machine_var_audits_shots_left_loop_mission2'====== Args={'value': 258, 'prev_value': None, 'change': True}
2022-08-21 19:12:38,739 : EventManager : Event: ======'machine_var_audits_shots_left_loop_mission4'====== Args={'value': 381, 'prev_value': None, 'change': True}
2022-08-21 19:12:38,740 : EventManager : Event: ======'machine_var_audits_shots_portal_advance'====== Args={'value': 4559, 'prev_value': None, 'change': True}
2022-08-21 19:12:38,740 : EventManager : Event: ======'machine_var_audits_shots_r_lane'====== Args={'value': 537, 'prev_value': None, 'change': True}
2022-08-21 19:12:38,740 : EventManager : Event: ======'machine_var_audits_shots_right_kicker_mission2'====== Args={'value': 134, 'prev_value': None, 'change': True}
2022-08-21 19:12:38,740 : EventManager : Event: ======'machine_var_audits_shots_right_kicker_mission4'====== Args={'value': 135, 'prev_value': None, 'change': True}
2022-08-21 19:12:38,740 : EventManager : Event: ======'machine_var_audits_shots_right_loop_mission1'====== Args={'value': 672, 'prev_value': None, 'change': True}
2022-08-21 19:12:38,740 : EventManager : Event: ======'machine_var_audits_shots_right_loop_mission2'====== Args={'value': 302, 'prev_value': None, 'change': True}
2022-08-21 19:12:38,740 : EventManager : Event: ======'machine_var_audits_shots_right_loop_mission4'====== Args={'value': 429, 'prev_value': None, 'change': True}
2022-08-21 19:12:38,740 : EventManager : Event: ======'machine_var_audits_shots_warp_advance'====== Args={'value': 1091, 'prev_value': None, 'change': True}
2022-08-21 19:12:38,741 : EventManager : Event: ======'machine_var_audits_switches_s_action_button'====== Args={'value': 3946, 'prev_value': None, 'change': True}
2022-08-21 19:12:38,741 : EventManager : Event: ======'machine_var_audits_switches_s_drain'====== Args={'value': 2717, 'prev_value': None, 'change': True}
2022-08-21 19:12:38,741 : EventManager : Event: ======'machine_var_audits_switches_s_drop_target1'====== Args={'value': 1832, 'prev_value': None, 'change': True}
2022-08-21 19:12:38,741 : EventManager : Event: ======'machine_var_audits_switches_s_drop_target2'====== Args={'value': 2140, 'prev_value': None, 'change': True}
2022-08-21 19:12:38,741 : EventManager : Event: ======'machine_var_audits_switches_s_drop_target3'====== Args={'value': 2556, 'prev_value': None, 'change': True}
2022-08-21 19:12:38,741 : EventManager : Event: ======'machine_var_audits_switches_s_drop_target4'====== Args={'value': 2046, 'prev_value': None, 'change': True}
2022-08-21 19:12:38,741 : EventManager : Event: ======'machine_var_audits_switches_s_drop_target5'====== Args={'value': 1937, 'prev_value': None, 'change': True}
2022-08-21 19:12:38,741 : EventManager : Event: ======'machine_var_audits_switches_s_left_captive_ball'====== Args={'value': 473, 'prev_value': None, 'change': True}
2022-08-21 19:12:38,741 : EventManager : Event: ======'machine_var_audits_switches_s_left_flipper'====== Args={'value': 34244, 'prev_value': None, 'change': True}
2022-08-21 19:12:38,742 : EventManager : Event: ======'machine_var_audits_switches_s_left_inlane'====== Args={'value': 606, 'prev_value': None, 'change': True}
2022-08-21 19:12:38,742 : EventManager : Event: ======'machine_var_audits_switches_s_left_inlane_far'====== Args={'value': 3934, 'prev_value': None, 'change': True}
2022-08-21 19:12:38,742 : EventManager : Event: ======'machine_var_audits_switches_s_left_kicker'====== Args={'value': 1530, 'prev_value': None, 'change': True}
2022-08-21 19:12:38,742 : EventManager : Event: ======'machine_var_audits_switches_s_left_sling'====== Args={'value': 6812, 'prev_value': None, 'change': True}
2022-08-21 19:12:38,742 : EventManager : Event: ======'machine_var_audits_switches_s_left_spinner'====== Args={'value': 20054, 'prev_value': None, 'change': True}
2022-08-21 19:12:38,742 : EventManager : Event: ======'machine_var_audits_switches_s_right_captive_ball'====== Args={'value': 498, 'prev_value': None, 'change': True}
2022-08-21 19:12:38,742 : EventManager : Event: ======'machine_var_audits_switches_s_right_flipper'====== Args={'value': 31678, 'prev_value': None, 'change': True}
2022-08-21 19:12:38,742 : EventManager : Event: ======'machine_var_audits_switches_s_right_inlane'====== Args={'value': 537, 'prev_value': None, 'change': True}
2022-08-21 19:12:38,742 : EventManager : Event: ======'machine_var_audits_switches_s_right_inlane_far'====== Args={'value': 6136, 'prev_value': None, 'change': True}
2022-08-21 19:12:38,742 : EventManager : Event: ======'machine_var_audits_switches_s_right_kicker'====== Args={'value': 1696, 'prev_value': None, 'change': True}
2022-08-21 19:12:38,752 : EventManager : Event: ======'machine_var_audits_switches_s_right_sling'====== Args={'value': 14084, 'prev_value': None, 'change': True}
2022-08-21 19:12:38,752 : EventManager : Event: ======'machine_var_audits_switches_s_right_spinner'====== Args={'value': 16231, 'prev_value': None, 'change': True}
2022-08-21 19:12:38,752 : EventManager : Event: ======'machine_var_audits_switches_s_start'====== Args={'value': 404, 'prev_value': None, 'change': True}
2022-08-21 19:12:38,764 : EventManager : Event: ======'mc_reset_phase_1'====== Args={}
2022-08-21 19:12:38,764 : EventManager : Event: ======'mc_reset_phase_2'====== Args={}
2022-08-21 19:12:38,764 : EventManager : Event: ======'mc_reset_phase_3'====== Args={}
2022-08-21 19:12:38,764 : EventManager : Event: ======'mc_reset_complete'====== Args={}
2022-08-21 19:12:38,776 : EventManager : Event: ======'slides_play'====== Args={'settings': {'widgets': {'widgets': [{'type': 'text', 'text': 'GAME OVER', 'font_size': 50, 'font_name': 'space_font', '_default_settings': ['type', 'text', 'font_size', 'font_name'], 'x': None, 'y': None, 'anchor_x': 'center', 'anchor_y': 'center', 'round_anchor_x': None, 'round_anchor_y': None, 'opacity': 1.0, 'z': 0, 'reset_animations_events': {}, 'color': [1.0, 1.0, 1.0, 1.0], 'style': [], 'adjust_top': 0, 'adjust_bottom': 0, 'adjust_left': 0, 'adjust_right': 0, 'expire': None, 'key': None, 'widget': None, 'events_when_added': [], 'events_when_removed': [], 'bitmap_font': False, 'font_kerning': True, 'bold': False, 'italic': False, 'number_grouping': False, 'min_digits': 0, 'halign': 'center', 'valign': 'middle', 'rotation': 0, 'scale': 1.0, 'casing': None, 'animations': None}, {'type': 'image', 'image': 'attract_background', '_default_settings': ['type', 'image'], 'x': None, 'y': None, 'anchor_x': 'center', 'anchor_y': 'center', 'round_anchor_x': None, 'round_anchor_y': None, 'opacity': 1.0, 'z': 0, 'reset_animations_events': {}, 'color': [1.0, 1.0, 1.0, 1.0], 'style': [], 'adjust_top': 0, 'adjust_bottom': 0, 'adjust_left': 0, 'adjust_right': 0, 'expire': None, 'key': None, 'widget': None, 'events_when_added': [], 'events_when_removed': [], 'fps': 10, 'loops': -1, 'auto_play': True, 'start_frame': 0, 'rotation': 0, 'scale': 1.0, 'animations': None}], 'target': None, 'background_color': [0.0, 0.0, 0.0, 1.0], 'priority': None, 'show': True, 'force': False, 'expire': None, 'slide': None, 'tokens': {}, 'action': 'play'}}, 'context': 'show_13', 'calling_context': 0, 'priority': 10, 'show_tokens': {}, 'start_time': 18094.977}
2022-08-21 19:12:38,776 : mpfmc : SlidePlayer: Play called with settings={'widgets': {'widgets': [{'type': 'text', 'text': 'GAME OVER', 'font_size': 50, 'font_name': 'space_font', '_default_settings': ['type', 'text', 'font_size', 'font_name'], 'x': None, 'y': None, 'anchor_x': 'center', 'anchor_y': 'center', 'round_anchor_x': None, 'round_anchor_y': None, 'opacity': 1.0, 'z': 0, 'reset_animations_events': {}, 'color': [1.0, 1.0, 1.0, 1.0], 'style': [], 'adjust_top': 0, 'adjust_bottom': 0, 'adjust_left': 0, 'adjust_right': 0, 'expire': None, 'key': None, 'widget': None, 'events_when_added': [], 'events_when_removed': [], 'bitmap_font': False, 'font_kerning': True, 'bold': False, 'italic': False, 'number_grouping': False, 'min_digits': 0, 'halign': 'center', 'valign': 'middle', 'rotation': 0, 'scale': 1.0, 'casing': None, 'animations': None}, {'type': 'image', 'image': 'attract_background', '_default_settings': ['type', 'image'], 'x': None, 'y': None, 'anchor_x': 'center', 'anchor_y': 'center', 'round_anchor_x': None, 'round_anchor_y': None, 'opacity': 1.0, 'z': 0, 'reset_animations_events': {}, 'color': [1.0, 1.0, 1.0, 1.0], 'style': [], 'adjust_top': 0, 'adjust_bottom': 0, 'adjust_left': 0, 'adjust_right': 0, 'expire': None, 'key': None, 'widget': None, 'events_when_added': [], 'events_when_removed': [], 'fps': 10, 'loops': -1, 'auto_play': True, 'start_frame': 0, 'rotation': 0, 'scale': 1.0, 'animations': None}], 'target': None, 'background_color': [0.0, 0.0, 0.0, 1.0], 'priority': None, 'show': True, 'force': False, 'expire': None, 'slide': None, 'tokens': {}, 'action': 'play'}}
2022-08-21 19:12:38,783 : EventManager : Event: ======'slide_show_13.slide_player-0_created'====== Args={}
2022-08-21 19:12:38,785 : EventManager : Event: ======'slide_show_13.slide_player-0_active'====== Args={}
2022-08-21 19:12:41,763 : EventManager : Event: ======'slides_play'====== Args={'settings': {'last_game_score_slide': {'widgets': [{'type': 'text', 'text': 'LAST GAME', 'font_size': 50, 'y': '60%', 'font_name': 'space_font', '_default_settings': ['type', 'text', 'font_size', 'y', 'font_name'], 'x': None, 'anchor_x': 'center', 'anchor_y': 'center', 'round_anchor_x': None, 'round_anchor_y': None, 'opacity': 1.0, 'z': 0, 'reset_animations_events': {}, 'color': [1.0, 1.0, 1.0, 1.0], 'style': [], 'adjust_top': 0, 'adjust_bottom': 0, 'adjust_left': 0, 'adjust_right': 0, 'expire': None, 'key': None, 'widget': None, 'events_when_added': [], 'events_when_removed': [], 'bitmap_font': False, 'font_kerning': True, 'bold': False, 'italic': False, 'number_grouping': False, 'min_digits': 0, 'halign': 'center', 'valign': 'middle', 'rotation': 0, 'scale': 1.0, 'casing': None, 'animations': None}, {'type': 'text', 'text': '(machine|player1_score)', 'number_grouping': True, 'min_digits': 2, 'font_size': 50, 'y': '40%', 'font_name': 'score_font', '_default_settings': ['type', 'text', 'number_grouping', 'min_digits', 'font_size', 'y', 'font_name'], 'x': None, 'anchor_x': 'center', 'anchor_y': 'center', 'round_anchor_x': None, 'round_anchor_y': None, 'opacity': 1.0, 'z': 0, 'reset_animations_events': {}, 'color': [1.0, 1.0, 1.0, 1.0], 'style': [], 'adjust_top': 0, 'adjust_bottom': 0, 'adjust_left': 0, 'adjust_right': 0, 'expire': None, 'key': None, 'widget': None, 'events_when_added': [], 'events_when_removed': [], 'bitmap_font': False, 'font_kerning': True, 'bold': False, 'italic': False, 'halign': 'center', 'valign': 'middle', 'rotation': 0, 'scale': 1.0, 'casing': None, 'animations': None}, {'type': 'image', 'image': 'attract_background', '_default_settings': ['type', 'image'], 'x': None, 'y': None, 'anchor_x': 'center', 'anchor_y': 'center', 'round_anchor_x': None, 'round_anchor_y': None, 'opacity': 1.0, 'z': 0, 'reset_animations_events': {}, 'color': [1.0, 1.0, 1.0, 1.0], 'style': [], 'adjust_top': 0, 'adjust_bottom': 0, 'adjust_left': 0, 'adjust_right': 0, 'expire': None, 'key': None, 'widget': None, 'events_when_added': [], 'events_when_removed': [], 'fps': 10, 'loops': -1, 'auto_play': True, 'start_frame': 0, 'rotation': 0, 'scale': 1.0, 'animations': None}], 'target': None, 'background_color': [0.0, 0.0, 0.0, 1.0], 'priority': None, 'show': True, 'force': False, 'expire': None, 'slide': None, 'tokens': {}, 'action': 'play'}}, 'context': 'show_13', 'calling_context': 1, 'priority': 10, 'show_tokens': {}, 'start_time': 18097.977}
2022-08-21 19:12:41,763 : mpfmc : SlidePlayer: Play called with settings={'last_game_score_slide': {'widgets': [{'type': 'text', 'text': 'LAST GAME', 'font_size': 50, 'y': '60%', 'font_name': 'space_font', '_default_settings': ['type', 'text', 'font_size', 'y', 'font_name'], 'x': None, 'anchor_x': 'center', 'anchor_y': 'center', 'round_anchor_x': None, 'round_anchor_y': None, 'opacity': 1.0, 'z': 0, 'reset_animations_events': {}, 'color': [1.0, 1.0, 1.0, 1.0], 'style': [], 'adjust_top': 0, 'adjust_bottom': 0, 'adjust_left': 0, 'adjust_right': 0, 'expire': None, 'key': None, 'widget': None, 'events_when_added': [], 'events_when_removed': [], 'bitmap_font': False, 'font_kerning': True, 'bold': False, 'italic': False, 'number_grouping': False, 'min_digits': 0, 'halign': 'center', 'valign': 'middle', 'rotation': 0, 'scale': 1.0, 'casing': None, 'animations': None}, {'type': 'text', 'text': '(machine|player1_score)', 'number_grouping': True, 'min_digits': 2, 'font_size': 50, 'y': '40%', 'font_name': 'score_font', '_default_settings': ['type', 'text', 'number_grouping', 'min_digits', 'font_size', 'y', 'font_name'], 'x': None, 'anchor_x': 'center', 'anchor_y': 'center', 'round_anchor_x': None, 'round_anchor_y': None, 'opacity': 1.0, 'z': 0, 'reset_animations_events': {}, 'color': [1.0, 1.0, 1.0, 1.0], 'style': [], 'adjust_top': 0, 'adjust_bottom': 0, 'adjust_left': 0, 'adjust_right': 0, 'expire': None, 'key': None, 'widget': None, 'events_when_added': [], 'events_when_removed': [], 'bitmap_font': False, 'font_kerning': True, 'bold': False, 'italic': False, 'halign': 'center', 'valign': 'middle', 'rotation': 0, 'scale': 1.0, 'casing': None, 'animations': None}, {'type': 'image', 'image': 'attract_background', '_default_settings': ['type', 'image'], 'x': None, 'y': None, 'anchor_x': 'center', 'anchor_y': 'center', 'round_anchor_x': None, 'round_anchor_y': None, 'opacity': 1.0, 'z': 0, 'reset_animations_events': {}, 'color': [1.0, 1.0, 1.0, 1.0], 'style': [], 'adjust_top': 0, 'adjust_bottom': 0, 'adjust_left': 0, 'adjust_right': 0, 'expire': None, 'key': None, 'widget': None, 'events_when_added': [], 'events_when_removed': [], 'fps': 10, 'loops': -1, 'auto_play': True, 'start_frame': 0, 'rotation': 0, 'scale': 1.0, 'animations': None}], 'target': None, 'background_color': [0.0, 0.0, 0.0, 1.0], 'priority': None, 'show': True, 'force': False, 'expire': None, 'slide': None, 'tokens': {}, 'action': 'play'}}
2022-08-21 19:12:41,777 : EventManager : Event: ======'slide_last_game_score_slide_created'====== Args={}
2022-08-21 19:12:41,777 : EventManager : Unordered handler for class <Text Widget text=58,540,490> on event machine_var_player1_score with priority 1. Handlers: [RegisteredHandler(callback=<bound method Text._machine_var_change of <Text Widget text=58,540,490>>, priority=1, kwargs={}, key=UUID('af7a8b20-9039-47d1-8903-6458305ddbb1'), condition=None, blocking_facility=None), RegisteredHandler(callback=<bound method Text._machine_var_change of <Text Widget text=58,540,490>>, priority=1, kwargs={}, key=UUID('62711e65-fc6b-4a11-a415-a03986967e0f'), condition=None, blocking_facility=None)]. The order of those handlers is not defined and they will be executed in random order. This might lead to race conditions and potential bugs.
2022-08-21 19:12:41,784 : EventManager : Event: ======'slide_last_game_score_slide_active'====== Args={}
2022-08-21 19:12:44,667 : EventManager : Event: ======'game_started'====== Args={}
2022-08-21 19:12:44,667 : EventManager : Event: ======'slides_clear'====== Args={'context': 'show_13'}
2022-08-21 19:12:44,668 : EventManager : Event: ======'slide_show_13.slide_player-0_removed'====== Args={}
2022-08-21 19:12:44,669 : EventManager : Event: ======'slide_last_game_score_slide_removed'====== Args={}
2022-08-21 19:12:44,669 : EventManager : Event: ======'slide_window_blank_active'====== Args={}
2022-08-21 19:12:44,691 : EventManager : Event: ======'player_added'====== Args={'player': <Player 1>, 'num': 1}
2022-08-21 19:12:44,691 : EventManager : Event: ======'player_index'====== Args={'value': 0, 'prev_value': 0, 'change': 0, 'player_num': 1}
2022-08-21 19:12:44,691 : EventManager : Event: ======'player_number'====== Args={'value': 1, 'prev_value': 1, 'change': 0, 'player_num': 1}
2022-08-21 19:12:44,691 : EventManager : Event: ======'player_score'====== Args={'value': 0, 'prev_value': 0, 'change': 0, 'player_num': 1}
2022-08-21 19:12:44,692 : EventManager : Event: ======'player_mode_value'====== Args={'value': 1000000, 'prev_value': 0, 'change': 1000000, 'player_num': 1}
2022-08-21 19:12:44,692 : EventManager : Event: ======'player_bonus_multiplier'====== Args={'value': 1, 'prev_value': 0, 'change': 1, 'player_num': 1}
2022-08-21 19:12:44,692 : EventManager : Event: ======'player_playfield_multiplier'====== Args={'value': 1, 'prev_value': 0, 'change': 1, 'player_num': 1}
2022-08-21 19:12:44,728 : EventManager : Event: ======'player_ball'====== Args={'value': 1, 'prev_value': 0, 'change': 1, 'player_num': 1}
2022-08-21 19:12:44,728 : EventManager : Event: ======'player_turn_start'====== Args={'number': 1, 'player': <Player 1>}
2022-08-21 19:12:44,742 : EventManager : Event: ======'player_shot_l_lane_enabled'====== Args={'value': True, 'prev_value': 0, 'change': 1, 'player_num': 1}
2022-08-21 19:12:44,753 : EventManager : Event: ======'player_shot_r_lane_enabled'====== Args={'value': True, 'prev_value': 0, 'change': 1, 'player_num': 1}
2022-08-21 19:12:44,753 : EventManager : Event: ======'player_shot_center_target_enabled'====== Args={'value': True, 'prev_value': 0, 'change': 1, 'player_num': 1}
2022-08-21 19:12:44,753 : EventManager : Event: ======'player_extra_ball_two_modes_complete_num_awarded'====== Args={'value': 0, 'prev_value': 0, 'change': 0, 'player_num': 1}
2022-08-21 19:12:44,766 : EventManager : Event: ======'sounds_play'====== Args={'settings': {'default': {'action': 'stop', 'priority': 400, 'block': False, 'delay': None, 'track': None, 'volume': None, 'pan': None, 'loops': None, 'start_at': None, 'fade_in': None, 'fade_out': None, 'about_to_finish_time': -1.0, 'max_queue_time': -1.0, 'events_when_played': ['use_sound_setting'], 'events_when_stopped': ['use_sound_setting'], 'events_when_looping': ['use_sound_setting'], 'events_when_about_to_finish': ['use_sound_setting'], 'mode_end_action': 'use_sound_setting', 'key': 'use_sound_setting'}, 'shooter_waiting': {'action': 'play', 'loops': -1, 'priority': None, 'block': False, 'delay': None, 'track': None, 'volume': None, 'pan': None, 'start_at': None, 'fade_in': None, 'fade_out': None, 'about_to_finish_time': -1.0, 'max_queue_time': -1.0, 'events_when_played': ['use_sound_setting'], 'events_when_stopped': ['use_sound_setting'], 'events_when_looping': ['use_sound_setting'], 'events_when_about_to_finish': ['use_sound_setting'], 'mode_end_action': 'use_sound_setting', 'key': 'use_sound_setting'}}, 'context': '_global', 'calling_context': 'ball_started', 'priority': 0, 'player': 1, 'ball': 1, 'balls_remaining': 2, 'is_extra_ball': False}
2022-08-21 19:12:44,766 : EventManager : Event: ======'player_shot_portal_advance_enabled'====== Args={'value': True, 'prev_value': 0, 'change': 1, 'player_num': 1}
2022-08-21 19:12:44,779 : EventManager : Event: ======'player_shot_galaxy_advance_enabled'====== Args={'value': True, 'prev_value': 0, 'change': 1, 'player_num': 1}
2022-08-21 19:12:44,779 : EventManager : Event: ======'player_shot_warp_advance_enabled'====== Args={'value': True, 'prev_value': 0, 'change': 1, 'player_num': 1}
2022-08-21 19:12:44,779 : EventManager : Event: ======'slides_play'====== Args={'settings': {'score_slide': {'target': None, 'background_color': [0.0, 0.0, 0.0, 1.0], 'priority': None, 'show': True, 'force': False, 'expire': None, 'slide': None, 'tokens': {}, 'action': 'play'}}, 'context': 'base', 'calling_context': 'mode_base_started', 'priority': 100, 'player': 1, 'ball': 1, 'balls_remaining': 2, 'is_extra_ball': False}
2022-08-21 19:12:44,779 : mpfmc : SlidePlayer: Play called with settings={'score_slide': {'target': None, 'background_color': [0.0, 0.0, 0.0, 1.0], 'priority': None, 'show': True, 'force': False, 'expire': None, 'slide': None, 'tokens': {}, 'action': 'play'}}
2022-08-21 19:12:44,794 : EventManager : Event: ======'slide_score_slide_created'====== Args={}
2022-08-21 19:12:44,802 : EventManager : Event: ======'slide_score_slide_active'====== Args={}
2022-08-21 19:12:44,810 : EventManager : Event: ======'sounds_play'====== Args={'settings': {'default': {'action': 'play', 'loops': -1, 'track': 'music', 'priority': None, 'block': False, 'delay': None, 'volume': None, 'pan': None, 'start_at': None, 'fade_in': None, 'fade_out': None, 'about_to_finish_time': -1.0, 'max_queue_time': -1.0, 'events_when_played': ['use_sound_setting'], 'events_when_stopped': ['use_sound_setting'], 'events_when_looping': ['use_sound_setting'], 'events_when_about_to_finish': ['use_sound_setting'], 'mode_end_action': 'use_sound_setting', 'key': 'use_sound_setting'}, 'mode_theme': {'action': 'stop', 'priority': None, 'block': False, 'delay': None, 'track': None, 'volume': None, 'pan': None, 'loops': None, 'start_at': None, 'fade_in': None, 'fade_out': None, 'about_to_finish_time': -1.0, 'max_queue_time': -1.0, 'events_when_played': ['use_sound_setting'], 'events_when_stopped': ['use_sound_setting'], 'events_when_looping': ['use_sound_setting'], 'events_when_about_to_finish': ['use_sound_setting'], 'mode_end_action': 'use_sound_setting', 'key': 'use_sound_setting'}}, 'context': '_global', 'calling_context': 'mode_spell_portal_started', 'priority': 0, 'player': 1, 'ball': 1, 'balls_remaining': 2, 'is_extra_ball': False}
2022-08-21 19:12:46,344 : EventManager : Event: ======'machine_var_audits_switches_s_action_button'====== Args={'value': 3947, 'prev_value': 3946, 'change': 1}
2022-08-21 19:12:46,548 : EventManager : Event: ======'sounds_play'====== Args={'settings': {'shooter_waiting': {'action': 'stop', 'priority': None, 'block': False, 'delay': None, 'track': None, 'volume': None, 'pan': None, 'loops': None, 'start_at': None, 'fade_in': None, 'fade_out': None, 'about_to_finish_time': -1.0, 'max_queue_time': -1.0, 'events_when_played': ['use_sound_setting'], 'events_when_stopped': ['use_sound_setting'], 'events_when_looping': ['use_sound_setting'], 'events_when_about_to_finish': ['use_sound_setting'], 'mode_end_action': 'use_sound_setting', 'key': 'use_sound_setting'}, 'default': {'action': 'play', 'loops': -1, 'track': 'music', 'priority': None, 'block': False, 'delay': None, 'volume': None, 'pan': None, 'start_at': None, 'fade_in': None, 'fade_out': None, 'about_to_finish_time': -1.0, 'max_queue_time': -1.0, 'events_when_played': ['use_sound_setting'], 'events_when_stopped': ['use_sound_setting'], 'events_when_looping': ['use_sound_setting'], 'events_when_about_to_finish': ['use_sound_setting'], 'mode_end_action': 'use_sound_setting', 'key': 'use_sound_setting'}}, 'context': '_global', 'calling_context': 's_drain_inactive', 'priority': 0}
2022-08-21 19:12:47,038 : EventManager : Event: ======'machine_var_audits_switches_s_left_sling'====== Args={'value': 6813, 'prev_value': 6812, 'change': 1}
2022-08-21 19:12:47,038 : EventManager : Event: ======'player_score'====== Args={'value': 1110, 'prev_value': 0, 'change': 1110, 'player_num': 1}
2022-08-21 19:12:47,038 : EventManager : Event: ======'player_switches'====== Args={'value': 1, 'prev_value': 0, 'change': 1, 'player_num': 1}
2022-08-21 19:12:48,216 : EventManager : Event: ======'machine_var_audits_switches_s_right_inlane_far'====== Args={'value': 6137, 'prev_value': 6136, 'change': 1}
2022-08-21 19:12:48,216 : EventManager : Event: ======'player_shot_portal_advance'====== Args={'value': 1, 'prev_value': 0, 'change': 1, 'player_num': 1}
2022-08-21 19:12:48,216 : EventManager : Event: ======'machine_var_audits_shots_portal_advance'====== Args={'value': 4560, 'prev_value': 4559, 'change': 1}
2022-08-21 19:12:48,216 : EventManager : Event: ======'player_score'====== Args={'value': 31110, 'prev_value': 1110, 'change': 30000, 'player_num': 1}
2022-08-21 19:12:48,224 : EventManager : Event: ======'player_switches'====== Args={'value': 2, 'prev_value': 1, 'change': 1, 'player_num': 1}
2022-08-21 19:12:48,224 : EventManager : Event: ======'player_combos_combo_timer_tick'====== Args={'value': 6, 'prev_value': 0, 'change': 6, 'player_num': 1}
2022-08-21 19:12:48,558 : EventManager : Event: ======'machine_var_audits_switches_s_right_inlane_far'====== Args={'value': 6138, 'prev_value': 6137, 'change': 1}
2022-08-21 19:12:48,558 : EventManager : Event: ======'machine_var_audits_shots_portal_advance'====== Args={'value': 4561, 'prev_value': 4560, 'change': 1}
2022-08-21 19:12:48,558 : EventManager : Event: ======'player_score'====== Args={'value': 61110, 'prev_value': 31110, 'change': 30000, 'player_num': 1}
2022-08-21 19:12:48,558 : EventManager : Event: ======'player_switches'====== Args={'value': 3, 'prev_value': 2, 'change': 1, 'player_num': 1}
2022-08-21 19:12:48,955 : EventManager : Event: ======'machine_var_audits_switches_s_right_inlane_far'====== Args={'value': 6139, 'prev_value': 6138, 'change': 1}
2022-08-21 19:12:48,955 : EventManager : Event: ======'machine_var_audits_shots_portal_advance'====== Args={'value': 4562, 'prev_value': 4561, 'change': 1}
2022-08-21 19:12:48,955 : EventManager : Event: ======'player_score'====== Args={'value': 91110, 'prev_value': 61110, 'change': 30000, 'player_num': 1}
2022-08-21 19:12:48,955 : EventManager : Event: ======'player_switches'====== Args={'value': 4, 'prev_value': 3, 'change': 1, 'player_num': 1}
2022-08-21 19:12:49,451 : EventManager : Event: ======'player_combos_combo_timer_tick'====== Args={'value': 5, 'prev_value': 6, 'change': -1, 'player_num': 1}
2022-08-21 19:12:49,955 : EventManager : Event: ======'player_combos_combo_timer_tick'====== Args={'value': 4, 'prev_value': 5, 'change': -1, 'player_num': 1}
2022-08-21 19:12:50,445 : EventManager : Event: ======'player_combos_combo_timer_tick'====== Args={'value': 3, 'prev_value': 4, 'change': -1, 'player_num': 1}
2022-08-21 19:12:50,948 : EventManager : Event: ======'player_combos_combo_timer_tick'====== Args={'value': 2, 'prev_value': 3, 'change': -1, 'player_num': 1}
2022-08-21 19:12:51,450 : EventManager : Event: ======'player_combos_combo_timer_tick'====== Args={'value': 1, 'prev_value': 2, 'change': -1, 'player_num': 1}
2022-08-21 19:12:51,954 : EventManager : Event: ======'player_combos_combo_timer_tick'====== Args={'value': 0, 'prev_value': 1, 'change': -1, 'player_num': 1}
2022-08-21 19:12:52,869 : EventManager : Event: ======'machine_var_audits_switches_s_right_kicker'====== Args={'value': 1697, 'prev_value': 1696, 'change': 1}
2022-08-21 19:12:52,869 : EventManager : Event: ======'player_score'====== Args={'value': 106110, 'prev_value': 91110, 'change': 15000, 'player_num': 1}
2022-08-21 19:12:52,912 : EventManager : Event: ======'slides_play'====== Args={'settings': {'select_mission1': {'target': None, 'background_color': [0.0, 0.0, 0.0, 1.0], 'priority': None, 'show': True, 'force': False, 'expire': None, 'slide': None, 'tokens': {}, 'action': 'play'}}, 'context': 'carousel', 'calling_context': 'carousel_mission1_highlighted', 'priority': 1000, 'direction': None}
2022-08-21 19:12:52,912 : mpfmc : SlidePlayer: Play called with settings={'select_mission1': {'target': None, 'background_color': [0.0, 0.0, 0.0, 1.0], 'priority': None, 'show': True, 'force': False, 'expire': None, 'slide': None, 'tokens': {}, 'action': 'play'}}
2022-08-21 19:12:52,925 : EventManager : Event: ======'slide_select_mission1_created'====== Args={}
2022-08-21 19:12:52,930 : EventManager : Event: ======'slide_select_mission1_active'====== Args={}
2022-08-21 19:12:53,593 : EventManager : Event: ======'machine_var_audits_switches_s_right_flipper'====== Args={'value': 31679, 'prev_value': 31678, 'change': 1}
2022-08-21 19:12:53,735 : EventManager : Event: ======'slides_play'====== Args={'settings': {'select_mission2': {'target': None, 'background_color': [0.0, 0.0, 0.0, 1.0], 'priority': None, 'show': True, 'force': False, 'expire': None, 'slide': None, 'tokens': {}, 'action': 'play'}}, 'context': 'carousel', 'calling_context': 'carousel_mission2_highlighted', 'priority': 1000, 'direction': 'forwards'}
2022-08-21 19:12:53,735 : mpfmc : SlidePlayer: Play called with settings={'select_mission2': {'target': None, 'background_color': [0.0, 0.0, 0.0, 1.0], 'priority': None, 'show': True, 'force': False, 'expire': None, 'slide': None, 'tokens': {}, 'action': 'play'}}
2022-08-21 19:12:53,746 : EventManager : Event: ======'slide_select_mission2_created'====== Args={}
2022-08-21 19:12:53,752 : EventManager : Event: ======'slide_select_mission2_active'====== Args={}
2022-08-21 19:12:55,005 : EventManager : Event: ======'machine_var_audits_switches_s_action_button'====== Args={'value': 3948, 'prev_value': 3947, 'change': 1}
2022-08-21 19:12:55,094 : EventManager : Event: ======'player_shot_left_loop_mission2_enabled'====== Args={'value': True, 'prev_value': 0, 'change': 1, 'player_num': 1}
2022-08-21 19:12:55,095 : EventManager : Event: ======'player_shot_right_loop_mission2_enabled'====== Args={'value': True, 'prev_value': 0, 'change': 1, 'player_num': 1}
2022-08-21 19:12:55,095 : EventManager : Event: ======'player_shot_left_kicker_mission2_enabled'====== Args={'value': True, 'prev_value': 0, 'change': 1, 'player_num': 1}
2022-08-21 19:12:55,095 : EventManager : Event: ======'player_shot_right_kicker_mission2_enabled'====== Args={'value': True, 'prev_value': 0, 'change': 1, 'player_num': 1}
2022-08-21 19:12:55,096 : EventManager : Event: ======'player_shot_drop_target1_mission2_enabled'====== Args={'value': True, 'prev_value': 0, 'change': 1, 'player_num': 1}
2022-08-21 19:12:55,096 : EventManager : Event: ======'player_shot_drop_target2_mission2_enabled'====== Args={'value': True, 'prev_value': 0, 'change': 1, 'player_num': 1}
2022-08-21 19:12:55,096 : EventManager : Event: ======'player_shot_drop_target3_mission2_enabled'====== Args={'value': True, 'prev_value': 0, 'change': 1, 'player_num': 1}
2022-08-21 19:12:55,096 : EventManager : Event: ======'player_shot_drop_target4_mission2_enabled'====== Args={'value': True, 'prev_value': 0, 'change': 1, 'player_num': 1}
2022-08-21 19:12:55,096 : EventManager : Event: ======'player_shot_drop_target5_mission2_enabled'====== Args={'value': True, 'prev_value': 0, 'change': 1, 'player_num': 1}
2022-08-21 19:12:55,125 : EventManager : Event: ======'player_modes_started'====== Args={'value': 1, 'prev_value': 0, 'change': 1, 'player_num': 1}
2022-08-21 19:12:55,126 : EventManager : Event: ======'player_selected_mission'====== Args={'value': 'mission2', 'prev_value': 0, 'change': True, 'player_num': 1}
2022-08-21 19:12:55,126 : EventManager : Event: ======'slides_clear'====== Args={'context': 'carousel'}
2022-08-21 19:12:55,126 : EventManager : Event: ======'slide_select_mission1_removed'====== Args={}
2022-08-21 19:12:55,127 : EventManager : Event: ======'slide_select_mission2_removed'====== Args={}
2022-08-21 19:12:55,127 : EventManager : Event: ======'sounds_play'====== Args={'settings': {'mode_theme': {'action': 'play', 'loops': -1, 'priority': None, 'block': False, 'delay': None, 'track': None, 'volume': None, 'pan': None, 'start_at': None, 'fade_in': None, 'fade_out': None, 'about_to_finish_time': -1.0, 'max_queue_time': -1.0, 'events_when_played': ['use_sound_setting'], 'events_when_stopped': ['use_sound_setting'], 'events_when_looping': ['use_sound_setting'], 'events_when_about_to_finish': ['use_sound_setting'], 'mode_end_action': 'use_sound_setting', 'key': 'use_sound_setting'}, 'default': {'action': 'stop', 'priority': None, 'block': False, 'delay': None, 'track': None, 'volume': None, 'pan': None, 'loops': None, 'start_at': None, 'fade_in': None, 'fade_out': None, 'about_to_finish_time': -1.0, 'max_queue_time': -1.0, 'events_when_played': ['use_sound_setting'], 'events_when_stopped': ['use_sound_setting'], 'events_when_looping': ['use_sound_setting'], 'events_when_about_to_finish': ['use_sound_setting'], 'mode_end_action': 'use_sound_setting', 'key': 'use_sound_setting'}}, 'context': '_global', 'calling_context': 'mode_carousel_stopped', 'priority': 0}
2022-08-21 19:12:55,128 : EventManager : Event: ======'slide_score_slide_active'====== Args={}
2022-08-21 19:12:55,196 : EventManager : Event: ======'player_multiplied_mode_value'====== Args={'value': 1000000, 'prev_value': 0, 'change': 1000000, 'player_num': 1}
2022-08-21 19:12:55,196 : EventManager : Event: ======'player_mode_value_half'====== Args={'value': 500000, 'prev_value': 0, 'change': 500000, 'player_num': 1}
2022-08-21 19:12:55,196 : EventManager : Event: ======'slides_play'====== Args={'settings': {'score_slide_mission2': {'target': None, 'background_color': [0.0, 0.0, 0.0, 1.0], 'priority': None, 'show': True, 'force': False, 'expire': None, 'slide': None, 'tokens': {}, 'action': 'play'}}, 'context': 'mission2', 'calling_context': 'mode_mission2_started', 'priority': 1000}
2022-08-21 19:12:55,196 : EventManager : Event: ======'player_shot_drop_target4_mission2'====== Args={'value': 1, 'prev_value': 0, 'change': 1, 'player_num': 1}
2022-08-21 19:12:55,196 : EventManager : Event: ======'player_shot_drop_target2_mission2'====== Args={'value': 1, 'prev_value': 0, 'change': 1, 'player_num': 1}
2022-08-21 19:12:55,196 : EventManager : Event: ======'player_shot_drop_target4_mission2'====== Args={'value': 2, 'prev_value': 1, 'change': 1, 'player_num': 1}
2022-08-21 19:12:55,196 : EventManager : Event: ======'player_mission2_timer_seconds'====== Args={'value': 75, 'prev_value': 0, 'change': 75, 'player_num': 1}
2022-08-21 19:12:55,197 : mpfmc : SlidePlayer: Play called with settings={'score_slide_mission2': {'target': None, 'background_color': [0.0, 0.0, 0.0, 1.0], 'priority': None, 'show': True, 'force': False, 'expire': None, 'slide': None, 'tokens': {}, 'action': 'play'}}
2022-08-21 19:12:55,213 : EventManager : Event: ======'slide_score_slide_mission2_created'====== Args={}
2022-08-21 19:12:55,221 : EventManager : Event: ======'slide_score_slide_mission2_active'====== Args={}
2022-08-21 19:12:56,338 : EventManager : Event: ======'player_mission2_mission2_timer_tick'====== Args={'value': 74, 'prev_value': 0, 'change': 74, 'player_num': 1}
2022-08-21 19:12:56,338 : EventManager : Event: ======'player_mission2_timer_seconds'====== Args={'value': 74, 'prev_value': 75, 'change': -1, 'player_num': 1}
2022-08-21 19:12:57,386 : EventManager : Event: ======'machine_var_audits_switches_s_drop_target4'====== Args={'value': 2047, 'prev_value': 2046, 'change': 1}
2022-08-21 19:12:57,386 : EventManager : Event: ======'machine_var_audits_shots_drop_target4_mission2'====== Args={'value': 264, 'prev_value': 263, 'change': 1}
2022-08-21 19:12:57,386 : EventManager : Event: ======'player_score'====== Args={'value': 110610, 'prev_value': 106110, 'change': 4500, 'player_num': 1}
2022-08-21 19:12:57,386 : EventManager : Event: ======'player_switches'====== Args={'value': 5, 'prev_value': 4, 'change': 1, 'player_num': 1}
2022-08-21 19:12:57,386 : EventManager : Event: ======'player_shot_drop_target4_mission2'====== Args={'value': 3, 'prev_value': 2, 'change': 1, 'player_num': 1}
2022-08-21 19:12:57,387 : EventManager : Event: ======'player_score'====== Args={'value': 610610, 'prev_value': 110610, 'change': 500000, 'player_num': 1}
2022-08-21 19:12:57,387 : EventManager : Event: ======'player_mission2_total'====== Args={'value': 500000, 'prev_value': 0, 'change': 500000, 'player_num': 1}
2022-08-21 19:12:57,387 : EventManager : Event: ======'slides_play'====== Args={'settings': {'half_shot_slide_mission2': {'target': None, 'background_color': [0.0, 0.0, 0.0, 1.0], 'priority': None, 'show': True, 'force': False, 'expire': None, 'slide': None, 'tokens': {}, 'action': 'play'}}, 'context': 'mission2', 'calling_context': 'drop_target4_mission2_safe_ready_hit', 'priority': 1000, 'profile': 'mission2_profile', 'state': 'safe_ready', 'advancing': False}
2022-08-21 19:12:57,392 : mpfmc : SlidePlayer: Play called with settings={'half_shot_slide_mission2': {'target': None, 'background_color': [0.0, 0.0, 0.0, 1.0], 'priority': None, 'show': True, 'force': False, 'expire': None, 'slide': None, 'tokens': {}, 'action': 'play'}}
2022-08-21 19:12:57,404 : EventManager : Event: ======'slide_half_shot_slide_mission2_created'====== Args={}
2022-08-21 19:12:57,413 : EventManager : Event: ======'slide_half_shot_slide_mission2_active'====== Args={}
2022-08-21 19:12:57,535 : EventManager : Event: ======'player_mission2_mission2_timer_tick'====== Args={'value': 73, 'prev_value': 74, 'change': -1, 'player_num': 1}
2022-08-21 19:12:57,535 : EventManager : Event: ======'player_mission2_timer_seconds'====== Args={'value': 73, 'prev_value': 74, 'change': -1, 'player_num': 1}
2022-08-21 19:12:58,258 : EventManager : Event: ======'machine_var_audits_switches_s_drop_target4'====== Args={'value': 2048, 'prev_value': 2047, 'change': 1}
2022-08-21 19:12:58,259 : EventManager : Event: ======'machine_var_audits_shots_drop_target4_mission2'====== Args={'value': 265, 'prev_value': 264, 'change': 1}
2022-08-21 19:12:58,259 : EventManager : Event: ======'player_score'====== Args={'value': 615110, 'prev_value': 610610, 'change': 4500, 'player_num': 1}
2022-08-21 19:12:58,259 : EventManager : Event: ======'player_switches'====== Args={'value': 6, 'prev_value': 5, 'change': 1, 'player_num': 1}
2022-08-21 19:12:58,259 : EventManager : Event: ======'player_score'====== Args={'value': 1615110, 'prev_value': 615110, 'change': 1000000, 'player_num': 1}
2022-08-21 19:12:58,259 : EventManager : Event: ======'player_mission2_total'====== Args={'value': 1500000, 'prev_value': 500000, 'change': 1000000, 'player_num': 1}
2022-08-21 19:12:58,259 : EventManager : Event: ======'player_shot_drop_target2_mission2'====== Args={'value': 0, 'prev_value': 1, 'change': -1, 'player_num': 1}
2022-08-21 19:12:58,260 : EventManager : Event: ======'player_shot_drop_target4_mission2'====== Args={'value': 0, 'prev_value': 3, 'change': -3, 'player_num': 1}
2022-08-21 19:12:58,260 : EventManager : Event: ======'player_wrong_path_left_loop'====== Args={'value': 'off', 'prev_value': 0, 'change': True, 'player_num': 1}
2022-08-21 19:12:58,260 : EventManager : Event: ======'player_wrong_path_right_loop'====== Args={'value': 'off', 'prev_value': 0, 'change': True, 'player_num': 1}
2022-08-21 19:12:58,260 : EventManager : Event: ======'player_wrong_path_left_kicker'====== Args={'value': 'off', 'prev_value': 0, 'change': True, 'player_num': 1}
2022-08-21 19:12:58,260 : EventManager : Event: ======'player_wrong_path_right_kicker'====== Args={'value': 'off', 'prev_value': 0, 'change': True, 'player_num': 1}
2022-08-21 19:12:58,260 : EventManager : Event: ======'player_wrong_path_drop_target1'====== Args={'value': 'off', 'prev_value': 0, 'change': True, 'player_num': 1}
2022-08-21 19:12:58,260 : EventManager : Event: ======'player_wrong_path_drop_target2'====== Args={'value': 'off', 'prev_value': 0, 'change': True, 'player_num': 1}
2022-08-21 19:12:58,260 : EventManager : Event: ======'player_wrong_path_drop_target3'====== Args={'value': 'off', 'prev_value': 0, 'change': True, 'player_num': 1}
2022-08-21 19:12:58,260 : EventManager : Event: ======'player_wrong_path_drop_target4'====== Args={'value': 'off', 'prev_value': 0, 'change': True, 'player_num': 1}
2022-08-21 19:12:58,261 : EventManager : Event: ======'player_wrong_path_drop_target5'====== Args={'value': 'off', 'prev_value': 0, 'change': True, 'player_num': 1}
2022-08-21 19:12:58,261 : EventManager : Event: ======'slides_play'====== Args={'settings': {'shot_slide_mission2': {'target': None, 'background_color': [0.0, 0.0, 0.0, 1.0], 'priority': None, 'show': True, 'force': False, 'expire': None, 'slide': None, 'tokens': {}, 'action': 'play'}}, 'context': 'mission2', 'calling_context': 'shot1', 'priority': 1000}
2022-08-21 19:12:58,261 : EventManager : Event: ======'player_shot_drop_target3_mission2'====== Args={'value': 1, 'prev_value': 0, 'change': 1, 'player_num': 1}
2022-08-21 19:12:58,261 : EventManager : Event: ======'player_shot_right_loop_mission2'====== Args={'value': 1, 'prev_value': 0, 'change': 1, 'player_num': 1}
2022-08-21 19:12:58,261 : EventManager : Event: ======'player_shot_drop_target3_mission2'====== Args={'value': 2, 'prev_value': 1, 'change': 1, 'player_num': 1}
2022-08-21 19:12:58,264 : mpfmc : SlidePlayer: Play called with settings={'shot_slide_mission2': {'target': None, 'background_color': [0.0, 0.0, 0.0, 1.0], 'priority': None, 'show': True, 'force': False, 'expire': None, 'slide': None, 'tokens': {}, 'action': 'play'}}
2022-08-21 19:12:58,274 : EventManager : Event: ======'slide_shot_slide_mission2_created'====== Args={}
2022-08-21 19:12:58,280 : EventManager : Event: ======'slide_shot_slide_mission2_active'====== Args={}
2022-08-21 19:12:58,778 : EventManager : Event: ======'player_mission2_mission2_timer_tick'====== Args={'value': 72, 'prev_value': 73, 'change': -1, 'player_num': 1}
2022-08-21 19:12:58,779 : EventManager : Event: ======'player_mission2_timer_seconds'====== Args={'value': 72, 'prev_value': 73, 'change': -1, 'player_num': 1}
2022-08-21 19:12:59,837 : EventManager : Event: ======'machine_var_audits_switches_s_right_inlane_far'====== Args={'value': 6140, 'prev_value': 6139, 'change': 1}
2022-08-21 19:12:59,838 : EventManager : Event: ======'machine_var_audits_shots_right_loop_mission2'====== Args={'value': 303, 'prev_value': 302, 'change': 1}
2022-08-21 19:12:59,896 : EventManager : Event: ======'player_score'====== Args={'value': 1645110, 'prev_value': 1615110, 'change': 30000, 'player_num': 1}
2022-08-21 19:12:59,897 : EventManager : Event: ======'player_switches'====== Args={'value': 7, 'prev_value': 6, 'change': 1, 'player_num': 1}
2022-08-21 19:12:59,897 : EventManager : Event: ======'player_combos_combo_timer_tick'====== Args={'value': 6, 'prev_value': 0, 'change': 6, 'player_num': 1}
2022-08-21 19:12:59,897 : EventManager : Event: ======'player_wrong_path_right_loop'====== Args={'value': 'purple', 'prev_value': 'off', 'change': True, 'player_num': 1}
2022-08-21 19:12:59,901 : EventManager : Event: ======'slide_half_shot_slide_mission2_removed'====== Args={}
2022-08-21 19:12:59,980 : EventManager : Event: ======'player_mission2_mission2_timer_tick'====== Args={'value': 71, 'prev_value': 72, 'change': -1, 'player_num': 1}
2022-08-21 19:12:59,980 : EventManager : Event: ======'player_mission2_timer_seconds'====== Args={'value': 71, 'prev_value': 72, 'change': -1, 'player_num': 1}
2022-08-21 19:13:00,380 : EventManager : Event: ======'player_combos_combo_timer_tick'====== Args={'value': 5, 'prev_value': 6, 'change': -1, 'player_num': 1}
2022-08-21 19:13:00,759 : EventManager : Event: ======'slide_shot_slide_mission2_removed'====== Args={}
2022-08-21 19:13:00,760 : EventManager : Event: ======'slide_score_slide_mission2_active'====== Args={}
2022-08-21 19:13:00,782 : EventManager : Event: ======'machine_var_audits_switches_s_drop_target3'====== Args={'value': 2557, 'prev_value': 2556, 'change': 1}
2022-08-21 19:13:00,783 : EventManager : Event: ======'machine_var_audits_shots_drop_target3_mission2'====== Args={'value': 297, 'prev_value': 296, 'change': 1}
2022-08-21 19:13:00,783 : EventManager : Event: ======'player_shot_center_target'====== Args={'value': 1, 'prev_value': 0, 'change': 1, 'player_num': 1}
2022-08-21 19:13:00,783 : EventManager : Event: ======'machine_var_audits_shots_center_target'====== Args={'value': 112, 'prev_value': 111, 'change': 1}
2022-08-21 19:13:00,783 : EventManager : Event: ======'player_score'====== Args={'value': 1649610, 'prev_value': 1645110, 'change': 4500, 'player_num': 1}
2022-08-21 19:13:00,783 : EventManager : Event: ======'player_switches'====== Args={'value': 8, 'prev_value': 7, 'change': 1, 'player_num': 1}
2022-08-21 19:13:00,783 : EventManager : Event: ======'player_shot_drop_target3_mission2'====== Args={'value': 3, 'prev_value': 2, 'change': 1, 'player_num': 1}
2022-08-21 19:13:00,783 : EventManager : Event: ======'player_score'====== Args={'value': 2149610, 'prev_value': 1649610, 'change': 500000, 'player_num': 1}
2022-08-21 19:13:00,784 : EventManager : Event: ======'player_mission2_total'====== Args={'value': 2000000, 'prev_value': 1500000, 'change': 500000, 'player_num': 1}
2022-08-21 19:13:00,784 : EventManager : Event: ======'slides_play'====== Args={'settings': {'half_shot_slide_mission2': {'target': None, 'background_color': [0.0, 0.0, 0.0, 1.0], 'priority': None, 'show': True, 'force': False, 'expire': None, 'slide': None, 'tokens': {}, 'action': 'play'}}, 'context': 'mission2', 'calling_context': 'drop_target3_mission2_safe_ready_hit', 'priority': 1000, 'profile': 'mission2_profile', 'state': 'safe_ready', 'advancing': False}
2022-08-21 19:13:00,787 : mpfmc : SlidePlayer: Play called with settings={'half_shot_slide_mission2': {'target': None, 'background_color': [0.0, 0.0, 0.0, 1.0], 'priority': None, 'show': True, 'force': False, 'expire': None, 'slide': None, 'tokens': {}, 'action': 'play'}}
2022-08-21 19:13:00,787 : EventManager : Event: ======'slide_half_shot_slide_mission2_removed'====== Args={}
2022-08-21 19:13:00,794 : EventManager : Event: ======'slide_half_shot_slide_mission2_created'====== Args={}
2022-08-21 19:13:00,801 : EventManager : Event: ======'slide_half_shot_slide_mission2_active'====== Args={}
2022-08-21 19:13:00,887 : EventManager : Event: ======'player_combos_combo_timer_tick'====== Args={'value': 4, 'prev_value': 5, 'change': -1, 'player_num': 1}
2022-08-21 19:13:01,133 : EventManager : Event: ======'player_mission2_mission2_timer_tick'====== Args={'value': 70, 'prev_value': 71, 'change': -1, 'player_num': 1}
2022-08-21 19:13:01,133 : EventManager : Event: ======'player_mission2_timer_seconds'====== Args={'value': 70, 'prev_value': 71, 'change': -1, 'player_num': 1}
2022-08-21 19:13:01,349 : EventManager : Event: ======'player_combos_combo_timer_tick'====== Args={'value': 3, 'prev_value': 4, 'change': -1, 'player_num': 1}
2022-08-21 19:13:01,350 : EventManager : Event: ======'machine_var_audits_switches_s_drop_target3'====== Args={'value': 2558, 'prev_value': 2557, 'change': 1}
2022-08-21 19:13:01,350 : EventManager : Event: ======'machine_var_audits_shots_drop_target3_mission2'====== Args={'value': 298, 'prev_value': 297, 'change': 1}
2022-08-21 19:13:01,350 : EventManager : Event: ======'machine_var_audits_shots_center_target'====== Args={'value': 113, 'prev_value': 112, 'change': 1}
2022-08-21 19:13:01,380 : EventManager : Event: ======'player_score'====== Args={'value': 2154110, 'prev_value': 2149610, 'change': 4500, 'player_num': 1}
2022-08-21 19:13:01,380 : EventManager : Event: ======'player_switches'====== Args={'value': 9, 'prev_value': 8, 'change': 1, 'player_num': 1}
2022-08-21 19:13:01,380 : EventManager : Event: ======'player_score'====== Args={'value': 3154110, 'prev_value': 2154110, 'change': 1000000, 'player_num': 1}
2022-08-21 19:13:01,380 : EventManager : Event: ======'player_mission2_total'====== Args={'value': 3000000, 'prev_value': 2000000, 'change': 1000000, 'player_num': 1}
2022-08-21 19:13:01,381 : EventManager : Event: ======'player_shot_right_loop_mission2'====== Args={'value': 0, 'prev_value': 1, 'change': -1, 'player_num': 1}
2022-08-21 19:13:01,381 : EventManager : Event: ======'player_shot_drop_target3_mission2'====== Args={'value': 0, 'prev_value': 3, 'change': -3, 'player_num': 1}
2022-08-21 19:13:01,381 : EventManager : Event: ======'player_wrong_path_right_loop'====== Args={'value': 'off', 'prev_value': 'purple', 'change': True, 'player_num': 1}
2022-08-21 19:13:01,381 : EventManager : Event: ======'slides_play'====== Args={'settings': {'shot_slide_mission2': {'target': None, 'background_color': [0.0, 0.0, 0.0, 1.0], 'priority': None, 'show': True, 'force': False, 'expire': None, 'slide': None, 'tokens': {}, 'action': 'play'}}, 'context': 'mission2', 'calling_context': 'shot2', 'priority': 1000}
2022-08-21 19:13:01,381 : EventManager : Event: ======'player_shot_drop_target1_mission2'====== Args={'value': 1, 'prev_value': 0, 'change': 1, 'player_num': 1}
2022-08-21 19:13:01,381 : EventManager : Event: ======'player_shot_left_kicker_mission2'====== Args={'value': 1, 'prev_value': 0, 'change': 1, 'player_num': 1}
2022-08-21 19:13:01,381 : EventManager : Event: ======'player_shot_drop_target1_mission2'====== Args={'value': 2, 'prev_value': 1, 'change': 1, 'player_num': 1}
2022-08-21 19:13:01,385 : mpfmc : SlidePlayer: Play called with settings={'shot_slide_mission2': {'target': None, 'background_color': [0.0, 0.0, 0.0, 1.0], 'priority': None, 'show': True, 'force': False, 'expire': None, 'slide': None, 'tokens': {}, 'action': 'play'}}
2022-08-21 19:13:01,385 : EventManager : Event: ======'slide_shot_slide_mission2_removed'====== Args={}
2022-08-21 19:13:01,396 : EventManager : Event: ======'slide_shot_slide_mission2_created'====== Args={}
2022-08-21 19:13:01,434 : EventManager : Event: ======'slide_shot_slide_mission2_active'====== Args={}
2022-08-21 19:13:01,835 : EventManager : Event: ======'player_combos_combo_timer_tick'====== Args={'value': 2, 'prev_value': 3, 'change': -1, 'player_num': 1}
2022-08-21 19:13:02,390 : EventManager : Event: ======'player_combos_combo_timer_tick'====== Args={'value': 1, 'prev_value': 2, 'change': -1, 'player_num': 1}
2022-08-21 19:13:02,391 : EventManager : Event: ======'player_mission2_mission2_timer_tick'====== Args={'value': 69, 'prev_value': 70, 'change': -1, 'player_num': 1}
2022-08-21 19:13:02,391 : EventManager : Event: ======'player_mission2_timer_seconds'====== Args={'value': 69, 'prev_value': 70, 'change': -1, 'player_num': 1}
2022-08-21 19:13:02,873 : EventManager : Event: ======'player_combos_combo_timer_tick'====== Args={'value': 0, 'prev_value': 1, 'change': -1, 'player_num': 1}
2022-08-21 19:13:03,303 : EventManager : Event: ======'slide_half_shot_slide_mission2_removed'====== Args={}
2022-08-21 19:13:03,562 : EventManager : Event: ======'player_mission2_mission2_timer_tick'====== Args={'value': 68, 'prev_value': 69, 'change': -1, 'player_num': 1}
2022-08-21 19:13:03,563 : EventManager : Event: ======'player_mission2_timer_seconds'====== Args={'value': 68, 'prev_value': 69, 'change': -1, 'player_num': 1}
2022-08-21 19:13:03,816 : EventManager : Event: ======'machine_var_audits_switches_s_drop_target1'====== Args={'value': 1833, 'prev_value': 1832, 'change': 1}
2022-08-21 19:13:03,816 : EventManager : Event: ======'machine_var_audits_shots_drop_target1_mission2'====== Args={'value': 220, 'prev_value': 219, 'change': 1}
2022-08-21 19:13:03,817 : EventManager : Event: ======'player_score'====== Args={'value': 3158610, 'prev_value': 3154110, 'change': 4500, 'player_num': 1}
2022-08-21 19:13:03,817 : EventManager : Event: ======'player_switches'====== Args={'value': 10, 'prev_value': 9, 'change': 1, 'player_num': 1}
2022-08-21 19:13:03,817 : EventManager : Event: ======'player_shot_drop_target1_mission2'====== Args={'value': 3, 'prev_value': 2, 'change': 1, 'player_num': 1}
2022-08-21 19:13:03,817 : EventManager : Event: ======'player_score'====== Args={'value': 3658610, 'prev_value': 3158610, 'change': 500000, 'player_num': 1}
2022-08-21 19:13:03,817 : EventManager : Event: ======'player_mission2_total'====== Args={'value': 3500000, 'prev_value': 3000000, 'change': 500000, 'player_num': 1}
2022-08-21 19:13:03,817 : EventManager : Event: ======'slides_play'====== Args={'settings': {'half_shot_slide_mission2': {'target': None, 'background_color': [0.0, 0.0, 0.0, 1.0], 'priority': None, 'show': True, 'force': False, 'expire': None, 'slide': None, 'tokens': {}, 'action': 'play'}}, 'context': 'mission2', 'calling_context': 'drop_target1_mission2_safe_ready_hit', 'priority': 1000, 'profile': 'mission2_profile', 'state': 'safe_ready', 'advancing': False}
2022-08-21 19:13:03,823 : mpfmc : SlidePlayer: Play called with settings={'half_shot_slide_mission2': {'target': None, 'background_color': [0.0, 0.0, 0.0, 1.0], 'priority': None, 'show': True, 'force': False, 'expire': None, 'slide': None, 'tokens': {}, 'action': 'play'}}
2022-08-21 19:13:03,824 : EventManager : Event: ======'slide_half_shot_slide_mission2_removed'====== Args={}
2022-08-21 19:13:03,835 : EventManager : Event: ======'slide_half_shot_slide_mission2_created'====== Args={}
2022-08-21 19:13:03,843 : EventManager : Event: ======'slide_half_shot_slide_mission2_active'====== Args={}
2022-08-21 19:13:03,876 : EventManager : Event: ======'slide_shot_slide_mission2_removed'====== Args={}
2022-08-21 19:13:04,546 : EventManager : Event: ======'machine_var_audits_switches_s_drop_target1'====== Args={'value': 1834, 'prev_value': 1833, 'change': 1}
2022-08-21 19:13:04,546 : EventManager : Event: ======'machine_var_audits_shots_drop_target1_mission2'====== Args={'value': 221, 'prev_value': 220, 'change': 1}
2022-08-21 19:13:04,547 : EventManager : Event: ======'player_score'====== Args={'value': 3663110, 'prev_value': 3658610, 'change': 4500, 'player_num': 1}
2022-08-21 19:13:04,547 : EventManager : Event: ======'player_switches'====== Args={'value': 11, 'prev_value': 10, 'change': 1, 'player_num': 1}
2022-08-21 19:13:04,547 : EventManager : Event: ======'player_score'====== Args={'value': 4663110, 'prev_value': 3663110, 'change': 1000000, 'player_num': 1}
2022-08-21 19:13:04,547 : EventManager : Event: ======'player_mission2_total'====== Args={'value': 4500000, 'prev_value': 3500000, 'change': 1000000, 'player_num': 1}
2022-08-21 19:13:04,547 : EventManager : Event: ======'player_shot_left_kicker_mission2'====== Args={'value': 0, 'prev_value': 1, 'change': -1, 'player_num': 1}
2022-08-21 19:13:04,547 : EventManager : Event: ======'player_shot_drop_target1_mission2'====== Args={'value': 0, 'prev_value': 3, 'change': -3, 'player_num': 1}
2022-08-21 19:13:04,547 : EventManager : Event: ======'slides_play'====== Args={'settings': {'shot_slide_mission2': {'target': None, 'background_color': [0.0, 0.0, 0.0, 1.0], 'priority': None, 'show': True, 'force': False, 'expire': None, 'slide': None, 'tokens': {}, 'action': 'play'}}, 'context': 'mission2', 'calling_context': 'shot2', 'priority': 1000}
2022-08-21 19:13:04,548 : EventManager : Event: ======'slides_play'====== Args={'settings': {'shot_slide_mission2': {'target': None, 'background_color': [0.0, 0.0, 0.0, 1.0], 'priority': None, 'show': True, 'force': False, 'expire': None, 'slide': None, 'tokens': {}, 'action': 'play'}}, 'context': 'mission2', 'calling_context': 'shot3', 'priority': 1000}
2022-08-21 19:13:04,548 : EventManager : Event: ======'player_shot_left_kicker_mission2'====== Args={'value': 1, 'prev_value': 0, 'change': 1, 'player_num': 1}
2022-08-21 19:13:04,548 : EventManager : Event: ======'player_shot_drop_target5_mission2'====== Args={'value': 1, 'prev_value': 0, 'change': 1, 'player_num': 1}
2022-08-21 19:13:04,548 : EventManager : Event: ======'player_shot_drop_target5_mission2'====== Args={'value': 2, 'prev_value': 1, 'change': 1, 'player_num': 1}
2022-08-21 19:13:04,551 : mpfmc : SlidePlayer: Play called with settings={'shot_slide_mission2': {'target': None, 'background_color': [0.0, 0.0, 0.0, 1.0], 'priority': None, 'show': True, 'force': False, 'expire': None, 'slide': None, 'tokens': {}, 'action': 'play'}}
2022-08-21 19:13:04,552 : EventManager : Event: ======'slide_shot_slide_mission2_removed'====== Args={}
2022-08-21 19:13:04,559 : EventManager : Event: ======'slide_shot_slide_mission2_created'====== Args={}
2022-08-21 19:13:04,561 : mpfmc : SlidePlayer: Play called with settings={'shot_slide_mission2': {'target': None, 'background_color': [0.0, 0.0, 0.0, 1.0], 'priority': None, 'show': True, 'force': False, 'expire': None, 'slide': None, 'tokens': {}, 'action': 'play'}}
2022-08-21 19:13:04,562 : EventManager : Event: ======'slide_shot_slide_mission2_removed'====== Args={}
2022-08-21 19:13:04,571 : EventManager : Event: ======'slide_shot_slide_mission2_created'====== Args={}
2022-08-21 19:13:04,578 : EventManager : Event: ======'slide_shot_slide_mission2_active'====== Args={}
2022-08-21 19:13:04,741 : EventManager : Event: ======'player_mission2_mission2_timer_tick'====== Args={'value': 67, 'prev_value': 68, 'change': -1, 'player_num': 1}
2022-08-21 19:13:04,741 : EventManager : Event: ======'player_mission2_timer_seconds'====== Args={'value': 67, 'prev_value': 68, 'change': -1, 'player_num': 1}
2022-08-21 19:13:05,945 : EventManager : Event: ======'player_mission2_mission2_timer_tick'====== Args={'value': 66, 'prev_value': 67, 'change': -1, 'player_num': 1}
2022-08-21 19:13:05,945 : EventManager : Event: ======'player_mission2_timer_seconds'====== Args={'value': 66, 'prev_value': 67, 'change': -1, 'player_num': 1}
2022-08-21 19:13:06,315 : EventManager : Event: ======'machine_var_audits_switches_s_drop_target5'====== Args={'value': 1938, 'prev_value': 1937, 'change': 1}
2022-08-21 19:13:06,316 : EventManager : Event: ======'machine_var_audits_shots_drop_target5_mission2'====== Args={'value': 226, 'prev_value': 225, 'change': 1}
2022-08-21 19:13:06,316 : EventManager : Event: ======'player_score'====== Args={'value': 4667610, 'prev_value': 4663110, 'change': 4500, 'player_num': 1}
2022-08-21 19:13:06,316 : EventManager : Event: ======'player_switches'====== Args={'value': 12, 'prev_value': 11, 'change': 1, 'player_num': 1}
2022-08-21 19:13:06,316 : EventManager : Event: ======'player_shot_drop_target5_mission2'====== Args={'value': 3, 'prev_value': 2, 'change': 1, 'player_num': 1}
2022-08-21 19:13:06,317 : EventManager : Event: ======'player_score'====== Args={'value': 5167610, 'prev_value': 4667610, 'change': 500000, 'player_num': 1}
2022-08-21 19:13:06,317 : EventManager : Event: ======'player_mission2_total'====== Args={'value': 5000000, 'prev_value': 4500000, 'change': 500000, 'player_num': 1}
2022-08-21 19:13:06,317 : EventManager : Event: ======'slides_play'====== Args={'settings': {'half_shot_slide_mission2': {'target': None, 'background_color': [0.0, 0.0, 0.0, 1.0], 'priority': None, 'show': True, 'force': False, 'expire': None, 'slide': None, 'tokens': {}, 'action': 'play'}}, 'context': 'mission2', 'calling_context': 'drop_target5_mission2_safe_ready_hit', 'priority': 1000, 'profile': 'mission2_profile', 'state': 'safe_ready', 'advancing': False}
2022-08-21 19:13:06,322 : mpfmc : SlidePlayer: Play called with settings={'half_shot_slide_mission2': {'target': None, 'background_color': [0.0, 0.0, 0.0, 1.0], 'priority': None, 'show': True, 'force': False, 'expire': None, 'slide': None, 'tokens': {}, 'action': 'play'}}
2022-08-21 19:13:06,323 : EventManager : Event: ======'slide_half_shot_slide_mission2_removed'====== Args={}
2022-08-21 19:13:06,334 : EventManager : Event: ======'slide_half_shot_slide_mission2_created'====== Args={}
2022-08-21 19:13:06,340 : EventManager : Event: ======'slide_half_shot_slide_mission2_active'====== Args={}
2022-08-21 19:13:07,047 : EventManager : Event: ======'machine_var_audits_switches_s_drop_target5'====== Args={'value': 1939, 'prev_value': 1938, 'change': 1}
2022-08-21 19:13:07,048 : EventManager : Event: ======'machine_var_audits_shots_drop_target5_mission2'====== Args={'value': 227, 'prev_value': 226, 'change': 1}
2022-08-21 19:13:07,048 : EventManager : Event: ======'player_score'====== Args={'value': 5172110, 'prev_value': 5167610, 'change': 4500, 'player_num': 1}
2022-08-21 19:13:07,048 : EventManager : Event: ======'player_switches'====== Args={'value': 13, 'prev_value': 12, 'change': 1, 'player_num': 1}
2022-08-21 19:13:07,048 : EventManager : Event: ======'player_score'====== Args={'value': 6172110, 'prev_value': 5172110, 'change': 1000000, 'player_num': 1}
2022-08-21 19:13:07,048 : EventManager : Event: ======'player_mission2_total'====== Args={'value': 6000000, 'prev_value': 5000000, 'change': 1000000, 'player_num': 1}
2022-08-21 19:13:07,048 : EventManager : Event: ======'player_shot_left_kicker_mission2'====== Args={'value': 0, 'prev_value': 1, 'change': -1, 'player_num': 1}
2022-08-21 19:13:07,049 : EventManager : Event: ======'player_shot_drop_target5_mission2'====== Args={'value': 0, 'prev_value': 3, 'change': -3, 'player_num': 1}
2022-08-21 19:13:07,049 : EventManager : Event: ======'slides_play'====== Args={'settings': {'shot_slide_mission2': {'target': None, 'background_color': [0.0, 0.0, 0.0, 1.0], 'priority': None, 'show': True, 'force': False, 'expire': None, 'slide': None, 'tokens': {}, 'action': 'play'}}, 'context': 'mission2', 'calling_context': 'shot2', 'priority': 1000}
2022-08-21 19:13:07,049 : EventManager : Event: ======'slides_play'====== Args={'settings': {'shot_slide_mission2': {'target': None, 'background_color': [0.0, 0.0, 0.0, 1.0], 'priority': None, 'show': True, 'force': False, 'expire': None, 'slide': None, 'tokens': {}, 'action': 'play'}}, 'context': 'mission2', 'calling_context': 'shot3', 'priority': 1000}
2022-08-21 19:13:07,049 : EventManager : Event: ======'slides_play'====== Args={'settings': {'shot_slide_mission2': {'target': None, 'background_color': [0.0, 0.0, 0.0, 1.0], 'priority': None, 'show': True, 'force': False, 'expire': None, 'slide': None, 'tokens': {}, 'action': 'play'}}, 'context': 'mission2', 'calling_context': 'shot4', 'priority': 1000}
2022-08-21 19:13:07,053 : mpfmc : SlidePlayer: Play called with settings={'shot_slide_mission2': {'target': None, 'background_color': [0.0, 0.0, 0.0, 1.0], 'priority': None, 'show': True, 'force': False, 'expire': None, 'slide': None, 'tokens': {}, 'action': 'play'}}
2022-08-21 19:13:07,054 : EventManager : Event: ======'slide_shot_slide_mission2_removed'====== Args={}
2022-08-21 19:13:07,061 : EventManager : Event: ======'slide_shot_slide_mission2_created'====== Args={}
2022-08-21 19:13:07,064 : mpfmc : SlidePlayer: Play called with settings={'shot_slide_mission2': {'target': None, 'background_color': [0.0, 0.0, 0.0, 1.0], 'priority': None, 'show': True, 'force': False, 'expire': None, 'slide': None, 'tokens': {}, 'action': 'play'}}
2022-08-21 19:13:07,065 : EventManager : Event: ======'slide_shot_slide_mission2_removed'====== Args={}
2022-08-21 19:13:07,073 : EventManager : Event: ======'slide_shot_slide_mission2_created'====== Args={}
2022-08-21 19:13:07,076 : mpfmc : SlidePlayer: Play called with settings={'shot_slide_mission2': {'target': None, 'background_color': [0.0, 0.0, 0.0, 1.0], 'priority': None, 'show': True, 'force': False, 'expire': None, 'slide': None, 'tokens': {}, 'action': 'play'}}
2022-08-21 19:13:07,077 : EventManager : Event: ======'slide_shot_slide_mission2_removed'====== Args={}
2022-08-21 19:13:07,086 : EventManager : Event: ======'slide_shot_slide_mission2_created'====== Args={}
2022-08-21 19:13:07,091 : EventManager : Event: ======'slide_shot_slide_mission2_active'====== Args={}
2022-08-21 19:13:07,150 : EventManager : Event: ======'player_mission2_mission2_timer_tick'====== Args={'value': 65, 'prev_value': 66, 'change': -1, 'player_num': 1}
2022-08-21 19:13:07,150 : EventManager : Event: ======'player_mission2_timer_seconds'====== Args={'value': 65, 'prev_value': 66, 'change': -1, 'player_num': 1}
2022-08-21 19:13:08,378 : EventManager : Event: ======'player_mission2_mission2_timer_tick'====== Args={'value': 64, 'prev_value': 65, 'change': -1, 'player_num': 1}
2022-08-21 19:13:08,378 : EventManager : Event: ======'player_mission2_timer_seconds'====== Args={'value': 64, 'prev_value': 65, 'change': -1, 'player_num': 1}
2022-08-21 19:13:08,438 : EventManager : Event: ======'machine_var_audits_switches_s_drop_target3'====== Args={'value': 2559, 'prev_value': 2558, 'change': 1}
2022-08-21 19:13:08,439 : EventManager : Event: ======'machine_var_audits_shots_drop_target3_mission2'====== Args={'value': 299, 'prev_value': 298, 'change': 1}
2022-08-21 19:13:08,439 : EventManager : Event: ======'machine_var_audits_shots_center_target'====== Args={'value': 114, 'prev_value': 113, 'change': 1}
2022-08-21 19:13:08,439 : EventManager : Event: ======'player_score'====== Args={'value': 6176610, 'prev_value': 6172110, 'change': 4500, 'player_num': 1}
2022-08-21 19:13:08,439 : EventManager : Event: ======'player_switches'====== Args={'value': 14, 'prev_value': 13, 'change': 1, 'player_num': 1}
2022-08-21 19:13:08,439 : EventManager : Event: ======'slides_play'====== Args={'settings': {'final_shot_mission2_slide': {'target': None, 'background_color': [0.0, 0.0, 0.0, 1.0], 'priority': None, 'show': True, 'force': False, 'expire': None, 'slide': None, 'tokens': {}, 'action': 'play'}}, 'context': 'mission2', 'calling_context': 'final_shot_mission2', 'priority': 1000}
2022-08-21 19:13:08,440 : EventManager : Event: ======'player_score'====== Args={'value': 12176610, 'prev_value': 6176610, 'change': 6000000, 'player_num': 1}
2022-08-21 19:13:08,440 : EventManager : Event: ======'player_crystals'====== Args={'value': 1, 'prev_value': 0, 'change': 1, 'player_num': 1}
2022-08-21 19:13:08,440 : EventManager : Event: ======'player_modes_completed'====== Args={'value': 1, 'prev_value': 0, 'change': 1, 'player_num': 1}
2022-08-21 19:13:08,443 : mpfmc : SlidePlayer: Play called with settings={'final_shot_mission2_slide': {'target': None, 'background_color': [0.0, 0.0, 0.0, 1.0], 'priority': None, 'show': True, 'force': False, 'expire': None, 'slide': None, 'tokens': {}, 'action': 'play'}}
2022-08-21 19:13:08,460 : EventManager : Event: ======'slide_final_shot_mission2_slide_created'====== Args={}
2022-08-21 19:13:08,469 : EventManager : Event: ======'slide_final_shot_mission2_slide_active'====== Args={}
2022-08-21 19:13:08,815 : EventManager : Event: ======'slide_half_shot_slide_mission2_removed'====== Args={}
2022-08-21 19:13:09,551 : EventManager : Event: ======'player_mission2_mission2_timer_tick'====== Args={'value': 63, 'prev_value': 64, 'change': -1, 'player_num': 1}
2022-08-21 19:13:09,551 : EventManager : Event: ======'player_mission2_timer_seconds'====== Args={'value': 63, 'prev_value': 64, 'change': -1, 'player_num': 1}
2022-08-21 19:13:09,554 : EventManager : Event: ======'slide_shot_slide_mission2_removed'====== Args={}
2022-08-21 19:13:10,742 : EventManager : Event: ======'player_mission2_mission2_timer_tick'====== Args={'value': 62, 'prev_value': 63, 'change': -1, 'player_num': 1}
2022-08-21 19:13:10,742 : EventManager : Event: ======'player_mission2_timer_seconds'====== Args={'value': 62, 'prev_value': 63, 'change': -1, 'player_num': 1}
2022-08-21 19:13:11,440 : EventManager : Event: ======'slide_final_shot_mission2_slide_removed'====== Args={}
2022-08-21 19:13:11,441 : EventManager : Event: ======'slide_score_slide_mission2_active'====== Args={}
2022-08-21 19:13:11,473 : EventManager : Event: ======'slides_clear'====== Args={'context': 'mission2'}
2022-08-21 19:13:11,473 : EventManager : Event: ======'slide_score_slide_mission2_removed'====== Args={}
2022-08-21 19:13:11,474 : EventManager : Event: ======'slide_half_shot_slide_mission2_removed'====== Args={}
2022-08-21 19:13:11,474 : EventManager : Event: ======'slide_shot_slide_mission2_removed'====== Args={}
2022-08-21 19:13:11,474 : EventManager : Event: ======'slide_final_shot_mission2_slide_removed'====== Args={}
2022-08-21 19:13:11,474 : EventManager : Event: ======'player_mission2_total'====== Args={'value': 12000000, 'prev_value': 6000000, 'change': 6000000, 'player_num': 1}
2022-08-21 19:13:11,474 : EventManager : Event: ======'sounds_play'====== Args={'settings': {'default': {'action': 'play', 'loops': -1, 'track': 'music', 'priority': None, 'block': False, 'delay': None, 'volume': None, 'pan': None, 'start_at': None, 'fade_in': None, 'fade_out': None, 'about_to_finish_time': -1.0, 'max_queue_time': -1.0, 'events_when_played': ['use_sound_setting'], 'events_when_stopped': ['use_sound_setting'], 'events_when_looping': ['use_sound_setting'], 'events_when_about_to_finish': ['use_sound_setting'], 'mode_end_action': 'use_sound_setting', 'key': 'use_sound_setting'}, 'mode_theme': {'action': 'stop', 'priority': None, 'block': False, 'delay': None, 'track': None, 'volume': None, 'pan': None, 'loops': None, 'start_at': None, 'fade_in': None, 'fade_out': None, 'about_to_finish_time': -1.0, 'max_queue_time': -1.0, 'events_when_played': ['use_sound_setting'], 'events_when_stopped': ['use_sound_setting'], 'events_when_looping': ['use_sound_setting'], 'events_when_about_to_finish': ['use_sound_setting'], 'mode_end_action': 'use_sound_setting', 'key': 'use_sound_setting'}}, 'context': '_global', 'calling_context': 'mode_spell_portal_started', 'priority': 0}
2022-08-21 19:13:11,475 : EventManager : Event: ======'slide_score_slide_active'====== Args={}
2022-08-21 19:13:13,837 : kivy : Base: Leaving application in progress...
2022-08-21 19:13:14,071 : mpfmc : Stopping...
2022-08-21 19:13:14,071 : EventManager : Event: ======'shutdown'====== Args={}
2022-08-21 19:13:14,071 : AudioInterface : Disabling audio playback
2022-08-21 19:13:14,071 : mpfmc : Loop rate 62.36 Hz
2022-08-21 19:13:14,071 : kivy : MC run loop ended.
2022-08-21 19:13:14,071 : kivy : Stopping child threads... (3 remaining)
2022-08-21 19:13:14,430 : mpfmc : Stopping...
2022-08-21 19:13:14,430 : EventManager : Event: ======'shutdown'====== Args={}
2022-08-21 19:13:14,430 : mpfmc : Loop rate 61.81 Hz
2022-08-21 19:13:14,461 : MPF-MC BCP Server : Stopping BCP sending thread
2022-08-21 19:13:15,150 : kivy : All child threads stopped.
