2022-08-22 17:34:45,039 : INFO : root : Loading config.
2022-08-22 17:34:45,553 : INFO : ConfigProcessor : Config spec file cache created: C:\Users\Brendan\AppData\Local\Temp\config_spec.mpf_cache
2022-08-22 17:34:45,553 : INFO : YamlMultifileConfigLoader : Machine config file #1: config.yaml
2022-08-22 17:34:45,553 : INFO : ConfigProcessor : Loading config from cache: C:\Users\Brendan\AppData\Local\Temp\bccefe987bb586eace29905fa80cab57.mpf_cache
2022-08-22 17:34:45,623 : INFO : ConfigProcessor : Loading config from cache: C:\Users\Brendan\AppData\Local\Temp\467e7647689d29fad6adf949e1f4d51d.mpf_cache
2022-08-22 17:34:45,624 : INFO : ConfigProcessor : Loading config from cache: C:\Users\Brendan\AppData\Local\Temp\5550e037aa776b42b91b29b40b356c70.mpf_cache
2022-08-22 17:34:45,625 : INFO : ConfigProcessor : Loading config from cache: C:\Users\Brendan\AppData\Local\Temp\15e0c601392b30c3d9ba3ead8131edb5.mpf_cache
2022-08-22 17:34:45,626 : INFO : ConfigProcessor : Loading config from cache: C:\Users\Brendan\AppData\Local\Temp\0bf50917c4ef15ab65ee13d6c14e7d7c.mpf_cache
2022-08-22 17:34:45,627 : INFO : ConfigProcessor : Loading config from cache: C:\Users\Brendan\AppData\Local\Temp\bc7da7b13b2754e080c2afa0678ac274.mpf_cache
2022-08-22 17:34:45,627 : INFO : ConfigProcessor : Loading config from cache: C:\Users\Brendan\AppData\Local\Temp\bbd59d0bb6602ee0c5a89d6f85e6dd42.mpf_cache
2022-08-22 17:34:45,628 : INFO : ConfigProcessor : Loading config from cache: C:\Users\Brendan\AppData\Local\Temp\5526c78976fee311c3d05505d75f653d.mpf_cache
2022-08-22 17:34:45,629 : INFO : ConfigProcessor : Loading config from cache: C:\Users\Brendan\AppData\Local\Temp\6e95138ae5415fc76b53ebf8fa245fb5.mpf_cache
2022-08-22 17:34:45,630 : INFO : ConfigProcessor : Loading config from cache: C:\Users\Brendan\AppData\Local\Temp\1ec1c4dffb383758956493783a9ed391.mpf_cache
2022-08-22 17:34:45,631 : INFO : ConfigProcessor : Loading config from cache: C:\Users\Brendan\AppData\Local\Temp\f2aee92728c8017b77c710c804dd7f5a.mpf_cache
2022-08-22 17:34:45,632 : INFO : ConfigProcessor : Loading config from cache: C:\Users\Brendan\AppData\Local\Temp\88f57fa1305e9dc100972ec9f84d57fe.mpf_cache
2022-08-22 17:34:45,632 : INFO : ConfigProcessor : Loading config from cache: C:\Users\Brendan\AppData\Local\Temp\6e00a9d794d4c3f43a0fc48da04dac60.mpf_cache
2022-08-22 17:34:45,633 : INFO : ConfigProcessor : Loading config from cache: C:\Users\Brendan\AppData\Local\Temp\05ef98219fc733c3bcab58726c4b37ef.mpf_cache
2022-08-22 17:34:45,634 : INFO : ConfigProcessor : Loading config from cache: C:\Users\Brendan\AppData\Local\Temp\c22d657a5a7bb60632c2be2c735e073b.mpf_cache
2022-08-22 17:34:45,635 : INFO : ConfigProcessor : Loading config from cache: C:\Users\Brendan\AppData\Local\Temp\f7d4f5eb9425fe84d2e83a363afd4bdf.mpf_cache
2022-08-22 17:34:45,636 : INFO : ConfigProcessor : Loading config from cache: C:\Users\Brendan\AppData\Local\Temp\125f51d329f930ea7bff10973551cc26.mpf_cache
2022-08-22 17:34:45,636 : INFO : ConfigProcessor : Loading config from cache: C:\Users\Brendan\AppData\Local\Temp\08e18dfdf4e02cd29cc0cc52be2faaf4.mpf_cache
2022-08-22 17:34:45,637 : INFO : ConfigProcessor : Loading config from cache: C:\Users\Brendan\AppData\Local\Temp\f042f5bf6362b9e04d43b40b93a92057.mpf_cache
2022-08-22 17:34:45,638 : INFO : ConfigProcessor : Loading config from cache: C:\Users\Brendan\AppData\Local\Temp\60badac06cd62deb71f25fac24b103c2.mpf_cache
2022-08-22 17:34:45,639 : INFO : ConfigProcessor : Loading config from cache: C:\Users\Brendan\AppData\Local\Temp\a3ad1aeb679a0686901de8a6ffe784f0.mpf_cache
2022-08-22 17:34:45,639 : INFO : ConfigProcessor : Loading config from cache: C:\Users\Brendan\AppData\Local\Temp\d7856287e4ec48fb5adaa65e5f7b2848.mpf_cache
2022-08-22 17:34:45,640 : INFO : ConfigProcessor : Loading config from cache: C:\Users\Brendan\AppData\Local\Temp\4849f32e60febd99d83791f2417d9a0f.mpf_cache
2022-08-22 17:34:45,641 : INFO : ConfigProcessor : Loading config from cache: C:\Users\Brendan\AppData\Local\Temp\942a9c8af084c06606ececc74db0a30f.mpf_cache
2022-08-22 17:34:45,642 : INFO : ConfigProcessor : Loading config from cache: C:\Users\Brendan\AppData\Local\Temp\d3a5f9b6ba13782c30d3f4f7e40a9dcf.mpf_cache
2022-08-22 17:34:45,642 : INFO : ConfigProcessor : Loading config from cache: C:\Users\Brendan\AppData\Local\Temp\bb2305c107159ac261738ee6fa5177f9.mpf_cache
2022-08-22 17:34:45,643 : INFO : ConfigProcessor : Loading config from cache: C:\Users\Brendan\AppData\Local\Temp\5e8fe62f7d4a280c75af4e016e79234a.mpf_cache
2022-08-22 17:34:45,643 : INFO : ConfigProcessor : Loading config from cache: C:\Users\Brendan\AppData\Local\Temp\7934ad8984867b043b25c8f1f16418da.mpf_cache
2022-08-22 17:34:45,644 : INFO : ConfigProcessor : Loading config from cache: C:\Users\Brendan\AppData\Local\Temp\201f4c0a0d10e05df2979372d05b639d.mpf_cache
2022-08-22 17:34:45,645 : INFO : ConfigProcessor : Loading config from cache: C:\Users\Brendan\AppData\Local\Temp\29084e75e573608c6a2e9d91f8c2e516.mpf_cache
2022-08-22 17:34:45,646 : INFO : ConfigProcessor : Loading config from cache: C:\Users\Brendan\AppData\Local\Temp\c1a52d9ec6beffcf3a0c74172f4f1789.mpf_cache
2022-08-22 17:34:45,646 : INFO : ConfigProcessor : Loading config from cache: C:\Users\Brendan\AppData\Local\Temp\1a7cfdccecce53cd51775700aa921808.mpf_cache
2022-08-22 17:34:45,647 : INFO : ConfigProcessor : Loading config from cache: C:\Users\Brendan\AppData\Local\Temp\bbeb6a5751b9d2029aa6e8633936e040.mpf_cache
2022-08-22 17:34:45,648 : INFO : ConfigProcessor : Loading config from cache: C:\Users\Brendan\AppData\Local\Temp\396defae609afab4d6d7399595fd494b.mpf_cache
2022-08-22 17:34:45,648 : INFO : ConfigProcessor : Loading config from cache: C:\Users\Brendan\AppData\Local\Temp\df5b128cf73808572dcd58af6b99a12a.mpf_cache
2022-08-22 17:34:45,649 : INFO : ConfigProcessor : Loading config from cache: C:\Users\Brendan\AppData\Local\Temp\b16abd66a20b52f76df13eb007a93cde.mpf_cache
2022-08-22 17:34:45,650 : INFO : ConfigProcessor : Loading config from cache: C:\Users\Brendan\AppData\Local\Temp\09ddf149c2750d0dc18124afb4ec1692.mpf_cache
2022-08-22 17:34:45,650 : INFO : ConfigProcessor : Loading config from cache: C:\Users\Brendan\AppData\Local\Temp\dc261f740d4fb0b58874215bc05837b4.mpf_cache
2022-08-22 17:34:45,651 : INFO : ConfigProcessor : Loading config from cache: C:\Users\Brendan\AppData\Local\Temp\fd5b67850c190931870595f7ba331325.mpf_cache
2022-08-22 17:34:45,651 : INFO : ConfigProcessor : Loading config from cache: C:\Users\Brendan\AppData\Local\Temp\7fa0bf6f8a3d06d96f9daba2d24e8451.mpf_cache
2022-08-22 17:34:45,652 : INFO : ConfigProcessor : Loading config from cache: C:\Users\Brendan\AppData\Local\Temp\17652c03725ec0d5dc66b35abdc504c5.mpf_cache
2022-08-22 17:34:45,653 : INFO : ConfigProcessor : Loading config from cache: C:\Users\Brendan\AppData\Local\Temp\f6549f0a1a12987384ccc86b9df17004.mpf_cache
2022-08-22 17:34:45,653 : INFO : ConfigProcessor : Loading config from cache: C:\Users\Brendan\AppData\Local\Temp\d416d6f9f35dec068a811f18f969a8db.mpf_cache
2022-08-22 17:34:45,655 : INFO : ConfigProcessor : Loading config from cache: C:\Users\Brendan\AppData\Local\Temp\2cbb22f93ff96ef242a9a2d7465f7b14.mpf_cache
2022-08-22 17:34:45,655 : INFO : ConfigProcessor : Loading config from cache: C:\Users\Brendan\AppData\Local\Temp\5b43fbcb021f3ce97d73fdb8a470eae4.mpf_cache
2022-08-22 17:34:45,656 : INFO : ConfigProcessor : Loading config from cache: C:\Users\Brendan\AppData\Local\Temp\6d994d077edad00fe01353c1bfbf6638.mpf_cache
2022-08-22 17:34:45,656 : INFO : ConfigProcessor : Loading config from cache: C:\Users\Brendan\AppData\Local\Temp\df6e37541f81fc1a6e02dbcf98e0d10b.mpf_cache
2022-08-22 17:34:45,657 : INFO : ConfigProcessor : Loading config from cache: C:\Users\Brendan\AppData\Local\Temp\c5e911b563ca93c8e10ce7743f92e657.mpf_cache
2022-08-22 17:34:45,658 : INFO : ConfigProcessor : Loading config from cache: C:\Users\Brendan\AppData\Local\Temp\99ecafb2993dab1e69369c4f69529b6f.mpf_cache
2022-08-22 17:34:45,658 : INFO : ConfigProcessor : Loading config from cache: C:\Users\Brendan\AppData\Local\Temp\57f2f8973b8bd58edd1d215976151c60.mpf_cache
2022-08-22 17:34:45,659 : INFO : ConfigProcessor : Loading config from cache: C:\Users\Brendan\AppData\Local\Temp\19f702536b27ff66106645e85afb027e.mpf_cache
2022-08-22 17:34:45,660 : INFO : ConfigProcessor : Loading config from cache: C:\Users\Brendan\AppData\Local\Temp\c17101e4486856bd6430e66412997ee7.mpf_cache
2022-08-22 17:34:45,661 : INFO : ConfigProcessor : Loading config from cache: C:\Users\Brendan\AppData\Local\Temp\c5b3b18e965344eb40bdf988f6d052aa.mpf_cache
2022-08-22 17:34:45,663 : INFO : Machine : Mission Pinball Framework Core Engine v0.55.0
2022-08-22 17:34:45,663 : INFO : Machine : Command line arguments: {'no_load_cache': False, 'create_config_cache': True, 'bcp': True, 'configfile': ['config.yaml'], 'force_assets_load': False, 'jsonlogging': False, 'logfile': 'logs\\2022-08-22-17-34-45-mpf-Pinball-PC.log', 'pause': False, 'production': False, 'text_ui': True, 'loglevel': 15, 'consoleloglevel': 20, 'force_platform': None, 'syslog_address': None, 'mc_file_name': None, 'no_sound': False}
2022-08-22 17:34:45,663 : INFO : Machine : MPF path: c:\users\brendan\appdata\local\programs\python\python37\lib\site-packages\mpf
2022-08-22 17:34:45,663 : INFO : Machine : Machine path: C:\Baby_pacman_code\machine
2022-08-22 17:34:45,663 : INFO : Machine : Platform: win32
2022-08-22 17:34:45,663 : INFO : Machine : Python executable location: c:\users\brendan\appdata\local\programs\python\python37\python.exe
2022-08-22 17:34:45,663 : INFO : Machine : Python version: 3.7.8 (64-bit)
2022-08-22 17:34:45,665 : INFO : Machine : Initialise MPF.
2022-08-22 17:34:45,819 : INFO : FAST : Connecting to com7 at 921600bps
2022-08-22 17:34:45,852 : INFO : FAST : Connected! Processor: NET, Board Type: FP-CPU-002-2, Firmware: 01.05
2022-08-22 17:34:45,852 : INFO : EventManager : Event: ======'machine_var_fast_net_firmware'====== Args={'value': '01.05', 'prev_value': None, 'change': True}
2022-08-22 17:34:45,852 : INFO : EventManager : Event: ======'machine_var_fast_net_model'====== Args={'value': 'FP-CPU-002-2', 'prev_value': None, 'change': True}
2022-08-22 17:34:48,215 : WARNING : FAST : Got unexpected message from FAST: -N:09
2022-08-22 17:34:48,215 : WARNING : FAST : Got unexpected message from FAST: -N:0A
2022-08-22 17:34:48,215 : WARNING : FAST : Got unexpected message from FAST: -N:0B
2022-08-22 17:34:48,251 : INFO : FAST : Connecting to com8 at 921600bps
2022-08-22 17:34:48,300 : INFO : FAST : Connected! Processor: RGB, Board Type: FP-CPU-002-2, Firmware: 01.00
2022-08-22 17:34:48,300 : INFO : EventManager : Event: ======'machine_var_fast_rgb_firmware'====== Args={'value': '01.00', 'prev_value': None, 'change': True}
2022-08-22 17:34:48,300 : INFO : EventManager : Event: ======'machine_var_fast_rgb_model'====== Args={'value': 'FP-CPU-002-2', 'prev_value': None, 'change': True}
2022-08-22 17:34:48,301 : INFO : EventManager : Event: ======'machine_var_credits_string'====== Args={'value': 'FREE PLAY', 'prev_value': None, 'change': True}
2022-08-22 17:34:48,379 : INFO : EventManager : Event: ======'machine_var_master_volume'====== Args={'value': 0.5, 'prev_value': None, 'change': True}
2022-08-22 17:34:48,379 : INFO : EventManager : Event: ======'machine_var_player1_score'====== Args={'value': 21708080, 'prev_value': None, 'change': True}
2022-08-22 17:34:48,379 : INFO : EventManager : Event: ======'machine_var_mpf_version'====== Args={'value': 'MPF v0.55.0', 'prev_value': None, 'change': True}
2022-08-22 17:34:48,379 : INFO : EventManager : Event: ======'machine_var_mpf_extended_version'====== Args={'value': 'MPF v0.55.0, Config version:5, Show version: 5, BCP version:1.1', 'prev_value': None, 'change': True}
2022-08-22 17:34:48,379 : INFO : EventManager : Event: ======'machine_var_python_version'====== Args={'value': '3.7.8', 'prev_value': None, 'change': True}
2022-08-22 17:34:48,380 : INFO : EventManager : Event: ======'machine_var_platform'====== Args={'value': 'Windows-7-6.1.7601-SP1', 'prev_value': None, 'change': True}
2022-08-22 17:34:48,380 : INFO : EventManager : Event: ======'machine_var_platform_system'====== Args={'value': 'Windows', 'prev_value': None, 'change': True}
2022-08-22 17:34:48,380 : INFO : EventManager : Event: ======'machine_var_platform_release'====== Args={'value': '7', 'prev_value': None, 'change': True}
2022-08-22 17:34:48,380 : INFO : EventManager : Event: ======'machine_var_platform_version'====== Args={'value': '6.1.7601', 'prev_value': None, 'change': True}
2022-08-22 17:34:48,380 : INFO : EventManager : Event: ======'machine_var_platform_machine'====== Args={'value': 'AMD64', 'prev_value': None, 'change': True}
2022-08-22 17:34:48,381 : INFO : EventManager : Event: ======'init_phase_1'====== Args={}
2022-08-22 17:34:48,481 : INFO : EventManager : Event: ======'drop_target_bank_main_up'====== Args={}
2022-08-22 17:34:48,493 : INFO : EventManager : Event: ======'init_phase_2'====== Args={}
2022-08-22 17:34:48,494 : INFO : SwitchController : Found active switch: (('09', 1), <Platform.FAST>) <switch.s_drop_target4>
2022-08-22 17:34:48,494 : INFO : SwitchController : Found active switch: (('0A', 1), <Platform.FAST>) <switch.s_drop_target3>
2022-08-22 17:34:48,494 : INFO : SwitchController : Found active switch: (('0B', 1), <Platform.FAST>) <switch.s_drop_target2>
2022-08-22 17:34:48,536 : INFO : EventManager : Event: ======'bcp_connection_attempt'====== Args={'name': 'local_display', 'host': 'localhost', 'port': 5050}
2022-08-22 17:34:48,538 : INFO : BCPClientSocket : Connecting BCP to 'local_display' at localhost:5050...
2022-08-22 17:34:49,541 : WARNING : FAST : Port com7 was blocked for more than 1s. Reseting send queue! If this happens frequently report a bug!
2022-08-22 17:34:50,539 : WARNING : FAST : Port com7 was blocked for more than 1s. Reseting send queue! If this happens frequently report a bug!
2022-08-22 17:34:51,635 : INFO : BCPClientSocket : Connected BCP to 'local_display' localhost:5050
2022-08-22 17:34:51,637 : INFO : EventManager : Event: ======'bcp_clients_connected'====== Args={}
2022-08-22 17:34:51,650 : INFO : ball_device.bd_drain : BCH: Initial count: 0
2022-08-22 17:34:51,651 : INFO : EventManager : Event: ======'machine_var_mc_version'====== Args={'value': 'MPF-MC v0.55.0', 'prev_value': None, 'change': True}
2022-08-22 17:34:51,651 : INFO : EventManager : Event: ======'machine_var_mc_extended_version'====== Args={'value': 'MPF-MC v0.55.0 (config_version=5, BCP v1.1, Requires MPF v0.55.0-dev.49)', 'prev_value': None, 'change': True}
2022-08-22 17:34:51,656 : INFO : ball_device.bd_drain : State: idle
2022-08-22 17:34:51,687 : INFO : ball_device.bd_left_kicker : BCH: Initial count: 0
2022-08-22 17:34:51,688 : INFO : ball_device.bd_left_kicker : State: idle
2022-08-22 17:34:51,689 : INFO : ball_device.bd_right_kicker : BCH: Initial count: 0
2022-08-22 17:34:51,689 : INFO : ball_device.bd_right_kicker : State: idle
2022-08-22 17:34:51,758 : INFO : EventManager : Event: ======'init_phase_3'====== Args={}
2022-08-22 17:34:52,156 : INFO : EventManager : Event: ======'init_phase_4'====== Args={}
2022-08-22 17:34:52,157 : INFO : EventManager : Event: ======'playfield_active'====== Args={}
2022-08-22 17:34:52,157 : INFO : EventManager : Event: ======'unexpected_ball_on_playfield'====== Args={}
2022-08-22 17:34:52,157 : INFO : EventManager : Event: ======'playfield_active'====== Args={}
2022-08-22 17:34:52,157 : INFO : EventManager : Event: ======'unexpected_ball_on_playfield'====== Args={}
2022-08-22 17:34:52,157 : INFO : EventManager : Event: ======'drop_target_left_down'====== Args={'device': <drop_target.left>}
2022-08-22 17:34:52,157 : INFO : EventManager : Event: ======'drop_target_bank_main_mixed'====== Args={'prev_value': <DropTargetBankState.UP: 'up'>, 'down': 1}
2022-08-22 17:34:52,158 : INFO : EventManager : Event: ======'playfield_active'====== Args={}
2022-08-22 17:34:52,158 : INFO : EventManager : Event: ======'unexpected_ball_on_playfield'====== Args={}
2022-08-22 17:34:52,158 : INFO : EventManager : Event: ======'drop_target_middle_down'====== Args={'device': <drop_target.middle>}
2022-08-22 17:34:52,158 : INFO : EventManager : Event: ======'drop_target_bank_main_mixed'====== Args={'prev_value': <DropTargetBankState.MIXED: 'mixed'>, 'down': 2}
2022-08-22 17:34:52,158 : INFO : EventManager : Event: ======'playfield_active'====== Args={}
2022-08-22 17:34:52,158 : INFO : EventManager : Event: ======'unexpected_ball_on_playfield'====== Args={}
2022-08-22 17:34:52,158 : INFO : EventManager : Event: ======'drop_target_right_down'====== Args={'device': <drop_target.right>}
2022-08-22 17:34:52,158 : INFO : EventManager : Event: ======'drop_target_bank_main_mixed'====== Args={'prev_value': <DropTargetBankState.MIXED: 'mixed'>, 'down': 3}
2022-08-22 17:34:52,158 : INFO : EventManager : Event: ======'playfield_active'====== Args={}
2022-08-22 17:34:52,159 : INFO : EventManager : Event: ======'unexpected_ball_on_playfield'====== Args={}
2022-08-22 17:34:52,159 : INFO : BallController : Initial balls found: 0
2022-08-22 17:34:52,161 : INFO : EventManager : Event: ======'machine_var_audits_events_game_ended'====== Args={'value': 0, 'prev_value': None, 'change': True}
2022-08-22 17:34:52,162 : INFO : EventManager : Event: ======'machine_var_audits_events_game_started'====== Args={'value': 0, 'prev_value': None, 'change': True}
2022-08-22 17:34:52,162 : INFO : EventManager : Event: ======'machine_var_audits_player_score'====== Args={'value': {'average': 10302398.705281088, 'top': [198719690, 195274570, 161094530, 160419680, 140071820, 132769060, 132262360, 127113160, 121863670, 115954110], 'total': 587}, 'prev_value': None, 'change': True}
2022-08-22 17:34:52,163 : INFO : EventManager : Event: ======'machine_var_audits_shots_center_drop_mission1'====== Args={'value': 546, 'prev_value': None, 'change': True}
2022-08-22 17:34:52,163 : INFO : EventManager : Event: ======'machine_var_audits_shots_center_target'====== Args={'value': 165, 'prev_value': None, 'change': True}
2022-08-22 17:34:52,164 : INFO : EventManager : Event: ======'machine_var_audits_shots_drop_target1_mission2'====== Args={'value': 226, 'prev_value': None, 'change': True}
2022-08-22 17:34:52,164 : INFO : EventManager : Event: ======'machine_var_audits_shots_drop_target2_mission2'====== Args={'value': 266, 'prev_value': None, 'change': True}
2022-08-22 17:34:52,164 : INFO : EventManager : Event: ======'machine_var_audits_shots_drop_target3_mission2'====== Args={'value': 307, 'prev_value': None, 'change': True}
2022-08-22 17:34:52,165 : INFO : EventManager : Event: ======'machine_var_audits_shots_drop_target4_mission2'====== Args={'value': 272, 'prev_value': None, 'change': True}
2022-08-22 17:34:52,165 : INFO : EventManager : Event: ======'machine_var_audits_shots_drop_target5_mission2'====== Args={'value': 235, 'prev_value': None, 'change': True}
2022-08-22 17:34:52,165 : INFO : EventManager : Event: ======'machine_var_audits_shots_drop_targets_mission3'====== Args={'value': 1474, 'prev_value': None, 'change': True}
2022-08-22 17:34:52,166 : INFO : EventManager : Event: ======'machine_var_audits_shots_galaxy_advance'====== Args={'value': 2351, 'prev_value': None, 'change': True}
2022-08-22 17:34:52,166 : INFO : EventManager : Event: ======'machine_var_audits_shots_l_lane'====== Args={'value': 619, 'prev_value': None, 'change': True}
2022-08-22 17:34:52,166 : INFO : EventManager : Event: ======'machine_var_audits_shots_left_kicker_mission2'====== Args={'value': 162, 'prev_value': None, 'change': True}
2022-08-22 17:34:52,167 : INFO : EventManager : Event: ======'machine_var_audits_shots_left_kicker_mission4'====== Args={'value': 117, 'prev_value': None, 'change': True}
2022-08-22 17:34:52,167 : INFO : EventManager : Event: ======'machine_var_audits_shots_left_loop_mission1'====== Args={'value': 610, 'prev_value': None, 'change': True}
2022-08-22 17:34:52,168 : INFO : EventManager : Event: ======'machine_var_audits_shots_left_loop_mission2'====== Args={'value': 263, 'prev_value': None, 'change': True}
2022-08-22 17:34:52,168 : INFO : EventManager : Event: ======'machine_var_audits_shots_left_loop_mission4'====== Args={'value': 385, 'prev_value': None, 'change': True}
2022-08-22 17:34:52,169 : INFO : EventManager : Event: ======'machine_var_audits_shots_portal_advance'====== Args={'value': 4660, 'prev_value': None, 'change': True}
2022-08-22 17:34:52,169 : INFO : EventManager : Event: ======'machine_var_audits_shots_r_lane'====== Args={'value': 547, 'prev_value': None, 'change': True}
2022-08-22 17:34:52,170 : INFO : EventManager : Event: ======'machine_var_audits_shots_right_kicker_mission2'====== Args={'value': 137, 'prev_value': None, 'change': True}
2022-08-22 17:34:52,170 : INFO : EventManager : Event: ======'machine_var_audits_shots_right_kicker_mission4'====== Args={'value': 136, 'prev_value': None, 'change': True}
2022-08-22 17:34:52,170 : INFO : EventManager : Event: ======'machine_var_audits_shots_right_loop_mission1'====== Args={'value': 702, 'prev_value': None, 'change': True}
2022-08-22 17:34:52,171 : INFO : EventManager : Event: ======'machine_var_audits_shots_right_loop_mission2'====== Args={'value': 310, 'prev_value': None, 'change': True}
2022-08-22 17:34:52,171 : INFO : EventManager : Event: ======'machine_var_audits_shots_right_loop_mission4'====== Args={'value': 434, 'prev_value': None, 'change': True}
2022-08-22 17:34:52,172 : INFO : EventManager : Event: ======'machine_var_audits_shots_warp_advance'====== Args={'value': 1103, 'prev_value': None, 'change': True}
2022-08-22 17:34:52,172 : INFO : EventManager : Event: ======'machine_var_audits_switches_s_action_button'====== Args={'value': 3995, 'prev_value': None, 'change': True}
2022-08-22 17:34:52,173 : INFO : EventManager : Event: ======'machine_var_audits_switches_s_drain'====== Args={'value': 2749, 'prev_value': None, 'change': True}
2022-08-22 17:34:52,173 : INFO : EventManager : Event: ======'machine_var_audits_switches_s_drop_target1'====== Args={'value': 1870, 'prev_value': None, 'change': True}
2022-08-22 17:34:52,173 : INFO : EventManager : Event: ======'machine_var_audits_switches_s_drop_target2'====== Args={'value': 2183, 'prev_value': None, 'change': True}
2022-08-22 17:34:52,174 : INFO : EventManager : Event: ======'machine_var_audits_switches_s_drop_target3'====== Args={'value': 2610, 'prev_value': None, 'change': True}
2022-08-22 17:34:52,174 : INFO : EventManager : Event: ======'machine_var_audits_switches_s_drop_target4'====== Args={'value': 2081, 'prev_value': None, 'change': True}
2022-08-22 17:34:52,175 : INFO : EventManager : Event: ======'machine_var_audits_switches_s_drop_target5'====== Args={'value': 1968, 'prev_value': None, 'change': True}
2022-08-22 17:34:52,175 : INFO : EventManager : Event: ======'machine_var_audits_switches_s_left_captive_ball'====== Args={'value': 477, 'prev_value': None, 'change': True}
2022-08-22 17:34:52,176 : INFO : EventManager : Event: ======'machine_var_audits_switches_s_left_flipper'====== Args={'value': 34897, 'prev_value': None, 'change': True}
2022-08-22 17:34:52,176 : INFO : EventManager : Event: ======'machine_var_audits_switches_s_left_inlane'====== Args={'value': 619, 'prev_value': None, 'change': True}
2022-08-22 17:34:52,176 : INFO : EventManager : Event: ======'machine_var_audits_switches_s_left_inlane_far'====== Args={'value': 4233, 'prev_value': None, 'change': True}
2022-08-22 17:34:52,177 : INFO : EventManager : Event: ======'machine_var_audits_switches_s_left_kicker'====== Args={'value': 1557, 'prev_value': None, 'change': True}
2022-08-22 17:34:52,177 : INFO : EventManager : Event: ======'machine_var_audits_switches_s_left_sling'====== Args={'value': 6925, 'prev_value': None, 'change': True}
2022-08-22 17:34:52,178 : INFO : EventManager : Event: ======'machine_var_audits_switches_s_left_spinner'====== Args={'value': 20610, 'prev_value': None, 'change': True}
2022-08-22 17:34:52,178 : INFO : EventManager : Event: ======'machine_var_audits_switches_s_right_captive_ball'====== Args={'value': 502, 'prev_value': None, 'change': True}
2022-08-22 17:34:52,179 : INFO : EventManager : Event: ======'machine_var_audits_switches_s_right_flipper'====== Args={'value': 32198, 'prev_value': None, 'change': True}
2022-08-22 17:34:52,179 : INFO : EventManager : Event: ======'machine_var_audits_switches_s_right_inlane'====== Args={'value': 547, 'prev_value': None, 'change': True}
2022-08-22 17:34:52,180 : INFO : EventManager : Event: ======'machine_var_audits_switches_s_right_inlane_far'====== Args={'value': 6280, 'prev_value': None, 'change': True}
2022-08-22 17:34:52,180 : INFO : EventManager : Event: ======'machine_var_audits_switches_s_right_kicker'====== Args={'value': 1716, 'prev_value': None, 'change': True}
2022-08-22 17:34:52,181 : INFO : EventManager : Event: ======'machine_var_audits_switches_s_right_sling'====== Args={'value': 14149, 'prev_value': None, 'change': True}
2022-08-22 17:34:52,181 : INFO : EventManager : Event: ======'machine_var_audits_switches_s_right_spinner'====== Args={'value': 16575, 'prev_value': None, 'change': True}
2022-08-22 17:34:52,182 : INFO : EventManager : Event: ======'machine_var_audits_switches_s_start'====== Args={'value': 407, 'prev_value': None, 'change': True}
2022-08-22 17:34:52,183 : INFO : EventManager : Event: ======'init_phase_5'====== Args={}
2022-08-22 17:34:52,189 : INFO : EventManager : Event: ======'init_done'====== Args={}
2022-08-22 17:34:52,189 : WARNING : FAST : Port NET received more messages than were sent! Resetting!
2022-08-22 17:34:52,189 : WARNING : FAST : Port NET received more messages than were sent! Resetting!
2022-08-22 17:34:52,189 : WARNING : FAST : Port NET received more messages than were sent! Resetting!
2022-08-22 17:34:52,189 : WARNING : FAST : Port NET received more messages than were sent! Resetting!
2022-08-22 17:34:52,189 : WARNING : FAST : Port NET received more messages than were sent! Resetting!
2022-08-22 17:34:52,189 : WARNING : FAST : Port NET received more messages than were sent! Resetting!
2022-08-22 17:34:52,190 : WARNING : FAST : Port NET received more messages than were sent! Resetting!
2022-08-22 17:34:52,190 : WARNING : FAST : Port NET received more messages than were sent! Resetting!
2022-08-22 17:34:52,190 : WARNING : FAST : Port NET received more messages than were sent! Resetting!
2022-08-22 17:34:52,190 : WARNING : FAST : Port NET received more messages than were sent! Resetting!
2022-08-22 17:34:52,190 : WARNING : FAST : Port NET received more messages than were sent! Resetting!
2022-08-22 17:34:52,190 : WARNING : FAST : Port NET received more messages than were sent! Resetting!
2022-08-22 17:34:52,190 : WARNING : FAST : Port NET received more messages than were sent! Resetting!
2022-08-22 17:34:52,190 : WARNING : FAST : Port NET received more messages than were sent! Resetting!
2022-08-22 17:34:52,190 : WARNING : FAST : Port NET received more messages than were sent! Resetting!
2022-08-22 17:34:52,190 : WARNING : FAST : Port NET received more messages than were sent! Resetting!
2022-08-22 17:34:52,190 : WARNING : FAST : Port NET received more messages than were sent! Resetting!
2022-08-22 17:34:52,190 : WARNING : FAST : Port NET received more messages than were sent! Resetting!
2022-08-22 17:34:52,190 : WARNING : FAST : Port NET received more messages than were sent! Resetting!
2022-08-22 17:34:52,190 : WARNING : FAST : Port NET received more messages than were sent! Resetting!
2022-08-22 17:34:52,191 : WARNING : FAST : Port NET received more messages than were sent! Resetting!
2022-08-22 17:34:52,191 : WARNING : FAST : Port NET received more messages than were sent! Resetting!
2022-08-22 17:34:52,191 : INFO : EventManager : Event: ======'machine_reset_phase_1'====== Args={}
2022-08-22 17:34:52,198 : INFO : EventManager : Event: ======'machine_reset_phase_2'====== Args={}
2022-08-22 17:34:52,198 : INFO : EventManager : Event: ======'machine_reset_phase_3'====== Args={}
2022-08-22 17:34:52,199 : INFO : EventManager : Event: ======'reset_complete'====== Args={}
2022-08-22 17:34:52,199 : INFO : EventManager : Event: ======'mode_attract_will_start'====== Args={}
2022-08-22 17:34:52,200 : INFO : EventManager : Event: ======'mode_attract_starting'====== Args={}
2022-08-22 17:34:52,200 : INFO : Mode.attract : Started. Priority: 10
2022-08-22 17:34:52,200 : INFO : EventManager : Event: ======'modes_active_modes_changed'====== Args={}
2022-08-22 17:34:52,200 : INFO : EventManager : Event: ======'mode_attract_started'====== Args={}
2022-08-22 17:34:52,202 : INFO : EventManager : Event: ======'collecting_balls_complete'====== Args={}
2022-08-22 17:34:52,222 : INFO : EventManager : Event: ======'slide_show_13.slide_player-0_created'====== Args={'_from_bcp': True}
2022-08-22 17:34:52,222 : INFO : EventManager : Event: ======'slide_show_13.slide_player-0_active'====== Args={'_from_bcp': True}
2022-08-22 17:34:52,222 : INFO : Machine : Starting the main run loop.
2022-08-22 17:34:55,209 : INFO : EventManager : Event: ======'slide_last_game_score_slide_created'====== Args={'_from_bcp': True}
2022-08-22 17:34:55,217 : INFO : EventManager : Event: ======'slide_last_game_score_slide_active'====== Args={'_from_bcp': True}
2022-08-22 17:34:58,203 : INFO : EventManager : Event: ======'slide_press_start_created'====== Args={'_from_bcp': True}
2022-08-22 17:34:58,209 : INFO : EventManager : Event: ======'slide_press_start_active'====== Args={'_from_bcp': True}
2022-08-22 17:34:59,706 : INFO : SwitchController : <<<<<<< 's_left_spinner' active >>>>>>>
2022-08-22 17:35:01,198 : INFO : EventManager : Event: ======'slide_mission_pinball_created'====== Args={'_from_bcp': True}
2022-08-22 17:35:01,199 : INFO : EventManager : Event: ======'slide_mission_pinball_active'====== Args={'_from_bcp': True}
2022-08-22 17:35:04,209 : INFO : EventManager : Event: ======'slide_edensaw_slide_created'====== Args={'_from_bcp': True}
2022-08-22 17:35:04,211 : INFO : EventManager : Event: ======'slide_edensaw_slide_active'====== Args={'_from_bcp': True}
2022-08-22 17:35:07,211 : INFO : EventManager : Event: ======'slide_glass_slide_created'====== Args={'_from_bcp': True}
2022-08-22 17:35:07,213 : INFO : EventManager : Event: ======'slide_glass_slide_active'====== Args={'_from_bcp': True}
2022-08-22 17:35:10,191 : INFO : EventManager : Event: ======'slide_glass_slide_removed'====== Args={'_from_bcp': True}
2022-08-22 17:35:10,193 : INFO : EventManager : Event: ======'slide_glass_slide_created'====== Args={'_from_bcp': True}
2022-08-22 17:35:10,197 : INFO : EventManager : Event: ======'slide_glass_slide_active'====== Args={'_from_bcp': True}
2022-08-22 17:35:13,212 : INFO : EventManager : Event: ======'slide_fast_slide_created'====== Args={'_from_bcp': True}
2022-08-22 17:35:13,215 : INFO : EventManager : Event: ======'slide_fast_slide_active'====== Args={'_from_bcp': True}
2022-08-22 17:35:24,968 : INFO : SwitchController : <<<<<<< 's_right_spinner' active >>>>>>>
2022-08-22 17:35:26,376 : INFO : SwitchController : <<<<<<< 's_left_spinner' inactive >>>>>>>
2022-08-22 17:35:26,568 : INFO : SwitchController : <<<<<<< 's_left_spinner' active >>>>>>>
2022-08-22 17:35:26,664 : INFO : SwitchController : <<<<<<< 's_left_spinner' inactive >>>>>>>
2022-08-22 17:35:26,760 : INFO : SwitchController : <<<<<<< 's_left_spinner' active >>>>>>>
2022-08-22 17:35:26,776 : INFO : SwitchController : <<<<<<< 's_left_spinner' inactive >>>>>>>
2022-08-22 17:35:26,777 : INFO : SwitchController : <<<<<<< 's_left_spinner' active >>>>>>>
2022-08-22 17:35:26,858 : INFO : SwitchController : <<<<<<< 's_left_spinner' inactive >>>>>>>
2022-08-22 17:35:28,197 : INFO : EventManager : Event: ======'slide_show_13.slide_player-0_removed'====== Args={'_from_bcp': True}
2022-08-22 17:35:28,202 : INFO : EventManager : Event: ======'slide_show_13.slide_player-0_created'====== Args={'_from_bcp': True}
2022-08-22 17:35:28,205 : INFO : EventManager : Event: ======'slide_show_13.slide_player-0_active'====== Args={'_from_bcp': True}
2022-08-22 17:35:29,128 : INFO : SwitchController : <<<<<<< 's_right_spinner' inactive >>>>>>>
2022-08-22 17:35:31,201 : INFO : EventManager : Event: ======'slide_last_game_score_slide_removed'====== Args={'_from_bcp': True}
2022-08-22 17:35:31,209 : INFO : EventManager : Event: ======'slide_last_game_score_slide_created'====== Args={'_from_bcp': True}
2022-08-22 17:35:31,218 : INFO : EventManager : Event: ======'slide_last_game_score_slide_active'====== Args={'_from_bcp': True}
2022-08-22 17:35:34,195 : INFO : EventManager : Event: ======'slide_press_start_removed'====== Args={'_from_bcp': True}
2022-08-22 17:35:34,203 : INFO : EventManager : Event: ======'slide_press_start_created'====== Args={'_from_bcp': True}
2022-08-22 17:35:34,211 : INFO : EventManager : Event: ======'slide_press_start_active'====== Args={'_from_bcp': True}
2022-08-22 17:35:35,143 : INFO : SwitchController : <<<<<<< 's_drop_target5' active >>>>>>>
2022-08-22 17:35:35,144 : INFO : EventManager : Event: ======'playfield_active'====== Args={}
2022-08-22 17:35:35,144 : INFO : EventManager : Event: ======'unexpected_ball_on_playfield'====== Args={}
2022-08-22 17:35:35,144 : INFO : EventManager : Event: ======'playfield_active'====== Args={}
2022-08-22 17:35:35,144 : INFO : EventManager : Event: ======'unexpected_ball_on_playfield'====== Args={}
2022-08-22 17:35:35,144 : INFO : EventManager : Event: ======'playfield_active'====== Args={}
2022-08-22 17:35:35,145 : INFO : EventManager : Event: ======'unexpected_ball_on_playfield'====== Args={}
2022-08-22 17:35:35,145 : INFO : EventManager : Event: ======'drop_target_far_right_down'====== Args={'device': <drop_target.far_right>}
2022-08-22 17:35:35,145 : INFO : EventManager : Event: ======'drop_target_bank_main_mixed'====== Args={'prev_value': <DropTargetBankState.MIXED: 'mixed'>, 'down': 4}
2022-08-22 17:35:36,632 : INFO : SwitchController : <<<<<<< 's_right_captive_ball' active >>>>>>>
2022-08-22 17:35:37,096 : INFO : SwitchController : <<<<<<< 's_drain' active >>>>>>>
2022-08-22 17:35:37,193 : INFO : EventManager : Event: ======'slide_mission_pinball_removed'====== Args={'_from_bcp': True}
2022-08-22 17:35:37,198 : INFO : EventManager : Event: ======'slide_mission_pinball_created'====== Args={'_from_bcp': True}
2022-08-22 17:35:37,203 : INFO : EventManager : Event: ======'slide_mission_pinball_active'====== Args={'_from_bcp': True}
2022-08-22 17:35:37,606 : INFO : EventManager : Event: ======'balldevice_bd_drain_ball_count_changed'====== Args={'balls': 1}
2022-08-22 17:35:37,606 : INFO : ball_device.bd_drain : Received unexpected ball
2022-08-22 17:35:37,606 : INFO : EventManager : Event: ======'balldevice_captured_from_playfield'====== Args={'balls': 1}
2022-08-22 17:35:37,606 : INFO : EventManager : Event: ======'sw_playfield_active'====== Args={'balls': 1}
2022-08-22 17:35:37,607 : INFO : EventManager : Event: ======'playfield_active'====== Args={}
2022-08-22 17:35:37,607 : INFO : EventManager : Event: ======'unexpected_ball_on_playfield'====== Args={}
2022-08-22 17:35:37,607 : INFO : EventManager : Event: ======'playfield_ball_count_change'====== Args={'balls': -1, 'change': -1}
2022-08-22 17:35:37,608 : INFO : EventManager : Event: ======'balldevice_playfield_ball_enter'====== Args={'new_balls': 1, 'unclaimed_balls': 1, 'device': <playfield.playfield>}
2022-08-22 17:35:37,608 : INFO : EventManager : Event: ======'playfield_ball_count_change'====== Args={'balls': 0, 'change': 1}
2022-08-22 17:35:37,608 : INFO : BallController : Found a new ball which was captured from playfield. Known balls: 1
2022-08-22 17:35:37,608 : INFO : EventManager : Event: ======'found_new_ball'====== Args={}
2022-08-22 17:35:37,608 : INFO : EventManager : Event: ======'balldevice_bd_drain_ball_enter'====== Args={'new_balls': 1, 'unclaimed_balls': 1, 'new_available_balls': 1, 'device': <ball_device.bd_drain>}
2022-08-22 17:35:37,609 : INFO : EventManager : Event: ======'ball_drain'====== Args={'device': <ball_device.bd_drain>, 'balls': 1}
2022-08-22 17:35:37,610 : INFO : EventManager : Event: ======'balldevice_balls_available'====== Args={}
2022-08-22 17:35:37,610 : INFO : EventManager : Event: ======'balldevice_bd_drain_ball_entered'====== Args={'new_balls': 1, 'device': <ball_device.bd_drain>}
2022-08-22 17:35:40,183 : INFO : EventManager : Event: ======'slide_edensaw_slide_removed'====== Args={'_from_bcp': True}
2022-08-22 17:35:40,189 : INFO : EventManager : Event: ======'slide_edensaw_slide_created'====== Args={'_from_bcp': True}
2022-08-22 17:35:40,190 : INFO : EventManager : Event: ======'slide_edensaw_slide_active'====== Args={'_from_bcp': True}
2022-08-22 17:35:43,200 : INFO : EventManager : Event: ======'slide_glass_slide_removed'====== Args={'_from_bcp': True}
2022-08-22 17:35:43,203 : INFO : EventManager : Event: ======'slide_glass_slide_created'====== Args={'_from_bcp': True}
2022-08-22 17:35:43,204 : INFO : EventManager : Event: ======'slide_glass_slide_active'====== Args={'_from_bcp': True}
2022-08-22 17:35:46,200 : INFO : EventManager : Event: ======'slide_glass_slide_removed'====== Args={'_from_bcp': True}
2022-08-22 17:35:46,203 : INFO : EventManager : Event: ======'slide_glass_slide_created'====== Args={'_from_bcp': True}
2022-08-22 17:35:46,204 : INFO : EventManager : Event: ======'slide_glass_slide_active'====== Args={'_from_bcp': True}
2022-08-22 17:35:49,190 : INFO : EventManager : Event: ======'slide_fast_slide_removed'====== Args={'_from_bcp': True}
2022-08-22 17:35:49,200 : INFO : EventManager : Event: ======'slide_fast_slide_created'====== Args={'_from_bcp': True}
2022-08-22 17:35:49,200 : INFO : EventManager : Event: ======'slide_fast_slide_active'====== Args={'_from_bcp': True}
2022-08-22 17:36:04,194 : INFO : EventManager : Event: ======'slide_show_13.slide_player-0_removed'====== Args={'_from_bcp': True}
2022-08-22 17:36:04,197 : INFO : EventManager : Event: ======'slide_show_13.slide_player-0_created'====== Args={'_from_bcp': True}
2022-08-22 17:36:04,214 : INFO : EventManager : Event: ======'slide_show_13.slide_player-0_active'====== Args={'_from_bcp': True}
2022-08-22 17:36:07,192 : INFO : EventManager : Event: ======'slide_last_game_score_slide_removed'====== Args={'_from_bcp': True}
2022-08-22 17:36:07,205 : INFO : EventManager : Event: ======'slide_last_game_score_slide_created'====== Args={'_from_bcp': True}
2022-08-22 17:36:07,212 : INFO : EventManager : Event: ======'slide_last_game_score_slide_active'====== Args={'_from_bcp': True}
2022-08-22 17:36:10,183 : INFO : EventManager : Event: ======'slide_press_start_removed'====== Args={'_from_bcp': True}
2022-08-22 17:36:10,191 : INFO : EventManager : Event: ======'slide_press_start_created'====== Args={'_from_bcp': True}
2022-08-22 17:36:10,197 : INFO : EventManager : Event: ======'slide_press_start_active'====== Args={'_from_bcp': True}
2022-08-22 17:36:10,747 : INFO : Machine : Shutting down...
2022-08-22 17:36:10,747 : INFO : EventManager : Event: ======'shutdown'====== Args={}
2022-08-22 17:36:10,777 : WARNING : FAST : Port RGB received more messages than were sent! Resetting!
2022-08-22 17:36:10,777 : WARNING : FAST : Received unknown serial command? BX:P from RGB.
2022-08-22 17:36:10,777 : WARNING : FAST : Port NET received more messages than were sent! Resetting!
2022-08-22 17:36:10,857 : ERROR : FAST : Stop called on serial connection com7
2022-08-22 17:36:10,857 : ERROR : FAST : Stop called on serial connection com8
2022-08-22 17:36:11,077 : INFO : root : MPF run loop ended.
