2022-08-21 20:01:08,873 : INFO : root : Loading config.
2022-08-21 20:01:09,408 : INFO : ConfigProcessor : Config spec file cache created: C:\Users\Brendan\AppData\Local\Temp\config_spec.mpf_cache
2022-08-21 20:01:09,408 : INFO : YamlMultifileConfigLoader : Machine config file #1: config.yaml
2022-08-21 20:01:09,409 : INFO : ConfigProcessor : Loading config from cache: C:\Users\Brendan\AppData\Local\Temp\bccefe987bb586eace29905fa80cab57.mpf_cache
2022-08-21 20:01:09,467 : INFO : ConfigProcessor : Loading config from cache: C:\Users\Brendan\AppData\Local\Temp\467e7647689d29fad6adf949e1f4d51d.mpf_cache
2022-08-21 20:01:09,467 : INFO : ConfigProcessor : Loading config from cache: C:\Users\Brendan\AppData\Local\Temp\5550e037aa776b42b91b29b40b356c70.mpf_cache
2022-08-21 20:01:09,468 : INFO : ConfigProcessor : Loading config from cache: C:\Users\Brendan\AppData\Local\Temp\15e0c601392b30c3d9ba3ead8131edb5.mpf_cache
2022-08-21 20:01:09,469 : INFO : ConfigProcessor : Loading config from cache: C:\Users\Brendan\AppData\Local\Temp\0bf50917c4ef15ab65ee13d6c14e7d7c.mpf_cache
2022-08-21 20:01:09,470 : INFO : ConfigProcessor : Loading config from cache: C:\Users\Brendan\AppData\Local\Temp\bc7da7b13b2754e080c2afa0678ac274.mpf_cache
2022-08-21 20:01:09,470 : INFO : ConfigProcessor : Loading config from cache: C:\Users\Brendan\AppData\Local\Temp\bbd59d0bb6602ee0c5a89d6f85e6dd42.mpf_cache
2022-08-21 20:01:09,471 : INFO : ConfigProcessor : Loading config from cache: C:\Users\Brendan\AppData\Local\Temp\5526c78976fee311c3d05505d75f653d.mpf_cache
2022-08-21 20:01:09,472 : INFO : ConfigProcessor : Loading config from cache: C:\Users\Brendan\AppData\Local\Temp\6e95138ae5415fc76b53ebf8fa245fb5.mpf_cache
2022-08-21 20:01:09,473 : INFO : ConfigProcessor : Loading config from cache: C:\Users\Brendan\AppData\Local\Temp\1ec1c4dffb383758956493783a9ed391.mpf_cache
2022-08-21 20:01:09,473 : INFO : ConfigProcessor : Loading config from cache: C:\Users\Brendan\AppData\Local\Temp\f2aee92728c8017b77c710c804dd7f5a.mpf_cache
2022-08-21 20:01:09,475 : INFO : ConfigProcessor : Loading config from cache: C:\Users\Brendan\AppData\Local\Temp\88f57fa1305e9dc100972ec9f84d57fe.mpf_cache
2022-08-21 20:01:09,475 : INFO : ConfigProcessor : Loading config from cache: C:\Users\Brendan\AppData\Local\Temp\6e00a9d794d4c3f43a0fc48da04dac60.mpf_cache
2022-08-21 20:01:09,476 : INFO : ConfigProcessor : Loading config from cache: C:\Users\Brendan\AppData\Local\Temp\05ef98219fc733c3bcab58726c4b37ef.mpf_cache
2022-08-21 20:01:09,477 : INFO : ConfigProcessor : Loading config from cache: C:\Users\Brendan\AppData\Local\Temp\c22d657a5a7bb60632c2be2c735e073b.mpf_cache
2022-08-21 20:01:09,478 : INFO : ConfigProcessor : Loading config from cache: C:\Users\Brendan\AppData\Local\Temp\f7d4f5eb9425fe84d2e83a363afd4bdf.mpf_cache
2022-08-21 20:01:09,479 : INFO : ConfigProcessor : Loading config from cache: C:\Users\Brendan\AppData\Local\Temp\125f51d329f930ea7bff10973551cc26.mpf_cache
2022-08-21 20:01:09,479 : INFO : ConfigProcessor : Loading config from cache: C:\Users\Brendan\AppData\Local\Temp\08e18dfdf4e02cd29cc0cc52be2faaf4.mpf_cache
2022-08-21 20:01:09,480 : INFO : ConfigProcessor : Loading config from cache: C:\Users\Brendan\AppData\Local\Temp\f042f5bf6362b9e04d43b40b93a92057.mpf_cache
2022-08-21 20:01:09,481 : INFO : ConfigProcessor : Loading config from cache: C:\Users\Brendan\AppData\Local\Temp\60badac06cd62deb71f25fac24b103c2.mpf_cache
2022-08-21 20:01:09,481 : INFO : ConfigProcessor : Loading config from cache: C:\Users\Brendan\AppData\Local\Temp\a3ad1aeb679a0686901de8a6ffe784f0.mpf_cache
2022-08-21 20:01:09,482 : WARNING : ConfigProcessor : Config file in cache changed: C:\Baby_pacman_code\machine\modes\playfield_multiplier\config\playfield_multiplier.yaml
2022-08-21 20:01:09,482 : INFO : ConfigProcessor : Loading config from file C:\Baby_pacman_code\machine\modes\playfield_multiplier\config\playfield_multiplier.yaml.
2022-08-21 20:01:09,496 : INFO : ConfigProcessor : Loading config: C:\Baby_pacman_code\machine\modes\playfield_multiplier\config\playfield_multiplier.yaml
2022-08-21 20:01:09,497 : INFO : ConfigProcessor : Config file cache created: C:\Users\Brendan\AppData\Local\Temp\d7856287e4ec48fb5adaa65e5f7b2848.mpf_cache
2022-08-21 20:01:09,498 : INFO : ConfigProcessor : Loading config from cache: C:\Users\Brendan\AppData\Local\Temp\4849f32e60febd99d83791f2417d9a0f.mpf_cache
2022-08-21 20:01:09,498 : INFO : ConfigProcessor : Loading config from cache: C:\Users\Brendan\AppData\Local\Temp\942a9c8af084c06606ececc74db0a30f.mpf_cache
2022-08-21 20:01:09,499 : INFO : ConfigProcessor : Loading config from cache: C:\Users\Brendan\AppData\Local\Temp\d3a5f9b6ba13782c30d3f4f7e40a9dcf.mpf_cache
2022-08-21 20:01:09,500 : INFO : ConfigProcessor : Loading config from cache: C:\Users\Brendan\AppData\Local\Temp\bb2305c107159ac261738ee6fa5177f9.mpf_cache
2022-08-21 20:01:09,501 : INFO : ConfigProcessor : Loading config from cache: C:\Users\Brendan\AppData\Local\Temp\5e8fe62f7d4a280c75af4e016e79234a.mpf_cache
2022-08-21 20:01:09,501 : INFO : ConfigProcessor : Loading config from cache: C:\Users\Brendan\AppData\Local\Temp\7934ad8984867b043b25c8f1f16418da.mpf_cache
2022-08-21 20:01:09,502 : INFO : ConfigProcessor : Loading config from cache: C:\Users\Brendan\AppData\Local\Temp\201f4c0a0d10e05df2979372d05b639d.mpf_cache
2022-08-21 20:01:09,502 : INFO : ConfigProcessor : Loading config from cache: C:\Users\Brendan\AppData\Local\Temp\29084e75e573608c6a2e9d91f8c2e516.mpf_cache
2022-08-21 20:01:09,503 : INFO : ConfigProcessor : Loading config from cache: C:\Users\Brendan\AppData\Local\Temp\c1a52d9ec6beffcf3a0c74172f4f1789.mpf_cache
2022-08-21 20:01:09,504 : INFO : ConfigProcessor : Loading config from cache: C:\Users\Brendan\AppData\Local\Temp\1a7cfdccecce53cd51775700aa921808.mpf_cache
2022-08-21 20:01:09,505 : INFO : ConfigProcessor : Loading config from cache: C:\Users\Brendan\AppData\Local\Temp\bbeb6a5751b9d2029aa6e8633936e040.mpf_cache
2022-08-21 20:01:09,505 : INFO : ConfigProcessor : Loading config from cache: C:\Users\Brendan\AppData\Local\Temp\396defae609afab4d6d7399595fd494b.mpf_cache
2022-08-21 20:01:09,506 : INFO : ConfigProcessor : Loading config from cache: C:\Users\Brendan\AppData\Local\Temp\df5b128cf73808572dcd58af6b99a12a.mpf_cache
2022-08-21 20:01:09,507 : INFO : ConfigProcessor : Loading config from cache: C:\Users\Brendan\AppData\Local\Temp\b16abd66a20b52f76df13eb007a93cde.mpf_cache
2022-08-21 20:01:09,507 : INFO : ConfigProcessor : Loading config from cache: C:\Users\Brendan\AppData\Local\Temp\09ddf149c2750d0dc18124afb4ec1692.mpf_cache
2022-08-21 20:01:09,508 : INFO : ConfigProcessor : Loading config from cache: C:\Users\Brendan\AppData\Local\Temp\dc261f740d4fb0b58874215bc05837b4.mpf_cache
2022-08-21 20:01:09,508 : INFO : ConfigProcessor : Loading config from cache: C:\Users\Brendan\AppData\Local\Temp\fd5b67850c190931870595f7ba331325.mpf_cache
2022-08-21 20:01:09,509 : INFO : ConfigProcessor : Loading config from cache: C:\Users\Brendan\AppData\Local\Temp\7fa0bf6f8a3d06d96f9daba2d24e8451.mpf_cache
2022-08-21 20:01:09,509 : INFO : ConfigProcessor : Loading config from cache: C:\Users\Brendan\AppData\Local\Temp\17652c03725ec0d5dc66b35abdc504c5.mpf_cache
2022-08-21 20:01:09,510 : INFO : ConfigProcessor : Loading config from cache: C:\Users\Brendan\AppData\Local\Temp\f6549f0a1a12987384ccc86b9df17004.mpf_cache
2022-08-21 20:01:09,510 : INFO : ConfigProcessor : Loading config from cache: C:\Users\Brendan\AppData\Local\Temp\d416d6f9f35dec068a811f18f969a8db.mpf_cache
2022-08-21 20:01:09,512 : INFO : ConfigProcessor : Loading config from cache: C:\Users\Brendan\AppData\Local\Temp\2cbb22f93ff96ef242a9a2d7465f7b14.mpf_cache
2022-08-21 20:01:09,513 : INFO : ConfigProcessor : Loading config from cache: C:\Users\Brendan\AppData\Local\Temp\5b43fbcb021f3ce97d73fdb8a470eae4.mpf_cache
2022-08-21 20:01:09,513 : INFO : ConfigProcessor : Loading config from cache: C:\Users\Brendan\AppData\Local\Temp\6d994d077edad00fe01353c1bfbf6638.mpf_cache
2022-08-21 20:01:09,514 : INFO : ConfigProcessor : Loading config from cache: C:\Users\Brendan\AppData\Local\Temp\df6e37541f81fc1a6e02dbcf98e0d10b.mpf_cache
2022-08-21 20:01:09,514 : INFO : ConfigProcessor : Loading config from cache: C:\Users\Brendan\AppData\Local\Temp\c5e911b563ca93c8e10ce7743f92e657.mpf_cache
2022-08-21 20:01:09,515 : INFO : ConfigProcessor : Loading config from cache: C:\Users\Brendan\AppData\Local\Temp\99ecafb2993dab1e69369c4f69529b6f.mpf_cache
2022-08-21 20:01:09,515 : INFO : ConfigProcessor : Loading config from cache: C:\Users\Brendan\AppData\Local\Temp\57f2f8973b8bd58edd1d215976151c60.mpf_cache
2022-08-21 20:01:09,516 : INFO : ConfigProcessor : Loading config from cache: C:\Users\Brendan\AppData\Local\Temp\19f702536b27ff66106645e85afb027e.mpf_cache
2022-08-21 20:01:09,517 : INFO : ConfigProcessor : Loading config from cache: C:\Users\Brendan\AppData\Local\Temp\c17101e4486856bd6430e66412997ee7.mpf_cache
2022-08-21 20:01:09,518 : INFO : ConfigProcessor : Loading config from cache: C:\Users\Brendan\AppData\Local\Temp\c5b3b18e965344eb40bdf988f6d052aa.mpf_cache
2022-08-21 20:01:09,519 : INFO : Machine : Mission Pinball Framework Core Engine v0.55.0
2022-08-21 20:01:09,519 : INFO : Machine : Command line arguments: {'no_load_cache': False, 'create_config_cache': True, 'bcp': True, 'configfile': ['config.yaml'], 'force_assets_load': False, 'jsonlogging': False, 'logfile': 'logs\\2022-08-21-20-01-08-mpf-Pinball-PC.log', 'pause': False, 'production': False, 'text_ui': True, 'loglevel': 15, 'consoleloglevel': 20, 'force_platform': None, 'syslog_address': None, 'mc_file_name': None, 'no_sound': False}
2022-08-21 20:01:09,520 : INFO : Machine : MPF path: c:\users\brendan\appdata\local\programs\python\python37\lib\site-packages\mpf
2022-08-21 20:01:09,520 : INFO : Machine : Machine path: C:\Baby_pacman_code\machine
2022-08-21 20:01:09,520 : INFO : Machine : Platform: win32
2022-08-21 20:01:09,520 : INFO : Machine : Python executable location: c:\users\brendan\appdata\local\programs\python\python37\python.exe
2022-08-21 20:01:09,520 : INFO : Machine : Python version: 3.7.8 (64-bit)
2022-08-21 20:01:09,521 : INFO : Machine : Initialise MPF.
2022-08-21 20:01:09,673 : INFO : FAST : Connecting to com7 at 921600bps
2022-08-21 20:01:09,706 : INFO : FAST : Connected! Processor: NET, Board Type: FP-CPU-002-2, Firmware: 01.05
2022-08-21 20:01:09,706 : INFO : EventManager : Event: ======'machine_var_fast_net_firmware'====== Args={'value': '01.05', 'prev_value': None, 'change': True}
2022-08-21 20:01:09,706 : INFO : EventManager : Event: ======'machine_var_fast_net_model'====== Args={'value': 'FP-CPU-002-2', 'prev_value': None, 'change': True}
2022-08-21 20:01:12,062 : WARNING : FAST : Got unexpected message from FAST: -N:06
2022-08-21 20:01:12,062 : WARNING : FAST : Got unexpected message from FAST: -N:13
2022-08-21 20:01:12,105 : INFO : FAST : Connecting to com8 at 921600bps
2022-08-21 20:01:12,153 : INFO : FAST : Connected! Processor: RGB, Board Type: FP-CPU-002-2, Firmware: 01.00
2022-08-21 20:01:12,153 : INFO : EventManager : Event: ======'machine_var_fast_rgb_firmware'====== Args={'value': '01.00', 'prev_value': None, 'change': True}
2022-08-21 20:01:12,153 : INFO : EventManager : Event: ======'machine_var_fast_rgb_model'====== Args={'value': 'FP-CPU-002-2', 'prev_value': None, 'change': True}
2022-08-21 20:01:12,154 : INFO : EventManager : Event: ======'machine_var_credits_string'====== Args={'value': 'FREE PLAY', 'prev_value': None, 'change': True}
2022-08-21 20:01:12,223 : INFO : EventManager : Event: ======'machine_var_master_volume'====== Args={'value': 0.5, 'prev_value': None, 'change': True}
2022-08-21 20:01:12,223 : INFO : EventManager : Event: ======'machine_var_player1_score'====== Args={'value': 92560, 'prev_value': None, 'change': True}
2022-08-21 20:01:12,223 : INFO : EventManager : Event: ======'machine_var_player2_score'====== Args={'value': 0, 'prev_value': None, 'change': True}
2022-08-21 20:01:12,223 : INFO : EventManager : Event: ======'machine_var_mpf_version'====== Args={'value': 'MPF v0.55.0', 'prev_value': None, 'change': True}
2022-08-21 20:01:12,223 : INFO : EventManager : Event: ======'machine_var_mpf_extended_version'====== Args={'value': 'MPF v0.55.0, Config version:5, Show version: 5, BCP version:1.1', 'prev_value': None, 'change': True}
2022-08-21 20:01:12,223 : INFO : EventManager : Event: ======'machine_var_python_version'====== Args={'value': '3.7.8', 'prev_value': None, 'change': True}
2022-08-21 20:01:12,224 : INFO : EventManager : Event: ======'machine_var_platform'====== Args={'value': 'Windows-7-6.1.7601-SP1', 'prev_value': None, 'change': True}
2022-08-21 20:01:12,224 : INFO : EventManager : Event: ======'machine_var_platform_system'====== Args={'value': 'Windows', 'prev_value': None, 'change': True}
2022-08-21 20:01:12,224 : INFO : EventManager : Event: ======'machine_var_platform_release'====== Args={'value': '7', 'prev_value': None, 'change': True}
2022-08-21 20:01:12,224 : INFO : EventManager : Event: ======'machine_var_platform_version'====== Args={'value': '6.1.7601', 'prev_value': None, 'change': True}
2022-08-21 20:01:12,224 : INFO : EventManager : Event: ======'machine_var_platform_machine'====== Args={'value': 'AMD64', 'prev_value': None, 'change': True}
2022-08-21 20:01:12,224 : INFO : EventManager : Event: ======'init_phase_1'====== Args={}
2022-08-21 20:01:12,295 : INFO : EventManager : Event: ======'drop_target_bank_main_up'====== Args={}
2022-08-21 20:01:12,308 : INFO : EventManager : Event: ======'init_phase_2'====== Args={}
2022-08-21 20:01:12,309 : INFO : SwitchController : Found active switch: (('06', 1), <Platform.FAST>) <switch.s_right_captive_ball>
2022-08-21 20:01:12,309 : INFO : SwitchController : Found active switch: (('13', 1), <Platform.FAST>) <switch.s_drain>
2022-08-21 20:01:12,351 : INFO : EventManager : Event: ======'bcp_connection_attempt'====== Args={'name': 'local_display', 'host': 'localhost', 'port': 5050}
2022-08-21 20:01:12,352 : INFO : BCPClientSocket : Connecting BCP to 'local_display' at localhost:5050...
2022-08-21 20:01:13,357 : WARNING : FAST : Port com7 was blocked for more than 1s. Reseting send queue! If this happens frequently report a bug!
2022-08-21 20:01:14,355 : WARNING : FAST : Port com7 was blocked for more than 1s. Reseting send queue! If this happens frequently report a bug!
2022-08-21 20:01:15,452 : INFO : BCPClientSocket : Connected BCP to 'local_display' localhost:5050
2022-08-21 20:01:15,454 : INFO : EventManager : Event: ======'bcp_clients_connected'====== Args={}
2022-08-21 20:01:15,467 : INFO : ball_device.bd_drain : BCH: Initial count: 1
2022-08-21 20:01:15,468 : INFO : EventManager : Event: ======'machine_var_mc_version'====== Args={'value': 'MPF-MC v0.55.0', 'prev_value': None, 'change': True}
2022-08-21 20:01:15,469 : INFO : EventManager : Event: ======'machine_var_mc_extended_version'====== Args={'value': 'MPF-MC v0.55.0 (config_version=5, BCP v1.1, Requires MPF v0.55.0-dev.49)', 'prev_value': None, 'change': True}
2022-08-21 20:01:15,473 : INFO : ball_device.bd_drain : State: idle
2022-08-21 20:01:15,496 : INFO : ball_device.bd_left_kicker : BCH: Initial count: 0
2022-08-21 20:01:15,496 : INFO : ball_device.bd_left_kicker : State: idle
2022-08-21 20:01:15,497 : INFO : ball_device.bd_right_kicker : BCH: Initial count: 0
2022-08-21 20:01:15,497 : INFO : ball_device.bd_right_kicker : State: idle
2022-08-21 20:01:15,561 : INFO : EventManager : Event: ======'init_phase_3'====== Args={}
2022-08-21 20:01:15,958 : INFO : EventManager : Event: ======'init_phase_4'====== Args={}
2022-08-21 20:01:15,964 : INFO : EventManager : Event: ======'playfield_active'====== Args={}
2022-08-21 20:01:15,964 : INFO : EventManager : Event: ======'unexpected_ball_on_playfield'====== Args={}
2022-08-21 20:01:15,964 : INFO : EventManager : Event: ======'playfield_active'====== Args={}
2022-08-21 20:01:15,965 : INFO : EventManager : Event: ======'unexpected_ball_on_playfield'====== Args={}
2022-08-21 20:01:15,965 : INFO : EventManager : Event: ======'playfield_active'====== Args={}
2022-08-21 20:01:15,965 : INFO : EventManager : Event: ======'unexpected_ball_on_playfield'====== Args={}
2022-08-21 20:01:15,965 : INFO : EventManager : Event: ======'playfield_active'====== Args={}
2022-08-21 20:01:15,965 : INFO : EventManager : Event: ======'unexpected_ball_on_playfield'====== Args={}
2022-08-21 20:01:15,965 : INFO : EventManager : Event: ======'playfield_active'====== Args={}
2022-08-21 20:01:15,965 : INFO : EventManager : Event: ======'unexpected_ball_on_playfield'====== Args={}
2022-08-21 20:01:15,966 : INFO : BallController : Initial balls found: 1
2022-08-21 20:01:15,968 : INFO : EventManager : Event: ======'machine_var_audits_events_game_ended'====== Args={'value': 0, 'prev_value': None, 'change': True}
2022-08-21 20:01:15,968 : INFO : EventManager : Event: ======'machine_var_audits_events_game_started'====== Args={'value': 0, 'prev_value': None, 'change': True}
2022-08-21 20:01:15,968 : INFO : EventManager : Event: ======'machine_var_audits_player_score'====== Args={'value': {'average': 10282935.08532423, 'top': [198719690, 195274570, 161094530, 160419680, 140071820, 132769060, 132262360, 127113160, 121863670, 115954110], 'total': 586}, 'prev_value': None, 'change': True}
2022-08-21 20:01:15,969 : INFO : EventManager : Event: ======'machine_var_audits_shots_center_drop_mission1'====== Args={'value': 522, 'prev_value': None, 'change': True}
2022-08-21 20:01:15,969 : INFO : EventManager : Event: ======'machine_var_audits_shots_center_target'====== Args={'value': 120, 'prev_value': None, 'change': True}
2022-08-21 20:01:15,970 : INFO : EventManager : Event: ======'machine_var_audits_shots_drop_target1_mission2'====== Args={'value': 221, 'prev_value': None, 'change': True}
2022-08-21 20:01:15,970 : INFO : EventManager : Event: ======'machine_var_audits_shots_drop_target2_mission2'====== Args={'value': 256, 'prev_value': None, 'change': True}
2022-08-21 20:01:15,970 : INFO : EventManager : Event: ======'machine_var_audits_shots_drop_target3_mission2'====== Args={'value': 299, 'prev_value': None, 'change': True}
2022-08-21 20:01:15,971 : INFO : EventManager : Event: ======'machine_var_audits_shots_drop_target4_mission2'====== Args={'value': 265, 'prev_value': None, 'change': True}
2022-08-21 20:01:15,971 : INFO : EventManager : Event: ======'machine_var_audits_shots_drop_target5_mission2'====== Args={'value': 227, 'prev_value': None, 'change': True}
2022-08-21 20:01:15,971 : INFO : EventManager : Event: ======'machine_var_audits_shots_drop_targets_mission3'====== Args={'value': 1462, 'prev_value': None, 'change': True}
2022-08-21 20:01:15,972 : INFO : EventManager : Event: ======'machine_var_audits_shots_galaxy_advance'====== Args={'value': 2127, 'prev_value': None, 'change': True}
2022-08-21 20:01:15,972 : INFO : EventManager : Event: ======'machine_var_audits_shots_l_lane'====== Args={'value': 608, 'prev_value': None, 'change': True}
2022-08-21 20:01:15,972 : INFO : EventManager : Event: ======'machine_var_audits_shots_left_kicker_mission2'====== Args={'value': 160, 'prev_value': None, 'change': True}
2022-08-21 20:01:15,973 : INFO : EventManager : Event: ======'machine_var_audits_shots_left_kicker_mission4'====== Args={'value': 116, 'prev_value': None, 'change': True}
2022-08-21 20:01:15,973 : INFO : EventManager : Event: ======'machine_var_audits_shots_left_loop_mission1'====== Args={'value': 586, 'prev_value': None, 'change': True}
2022-08-21 20:01:15,973 : INFO : EventManager : Event: ======'machine_var_audits_shots_left_loop_mission2'====== Args={'value': 258, 'prev_value': None, 'change': True}
2022-08-21 20:01:15,974 : INFO : EventManager : Event: ======'machine_var_audits_shots_left_loop_mission4'====== Args={'value': 382, 'prev_value': None, 'change': True}
2022-08-21 20:01:15,974 : INFO : EventManager : Event: ======'machine_var_audits_shots_portal_advance'====== Args={'value': 4570, 'prev_value': None, 'change': True}
2022-08-21 20:01:15,975 : INFO : EventManager : Event: ======'machine_var_audits_shots_r_lane'====== Args={'value': 537, 'prev_value': None, 'change': True}
2022-08-21 20:01:15,975 : INFO : EventManager : Event: ======'machine_var_audits_shots_right_kicker_mission2'====== Args={'value': 134, 'prev_value': None, 'change': True}
2022-08-21 20:01:15,976 : INFO : EventManager : Event: ======'machine_var_audits_shots_right_kicker_mission4'====== Args={'value': 135, 'prev_value': None, 'change': True}
2022-08-21 20:01:15,976 : INFO : EventManager : Event: ======'machine_var_audits_shots_right_loop_mission1'====== Args={'value': 675, 'prev_value': None, 'change': True}
2022-08-21 20:01:15,976 : INFO : EventManager : Event: ======'machine_var_audits_shots_right_loop_mission2'====== Args={'value': 303, 'prev_value': None, 'change': True}
2022-08-21 20:01:15,977 : INFO : EventManager : Event: ======'machine_var_audits_shots_right_loop_mission4'====== Args={'value': 430, 'prev_value': None, 'change': True}
2022-08-21 20:01:15,977 : INFO : EventManager : Event: ======'machine_var_audits_shots_warp_advance'====== Args={'value': 1094, 'prev_value': None, 'change': True}
2022-08-21 20:01:15,978 : INFO : EventManager : Event: ======'machine_var_audits_switches_s_action_button'====== Args={'value': 3957, 'prev_value': None, 'change': True}
2022-08-21 20:01:15,978 : INFO : EventManager : Event: ======'machine_var_audits_switches_s_drain'====== Args={'value': 2723, 'prev_value': None, 'change': True}
2022-08-21 20:01:15,978 : INFO : EventManager : Event: ======'machine_var_audits_switches_s_drop_target1'====== Args={'value': 1838, 'prev_value': None, 'change': True}
2022-08-21 20:01:15,979 : INFO : EventManager : Event: ======'machine_var_audits_switches_s_drop_target2'====== Args={'value': 2144, 'prev_value': None, 'change': True}
2022-08-21 20:01:15,979 : INFO : EventManager : Event: ======'machine_var_audits_switches_s_drop_target3'====== Args={'value': 2565, 'prev_value': None, 'change': True}
2022-08-21 20:01:15,980 : INFO : EventManager : Event: ======'machine_var_audits_switches_s_drop_target4'====== Args={'value': 2050, 'prev_value': None, 'change': True}
2022-08-21 20:01:15,980 : INFO : EventManager : Event: ======'machine_var_audits_switches_s_drop_target5'====== Args={'value': 1939, 'prev_value': None, 'change': True}
2022-08-21 20:01:15,980 : INFO : EventManager : Event: ======'machine_var_audits_switches_s_left_captive_ball'====== Args={'value': 473, 'prev_value': None, 'change': True}
2022-08-21 20:01:15,981 : INFO : EventManager : Event: ======'machine_var_audits_switches_s_left_flipper'====== Args={'value': 34273, 'prev_value': None, 'change': True}
2022-08-21 20:01:15,981 : INFO : EventManager : Event: ======'machine_var_audits_switches_s_left_inlane'====== Args={'value': 608, 'prev_value': None, 'change': True}
2022-08-21 20:01:15,982 : INFO : EventManager : Event: ======'machine_var_audits_switches_s_left_inlane_far'====== Args={'value': 3976, 'prev_value': None, 'change': True}
2022-08-21 20:01:15,982 : INFO : EventManager : Event: ======'machine_var_audits_switches_s_left_kicker'====== Args={'value': 1531, 'prev_value': None, 'change': True}
2022-08-21 20:01:15,983 : INFO : EventManager : Event: ======'machine_var_audits_switches_s_left_sling'====== Args={'value': 6826, 'prev_value': None, 'change': True}
2022-08-21 20:01:15,983 : INFO : EventManager : Event: ======'machine_var_audits_switches_s_left_spinner'====== Args={'value': 20086, 'prev_value': None, 'change': True}
2022-08-21 20:01:15,984 : INFO : EventManager : Event: ======'machine_var_audits_switches_s_right_captive_ball'====== Args={'value': 498, 'prev_value': None, 'change': True}
2022-08-21 20:01:15,984 : INFO : EventManager : Event: ======'machine_var_audits_switches_s_right_flipper'====== Args={'value': 31698, 'prev_value': None, 'change': True}
2022-08-21 20:01:15,985 : INFO : EventManager : Event: ======'machine_var_audits_switches_s_right_inlane'====== Args={'value': 537, 'prev_value': None, 'change': True}
2022-08-21 20:01:15,985 : INFO : EventManager : Event: ======'machine_var_audits_switches_s_right_inlane_far'====== Args={'value': 6152, 'prev_value': None, 'change': True}
2022-08-21 20:01:15,986 : INFO : EventManager : Event: ======'machine_var_audits_switches_s_right_kicker'====== Args={'value': 1698, 'prev_value': None, 'change': True}
2022-08-21 20:01:15,986 : INFO : EventManager : Event: ======'machine_var_audits_switches_s_right_sling'====== Args={'value': 14088, 'prev_value': None, 'change': True}
2022-08-21 20:01:15,987 : INFO : EventManager : Event: ======'machine_var_audits_switches_s_right_spinner'====== Args={'value': 16231, 'prev_value': None, 'change': True}
2022-08-21 20:01:15,987 : INFO : EventManager : Event: ======'machine_var_audits_switches_s_start'====== Args={'value': 405, 'prev_value': None, 'change': True}
2022-08-21 20:01:15,988 : INFO : EventManager : Event: ======'init_phase_5'====== Args={}
2022-08-21 20:01:15,993 : INFO : EventManager : Event: ======'init_done'====== Args={}
2022-08-21 20:01:15,993 : WARNING : FAST : Port NET received more messages than were sent! Resetting!
2022-08-21 20:01:15,993 : WARNING : FAST : Port NET received more messages than were sent! Resetting!
2022-08-21 20:01:15,993 : WARNING : FAST : Port NET received more messages than were sent! Resetting!
2022-08-21 20:01:15,993 : WARNING : FAST : Port NET received more messages than were sent! Resetting!
2022-08-21 20:01:15,993 : WARNING : FAST : Port NET received more messages than were sent! Resetting!
2022-08-21 20:01:15,993 : WARNING : FAST : Port NET received more messages than were sent! Resetting!
2022-08-21 20:01:15,993 : WARNING : FAST : Port NET received more messages than were sent! Resetting!
2022-08-21 20:01:15,993 : WARNING : FAST : Port NET received more messages than were sent! Resetting!
2022-08-21 20:01:15,994 : WARNING : FAST : Port NET received more messages than were sent! Resetting!
2022-08-21 20:01:15,994 : WARNING : FAST : Port NET received more messages than were sent! Resetting!
2022-08-21 20:01:15,994 : WARNING : FAST : Port NET received more messages than were sent! Resetting!
2022-08-21 20:01:15,994 : WARNING : FAST : Port NET received more messages than were sent! Resetting!
2022-08-21 20:01:15,994 : WARNING : FAST : Port NET received more messages than were sent! Resetting!
2022-08-21 20:01:15,994 : WARNING : FAST : Port NET received more messages than were sent! Resetting!
2022-08-21 20:01:15,994 : WARNING : FAST : Port NET received more messages than were sent! Resetting!
2022-08-21 20:01:15,994 : WARNING : FAST : Port NET received more messages than were sent! Resetting!
2022-08-21 20:01:15,994 : WARNING : FAST : Port NET received more messages than were sent! Resetting!
2022-08-21 20:01:15,994 : WARNING : FAST : Port NET received more messages than were sent! Resetting!
2022-08-21 20:01:15,994 : WARNING : FAST : Port NET received more messages than were sent! Resetting!
2022-08-21 20:01:15,994 : WARNING : FAST : Port NET received more messages than were sent! Resetting!
2022-08-21 20:01:15,994 : WARNING : FAST : Port NET received more messages than were sent! Resetting!
2022-08-21 20:01:15,995 : WARNING : FAST : Port NET received more messages than were sent! Resetting!
2022-08-21 20:01:15,995 : INFO : EventManager : Event: ======'machine_reset_phase_1'====== Args={}
2022-08-21 20:01:16,002 : INFO : EventManager : Event: ======'machine_reset_phase_2'====== Args={}
2022-08-21 20:01:16,003 : INFO : EventManager : Event: ======'machine_reset_phase_3'====== Args={}
2022-08-21 20:01:16,003 : INFO : EventManager : Event: ======'reset_complete'====== Args={}
2022-08-21 20:01:16,003 : INFO : EventManager : Event: ======'mode_attract_will_start'====== Args={}
2022-08-21 20:01:16,004 : INFO : EventManager : Event: ======'mode_attract_starting'====== Args={}
2022-08-21 20:01:16,004 : INFO : Mode.attract : Started. Priority: 10
2022-08-21 20:01:16,004 : INFO : EventManager : Event: ======'modes_active_modes_changed'====== Args={}
2022-08-21 20:01:16,004 : INFO : EventManager : Event: ======'mode_attract_started'====== Args={}
2022-08-21 20:01:16,007 : INFO : EventManager : Event: ======'collecting_balls_complete'====== Args={}
2022-08-21 20:01:16,025 : INFO : EventManager : Event: ======'slide_show_13.slide_player-0_created'====== Args={'_from_bcp': True}
2022-08-21 20:01:16,025 : INFO : EventManager : Event: ======'slide_show_13.slide_player-0_active'====== Args={'_from_bcp': True}
2022-08-21 20:01:16,026 : INFO : Machine : Starting the main run loop.
2022-08-21 20:01:17,786 : INFO : SwitchController : <<<<<<< 's_start' active >>>>>>>
2022-08-21 20:01:17,882 : INFO : SwitchController : <<<<<<< 's_start' inactive >>>>>>>
2022-08-21 20:01:17,882 : INFO : EventManager : Event: ======'request_to_start_game'====== Args={}
2022-08-21 20:01:17,883 : INFO : EventManager : Event: ======'game_start'====== Args={'buttons': [], 'hold_time': 0.1099999999969441}
2022-08-21 20:01:17,883 : INFO : EventManager : Event: ======'mode_game_will_start'====== Args={'buttons': [], 'hold_time': 0.1099999999969441}
2022-08-21 20:01:17,884 : INFO : EventManager : Event: ======'mode_game_starting'====== Args={'buttons': [], 'hold_time': 0.1099999999969441}
2022-08-21 20:01:17,885 : INFO : EventManager : Event: ======'mode_attract_will_stop'====== Args={}
2022-08-21 20:01:17,885 : INFO : EventManager : Event: ======'mode_attract_stopping'====== Args={}
2022-08-21 20:01:17,885 : INFO : Mode.attract : Stopped.
2022-08-21 20:01:17,885 : INFO : EventManager : Event: ======'modes_active_modes_changed'====== Args={}
2022-08-21 20:01:17,889 : INFO : EventManager : Event: ======'mode_attract_stopped'====== Args={}
2022-08-21 20:01:17,889 : INFO : EventManager : Event: ======'clear'====== Args={'key': 'attract'}
2022-08-21 20:01:17,890 : INFO : Mode.game : Started. Priority: 20
2022-08-21 20:01:17,890 : INFO : EventManager : Event: ======'modes_active_modes_changed'====== Args={}
2022-08-21 20:01:17,890 : INFO : EventManager : Event: ======'mode_game_started'====== Args={'buttons': [], 'hold_time': 0.1099999999969441}
2022-08-21 20:01:17,900 : INFO : EventManager : Event: ======'game_will_start'====== Args={}
2022-08-21 20:01:17,901 : INFO : EventManager : Event: ======'slide_show_13.slide_player-0_removed'====== Args={'_from_bcp': True}
2022-08-21 20:01:17,901 : INFO : EventManager : Event: ======'slide_window_blank_active'====== Args={'_from_bcp': True}
2022-08-21 20:01:17,902 : INFO : EventManager : Event: ======'game_starting'====== Args={'game': <Mode.game>}
2022-08-21 20:01:17,903 : INFO : EventManager : Event: ======'player_add_request'====== Args={}
2022-08-21 20:01:17,904 : INFO : EventManager : Event: ======'player_will_add'====== Args={'number': 1}
2022-08-21 20:01:17,905 : INFO : EventManager : Event: ======'player_adding'====== Args={'player': <Player 1>, 'number': 1}
2022-08-21 20:01:17,905 : INFO : EventManager : Event: ======'player_added'====== Args={'player': <Player 1>, 'num': 1}
2022-08-21 20:01:17,905 : INFO : Mode.game : Player added successfully. Total players: 1
2022-08-21 20:01:17,906 : INFO : EventManager : Event: ======'player_index'====== Args={'value': 0, 'prev_value': 0, 'change': 0, 'player_num': 1}
2022-08-21 20:01:17,906 : INFO : EventManager : Event: ======'player_number'====== Args={'value': 1, 'prev_value': 1, 'change': 0, 'player_num': 1}
2022-08-21 20:01:17,907 : INFO : EventManager : Event: ======'player_mode_value'====== Args={'value': 1000000, 'prev_value': 1000000, 'change': 0, 'player_num': 1}
2022-08-21 20:01:17,907 : INFO : EventManager : Event: ======'player_bonus_multiplier'====== Args={'value': 1, 'prev_value': 1, 'change': 0, 'player_num': 1}
2022-08-21 20:01:17,908 : INFO : EventManager : Event: ======'player_playfield_multiplier'====== Args={'value': 1, 'prev_value': 1, 'change': 0, 'player_num': 1}
2022-08-21 20:01:17,909 : INFO : EventManager : Event: ======'player_score'====== Args={'value': 0, 'prev_value': 0, 'change': 0, 'player_num': 1}
2022-08-21 20:01:17,910 : INFO : EventManager : Event: ======'game_started'====== Args={}
2022-08-21 20:01:17,951 : INFO : EventManager : Event: ======'player_turn_will_start'====== Args={'player': <Player 1>, 'number': 1}
2022-08-21 20:01:17,953 : INFO : EventManager : Event: ======'player_turn_starting'====== Args={'player': <Player 1>, 'number': 1}
2022-08-21 20:01:17,954 : INFO : EventManager : Event: ======'player_ball'====== Args={'value': 1, 'prev_value': 0, 'change': 1, 'player_num': 1}
2022-08-21 20:01:17,955 : INFO : EventManager : Event: ======'player_turn_started'====== Args={'player': <Player 1>, 'number': 1}
2022-08-21 20:01:17,956 : INFO : EventManager : Event: ======'ball_will_start'====== Args={'player': 1, 'ball': 1, 'balls_remaining': 2, 'is_extra_ball': False}
2022-08-21 20:01:17,963 : INFO : EventManager : Event: ======'ball_starting'====== Args={'player': 1, 'ball': 1, 'balls_remaining': 2, 'is_extra_ball': False}
2022-08-21 20:01:17,964 : INFO : EventManager : Event: ======'balls_in_play'====== Args={'balls': 1}
2022-08-21 20:01:17,964 : INFO : EventManager : Event: ======'ball_started'====== Args={'player': 1, 'ball': 1, 'balls_remaining': 2, 'is_extra_ball': False}
2022-08-21 20:01:17,965 : INFO : EventManager : Event: ======'mode_combos_will_start'====== Args={'player': 1, 'ball': 1, 'balls_remaining': 2, 'is_extra_ball': False}
2022-08-21 20:01:17,973 : INFO : EventManager : Event: ======'mode_combos_starting'====== Args={'player': 1, 'ball': 1, 'balls_remaining': 2, 'is_extra_ball': False}
2022-08-21 20:01:17,973 : INFO : EventManager : Event: ======'mode_base_will_start'====== Args={'player': 1, 'ball': 1, 'balls_remaining': 2, 'is_extra_ball': False}
2022-08-21 20:01:17,974 : INFO : EventManager : Event: ======'player_shot_l_lane_enabled'====== Args={'value': True, 'prev_value': 0, 'change': 1, 'player_num': 1}
2022-08-21 20:01:17,975 : INFO : EventManager : Event: ======'player_shot_r_lane_enabled'====== Args={'value': True, 'prev_value': 0, 'change': 1, 'player_num': 1}
2022-08-21 20:01:17,977 : INFO : EventManager : Event: ======'player_shot_center_target_enabled'====== Args={'value': True, 'prev_value': 0, 'change': 1, 'player_num': 1}
2022-08-21 20:01:17,978 : INFO : EventManager : Event: ======'bonus_lanes_complete'====== Args={'state': 'unlit'}
2022-08-21 20:01:17,978 : INFO : EventManager : Event: ======'bonus_lanes_unlit_complete'====== Args={}
2022-08-21 20:01:17,979 : INFO : EventManager : Event: ======'player_extra_ball_two_modes_complete_num_awarded'====== Args={'value': 0, 'prev_value': 0, 'change': 0, 'player_num': 1}
2022-08-21 20:01:17,980 : INFO : EventManager : Event: ======'achievement_mission1_changed_state'====== Args={'restore': False, 'state': 'disabled', 'selected': False}
2022-08-21 20:01:17,980 : INFO : EventManager : Event: ======'achievement_mission1_state_disabled'====== Args={'restore': False, 'state': 'disabled', 'selected': False}
2022-08-21 20:01:17,981 : INFO : EventManager : Event: ======'achievement_mission2_changed_state'====== Args={'restore': False, 'state': 'disabled', 'selected': False}
2022-08-21 20:01:17,981 : INFO : EventManager : Event: ======'achievement_mission2_state_disabled'====== Args={'restore': False, 'state': 'disabled', 'selected': False}
2022-08-21 20:01:17,981 : INFO : EventManager : Event: ======'achievement_mission3_changed_state'====== Args={'restore': False, 'state': 'disabled', 'selected': False}
2022-08-21 20:01:17,981 : INFO : EventManager : Event: ======'achievement_mission3_state_disabled'====== Args={'restore': False, 'state': 'disabled', 'selected': False}
2022-08-21 20:01:17,982 : INFO : EventManager : Event: ======'achievement_mission4_changed_state'====== Args={'restore': False, 'state': 'disabled', 'selected': False}
2022-08-21 20:01:17,982 : INFO : EventManager : Event: ======'achievement_mission4_state_disabled'====== Args={'restore': False, 'state': 'disabled', 'selected': False}
2022-08-21 20:01:17,997 : INFO : EventManager : Event: ======'mode_base_starting'====== Args={'player': 1, 'ball': 1, 'balls_remaining': 2, 'is_extra_ball': False}
2022-08-21 20:01:17,997 : INFO : EventManager : Event: ======'mode_super_features_will_start'====== Args={'player': 1, 'ball': 1, 'balls_remaining': 2, 'is_extra_ball': False}
2022-08-21 20:01:17,997 : INFO : EventManager : Event: ======'achievement_super_spinners_changed_state'====== Args={'restore': False, 'state': 'disabled', 'selected': False}
2022-08-21 20:01:17,997 : INFO : EventManager : Event: ======'achievement_super_spinners_state_disabled'====== Args={'restore': False, 'state': 'disabled', 'selected': False}
2022-08-21 20:01:17,997 : INFO : EventManager : Event: ======'achievement_super_targets_changed_state'====== Args={'restore': False, 'state': 'disabled', 'selected': False}
2022-08-21 20:01:17,998 : INFO : EventManager : Event: ======'achievement_super_targets_state_disabled'====== Args={'restore': False, 'state': 'disabled', 'selected': False}
2022-08-21 20:01:17,998 : INFO : EventManager : Event: ======'achievement_super_lanes_changed_state'====== Args={'restore': False, 'state': 'disabled', 'selected': False}
2022-08-21 20:01:17,998 : INFO : EventManager : Event: ======'achievement_super_lanes_state_disabled'====== Args={'restore': False, 'state': 'disabled', 'selected': False}
2022-08-21 20:01:17,998 : INFO : EventManager : Event: ======'achievement_super_slings_changed_state'====== Args={'restore': False, 'state': 'disabled', 'selected': False}
2022-08-21 20:01:17,998 : INFO : EventManager : Event: ======'achievement_super_slings_state_disabled'====== Args={'restore': False, 'state': 'disabled', 'selected': False}
2022-08-21 20:01:18,002 : INFO : EventManager : Event: ======'mode_super_features_starting'====== Args={'player': 1, 'ball': 1, 'balls_remaining': 2, 'is_extra_ball': False}
2022-08-21 20:01:18,002 : INFO : drop_target_bank.main : All targets are already up. Will not reset bank.
2022-08-21 20:01:18,004 : INFO : Mode.super_features : Started. Priority: 100
2022-08-21 20:01:18,004 : INFO : EventManager : Event: ======'modes_active_modes_changed'====== Args={}
2022-08-21 20:01:18,004 : INFO : EventManager : Event: ======'mode_super_features_started'====== Args={'player': 1, 'ball': 1, 'balls_remaining': 2, 'is_extra_ball': False}
2022-08-21 20:01:18,004 : INFO : Mode.combos : Started. Priority: 700
2022-08-21 20:01:18,004 : INFO : EventManager : Event: ======'modes_active_modes_changed'====== Args={}
2022-08-21 20:01:18,004 : INFO : EventManager : Event: ======'mode_combos_started'====== Args={'player': 1, 'ball': 1, 'balls_remaining': 2, 'is_extra_ball': False}
2022-08-21 20:01:18,005 : INFO : EventManager : Event: ======'logicblock_mode_completion_counter_updated'====== Args={'value': 0, 'enabled': True}
2022-08-21 20:01:18,005 : INFO : EventManager : Event: ======'logicblock_mode_completion_counter_updated'====== Args={'value': 0, 'enabled': True}
2022-08-21 20:01:18,005 : INFO : Mode.base : Started. Priority: 100
2022-08-21 20:01:18,005 : INFO : EventManager : Event: ======'modes_active_modes_changed'====== Args={}
2022-08-21 20:01:18,005 : INFO : EventManager : Event: ======'mode_base_started'====== Args={'player': 1, 'ball': 1, 'balls_remaining': 2, 'is_extra_ball': False}
2022-08-21 20:01:18,006 : INFO : EventManager : Event: ======'ball_save_base_save_enabled'====== Args={}
2022-08-21 20:01:18,006 : INFO : EventManager : Event: ======'mode_spell_warp_will_start'====== Args={'player': 1, 'ball': 1, 'balls_remaining': 2, 'is_extra_ball': False}
2022-08-21 20:01:18,006 : INFO : EventManager : Event: ======'player_shot_warp_advance_enabled'====== Args={'value': True, 'prev_value': 0, 'change': 1, 'player_num': 1}
2022-08-21 20:01:18,008 : INFO : EventManager : Event: ======'mode_spell_warp_starting'====== Args={'player': 1, 'ball': 1, 'balls_remaining': 2, 'is_extra_ball': False}
2022-08-21 20:01:18,008 : INFO : EventManager : Event: ======'mode_spell_portal_will_start'====== Args={'player': 1, 'ball': 1, 'balls_remaining': 2, 'is_extra_ball': False}
2022-08-21 20:01:18,008 : INFO : EventManager : Event: ======'player_shot_portal_advance_enabled'====== Args={'value': True, 'prev_value': 0, 'change': 1, 'player_num': 1}
2022-08-21 20:01:18,012 : INFO : EventManager : Event: ======'mode_spell_portal_starting'====== Args={'player': 1, 'ball': 1, 'balls_remaining': 2, 'is_extra_ball': False}
2022-08-21 20:01:18,012 : INFO : EventManager : Event: ======'mode_spell_galaxy_will_start'====== Args={'player': 1, 'ball': 1, 'balls_remaining': 2, 'is_extra_ball': False}
2022-08-21 20:01:18,012 : INFO : EventManager : Event: ======'player_shot_galaxy_advance_enabled'====== Args={'value': True, 'prev_value': 0, 'change': 1, 'player_num': 1}
2022-08-21 20:01:18,014 : INFO : EventManager : Event: ======'mode_spell_galaxy_starting'====== Args={'player': 1, 'ball': 1, 'balls_remaining': 2, 'is_extra_ball': False}
2022-08-21 20:01:18,014 : INFO : EventManager : Event: ======'mode_add_mode_value_will_start'====== Args={'player': 1, 'ball': 1, 'balls_remaining': 2, 'is_extra_ball': False}
2022-08-21 20:01:18,015 : INFO : EventManager : Event: ======'mode_add_mode_value_starting'====== Args={'player': 1, 'ball': 1, 'balls_remaining': 2, 'is_extra_ball': False}
2022-08-21 20:01:18,016 : INFO : drop_target_bank.main : All targets are already up. Will not reset bank.
2022-08-21 20:01:18,016 : INFO : Mode.add_mode_value : Started. Priority: 200
2022-08-21 20:01:18,016 : INFO : EventManager : Event: ======'modes_active_modes_changed'====== Args={}
2022-08-21 20:01:18,016 : INFO : EventManager : Event: ======'mode_add_mode_value_started'====== Args={'player': 1, 'ball': 1, 'balls_remaining': 2, 'is_extra_ball': False}
2022-08-21 20:01:18,017 : INFO : EventManager : Event: ======'single_player_ball_started'====== Args={}
2022-08-21 20:01:18,036 : INFO : EventManager : Event: ======'logicblock_warp_counter_updated'====== Args={'value': 0, 'enabled': True}
2022-08-21 20:01:18,037 : INFO : EventManager : Event: ======'logicblock_warp_counter_updated'====== Args={'value': 0, 'enabled': True}
2022-08-21 20:01:18,037 : INFO : Mode.spell_warp : Started. Priority: 200
2022-08-21 20:01:18,037 : INFO : EventManager : Event: ======'modes_active_modes_changed'====== Args={}
2022-08-21 20:01:18,037 : INFO : EventManager : Event: ======'mode_spell_warp_started'====== Args={'player': 1, 'ball': 1, 'balls_remaining': 2, 'is_extra_ball': False}
2022-08-21 20:01:18,037 : INFO : EventManager : Event: ======'logicblock_portal_counter_updated'====== Args={'value': 0, 'enabled': True}
2022-08-21 20:01:18,037 : INFO : EventManager : Event: ======'logicblock_portal_counter_updated'====== Args={'value': 0, 'enabled': True}
2022-08-21 20:01:18,037 : INFO : Mode.spell_portal : Started. Priority: 200
2022-08-21 20:01:18,037 : INFO : EventManager : Event: ======'modes_active_modes_changed'====== Args={}
2022-08-21 20:01:18,037 : INFO : EventManager : Event: ======'mode_spell_portal_started'====== Args={'player': 1, 'ball': 1, 'balls_remaining': 2, 'is_extra_ball': False}
2022-08-21 20:01:18,037 : INFO : EventManager : Event: ======'logicblock_galaxy_counter_updated'====== Args={'value': 0, 'enabled': True}
2022-08-21 20:01:18,038 : INFO : EventManager : Event: ======'logicblock_galaxy_counter_updated'====== Args={'value': 0, 'enabled': True}
2022-08-21 20:01:18,038 : INFO : Mode.spell_galaxy : Started. Priority: 200
2022-08-21 20:01:18,038 : INFO : EventManager : Event: ======'modes_active_modes_changed'====== Args={}
2022-08-21 20:01:18,038 : INFO : EventManager : Event: ======'mode_spell_galaxy_started'====== Args={'player': 1, 'ball': 1, 'balls_remaining': 2, 'is_extra_ball': False}
2022-08-21 20:01:18,040 : INFO : EventManager : Event: ======'achievement_super_spinners_changed_state'====== Args={'restore': False, 'state': 'enabled', 'selected': False}
2022-08-21 20:01:18,040 : INFO : EventManager : Event: ======'achievement_super_spinners_state_enabled'====== Args={'restore': False, 'state': 'enabled', 'selected': False}
2022-08-21 20:01:18,040 : INFO : EventManager : Event: ======'achievement_super_targets_changed_state'====== Args={'restore': False, 'state': 'enabled', 'selected': False}
2022-08-21 20:01:18,040 : INFO : EventManager : Event: ======'achievement_super_targets_state_enabled'====== Args={'restore': False, 'state': 'enabled', 'selected': False}
2022-08-21 20:01:18,040 : INFO : EventManager : Event: ======'achievement_super_lanes_changed_state'====== Args={'restore': False, 'state': 'enabled', 'selected': False}
2022-08-21 20:01:18,040 : INFO : EventManager : Event: ======'achievement_super_lanes_state_enabled'====== Args={'restore': False, 'state': 'enabled', 'selected': False}
2022-08-21 20:01:18,040 : INFO : EventManager : Event: ======'achievement_super_slings_changed_state'====== Args={'restore': False, 'state': 'enabled', 'selected': False}
2022-08-21 20:01:18,040 : INFO : EventManager : Event: ======'achievement_super_slings_state_enabled'====== Args={'restore': False, 'state': 'enabled', 'selected': False}
2022-08-21 20:01:18,041 : INFO : EventManager : Event: ======'achievement_super_spinners_changed_state'====== Args={'restore': False, 'state': 'enabled', 'selected': True}
2022-08-21 20:01:18,041 : INFO : EventManager : Event: ======'achievement_super_spinners_state_enabled'====== Args={'restore': False, 'state': 'enabled', 'selected': True}
2022-08-21 20:01:18,041 : INFO : EventManager : Event: ======'achievement_super_spinners_state_selected'====== Args={'restore': False, 'state': 'enabled', 'selected': True}
2022-08-21 20:01:18,041 : INFO : EventManager : Event: ======'ball_start_target'====== Args={'target': 'playfield'}
2022-08-21 20:01:18,062 : INFO : ball_device.bd_drain : Setting up player-controlled eject. Balls: 1, Target: <playfield.playfield>, player_controlled_eject_event: s_action_button_active
2022-08-21 20:01:18,062 : INFO : EventManager : Event: ======'balldevice_balls_available'====== Args={}
2022-08-21 20:01:18,065 : INFO : EventManager : Event: ======'slide_score_slide_created'====== Args={'_from_bcp': True}
2022-08-21 20:01:18,065 : INFO : EventManager : Event: ======'slide_score_slide_active'====== Args={'_from_bcp': True}
2022-08-21 20:01:18,067 : INFO : ball_device.bd_drain : State: waiting_for_target_ready
2022-08-21 20:01:18,067 : INFO : EventManager : Event: ======'balldevice_bd_drain_ball_eject_attempt'====== Args={'balls': 1, 'target': <playfield.playfield>, 'source': <ball_device.bd_drain>, 'mechanical_eject': True, 'num_attempts': 0}
2022-08-21 20:01:18,068 : INFO : ball_device.bd_drain : State: ejecting
2022-08-21 20:01:18,068 : INFO : ball_device.bd_drain : Ejecting ball to <playfield.playfield>
2022-08-21 20:01:18,068 : INFO : EventManager : Event: ======'balldevice_bd_drain_ejecting_ball'====== Args={'balls': 1, 'target': <playfield.playfield>, 'source': <ball_device.bd_drain>, 'mechanical_eject': True, 'num_attempts': 0}
2022-08-21 20:01:18,069 : INFO : ball_device.bd_drain : Wait for ball to leave device
2022-08-21 20:01:21,145 : INFO : SwitchController : <<<<<<< 's_action_button' active >>>>>>>
2022-08-21 20:01:21,145 : INFO : EventManager : Event: ======'s_action_button_active'====== Args={}
2022-08-21 20:01:21,146 : INFO : EventManager : Event: ======'machine_var_audits_switches_s_action_button'====== Args={'value': 3958, 'prev_value': 3957, 'change': 1}
2022-08-21 20:01:21,157 : INFO : EventManager : Event: ======'ball_save_base_save_timer_start'====== Args={}
2022-08-21 20:01:21,170 : INFO : coil.c_drain_eject : Pulsing Driver for 30ms (1.0 pulse_power)
2022-08-21 20:01:21,321 : INFO : SwitchController : <<<<<<< 's_action_button' inactive >>>>>>>
2022-08-21 20:01:21,353 : INFO : SwitchController : <<<<<<< 's_drain' inactive >>>>>>>
2022-08-21 20:01:21,353 : INFO : EventManager : Event: ======'s_drain_inactive'====== Args={}
2022-08-21 20:01:21,361 : INFO : ball_device.bd_drain : State: ball_left
2022-08-21 20:01:21,361 : INFO : ball_device.bd_drain : Ball left
2022-08-21 20:01:21,361 : INFO : ball_device.bd_drain : Wait for confirm with timeout 1.0
2022-08-21 20:01:21,833 : INFO : SwitchController : <<<<<<< 's_left_sling' active >>>>>>>
2022-08-21 20:01:21,833 : INFO : EventManager : Event: ======'s_left_sling_active'====== Args={}
2022-08-21 20:01:21,834 : INFO : EventManager : Event: ======'machine_var_audits_switches_s_left_sling'====== Args={'value': 6827, 'prev_value': 6826, 'change': 1}
2022-08-21 20:01:21,836 : INFO : EventManager : Event: ======'player_score'====== Args={'value': 1110, 'prev_value': 0, 'change': 1110, 'player_num': 1}
2022-08-21 20:01:21,836 : INFO : EventManager : Event: ======'player_switches'====== Args={'value': 1, 'prev_value': 0, 'change': 1, 'player_num': 1}
2022-08-21 20:01:21,865 : INFO : SwitchController : <<<<<<< 's_left_sling' inactive >>>>>>>
2022-08-21 20:01:22,359 : INFO : ball_device.bd_drain : State: failed_confirm
2022-08-21 20:01:22,359 : INFO : ball_device.bd_drain : Got timeout (1.0s) before confirm from <playfield.playfield>
2022-08-21 20:01:22,452 : INFO : ball_device.bd_drain : Confirming eject because target is playfield and ball did not return.
2022-08-21 20:01:22,452 : INFO : ball_device.bd_drain : Eject successful
2022-08-21 20:01:22,452 : INFO : EventManager : Event: ======'balldevice_bd_drain_ball_eject_success'====== Args={'balls': 1, 'target': <playfield.playfield>}
2022-08-21 20:01:22,453 : INFO : EventManager : Event: ======'balldevice_playfield_ball_enter'====== Args={'new_balls': 1, 'unclaimed_balls': 1, 'device': <playfield.playfield>}
2022-08-21 20:01:22,453 : INFO : EventManager : Event: ======'playfield_ball_count_change'====== Args={'balls': 1, 'change': 1}
2022-08-21 20:01:22,453 : INFO : EventManager : Event: ======'balldevice_bd_drain_ball_count_changed'====== Args={'balls': 0}
2022-08-21 20:01:22,453 : INFO : ball_device.bd_drain : State: idle
2022-08-21 20:01:24,489 : INFO : SwitchController : <<<<<<< 's_left_inlane_far' active >>>>>>>
2022-08-21 20:01:24,489 : INFO : EventManager : Event: ======'s_left_inlane_far_active'====== Args={}
2022-08-21 20:01:24,490 : INFO : EventManager : Event: ======'machine_var_audits_switches_s_left_inlane_far'====== Args={'value': 3977, 'prev_value': 3976, 'change': 1}
2022-08-21 20:01:24,492 : INFO : EventManager : Event: ======'player_shot_galaxy_advance'====== Args={'value': 1, 'prev_value': 0, 'change': 1, 'player_num': 1}
2022-08-21 20:01:24,497 : INFO : EventManager : Event: ======'machine_var_audits_shots_galaxy_advance'====== Args={'value': 2128, 'prev_value': 2127, 'change': 1}
2022-08-21 20:01:24,508 : INFO : EventManager : Event: ======'galaxy_advance_hit'====== Args={'profile': 'default', 'state': 'unlit', 'advancing': True}
2022-08-21 20:01:24,508 : INFO : EventManager : Event: ======'galaxy_advance_default_hit'====== Args={'profile': 'default', 'state': 'unlit', 'advancing': True}
2022-08-21 20:01:24,509 : INFO : EventManager : Event: ======'galaxy_advance_default_unlit_hit'====== Args={'profile': 'default', 'state': 'unlit', 'advancing': True}
2022-08-21 20:01:24,509 : INFO : EventManager : Event: ======'galaxy_advance_unlit_hit'====== Args={'profile': 'default', 'state': 'unlit', 'advancing': True}
2022-08-21 20:01:24,509 : INFO : EventManager : Event: ======'player_score'====== Args={'value': 31110, 'prev_value': 1110, 'change': 30000, 'player_num': 1}
2022-08-21 20:01:24,510 : INFO : EventManager : Event: ======'player_switches'====== Args={'value': 2, 'prev_value': 1, 'change': 1, 'player_num': 1}
2022-08-21 20:01:24,511 : INFO : EventManager : Event: ======'player_combos_combo_timer_tick'====== Args={'value': 6, 'prev_value': 0, 'change': 6, 'player_num': 1}
2022-08-21 20:01:24,512 : INFO : Timer.combo_timer : Starting Timer.
2022-08-21 20:01:24,512 : INFO : EventManager : Event: ======'timer_combo_timer_started'====== Args={'ticks': 6, 'ticks_remaining': 6}
2022-08-21 20:01:24,512 : INFO : EventManager : Event: ======'timer_combo_timer_tick'====== Args={'ticks': 6, 'ticks_remaining': 6}
2022-08-21 20:01:24,512 : INFO : EventManager : Event: ======'logicblock_galaxy_counter_updated'====== Args={'value': 1, 'enabled': True}
2022-08-21 20:01:24,513 : INFO : EventManager : Event: ======'counter_galaxy_counter_hit'====== Args={'count': 1, 'hits': 1, 'remaining': 5}
2022-08-21 20:01:24,513 : INFO : EventManager : Event: ======'logicblock_galaxy_counter_hit'====== Args={'count': 1, 'hits': 1, 'remaining': 5}
2022-08-21 20:01:24,585 : INFO : SwitchController : <<<<<<< 's_left_inlane_far' inactive >>>>>>>
2022-08-21 20:01:24,969 : INFO : SwitchController : <<<<<<< 's_left_inlane_far' active >>>>>>>
2022-08-21 20:01:24,970 : INFO : EventManager : Event: ======'s_left_inlane_far_active'====== Args={}
2022-08-21 20:01:24,970 : INFO : EventManager : Event: ======'machine_var_audits_switches_s_left_inlane_far'====== Args={'value': 3978, 'prev_value': 3977, 'change': 1}
2022-08-21 20:01:24,972 : INFO : EventManager : Event: ======'machine_var_audits_shots_galaxy_advance'====== Args={'value': 2129, 'prev_value': 2128, 'change': 1}
2022-08-21 20:01:24,974 : INFO : EventManager : Event: ======'galaxy_advance_hit'====== Args={'profile': 'default', 'state': 'lit', 'advancing': False}
2022-08-21 20:01:24,974 : INFO : EventManager : Event: ======'galaxy_advance_default_hit'====== Args={'profile': 'default', 'state': 'lit', 'advancing': False}
2022-08-21 20:01:24,974 : INFO : EventManager : Event: ======'galaxy_advance_default_lit_hit'====== Args={'profile': 'default', 'state': 'lit', 'advancing': False}
2022-08-21 20:01:24,974 : INFO : EventManager : Event: ======'galaxy_advance_lit_hit'====== Args={'profile': 'default', 'state': 'lit', 'advancing': False}
2022-08-21 20:01:24,974 : INFO : EventManager : Event: ======'player_score'====== Args={'value': 61110, 'prev_value': 31110, 'change': 30000, 'player_num': 1}
2022-08-21 20:01:24,976 : INFO : EventManager : Event: ======'player_switches'====== Args={'value': 3, 'prev_value': 2, 'change': 1, 'player_num': 1}
2022-08-21 20:01:24,976 : INFO : EventManager : Event: ======'logicblock_galaxy_counter_updated'====== Args={'value': 2, 'enabled': True}
2022-08-21 20:01:24,977 : INFO : EventManager : Event: ======'counter_galaxy_counter_hit'====== Args={'count': 2, 'hits': 2, 'remaining': 4}
2022-08-21 20:01:24,977 : INFO : EventManager : Event: ======'logicblock_galaxy_counter_hit'====== Args={'count': 2, 'hits': 2, 'remaining': 4}
2022-08-21 20:01:24,990 : INFO : SwitchController : <<<<<<< 's_left_inlane_far' inactive >>>>>>>
2022-08-21 20:01:25,463 : INFO : EventManager : Event: ======'player_combos_combo_timer_tick'====== Args={'value': 5, 'prev_value': 6, 'change': -1, 'player_num': 1}
2022-08-21 20:01:25,464 : INFO : EventManager : Event: ======'timer_combo_timer_tick'====== Args={'ticks': 5, 'ticks_remaining': 5}
2022-08-21 20:01:25,512 : INFO : SwitchController : <<<<<<< 's_left_inlane_far' active >>>>>>>
2022-08-21 20:01:25,512 : INFO : EventManager : Event: ======'s_left_inlane_far_active'====== Args={}
2022-08-21 20:01:25,513 : INFO : EventManager : Event: ======'machine_var_audits_switches_s_left_inlane_far'====== Args={'value': 3979, 'prev_value': 3978, 'change': 1}
2022-08-21 20:01:25,515 : INFO : EventManager : Event: ======'machine_var_audits_shots_galaxy_advance'====== Args={'value': 2130, 'prev_value': 2129, 'change': 1}
2022-08-21 20:01:25,516 : INFO : EventManager : Event: ======'galaxy_advance_hit'====== Args={'profile': 'default', 'state': 'lit', 'advancing': False}
2022-08-21 20:01:25,517 : INFO : EventManager : Event: ======'galaxy_advance_default_hit'====== Args={'profile': 'default', 'state': 'lit', 'advancing': False}
2022-08-21 20:01:25,517 : INFO : EventManager : Event: ======'galaxy_advance_default_lit_hit'====== Args={'profile': 'default', 'state': 'lit', 'advancing': False}
2022-08-21 20:01:25,517 : INFO : EventManager : Event: ======'galaxy_advance_lit_hit'====== Args={'profile': 'default', 'state': 'lit', 'advancing': False}
2022-08-21 20:01:25,517 : INFO : EventManager : Event: ======'player_score'====== Args={'value': 91110, 'prev_value': 61110, 'change': 30000, 'player_num': 1}
2022-08-21 20:01:25,518 : INFO : EventManager : Event: ======'player_switches'====== Args={'value': 4, 'prev_value': 3, 'change': 1, 'player_num': 1}
2022-08-21 20:01:25,519 : INFO : EventManager : Event: ======'player_combos_combo_timer_tick'====== Args={'value': 6, 'prev_value': 5, 'change': 1, 'player_num': 1}
2022-08-21 20:01:25,520 : INFO : EventManager : Event: ======'logicblock_galaxy_counter_updated'====== Args={'value': 3, 'enabled': True}
2022-08-21 20:01:25,520 : INFO : EventManager : Event: ======'counter_galaxy_counter_hit'====== Args={'count': 3, 'hits': 3, 'remaining': 3}
2022-08-21 20:01:25,520 : INFO : EventManager : Event: ======'logicblock_galaxy_counter_hit'====== Args={'count': 3, 'hits': 3, 'remaining': 3}
2022-08-21 20:01:25,596 : INFO : SwitchController : <<<<<<< 's_left_inlane_far' inactive >>>>>>>
2022-08-21 20:01:25,928 : INFO : SwitchController : <<<<<<< 's_left_inlane_far' active >>>>>>>
2022-08-21 20:01:25,928 : INFO : EventManager : Event: ======'s_left_inlane_far_active'====== Args={}
2022-08-21 20:01:25,929 : INFO : EventManager : Event: ======'machine_var_audits_switches_s_left_inlane_far'====== Args={'value': 3980, 'prev_value': 3979, 'change': 1}
2022-08-21 20:01:25,930 : INFO : SwitchController : <<<<<<< 's_left_inlane_far' inactive >>>>>>>
2022-08-21 20:01:25,931 : INFO : EventManager : Event: ======'machine_var_audits_shots_galaxy_advance'====== Args={'value': 2131, 'prev_value': 2130, 'change': 1}
2022-08-21 20:01:25,933 : INFO : EventManager : Event: ======'galaxy_advance_hit'====== Args={'profile': 'default', 'state': 'lit', 'advancing': False}
2022-08-21 20:01:25,933 : INFO : EventManager : Event: ======'galaxy_advance_default_hit'====== Args={'profile': 'default', 'state': 'lit', 'advancing': False}
2022-08-21 20:01:25,933 : INFO : EventManager : Event: ======'galaxy_advance_default_lit_hit'====== Args={'profile': 'default', 'state': 'lit', 'advancing': False}
2022-08-21 20:01:25,933 : INFO : EventManager : Event: ======'galaxy_advance_lit_hit'====== Args={'profile': 'default', 'state': 'lit', 'advancing': False}
2022-08-21 20:01:25,933 : INFO : EventManager : Event: ======'player_score'====== Args={'value': 121110, 'prev_value': 91110, 'change': 30000, 'player_num': 1}
2022-08-21 20:01:25,934 : INFO : EventManager : Event: ======'player_switches'====== Args={'value': 5, 'prev_value': 4, 'change': 1, 'player_num': 1}
2022-08-21 20:01:25,935 : INFO : EventManager : Event: ======'logicblock_galaxy_counter_updated'====== Args={'value': 4, 'enabled': True}
2022-08-21 20:01:25,935 : INFO : EventManager : Event: ======'counter_galaxy_counter_hit'====== Args={'count': 4, 'hits': 4, 'remaining': 2}
2022-08-21 20:01:25,936 : INFO : EventManager : Event: ======'logicblock_galaxy_counter_hit'====== Args={'count': 4, 'hits': 4, 'remaining': 2}
2022-08-21 20:01:25,947 : INFO : SwitchController : <<<<<<< 's_left_inlane_far' active >>>>>>>
2022-08-21 20:01:25,947 : INFO : EventManager : Event: ======'s_left_inlane_far_active'====== Args={}
2022-08-21 20:01:25,947 : INFO : EventManager : Event: ======'machine_var_audits_switches_s_left_inlane_far'====== Args={'value': 3981, 'prev_value': 3980, 'change': 1}
2022-08-21 20:01:25,950 : INFO : EventManager : Event: ======'machine_var_audits_shots_galaxy_advance'====== Args={'value': 2132, 'prev_value': 2131, 'change': 1}
2022-08-21 20:01:25,951 : INFO : EventManager : Event: ======'galaxy_advance_hit'====== Args={'profile': 'default', 'state': 'lit', 'advancing': False}
2022-08-21 20:01:25,951 : INFO : EventManager : Event: ======'galaxy_advance_default_hit'====== Args={'profile': 'default', 'state': 'lit', 'advancing': False}
2022-08-21 20:01:25,951 : INFO : EventManager : Event: ======'galaxy_advance_default_lit_hit'====== Args={'profile': 'default', 'state': 'lit', 'advancing': False}
2022-08-21 20:01:25,952 : INFO : EventManager : Event: ======'galaxy_advance_lit_hit'====== Args={'profile': 'default', 'state': 'lit', 'advancing': False}
2022-08-21 20:01:25,952 : INFO : EventManager : Event: ======'player_score'====== Args={'value': 151110, 'prev_value': 121110, 'change': 30000, 'player_num': 1}
2022-08-21 20:01:25,952 : INFO : EventManager : Event: ======'player_switches'====== Args={'value': 6, 'prev_value': 5, 'change': 1, 'player_num': 1}
2022-08-21 20:01:25,953 : INFO : EventManager : Event: ======'logicblock_galaxy_counter_updated'====== Args={'value': 5, 'enabled': True}
2022-08-21 20:01:25,953 : INFO : EventManager : Event: ======'counter_galaxy_counter_hit'====== Args={'count': 5, 'hits': 5, 'remaining': 1}
2022-08-21 20:01:25,953 : INFO : EventManager : Event: ======'logicblock_galaxy_counter_hit'====== Args={'count': 5, 'hits': 5, 'remaining': 1}
2022-08-21 20:01:26,024 : INFO : SwitchController : <<<<<<< 's_left_inlane_far' inactive >>>>>>>
2022-08-21 20:01:26,446 : INFO : EventManager : Event: ======'player_combos_combo_timer_tick'====== Args={'value': 5, 'prev_value': 6, 'change': -1, 'player_num': 1}
2022-08-21 20:01:26,447 : INFO : EventManager : Event: ======'timer_combo_timer_tick'====== Args={'ticks': 5, 'ticks_remaining': 5}
2022-08-21 20:01:26,945 : INFO : EventManager : Event: ======'player_combos_combo_timer_tick'====== Args={'value': 4, 'prev_value': 5, 'change': -1, 'player_num': 1}
2022-08-21 20:01:26,946 : INFO : EventManager : Event: ======'timer_combo_timer_tick'====== Args={'ticks': 4, 'ticks_remaining': 4}
2022-08-21 20:01:27,288 : INFO : SwitchController : <<<<<<< 's_left_flipper' active >>>>>>>
2022-08-21 20:01:27,289 : INFO : EventManager : Event: ======'s_left_flipper_active'====== Args={}
2022-08-21 20:01:27,289 : INFO : EventManager : Event: ======'machine_var_audits_switches_s_left_flipper'====== Args={'value': 34274, 'prev_value': 34273, 'change': 1}
2022-08-21 20:01:27,400 : INFO : SwitchController : <<<<<<< 's_left_flipper' inactive >>>>>>>
2022-08-21 20:01:27,444 : INFO : EventManager : Event: ======'player_combos_combo_timer_tick'====== Args={'value': 3, 'prev_value': 4, 'change': -1, 'player_num': 1}
2022-08-21 20:01:27,445 : INFO : EventManager : Event: ======'timer_combo_timer_tick'====== Args={'ticks': 3, 'ticks_remaining': 3}
2022-08-21 20:01:27,560 : INFO : SwitchController : <<<<<<< 's_right_sling' active >>>>>>>
2022-08-21 20:01:27,560 : INFO : EventManager : Event: ======'s_right_sling_active'====== Args={}
2022-08-21 20:01:27,561 : INFO : EventManager : Event: ======'machine_var_audits_switches_s_right_sling'====== Args={'value': 14089, 'prev_value': 14088, 'change': 1}
2022-08-21 20:01:27,563 : INFO : EventManager : Event: ======'player_score'====== Args={'value': 152220, 'prev_value': 151110, 'change': 1110, 'player_num': 1}
2022-08-21 20:01:27,564 : INFO : EventManager : Event: ======'player_switches'====== Args={'value': 7, 'prev_value': 6, 'change': 1, 'player_num': 1}
2022-08-21 20:01:27,604 : INFO : SwitchController : <<<<<<< 's_right_sling' inactive >>>>>>>
2022-08-21 20:01:27,943 : INFO : EventManager : Event: ======'player_combos_combo_timer_tick'====== Args={'value': 2, 'prev_value': 3, 'change': -1, 'player_num': 1}
2022-08-21 20:01:27,944 : INFO : EventManager : Event: ======'timer_combo_timer_tick'====== Args={'ticks': 2, 'ticks_remaining': 2}
2022-08-21 20:01:28,443 : INFO : EventManager : Event: ======'player_combos_combo_timer_tick'====== Args={'value': 1, 'prev_value': 2, 'change': -1, 'player_num': 1}
2022-08-21 20:01:28,444 : INFO : EventManager : Event: ======'timer_combo_timer_tick'====== Args={'ticks': 1, 'ticks_remaining': 1}
2022-08-21 20:01:28,942 : INFO : EventManager : Event: ======'player_combos_combo_timer_tick'====== Args={'value': 0, 'prev_value': 1, 'change': -1, 'player_num': 1}
2022-08-21 20:01:28,943 : INFO : Timer.combo_timer : Timer Complete
2022-08-21 20:01:28,943 : INFO : Timer.combo_timer : Stopping Timer
2022-08-21 20:01:28,943 : INFO : EventManager : Event: ======'timer_combo_timer_stopped'====== Args={'ticks': 0, 'ticks_remaining': 1}
2022-08-21 20:01:28,943 : INFO : EventManager : Event: ======'timer_combo_timer_complete'====== Args={'ticks': 0, 'ticks_remaining': 1}
2022-08-21 20:01:29,129 : INFO : EventManager : Event: ======'ball_save_base_save_hurry_up'====== Args={}
2022-08-21 20:01:31,141 : INFO : EventManager : Event: ======'ball_save_base_save_grace_period'====== Args={}
2022-08-21 20:01:31,832 : INFO : SwitchController : <<<<<<< 's_left_flipper' active >>>>>>>
2022-08-21 20:01:31,832 : INFO : EventManager : Event: ======'s_left_flipper_active'====== Args={}
2022-08-21 20:01:31,833 : INFO : EventManager : Event: ======'machine_var_audits_switches_s_left_flipper'====== Args={'value': 34275, 'prev_value': 34274, 'change': 1}
2022-08-21 20:01:33,139 : INFO : EventManager : Event: ======'ball_save_base_save_disabled'====== Args={}
2022-08-21 20:01:33,400 : INFO : SwitchController : <<<<<<< 's_left_flipper' inactive >>>>>>>
2022-08-21 20:01:34,408 : INFO : SwitchController : <<<<<<< 's_left_flipper' active >>>>>>>
2022-08-21 20:01:34,408 : INFO : EventManager : Event: ======'s_left_flipper_active'====== Args={}
2022-08-21 20:01:34,409 : INFO : EventManager : Event: ======'machine_var_audits_switches_s_left_flipper'====== Args={'value': 34276, 'prev_value': 34275, 'change': 1}
2022-08-21 20:01:34,552 : INFO : SwitchController : <<<<<<< 's_left_flipper' inactive >>>>>>>
2022-08-21 20:01:35,288 : INFO : SwitchController : <<<<<<< 's_left_flipper' active >>>>>>>
2022-08-21 20:01:35,288 : INFO : EventManager : Event: ======'s_left_flipper_active'====== Args={}
2022-08-21 20:01:35,289 : INFO : EventManager : Event: ======'machine_var_audits_switches_s_left_flipper'====== Args={'value': 34277, 'prev_value': 34276, 'change': 1}
2022-08-21 20:01:37,976 : INFO : SwitchController : <<<<<<< 's_left_flipper' inactive >>>>>>>
2022-08-21 20:01:38,984 : INFO : SwitchController : <<<<<<< 's_left_flipper' active >>>>>>>
2022-08-21 20:01:38,985 : INFO : EventManager : Event: ======'s_left_flipper_active'====== Args={}
2022-08-21 20:01:38,985 : INFO : EventManager : Event: ======'machine_var_audits_switches_s_left_flipper'====== Args={'value': 34278, 'prev_value': 34277, 'change': 1}
2022-08-21 20:01:39,096 : INFO : SwitchController : <<<<<<< 's_left_flipper' inactive >>>>>>>
2022-08-21 20:01:40,039 : INFO : SwitchController : <<<<<<< 's_left_flipper' active >>>>>>>
2022-08-21 20:01:40,040 : INFO : EventManager : Event: ======'s_left_flipper_active'====== Args={}
2022-08-21 20:01:40,040 : INFO : EventManager : Event: ======'machine_var_audits_switches_s_left_flipper'====== Args={'value': 34279, 'prev_value': 34278, 'change': 1}
2022-08-21 20:01:40,183 : INFO : SwitchController : <<<<<<< 's_left_flipper' inactive >>>>>>>
2022-08-21 20:01:41,047 : INFO : SwitchController : <<<<<<< 's_right_inlane' active >>>>>>>
2022-08-21 20:01:41,047 : INFO : EventManager : Event: ======'s_right_inlane_active'====== Args={}
2022-08-21 20:01:41,048 : INFO : EventManager : Event: ======'machine_var_audits_switches_s_right_inlane'====== Args={'value': 538, 'prev_value': 537, 'change': 1}
2022-08-21 20:01:41,049 : INFO : EventManager : Event: ======'player_shot_r_lane'====== Args={'value': 1, 'prev_value': 0, 'change': 1, 'player_num': 1}
2022-08-21 20:01:41,050 : INFO : EventManager : Event: ======'machine_var_audits_shots_r_lane'====== Args={'value': 538, 'prev_value': 537, 'change': 1}
2022-08-21 20:01:41,052 : INFO : EventManager : Event: ======'r_lane_hit'====== Args={'profile': 'default', 'state': 'unlit', 'advancing': True}
2022-08-21 20:01:41,052 : INFO : EventManager : Event: ======'r_lane_default_hit'====== Args={'profile': 'default', 'state': 'unlit', 'advancing': True}
2022-08-21 20:01:41,052 : INFO : EventManager : Event: ======'r_lane_default_unlit_hit'====== Args={'profile': 'default', 'state': 'unlit', 'advancing': True}
2022-08-21 20:01:41,052 : INFO : EventManager : Event: ======'r_lane_unlit_hit'====== Args={'profile': 'default', 'state': 'unlit', 'advancing': True}
2022-08-21 20:01:41,053 : INFO : EventManager : Event: ======'player_score'====== Args={'value': 162220, 'prev_value': 152220, 'change': 10000, 'player_num': 1}
2022-08-21 20:01:41,054 : INFO : EventManager : Event: ======'bonus_lanes_hit'====== Args={}
2022-08-21 20:01:41,054 : INFO : EventManager : Event: ======'bonus_lanes_unlit_hit'====== Args={}
2022-08-21 20:01:41,143 : INFO : SwitchController : <<<<<<< 's_right_inlane' inactive >>>>>>>
2022-08-21 20:01:41,623 : INFO : SwitchController : <<<<<<< 's_right_flipper' active >>>>>>>
2022-08-21 20:01:41,623 : INFO : EventManager : Event: ======'s_right_flipper_active'====== Args={}
2022-08-21 20:01:41,624 : INFO : EventManager : Event: ======'machine_var_audits_switches_s_right_flipper'====== Args={'value': 31699, 'prev_value': 31698, 'change': 1}
2022-08-21 20:01:41,625 : INFO : EventManager : Event: ======'player_shot_l_lane'====== Args={'value': 1, 'prev_value': 0, 'change': 1, 'player_num': 1}
2022-08-21 20:01:41,627 : INFO : EventManager : Event: ======'player_shot_r_lane'====== Args={'value': 0, 'prev_value': 1, 'change': -1, 'player_num': 1}
2022-08-21 20:01:43,879 : INFO : SwitchController : <<<<<<< 's_right_flipper' inactive >>>>>>>
2022-08-21 20:01:44,695 : INFO : SwitchController : <<<<<<< 's_right_flipper' active >>>>>>>
2022-08-21 20:01:44,695 : INFO : EventManager : Event: ======'s_right_flipper_active'====== Args={}
2022-08-21 20:01:44,696 : INFO : EventManager : Event: ======'machine_var_audits_switches_s_right_flipper'====== Args={'value': 31700, 'prev_value': 31699, 'change': 1}
2022-08-21 20:01:44,711 : INFO : EventManager : Event: ======'player_shot_l_lane'====== Args={'value': 0, 'prev_value': 1, 'change': -1, 'player_num': 1}
2022-08-21 20:01:44,712 : INFO : EventManager : Event: ======'player_shot_r_lane'====== Args={'value': 1, 'prev_value': 0, 'change': 1, 'player_num': 1}
2022-08-21 20:01:44,887 : INFO : SwitchController : <<<<<<< 's_right_flipper' inactive >>>>>>>
2022-08-21 20:01:45,015 : INFO : SwitchController : <<<<<<< 's_left_sling' active >>>>>>>
2022-08-21 20:01:45,015 : INFO : EventManager : Event: ======'s_left_sling_active'====== Args={}
2022-08-21 20:01:45,016 : INFO : EventManager : Event: ======'machine_var_audits_switches_s_left_sling'====== Args={'value': 6828, 'prev_value': 6827, 'change': 1}
2022-08-21 20:01:45,018 : INFO : EventManager : Event: ======'player_score'====== Args={'value': 163330, 'prev_value': 162220, 'change': 1110, 'player_num': 1}
2022-08-21 20:01:45,018 : INFO : EventManager : Event: ======'player_switches'====== Args={'value': 8, 'prev_value': 7, 'change': 1, 'player_num': 1}
2022-08-21 20:01:45,047 : INFO : SwitchController : <<<<<<< 's_left_sling' inactive >>>>>>>
2022-08-21 20:01:47,030 : INFO : SwitchController : <<<<<<< 's_left_inlane' active >>>>>>>
2022-08-21 20:01:47,030 : INFO : EventManager : Event: ======'s_left_inlane_active'====== Args={}
2022-08-21 20:01:47,031 : INFO : EventManager : Event: ======'machine_var_audits_switches_s_left_inlane'====== Args={'value': 609, 'prev_value': 608, 'change': 1}
2022-08-21 20:01:47,037 : INFO : EventManager : Event: ======'player_shot_l_lane'====== Args={'value': 1, 'prev_value': 0, 'change': 1, 'player_num': 1}
2022-08-21 20:01:47,042 : INFO : EventManager : Event: ======'machine_var_audits_shots_l_lane'====== Args={'value': 609, 'prev_value': 608, 'change': 1}
2022-08-21 20:01:47,043 : INFO : EventManager : Event: ======'l_lane_hit'====== Args={'profile': 'default', 'state': 'unlit', 'advancing': True}
2022-08-21 20:01:47,043 : INFO : EventManager : Event: ======'l_lane_default_hit'====== Args={'profile': 'default', 'state': 'unlit', 'advancing': True}
2022-08-21 20:01:47,043 : INFO : EventManager : Event: ======'l_lane_default_unlit_hit'====== Args={'profile': 'default', 'state': 'unlit', 'advancing': True}
2022-08-21 20:01:47,044 : INFO : EventManager : Event: ======'l_lane_unlit_hit'====== Args={'profile': 'default', 'state': 'unlit', 'advancing': True}
2022-08-21 20:01:47,044 : INFO : EventManager : Event: ======'player_score'====== Args={'value': 173330, 'prev_value': 163330, 'change': 10000, 'player_num': 1}
2022-08-21 20:01:47,050 : INFO : EventManager : Event: ======'player_switches'====== Args={'value': 9, 'prev_value': 8, 'change': 1, 'player_num': 1}
2022-08-21 20:01:47,051 : INFO : EventManager : Event: ======'bonus_lanes_complete'====== Args={'state': 'lit'}
2022-08-21 20:01:47,051 : INFO : EventManager : Event: ======'bonus_lanes_lit_complete'====== Args={}
2022-08-21 20:01:47,051 : INFO : EventManager : Event: ======'bonus_lanes_hit'====== Args={}
2022-08-21 20:01:47,051 : INFO : EventManager : Event: ======'bonus_lanes_unlit_hit'====== Args={}
2022-08-21 20:01:47,052 : INFO : EventManager : Event: ======'player_bonus_multiplier'====== Args={'value': 2, 'prev_value': 1, 'change': 1, 'player_num': 1}
2022-08-21 20:01:47,078 : INFO : EventManager : Event: ======'slide_bonus_x_slide_created'====== Args={'_from_bcp': True}
2022-08-21 20:01:47,083 : INFO : EventManager : Event: ======'slide_bonus_x_slide_active'====== Args={'_from_bcp': True}
2022-08-21 20:01:47,159 : INFO : SwitchController : <<<<<<< 's_left_inlane' inactive >>>>>>>
2022-08-21 20:01:48,052 : INFO : EventManager : Event: ======'player_shot_l_lane'====== Args={'value': 0, 'prev_value': 1, 'change': -1, 'player_num': 1}
2022-08-21 20:01:48,053 : INFO : EventManager : Event: ======'player_shot_r_lane'====== Args={'value': 0, 'prev_value': 1, 'change': -1, 'player_num': 1}
2022-08-21 20:01:48,406 : INFO : SwitchController : <<<<<<< 's_left_flipper' active >>>>>>>
2022-08-21 20:01:48,406 : INFO : EventManager : Event: ======'s_left_flipper_active'====== Args={}
2022-08-21 20:01:48,407 : INFO : EventManager : Event: ======'machine_var_audits_switches_s_left_flipper'====== Args={'value': 34280, 'prev_value': 34279, 'change': 1}
2022-08-21 20:01:48,550 : INFO : SwitchController : <<<<<<< 's_left_flipper' inactive >>>>>>>
2022-08-21 20:01:49,072 : INFO : EventManager : Event: ======'slide_bonus_x_slide_removed'====== Args={'_from_bcp': True}
2022-08-21 20:01:49,073 : INFO : EventManager : Event: ======'slide_score_slide_active'====== Args={'_from_bcp': True}
2022-08-21 20:01:50,375 : INFO : SwitchController : <<<<<<< 's_left_inlane' active >>>>>>>
2022-08-21 20:01:50,375 : INFO : EventManager : Event: ======'s_left_inlane_active'====== Args={}
2022-08-21 20:01:50,376 : INFO : EventManager : Event: ======'machine_var_audits_switches_s_left_inlane'====== Args={'value': 610, 'prev_value': 609, 'change': 1}
2022-08-21 20:01:50,377 : INFO : EventManager : Event: ======'player_shot_l_lane'====== Args={'value': 1, 'prev_value': 0, 'change': 1, 'player_num': 1}
2022-08-21 20:01:50,383 : INFO : EventManager : Event: ======'machine_var_audits_shots_l_lane'====== Args={'value': 610, 'prev_value': 609, 'change': 1}
2022-08-21 20:01:50,389 : INFO : EventManager : Event: ======'l_lane_hit'====== Args={'profile': 'default', 'state': 'unlit', 'advancing': True}
2022-08-21 20:01:50,389 : INFO : EventManager : Event: ======'l_lane_default_hit'====== Args={'profile': 'default', 'state': 'unlit', 'advancing': True}
2022-08-21 20:01:50,389 : INFO : EventManager : Event: ======'l_lane_default_unlit_hit'====== Args={'profile': 'default', 'state': 'unlit', 'advancing': True}
2022-08-21 20:01:50,389 : INFO : EventManager : Event: ======'l_lane_unlit_hit'====== Args={'profile': 'default', 'state': 'unlit', 'advancing': True}
2022-08-21 20:01:50,390 : INFO : EventManager : Event: ======'player_score'====== Args={'value': 183330, 'prev_value': 173330, 'change': 10000, 'player_num': 1}
2022-08-21 20:01:50,395 : INFO : EventManager : Event: ======'player_switches'====== Args={'value': 10, 'prev_value': 9, 'change': 1, 'player_num': 1}
2022-08-21 20:01:50,396 : INFO : EventManager : Event: ======'bonus_lanes_hit'====== Args={}
2022-08-21 20:01:50,396 : INFO : EventManager : Event: ======'bonus_lanes_unlit_hit'====== Args={}
2022-08-21 20:01:50,503 : INFO : SwitchController : <<<<<<< 's_left_inlane' inactive >>>>>>>
2022-08-21 20:01:51,751 : INFO : SwitchController : <<<<<<< 's_left_flipper' active >>>>>>>
2022-08-21 20:01:51,752 : INFO : EventManager : Event: ======'s_left_flipper_active'====== Args={}
2022-08-21 20:01:51,752 : INFO : EventManager : Event: ======'machine_var_audits_switches_s_left_flipper'====== Args={'value': 34281, 'prev_value': 34280, 'change': 1}
2022-08-21 20:01:51,753 : INFO : EventManager : Event: ======'player_shot_l_lane'====== Args={'value': 0, 'prev_value': 1, 'change': -1, 'player_num': 1}
2022-08-21 20:01:51,754 : INFO : EventManager : Event: ======'player_shot_r_lane'====== Args={'value': 1, 'prev_value': 0, 'change': 1, 'player_num': 1}
2022-08-21 20:01:51,959 : INFO : SwitchController : <<<<<<< 's_left_flipper' inactive >>>>>>>
2022-08-21 20:01:52,135 : INFO : SwitchController : <<<<<<< 's_right_inlane_far' active >>>>>>>
2022-08-21 20:01:52,136 : INFO : EventManager : Event: ======'s_right_inlane_far_active'====== Args={}
2022-08-21 20:01:52,136 : INFO : EventManager : Event: ======'machine_var_audits_switches_s_right_inlane_far'====== Args={'value': 6153, 'prev_value': 6152, 'change': 1}
2022-08-21 20:01:52,138 : INFO : EventManager : Event: ======'player_shot_portal_advance'====== Args={'value': 1, 'prev_value': 0, 'change': 1, 'player_num': 1}
2022-08-21 20:01:52,139 : INFO : EventManager : Event: ======'machine_var_audits_shots_portal_advance'====== Args={'value': 4571, 'prev_value': 4570, 'change': 1}
2022-08-21 20:01:52,141 : INFO : EventManager : Event: ======'portal_advance_hit'====== Args={'profile': 'default', 'state': 'unlit', 'advancing': True}
2022-08-21 20:01:52,141 : INFO : EventManager : Event: ======'portal_advance_default_hit'====== Args={'profile': 'default', 'state': 'unlit', 'advancing': True}
2022-08-21 20:01:52,141 : INFO : EventManager : Event: ======'portal_advance_default_unlit_hit'====== Args={'profile': 'default', 'state': 'unlit', 'advancing': True}
2022-08-21 20:01:52,141 : INFO : EventManager : Event: ======'portal_advance_unlit_hit'====== Args={'profile': 'default', 'state': 'unlit', 'advancing': True}
2022-08-21 20:01:52,141 : INFO : EventManager : Event: ======'player_score'====== Args={'value': 213330, 'prev_value': 183330, 'change': 30000, 'player_num': 1}
2022-08-21 20:01:52,142 : INFO : EventManager : Event: ======'player_switches'====== Args={'value': 11, 'prev_value': 10, 'change': 1, 'player_num': 1}
2022-08-21 20:01:52,143 : INFO : EventManager : Event: ======'player_combos_combo_timer_tick'====== Args={'value': 6, 'prev_value': 0, 'change': 6, 'player_num': 1}
2022-08-21 20:01:52,144 : INFO : Timer.combo_timer : Starting Timer.
2022-08-21 20:01:52,144 : INFO : EventManager : Event: ======'timer_combo_timer_started'====== Args={'ticks': 6, 'ticks_remaining': 6}
2022-08-21 20:01:52,144 : INFO : EventManager : Event: ======'timer_combo_timer_tick'====== Args={'ticks': 6, 'ticks_remaining': 6}
2022-08-21 20:01:52,145 : INFO : EventManager : Event: ======'logicblock_portal_counter_updated'====== Args={'value': 4, 'enabled': True}
2022-08-21 20:01:52,145 : INFO : EventManager : Event: ======'counter_portal_counter_hit'====== Args={'count': 4, 'hits': 4, 'remaining': 2}
2022-08-21 20:01:52,145 : INFO : EventManager : Event: ======'logicblock_portal_counter_hit'====== Args={'count': 4, 'hits': 4, 'remaining': 2}
2022-08-21 20:01:52,183 : INFO : SwitchController : <<<<<<< 's_right_inlane_far' inactive >>>>>>>
2022-08-21 20:01:52,639 : INFO : EventManager : Event: ======'player_combos_combo_timer_tick'====== Args={'value': 5, 'prev_value': 6, 'change': -1, 'player_num': 1}
2022-08-21 20:01:52,640 : INFO : EventManager : Event: ======'timer_combo_timer_tick'====== Args={'ticks': 5, 'ticks_remaining': 5}
2022-08-21 20:01:53,138 : INFO : EventManager : Event: ======'player_combos_combo_timer_tick'====== Args={'value': 4, 'prev_value': 5, 'change': -1, 'player_num': 1}
2022-08-21 20:01:53,139 : INFO : EventManager : Event: ======'timer_combo_timer_tick'====== Args={'ticks': 4, 'ticks_remaining': 4}
2022-08-21 20:01:53,637 : INFO : EventManager : Event: ======'player_combos_combo_timer_tick'====== Args={'value': 3, 'prev_value': 4, 'change': -1, 'player_num': 1}
2022-08-21 20:01:53,638 : INFO : EventManager : Event: ======'timer_combo_timer_tick'====== Args={'ticks': 3, 'ticks_remaining': 3}
2022-08-21 20:01:54,135 : INFO : SwitchController : <<<<<<< 's_right_inlane_far' active >>>>>>>
2022-08-21 20:01:54,136 : INFO : EventManager : Event: ======'s_right_inlane_far_active'====== Args={}
2022-08-21 20:01:54,136 : INFO : EventManager : Event: ======'machine_var_audits_switches_s_right_inlane_far'====== Args={'value': 6154, 'prev_value': 6153, 'change': 1}
2022-08-21 20:01:54,147 : INFO : EventManager : Event: ======'player_combo'====== Args={'value': 1, 'prev_value': 0, 'change': 1, 'player_num': 1}
2022-08-21 20:01:54,152 : INFO : EventManager : Event: ======'player_combo_value'====== Args={'value': 25000, 'prev_value': 0, 'change': 25000, 'player_num': 1}
2022-08-21 20:01:54,153 : INFO : EventManager : Event: ======'player_score'====== Args={'value': 238330, 'prev_value': 213330, 'change': 25000, 'player_num': 1}
2022-08-21 20:01:54,154 : INFO : EventManager : Event: ======'machine_var_audits_shots_portal_advance'====== Args={'value': 4572, 'prev_value': 4571, 'change': 1}
2022-08-21 20:01:54,155 : INFO : EventManager : Event: ======'portal_advance_hit'====== Args={'profile': 'default', 'state': 'lit', 'advancing': False}
2022-08-21 20:01:54,155 : INFO : EventManager : Event: ======'portal_advance_default_hit'====== Args={'profile': 'default', 'state': 'lit', 'advancing': False}
2022-08-21 20:01:54,155 : INFO : EventManager : Event: ======'portal_advance_default_lit_hit'====== Args={'profile': 'default', 'state': 'lit', 'advancing': False}
2022-08-21 20:01:54,156 : INFO : EventManager : Event: ======'portal_advance_lit_hit'====== Args={'profile': 'default', 'state': 'lit', 'advancing': False}
2022-08-21 20:01:54,156 : INFO : EventManager : Event: ======'player_score'====== Args={'value': 268330, 'prev_value': 238330, 'change': 30000, 'player_num': 1}
2022-08-21 20:01:54,156 : INFO : EventManager : Event: ======'player_switches'====== Args={'value': 12, 'prev_value': 11, 'change': 1, 'player_num': 1}
2022-08-21 20:01:54,157 : INFO : EventManager : Event: ======'player_combos_combo_timer_tick'====== Args={'value': 6, 'prev_value': 3, 'change': 3, 'player_num': 1}
2022-08-21 20:01:54,158 : INFO : EventManager : Event: ======'logicblock_portal_counter_updated'====== Args={'value': 5, 'enabled': True}
2022-08-21 20:01:54,159 : INFO : EventManager : Event: ======'counter_portal_counter_hit'====== Args={'count': 5, 'hits': 5, 'remaining': 1}
2022-08-21 20:01:54,159 : INFO : EventManager : Event: ======'logicblock_portal_counter_hit'====== Args={'count': 5, 'hits': 5, 'remaining': 1}
2022-08-21 20:01:54,184 : INFO : EventManager : Event: ======'slide_combo_slide_created'====== Args={'_from_bcp': True}
2022-08-21 20:01:54,191 : INFO : EventManager : Event: ======'slide_combo_slide_active'====== Args={'_from_bcp': True}
2022-08-21 20:01:54,215 : INFO : SwitchController : <<<<<<< 's_right_inlane_far' inactive >>>>>>>
2022-08-21 20:01:54,455 : INFO : SwitchController : <<<<<<< 's_right_flipper' active >>>>>>>
2022-08-21 20:01:54,455 : INFO : EventManager : Event: ======'s_right_flipper_active'====== Args={}
2022-08-21 20:01:54,456 : INFO : EventManager : Event: ======'machine_var_audits_switches_s_right_flipper'====== Args={'value': 31701, 'prev_value': 31700, 'change': 1}
2022-08-21 20:01:54,458 : INFO : EventManager : Event: ======'player_shot_l_lane'====== Args={'value': 1, 'prev_value': 0, 'change': 1, 'player_num': 1}
2022-08-21 20:01:54,459 : INFO : EventManager : Event: ======'player_shot_r_lane'====== Args={'value': 0, 'prev_value': 1, 'change': -1, 'player_num': 1}
2022-08-21 20:01:54,651 : INFO : EventManager : Event: ======'player_combos_combo_timer_tick'====== Args={'value': 5, 'prev_value': 6, 'change': -1, 'player_num': 1}
2022-08-21 20:01:54,652 : INFO : EventManager : Event: ======'timer_combo_timer_tick'====== Args={'ticks': 5, 'ticks_remaining': 5}
2022-08-21 20:01:54,903 : INFO : SwitchController : <<<<<<< 's_right_flipper' inactive >>>>>>>
2022-08-21 20:01:55,150 : INFO : EventManager : Event: ======'player_combos_combo_timer_tick'====== Args={'value': 4, 'prev_value': 5, 'change': -1, 'player_num': 1}
2022-08-21 20:01:55,151 : INFO : EventManager : Event: ======'timer_combo_timer_tick'====== Args={'ticks': 4, 'ticks_remaining': 4}
2022-08-21 20:01:55,494 : INFO : SwitchController : <<<<<<< 's_left_flipper' active >>>>>>>
2022-08-21 20:01:55,495 : INFO : EventManager : Event: ======'s_left_flipper_active'====== Args={}
2022-08-21 20:01:55,495 : INFO : EventManager : Event: ======'machine_var_audits_switches_s_left_flipper'====== Args={'value': 34282, 'prev_value': 34281, 'change': 1}
2022-08-21 20:01:55,496 : INFO : EventManager : Event: ======'player_shot_l_lane'====== Args={'value': 0, 'prev_value': 1, 'change': -1, 'player_num': 1}
2022-08-21 20:01:55,498 : INFO : EventManager : Event: ======'player_shot_r_lane'====== Args={'value': 1, 'prev_value': 0, 'change': 1, 'player_num': 1}
2022-08-21 20:01:55,650 : INFO : EventManager : Event: ======'player_combos_combo_timer_tick'====== Args={'value': 3, 'prev_value': 4, 'change': -1, 'player_num': 1}
2022-08-21 20:01:55,651 : INFO : EventManager : Event: ======'timer_combo_timer_tick'====== Args={'ticks': 3, 'ticks_remaining': 3}
2022-08-21 20:01:56,149 : INFO : EventManager : Event: ======'player_combos_combo_timer_tick'====== Args={'value': 2, 'prev_value': 3, 'change': -1, 'player_num': 1}
2022-08-21 20:01:56,150 : INFO : EventManager : Event: ======'timer_combo_timer_tick'====== Args={'ticks': 2, 'ticks_remaining': 2}
2022-08-21 20:01:56,164 : INFO : EventManager : Event: ======'slide_combo_slide_removed'====== Args={'_from_bcp': True}
2022-08-21 20:01:56,165 : INFO : EventManager : Event: ======'slide_score_slide_active'====== Args={'_from_bcp': True}
2022-08-21 20:01:56,648 : INFO : EventManager : Event: ======'player_combos_combo_timer_tick'====== Args={'value': 1, 'prev_value': 2, 'change': -1, 'player_num': 1}
2022-08-21 20:01:56,649 : INFO : EventManager : Event: ======'timer_combo_timer_tick'====== Args={'ticks': 1, 'ticks_remaining': 1}
2022-08-21 20:01:57,142 : INFO : SwitchController : <<<<<<< 's_left_flipper' inactive >>>>>>>
2022-08-21 20:01:57,151 : INFO : EventManager : Event: ======'player_combos_combo_timer_tick'====== Args={'value': 0, 'prev_value': 1, 'change': -1, 'player_num': 1}
2022-08-21 20:01:57,151 : INFO : Timer.combo_timer : Timer Complete
2022-08-21 20:01:57,151 : INFO : Timer.combo_timer : Stopping Timer
2022-08-21 20:01:57,152 : INFO : EventManager : Event: ======'timer_combo_timer_stopped'====== Args={'ticks': 0, 'ticks_remaining': 1}
2022-08-21 20:01:57,152 : INFO : EventManager : Event: ======'timer_combo_timer_complete'====== Args={'ticks': 0, 'ticks_remaining': 1}
2022-08-21 20:01:58,294 : INFO : SwitchController : <<<<<<< 's_left_inlane_far' active >>>>>>>
2022-08-21 20:01:58,294 : INFO : EventManager : Event: ======'s_left_inlane_far_active'====== Args={}
2022-08-21 20:01:58,295 : INFO : EventManager : Event: ======'machine_var_audits_switches_s_left_inlane_far'====== Args={'value': 3982, 'prev_value': 3981, 'change': 1}
2022-08-21 20:01:58,297 : INFO : EventManager : Event: ======'machine_var_audits_shots_galaxy_advance'====== Args={'value': 2133, 'prev_value': 2132, 'change': 1}
2022-08-21 20:01:58,303 : INFO : EventManager : Event: ======'galaxy_advance_hit'====== Args={'profile': 'default', 'state': 'lit', 'advancing': False}
2022-08-21 20:01:58,303 : INFO : EventManager : Event: ======'galaxy_advance_default_hit'====== Args={'profile': 'default', 'state': 'lit', 'advancing': False}
2022-08-21 20:01:58,304 : INFO : EventManager : Event: ======'galaxy_advance_default_lit_hit'====== Args={'profile': 'default', 'state': 'lit', 'advancing': False}
2022-08-21 20:01:58,304 : INFO : EventManager : Event: ======'galaxy_advance_lit_hit'====== Args={'profile': 'default', 'state': 'lit', 'advancing': False}
2022-08-21 20:01:58,304 : INFO : EventManager : Event: ======'player_score'====== Args={'value': 298330, 'prev_value': 268330, 'change': 30000, 'player_num': 1}
2022-08-21 20:01:58,315 : INFO : EventManager : Event: ======'player_switches'====== Args={'value': 13, 'prev_value': 12, 'change': 1, 'player_num': 1}
2022-08-21 20:01:58,316 : INFO : EventManager : Event: ======'player_combos_combo_timer_tick'====== Args={'value': 6, 'prev_value': 0, 'change': 6, 'player_num': 1}
2022-08-21 20:01:58,317 : INFO : Timer.combo_timer : Starting Timer.
2022-08-21 20:01:58,317 : INFO : EventManager : Event: ======'timer_combo_timer_started'====== Args={'ticks': 6, 'ticks_remaining': 6}
2022-08-21 20:01:58,317 : INFO : EventManager : Event: ======'timer_combo_timer_tick'====== Args={'ticks': 6, 'ticks_remaining': 6}
2022-08-21 20:01:58,317 : INFO : EventManager : Event: ======'logicblock_galaxy_counter_updated'====== Args={'value': 6, 'enabled': True}
2022-08-21 20:01:58,317 : INFO : EventManager : Event: ======'counter_galaxy_counter_hit'====== Args={'count': 6, 'hits': 6, 'remaining': 0}
2022-08-21 20:01:58,318 : INFO : EventManager : Event: ======'logicblock_galaxy_counter_hit'====== Args={'count': 6, 'hits': 6, 'remaining': 0}
2022-08-21 20:01:58,318 : INFO : EventManager : Event: ======'add_x'====== Args={}
2022-08-21 20:01:58,318 : INFO : EventManager : Event: ======'logicblock_galaxy_counter_updated'====== Args={'value': 0, 'enabled': True}
2022-08-21 20:01:58,318 : INFO : EventManager : Event: ======'mode_playfield_multiplier_will_start'====== Args={}
2022-08-21 20:01:58,321 : INFO : EventManager : Event: ======'mode_playfield_multiplier_starting'====== Args={}
2022-08-21 20:01:58,321 : INFO : EventManager : Event: ======'player_playfield_multiplier'====== Args={'value': 2, 'prev_value': 1, 'change': 1, 'player_num': 1}
2022-08-21 20:01:58,322 : INFO : Mode.playfield_multiplier : Started. Priority: 100000
2022-08-21 20:01:58,322 : INFO : EventManager : Event: ======'modes_active_modes_changed'====== Args={}
2022-08-21 20:01:58,323 : INFO : EventManager : Event: ======'mode_playfield_multiplier_started'====== Args={}
2022-08-21 20:01:58,324 : INFO : Timer.playfield_x_timer : Starting Timer.
2022-08-21 20:01:58,324 : INFO : EventManager : Event: ======'timer_playfield_x_timer_started'====== Args={'ticks': 75, 'ticks_remaining': 75}
2022-08-21 20:01:58,324 : INFO : EventManager : Event: ======'timer_playfield_x_timer_tick'====== Args={'ticks': 75, 'ticks_remaining': 75}
2022-08-21 20:01:58,324 : INFO : EventManager : Event: ======'player_playfield_x_timer_seconds'====== Args={'value': 75, 'prev_value': 0, 'change': 75, 'player_num': 1}
2022-08-21 20:01:58,390 : INFO : SwitchController : <<<<<<< 's_left_inlane_far' inactive >>>>>>>
2022-08-21 20:01:58,816 : INFO : EventManager : Event: ======'player_combos_combo_timer_tick'====== Args={'value': 5, 'prev_value': 6, 'change': -1, 'player_num': 1}
2022-08-21 20:01:58,817 : INFO : EventManager : Event: ======'timer_combo_timer_tick'====== Args={'ticks': 5, 'ticks_remaining': 5}
2022-08-21 20:01:59,315 : INFO : EventManager : Event: ======'player_combos_combo_timer_tick'====== Args={'value': 4, 'prev_value': 5, 'change': -1, 'player_num': 1}
2022-08-21 20:01:59,316 : INFO : EventManager : Event: ======'timer_combo_timer_tick'====== Args={'ticks': 4, 'ticks_remaining': 4}
2022-08-21 20:01:59,503 : INFO : EventManager : Event: ======'player_playfield_multiplier_playfield_x_timer_tick'====== Args={'value': 74, 'prev_value': 0, 'change': 74, 'player_num': 1}
2022-08-21 20:01:59,504 : INFO : EventManager : Event: ======'timer_playfield_x_timer_tick'====== Args={'ticks': 74, 'ticks_remaining': 74}
2022-08-21 20:01:59,504 : INFO : EventManager : Event: ======'player_playfield_x_timer_seconds'====== Args={'value': 74, 'prev_value': 75, 'change': -1, 'player_num': 1}
2022-08-21 20:01:59,815 : INFO : EventManager : Event: ======'player_combos_combo_timer_tick'====== Args={'value': 3, 'prev_value': 4, 'change': -1, 'player_num': 1}
2022-08-21 20:01:59,816 : INFO : EventManager : Event: ======'timer_combo_timer_tick'====== Args={'ticks': 3, 'ticks_remaining': 3}
2022-08-21 20:02:00,314 : INFO : EventManager : Event: ======'player_combos_combo_timer_tick'====== Args={'value': 2, 'prev_value': 3, 'change': -1, 'player_num': 1}
2022-08-21 20:02:00,315 : INFO : EventManager : Event: ======'timer_combo_timer_tick'====== Args={'ticks': 2, 'ticks_remaining': 2}
2022-08-21 20:02:00,704 : INFO : EventManager : Event: ======'player_playfield_multiplier_playfield_x_timer_tick'====== Args={'value': 73, 'prev_value': 74, 'change': -1, 'player_num': 1}
2022-08-21 20:02:00,705 : INFO : EventManager : Event: ======'timer_playfield_x_timer_tick'====== Args={'ticks': 73, 'ticks_remaining': 73}
2022-08-21 20:02:00,705 : INFO : EventManager : Event: ======'player_playfield_x_timer_seconds'====== Args={'value': 73, 'prev_value': 74, 'change': -1, 'player_num': 1}
2022-08-21 20:02:00,813 : INFO : EventManager : Event: ======'player_combos_combo_timer_tick'====== Args={'value': 1, 'prev_value': 2, 'change': -1, 'player_num': 1}
2022-08-21 20:02:00,814 : INFO : EventManager : Event: ======'timer_combo_timer_tick'====== Args={'ticks': 1, 'ticks_remaining': 1}
2022-08-21 20:02:01,312 : INFO : EventManager : Event: ======'player_combos_combo_timer_tick'====== Args={'value': 0, 'prev_value': 1, 'change': -1, 'player_num': 1}
2022-08-21 20:02:01,313 : INFO : Timer.combo_timer : Timer Complete
2022-08-21 20:02:01,313 : INFO : Timer.combo_timer : Stopping Timer
2022-08-21 20:02:01,313 : INFO : EventManager : Event: ======'timer_combo_timer_stopped'====== Args={'ticks': 0, 'ticks_remaining': 1}
2022-08-21 20:02:01,313 : INFO : EventManager : Event: ======'timer_combo_timer_complete'====== Args={'ticks': 0, 'ticks_remaining': 1}
2022-08-21 20:02:01,905 : INFO : EventManager : Event: ======'player_playfield_multiplier_playfield_x_timer_tick'====== Args={'value': 72, 'prev_value': 73, 'change': -1, 'player_num': 1}
2022-08-21 20:02:01,906 : INFO : EventManager : Event: ======'timer_playfield_x_timer_tick'====== Args={'ticks': 72, 'ticks_remaining': 72}
2022-08-21 20:02:01,906 : INFO : EventManager : Event: ======'player_playfield_x_timer_seconds'====== Args={'value': 72, 'prev_value': 73, 'change': -1, 'player_num': 1}
2022-08-21 20:02:03,106 : INFO : EventManager : Event: ======'player_playfield_multiplier_playfield_x_timer_tick'====== Args={'value': 71, 'prev_value': 72, 'change': -1, 'player_num': 1}
2022-08-21 20:02:03,107 : INFO : EventManager : Event: ======'timer_playfield_x_timer_tick'====== Args={'ticks': 71, 'ticks_remaining': 71}
2022-08-21 20:02:03,107 : INFO : EventManager : Event: ======'player_playfield_x_timer_seconds'====== Args={'value': 71, 'prev_value': 72, 'change': -1, 'player_num': 1}
2022-08-21 20:02:04,307 : INFO : EventManager : Event: ======'player_playfield_multiplier_playfield_x_timer_tick'====== Args={'value': 70, 'prev_value': 71, 'change': -1, 'player_num': 1}
2022-08-21 20:02:04,308 : INFO : EventManager : Event: ======'timer_playfield_x_timer_tick'====== Args={'ticks': 70, 'ticks_remaining': 70}
2022-08-21 20:02:04,308 : INFO : EventManager : Event: ======'player_playfield_x_timer_seconds'====== Args={'value': 70, 'prev_value': 71, 'change': -1, 'player_num': 1}
2022-08-21 20:02:04,885 : INFO : SwitchController : <<<<<<< 's_left_flipper' active >>>>>>>
2022-08-21 20:02:04,885 : INFO : EventManager : Event: ======'s_left_flipper_active'====== Args={}
2022-08-21 20:02:04,886 : INFO : EventManager : Event: ======'machine_var_audits_switches_s_left_flipper'====== Args={'value': 34283, 'prev_value': 34282, 'change': 1}
2022-08-21 20:02:04,892 : INFO : EventManager : Event: ======'player_shot_l_lane'====== Args={'value': 1, 'prev_value': 0, 'change': 1, 'player_num': 1}
2022-08-21 20:02:04,897 : INFO : EventManager : Event: ======'player_shot_r_lane'====== Args={'value': 0, 'prev_value': 1, 'change': -1, 'player_num': 1}
2022-08-21 20:02:04,917 : INFO : SwitchController : <<<<<<< 's_left_flipper' inactive >>>>>>>
2022-08-21 20:02:05,508 : INFO : EventManager : Event: ======'player_playfield_multiplier_playfield_x_timer_tick'====== Args={'value': 69, 'prev_value': 70, 'change': -1, 'player_num': 1}
2022-08-21 20:02:05,509 : INFO : EventManager : Event: ======'timer_playfield_x_timer_tick'====== Args={'ticks': 69, 'ticks_remaining': 69}
2022-08-21 20:02:05,509 : INFO : EventManager : Event: ======'player_playfield_x_timer_seconds'====== Args={'value': 69, 'prev_value': 70, 'change': -1, 'player_num': 1}
2022-08-21 20:02:06,709 : INFO : EventManager : Event: ======'player_playfield_multiplier_playfield_x_timer_tick'====== Args={'value': 68, 'prev_value': 69, 'change': -1, 'player_num': 1}
2022-08-21 20:02:06,709 : INFO : EventManager : Event: ======'timer_playfield_x_timer_tick'====== Args={'ticks': 68, 'ticks_remaining': 68}
2022-08-21 20:02:06,710 : INFO : EventManager : Event: ======'player_playfield_x_timer_seconds'====== Args={'value': 68, 'prev_value': 69, 'change': -1, 'player_num': 1}
2022-08-21 20:02:07,596 : INFO : Machine : Shutting down...
2022-08-21 20:02:07,596 : INFO : EventManager : Event: ======'shutdown'====== Args={}
2022-08-21 20:02:07,628 : WARNING : FAST : Port NET received more messages than were sent! Resetting!
2022-08-21 20:02:07,628 : WARNING : FAST : Port RGB received more messages than were sent! Resetting!
2022-08-21 20:02:07,628 : WARNING : FAST : Received unknown serial command? BX:P from RGB.
2022-08-21 20:02:07,706 : ERROR : FAST : Stop called on serial connection com7
2022-08-21 20:02:07,706 : ERROR : FAST : Stop called on serial connection com8
2022-08-21 20:02:07,924 : INFO : root : MPF run loop ended.
