2022-09-10 13:37:11,850 : INFO : root : Loading config.
2022-09-10 13:37:12,369 : INFO : ConfigProcessor : Config spec file cache created: C:\Users\Brendan\AppData\Local\Temp\config_spec.mpf_cache
2022-09-10 13:37:12,369 : INFO : YamlMultifileConfigLoader : Machine config file #1: config.yaml
2022-09-10 13:37:12,370 : WARNING : ConfigProcessor : Config file in cache changed: C:\Baby_pacman_code\machine\config\config.yaml
2022-09-10 13:37:12,370 : INFO : ConfigProcessor : Loading config from file c:\users\brendan\appdata\local\programs\python\python37\lib\site-packages\mpf\mpfconfig.yaml.
2022-09-10 13:37:12,468 : INFO : ConfigProcessor : Loading config: c:\users\brendan\appdata\local\programs\python\python37\lib\site-packages\mpf\mpfconfig.yaml
2022-09-10 13:37:12,469 : INFO : ConfigProcessor : Loading config from file C:\Baby_pacman_code\machine\config\config.yaml.
2022-09-10 13:37:12,600 : INFO : ConfigProcessor : Loading config: C:\Baby_pacman_code\machine\config\config.yaml
2022-09-10 13:37:12,604 : INFO : ConfigProcessor : Config file cache created: C:\Users\Brendan\AppData\Local\Temp\bccefe987bb586eace29905fa80cab57.mpf_cache
2022-09-10 13:37:12,659 : INFO : ConfigProcessor : Loading config from cache: C:\Users\Brendan\AppData\Local\Temp\467e7647689d29fad6adf949e1f4d51d.mpf_cache
2022-09-10 13:37:12,660 : INFO : ConfigProcessor : Loading config from cache: C:\Users\Brendan\AppData\Local\Temp\5550e037aa776b42b91b29b40b356c70.mpf_cache
2022-09-10 13:37:12,661 : INFO : ConfigProcessor : Loading config from cache: C:\Users\Brendan\AppData\Local\Temp\15e0c601392b30c3d9ba3ead8131edb5.mpf_cache
2022-09-10 13:37:12,662 : INFO : ConfigProcessor : Loading config from cache: C:\Users\Brendan\AppData\Local\Temp\0bf50917c4ef15ab65ee13d6c14e7d7c.mpf_cache
2022-09-10 13:37:12,662 : INFO : ConfigProcessor : Loading config from cache: C:\Users\Brendan\AppData\Local\Temp\bc7da7b13b2754e080c2afa0678ac274.mpf_cache
2022-09-10 13:37:12,663 : INFO : ConfigProcessor : Loading config from cache: C:\Users\Brendan\AppData\Local\Temp\bbd59d0bb6602ee0c5a89d6f85e6dd42.mpf_cache
2022-09-10 13:37:12,664 : INFO : ConfigProcessor : Loading config from cache: C:\Users\Brendan\AppData\Local\Temp\5526c78976fee311c3d05505d75f653d.mpf_cache
2022-09-10 13:37:12,665 : INFO : ConfigProcessor : Loading config from cache: C:\Users\Brendan\AppData\Local\Temp\6e95138ae5415fc76b53ebf8fa245fb5.mpf_cache
2022-09-10 13:37:12,665 : INFO : ConfigProcessor : Loading config from cache: C:\Users\Brendan\AppData\Local\Temp\1ec1c4dffb383758956493783a9ed391.mpf_cache
2022-09-10 13:37:12,666 : INFO : ConfigProcessor : Loading config from cache: C:\Users\Brendan\AppData\Local\Temp\f2aee92728c8017b77c710c804dd7f5a.mpf_cache
2022-09-10 13:37:12,667 : INFO : ConfigProcessor : Loading config from cache: C:\Users\Brendan\AppData\Local\Temp\88f57fa1305e9dc100972ec9f84d57fe.mpf_cache
2022-09-10 13:37:12,668 : INFO : ConfigProcessor : Loading config from cache: C:\Users\Brendan\AppData\Local\Temp\6e00a9d794d4c3f43a0fc48da04dac60.mpf_cache
2022-09-10 13:37:12,669 : INFO : ConfigProcessor : Loading config from cache: C:\Users\Brendan\AppData\Local\Temp\05ef98219fc733c3bcab58726c4b37ef.mpf_cache
2022-09-10 13:37:12,669 : INFO : ConfigProcessor : Loading config from cache: C:\Users\Brendan\AppData\Local\Temp\c22d657a5a7bb60632c2be2c735e073b.mpf_cache
2022-09-10 13:37:12,670 : INFO : ConfigProcessor : Loading config from cache: C:\Users\Brendan\AppData\Local\Temp\f7d4f5eb9425fe84d2e83a363afd4bdf.mpf_cache
2022-09-10 13:37:12,671 : INFO : ConfigProcessor : Loading config from cache: C:\Users\Brendan\AppData\Local\Temp\125f51d329f930ea7bff10973551cc26.mpf_cache
2022-09-10 13:37:12,672 : INFO : ConfigProcessor : Loading config from cache: C:\Users\Brendan\AppData\Local\Temp\08e18dfdf4e02cd29cc0cc52be2faaf4.mpf_cache
2022-09-10 13:37:12,672 : INFO : ConfigProcessor : Loading config from cache: C:\Users\Brendan\AppData\Local\Temp\f042f5bf6362b9e04d43b40b93a92057.mpf_cache
2022-09-10 13:37:12,673 : INFO : ConfigProcessor : Loading config from cache: C:\Users\Brendan\AppData\Local\Temp\60badac06cd62deb71f25fac24b103c2.mpf_cache
2022-09-10 13:37:12,674 : INFO : ConfigProcessor : Loading config from cache: C:\Users\Brendan\AppData\Local\Temp\a3ad1aeb679a0686901de8a6ffe784f0.mpf_cache
2022-09-10 13:37:12,675 : INFO : ConfigProcessor : Loading config from cache: C:\Users\Brendan\AppData\Local\Temp\d7856287e4ec48fb5adaa65e5f7b2848.mpf_cache
2022-09-10 13:37:12,676 : INFO : ConfigProcessor : Loading config from file C:\Baby_pacman_code\machine\modes\mini_wizard\config\mini_wizard.yaml.
2022-09-10 13:37:12,678 : INFO : ConfigProcessor : Loading config: C:\Baby_pacman_code\machine\modes\mini_wizard\config\mini_wizard.yaml
2022-09-10 13:38:19,604 : ERROR : root : Shutdown because of SIGINT or keyboard interrupt.
Traceback (most recent call last):
  File "c:\users\brendan\appdata\local\programs\python\python37\lib\site-packages\mpf\commands\game.py", line 230, in __init__
    config = config_loader.load_mpf_config()
  File "c:\users\brendan\appdata\local\programs\python\python37\lib\site-packages\mpf\core\config_loader.py", line 155, in load_mpf_config
    mode_config = self._load_modes(config_spec, machine_config)
  File "c:\users\brendan\appdata\local\programs\python\python37\lib\site-packages\mpf\core\config_loader.py", line 218, in _load_modes
    ignore_unknown_sections=ignore_unknown_sections)
  File "c:\users\brendan\appdata\local\programs\python\python37\lib\site-packages\mpf\core\config_processor.py", line 125, in load_config_files_with_cache
    config_spec=config_spec)
  File "c:\users\brendan\appdata\local\programs\python\python37\lib\site-packages\mpf\core\config_processor.py", line 191, in _load_config_file_and_return_loaded_files
    self._check_sections(config_spec, config, config_type, filename, ignore_unknown_sections)
  File "c:\users\brendan\appdata\local\programs\python\python37\lib\site-packages\mpf\core\config_processor.py", line 171, in _check_sections
    filename)
mpf.exceptions.config_file_error.ConfigFileError: Config File Error in ConfigProcessor: Found a "start_events:" section in config file C:\Baby_pacman_code\machine\modes\mini_wizard\config\mini_wizard.yaml, but that section name is unknown. Did you mean "achievements:" instead?. Context: C:\Baby_pacman_code\machine\modes\mini_wizard\config\mini_wizard.yaml Error Code: CFE-ConfigProcessor-3 (https://docs.missionpinball.org/en/0.55/logs/CFE-ConfigProcessor-3.html)
