2022-08-21 20:44:20,406 : INFO : root : Loading config.
2022-08-21 20:44:20,936 : INFO : ConfigProcessor : Config spec file cache created: C:\Users\Brendan\AppData\Local\Temp\config_spec.mpf_cache
2022-08-21 20:44:20,936 : INFO : YamlMultifileConfigLoader : Machine config file #1: config.yaml
2022-08-21 20:44:20,937 : INFO : ConfigProcessor : Loading config from cache: C:\Users\Brendan\AppData\Local\Temp\bccefe987bb586eace29905fa80cab57.mpf_cache
2022-08-21 20:44:20,993 : INFO : ConfigProcessor : Loading config from cache: C:\Users\Brendan\AppData\Local\Temp\467e7647689d29fad6adf949e1f4d51d.mpf_cache
2022-08-21 20:44:20,994 : INFO : ConfigProcessor : Loading config from cache: C:\Users\Brendan\AppData\Local\Temp\5550e037aa776b42b91b29b40b356c70.mpf_cache
2022-08-21 20:44:20,995 : INFO : ConfigProcessor : Loading config from cache: C:\Users\Brendan\AppData\Local\Temp\15e0c601392b30c3d9ba3ead8131edb5.mpf_cache
2022-08-21 20:44:20,996 : INFO : ConfigProcessor : Loading config from cache: C:\Users\Brendan\AppData\Local\Temp\0bf50917c4ef15ab65ee13d6c14e7d7c.mpf_cache
2022-08-21 20:44:20,997 : INFO : ConfigProcessor : Loading config from cache: C:\Users\Brendan\AppData\Local\Temp\bc7da7b13b2754e080c2afa0678ac274.mpf_cache
2022-08-21 20:44:20,998 : INFO : ConfigProcessor : Loading config from cache: C:\Users\Brendan\AppData\Local\Temp\bbd59d0bb6602ee0c5a89d6f85e6dd42.mpf_cache
2022-08-21 20:44:20,999 : INFO : ConfigProcessor : Loading config from cache: C:\Users\Brendan\AppData\Local\Temp\5526c78976fee311c3d05505d75f653d.mpf_cache
2022-08-21 20:44:20,999 : INFO : ConfigProcessor : Loading config from cache: C:\Users\Brendan\AppData\Local\Temp\6e95138ae5415fc76b53ebf8fa245fb5.mpf_cache
2022-08-21 20:44:21,000 : INFO : ConfigProcessor : Loading config from cache: C:\Users\Brendan\AppData\Local\Temp\1ec1c4dffb383758956493783a9ed391.mpf_cache
2022-08-21 20:44:21,001 : INFO : ConfigProcessor : Loading config from cache: C:\Users\Brendan\AppData\Local\Temp\f2aee92728c8017b77c710c804dd7f5a.mpf_cache
2022-08-21 20:44:21,002 : INFO : ConfigProcessor : Loading config from cache: C:\Users\Brendan\AppData\Local\Temp\88f57fa1305e9dc100972ec9f84d57fe.mpf_cache
2022-08-21 20:44:21,003 : INFO : ConfigProcessor : Loading config from cache: C:\Users\Brendan\AppData\Local\Temp\6e00a9d794d4c3f43a0fc48da04dac60.mpf_cache
2022-08-21 20:44:21,004 : INFO : ConfigProcessor : Loading config from cache: C:\Users\Brendan\AppData\Local\Temp\05ef98219fc733c3bcab58726c4b37ef.mpf_cache
2022-08-21 20:44:21,005 : INFO : ConfigProcessor : Loading config from cache: C:\Users\Brendan\AppData\Local\Temp\c22d657a5a7bb60632c2be2c735e073b.mpf_cache
2022-08-21 20:44:21,006 : INFO : ConfigProcessor : Loading config from cache: C:\Users\Brendan\AppData\Local\Temp\f7d4f5eb9425fe84d2e83a363afd4bdf.mpf_cache
2022-08-21 20:44:21,006 : INFO : ConfigProcessor : Loading config from cache: C:\Users\Brendan\AppData\Local\Temp\125f51d329f930ea7bff10973551cc26.mpf_cache
2022-08-21 20:44:21,007 : INFO : ConfigProcessor : Loading config from cache: C:\Users\Brendan\AppData\Local\Temp\08e18dfdf4e02cd29cc0cc52be2faaf4.mpf_cache
2022-08-21 20:44:21,008 : INFO : ConfigProcessor : Loading config from cache: C:\Users\Brendan\AppData\Local\Temp\f042f5bf6362b9e04d43b40b93a92057.mpf_cache
2022-08-21 20:44:21,009 : INFO : ConfigProcessor : Loading config from cache: C:\Users\Brendan\AppData\Local\Temp\60badac06cd62deb71f25fac24b103c2.mpf_cache
2022-08-21 20:44:21,009 : INFO : ConfigProcessor : Loading config from cache: C:\Users\Brendan\AppData\Local\Temp\a3ad1aeb679a0686901de8a6ffe784f0.mpf_cache
2022-08-21 20:44:21,010 : WARNING : ConfigProcessor : Config file in cache changed: C:\Baby_pacman_code\machine\modes\playfield_multiplier\config\playfield_multiplier.yaml
2022-08-21 20:44:21,010 : INFO : ConfigProcessor : Loading config from file C:\Baby_pacman_code\machine\modes\playfield_multiplier\config\playfield_multiplier.yaml.
2022-08-21 20:44:21,027 : INFO : ConfigProcessor : Loading config: C:\Baby_pacman_code\machine\modes\playfield_multiplier\config\playfield_multiplier.yaml
2022-08-21 20:44:21,028 : INFO : ConfigProcessor : Config file cache created: C:\Users\Brendan\AppData\Local\Temp\d7856287e4ec48fb5adaa65e5f7b2848.mpf_cache
2022-08-21 20:44:21,028 : INFO : ConfigProcessor : Loading config from cache: C:\Users\Brendan\AppData\Local\Temp\4849f32e60febd99d83791f2417d9a0f.mpf_cache
2022-08-21 20:44:21,029 : INFO : ConfigProcessor : Loading config from cache: C:\Users\Brendan\AppData\Local\Temp\942a9c8af084c06606ececc74db0a30f.mpf_cache
2022-08-21 20:44:21,030 : INFO : ConfigProcessor : Loading config from cache: C:\Users\Brendan\AppData\Local\Temp\d3a5f9b6ba13782c30d3f4f7e40a9dcf.mpf_cache
2022-08-21 20:44:21,031 : INFO : ConfigProcessor : Loading config from cache: C:\Users\Brendan\AppData\Local\Temp\bb2305c107159ac261738ee6fa5177f9.mpf_cache
2022-08-21 20:44:21,031 : INFO : ConfigProcessor : Loading config from cache: C:\Users\Brendan\AppData\Local\Temp\5e8fe62f7d4a280c75af4e016e79234a.mpf_cache
2022-08-21 20:44:21,032 : INFO : ConfigProcessor : Loading config from cache: C:\Users\Brendan\AppData\Local\Temp\7934ad8984867b043b25c8f1f16418da.mpf_cache
2022-08-21 20:44:21,032 : INFO : ConfigProcessor : Loading config from cache: C:\Users\Brendan\AppData\Local\Temp\201f4c0a0d10e05df2979372d05b639d.mpf_cache
2022-08-21 20:44:21,033 : INFO : ConfigProcessor : Loading config from cache: C:\Users\Brendan\AppData\Local\Temp\29084e75e573608c6a2e9d91f8c2e516.mpf_cache
2022-08-21 20:44:21,034 : INFO : ConfigProcessor : Loading config from cache: C:\Users\Brendan\AppData\Local\Temp\c1a52d9ec6beffcf3a0c74172f4f1789.mpf_cache
2022-08-21 20:44:21,035 : INFO : ConfigProcessor : Loading config from cache: C:\Users\Brendan\AppData\Local\Temp\1a7cfdccecce53cd51775700aa921808.mpf_cache
2022-08-21 20:44:21,036 : INFO : ConfigProcessor : Loading config from cache: C:\Users\Brendan\AppData\Local\Temp\bbeb6a5751b9d2029aa6e8633936e040.mpf_cache
2022-08-21 20:44:21,036 : INFO : ConfigProcessor : Loading config from cache: C:\Users\Brendan\AppData\Local\Temp\396defae609afab4d6d7399595fd494b.mpf_cache
2022-08-21 20:44:21,037 : INFO : ConfigProcessor : Loading config from cache: C:\Users\Brendan\AppData\Local\Temp\df5b128cf73808572dcd58af6b99a12a.mpf_cache
2022-08-21 20:44:21,038 : INFO : ConfigProcessor : Loading config from cache: C:\Users\Brendan\AppData\Local\Temp\b16abd66a20b52f76df13eb007a93cde.mpf_cache
2022-08-21 20:44:21,039 : INFO : ConfigProcessor : Loading config from cache: C:\Users\Brendan\AppData\Local\Temp\09ddf149c2750d0dc18124afb4ec1692.mpf_cache
2022-08-21 20:44:21,039 : INFO : ConfigProcessor : Loading config from cache: C:\Users\Brendan\AppData\Local\Temp\dc261f740d4fb0b58874215bc05837b4.mpf_cache
2022-08-21 20:44:21,040 : INFO : ConfigProcessor : Loading config from cache: C:\Users\Brendan\AppData\Local\Temp\fd5b67850c190931870595f7ba331325.mpf_cache
2022-08-21 20:44:21,040 : INFO : ConfigProcessor : Loading config from cache: C:\Users\Brendan\AppData\Local\Temp\7fa0bf6f8a3d06d96f9daba2d24e8451.mpf_cache
2022-08-21 20:44:21,041 : INFO : ConfigProcessor : Loading config from cache: C:\Users\Brendan\AppData\Local\Temp\17652c03725ec0d5dc66b35abdc504c5.mpf_cache
2022-08-21 20:44:21,042 : INFO : ConfigProcessor : Loading config from cache: C:\Users\Brendan\AppData\Local\Temp\f6549f0a1a12987384ccc86b9df17004.mpf_cache
2022-08-21 20:44:21,042 : INFO : ConfigProcessor : Loading config from cache: C:\Users\Brendan\AppData\Local\Temp\d416d6f9f35dec068a811f18f969a8db.mpf_cache
2022-08-21 20:44:21,044 : INFO : ConfigProcessor : Loading config from cache: C:\Users\Brendan\AppData\Local\Temp\2cbb22f93ff96ef242a9a2d7465f7b14.mpf_cache
2022-08-21 20:44:21,044 : INFO : ConfigProcessor : Loading config from cache: C:\Users\Brendan\AppData\Local\Temp\5b43fbcb021f3ce97d73fdb8a470eae4.mpf_cache
2022-08-21 20:44:21,045 : INFO : ConfigProcessor : Loading config from cache: C:\Users\Brendan\AppData\Local\Temp\6d994d077edad00fe01353c1bfbf6638.mpf_cache
2022-08-21 20:44:21,046 : INFO : ConfigProcessor : Loading config from cache: C:\Users\Brendan\AppData\Local\Temp\df6e37541f81fc1a6e02dbcf98e0d10b.mpf_cache
2022-08-21 20:44:21,046 : INFO : ConfigProcessor : Loading config from cache: C:\Users\Brendan\AppData\Local\Temp\c5e911b563ca93c8e10ce7743f92e657.mpf_cache
2022-08-21 20:44:21,047 : INFO : ConfigProcessor : Loading config from cache: C:\Users\Brendan\AppData\Local\Temp\99ecafb2993dab1e69369c4f69529b6f.mpf_cache
2022-08-21 20:44:21,048 : INFO : ConfigProcessor : Loading config from cache: C:\Users\Brendan\AppData\Local\Temp\57f2f8973b8bd58edd1d215976151c60.mpf_cache
2022-08-21 20:44:21,048 : INFO : ConfigProcessor : Loading config from cache: C:\Users\Brendan\AppData\Local\Temp\19f702536b27ff66106645e85afb027e.mpf_cache
2022-08-21 20:44:21,049 : INFO : ConfigProcessor : Loading config from cache: C:\Users\Brendan\AppData\Local\Temp\c17101e4486856bd6430e66412997ee7.mpf_cache
2022-08-21 20:44:21,050 : INFO : ConfigProcessor : Loading config from cache: C:\Users\Brendan\AppData\Local\Temp\c5b3b18e965344eb40bdf988f6d052aa.mpf_cache
2022-08-21 20:44:21,052 : INFO : Machine : Mission Pinball Framework Core Engine v0.55.0
2022-08-21 20:44:21,052 : INFO : Machine : Command line arguments: {'no_load_cache': False, 'create_config_cache': True, 'bcp': True, 'configfile': ['config.yaml'], 'force_assets_load': False, 'jsonlogging': False, 'logfile': 'logs\\2022-08-21-20-44-20-mpf-Pinball-PC.log', 'pause': False, 'production': False, 'text_ui': True, 'loglevel': 15, 'consoleloglevel': 20, 'force_platform': None, 'syslog_address': None, 'mc_file_name': None, 'no_sound': False}
2022-08-21 20:44:21,052 : INFO : Machine : MPF path: c:\users\brendan\appdata\local\programs\python\python37\lib\site-packages\mpf
2022-08-21 20:44:21,052 : INFO : Machine : Machine path: C:\Baby_pacman_code\machine
2022-08-21 20:44:21,052 : INFO : Machine : Platform: win32
2022-08-21 20:44:21,052 : INFO : Machine : Python executable location: c:\users\brendan\appdata\local\programs\python\python37\python.exe
2022-08-21 20:44:21,052 : INFO : Machine : Python version: 3.7.8 (64-bit)
2022-08-21 20:44:21,054 : INFO : Machine : Initialise MPF.
2022-08-21 20:44:21,204 : INFO : FAST : Connecting to com7 at 921600bps
2022-08-21 20:44:21,253 : INFO : FAST : Connected! Processor: NET, Board Type: FP-CPU-002-2, Firmware: 01.05
2022-08-21 20:44:21,253 : INFO : EventManager : Event: ======'machine_var_fast_net_firmware'====== Args={'value': '01.05', 'prev_value': None, 'change': True}
2022-08-21 20:44:21,253 : INFO : EventManager : Event: ======'machine_var_fast_net_model'====== Args={'value': 'FP-CPU-002-2', 'prev_value': None, 'change': True}
2022-08-21 20:44:23,614 : WARNING : FAST : Got unexpected message from FAST: -N:06
2022-08-21 20:44:23,614 : WARNING : FAST : Got unexpected message from FAST: -N:13
2022-08-21 20:44:23,654 : INFO : FAST : Connecting to com8 at 921600bps
2022-08-21 20:44:23,701 : INFO : FAST : Connected! Processor: RGB, Board Type: FP-CPU-002-2, Firmware: 01.00
2022-08-21 20:44:23,701 : INFO : EventManager : Event: ======'machine_var_fast_rgb_firmware'====== Args={'value': '01.00', 'prev_value': None, 'change': True}
2022-08-21 20:44:23,702 : INFO : EventManager : Event: ======'machine_var_fast_rgb_model'====== Args={'value': 'FP-CPU-002-2', 'prev_value': None, 'change': True}
2022-08-21 20:44:23,702 : INFO : EventManager : Event: ======'machine_var_credits_string'====== Args={'value': 'FREE PLAY', 'prev_value': None, 'change': True}
2022-08-21 20:44:23,783 : INFO : EventManager : Event: ======'machine_var_master_volume'====== Args={'value': 0.5, 'prev_value': None, 'change': True}
2022-08-21 20:44:23,783 : INFO : EventManager : Event: ======'machine_var_player1_score'====== Args={'value': 92560, 'prev_value': None, 'change': True}
2022-08-21 20:44:23,783 : INFO : EventManager : Event: ======'machine_var_player2_score'====== Args={'value': 0, 'prev_value': None, 'change': True}
2022-08-21 20:44:23,783 : INFO : EventManager : Event: ======'machine_var_mpf_version'====== Args={'value': 'MPF v0.55.0', 'prev_value': None, 'change': True}
2022-08-21 20:44:23,783 : INFO : EventManager : Event: ======'machine_var_mpf_extended_version'====== Args={'value': 'MPF v0.55.0, Config version:5, Show version: 5, BCP version:1.1', 'prev_value': None, 'change': True}
2022-08-21 20:44:23,783 : INFO : EventManager : Event: ======'machine_var_python_version'====== Args={'value': '3.7.8', 'prev_value': None, 'change': True}
2022-08-21 20:44:23,784 : INFO : EventManager : Event: ======'machine_var_platform'====== Args={'value': 'Windows-7-6.1.7601-SP1', 'prev_value': None, 'change': True}
2022-08-21 20:44:23,784 : INFO : EventManager : Event: ======'machine_var_platform_system'====== Args={'value': 'Windows', 'prev_value': None, 'change': True}
2022-08-21 20:44:23,784 : INFO : EventManager : Event: ======'machine_var_platform_release'====== Args={'value': '7', 'prev_value': None, 'change': True}
2022-08-21 20:44:23,784 : INFO : EventManager : Event: ======'machine_var_platform_version'====== Args={'value': '6.1.7601', 'prev_value': None, 'change': True}
2022-08-21 20:44:23,784 : INFO : EventManager : Event: ======'machine_var_platform_machine'====== Args={'value': 'AMD64', 'prev_value': None, 'change': True}
2022-08-21 20:44:23,784 : INFO : EventManager : Event: ======'init_phase_1'====== Args={}
2022-08-21 20:44:23,862 : INFO : EventManager : Event: ======'drop_target_bank_main_up'====== Args={}
2022-08-21 20:44:23,867 : INFO : EventManager : Event: ======'init_phase_2'====== Args={}
2022-08-21 20:44:23,867 : INFO : SwitchController : Found active switch: (('06', 1), <Platform.FAST>) <switch.s_right_captive_ball>
2022-08-21 20:44:23,868 : INFO : SwitchController : Found active switch: (('13', 1), <Platform.FAST>) <switch.s_drain>
2022-08-21 20:44:23,907 : INFO : EventManager : Event: ======'bcp_connection_attempt'====== Args={'name': 'local_display', 'host': 'localhost', 'port': 5050}
2022-08-21 20:44:23,909 : INFO : BCPClientSocket : Connecting BCP to 'local_display' at localhost:5050...
2022-08-21 20:44:24,909 : WARNING : FAST : Port com7 was blocked for more than 1s. Reseting send queue! If this happens frequently report a bug!
2022-08-21 20:44:25,907 : WARNING : FAST : Port com7 was blocked for more than 1s. Reseting send queue! If this happens frequently report a bug!
2022-08-21 20:44:27,003 : INFO : BCPClientSocket : Connected BCP to 'local_display' localhost:5050
2022-08-21 20:44:27,005 : INFO : EventManager : Event: ======'bcp_clients_connected'====== Args={}
2022-08-21 20:44:27,018 : INFO : ball_device.bd_drain : BCH: Initial count: 1
2022-08-21 20:44:27,019 : INFO : EventManager : Event: ======'machine_var_mc_version'====== Args={'value': 'MPF-MC v0.55.0', 'prev_value': None, 'change': True}
2022-08-21 20:44:27,019 : INFO : EventManager : Event: ======'machine_var_mc_extended_version'====== Args={'value': 'MPF-MC v0.55.0 (config_version=5, BCP v1.1, Requires MPF v0.55.0-dev.49)', 'prev_value': None, 'change': True}
2022-08-21 20:44:27,024 : INFO : ball_device.bd_drain : State: idle
2022-08-21 20:44:27,046 : INFO : ball_device.bd_left_kicker : BCH: Initial count: 0
2022-08-21 20:44:27,047 : INFO : ball_device.bd_left_kicker : State: idle
2022-08-21 20:44:27,047 : INFO : ball_device.bd_right_kicker : BCH: Initial count: 0
2022-08-21 20:44:27,048 : INFO : ball_device.bd_right_kicker : State: idle
2022-08-21 20:44:27,119 : INFO : EventManager : Event: ======'init_phase_3'====== Args={}
2022-08-21 20:44:27,518 : INFO : EventManager : Event: ======'init_phase_4'====== Args={}
2022-08-21 20:44:27,523 : INFO : EventManager : Event: ======'playfield_active'====== Args={}
2022-08-21 20:44:27,523 : INFO : EventManager : Event: ======'unexpected_ball_on_playfield'====== Args={}
2022-08-21 20:44:27,523 : INFO : EventManager : Event: ======'playfield_active'====== Args={}
2022-08-21 20:44:27,523 : INFO : EventManager : Event: ======'unexpected_ball_on_playfield'====== Args={}
2022-08-21 20:44:27,523 : INFO : EventManager : Event: ======'playfield_active'====== Args={}
2022-08-21 20:44:27,523 : INFO : EventManager : Event: ======'unexpected_ball_on_playfield'====== Args={}
2022-08-21 20:44:27,524 : INFO : EventManager : Event: ======'playfield_active'====== Args={}
2022-08-21 20:44:27,524 : INFO : EventManager : Event: ======'unexpected_ball_on_playfield'====== Args={}
2022-08-21 20:44:27,524 : INFO : EventManager : Event: ======'playfield_active'====== Args={}
2022-08-21 20:44:27,524 : INFO : EventManager : Event: ======'unexpected_ball_on_playfield'====== Args={}
2022-08-21 20:44:27,524 : INFO : BallController : Initial balls found: 1
2022-08-21 20:44:27,526 : INFO : EventManager : Event: ======'machine_var_audits_events_game_ended'====== Args={'value': 0, 'prev_value': None, 'change': True}
2022-08-21 20:44:27,527 : INFO : EventManager : Event: ======'machine_var_audits_events_game_started'====== Args={'value': 0, 'prev_value': None, 'change': True}
2022-08-21 20:44:27,527 : INFO : EventManager : Event: ======'machine_var_audits_player_score'====== Args={'value': {'average': 10282935.08532423, 'top': [198719690, 195274570, 161094530, 160419680, 140071820, 132769060, 132262360, 127113160, 121863670, 115954110], 'total': 586}, 'prev_value': None, 'change': True}
2022-08-21 20:44:27,527 : INFO : EventManager : Event: ======'machine_var_audits_shots_center_drop_mission1'====== Args={'value': 527, 'prev_value': None, 'change': True}
2022-08-21 20:44:27,528 : INFO : EventManager : Event: ======'machine_var_audits_shots_center_target'====== Args={'value': 128, 'prev_value': None, 'change': True}
2022-08-21 20:44:27,528 : INFO : EventManager : Event: ======'machine_var_audits_shots_drop_target1_mission2'====== Args={'value': 221, 'prev_value': None, 'change': True}
2022-08-21 20:44:27,528 : INFO : EventManager : Event: ======'machine_var_audits_shots_drop_target2_mission2'====== Args={'value': 256, 'prev_value': None, 'change': True}
2022-08-21 20:44:27,529 : INFO : EventManager : Event: ======'machine_var_audits_shots_drop_target3_mission2'====== Args={'value': 299, 'prev_value': None, 'change': True}
2022-08-21 20:44:27,529 : INFO : EventManager : Event: ======'machine_var_audits_shots_drop_target4_mission2'====== Args={'value': 265, 'prev_value': None, 'change': True}
2022-08-21 20:44:27,529 : INFO : EventManager : Event: ======'machine_var_audits_shots_drop_target5_mission2'====== Args={'value': 227, 'prev_value': None, 'change': True}
2022-08-21 20:44:27,530 : INFO : EventManager : Event: ======'machine_var_audits_shots_drop_targets_mission3'====== Args={'value': 1462, 'prev_value': None, 'change': True}
2022-08-21 20:44:27,530 : INFO : EventManager : Event: ======'machine_var_audits_shots_galaxy_advance'====== Args={'value': 2235, 'prev_value': None, 'change': True}
2022-08-21 20:44:27,530 : INFO : EventManager : Event: ======'machine_var_audits_shots_l_lane'====== Args={'value': 611, 'prev_value': None, 'change': True}
2022-08-21 20:44:27,531 : INFO : EventManager : Event: ======'machine_var_audits_shots_left_kicker_mission2'====== Args={'value': 160, 'prev_value': None, 'change': True}
2022-08-21 20:44:27,531 : INFO : EventManager : Event: ======'machine_var_audits_shots_left_kicker_mission4'====== Args={'value': 116, 'prev_value': None, 'change': True}
2022-08-21 20:44:27,532 : INFO : EventManager : Event: ======'machine_var_audits_shots_left_loop_mission1'====== Args={'value': 591, 'prev_value': None, 'change': True}
2022-08-21 20:44:27,532 : INFO : EventManager : Event: ======'machine_var_audits_shots_left_loop_mission2'====== Args={'value': 258, 'prev_value': None, 'change': True}
2022-08-21 20:44:27,532 : INFO : EventManager : Event: ======'machine_var_audits_shots_left_loop_mission4'====== Args={'value': 382, 'prev_value': None, 'change': True}
2022-08-21 20:44:27,533 : INFO : EventManager : Event: ======'machine_var_audits_shots_portal_advance'====== Args={'value': 4588, 'prev_value': None, 'change': True}
2022-08-21 20:44:27,533 : INFO : EventManager : Event: ======'machine_var_audits_shots_r_lane'====== Args={'value': 538, 'prev_value': None, 'change': True}
2022-08-21 20:44:27,533 : INFO : EventManager : Event: ======'machine_var_audits_shots_right_kicker_mission2'====== Args={'value': 134, 'prev_value': None, 'change': True}
2022-08-21 20:44:27,534 : INFO : EventManager : Event: ======'machine_var_audits_shots_right_kicker_mission4'====== Args={'value': 135, 'prev_value': None, 'change': True}
2022-08-21 20:44:27,534 : INFO : EventManager : Event: ======'machine_var_audits_shots_right_loop_mission1'====== Args={'value': 684, 'prev_value': None, 'change': True}
2022-08-21 20:44:27,535 : INFO : EventManager : Event: ======'machine_var_audits_shots_right_loop_mission2'====== Args={'value': 303, 'prev_value': None, 'change': True}
2022-08-21 20:44:27,535 : INFO : EventManager : Event: ======'machine_var_audits_shots_right_loop_mission4'====== Args={'value': 430, 'prev_value': None, 'change': True}
2022-08-21 20:44:27,535 : INFO : EventManager : Event: ======'machine_var_audits_shots_warp_advance'====== Args={'value': 1097, 'prev_value': None, 'change': True}
2022-08-21 20:44:27,536 : INFO : EventManager : Event: ======'machine_var_audits_switches_s_action_button'====== Args={'value': 3968, 'prev_value': None, 'change': True}
2022-08-21 20:44:27,536 : INFO : EventManager : Event: ======'machine_var_audits_switches_s_drain'====== Args={'value': 2731, 'prev_value': None, 'change': True}
2022-08-21 20:44:27,537 : INFO : EventManager : Event: ======'machine_var_audits_switches_s_drop_target1'====== Args={'value': 1844, 'prev_value': None, 'change': True}
2022-08-21 20:44:27,537 : INFO : EventManager : Event: ======'machine_var_audits_switches_s_drop_target2'====== Args={'value': 2150, 'prev_value': None, 'change': True}
2022-08-21 20:44:27,538 : INFO : EventManager : Event: ======'machine_var_audits_switches_s_drop_target3'====== Args={'value': 2573, 'prev_value': None, 'change': True}
2022-08-21 20:44:27,538 : INFO : EventManager : Event: ======'machine_var_audits_switches_s_drop_target4'====== Args={'value': 2056, 'prev_value': None, 'change': True}
2022-08-21 20:44:27,538 : INFO : EventManager : Event: ======'machine_var_audits_switches_s_drop_target5'====== Args={'value': 1941, 'prev_value': None, 'change': True}
2022-08-21 20:44:27,539 : INFO : EventManager : Event: ======'machine_var_audits_switches_s_left_captive_ball'====== Args={'value': 473, 'prev_value': None, 'change': True}
2022-08-21 20:44:27,539 : INFO : EventManager : Event: ======'machine_var_audits_switches_s_left_flipper'====== Args={'value': 34372, 'prev_value': None, 'change': True}
2022-08-21 20:44:27,540 : INFO : EventManager : Event: ======'machine_var_audits_switches_s_left_inlane'====== Args={'value': 611, 'prev_value': None, 'change': True}
2022-08-21 20:44:27,540 : INFO : EventManager : Event: ======'machine_var_audits_switches_s_left_inlane_far'====== Args={'value': 4089, 'prev_value': None, 'change': True}
2022-08-21 20:44:27,541 : INFO : EventManager : Event: ======'machine_var_audits_switches_s_left_kicker'====== Args={'value': 1537, 'prev_value': None, 'change': True}
2022-08-21 20:44:27,541 : INFO : EventManager : Event: ======'machine_var_audits_switches_s_left_sling'====== Args={'value': 6844, 'prev_value': None, 'change': True}
2022-08-21 20:44:27,542 : INFO : EventManager : Event: ======'machine_var_audits_switches_s_left_spinner'====== Args={'value': 20187, 'prev_value': None, 'change': True}
2022-08-21 20:44:27,542 : INFO : EventManager : Event: ======'machine_var_audits_switches_s_right_captive_ball'====== Args={'value': 498, 'prev_value': None, 'change': True}
2022-08-21 20:44:27,542 : INFO : EventManager : Event: ======'machine_var_audits_switches_s_right_flipper'====== Args={'value': 31772, 'prev_value': None, 'change': True}
2022-08-21 20:44:27,543 : INFO : EventManager : Event: ======'machine_var_audits_switches_s_right_inlane'====== Args={'value': 538, 'prev_value': None, 'change': True}
2022-08-21 20:44:27,543 : INFO : EventManager : Event: ======'machine_var_audits_switches_s_right_inlane_far'====== Args={'value': 6179, 'prev_value': None, 'change': True}
2022-08-21 20:44:27,544 : INFO : EventManager : Event: ======'machine_var_audits_switches_s_right_kicker'====== Args={'value': 1699, 'prev_value': None, 'change': True}
2022-08-21 20:44:27,544 : INFO : EventManager : Event: ======'machine_var_audits_switches_s_right_sling'====== Args={'value': 14100, 'prev_value': None, 'change': True}
2022-08-21 20:44:27,545 : INFO : EventManager : Event: ======'machine_var_audits_switches_s_right_spinner'====== Args={'value': 16279, 'prev_value': None, 'change': True}
2022-08-21 20:44:27,545 : INFO : EventManager : Event: ======'machine_var_audits_switches_s_start'====== Args={'value': 406, 'prev_value': None, 'change': True}
2022-08-21 20:44:27,546 : INFO : EventManager : Event: ======'init_phase_5'====== Args={}
2022-08-21 20:44:27,550 : INFO : EventManager : Event: ======'init_done'====== Args={}
2022-08-21 20:44:27,551 : WARNING : FAST : Port NET received more messages than were sent! Resetting!
2022-08-21 20:44:27,551 : WARNING : FAST : Port NET received more messages than were sent! Resetting!
2022-08-21 20:44:27,551 : WARNING : FAST : Port NET received more messages than were sent! Resetting!
2022-08-21 20:44:27,551 : WARNING : FAST : Port NET received more messages than were sent! Resetting!
2022-08-21 20:44:27,551 : WARNING : FAST : Port NET received more messages than were sent! Resetting!
2022-08-21 20:44:27,551 : WARNING : FAST : Port NET received more messages than were sent! Resetting!
2022-08-21 20:44:27,551 : WARNING : FAST : Port NET received more messages than were sent! Resetting!
2022-08-21 20:44:27,551 : WARNING : FAST : Port NET received more messages than were sent! Resetting!
2022-08-21 20:44:27,551 : WARNING : FAST : Port NET received more messages than were sent! Resetting!
2022-08-21 20:44:27,551 : WARNING : FAST : Port NET received more messages than were sent! Resetting!
2022-08-21 20:44:27,551 : WARNING : FAST : Port NET received more messages than were sent! Resetting!
2022-08-21 20:44:27,552 : WARNING : FAST : Port NET received more messages than were sent! Resetting!
2022-08-21 20:44:27,552 : WARNING : FAST : Port NET received more messages than were sent! Resetting!
2022-08-21 20:44:27,552 : WARNING : FAST : Port NET received more messages than were sent! Resetting!
2022-08-21 20:44:27,552 : WARNING : FAST : Port NET received more messages than were sent! Resetting!
2022-08-21 20:44:27,552 : WARNING : FAST : Port NET received more messages than were sent! Resetting!
2022-08-21 20:44:27,552 : WARNING : FAST : Port NET received more messages than were sent! Resetting!
2022-08-21 20:44:27,552 : WARNING : FAST : Port NET received more messages than were sent! Resetting!
2022-08-21 20:44:27,552 : WARNING : FAST : Port NET received more messages than were sent! Resetting!
2022-08-21 20:44:27,552 : WARNING : FAST : Port NET received more messages than were sent! Resetting!
2022-08-21 20:44:27,552 : WARNING : FAST : Port NET received more messages than were sent! Resetting!
2022-08-21 20:44:27,552 : WARNING : FAST : Port NET received more messages than were sent! Resetting!
2022-08-21 20:44:27,553 : INFO : EventManager : Event: ======'machine_reset_phase_1'====== Args={}
2022-08-21 20:44:27,561 : INFO : EventManager : Event: ======'machine_reset_phase_2'====== Args={}
2022-08-21 20:44:27,562 : INFO : EventManager : Event: ======'machine_reset_phase_3'====== Args={}
2022-08-21 20:44:27,562 : INFO : EventManager : Event: ======'reset_complete'====== Args={}
2022-08-21 20:44:27,563 : INFO : EventManager : Event: ======'mode_attract_will_start'====== Args={}
2022-08-21 20:44:27,563 : INFO : EventManager : Event: ======'mode_attract_starting'====== Args={}
2022-08-21 20:44:27,563 : INFO : Mode.attract : Started. Priority: 10
2022-08-21 20:44:27,564 : INFO : EventManager : Event: ======'modes_active_modes_changed'====== Args={}
2022-08-21 20:44:27,564 : INFO : EventManager : Event: ======'mode_attract_started'====== Args={}
2022-08-21 20:44:27,566 : INFO : EventManager : Event: ======'collecting_balls_complete'====== Args={}
2022-08-21 20:44:27,583 : INFO : EventManager : Event: ======'slide_show_13.slide_player-0_created'====== Args={'_from_bcp': True}
2022-08-21 20:44:27,584 : INFO : EventManager : Event: ======'slide_show_13.slide_player-0_active'====== Args={'_from_bcp': True}
2022-08-21 20:44:27,584 : INFO : Machine : Starting the main run loop.
2022-08-21 20:44:29,012 : INFO : SwitchController : <<<<<<< 's_start' active >>>>>>>
2022-08-21 20:44:29,076 : INFO : SwitchController : <<<<<<< 's_start' inactive >>>>>>>
2022-08-21 20:44:29,076 : INFO : EventManager : Event: ======'request_to_start_game'====== Args={}
2022-08-21 20:44:29,077 : INFO : EventManager : Event: ======'game_start'====== Args={'buttons': [], 'hold_time': 0.06300000000192085}
2022-08-21 20:44:29,077 : INFO : EventManager : Event: ======'mode_game_will_start'====== Args={'buttons': [], 'hold_time': 0.06300000000192085}
2022-08-21 20:44:29,079 : INFO : EventManager : Event: ======'mode_game_starting'====== Args={'buttons': [], 'hold_time': 0.06300000000192085}
2022-08-21 20:44:29,079 : INFO : EventManager : Event: ======'mode_attract_will_stop'====== Args={}
2022-08-21 20:44:29,079 : INFO : EventManager : Event: ======'mode_attract_stopping'====== Args={}
2022-08-21 20:44:29,079 : INFO : Mode.attract : Stopped.
2022-08-21 20:44:29,079 : INFO : EventManager : Event: ======'modes_active_modes_changed'====== Args={}
2022-08-21 20:44:29,083 : INFO : EventManager : Event: ======'mode_attract_stopped'====== Args={}
2022-08-21 20:44:29,083 : INFO : EventManager : Event: ======'clear'====== Args={'key': 'attract'}
2022-08-21 20:44:29,084 : INFO : Mode.game : Started. Priority: 20
2022-08-21 20:44:29,084 : INFO : EventManager : Event: ======'modes_active_modes_changed'====== Args={}
2022-08-21 20:44:29,084 : INFO : EventManager : Event: ======'mode_game_started'====== Args={'buttons': [], 'hold_time': 0.06300000000192085}
2022-08-21 20:44:29,094 : INFO : EventManager : Event: ======'game_will_start'====== Args={}
2022-08-21 20:44:29,094 : INFO : EventManager : Event: ======'slide_show_13.slide_player-0_removed'====== Args={'_from_bcp': True}
2022-08-21 20:44:29,095 : INFO : EventManager : Event: ======'slide_window_blank_active'====== Args={'_from_bcp': True}
2022-08-21 20:44:29,096 : INFO : EventManager : Event: ======'game_starting'====== Args={'game': <Mode.game>}
2022-08-21 20:44:29,097 : INFO : EventManager : Event: ======'player_add_request'====== Args={}
2022-08-21 20:44:29,098 : INFO : EventManager : Event: ======'player_will_add'====== Args={'number': 1}
2022-08-21 20:44:29,098 : INFO : EventManager : Event: ======'player_adding'====== Args={'player': <Player 1>, 'number': 1}
2022-08-21 20:44:29,098 : INFO : EventManager : Event: ======'player_added'====== Args={'player': <Player 1>, 'num': 1}
2022-08-21 20:44:29,099 : INFO : Mode.game : Player added successfully. Total players: 1
2022-08-21 20:44:29,099 : INFO : EventManager : Event: ======'player_index'====== Args={'value': 0, 'prev_value': 0, 'change': 0, 'player_num': 1}
2022-08-21 20:44:29,100 : INFO : EventManager : Event: ======'player_number'====== Args={'value': 1, 'prev_value': 1, 'change': 0, 'player_num': 1}
2022-08-21 20:44:29,101 : INFO : EventManager : Event: ======'player_mode_value'====== Args={'value': 1000000, 'prev_value': 1000000, 'change': 0, 'player_num': 1}
2022-08-21 20:44:29,101 : INFO : EventManager : Event: ======'player_bonus_multiplier'====== Args={'value': 1, 'prev_value': 1, 'change': 0, 'player_num': 1}
2022-08-21 20:44:29,102 : INFO : EventManager : Event: ======'player_playfield_multiplier'====== Args={'value': 1, 'prev_value': 1, 'change': 0, 'player_num': 1}
2022-08-21 20:44:29,102 : INFO : EventManager : Event: ======'player_score'====== Args={'value': 0, 'prev_value': 0, 'change': 0, 'player_num': 1}
2022-08-21 20:44:29,103 : INFO : EventManager : Event: ======'game_started'====== Args={}
2022-08-21 20:44:29,127 : INFO : EventManager : Event: ======'player_turn_will_start'====== Args={'player': <Player 1>, 'number': 1}
2022-08-21 20:44:29,134 : INFO : EventManager : Event: ======'player_turn_starting'====== Args={'player': <Player 1>, 'number': 1}
2022-08-21 20:44:29,134 : INFO : EventManager : Event: ======'player_ball'====== Args={'value': 1, 'prev_value': 0, 'change': 1, 'player_num': 1}
2022-08-21 20:44:29,135 : INFO : EventManager : Event: ======'player_turn_started'====== Args={'player': <Player 1>, 'number': 1}
2022-08-21 20:44:29,136 : INFO : EventManager : Event: ======'ball_will_start'====== Args={'player': 1, 'ball': 1, 'balls_remaining': 2, 'is_extra_ball': False}
2022-08-21 20:44:29,139 : INFO : EventManager : Event: ======'ball_starting'====== Args={'player': 1, 'ball': 1, 'balls_remaining': 2, 'is_extra_ball': False}
2022-08-21 20:44:29,141 : INFO : EventManager : Event: ======'balls_in_play'====== Args={'balls': 1}
2022-08-21 20:44:29,141 : INFO : EventManager : Event: ======'ball_started'====== Args={'player': 1, 'ball': 1, 'balls_remaining': 2, 'is_extra_ball': False}
2022-08-21 20:44:29,141 : INFO : EventManager : Event: ======'mode_combos_will_start'====== Args={'player': 1, 'ball': 1, 'balls_remaining': 2, 'is_extra_ball': False}
2022-08-21 20:44:29,146 : INFO : EventManager : Event: ======'mode_combos_starting'====== Args={'player': 1, 'ball': 1, 'balls_remaining': 2, 'is_extra_ball': False}
2022-08-21 20:44:29,147 : INFO : EventManager : Event: ======'mode_super_features_will_start'====== Args={'player': 1, 'ball': 1, 'balls_remaining': 2, 'is_extra_ball': False}
2022-08-21 20:44:29,147 : INFO : EventManager : Event: ======'achievement_super_spinners_changed_state'====== Args={'restore': False, 'state': 'disabled', 'selected': False}
2022-08-21 20:44:29,147 : INFO : EventManager : Event: ======'achievement_super_spinners_state_disabled'====== Args={'restore': False, 'state': 'disabled', 'selected': False}
2022-08-21 20:44:29,147 : INFO : EventManager : Event: ======'achievement_super_targets_changed_state'====== Args={'restore': False, 'state': 'disabled', 'selected': False}
2022-08-21 20:44:29,147 : INFO : EventManager : Event: ======'achievement_super_targets_state_disabled'====== Args={'restore': False, 'state': 'disabled', 'selected': False}
2022-08-21 20:44:29,148 : INFO : EventManager : Event: ======'achievement_super_lanes_changed_state'====== Args={'restore': False, 'state': 'disabled', 'selected': False}
2022-08-21 20:44:29,148 : INFO : EventManager : Event: ======'achievement_super_lanes_state_disabled'====== Args={'restore': False, 'state': 'disabled', 'selected': False}
2022-08-21 20:44:29,148 : INFO : EventManager : Event: ======'achievement_super_slings_changed_state'====== Args={'restore': False, 'state': 'disabled', 'selected': False}
2022-08-21 20:44:29,148 : INFO : EventManager : Event: ======'achievement_super_slings_state_disabled'====== Args={'restore': False, 'state': 'disabled', 'selected': False}
2022-08-21 20:44:29,150 : INFO : EventManager : Event: ======'mode_super_features_starting'====== Args={'player': 1, 'ball': 1, 'balls_remaining': 2, 'is_extra_ball': False}
2022-08-21 20:44:29,151 : INFO : EventManager : Event: ======'mode_base_will_start'====== Args={'player': 1, 'ball': 1, 'balls_remaining': 2, 'is_extra_ball': False}
2022-08-21 20:44:29,151 : INFO : EventManager : Event: ======'player_shot_l_lane_enabled'====== Args={'value': True, 'prev_value': 0, 'change': 1, 'player_num': 1}
2022-08-21 20:44:29,152 : INFO : EventManager : Event: ======'player_shot_r_lane_enabled'====== Args={'value': True, 'prev_value': 0, 'change': 1, 'player_num': 1}
2022-08-21 20:44:29,153 : INFO : EventManager : Event: ======'player_shot_center_target_enabled'====== Args={'value': True, 'prev_value': 0, 'change': 1, 'player_num': 1}
2022-08-21 20:44:29,153 : INFO : EventManager : Event: ======'bonus_lanes_complete'====== Args={'state': 'unlit'}
2022-08-21 20:44:29,153 : INFO : EventManager : Event: ======'bonus_lanes_unlit_complete'====== Args={}
2022-08-21 20:44:29,154 : INFO : EventManager : Event: ======'player_extra_ball_two_modes_complete_num_awarded'====== Args={'value': 0, 'prev_value': 0, 'change': 0, 'player_num': 1}
2022-08-21 20:44:29,155 : INFO : EventManager : Event: ======'achievement_mission1_changed_state'====== Args={'restore': False, 'state': 'disabled', 'selected': False}
2022-08-21 20:44:29,155 : INFO : EventManager : Event: ======'achievement_mission1_state_disabled'====== Args={'restore': False, 'state': 'disabled', 'selected': False}
2022-08-21 20:44:29,155 : INFO : EventManager : Event: ======'achievement_mission2_changed_state'====== Args={'restore': False, 'state': 'disabled', 'selected': False}
2022-08-21 20:44:29,155 : INFO : EventManager : Event: ======'achievement_mission2_state_disabled'====== Args={'restore': False, 'state': 'disabled', 'selected': False}
2022-08-21 20:44:29,155 : INFO : EventManager : Event: ======'achievement_mission3_changed_state'====== Args={'restore': False, 'state': 'disabled', 'selected': False}
2022-08-21 20:44:29,156 : INFO : EventManager : Event: ======'achievement_mission3_state_disabled'====== Args={'restore': False, 'state': 'disabled', 'selected': False}
2022-08-21 20:44:29,156 : INFO : EventManager : Event: ======'achievement_mission4_changed_state'====== Args={'restore': False, 'state': 'disabled', 'selected': False}
2022-08-21 20:44:29,156 : INFO : EventManager : Event: ======'achievement_mission4_state_disabled'====== Args={'restore': False, 'state': 'disabled', 'selected': False}
2022-08-21 20:44:29,164 : INFO : EventManager : Event: ======'mode_base_starting'====== Args={'player': 1, 'ball': 1, 'balls_remaining': 2, 'is_extra_ball': False}
2022-08-21 20:44:29,165 : INFO : drop_target_bank.main : All targets are already up. Will not reset bank.
2022-08-21 20:44:29,166 : INFO : Mode.super_features : Started. Priority: 100
2022-08-21 20:44:29,166 : INFO : EventManager : Event: ======'modes_active_modes_changed'====== Args={}
2022-08-21 20:44:29,166 : INFO : EventManager : Event: ======'mode_super_features_started'====== Args={'player': 1, 'ball': 1, 'balls_remaining': 2, 'is_extra_ball': False}
2022-08-21 20:44:29,166 : INFO : Mode.combos : Started. Priority: 700
2022-08-21 20:44:29,166 : INFO : EventManager : Event: ======'modes_active_modes_changed'====== Args={}
2022-08-21 20:44:29,166 : INFO : EventManager : Event: ======'mode_combos_started'====== Args={'player': 1, 'ball': 1, 'balls_remaining': 2, 'is_extra_ball': False}
2022-08-21 20:44:29,167 : INFO : EventManager : Event: ======'logicblock_mode_completion_counter_updated'====== Args={'value': 0, 'enabled': True}
2022-08-21 20:44:29,167 : INFO : EventManager : Event: ======'logicblock_mode_completion_counter_updated'====== Args={'value': 0, 'enabled': True}
2022-08-21 20:44:29,167 : INFO : Mode.base : Started. Priority: 100
2022-08-21 20:44:29,167 : INFO : EventManager : Event: ======'modes_active_modes_changed'====== Args={}
2022-08-21 20:44:29,167 : INFO : EventManager : Event: ======'mode_base_started'====== Args={'player': 1, 'ball': 1, 'balls_remaining': 2, 'is_extra_ball': False}
2022-08-21 20:44:29,167 : INFO : EventManager : Event: ======'ball_save_base_save_enabled'====== Args={}
2022-08-21 20:44:29,167 : INFO : EventManager : Event: ======'mode_spell_galaxy_will_start'====== Args={'player': 1, 'ball': 1, 'balls_remaining': 2, 'is_extra_ball': False}
2022-08-21 20:44:29,168 : INFO : EventManager : Event: ======'player_shot_galaxy_advance_enabled'====== Args={'value': True, 'prev_value': 0, 'change': 1, 'player_num': 1}
2022-08-21 20:44:29,170 : INFO : EventManager : Event: ======'mode_spell_galaxy_starting'====== Args={'player': 1, 'ball': 1, 'balls_remaining': 2, 'is_extra_ball': False}
2022-08-21 20:44:29,170 : INFO : EventManager : Event: ======'mode_spell_portal_will_start'====== Args={'player': 1, 'ball': 1, 'balls_remaining': 2, 'is_extra_ball': False}
2022-08-21 20:44:29,170 : INFO : EventManager : Event: ======'player_shot_portal_advance_enabled'====== Args={'value': True, 'prev_value': 0, 'change': 1, 'player_num': 1}
2022-08-21 20:44:29,172 : INFO : EventManager : Event: ======'mode_spell_portal_starting'====== Args={'player': 1, 'ball': 1, 'balls_remaining': 2, 'is_extra_ball': False}
2022-08-21 20:44:29,172 : INFO : EventManager : Event: ======'mode_add_mode_value_will_start'====== Args={'player': 1, 'ball': 1, 'balls_remaining': 2, 'is_extra_ball': False}
2022-08-21 20:44:29,174 : INFO : EventManager : Event: ======'mode_add_mode_value_starting'====== Args={'player': 1, 'ball': 1, 'balls_remaining': 2, 'is_extra_ball': False}
2022-08-21 20:44:29,174 : INFO : EventManager : Event: ======'mode_spell_warp_will_start'====== Args={'player': 1, 'ball': 1, 'balls_remaining': 2, 'is_extra_ball': False}
2022-08-21 20:44:29,174 : INFO : EventManager : Event: ======'player_shot_warp_advance_enabled'====== Args={'value': True, 'prev_value': 0, 'change': 1, 'player_num': 1}
2022-08-21 20:44:29,176 : INFO : EventManager : Event: ======'mode_spell_warp_starting'====== Args={'player': 1, 'ball': 1, 'balls_remaining': 2, 'is_extra_ball': False}
2022-08-21 20:44:29,177 : INFO : drop_target_bank.main : All targets are already up. Will not reset bank.
2022-08-21 20:44:29,177 : INFO : Mode.add_mode_value : Started. Priority: 200
2022-08-21 20:44:29,177 : INFO : EventManager : Event: ======'modes_active_modes_changed'====== Args={}
2022-08-21 20:44:29,177 : INFO : EventManager : Event: ======'mode_add_mode_value_started'====== Args={'player': 1, 'ball': 1, 'balls_remaining': 2, 'is_extra_ball': False}
2022-08-21 20:44:29,178 : INFO : EventManager : Event: ======'single_player_ball_started'====== Args={}
2022-08-21 20:44:29,197 : INFO : EventManager : Event: ======'logicblock_galaxy_counter_updated'====== Args={'value': 0, 'enabled': True}
2022-08-21 20:44:29,197 : INFO : EventManager : Event: ======'logicblock_galaxy_counter_updated'====== Args={'value': 0, 'enabled': True}
2022-08-21 20:44:29,197 : INFO : Mode.spell_galaxy : Started. Priority: 200
2022-08-21 20:44:29,197 : INFO : EventManager : Event: ======'modes_active_modes_changed'====== Args={}
2022-08-21 20:44:29,197 : INFO : EventManager : Event: ======'mode_spell_galaxy_started'====== Args={'player': 1, 'ball': 1, 'balls_remaining': 2, 'is_extra_ball': False}
2022-08-21 20:44:29,197 : INFO : EventManager : Event: ======'logicblock_portal_counter_updated'====== Args={'value': 0, 'enabled': True}
2022-08-21 20:44:29,197 : INFO : EventManager : Event: ======'logicblock_portal_counter_updated'====== Args={'value': 0, 'enabled': True}
2022-08-21 20:44:29,197 : INFO : Mode.spell_portal : Started. Priority: 200
2022-08-21 20:44:29,197 : INFO : EventManager : Event: ======'modes_active_modes_changed'====== Args={}
2022-08-21 20:44:29,198 : INFO : EventManager : Event: ======'mode_spell_portal_started'====== Args={'player': 1, 'ball': 1, 'balls_remaining': 2, 'is_extra_ball': False}
2022-08-21 20:44:29,198 : INFO : EventManager : Event: ======'logicblock_warp_counter_updated'====== Args={'value': 0, 'enabled': True}
2022-08-21 20:44:29,198 : INFO : EventManager : Event: ======'logicblock_warp_counter_updated'====== Args={'value': 0, 'enabled': True}
2022-08-21 20:44:29,198 : INFO : Mode.spell_warp : Started. Priority: 200
2022-08-21 20:44:29,198 : INFO : EventManager : Event: ======'modes_active_modes_changed'====== Args={}
2022-08-21 20:44:29,198 : INFO : EventManager : Event: ======'mode_spell_warp_started'====== Args={'player': 1, 'ball': 1, 'balls_remaining': 2, 'is_extra_ball': False}
2022-08-21 20:44:29,199 : INFO : EventManager : Event: ======'achievement_super_spinners_changed_state'====== Args={'restore': False, 'state': 'enabled', 'selected': False}
2022-08-21 20:44:29,199 : INFO : EventManager : Event: ======'achievement_super_spinners_state_enabled'====== Args={'restore': False, 'state': 'enabled', 'selected': False}
2022-08-21 20:44:29,199 : INFO : EventManager : Event: ======'achievement_super_targets_changed_state'====== Args={'restore': False, 'state': 'enabled', 'selected': False}
2022-08-21 20:44:29,199 : INFO : EventManager : Event: ======'achievement_super_targets_state_enabled'====== Args={'restore': False, 'state': 'enabled', 'selected': False}
2022-08-21 20:44:29,199 : INFO : EventManager : Event: ======'achievement_super_lanes_changed_state'====== Args={'restore': False, 'state': 'enabled', 'selected': False}
2022-08-21 20:44:29,199 : INFO : EventManager : Event: ======'achievement_super_lanes_state_enabled'====== Args={'restore': False, 'state': 'enabled', 'selected': False}
2022-08-21 20:44:29,199 : INFO : EventManager : Event: ======'achievement_super_slings_changed_state'====== Args={'restore': False, 'state': 'enabled', 'selected': False}
2022-08-21 20:44:29,199 : INFO : EventManager : Event: ======'achievement_super_slings_state_enabled'====== Args={'restore': False, 'state': 'enabled', 'selected': False}
2022-08-21 20:44:29,200 : INFO : EventManager : Event: ======'achievement_super_targets_changed_state'====== Args={'restore': False, 'state': 'enabled', 'selected': True}
2022-08-21 20:44:29,200 : INFO : EventManager : Event: ======'achievement_super_targets_state_enabled'====== Args={'restore': False, 'state': 'enabled', 'selected': True}
2022-08-21 20:44:29,200 : INFO : EventManager : Event: ======'achievement_super_targets_state_selected'====== Args={'restore': False, 'state': 'enabled', 'selected': True}
2022-08-21 20:44:29,201 : INFO : EventManager : Event: ======'ball_start_target'====== Args={'target': 'playfield'}
2022-08-21 20:44:29,221 : INFO : ball_device.bd_drain : Setting up player-controlled eject. Balls: 1, Target: <playfield.playfield>, player_controlled_eject_event: s_action_button_active
2022-08-21 20:44:29,221 : INFO : EventManager : Event: ======'balldevice_balls_available'====== Args={}
2022-08-21 20:44:29,222 : INFO : EventManager : Event: ======'slide_score_slide_created'====== Args={'_from_bcp': True}
2022-08-21 20:44:29,224 : INFO : EventManager : Event: ======'slide_score_slide_active'====== Args={'_from_bcp': True}
2022-08-21 20:44:29,226 : INFO : ball_device.bd_drain : State: waiting_for_target_ready
2022-08-21 20:44:29,226 : INFO : EventManager : Event: ======'balldevice_bd_drain_ball_eject_attempt'====== Args={'balls': 1, 'target': <playfield.playfield>, 'source': <ball_device.bd_drain>, 'mechanical_eject': True, 'num_attempts': 0}
2022-08-21 20:44:29,226 : INFO : ball_device.bd_drain : State: ejecting
2022-08-21 20:44:29,227 : INFO : ball_device.bd_drain : Ejecting ball to <playfield.playfield>
2022-08-21 20:44:29,227 : INFO : EventManager : Event: ======'balldevice_bd_drain_ejecting_ball'====== Args={'balls': 1, 'target': <playfield.playfield>, 'source': <ball_device.bd_drain>, 'mechanical_eject': True, 'num_attempts': 0}
2022-08-21 20:44:29,228 : INFO : ball_device.bd_drain : Wait for ball to leave device
2022-08-21 20:44:29,605 : INFO : SwitchController : <<<<<<< 's_left_inlane_far' active >>>>>>>
2022-08-21 20:44:29,605 : INFO : EventManager : Event: ======'playfield_active'====== Args={}
2022-08-21 20:44:29,605 : INFO : EventManager : Event: ======'playfield_active'====== Args={}
2022-08-21 20:44:29,606 : INFO : EventManager : Event: ======'playfield_active'====== Args={}
2022-08-21 20:44:29,606 : INFO : EventManager : Event: ======'playfield_active'====== Args={}
2022-08-21 20:44:29,606 : INFO : EventManager : Event: ======'s_left_inlane_far_active'====== Args={}
2022-08-21 20:44:29,607 : INFO : EventManager : Event: ======'machine_var_audits_switches_s_left_inlane_far'====== Args={'value': 4090, 'prev_value': 4089, 'change': 1}
2022-08-21 20:44:29,610 : INFO : EventManager : Event: ======'player_shot_galaxy_advance'====== Args={'value': 1, 'prev_value': 0, 'change': 1, 'player_num': 1}
2022-08-21 20:44:29,611 : INFO : EventManager : Event: ======'machine_var_audits_shots_galaxy_advance'====== Args={'value': 2236, 'prev_value': 2235, 'change': 1}
2022-08-21 20:44:29,611 : INFO : EventManager : Event: ======'galaxy_advance_hit'====== Args={'profile': 'default', 'state': 'unlit', 'advancing': True}
2022-08-21 20:44:29,612 : INFO : EventManager : Event: ======'galaxy_advance_default_hit'====== Args={'profile': 'default', 'state': 'unlit', 'advancing': True}
2022-08-21 20:44:29,612 : INFO : EventManager : Event: ======'galaxy_advance_default_unlit_hit'====== Args={'profile': 'default', 'state': 'unlit', 'advancing': True}
2022-08-21 20:44:29,612 : INFO : EventManager : Event: ======'galaxy_advance_unlit_hit'====== Args={'profile': 'default', 'state': 'unlit', 'advancing': True}
2022-08-21 20:44:29,612 : INFO : EventManager : Event: ======'player_score'====== Args={'value': 30000, 'prev_value': 0, 'change': 30000, 'player_num': 1}
2022-08-21 20:44:29,613 : INFO : EventManager : Event: ======'player_switches'====== Args={'value': 1, 'prev_value': 0, 'change': 1, 'player_num': 1}
2022-08-21 20:44:29,613 : INFO : EventManager : Event: ======'player_combos_combo_timer_tick'====== Args={'value': 6, 'prev_value': 0, 'change': 6, 'player_num': 1}
2022-08-21 20:44:29,614 : INFO : Timer.combo_timer : Starting Timer.
2022-08-21 20:44:29,614 : INFO : EventManager : Event: ======'timer_combo_timer_started'====== Args={'ticks': 6, 'ticks_remaining': 6}
2022-08-21 20:44:29,614 : INFO : EventManager : Event: ======'timer_combo_timer_tick'====== Args={'ticks': 6, 'ticks_remaining': 6}
2022-08-21 20:44:29,615 : INFO : EventManager : Event: ======'logicblock_galaxy_counter_updated'====== Args={'value': 1, 'enabled': True}
2022-08-21 20:44:29,615 : INFO : EventManager : Event: ======'counter_galaxy_counter_hit'====== Args={'count': 1, 'hits': 1, 'remaining': 5}
2022-08-21 20:44:29,615 : INFO : EventManager : Event: ======'logicblock_galaxy_counter_hit'====== Args={'count': 1, 'hits': 1, 'remaining': 5}
2022-08-21 20:44:29,732 : INFO : SwitchController : <<<<<<< 's_left_inlane_far' inactive >>>>>>>
2022-08-21 20:44:29,812 : INFO : SwitchController : <<<<<<< 's_left_inlane_far' active >>>>>>>
2022-08-21 20:44:29,813 : INFO : EventManager : Event: ======'playfield_active'====== Args={}
2022-08-21 20:44:29,813 : INFO : EventManager : Event: ======'playfield_active'====== Args={}
2022-08-21 20:44:29,813 : INFO : EventManager : Event: ======'playfield_active'====== Args={}
2022-08-21 20:44:29,813 : INFO : EventManager : Event: ======'playfield_active'====== Args={}
2022-08-21 20:44:29,813 : INFO : EventManager : Event: ======'s_left_inlane_far_active'====== Args={}
2022-08-21 20:44:29,813 : INFO : EventManager : Event: ======'machine_var_audits_switches_s_left_inlane_far'====== Args={'value': 4091, 'prev_value': 4090, 'change': 1}
2022-08-21 20:44:29,816 : INFO : EventManager : Event: ======'machine_var_audits_shots_galaxy_advance'====== Args={'value': 2237, 'prev_value': 2236, 'change': 1}
2022-08-21 20:44:29,817 : INFO : EventManager : Event: ======'galaxy_advance_hit'====== Args={'profile': 'default', 'state': 'lit', 'advancing': False}
2022-08-21 20:44:29,818 : INFO : EventManager : Event: ======'galaxy_advance_default_hit'====== Args={'profile': 'default', 'state': 'lit', 'advancing': False}
2022-08-21 20:44:29,818 : INFO : EventManager : Event: ======'galaxy_advance_default_lit_hit'====== Args={'profile': 'default', 'state': 'lit', 'advancing': False}
2022-08-21 20:44:29,818 : INFO : EventManager : Event: ======'galaxy_advance_lit_hit'====== Args={'profile': 'default', 'state': 'lit', 'advancing': False}
2022-08-21 20:44:29,818 : INFO : EventManager : Event: ======'player_score'====== Args={'value': 60000, 'prev_value': 30000, 'change': 30000, 'player_num': 1}
2022-08-21 20:44:29,819 : INFO : EventManager : Event: ======'player_switches'====== Args={'value': 2, 'prev_value': 1, 'change': 1, 'player_num': 1}
2022-08-21 20:44:29,820 : INFO : EventManager : Event: ======'logicblock_galaxy_counter_updated'====== Args={'value': 2, 'enabled': True}
2022-08-21 20:44:29,820 : INFO : EventManager : Event: ======'counter_galaxy_counter_hit'====== Args={'count': 2, 'hits': 2, 'remaining': 4}
2022-08-21 20:44:29,820 : INFO : EventManager : Event: ======'logicblock_galaxy_counter_hit'====== Args={'count': 2, 'hits': 2, 'remaining': 4}
2022-08-21 20:44:29,940 : INFO : SwitchController : <<<<<<< 's_left_inlane_far' inactive >>>>>>>
2022-08-21 20:44:30,020 : INFO : SwitchController : <<<<<<< 's_left_inlane_far' active >>>>>>>
2022-08-21 20:44:30,020 : INFO : EventManager : Event: ======'playfield_active'====== Args={}
2022-08-21 20:44:30,021 : INFO : EventManager : Event: ======'playfield_active'====== Args={}
2022-08-21 20:44:30,021 : INFO : EventManager : Event: ======'playfield_active'====== Args={}
2022-08-21 20:44:30,021 : INFO : EventManager : Event: ======'playfield_active'====== Args={}
2022-08-21 20:44:30,021 : INFO : EventManager : Event: ======'s_left_inlane_far_active'====== Args={}
2022-08-21 20:44:30,021 : INFO : EventManager : Event: ======'machine_var_audits_switches_s_left_inlane_far'====== Args={'value': 4092, 'prev_value': 4091, 'change': 1}
2022-08-21 20:44:30,024 : INFO : EventManager : Event: ======'machine_var_audits_shots_galaxy_advance'====== Args={'value': 2238, 'prev_value': 2237, 'change': 1}
2022-08-21 20:44:30,025 : INFO : EventManager : Event: ======'galaxy_advance_hit'====== Args={'profile': 'default', 'state': 'lit', 'advancing': False}
2022-08-21 20:44:30,026 : INFO : EventManager : Event: ======'galaxy_advance_default_hit'====== Args={'profile': 'default', 'state': 'lit', 'advancing': False}
2022-08-21 20:44:30,026 : INFO : EventManager : Event: ======'galaxy_advance_default_lit_hit'====== Args={'profile': 'default', 'state': 'lit', 'advancing': False}
2022-08-21 20:44:30,026 : INFO : EventManager : Event: ======'galaxy_advance_lit_hit'====== Args={'profile': 'default', 'state': 'lit', 'advancing': False}
2022-08-21 20:44:30,026 : INFO : EventManager : Event: ======'player_score'====== Args={'value': 90000, 'prev_value': 60000, 'change': 30000, 'player_num': 1}
2022-08-21 20:44:30,027 : INFO : EventManager : Event: ======'player_switches'====== Args={'value': 3, 'prev_value': 2, 'change': 1, 'player_num': 1}
2022-08-21 20:44:30,028 : INFO : EventManager : Event: ======'logicblock_galaxy_counter_updated'====== Args={'value': 3, 'enabled': True}
2022-08-21 20:44:30,028 : INFO : EventManager : Event: ======'counter_galaxy_counter_hit'====== Args={'count': 3, 'hits': 3, 'remaining': 3}
2022-08-21 20:44:30,028 : INFO : EventManager : Event: ======'logicblock_galaxy_counter_hit'====== Args={'count': 3, 'hits': 3, 'remaining': 3}
2022-08-21 20:44:30,152 : INFO : SwitchController : <<<<<<< 's_left_inlane_far' inactive >>>>>>>
2022-08-21 20:44:30,244 : INFO : SwitchController : <<<<<<< 's_left_inlane_far' active >>>>>>>
2022-08-21 20:44:30,245 : INFO : EventManager : Event: ======'playfield_active'====== Args={}
2022-08-21 20:44:30,245 : INFO : EventManager : Event: ======'playfield_active'====== Args={}
2022-08-21 20:44:30,245 : INFO : EventManager : Event: ======'playfield_active'====== Args={}
2022-08-21 20:44:30,245 : INFO : EventManager : Event: ======'playfield_active'====== Args={}
2022-08-21 20:44:30,245 : INFO : EventManager : Event: ======'s_left_inlane_far_active'====== Args={}
2022-08-21 20:44:30,245 : INFO : EventManager : Event: ======'machine_var_audits_switches_s_left_inlane_far'====== Args={'value': 4093, 'prev_value': 4092, 'change': 1}
2022-08-21 20:44:30,248 : INFO : EventManager : Event: ======'machine_var_audits_shots_galaxy_advance'====== Args={'value': 2239, 'prev_value': 2238, 'change': 1}
2022-08-21 20:44:30,250 : INFO : EventManager : Event: ======'galaxy_advance_hit'====== Args={'profile': 'default', 'state': 'lit', 'advancing': False}
2022-08-21 20:44:30,250 : INFO : EventManager : Event: ======'galaxy_advance_default_hit'====== Args={'profile': 'default', 'state': 'lit', 'advancing': False}
2022-08-21 20:44:30,250 : INFO : EventManager : Event: ======'galaxy_advance_default_lit_hit'====== Args={'profile': 'default', 'state': 'lit', 'advancing': False}
2022-08-21 20:44:30,250 : INFO : EventManager : Event: ======'galaxy_advance_lit_hit'====== Args={'profile': 'default', 'state': 'lit', 'advancing': False}
2022-08-21 20:44:30,250 : INFO : EventManager : Event: ======'player_score'====== Args={'value': 120000, 'prev_value': 90000, 'change': 30000, 'player_num': 1}
2022-08-21 20:44:30,251 : INFO : EventManager : Event: ======'player_switches'====== Args={'value': 4, 'prev_value': 3, 'change': 1, 'player_num': 1}
2022-08-21 20:44:30,252 : INFO : EventManager : Event: ======'logicblock_galaxy_counter_updated'====== Args={'value': 4, 'enabled': True}
2022-08-21 20:44:30,252 : INFO : EventManager : Event: ======'counter_galaxy_counter_hit'====== Args={'count': 4, 'hits': 4, 'remaining': 2}
2022-08-21 20:44:30,252 : INFO : EventManager : Event: ======'logicblock_galaxy_counter_hit'====== Args={'count': 4, 'hits': 4, 'remaining': 2}
2022-08-21 20:44:30,356 : INFO : SwitchController : <<<<<<< 's_left_inlane_far' inactive >>>>>>>
2022-08-21 20:44:30,500 : INFO : SwitchController : <<<<<<< 's_left_inlane_far' active >>>>>>>
2022-08-21 20:44:30,500 : INFO : EventManager : Event: ======'playfield_active'====== Args={}
2022-08-21 20:44:30,501 : INFO : EventManager : Event: ======'playfield_active'====== Args={}
2022-08-21 20:44:30,501 : INFO : EventManager : Event: ======'playfield_active'====== Args={}
2022-08-21 20:44:30,501 : INFO : EventManager : Event: ======'playfield_active'====== Args={}
2022-08-21 20:44:30,501 : INFO : EventManager : Event: ======'s_left_inlane_far_active'====== Args={}
2022-08-21 20:44:30,501 : INFO : EventManager : Event: ======'machine_var_audits_switches_s_left_inlane_far'====== Args={'value': 4094, 'prev_value': 4093, 'change': 1}
2022-08-21 20:44:30,504 : INFO : EventManager : Event: ======'machine_var_audits_shots_galaxy_advance'====== Args={'value': 2240, 'prev_value': 2239, 'change': 1}
2022-08-21 20:44:30,505 : INFO : EventManager : Event: ======'galaxy_advance_hit'====== Args={'profile': 'default', 'state': 'lit', 'advancing': False}
2022-08-21 20:44:30,505 : INFO : EventManager : Event: ======'galaxy_advance_default_hit'====== Args={'profile': 'default', 'state': 'lit', 'advancing': False}
2022-08-21 20:44:30,506 : INFO : EventManager : Event: ======'galaxy_advance_default_lit_hit'====== Args={'profile': 'default', 'state': 'lit', 'advancing': False}
2022-08-21 20:44:30,506 : INFO : EventManager : Event: ======'galaxy_advance_lit_hit'====== Args={'profile': 'default', 'state': 'lit', 'advancing': False}
2022-08-21 20:44:30,506 : INFO : EventManager : Event: ======'player_score'====== Args={'value': 150000, 'prev_value': 120000, 'change': 30000, 'player_num': 1}
2022-08-21 20:44:30,507 : INFO : EventManager : Event: ======'player_switches'====== Args={'value': 5, 'prev_value': 4, 'change': 1, 'player_num': 1}
2022-08-21 20:44:30,508 : INFO : EventManager : Event: ======'logicblock_galaxy_counter_updated'====== Args={'value': 5, 'enabled': True}
2022-08-21 20:44:30,508 : INFO : EventManager : Event: ======'counter_galaxy_counter_hit'====== Args={'count': 5, 'hits': 5, 'remaining': 1}
2022-08-21 20:44:30,508 : INFO : EventManager : Event: ======'logicblock_galaxy_counter_hit'====== Args={'count': 5, 'hits': 5, 'remaining': 1}
2022-08-21 20:44:30,612 : INFO : SwitchController : <<<<<<< 's_left_inlane_far' inactive >>>>>>>
2022-08-21 20:44:30,788 : INFO : SwitchController : <<<<<<< 's_left_inlane_far' active >>>>>>>
2022-08-21 20:44:30,788 : INFO : EventManager : Event: ======'playfield_active'====== Args={}
2022-08-21 20:44:30,789 : INFO : EventManager : Event: ======'playfield_active'====== Args={}
2022-08-21 20:44:30,789 : INFO : EventManager : Event: ======'playfield_active'====== Args={}
2022-08-21 20:44:30,789 : INFO : EventManager : Event: ======'playfield_active'====== Args={}
2022-08-21 20:44:30,789 : INFO : EventManager : Event: ======'s_left_inlane_far_active'====== Args={}
2022-08-21 20:44:30,789 : INFO : EventManager : Event: ======'machine_var_audits_switches_s_left_inlane_far'====== Args={'value': 4095, 'prev_value': 4094, 'change': 1}
2022-08-21 20:44:30,792 : INFO : EventManager : Event: ======'machine_var_audits_shots_galaxy_advance'====== Args={'value': 2241, 'prev_value': 2240, 'change': 1}
2022-08-21 20:44:30,793 : INFO : EventManager : Event: ======'galaxy_advance_hit'====== Args={'profile': 'default', 'state': 'lit', 'advancing': False}
2022-08-21 20:44:30,793 : INFO : EventManager : Event: ======'galaxy_advance_default_hit'====== Args={'profile': 'default', 'state': 'lit', 'advancing': False}
2022-08-21 20:44:30,793 : INFO : EventManager : Event: ======'galaxy_advance_default_lit_hit'====== Args={'profile': 'default', 'state': 'lit', 'advancing': False}
2022-08-21 20:44:30,793 : INFO : EventManager : Event: ======'galaxy_advance_lit_hit'====== Args={'profile': 'default', 'state': 'lit', 'advancing': False}
2022-08-21 20:44:30,794 : INFO : EventManager : Event: ======'player_score'====== Args={'value': 180000, 'prev_value': 150000, 'change': 30000, 'player_num': 1}
2022-08-21 20:44:30,794 : INFO : EventManager : Event: ======'player_switches'====== Args={'value': 6, 'prev_value': 5, 'change': 1, 'player_num': 1}
2022-08-21 20:44:30,795 : INFO : EventManager : Event: ======'logicblock_galaxy_counter_updated'====== Args={'value': 6, 'enabled': True}
2022-08-21 20:44:30,795 : INFO : EventManager : Event: ======'counter_galaxy_counter_hit'====== Args={'count': 6, 'hits': 6, 'remaining': 0}
2022-08-21 20:44:30,795 : INFO : EventManager : Event: ======'logicblock_galaxy_counter_hit'====== Args={'count': 6, 'hits': 6, 'remaining': 0}
2022-08-21 20:44:30,795 : INFO : EventManager : Event: ======'add_x'====== Args={}
2022-08-21 20:44:30,795 : INFO : EventManager : Event: ======'logicblock_galaxy_counter_updated'====== Args={'value': 0, 'enabled': True}
2022-08-21 20:44:30,796 : INFO : EventManager : Event: ======'mode_playfield_multiplier_will_start'====== Args={}
2022-08-21 20:44:30,796 : ERROR : asyncio : Exception in callback EventManager.process_event_queue()
handle: <Handle EventManager.process_event_queue()>
Traceback (most recent call last):
  File "c:\users\brendan\appdata\local\programs\python\python37\lib\site-packages\mpf\core\events.py", line 695, in _run_handlers
    result = handler.callback(**merged_kwargs)
  File "c:\users\brendan\appdata\local\programs\python\python37\lib\site-packages\mpf\core\mode.py", line 203, in start
    priority=self.config['mode']['stop_priority'] + 1)
  File "c:\users\brendan\appdata\local\programs\python\python37\lib\site-packages\mpf\core\mode.py", line 530, in add_mode_event_handler
    key = self.machine.events.add_handler(event, handler, self.priority + priority, mode=self, **kwargs)
  File "c:\users\brendan\appdata\local\programs\python\python37\lib\site-packages\mpf\core\events.py", line 178, in add_handler
    event, condition, additional_priority = self.get_event_and_condition_from_string(event)
  File "c:\users\brendan\appdata\local\programs\python\python37\lib\site-packages\mpf\core\events.py", line 96, in get_event_and_condition_from_string
    additional_priority = int(event_string[priority_start + 1:])
ValueError: invalid literal for int() with base 10: 'timers.playfield_x_timer.value<1'

The above exception was the direct cause of the following exception:

Traceback (most recent call last):
  File "c:\users\brendan\appdata\local\programs\python\python37\lib\asyncio\events.py", line 88, in _run
    self._context.run(self._callback, *self._args)
  File "c:\users\brendan\appdata\local\programs\python\python37\lib\site-packages\mpf\core\events.py", line 782, in process_event_queue
    **event[3])
  File "c:\users\brendan\appdata\local\programs\python\python37\lib\site-packages\mpf\core\events.py", line 741, in _process_event
    result = self._run_handlers(event, ev_type, kwargs)
  File "c:\users\brendan\appdata\local\programs\python\python37\lib\site-packages\mpf\core\events.py", line 697, in _run_handlers
    raise Exception("Exception while processing {} for event {}. {}".format(handler, event, e)) from e
Exception: Exception while processing RegisteredHandler(callback=<bound method Mode.start of <Mode.playfield_multiplier>>, priority=100000, kwargs={}, key=UUID('ada71ead-3581-4add-a4a6-f456ef6e8bdb'), condition=None, blocking_facility=None) for event add_x. invalid literal for int() with base 10: 'timers.playfield_x_timer.value<1'
2022-08-21 20:44:30,812 : INFO : Machine : Shutting down...
2022-08-21 20:44:30,812 : INFO : EventManager : Event: ======'shutdown'====== Args={}
2022-08-21 20:44:30,820 : WARNING : FAST : Port RGB received more messages than were sent! Resetting!
2022-08-21 20:44:30,821 : WARNING : FAST : Received unknown serial command? BX:P from RGB.
2022-08-21 20:44:30,821 : WARNING : FAST : Port NET received more messages than were sent! Resetting!
2022-08-21 20:44:30,867 : INFO : SwitchController : <<<<<<< 's_left_inlane_far' inactive >>>>>>>
2022-08-21 20:44:30,899 : ERROR : FAST : Stop called on serial connection com7
2022-08-21 20:44:30,900 : ERROR : FAST : Stop called on serial connection com8
2022-08-21 20:44:31,127 : ERROR : Machine : Runtime Exception
Traceback (most recent call last):
  File "c:\users\brendan\appdata\local\programs\python\python37\lib\site-packages\mpf\core\events.py", line 695, in _run_handlers
    result = handler.callback(**merged_kwargs)
  File "c:\users\brendan\appdata\local\programs\python\python37\lib\site-packages\mpf\core\mode.py", line 203, in start
    priority=self.config['mode']['stop_priority'] + 1)
  File "c:\users\brendan\appdata\local\programs\python\python37\lib\site-packages\mpf\core\mode.py", line 530, in add_mode_event_handler
    key = self.machine.events.add_handler(event, handler, self.priority + priority, mode=self, **kwargs)
  File "c:\users\brendan\appdata\local\programs\python\python37\lib\site-packages\mpf\core\events.py", line 178, in add_handler
    event, condition, additional_priority = self.get_event_and_condition_from_string(event)
  File "c:\users\brendan\appdata\local\programs\python\python37\lib\site-packages\mpf\core\events.py", line 96, in get_event_and_condition_from_string
    additional_priority = int(event_string[priority_start + 1:])
ValueError: invalid literal for int() with base 10: 'timers.playfield_x_timer.value<1'

The above exception was the direct cause of the following exception:

Traceback (most recent call last):
  File "c:\users\brendan\appdata\local\programs\python\python37\lib\site-packages\mpf\core\machine.py", line 769, in _run_loop
    raise self._exception['exception']
  File "c:\users\brendan\appdata\local\programs\python\python37\lib\asyncio\events.py", line 88, in _run
    self._context.run(self._callback, *self._args)
  File "c:\users\brendan\appdata\local\programs\python\python37\lib\site-packages\mpf\core\events.py", line 782, in process_event_queue
    **event[3])
  File "c:\users\brendan\appdata\local\programs\python\python37\lib\site-packages\mpf\core\events.py", line 741, in _process_event
    result = self._run_handlers(event, ev_type, kwargs)
  File "c:\users\brendan\appdata\local\programs\python\python37\lib\site-packages\mpf\core\events.py", line 697, in _run_handlers
    raise Exception("Exception while processing {} for event {}. {}".format(handler, event, e)) from e
Exception: Exception while processing RegisteredHandler(callback=<bound method Mode.start of <Mode.playfield_multiplier>>, priority=100000, kwargs={}, key=UUID('ada71ead-3581-4add-a4a6-f456ef6e8bdb'), condition=None, blocking_facility=None) for event add_x. invalid literal for int() with base 10: 'timers.playfield_x_timer.value<1'
2022-08-21 20:44:39,105 : INFO : root : MPF run loop ended.
