2022-09-03 16:33:35,736 : kivy : Factory: 186 symbols loaded
2022-09-03 16:33:35,907 : kivy : ImageLoaderFFPy: Using ffpyplayer 4.3.2
2022-09-03 16:33:35,907 : kivy : Image: Providers: img_tex, img_dds, img_sdl2, img_pil, img_ffpyplayer 
2022-09-03 16:33:35,939 : kivy : VideoGstplayer: Using Gstreamer 1.18.0.0
2022-09-03 16:33:35,939 : kivy : Video: Provider: gstplayer
2022-09-03 16:33:36,093 : kivy : Loading MPF-MC controller
2022-09-03 16:33:36,613 : ConfigProcessor : Config spec file cache created: C:\Users\Brendan\AppData\Local\Temp\config_spec.mpf_cache
2022-09-03 16:33:36,613 : YamlMultifileConfigLoader : Machine config file #1: config
2022-09-03 16:33:36,613 : ConfigProcessor : Config file in cache changed: C:\Baby_pacman_code\machine\config\config
2022-09-03 16:33:36,614 : ConfigProcessor : Loading config from file c:\users\brendan\appdata\local\programs\python\python37\lib\site-packages\mpfmc\mcconfig.yaml.
2022-09-03 16:33:36,664 : ConfigProcessor : Loading config: c:\users\brendan\appdata\local\programs\python\python37\lib\site-packages\mpfmc\mcconfig.yaml
2022-09-03 16:33:36,665 : ConfigProcessor : Loading config from file C:\Baby_pacman_code\machine\config\config.
2022-09-03 16:33:36,792 : ConfigProcessor : Loading config: C:\Baby_pacman_code\machine\config\config
2022-09-03 16:33:36,795 : ConfigProcessor : Config file cache created: C:\Users\Brendan\AppData\Local\Temp\e68bda1e95a8aa0185725ca2569cabab.mpf_cache
2022-09-03 16:33:36,795 : ConfigProcessor : Loading config from cache: C:\Users\Brendan\AppData\Local\Temp\467e7647689d29fad6adf949e1f4d51d.mpf_cache
2022-09-03 16:33:36,796 : ConfigProcessor : Loading config from cache: C:\Users\Brendan\AppData\Local\Temp\5550e037aa776b42b91b29b40b356c70.mpf_cache
2022-09-03 16:33:36,796 : ConfigProcessor : Loading config from cache: C:\Users\Brendan\AppData\Local\Temp\15e0c601392b30c3d9ba3ead8131edb5.mpf_cache
2022-09-03 16:33:36,797 : ConfigProcessor : Loading config from cache: C:\Users\Brendan\AppData\Local\Temp\0bf50917c4ef15ab65ee13d6c14e7d7c.mpf_cache
2022-09-03 16:33:36,798 : ConfigProcessor : Loading config from cache: C:\Users\Brendan\AppData\Local\Temp\bc7da7b13b2754e080c2afa0678ac274.mpf_cache
2022-09-03 16:33:36,798 : ConfigProcessor : Loading config from cache: C:\Users\Brendan\AppData\Local\Temp\bbd59d0bb6602ee0c5a89d6f85e6dd42.mpf_cache
2022-09-03 16:33:36,799 : ConfigProcessor : Loading config from cache: C:\Users\Brendan\AppData\Local\Temp\5526c78976fee311c3d05505d75f653d.mpf_cache
2022-09-03 16:33:36,799 : ConfigProcessor : Loading config from cache: C:\Users\Brendan\AppData\Local\Temp\6e95138ae5415fc76b53ebf8fa245fb5.mpf_cache
2022-09-03 16:33:36,800 : ConfigProcessor : Loading config from cache: C:\Users\Brendan\AppData\Local\Temp\1ec1c4dffb383758956493783a9ed391.mpf_cache
2022-09-03 16:33:36,800 : ConfigProcessor : Loading config from cache: C:\Users\Brendan\AppData\Local\Temp\f2aee92728c8017b77c710c804dd7f5a.mpf_cache
2022-09-03 16:33:36,801 : ConfigProcessor : Loading config from cache: C:\Users\Brendan\AppData\Local\Temp\88f57fa1305e9dc100972ec9f84d57fe.mpf_cache
2022-09-03 16:33:36,802 : ConfigProcessor : Loading config from cache: C:\Users\Brendan\AppData\Local\Temp\6e00a9d794d4c3f43a0fc48da04dac60.mpf_cache
2022-09-03 16:33:36,803 : ConfigProcessor : Loading config from cache: C:\Users\Brendan\AppData\Local\Temp\05ef98219fc733c3bcab58726c4b37ef.mpf_cache
2022-09-03 16:33:36,803 : ConfigProcessor : Loading config from cache: C:\Users\Brendan\AppData\Local\Temp\c22d657a5a7bb60632c2be2c735e073b.mpf_cache
2022-09-03 16:33:36,804 : ConfigProcessor : Loading config from cache: C:\Users\Brendan\AppData\Local\Temp\f7d4f5eb9425fe84d2e83a363afd4bdf.mpf_cache
2022-09-03 16:33:36,804 : ConfigProcessor : Loading config from cache: C:\Users\Brendan\AppData\Local\Temp\125f51d329f930ea7bff10973551cc26.mpf_cache
2022-09-03 16:33:36,805 : ConfigProcessor : Loading config from cache: C:\Users\Brendan\AppData\Local\Temp\08e18dfdf4e02cd29cc0cc52be2faaf4.mpf_cache
2022-09-03 16:33:36,805 : ConfigProcessor : Loading config from cache: C:\Users\Brendan\AppData\Local\Temp\f042f5bf6362b9e04d43b40b93a92057.mpf_cache
2022-09-03 16:33:36,806 : ConfigProcessor : Loading config from cache: C:\Users\Brendan\AppData\Local\Temp\60badac06cd62deb71f25fac24b103c2.mpf_cache
2022-09-03 16:33:36,806 : ConfigProcessor : Loading config from cache: C:\Users\Brendan\AppData\Local\Temp\a3ad1aeb679a0686901de8a6ffe784f0.mpf_cache
2022-09-03 16:33:36,807 : ConfigProcessor : Loading config from cache: C:\Users\Brendan\AppData\Local\Temp\d7856287e4ec48fb5adaa65e5f7b2848.mpf_cache
2022-09-03 16:33:36,807 : mpfmc : Mission Pinball Framework Media Controller v0.55.0
2022-09-03 16:33:36,807 : mpfmc : Mission Pinball Framework Game Engine v0.55.0
2022-09-03 16:33:36,808 : mpfmc : Machine path: C:\Baby_pacman_code\machine
2022-09-03 16:33:36,808 : mpfmc : Starting clock at 60.0Hz
2022-09-03 16:33:36,818 : kivy : Text: Provider: sdl2
2022-09-03 16:33:36,851 : kivy : Window: Provider: sdl2
2022-09-03 16:33:36,917 : kivy : GL: Using the "OpenGL" graphics system
2022-09-03 16:33:36,918 : kivy : GL: GLEW initialization succeeded
2022-09-03 16:33:36,918 : kivy : GL: Backend used <glew>
2022-09-03 16:33:36,918 : kivy : GL: OpenGL version <b'3.1.0 - Build 9.17.10.3517'>
2022-09-03 16:33:36,918 : kivy : GL: OpenGL vendor <b'Intel'>
2022-09-03 16:33:36,918 : kivy : GL: OpenGL renderer <b'Intel(R) HD Graphics 2000'>
2022-09-03 16:33:36,918 : kivy : GL: OpenGL parsed version: 3, 1
2022-09-03 16:33:36,918 : kivy : GL: Shading version <b'1.40 - Intel Build 9.17.10.3517'>
2022-09-03 16:33:36,918 : kivy : GL: Texture max size <8192>
2022-09-03 16:33:36,918 : kivy : GL: Texture max units <16>
2022-09-03 16:33:36,985 : kivy : Window: auto add sdl2 input provider
2022-09-03 16:33:36,985 : kivy : Window: virtual keyboard not allowed, single mode, not docked
2022-09-03 16:33:37,128 : AudioInterface : Initialized
2022-09-03 16:33:37,128 : AudioInterface : Loaded SDL 2.0.12
2022-09-03 16:33:37,128 : AudioInterface : Loaded SDL_Mixer 2.0.4
2022-09-03 16:33:37,128 : AudioInterface : Loaded GStreamer 1.18.0.0
2022-09-03 16:33:37,128 : AudioInterface : Loaded GLib 2.62.6
2022-09-03 16:33:37,128 : AudioInterface : Settings requested - rate: 44100, channels: 1, buffer: 2048 samples
2022-09-03 16:33:37,128 : AudioInterface : Settings in use - rate: 44100, channels: 1, buffer: 2048 samples (4096 bytes @ 2 bytes per sample)
2022-09-03 16:33:37,129 : SoundSystem : Setting master volume to 0.0
2022-09-03 16:33:37,129 : SoundSystem : master_volume in sound_system is deprecated and will be removed in the future.
2022-09-03 16:33:37,129 : AudioInterface : Enabling audio playback
2022-09-03 16:33:37,131 : kivy : Base: Start application main loop
2022-09-03 16:33:37,132 : EventManager : Event: ======'display_window1_initialized'====== Args={}
2022-09-03 16:33:37,292 : mpfmc : Display: Setting 'window1' as default display
2022-09-03 16:33:37,299 : mpfmc : ASPECT RATIO MISMATCH: The on-screen window is not the same aspect ratio as the display called 'window1'. The logical display will be scaled from 1366x768 to the window size 1920x1058, and a black bar will make up the difference
2022-09-03 16:33:37,301 : EventManager : Event: ======'displays_initialized'====== Args={}
2022-09-03 16:33:37,302 : EventManager : Event: ======'slide_window1_blank_created'====== Args={}
2022-09-03 16:33:37,303 : EventManager : Event: ======'display_window1_ready'====== Args={}
2022-09-03 16:33:37,311 : EventManager : Event: ======'init_phase_1'====== Args={}
2022-09-03 16:33:37,316 : EventManager : Event: ======'mc_ready'====== Args={}
2022-09-03 16:33:37,316 : EventManager : Event: ======'init_phase_2'====== Args={}
2022-09-03 16:33:37,345 : EventManager : Event: ======'init_phase_3'====== Args={}
2022-09-03 16:33:37,351 : EventManager : Event: ======'init_phase_4'====== Args={}
2022-09-03 16:33:37,352 : EventManager : Event: ======'init_phase_5'====== Args={}
2022-09-03 16:33:37,407 : kivy : GL: NPOT texture support is available
2022-09-03 16:33:37,426 : kivy : GL: Unpack subimage support is available
2022-09-03 16:33:37,455 : EventManager : Event: ======'loading_assets'====== Args={'total': 27, 'loaded': 1, 'remaining': 26, 'percent': 4}
2022-09-03 16:33:37,456 : AssetManager : Loading assets: 1/27 (4%)
2022-09-03 16:33:38,657 : EventManager : Event: ======'loading_assets'====== Args={'total': 27, 'loaded': 2, 'remaining': 25, 'percent': 7}
2022-09-03 16:33:38,657 : AssetManager : Loading assets: 2/27 (7%)
2022-09-03 16:33:40,200 : EventManager : Event: ======'loading_assets'====== Args={'total': 27, 'loaded': 14, 'remaining': 13, 'percent': 52}
2022-09-03 16:33:40,200 : AssetManager : Loading assets: 14/27 (52%)
2022-09-03 16:33:40,930 : EventManager : Event: ======'loading_assets'====== Args={'total': 27, 'loaded': 27, 'remaining': 0, 'percent': 100}
2022-09-03 16:33:40,931 : AssetManager : Asset loading took: 3.801217555999756
2022-09-03 16:33:40,931 : EventManager : Event: ======'asset_loading_complete'====== Args={}
2022-09-03 16:33:40,931 : AssetManager : Loading assets: 27/27 (100%)
2022-09-03 16:33:40,931 : EventManager : Event: ======'init_done'====== Args={}
2022-09-03 16:33:40,931 : MPF-MC BCP Server : Starting up on localhost port 5050
2022-09-03 16:33:40,934 : MPF-MC BCP Server : Waiting for a connection...
2022-09-03 16:33:40,947 : EventManager : Event: ======'client_disconnected'====== Args={'host': '127.0.0.1', 'port': 5050}
2022-09-03 16:33:40,948 : MPF-MC BCP Server : Received connection from: 127.0.0.1:49276
2022-09-03 16:33:40,959 : EventManager : Event: ======'client_connected'====== Args={'host': '127.0.0.1', 'port': 49276}
2022-09-03 16:33:41,036 : EventManager : Event: ======'machine_var_fast_net_firmware'====== Args={'value': '01.05', 'prev_value': None, 'change': True}
2022-09-03 16:33:41,036 : EventManager : Event: ======'machine_var_fast_net_model'====== Args={'value': 'FP-CPU-002-2', 'prev_value': None, 'change': True}
2022-09-03 16:33:41,036 : EventManager : Event: ======'machine_var_fast_rgb_firmware'====== Args={'value': '01.00', 'prev_value': None, 'change': True}
2022-09-03 16:33:41,036 : EventManager : Event: ======'machine_var_fast_rgb_model'====== Args={'value': 'FP-CPU-002-2', 'prev_value': None, 'change': True}
2022-09-03 16:33:41,036 : EventManager : Event: ======'machine_var_credits_string'====== Args={'value': 'FREE PLAY', 'prev_value': None, 'change': True}
2022-09-03 16:33:41,036 : EventManager : Event: ======'machine_var_master_volume'====== Args={'value': 0.5, 'prev_value': None, 'change': True}
2022-09-03 16:33:41,036 : EventManager : Event: ======'machine_var_player1_score'====== Args={'value': 54709090, 'prev_value': None, 'change': True}
2022-09-03 16:33:41,037 : EventManager : Event: ======'machine_var_mpf_version'====== Args={'value': 'MPF v0.55.0', 'prev_value': None, 'change': True}
2022-09-03 16:33:41,037 : EventManager : Event: ======'machine_var_mpf_extended_version'====== Args={'value': 'MPF v0.55.0, Config version:5, Show version: 5, BCP version:1.1', 'prev_value': None, 'change': True}
2022-09-03 16:33:41,037 : EventManager : Event: ======'machine_var_python_version'====== Args={'value': '3.7.8', 'prev_value': None, 'change': True}
2022-09-03 16:33:41,037 : EventManager : Event: ======'machine_var_platform'====== Args={'value': 'Windows-7-6.1.7601-SP1', 'prev_value': None, 'change': True}
2022-09-03 16:33:41,037 : EventManager : Event: ======'machine_var_platform_system'====== Args={'value': 'Windows', 'prev_value': None, 'change': True}
2022-09-03 16:33:41,037 : EventManager : Event: ======'machine_var_platform_release'====== Args={'value': '7', 'prev_value': None, 'change': True}
2022-09-03 16:33:41,037 : EventManager : Event: ======'machine_var_platform_version'====== Args={'value': '6.1.7601', 'prev_value': None, 'change': True}
2022-09-03 16:33:41,037 : EventManager : Event: ======'machine_var_platform_machine'====== Args={'value': 'AMD64', 'prev_value': None, 'change': True}
2022-09-03 16:33:41,037 : EventManager : Event: ======'machine_var_mc_version'====== Args={'value': 'MPF-MC v0.55.0', 'prev_value': None, 'change': True}
2022-09-03 16:33:41,037 : EventManager : Event: ======'machine_var_mc_extended_version'====== Args={'value': 'MPF-MC v0.55.0 (config_version=5, BCP v1.1, Requires MPF v0.55.0-dev.49)', 'prev_value': None, 'change': True}
2022-09-03 16:33:41,037 : SoundSystem : Setting master volume to 0.5
2022-09-03 16:33:41,502 : EventManager : Event: ======'machine_var_audits_events_game_ended'====== Args={'value': 0, 'prev_value': None, 'change': True}
2022-09-03 16:33:41,502 : EventManager : Event: ======'machine_var_audits_events_game_started'====== Args={'value': 0, 'prev_value': None, 'change': True}
2022-09-03 16:33:41,502 : EventManager : Event: ======'machine_var_audits_player_score'====== Args={'value': {'average': 14695462.614379082, 'top': [720234070, 507595620, 502234510, 210762830, 203435200, 198719690, 196999500, 195274570, 171491840, 161094530], 'total': 612}, 'prev_value': None, 'change': True}
2022-09-03 16:33:41,502 : EventManager : Event: ======'machine_var_audits_shots_center_drop_mission1'====== Args={'value': 606, 'prev_value': None, 'change': True}
2022-09-03 16:33:41,502 : EventManager : Event: ======'machine_var_audits_shots_center_target'====== Args={'value': 346, 'prev_value': None, 'change': True}
2022-09-03 16:33:41,502 : EventManager : Event: ======'machine_var_audits_shots_drop_target1_mission2'====== Args={'value': 243, 'prev_value': None, 'change': True}
2022-09-03 16:33:41,502 : EventManager : Event: ======'machine_var_audits_shots_drop_target2_mission2'====== Args={'value': 287, 'prev_value': None, 'change': True}
2022-09-03 16:33:41,502 : EventManager : Event: ======'machine_var_audits_shots_drop_target3_mission2'====== Args={'value': 333, 'prev_value': None, 'change': True}
2022-09-03 16:33:41,503 : EventManager : Event: ======'machine_var_audits_shots_drop_target4_mission2'====== Args={'value': 299, 'prev_value': None, 'change': True}
2022-09-03 16:33:41,503 : EventManager : Event: ======'machine_var_audits_shots_drop_target5_mission2'====== Args={'value': 255, 'prev_value': None, 'change': True}
2022-09-03 16:33:41,503 : EventManager : Event: ======'machine_var_audits_shots_drop_targets_mission3'====== Args={'value': 1643, 'prev_value': None, 'change': True}
2022-09-03 16:33:41,503 : EventManager : Event: ======'machine_var_audits_shots_galaxy_advance'====== Args={'value': 2955, 'prev_value': None, 'change': True}
2022-09-03 16:33:41,503 : EventManager : Event: ======'machine_var_audits_shots_l_lane'====== Args={'value': 679, 'prev_value': None, 'change': True}
2022-09-03 16:33:41,503 : EventManager : Event: ======'machine_var_audits_shots_left_kicker_mission2'====== Args={'value': 170, 'prev_value': None, 'change': True}
2022-09-03 16:33:41,503 : EventManager : Event: ======'machine_var_audits_shots_left_kicker_mission4'====== Args={'value': 130, 'prev_value': None, 'change': True}
2022-09-03 16:33:41,503 : EventManager : Event: ======'machine_var_audits_shots_left_loop_mission1'====== Args={'value': 688, 'prev_value': None, 'change': True}
2022-09-03 16:33:41,503 : EventManager : Event: ======'machine_var_audits_shots_left_loop_mission2'====== Args={'value': 286, 'prev_value': None, 'change': True}
2022-09-03 16:33:41,504 : EventManager : Event: ======'machine_var_audits_shots_left_loop_mission4'====== Args={'value': 411, 'prev_value': None, 'change': True}
2022-09-03 16:33:41,504 : EventManager : Event: ======'machine_var_audits_shots_portal_advance'====== Args={'value': 5065, 'prev_value': None, 'change': True}
2022-09-03 16:33:41,504 : EventManager : Event: ======'machine_var_audits_shots_r_lane'====== Args={'value': 596, 'prev_value': None, 'change': True}
2022-09-03 16:33:41,514 : EventManager : Event: ======'machine_var_audits_shots_right_kicker_mission2'====== Args={'value': 143, 'prev_value': None, 'change': True}
2022-09-03 16:33:41,514 : EventManager : Event: ======'machine_var_audits_shots_right_kicker_mission4'====== Args={'value': 145, 'prev_value': None, 'change': True}
2022-09-03 16:33:41,514 : EventManager : Event: ======'machine_var_audits_shots_right_loop_mission1'====== Args={'value': 785, 'prev_value': None, 'change': True}
2022-09-03 16:33:41,514 : EventManager : Event: ======'machine_var_audits_shots_right_loop_mission2'====== Args={'value': 335, 'prev_value': None, 'change': True}
2022-09-03 16:33:41,514 : EventManager : Event: ======'machine_var_audits_shots_right_loop_mission4'====== Args={'value': 468, 'prev_value': None, 'change': True}
2022-09-03 16:33:41,514 : EventManager : Event: ======'machine_var_audits_shots_warp_advance'====== Args={'value': 1150, 'prev_value': None, 'change': True}
2022-09-03 16:33:41,514 : EventManager : Event: ======'machine_var_audits_switches_s_action_button'====== Args={'value': 4284, 'prev_value': None, 'change': True}
2022-09-03 16:33:41,515 : EventManager : Event: ======'machine_var_audits_switches_s_drain'====== Args={'value': 2920, 'prev_value': None, 'change': True}
2022-09-03 16:33:41,515 : EventManager : Event: ======'machine_var_audits_switches_s_drop_target1'====== Args={'value': 2038, 'prev_value': None, 'change': True}
2022-09-03 16:33:41,515 : EventManager : Event: ======'machine_var_audits_switches_s_drop_target2'====== Args={'value': 2356, 'prev_value': None, 'change': True}
2022-09-03 16:33:41,515 : EventManager : Event: ======'machine_var_audits_switches_s_drop_target3'====== Args={'value': 2791, 'prev_value': None, 'change': True}
2022-09-03 16:33:41,515 : EventManager : Event: ======'machine_var_audits_switches_s_drop_target4'====== Args={'value': 2237, 'prev_value': None, 'change': True}
2022-09-03 16:33:41,515 : EventManager : Event: ======'machine_var_audits_switches_s_drop_target5'====== Args={'value': 2118, 'prev_value': None, 'change': True}
2022-09-03 16:33:41,515 : EventManager : Event: ======'machine_var_audits_switches_s_left_captive_ball'====== Args={'value': 516, 'prev_value': None, 'change': True}
2022-09-03 16:33:41,515 : EventManager : Event: ======'machine_var_audits_switches_s_left_flipper'====== Args={'value': 38024, 'prev_value': None, 'change': True}
2022-09-03 16:33:41,516 : EventManager : Event: ======'machine_var_audits_switches_s_left_inlane'====== Args={'value': 679, 'prev_value': None, 'change': True}
2022-09-03 16:33:41,516 : EventManager : Event: ======'machine_var_audits_switches_s_left_inlane_far'====== Args={'value': 4952, 'prev_value': None, 'change': True}
2022-09-03 16:33:41,516 : EventManager : Event: ======'machine_var_audits_switches_s_left_kicker'====== Args={'value': 1663, 'prev_value': None, 'change': True}
2022-09-03 16:33:41,516 : EventManager : Event: ======'machine_var_audits_switches_s_left_sling'====== Args={'value': 7473, 'prev_value': None, 'change': True}
2022-09-03 16:33:41,516 : EventManager : Event: ======'machine_var_audits_switches_s_left_spinner'====== Args={'value': 23588, 'prev_value': None, 'change': True}
2022-09-03 16:33:41,516 : EventManager : Event: ======'machine_var_audits_switches_s_right_captive_ball'====== Args={'value': 542, 'prev_value': None, 'change': True}
2022-09-03 16:33:41,516 : EventManager : Event: ======'machine_var_audits_switches_s_right_flipper'====== Args={'value': 34763, 'prev_value': None, 'change': True}
2022-09-03 16:33:41,516 : EventManager : Event: ======'machine_var_audits_switches_s_right_inlane'====== Args={'value': 596, 'prev_value': None, 'change': True}
2022-09-03 16:33:41,516 : EventManager : Event: ======'machine_var_audits_switches_s_right_inlane_far'====== Args={'value': 6857, 'prev_value': None, 'change': True}
2022-09-03 16:33:41,516 : EventManager : Event: ======'machine_var_audits_switches_s_right_kicker'====== Args={'value': 1829, 'prev_value': None, 'change': True}
2022-09-03 16:33:41,527 : EventManager : Event: ======'machine_var_audits_switches_s_right_sling'====== Args={'value': 14473, 'prev_value': None, 'change': True}
2022-09-03 16:33:41,527 : EventManager : Event: ======'machine_var_audits_switches_s_right_spinner'====== Args={'value': 18089, 'prev_value': None, 'change': True}
2022-09-03 16:33:41,527 : EventManager : Event: ======'machine_var_audits_switches_s_start'====== Args={'value': 415, 'prev_value': None, 'change': True}
2022-09-03 16:33:41,527 : EventManager : Event: ======'mc_reset_phase_1'====== Args={}
2022-09-03 16:33:41,527 : EventManager : Event: ======'mc_reset_phase_2'====== Args={}
2022-09-03 16:33:41,527 : EventManager : Event: ======'mc_reset_phase_3'====== Args={}
2022-09-03 16:33:41,527 : EventManager : Event: ======'mc_reset_complete'====== Args={}
2022-09-03 16:33:41,539 : EventManager : Event: ======'slides_play'====== Args={'settings': {'widgets': {'widgets': [{'type': 'text', 'text': 'GAME OVER', 'font_size': 50, 'font_name': 'space_font', '_default_settings': ['type', 'text', 'font_size', 'font_name'], 'x': None, 'y': None, 'anchor_x': 'center', 'anchor_y': 'center', 'round_anchor_x': None, 'round_anchor_y': None, 'opacity': 1.0, 'z': 0, 'reset_animations_events': {}, 'color': [1.0, 1.0, 1.0, 1.0], 'style': [], 'adjust_top': 0, 'adjust_bottom': 0, 'adjust_left': 0, 'adjust_right': 0, 'expire': None, 'key': None, 'widget': None, 'events_when_added': [], 'events_when_removed': [], 'bitmap_font': False, 'font_kerning': True, 'bold': False, 'italic': False, 'number_grouping': False, 'min_digits': 0, 'halign': 'center', 'valign': 'middle', 'rotation': 0, 'scale': 1.0, 'casing': None, 'animations': None}, {'type': 'image', 'image': 'attract_background', '_default_settings': ['type', 'image'], 'x': None, 'y': None, 'anchor_x': 'center', 'anchor_y': 'center', 'round_anchor_x': None, 'round_anchor_y': None, 'opacity': 1.0, 'z': 0, 'reset_animations_events': {}, 'color': [1.0, 1.0, 1.0, 1.0], 'style': [], 'adjust_top': 0, 'adjust_bottom': 0, 'adjust_left': 0, 'adjust_right': 0, 'expire': None, 'key': None, 'widget': None, 'events_when_added': [], 'events_when_removed': [], 'fps': 10, 'loops': -1, 'auto_play': True, 'start_frame': 0, 'rotation': 0, 'scale': 1.0, 'animations': None}], 'target': None, 'background_color': [0.0, 0.0, 0.0, 1.0], 'priority': None, 'show': True, 'force': False, 'expire': None, 'slide': None, 'tokens': {}, 'action': 'play'}}, 'context': 'show_3', 'calling_context': 0, 'priority': 10, 'show_tokens': {}, 'start_time': 5910.347}
2022-09-03 16:33:41,539 : mpfmc : SlidePlayer: Play called with settings={'widgets': {'widgets': [{'type': 'text', 'text': 'GAME OVER', 'font_size': 50, 'font_name': 'space_font', '_default_settings': ['type', 'text', 'font_size', 'font_name'], 'x': None, 'y': None, 'anchor_x': 'center', 'anchor_y': 'center', 'round_anchor_x': None, 'round_anchor_y': None, 'opacity': 1.0, 'z': 0, 'reset_animations_events': {}, 'color': [1.0, 1.0, 1.0, 1.0], 'style': [], 'adjust_top': 0, 'adjust_bottom': 0, 'adjust_left': 0, 'adjust_right': 0, 'expire': None, 'key': None, 'widget': None, 'events_when_added': [], 'events_when_removed': [], 'bitmap_font': False, 'font_kerning': True, 'bold': False, 'italic': False, 'number_grouping': False, 'min_digits': 0, 'halign': 'center', 'valign': 'middle', 'rotation': 0, 'scale': 1.0, 'casing': None, 'animations': None}, {'type': 'image', 'image': 'attract_background', '_default_settings': ['type', 'image'], 'x': None, 'y': None, 'anchor_x': 'center', 'anchor_y': 'center', 'round_anchor_x': None, 'round_anchor_y': None, 'opacity': 1.0, 'z': 0, 'reset_animations_events': {}, 'color': [1.0, 1.0, 1.0, 1.0], 'style': [], 'adjust_top': 0, 'adjust_bottom': 0, 'adjust_left': 0, 'adjust_right': 0, 'expire': None, 'key': None, 'widget': None, 'events_when_added': [], 'events_when_removed': [], 'fps': 10, 'loops': -1, 'auto_play': True, 'start_frame': 0, 'rotation': 0, 'scale': 1.0, 'animations': None}], 'target': None, 'background_color': [0.0, 0.0, 0.0, 1.0], 'priority': None, 'show': True, 'force': False, 'expire': None, 'slide': None, 'tokens': {}, 'action': 'play'}}
2022-09-03 16:33:41,546 : EventManager : Event: ======'slide_show_3.slide_player-0_created'====== Args={}
2022-09-03 16:33:41,548 : EventManager : Event: ======'slide_show_3.slide_player-0_active'====== Args={}
2022-09-03 16:33:43,220 : EventManager : Event: ======'game_started'====== Args={}
2022-09-03 16:33:43,220 : EventManager : Event: ======'slides_clear'====== Args={'context': 'show_3'}
2022-09-03 16:33:43,221 : EventManager : Event: ======'slide_show_3.slide_player-0_removed'====== Args={}
2022-09-03 16:33:43,222 : EventManager : Event: ======'slide_window1_blank_active'====== Args={}
2022-09-03 16:33:43,244 : EventManager : Event: ======'player_added'====== Args={'player': <Player 1>, 'num': 1}
2022-09-03 16:33:43,244 : EventManager : Event: ======'player_index'====== Args={'value': 0, 'prev_value': 0, 'change': 0, 'player_num': 1}
2022-09-03 16:33:43,244 : EventManager : Event: ======'player_number'====== Args={'value': 1, 'prev_value': 1, 'change': 0, 'player_num': 1}
2022-09-03 16:33:43,244 : EventManager : Event: ======'player_score'====== Args={'value': 0, 'prev_value': 0, 'change': 0, 'player_num': 1}
2022-09-03 16:33:43,245 : EventManager : Event: ======'player_mode_value'====== Args={'value': 1000000, 'prev_value': 0, 'change': 1000000, 'player_num': 1}
2022-09-03 16:33:43,245 : EventManager : Event: ======'player_bonus_multiplier'====== Args={'value': 1, 'prev_value': 0, 'change': 1, 'player_num': 1}
2022-09-03 16:33:43,245 : EventManager : Event: ======'player_playfield_multiplier'====== Args={'value': 1, 'prev_value': 0, 'change': 1, 'player_num': 1}
2022-09-03 16:33:43,281 : EventManager : Event: ======'player_ball'====== Args={'value': 1, 'prev_value': 0, 'change': 1, 'player_num': 1}
2022-09-03 16:33:43,281 : EventManager : Event: ======'player_turn_start'====== Args={'number': 1, 'player': <Player 1>}
2022-09-03 16:33:43,308 : EventManager : Event: ======'player_shot_l_lane_enabled'====== Args={'value': True, 'prev_value': 0, 'change': 1, 'player_num': 1}
2022-09-03 16:33:43,308 : EventManager : Event: ======'player_shot_r_lane_enabled'====== Args={'value': True, 'prev_value': 0, 'change': 1, 'player_num': 1}
2022-09-03 16:33:43,308 : EventManager : Event: ======'player_shot_center_target_enabled'====== Args={'value': True, 'prev_value': 0, 'change': 1, 'player_num': 1}
2022-09-03 16:33:43,308 : EventManager : Event: ======'player_extra_ball_two_modes_complete_num_awarded'====== Args={'value': 0, 'prev_value': 0, 'change': 0, 'player_num': 1}
2022-09-03 16:33:43,319 : EventManager : Event: ======'sounds_play'====== Args={'settings': {'default': {'action': 'stop', 'priority': 400, 'block': False, 'delay': None, 'track': None, 'volume': None, 'pan': None, 'loops': None, 'start_at': None, 'fade_in': None, 'fade_out': None, 'about_to_finish_time': -1.0, 'max_queue_time': -1.0, 'events_when_played': ['use_sound_setting'], 'events_when_stopped': ['use_sound_setting'], 'events_when_looping': ['use_sound_setting'], 'events_when_about_to_finish': ['use_sound_setting'], 'mode_end_action': 'use_sound_setting', 'key': 'use_sound_setting'}, 'shooter_waiting': {'action': 'play', 'loops': -1, 'priority': None, 'block': False, 'delay': None, 'track': None, 'volume': None, 'pan': None, 'start_at': None, 'fade_in': None, 'fade_out': None, 'about_to_finish_time': -1.0, 'max_queue_time': -1.0, 'events_when_played': ['use_sound_setting'], 'events_when_stopped': ['use_sound_setting'], 'events_when_looping': ['use_sound_setting'], 'events_when_about_to_finish': ['use_sound_setting'], 'mode_end_action': 'use_sound_setting', 'key': 'use_sound_setting'}}, 'context': '_global', 'calling_context': 'ball_started', 'priority': 0, 'player': 1, 'ball': 1, 'balls_remaining': 2, 'is_extra_ball': False}
2022-09-03 16:33:43,319 : EventManager : Event: ======'player_shot_warp_advance_enabled'====== Args={'value': True, 'prev_value': 0, 'change': 1, 'player_num': 1}
2022-09-03 16:33:43,332 : EventManager : Event: ======'player_shot_portal_advance_enabled'====== Args={'value': True, 'prev_value': 0, 'change': 1, 'player_num': 1}
2022-09-03 16:33:43,332 : EventManager : Event: ======'player_shot_galaxy_advance_enabled'====== Args={'value': True, 'prev_value': 0, 'change': 1, 'player_num': 1}
2022-09-03 16:33:43,332 : EventManager : Event: ======'slides_play'====== Args={'settings': {'score_slide': {'target': None, 'background_color': [0.0, 0.0, 0.0, 1.0], 'priority': None, 'show': True, 'force': False, 'expire': None, 'slide': None, 'tokens': {}, 'action': 'play'}}, 'context': 'base', 'calling_context': 'mode_base_started', 'priority': 100, 'player': 1, 'ball': 1, 'balls_remaining': 2, 'is_extra_ball': False}
2022-09-03 16:33:43,332 : mpfmc : SlidePlayer: Play called with settings={'score_slide': {'target': None, 'background_color': [0.0, 0.0, 0.0, 1.0], 'priority': None, 'show': True, 'force': False, 'expire': None, 'slide': None, 'tokens': {}, 'action': 'play'}}
2022-09-03 16:33:43,348 : EventManager : Event: ======'slide_score_slide_created'====== Args={}
2022-09-03 16:33:43,356 : EventManager : Event: ======'slide_score_slide_active'====== Args={}
2022-09-03 16:33:43,363 : EventManager : Event: ======'sounds_play'====== Args={'settings': {'default': {'action': 'play', 'loops': -1, 'track': 'music', 'priority': None, 'block': False, 'delay': None, 'volume': None, 'pan': None, 'start_at': None, 'fade_in': None, 'fade_out': None, 'about_to_finish_time': -1.0, 'max_queue_time': -1.0, 'events_when_played': ['use_sound_setting'], 'events_when_stopped': ['use_sound_setting'], 'events_when_looping': ['use_sound_setting'], 'events_when_about_to_finish': ['use_sound_setting'], 'mode_end_action': 'use_sound_setting', 'key': 'use_sound_setting'}, 'mode_theme': {'action': 'stop', 'priority': None, 'block': False, 'delay': None, 'track': None, 'volume': None, 'pan': None, 'loops': None, 'start_at': None, 'fade_in': None, 'fade_out': None, 'about_to_finish_time': -1.0, 'max_queue_time': -1.0, 'events_when_played': ['use_sound_setting'], 'events_when_stopped': ['use_sound_setting'], 'events_when_looping': ['use_sound_setting'], 'events_when_about_to_finish': ['use_sound_setting'], 'mode_end_action': 'use_sound_setting', 'key': 'use_sound_setting'}}, 'context': '_global', 'calling_context': 'mode_spell_portal_started', 'priority': 0, 'player': 1, 'ball': 1, 'balls_remaining': 2, 'is_extra_ball': False}
2022-09-03 16:33:45,389 : EventManager : Event: ======'machine_var_audits_switches_s_action_button'====== Args={'value': 4285, 'prev_value': 4284, 'change': 1}
2022-09-03 16:33:45,605 : EventManager : Event: ======'sounds_play'====== Args={'settings': {'shooter_waiting': {'action': 'stop', 'priority': None, 'block': False, 'delay': None, 'track': None, 'volume': None, 'pan': None, 'loops': None, 'start_at': None, 'fade_in': None, 'fade_out': None, 'about_to_finish_time': -1.0, 'max_queue_time': -1.0, 'events_when_played': ['use_sound_setting'], 'events_when_stopped': ['use_sound_setting'], 'events_when_looping': ['use_sound_setting'], 'events_when_about_to_finish': ['use_sound_setting'], 'mode_end_action': 'use_sound_setting', 'key': 'use_sound_setting'}, 'default': {'action': 'play', 'loops': -1, 'track': 'music', 'priority': None, 'block': False, 'delay': None, 'volume': None, 'pan': None, 'start_at': None, 'fade_in': None, 'fade_out': None, 'about_to_finish_time': -1.0, 'max_queue_time': -1.0, 'events_when_played': ['use_sound_setting'], 'events_when_stopped': ['use_sound_setting'], 'events_when_looping': ['use_sound_setting'], 'events_when_about_to_finish': ['use_sound_setting'], 'mode_end_action': 'use_sound_setting', 'key': 'use_sound_setting'}}, 'context': '_global', 'calling_context': 's_drain_inactive', 'priority': 0}
2022-09-03 16:33:46,288 : EventManager : Event: ======'machine_var_audits_switches_s_left_sling'====== Args={'value': 7474, 'prev_value': 7473, 'change': 1}
2022-09-03 16:33:46,288 : EventManager : Event: ======'player_score'====== Args={'value': 1110, 'prev_value': 0, 'change': 1110, 'player_num': 1}
2022-09-03 16:33:46,288 : EventManager : Event: ======'player_switches'====== Args={'value': 1, 'prev_value': 0, 'change': 1, 'player_num': 1}
2022-09-03 16:33:46,762 : EventManager : Event: ======'machine_var_audits_switches_s_left_flipper'====== Args={'value': 38025, 'prev_value': 38024, 'change': 1}
2022-09-03 16:33:49,042 : EventManager : Event: ======'machine_var_audits_switches_s_left_flipper'====== Args={'value': 38026, 'prev_value': 38025, 'change': 1}
2022-09-03 16:33:49,404 : EventManager : Event: ======'machine_var_audits_switches_s_right_spinner'====== Args={'value': 18090, 'prev_value': 18089, 'change': 1}
2022-09-03 16:33:49,404 : EventManager : Event: ======'player_score'====== Args={'value': 2140, 'prev_value': 1110, 'change': 1030, 'player_num': 1}
2022-09-03 16:33:49,404 : EventManager : Event: ======'player_switches'====== Args={'value': 2, 'prev_value': 1, 'change': 1, 'player_num': 1}
2022-09-03 16:33:49,404 : EventManager : Event: ======'player_mode_value'====== Args={'value': 1010000, 'prev_value': 1000000, 'change': 10000, 'player_num': 1}
2022-09-03 16:33:49,633 : EventManager : Event: ======'machine_var_audits_switches_s_right_spinner'====== Args={'value': 18091, 'prev_value': 18090, 'change': 1}
2022-09-03 16:33:49,633 : EventManager : Event: ======'player_score'====== Args={'value': 3170, 'prev_value': 2140, 'change': 1030, 'player_num': 1}
2022-09-03 16:33:49,633 : EventManager : Event: ======'player_switches'====== Args={'value': 3, 'prev_value': 2, 'change': 1, 'player_num': 1}
2022-09-03 16:33:49,633 : EventManager : Event: ======'player_mode_value'====== Args={'value': 1020000, 'prev_value': 1010000, 'change': 10000, 'player_num': 1}
2022-09-03 16:33:50,623 : EventManager : Event: ======'machine_var_audits_switches_s_right_inlane_far'====== Args={'value': 6858, 'prev_value': 6857, 'change': 1}
2022-09-03 16:33:50,623 : EventManager : Event: ======'player_shot_portal_advance'====== Args={'value': 1, 'prev_value': 0, 'change': 1, 'player_num': 1}
2022-09-03 16:33:50,623 : EventManager : Event: ======'machine_var_audits_shots_portal_advance'====== Args={'value': 5066, 'prev_value': 5065, 'change': 1}
2022-09-03 16:33:50,623 : EventManager : Event: ======'player_score'====== Args={'value': 33170, 'prev_value': 3170, 'change': 30000, 'player_num': 1}
2022-09-03 16:33:50,624 : EventManager : Event: ======'player_switches'====== Args={'value': 4, 'prev_value': 3, 'change': 1, 'player_num': 1}
2022-09-03 16:33:50,624 : EventManager : Event: ======'player_combos_combo_timer_tick'====== Args={'value': 6, 'prev_value': 0, 'change': 6, 'player_num': 1}
2022-09-03 16:33:51,068 : EventManager : Event: ======'machine_var_audits_switches_s_right_flipper'====== Args={'value': 34764, 'prev_value': 34763, 'change': 1}
2022-09-03 16:33:51,119 : EventManager : Event: ======'player_combos_combo_timer_tick'====== Args={'value': 5, 'prev_value': 6, 'change': -1, 'player_num': 1}
2022-09-03 16:33:51,364 : EventManager : Event: ======'machine_var_audits_switches_s_left_spinner'====== Args={'value': 23589, 'prev_value': 23588, 'change': 1}
2022-09-03 16:33:51,364 : EventManager : Event: ======'player_score'====== Args={'value': 43170, 'prev_value': 33170, 'change': 10000, 'player_num': 1}
2022-09-03 16:33:51,364 : EventManager : Event: ======'player_score'====== Args={'value': 44200, 'prev_value': 43170, 'change': 1030, 'player_num': 1}
2022-09-03 16:33:51,364 : EventManager : Event: ======'player_switches'====== Args={'value': 5, 'prev_value': 4, 'change': 1, 'player_num': 1}
2022-09-03 16:33:51,365 : EventManager : Event: ======'player_mode_value'====== Args={'value': 1030000, 'prev_value': 1020000, 'change': 10000, 'player_num': 1}
2022-09-03 16:33:51,529 : EventManager : Event: ======'machine_var_audits_switches_s_left_spinner'====== Args={'value': 23590, 'prev_value': 23589, 'change': 1}
2022-09-03 16:33:51,541 : EventManager : Event: ======'player_score'====== Args={'value': 54200, 'prev_value': 44200, 'change': 10000, 'player_num': 1}
2022-09-03 16:33:51,541 : EventManager : Event: ======'player_score'====== Args={'value': 55230, 'prev_value': 54200, 'change': 1030, 'player_num': 1}
2022-09-03 16:33:51,541 : EventManager : Event: ======'player_switches'====== Args={'value': 6, 'prev_value': 5, 'change': 1, 'player_num': 1}
2022-09-03 16:33:51,541 : EventManager : Event: ======'player_mode_value'====== Args={'value': 1040000, 'prev_value': 1030000, 'change': 10000, 'player_num': 1}
2022-09-03 16:33:51,616 : EventManager : Event: ======'player_combos_combo_timer_tick'====== Args={'value': 4, 'prev_value': 5, 'change': -1, 'player_num': 1}
2022-09-03 16:33:51,732 : EventManager : Event: ======'machine_var_audits_switches_s_left_spinner'====== Args={'value': 23591, 'prev_value': 23590, 'change': 1}
2022-09-03 16:33:51,732 : EventManager : Event: ======'player_score'====== Args={'value': 65230, 'prev_value': 55230, 'change': 10000, 'player_num': 1}
2022-09-03 16:33:51,732 : EventManager : Event: ======'player_score'====== Args={'value': 66260, 'prev_value': 65230, 'change': 1030, 'player_num': 1}
2022-09-03 16:33:51,732 : EventManager : Event: ======'player_switches'====== Args={'value': 7, 'prev_value': 6, 'change': 1, 'player_num': 1}
2022-09-03 16:33:51,733 : EventManager : Event: ======'player_mode_value'====== Args={'value': 1050000, 'prev_value': 1040000, 'change': 10000, 'player_num': 1}
2022-09-03 16:33:51,923 : EventManager : Event: ======'machine_var_audits_switches_s_left_spinner'====== Args={'value': 23592, 'prev_value': 23591, 'change': 1}
2022-09-03 16:33:51,923 : EventManager : Event: ======'player_score'====== Args={'value': 76260, 'prev_value': 66260, 'change': 10000, 'player_num': 1}
2022-09-03 16:33:51,923 : EventManager : Event: ======'player_score'====== Args={'value': 77290, 'prev_value': 76260, 'change': 1030, 'player_num': 1}
2022-09-03 16:33:51,923 : EventManager : Event: ======'player_switches'====== Args={'value': 8, 'prev_value': 7, 'change': 1, 'player_num': 1}
2022-09-03 16:33:51,924 : EventManager : Event: ======'player_mode_value'====== Args={'value': 1060000, 'prev_value': 1050000, 'change': 10000, 'player_num': 1}
2022-09-03 16:33:52,123 : EventManager : Event: ======'player_combos_combo_timer_tick'====== Args={'value': 3, 'prev_value': 4, 'change': -1, 'player_num': 1}
2022-09-03 16:33:52,394 : EventManager : Event: ======'machine_var_audits_switches_s_left_inlane_far'====== Args={'value': 4953, 'prev_value': 4952, 'change': 1}
2022-09-03 16:33:52,394 : EventManager : Event: ======'player_combo'====== Args={'value': 1, 'prev_value': 0, 'change': 1, 'player_num': 1}
2022-09-03 16:33:52,406 : EventManager : Event: ======'player_combo_value'====== Args={'value': 25000, 'prev_value': 0, 'change': 25000, 'player_num': 1}
2022-09-03 16:33:52,406 : EventManager : Event: ======'player_score'====== Args={'value': 102290, 'prev_value': 77290, 'change': 25000, 'player_num': 1}
2022-09-03 16:33:52,406 : EventManager : Event: ======'slides_play'====== Args={'settings': {'combo_slide': {'target': None, 'background_color': [0.0, 0.0, 0.0, 1.0], 'priority': None, 'show': True, 'force': False, 'expire': None, 'slide': None, 'tokens': {}, 'action': 'play'}}, 'context': 'combos', 'calling_context': 's_left_inlane_far_active{device.timers.combo_timer.ticks==3}', 'priority': 700}
2022-09-03 16:33:52,406 : EventManager : Event: ======'player_shot_galaxy_advance'====== Args={'value': 1, 'prev_value': 0, 'change': 1, 'player_num': 1}
2022-09-03 16:33:52,407 : EventManager : Event: ======'machine_var_audits_shots_galaxy_advance'====== Args={'value': 2956, 'prev_value': 2955, 'change': 1}
2022-09-03 16:33:52,407 : EventManager : Event: ======'player_score'====== Args={'value': 132290, 'prev_value': 102290, 'change': 30000, 'player_num': 1}
2022-09-03 16:33:52,407 : EventManager : Event: ======'player_switches'====== Args={'value': 9, 'prev_value': 8, 'change': 1, 'player_num': 1}
2022-09-03 16:33:52,407 : EventManager : Event: ======'player_combos_combo_timer_tick'====== Args={'value': 6, 'prev_value': 3, 'change': 3, 'player_num': 1}
2022-09-03 16:33:52,409 : mpfmc : SlidePlayer: Play called with settings={'combo_slide': {'target': None, 'background_color': [0.0, 0.0, 0.0, 1.0], 'priority': None, 'show': True, 'force': False, 'expire': None, 'slide': None, 'tokens': {}, 'action': 'play'}}
2022-09-03 16:33:52,425 : EventManager : Event: ======'slide_combo_slide_created'====== Args={}
2022-09-03 16:33:52,432 : EventManager : Event: ======'slide_combo_slide_active'====== Args={}
2022-09-03 16:33:52,749 : EventManager : Event: ======'machine_var_audits_switches_s_left_flipper'====== Args={'value': 38027, 'prev_value': 38026, 'change': 1}
2022-09-03 16:33:52,904 : EventManager : Event: ======'player_combos_combo_timer_tick'====== Args={'value': 5, 'prev_value': 6, 'change': -1, 'player_num': 1}
2022-09-03 16:33:52,993 : EventManager : Event: ======'machine_var_audits_switches_s_right_spinner'====== Args={'value': 18092, 'prev_value': 18091, 'change': 1}
2022-09-03 16:33:52,993 : EventManager : Event: ======'player_score'====== Args={'value': 142290, 'prev_value': 132290, 'change': 10000, 'player_num': 1}
2022-09-03 16:33:52,993 : EventManager : Event: ======'player_score'====== Args={'value': 143320, 'prev_value': 142290, 'change': 1030, 'player_num': 1}
2022-09-03 16:33:52,993 : EventManager : Event: ======'player_switches'====== Args={'value': 10, 'prev_value': 9, 'change': 1, 'player_num': 1}
2022-09-03 16:33:52,994 : EventManager : Event: ======'player_mode_value'====== Args={'value': 1070000, 'prev_value': 1060000, 'change': 10000, 'player_num': 1}
2022-09-03 16:33:53,066 : EventManager : Event: ======'machine_var_audits_switches_s_right_spinner'====== Args={'value': 18093, 'prev_value': 18092, 'change': 1}
2022-09-03 16:33:53,066 : EventManager : Event: ======'player_score'====== Args={'value': 153320, 'prev_value': 143320, 'change': 10000, 'player_num': 1}
2022-09-03 16:33:53,079 : EventManager : Event: ======'player_score'====== Args={'value': 154350, 'prev_value': 153320, 'change': 1030, 'player_num': 1}
2022-09-03 16:33:53,079 : EventManager : Event: ======'player_switches'====== Args={'value': 11, 'prev_value': 10, 'change': 1, 'player_num': 1}
2022-09-03 16:33:53,079 : EventManager : Event: ======'player_mode_value'====== Args={'value': 1080000, 'prev_value': 1070000, 'change': 10000, 'player_num': 1}
2022-09-03 16:33:53,157 : EventManager : Event: ======'machine_var_audits_switches_s_right_spinner'====== Args={'value': 18094, 'prev_value': 18093, 'change': 1}
2022-09-03 16:33:53,157 : EventManager : Event: ======'player_score'====== Args={'value': 164350, 'prev_value': 154350, 'change': 10000, 'player_num': 1}
2022-09-03 16:33:53,157 : EventManager : Event: ======'player_score'====== Args={'value': 165380, 'prev_value': 164350, 'change': 1030, 'player_num': 1}
2022-09-03 16:33:53,158 : EventManager : Event: ======'player_switches'====== Args={'value': 12, 'prev_value': 11, 'change': 1, 'player_num': 1}
2022-09-03 16:33:53,158 : EventManager : Event: ======'player_mode_value'====== Args={'value': 1090000, 'prev_value': 1080000, 'change': 10000, 'player_num': 1}
2022-09-03 16:33:53,242 : EventManager : Event: ======'machine_var_audits_switches_s_right_spinner'====== Args={'value': 18095, 'prev_value': 18094, 'change': 1}
2022-09-03 16:33:53,242 : EventManager : Event: ======'player_score'====== Args={'value': 175380, 'prev_value': 165380, 'change': 10000, 'player_num': 1}
2022-09-03 16:33:53,242 : EventManager : Event: ======'player_score'====== Args={'value': 176410, 'prev_value': 175380, 'change': 1030, 'player_num': 1}
2022-09-03 16:33:53,242 : EventManager : Event: ======'player_switches'====== Args={'value': 13, 'prev_value': 12, 'change': 1, 'player_num': 1}
2022-09-03 16:33:53,242 : EventManager : Event: ======'player_mode_value'====== Args={'value': 1100000, 'prev_value': 1090000, 'change': 10000, 'player_num': 1}
2022-09-03 16:33:53,345 : EventManager : Event: ======'machine_var_audits_switches_s_right_spinner'====== Args={'value': 18096, 'prev_value': 18095, 'change': 1}
2022-09-03 16:33:53,345 : EventManager : Event: ======'player_score'====== Args={'value': 186410, 'prev_value': 176410, 'change': 10000, 'player_num': 1}
2022-09-03 16:33:53,345 : EventManager : Event: ======'player_score'====== Args={'value': 187440, 'prev_value': 186410, 'change': 1030, 'player_num': 1}
2022-09-03 16:33:53,345 : EventManager : Event: ======'player_switches'====== Args={'value': 14, 'prev_value': 13, 'change': 1, 'player_num': 1}
2022-09-03 16:33:53,346 : EventManager : Event: ======'player_mode_value'====== Args={'value': 1110000, 'prev_value': 1100000, 'change': 10000, 'player_num': 1}
2022-09-03 16:33:53,392 : EventManager : Event: ======'player_combos_combo_timer_tick'====== Args={'value': 4, 'prev_value': 5, 'change': -1, 'player_num': 1}
2022-09-03 16:33:53,482 : EventManager : Event: ======'machine_var_audits_switches_s_right_spinner'====== Args={'value': 18097, 'prev_value': 18096, 'change': 1}
2022-09-03 16:33:53,482 : EventManager : Event: ======'player_score'====== Args={'value': 197440, 'prev_value': 187440, 'change': 10000, 'player_num': 1}
2022-09-03 16:33:53,482 : EventManager : Event: ======'player_score'====== Args={'value': 198470, 'prev_value': 197440, 'change': 1030, 'player_num': 1}
2022-09-03 16:33:53,494 : EventManager : Event: ======'player_switches'====== Args={'value': 15, 'prev_value': 14, 'change': 1, 'player_num': 1}
2022-09-03 16:33:53,494 : EventManager : Event: ======'player_mode_value'====== Args={'value': 1120000, 'prev_value': 1110000, 'change': 10000, 'player_num': 1}
2022-09-03 16:33:53,740 : EventManager : Event: ======'machine_var_audits_switches_s_right_spinner'====== Args={'value': 18098, 'prev_value': 18097, 'change': 1}
2022-09-03 16:33:53,740 : EventManager : Event: ======'player_score'====== Args={'value': 208470, 'prev_value': 198470, 'change': 10000, 'player_num': 1}
2022-09-03 16:33:53,740 : EventManager : Event: ======'player_score'====== Args={'value': 209500, 'prev_value': 208470, 'change': 1030, 'player_num': 1}
2022-09-03 16:33:53,740 : EventManager : Event: ======'player_switches'====== Args={'value': 16, 'prev_value': 15, 'change': 1, 'player_num': 1}
2022-09-03 16:33:53,741 : EventManager : Event: ======'player_mode_value'====== Args={'value': 1130000, 'prev_value': 1120000, 'change': 10000, 'player_num': 1}
2022-09-03 16:33:53,891 : EventManager : Event: ======'player_combos_combo_timer_tick'====== Args={'value': 3, 'prev_value': 4, 'change': -1, 'player_num': 1}
2022-09-03 16:33:54,249 : EventManager : Event: ======'machine_var_audits_switches_s_right_inlane'====== Args={'value': 597, 'prev_value': 596, 'change': 1}
2022-09-03 16:33:54,261 : EventManager : Event: ======'player_shot_r_lane'====== Args={'value': 1, 'prev_value': 0, 'change': 1, 'player_num': 1}
2022-09-03 16:33:54,261 : EventManager : Event: ======'machine_var_audits_shots_r_lane'====== Args={'value': 597, 'prev_value': 596, 'change': 1}
2022-09-03 16:33:54,261 : EventManager : Event: ======'player_score'====== Args={'value': 219500, 'prev_value': 209500, 'change': 10000, 'player_num': 1}
2022-09-03 16:33:54,402 : EventManager : Event: ======'player_combos_combo_timer_tick'====== Args={'value': 2, 'prev_value': 3, 'change': -1, 'player_num': 1}
2022-09-03 16:33:54,402 : EventManager : Event: ======'slide_combo_slide_removed'====== Args={}
2022-09-03 16:33:54,403 : EventManager : Event: ======'slide_score_slide_active'====== Args={}
2022-09-03 16:33:54,900 : EventManager : Event: ======'player_combos_combo_timer_tick'====== Args={'value': 1, 'prev_value': 2, 'change': -1, 'player_num': 1}
2022-09-03 16:33:55,194 : EventManager : Event: ======'machine_var_audits_switches_s_right_flipper'====== Args={'value': 34765, 'prev_value': 34764, 'change': 1}
2022-09-03 16:33:55,206 : EventManager : Event: ======'player_shot_l_lane'====== Args={'value': 1, 'prev_value': 0, 'change': 1, 'player_num': 1}
2022-09-03 16:33:55,206 : EventManager : Event: ======'player_shot_r_lane'====== Args={'value': 0, 'prev_value': 1, 'change': -1, 'player_num': 1}
2022-09-03 16:33:55,400 : EventManager : Event: ======'player_combos_combo_timer_tick'====== Args={'value': 0, 'prev_value': 1, 'change': -1, 'player_num': 1}
2022-09-03 16:33:55,503 : EventManager : Event: ======'machine_var_audits_switches_s_drop_target5'====== Args={'value': 2119, 'prev_value': 2118, 'change': 1}
2022-09-03 16:33:55,503 : EventManager : Event: ======'player_score'====== Args={'value': 224000, 'prev_value': 219500, 'change': 4500, 'player_num': 1}
2022-09-03 16:33:55,503 : EventManager : Event: ======'player_switches'====== Args={'value': 17, 'prev_value': 16, 'change': 1, 'player_num': 1}
2022-09-03 16:33:55,834 : EventManager : Event: ======'machine_var_audits_switches_s_left_flipper'====== Args={'value': 38028, 'prev_value': 38027, 'change': 1}
2022-09-03 16:33:55,834 : EventManager : Event: ======'player_shot_l_lane'====== Args={'value': 0, 'prev_value': 1, 'change': -1, 'player_num': 1}
2022-09-03 16:33:55,834 : EventManager : Event: ======'player_shot_r_lane'====== Args={'value': 1, 'prev_value': 0, 'change': 1, 'player_num': 1}
2022-09-03 16:33:57,179 : kivy : Base: Leaving application in progress...
2022-09-03 16:33:57,409 : mpfmc : Stopping...
2022-09-03 16:33:57,409 : EventManager : Event: ======'shutdown'====== Args={}
2022-09-03 16:33:57,409 : AudioInterface : Disabling audio playback
2022-09-03 16:33:57,409 : mpfmc : Loop rate 68.89 Hz
2022-09-03 16:33:57,409 : kivy : MC run loop ended.
2022-09-03 16:33:57,409 : kivy : Stopping child threads... (3 remaining)
2022-09-03 16:33:57,908 : mpfmc : Stopping...
2022-09-03 16:33:57,908 : EventManager : Event: ======'shutdown'====== Args={}
2022-09-03 16:33:57,908 : mpfmc : Loop rate 67.24 Hz
2022-09-03 16:33:58,189 : MPF-MC BCP Server : Stopping BCP sending thread
2022-09-03 16:33:58,283 : kivy : All child threads stopped.
