2022-08-21 16:05:33,102 : kivy : Factory: 186 symbols loaded
2022-08-21 16:05:33,258 : kivy : ImageLoaderFFPy: Using ffpyplayer 4.3.2
2022-08-21 16:05:33,258 : kivy : Image: Providers: img_tex, img_dds, img_sdl2, img_pil, img_ffpyplayer 
2022-08-21 16:05:33,292 : kivy : VideoGstplayer: Using Gstreamer 1.18.0.0
2022-08-21 16:05:33,292 : kivy : Video: Provider: gstplayer
2022-08-21 16:05:33,458 : kivy : Loading MPF-MC controller
2022-08-21 16:05:34,000 : ConfigProcessor : Config spec file cache created: C:\Users\Brendan\AppData\Local\Temp\config_spec.mpf_cache
2022-08-21 16:05:34,000 : YamlMultifileConfigLoader : Machine config file #1: config
2022-08-21 16:05:34,001 : ConfigProcessor : Config file in cache changed: C:\Baby_pacman_code\machine\config\config
2022-08-21 16:05:34,001 : ConfigProcessor : Loading config from file c:\users\brendan\appdata\local\programs\python\python37\lib\site-packages\mpfmc\mcconfig.yaml.
2022-08-21 16:05:34,052 : ConfigProcessor : Loading config: c:\users\brendan\appdata\local\programs\python\python37\lib\site-packages\mpfmc\mcconfig.yaml
2022-08-21 16:05:34,052 : ConfigProcessor : Loading config from file C:\Baby_pacman_code\machine\config\config.
2022-08-21 16:05:34,179 : ConfigProcessor : Loading config: C:\Baby_pacman_code\machine\config\config
2022-08-21 16:05:34,182 : ConfigProcessor : Config file cache created: C:\Users\Brendan\AppData\Local\Temp\e68bda1e95a8aa0185725ca2569cabab.mpf_cache
2022-08-21 16:05:34,182 : ConfigProcessor : Loading config from cache: C:\Users\Brendan\AppData\Local\Temp\467e7647689d29fad6adf949e1f4d51d.mpf_cache
2022-08-21 16:05:34,183 : ConfigProcessor : Loading config from cache: C:\Users\Brendan\AppData\Local\Temp\5550e037aa776b42b91b29b40b356c70.mpf_cache
2022-08-21 16:05:34,184 : ConfigProcessor : Loading config from cache: C:\Users\Brendan\AppData\Local\Temp\15e0c601392b30c3d9ba3ead8131edb5.mpf_cache
2022-08-21 16:05:34,184 : ConfigProcessor : Loading config from cache: C:\Users\Brendan\AppData\Local\Temp\0bf50917c4ef15ab65ee13d6c14e7d7c.mpf_cache
2022-08-21 16:05:34,185 : ConfigProcessor : Loading config from cache: C:\Users\Brendan\AppData\Local\Temp\bc7da7b13b2754e080c2afa0678ac274.mpf_cache
2022-08-21 16:05:34,185 : ConfigProcessor : Loading config from cache: C:\Users\Brendan\AppData\Local\Temp\bbd59d0bb6602ee0c5a89d6f85e6dd42.mpf_cache
2022-08-21 16:05:34,186 : ConfigProcessor : Loading config from cache: C:\Users\Brendan\AppData\Local\Temp\5526c78976fee311c3d05505d75f653d.mpf_cache
2022-08-21 16:05:34,187 : ConfigProcessor : Loading config from cache: C:\Users\Brendan\AppData\Local\Temp\6e95138ae5415fc76b53ebf8fa245fb5.mpf_cache
2022-08-21 16:05:34,187 : ConfigProcessor : Loading config from cache: C:\Users\Brendan\AppData\Local\Temp\1ec1c4dffb383758956493783a9ed391.mpf_cache
2022-08-21 16:05:34,188 : ConfigProcessor : Loading config from cache: C:\Users\Brendan\AppData\Local\Temp\f2aee92728c8017b77c710c804dd7f5a.mpf_cache
2022-08-21 16:05:34,189 : ConfigProcessor : Loading config from cache: C:\Users\Brendan\AppData\Local\Temp\88f57fa1305e9dc100972ec9f84d57fe.mpf_cache
2022-08-21 16:05:34,189 : ConfigProcessor : Loading config from cache: C:\Users\Brendan\AppData\Local\Temp\6e00a9d794d4c3f43a0fc48da04dac60.mpf_cache
2022-08-21 16:05:34,190 : ConfigProcessor : Loading config from cache: C:\Users\Brendan\AppData\Local\Temp\05ef98219fc733c3bcab58726c4b37ef.mpf_cache
2022-08-21 16:05:34,191 : ConfigProcessor : Loading config from cache: C:\Users\Brendan\AppData\Local\Temp\c22d657a5a7bb60632c2be2c735e073b.mpf_cache
2022-08-21 16:05:34,191 : ConfigProcessor : Loading config from cache: C:\Users\Brendan\AppData\Local\Temp\f7d4f5eb9425fe84d2e83a363afd4bdf.mpf_cache
2022-08-21 16:05:34,192 : ConfigProcessor : Loading config from cache: C:\Users\Brendan\AppData\Local\Temp\125f51d329f930ea7bff10973551cc26.mpf_cache
2022-08-21 16:05:34,192 : ConfigProcessor : Loading config from cache: C:\Users\Brendan\AppData\Local\Temp\08e18dfdf4e02cd29cc0cc52be2faaf4.mpf_cache
2022-08-21 16:05:34,193 : ConfigProcessor : Loading config from cache: C:\Users\Brendan\AppData\Local\Temp\f042f5bf6362b9e04d43b40b93a92057.mpf_cache
2022-08-21 16:05:34,194 : ConfigProcessor : Loading config from cache: C:\Users\Brendan\AppData\Local\Temp\60badac06cd62deb71f25fac24b103c2.mpf_cache
2022-08-21 16:05:34,194 : mpfmc : Mission Pinball Framework Media Controller v0.55.0
2022-08-21 16:05:34,194 : mpfmc : Mission Pinball Framework Game Engine v0.55.0
2022-08-21 16:05:34,194 : mpfmc : Machine path: C:\Baby_pacman_code\machine
2022-08-21 16:05:34,194 : mpfmc : Starting clock at 60.0Hz
2022-08-21 16:05:34,206 : kivy : Text: Provider: sdl2
2022-08-21 16:05:34,241 : kivy : Window: Provider: sdl2
2022-08-21 16:05:34,308 : kivy : GL: Using the "OpenGL" graphics system
2022-08-21 16:05:34,309 : kivy : GL: GLEW initialization succeeded
2022-08-21 16:05:34,309 : kivy : GL: Backend used <glew>
2022-08-21 16:05:34,309 : kivy : GL: OpenGL version <b'3.1.0 - Build 9.17.10.3517'>
2022-08-21 16:05:34,309 : kivy : GL: OpenGL vendor <b'Intel'>
2022-08-21 16:05:34,309 : kivy : GL: OpenGL renderer <b'Intel(R) HD Graphics 2000'>
2022-08-21 16:05:34,309 : kivy : GL: OpenGL parsed version: 3, 1
2022-08-21 16:05:34,309 : kivy : GL: Shading version <b'1.40 - Intel Build 9.17.10.3517'>
2022-08-21 16:05:34,310 : kivy : GL: Texture max size <8192>
2022-08-21 16:05:34,310 : kivy : GL: Texture max units <16>
2022-08-21 16:05:34,378 : kivy : Window: auto add sdl2 input provider
2022-08-21 16:05:34,378 : kivy : Window: virtual keyboard not allowed, single mode, not docked
2022-08-21 16:05:34,525 : AudioInterface : Initialized
2022-08-21 16:05:34,525 : AudioInterface : Loaded SDL 2.0.12
2022-08-21 16:05:34,525 : AudioInterface : Loaded SDL_Mixer 2.0.4
2022-08-21 16:05:34,525 : AudioInterface : Loaded GStreamer 1.18.0.0
2022-08-21 16:05:34,525 : AudioInterface : Loaded GLib 2.62.6
2022-08-21 16:05:34,525 : AudioInterface : Settings requested - rate: 44100, channels: 1, buffer: 2048 samples
2022-08-21 16:05:34,525 : AudioInterface : Settings in use - rate: 44100, channels: 1, buffer: 2048 samples (4096 bytes @ 2 bytes per sample)
2022-08-21 16:05:34,526 : SoundSystem : Setting master volume to 0.0
2022-08-21 16:05:34,526 : SoundSystem : master_volume in sound_system is deprecated and will be removed in the future.
2022-08-21 16:05:34,526 : AudioInterface : Enabling audio playback
2022-08-21 16:05:34,528 : kivy : Base: Start application main loop
2022-08-21 16:05:34,529 : EventManager : Event: ======'display_window_initialized'====== Args={}
2022-08-21 16:05:34,547 : mpfmc : Display: Setting 'window' as default display
2022-08-21 16:05:34,553 : mpfmc : ASPECT RATIO MISMATCH: The on-screen window is not the same aspect ratio as the display called 'window'. The logical display will be scaled from 1366x768 to the window size 1916x1054, and a black bar will make up the difference
2022-08-21 16:05:34,555 : EventManager : Event: ======'displays_initialized'====== Args={}
2022-08-21 16:05:34,557 : EventManager : Event: ======'slide_window_blank_created'====== Args={}
2022-08-21 16:05:34,557 : EventManager : Event: ======'display_window_ready'====== Args={}
2022-08-21 16:05:34,566 : EventManager : Event: ======'init_phase_1'====== Args={}
2022-08-21 16:05:34,572 : EventManager : Event: ======'mc_ready'====== Args={}
2022-08-21 16:05:34,572 : EventManager : Event: ======'init_phase_2'====== Args={}
2022-08-21 16:05:34,603 : EventManager : Event: ======'init_phase_3'====== Args={}
2022-08-21 16:05:34,609 : EventManager : Event: ======'init_phase_4'====== Args={}
2022-08-21 16:05:34,609 : EventManager : Event: ======'init_phase_5'====== Args={}
2022-08-21 16:05:34,661 : kivy : GL: NPOT texture support is available
2022-08-21 16:05:34,681 : kivy : GL: Unpack subimage support is available
2022-08-21 16:05:34,711 : EventManager : Event: ======'loading_assets'====== Args={'total': 27, 'loaded': 1, 'remaining': 26, 'percent': 4}
2022-08-21 16:05:34,712 : AssetManager : Loading assets: 1/27 (4%)
2022-08-21 16:05:35,931 : EventManager : Event: ======'loading_assets'====== Args={'total': 27, 'loaded': 2, 'remaining': 25, 'percent': 7}
2022-08-21 16:05:35,931 : AssetManager : Loading assets: 2/27 (7%)
2022-08-21 16:05:37,687 : EventManager : Event: ======'loading_assets'====== Args={'total': 27, 'loaded': 14, 'remaining': 13, 'percent': 52}
2022-08-21 16:05:37,687 : AssetManager : Loading assets: 14/27 (52%)
2022-08-21 16:05:38,327 : EventManager : Event: ======'loading_assets'====== Args={'total': 27, 'loaded': 27, 'remaining': 0, 'percent': 100}
2022-08-21 16:05:38,327 : AssetManager : Asset loading took: 3.8012173175811768
2022-08-21 16:05:38,327 : EventManager : Event: ======'asset_loading_complete'====== Args={}
2022-08-21 16:05:38,327 : AssetManager : Loading assets: 27/27 (100%)
2022-08-21 16:05:38,327 : EventManager : Event: ======'init_done'====== Args={}
2022-08-21 16:05:38,328 : MPF-MC BCP Server : Starting up on localhost port 5050
2022-08-21 16:05:38,330 : MPF-MC BCP Server : Waiting for a connection...
2022-08-21 16:05:38,335 : MPF-MC BCP Server : Received connection from: 127.0.0.1:49296
2022-08-21 16:05:38,344 : EventManager : Event: ======'client_disconnected'====== Args={'host': '127.0.0.1', 'port': 5050}
2022-08-21 16:05:38,344 : EventManager : Event: ======'client_connected'====== Args={'host': '127.0.0.1', 'port': 49296}
2022-08-21 16:05:38,356 : EventManager : Event: ======'machine_var_fast_net_firmware'====== Args={'value': '01.05', 'prev_value': None, 'change': True}
2022-08-21 16:05:38,356 : EventManager : Event: ======'machine_var_fast_net_model'====== Args={'value': 'FP-CPU-002-2', 'prev_value': None, 'change': True}
2022-08-21 16:05:38,356 : EventManager : Event: ======'machine_var_fast_rgb_firmware'====== Args={'value': '01.00', 'prev_value': None, 'change': True}
2022-08-21 16:05:38,356 : EventManager : Event: ======'machine_var_fast_rgb_model'====== Args={'value': 'FP-CPU-002-2', 'prev_value': None, 'change': True}
2022-08-21 16:05:38,356 : EventManager : Event: ======'machine_var_credits_string'====== Args={'value': 'FREE PLAY', 'prev_value': None, 'change': True}
2022-08-21 16:05:38,356 : EventManager : Event: ======'machine_var_master_volume'====== Args={'value': 0.5, 'prev_value': None, 'change': True}
2022-08-21 16:05:38,356 : EventManager : Event: ======'machine_var_player1_score'====== Args={'value': 58540490, 'prev_value': None, 'change': True}
2022-08-21 16:05:38,356 : EventManager : Event: ======'machine_var_mpf_version'====== Args={'value': 'MPF v0.55.0', 'prev_value': None, 'change': True}
2022-08-21 16:05:38,357 : EventManager : Event: ======'machine_var_mpf_extended_version'====== Args={'value': 'MPF v0.55.0, Config version:5, Show version: 5, BCP version:1.1', 'prev_value': None, 'change': True}
2022-08-21 16:05:38,357 : EventManager : Event: ======'machine_var_python_version'====== Args={'value': '3.7.8', 'prev_value': None, 'change': True}
2022-08-21 16:05:38,357 : EventManager : Event: ======'machine_var_platform'====== Args={'value': 'Windows-7-6.1.7601-SP1', 'prev_value': None, 'change': True}
2022-08-21 16:05:38,357 : EventManager : Event: ======'machine_var_platform_system'====== Args={'value': 'Windows', 'prev_value': None, 'change': True}
2022-08-21 16:05:38,357 : EventManager : Event: ======'machine_var_platform_release'====== Args={'value': '7', 'prev_value': None, 'change': True}
2022-08-21 16:05:38,357 : EventManager : Event: ======'machine_var_platform_version'====== Args={'value': '6.1.7601', 'prev_value': None, 'change': True}
2022-08-21 16:05:38,357 : EventManager : Event: ======'machine_var_platform_machine'====== Args={'value': 'AMD64', 'prev_value': None, 'change': True}
2022-08-21 16:05:38,357 : EventManager : Event: ======'machine_var_mc_version'====== Args={'value': 'MPF-MC v0.55.0', 'prev_value': None, 'change': True}
2022-08-21 16:05:38,357 : EventManager : Event: ======'machine_var_mc_extended_version'====== Args={'value': 'MPF-MC v0.55.0 (config_version=5, BCP v1.1, Requires MPF v0.55.0-dev.49)', 'prev_value': None, 'change': True}
2022-08-21 16:05:38,357 : SoundSystem : Setting master volume to 0.5
2022-08-21 16:05:38,849 : EventManager : Event: ======'machine_var_audits_events_game_ended'====== Args={'value': 0, 'prev_value': None, 'change': True}
2022-08-21 16:05:38,849 : EventManager : Event: ======'machine_var_audits_events_game_started'====== Args={'value': 0, 'prev_value': None, 'change': True}
2022-08-21 16:05:38,849 : EventManager : Event: ======'machine_var_audits_player_score'====== Args={'value': {'average': 10318150.616438355, 'top': [198719690, 195274570, 161094530, 160419680, 140071820, 132769060, 132262360, 127113160, 121863670, 115954110], 'total': 584}, 'prev_value': None, 'change': True}
2022-08-21 16:05:38,849 : EventManager : Event: ======'machine_var_audits_shots_center_drop_mission1'====== Args={'value': 495, 'prev_value': None, 'change': True}
2022-08-21 16:05:38,849 : EventManager : Event: ======'machine_var_audits_shots_center_target'====== Args={'value': 37, 'prev_value': None, 'change': True}
2022-08-21 16:05:38,849 : EventManager : Event: ======'machine_var_audits_shots_drop_target1_mission2'====== Args={'value': 217, 'prev_value': None, 'change': True}
2022-08-21 16:05:38,850 : EventManager : Event: ======'machine_var_audits_shots_drop_target2_mission2'====== Args={'value': 249, 'prev_value': None, 'change': True}
2022-08-21 16:05:38,850 : EventManager : Event: ======'machine_var_audits_shots_drop_target3_mission2'====== Args={'value': 279, 'prev_value': None, 'change': True}
2022-08-21 16:05:38,850 : EventManager : Event: ======'machine_var_audits_shots_drop_target4_mission2'====== Args={'value': 255, 'prev_value': None, 'change': True}
2022-08-21 16:05:38,850 : EventManager : Event: ======'machine_var_audits_shots_drop_target5_mission2'====== Args={'value': 218, 'prev_value': None, 'change': True}
2022-08-21 16:05:38,850 : EventManager : Event: ======'machine_var_audits_shots_drop_targets_mission3'====== Args={'value': 1421, 'prev_value': None, 'change': True}
2022-08-21 16:05:38,850 : EventManager : Event: ======'machine_var_audits_shots_galaxy_advance'====== Args={'value': 1934, 'prev_value': None, 'change': True}
2022-08-21 16:05:38,850 : EventManager : Event: ======'machine_var_audits_shots_l_lane'====== Args={'value': 599, 'prev_value': None, 'change': True}
2022-08-21 16:05:38,850 : EventManager : Event: ======'machine_var_audits_shots_left_kicker_mission2'====== Args={'value': 151, 'prev_value': None, 'change': True}
2022-08-21 16:05:38,850 : EventManager : Event: ======'machine_var_audits_shots_left_kicker_mission4'====== Args={'value': 112, 'prev_value': None, 'change': True}
2022-08-21 16:05:38,851 : EventManager : Event: ======'machine_var_audits_shots_left_loop_mission1'====== Args={'value': 558, 'prev_value': None, 'change': True}
2022-08-21 16:05:38,851 : EventManager : Event: ======'machine_var_audits_shots_left_loop_mission2'====== Args={'value': 252, 'prev_value': None, 'change': True}
2022-08-21 16:05:38,851 : EventManager : Event: ======'machine_var_audits_shots_left_loop_mission4'====== Args={'value': 372, 'prev_value': None, 'change': True}
2022-08-21 16:05:38,851 : EventManager : Event: ======'machine_var_audits_shots_portal_advance'====== Args={'value': 4434, 'prev_value': None, 'change': True}
2022-08-21 16:05:38,851 : EventManager : Event: ======'machine_var_audits_shots_r_lane'====== Args={'value': 527, 'prev_value': None, 'change': True}
2022-08-21 16:05:38,851 : EventManager : Event: ======'machine_var_audits_shots_right_kicker_mission2'====== Args={'value': 134, 'prev_value': None, 'change': True}
2022-08-21 16:05:38,851 : EventManager : Event: ======'machine_var_audits_shots_right_kicker_mission4'====== Args={'value': 132, 'prev_value': None, 'change': True}
2022-08-21 16:05:38,852 : EventManager : Event: ======'machine_var_audits_shots_right_loop_mission1'====== Args={'value': 645, 'prev_value': None, 'change': True}
2022-08-21 16:05:38,852 : EventManager : Event: ======'machine_var_audits_shots_right_loop_mission2'====== Args={'value': 280, 'prev_value': None, 'change': True}
2022-08-21 16:05:38,852 : EventManager : Event: ======'machine_var_audits_shots_right_loop_mission4'====== Args={'value': 421, 'prev_value': None, 'change': True}
2022-08-21 16:05:38,852 : EventManager : Event: ======'machine_var_audits_shots_warp_advance'====== Args={'value': 1070, 'prev_value': None, 'change': True}
2022-08-21 16:05:38,852 : EventManager : Event: ======'machine_var_audits_switches_s_action_button'====== Args={'value': 3876, 'prev_value': None, 'change': True}
2022-08-21 16:05:38,852 : EventManager : Event: ======'machine_var_audits_switches_s_drain'====== Args={'value': 2680, 'prev_value': None, 'change': True}
2022-08-21 16:05:38,852 : EventManager : Event: ======'machine_var_audits_switches_s_drop_target1'====== Args={'value': 1794, 'prev_value': None, 'change': True}
2022-08-21 16:05:38,852 : EventManager : Event: ======'machine_var_audits_switches_s_drop_target2'====== Args={'value': 2095, 'prev_value': None, 'change': True}
2022-08-21 16:05:38,852 : EventManager : Event: ======'machine_var_audits_switches_s_drop_target3'====== Args={'value': 2482, 'prev_value': None, 'change': True}
2022-08-21 16:05:38,853 : EventManager : Event: ======'machine_var_audits_switches_s_drop_target4'====== Args={'value': 2001, 'prev_value': None, 'change': True}
2022-08-21 16:05:38,853 : EventManager : Event: ======'machine_var_audits_switches_s_drop_target5'====== Args={'value': 1899, 'prev_value': None, 'change': True}
2022-08-21 16:05:38,853 : EventManager : Event: ======'machine_var_audits_switches_s_left_captive_ball'====== Args={'value': 467, 'prev_value': None, 'change': True}
2022-08-21 16:05:38,853 : EventManager : Event: ======'machine_var_audits_switches_s_left_flipper'====== Args={'value': 33720, 'prev_value': None, 'change': True}
2022-08-21 16:05:38,861 : EventManager : Event: ======'machine_var_audits_switches_s_left_inlane'====== Args={'value': 599, 'prev_value': None, 'change': True}
2022-08-21 16:05:38,861 : EventManager : Event: ======'machine_var_audits_switches_s_left_inlane_far'====== Args={'value': 3739, 'prev_value': None, 'change': True}
2022-08-21 16:05:38,861 : EventManager : Event: ======'machine_var_audits_switches_s_left_kicker'====== Args={'value': 1493, 'prev_value': None, 'change': True}
2022-08-21 16:05:38,861 : EventManager : Event: ======'machine_var_audits_switches_s_left_sling'====== Args={'value': 6691, 'prev_value': None, 'change': True}
2022-08-21 16:05:38,861 : EventManager : Event: ======'machine_var_audits_switches_s_left_spinner'====== Args={'value': 19589, 'prev_value': None, 'change': True}
2022-08-21 16:05:38,861 : EventManager : Event: ======'machine_var_audits_switches_s_right_captive_ball'====== Args={'value': 492, 'prev_value': None, 'change': True}
2022-08-21 16:05:38,861 : EventManager : Event: ======'machine_var_audits_switches_s_right_flipper'====== Args={'value': 31267, 'prev_value': None, 'change': True}
2022-08-21 16:05:38,861 : EventManager : Event: ======'machine_var_audits_switches_s_right_inlane'====== Args={'value': 527, 'prev_value': None, 'change': True}
2022-08-21 16:05:38,861 : EventManager : Event: ======'machine_var_audits_switches_s_right_inlane_far'====== Args={'value': 5953, 'prev_value': None, 'change': True}
2022-08-21 16:05:38,861 : EventManager : Event: ======'machine_var_audits_switches_s_right_kicker'====== Args={'value': 1672, 'prev_value': None, 'change': True}
2022-08-21 16:05:38,862 : EventManager : Event: ======'machine_var_audits_switches_s_right_sling'====== Args={'value': 14033, 'prev_value': None, 'change': True}
2022-08-21 16:05:38,862 : EventManager : Event: ======'machine_var_audits_switches_s_right_spinner'====== Args={'value': 15952, 'prev_value': None, 'change': True}
2022-08-21 16:05:38,862 : EventManager : Event: ======'machine_var_audits_switches_s_start'====== Args={'value': 403, 'prev_value': None, 'change': True}
2022-08-21 16:05:38,873 : EventManager : Event: ======'mc_reset_phase_1'====== Args={}
2022-08-21 16:05:38,873 : EventManager : Event: ======'mc_reset_phase_2'====== Args={}
2022-08-21 16:05:38,873 : EventManager : Event: ======'mc_reset_phase_3'====== Args={}
2022-08-21 16:05:38,873 : EventManager : Event: ======'mc_reset_complete'====== Args={}
2022-08-21 16:05:38,885 : EventManager : Event: ======'slides_play'====== Args={'settings': {'widgets': {'widgets': [{'type': 'text', 'text': 'GAME OVER', 'font_size': 50, 'font_name': 'space_font', '_default_settings': ['type', 'text', 'font_size', 'font_name'], 'x': None, 'y': None, 'anchor_x': 'center', 'anchor_y': 'center', 'round_anchor_x': None, 'round_anchor_y': None, 'opacity': 1.0, 'z': 0, 'reset_animations_events': {}, 'color': [1.0, 1.0, 1.0, 1.0], 'style': [], 'adjust_top': 0, 'adjust_bottom': 0, 'adjust_left': 0, 'adjust_right': 0, 'expire': None, 'key': None, 'widget': None, 'events_when_added': [], 'events_when_removed': [], 'bitmap_font': False, 'font_kerning': True, 'bold': False, 'italic': False, 'number_grouping': False, 'min_digits': 0, 'halign': 'center', 'valign': 'middle', 'rotation': 0, 'scale': 1.0, 'casing': None, 'animations': None}, {'type': 'image', 'image': 'attract_background', '_default_settings': ['type', 'image'], 'x': None, 'y': None, 'anchor_x': 'center', 'anchor_y': 'center', 'round_anchor_x': None, 'round_anchor_y': None, 'opacity': 1.0, 'z': 0, 'reset_animations_events': {}, 'color': [1.0, 1.0, 1.0, 1.0], 'style': [], 'adjust_top': 0, 'adjust_bottom': 0, 'adjust_left': 0, 'adjust_right': 0, 'expire': None, 'key': None, 'widget': None, 'events_when_added': [], 'events_when_removed': [], 'fps': 10, 'loops': -1, 'auto_play': True, 'start_frame': 0, 'rotation': 0, 'scale': 1.0, 'animations': None}], 'target': None, 'background_color': [0.0, 0.0, 0.0, 1.0], 'priority': None, 'show': True, 'force': False, 'expire': None, 'slide': None, 'tokens': {}, 'action': 'play'}}, 'context': 'show_13', 'calling_context': 0, 'priority': 10, 'show_tokens': {}, 'start_time': 6875.088}
2022-08-21 16:05:38,885 : mpfmc : SlidePlayer: Play called with settings={'widgets': {'widgets': [{'type': 'text', 'text': 'GAME OVER', 'font_size': 50, 'font_name': 'space_font', '_default_settings': ['type', 'text', 'font_size', 'font_name'], 'x': None, 'y': None, 'anchor_x': 'center', 'anchor_y': 'center', 'round_anchor_x': None, 'round_anchor_y': None, 'opacity': 1.0, 'z': 0, 'reset_animations_events': {}, 'color': [1.0, 1.0, 1.0, 1.0], 'style': [], 'adjust_top': 0, 'adjust_bottom': 0, 'adjust_left': 0, 'adjust_right': 0, 'expire': None, 'key': None, 'widget': None, 'events_when_added': [], 'events_when_removed': [], 'bitmap_font': False, 'font_kerning': True, 'bold': False, 'italic': False, 'number_grouping': False, 'min_digits': 0, 'halign': 'center', 'valign': 'middle', 'rotation': 0, 'scale': 1.0, 'casing': None, 'animations': None}, {'type': 'image', 'image': 'attract_background', '_default_settings': ['type', 'image'], 'x': None, 'y': None, 'anchor_x': 'center', 'anchor_y': 'center', 'round_anchor_x': None, 'round_anchor_y': None, 'opacity': 1.0, 'z': 0, 'reset_animations_events': {}, 'color': [1.0, 1.0, 1.0, 1.0], 'style': [], 'adjust_top': 0, 'adjust_bottom': 0, 'adjust_left': 0, 'adjust_right': 0, 'expire': None, 'key': None, 'widget': None, 'events_when_added': [], 'events_when_removed': [], 'fps': 10, 'loops': -1, 'auto_play': True, 'start_frame': 0, 'rotation': 0, 'scale': 1.0, 'animations': None}], 'target': None, 'background_color': [0.0, 0.0, 0.0, 1.0], 'priority': None, 'show': True, 'force': False, 'expire': None, 'slide': None, 'tokens': {}, 'action': 'play'}}
2022-08-21 16:05:38,892 : EventManager : Event: ======'slide_show_13.slide_player-0_created'====== Args={}
2022-08-21 16:05:38,894 : EventManager : Event: ======'slide_show_13.slide_player-0_active'====== Args={}
2022-08-21 16:05:41,871 : EventManager : Event: ======'slides_play'====== Args={'settings': {'last_game_score_slide': {'widgets': [{'type': 'text', 'text': 'LAST GAME', 'font_size': 50, 'y': '60%', 'font_name': 'space_font', '_default_settings': ['type', 'text', 'font_size', 'y', 'font_name'], 'x': None, 'anchor_x': 'center', 'anchor_y': 'center', 'round_anchor_x': None, 'round_anchor_y': None, 'opacity': 1.0, 'z': 0, 'reset_animations_events': {}, 'color': [1.0, 1.0, 1.0, 1.0], 'style': [], 'adjust_top': 0, 'adjust_bottom': 0, 'adjust_left': 0, 'adjust_right': 0, 'expire': None, 'key': None, 'widget': None, 'events_when_added': [], 'events_when_removed': [], 'bitmap_font': False, 'font_kerning': True, 'bold': False, 'italic': False, 'number_grouping': False, 'min_digits': 0, 'halign': 'center', 'valign': 'middle', 'rotation': 0, 'scale': 1.0, 'casing': None, 'animations': None}, {'type': 'text', 'text': '(machine|player1_score)', 'number_grouping': True, 'min_digits': 2, 'font_size': 50, 'y': '40%', 'font_name': 'score_font', '_default_settings': ['type', 'text', 'number_grouping', 'min_digits', 'font_size', 'y', 'font_name'], 'x': None, 'anchor_x': 'center', 'anchor_y': 'center', 'round_anchor_x': None, 'round_anchor_y': None, 'opacity': 1.0, 'z': 0, 'reset_animations_events': {}, 'color': [1.0, 1.0, 1.0, 1.0], 'style': [], 'adjust_top': 0, 'adjust_bottom': 0, 'adjust_left': 0, 'adjust_right': 0, 'expire': None, 'key': None, 'widget': None, 'events_when_added': [], 'events_when_removed': [], 'bitmap_font': False, 'font_kerning': True, 'bold': False, 'italic': False, 'halign': 'center', 'valign': 'middle', 'rotation': 0, 'scale': 1.0, 'casing': None, 'animations': None}, {'type': 'image', 'image': 'attract_background', '_default_settings': ['type', 'image'], 'x': None, 'y': None, 'anchor_x': 'center', 'anchor_y': 'center', 'round_anchor_x': None, 'round_anchor_y': None, 'opacity': 1.0, 'z': 0, 'reset_animations_events': {}, 'color': [1.0, 1.0, 1.0, 1.0], 'style': [], 'adjust_top': 0, 'adjust_bottom': 0, 'adjust_left': 0, 'adjust_right': 0, 'expire': None, 'key': None, 'widget': None, 'events_when_added': [], 'events_when_removed': [], 'fps': 10, 'loops': -1, 'auto_play': True, 'start_frame': 0, 'rotation': 0, 'scale': 1.0, 'animations': None}], 'target': None, 'background_color': [0.0, 0.0, 0.0, 1.0], 'priority': None, 'show': True, 'force': False, 'expire': None, 'slide': None, 'tokens': {}, 'action': 'play'}}, 'context': 'show_13', 'calling_context': 1, 'priority': 10, 'show_tokens': {}, 'start_time': 6878.088}
2022-08-21 16:05:41,871 : mpfmc : SlidePlayer: Play called with settings={'last_game_score_slide': {'widgets': [{'type': 'text', 'text': 'LAST GAME', 'font_size': 50, 'y': '60%', 'font_name': 'space_font', '_default_settings': ['type', 'text', 'font_size', 'y', 'font_name'], 'x': None, 'anchor_x': 'center', 'anchor_y': 'center', 'round_anchor_x': None, 'round_anchor_y': None, 'opacity': 1.0, 'z': 0, 'reset_animations_events': {}, 'color': [1.0, 1.0, 1.0, 1.0], 'style': [], 'adjust_top': 0, 'adjust_bottom': 0, 'adjust_left': 0, 'adjust_right': 0, 'expire': None, 'key': None, 'widget': None, 'events_when_added': [], 'events_when_removed': [], 'bitmap_font': False, 'font_kerning': True, 'bold': False, 'italic': False, 'number_grouping': False, 'min_digits': 0, 'halign': 'center', 'valign': 'middle', 'rotation': 0, 'scale': 1.0, 'casing': None, 'animations': None}, {'type': 'text', 'text': '(machine|player1_score)', 'number_grouping': True, 'min_digits': 2, 'font_size': 50, 'y': '40%', 'font_name': 'score_font', '_default_settings': ['type', 'text', 'number_grouping', 'min_digits', 'font_size', 'y', 'font_name'], 'x': None, 'anchor_x': 'center', 'anchor_y': 'center', 'round_anchor_x': None, 'round_anchor_y': None, 'opacity': 1.0, 'z': 0, 'reset_animations_events': {}, 'color': [1.0, 1.0, 1.0, 1.0], 'style': [], 'adjust_top': 0, 'adjust_bottom': 0, 'adjust_left': 0, 'adjust_right': 0, 'expire': None, 'key': None, 'widget': None, 'events_when_added': [], 'events_when_removed': [], 'bitmap_font': False, 'font_kerning': True, 'bold': False, 'italic': False, 'halign': 'center', 'valign': 'middle', 'rotation': 0, 'scale': 1.0, 'casing': None, 'animations': None}, {'type': 'image', 'image': 'attract_background', '_default_settings': ['type', 'image'], 'x': None, 'y': None, 'anchor_x': 'center', 'anchor_y': 'center', 'round_anchor_x': None, 'round_anchor_y': None, 'opacity': 1.0, 'z': 0, 'reset_animations_events': {}, 'color': [1.0, 1.0, 1.0, 1.0], 'style': [], 'adjust_top': 0, 'adjust_bottom': 0, 'adjust_left': 0, 'adjust_right': 0, 'expire': None, 'key': None, 'widget': None, 'events_when_added': [], 'events_when_removed': [], 'fps': 10, 'loops': -1, 'auto_play': True, 'start_frame': 0, 'rotation': 0, 'scale': 1.0, 'animations': None}], 'target': None, 'background_color': [0.0, 0.0, 0.0, 1.0], 'priority': None, 'show': True, 'force': False, 'expire': None, 'slide': None, 'tokens': {}, 'action': 'play'}}
2022-08-21 16:05:41,886 : EventManager : Event: ======'slide_last_game_score_slide_created'====== Args={}
2022-08-21 16:05:41,886 : EventManager : Unordered handler for class <Text Widget text=58,540,490> on event machine_var_player1_score with priority 1. Handlers: [RegisteredHandler(callback=<bound method Text._machine_var_change of <Text Widget text=58,540,490>>, priority=1, kwargs={}, key=UUID('42f5e8ce-cca6-4614-bd6c-6da6790499f3'), condition=None, blocking_facility=None), RegisteredHandler(callback=<bound method Text._machine_var_change of <Text Widget text=58,540,490>>, priority=1, kwargs={}, key=UUID('78a63091-428d-4d59-af73-bc5268ed7709'), condition=None, blocking_facility=None)]. The order of those handlers is not defined and they will be executed in random order. This might lead to race conditions and potential bugs.
2022-08-21 16:05:41,893 : EventManager : Event: ======'slide_last_game_score_slide_active'====== Args={}
2022-08-21 16:05:43,137 : EventManager : Event: ======'game_started'====== Args={}
2022-08-21 16:05:43,137 : EventManager : Event: ======'slides_clear'====== Args={'context': 'show_13'}
2022-08-21 16:05:43,138 : EventManager : Event: ======'slide_show_13.slide_player-0_removed'====== Args={}
2022-08-21 16:05:43,138 : EventManager : Event: ======'slide_last_game_score_slide_removed'====== Args={}
2022-08-21 16:05:43,139 : EventManager : Event: ======'slide_window_blank_active'====== Args={}
2022-08-21 16:05:43,150 : EventManager : Event: ======'player_added'====== Args={'player': <Player 1>, 'num': 1}
2022-08-21 16:05:43,150 : EventManager : Event: ======'player_index'====== Args={'value': 0, 'prev_value': 0, 'change': 0, 'player_num': 1}
2022-08-21 16:05:43,150 : EventManager : Event: ======'player_number'====== Args={'value': 1, 'prev_value': 1, 'change': 0, 'player_num': 1}
2022-08-21 16:05:43,151 : EventManager : Event: ======'player_score'====== Args={'value': 0, 'prev_value': 0, 'change': 0, 'player_num': 1}
2022-08-21 16:05:43,151 : EventManager : Event: ======'player_mode_value'====== Args={'value': 1000000, 'prev_value': 0, 'change': 1000000, 'player_num': 1}
2022-08-21 16:05:43,151 : EventManager : Event: ======'player_bonus_multiplier'====== Args={'value': 1, 'prev_value': 0, 'change': 1, 'player_num': 1}
2022-08-21 16:05:43,151 : EventManager : Event: ======'player_playfield_multiplier'====== Args={'value': 1, 'prev_value': 0, 'change': 1, 'player_num': 1}
2022-08-21 16:05:43,186 : EventManager : Event: ======'player_ball'====== Args={'value': 1, 'prev_value': 0, 'change': 1, 'player_num': 1}
2022-08-21 16:05:43,186 : EventManager : Event: ======'player_turn_start'====== Args={'number': 1, 'player': <Player 1>}
2022-08-21 16:05:43,199 : EventManager : Event: ======'player_shot_l_lane_enabled'====== Args={'value': True, 'prev_value': 0, 'change': 1, 'player_num': 1}
2022-08-21 16:05:43,199 : EventManager : Event: ======'player_shot_r_lane_enabled'====== Args={'value': True, 'prev_value': 0, 'change': 1, 'player_num': 1}
2022-08-21 16:05:43,199 : EventManager : Event: ======'player_shot_center_target_enabled'====== Args={'value': True, 'prev_value': 0, 'change': 1, 'player_num': 1}
2022-08-21 16:05:43,199 : EventManager : Event: ======'player_extra_ball_two_modes_complete_num_awarded'====== Args={'value': 0, 'prev_value': 0, 'change': 0, 'player_num': 1}
2022-08-21 16:05:43,223 : EventManager : Event: ======'sounds_play'====== Args={'settings': {'default': {'action': 'stop', 'priority': 400, 'block': False, 'delay': None, 'track': None, 'volume': None, 'pan': None, 'loops': None, 'start_at': None, 'fade_in': None, 'fade_out': None, 'about_to_finish_time': -1.0, 'max_queue_time': -1.0, 'events_when_played': ['use_sound_setting'], 'events_when_stopped': ['use_sound_setting'], 'events_when_looping': ['use_sound_setting'], 'events_when_about_to_finish': ['use_sound_setting'], 'mode_end_action': 'use_sound_setting', 'key': 'use_sound_setting'}, 'shooter_waiting': {'action': 'play', 'loops': -1, 'priority': None, 'block': False, 'delay': None, 'track': None, 'volume': None, 'pan': None, 'start_at': None, 'fade_in': None, 'fade_out': None, 'about_to_finish_time': -1.0, 'max_queue_time': -1.0, 'events_when_played': ['use_sound_setting'], 'events_when_stopped': ['use_sound_setting'], 'events_when_looping': ['use_sound_setting'], 'events_when_about_to_finish': ['use_sound_setting'], 'mode_end_action': 'use_sound_setting', 'key': 'use_sound_setting'}}, 'context': '_global', 'calling_context': 'ball_started', 'priority': 0, 'player': 1, 'ball': 1, 'balls_remaining': 2, 'is_extra_ball': False}
2022-08-21 16:05:43,223 : EventManager : Event: ======'player_shot_galaxy_advance_enabled'====== Args={'value': True, 'prev_value': 0, 'change': 1, 'player_num': 1}
2022-08-21 16:05:43,223 : EventManager : Event: ======'player_shot_warp_advance_enabled'====== Args={'value': True, 'prev_value': 0, 'change': 1, 'player_num': 1}
2022-08-21 16:05:43,223 : EventManager : Event: ======'player_shot_portal_advance_enabled'====== Args={'value': True, 'prev_value': 0, 'change': 1, 'player_num': 1}
2022-08-21 16:05:43,235 : EventManager : Event: ======'slides_play'====== Args={'settings': {'score_slide': {'target': None, 'background_color': [0.0, 0.0, 0.0, 1.0], 'priority': None, 'show': True, 'force': False, 'expire': None, 'slide': None, 'tokens': {}, 'action': 'play'}}, 'context': 'base', 'calling_context': 'mode_base_started', 'priority': 100, 'player': 1, 'ball': 1, 'balls_remaining': 2, 'is_extra_ball': False}
2022-08-21 16:05:43,235 : mpfmc : SlidePlayer: Play called with settings={'score_slide': {'target': None, 'background_color': [0.0, 0.0, 0.0, 1.0], 'priority': None, 'show': True, 'force': False, 'expire': None, 'slide': None, 'tokens': {}, 'action': 'play'}}
2022-08-21 16:05:43,247 : EventManager : Event: ======'slide_score_slide_created'====== Args={}
2022-08-21 16:05:43,254 : EventManager : Event: ======'slide_score_slide_active'====== Args={}
2022-08-21 16:05:43,260 : EventManager : Event: ======'sounds_play'====== Args={'settings': {'default': {'action': 'play', 'loops': -1, 'track': 'music', 'priority': None, 'block': False, 'delay': None, 'volume': None, 'pan': None, 'start_at': None, 'fade_in': None, 'fade_out': None, 'about_to_finish_time': -1.0, 'max_queue_time': -1.0, 'events_when_played': ['use_sound_setting'], 'events_when_stopped': ['use_sound_setting'], 'events_when_looping': ['use_sound_setting'], 'events_when_about_to_finish': ['use_sound_setting'], 'mode_end_action': 'use_sound_setting', 'key': 'use_sound_setting'}, 'mode_theme': {'action': 'stop', 'priority': None, 'block': False, 'delay': None, 'track': None, 'volume': None, 'pan': None, 'loops': None, 'start_at': None, 'fade_in': None, 'fade_out': None, 'about_to_finish_time': -1.0, 'max_queue_time': -1.0, 'events_when_played': ['use_sound_setting'], 'events_when_stopped': ['use_sound_setting'], 'events_when_looping': ['use_sound_setting'], 'events_when_about_to_finish': ['use_sound_setting'], 'mode_end_action': 'use_sound_setting', 'key': 'use_sound_setting'}}, 'context': '_global', 'calling_context': 'mode_spell_portal_started', 'priority': 0, 'player': 1, 'ball': 1, 'balls_remaining': 2, 'is_extra_ball': False}
2022-08-21 16:05:45,329 : EventManager : Event: ======'machine_var_audits_switches_s_action_button'====== Args={'value': 3877, 'prev_value': 3876, 'change': 1}
2022-08-21 16:05:45,532 : EventManager : Event: ======'sounds_play'====== Args={'settings': {'shooter_waiting': {'action': 'stop', 'priority': None, 'block': False, 'delay': None, 'track': None, 'volume': None, 'pan': None, 'loops': None, 'start_at': None, 'fade_in': None, 'fade_out': None, 'about_to_finish_time': -1.0, 'max_queue_time': -1.0, 'events_when_played': ['use_sound_setting'], 'events_when_stopped': ['use_sound_setting'], 'events_when_looping': ['use_sound_setting'], 'events_when_about_to_finish': ['use_sound_setting'], 'mode_end_action': 'use_sound_setting', 'key': 'use_sound_setting'}, 'default': {'action': 'play', 'loops': -1, 'track': 'music', 'priority': None, 'block': False, 'delay': None, 'volume': None, 'pan': None, 'start_at': None, 'fade_in': None, 'fade_out': None, 'about_to_finish_time': -1.0, 'max_queue_time': -1.0, 'events_when_played': ['use_sound_setting'], 'events_when_stopped': ['use_sound_setting'], 'events_when_looping': ['use_sound_setting'], 'events_when_about_to_finish': ['use_sound_setting'], 'mode_end_action': 'use_sound_setting', 'key': 'use_sound_setting'}}, 'context': '_global', 'calling_context': 's_drain_inactive', 'priority': 0}
2022-08-21 16:05:46,035 : EventManager : Event: ======'machine_var_audits_switches_s_left_sling'====== Args={'value': 6692, 'prev_value': 6691, 'change': 1}
2022-08-21 16:05:46,035 : EventManager : Event: ======'player_score'====== Args={'value': 1110, 'prev_value': 0, 'change': 1110, 'player_num': 1}
2022-08-21 16:05:46,035 : EventManager : Event: ======'player_switches'====== Args={'value': 1, 'prev_value': 0, 'change': 1, 'player_num': 1}
2022-08-21 16:05:46,877 : EventManager : Event: ======'machine_var_audits_switches_s_left_inlane_far'====== Args={'value': 3740, 'prev_value': 3739, 'change': 1}
2022-08-21 16:05:46,877 : EventManager : Event: ======'player_shot_galaxy_advance'====== Args={'value': 1, 'prev_value': 0, 'change': 1, 'player_num': 1}
2022-08-21 16:05:46,877 : EventManager : Event: ======'machine_var_audits_shots_galaxy_advance'====== Args={'value': 1935, 'prev_value': 1934, 'change': 1}
2022-08-21 16:05:46,877 : EventManager : Event: ======'player_score'====== Args={'value': 31110, 'prev_value': 1110, 'change': 30000, 'player_num': 1}
2022-08-21 16:05:46,878 : EventManager : Event: ======'player_switches'====== Args={'value': 2, 'prev_value': 1, 'change': 1, 'player_num': 1}
2022-08-21 16:05:46,878 : EventManager : Event: ======'player_combos_combo_timer_tick'====== Args={'value': 6, 'prev_value': 0, 'change': 6, 'player_num': 1}
2022-08-21 16:05:47,051 : EventManager : Event: ======'machine_var_audits_switches_s_left_inlane_far'====== Args={'value': 3741, 'prev_value': 3740, 'change': 1}
2022-08-21 16:05:47,051 : EventManager : Event: ======'machine_var_audits_shots_galaxy_advance'====== Args={'value': 1936, 'prev_value': 1935, 'change': 1}
2022-08-21 16:05:47,051 : EventManager : Event: ======'player_score'====== Args={'value': 61110, 'prev_value': 31110, 'change': 30000, 'player_num': 1}
2022-08-21 16:05:47,058 : EventManager : Event: ======'player_switches'====== Args={'value': 3, 'prev_value': 2, 'change': 1, 'player_num': 1}
2022-08-21 16:05:47,212 : EventManager : Event: ======'machine_var_audits_switches_s_left_inlane_far'====== Args={'value': 3742, 'prev_value': 3741, 'change': 1}
2022-08-21 16:05:47,212 : EventManager : Event: ======'machine_var_audits_shots_galaxy_advance'====== Args={'value': 1937, 'prev_value': 1936, 'change': 1}
2022-08-21 16:05:47,212 : EventManager : Event: ======'player_score'====== Args={'value': 91110, 'prev_value': 61110, 'change': 30000, 'player_num': 1}
2022-08-21 16:05:47,212 : EventManager : Event: ======'player_switches'====== Args={'value': 4, 'prev_value': 3, 'change': 1, 'player_num': 1}
2022-08-21 16:05:47,369 : EventManager : Event: ======'machine_var_audits_switches_s_left_inlane_far'====== Args={'value': 3743, 'prev_value': 3742, 'change': 1}
2022-08-21 16:05:47,369 : EventManager : Event: ======'machine_var_audits_shots_galaxy_advance'====== Args={'value': 1938, 'prev_value': 1937, 'change': 1}
2022-08-21 16:05:47,381 : EventManager : Event: ======'player_score'====== Args={'value': 121110, 'prev_value': 91110, 'change': 30000, 'player_num': 1}
2022-08-21 16:05:47,389 : EventManager : Event: ======'player_switches'====== Args={'value': 5, 'prev_value': 4, 'change': 1, 'player_num': 1}
2022-08-21 16:05:47,543 : EventManager : Event: ======'machine_var_audits_switches_s_left_inlane_far'====== Args={'value': 3744, 'prev_value': 3743, 'change': 1}
2022-08-21 16:05:47,555 : EventManager : Event: ======'machine_var_audits_shots_galaxy_advance'====== Args={'value': 1939, 'prev_value': 1938, 'change': 1}
2022-08-21 16:05:47,555 : EventManager : Event: ======'player_score'====== Args={'value': 151110, 'prev_value': 121110, 'change': 30000, 'player_num': 1}
2022-08-21 16:05:47,555 : EventManager : Event: ======'player_switches'====== Args={'value': 6, 'prev_value': 5, 'change': 1, 'player_num': 1}
2022-08-21 16:05:48,054 : EventManager : Event: ======'player_combos_combo_timer_tick'====== Args={'value': 5, 'prev_value': 6, 'change': -1, 'player_num': 1}
2022-08-21 16:05:48,092 : EventManager : Event: ======'machine_var_audits_switches_s_left_inlane_far'====== Args={'value': 3745, 'prev_value': 3744, 'change': 1}
2022-08-21 16:05:48,092 : EventManager : Event: ======'machine_var_audits_shots_galaxy_advance'====== Args={'value': 1940, 'prev_value': 1939, 'change': 1}
2022-08-21 16:05:48,092 : EventManager : Event: ======'player_score'====== Args={'value': 181110, 'prev_value': 151110, 'change': 30000, 'player_num': 1}
2022-08-21 16:05:48,092 : EventManager : Event: ======'player_switches'====== Args={'value': 7, 'prev_value': 6, 'change': 1, 'player_num': 1}
2022-08-21 16:05:48,093 : EventManager : Event: ======'player_combos_combo_timer_tick'====== Args={'value': 6, 'prev_value': 5, 'change': 1, 'player_num': 1}
2022-08-21 16:05:48,099 : EventManager : Event: ======'player_playfield_multiplier'====== Args={'value': 2, 'prev_value': 1, 'change': 1, 'player_num': 1}
2022-08-21 16:05:48,598 : EventManager : Event: ======'player_combos_combo_timer_tick'====== Args={'value': 5, 'prev_value': 6, 'change': -1, 'player_num': 1}
2022-08-21 16:05:49,098 : EventManager : Event: ======'player_combos_combo_timer_tick'====== Args={'value': 4, 'prev_value': 5, 'change': -1, 'player_num': 1}
2022-08-21 16:05:49,598 : EventManager : Event: ======'player_combos_combo_timer_tick'====== Args={'value': 3, 'prev_value': 4, 'change': -1, 'player_num': 1}
2022-08-21 16:05:49,727 : EventManager : Event: ======'machine_var_audits_switches_s_right_inlane_far'====== Args={'value': 5954, 'prev_value': 5953, 'change': 1}
2022-08-21 16:05:49,727 : EventManager : Event: ======'player_combo'====== Args={'value': 1, 'prev_value': 0, 'change': 1, 'player_num': 1}
2022-08-21 16:05:49,739 : EventManager : Event: ======'player_combo_value'====== Args={'value': 25000, 'prev_value': 0, 'change': 25000, 'player_num': 1}
2022-08-21 16:05:49,739 : EventManager : Event: ======'player_score'====== Args={'value': 231110, 'prev_value': 181110, 'change': 50000, 'player_num': 1}
2022-08-21 16:05:49,739 : EventManager : Event: ======'slides_play'====== Args={'settings': {'combo_slide': {'target': None, 'background_color': [0.0, 0.0, 0.0, 1.0], 'priority': None, 'show': True, 'force': False, 'expire': None, 'slide': None, 'tokens': {}, 'action': 'play'}}, 'context': 'combos', 'calling_context': 's_right_inlane_far_active{device.timers.combo_timer.ticks==3}', 'priority': 700}
2022-08-21 16:05:49,739 : EventManager : Event: ======'player_shot_portal_advance'====== Args={'value': 1, 'prev_value': 0, 'change': 1, 'player_num': 1}
2022-08-21 16:05:49,740 : EventManager : Event: ======'machine_var_audits_shots_portal_advance'====== Args={'value': 4435, 'prev_value': 4434, 'change': 1}
2022-08-21 16:05:49,740 : EventManager : Event: ======'player_score'====== Args={'value': 291110, 'prev_value': 231110, 'change': 60000, 'player_num': 1}
2022-08-21 16:05:49,740 : EventManager : Event: ======'player_switches'====== Args={'value': 8, 'prev_value': 7, 'change': 1, 'player_num': 1}
2022-08-21 16:05:49,740 : EventManager : Event: ======'player_combos_combo_timer_tick'====== Args={'value': 6, 'prev_value': 3, 'change': 3, 'player_num': 1}
2022-08-21 16:05:49,742 : mpfmc : SlidePlayer: Play called with settings={'combo_slide': {'target': None, 'background_color': [0.0, 0.0, 0.0, 1.0], 'priority': None, 'show': True, 'force': False, 'expire': None, 'slide': None, 'tokens': {}, 'action': 'play'}}
2022-08-21 16:05:49,760 : EventManager : Event: ======'slide_combo_slide_created'====== Args={}
2022-08-21 16:05:49,773 : EventManager : Event: ======'slide_combo_slide_active'====== Args={}
2022-08-21 16:05:50,235 : EventManager : Event: ======'player_combos_combo_timer_tick'====== Args={'value': 5, 'prev_value': 6, 'change': -1, 'player_num': 1}
2022-08-21 16:05:50,312 : EventManager : Event: ======'machine_var_audits_switches_s_right_inlane_far'====== Args={'value': 5955, 'prev_value': 5954, 'change': 1}
2022-08-21 16:05:50,312 : EventManager : Event: ======'machine_var_audits_shots_portal_advance'====== Args={'value': 4436, 'prev_value': 4435, 'change': 1}
2022-08-21 16:05:50,324 : EventManager : Event: ======'player_score'====== Args={'value': 351110, 'prev_value': 291110, 'change': 60000, 'player_num': 1}
2022-08-21 16:05:50,324 : EventManager : Event: ======'player_switches'====== Args={'value': 9, 'prev_value': 8, 'change': 1, 'player_num': 1}
2022-08-21 16:05:50,324 : EventManager : Event: ======'player_combos_combo_timer_tick'====== Args={'value': 6, 'prev_value': 5, 'change': 1, 'player_num': 1}
2022-08-21 16:05:50,681 : EventManager : Event: ======'machine_var_audits_switches_s_right_inlane_far'====== Args={'value': 5956, 'prev_value': 5955, 'change': 1}
2022-08-21 16:05:50,681 : EventManager : Event: ======'machine_var_audits_shots_portal_advance'====== Args={'value': 4437, 'prev_value': 4436, 'change': 1}
2022-08-21 16:05:50,681 : EventManager : Event: ======'player_score'====== Args={'value': 411110, 'prev_value': 351110, 'change': 60000, 'player_num': 1}
2022-08-21 16:05:50,694 : EventManager : Event: ======'player_switches'====== Args={'value': 10, 'prev_value': 9, 'change': 1, 'player_num': 1}
2022-08-21 16:05:51,182 : EventManager : Event: ======'player_combos_combo_timer_tick'====== Args={'value': 5, 'prev_value': 6, 'change': -1, 'player_num': 1}
2022-08-21 16:05:51,683 : EventManager : Event: ======'player_combos_combo_timer_tick'====== Args={'value': 4, 'prev_value': 5, 'change': -1, 'player_num': 1}
2022-08-21 16:05:51,734 : EventManager : Event: ======'slide_combo_slide_removed'====== Args={}
2022-08-21 16:05:51,735 : EventManager : Event: ======'slide_score_slide_active'====== Args={}
2022-08-21 16:05:52,184 : EventManager : Event: ======'player_combos_combo_timer_tick'====== Args={'value': 3, 'prev_value': 4, 'change': -1, 'player_num': 1}
2022-08-21 16:05:52,686 : EventManager : Event: ======'player_combos_combo_timer_tick'====== Args={'value': 2, 'prev_value': 3, 'change': -1, 'player_num': 1}
2022-08-21 16:05:53,189 : EventManager : Event: ======'player_combos_combo_timer_tick'====== Args={'value': 1, 'prev_value': 2, 'change': -1, 'player_num': 1}
2022-08-21 16:05:53,226 : EventManager : Event: ======'machine_var_audits_switches_s_left_kicker'====== Args={'value': 1494, 'prev_value': 1493, 'change': 1}
2022-08-21 16:05:53,238 : EventManager : Event: ======'player_score'====== Args={'value': 441110, 'prev_value': 411110, 'change': 30000, 'player_num': 1}
2022-08-21 16:05:53,259 : EventManager : Event: ======'slides_play'====== Args={'settings': {'select_mission1': {'target': None, 'background_color': [0.0, 0.0, 0.0, 1.0], 'priority': None, 'show': True, 'force': False, 'expire': None, 'slide': None, 'tokens': {}, 'action': 'play'}}, 'context': 'carousel', 'calling_context': 'carousel_mission1_highlighted', 'priority': 1000, 'direction': None}
2022-08-21 16:05:53,259 : mpfmc : SlidePlayer: Play called with settings={'select_mission1': {'target': None, 'background_color': [0.0, 0.0, 0.0, 1.0], 'priority': None, 'show': True, 'force': False, 'expire': None, 'slide': None, 'tokens': {}, 'action': 'play'}}
2022-08-21 16:05:53,268 : EventManager : Event: ======'slide_select_mission1_created'====== Args={}
2022-08-21 16:05:53,273 : EventManager : Event: ======'slide_select_mission1_active'====== Args={}
2022-08-21 16:05:53,703 : EventManager : Event: ======'player_combos_combo_timer_tick'====== Args={'value': 0, 'prev_value': 1, 'change': -1, 'player_num': 1}
2022-08-21 16:05:57,411 : EventManager : Event: ======'machine_var_audits_switches_s_action_button'====== Args={'value': 3878, 'prev_value': 3877, 'change': 1}
2022-08-21 16:05:57,530 : EventManager : Event: ======'player_shot_left_loop_mission1_enabled'====== Args={'value': True, 'prev_value': 0, 'change': 1, 'player_num': 1}
2022-08-21 16:05:57,531 : EventManager : Event: ======'player_shot_right_loop_mission1_enabled'====== Args={'value': True, 'prev_value': 0, 'change': 1, 'player_num': 1}
2022-08-21 16:05:57,531 : EventManager : Event: ======'player_shot_center_drop_mission1_enabled'====== Args={'value': True, 'prev_value': 0, 'change': 1, 'player_num': 1}
2022-08-21 16:05:57,532 : EventManager : Event: ======'player_modes_started'====== Args={'value': 1, 'prev_value': 0, 'change': 1, 'player_num': 1}
2022-08-21 16:05:57,532 : EventManager : Event: ======'player_selected_mission'====== Args={'value': 'mission1', 'prev_value': 0, 'change': True, 'player_num': 1}
2022-08-21 16:05:57,532 : EventManager : Event: ======'slides_clear'====== Args={'context': 'carousel'}
2022-08-21 16:05:57,533 : EventManager : Event: ======'slide_select_mission1_removed'====== Args={}
2022-08-21 16:05:57,533 : EventManager : Event: ======'sounds_play'====== Args={'settings': {'mode_theme': {'action': 'play', 'loops': -1, 'priority': None, 'block': False, 'delay': None, 'track': None, 'volume': None, 'pan': None, 'start_at': None, 'fade_in': None, 'fade_out': None, 'about_to_finish_time': -1.0, 'max_queue_time': -1.0, 'events_when_played': ['use_sound_setting'], 'events_when_stopped': ['use_sound_setting'], 'events_when_looping': ['use_sound_setting'], 'events_when_about_to_finish': ['use_sound_setting'], 'mode_end_action': 'use_sound_setting', 'key': 'use_sound_setting'}, 'default': {'action': 'stop', 'priority': None, 'block': False, 'delay': None, 'track': None, 'volume': None, 'pan': None, 'loops': None, 'start_at': None, 'fade_in': None, 'fade_out': None, 'about_to_finish_time': -1.0, 'max_queue_time': -1.0, 'events_when_played': ['use_sound_setting'], 'events_when_stopped': ['use_sound_setting'], 'events_when_looping': ['use_sound_setting'], 'events_when_about_to_finish': ['use_sound_setting'], 'mode_end_action': 'use_sound_setting', 'key': 'use_sound_setting'}}, 'context': '_global', 'calling_context': 'mode_carousel_stopped', 'priority': 0}
2022-08-21 16:05:57,534 : EventManager : Event: ======'slide_score_slide_active'====== Args={}
2022-08-21 16:05:57,563 : EventManager : Event: ======'sounds_play'====== Args={'settings': {'carousel_select': {'action': 'play', 'priority': None, 'block': False, 'delay': None, 'track': None, 'volume': None, 'pan': None, 'loops': None, 'start_at': None, 'fade_in': None, 'fade_out': None, 'about_to_finish_time': -1.0, 'max_queue_time': -1.0, 'events_when_played': ['use_sound_setting'], 'events_when_stopped': ['use_sound_setting'], 'events_when_looping': ['use_sound_setting'], 'events_when_about_to_finish': ['use_sound_setting'], 'mode_end_action': 'use_sound_setting', 'key': 'use_sound_setting'}}, 'context': 'mission1', 'calling_context': 'mode_mission1_started', 'priority': 1000}
2022-08-21 16:05:57,564 : EventManager : Event: ======'slides_play'====== Args={'settings': {'score_slide_lava': {'target': None, 'background_color': [0.0, 0.0, 0.0, 1.0], 'priority': None, 'show': True, 'force': False, 'expire': None, 'slide': None, 'tokens': {}, 'action': 'play'}}, 'context': 'mission1', 'calling_context': 'mode_mission1_started', 'priority': 1000}
2022-08-21 16:05:57,564 : EventManager : Event: ======'player_mission1_timer_seconds'====== Args={'value': 60, 'prev_value': 0, 'change': 60, 'player_num': 1}
2022-08-21 16:05:57,564 : mpfmc : SoundPlayer: The specified sound does not exist ('carousel_select').
2022-08-21 16:05:57,564 : mpfmc : SlidePlayer: Play called with settings={'score_slide_lava': {'target': None, 'background_color': [0.0, 0.0, 0.0, 1.0], 'priority': None, 'show': True, 'force': False, 'expire': None, 'slide': None, 'tokens': {}, 'action': 'play'}}
2022-08-21 16:05:57,583 : EventManager : Event: ======'slide_score_slide_lava_created'====== Args={}
2022-08-21 16:05:57,591 : EventManager : Event: ======'slide_score_slide_lava_active'====== Args={}
2022-08-21 16:05:58,734 : EventManager : Event: ======'player_mission1_mission1_timer_tick'====== Args={'value': 59, 'prev_value': 0, 'change': 59, 'player_num': 1}
2022-08-21 16:05:58,734 : EventManager : Event: ======'player_mission1_timer_seconds'====== Args={'value': 59, 'prev_value': 60, 'change': -1, 'player_num': 1}
2022-08-21 16:05:59,697 : EventManager : Event: ======'machine_var_audits_switches_s_left_inlane_far'====== Args={'value': 3746, 'prev_value': 3745, 'change': 1}
2022-08-21 16:05:59,697 : EventManager : Event: ======'player_shot_left_loop_mission1'====== Args={'value': 1, 'prev_value': 0, 'change': 1, 'player_num': 1}
2022-08-21 16:05:59,709 : EventManager : Event: ======'machine_var_audits_shots_left_loop_mission1'====== Args={'value': 559, 'prev_value': 558, 'change': 1}
2022-08-21 16:05:59,709 : EventManager : Event: ======'player_score'====== Args={'value': 501110, 'prev_value': 441110, 'change': 60000, 'player_num': 1}
2022-08-21 16:05:59,709 : EventManager : Event: ======'player_switches'====== Args={'value': 11, 'prev_value': 10, 'change': 1, 'player_num': 1}
2022-08-21 16:05:59,710 : EventManager : Event: ======'player_combos_combo_timer_tick'====== Args={'value': 6, 'prev_value': 0, 'change': 6, 'player_num': 1}
2022-08-21 16:05:59,727 : EventManager : Event: ======'player_score'====== Args={'value': 2501110, 'prev_value': 501110, 'change': 2000000, 'player_num': 1}
2022-08-21 16:05:59,727 : EventManager : Event: ======'player_mission1_total'====== Args={'value': 2000000, 'prev_value': 0, 'change': 2000000, 'player_num': 1}
2022-08-21 16:05:59,728 : EventManager : Event: ======'slides_play'====== Args={'settings': {'shot_slide': {'target': None, 'background_color': [0.0, 0.0, 0.0, 1.0], 'priority': None, 'show': True, 'force': False, 'expire': None, 'slide': None, 'tokens': {}, 'action': 'play'}}, 'context': 'mission1', 'calling_context': 'left_loop_mission1_flashing_hit', 'priority': 1000, 'profile': 'profile1', 'state': 'flashing', 'advancing': True}
2022-08-21 16:05:59,732 : mpfmc : SlidePlayer: Play called with settings={'shot_slide': {'target': None, 'background_color': [0.0, 0.0, 0.0, 1.0], 'priority': None, 'show': True, 'force': False, 'expire': None, 'slide': None, 'tokens': {}, 'action': 'play'}}
2022-08-21 16:05:59,740 : EventManager : Event: ======'slide_shot_slide_created'====== Args={}
2022-08-21 16:05:59,748 : EventManager : Event: ======'slide_shot_slide_active'====== Args={}
2022-08-21 16:05:59,938 : EventManager : Event: ======'player_mission1_mission1_timer_tick'====== Args={'value': 58, 'prev_value': 59, 'change': -1, 'player_num': 1}
2022-08-21 16:05:59,938 : EventManager : Event: ======'player_mission1_timer_seconds'====== Args={'value': 58, 'prev_value': 59, 'change': -1, 'player_num': 1}
2022-08-21 16:06:00,211 : EventManager : Event: ======'player_combos_combo_timer_tick'====== Args={'value': 5, 'prev_value': 6, 'change': -1, 'player_num': 1}
2022-08-21 16:06:00,727 : EventManager : Event: ======'player_combos_combo_timer_tick'====== Args={'value': 4, 'prev_value': 5, 'change': -1, 'player_num': 1}
2022-08-21 16:06:01,138 : EventManager : Event: ======'player_mission1_mission1_timer_tick'====== Args={'value': 57, 'prev_value': 58, 'change': -1, 'player_num': 1}
2022-08-21 16:06:01,138 : EventManager : Event: ======'player_mission1_timer_seconds'====== Args={'value': 57, 'prev_value': 58, 'change': -1, 'player_num': 1}
2022-08-21 16:06:01,237 : EventManager : Event: ======'player_combos_combo_timer_tick'====== Args={'value': 3, 'prev_value': 4, 'change': -1, 'player_num': 1}
2022-08-21 16:06:01,724 : EventManager : Event: ======'slide_shot_slide_removed'====== Args={}
2022-08-21 16:06:01,726 : EventManager : Event: ======'slide_score_slide_lava_active'====== Args={}
2022-08-21 16:06:01,753 : EventManager : Event: ======'player_combos_combo_timer_tick'====== Args={'value': 2, 'prev_value': 3, 'change': -1, 'player_num': 1}
2022-08-21 16:06:02,196 : EventManager : Event: ======'player_combos_combo_timer_tick'====== Args={'value': 1, 'prev_value': 2, 'change': -1, 'player_num': 1}
2022-08-21 16:06:02,335 : EventManager : Event: ======'player_mission1_mission1_timer_tick'====== Args={'value': 56, 'prev_value': 57, 'change': -1, 'player_num': 1}
2022-08-21 16:06:02,347 : EventManager : Event: ======'player_mission1_timer_seconds'====== Args={'value': 56, 'prev_value': 57, 'change': -1, 'player_num': 1}
2022-08-21 16:06:02,701 : EventManager : Event: ======'player_combos_combo_timer_tick'====== Args={'value': 0, 'prev_value': 1, 'change': -1, 'player_num': 1}
2022-08-21 16:06:03,540 : EventManager : Event: ======'player_mission1_mission1_timer_tick'====== Args={'value': 55, 'prev_value': 56, 'change': -1, 'player_num': 1}
2022-08-21 16:06:03,540 : EventManager : Event: ======'player_mission1_timer_seconds'====== Args={'value': 55, 'prev_value': 56, 'change': -1, 'player_num': 1}
2022-08-21 16:06:03,929 : EventManager : Event: ======'machine_var_audits_switches_s_left_sling'====== Args={'value': 6693, 'prev_value': 6692, 'change': 1}
2022-08-21 16:06:03,941 : EventManager : Event: ======'player_score'====== Args={'value': 2503330, 'prev_value': 2501110, 'change': 2220, 'player_num': 1}
2022-08-21 16:06:03,941 : EventManager : Event: ======'player_switches'====== Args={'value': 12, 'prev_value': 11, 'change': 1, 'player_num': 1}
2022-08-21 16:06:04,741 : EventManager : Event: ======'player_mission1_mission1_timer_tick'====== Args={'value': 54, 'prev_value': 55, 'change': -1, 'player_num': 1}
2022-08-21 16:06:04,741 : EventManager : Event: ======'player_mission1_timer_seconds'====== Args={'value': 54, 'prev_value': 55, 'change': -1, 'player_num': 1}
2022-08-21 16:06:05,158 : EventManager : Event: ======'machine_var_audits_switches_s_left_sling'====== Args={'value': 6694, 'prev_value': 6693, 'change': 1}
2022-08-21 16:06:05,171 : EventManager : Event: ======'player_score'====== Args={'value': 2505550, 'prev_value': 2503330, 'change': 2220, 'player_num': 1}
2022-08-21 16:06:05,191 : EventManager : Event: ======'player_switches'====== Args={'value': 13, 'prev_value': 12, 'change': 1, 'player_num': 1}
2022-08-21 16:06:05,939 : EventManager : Event: ======'player_mission1_mission1_timer_tick'====== Args={'value': 53, 'prev_value': 54, 'change': -1, 'player_num': 1}
2022-08-21 16:06:05,951 : EventManager : Event: ======'player_mission1_timer_seconds'====== Args={'value': 53, 'prev_value': 54, 'change': -1, 'player_num': 1}
2022-08-21 16:06:07,014 : EventManager : Event: ======'machine_var_audits_switches_s_drop_target3'====== Args={'value': 2483, 'prev_value': 2482, 'change': 1}
2022-08-21 16:06:07,026 : EventManager : Event: ======'player_shot_center_drop_mission1'====== Args={'value': 1, 'prev_value': 0, 'change': 1, 'player_num': 1}
2022-08-21 16:06:07,038 : EventManager : Event: ======'machine_var_audits_shots_center_drop_mission1'====== Args={'value': 496, 'prev_value': 495, 'change': 1}
2022-08-21 16:06:07,038 : EventManager : Event: ======'player_shot_center_target'====== Args={'value': 1, 'prev_value': 0, 'change': 1, 'player_num': 1}
2022-08-21 16:06:07,038 : EventManager : Event: ======'machine_var_audits_shots_center_target'====== Args={'value': 38, 'prev_value': 37, 'change': 1}
2022-08-21 16:06:07,039 : EventManager : Event: ======'player_score'====== Args={'value': 2514550, 'prev_value': 2505550, 'change': 9000, 'player_num': 1}
2022-08-21 16:06:07,039 : EventManager : Event: ======'player_switches'====== Args={'value': 14, 'prev_value': 13, 'change': 1, 'player_num': 1}
2022-08-21 16:06:07,039 : EventManager : Event: ======'player_score'====== Args={'value': 4514550, 'prev_value': 2514550, 'change': 2000000, 'player_num': 1}
2022-08-21 16:06:07,039 : EventManager : Event: ======'player_mission1_total'====== Args={'value': 4000000, 'prev_value': 2000000, 'change': 2000000, 'player_num': 1}
2022-08-21 16:06:07,040 : EventManager : Event: ======'slides_play'====== Args={'settings': {'shot_slide': {'target': None, 'background_color': [0.0, 0.0, 0.0, 1.0], 'priority': None, 'show': True, 'force': False, 'expire': None, 'slide': None, 'tokens': {}, 'action': 'play'}}, 'context': 'mission1', 'calling_context': 'center_drop_mission1_flashing_hit', 'priority': 1000, 'profile': 'profile1', 'state': 'flashing', 'advancing': True}
2022-08-21 16:06:07,046 : mpfmc : SlidePlayer: Play called with settings={'shot_slide': {'target': None, 'background_color': [0.0, 0.0, 0.0, 1.0], 'priority': None, 'show': True, 'force': False, 'expire': None, 'slide': None, 'tokens': {}, 'action': 'play'}}
2022-08-21 16:06:07,046 : EventManager : Event: ======'slide_shot_slide_removed'====== Args={}
2022-08-21 16:06:07,054 : EventManager : Event: ======'slide_shot_slide_created'====== Args={}
2022-08-21 16:06:07,060 : EventManager : Event: ======'slide_shot_slide_active'====== Args={}
2022-08-21 16:06:07,144 : EventManager : Event: ======'player_mission1_mission1_timer_tick'====== Args={'value': 52, 'prev_value': 53, 'change': -1, 'player_num': 1}
2022-08-21 16:06:07,144 : EventManager : Event: ======'player_mission1_timer_seconds'====== Args={'value': 52, 'prev_value': 53, 'change': -1, 'player_num': 1}
2022-08-21 16:06:08,376 : EventManager : Event: ======'player_mission1_mission1_timer_tick'====== Args={'value': 51, 'prev_value': 52, 'change': -1, 'player_num': 1}
2022-08-21 16:06:08,376 : EventManager : Event: ======'player_mission1_timer_seconds'====== Args={'value': 51, 'prev_value': 52, 'change': -1, 'player_num': 1}
2022-08-21 16:06:09,059 : EventManager : Event: ======'slide_shot_slide_removed'====== Args={}
2022-08-21 16:06:09,061 : EventManager : Event: ======'slide_score_slide_lava_active'====== Args={}
2022-08-21 16:06:09,543 : EventManager : Event: ======'player_mission1_mission1_timer_tick'====== Args={'value': 50, 'prev_value': 51, 'change': -1, 'player_num': 1}
2022-08-21 16:06:09,543 : EventManager : Event: ======'player_mission1_timer_seconds'====== Args={'value': 50, 'prev_value': 51, 'change': -1, 'player_num': 1}
2022-08-21 16:06:10,747 : EventManager : Event: ======'player_mission1_mission1_timer_tick'====== Args={'value': 49, 'prev_value': 50, 'change': -1, 'player_num': 1}
2022-08-21 16:06:10,747 : EventManager : Event: ======'player_mission1_timer_seconds'====== Args={'value': 49, 'prev_value': 50, 'change': -1, 'player_num': 1}
2022-08-21 16:06:11,948 : EventManager : Event: ======'player_mission1_mission1_timer_tick'====== Args={'value': 48, 'prev_value': 49, 'change': -1, 'player_num': 1}
2022-08-21 16:06:11,948 : EventManager : Event: ======'player_mission1_timer_seconds'====== Args={'value': 48, 'prev_value': 49, 'change': -1, 'player_num': 1}
2022-08-21 16:06:13,023 : EventManager : Event: ======'machine_var_audits_switches_s_right_inlane_far'====== Args={'value': 5957, 'prev_value': 5956, 'change': 1}
2022-08-21 16:06:13,023 : EventManager : Event: ======'player_shot_right_loop_mission1'====== Args={'value': 1, 'prev_value': 0, 'change': 1, 'player_num': 1}
2022-08-21 16:06:13,023 : EventManager : Event: ======'machine_var_audits_shots_right_loop_mission1'====== Args={'value': 646, 'prev_value': 645, 'change': 1}
2022-08-21 16:06:13,035 : EventManager : Event: ======'player_score'====== Args={'value': 4574550, 'prev_value': 4514550, 'change': 60000, 'player_num': 1}
2022-08-21 16:06:13,035 : EventManager : Event: ======'player_switches'====== Args={'value': 15, 'prev_value': 14, 'change': 1, 'player_num': 1}
2022-08-21 16:06:13,035 : EventManager : Event: ======'player_combos_combo_timer_tick'====== Args={'value': 6, 'prev_value': 0, 'change': 6, 'player_num': 1}
2022-08-21 16:06:13,036 : EventManager : Event: ======'player_score'====== Args={'value': 6574550, 'prev_value': 4574550, 'change': 2000000, 'player_num': 1}
2022-08-21 16:06:13,057 : EventManager : Event: ======'player_mission1_total'====== Args={'value': 6000000, 'prev_value': 4000000, 'change': 2000000, 'player_num': 1}
2022-08-21 16:06:13,058 : EventManager : Event: ======'slides_play'====== Args={'settings': {'shot_slide': {'target': None, 'background_color': [0.0, 0.0, 0.0, 1.0], 'priority': None, 'show': True, 'force': False, 'expire': None, 'slide': None, 'tokens': {}, 'action': 'play'}}, 'context': 'mission1', 'calling_context': 'right_loop_mission1_flashing_hit', 'priority': 1000, 'profile': 'profile1', 'state': 'flashing', 'advancing': True}
2022-08-21 16:06:13,058 : EventManager : Event: ======'player_shot_left_loop_mission1'====== Args={'value': 0, 'prev_value': 1, 'change': -1, 'player_num': 1}
2022-08-21 16:06:13,058 : EventManager : Event: ======'player_shot_right_loop_mission1'====== Args={'value': 0, 'prev_value': 1, 'change': -1, 'player_num': 1}
2022-08-21 16:06:13,058 : mpfmc : SlidePlayer: Play called with settings={'shot_slide': {'target': None, 'background_color': [0.0, 0.0, 0.0, 1.0], 'priority': None, 'show': True, 'force': False, 'expire': None, 'slide': None, 'tokens': {}, 'action': 'play'}}
2022-08-21 16:06:13,059 : EventManager : Event: ======'slide_shot_slide_removed'====== Args={}
2022-08-21 16:06:13,064 : EventManager : Event: ======'slide_shot_slide_created'====== Args={}
2022-08-21 16:06:13,067 : EventManager : Event: ======'slide_shot_slide_active'====== Args={}
2022-08-21 16:06:13,147 : EventManager : Event: ======'player_mission1_mission1_timer_tick'====== Args={'value': 47, 'prev_value': 48, 'change': -1, 'player_num': 1}
2022-08-21 16:06:13,147 : EventManager : Event: ======'player_mission1_timer_seconds'====== Args={'value': 47, 'prev_value': 48, 'change': -1, 'player_num': 1}
2022-08-21 16:06:13,567 : EventManager : Event: ======'player_combos_combo_timer_tick'====== Args={'value': 5, 'prev_value': 6, 'change': -1, 'player_num': 1}
2022-08-21 16:06:14,056 : EventManager : Event: ======'player_combos_combo_timer_tick'====== Args={'value': 4, 'prev_value': 5, 'change': -1, 'player_num': 1}
2022-08-21 16:06:14,366 : EventManager : Event: ======'player_mission1_mission1_timer_tick'====== Args={'value': 46, 'prev_value': 47, 'change': -1, 'player_num': 1}
2022-08-21 16:06:14,367 : EventManager : Event: ======'player_mission1_timer_seconds'====== Args={'value': 46, 'prev_value': 47, 'change': -1, 'player_num': 1}
2022-08-21 16:06:14,566 : EventManager : Event: ======'player_combos_combo_timer_tick'====== Args={'value': 3, 'prev_value': 4, 'change': -1, 'player_num': 1}
2022-08-21 16:06:15,052 : EventManager : Event: ======'player_combos_combo_timer_tick'====== Args={'value': 2, 'prev_value': 3, 'change': -1, 'player_num': 1}
2022-08-21 16:06:15,075 : EventManager : Event: ======'slide_shot_slide_removed'====== Args={}
2022-08-21 16:06:15,077 : EventManager : Event: ======'slide_score_slide_lava_active'====== Args={}
2022-08-21 16:06:15,527 : EventManager : Event: ======'player_combos_combo_timer_tick'====== Args={'value': 1, 'prev_value': 2, 'change': -1, 'player_num': 1}
2022-08-21 16:06:15,539 : EventManager : Event: ======'player_mission1_mission1_timer_tick'====== Args={'value': 45, 'prev_value': 46, 'change': -1, 'player_num': 1}
2022-08-21 16:06:15,539 : EventManager : Event: ======'player_mission1_timer_seconds'====== Args={'value': 45, 'prev_value': 46, 'change': -1, 'player_num': 1}
2022-08-21 16:06:16,019 : EventManager : Event: ======'player_combos_combo_timer_tick'====== Args={'value': 0, 'prev_value': 1, 'change': -1, 'player_num': 1}
2022-08-21 16:06:16,070 : EventManager : Event: ======'machine_var_audits_switches_s_left_inlane_far'====== Args={'value': 3747, 'prev_value': 3746, 'change': 1}
2022-08-21 16:06:16,082 : EventManager : Event: ======'player_shot_left_loop_mission1'====== Args={'value': 1, 'prev_value': 0, 'change': 1, 'player_num': 1}
2022-08-21 16:06:16,094 : EventManager : Event: ======'machine_var_audits_shots_left_loop_mission1'====== Args={'value': 560, 'prev_value': 559, 'change': 1}
2022-08-21 16:06:16,094 : EventManager : Event: ======'player_score'====== Args={'value': 6634550, 'prev_value': 6574550, 'change': 60000, 'player_num': 1}
2022-08-21 16:06:16,094 : EventManager : Event: ======'player_switches'====== Args={'value': 16, 'prev_value': 15, 'change': 1, 'player_num': 1}
2022-08-21 16:06:16,094 : EventManager : Event: ======'player_combos_combo_timer_tick'====== Args={'value': 6, 'prev_value': 0, 'change': 6, 'player_num': 1}
2022-08-21 16:06:16,094 : EventManager : Event: ======'player_score'====== Args={'value': 8634550, 'prev_value': 6634550, 'change': 2000000, 'player_num': 1}
2022-08-21 16:06:16,094 : EventManager : Event: ======'player_mission1_total'====== Args={'value': 8000000, 'prev_value': 6000000, 'change': 2000000, 'player_num': 1}
2022-08-21 16:06:16,094 : EventManager : Event: ======'slides_play'====== Args={'settings': {'shot_slide': {'target': None, 'background_color': [0.0, 0.0, 0.0, 1.0], 'priority': None, 'show': True, 'force': False, 'expire': None, 'slide': None, 'tokens': {}, 'action': 'play'}}, 'context': 'mission1', 'calling_context': 'left_loop_mission1_flashing_hit', 'priority': 1000, 'profile': 'profile1', 'state': 'flashing', 'advancing': True}
2022-08-21 16:06:16,098 : mpfmc : SlidePlayer: Play called with settings={'shot_slide': {'target': None, 'background_color': [0.0, 0.0, 0.0, 1.0], 'priority': None, 'show': True, 'force': False, 'expire': None, 'slide': None, 'tokens': {}, 'action': 'play'}}
2022-08-21 16:06:16,099 : EventManager : Event: ======'slide_shot_slide_removed'====== Args={}
2022-08-21 16:06:16,104 : EventManager : Event: ======'slide_shot_slide_created'====== Args={}
2022-08-21 16:06:16,108 : EventManager : Event: ======'slide_shot_slide_active'====== Args={}
2022-08-21 16:06:16,638 : EventManager : Event: ======'player_combos_combo_timer_tick'====== Args={'value': 5, 'prev_value': 6, 'change': -1, 'player_num': 1}
2022-08-21 16:06:16,789 : EventManager : Event: ======'player_mission1_mission1_timer_tick'====== Args={'value': 44, 'prev_value': 45, 'change': -1, 'player_num': 1}
2022-08-21 16:06:16,789 : EventManager : Event: ======'player_mission1_timer_seconds'====== Args={'value': 44, 'prev_value': 45, 'change': -1, 'player_num': 1}
2022-08-21 16:06:16,789 : EventManager : Event: ======'machine_var_audits_switches_s_right_inlane_far'====== Args={'value': 5958, 'prev_value': 5957, 'change': 1}
2022-08-21 16:06:16,789 : EventManager : Event: ======'player_shot_right_loop_mission1'====== Args={'value': 1, 'prev_value': 0, 'change': 1, 'player_num': 1}
2022-08-21 16:06:16,789 : EventManager : Event: ======'machine_var_audits_shots_right_loop_mission1'====== Args={'value': 647, 'prev_value': 646, 'change': 1}
2022-08-21 16:06:16,790 : EventManager : Event: ======'player_score'====== Args={'value': 8694550, 'prev_value': 8634550, 'change': 60000, 'player_num': 1}
2022-08-21 16:06:16,790 : EventManager : Event: ======'player_switches'====== Args={'value': 17, 'prev_value': 16, 'change': 1, 'player_num': 1}
2022-08-21 16:06:16,790 : EventManager : Event: ======'player_combos_combo_timer_tick'====== Args={'value': 6, 'prev_value': 5, 'change': 1, 'player_num': 1}
2022-08-21 16:06:16,790 : EventManager : Event: ======'player_score'====== Args={'value': 10694550, 'prev_value': 8694550, 'change': 2000000, 'player_num': 1}
2022-08-21 16:06:16,790 : EventManager : Event: ======'player_mission1_total'====== Args={'value': 10000000, 'prev_value': 8000000, 'change': 2000000, 'player_num': 1}
2022-08-21 16:06:16,790 : EventManager : Event: ======'slides_play'====== Args={'settings': {'shot_slide': {'target': None, 'background_color': [0.0, 0.0, 0.0, 1.0], 'priority': None, 'show': True, 'force': False, 'expire': None, 'slide': None, 'tokens': {}, 'action': 'play'}}, 'context': 'mission1', 'calling_context': 'right_loop_mission1_flashing_hit', 'priority': 1000, 'profile': 'profile1', 'state': 'flashing', 'advancing': True}
2022-08-21 16:06:16,790 : EventManager : Event: ======'player_shot_center_drop_mission1'====== Args={'value': 0, 'prev_value': 1, 'change': -1, 'player_num': 1}
2022-08-21 16:06:16,797 : mpfmc : SlidePlayer: Play called with settings={'shot_slide': {'target': None, 'background_color': [0.0, 0.0, 0.0, 1.0], 'priority': None, 'show': True, 'force': False, 'expire': None, 'slide': None, 'tokens': {}, 'action': 'play'}}
2022-08-21 16:06:16,798 : EventManager : Event: ======'slide_shot_slide_removed'====== Args={}
2022-08-21 16:06:16,809 : EventManager : Event: ======'slide_shot_slide_created'====== Args={}
2022-08-21 16:06:16,873 : EventManager : Event: ======'slide_shot_slide_active'====== Args={}
2022-08-21 16:06:17,249 : EventManager : Event: ======'player_combos_combo_timer_tick'====== Args={'value': 5, 'prev_value': 6, 'change': -1, 'player_num': 1}
2022-08-21 16:06:17,761 : EventManager : Event: ======'player_combos_combo_timer_tick'====== Args={'value': 4, 'prev_value': 5, 'change': -1, 'player_num': 1}
2022-08-21 16:06:17,960 : EventManager : Event: ======'player_mission1_mission1_timer_tick'====== Args={'value': 43, 'prev_value': 44, 'change': -1, 'player_num': 1}
2022-08-21 16:06:17,960 : EventManager : Event: ======'player_mission1_timer_seconds'====== Args={'value': 43, 'prev_value': 44, 'change': -1, 'player_num': 1}
2022-08-21 16:06:18,252 : EventManager : Event: ======'player_combos_combo_timer_tick'====== Args={'value': 3, 'prev_value': 4, 'change': -1, 'player_num': 1}
2022-08-21 16:06:18,777 : EventManager : Event: ======'player_combos_combo_timer_tick'====== Args={'value': 2, 'prev_value': 3, 'change': -1, 'player_num': 1}
2022-08-21 16:06:18,807 : EventManager : Event: ======'slide_shot_slide_removed'====== Args={}
2022-08-21 16:06:18,809 : EventManager : Event: ======'slide_score_slide_lava_active'====== Args={}
2022-08-21 16:06:19,137 : EventManager : Event: ======'player_mission1_mission1_timer_tick'====== Args={'value': 42, 'prev_value': 43, 'change': -1, 'player_num': 1}
2022-08-21 16:06:19,149 : EventManager : Event: ======'player_mission1_timer_seconds'====== Args={'value': 42, 'prev_value': 43, 'change': -1, 'player_num': 1}
2022-08-21 16:06:19,250 : EventManager : Event: ======'player_combos_combo_timer_tick'====== Args={'value': 1, 'prev_value': 2, 'change': -1, 'player_num': 1}
2022-08-21 16:06:19,756 : EventManager : Event: ======'player_combos_combo_timer_tick'====== Args={'value': 0, 'prev_value': 1, 'change': -1, 'player_num': 1}
2022-08-21 16:06:20,344 : EventManager : Event: ======'player_mission1_mission1_timer_tick'====== Args={'value': 41, 'prev_value': 42, 'change': -1, 'player_num': 1}
2022-08-21 16:06:20,344 : EventManager : Event: ======'player_mission1_timer_seconds'====== Args={'value': 41, 'prev_value': 42, 'change': -1, 'player_num': 1}
2022-08-21 16:06:20,559 : EventManager : Event: ======'machine_var_audits_switches_s_drop_target2'====== Args={'value': 2096, 'prev_value': 2095, 'change': 1}
2022-08-21 16:06:20,559 : EventManager : Event: ======'player_score'====== Args={'value': 10703550, 'prev_value': 10694550, 'change': 9000, 'player_num': 1}
2022-08-21 16:06:20,559 : EventManager : Event: ======'player_switches'====== Args={'value': 18, 'prev_value': 17, 'change': 1, 'player_num': 1}
2022-08-21 16:06:21,549 : EventManager : Event: ======'player_mission1_mission1_timer_tick'====== Args={'value': 40, 'prev_value': 41, 'change': -1, 'player_num': 1}
2022-08-21 16:06:21,549 : EventManager : Event: ======'player_mission1_timer_seconds'====== Args={'value': 40, 'prev_value': 41, 'change': -1, 'player_num': 1}
2022-08-21 16:06:21,863 : EventManager : Event: ======'machine_var_audits_switches_s_drop_target4'====== Args={'value': 2002, 'prev_value': 2001, 'change': 1}
2022-08-21 16:06:21,863 : EventManager : Event: ======'machine_var_audits_switches_s_drop_target3'====== Args={'value': 2484, 'prev_value': 2483, 'change': 1}
2022-08-21 16:06:21,875 : EventManager : Event: ======'player_score'====== Args={'value': 10712550, 'prev_value': 10703550, 'change': 9000, 'player_num': 1}
2022-08-21 16:06:21,875 : EventManager : Event: ======'player_switches'====== Args={'value': 19, 'prev_value': 18, 'change': 1, 'player_num': 1}
2022-08-21 16:06:21,875 : EventManager : Event: ======'player_shot_center_drop_mission1'====== Args={'value': 1, 'prev_value': 0, 'change': 1, 'player_num': 1}
2022-08-21 16:06:21,885 : EventManager : Event: ======'machine_var_audits_shots_center_drop_mission1'====== Args={'value': 497, 'prev_value': 496, 'change': 1}
2022-08-21 16:06:21,886 : EventManager : Event: ======'machine_var_audits_shots_center_target'====== Args={'value': 39, 'prev_value': 38, 'change': 1}
2022-08-21 16:06:21,886 : EventManager : Event: ======'player_score'====== Args={'value': 10721550, 'prev_value': 10712550, 'change': 9000, 'player_num': 1}
2022-08-21 16:06:21,914 : EventManager : Event: ======'player_switches'====== Args={'value': 20, 'prev_value': 19, 'change': 1, 'player_num': 1}
2022-08-21 16:06:21,914 : EventManager : Event: ======'player_score'====== Args={'value': 12721550, 'prev_value': 10721550, 'change': 2000000, 'player_num': 1}
2022-08-21 16:06:21,914 : EventManager : Event: ======'player_mission1_total'====== Args={'value': 12000000, 'prev_value': 10000000, 'change': 2000000, 'player_num': 1}
2022-08-21 16:06:21,915 : EventManager : Event: ======'slides_play'====== Args={'settings': {'shot_slide': {'target': None, 'background_color': [0.0, 0.0, 0.0, 1.0], 'priority': None, 'show': True, 'force': False, 'expire': None, 'slide': None, 'tokens': {}, 'action': 'play'}}, 'context': 'mission1', 'calling_context': 'center_drop_mission1_flashing_hit', 'priority': 1000, 'profile': 'profile1', 'state': 'flashing', 'advancing': True}
2022-08-21 16:06:21,915 : EventManager : Event: ======'player_shot_left_loop_mission1'====== Args={'value': 0, 'prev_value': 1, 'change': -1, 'player_num': 1}
2022-08-21 16:06:21,915 : EventManager : Event: ======'player_shot_right_loop_mission1'====== Args={'value': 0, 'prev_value': 1, 'change': -1, 'player_num': 1}
2022-08-21 16:06:21,917 : mpfmc : SlidePlayer: Play called with settings={'shot_slide': {'target': None, 'background_color': [0.0, 0.0, 0.0, 1.0], 'priority': None, 'show': True, 'force': False, 'expire': None, 'slide': None, 'tokens': {}, 'action': 'play'}}
2022-08-21 16:06:21,918 : EventManager : Event: ======'slide_shot_slide_removed'====== Args={}
2022-08-21 16:06:21,922 : EventManager : Event: ======'slide_shot_slide_created'====== Args={}
2022-08-21 16:06:21,927 : EventManager : Event: ======'slide_shot_slide_active'====== Args={}
2022-08-21 16:06:22,791 : EventManager : Event: ======'player_mission1_mission1_timer_tick'====== Args={'value': 39, 'prev_value': 40, 'change': -1, 'player_num': 1}
2022-08-21 16:06:22,791 : EventManager : Event: ======'player_mission1_timer_seconds'====== Args={'value': 39, 'prev_value': 40, 'change': -1, 'player_num': 1}
2022-08-21 16:06:23,925 : EventManager : Event: ======'slide_shot_slide_removed'====== Args={}
2022-08-21 16:06:23,927 : EventManager : Event: ======'slide_score_slide_lava_active'====== Args={}
2022-08-21 16:06:23,955 : EventManager : Event: ======'player_mission1_mission1_timer_tick'====== Args={'value': 38, 'prev_value': 39, 'change': -1, 'player_num': 1}
2022-08-21 16:06:23,956 : EventManager : Event: ======'player_mission1_timer_seconds'====== Args={'value': 38, 'prev_value': 39, 'change': -1, 'player_num': 1}
2022-08-21 16:06:23,956 : EventManager : Event: ======'machine_var_audits_switches_s_left_inlane_far'====== Args={'value': 3748, 'prev_value': 3747, 'change': 1}
2022-08-21 16:06:24,053 : EventManager : Event: ======'player_shot_left_loop_mission1'====== Args={'value': 1, 'prev_value': 0, 'change': 1, 'player_num': 1}
2022-08-21 16:06:24,054 : EventManager : Event: ======'machine_var_audits_shots_left_loop_mission1'====== Args={'value': 561, 'prev_value': 560, 'change': 1}
2022-08-21 16:06:24,055 : EventManager : Event: ======'player_score'====== Args={'value': 12781550, 'prev_value': 12721550, 'change': 60000, 'player_num': 1}
2022-08-21 16:06:24,055 : EventManager : Event: ======'player_switches'====== Args={'value': 21, 'prev_value': 20, 'change': 1, 'player_num': 1}
2022-08-21 16:06:24,055 : EventManager : Event: ======'player_combos_combo_timer_tick'====== Args={'value': 6, 'prev_value': 0, 'change': 6, 'player_num': 1}
2022-08-21 16:06:24,055 : EventManager : Event: ======'player_score'====== Args={'value': 14781550, 'prev_value': 12781550, 'change': 2000000, 'player_num': 1}
2022-08-21 16:06:24,055 : EventManager : Event: ======'player_mission1_total'====== Args={'value': 14000000, 'prev_value': 12000000, 'change': 2000000, 'player_num': 1}
2022-08-21 16:06:24,055 : EventManager : Event: ======'slides_play'====== Args={'settings': {'shot_slide': {'target': None, 'background_color': [0.0, 0.0, 0.0, 1.0], 'priority': None, 'show': True, 'force': False, 'expire': None, 'slide': None, 'tokens': {}, 'action': 'play'}}, 'context': 'mission1', 'calling_context': 'left_loop_mission1_flashing_hit', 'priority': 1000, 'profile': 'profile1', 'state': 'flashing', 'advancing': True}
2022-08-21 16:06:24,060 : mpfmc : SlidePlayer: Play called with settings={'shot_slide': {'target': None, 'background_color': [0.0, 0.0, 0.0, 1.0], 'priority': None, 'show': True, 'force': False, 'expire': None, 'slide': None, 'tokens': {}, 'action': 'play'}}
2022-08-21 16:06:24,061 : EventManager : Event: ======'slide_shot_slide_removed'====== Args={}
2022-08-21 16:06:24,070 : EventManager : Event: ======'slide_shot_slide_created'====== Args={}
2022-08-21 16:06:24,077 : EventManager : Event: ======'slide_shot_slide_active'====== Args={}
2022-08-21 16:06:24,482 : EventManager : Event: ======'player_combos_combo_timer_tick'====== Args={'value': 5, 'prev_value': 6, 'change': -1, 'player_num': 1}
2022-08-21 16:06:24,996 : EventManager : Event: ======'player_combos_combo_timer_tick'====== Args={'value': 4, 'prev_value': 5, 'change': -1, 'player_num': 1}
2022-08-21 16:06:25,109 : EventManager : Event: ======'machine_var_audits_switches_s_right_inlane_far'====== Args={'value': 5959, 'prev_value': 5958, 'change': 1}
2022-08-21 16:06:25,109 : EventManager : Event: ======'player_shot_right_loop_mission1'====== Args={'value': 1, 'prev_value': 0, 'change': 1, 'player_num': 1}
2022-08-21 16:06:25,109 : EventManager : Event: ======'machine_var_audits_shots_right_loop_mission1'====== Args={'value': 648, 'prev_value': 647, 'change': 1}
2022-08-21 16:06:25,109 : EventManager : Event: ======'player_combo'====== Args={'value': 2, 'prev_value': 1, 'change': 1, 'player_num': 1}
2022-08-21 16:06:25,110 : EventManager : Event: ======'player_combo_value'====== Args={'value': 50000, 'prev_value': 25000, 'change': 25000, 'player_num': 1}
2022-08-21 16:06:25,110 : EventManager : Event: ======'player_score'====== Args={'value': 14881550, 'prev_value': 14781550, 'change': 100000, 'player_num': 1}
2022-08-21 16:06:25,110 : EventManager : Event: ======'slides_play'====== Args={'settings': {'combo_slide': {'target': None, 'background_color': [0.0, 0.0, 0.0, 1.0], 'priority': None, 'show': True, 'force': False, 'expire': None, 'slide': None, 'tokens': {}, 'action': 'play'}}, 'context': 'combos', 'calling_context': 's_right_inlane_far_active{device.timers.combo_timer.ticks==4}', 'priority': 700}
2022-08-21 16:06:25,110 : EventManager : Event: ======'player_score'====== Args={'value': 14941550, 'prev_value': 14881550, 'change': 60000, 'player_num': 1}
2022-08-21 16:06:25,110 : EventManager : Event: ======'player_switches'====== Args={'value': 22, 'prev_value': 21, 'change': 1, 'player_num': 1}
2022-08-21 16:06:25,110 : EventManager : Event: ======'player_combos_combo_timer_tick'====== Args={'value': 6, 'prev_value': 4, 'change': 2, 'player_num': 1}
2022-08-21 16:06:25,111 : EventManager : Event: ======'player_score'====== Args={'value': 16941550, 'prev_value': 14941550, 'change': 2000000, 'player_num': 1}
2022-08-21 16:06:25,111 : EventManager : Event: ======'player_mission1_total'====== Args={'value': 16000000, 'prev_value': 14000000, 'change': 2000000, 'player_num': 1}
2022-08-21 16:06:25,111 : EventManager : Event: ======'slides_play'====== Args={'settings': {'shot_slide': {'target': None, 'background_color': [0.0, 0.0, 0.0, 1.0], 'priority': None, 'show': True, 'force': False, 'expire': None, 'slide': None, 'tokens': {}, 'action': 'play'}}, 'context': 'mission1', 'calling_context': 'right_loop_mission1_flashing_hit', 'priority': 1000, 'profile': 'profile1', 'state': 'flashing', 'advancing': True}
2022-08-21 16:06:25,113 : mpfmc : SlidePlayer: Play called with settings={'combo_slide': {'target': None, 'background_color': [0.0, 0.0, 0.0, 1.0], 'priority': None, 'show': True, 'force': False, 'expire': None, 'slide': None, 'tokens': {}, 'action': 'play'}}
2022-08-21 16:06:25,114 : EventManager : Event: ======'slide_combo_slide_removed'====== Args={}
2022-08-21 16:06:25,130 : EventManager : Event: ======'slide_combo_slide_created'====== Args={}
2022-08-21 16:06:25,139 : mpfmc : SlidePlayer: Play called with settings={'shot_slide': {'target': None, 'background_color': [0.0, 0.0, 0.0, 1.0], 'priority': None, 'show': True, 'force': False, 'expire': None, 'slide': None, 'tokens': {}, 'action': 'play'}}
2022-08-21 16:06:25,139 : EventManager : Event: ======'slide_shot_slide_removed'====== Args={}
2022-08-21 16:06:25,146 : EventManager : Event: ======'slide_shot_slide_created'====== Args={}
2022-08-21 16:06:25,153 : EventManager : Event: ======'slide_shot_slide_active'====== Args={}
2022-08-21 16:06:25,158 : EventManager : Event: ======'player_mission1_mission1_timer_tick'====== Args={'value': 37, 'prev_value': 38, 'change': -1, 'player_num': 1}
2022-08-21 16:06:25,159 : EventManager : Event: ======'player_mission1_timer_seconds'====== Args={'value': 37, 'prev_value': 38, 'change': -1, 'player_num': 1}
2022-08-21 16:06:25,602 : EventManager : Event: ======'player_combos_combo_timer_tick'====== Args={'value': 5, 'prev_value': 6, 'change': -1, 'player_num': 1}
2022-08-21 16:06:26,112 : EventManager : Event: ======'player_combos_combo_timer_tick'====== Args={'value': 4, 'prev_value': 5, 'change': -1, 'player_num': 1}
2022-08-21 16:06:26,399 : EventManager : Event: ======'player_mission1_mission1_timer_tick'====== Args={'value': 36, 'prev_value': 37, 'change': -1, 'player_num': 1}
2022-08-21 16:06:26,399 : EventManager : Event: ======'player_mission1_timer_seconds'====== Args={'value': 36, 'prev_value': 37, 'change': -1, 'player_num': 1}
2022-08-21 16:06:26,598 : EventManager : Event: ======'player_combos_combo_timer_tick'====== Args={'value': 3, 'prev_value': 4, 'change': -1, 'player_num': 1}
2022-08-21 16:06:27,077 : EventManager : Event: ======'player_combos_combo_timer_tick'====== Args={'value': 2, 'prev_value': 3, 'change': -1, 'player_num': 1}
2022-08-21 16:06:27,107 : EventManager : Event: ======'slide_combo_slide_removed'====== Args={}
2022-08-21 16:06:27,108 : EventManager : Event: ======'slide_shot_slide_removed'====== Args={}
2022-08-21 16:06:27,109 : EventManager : Event: ======'slide_score_slide_lava_active'====== Args={}
2022-08-21 16:06:27,553 : EventManager : Event: ======'player_mission1_mission1_timer_tick'====== Args={'value': 35, 'prev_value': 36, 'change': -1, 'player_num': 1}
2022-08-21 16:06:27,553 : EventManager : Event: ======'player_mission1_timer_seconds'====== Args={'value': 35, 'prev_value': 36, 'change': -1, 'player_num': 1}
2022-08-21 16:06:27,565 : EventManager : Event: ======'player_combos_combo_timer_tick'====== Args={'value': 1, 'prev_value': 2, 'change': -1, 'player_num': 1}
2022-08-21 16:06:28,062 : EventManager : Event: ======'player_combos_combo_timer_tick'====== Args={'value': 0, 'prev_value': 1, 'change': -1, 'player_num': 1}
2022-08-21 16:06:28,394 : EventManager : Event: ======'machine_var_audits_switches_s_drop_target3'====== Args={'value': 2485, 'prev_value': 2484, 'change': 1}
2022-08-21 16:06:28,406 : EventManager : Event: ======'machine_var_audits_shots_center_drop_mission1'====== Args={'value': 498, 'prev_value': 497, 'change': 1}
2022-08-21 16:06:28,406 : EventManager : Event: ======'machine_var_audits_shots_center_target'====== Args={'value': 40, 'prev_value': 39, 'change': 1}
2022-08-21 16:06:28,406 : EventManager : Event: ======'player_score'====== Args={'value': 16950550, 'prev_value': 16941550, 'change': 9000, 'player_num': 1}
2022-08-21 16:06:28,406 : EventManager : Event: ======'player_switches'====== Args={'value': 23, 'prev_value': 22, 'change': 1, 'player_num': 1}
2022-08-21 16:06:28,417 : EventManager : Event: ======'slides_play'====== Args={'settings': {'final_shot_mission1_slide': {'target': None, 'background_color': [0.0, 0.0, 0.0, 1.0], 'priority': None, 'show': True, 'force': False, 'expire': None, 'slide': None, 'tokens': {}, 'action': 'play'}}, 'context': 'mission1', 'calling_context': 'final_shot', 'priority': 1000}
2022-08-21 16:06:28,417 : EventManager : Event: ======'player_score'====== Args={'value': 48950550, 'prev_value': 16950550, 'change': 32000000, 'player_num': 1}
2022-08-21 16:06:28,417 : EventManager : Event: ======'player_crystals'====== Args={'value': 1, 'prev_value': 0, 'change': 1, 'player_num': 1}
2022-08-21 16:06:28,417 : EventManager : Event: ======'player_modes_completed'====== Args={'value': 1, 'prev_value': 0, 'change': 1, 'player_num': 1}
2022-08-21 16:06:28,417 : EventManager : Event: ======'player_mode_value'====== Args={'value': 1250000, 'prev_value': 1000000, 'change': 250000, 'player_num': 1}
2022-08-21 16:06:28,418 : mpfmc : SlidePlayer: Play called with settings={'final_shot_mission1_slide': {'target': None, 'background_color': [0.0, 0.0, 0.0, 1.0], 'priority': None, 'show': True, 'force': False, 'expire': None, 'slide': None, 'tokens': {}, 'action': 'play'}}
2022-08-21 16:06:28,431 : EventManager : Event: ======'slide_final_shot_mission1_slide_created'====== Args={}
2022-08-21 16:06:28,441 : EventManager : Event: ======'slide_final_shot_mission1_slide_active'====== Args={}
2022-08-21 16:06:28,755 : EventManager : Event: ======'player_mission1_mission1_timer_tick'====== Args={'value': 34, 'prev_value': 35, 'change': -1, 'player_num': 1}
2022-08-21 16:06:28,755 : EventManager : Event: ======'player_mission1_timer_seconds'====== Args={'value': 34, 'prev_value': 35, 'change': -1, 'player_num': 1}
2022-08-21 16:06:29,943 : EventManager : Event: ======'player_mission1_mission1_timer_tick'====== Args={'value': 33, 'prev_value': 34, 'change': -1, 'player_num': 1}
2022-08-21 16:06:29,943 : EventManager : Event: ======'player_mission1_timer_seconds'====== Args={'value': 33, 'prev_value': 34, 'change': -1, 'player_num': 1}
2022-08-21 16:06:31,134 : EventManager : Event: ======'player_mission1_mission1_timer_tick'====== Args={'value': 32, 'prev_value': 33, 'change': -1, 'player_num': 1}
2022-08-21 16:06:31,134 : EventManager : Event: ======'player_mission1_timer_seconds'====== Args={'value': 32, 'prev_value': 33, 'change': -1, 'player_num': 1}
2022-08-21 16:06:31,414 : EventManager : Event: ======'slide_final_shot_mission1_slide_removed'====== Args={}
2022-08-21 16:06:31,415 : EventManager : Event: ======'slide_score_slide_lava_active'====== Args={}
2022-08-21 16:06:31,439 : EventManager : Event: ======'sounds_clear'====== Args={'context': 'mission1'}
2022-08-21 16:06:31,439 : EventManager : Event: ======'slides_clear'====== Args={'context': 'mission1'}
2022-08-21 16:06:31,440 : EventManager : Event: ======'slide_score_slide_lava_removed'====== Args={}
2022-08-21 16:06:31,441 : EventManager : Event: ======'slide_shot_slide_removed'====== Args={}
2022-08-21 16:06:31,442 : EventManager : Event: ======'slide_final_shot_mission1_slide_removed'====== Args={}
2022-08-21 16:06:31,442 : EventManager : Event: ======'player_mission1_total'====== Args={'value': 32000000, 'prev_value': 16000000, 'change': 16000000, 'player_num': 1}
2022-08-21 16:06:31,443 : EventManager : Event: ======'slide_score_slide_active'====== Args={}
2022-08-21 16:06:31,448 : EventManager : Event: ======'sounds_play'====== Args={'settings': {'default': {'action': 'play', 'loops': -1, 'track': 'music', 'priority': None, 'block': False, 'delay': None, 'volume': None, 'pan': None, 'start_at': None, 'fade_in': None, 'fade_out': None, 'about_to_finish_time': -1.0, 'max_queue_time': -1.0, 'events_when_played': ['use_sound_setting'], 'events_when_stopped': ['use_sound_setting'], 'events_when_looping': ['use_sound_setting'], 'events_when_about_to_finish': ['use_sound_setting'], 'mode_end_action': 'use_sound_setting', 'key': 'use_sound_setting'}, 'mode_theme': {'action': 'stop', 'priority': None, 'block': False, 'delay': None, 'track': None, 'volume': None, 'pan': None, 'loops': None, 'start_at': None, 'fade_in': None, 'fade_out': None, 'about_to_finish_time': -1.0, 'max_queue_time': -1.0, 'events_when_played': ['use_sound_setting'], 'events_when_stopped': ['use_sound_setting'], 'events_when_looping': ['use_sound_setting'], 'events_when_about_to_finish': ['use_sound_setting'], 'mode_end_action': 'use_sound_setting', 'key': 'use_sound_setting'}}, 'context': '_global', 'calling_context': 'mode_spell_portal_started', 'priority': 0}
2022-08-21 16:06:45,213 : EventManager : Event: ======'machine_var_audits_switches_s_left_sling'====== Args={'value': 6695, 'prev_value': 6694, 'change': 1}
2022-08-21 16:06:45,213 : EventManager : Event: ======'player_score'====== Args={'value': 48952770, 'prev_value': 48950550, 'change': 2220, 'player_num': 1}
2022-08-21 16:06:45,213 : EventManager : Event: ======'player_switches'====== Args={'value': 24, 'prev_value': 23, 'change': 1, 'player_num': 1}
2022-08-21 16:06:45,333 : kivy : Base: Leaving application in progress...
2022-08-21 16:06:45,564 : mpfmc : Stopping...
2022-08-21 16:06:45,564 : EventManager : Event: ======'shutdown'====== Args={}
2022-08-21 16:06:45,564 : AudioInterface : Disabling audio playback
2022-08-21 16:06:45,564 : mpfmc : Loop rate 66.71 Hz
2022-08-21 16:06:45,564 : kivy : MC run loop ended.
2022-08-21 16:06:45,564 : kivy : Stopping child threads... (3 remaining)
2022-08-21 16:06:45,595 : mpfmc : Stopping...
2022-08-21 16:06:45,595 : EventManager : Event: ======'shutdown'====== Args={}
2022-08-21 16:06:45,595 : mpfmc : Loop rate 66.68 Hz
2022-08-21 16:06:45,611 : MPF-MC BCP Server : Stopping BCP sending thread
2022-08-21 16:06:45,782 : kivy : All child threads stopped.
