2022-09-02 14:09:57,578 : INFO : root : Loading config.
2022-09-02 14:09:58,097 : INFO : ConfigProcessor : Config spec file cache created: C:\Users\Brendan\AppData\Local\Temp\config_spec.mpf_cache
2022-09-02 14:09:58,098 : INFO : YamlMultifileConfigLoader : Machine config file #1: config.yaml
2022-09-02 14:09:58,098 : INFO : ConfigProcessor : Loading config from cache: C:\Users\Brendan\AppData\Local\Temp\bccefe987bb586eace29905fa80cab57.mpf_cache
2022-09-02 14:09:58,155 : INFO : ConfigProcessor : Loading config from cache: C:\Users\Brendan\AppData\Local\Temp\467e7647689d29fad6adf949e1f4d51d.mpf_cache
2022-09-02 14:09:58,156 : INFO : ConfigProcessor : Loading config from cache: C:\Users\Brendan\AppData\Local\Temp\5550e037aa776b42b91b29b40b356c70.mpf_cache
2022-09-02 14:09:58,157 : INFO : ConfigProcessor : Loading config from cache: C:\Users\Brendan\AppData\Local\Temp\15e0c601392b30c3d9ba3ead8131edb5.mpf_cache
2022-09-02 14:09:58,158 : INFO : ConfigProcessor : Loading config from cache: C:\Users\Brendan\AppData\Local\Temp\0bf50917c4ef15ab65ee13d6c14e7d7c.mpf_cache
2022-09-02 14:09:58,158 : INFO : ConfigProcessor : Loading config from cache: C:\Users\Brendan\AppData\Local\Temp\bc7da7b13b2754e080c2afa0678ac274.mpf_cache
2022-09-02 14:09:58,159 : INFO : ConfigProcessor : Loading config from cache: C:\Users\Brendan\AppData\Local\Temp\bbd59d0bb6602ee0c5a89d6f85e6dd42.mpf_cache
2022-09-02 14:09:58,160 : INFO : ConfigProcessor : Loading config from cache: C:\Users\Brendan\AppData\Local\Temp\5526c78976fee311c3d05505d75f653d.mpf_cache
2022-09-02 14:09:58,161 : INFO : ConfigProcessor : Loading config from cache: C:\Users\Brendan\AppData\Local\Temp\6e95138ae5415fc76b53ebf8fa245fb5.mpf_cache
2022-09-02 14:09:58,162 : INFO : ConfigProcessor : Loading config from cache: C:\Users\Brendan\AppData\Local\Temp\1ec1c4dffb383758956493783a9ed391.mpf_cache
2022-09-02 14:09:58,162 : INFO : ConfigProcessor : Loading config from cache: C:\Users\Brendan\AppData\Local\Temp\f2aee92728c8017b77c710c804dd7f5a.mpf_cache
2022-09-02 14:09:58,163 : INFO : ConfigProcessor : Loading config from cache: C:\Users\Brendan\AppData\Local\Temp\88f57fa1305e9dc100972ec9f84d57fe.mpf_cache
2022-09-02 14:09:58,164 : INFO : ConfigProcessor : Loading config from cache: C:\Users\Brendan\AppData\Local\Temp\6e00a9d794d4c3f43a0fc48da04dac60.mpf_cache
2022-09-02 14:09:58,165 : INFO : ConfigProcessor : Loading config from cache: C:\Users\Brendan\AppData\Local\Temp\05ef98219fc733c3bcab58726c4b37ef.mpf_cache
2022-09-02 14:09:58,166 : INFO : ConfigProcessor : Loading config from cache: C:\Users\Brendan\AppData\Local\Temp\c22d657a5a7bb60632c2be2c735e073b.mpf_cache
2022-09-02 14:09:58,167 : INFO : ConfigProcessor : Loading config from cache: C:\Users\Brendan\AppData\Local\Temp\f7d4f5eb9425fe84d2e83a363afd4bdf.mpf_cache
2022-09-02 14:09:58,168 : INFO : ConfigProcessor : Loading config from cache: C:\Users\Brendan\AppData\Local\Temp\125f51d329f930ea7bff10973551cc26.mpf_cache
2022-09-02 14:09:58,169 : INFO : ConfigProcessor : Loading config from cache: C:\Users\Brendan\AppData\Local\Temp\08e18dfdf4e02cd29cc0cc52be2faaf4.mpf_cache
2022-09-02 14:09:58,169 : INFO : ConfigProcessor : Loading config from cache: C:\Users\Brendan\AppData\Local\Temp\f042f5bf6362b9e04d43b40b93a92057.mpf_cache
2022-09-02 14:09:58,170 : INFO : ConfigProcessor : Loading config from cache: C:\Users\Brendan\AppData\Local\Temp\60badac06cd62deb71f25fac24b103c2.mpf_cache
2022-09-02 14:09:58,171 : INFO : ConfigProcessor : Loading config from cache: C:\Users\Brendan\AppData\Local\Temp\a3ad1aeb679a0686901de8a6ffe784f0.mpf_cache
2022-09-02 14:09:58,172 : WARNING : ConfigProcessor : Config file in cache changed: C:\Baby_pacman_code\machine\modes\playfield_multiplier\config\playfield_multiplier.yaml
2022-09-02 14:09:58,172 : INFO : ConfigProcessor : Loading config from file C:\Baby_pacman_code\machine\modes\playfield_multiplier\config\playfield_multiplier.yaml.
2022-09-02 14:09:58,192 : INFO : ConfigProcessor : Loading config: C:\Baby_pacman_code\machine\modes\playfield_multiplier\config\playfield_multiplier.yaml
2022-09-02 14:09:58,193 : INFO : ConfigProcessor : Config file cache created: C:\Users\Brendan\AppData\Local\Temp\d7856287e4ec48fb5adaa65e5f7b2848.mpf_cache
2022-09-02 14:09:58,194 : INFO : ConfigProcessor : Loading config from cache: C:\Users\Brendan\AppData\Local\Temp\4849f32e60febd99d83791f2417d9a0f.mpf_cache
2022-09-02 14:09:58,195 : INFO : ConfigProcessor : Loading config from cache: C:\Users\Brendan\AppData\Local\Temp\942a9c8af084c06606ececc74db0a30f.mpf_cache
2022-09-02 14:09:58,196 : INFO : ConfigProcessor : Loading config from cache: C:\Users\Brendan\AppData\Local\Temp\d3a5f9b6ba13782c30d3f4f7e40a9dcf.mpf_cache
2022-09-02 14:09:58,196 : INFO : ConfigProcessor : Loading config from cache: C:\Users\Brendan\AppData\Local\Temp\bb2305c107159ac261738ee6fa5177f9.mpf_cache
2022-09-02 14:09:58,197 : INFO : ConfigProcessor : Loading config from cache: C:\Users\Brendan\AppData\Local\Temp\5e8fe62f7d4a280c75af4e016e79234a.mpf_cache
2022-09-02 14:09:58,198 : INFO : ConfigProcessor : Loading config from cache: C:\Users\Brendan\AppData\Local\Temp\7934ad8984867b043b25c8f1f16418da.mpf_cache
2022-09-02 14:09:58,198 : INFO : ConfigProcessor : Loading config from cache: C:\Users\Brendan\AppData\Local\Temp\201f4c0a0d10e05df2979372d05b639d.mpf_cache
2022-09-02 14:09:58,199 : INFO : ConfigProcessor : Loading config from cache: C:\Users\Brendan\AppData\Local\Temp\29084e75e573608c6a2e9d91f8c2e516.mpf_cache
2022-09-02 14:09:58,200 : INFO : ConfigProcessor : Loading config from cache: C:\Users\Brendan\AppData\Local\Temp\c1a52d9ec6beffcf3a0c74172f4f1789.mpf_cache
2022-09-02 14:09:58,201 : INFO : ConfigProcessor : Loading config from cache: C:\Users\Brendan\AppData\Local\Temp\1a7cfdccecce53cd51775700aa921808.mpf_cache
2022-09-02 14:09:58,201 : INFO : ConfigProcessor : Loading config from cache: C:\Users\Brendan\AppData\Local\Temp\bbeb6a5751b9d2029aa6e8633936e040.mpf_cache
2022-09-02 14:09:58,202 : INFO : ConfigProcessor : Loading config from cache: C:\Users\Brendan\AppData\Local\Temp\396defae609afab4d6d7399595fd494b.mpf_cache
2022-09-02 14:09:58,202 : INFO : ConfigProcessor : Loading config from cache: C:\Users\Brendan\AppData\Local\Temp\df5b128cf73808572dcd58af6b99a12a.mpf_cache
2022-09-02 14:09:58,203 : INFO : ConfigProcessor : Loading config from cache: C:\Users\Brendan\AppData\Local\Temp\b16abd66a20b52f76df13eb007a93cde.mpf_cache
2022-09-02 14:09:58,204 : INFO : ConfigProcessor : Loading config from cache: C:\Users\Brendan\AppData\Local\Temp\09ddf149c2750d0dc18124afb4ec1692.mpf_cache
2022-09-02 14:09:58,204 : INFO : ConfigProcessor : Loading config from cache: C:\Users\Brendan\AppData\Local\Temp\dc261f740d4fb0b58874215bc05837b4.mpf_cache
2022-09-02 14:09:58,205 : INFO : ConfigProcessor : Loading config from cache: C:\Users\Brendan\AppData\Local\Temp\fd5b67850c190931870595f7ba331325.mpf_cache
2022-09-02 14:09:58,205 : INFO : ConfigProcessor : Loading config from cache: C:\Users\Brendan\AppData\Local\Temp\7fa0bf6f8a3d06d96f9daba2d24e8451.mpf_cache
2022-09-02 14:09:58,206 : INFO : ConfigProcessor : Loading config from cache: C:\Users\Brendan\AppData\Local\Temp\17652c03725ec0d5dc66b35abdc504c5.mpf_cache
2022-09-02 14:09:58,207 : INFO : ConfigProcessor : Loading config from cache: C:\Users\Brendan\AppData\Local\Temp\f6549f0a1a12987384ccc86b9df17004.mpf_cache
2022-09-02 14:09:58,207 : INFO : ConfigProcessor : Loading config from cache: C:\Users\Brendan\AppData\Local\Temp\d416d6f9f35dec068a811f18f969a8db.mpf_cache
2022-09-02 14:09:58,208 : INFO : ConfigProcessor : Loading config from cache: C:\Users\Brendan\AppData\Local\Temp\2cbb22f93ff96ef242a9a2d7465f7b14.mpf_cache
2022-09-02 14:09:58,209 : INFO : ConfigProcessor : Loading config from cache: C:\Users\Brendan\AppData\Local\Temp\5b43fbcb021f3ce97d73fdb8a470eae4.mpf_cache
2022-09-02 14:09:58,210 : INFO : ConfigProcessor : Loading config from cache: C:\Users\Brendan\AppData\Local\Temp\6d994d077edad00fe01353c1bfbf6638.mpf_cache
2022-09-02 14:09:58,210 : INFO : ConfigProcessor : Loading config from cache: C:\Users\Brendan\AppData\Local\Temp\df6e37541f81fc1a6e02dbcf98e0d10b.mpf_cache
2022-09-02 14:09:58,211 : INFO : ConfigProcessor : Loading config from cache: C:\Users\Brendan\AppData\Local\Temp\c5e911b563ca93c8e10ce7743f92e657.mpf_cache
2022-09-02 14:09:58,211 : INFO : ConfigProcessor : Loading config from cache: C:\Users\Brendan\AppData\Local\Temp\99ecafb2993dab1e69369c4f69529b6f.mpf_cache
2022-09-02 14:09:58,212 : INFO : ConfigProcessor : Loading config from cache: C:\Users\Brendan\AppData\Local\Temp\57f2f8973b8bd58edd1d215976151c60.mpf_cache
2022-09-02 14:09:58,213 : INFO : ConfigProcessor : Loading config from cache: C:\Users\Brendan\AppData\Local\Temp\19f702536b27ff66106645e85afb027e.mpf_cache
2022-09-02 14:09:58,214 : INFO : ConfigProcessor : Loading config from cache: C:\Users\Brendan\AppData\Local\Temp\c17101e4486856bd6430e66412997ee7.mpf_cache
2022-09-02 14:09:58,215 : INFO : ConfigProcessor : Loading config from cache: C:\Users\Brendan\AppData\Local\Temp\c5b3b18e965344eb40bdf988f6d052aa.mpf_cache
2022-09-02 14:09:58,216 : INFO : Machine : Mission Pinball Framework Core Engine v0.55.0
2022-09-02 14:09:58,216 : INFO : Machine : Command line arguments: {'no_load_cache': False, 'create_config_cache': True, 'bcp': True, 'configfile': ['config.yaml'], 'force_assets_load': False, 'jsonlogging': False, 'logfile': 'logs\\2022-09-02-14-09-57-mpf-Pinball-PC.log', 'pause': False, 'production': False, 'text_ui': True, 'loglevel': 15, 'consoleloglevel': 20, 'force_platform': None, 'syslog_address': None, 'mc_file_name': None, 'no_sound': False}
2022-09-02 14:09:58,216 : INFO : Machine : MPF path: c:\users\brendan\appdata\local\programs\python\python37\lib\site-packages\mpf
2022-09-02 14:09:58,216 : INFO : Machine : Machine path: C:\Baby_pacman_code\machine
2022-09-02 14:09:58,216 : INFO : Machine : Platform: win32
2022-09-02 14:09:58,216 : INFO : Machine : Python executable location: c:\users\brendan\appdata\local\programs\python\python37\python.exe
2022-09-02 14:09:58,216 : INFO : Machine : Python version: 3.7.8 (64-bit)
2022-09-02 14:09:58,218 : INFO : Machine : Initialise MPF.
2022-09-02 14:09:58,372 : INFO : FAST : Connecting to com7 at 921600bps
2022-09-02 14:09:58,416 : INFO : FAST : Connected! Processor: NET, Board Type: FP-CPU-002-2, Firmware: 01.05
2022-09-02 14:09:58,416 : INFO : EventManager : Event: ======'machine_var_fast_net_firmware'====== Args={'value': '01.05', 'prev_value': None, 'change': True}
2022-09-02 14:09:58,416 : INFO : EventManager : Event: ======'machine_var_fast_net_model'====== Args={'value': 'FP-CPU-002-2', 'prev_value': None, 'change': True}
2022-09-02 14:10:00,773 : WARNING : FAST : Got unexpected message from FAST: -N:06
2022-09-02 14:10:00,773 : WARNING : FAST : Got unexpected message from FAST: -N:13
2022-09-02 14:10:00,816 : INFO : FAST : Connecting to com8 at 921600bps
2022-09-02 14:10:00,865 : INFO : FAST : Connected! Processor: RGB, Board Type: FP-CPU-002-2, Firmware: 01.00
2022-09-02 14:10:00,865 : INFO : EventManager : Event: ======'machine_var_fast_rgb_firmware'====== Args={'value': '01.00', 'prev_value': None, 'change': True}
2022-09-02 14:10:00,865 : INFO : EventManager : Event: ======'machine_var_fast_rgb_model'====== Args={'value': 'FP-CPU-002-2', 'prev_value': None, 'change': True}
2022-09-02 14:10:00,866 : INFO : EventManager : Event: ======'machine_var_credits_string'====== Args={'value': 'FREE PLAY', 'prev_value': None, 'change': True}
2022-09-02 14:10:00,923 : INFO : EventManager : Event: ======'machine_var_master_volume'====== Args={'value': 0.5, 'prev_value': None, 'change': True}
2022-09-02 14:10:00,923 : INFO : EventManager : Event: ======'machine_var_player1_score'====== Args={'value': 210762830, 'prev_value': None, 'change': True}
2022-09-02 14:10:00,923 : INFO : EventManager : Event: ======'machine_var_mpf_version'====== Args={'value': 'MPF v0.55.0', 'prev_value': None, 'change': True}
2022-09-02 14:10:00,923 : INFO : EventManager : Event: ======'machine_var_mpf_extended_version'====== Args={'value': 'MPF v0.55.0, Config version:5, Show version: 5, BCP version:1.1', 'prev_value': None, 'change': True}
2022-09-02 14:10:00,923 : INFO : EventManager : Event: ======'machine_var_python_version'====== Args={'value': '3.7.8', 'prev_value': None, 'change': True}
2022-09-02 14:10:00,924 : INFO : EventManager : Event: ======'machine_var_platform'====== Args={'value': 'Windows-7-6.1.7601-SP1', 'prev_value': None, 'change': True}
2022-09-02 14:10:00,924 : INFO : EventManager : Event: ======'machine_var_platform_system'====== Args={'value': 'Windows', 'prev_value': None, 'change': True}
2022-09-02 14:10:00,924 : INFO : EventManager : Event: ======'machine_var_platform_release'====== Args={'value': '7', 'prev_value': None, 'change': True}
2022-09-02 14:10:00,924 : INFO : EventManager : Event: ======'machine_var_platform_version'====== Args={'value': '6.1.7601', 'prev_value': None, 'change': True}
2022-09-02 14:10:00,924 : INFO : EventManager : Event: ======'machine_var_platform_machine'====== Args={'value': 'AMD64', 'prev_value': None, 'change': True}
2022-09-02 14:10:00,924 : INFO : EventManager : Event: ======'init_phase_1'====== Args={}
2022-09-02 14:10:01,006 : INFO : EventManager : Event: ======'drop_target_bank_main_up'====== Args={}
2022-09-02 14:10:01,011 : INFO : EventManager : Event: ======'init_phase_2'====== Args={}
2022-09-02 14:10:01,012 : INFO : SwitchController : Found active switch: (('06', 1), <Platform.FAST>) <switch.s_right_captive_ball>
2022-09-02 14:10:01,012 : INFO : SwitchController : Found active switch: (('13', 1), <Platform.FAST>) <switch.s_drain>
2022-09-02 14:10:01,055 : INFO : EventManager : Event: ======'bcp_connection_attempt'====== Args={'name': 'local_display', 'host': 'localhost', 'port': 5050}
2022-09-02 14:10:01,057 : INFO : BCPClientSocket : Connecting BCP to 'local_display' at localhost:5050...
2022-09-02 14:10:02,052 : WARNING : FAST : Port com7 was blocked for more than 1s. Reseting send queue! If this happens frequently report a bug!
2022-09-02 14:10:03,051 : WARNING : FAST : Port com7 was blocked for more than 1s. Reseting send queue! If this happens frequently report a bug!
2022-09-02 14:10:04,147 : INFO : BCPClientSocket : Connected BCP to 'local_display' localhost:5050
2022-09-02 14:10:04,149 : INFO : EventManager : Event: ======'bcp_clients_connected'====== Args={}
2022-09-02 14:10:04,150 : INFO : EventManager : Event: ======'machine_var_mc_version'====== Args={'value': 'MPF-MC v0.55.0', 'prev_value': None, 'change': True}
2022-09-02 14:10:04,151 : INFO : EventManager : Event: ======'machine_var_mc_extended_version'====== Args={'value': 'MPF-MC v0.55.0 (config_version=5, BCP v1.1, Requires MPF v0.55.0-dev.49)', 'prev_value': None, 'change': True}
2022-09-02 14:10:04,189 : INFO : ball_device.bd_drain : BCH: Initial count: 1
2022-09-02 14:10:04,190 : INFO : ball_device.bd_drain : State: idle
2022-09-02 14:10:04,192 : INFO : ball_device.bd_left_kicker : BCH: Initial count: 0
2022-09-02 14:10:04,192 : INFO : ball_device.bd_left_kicker : State: idle
2022-09-02 14:10:04,193 : INFO : ball_device.bd_right_kicker : BCH: Initial count: 0
2022-09-02 14:10:04,194 : INFO : ball_device.bd_right_kicker : State: idle
2022-09-02 14:10:04,262 : INFO : EventManager : Event: ======'init_phase_3'====== Args={}
2022-09-02 14:10:04,674 : INFO : EventManager : Event: ======'init_phase_4'====== Args={}
2022-09-02 14:10:04,679 : INFO : EventManager : Event: ======'playfield_active'====== Args={}
2022-09-02 14:10:04,679 : INFO : EventManager : Event: ======'unexpected_ball_on_playfield'====== Args={}
2022-09-02 14:10:04,679 : INFO : EventManager : Event: ======'playfield_active'====== Args={}
2022-09-02 14:10:04,679 : INFO : EventManager : Event: ======'unexpected_ball_on_playfield'====== Args={}
2022-09-02 14:10:04,679 : INFO : EventManager : Event: ======'playfield_active'====== Args={}
2022-09-02 14:10:04,679 : INFO : EventManager : Event: ======'unexpected_ball_on_playfield'====== Args={}
2022-09-02 14:10:04,679 : INFO : EventManager : Event: ======'playfield_active'====== Args={}
2022-09-02 14:10:04,680 : INFO : EventManager : Event: ======'unexpected_ball_on_playfield'====== Args={}
2022-09-02 14:10:04,680 : INFO : EventManager : Event: ======'playfield_active'====== Args={}
2022-09-02 14:10:04,680 : INFO : EventManager : Event: ======'unexpected_ball_on_playfield'====== Args={}
2022-09-02 14:10:04,680 : INFO : BallController : Initial balls found: 1
2022-09-02 14:10:04,682 : INFO : EventManager : Event: ======'machine_var_audits_events_game_ended'====== Args={'value': 0, 'prev_value': None, 'change': True}
2022-09-02 14:10:04,683 : INFO : EventManager : Event: ======'machine_var_audits_events_game_started'====== Args={'value': 0, 'prev_value': None, 'change': True}
2022-09-02 14:10:04,683 : INFO : EventManager : Event: ======'machine_var_audits_player_score'====== Args={'value': {'average': 14629973.862520454, 'top': [720234070, 507595620, 502234510, 210762830, 203435200, 198719690, 196999500, 195274570, 171491840, 161094530], 'total': 611}, 'prev_value': None, 'change': True}
2022-09-02 14:10:04,683 : INFO : EventManager : Event: ======'machine_var_audits_shots_center_drop_mission1'====== Args={'value': 594, 'prev_value': None, 'change': True}
2022-09-02 14:10:04,684 : INFO : EventManager : Event: ======'machine_var_audits_shots_center_target'====== Args={'value': 312, 'prev_value': None, 'change': True}
2022-09-02 14:10:04,684 : INFO : EventManager : Event: ======'machine_var_audits_shots_drop_target1_mission2'====== Args={'value': 242, 'prev_value': None, 'change': True}
2022-09-02 14:10:04,684 : INFO : EventManager : Event: ======'machine_var_audits_shots_drop_target2_mission2'====== Args={'value': 283, 'prev_value': None, 'change': True}
2022-09-02 14:10:04,685 : INFO : EventManager : Event: ======'machine_var_audits_shots_drop_target3_mission2'====== Args={'value': 330, 'prev_value': None, 'change': True}
2022-09-02 14:10:04,685 : INFO : EventManager : Event: ======'machine_var_audits_shots_drop_target4_mission2'====== Args={'value': 293, 'prev_value': None, 'change': True}
2022-09-02 14:10:04,686 : INFO : EventManager : Event: ======'machine_var_audits_shots_drop_target5_mission2'====== Args={'value': 251, 'prev_value': None, 'change': True}
2022-09-02 14:10:04,686 : INFO : EventManager : Event: ======'machine_var_audits_shots_drop_targets_mission3'====== Args={'value': 1592, 'prev_value': None, 'change': True}
2022-09-02 14:10:04,686 : INFO : EventManager : Event: ======'machine_var_audits_shots_galaxy_advance'====== Args={'value': 2796, 'prev_value': None, 'change': True}
2022-09-02 14:10:04,687 : INFO : EventManager : Event: ======'machine_var_audits_shots_l_lane'====== Args={'value': 669, 'prev_value': None, 'change': True}
2022-09-02 14:10:04,687 : INFO : EventManager : Event: ======'machine_var_audits_shots_left_kicker_mission2'====== Args={'value': 170, 'prev_value': None, 'change': True}
2022-09-02 14:10:04,687 : INFO : EventManager : Event: ======'machine_var_audits_shots_left_kicker_mission4'====== Args={'value': 124, 'prev_value': None, 'change': True}
2022-09-02 14:10:04,688 : INFO : EventManager : Event: ======'machine_var_audits_shots_left_loop_mission1'====== Args={'value': 664, 'prev_value': None, 'change': True}
2022-09-02 14:10:04,688 : INFO : EventManager : Event: ======'machine_var_audits_shots_left_loop_mission2'====== Args={'value': 282, 'prev_value': None, 'change': True}
2022-09-02 14:10:04,689 : INFO : EventManager : Event: ======'machine_var_audits_shots_left_loop_mission4'====== Args={'value': 397, 'prev_value': None, 'change': True}
2022-09-02 14:10:04,689 : INFO : EventManager : Event: ======'machine_var_audits_shots_portal_advance'====== Args={'value': 4987, 'prev_value': None, 'change': True}
2022-09-02 14:10:04,689 : INFO : EventManager : Event: ======'machine_var_audits_shots_r_lane'====== Args={'value': 584, 'prev_value': None, 'change': True}
2022-09-02 14:10:04,690 : INFO : EventManager : Event: ======'machine_var_audits_shots_right_kicker_mission2'====== Args={'value': 142, 'prev_value': None, 'change': True}
2022-09-02 14:10:04,690 : INFO : EventManager : Event: ======'machine_var_audits_shots_right_kicker_mission4'====== Args={'value': 141, 'prev_value': None, 'change': True}
2022-09-02 14:10:04,690 : INFO : EventManager : Event: ======'machine_var_audits_shots_right_loop_mission1'====== Args={'value': 768, 'prev_value': None, 'change': True}
2022-09-02 14:10:04,691 : INFO : EventManager : Event: ======'machine_var_audits_shots_right_loop_mission2'====== Args={'value': 329, 'prev_value': None, 'change': True}
2022-09-02 14:10:04,691 : INFO : EventManager : Event: ======'machine_var_audits_shots_right_loop_mission4'====== Args={'value': 455, 'prev_value': None, 'change': True}
2022-09-02 14:10:04,692 : INFO : EventManager : Event: ======'machine_var_audits_shots_warp_advance'====== Args={'value': 1146, 'prev_value': None, 'change': True}
2022-09-02 14:10:04,692 : INFO : EventManager : Event: ======'machine_var_audits_switches_s_action_button'====== Args={'value': 4246, 'prev_value': None, 'change': True}
2022-09-02 14:10:04,693 : INFO : EventManager : Event: ======'machine_var_audits_switches_s_drain'====== Args={'value': 2900, 'prev_value': None, 'change': True}
2022-09-02 14:10:04,693 : INFO : EventManager : Event: ======'machine_var_audits_switches_s_drop_target1'====== Args={'value': 2014, 'prev_value': None, 'change': True}
2022-09-02 14:10:04,693 : INFO : EventManager : Event: ======'machine_var_audits_switches_s_drop_target2'====== Args={'value': 2327, 'prev_value': None, 'change': True}
2022-09-02 14:10:04,694 : INFO : EventManager : Event: ======'machine_var_audits_switches_s_drop_target3'====== Args={'value': 2757, 'prev_value': None, 'change': True}
2022-09-02 14:10:04,694 : INFO : EventManager : Event: ======'machine_var_audits_switches_s_drop_target4'====== Args={'value': 2207, 'prev_value': None, 'change': True}
2022-09-02 14:10:04,695 : INFO : EventManager : Event: ======'machine_var_audits_switches_s_drop_target5'====== Args={'value': 2091, 'prev_value': None, 'change': True}
2022-09-02 14:10:04,695 : INFO : EventManager : Event: ======'machine_var_audits_switches_s_left_captive_ball'====== Args={'value': 508, 'prev_value': None, 'change': True}
2022-09-02 14:10:04,696 : INFO : EventManager : Event: ======'machine_var_audits_switches_s_left_flipper'====== Args={'value': 37529, 'prev_value': None, 'change': True}
2022-09-02 14:10:04,696 : INFO : EventManager : Event: ======'machine_var_audits_switches_s_left_inlane'====== Args={'value': 669, 'prev_value': None, 'change': True}
2022-09-02 14:10:04,697 : INFO : EventManager : Event: ======'machine_var_audits_switches_s_left_inlane_far'====== Args={'value': 4791, 'prev_value': None, 'change': True}
2022-09-02 14:10:04,697 : INFO : EventManager : Event: ======'machine_var_audits_switches_s_left_kicker'====== Args={'value': 1646, 'prev_value': None, 'change': True}
2022-09-02 14:10:04,698 : INFO : EventManager : Event: ======'machine_var_audits_switches_s_left_sling'====== Args={'value': 7376, 'prev_value': None, 'change': True}
2022-09-02 14:10:04,698 : INFO : EventManager : Event: ======'machine_var_audits_switches_s_left_spinner'====== Args={'value': 23289, 'prev_value': None, 'change': True}
2022-09-02 14:10:04,698 : INFO : EventManager : Event: ======'machine_var_audits_switches_s_right_captive_ball'====== Args={'value': 534, 'prev_value': None, 'change': True}
2022-09-02 14:10:04,699 : INFO : EventManager : Event: ======'machine_var_audits_switches_s_right_flipper'====== Args={'value': 34369, 'prev_value': None, 'change': True}
2022-09-02 14:10:04,699 : INFO : EventManager : Event: ======'machine_var_audits_switches_s_right_inlane'====== Args={'value': 584, 'prev_value': None, 'change': True}
2022-09-02 14:10:04,700 : INFO : EventManager : Event: ======'machine_var_audits_switches_s_right_inlane_far'====== Args={'value': 6741, 'prev_value': None, 'change': True}
2022-09-02 14:10:04,700 : INFO : EventManager : Event: ======'machine_var_audits_switches_s_right_kicker'====== Args={'value': 1805, 'prev_value': None, 'change': True}
2022-09-02 14:10:04,701 : INFO : EventManager : Event: ======'machine_var_audits_switches_s_right_sling'====== Args={'value': 14415, 'prev_value': None, 'change': True}
2022-09-02 14:10:04,701 : INFO : EventManager : Event: ======'machine_var_audits_switches_s_right_spinner'====== Args={'value': 17812, 'prev_value': None, 'change': True}
2022-09-02 14:10:04,702 : INFO : EventManager : Event: ======'machine_var_audits_switches_s_start'====== Args={'value': 411, 'prev_value': None, 'change': True}
2022-09-02 14:10:04,703 : INFO : EventManager : Event: ======'init_phase_5'====== Args={}
2022-09-02 14:10:04,708 : INFO : EventManager : Event: ======'init_done'====== Args={}
2022-09-02 14:10:04,708 : WARNING : FAST : Port NET received more messages than were sent! Resetting!
2022-09-02 14:10:04,708 : WARNING : FAST : Port NET received more messages than were sent! Resetting!
2022-09-02 14:10:04,708 : WARNING : FAST : Port NET received more messages than were sent! Resetting!
2022-09-02 14:10:04,708 : WARNING : FAST : Port NET received more messages than were sent! Resetting!
2022-09-02 14:10:04,709 : WARNING : FAST : Port NET received more messages than were sent! Resetting!
2022-09-02 14:10:04,709 : WARNING : FAST : Port NET received more messages than were sent! Resetting!
2022-09-02 14:10:04,709 : WARNING : FAST : Port NET received more messages than were sent! Resetting!
2022-09-02 14:10:04,709 : WARNING : FAST : Port NET received more messages than were sent! Resetting!
2022-09-02 14:10:04,709 : WARNING : FAST : Port NET received more messages than were sent! Resetting!
2022-09-02 14:10:04,709 : WARNING : FAST : Port NET received more messages than were sent! Resetting!
2022-09-02 14:10:04,709 : WARNING : FAST : Port NET received more messages than were sent! Resetting!
2022-09-02 14:10:04,709 : WARNING : FAST : Port NET received more messages than were sent! Resetting!
2022-09-02 14:10:04,709 : WARNING : FAST : Port NET received more messages than were sent! Resetting!
2022-09-02 14:10:04,709 : WARNING : FAST : Port NET received more messages than were sent! Resetting!
2022-09-02 14:10:04,709 : WARNING : FAST : Port NET received more messages than were sent! Resetting!
2022-09-02 14:10:04,709 : WARNING : FAST : Port NET received more messages than were sent! Resetting!
2022-09-02 14:10:04,709 : WARNING : FAST : Port NET received more messages than were sent! Resetting!
2022-09-02 14:10:04,710 : WARNING : FAST : Port NET received more messages than were sent! Resetting!
2022-09-02 14:10:04,710 : WARNING : FAST : Port NET received more messages than were sent! Resetting!
2022-09-02 14:10:04,710 : WARNING : FAST : Port NET received more messages than were sent! Resetting!
2022-09-02 14:10:04,710 : WARNING : FAST : Port NET received more messages than were sent! Resetting!
2022-09-02 14:10:04,710 : WARNING : FAST : Port NET received more messages than were sent! Resetting!
2022-09-02 14:10:04,710 : INFO : EventManager : Event: ======'machine_reset_phase_1'====== Args={}
2022-09-02 14:10:04,715 : INFO : EventManager : Event: ======'machine_reset_phase_2'====== Args={}
2022-09-02 14:10:04,716 : INFO : EventManager : Event: ======'machine_reset_phase_3'====== Args={}
2022-09-02 14:10:04,716 : INFO : EventManager : Event: ======'reset_complete'====== Args={}
2022-09-02 14:10:04,716 : INFO : EventManager : Event: ======'mode_attract_will_start'====== Args={}
2022-09-02 14:10:04,717 : INFO : EventManager : Event: ======'mode_attract_starting'====== Args={}
2022-09-02 14:10:04,717 : INFO : Mode.attract : Started. Priority: 10
2022-09-02 14:10:04,717 : INFO : EventManager : Event: ======'modes_active_modes_changed'====== Args={}
2022-09-02 14:10:04,717 : INFO : EventManager : Event: ======'mode_attract_started'====== Args={}
2022-09-02 14:10:04,720 : INFO : EventManager : Event: ======'collecting_balls_complete'====== Args={}
2022-09-02 14:10:04,738 : INFO : EventManager : Event: ======'slide_show_13.slide_player-0_created'====== Args={'_from_bcp': True}
2022-09-02 14:10:04,738 : INFO : EventManager : Event: ======'slide_show_13.slide_player-0_active'====== Args={'_from_bcp': True}
2022-09-02 14:10:04,739 : INFO : Machine : Starting the main run loop.
2022-09-02 14:10:06,944 : INFO : SwitchController : <<<<<<< 's_start' active >>>>>>>
2022-09-02 14:10:07,088 : INFO : SwitchController : <<<<<<< 's_start' inactive >>>>>>>
2022-09-02 14:10:07,088 : INFO : EventManager : Event: ======'request_to_start_game'====== Args={}
2022-09-02 14:10:07,089 : INFO : EventManager : Event: ======'game_start'====== Args={'buttons': [], 'hold_time': 0.13999999999941792}
2022-09-02 14:10:07,089 : INFO : EventManager : Event: ======'mode_game_will_start'====== Args={'buttons': [], 'hold_time': 0.13999999999941792}
2022-09-02 14:10:07,091 : INFO : EventManager : Event: ======'mode_game_starting'====== Args={'buttons': [], 'hold_time': 0.13999999999941792}
2022-09-02 14:10:07,091 : INFO : EventManager : Event: ======'mode_attract_will_stop'====== Args={}
2022-09-02 14:10:07,091 : INFO : EventManager : Event: ======'mode_attract_stopping'====== Args={}
2022-09-02 14:10:07,091 : INFO : Mode.attract : Stopped.
2022-09-02 14:10:07,091 : INFO : EventManager : Event: ======'modes_active_modes_changed'====== Args={}
2022-09-02 14:10:07,095 : INFO : EventManager : Event: ======'mode_attract_stopped'====== Args={}
2022-09-02 14:10:07,095 : INFO : EventManager : Event: ======'clear'====== Args={'key': 'attract'}
2022-09-02 14:10:07,095 : INFO : Mode.game : Started. Priority: 20
2022-09-02 14:10:07,096 : INFO : EventManager : Event: ======'modes_active_modes_changed'====== Args={}
2022-09-02 14:10:07,096 : INFO : EventManager : Event: ======'mode_game_started'====== Args={'buttons': [], 'hold_time': 0.13999999999941792}
2022-09-02 14:10:07,105 : INFO : EventManager : Event: ======'game_will_start'====== Args={}
2022-09-02 14:10:07,106 : INFO : EventManager : Event: ======'game_starting'====== Args={'game': <Mode.game>}
2022-09-02 14:10:07,107 : INFO : EventManager : Event: ======'slide_show_13.slide_player-0_removed'====== Args={'_from_bcp': True}
2022-09-02 14:10:07,107 : INFO : EventManager : Event: ======'slide_window1_blank_active'====== Args={'_from_bcp': True}
2022-09-02 14:10:07,109 : INFO : EventManager : Event: ======'player_add_request'====== Args={}
2022-09-02 14:10:07,110 : INFO : EventManager : Event: ======'player_will_add'====== Args={'number': 1}
2022-09-02 14:10:07,111 : INFO : EventManager : Event: ======'player_adding'====== Args={'player': <Player 1>, 'number': 1}
2022-09-02 14:10:07,111 : INFO : EventManager : Event: ======'player_added'====== Args={'player': <Player 1>, 'num': 1}
2022-09-02 14:10:07,111 : INFO : Mode.game : Player added successfully. Total players: 1
2022-09-02 14:10:07,112 : INFO : EventManager : Event: ======'player_index'====== Args={'value': 0, 'prev_value': 0, 'change': 0, 'player_num': 1}
2022-09-02 14:10:07,112 : INFO : EventManager : Event: ======'player_number'====== Args={'value': 1, 'prev_value': 1, 'change': 0, 'player_num': 1}
2022-09-02 14:10:07,113 : INFO : EventManager : Event: ======'player_mode_value'====== Args={'value': 1000000, 'prev_value': 1000000, 'change': 0, 'player_num': 1}
2022-09-02 14:10:07,113 : INFO : EventManager : Event: ======'player_bonus_multiplier'====== Args={'value': 1, 'prev_value': 1, 'change': 0, 'player_num': 1}
2022-09-02 14:10:07,113 : INFO : EventManager : Event: ======'player_playfield_multiplier'====== Args={'value': 1, 'prev_value': 1, 'change': 0, 'player_num': 1}
2022-09-02 14:10:07,114 : INFO : EventManager : Event: ======'player_score'====== Args={'value': 0, 'prev_value': 0, 'change': 0, 'player_num': 1}
2022-09-02 14:10:07,114 : INFO : EventManager : Event: ======'game_started'====== Args={}
2022-09-02 14:10:07,134 : INFO : EventManager : Event: ======'player_turn_will_start'====== Args={'player': <Player 1>, 'number': 1}
2022-09-02 14:10:07,134 : INFO : EventManager : Event: ======'player_turn_starting'====== Args={'player': <Player 1>, 'number': 1}
2022-09-02 14:10:07,141 : INFO : EventManager : Event: ======'player_ball'====== Args={'value': 1, 'prev_value': 0, 'change': 1, 'player_num': 1}
2022-09-02 14:10:07,142 : INFO : EventManager : Event: ======'player_turn_started'====== Args={'player': <Player 1>, 'number': 1}
2022-09-02 14:10:07,143 : INFO : EventManager : Event: ======'ball_will_start'====== Args={'player': 1, 'ball': 1, 'balls_remaining': 2, 'is_extra_ball': False}
2022-09-02 14:10:07,147 : INFO : EventManager : Event: ======'ball_starting'====== Args={'player': 1, 'ball': 1, 'balls_remaining': 2, 'is_extra_ball': False}
2022-09-02 14:10:07,148 : INFO : EventManager : Event: ======'balls_in_play'====== Args={'balls': 1}
2022-09-02 14:10:07,148 : INFO : EventManager : Event: ======'ball_started'====== Args={'player': 1, 'ball': 1, 'balls_remaining': 2, 'is_extra_ball': False}
2022-09-02 14:10:07,148 : INFO : EventManager : Event: ======'mode_combos_will_start'====== Args={'player': 1, 'ball': 1, 'balls_remaining': 2, 'is_extra_ball': False}
2022-09-02 14:10:07,154 : INFO : EventManager : Event: ======'mode_combos_starting'====== Args={'player': 1, 'ball': 1, 'balls_remaining': 2, 'is_extra_ball': False}
2022-09-02 14:10:07,154 : INFO : EventManager : Event: ======'mode_base_will_start'====== Args={'player': 1, 'ball': 1, 'balls_remaining': 2, 'is_extra_ball': False}
2022-09-02 14:10:07,154 : INFO : EventManager : Event: ======'player_shot_l_lane_enabled'====== Args={'value': True, 'prev_value': 0, 'change': 1, 'player_num': 1}
2022-09-02 14:10:07,155 : INFO : EventManager : Event: ======'player_shot_r_lane_enabled'====== Args={'value': True, 'prev_value': 0, 'change': 1, 'player_num': 1}
2022-09-02 14:10:07,155 : INFO : EventManager : Event: ======'player_shot_center_target_enabled'====== Args={'value': True, 'prev_value': 0, 'change': 1, 'player_num': 1}
2022-09-02 14:10:07,155 : INFO : EventManager : Event: ======'bonus_lanes_complete'====== Args={'state': 'unlit'}
2022-09-02 14:10:07,155 : INFO : EventManager : Event: ======'bonus_lanes_unlit_complete'====== Args={}
2022-09-02 14:10:07,156 : INFO : EventManager : Event: ======'player_extra_ball_two_modes_complete_num_awarded'====== Args={'value': 0, 'prev_value': 0, 'change': 0, 'player_num': 1}
2022-09-02 14:10:07,157 : INFO : EventManager : Event: ======'achievement_mission1_changed_state'====== Args={'restore': False, 'state': 'disabled', 'selected': False}
2022-09-02 14:10:07,157 : INFO : EventManager : Event: ======'achievement_mission1_state_disabled'====== Args={'restore': False, 'state': 'disabled', 'selected': False}
2022-09-02 14:10:07,157 : INFO : EventManager : Event: ======'achievement_mission2_changed_state'====== Args={'restore': False, 'state': 'disabled', 'selected': False}
2022-09-02 14:10:07,157 : INFO : EventManager : Event: ======'achievement_mission2_state_disabled'====== Args={'restore': False, 'state': 'disabled', 'selected': False}
2022-09-02 14:10:07,157 : INFO : EventManager : Event: ======'achievement_mission3_changed_state'====== Args={'restore': False, 'state': 'disabled', 'selected': False}
2022-09-02 14:10:07,157 : INFO : EventManager : Event: ======'achievement_mission3_state_disabled'====== Args={'restore': False, 'state': 'disabled', 'selected': False}
2022-09-02 14:10:07,157 : INFO : EventManager : Event: ======'achievement_mission4_changed_state'====== Args={'restore': False, 'state': 'disabled', 'selected': False}
2022-09-02 14:10:07,157 : INFO : EventManager : Event: ======'achievement_mission4_state_disabled'====== Args={'restore': False, 'state': 'disabled', 'selected': False}
2022-09-02 14:10:07,165 : INFO : EventManager : Event: ======'mode_base_starting'====== Args={'player': 1, 'ball': 1, 'balls_remaining': 2, 'is_extra_ball': False}
2022-09-02 14:10:07,166 : INFO : EventManager : Event: ======'mode_super_features_will_start'====== Args={'player': 1, 'ball': 1, 'balls_remaining': 2, 'is_extra_ball': False}
2022-09-02 14:10:07,166 : INFO : EventManager : Event: ======'achievement_super_spinners_changed_state'====== Args={'restore': False, 'state': 'disabled', 'selected': False}
2022-09-02 14:10:07,166 : INFO : EventManager : Event: ======'achievement_super_spinners_state_disabled'====== Args={'restore': False, 'state': 'disabled', 'selected': False}
2022-09-02 14:10:07,166 : INFO : EventManager : Event: ======'achievement_super_targets_changed_state'====== Args={'restore': False, 'state': 'disabled', 'selected': False}
2022-09-02 14:10:07,166 : INFO : EventManager : Event: ======'achievement_super_targets_state_disabled'====== Args={'restore': False, 'state': 'disabled', 'selected': False}
2022-09-02 14:10:07,166 : INFO : EventManager : Event: ======'achievement_super_lanes_changed_state'====== Args={'restore': False, 'state': 'disabled', 'selected': False}
2022-09-02 14:10:07,166 : INFO : EventManager : Event: ======'achievement_super_lanes_state_disabled'====== Args={'restore': False, 'state': 'disabled', 'selected': False}
2022-09-02 14:10:07,166 : INFO : EventManager : Event: ======'achievement_super_slings_changed_state'====== Args={'restore': False, 'state': 'disabled', 'selected': False}
2022-09-02 14:10:07,167 : INFO : EventManager : Event: ======'achievement_super_slings_state_disabled'====== Args={'restore': False, 'state': 'disabled', 'selected': False}
2022-09-02 14:10:07,169 : INFO : EventManager : Event: ======'mode_super_features_starting'====== Args={'player': 1, 'ball': 1, 'balls_remaining': 2, 'is_extra_ball': False}
2022-09-02 14:10:07,169 : INFO : drop_target_bank.main : All targets are already up. Will not reset bank.
2022-09-02 14:10:07,170 : INFO : Mode.super_features : Started. Priority: 100
2022-09-02 14:10:07,170 : INFO : EventManager : Event: ======'modes_active_modes_changed'====== Args={}
2022-09-02 14:10:07,170 : INFO : EventManager : Event: ======'mode_super_features_started'====== Args={'player': 1, 'ball': 1, 'balls_remaining': 2, 'is_extra_ball': False}
2022-09-02 14:10:07,170 : INFO : Mode.combos : Started. Priority: 700
2022-09-02 14:10:07,170 : INFO : EventManager : Event: ======'modes_active_modes_changed'====== Args={}
2022-09-02 14:10:07,170 : INFO : EventManager : Event: ======'mode_combos_started'====== Args={'player': 1, 'ball': 1, 'balls_remaining': 2, 'is_extra_ball': False}
2022-09-02 14:10:07,171 : INFO : EventManager : Event: ======'logicblock_mode_completion_counter_updated'====== Args={'value': 0, 'enabled': True}
2022-09-02 14:10:07,171 : INFO : EventManager : Event: ======'logicblock_mode_completion_counter_updated'====== Args={'value': 0, 'enabled': True}
2022-09-02 14:10:07,171 : INFO : Mode.base : Started. Priority: 100
2022-09-02 14:10:07,171 : INFO : EventManager : Event: ======'modes_active_modes_changed'====== Args={}
2022-09-02 14:10:07,171 : INFO : EventManager : Event: ======'mode_base_started'====== Args={'player': 1, 'ball': 1, 'balls_remaining': 2, 'is_extra_ball': False}
2022-09-02 14:10:07,172 : INFO : EventManager : Event: ======'ball_save_base_save_enabled'====== Args={}
2022-09-02 14:10:07,172 : INFO : EventManager : Event: ======'mode_add_mode_value_will_start'====== Args={'player': 1, 'ball': 1, 'balls_remaining': 2, 'is_extra_ball': False}
2022-09-02 14:10:07,174 : INFO : EventManager : Event: ======'mode_add_mode_value_starting'====== Args={'player': 1, 'ball': 1, 'balls_remaining': 2, 'is_extra_ball': False}
2022-09-02 14:10:07,174 : INFO : EventManager : Event: ======'mode_spell_warp_will_start'====== Args={'player': 1, 'ball': 1, 'balls_remaining': 2, 'is_extra_ball': False}
2022-09-02 14:10:07,174 : INFO : EventManager : Event: ======'player_shot_warp_advance_enabled'====== Args={'value': True, 'prev_value': 0, 'change': 1, 'player_num': 1}
2022-09-02 14:10:07,176 : INFO : EventManager : Event: ======'mode_spell_warp_starting'====== Args={'player': 1, 'ball': 1, 'balls_remaining': 2, 'is_extra_ball': False}
2022-09-02 14:10:07,176 : INFO : EventManager : Event: ======'mode_spell_galaxy_will_start'====== Args={'player': 1, 'ball': 1, 'balls_remaining': 2, 'is_extra_ball': False}
2022-09-02 14:10:07,177 : INFO : EventManager : Event: ======'player_shot_galaxy_advance_enabled'====== Args={'value': True, 'prev_value': 0, 'change': 1, 'player_num': 1}
2022-09-02 14:10:07,179 : INFO : EventManager : Event: ======'mode_spell_galaxy_starting'====== Args={'player': 1, 'ball': 1, 'balls_remaining': 2, 'is_extra_ball': False}
2022-09-02 14:10:07,179 : INFO : EventManager : Event: ======'mode_spell_portal_will_start'====== Args={'player': 1, 'ball': 1, 'balls_remaining': 2, 'is_extra_ball': False}
2022-09-02 14:10:07,179 : INFO : EventManager : Event: ======'player_shot_portal_advance_enabled'====== Args={'value': True, 'prev_value': 0, 'change': 1, 'player_num': 1}
2022-09-02 14:10:07,181 : INFO : EventManager : Event: ======'mode_spell_portal_starting'====== Args={'player': 1, 'ball': 1, 'balls_remaining': 2, 'is_extra_ball': False}
2022-09-02 14:10:07,182 : INFO : drop_target_bank.main : All targets are already up. Will not reset bank.
2022-09-02 14:10:07,182 : INFO : Mode.add_mode_value : Started. Priority: 200
2022-09-02 14:10:07,182 : INFO : EventManager : Event: ======'modes_active_modes_changed'====== Args={}
2022-09-02 14:10:07,183 : INFO : EventManager : Event: ======'mode_add_mode_value_started'====== Args={'player': 1, 'ball': 1, 'balls_remaining': 2, 'is_extra_ball': False}
2022-09-02 14:10:07,183 : INFO : EventManager : Event: ======'single_player_ball_started'====== Args={}
2022-09-02 14:10:07,202 : INFO : EventManager : Event: ======'logicblock_warp_counter_updated'====== Args={'value': 0, 'enabled': True}
2022-09-02 14:10:07,202 : INFO : EventManager : Event: ======'logicblock_warp_counter_updated'====== Args={'value': 0, 'enabled': True}
2022-09-02 14:10:07,202 : INFO : Mode.spell_warp : Started. Priority: 200
2022-09-02 14:10:07,202 : INFO : EventManager : Event: ======'modes_active_modes_changed'====== Args={}
2022-09-02 14:10:07,202 : INFO : EventManager : Event: ======'mode_spell_warp_started'====== Args={'player': 1, 'ball': 1, 'balls_remaining': 2, 'is_extra_ball': False}
2022-09-02 14:10:07,202 : INFO : EventManager : Event: ======'logicblock_galaxy_counter_updated'====== Args={'value': 0, 'enabled': True}
2022-09-02 14:10:07,202 : INFO : EventManager : Event: ======'logicblock_galaxy_counter_updated'====== Args={'value': 0, 'enabled': True}
2022-09-02 14:10:07,202 : INFO : Mode.spell_galaxy : Started. Priority: 200
2022-09-02 14:10:07,203 : INFO : EventManager : Event: ======'modes_active_modes_changed'====== Args={}
2022-09-02 14:10:07,203 : INFO : EventManager : Event: ======'mode_spell_galaxy_started'====== Args={'player': 1, 'ball': 1, 'balls_remaining': 2, 'is_extra_ball': False}
2022-09-02 14:10:07,203 : INFO : EventManager : Event: ======'logicblock_portal_counter_updated'====== Args={'value': 0, 'enabled': True}
2022-09-02 14:10:07,203 : INFO : EventManager : Event: ======'logicblock_portal_counter_updated'====== Args={'value': 0, 'enabled': True}
2022-09-02 14:10:07,203 : INFO : Mode.spell_portal : Started. Priority: 200
2022-09-02 14:10:07,203 : INFO : EventManager : Event: ======'modes_active_modes_changed'====== Args={}
2022-09-02 14:10:07,203 : INFO : EventManager : Event: ======'mode_spell_portal_started'====== Args={'player': 1, 'ball': 1, 'balls_remaining': 2, 'is_extra_ball': False}
2022-09-02 14:10:07,204 : INFO : EventManager : Event: ======'achievement_super_spinners_changed_state'====== Args={'restore': False, 'state': 'enabled', 'selected': False}
2022-09-02 14:10:07,204 : INFO : EventManager : Event: ======'achievement_super_spinners_state_enabled'====== Args={'restore': False, 'state': 'enabled', 'selected': False}
2022-09-02 14:10:07,205 : INFO : EventManager : Event: ======'achievement_super_targets_changed_state'====== Args={'restore': False, 'state': 'enabled', 'selected': False}
2022-09-02 14:10:07,205 : INFO : EventManager : Event: ======'achievement_super_targets_state_enabled'====== Args={'restore': False, 'state': 'enabled', 'selected': False}
2022-09-02 14:10:07,205 : INFO : EventManager : Event: ======'achievement_super_lanes_changed_state'====== Args={'restore': False, 'state': 'enabled', 'selected': False}
2022-09-02 14:10:07,205 : INFO : EventManager : Event: ======'achievement_super_lanes_state_enabled'====== Args={'restore': False, 'state': 'enabled', 'selected': False}
2022-09-02 14:10:07,205 : INFO : EventManager : Event: ======'achievement_super_slings_changed_state'====== Args={'restore': False, 'state': 'enabled', 'selected': False}
2022-09-02 14:10:07,205 : INFO : EventManager : Event: ======'achievement_super_slings_state_enabled'====== Args={'restore': False, 'state': 'enabled', 'selected': False}
2022-09-02 14:10:07,205 : INFO : EventManager : Event: ======'achievement_super_targets_changed_state'====== Args={'restore': False, 'state': 'enabled', 'selected': True}
2022-09-02 14:10:07,205 : INFO : EventManager : Event: ======'achievement_super_targets_state_enabled'====== Args={'restore': False, 'state': 'enabled', 'selected': True}
2022-09-02 14:10:07,206 : INFO : EventManager : Event: ======'achievement_super_targets_state_selected'====== Args={'restore': False, 'state': 'enabled', 'selected': True}
2022-09-02 14:10:07,207 : INFO : EventManager : Event: ======'ball_start_target'====== Args={'target': 'playfield'}
2022-09-02 14:10:07,227 : INFO : ball_device.bd_drain : Setting up player-controlled eject. Balls: 1, Target: <playfield.playfield>, player_controlled_eject_event: s_action_button_active
2022-09-02 14:10:07,227 : INFO : EventManager : Event: ======'balldevice_balls_available'====== Args={}
2022-09-02 14:10:07,227 : INFO : EventManager : Event: ======'slide_score_slide_created'====== Args={'_from_bcp': True}
2022-09-02 14:10:07,229 : INFO : EventManager : Event: ======'slide_score_slide_active'====== Args={'_from_bcp': True}
2022-09-02 14:10:07,231 : INFO : ball_device.bd_drain : State: waiting_for_target_ready
2022-09-02 14:10:07,231 : INFO : EventManager : Event: ======'balldevice_bd_drain_ball_eject_attempt'====== Args={'balls': 1, 'target': <playfield.playfield>, 'source': <ball_device.bd_drain>, 'mechanical_eject': True, 'num_attempts': 0}
2022-09-02 14:10:07,232 : INFO : ball_device.bd_drain : State: ejecting
2022-09-02 14:10:07,232 : INFO : ball_device.bd_drain : Ejecting ball to <playfield.playfield>
2022-09-02 14:10:07,232 : INFO : EventManager : Event: ======'balldevice_bd_drain_ejecting_ball'====== Args={'balls': 1, 'target': <playfield.playfield>, 'source': <ball_device.bd_drain>, 'mechanical_eject': True, 'num_attempts': 0}
2022-09-02 14:10:07,233 : INFO : ball_device.bd_drain : Wait for ball to leave device
2022-09-02 14:10:09,391 : INFO : SwitchController : <<<<<<< 's_action_button' active >>>>>>>
2022-09-02 14:10:09,392 : INFO : EventManager : Event: ======'s_action_button_active'====== Args={}
2022-09-02 14:10:09,392 : INFO : EventManager : Event: ======'machine_var_audits_switches_s_action_button'====== Args={'value': 4247, 'prev_value': 4246, 'change': 1}
2022-09-02 14:10:09,393 : INFO : EventManager : Event: ======'ball_save_base_save_timer_start'====== Args={}
2022-09-02 14:10:09,417 : INFO : coil.c_drain_eject : Pulsing Driver for 30ms (1.0 pulse_power)
2022-09-02 14:10:09,599 : INFO : SwitchController : <<<<<<< 's_drain' inactive >>>>>>>
2022-09-02 14:10:09,599 : INFO : EventManager : Event: ======'s_drain_inactive'====== Args={}
2022-09-02 14:10:09,600 : INFO : SwitchController : <<<<<<< 's_action_button' inactive >>>>>>>
2022-09-02 14:10:09,610 : INFO : ball_device.bd_drain : State: ball_left
2022-09-02 14:10:09,610 : INFO : ball_device.bd_drain : Ball left
2022-09-02 14:10:09,610 : INFO : ball_device.bd_drain : Wait for confirm with timeout 1.0
2022-09-02 14:10:10,191 : INFO : SwitchController : <<<<<<< 's_left_sling' active >>>>>>>
2022-09-02 14:10:10,191 : INFO : EventManager : Event: ======'s_left_sling_active'====== Args={}
2022-09-02 14:10:10,192 : INFO : EventManager : Event: ======'machine_var_audits_switches_s_left_sling'====== Args={'value': 7377, 'prev_value': 7376, 'change': 1}
2022-09-02 14:10:10,194 : INFO : EventManager : Event: ======'player_score'====== Args={'value': 1110, 'prev_value': 0, 'change': 1110, 'player_num': 1}
2022-09-02 14:10:10,195 : INFO : EventManager : Event: ======'player_switches'====== Args={'value': 1, 'prev_value': 0, 'change': 1, 'player_num': 1}
2022-09-02 14:10:10,214 : INFO : SwitchController : <<<<<<< 's_left_sling' inactive >>>>>>>
2022-09-02 14:10:10,436 : INFO : SwitchController : <<<<<<< 's_left_flipper' active >>>>>>>
2022-09-02 14:10:10,436 : INFO : EventManager : Event: ======'s_left_flipper_active'====== Args={}
2022-09-02 14:10:10,437 : INFO : EventManager : Event: ======'machine_var_audits_switches_s_left_flipper'====== Args={'value': 37530, 'prev_value': 37529, 'change': 1}
2022-09-02 14:10:10,602 : INFO : ball_device.bd_drain : State: failed_confirm
2022-09-02 14:10:10,602 : INFO : ball_device.bd_drain : Got timeout (1.0s) before confirm from <playfield.playfield>
2022-09-02 14:10:10,695 : INFO : ball_device.bd_drain : Confirming eject because target is playfield and ball did not return.
2022-09-02 14:10:10,695 : INFO : ball_device.bd_drain : Eject successful
2022-09-02 14:10:10,695 : INFO : EventManager : Event: ======'balldevice_bd_drain_ball_eject_success'====== Args={'balls': 1, 'target': <playfield.playfield>}
2022-09-02 14:10:10,695 : INFO : EventManager : Event: ======'balldevice_playfield_ball_enter'====== Args={'new_balls': 1, 'unclaimed_balls': 1, 'device': <playfield.playfield>}
2022-09-02 14:10:10,696 : INFO : EventManager : Event: ======'playfield_ball_count_change'====== Args={'balls': 1, 'change': 1}
2022-09-02 14:10:10,696 : INFO : EventManager : Event: ======'balldevice_bd_drain_ball_count_changed'====== Args={'balls': 0}
2022-09-02 14:10:10,696 : INFO : ball_device.bd_drain : State: idle
2022-09-02 14:10:12,479 : INFO : SwitchController : <<<<<<< 's_right_flipper' active >>>>>>>
2022-09-02 14:10:12,479 : INFO : EventManager : Event: ======'s_right_flipper_active'====== Args={}
2022-09-02 14:10:12,480 : INFO : EventManager : Event: ======'flipper_cancel'====== Args={'triggering_group': 2, 'triggering_switch': 's_right_flipper'}
2022-09-02 14:10:12,480 : INFO : EventManager : Event: ======'machine_var_audits_switches_s_right_flipper'====== Args={'value': 34370, 'prev_value': 34369, 'change': 1}
2022-09-02 14:10:12,655 : INFO : SwitchController : <<<<<<< 's_right_flipper' inactive >>>>>>>
2022-09-02 14:10:12,656 : INFO : EventManager : Event: ======'both_flippers_one'====== Args={'triggering_group': 2, 'triggering_switch': 's_right_flipper'}
2022-09-02 14:10:12,991 : INFO : SwitchController : <<<<<<< 's_right_flipper' active >>>>>>>
2022-09-02 14:10:12,992 : INFO : EventManager : Event: ======'s_right_flipper_active'====== Args={}
2022-09-02 14:10:12,992 : INFO : EventManager : Event: ======'flipper_cancel'====== Args={'triggering_group': 2, 'triggering_switch': 's_right_flipper'}
2022-09-02 14:10:12,992 : INFO : EventManager : Event: ======'machine_var_audits_switches_s_right_flipper'====== Args={'value': 34371, 'prev_value': 34370, 'change': 1}
2022-09-02 14:10:13,103 : INFO : SwitchController : <<<<<<< 's_right_flipper' inactive >>>>>>>
2022-09-02 14:10:13,104 : INFO : EventManager : Event: ======'both_flippers_one'====== Args={'triggering_group': 2, 'triggering_switch': 's_right_flipper'}
2022-09-02 14:10:13,407 : INFO : SwitchController : <<<<<<< 's_right_flipper' active >>>>>>>
2022-09-02 14:10:13,407 : INFO : EventManager : Event: ======'s_right_flipper_active'====== Args={}
2022-09-02 14:10:13,408 : INFO : EventManager : Event: ======'flipper_cancel'====== Args={'triggering_group': 2, 'triggering_switch': 's_right_flipper'}
2022-09-02 14:10:13,408 : INFO : EventManager : Event: ======'machine_var_audits_switches_s_right_flipper'====== Args={'value': 34372, 'prev_value': 34371, 'change': 1}
2022-09-02 14:10:13,441 : INFO : EventManager : Event: ======'flipper_cradle'====== Args={}
2022-09-02 14:10:13,529 : INFO : SwitchController : <<<<<<< 's_right_flipper' inactive >>>>>>>
2022-09-02 14:10:13,530 : INFO : EventManager : Event: ======'both_flippers_one'====== Args={'triggering_group': 2, 'triggering_switch': 's_right_flipper'}
2022-09-02 14:10:13,823 : INFO : SwitchController : <<<<<<< 's_right_flipper' active >>>>>>>
2022-09-02 14:10:13,824 : INFO : EventManager : Event: ======'s_right_flipper_active'====== Args={}
2022-09-02 14:10:13,824 : INFO : EventManager : Event: ======'flipper_cancel'====== Args={'triggering_group': 2, 'triggering_switch': 's_right_flipper'}
2022-09-02 14:10:13,824 : INFO : EventManager : Event: ======'machine_var_audits_switches_s_right_flipper'====== Args={'value': 34373, 'prev_value': 34372, 'change': 1}
2022-09-02 14:10:13,919 : INFO : SwitchController : <<<<<<< 's_right_flipper' inactive >>>>>>>
2022-09-02 14:10:13,920 : INFO : EventManager : Event: ======'both_flippers_one'====== Args={'triggering_group': 2, 'triggering_switch': 's_right_flipper'}
2022-09-02 14:10:14,783 : INFO : SwitchController : <<<<<<< 's_right_flipper' active >>>>>>>
2022-09-02 14:10:14,783 : INFO : EventManager : Event: ======'s_right_flipper_active'====== Args={}
2022-09-02 14:10:14,783 : INFO : EventManager : Event: ======'flipper_cancel'====== Args={'triggering_group': 2, 'triggering_switch': 's_right_flipper'}
2022-09-02 14:10:14,784 : INFO : EventManager : Event: ======'machine_var_audits_switches_s_right_flipper'====== Args={'value': 34374, 'prev_value': 34373, 'change': 1}
2022-09-02 14:10:14,815 : INFO : SwitchController : <<<<<<< 's_right_flipper' inactive >>>>>>>
2022-09-02 14:10:14,816 : INFO : EventManager : Event: ======'both_flippers_one'====== Args={'triggering_group': 2, 'triggering_switch': 's_right_flipper'}
2022-09-02 14:10:14,959 : INFO : SwitchController : <<<<<<< 's_right_flipper' active >>>>>>>
2022-09-02 14:10:14,959 : INFO : EventManager : Event: ======'s_right_flipper_active'====== Args={}
2022-09-02 14:10:14,960 : INFO : EventManager : Event: ======'flipper_cancel'====== Args={'triggering_group': 2, 'triggering_switch': 's_right_flipper'}
2022-09-02 14:10:14,960 : INFO : EventManager : Event: ======'machine_var_audits_switches_s_right_flipper'====== Args={'value': 34375, 'prev_value': 34374, 'change': 1}
2022-09-02 14:10:14,990 : INFO : SwitchController : <<<<<<< 's_right_flipper' inactive >>>>>>>
2022-09-02 14:10:14,990 : INFO : EventManager : Event: ======'both_flippers_one'====== Args={'triggering_group': 2, 'triggering_switch': 's_right_flipper'}
2022-09-02 14:10:15,118 : INFO : SwitchController : <<<<<<< 's_right_flipper' active >>>>>>>
2022-09-02 14:10:15,118 : INFO : EventManager : Event: ======'s_right_flipper_active'====== Args={}
2022-09-02 14:10:15,119 : INFO : EventManager : Event: ======'flipper_cancel'====== Args={'triggering_group': 2, 'triggering_switch': 's_right_flipper'}
2022-09-02 14:10:15,119 : INFO : EventManager : Event: ======'machine_var_audits_switches_s_right_flipper'====== Args={'value': 34376, 'prev_value': 34375, 'change': 1}
2022-09-02 14:10:15,135 : INFO : SwitchController : <<<<<<< 's_right_flipper' inactive >>>>>>>
2022-09-02 14:10:15,135 : INFO : EventManager : Event: ======'both_flippers_one'====== Args={'triggering_group': 2, 'triggering_switch': 's_right_flipper'}
2022-09-02 14:10:15,822 : INFO : SwitchController : <<<<<<< 's_right_flipper' active >>>>>>>
2022-09-02 14:10:15,823 : INFO : EventManager : Event: ======'s_right_flipper_active'====== Args={}
2022-09-02 14:10:15,823 : INFO : EventManager : Event: ======'flipper_cancel'====== Args={'triggering_group': 2, 'triggering_switch': 's_right_flipper'}
2022-09-02 14:10:15,823 : INFO : EventManager : Event: ======'machine_var_audits_switches_s_right_flipper'====== Args={'value': 34377, 'prev_value': 34376, 'change': 1}
2022-09-02 14:10:15,839 : INFO : SwitchController : <<<<<<< 's_right_flipper' inactive >>>>>>>
2022-09-02 14:10:15,839 : INFO : EventManager : Event: ======'both_flippers_one'====== Args={'triggering_group': 2, 'triggering_switch': 's_right_flipper'}
2022-09-02 14:10:15,966 : INFO : SwitchController : <<<<<<< 's_right_flipper' active >>>>>>>
2022-09-02 14:10:15,966 : INFO : EventManager : Event: ======'s_right_flipper_active'====== Args={}
2022-09-02 14:10:15,967 : INFO : EventManager : Event: ======'flipper_cancel'====== Args={'triggering_group': 2, 'triggering_switch': 's_right_flipper'}
2022-09-02 14:10:15,967 : INFO : EventManager : Event: ======'machine_var_audits_switches_s_right_flipper'====== Args={'value': 34378, 'prev_value': 34377, 'change': 1}
2022-09-02 14:10:16,014 : INFO : SwitchController : <<<<<<< 's_right_flipper' inactive >>>>>>>
2022-09-02 14:10:16,015 : INFO : EventManager : Event: ======'both_flippers_one'====== Args={'triggering_group': 2, 'triggering_switch': 's_right_flipper'}
2022-09-02 14:10:16,110 : INFO : SwitchController : <<<<<<< 's_right_flipper' active >>>>>>>
2022-09-02 14:10:16,110 : INFO : EventManager : Event: ======'s_right_flipper_active'====== Args={}
2022-09-02 14:10:16,111 : INFO : EventManager : Event: ======'flipper_cancel'====== Args={'triggering_group': 2, 'triggering_switch': 's_right_flipper'}
2022-09-02 14:10:16,111 : INFO : EventManager : Event: ======'machine_var_audits_switches_s_right_flipper'====== Args={'value': 34379, 'prev_value': 34378, 'change': 1}
2022-09-02 14:10:16,159 : INFO : SwitchController : <<<<<<< 's_right_flipper' inactive >>>>>>>
2022-09-02 14:10:16,159 : INFO : EventManager : Event: ======'both_flippers_one'====== Args={'triggering_group': 2, 'triggering_switch': 's_right_flipper'}
2022-09-02 14:10:17,373 : INFO : EventManager : Event: ======'ball_save_base_save_hurry_up'====== Args={}
2022-09-02 14:10:17,502 : INFO : SwitchController : <<<<<<< 's_left_flipper' inactive >>>>>>>
2022-09-02 14:10:17,502 : INFO : EventManager : Event: ======'both_flippers_inactive'====== Args={'triggering_group': 1, 'triggering_switch': 's_left_flipper'}
2022-09-02 14:10:17,503 : INFO : EventManager : Event: ======'flipper_cradle_release'====== Args={}
2022-09-02 14:10:18,398 : INFO : SwitchController : <<<<<<< 's_left_inlane_far' active >>>>>>>
2022-09-02 14:10:18,398 : INFO : EventManager : Event: ======'s_left_inlane_far_active'====== Args={}
2022-09-02 14:10:18,399 : INFO : EventManager : Event: ======'machine_var_audits_switches_s_left_inlane_far'====== Args={'value': 4792, 'prev_value': 4791, 'change': 1}
2022-09-02 14:10:18,401 : INFO : EventManager : Event: ======'player_shot_galaxy_advance'====== Args={'value': 1, 'prev_value': 0, 'change': 1, 'player_num': 1}
2022-09-02 14:10:18,416 : INFO : EventManager : Event: ======'machine_var_audits_shots_galaxy_advance'====== Args={'value': 2797, 'prev_value': 2796, 'change': 1}
2022-09-02 14:10:18,417 : INFO : EventManager : Event: ======'galaxy_advance_hit'====== Args={'profile': 'default', 'state': 'unlit', 'advancing': True}
2022-09-02 14:10:18,418 : INFO : EventManager : Event: ======'galaxy_advance_default_hit'====== Args={'profile': 'default', 'state': 'unlit', 'advancing': True}
2022-09-02 14:10:18,418 : INFO : EventManager : Event: ======'galaxy_advance_default_unlit_hit'====== Args={'profile': 'default', 'state': 'unlit', 'advancing': True}
2022-09-02 14:10:18,418 : INFO : EventManager : Event: ======'galaxy_advance_unlit_hit'====== Args={'profile': 'default', 'state': 'unlit', 'advancing': True}
2022-09-02 14:10:18,418 : INFO : EventManager : Event: ======'player_score'====== Args={'value': 31110, 'prev_value': 1110, 'change': 30000, 'player_num': 1}
2022-09-02 14:10:18,418 : INFO : EventManager : Event: ======'player_switches'====== Args={'value': 2, 'prev_value': 1, 'change': 1, 'player_num': 1}
2022-09-02 14:10:18,419 : INFO : EventManager : Event: ======'player_combos_combo_timer_tick'====== Args={'value': 6, 'prev_value': 0, 'change': 6, 'player_num': 1}
2022-09-02 14:10:18,419 : INFO : Timer.combo_timer : Starting Timer.
2022-09-02 14:10:18,419 : INFO : EventManager : Event: ======'timer_combo_timer_started'====== Args={'ticks': 6, 'ticks_remaining': 6}
2022-09-02 14:10:18,420 : INFO : EventManager : Event: ======'timer_combo_timer_tick'====== Args={'ticks': 6, 'ticks_remaining': 6}
2022-09-02 14:10:18,420 : INFO : EventManager : Event: ======'logicblock_galaxy_counter_updated'====== Args={'value': 1, 'enabled': True}
2022-09-02 14:10:18,420 : INFO : EventManager : Event: ======'counter_galaxy_counter_hit'====== Args={'count': 1, 'hits': 1, 'remaining': 5}
2022-09-02 14:10:18,420 : INFO : EventManager : Event: ======'logicblock_galaxy_counter_hit'====== Args={'count': 1, 'hits': 1, 'remaining': 5}
2022-09-02 14:10:18,494 : INFO : SwitchController : <<<<<<< 's_left_inlane_far' inactive >>>>>>>
2022-09-02 14:10:18,916 : INFO : EventManager : Event: ======'player_combos_combo_timer_tick'====== Args={'value': 5, 'prev_value': 6, 'change': -1, 'player_num': 1}
2022-09-02 14:10:18,917 : INFO : EventManager : Event: ======'timer_combo_timer_tick'====== Args={'ticks': 5, 'ticks_remaining': 5}
2022-09-02 14:10:18,990 : INFO : SwitchController : <<<<<<< 's_left_inlane_far' active >>>>>>>
2022-09-02 14:10:18,990 : INFO : EventManager : Event: ======'s_left_inlane_far_active'====== Args={}
2022-09-02 14:10:18,991 : INFO : EventManager : Event: ======'machine_var_audits_switches_s_left_inlane_far'====== Args={'value': 4793, 'prev_value': 4792, 'change': 1}
2022-09-02 14:10:18,993 : INFO : EventManager : Event: ======'machine_var_audits_shots_galaxy_advance'====== Args={'value': 2798, 'prev_value': 2797, 'change': 1}
2022-09-02 14:10:18,994 : INFO : EventManager : Event: ======'galaxy_advance_hit'====== Args={'profile': 'default', 'state': 'lit', 'advancing': False}
2022-09-02 14:10:18,995 : INFO : EventManager : Event: ======'galaxy_advance_default_hit'====== Args={'profile': 'default', 'state': 'lit', 'advancing': False}
2022-09-02 14:10:18,995 : INFO : EventManager : Event: ======'galaxy_advance_default_lit_hit'====== Args={'profile': 'default', 'state': 'lit', 'advancing': False}
2022-09-02 14:10:18,995 : INFO : EventManager : Event: ======'galaxy_advance_lit_hit'====== Args={'profile': 'default', 'state': 'lit', 'advancing': False}
2022-09-02 14:10:18,995 : INFO : EventManager : Event: ======'player_score'====== Args={'value': 61110, 'prev_value': 31110, 'change': 30000, 'player_num': 1}
2022-09-02 14:10:18,996 : INFO : EventManager : Event: ======'player_switches'====== Args={'value': 3, 'prev_value': 2, 'change': 1, 'player_num': 1}
2022-09-02 14:10:18,997 : INFO : EventManager : Event: ======'player_combos_combo_timer_tick'====== Args={'value': 6, 'prev_value': 5, 'change': 1, 'player_num': 1}
2022-09-02 14:10:18,997 : INFO : EventManager : Event: ======'logicblock_galaxy_counter_updated'====== Args={'value': 2, 'enabled': True}
2022-09-02 14:10:18,998 : INFO : EventManager : Event: ======'counter_galaxy_counter_hit'====== Args={'count': 2, 'hits': 2, 'remaining': 4}
2022-09-02 14:10:18,998 : INFO : EventManager : Event: ======'logicblock_galaxy_counter_hit'====== Args={'count': 2, 'hits': 2, 'remaining': 4}
2022-09-02 14:10:19,086 : INFO : SwitchController : <<<<<<< 's_left_inlane_far' inactive >>>>>>>
2022-09-02 14:10:19,384 : INFO : EventManager : Event: ======'ball_save_base_save_grace_period'====== Args={}
2022-09-02 14:10:19,493 : INFO : EventManager : Event: ======'player_combos_combo_timer_tick'====== Args={'value': 5, 'prev_value': 6, 'change': -1, 'player_num': 1}
2022-09-02 14:10:19,494 : INFO : EventManager : Event: ======'timer_combo_timer_tick'====== Args={'ticks': 5, 'ticks_remaining': 5}
2022-09-02 14:10:19,775 : INFO : SwitchController : <<<<<<< 's_left_inlane_far' active >>>>>>>
2022-09-02 14:10:19,775 : INFO : EventManager : Event: ======'s_left_inlane_far_active'====== Args={}
2022-09-02 14:10:19,775 : INFO : EventManager : Event: ======'machine_var_audits_switches_s_left_inlane_far'====== Args={'value': 4794, 'prev_value': 4793, 'change': 1}
2022-09-02 14:10:19,778 : INFO : EventManager : Event: ======'machine_var_audits_shots_galaxy_advance'====== Args={'value': 2799, 'prev_value': 2798, 'change': 1}
2022-09-02 14:10:19,779 : INFO : EventManager : Event: ======'galaxy_advance_hit'====== Args={'profile': 'default', 'state': 'lit', 'advancing': False}
2022-09-02 14:10:19,779 : INFO : EventManager : Event: ======'galaxy_advance_default_hit'====== Args={'profile': 'default', 'state': 'lit', 'advancing': False}
2022-09-02 14:10:19,779 : INFO : EventManager : Event: ======'galaxy_advance_default_lit_hit'====== Args={'profile': 'default', 'state': 'lit', 'advancing': False}
2022-09-02 14:10:19,780 : INFO : EventManager : Event: ======'galaxy_advance_lit_hit'====== Args={'profile': 'default', 'state': 'lit', 'advancing': False}
2022-09-02 14:10:19,780 : INFO : EventManager : Event: ======'player_score'====== Args={'value': 91110, 'prev_value': 61110, 'change': 30000, 'player_num': 1}
2022-09-02 14:10:19,781 : INFO : EventManager : Event: ======'player_switches'====== Args={'value': 4, 'prev_value': 3, 'change': 1, 'player_num': 1}
2022-09-02 14:10:19,782 : INFO : EventManager : Event: ======'player_combos_combo_timer_tick'====== Args={'value': 6, 'prev_value': 5, 'change': 1, 'player_num': 1}
2022-09-02 14:10:19,783 : INFO : EventManager : Event: ======'logicblock_galaxy_counter_updated'====== Args={'value': 3, 'enabled': True}
2022-09-02 14:10:19,783 : INFO : EventManager : Event: ======'counter_galaxy_counter_hit'====== Args={'count': 3, 'hits': 3, 'remaining': 3}
2022-09-02 14:10:19,783 : INFO : EventManager : Event: ======'logicblock_galaxy_counter_hit'====== Args={'count': 3, 'hits': 3, 'remaining': 3}
2022-09-02 14:10:20,273 : INFO : EventManager : Event: ======'player_combos_combo_timer_tick'====== Args={'value': 5, 'prev_value': 6, 'change': -1, 'player_num': 1}
2022-09-02 14:10:20,274 : INFO : EventManager : Event: ======'timer_combo_timer_tick'====== Args={'ticks': 5, 'ticks_remaining': 5}
2022-09-02 14:10:20,334 : INFO : SwitchController : <<<<<<< 's_left_inlane_far' inactive >>>>>>>
2022-09-02 14:10:20,772 : INFO : EventManager : Event: ======'player_combos_combo_timer_tick'====== Args={'value': 4, 'prev_value': 5, 'change': -1, 'player_num': 1}
2022-09-02 14:10:20,773 : INFO : EventManager : Event: ======'timer_combo_timer_tick'====== Args={'ticks': 4, 'ticks_remaining': 4}
2022-09-02 14:10:20,862 : INFO : SwitchController : <<<<<<< 's_left_inlane_far' active >>>>>>>
2022-09-02 14:10:20,862 : INFO : EventManager : Event: ======'s_left_inlane_far_active'====== Args={}
2022-09-02 14:10:20,863 : INFO : EventManager : Event: ======'machine_var_audits_switches_s_left_inlane_far'====== Args={'value': 4795, 'prev_value': 4794, 'change': 1}
2022-09-02 14:10:20,865 : INFO : EventManager : Event: ======'player_combo'====== Args={'value': 1, 'prev_value': 0, 'change': 1, 'player_num': 1}
2022-09-02 14:10:20,866 : INFO : EventManager : Event: ======'player_combo_value'====== Args={'value': 25000, 'prev_value': 0, 'change': 25000, 'player_num': 1}
2022-09-02 14:10:20,867 : INFO : EventManager : Event: ======'player_score'====== Args={'value': 116110, 'prev_value': 91110, 'change': 25000, 'player_num': 1}
2022-09-02 14:10:20,868 : INFO : EventManager : Event: ======'machine_var_audits_shots_galaxy_advance'====== Args={'value': 2800, 'prev_value': 2799, 'change': 1}
2022-09-02 14:10:20,869 : INFO : EventManager : Event: ======'galaxy_advance_hit'====== Args={'profile': 'default', 'state': 'lit', 'advancing': False}
2022-09-02 14:10:20,869 : INFO : EventManager : Event: ======'galaxy_advance_default_hit'====== Args={'profile': 'default', 'state': 'lit', 'advancing': False}
2022-09-02 14:10:20,869 : INFO : EventManager : Event: ======'galaxy_advance_default_lit_hit'====== Args={'profile': 'default', 'state': 'lit', 'advancing': False}
2022-09-02 14:10:20,869 : INFO : EventManager : Event: ======'galaxy_advance_lit_hit'====== Args={'profile': 'default', 'state': 'lit', 'advancing': False}
2022-09-02 14:10:20,870 : INFO : EventManager : Event: ======'player_score'====== Args={'value': 146110, 'prev_value': 116110, 'change': 30000, 'player_num': 1}
2022-09-02 14:10:20,870 : INFO : EventManager : Event: ======'player_switches'====== Args={'value': 5, 'prev_value': 4, 'change': 1, 'player_num': 1}
2022-09-02 14:10:20,871 : INFO : EventManager : Event: ======'player_combos_combo_timer_tick'====== Args={'value': 6, 'prev_value': 4, 'change': 2, 'player_num': 1}
2022-09-02 14:10:20,872 : INFO : EventManager : Event: ======'logicblock_galaxy_counter_updated'====== Args={'value': 4, 'enabled': True}
2022-09-02 14:10:20,872 : INFO : EventManager : Event: ======'counter_galaxy_counter_hit'====== Args={'count': 4, 'hits': 4, 'remaining': 2}
2022-09-02 14:10:20,872 : INFO : EventManager : Event: ======'logicblock_galaxy_counter_hit'====== Args={'count': 4, 'hits': 4, 'remaining': 2}
2022-09-02 14:10:20,894 : INFO : EventManager : Event: ======'slide_combo_slide_created'====== Args={'_from_bcp': True}
2022-09-02 14:10:20,902 : INFO : EventManager : Event: ======'slide_combo_slide_active'====== Args={'_from_bcp': True}
2022-09-02 14:10:20,958 : INFO : SwitchController : <<<<<<< 's_left_inlane_far' inactive >>>>>>>
2022-09-02 14:10:21,366 : INFO : EventManager : Event: ======'player_combos_combo_timer_tick'====== Args={'value': 5, 'prev_value': 6, 'change': -1, 'player_num': 1}
2022-09-02 14:10:21,367 : INFO : EventManager : Event: ======'timer_combo_timer_tick'====== Args={'ticks': 5, 'ticks_remaining': 5}
2022-09-02 14:10:21,383 : INFO : EventManager : Event: ======'ball_save_base_save_disabled'====== Args={}
2022-09-02 14:10:21,455 : INFO : SwitchController : <<<<<<< 's_left_inlane_far' active >>>>>>>
2022-09-02 14:10:21,455 : INFO : EventManager : Event: ======'s_left_inlane_far_active'====== Args={}
2022-09-02 14:10:21,456 : INFO : EventManager : Event: ======'machine_var_audits_switches_s_left_inlane_far'====== Args={'value': 4796, 'prev_value': 4795, 'change': 1}
2022-09-02 14:10:21,458 : INFO : EventManager : Event: ======'machine_var_audits_shots_galaxy_advance'====== Args={'value': 2801, 'prev_value': 2800, 'change': 1}
2022-09-02 14:10:21,459 : INFO : EventManager : Event: ======'galaxy_advance_hit'====== Args={'profile': 'default', 'state': 'lit', 'advancing': False}
2022-09-02 14:10:21,459 : INFO : EventManager : Event: ======'galaxy_advance_default_hit'====== Args={'profile': 'default', 'state': 'lit', 'advancing': False}
2022-09-02 14:10:21,459 : INFO : EventManager : Event: ======'galaxy_advance_default_lit_hit'====== Args={'profile': 'default', 'state': 'lit', 'advancing': False}
2022-09-02 14:10:21,460 : INFO : EventManager : Event: ======'galaxy_advance_lit_hit'====== Args={'profile': 'default', 'state': 'lit', 'advancing': False}
2022-09-02 14:10:21,460 : INFO : EventManager : Event: ======'player_score'====== Args={'value': 176110, 'prev_value': 146110, 'change': 30000, 'player_num': 1}
2022-09-02 14:10:21,461 : INFO : EventManager : Event: ======'player_switches'====== Args={'value': 6, 'prev_value': 5, 'change': 1, 'player_num': 1}
2022-09-02 14:10:21,462 : INFO : EventManager : Event: ======'player_combos_combo_timer_tick'====== Args={'value': 6, 'prev_value': 5, 'change': 1, 'player_num': 1}
2022-09-02 14:10:21,462 : INFO : EventManager : Event: ======'logicblock_galaxy_counter_updated'====== Args={'value': 5, 'enabled': True}
2022-09-02 14:10:21,462 : INFO : EventManager : Event: ======'counter_galaxy_counter_hit'====== Args={'count': 5, 'hits': 5, 'remaining': 1}
2022-09-02 14:10:21,463 : INFO : EventManager : Event: ======'logicblock_galaxy_counter_hit'====== Args={'count': 5, 'hits': 5, 'remaining': 1}
2022-09-02 14:10:21,551 : INFO : SwitchController : <<<<<<< 's_left_inlane_far' inactive >>>>>>>
2022-09-02 14:10:21,959 : INFO : EventManager : Event: ======'player_combos_combo_timer_tick'====== Args={'value': 5, 'prev_value': 6, 'change': -1, 'player_num': 1}
2022-09-02 14:10:21,960 : INFO : EventManager : Event: ======'timer_combo_timer_tick'====== Args={'ticks': 5, 'ticks_remaining': 5}
2022-09-02 14:10:22,458 : INFO : EventManager : Event: ======'player_combos_combo_timer_tick'====== Args={'value': 4, 'prev_value': 5, 'change': -1, 'player_num': 1}
2022-09-02 14:10:22,459 : INFO : EventManager : Event: ======'timer_combo_timer_tick'====== Args={'ticks': 4, 'ticks_remaining': 4}
2022-09-02 14:10:22,879 : INFO : EventManager : Event: ======'slide_combo_slide_removed'====== Args={'_from_bcp': True}
2022-09-02 14:10:22,880 : INFO : EventManager : Event: ======'slide_score_slide_active'====== Args={'_from_bcp': True}
2022-09-02 14:10:22,957 : INFO : EventManager : Event: ======'player_combos_combo_timer_tick'====== Args={'value': 3, 'prev_value': 4, 'change': -1, 'player_num': 1}
2022-09-02 14:10:22,958 : INFO : EventManager : Event: ======'timer_combo_timer_tick'====== Args={'ticks': 3, 'ticks_remaining': 3}
2022-09-02 14:10:23,456 : INFO : EventManager : Event: ======'player_combos_combo_timer_tick'====== Args={'value': 2, 'prev_value': 3, 'change': -1, 'player_num': 1}
2022-09-02 14:10:23,457 : INFO : EventManager : Event: ======'timer_combo_timer_tick'====== Args={'ticks': 2, 'ticks_remaining': 2}
2022-09-02 14:10:23,956 : INFO : EventManager : Event: ======'player_combos_combo_timer_tick'====== Args={'value': 1, 'prev_value': 2, 'change': -1, 'player_num': 1}
2022-09-02 14:10:23,957 : INFO : EventManager : Event: ======'timer_combo_timer_tick'====== Args={'ticks': 1, 'ticks_remaining': 1}
2022-09-02 14:10:24,455 : INFO : EventManager : Event: ======'player_combos_combo_timer_tick'====== Args={'value': 0, 'prev_value': 1, 'change': -1, 'player_num': 1}
2022-09-02 14:10:24,456 : INFO : Timer.combo_timer : Timer Complete
2022-09-02 14:10:24,456 : INFO : Timer.combo_timer : Stopping Timer
2022-09-02 14:10:24,456 : INFO : EventManager : Event: ======'timer_combo_timer_stopped'====== Args={'ticks': 0, 'ticks_remaining': 1}
2022-09-02 14:10:24,456 : INFO : EventManager : Event: ======'timer_combo_timer_complete'====== Args={'ticks': 0, 'ticks_remaining': 1}
2022-09-02 14:10:26,558 : INFO : SwitchController : <<<<<<< 's_left_inlane_far' active >>>>>>>
2022-09-02 14:10:26,558 : INFO : EventManager : Event: ======'s_left_inlane_far_active'====== Args={}
2022-09-02 14:10:26,559 : INFO : EventManager : Event: ======'machine_var_audits_switches_s_left_inlane_far'====== Args={'value': 4797, 'prev_value': 4796, 'change': 1}
2022-09-02 14:10:26,570 : INFO : EventManager : Event: ======'machine_var_audits_shots_galaxy_advance'====== Args={'value': 2802, 'prev_value': 2801, 'change': 1}
2022-09-02 14:10:26,574 : INFO : EventManager : Event: ======'galaxy_advance_hit'====== Args={'profile': 'default', 'state': 'lit', 'advancing': False}
2022-09-02 14:10:26,575 : INFO : EventManager : Event: ======'galaxy_advance_default_hit'====== Args={'profile': 'default', 'state': 'lit', 'advancing': False}
2022-09-02 14:10:26,575 : INFO : EventManager : Event: ======'galaxy_advance_default_lit_hit'====== Args={'profile': 'default', 'state': 'lit', 'advancing': False}
2022-09-02 14:10:26,575 : INFO : EventManager : Event: ======'galaxy_advance_lit_hit'====== Args={'profile': 'default', 'state': 'lit', 'advancing': False}
2022-09-02 14:10:26,575 : INFO : EventManager : Event: ======'player_score'====== Args={'value': 206110, 'prev_value': 176110, 'change': 30000, 'player_num': 1}
2022-09-02 14:10:26,576 : INFO : EventManager : Event: ======'player_switches'====== Args={'value': 7, 'prev_value': 6, 'change': 1, 'player_num': 1}
2022-09-02 14:10:26,577 : INFO : EventManager : Event: ======'player_combos_combo_timer_tick'====== Args={'value': 6, 'prev_value': 0, 'change': 6, 'player_num': 1}
2022-09-02 14:10:26,577 : INFO : Timer.combo_timer : Starting Timer.
2022-09-02 14:10:26,578 : INFO : EventManager : Event: ======'timer_combo_timer_started'====== Args={'ticks': 6, 'ticks_remaining': 6}
2022-09-02 14:10:26,578 : INFO : EventManager : Event: ======'timer_combo_timer_tick'====== Args={'ticks': 6, 'ticks_remaining': 6}
2022-09-02 14:10:26,578 : INFO : EventManager : Event: ======'logicblock_galaxy_counter_updated'====== Args={'value': 6, 'enabled': True}
2022-09-02 14:10:26,578 : INFO : EventManager : Event: ======'counter_galaxy_counter_hit'====== Args={'count': 6, 'hits': 6, 'remaining': 0}
2022-09-02 14:10:26,578 : INFO : EventManager : Event: ======'logicblock_galaxy_counter_hit'====== Args={'count': 6, 'hits': 6, 'remaining': 0}
2022-09-02 14:10:26,579 : INFO : EventManager : Event: ======'add_x'====== Args={}
2022-09-02 14:10:26,579 : INFO : EventManager : Event: ======'logicblock_galaxy_counter_updated'====== Args={'value': 0, 'enabled': True}
2022-09-02 14:10:26,579 : INFO : EventManager : Event: ======'mode_playfield_multiplier_will_start'====== Args={}
2022-09-02 14:10:26,581 : ERROR : asyncio : Exception in callback EventManager.process_event_queue()
handle: <Handle EventManager.process_event_queue()>
Traceback (most recent call last):
  File "c:\users\brendan\appdata\local\programs\python\python37\lib\site-packages\mpf\core\events.py", line 695, in _run_handlers
    result = handler.callback(**merged_kwargs)
  File "c:\users\brendan\appdata\local\programs\python\python37\lib\site-packages\mpf\core\mode.py", line 214, in start
    **item.kwargs)
  File "c:\users\brendan\appdata\local\programs\python\python37\lib\site-packages\mpf\core\config_player.py", line 203, in mode_start
    event_keys = self.register_player_events(config, mode, priority)
  File "c:\users\brendan\appdata\local\programs\python\python37\lib\site-packages\mpf\config_players\plugin_player.py", line 52, in register_player_events
    events = super().register_player_events(config, mode, priority)
  File "c:\users\brendan\appdata\local\programs\python\python37\lib\site-packages\mpf\core\config_player.py", line 301, in register_player_events
    settings=settings))
  File "c:\users\brendan\appdata\local\programs\python\python37\lib\site-packages\mpf\core\events.py", line 178, in add_handler
    event, condition, additional_priority = self.get_event_and_condition_from_string(event)
  File "c:\users\brendan\appdata\local\programs\python\python37\lib\site-packages\mpf\core\events.py", line 89, in get_event_and_condition_from_string
    'please remedy "{}"'.format(event_string))
ValueError: Cannot handle events with spaces in the event name, please remedy "(device.counters.galaxy_counter.value > 6)"

The above exception was the direct cause of the following exception:

Traceback (most recent call last):
  File "c:\users\brendan\appdata\local\programs\python\python37\lib\asyncio\events.py", line 88, in _run
    self._context.run(self._callback, *self._args)
  File "c:\users\brendan\appdata\local\programs\python\python37\lib\site-packages\mpf\core\events.py", line 782, in process_event_queue
    **event[3])
  File "c:\users\brendan\appdata\local\programs\python\python37\lib\site-packages\mpf\core\events.py", line 741, in _process_event
    result = self._run_handlers(event, ev_type, kwargs)
  File "c:\users\brendan\appdata\local\programs\python\python37\lib\site-packages\mpf\core\events.py", line 697, in _run_handlers
    raise Exception("Exception while processing {} for event {}. {}".format(handler, event, e)) from e
Exception: Exception while processing RegisteredHandler(callback=<bound method Mode.start of <Mode.playfield_multiplier>>, priority=10000, kwargs={}, key=UUID('9a08d397-1e42-40a2-bf33-34dc4ef4c254'), condition=None, blocking_facility=None) for event add_x. Cannot handle events with spaces in the event name, please remedy "(device.counters.galaxy_counter.value > 6)"
2022-09-02 14:10:26,596 : INFO : Machine : Shutting down...
2022-09-02 14:10:26,596 : INFO : EventManager : Event: ======'shutdown'====== Args={}
2022-09-02 14:10:26,598 : INFO : SwitchController : <<<<<<< 's_left_inlane_far' inactive >>>>>>>
2022-09-02 14:10:26,606 : WARNING : FAST : Port RGB received more messages than were sent! Resetting!
2022-09-02 14:10:26,606 : WARNING : FAST : Received unknown serial command? BX:P from RGB.
2022-09-02 14:10:26,607 : WARNING : FAST : Port NET received more messages than were sent! Resetting!
2022-09-02 14:10:26,685 : ERROR : FAST : Stop called on serial connection com7
2022-09-02 14:10:26,686 : ERROR : FAST : Stop called on serial connection com8
2022-09-02 14:10:26,914 : ERROR : Machine : Runtime Exception
Traceback (most recent call last):
  File "c:\users\brendan\appdata\local\programs\python\python37\lib\site-packages\mpf\core\events.py", line 695, in _run_handlers
    result = handler.callback(**merged_kwargs)
  File "c:\users\brendan\appdata\local\programs\python\python37\lib\site-packages\mpf\core\mode.py", line 214, in start
    **item.kwargs)
  File "c:\users\brendan\appdata\local\programs\python\python37\lib\site-packages\mpf\core\config_player.py", line 203, in mode_start
    event_keys = self.register_player_events(config, mode, priority)
  File "c:\users\brendan\appdata\local\programs\python\python37\lib\site-packages\mpf\config_players\plugin_player.py", line 52, in register_player_events
    events = super().register_player_events(config, mode, priority)
  File "c:\users\brendan\appdata\local\programs\python\python37\lib\site-packages\mpf\core\config_player.py", line 301, in register_player_events
    settings=settings))
  File "c:\users\brendan\appdata\local\programs\python\python37\lib\site-packages\mpf\core\events.py", line 178, in add_handler
    event, condition, additional_priority = self.get_event_and_condition_from_string(event)
  File "c:\users\brendan\appdata\local\programs\python\python37\lib\site-packages\mpf\core\events.py", line 89, in get_event_and_condition_from_string
    'please remedy "{}"'.format(event_string))
ValueError: Cannot handle events with spaces in the event name, please remedy "(device.counters.galaxy_counter.value > 6)"

The above exception was the direct cause of the following exception:

Traceback (most recent call last):
  File "c:\users\brendan\appdata\local\programs\python\python37\lib\site-packages\mpf\core\machine.py", line 769, in _run_loop
    raise self._exception['exception']
  File "c:\users\brendan\appdata\local\programs\python\python37\lib\asyncio\events.py", line 88, in _run
    self._context.run(self._callback, *self._args)
  File "c:\users\brendan\appdata\local\programs\python\python37\lib\site-packages\mpf\core\events.py", line 782, in process_event_queue
    **event[3])
  File "c:\users\brendan\appdata\local\programs\python\python37\lib\site-packages\mpf\core\events.py", line 741, in _process_event
    result = self._run_handlers(event, ev_type, kwargs)
  File "c:\users\brendan\appdata\local\programs\python\python37\lib\site-packages\mpf\core\events.py", line 697, in _run_handlers
    raise Exception("Exception while processing {} for event {}. {}".format(handler, event, e)) from e
Exception: Exception while processing RegisteredHandler(callback=<bound method Mode.start of <Mode.playfield_multiplier>>, priority=10000, kwargs={}, key=UUID('9a08d397-1e42-40a2-bf33-34dc4ef4c254'), condition=None, blocking_facility=None) for event add_x. Cannot handle events with spaces in the event name, please remedy "(device.counters.galaxy_counter.value > 6)"
2022-09-02 14:10:39,760 : INFO : root : MPF run loop ended.
