2022-08-22 17:39:43,471 : INFO : root : Loading config.
2022-08-22 17:39:43,986 : INFO : ConfigProcessor : Config spec file cache created: C:\Users\Brendan\AppData\Local\Temp\config_spec.mpf_cache
2022-08-22 17:39:43,986 : INFO : YamlMultifileConfigLoader : Machine config file #1: config.yaml
2022-08-22 17:39:43,986 : INFO : ConfigProcessor : Loading config from cache: C:\Users\Brendan\AppData\Local\Temp\bccefe987bb586eace29905fa80cab57.mpf_cache
2022-08-22 17:39:44,055 : INFO : ConfigProcessor : Loading config from cache: C:\Users\Brendan\AppData\Local\Temp\467e7647689d29fad6adf949e1f4d51d.mpf_cache
2022-08-22 17:39:44,056 : INFO : ConfigProcessor : Loading config from cache: C:\Users\Brendan\AppData\Local\Temp\5550e037aa776b42b91b29b40b356c70.mpf_cache
2022-08-22 17:39:44,056 : INFO : ConfigProcessor : Loading config from cache: C:\Users\Brendan\AppData\Local\Temp\15e0c601392b30c3d9ba3ead8131edb5.mpf_cache
2022-08-22 17:39:44,057 : INFO : ConfigProcessor : Loading config from cache: C:\Users\Brendan\AppData\Local\Temp\0bf50917c4ef15ab65ee13d6c14e7d7c.mpf_cache
2022-08-22 17:39:44,058 : INFO : ConfigProcessor : Loading config from cache: C:\Users\Brendan\AppData\Local\Temp\bc7da7b13b2754e080c2afa0678ac274.mpf_cache
2022-08-22 17:39:44,059 : INFO : ConfigProcessor : Loading config from cache: C:\Users\Brendan\AppData\Local\Temp\bbd59d0bb6602ee0c5a89d6f85e6dd42.mpf_cache
2022-08-22 17:39:44,060 : INFO : ConfigProcessor : Loading config from cache: C:\Users\Brendan\AppData\Local\Temp\5526c78976fee311c3d05505d75f653d.mpf_cache
2022-08-22 17:39:44,060 : WARNING : ConfigProcessor : Config file in cache changed: C:\Baby_pacman_code\machine\modes\carousel\config\carousel.yaml
2022-08-22 17:39:44,061 : INFO : ConfigProcessor : Loading config from file C:\Baby_pacman_code\machine\modes\carousel\config\carousel.yaml.
2022-08-22 17:39:44,095 : INFO : ConfigProcessor : Loading config: C:\Baby_pacman_code\machine\modes\carousel\config\carousel.yaml
2022-08-22 17:39:44,096 : INFO : ConfigProcessor : Config file cache created: C:\Users\Brendan\AppData\Local\Temp\6e95138ae5415fc76b53ebf8fa245fb5.mpf_cache
2022-08-22 17:39:44,097 : INFO : ConfigProcessor : Loading config from cache: C:\Users\Brendan\AppData\Local\Temp\1ec1c4dffb383758956493783a9ed391.mpf_cache
2022-08-22 17:39:44,098 : INFO : ConfigProcessor : Loading config from cache: C:\Users\Brendan\AppData\Local\Temp\f2aee92728c8017b77c710c804dd7f5a.mpf_cache
2022-08-22 17:39:44,099 : INFO : ConfigProcessor : Loading config from cache: C:\Users\Brendan\AppData\Local\Temp\88f57fa1305e9dc100972ec9f84d57fe.mpf_cache
2022-08-22 17:39:44,100 : INFO : ConfigProcessor : Loading config from cache: C:\Users\Brendan\AppData\Local\Temp\6e00a9d794d4c3f43a0fc48da04dac60.mpf_cache
2022-08-22 17:39:44,101 : INFO : ConfigProcessor : Loading config from cache: C:\Users\Brendan\AppData\Local\Temp\05ef98219fc733c3bcab58726c4b37ef.mpf_cache
2022-08-22 17:39:44,102 : INFO : ConfigProcessor : Loading config from cache: C:\Users\Brendan\AppData\Local\Temp\c22d657a5a7bb60632c2be2c735e073b.mpf_cache
2022-08-22 17:39:44,102 : INFO : ConfigProcessor : Loading config from cache: C:\Users\Brendan\AppData\Local\Temp\f7d4f5eb9425fe84d2e83a363afd4bdf.mpf_cache
2022-08-22 17:39:44,103 : INFO : ConfigProcessor : Loading config from cache: C:\Users\Brendan\AppData\Local\Temp\125f51d329f930ea7bff10973551cc26.mpf_cache
2022-08-22 17:39:44,104 : INFO : ConfigProcessor : Loading config from cache: C:\Users\Brendan\AppData\Local\Temp\08e18dfdf4e02cd29cc0cc52be2faaf4.mpf_cache
2022-08-22 17:39:44,105 : INFO : ConfigProcessor : Loading config from cache: C:\Users\Brendan\AppData\Local\Temp\f042f5bf6362b9e04d43b40b93a92057.mpf_cache
2022-08-22 17:39:44,105 : INFO : ConfigProcessor : Loading config from cache: C:\Users\Brendan\AppData\Local\Temp\60badac06cd62deb71f25fac24b103c2.mpf_cache
2022-08-22 17:39:44,106 : INFO : ConfigProcessor : Loading config from cache: C:\Users\Brendan\AppData\Local\Temp\a3ad1aeb679a0686901de8a6ffe784f0.mpf_cache
2022-08-22 17:39:44,107 : WARNING : ConfigProcessor : Config file in cache changed: C:\Baby_pacman_code\machine\modes\playfield_multiplier\config\playfield_multiplier.yaml
2022-08-22 17:39:44,107 : INFO : ConfigProcessor : Loading config from file C:\Baby_pacman_code\machine\modes\playfield_multiplier\config\playfield_multiplier.yaml.
2022-08-22 17:39:44,123 : INFO : ConfigProcessor : Loading config: C:\Baby_pacman_code\machine\modes\playfield_multiplier\config\playfield_multiplier.yaml
2022-08-22 17:39:44,124 : INFO : ConfigProcessor : Config file cache created: C:\Users\Brendan\AppData\Local\Temp\d7856287e4ec48fb5adaa65e5f7b2848.mpf_cache
2022-08-22 17:39:44,125 : INFO : ConfigProcessor : Loading config from cache: C:\Users\Brendan\AppData\Local\Temp\4849f32e60febd99d83791f2417d9a0f.mpf_cache
2022-08-22 17:39:44,125 : INFO : ConfigProcessor : Loading config from cache: C:\Users\Brendan\AppData\Local\Temp\942a9c8af084c06606ececc74db0a30f.mpf_cache
2022-08-22 17:39:44,126 : INFO : ConfigProcessor : Loading config from cache: C:\Users\Brendan\AppData\Local\Temp\d3a5f9b6ba13782c30d3f4f7e40a9dcf.mpf_cache
2022-08-22 17:39:44,127 : INFO : ConfigProcessor : Loading config from cache: C:\Users\Brendan\AppData\Local\Temp\bb2305c107159ac261738ee6fa5177f9.mpf_cache
2022-08-22 17:39:44,127 : INFO : ConfigProcessor : Loading config from cache: C:\Users\Brendan\AppData\Local\Temp\5e8fe62f7d4a280c75af4e016e79234a.mpf_cache
2022-08-22 17:39:44,128 : INFO : ConfigProcessor : Loading config from cache: C:\Users\Brendan\AppData\Local\Temp\7934ad8984867b043b25c8f1f16418da.mpf_cache
2022-08-22 17:39:44,128 : INFO : ConfigProcessor : Loading config from cache: C:\Users\Brendan\AppData\Local\Temp\201f4c0a0d10e05df2979372d05b639d.mpf_cache
2022-08-22 17:39:44,129 : INFO : ConfigProcessor : Loading config from cache: C:\Users\Brendan\AppData\Local\Temp\29084e75e573608c6a2e9d91f8c2e516.mpf_cache
2022-08-22 17:39:44,130 : INFO : ConfigProcessor : Loading config from cache: C:\Users\Brendan\AppData\Local\Temp\c1a52d9ec6beffcf3a0c74172f4f1789.mpf_cache
2022-08-22 17:39:44,131 : INFO : ConfigProcessor : Loading config from cache: C:\Users\Brendan\AppData\Local\Temp\1a7cfdccecce53cd51775700aa921808.mpf_cache
2022-08-22 17:39:44,131 : INFO : ConfigProcessor : Loading config from cache: C:\Users\Brendan\AppData\Local\Temp\bbeb6a5751b9d2029aa6e8633936e040.mpf_cache
2022-08-22 17:39:44,132 : INFO : ConfigProcessor : Loading config from cache: C:\Users\Brendan\AppData\Local\Temp\396defae609afab4d6d7399595fd494b.mpf_cache
2022-08-22 17:39:44,132 : INFO : ConfigProcessor : Loading config from cache: C:\Users\Brendan\AppData\Local\Temp\df5b128cf73808572dcd58af6b99a12a.mpf_cache
2022-08-22 17:39:44,133 : INFO : ConfigProcessor : Loading config from cache: C:\Users\Brendan\AppData\Local\Temp\b16abd66a20b52f76df13eb007a93cde.mpf_cache
2022-08-22 17:39:44,133 : INFO : ConfigProcessor : Loading config from cache: C:\Users\Brendan\AppData\Local\Temp\09ddf149c2750d0dc18124afb4ec1692.mpf_cache
2022-08-22 17:39:44,134 : INFO : ConfigProcessor : Loading config from cache: C:\Users\Brendan\AppData\Local\Temp\dc261f740d4fb0b58874215bc05837b4.mpf_cache
2022-08-22 17:39:44,134 : INFO : ConfigProcessor : Loading config from cache: C:\Users\Brendan\AppData\Local\Temp\fd5b67850c190931870595f7ba331325.mpf_cache
2022-08-22 17:39:44,135 : INFO : ConfigProcessor : Loading config from cache: C:\Users\Brendan\AppData\Local\Temp\7fa0bf6f8a3d06d96f9daba2d24e8451.mpf_cache
2022-08-22 17:39:44,135 : INFO : ConfigProcessor : Loading config from cache: C:\Users\Brendan\AppData\Local\Temp\17652c03725ec0d5dc66b35abdc504c5.mpf_cache
2022-08-22 17:39:44,136 : INFO : ConfigProcessor : Loading config from cache: C:\Users\Brendan\AppData\Local\Temp\f6549f0a1a12987384ccc86b9df17004.mpf_cache
2022-08-22 17:39:44,136 : INFO : ConfigProcessor : Loading config from cache: C:\Users\Brendan\AppData\Local\Temp\d416d6f9f35dec068a811f18f969a8db.mpf_cache
2022-08-22 17:39:44,138 : INFO : ConfigProcessor : Loading config from cache: C:\Users\Brendan\AppData\Local\Temp\2cbb22f93ff96ef242a9a2d7465f7b14.mpf_cache
2022-08-22 17:39:44,138 : INFO : ConfigProcessor : Loading config from cache: C:\Users\Brendan\AppData\Local\Temp\5b43fbcb021f3ce97d73fdb8a470eae4.mpf_cache
2022-08-22 17:39:44,139 : INFO : ConfigProcessor : Loading config from cache: C:\Users\Brendan\AppData\Local\Temp\6d994d077edad00fe01353c1bfbf6638.mpf_cache
2022-08-22 17:39:44,139 : INFO : ConfigProcessor : Loading config from cache: C:\Users\Brendan\AppData\Local\Temp\df6e37541f81fc1a6e02dbcf98e0d10b.mpf_cache
2022-08-22 17:39:44,140 : INFO : ConfigProcessor : Loading config from cache: C:\Users\Brendan\AppData\Local\Temp\c5e911b563ca93c8e10ce7743f92e657.mpf_cache
2022-08-22 17:39:44,140 : INFO : ConfigProcessor : Loading config from cache: C:\Users\Brendan\AppData\Local\Temp\99ecafb2993dab1e69369c4f69529b6f.mpf_cache
2022-08-22 17:39:44,141 : INFO : ConfigProcessor : Loading config from cache: C:\Users\Brendan\AppData\Local\Temp\57f2f8973b8bd58edd1d215976151c60.mpf_cache
2022-08-22 17:39:44,142 : INFO : ConfigProcessor : Loading config from cache: C:\Users\Brendan\AppData\Local\Temp\19f702536b27ff66106645e85afb027e.mpf_cache
2022-08-22 17:39:44,143 : INFO : ConfigProcessor : Loading config from cache: C:\Users\Brendan\AppData\Local\Temp\c17101e4486856bd6430e66412997ee7.mpf_cache
2022-08-22 17:39:44,144 : INFO : ConfigProcessor : Loading config from cache: C:\Users\Brendan\AppData\Local\Temp\c5b3b18e965344eb40bdf988f6d052aa.mpf_cache
2022-08-22 17:39:44,145 : INFO : Machine : Mission Pinball Framework Core Engine v0.55.0
2022-08-22 17:39:44,145 : INFO : Machine : Command line arguments: {'no_load_cache': False, 'create_config_cache': True, 'bcp': True, 'configfile': ['config.yaml'], 'force_assets_load': False, 'jsonlogging': False, 'logfile': 'logs\\2022-08-22-17-39-43-mpf-Pinball-PC.log', 'pause': False, 'production': False, 'text_ui': True, 'loglevel': 15, 'consoleloglevel': 20, 'force_platform': None, 'syslog_address': None, 'mc_file_name': None, 'no_sound': False}
2022-08-22 17:39:44,145 : INFO : Machine : MPF path: c:\users\brendan\appdata\local\programs\python\python37\lib\site-packages\mpf
2022-08-22 17:39:44,145 : INFO : Machine : Machine path: C:\Baby_pacman_code\machine
2022-08-22 17:39:44,145 : INFO : Machine : Platform: win32
2022-08-22 17:39:44,145 : INFO : Machine : Python executable location: c:\users\brendan\appdata\local\programs\python\python37\python.exe
2022-08-22 17:39:44,145 : INFO : Machine : Python version: 3.7.8 (64-bit)
2022-08-22 17:39:44,147 : INFO : Machine : Initialise MPF.
2022-08-22 17:39:44,298 : INFO : FAST : Connecting to com7 at 921600bps
2022-08-22 17:39:44,331 : INFO : FAST : Connected! Processor: NET, Board Type: FP-CPU-002-2, Firmware: 01.05
2022-08-22 17:39:44,331 : INFO : EventManager : Event: ======'machine_var_fast_net_firmware'====== Args={'value': '01.05', 'prev_value': None, 'change': True}
2022-08-22 17:39:44,331 : INFO : EventManager : Event: ======'machine_var_fast_net_model'====== Args={'value': 'FP-CPU-002-2', 'prev_value': None, 'change': True}
2022-08-22 17:39:46,691 : WARNING : FAST : Got unexpected message from FAST: -N:04
2022-08-22 17:39:46,691 : WARNING : FAST : Got unexpected message from FAST: -N:06
2022-08-22 17:39:46,691 : WARNING : FAST : Got unexpected message from FAST: -N:0A
2022-08-22 17:39:46,731 : INFO : FAST : Connecting to com8 at 921600bps
2022-08-22 17:39:46,780 : INFO : FAST : Connected! Processor: RGB, Board Type: FP-CPU-002-2, Firmware: 01.00
2022-08-22 17:39:46,780 : INFO : EventManager : Event: ======'machine_var_fast_rgb_firmware'====== Args={'value': '01.00', 'prev_value': None, 'change': True}
2022-08-22 17:39:46,780 : INFO : EventManager : Event: ======'machine_var_fast_rgb_model'====== Args={'value': 'FP-CPU-002-2', 'prev_value': None, 'change': True}
2022-08-22 17:39:46,781 : INFO : EventManager : Event: ======'machine_var_credits_string'====== Args={'value': 'FREE PLAY', 'prev_value': None, 'change': True}
2022-08-22 17:39:46,845 : INFO : EventManager : Event: ======'machine_var_master_volume'====== Args={'value': 0.5, 'prev_value': None, 'change': True}
2022-08-22 17:39:46,845 : INFO : EventManager : Event: ======'machine_var_player1_score'====== Args={'value': 21708080, 'prev_value': None, 'change': True}
2022-08-22 17:39:46,846 : INFO : EventManager : Event: ======'machine_var_mpf_version'====== Args={'value': 'MPF v0.55.0', 'prev_value': None, 'change': True}
2022-08-22 17:39:46,846 : INFO : EventManager : Event: ======'machine_var_mpf_extended_version'====== Args={'value': 'MPF v0.55.0, Config version:5, Show version: 5, BCP version:1.1', 'prev_value': None, 'change': True}
2022-08-22 17:39:46,846 : INFO : EventManager : Event: ======'machine_var_python_version'====== Args={'value': '3.7.8', 'prev_value': None, 'change': True}
2022-08-22 17:39:46,846 : INFO : EventManager : Event: ======'machine_var_platform'====== Args={'value': 'Windows-7-6.1.7601-SP1', 'prev_value': None, 'change': True}
2022-08-22 17:39:46,846 : INFO : EventManager : Event: ======'machine_var_platform_system'====== Args={'value': 'Windows', 'prev_value': None, 'change': True}
2022-08-22 17:39:46,846 : INFO : EventManager : Event: ======'machine_var_platform_release'====== Args={'value': '7', 'prev_value': None, 'change': True}
2022-08-22 17:39:46,847 : INFO : EventManager : Event: ======'machine_var_platform_version'====== Args={'value': '6.1.7601', 'prev_value': None, 'change': True}
2022-08-22 17:39:46,847 : INFO : EventManager : Event: ======'machine_var_platform_machine'====== Args={'value': 'AMD64', 'prev_value': None, 'change': True}
2022-08-22 17:39:46,847 : INFO : EventManager : Event: ======'init_phase_1'====== Args={}
2022-08-22 17:39:46,938 : INFO : EventManager : Event: ======'drop_target_bank_main_up'====== Args={}
2022-08-22 17:39:46,950 : INFO : EventManager : Event: ======'init_phase_2'====== Args={}
2022-08-22 17:39:46,951 : INFO : SwitchController : Found active switch: (('04', 1), <Platform.FAST>) <switch.s_right_kicker>
2022-08-22 17:39:46,951 : INFO : SwitchController : Found active switch: (('06', 1), <Platform.FAST>) <switch.s_right_captive_ball>
2022-08-22 17:39:46,951 : INFO : SwitchController : Found active switch: (('0A', 1), <Platform.FAST>) <switch.s_drop_target3>
2022-08-22 17:39:46,994 : INFO : EventManager : Event: ======'bcp_connection_attempt'====== Args={'name': 'local_display', 'host': 'localhost', 'port': 5050}
2022-08-22 17:39:46,995 : INFO : BCPClientSocket : Connecting BCP to 'local_display' at localhost:5050...
2022-08-22 17:39:48,002 : WARNING : FAST : Port com7 was blocked for more than 1s. Reseting send queue! If this happens frequently report a bug!
2022-08-22 17:39:49,000 : WARNING : FAST : Port com7 was blocked for more than 1s. Reseting send queue! If this happens frequently report a bug!
2022-08-22 17:39:50,096 : INFO : BCPClientSocket : Connected BCP to 'local_display' localhost:5050
2022-08-22 17:39:50,098 : INFO : EventManager : Event: ======'bcp_clients_connected'====== Args={}
2022-08-22 17:39:50,111 : INFO : ball_device.bd_drain : BCH: Initial count: 0
2022-08-22 17:39:50,112 : INFO : EventManager : Event: ======'machine_var_mc_version'====== Args={'value': 'MPF-MC v0.55.0', 'prev_value': None, 'change': True}
2022-08-22 17:39:50,113 : INFO : EventManager : Event: ======'machine_var_mc_extended_version'====== Args={'value': 'MPF-MC v0.55.0 (config_version=5, BCP v1.1, Requires MPF v0.55.0-dev.49)', 'prev_value': None, 'change': True}
2022-08-22 17:39:50,117 : INFO : ball_device.bd_drain : State: idle
2022-08-22 17:39:50,150 : INFO : ball_device.bd_left_kicker : BCH: Initial count: 0
2022-08-22 17:39:50,150 : INFO : ball_device.bd_left_kicker : State: idle
2022-08-22 17:39:50,152 : INFO : ball_device.bd_right_kicker : BCH: Initial count: 1
2022-08-22 17:39:50,153 : INFO : ball_device.bd_right_kicker : State: idle
2022-08-22 17:39:50,220 : INFO : EventManager : Event: ======'init_phase_3'====== Args={}
2022-08-22 17:39:50,625 : INFO : EventManager : Event: ======'init_phase_4'====== Args={}
2022-08-22 17:39:50,626 : INFO : EventManager : Event: ======'playfield_active'====== Args={}
2022-08-22 17:39:50,626 : INFO : EventManager : Event: ======'unexpected_ball_on_playfield'====== Args={}
2022-08-22 17:39:50,626 : INFO : EventManager : Event: ======'playfield_active'====== Args={}
2022-08-22 17:39:50,626 : INFO : EventManager : Event: ======'unexpected_ball_on_playfield'====== Args={}
2022-08-22 17:39:50,626 : INFO : EventManager : Event: ======'playfield_active'====== Args={}
2022-08-22 17:39:50,626 : INFO : EventManager : Event: ======'unexpected_ball_on_playfield'====== Args={}
2022-08-22 17:39:50,626 : INFO : EventManager : Event: ======'drop_target_middle_down'====== Args={'device': <drop_target.middle>}
2022-08-22 17:39:50,627 : INFO : EventManager : Event: ======'drop_target_bank_main_mixed'====== Args={'prev_value': <DropTargetBankState.UP: 'up'>, 'down': 1}
2022-08-22 17:39:50,627 : INFO : EventManager : Event: ======'playfield_active'====== Args={}
2022-08-22 17:39:50,627 : INFO : EventManager : Event: ======'unexpected_ball_on_playfield'====== Args={}
2022-08-22 17:39:50,627 : INFO : EventManager : Event: ======'playfield_active'====== Args={}
2022-08-22 17:39:50,627 : INFO : EventManager : Event: ======'unexpected_ball_on_playfield'====== Args={}
2022-08-22 17:39:50,628 : INFO : BallController : Initial balls found: 1
2022-08-22 17:39:50,630 : INFO : EventManager : Event: ======'machine_var_audits_events_game_ended'====== Args={'value': 0, 'prev_value': None, 'change': True}
2022-08-22 17:39:50,631 : INFO : EventManager : Event: ======'machine_var_audits_events_game_started'====== Args={'value': 0, 'prev_value': None, 'change': True}
2022-08-22 17:39:50,631 : INFO : EventManager : Event: ======'machine_var_audits_player_score'====== Args={'value': {'average': 10302398.705281088, 'top': [198719690, 195274570, 161094530, 160419680, 140071820, 132769060, 132262360, 127113160, 121863670, 115954110], 'total': 587}, 'prev_value': None, 'change': True}
2022-08-22 17:39:50,631 : INFO : EventManager : Event: ======'machine_var_audits_shots_center_drop_mission1'====== Args={'value': 546, 'prev_value': None, 'change': True}
2022-08-22 17:39:50,632 : INFO : EventManager : Event: ======'machine_var_audits_shots_center_target'====== Args={'value': 167, 'prev_value': None, 'change': True}
2022-08-22 17:39:50,632 : INFO : EventManager : Event: ======'machine_var_audits_shots_drop_target1_mission2'====== Args={'value': 226, 'prev_value': None, 'change': True}
2022-08-22 17:39:50,632 : INFO : EventManager : Event: ======'machine_var_audits_shots_drop_target2_mission2'====== Args={'value': 266, 'prev_value': None, 'change': True}
2022-08-22 17:39:50,633 : INFO : EventManager : Event: ======'machine_var_audits_shots_drop_target3_mission2'====== Args={'value': 307, 'prev_value': None, 'change': True}
2022-08-22 17:39:50,633 : INFO : EventManager : Event: ======'machine_var_audits_shots_drop_target4_mission2'====== Args={'value': 272, 'prev_value': None, 'change': True}
2022-08-22 17:39:50,633 : INFO : EventManager : Event: ======'machine_var_audits_shots_drop_target5_mission2'====== Args={'value': 235, 'prev_value': None, 'change': True}
2022-08-22 17:39:50,634 : INFO : EventManager : Event: ======'machine_var_audits_shots_drop_targets_mission3'====== Args={'value': 1474, 'prev_value': None, 'change': True}
2022-08-22 17:39:50,634 : INFO : EventManager : Event: ======'machine_var_audits_shots_galaxy_advance'====== Args={'value': 2357, 'prev_value': None, 'change': True}
2022-08-22 17:39:50,634 : INFO : EventManager : Event: ======'machine_var_audits_shots_l_lane'====== Args={'value': 620, 'prev_value': None, 'change': True}
2022-08-22 17:39:50,635 : INFO : EventManager : Event: ======'machine_var_audits_shots_left_kicker_mission2'====== Args={'value': 162, 'prev_value': None, 'change': True}
2022-08-22 17:39:50,635 : INFO : EventManager : Event: ======'machine_var_audits_shots_left_kicker_mission4'====== Args={'value': 117, 'prev_value': None, 'change': True}
2022-08-22 17:39:50,635 : INFO : EventManager : Event: ======'machine_var_audits_shots_left_loop_mission1'====== Args={'value': 610, 'prev_value': None, 'change': True}
2022-08-22 17:39:50,636 : INFO : EventManager : Event: ======'machine_var_audits_shots_left_loop_mission2'====== Args={'value': 263, 'prev_value': None, 'change': True}
2022-08-22 17:39:50,636 : INFO : EventManager : Event: ======'machine_var_audits_shots_left_loop_mission4'====== Args={'value': 385, 'prev_value': None, 'change': True}
2022-08-22 17:39:50,636 : INFO : EventManager : Event: ======'machine_var_audits_shots_portal_advance'====== Args={'value': 4664, 'prev_value': None, 'change': True}
2022-08-22 17:39:50,637 : INFO : EventManager : Event: ======'machine_var_audits_shots_r_lane'====== Args={'value': 547, 'prev_value': None, 'change': True}
2022-08-22 17:39:50,637 : INFO : EventManager : Event: ======'machine_var_audits_shots_right_kicker_mission2'====== Args={'value': 137, 'prev_value': None, 'change': True}
2022-08-22 17:39:50,638 : INFO : EventManager : Event: ======'machine_var_audits_shots_right_kicker_mission4'====== Args={'value': 136, 'prev_value': None, 'change': True}
2022-08-22 17:39:50,638 : INFO : EventManager : Event: ======'machine_var_audits_shots_right_loop_mission1'====== Args={'value': 702, 'prev_value': None, 'change': True}
2022-08-22 17:39:50,638 : INFO : EventManager : Event: ======'machine_var_audits_shots_right_loop_mission2'====== Args={'value': 310, 'prev_value': None, 'change': True}
2022-08-22 17:39:50,639 : INFO : EventManager : Event: ======'machine_var_audits_shots_right_loop_mission4'====== Args={'value': 434, 'prev_value': None, 'change': True}
2022-08-22 17:39:50,639 : INFO : EventManager : Event: ======'machine_var_audits_shots_warp_advance'====== Args={'value': 1105, 'prev_value': None, 'change': True}
2022-08-22 17:39:50,640 : INFO : EventManager : Event: ======'machine_var_audits_switches_s_action_button'====== Args={'value': 3996, 'prev_value': None, 'change': True}
2022-08-22 17:39:50,640 : INFO : EventManager : Event: ======'machine_var_audits_switches_s_drain'====== Args={'value': 2749, 'prev_value': None, 'change': True}
2022-08-22 17:39:50,641 : INFO : EventManager : Event: ======'machine_var_audits_switches_s_drop_target1'====== Args={'value': 1871, 'prev_value': None, 'change': True}
2022-08-22 17:39:50,641 : INFO : EventManager : Event: ======'machine_var_audits_switches_s_drop_target2'====== Args={'value': 2184, 'prev_value': None, 'change': True}
2022-08-22 17:39:50,642 : INFO : EventManager : Event: ======'machine_var_audits_switches_s_drop_target3'====== Args={'value': 2612, 'prev_value': None, 'change': True}
2022-08-22 17:39:50,642 : INFO : EventManager : Event: ======'machine_var_audits_switches_s_drop_target4'====== Args={'value': 2082, 'prev_value': None, 'change': True}
2022-08-22 17:39:50,643 : INFO : EventManager : Event: ======'machine_var_audits_switches_s_drop_target5'====== Args={'value': 1969, 'prev_value': None, 'change': True}
2022-08-22 17:39:50,643 : INFO : EventManager : Event: ======'machine_var_audits_switches_s_left_captive_ball'====== Args={'value': 477, 'prev_value': None, 'change': True}
2022-08-22 17:39:50,643 : INFO : EventManager : Event: ======'machine_var_audits_switches_s_left_flipper'====== Args={'value': 34906, 'prev_value': None, 'change': True}
2022-08-22 17:39:50,644 : INFO : EventManager : Event: ======'machine_var_audits_switches_s_left_inlane'====== Args={'value': 620, 'prev_value': None, 'change': True}
2022-08-22 17:39:50,644 : INFO : EventManager : Event: ======'machine_var_audits_switches_s_left_inlane_far'====== Args={'value': 4239, 'prev_value': None, 'change': True}
2022-08-22 17:39:50,645 : INFO : EventManager : Event: ======'machine_var_audits_switches_s_left_kicker'====== Args={'value': 1557, 'prev_value': None, 'change': True}
2022-08-22 17:39:50,645 : INFO : EventManager : Event: ======'machine_var_audits_switches_s_left_sling'====== Args={'value': 6927, 'prev_value': None, 'change': True}
2022-08-22 17:39:50,646 : INFO : EventManager : Event: ======'machine_var_audits_switches_s_left_spinner'====== Args={'value': 20624, 'prev_value': None, 'change': True}
2022-08-22 17:39:50,646 : INFO : EventManager : Event: ======'machine_var_audits_switches_s_right_captive_ball'====== Args={'value': 502, 'prev_value': None, 'change': True}
2022-08-22 17:39:50,647 : INFO : EventManager : Event: ======'machine_var_audits_switches_s_right_flipper'====== Args={'value': 32207, 'prev_value': None, 'change': True}
2022-08-22 17:39:50,647 : INFO : EventManager : Event: ======'machine_var_audits_switches_s_right_inlane'====== Args={'value': 547, 'prev_value': None, 'change': True}
2022-08-22 17:39:50,648 : INFO : EventManager : Event: ======'machine_var_audits_switches_s_right_inlane_far'====== Args={'value': 6284, 'prev_value': None, 'change': True}
2022-08-22 17:39:50,648 : INFO : EventManager : Event: ======'machine_var_audits_switches_s_right_kicker'====== Args={'value': 1717, 'prev_value': None, 'change': True}
2022-08-22 17:39:50,649 : INFO : EventManager : Event: ======'machine_var_audits_switches_s_right_sling'====== Args={'value': 14149, 'prev_value': None, 'change': True}
2022-08-22 17:39:50,649 : INFO : EventManager : Event: ======'machine_var_audits_switches_s_right_spinner'====== Args={'value': 16579, 'prev_value': None, 'change': True}
2022-08-22 17:39:50,650 : INFO : EventManager : Event: ======'machine_var_audits_switches_s_start'====== Args={'value': 407, 'prev_value': None, 'change': True}
2022-08-22 17:39:50,651 : INFO : EventManager : Event: ======'init_phase_5'====== Args={}
2022-08-22 17:39:50,657 : INFO : EventManager : Event: ======'init_done'====== Args={}
2022-08-22 17:39:50,658 : WARNING : FAST : Port NET received more messages than were sent! Resetting!
2022-08-22 17:39:50,658 : WARNING : FAST : Port NET received more messages than were sent! Resetting!
2022-08-22 17:39:50,658 : WARNING : FAST : Port NET received more messages than were sent! Resetting!
2022-08-22 17:39:50,658 : WARNING : FAST : Port NET received more messages than were sent! Resetting!
2022-08-22 17:39:50,658 : WARNING : FAST : Port NET received more messages than were sent! Resetting!
2022-08-22 17:39:50,658 : WARNING : FAST : Port NET received more messages than were sent! Resetting!
2022-08-22 17:39:50,658 : WARNING : FAST : Port NET received more messages than were sent! Resetting!
2022-08-22 17:39:50,658 : WARNING : FAST : Port NET received more messages than were sent! Resetting!
2022-08-22 17:39:50,658 : WARNING : FAST : Port NET received more messages than were sent! Resetting!
2022-08-22 17:39:50,658 : WARNING : FAST : Port NET received more messages than were sent! Resetting!
2022-08-22 17:39:50,658 : WARNING : FAST : Port NET received more messages than were sent! Resetting!
2022-08-22 17:39:50,659 : WARNING : FAST : Port NET received more messages than were sent! Resetting!
2022-08-22 17:39:50,659 : WARNING : FAST : Port NET received more messages than were sent! Resetting!
2022-08-22 17:39:50,659 : WARNING : FAST : Port NET received more messages than were sent! Resetting!
2022-08-22 17:39:50,659 : WARNING : FAST : Port NET received more messages than were sent! Resetting!
2022-08-22 17:39:50,659 : WARNING : FAST : Port NET received more messages than were sent! Resetting!
2022-08-22 17:39:50,659 : WARNING : FAST : Port NET received more messages than were sent! Resetting!
2022-08-22 17:39:50,659 : WARNING : FAST : Port NET received more messages than were sent! Resetting!
2022-08-22 17:39:50,659 : WARNING : FAST : Port NET received more messages than were sent! Resetting!
2022-08-22 17:39:50,659 : WARNING : FAST : Port NET received more messages than were sent! Resetting!
2022-08-22 17:39:50,659 : WARNING : FAST : Port NET received more messages than were sent! Resetting!
2022-08-22 17:39:50,659 : WARNING : FAST : Port NET received more messages than were sent! Resetting!
2022-08-22 17:39:50,660 : INFO : EventManager : Event: ======'machine_reset_phase_1'====== Args={}
2022-08-22 17:39:50,666 : INFO : EventManager : Event: ======'machine_reset_phase_2'====== Args={}
2022-08-22 17:39:50,667 : INFO : EventManager : Event: ======'machine_reset_phase_3'====== Args={}
2022-08-22 17:39:50,667 : INFO : EventManager : Event: ======'reset_complete'====== Args={}
2022-08-22 17:39:50,667 : INFO : EventManager : Event: ======'mode_attract_will_start'====== Args={}
2022-08-22 17:39:50,668 : INFO : EventManager : Event: ======'mode_attract_starting'====== Args={}
2022-08-22 17:39:50,668 : INFO : Mode.attract : Started. Priority: 10
2022-08-22 17:39:50,668 : INFO : EventManager : Event: ======'modes_active_modes_changed'====== Args={}
2022-08-22 17:39:50,668 : INFO : EventManager : Event: ======'mode_attract_started'====== Args={}
2022-08-22 17:39:50,672 : INFO : EventManager : Event: ======'collecting_balls'====== Args={}
2022-08-22 17:39:50,672 : INFO : ball_device.bd_right_kicker : Adding 1 ball(s) to the eject_queue with target <playfield.playfield>.
2022-08-22 17:39:50,672 : INFO : EventManager : Event: ======'balldevice_balls_available'====== Args={}
2022-08-22 17:39:50,693 : INFO : EventManager : Event: ======'slide_show_13.slide_player-0_created'====== Args={'_from_bcp': True}
2022-08-22 17:39:50,693 : INFO : EventManager : Event: ======'slide_show_13.slide_player-0_active'====== Args={'_from_bcp': True}
2022-08-22 17:39:50,694 : INFO : Machine : Starting the main run loop.
2022-08-22 17:39:50,694 : INFO : ball_device.bd_right_kicker : State: waiting_for_target_ready
2022-08-22 17:39:50,695 : INFO : EventManager : Event: ======'balldevice_bd_right_kicker_ball_eject_attempt'====== Args={'balls': 1, 'target': <playfield.playfield>, 'source': <ball_device.bd_right_kicker>, 'mechanical_eject': False, 'num_attempts': 0}
2022-08-22 17:39:50,695 : INFO : ball_device.bd_right_kicker : State: ejecting
2022-08-22 17:39:50,695 : INFO : ball_device.bd_right_kicker : Ejecting ball to <playfield.playfield>
2022-08-22 17:39:50,695 : INFO : EventManager : Event: ======'balldevice_bd_right_kicker_ejecting_ball'====== Args={'balls': 1, 'target': <playfield.playfield>, 'source': <ball_device.bd_right_kicker>, 'mechanical_eject': False, 'num_attempts': 0}
2022-08-22 17:39:50,696 : INFO : ball_device.bd_right_kicker : Wait for ball to leave device
2022-08-22 17:39:50,696 : INFO : coil.c_right_kicker_eject : Pulsing Driver for 30ms (1.0 pulse_power)
2022-08-22 17:39:51,226 : INFO : SwitchController : <<<<<<< 's_start' active >>>>>>>
2022-08-22 17:39:51,402 : INFO : SwitchController : <<<<<<< 's_start' inactive >>>>>>>
2022-08-22 17:39:51,402 : INFO : EventManager : Event: ======'request_to_start_game'====== Args={}
2022-08-22 17:39:51,403 : INFO : EventManager : Event: ======'collecting_balls'====== Args={}
2022-08-22 17:39:51,403 : INFO : BallController : Known balls: 1
2022-08-22 17:39:51,404 : INFO : BallController : bd_drain contains 0 balls. Tags ['drain', 'home', 'trough']
2022-08-22 17:39:51,404 : INFO : BallController : bd_left_kicker contains 0 balls. Tags []
2022-08-22 17:39:51,404 : INFO : BallController : bd_right_kicker contains 1 balls. Tags []
2022-08-22 17:39:51,404 : INFO : BallController : playfield contains 0 balls. Tags ['default']
2022-08-22 17:39:51,404 : WARNING : BallController : BallController denies game start. Balls are not in their home positions.
2022-08-22 17:39:51,684 : INFO : EventManager : Event: ======'balldevice_bd_right_kicker_ball_eject_failed'====== Args={'target': <playfield.playfield>, 'balls': 1, 'retry': True, 'num_attempts': 1}
2022-08-22 17:39:51,685 : INFO : ball_device.bd_right_kicker : State: waiting_for_target_ready
2022-08-22 17:39:51,686 : INFO : EventManager : Event: ======'balldevice_bd_right_kicker_ball_eject_attempt'====== Args={'balls': 1, 'target': <playfield.playfield>, 'source': <ball_device.bd_right_kicker>, 'mechanical_eject': False, 'num_attempts': 1}
2022-08-22 17:39:51,686 : INFO : ball_device.bd_right_kicker : State: ejecting
2022-08-22 17:39:51,686 : INFO : ball_device.bd_right_kicker : Ejecting ball to <playfield.playfield>
2022-08-22 17:39:51,687 : INFO : EventManager : Event: ======'balldevice_bd_right_kicker_ejecting_ball'====== Args={'balls': 1, 'target': <playfield.playfield>, 'source': <ball_device.bd_right_kicker>, 'mechanical_eject': False, 'num_attempts': 1}
2022-08-22 17:39:51,688 : INFO : ball_device.bd_right_kicker : Wait for ball to leave device
2022-08-22 17:39:51,688 : INFO : coil.c_right_kicker_eject : Pulsing Driver for 30ms (1.0 pulse_power)
2022-08-22 17:39:51,722 : INFO : SwitchController : <<<<<<< 's_right_kicker' inactive >>>>>>>
2022-08-22 17:39:51,729 : INFO : ball_device.bd_right_kicker : State: ball_left
2022-08-22 17:39:51,730 : INFO : ball_device.bd_right_kicker : Ball left
2022-08-22 17:39:51,730 : INFO : ball_device.bd_right_kicker : Wait for confirm with timeout 1.0
2022-08-22 17:39:52,728 : INFO : ball_device.bd_right_kicker : State: failed_confirm
2022-08-22 17:39:52,728 : INFO : ball_device.bd_right_kicker : Got timeout (1.0s) before confirm from <playfield.playfield>
2022-08-22 17:39:52,822 : INFO : ball_device.bd_right_kicker : Confirming eject because target is playfield and ball did not return.
2022-08-22 17:39:52,822 : INFO : ball_device.bd_right_kicker : Eject successful
2022-08-22 17:39:52,822 : INFO : EventManager : Event: ======'balldevice_bd_right_kicker_ball_eject_success'====== Args={'balls': 1, 'target': <playfield.playfield>}
2022-08-22 17:39:52,823 : INFO : EventManager : Event: ======'balldevice_playfield_ball_enter'====== Args={'new_balls': 1, 'unclaimed_balls': 1, 'device': <playfield.playfield>}
2022-08-22 17:39:52,823 : INFO : EventManager : Event: ======'playfield_ball_count_change'====== Args={'balls': 1, 'change': 1}
2022-08-22 17:39:52,823 : INFO : EventManager : Event: ======'balldevice_bd_right_kicker_ball_count_changed'====== Args={'balls': 0}
2022-08-22 17:39:52,823 : INFO : ball_device.bd_right_kicker : State: idle
2022-08-22 17:39:53,691 : INFO : EventManager : Event: ======'slide_last_game_score_slide_created'====== Args={'_from_bcp': True}
2022-08-22 17:39:53,699 : INFO : EventManager : Event: ======'slide_last_game_score_slide_active'====== Args={'_from_bcp': True}
2022-08-22 17:39:54,987 : INFO : SwitchController : <<<<<<< 's_drain' active >>>>>>>
2022-08-22 17:39:55,491 : INFO : EventManager : Event: ======'balldevice_bd_drain_ball_count_changed'====== Args={'balls': 1}
2022-08-22 17:39:55,491 : INFO : ball_device.bd_drain : Received unexpected ball
2022-08-22 17:39:55,491 : INFO : EventManager : Event: ======'balldevice_captured_from_playfield'====== Args={'balls': 1}
2022-08-22 17:39:55,492 : INFO : EventManager : Event: ======'sw_playfield_active'====== Args={'balls': 1}
2022-08-22 17:39:55,493 : INFO : EventManager : Event: ======'playfield_ball_count_change'====== Args={'balls': 0, 'change': -1}
2022-08-22 17:39:55,493 : INFO : EventManager : Event: ======'balldevice_bd_drain_ball_enter'====== Args={'new_balls': 1, 'unclaimed_balls': 1, 'new_available_balls': 1, 'device': <ball_device.bd_drain>}
2022-08-22 17:39:55,494 : INFO : EventManager : Event: ======'ball_drain'====== Args={'device': <ball_device.bd_drain>, 'balls': 1}
2022-08-22 17:39:55,494 : INFO : EventManager : Event: ======'collecting_balls_complete'====== Args={}
2022-08-22 17:39:55,494 : INFO : EventManager : Event: ======'balldevice_balls_available'====== Args={}
2022-08-22 17:39:55,495 : INFO : EventManager : Event: ======'balldevice_bd_drain_ball_entered'====== Args={'new_balls': 1, 'device': <ball_device.bd_drain>}
2022-08-22 17:39:55,754 : INFO : SwitchController : <<<<<<< 's_start' active >>>>>>>
2022-08-22 17:39:55,898 : INFO : SwitchController : <<<<<<< 's_start' inactive >>>>>>>
2022-08-22 17:39:55,898 : INFO : EventManager : Event: ======'request_to_start_game'====== Args={}
2022-08-22 17:39:55,899 : INFO : EventManager : Event: ======'game_start'====== Args={'buttons': [], 'hold_time': 0.15599999999994907}
2022-08-22 17:39:55,899 : INFO : EventManager : Event: ======'mode_game_will_start'====== Args={'buttons': [], 'hold_time': 0.15599999999994907}
2022-08-22 17:39:55,901 : INFO : EventManager : Event: ======'mode_game_starting'====== Args={'buttons': [], 'hold_time': 0.15599999999994907}
2022-08-22 17:39:55,901 : INFO : EventManager : Event: ======'mode_attract_will_stop'====== Args={}
2022-08-22 17:39:55,901 : INFO : EventManager : Event: ======'mode_attract_stopping'====== Args={}
2022-08-22 17:39:55,901 : INFO : Mode.attract : Stopped.
2022-08-22 17:39:55,901 : INFO : EventManager : Event: ======'modes_active_modes_changed'====== Args={}
2022-08-22 17:39:55,905 : INFO : EventManager : Event: ======'mode_attract_stopped'====== Args={}
2022-08-22 17:39:55,905 : INFO : EventManager : Event: ======'clear'====== Args={'key': 'attract'}
2022-08-22 17:39:55,905 : INFO : Mode.game : Started. Priority: 20
2022-08-22 17:39:55,905 : INFO : EventManager : Event: ======'modes_active_modes_changed'====== Args={}
2022-08-22 17:39:55,906 : INFO : EventManager : Event: ======'mode_game_started'====== Args={'buttons': [], 'hold_time': 0.15599999999994907}
2022-08-22 17:39:55,915 : INFO : EventManager : Event: ======'game_will_start'====== Args={}
2022-08-22 17:39:55,917 : INFO : EventManager : Event: ======'slide_show_13.slide_player-0_removed'====== Args={'_from_bcp': True}
2022-08-22 17:39:55,917 : INFO : EventManager : Event: ======'slide_last_game_score_slide_removed'====== Args={'_from_bcp': True}
2022-08-22 17:39:55,918 : INFO : EventManager : Event: ======'slide_window1_blank_active'====== Args={'_from_bcp': True}
2022-08-22 17:39:55,919 : INFO : EventManager : Event: ======'game_starting'====== Args={'game': <Mode.game>}
2022-08-22 17:39:55,920 : INFO : EventManager : Event: ======'player_add_request'====== Args={}
2022-08-22 17:39:55,920 : INFO : EventManager : Event: ======'player_will_add'====== Args={'number': 1}
2022-08-22 17:39:55,921 : INFO : EventManager : Event: ======'player_adding'====== Args={'player': <Player 1>, 'number': 1}
2022-08-22 17:39:55,921 : INFO : EventManager : Event: ======'player_added'====== Args={'player': <Player 1>, 'num': 1}
2022-08-22 17:39:55,921 : INFO : Mode.game : Player added successfully. Total players: 1
2022-08-22 17:39:55,922 : INFO : EventManager : Event: ======'player_index'====== Args={'value': 0, 'prev_value': 0, 'change': 0, 'player_num': 1}
2022-08-22 17:39:55,923 : INFO : EventManager : Event: ======'player_number'====== Args={'value': 1, 'prev_value': 1, 'change': 0, 'player_num': 1}
2022-08-22 17:39:55,923 : INFO : EventManager : Event: ======'player_mode_value'====== Args={'value': 1000000, 'prev_value': 1000000, 'change': 0, 'player_num': 1}
2022-08-22 17:39:55,924 : INFO : EventManager : Event: ======'player_bonus_multiplier'====== Args={'value': 1, 'prev_value': 1, 'change': 0, 'player_num': 1}
2022-08-22 17:39:55,924 : INFO : EventManager : Event: ======'player_playfield_multiplier'====== Args={'value': 1, 'prev_value': 1, 'change': 0, 'player_num': 1}
2022-08-22 17:39:55,925 : INFO : EventManager : Event: ======'player_score'====== Args={'value': 0, 'prev_value': 0, 'change': 0, 'player_num': 1}
2022-08-22 17:39:55,926 : INFO : EventManager : Event: ======'game_started'====== Args={}
2022-08-22 17:39:55,953 : INFO : EventManager : Event: ======'player_turn_will_start'====== Args={'player': <Player 1>, 'number': 1}
2022-08-22 17:39:55,954 : INFO : EventManager : Event: ======'player_turn_starting'====== Args={'player': <Player 1>, 'number': 1}
2022-08-22 17:39:55,954 : INFO : EventManager : Event: ======'player_ball'====== Args={'value': 1, 'prev_value': 0, 'change': 1, 'player_num': 1}
2022-08-22 17:39:55,955 : INFO : EventManager : Event: ======'player_turn_started'====== Args={'player': <Player 1>, 'number': 1}
2022-08-22 17:39:55,955 : INFO : EventManager : Event: ======'ball_will_start'====== Args={'player': 1, 'ball': 1, 'balls_remaining': 2, 'is_extra_ball': False}
2022-08-22 17:39:55,959 : INFO : EventManager : Event: ======'ball_starting'====== Args={'player': 1, 'ball': 1, 'balls_remaining': 2, 'is_extra_ball': False}
2022-08-22 17:39:55,960 : INFO : EventManager : Event: ======'balls_in_play'====== Args={'balls': 1}
2022-08-22 17:39:55,960 : INFO : EventManager : Event: ======'ball_started'====== Args={'player': 1, 'ball': 1, 'balls_remaining': 2, 'is_extra_ball': False}
2022-08-22 17:39:55,961 : INFO : EventManager : Event: ======'mode_combos_will_start'====== Args={'player': 1, 'ball': 1, 'balls_remaining': 2, 'is_extra_ball': False}
2022-08-22 17:39:55,965 : INFO : EventManager : Event: ======'mode_combos_starting'====== Args={'player': 1, 'ball': 1, 'balls_remaining': 2, 'is_extra_ball': False}
2022-08-22 17:39:55,965 : INFO : EventManager : Event: ======'mode_super_features_will_start'====== Args={'player': 1, 'ball': 1, 'balls_remaining': 2, 'is_extra_ball': False}
2022-08-22 17:39:55,966 : INFO : EventManager : Event: ======'achievement_super_spinners_changed_state'====== Args={'restore': False, 'state': 'disabled', 'selected': False}
2022-08-22 17:39:55,966 : INFO : EventManager : Event: ======'achievement_super_spinners_state_disabled'====== Args={'restore': False, 'state': 'disabled', 'selected': False}
2022-08-22 17:39:55,966 : INFO : EventManager : Event: ======'achievement_super_targets_changed_state'====== Args={'restore': False, 'state': 'disabled', 'selected': False}
2022-08-22 17:39:55,966 : INFO : EventManager : Event: ======'achievement_super_targets_state_disabled'====== Args={'restore': False, 'state': 'disabled', 'selected': False}
2022-08-22 17:39:55,966 : INFO : EventManager : Event: ======'achievement_super_lanes_changed_state'====== Args={'restore': False, 'state': 'disabled', 'selected': False}
2022-08-22 17:39:55,966 : INFO : EventManager : Event: ======'achievement_super_lanes_state_disabled'====== Args={'restore': False, 'state': 'disabled', 'selected': False}
2022-08-22 17:39:55,966 : INFO : EventManager : Event: ======'achievement_super_slings_changed_state'====== Args={'restore': False, 'state': 'disabled', 'selected': False}
2022-08-22 17:39:55,967 : INFO : EventManager : Event: ======'achievement_super_slings_state_disabled'====== Args={'restore': False, 'state': 'disabled', 'selected': False}
2022-08-22 17:39:55,968 : INFO : EventManager : Event: ======'mode_super_features_starting'====== Args={'player': 1, 'ball': 1, 'balls_remaining': 2, 'is_extra_ball': False}
2022-08-22 17:39:55,969 : INFO : EventManager : Event: ======'mode_base_will_start'====== Args={'player': 1, 'ball': 1, 'balls_remaining': 2, 'is_extra_ball': False}
2022-08-22 17:39:55,969 : INFO : EventManager : Event: ======'player_shot_l_lane_enabled'====== Args={'value': True, 'prev_value': 0, 'change': 1, 'player_num': 1}
2022-08-22 17:39:55,969 : INFO : EventManager : Event: ======'player_shot_r_lane_enabled'====== Args={'value': True, 'prev_value': 0, 'change': 1, 'player_num': 1}
2022-08-22 17:39:55,970 : INFO : EventManager : Event: ======'player_shot_center_target_enabled'====== Args={'value': True, 'prev_value': 0, 'change': 1, 'player_num': 1}
2022-08-22 17:39:55,971 : INFO : EventManager : Event: ======'bonus_lanes_complete'====== Args={'state': 'unlit'}
2022-08-22 17:39:55,971 : INFO : EventManager : Event: ======'bonus_lanes_unlit_complete'====== Args={}
2022-08-22 17:39:55,971 : INFO : EventManager : Event: ======'player_extra_ball_two_modes_complete_num_awarded'====== Args={'value': 0, 'prev_value': 0, 'change': 0, 'player_num': 1}
2022-08-22 17:39:55,971 : INFO : EventManager : Event: ======'achievement_mission1_changed_state'====== Args={'restore': False, 'state': 'disabled', 'selected': False}
2022-08-22 17:39:55,972 : INFO : EventManager : Event: ======'achievement_mission1_state_disabled'====== Args={'restore': False, 'state': 'disabled', 'selected': False}
2022-08-22 17:39:55,972 : INFO : EventManager : Event: ======'achievement_mission2_changed_state'====== Args={'restore': False, 'state': 'disabled', 'selected': False}
2022-08-22 17:39:55,972 : INFO : EventManager : Event: ======'achievement_mission2_state_disabled'====== Args={'restore': False, 'state': 'disabled', 'selected': False}
2022-08-22 17:39:55,972 : INFO : EventManager : Event: ======'achievement_mission3_changed_state'====== Args={'restore': False, 'state': 'disabled', 'selected': False}
2022-08-22 17:39:55,972 : INFO : EventManager : Event: ======'achievement_mission3_state_disabled'====== Args={'restore': False, 'state': 'disabled', 'selected': False}
2022-08-22 17:39:55,972 : INFO : EventManager : Event: ======'achievement_mission4_changed_state'====== Args={'restore': False, 'state': 'disabled', 'selected': False}
2022-08-22 17:39:55,972 : INFO : EventManager : Event: ======'achievement_mission4_state_disabled'====== Args={'restore': False, 'state': 'disabled', 'selected': False}
2022-08-22 17:39:55,980 : INFO : EventManager : Event: ======'mode_base_starting'====== Args={'player': 1, 'ball': 1, 'balls_remaining': 2, 'is_extra_ball': False}
2022-08-22 17:39:55,981 : INFO : drop_target_bank.main : 1 targets are down. Will reset those.
2022-08-22 17:39:55,981 : INFO : coil.c_target_reset : Pulsing Driver for 40ms (1.0 pulse_power)
2022-08-22 17:39:55,982 : INFO : Mode.super_features : Started. Priority: 100
2022-08-22 17:39:55,982 : INFO : EventManager : Event: ======'modes_active_modes_changed'====== Args={}
2022-08-22 17:39:55,982 : INFO : EventManager : Event: ======'mode_super_features_started'====== Args={'player': 1, 'ball': 1, 'balls_remaining': 2, 'is_extra_ball': False}
2022-08-22 17:39:55,982 : INFO : Mode.combos : Started. Priority: 700
2022-08-22 17:39:55,983 : INFO : EventManager : Event: ======'modes_active_modes_changed'====== Args={}
2022-08-22 17:39:55,983 : INFO : EventManager : Event: ======'mode_combos_started'====== Args={'player': 1, 'ball': 1, 'balls_remaining': 2, 'is_extra_ball': False}
2022-08-22 17:39:55,983 : INFO : EventManager : Event: ======'logicblock_mode_completion_counter_updated'====== Args={'value': 0, 'enabled': True}
2022-08-22 17:39:55,983 : INFO : EventManager : Event: ======'logicblock_mode_completion_counter_updated'====== Args={'value': 0, 'enabled': True}
2022-08-22 17:39:55,983 : INFO : Mode.base : Started. Priority: 100
2022-08-22 17:39:55,983 : INFO : EventManager : Event: ======'modes_active_modes_changed'====== Args={}
2022-08-22 17:39:55,983 : INFO : EventManager : Event: ======'mode_base_started'====== Args={'player': 1, 'ball': 1, 'balls_remaining': 2, 'is_extra_ball': False}
2022-08-22 17:39:55,984 : INFO : EventManager : Event: ======'ball_save_base_save_enabled'====== Args={}
2022-08-22 17:39:55,984 : INFO : EventManager : Event: ======'mode_add_mode_value_will_start'====== Args={'player': 1, 'ball': 1, 'balls_remaining': 2, 'is_extra_ball': False}
2022-08-22 17:39:55,985 : INFO : EventManager : Event: ======'mode_add_mode_value_starting'====== Args={'player': 1, 'ball': 1, 'balls_remaining': 2, 'is_extra_ball': False}
2022-08-22 17:39:55,985 : INFO : EventManager : Event: ======'mode_spell_warp_will_start'====== Args={'player': 1, 'ball': 1, 'balls_remaining': 2, 'is_extra_ball': False}
2022-08-22 17:39:55,985 : INFO : EventManager : Event: ======'player_shot_warp_advance_enabled'====== Args={'value': True, 'prev_value': 0, 'change': 1, 'player_num': 1}
2022-08-22 17:39:55,987 : INFO : EventManager : Event: ======'mode_spell_warp_starting'====== Args={'player': 1, 'ball': 1, 'balls_remaining': 2, 'is_extra_ball': False}
2022-08-22 17:39:55,987 : INFO : EventManager : Event: ======'mode_spell_portal_will_start'====== Args={'player': 1, 'ball': 1, 'balls_remaining': 2, 'is_extra_ball': False}
2022-08-22 17:39:55,987 : INFO : EventManager : Event: ======'player_shot_portal_advance_enabled'====== Args={'value': True, 'prev_value': 0, 'change': 1, 'player_num': 1}
2022-08-22 17:39:55,989 : INFO : EventManager : Event: ======'mode_spell_portal_starting'====== Args={'player': 1, 'ball': 1, 'balls_remaining': 2, 'is_extra_ball': False}
2022-08-22 17:39:55,989 : INFO : EventManager : Event: ======'mode_spell_galaxy_will_start'====== Args={'player': 1, 'ball': 1, 'balls_remaining': 2, 'is_extra_ball': False}
2022-08-22 17:39:55,990 : INFO : EventManager : Event: ======'player_shot_galaxy_advance_enabled'====== Args={'value': True, 'prev_value': 0, 'change': 1, 'player_num': 1}
2022-08-22 17:39:55,991 : INFO : EventManager : Event: ======'mode_spell_galaxy_starting'====== Args={'player': 1, 'ball': 1, 'balls_remaining': 2, 'is_extra_ball': False}
2022-08-22 17:39:55,992 : INFO : drop_target_bank.main : 1 targets are down. Will reset those.
2022-08-22 17:39:55,992 : INFO : Mode.add_mode_value : Started. Priority: 200
2022-08-22 17:39:55,992 : INFO : EventManager : Event: ======'modes_active_modes_changed'====== Args={}
2022-08-22 17:39:55,993 : INFO : EventManager : Event: ======'mode_add_mode_value_started'====== Args={'player': 1, 'ball': 1, 'balls_remaining': 2, 'is_extra_ball': False}
2022-08-22 17:39:55,993 : INFO : EventManager : Event: ======'single_player_ball_started'====== Args={}
2022-08-22 17:39:56,011 : INFO : EventManager : Event: ======'logicblock_warp_counter_updated'====== Args={'value': 0, 'enabled': True}
2022-08-22 17:39:56,011 : INFO : EventManager : Event: ======'logicblock_warp_counter_updated'====== Args={'value': 0, 'enabled': True}
2022-08-22 17:39:56,012 : INFO : Mode.spell_warp : Started. Priority: 200
2022-08-22 17:39:56,012 : INFO : EventManager : Event: ======'modes_active_modes_changed'====== Args={}
2022-08-22 17:39:56,012 : INFO : EventManager : Event: ======'mode_spell_warp_started'====== Args={'player': 1, 'ball': 1, 'balls_remaining': 2, 'is_extra_ball': False}
2022-08-22 17:39:56,012 : INFO : EventManager : Event: ======'logicblock_portal_counter_updated'====== Args={'value': 0, 'enabled': True}
2022-08-22 17:39:56,012 : INFO : EventManager : Event: ======'logicblock_portal_counter_updated'====== Args={'value': 0, 'enabled': True}
2022-08-22 17:39:56,012 : INFO : Mode.spell_portal : Started. Priority: 200
2022-08-22 17:39:56,012 : INFO : EventManager : Event: ======'modes_active_modes_changed'====== Args={}
2022-08-22 17:39:56,012 : INFO : EventManager : Event: ======'mode_spell_portal_started'====== Args={'player': 1, 'ball': 1, 'balls_remaining': 2, 'is_extra_ball': False}
2022-08-22 17:39:56,012 : INFO : EventManager : Event: ======'logicblock_galaxy_counter_updated'====== Args={'value': 0, 'enabled': True}
2022-08-22 17:39:56,012 : INFO : EventManager : Event: ======'logicblock_galaxy_counter_updated'====== Args={'value': 0, 'enabled': True}
2022-08-22 17:39:56,012 : INFO : Mode.spell_galaxy : Started. Priority: 200
2022-08-22 17:39:56,013 : INFO : EventManager : Event: ======'modes_active_modes_changed'====== Args={}
2022-08-22 17:39:56,013 : INFO : EventManager : Event: ======'mode_spell_galaxy_started'====== Args={'player': 1, 'ball': 1, 'balls_remaining': 2, 'is_extra_ball': False}
2022-08-22 17:39:56,015 : INFO : EventManager : Event: ======'achievement_super_spinners_changed_state'====== Args={'restore': False, 'state': 'enabled', 'selected': False}
2022-08-22 17:39:56,015 : INFO : EventManager : Event: ======'achievement_super_spinners_state_enabled'====== Args={'restore': False, 'state': 'enabled', 'selected': False}
2022-08-22 17:39:56,015 : INFO : EventManager : Event: ======'achievement_super_targets_changed_state'====== Args={'restore': False, 'state': 'enabled', 'selected': False}
2022-08-22 17:39:56,015 : INFO : EventManager : Event: ======'achievement_super_targets_state_enabled'====== Args={'restore': False, 'state': 'enabled', 'selected': False}
2022-08-22 17:39:56,015 : INFO : EventManager : Event: ======'achievement_super_lanes_changed_state'====== Args={'restore': False, 'state': 'enabled', 'selected': False}
2022-08-22 17:39:56,015 : INFO : EventManager : Event: ======'achievement_super_lanes_state_enabled'====== Args={'restore': False, 'state': 'enabled', 'selected': False}
2022-08-22 17:39:56,015 : INFO : EventManager : Event: ======'achievement_super_slings_changed_state'====== Args={'restore': False, 'state': 'enabled', 'selected': False}
2022-08-22 17:39:56,015 : INFO : EventManager : Event: ======'achievement_super_slings_state_enabled'====== Args={'restore': False, 'state': 'enabled', 'selected': False}
2022-08-22 17:39:56,016 : INFO : EventManager : Event: ======'achievement_super_lanes_changed_state'====== Args={'restore': False, 'state': 'enabled', 'selected': True}
2022-08-22 17:39:56,016 : INFO : EventManager : Event: ======'achievement_super_lanes_state_enabled'====== Args={'restore': False, 'state': 'enabled', 'selected': True}
2022-08-22 17:39:56,016 : INFO : EventManager : Event: ======'achievement_super_lanes_state_selected'====== Args={'restore': False, 'state': 'enabled', 'selected': True}
2022-08-22 17:39:56,016 : INFO : EventManager : Event: ======'ball_start_target'====== Args={'target': 'playfield'}
2022-08-22 17:39:56,038 : INFO : ball_device.bd_drain : Setting up player-controlled eject. Balls: 1, Target: <playfield.playfield>, player_controlled_eject_event: s_action_button_active
2022-08-22 17:39:56,038 : INFO : EventManager : Event: ======'balldevice_balls_available'====== Args={}
2022-08-22 17:39:56,038 : INFO : EventManager : Event: ======'slide_score_slide_created'====== Args={'_from_bcp': True}
2022-08-22 17:39:56,039 : INFO : coil.c_target_reset : Pulsing Driver for 40ms (1.0 pulse_power)
2022-08-22 17:39:56,040 : INFO : EventManager : Event: ======'slide_score_slide_active'====== Args={'_from_bcp': True}
2022-08-22 17:39:56,043 : INFO : ball_device.bd_drain : State: waiting_for_target_ready
2022-08-22 17:39:56,044 : INFO : EventManager : Event: ======'balldevice_bd_drain_ball_eject_attempt'====== Args={'balls': 1, 'target': <playfield.playfield>, 'source': <ball_device.bd_drain>, 'mechanical_eject': True, 'num_attempts': 0}
2022-08-22 17:39:56,044 : INFO : ball_device.bd_drain : State: ejecting
2022-08-22 17:39:56,044 : INFO : ball_device.bd_drain : Ejecting ball to <playfield.playfield>
2022-08-22 17:39:56,045 : INFO : EventManager : Event: ======'balldevice_bd_drain_ejecting_ball'====== Args={'balls': 1, 'target': <playfield.playfield>, 'source': <ball_device.bd_drain>, 'mechanical_eject': True, 'num_attempts': 0}
2022-08-22 17:39:56,046 : INFO : ball_device.bd_drain : Wait for ball to leave device
2022-08-22 17:39:56,203 : INFO : SwitchController : <<<<<<< 's_drop_target3' inactive >>>>>>>
2022-08-22 17:39:56,489 : INFO : EventManager : Event: ======'drop_target_middle_up'====== Args={'device': <drop_target.middle>}
2022-08-22 17:39:56,489 : INFO : EventManager : Event: ======'drop_target_bank_main_up'====== Args={}
2022-08-22 17:39:57,258 : INFO : SwitchController : <<<<<<< 's_action_button' active >>>>>>>
2022-08-22 17:39:57,258 : INFO : EventManager : Event: ======'s_action_button_active'====== Args={}
2022-08-22 17:39:57,259 : INFO : EventManager : Event: ======'machine_var_audits_switches_s_action_button'====== Args={'value': 3997, 'prev_value': 3996, 'change': 1}
2022-08-22 17:39:57,260 : INFO : EventManager : Event: ======'ball_save_base_save_timer_start'====== Args={}
2022-08-22 17:39:57,282 : INFO : coil.c_drain_eject : Pulsing Driver for 30ms (1.0 pulse_power)
2022-08-22 17:39:57,418 : INFO : SwitchController : <<<<<<< 's_action_button' inactive >>>>>>>
2022-08-22 17:39:59,178 : INFO : SwitchController : <<<<<<< 's_action_button' active >>>>>>>
2022-08-22 17:39:59,178 : INFO : EventManager : Event: ======'s_action_button_active'====== Args={}
2022-08-22 17:39:59,179 : INFO : EventManager : Event: ======'machine_var_audits_switches_s_action_button'====== Args={'value': 3998, 'prev_value': 3997, 'change': 1}
2022-08-22 17:39:59,418 : INFO : SwitchController : <<<<<<< 's_action_button' inactive >>>>>>>
2022-08-22 17:39:59,563 : INFO : SwitchController : <<<<<<< 's_action_button' active >>>>>>>
2022-08-22 17:39:59,563 : INFO : EventManager : Event: ======'s_action_button_active'====== Args={}
2022-08-22 17:39:59,563 : INFO : EventManager : Event: ======'machine_var_audits_switches_s_action_button'====== Args={'value': 3999, 'prev_value': 3998, 'change': 1}
2022-08-22 17:39:59,706 : INFO : SwitchController : <<<<<<< 's_action_button' inactive >>>>>>>
2022-08-22 17:40:00,458 : INFO : SwitchController : <<<<<<< 's_drain' inactive >>>>>>>
2022-08-22 17:40:00,458 : INFO : EventManager : Event: ======'s_drain_inactive'====== Args={}
2022-08-22 17:40:00,467 : INFO : ball_device.bd_drain : State: ball_left
2022-08-22 17:40:00,467 : INFO : ball_device.bd_drain : Ball left
2022-08-22 17:40:00,467 : INFO : ball_device.bd_drain : Wait for confirm with timeout 1.0
2022-08-22 17:40:01,465 : INFO : ball_device.bd_drain : State: failed_confirm
2022-08-22 17:40:01,465 : INFO : ball_device.bd_drain : Got timeout (1.0s) before confirm from <playfield.playfield>
2022-08-22 17:40:01,558 : INFO : ball_device.bd_drain : Confirming eject because target is playfield and ball did not return.
2022-08-22 17:40:01,558 : INFO : ball_device.bd_drain : Eject successful
2022-08-22 17:40:01,559 : INFO : EventManager : Event: ======'balldevice_bd_drain_ball_eject_success'====== Args={'balls': 1, 'target': <playfield.playfield>}
2022-08-22 17:40:01,559 : INFO : EventManager : Event: ======'balldevice_playfield_ball_enter'====== Args={'new_balls': 1, 'unclaimed_balls': 1, 'device': <playfield.playfield>}
2022-08-22 17:40:01,559 : INFO : EventManager : Event: ======'playfield_ball_count_change'====== Args={'balls': 1, 'change': 1}
2022-08-22 17:40:01,560 : INFO : EventManager : Event: ======'balldevice_bd_drain_ball_count_changed'====== Args={'balls': 0}
2022-08-22 17:40:01,560 : INFO : ball_device.bd_drain : State: idle
2022-08-22 17:40:01,786 : INFO : SwitchController : <<<<<<< 's_drain' active >>>>>>>
2022-08-22 17:40:01,787 : INFO : EventManager : Event: ======'machine_var_audits_switches_s_drain'====== Args={'value': 2750, 'prev_value': 2749, 'change': 1}
2022-08-22 17:40:02,291 : INFO : EventManager : Event: ======'balldevice_bd_drain_ball_count_changed'====== Args={'balls': 1}
2022-08-22 17:40:02,292 : INFO : ball_device.bd_drain : Received unexpected ball
2022-08-22 17:40:02,292 : INFO : EventManager : Event: ======'balldevice_captured_from_playfield'====== Args={'balls': 1}
2022-08-22 17:40:02,292 : INFO : EventManager : Event: ======'sw_playfield_active'====== Args={'balls': 1}
2022-08-22 17:40:02,292 : INFO : EventManager : Event: ======'playfield_ball_count_change'====== Args={'balls': 0, 'change': -1}
2022-08-22 17:40:02,293 : INFO : EventManager : Event: ======'balldevice_bd_drain_ball_enter'====== Args={'new_balls': 1, 'unclaimed_balls': 1, 'new_available_balls': 1, 'device': <ball_device.bd_drain>}
2022-08-22 17:40:02,293 : INFO : EventManager : Event: ======'ball_drain'====== Args={'device': <ball_device.bd_drain>, 'balls': 1}
2022-08-22 17:40:02,294 : INFO : EventManager : Event: ======'ball_save_base_save_saving_ball'====== Args={'balls': 1, 'early_save': False}
2022-08-22 17:40:02,294 : INFO : ball_device.bd_drain : Adding 1 ball(s) to the eject_queue with target <playfield.playfield>.
2022-08-22 17:40:02,294 : INFO : EventManager : Event: ======'ball_save_base_save_disabled'====== Args={}
2022-08-22 17:40:02,297 : INFO : EventManager : Event: ======'balldevice_balls_available'====== Args={}
2022-08-22 17:40:02,297 : INFO : EventManager : Event: ======'balldevice_balls_available'====== Args={}
2022-08-22 17:40:02,298 : INFO : EventManager : Event: ======'balldevice_bd_drain_ball_entered'====== Args={'new_balls': 1, 'device': <ball_device.bd_drain>}
2022-08-22 17:40:02,299 : INFO : ball_device.bd_drain : State: waiting_for_target_ready
2022-08-22 17:40:02,299 : INFO : EventManager : Event: ======'balldevice_bd_drain_ball_eject_attempt'====== Args={'balls': 1, 'target': <playfield.playfield>, 'source': <ball_device.bd_drain>, 'mechanical_eject': False, 'num_attempts': 0}
2022-08-22 17:40:02,300 : INFO : ball_device.bd_drain : State: ejecting
2022-08-22 17:40:02,300 : INFO : ball_device.bd_drain : Ejecting ball to <playfield.playfield>
2022-08-22 17:40:02,300 : INFO : EventManager : Event: ======'balldevice_bd_drain_ejecting_ball'====== Args={'balls': 1, 'target': <playfield.playfield>, 'source': <ball_device.bd_drain>, 'mechanical_eject': False, 'num_attempts': 0}
2022-08-22 17:40:02,302 : INFO : ball_device.bd_drain : Wait for ball to leave device
2022-08-22 17:40:02,302 : INFO : coil.c_drain_eject : Pulsing Driver for 30ms (1.0 pulse_power)
2022-08-22 17:40:02,318 : INFO : EventManager : Event: ======'slide_ball_saved_slide_created'====== Args={'_from_bcp': True}
2022-08-22 17:40:02,326 : INFO : EventManager : Event: ======'slide_ball_saved_slide_active'====== Args={'_from_bcp': True}
2022-08-22 17:40:02,474 : INFO : SwitchController : <<<<<<< 's_left_flipper' active >>>>>>>
2022-08-22 17:40:02,474 : INFO : EventManager : Event: ======'s_left_flipper_active'====== Args={}
2022-08-22 17:40:02,475 : INFO : EventManager : Event: ======'machine_var_audits_switches_s_left_flipper'====== Args={'value': 34907, 'prev_value': 34906, 'change': 1}
2022-08-22 17:40:02,476 : INFO : SwitchController : <<<<<<< 's_drain' inactive >>>>>>>
2022-08-22 17:40:02,476 : INFO : EventManager : Event: ======'s_drain_inactive'====== Args={}
2022-08-22 17:40:02,486 : INFO : ball_device.bd_drain : State: ball_left
2022-08-22 17:40:02,486 : INFO : ball_device.bd_drain : Ball left
2022-08-22 17:40:02,486 : INFO : ball_device.bd_drain : Wait for confirm with timeout 1.0
2022-08-22 17:40:02,746 : INFO : SwitchController : <<<<<<< 's_left_flipper' inactive >>>>>>>
2022-08-22 17:40:03,050 : INFO : SwitchController : <<<<<<< 's_left_inlane_far' active >>>>>>>
2022-08-22 17:40:03,050 : INFO : EventManager : Event: ======'playfield_active'====== Args={}
2022-08-22 17:40:03,051 : INFO : EventManager : Event: ======'playfield_active'====== Args={}
2022-08-22 17:40:03,051 : INFO : EventManager : Event: ======'playfield_active'====== Args={}
2022-08-22 17:40:03,051 : INFO : EventManager : Event: ======'playfield_active'====== Args={}
2022-08-22 17:40:03,051 : INFO : EventManager : Event: ======'s_left_inlane_far_active'====== Args={}
2022-08-22 17:40:03,051 : INFO : EventManager : Event: ======'machine_var_audits_switches_s_left_inlane_far'====== Args={'value': 4240, 'prev_value': 4239, 'change': 1}
2022-08-22 17:40:03,054 : INFO : EventManager : Event: ======'player_shot_galaxy_advance'====== Args={'value': 1, 'prev_value': 0, 'change': 1, 'player_num': 1}
2022-08-22 17:40:03,055 : INFO : EventManager : Event: ======'machine_var_audits_shots_galaxy_advance'====== Args={'value': 2358, 'prev_value': 2357, 'change': 1}
2022-08-22 17:40:03,056 : INFO : EventManager : Event: ======'galaxy_advance_hit'====== Args={'profile': 'default', 'state': 'unlit', 'advancing': True}
2022-08-22 17:40:03,056 : INFO : EventManager : Event: ======'galaxy_advance_default_hit'====== Args={'profile': 'default', 'state': 'unlit', 'advancing': True}
2022-08-22 17:40:03,056 : INFO : EventManager : Event: ======'galaxy_advance_default_unlit_hit'====== Args={'profile': 'default', 'state': 'unlit', 'advancing': True}
2022-08-22 17:40:03,057 : INFO : EventManager : Event: ======'galaxy_advance_unlit_hit'====== Args={'profile': 'default', 'state': 'unlit', 'advancing': True}
2022-08-22 17:40:03,057 : INFO : EventManager : Event: ======'player_score'====== Args={'value': 30000, 'prev_value': 0, 'change': 30000, 'player_num': 1}
2022-08-22 17:40:03,058 : INFO : EventManager : Event: ======'player_switches'====== Args={'value': 1, 'prev_value': 0, 'change': 1, 'player_num': 1}
2022-08-22 17:40:03,059 : INFO : EventManager : Event: ======'player_combos_combo_timer_tick'====== Args={'value': 6, 'prev_value': 0, 'change': 6, 'player_num': 1}
2022-08-22 17:40:03,059 : INFO : Timer.combo_timer : Starting Timer.
2022-08-22 17:40:03,059 : INFO : EventManager : Event: ======'timer_combo_timer_started'====== Args={'ticks': 6, 'ticks_remaining': 6}
2022-08-22 17:40:03,060 : INFO : EventManager : Event: ======'timer_combo_timer_tick'====== Args={'ticks': 6, 'ticks_remaining': 6}
2022-08-22 17:40:03,060 : INFO : EventManager : Event: ======'logicblock_galaxy_counter_updated'====== Args={'value': 1, 'enabled': True}
2022-08-22 17:40:03,060 : INFO : EventManager : Event: ======'counter_galaxy_counter_hit'====== Args={'count': 1, 'hits': 1, 'remaining': 5}
2022-08-22 17:40:03,061 : INFO : EventManager : Event: ======'logicblock_galaxy_counter_hit'====== Args={'count': 1, 'hits': 1, 'remaining': 5}
2022-08-22 17:40:03,079 : INFO : ball_device.bd_drain : Got eject confirm
2022-08-22 17:40:03,079 : INFO : ball_device.bd_drain : Eject successful
2022-08-22 17:40:03,079 : INFO : EventManager : Event: ======'balldevice_bd_drain_ball_eject_success'====== Args={'balls': 1, 'target': <playfield.playfield>}
2022-08-22 17:40:03,080 : INFO : EventManager : Event: ======'balldevice_playfield_ball_enter'====== Args={'new_balls': 1, 'unclaimed_balls': 1, 'device': <playfield.playfield>}
2022-08-22 17:40:03,080 : INFO : EventManager : Event: ======'playfield_ball_count_change'====== Args={'balls': 1, 'change': 1}
2022-08-22 17:40:03,082 : INFO : EventManager : Event: ======'balldevice_bd_drain_ball_count_changed'====== Args={'balls': 0}
2022-08-22 17:40:03,082 : INFO : ball_device.bd_drain : State: idle
2022-08-22 17:40:03,084 : INFO : SwitchController : <<<<<<< 's_left_inlane_far' inactive >>>>>>>
2022-08-22 17:40:03,226 : INFO : SwitchController : <<<<<<< 's_left_flipper' active >>>>>>>
2022-08-22 17:40:03,226 : INFO : EventManager : Event: ======'s_left_flipper_active'====== Args={}
2022-08-22 17:40:03,227 : INFO : EventManager : Event: ======'machine_var_audits_switches_s_left_flipper'====== Args={'value': 34908, 'prev_value': 34907, 'change': 1}
2022-08-22 17:40:03,555 : INFO : EventManager : Event: ======'player_combos_combo_timer_tick'====== Args={'value': 5, 'prev_value': 6, 'change': -1, 'player_num': 1}
2022-08-22 17:40:03,556 : INFO : EventManager : Event: ======'timer_combo_timer_tick'====== Args={'ticks': 5, 'ticks_remaining': 5}
2022-08-22 17:40:03,562 : INFO : SwitchController : <<<<<<< 's_left_flipper' inactive >>>>>>>
2022-08-22 17:40:04,054 : INFO : EventManager : Event: ======'player_combos_combo_timer_tick'====== Args={'value': 4, 'prev_value': 5, 'change': -1, 'player_num': 1}
2022-08-22 17:40:04,055 : INFO : EventManager : Event: ======'timer_combo_timer_tick'====== Args={'ticks': 4, 'ticks_remaining': 4}
2022-08-22 17:40:04,217 : INFO : SwitchController : <<<<<<< 's_right_inlane_far' active >>>>>>>
2022-08-22 17:40:04,217 : INFO : EventManager : Event: ======'s_right_inlane_far_active'====== Args={}
2022-08-22 17:40:04,218 : INFO : EventManager : Event: ======'machine_var_audits_switches_s_right_inlane_far'====== Args={'value': 6285, 'prev_value': 6284, 'change': 1}
2022-08-22 17:40:04,220 : INFO : EventManager : Event: ======'player_combo'====== Args={'value': 1, 'prev_value': 0, 'change': 1, 'player_num': 1}
2022-08-22 17:40:04,221 : INFO : EventManager : Event: ======'player_combo_value'====== Args={'value': 25000, 'prev_value': 0, 'change': 25000, 'player_num': 1}
2022-08-22 17:40:04,222 : INFO : EventManager : Event: ======'player_score'====== Args={'value': 55000, 'prev_value': 30000, 'change': 25000, 'player_num': 1}
2022-08-22 17:40:04,223 : INFO : EventManager : Event: ======'player_shot_portal_advance'====== Args={'value': 1, 'prev_value': 0, 'change': 1, 'player_num': 1}
2022-08-22 17:40:04,224 : INFO : EventManager : Event: ======'machine_var_audits_shots_portal_advance'====== Args={'value': 4665, 'prev_value': 4664, 'change': 1}
2022-08-22 17:40:04,225 : INFO : EventManager : Event: ======'portal_advance_hit'====== Args={'profile': 'default', 'state': 'unlit', 'advancing': True}
2022-08-22 17:40:04,225 : INFO : EventManager : Event: ======'portal_advance_default_hit'====== Args={'profile': 'default', 'state': 'unlit', 'advancing': True}
2022-08-22 17:40:04,225 : INFO : EventManager : Event: ======'portal_advance_default_unlit_hit'====== Args={'profile': 'default', 'state': 'unlit', 'advancing': True}
2022-08-22 17:40:04,225 : INFO : EventManager : Event: ======'portal_advance_unlit_hit'====== Args={'profile': 'default', 'state': 'unlit', 'advancing': True}
2022-08-22 17:40:04,225 : INFO : EventManager : Event: ======'player_score'====== Args={'value': 85000, 'prev_value': 55000, 'change': 30000, 'player_num': 1}
2022-08-22 17:40:04,226 : INFO : EventManager : Event: ======'player_switches'====== Args={'value': 2, 'prev_value': 1, 'change': 1, 'player_num': 1}
2022-08-22 17:40:04,227 : INFO : EventManager : Event: ======'player_combos_combo_timer_tick'====== Args={'value': 6, 'prev_value': 4, 'change': 2, 'player_num': 1}
2022-08-22 17:40:04,228 : INFO : EventManager : Event: ======'logicblock_portal_counter_updated'====== Args={'value': 4, 'enabled': True}
2022-08-22 17:40:04,228 : INFO : EventManager : Event: ======'counter_portal_counter_hit'====== Args={'count': 4, 'hits': 4, 'remaining': 2}
2022-08-22 17:40:04,228 : INFO : EventManager : Event: ======'logicblock_portal_counter_hit'====== Args={'count': 4, 'hits': 4, 'remaining': 2}
2022-08-22 17:40:04,250 : INFO : EventManager : Event: ======'slide_combo_slide_created'====== Args={'_from_bcp': True}
2022-08-22 17:40:04,259 : INFO : EventManager : Event: ======'slide_combo_slide_active'====== Args={'_from_bcp': True}
2022-08-22 17:40:04,303 : INFO : EventManager : Event: ======'slide_ball_saved_slide_removed'====== Args={'_from_bcp': True}
2022-08-22 17:40:04,473 : INFO : SwitchController : <<<<<<< 's_right_inlane_far' inactive >>>>>>>
2022-08-22 17:40:04,570 : INFO : SwitchController : <<<<<<< 's_right_inlane_far' active >>>>>>>
2022-08-22 17:40:04,570 : INFO : EventManager : Event: ======'s_right_inlane_far_active'====== Args={}
2022-08-22 17:40:04,571 : INFO : EventManager : Event: ======'machine_var_audits_switches_s_right_inlane_far'====== Args={'value': 6286, 'prev_value': 6285, 'change': 1}
2022-08-22 17:40:04,573 : INFO : EventManager : Event: ======'machine_var_audits_shots_portal_advance'====== Args={'value': 4666, 'prev_value': 4665, 'change': 1}
2022-08-22 17:40:04,574 : INFO : EventManager : Event: ======'portal_advance_hit'====== Args={'profile': 'default', 'state': 'lit', 'advancing': False}
2022-08-22 17:40:04,574 : INFO : EventManager : Event: ======'portal_advance_default_hit'====== Args={'profile': 'default', 'state': 'lit', 'advancing': False}
2022-08-22 17:40:04,574 : INFO : EventManager : Event: ======'portal_advance_default_lit_hit'====== Args={'profile': 'default', 'state': 'lit', 'advancing': False}
2022-08-22 17:40:04,575 : INFO : EventManager : Event: ======'portal_advance_lit_hit'====== Args={'profile': 'default', 'state': 'lit', 'advancing': False}
2022-08-22 17:40:04,575 : INFO : EventManager : Event: ======'player_score'====== Args={'value': 115000, 'prev_value': 85000, 'change': 30000, 'player_num': 1}
2022-08-22 17:40:04,575 : INFO : EventManager : Event: ======'player_switches'====== Args={'value': 3, 'prev_value': 2, 'change': 1, 'player_num': 1}
2022-08-22 17:40:04,576 : INFO : EventManager : Event: ======'logicblock_portal_counter_updated'====== Args={'value': 5, 'enabled': True}
2022-08-22 17:40:04,576 : INFO : EventManager : Event: ======'counter_portal_counter_hit'====== Args={'count': 5, 'hits': 5, 'remaining': 1}
2022-08-22 17:40:04,577 : INFO : EventManager : Event: ======'logicblock_portal_counter_hit'====== Args={'count': 5, 'hits': 5, 'remaining': 1}
2022-08-22 17:40:04,879 : INFO : SwitchController : <<<<<<< 's_right_inlane_far' inactive >>>>>>>
2022-08-22 17:40:05,068 : INFO : EventManager : Event: ======'player_combos_combo_timer_tick'====== Args={'value': 5, 'prev_value': 6, 'change': -1, 'player_num': 1}
2022-08-22 17:40:05,069 : INFO : EventManager : Event: ======'timer_combo_timer_tick'====== Args={'ticks': 5, 'ticks_remaining': 5}
2022-08-22 17:40:05,567 : INFO : EventManager : Event: ======'player_combos_combo_timer_tick'====== Args={'value': 4, 'prev_value': 5, 'change': -1, 'player_num': 1}
2022-08-22 17:40:05,568 : INFO : EventManager : Event: ======'timer_combo_timer_tick'====== Args={'ticks': 4, 'ticks_remaining': 4}
2022-08-22 17:40:05,593 : INFO : SwitchController : <<<<<<< 's_right_flipper' active >>>>>>>
2022-08-22 17:40:05,594 : INFO : EventManager : Event: ======'s_right_flipper_active'====== Args={}
2022-08-22 17:40:05,594 : INFO : EventManager : Event: ======'machine_var_audits_switches_s_right_flipper'====== Args={'value': 32208, 'prev_value': 32207, 'change': 1}
2022-08-22 17:40:05,673 : INFO : SwitchController : <<<<<<< 's_right_flipper' inactive >>>>>>>
2022-08-22 17:40:06,066 : INFO : EventManager : Event: ======'player_combos_combo_timer_tick'====== Args={'value': 3, 'prev_value': 4, 'change': -1, 'player_num': 1}
2022-08-22 17:40:06,067 : INFO : EventManager : Event: ======'timer_combo_timer_tick'====== Args={'ticks': 3, 'ticks_remaining': 3}
2022-08-22 17:40:06,237 : INFO : EventManager : Event: ======'slide_combo_slide_removed'====== Args={'_from_bcp': True}
2022-08-22 17:40:06,237 : INFO : EventManager : Event: ======'slide_score_slide_active'====== Args={'_from_bcp': True}
2022-08-22 17:40:06,566 : INFO : EventManager : Event: ======'player_combos_combo_timer_tick'====== Args={'value': 2, 'prev_value': 3, 'change': -1, 'player_num': 1}
2022-08-22 17:40:06,567 : INFO : EventManager : Event: ======'timer_combo_timer_tick'====== Args={'ticks': 2, 'ticks_remaining': 2}
2022-08-22 17:40:07,065 : INFO : EventManager : Event: ======'player_combos_combo_timer_tick'====== Args={'value': 1, 'prev_value': 2, 'change': -1, 'player_num': 1}
2022-08-22 17:40:07,066 : INFO : EventManager : Event: ======'timer_combo_timer_tick'====== Args={'ticks': 1, 'ticks_remaining': 1}
2022-08-22 17:40:07,564 : INFO : EventManager : Event: ======'player_combos_combo_timer_tick'====== Args={'value': 0, 'prev_value': 1, 'change': -1, 'player_num': 1}
2022-08-22 17:40:07,565 : INFO : Timer.combo_timer : Timer Complete
2022-08-22 17:40:07,565 : INFO : Timer.combo_timer : Stopping Timer
2022-08-22 17:40:07,565 : INFO : EventManager : Event: ======'timer_combo_timer_stopped'====== Args={'ticks': 0, 'ticks_remaining': 1}
2022-08-22 17:40:07,565 : INFO : EventManager : Event: ======'timer_combo_timer_complete'====== Args={'ticks': 0, 'ticks_remaining': 1}
2022-08-22 17:40:08,649 : INFO : SwitchController : <<<<<<< 's_left_inlane_far' active >>>>>>>
2022-08-22 17:40:08,650 : INFO : EventManager : Event: ======'s_left_inlane_far_active'====== Args={}
2022-08-22 17:40:08,650 : INFO : EventManager : Event: ======'machine_var_audits_switches_s_left_inlane_far'====== Args={'value': 4241, 'prev_value': 4240, 'change': 1}
2022-08-22 17:40:08,652 : INFO : EventManager : Event: ======'machine_var_audits_shots_galaxy_advance'====== Args={'value': 2359, 'prev_value': 2358, 'change': 1}
2022-08-22 17:40:08,658 : INFO : EventManager : Event: ======'galaxy_advance_hit'====== Args={'profile': 'default', 'state': 'lit', 'advancing': False}
2022-08-22 17:40:08,658 : INFO : EventManager : Event: ======'galaxy_advance_default_hit'====== Args={'profile': 'default', 'state': 'lit', 'advancing': False}
2022-08-22 17:40:08,658 : INFO : EventManager : Event: ======'galaxy_advance_default_lit_hit'====== Args={'profile': 'default', 'state': 'lit', 'advancing': False}
2022-08-22 17:40:08,658 : INFO : EventManager : Event: ======'galaxy_advance_lit_hit'====== Args={'profile': 'default', 'state': 'lit', 'advancing': False}
2022-08-22 17:40:08,658 : INFO : EventManager : Event: ======'player_score'====== Args={'value': 145000, 'prev_value': 115000, 'change': 30000, 'player_num': 1}
2022-08-22 17:40:08,668 : INFO : EventManager : Event: ======'player_switches'====== Args={'value': 4, 'prev_value': 3, 'change': 1, 'player_num': 1}
2022-08-22 17:40:08,669 : INFO : EventManager : Event: ======'player_combos_combo_timer_tick'====== Args={'value': 6, 'prev_value': 0, 'change': 6, 'player_num': 1}
2022-08-22 17:40:08,670 : INFO : Timer.combo_timer : Starting Timer.
2022-08-22 17:40:08,670 : INFO : EventManager : Event: ======'timer_combo_timer_started'====== Args={'ticks': 6, 'ticks_remaining': 6}
2022-08-22 17:40:08,670 : INFO : EventManager : Event: ======'timer_combo_timer_tick'====== Args={'ticks': 6, 'ticks_remaining': 6}
2022-08-22 17:40:08,671 : INFO : EventManager : Event: ======'logicblock_galaxy_counter_updated'====== Args={'value': 2, 'enabled': True}
2022-08-22 17:40:08,671 : INFO : EventManager : Event: ======'counter_galaxy_counter_hit'====== Args={'count': 2, 'hits': 2, 'remaining': 4}
2022-08-22 17:40:08,671 : INFO : EventManager : Event: ======'logicblock_galaxy_counter_hit'====== Args={'count': 2, 'hits': 2, 'remaining': 4}
2022-08-22 17:40:08,713 : INFO : SwitchController : <<<<<<< 's_left_inlane_far' inactive >>>>>>>
2022-08-22 17:40:08,953 : INFO : SwitchController : <<<<<<< 's_left_inlane_far' active >>>>>>>
2022-08-22 17:40:08,953 : INFO : EventManager : Event: ======'s_left_inlane_far_active'====== Args={}
2022-08-22 17:40:08,954 : INFO : EventManager : Event: ======'machine_var_audits_switches_s_left_inlane_far'====== Args={'value': 4242, 'prev_value': 4241, 'change': 1}
2022-08-22 17:40:08,956 : INFO : EventManager : Event: ======'machine_var_audits_shots_galaxy_advance'====== Args={'value': 2360, 'prev_value': 2359, 'change': 1}
2022-08-22 17:40:08,957 : INFO : EventManager : Event: ======'galaxy_advance_hit'====== Args={'profile': 'default', 'state': 'lit', 'advancing': False}
2022-08-22 17:40:08,958 : INFO : EventManager : Event: ======'galaxy_advance_default_hit'====== Args={'profile': 'default', 'state': 'lit', 'advancing': False}
2022-08-22 17:40:08,958 : INFO : EventManager : Event: ======'galaxy_advance_default_lit_hit'====== Args={'profile': 'default', 'state': 'lit', 'advancing': False}
2022-08-22 17:40:08,958 : INFO : EventManager : Event: ======'galaxy_advance_lit_hit'====== Args={'profile': 'default', 'state': 'lit', 'advancing': False}
2022-08-22 17:40:08,958 : INFO : EventManager : Event: ======'player_score'====== Args={'value': 175000, 'prev_value': 145000, 'change': 30000, 'player_num': 1}
2022-08-22 17:40:08,959 : INFO : EventManager : Event: ======'player_switches'====== Args={'value': 5, 'prev_value': 4, 'change': 1, 'player_num': 1}
2022-08-22 17:40:08,960 : INFO : EventManager : Event: ======'logicblock_galaxy_counter_updated'====== Args={'value': 3, 'enabled': True}
2022-08-22 17:40:08,960 : INFO : EventManager : Event: ======'counter_galaxy_counter_hit'====== Args={'count': 3, 'hits': 3, 'remaining': 3}
2022-08-22 17:40:08,961 : INFO : EventManager : Event: ======'logicblock_galaxy_counter_hit'====== Args={'count': 3, 'hits': 3, 'remaining': 3}
2022-08-22 17:40:09,081 : INFO : SwitchController : <<<<<<< 's_left_inlane_far' inactive >>>>>>>
2022-08-22 17:40:09,257 : INFO : SwitchController : <<<<<<< 's_left_inlane_far' active >>>>>>>
2022-08-22 17:40:09,257 : INFO : EventManager : Event: ======'s_left_inlane_far_active'====== Args={}
2022-08-22 17:40:09,258 : INFO : EventManager : Event: ======'machine_var_audits_switches_s_left_inlane_far'====== Args={'value': 4243, 'prev_value': 4242, 'change': 1}
2022-08-22 17:40:09,260 : INFO : EventManager : Event: ======'machine_var_audits_shots_galaxy_advance'====== Args={'value': 2361, 'prev_value': 2360, 'change': 1}
2022-08-22 17:40:09,261 : INFO : EventManager : Event: ======'galaxy_advance_hit'====== Args={'profile': 'default', 'state': 'lit', 'advancing': False}
2022-08-22 17:40:09,261 : INFO : EventManager : Event: ======'galaxy_advance_default_hit'====== Args={'profile': 'default', 'state': 'lit', 'advancing': False}
2022-08-22 17:40:09,261 : INFO : EventManager : Event: ======'galaxy_advance_default_lit_hit'====== Args={'profile': 'default', 'state': 'lit', 'advancing': False}
2022-08-22 17:40:09,262 : INFO : EventManager : Event: ======'galaxy_advance_lit_hit'====== Args={'profile': 'default', 'state': 'lit', 'advancing': False}
2022-08-22 17:40:09,262 : INFO : EventManager : Event: ======'player_score'====== Args={'value': 205000, 'prev_value': 175000, 'change': 30000, 'player_num': 1}
2022-08-22 17:40:09,263 : INFO : EventManager : Event: ======'player_switches'====== Args={'value': 6, 'prev_value': 5, 'change': 1, 'player_num': 1}
2022-08-22 17:40:09,264 : INFO : EventManager : Event: ======'logicblock_galaxy_counter_updated'====== Args={'value': 4, 'enabled': True}
2022-08-22 17:40:09,264 : INFO : EventManager : Event: ======'counter_galaxy_counter_hit'====== Args={'count': 4, 'hits': 4, 'remaining': 2}
2022-08-22 17:40:09,264 : INFO : EventManager : Event: ======'logicblock_galaxy_counter_hit'====== Args={'count': 4, 'hits': 4, 'remaining': 2}
2022-08-22 17:40:09,385 : INFO : SwitchController : <<<<<<< 's_left_inlane_far' inactive >>>>>>>
2022-08-22 17:40:09,562 : INFO : SwitchController : <<<<<<< 's_left_inlane_far' active >>>>>>>
2022-08-22 17:40:09,562 : INFO : EventManager : Event: ======'s_left_inlane_far_active'====== Args={}
2022-08-22 17:40:09,562 : INFO : EventManager : Event: ======'machine_var_audits_switches_s_left_inlane_far'====== Args={'value': 4244, 'prev_value': 4243, 'change': 1}
2022-08-22 17:40:09,565 : INFO : EventManager : Event: ======'machine_var_audits_shots_galaxy_advance'====== Args={'value': 2362, 'prev_value': 2361, 'change': 1}
2022-08-22 17:40:09,566 : INFO : EventManager : Event: ======'galaxy_advance_hit'====== Args={'profile': 'default', 'state': 'lit', 'advancing': False}
2022-08-22 17:40:09,566 : INFO : EventManager : Event: ======'galaxy_advance_default_hit'====== Args={'profile': 'default', 'state': 'lit', 'advancing': False}
2022-08-22 17:40:09,566 : INFO : EventManager : Event: ======'galaxy_advance_default_lit_hit'====== Args={'profile': 'default', 'state': 'lit', 'advancing': False}
2022-08-22 17:40:09,567 : INFO : EventManager : Event: ======'galaxy_advance_lit_hit'====== Args={'profile': 'default', 'state': 'lit', 'advancing': False}
2022-08-22 17:40:09,567 : INFO : EventManager : Event: ======'player_score'====== Args={'value': 235000, 'prev_value': 205000, 'change': 30000, 'player_num': 1}
2022-08-22 17:40:09,568 : INFO : EventManager : Event: ======'player_switches'====== Args={'value': 7, 'prev_value': 6, 'change': 1, 'player_num': 1}
2022-08-22 17:40:09,569 : INFO : EventManager : Event: ======'logicblock_galaxy_counter_updated'====== Args={'value': 5, 'enabled': True}
2022-08-22 17:40:09,569 : INFO : EventManager : Event: ======'counter_galaxy_counter_hit'====== Args={'count': 5, 'hits': 5, 'remaining': 1}
2022-08-22 17:40:09,569 : INFO : EventManager : Event: ======'logicblock_galaxy_counter_hit'====== Args={'count': 5, 'hits': 5, 'remaining': 1}
2022-08-22 17:40:09,673 : INFO : SwitchController : <<<<<<< 's_left_inlane_far' inactive >>>>>>>
2022-08-22 17:40:09,913 : INFO : SwitchController : <<<<<<< 's_left_inlane_far' active >>>>>>>
2022-08-22 17:40:09,913 : INFO : EventManager : Event: ======'s_left_inlane_far_active'====== Args={}
2022-08-22 17:40:09,914 : INFO : EventManager : Event: ======'machine_var_audits_switches_s_left_inlane_far'====== Args={'value': 4245, 'prev_value': 4244, 'change': 1}
2022-08-22 17:40:09,916 : INFO : EventManager : Event: ======'machine_var_audits_shots_galaxy_advance'====== Args={'value': 2363, 'prev_value': 2362, 'change': 1}
2022-08-22 17:40:09,917 : INFO : EventManager : Event: ======'galaxy_advance_hit'====== Args={'profile': 'default', 'state': 'lit', 'advancing': False}
2022-08-22 17:40:09,917 : INFO : EventManager : Event: ======'galaxy_advance_default_hit'====== Args={'profile': 'default', 'state': 'lit', 'advancing': False}
2022-08-22 17:40:09,918 : INFO : EventManager : Event: ======'galaxy_advance_default_lit_hit'====== Args={'profile': 'default', 'state': 'lit', 'advancing': False}
2022-08-22 17:40:09,918 : INFO : EventManager : Event: ======'galaxy_advance_lit_hit'====== Args={'profile': 'default', 'state': 'lit', 'advancing': False}
2022-08-22 17:40:09,918 : INFO : EventManager : Event: ======'player_score'====== Args={'value': 265000, 'prev_value': 235000, 'change': 30000, 'player_num': 1}
2022-08-22 17:40:09,919 : INFO : EventManager : Event: ======'player_switches'====== Args={'value': 8, 'prev_value': 7, 'change': 1, 'player_num': 1}
2022-08-22 17:40:09,920 : INFO : EventManager : Event: ======'logicblock_galaxy_counter_updated'====== Args={'value': 6, 'enabled': True}
2022-08-22 17:40:09,920 : INFO : EventManager : Event: ======'counter_galaxy_counter_hit'====== Args={'count': 6, 'hits': 6, 'remaining': 0}
2022-08-22 17:40:09,920 : INFO : EventManager : Event: ======'logicblock_galaxy_counter_hit'====== Args={'count': 6, 'hits': 6, 'remaining': 0}
2022-08-22 17:40:09,920 : INFO : EventManager : Event: ======'add_x'====== Args={}
2022-08-22 17:40:09,920 : INFO : EventManager : Event: ======'logicblock_galaxy_counter_updated'====== Args={'value': 0, 'enabled': True}
2022-08-22 17:40:09,920 : INFO : EventManager : Event: ======'mode_playfield_multiplier_will_start'====== Args={}
2022-08-22 17:40:09,923 : INFO : EventManager : Event: ======'mode_playfield_multiplier_starting'====== Args={}
2022-08-22 17:40:09,924 : INFO : EventManager : Event: ======'player_playfield_multiplier'====== Args={'value': 2, 'prev_value': 1, 'change': 1, 'player_num': 1}
2022-08-22 17:40:09,925 : INFO : Mode.playfield_multiplier : Started. Priority: 10000
2022-08-22 17:40:09,925 : INFO : EventManager : Event: ======'modes_active_modes_changed'====== Args={}
2022-08-22 17:40:09,925 : INFO : EventManager : Event: ======'mode_playfield_multiplier_started'====== Args={}
2022-08-22 17:40:09,927 : INFO : Timer.playfield_x_timer : Starting Timer.
2022-08-22 17:40:09,927 : INFO : EventManager : Event: ======'timer_playfield_x_timer_started'====== Args={'ticks': 75, 'ticks_remaining': 75}
2022-08-22 17:40:09,927 : INFO : EventManager : Event: ======'timer_playfield_x_timer_tick'====== Args={'ticks': 75, 'ticks_remaining': 75}
2022-08-22 17:40:09,927 : INFO : EventManager : Event: ======'player_playfield_x_timer_seconds'====== Args={'value': 75, 'prev_value': 0, 'change': 75, 'player_num': 1}
2022-08-22 17:40:09,977 : INFO : SwitchController : <<<<<<< 's_left_inlane_far' inactive >>>>>>>
2022-08-22 17:40:10,224 : INFO : Machine : Shutting down...
2022-08-22 17:40:10,225 : INFO : EventManager : Event: ======'shutdown'====== Args={}
2022-08-22 17:40:10,233 : WARNING : FAST : Port RGB received more messages than were sent! Resetting!
2022-08-22 17:40:10,233 : WARNING : FAST : Received unknown serial command? BX:P from RGB.
2022-08-22 17:40:10,233 : WARNING : FAST : Port NET received more messages than were sent! Resetting!
2022-08-22 17:40:10,325 : ERROR : FAST : Stop called on serial connection com7
2022-08-22 17:40:10,325 : ERROR : FAST : Stop called on serial connection com8
2022-08-22 17:40:10,540 : INFO : root : MPF run loop ended.
