2022-09-02 15:22:12,723 : kivy : Factory: 186 symbols loaded
2022-09-02 15:22:12,863 : kivy : ImageLoaderFFPy: Using ffpyplayer 4.3.2
2022-09-02 15:22:12,863 : kivy : Image: Providers: img_tex, img_dds, img_sdl2, img_pil, img_ffpyplayer 
2022-09-02 15:22:12,903 : kivy : VideoGstplayer: Using Gstreamer 1.18.0.0
2022-09-02 15:22:12,903 : kivy : Video: Provider: gstplayer
2022-09-02 15:22:13,065 : kivy : Loading MPF-MC controller
2022-09-02 15:22:13,589 : ConfigProcessor : Config spec file cache created: C:\Users\Brendan\AppData\Local\Temp\config_spec.mpf_cache
2022-09-02 15:22:13,590 : YamlMultifileConfigLoader : Machine config file #1: config
2022-09-02 15:22:13,590 : ConfigProcessor : Config file in cache changed: C:\Baby_pacman_code\machine\config\config
2022-09-02 15:22:13,590 : ConfigProcessor : Loading config from file c:\users\brendan\appdata\local\programs\python\python37\lib\site-packages\mpfmc\mcconfig.yaml.
2022-09-02 15:22:13,641 : ConfigProcessor : Loading config: c:\users\brendan\appdata\local\programs\python\python37\lib\site-packages\mpfmc\mcconfig.yaml
2022-09-02 15:22:13,641 : ConfigProcessor : Loading config from file C:\Baby_pacman_code\machine\config\config.
2022-09-02 15:22:13,769 : ConfigProcessor : Loading config: C:\Baby_pacman_code\machine\config\config
2022-09-02 15:22:13,772 : ConfigProcessor : Config file cache created: C:\Users\Brendan\AppData\Local\Temp\e68bda1e95a8aa0185725ca2569cabab.mpf_cache
2022-09-02 15:22:13,772 : ConfigProcessor : Loading config from cache: C:\Users\Brendan\AppData\Local\Temp\467e7647689d29fad6adf949e1f4d51d.mpf_cache
2022-09-02 15:22:13,773 : ConfigProcessor : Loading config from cache: C:\Users\Brendan\AppData\Local\Temp\5550e037aa776b42b91b29b40b356c70.mpf_cache
2022-09-02 15:22:13,773 : ConfigProcessor : Loading config from cache: C:\Users\Brendan\AppData\Local\Temp\15e0c601392b30c3d9ba3ead8131edb5.mpf_cache
2022-09-02 15:22:13,774 : ConfigProcessor : Loading config from cache: C:\Users\Brendan\AppData\Local\Temp\0bf50917c4ef15ab65ee13d6c14e7d7c.mpf_cache
2022-09-02 15:22:13,775 : ConfigProcessor : Loading config from cache: C:\Users\Brendan\AppData\Local\Temp\bc7da7b13b2754e080c2afa0678ac274.mpf_cache
2022-09-02 15:22:13,775 : ConfigProcessor : Loading config from cache: C:\Users\Brendan\AppData\Local\Temp\bbd59d0bb6602ee0c5a89d6f85e6dd42.mpf_cache
2022-09-02 15:22:13,776 : ConfigProcessor : Loading config from cache: C:\Users\Brendan\AppData\Local\Temp\5526c78976fee311c3d05505d75f653d.mpf_cache
2022-09-02 15:22:13,776 : ConfigProcessor : Loading config from cache: C:\Users\Brendan\AppData\Local\Temp\6e95138ae5415fc76b53ebf8fa245fb5.mpf_cache
2022-09-02 15:22:13,777 : ConfigProcessor : Loading config from cache: C:\Users\Brendan\AppData\Local\Temp\1ec1c4dffb383758956493783a9ed391.mpf_cache
2022-09-02 15:22:13,778 : ConfigProcessor : Loading config from cache: C:\Users\Brendan\AppData\Local\Temp\f2aee92728c8017b77c710c804dd7f5a.mpf_cache
2022-09-02 15:22:13,778 : ConfigProcessor : Loading config from cache: C:\Users\Brendan\AppData\Local\Temp\88f57fa1305e9dc100972ec9f84d57fe.mpf_cache
2022-09-02 15:22:13,779 : ConfigProcessor : Loading config from cache: C:\Users\Brendan\AppData\Local\Temp\6e00a9d794d4c3f43a0fc48da04dac60.mpf_cache
2022-09-02 15:22:13,780 : ConfigProcessor : Loading config from cache: C:\Users\Brendan\AppData\Local\Temp\05ef98219fc733c3bcab58726c4b37ef.mpf_cache
2022-09-02 15:22:13,780 : ConfigProcessor : Loading config from cache: C:\Users\Brendan\AppData\Local\Temp\c22d657a5a7bb60632c2be2c735e073b.mpf_cache
2022-09-02 15:22:13,781 : ConfigProcessor : Loading config from cache: C:\Users\Brendan\AppData\Local\Temp\f7d4f5eb9425fe84d2e83a363afd4bdf.mpf_cache
2022-09-02 15:22:13,782 : ConfigProcessor : Loading config from cache: C:\Users\Brendan\AppData\Local\Temp\125f51d329f930ea7bff10973551cc26.mpf_cache
2022-09-02 15:22:13,782 : ConfigProcessor : Loading config from cache: C:\Users\Brendan\AppData\Local\Temp\08e18dfdf4e02cd29cc0cc52be2faaf4.mpf_cache
2022-09-02 15:22:13,783 : ConfigProcessor : Loading config from cache: C:\Users\Brendan\AppData\Local\Temp\f042f5bf6362b9e04d43b40b93a92057.mpf_cache
2022-09-02 15:22:13,783 : ConfigProcessor : Loading config from cache: C:\Users\Brendan\AppData\Local\Temp\60badac06cd62deb71f25fac24b103c2.mpf_cache
2022-09-02 15:22:13,784 : ConfigProcessor : Loading config from cache: C:\Users\Brendan\AppData\Local\Temp\a3ad1aeb679a0686901de8a6ffe784f0.mpf_cache
2022-09-02 15:22:13,785 : ConfigProcessor : Loading config from cache: C:\Users\Brendan\AppData\Local\Temp\d7856287e4ec48fb5adaa65e5f7b2848.mpf_cache
2022-09-02 15:22:13,785 : mpfmc : Mission Pinball Framework Media Controller v0.55.0
2022-09-02 15:22:13,785 : mpfmc : Mission Pinball Framework Game Engine v0.55.0
2022-09-02 15:22:13,785 : mpfmc : Machine path: C:\Baby_pacman_code\machine
2022-09-02 15:22:13,785 : mpfmc : Starting clock at 60.0Hz
2022-09-02 15:22:13,797 : kivy : Text: Provider: sdl2
2022-09-02 15:22:13,832 : kivy : Window: Provider: sdl2
2022-09-02 15:22:13,898 : kivy : GL: Using the "OpenGL" graphics system
2022-09-02 15:22:13,899 : kivy : GL: GLEW initialization succeeded
2022-09-02 15:22:13,899 : kivy : GL: Backend used <glew>
2022-09-02 15:22:13,899 : kivy : GL: OpenGL version <b'3.1.0 - Build 9.17.10.3517'>
2022-09-02 15:22:13,899 : kivy : GL: OpenGL vendor <b'Intel'>
2022-09-02 15:22:13,899 : kivy : GL: OpenGL renderer <b'Intel(R) HD Graphics 2000'>
2022-09-02 15:22:13,899 : kivy : GL: OpenGL parsed version: 3, 1
2022-09-02 15:22:13,899 : kivy : GL: Shading version <b'1.40 - Intel Build 9.17.10.3517'>
2022-09-02 15:22:13,900 : kivy : GL: Texture max size <8192>
2022-09-02 15:22:13,900 : kivy : GL: Texture max units <16>
2022-09-02 15:22:13,967 : kivy : Window: auto add sdl2 input provider
2022-09-02 15:22:13,968 : kivy : Window: virtual keyboard not allowed, single mode, not docked
2022-09-02 15:22:14,121 : AudioInterface : Initialized
2022-09-02 15:22:14,122 : AudioInterface : Loaded SDL 2.0.12
2022-09-02 15:22:14,122 : AudioInterface : Loaded SDL_Mixer 2.0.4
2022-09-02 15:22:14,122 : AudioInterface : Loaded GStreamer 1.18.0.0
2022-09-02 15:22:14,122 : AudioInterface : Loaded GLib 2.62.6
2022-09-02 15:22:14,122 : AudioInterface : Settings requested - rate: 44100, channels: 1, buffer: 2048 samples
2022-09-02 15:22:14,122 : AudioInterface : Settings in use - rate: 44100, channels: 1, buffer: 2048 samples (4096 bytes @ 2 bytes per sample)
2022-09-02 15:22:14,122 : SoundSystem : Setting master volume to 0.0
2022-09-02 15:22:14,122 : SoundSystem : master_volume in sound_system is deprecated and will be removed in the future.
2022-09-02 15:22:14,122 : AudioInterface : Enabling audio playback
2022-09-02 15:22:14,125 : kivy : Base: Start application main loop
2022-09-02 15:22:14,125 : EventManager : Event: ======'display_window1_initialized'====== Args={}
2022-09-02 15:22:14,296 : mpfmc : Display: Setting 'window1' as default display
2022-09-02 15:22:14,303 : mpfmc : ASPECT RATIO MISMATCH: The on-screen window is not the same aspect ratio as the display called 'window1'. The logical display will be scaled from 1366x768 to the window size 1920x1058, and a black bar will make up the difference
2022-09-02 15:22:14,304 : EventManager : Event: ======'displays_initialized'====== Args={}
2022-09-02 15:22:14,306 : EventManager : Event: ======'slide_window1_blank_created'====== Args={}
2022-09-02 15:22:14,306 : EventManager : Event: ======'display_window1_ready'====== Args={}
2022-09-02 15:22:14,316 : EventManager : Event: ======'init_phase_1'====== Args={}
2022-09-02 15:22:14,321 : EventManager : Event: ======'mc_ready'====== Args={}
2022-09-02 15:22:14,321 : EventManager : Event: ======'init_phase_2'====== Args={}
2022-09-02 15:22:14,350 : EventManager : Event: ======'init_phase_3'====== Args={}
2022-09-02 15:22:14,356 : EventManager : Event: ======'init_phase_4'====== Args={}
2022-09-02 15:22:14,356 : EventManager : Event: ======'init_phase_5'====== Args={}
2022-09-02 15:22:14,414 : kivy : GL: NPOT texture support is available
2022-09-02 15:22:14,438 : kivy : GL: Unpack subimage support is available
2022-09-02 15:22:14,469 : EventManager : Event: ======'loading_assets'====== Args={'total': 27, 'loaded': 1, 'remaining': 26, 'percent': 4}
2022-09-02 15:22:14,470 : AssetManager : Loading assets: 1/27 (4%)
2022-09-02 15:22:15,605 : EventManager : Event: ======'loading_assets'====== Args={'total': 27, 'loaded': 2, 'remaining': 25, 'percent': 7}
2022-09-02 15:22:15,605 : AssetManager : Loading assets: 2/27 (7%)
2022-09-02 15:22:17,234 : EventManager : Event: ======'loading_assets'====== Args={'total': 27, 'loaded': 14, 'remaining': 13, 'percent': 52}
2022-09-02 15:22:17,235 : AssetManager : Loading assets: 14/27 (52%)
2022-09-02 15:22:18,006 : EventManager : Event: ======'loading_assets'====== Args={'total': 27, 'loaded': 27, 'remaining': 0, 'percent': 100}
2022-09-02 15:22:18,006 : AssetManager : Asset loading took: 3.8832221031188965
2022-09-02 15:22:18,006 : EventManager : Event: ======'asset_loading_complete'====== Args={}
2022-09-02 15:22:18,006 : AssetManager : Loading assets: 27/27 (100%)
2022-09-02 15:22:18,006 : EventManager : Event: ======'init_done'====== Args={}
2022-09-02 15:22:18,007 : MPF-MC BCP Server : Starting up on localhost port 5050
2022-09-02 15:22:18,009 : MPF-MC BCP Server : Waiting for a connection...
2022-09-02 15:22:18,025 : EventManager : Event: ======'client_disconnected'====== Args={'host': '127.0.0.1', 'port': 5050}
2022-09-02 15:22:19,071 : MPF-MC BCP Server : Received connection from: 127.0.0.1:49396
2022-09-02 15:22:19,072 : EventManager : Event: ======'client_connected'====== Args={'host': '127.0.0.1', 'port': 49396}
2022-09-02 15:22:19,097 : EventManager : Event: ======'machine_var_fast_net_firmware'====== Args={'value': '01.05', 'prev_value': None, 'change': True}
2022-09-02 15:22:19,097 : EventManager : Event: ======'machine_var_fast_net_model'====== Args={'value': 'FP-CPU-002-2', 'prev_value': None, 'change': True}
2022-09-02 15:22:19,097 : EventManager : Event: ======'machine_var_fast_rgb_firmware'====== Args={'value': '01.00', 'prev_value': None, 'change': True}
2022-09-02 15:22:19,097 : EventManager : Event: ======'machine_var_fast_rgb_model'====== Args={'value': 'FP-CPU-002-2', 'prev_value': None, 'change': True}
2022-09-02 15:22:19,098 : EventManager : Event: ======'machine_var_credits_string'====== Args={'value': 'FREE PLAY', 'prev_value': None, 'change': True}
2022-09-02 15:22:19,098 : EventManager : Event: ======'machine_var_master_volume'====== Args={'value': 0.5, 'prev_value': None, 'change': True}
2022-09-02 15:22:19,098 : EventManager : Event: ======'machine_var_player1_score'====== Args={'value': 210762830, 'prev_value': None, 'change': True}
2022-09-02 15:22:19,098 : EventManager : Event: ======'machine_var_mpf_version'====== Args={'value': 'MPF v0.55.0', 'prev_value': None, 'change': True}
2022-09-02 15:22:19,098 : EventManager : Event: ======'machine_var_mpf_extended_version'====== Args={'value': 'MPF v0.55.0, Config version:5, Show version: 5, BCP version:1.1', 'prev_value': None, 'change': True}
2022-09-02 15:22:19,098 : EventManager : Event: ======'machine_var_python_version'====== Args={'value': '3.7.8', 'prev_value': None, 'change': True}
2022-09-02 15:22:19,099 : EventManager : Event: ======'machine_var_platform'====== Args={'value': 'Windows-7-6.1.7601-SP1', 'prev_value': None, 'change': True}
2022-09-02 15:22:19,099 : EventManager : Event: ======'machine_var_platform_system'====== Args={'value': 'Windows', 'prev_value': None, 'change': True}
2022-09-02 15:22:19,099 : EventManager : Event: ======'machine_var_platform_release'====== Args={'value': '7', 'prev_value': None, 'change': True}
2022-09-02 15:22:19,099 : EventManager : Event: ======'machine_var_platform_version'====== Args={'value': '6.1.7601', 'prev_value': None, 'change': True}
2022-09-02 15:22:19,100 : EventManager : Event: ======'machine_var_platform_machine'====== Args={'value': 'AMD64', 'prev_value': None, 'change': True}
2022-09-02 15:22:19,100 : EventManager : Event: ======'machine_var_mc_version'====== Args={'value': 'MPF-MC v0.55.0', 'prev_value': None, 'change': True}
2022-09-02 15:22:19,100 : EventManager : Event: ======'machine_var_mc_extended_version'====== Args={'value': 'MPF-MC v0.55.0 (config_version=5, BCP v1.1, Requires MPF v0.55.0-dev.49)', 'prev_value': None, 'change': True}
2022-09-02 15:22:19,100 : SoundSystem : Setting master volume to 0.5
2022-09-02 15:22:19,626 : EventManager : Event: ======'machine_var_audits_events_game_ended'====== Args={'value': 0, 'prev_value': None, 'change': True}
2022-09-02 15:22:19,626 : EventManager : Event: ======'machine_var_audits_events_game_started'====== Args={'value': 0, 'prev_value': None, 'change': True}
2022-09-02 15:22:19,626 : EventManager : Event: ======'machine_var_audits_player_score'====== Args={'value': {'average': 14629973.862520454, 'top': [720234070, 507595620, 502234510, 210762830, 203435200, 198719690, 196999500, 195274570, 171491840, 161094530], 'total': 611}, 'prev_value': None, 'change': True}
2022-09-02 15:22:19,626 : EventManager : Event: ======'machine_var_audits_shots_center_drop_mission1'====== Args={'value': 600, 'prev_value': None, 'change': True}
2022-09-02 15:22:19,626 : EventManager : Event: ======'machine_var_audits_shots_center_target'====== Args={'value': 323, 'prev_value': None, 'change': True}
2022-09-02 15:22:19,626 : EventManager : Event: ======'machine_var_audits_shots_drop_target1_mission2'====== Args={'value': 242, 'prev_value': None, 'change': True}
2022-09-02 15:22:19,626 : EventManager : Event: ======'machine_var_audits_shots_drop_target2_mission2'====== Args={'value': 283, 'prev_value': None, 'change': True}
2022-09-02 15:22:19,626 : EventManager : Event: ======'machine_var_audits_shots_drop_target3_mission2'====== Args={'value': 330, 'prev_value': None, 'change': True}
2022-09-02 15:22:19,626 : EventManager : Event: ======'machine_var_audits_shots_drop_target4_mission2'====== Args={'value': 293, 'prev_value': None, 'change': True}
2022-09-02 15:22:19,627 : EventManager : Event: ======'machine_var_audits_shots_drop_target5_mission2'====== Args={'value': 251, 'prev_value': None, 'change': True}
2022-09-02 15:22:19,627 : EventManager : Event: ======'machine_var_audits_shots_drop_targets_mission3'====== Args={'value': 1616, 'prev_value': None, 'change': True}
2022-09-02 15:22:19,627 : EventManager : Event: ======'machine_var_audits_shots_galaxy_advance'====== Args={'value': 2905, 'prev_value': None, 'change': True}
2022-09-02 15:22:19,627 : EventManager : Event: ======'machine_var_audits_shots_l_lane'====== Args={'value': 672, 'prev_value': None, 'change': True}
2022-09-02 15:22:19,627 : EventManager : Event: ======'machine_var_audits_shots_left_kicker_mission2'====== Args={'value': 170, 'prev_value': None, 'change': True}
2022-09-02 15:22:19,627 : EventManager : Event: ======'machine_var_audits_shots_left_kicker_mission4'====== Args={'value': 124, 'prev_value': None, 'change': True}
2022-09-02 15:22:19,627 : EventManager : Event: ======'machine_var_audits_shots_left_loop_mission1'====== Args={'value': 682, 'prev_value': None, 'change': True}
2022-09-02 15:22:19,627 : EventManager : Event: ======'machine_var_audits_shots_left_loop_mission2'====== Args={'value': 282, 'prev_value': None, 'change': True}
2022-09-02 15:22:19,628 : EventManager : Event: ======'machine_var_audits_shots_left_loop_mission4'====== Args={'value': 397, 'prev_value': None, 'change': True}
2022-09-02 15:22:19,628 : EventManager : Event: ======'machine_var_audits_shots_portal_advance'====== Args={'value': 5016, 'prev_value': None, 'change': True}
2022-09-02 15:22:19,628 : EventManager : Event: ======'machine_var_audits_shots_r_lane'====== Args={'value': 584, 'prev_value': None, 'change': True}
2022-09-02 15:22:19,628 : EventManager : Event: ======'machine_var_audits_shots_right_kicker_mission2'====== Args={'value': 142, 'prev_value': None, 'change': True}
2022-09-02 15:22:19,628 : EventManager : Event: ======'machine_var_audits_shots_right_kicker_mission4'====== Args={'value': 141, 'prev_value': None, 'change': True}
2022-09-02 15:22:19,628 : EventManager : Event: ======'machine_var_audits_shots_right_loop_mission1'====== Args={'value': 775, 'prev_value': None, 'change': True}
2022-09-02 15:22:19,628 : EventManager : Event: ======'machine_var_audits_shots_right_loop_mission2'====== Args={'value': 329, 'prev_value': None, 'change': True}
2022-09-02 15:22:19,628 : EventManager : Event: ======'machine_var_audits_shots_right_loop_mission4'====== Args={'value': 455, 'prev_value': None, 'change': True}
2022-09-02 15:22:19,628 : EventManager : Event: ======'machine_var_audits_shots_warp_advance'====== Args={'value': 1146, 'prev_value': None, 'change': True}
2022-09-02 15:22:19,629 : EventManager : Event: ======'machine_var_audits_switches_s_action_button'====== Args={'value': 4264, 'prev_value': None, 'change': True}
2022-09-02 15:22:19,629 : EventManager : Event: ======'machine_var_audits_switches_s_drain'====== Args={'value': 2907, 'prev_value': None, 'change': True}
2022-09-02 15:22:19,629 : EventManager : Event: ======'machine_var_audits_switches_s_drop_target1'====== Args={'value': 2020, 'prev_value': None, 'change': True}
2022-09-02 15:22:19,629 : EventManager : Event: ======'machine_var_audits_switches_s_drop_target2'====== Args={'value': 2336, 'prev_value': None, 'change': True}
2022-09-02 15:22:19,629 : EventManager : Event: ======'machine_var_audits_switches_s_drop_target3'====== Args={'value': 2768, 'prev_value': None, 'change': True}
2022-09-02 15:22:19,629 : EventManager : Event: ======'machine_var_audits_switches_s_drop_target4'====== Args={'value': 2212, 'prev_value': None, 'change': True}
2022-09-02 15:22:19,629 : EventManager : Event: ======'machine_var_audits_switches_s_drop_target5'====== Args={'value': 2098, 'prev_value': None, 'change': True}
2022-09-02 15:22:19,629 : EventManager : Event: ======'machine_var_audits_switches_s_left_captive_ball'====== Args={'value': 509, 'prev_value': None, 'change': True}
2022-09-02 15:22:19,629 : EventManager : Event: ======'machine_var_audits_switches_s_left_flipper'====== Args={'value': 37629, 'prev_value': None, 'change': True}
2022-09-02 15:22:19,630 : EventManager : Event: ======'machine_var_audits_switches_s_left_inlane'====== Args={'value': 672, 'prev_value': None, 'change': True}
2022-09-02 15:22:19,630 : EventManager : Event: ======'machine_var_audits_switches_s_left_inlane_far'====== Args={'value': 4901, 'prev_value': None, 'change': True}
2022-09-02 15:22:19,630 : EventManager : Event: ======'machine_var_audits_switches_s_left_kicker'====== Args={'value': 1650, 'prev_value': None, 'change': True}
2022-09-02 15:22:19,630 : EventManager : Event: ======'machine_var_audits_switches_s_left_sling'====== Args={'value': 7409, 'prev_value': None, 'change': True}
2022-09-02 15:22:19,630 : EventManager : Event: ======'machine_var_audits_switches_s_left_spinner'====== Args={'value': 23322, 'prev_value': None, 'change': True}
2022-09-02 15:22:19,630 : EventManager : Event: ======'machine_var_audits_switches_s_right_captive_ball'====== Args={'value': 537, 'prev_value': None, 'change': True}
2022-09-02 15:22:19,630 : EventManager : Event: ======'machine_var_audits_switches_s_right_flipper'====== Args={'value': 34437, 'prev_value': None, 'change': True}
2022-09-02 15:22:19,638 : EventManager : Event: ======'machine_var_audits_switches_s_right_inlane'====== Args={'value': 584, 'prev_value': None, 'change': True}
2022-09-02 15:22:19,638 : EventManager : Event: ======'machine_var_audits_switches_s_right_inlane_far'====== Args={'value': 6777, 'prev_value': None, 'change': True}
2022-09-02 15:22:19,638 : EventManager : Event: ======'machine_var_audits_switches_s_right_kicker'====== Args={'value': 1811, 'prev_value': None, 'change': True}
2022-09-02 15:22:19,638 : EventManager : Event: ======'machine_var_audits_switches_s_right_sling'====== Args={'value': 14432, 'prev_value': None, 'change': True}
2022-09-02 15:22:19,638 : EventManager : Event: ======'machine_var_audits_switches_s_right_spinner'====== Args={'value': 17836, 'prev_value': None, 'change': True}
2022-09-02 15:22:19,638 : EventManager : Event: ======'machine_var_audits_switches_s_start'====== Args={'value': 412, 'prev_value': None, 'change': True}
2022-09-02 15:22:19,650 : EventManager : Event: ======'mc_reset_phase_1'====== Args={}
2022-09-02 15:22:19,650 : EventManager : Event: ======'mc_reset_phase_2'====== Args={}
2022-09-02 15:22:19,650 : EventManager : Event: ======'mc_reset_phase_3'====== Args={}
2022-09-02 15:22:19,650 : EventManager : Event: ======'mc_reset_complete'====== Args={}
2022-09-02 15:22:19,662 : EventManager : Event: ======'slides_play'====== Args={'settings': {'widgets': {'widgets': [{'type': 'text', 'text': 'GAME OVER', 'font_size': 50, 'font_name': 'space_font', '_default_settings': ['type', 'text', 'font_size', 'font_name'], 'x': None, 'y': None, 'anchor_x': 'center', 'anchor_y': 'center', 'round_anchor_x': None, 'round_anchor_y': None, 'opacity': 1.0, 'z': 0, 'reset_animations_events': {}, 'color': [1.0, 1.0, 1.0, 1.0], 'style': [], 'adjust_top': 0, 'adjust_bottom': 0, 'adjust_left': 0, 'adjust_right': 0, 'expire': None, 'key': None, 'widget': None, 'events_when_added': [], 'events_when_removed': [], 'bitmap_font': False, 'font_kerning': True, 'bold': False, 'italic': False, 'number_grouping': False, 'min_digits': 0, 'halign': 'center', 'valign': 'middle', 'rotation': 0, 'scale': 1.0, 'casing': None, 'animations': None}, {'type': 'image', 'image': 'attract_background', '_default_settings': ['type', 'image'], 'x': None, 'y': None, 'anchor_x': 'center', 'anchor_y': 'center', 'round_anchor_x': None, 'round_anchor_y': None, 'opacity': 1.0, 'z': 0, 'reset_animations_events': {}, 'color': [1.0, 1.0, 1.0, 1.0], 'style': [], 'adjust_top': 0, 'adjust_bottom': 0, 'adjust_left': 0, 'adjust_right': 0, 'expire': None, 'key': None, 'widget': None, 'events_when_added': [], 'events_when_removed': [], 'fps': 10, 'loops': -1, 'auto_play': True, 'start_frame': 0, 'rotation': 0, 'scale': 1.0, 'animations': None}], 'target': None, 'background_color': [0.0, 0.0, 0.0, 1.0], 'priority': None, 'show': True, 'force': False, 'expire': None, 'slide': None, 'tokens': {}, 'action': 'play'}}, 'context': 'show_13', 'calling_context': 0, 'priority': 10, 'show_tokens': {}, 'start_time': 9620.862}
2022-09-02 15:22:19,662 : mpfmc : SlidePlayer: Play called with settings={'widgets': {'widgets': [{'type': 'text', 'text': 'GAME OVER', 'font_size': 50, 'font_name': 'space_font', '_default_settings': ['type', 'text', 'font_size', 'font_name'], 'x': None, 'y': None, 'anchor_x': 'center', 'anchor_y': 'center', 'round_anchor_x': None, 'round_anchor_y': None, 'opacity': 1.0, 'z': 0, 'reset_animations_events': {}, 'color': [1.0, 1.0, 1.0, 1.0], 'style': [], 'adjust_top': 0, 'adjust_bottom': 0, 'adjust_left': 0, 'adjust_right': 0, 'expire': None, 'key': None, 'widget': None, 'events_when_added': [], 'events_when_removed': [], 'bitmap_font': False, 'font_kerning': True, 'bold': False, 'italic': False, 'number_grouping': False, 'min_digits': 0, 'halign': 'center', 'valign': 'middle', 'rotation': 0, 'scale': 1.0, 'casing': None, 'animations': None}, {'type': 'image', 'image': 'attract_background', '_default_settings': ['type', 'image'], 'x': None, 'y': None, 'anchor_x': 'center', 'anchor_y': 'center', 'round_anchor_x': None, 'round_anchor_y': None, 'opacity': 1.0, 'z': 0, 'reset_animations_events': {}, 'color': [1.0, 1.0, 1.0, 1.0], 'style': [], 'adjust_top': 0, 'adjust_bottom': 0, 'adjust_left': 0, 'adjust_right': 0, 'expire': None, 'key': None, 'widget': None, 'events_when_added': [], 'events_when_removed': [], 'fps': 10, 'loops': -1, 'auto_play': True, 'start_frame': 0, 'rotation': 0, 'scale': 1.0, 'animations': None}], 'target': None, 'background_color': [0.0, 0.0, 0.0, 1.0], 'priority': None, 'show': True, 'force': False, 'expire': None, 'slide': None, 'tokens': {}, 'action': 'play'}}
2022-09-02 15:22:19,669 : EventManager : Event: ======'slide_show_13.slide_player-0_created'====== Args={}
2022-09-02 15:22:19,671 : EventManager : Event: ======'slide_show_13.slide_player-0_active'====== Args={}
2022-09-02 15:22:20,464 : EventManager : Event: ======'game_started'====== Args={}
2022-09-02 15:22:20,476 : EventManager : Event: ======'slides_clear'====== Args={'context': 'show_13'}
2022-09-02 15:22:20,476 : EventManager : Event: ======'slide_show_13.slide_player-0_removed'====== Args={}
2022-09-02 15:22:20,477 : EventManager : Event: ======'slide_window1_blank_active'====== Args={}
2022-09-02 15:22:20,489 : EventManager : Event: ======'player_added'====== Args={'player': <Player 1>, 'num': 1}
2022-09-02 15:22:20,489 : EventManager : Event: ======'player_index'====== Args={'value': 0, 'prev_value': 0, 'change': 0, 'player_num': 1}
2022-09-02 15:22:20,489 : EventManager : Event: ======'player_number'====== Args={'value': 1, 'prev_value': 1, 'change': 0, 'player_num': 1}
2022-09-02 15:22:20,490 : EventManager : Event: ======'player_score'====== Args={'value': 0, 'prev_value': 0, 'change': 0, 'player_num': 1}
2022-09-02 15:22:20,490 : EventManager : Event: ======'player_mode_value'====== Args={'value': 1000000, 'prev_value': 0, 'change': 1000000, 'player_num': 1}
2022-09-02 15:22:20,490 : EventManager : Event: ======'player_bonus_multiplier'====== Args={'value': 1, 'prev_value': 0, 'change': 1, 'player_num': 1}
2022-09-02 15:22:20,490 : EventManager : Event: ======'player_playfield_multiplier'====== Args={'value': 1, 'prev_value': 0, 'change': 1, 'player_num': 1}
2022-09-02 15:22:20,538 : EventManager : Event: ======'player_ball'====== Args={'value': 1, 'prev_value': 0, 'change': 1, 'player_num': 1}
2022-09-02 15:22:20,538 : EventManager : Event: ======'player_turn_start'====== Args={'number': 1, 'player': <Player 1>}
2022-09-02 15:22:20,562 : EventManager : Event: ======'player_shot_l_lane_enabled'====== Args={'value': True, 'prev_value': 0, 'change': 1, 'player_num': 1}
2022-09-02 15:22:20,562 : EventManager : Event: ======'player_shot_r_lane_enabled'====== Args={'value': True, 'prev_value': 0, 'change': 1, 'player_num': 1}
2022-09-02 15:22:20,562 : EventManager : Event: ======'player_shot_center_target_enabled'====== Args={'value': True, 'prev_value': 0, 'change': 1, 'player_num': 1}
2022-09-02 15:22:20,562 : EventManager : Event: ======'player_extra_ball_two_modes_complete_num_awarded'====== Args={'value': 0, 'prev_value': 0, 'change': 0, 'player_num': 1}
2022-09-02 15:22:20,575 : EventManager : Event: ======'sounds_play'====== Args={'settings': {'default': {'action': 'stop', 'priority': 400, 'block': False, 'delay': None, 'track': None, 'volume': None, 'pan': None, 'loops': None, 'start_at': None, 'fade_in': None, 'fade_out': None, 'about_to_finish_time': -1.0, 'max_queue_time': -1.0, 'events_when_played': ['use_sound_setting'], 'events_when_stopped': ['use_sound_setting'], 'events_when_looping': ['use_sound_setting'], 'events_when_about_to_finish': ['use_sound_setting'], 'mode_end_action': 'use_sound_setting', 'key': 'use_sound_setting'}, 'shooter_waiting': {'action': 'play', 'loops': -1, 'priority': None, 'block': False, 'delay': None, 'track': None, 'volume': None, 'pan': None, 'start_at': None, 'fade_in': None, 'fade_out': None, 'about_to_finish_time': -1.0, 'max_queue_time': -1.0, 'events_when_played': ['use_sound_setting'], 'events_when_stopped': ['use_sound_setting'], 'events_when_looping': ['use_sound_setting'], 'events_when_about_to_finish': ['use_sound_setting'], 'mode_end_action': 'use_sound_setting', 'key': 'use_sound_setting'}}, 'context': '_global', 'calling_context': 'ball_started', 'priority': 0, 'player': 1, 'ball': 1, 'balls_remaining': 2, 'is_extra_ball': False}
2022-09-02 15:22:20,587 : EventManager : Event: ======'player_shot_warp_advance_enabled'====== Args={'value': True, 'prev_value': 0, 'change': 1, 'player_num': 1}
2022-09-02 15:22:20,587 : EventManager : Event: ======'player_shot_galaxy_advance_enabled'====== Args={'value': True, 'prev_value': 0, 'change': 1, 'player_num': 1}
2022-09-02 15:22:20,587 : EventManager : Event: ======'player_shot_portal_advance_enabled'====== Args={'value': True, 'prev_value': 0, 'change': 1, 'player_num': 1}
2022-09-02 15:22:20,599 : EventManager : Event: ======'slides_play'====== Args={'settings': {'score_slide': {'target': None, 'background_color': [0.0, 0.0, 0.0, 1.0], 'priority': None, 'show': True, 'force': False, 'expire': None, 'slide': None, 'tokens': {}, 'action': 'play'}}, 'context': 'base', 'calling_context': 'mode_base_started', 'priority': 100, 'player': 1, 'ball': 1, 'balls_remaining': 2, 'is_extra_ball': False}
2022-09-02 15:22:20,599 : mpfmc : SlidePlayer: Play called with settings={'score_slide': {'target': None, 'background_color': [0.0, 0.0, 0.0, 1.0], 'priority': None, 'show': True, 'force': False, 'expire': None, 'slide': None, 'tokens': {}, 'action': 'play'}}
2022-09-02 15:22:20,614 : EventManager : Event: ======'slide_score_slide_created'====== Args={}
2022-09-02 15:22:20,623 : EventManager : Event: ======'slide_score_slide_active'====== Args={}
2022-09-02 15:22:20,631 : EventManager : Event: ======'sounds_play'====== Args={'settings': {'default': {'action': 'play', 'loops': -1, 'track': 'music', 'priority': None, 'block': False, 'delay': None, 'volume': None, 'pan': None, 'start_at': None, 'fade_in': None, 'fade_out': None, 'about_to_finish_time': -1.0, 'max_queue_time': -1.0, 'events_when_played': ['use_sound_setting'], 'events_when_stopped': ['use_sound_setting'], 'events_when_looping': ['use_sound_setting'], 'events_when_about_to_finish': ['use_sound_setting'], 'mode_end_action': 'use_sound_setting', 'key': 'use_sound_setting'}, 'mode_theme': {'action': 'stop', 'priority': None, 'block': False, 'delay': None, 'track': None, 'volume': None, 'pan': None, 'loops': None, 'start_at': None, 'fade_in': None, 'fade_out': None, 'about_to_finish_time': -1.0, 'max_queue_time': -1.0, 'events_when_played': ['use_sound_setting'], 'events_when_stopped': ['use_sound_setting'], 'events_when_looping': ['use_sound_setting'], 'events_when_about_to_finish': ['use_sound_setting'], 'mode_end_action': 'use_sound_setting', 'key': 'use_sound_setting'}}, 'context': '_global', 'calling_context': 'mode_spell_portal_started', 'priority': 0, 'player': 1, 'ball': 1, 'balls_remaining': 2, 'is_extra_ball': False}
2022-09-02 15:22:21,945 : EventManager : Event: ======'machine_var_audits_switches_s_action_button'====== Args={'value': 4265, 'prev_value': 4264, 'change': 1}
2022-09-02 15:22:22,148 : EventManager : Event: ======'sounds_play'====== Args={'settings': {'shooter_waiting': {'action': 'stop', 'priority': None, 'block': False, 'delay': None, 'track': None, 'volume': None, 'pan': None, 'loops': None, 'start_at': None, 'fade_in': None, 'fade_out': None, 'about_to_finish_time': -1.0, 'max_queue_time': -1.0, 'events_when_played': ['use_sound_setting'], 'events_when_stopped': ['use_sound_setting'], 'events_when_looping': ['use_sound_setting'], 'events_when_about_to_finish': ['use_sound_setting'], 'mode_end_action': 'use_sound_setting', 'key': 'use_sound_setting'}, 'default': {'action': 'play', 'loops': -1, 'track': 'music', 'priority': None, 'block': False, 'delay': None, 'volume': None, 'pan': None, 'start_at': None, 'fade_in': None, 'fade_out': None, 'about_to_finish_time': -1.0, 'max_queue_time': -1.0, 'events_when_played': ['use_sound_setting'], 'events_when_stopped': ['use_sound_setting'], 'events_when_looping': ['use_sound_setting'], 'events_when_about_to_finish': ['use_sound_setting'], 'mode_end_action': 'use_sound_setting', 'key': 'use_sound_setting'}}, 'context': '_global', 'calling_context': 's_drain_inactive', 'priority': 0}
2022-09-02 15:22:22,766 : EventManager : Event: ======'machine_var_audits_switches_s_left_sling'====== Args={'value': 7410, 'prev_value': 7409, 'change': 1}
2022-09-02 15:22:22,778 : EventManager : Event: ======'player_score'====== Args={'value': 1110, 'prev_value': 0, 'change': 1110, 'player_num': 1}
2022-09-02 15:22:22,778 : EventManager : Event: ======'player_switches'====== Args={'value': 1, 'prev_value': 0, 'change': 1, 'player_num': 1}
2022-09-02 15:22:23,145 : EventManager : Event: ======'machine_var_audits_switches_s_left_flipper'====== Args={'value': 37630, 'prev_value': 37629, 'change': 1}
2022-09-02 15:22:23,881 : EventManager : Event: ======'machine_var_audits_switches_s_right_inlane_far'====== Args={'value': 6778, 'prev_value': 6777, 'change': 1}
2022-09-02 15:22:23,881 : EventManager : Event: ======'player_shot_portal_advance'====== Args={'value': 1, 'prev_value': 0, 'change': 1, 'player_num': 1}
2022-09-02 15:22:23,881 : EventManager : Event: ======'machine_var_audits_shots_portal_advance'====== Args={'value': 5017, 'prev_value': 5016, 'change': 1}
2022-09-02 15:22:23,882 : EventManager : Event: ======'player_score'====== Args={'value': 31110, 'prev_value': 1110, 'change': 30000, 'player_num': 1}
2022-09-02 15:22:23,882 : EventManager : Event: ======'player_switches'====== Args={'value': 2, 'prev_value': 1, 'change': 1, 'player_num': 1}
2022-09-02 15:22:23,882 : EventManager : Event: ======'player_combos_combo_timer_tick'====== Args={'value': 6, 'prev_value': 0, 'change': 6, 'player_num': 1}
2022-09-02 15:22:24,351 : EventManager : Event: ======'machine_var_audits_switches_s_right_inlane_far'====== Args={'value': 6779, 'prev_value': 6778, 'change': 1}
2022-09-02 15:22:24,351 : EventManager : Event: ======'machine_var_audits_shots_portal_advance'====== Args={'value': 5018, 'prev_value': 5017, 'change': 1}
2022-09-02 15:22:24,363 : EventManager : Event: ======'player_score'====== Args={'value': 61110, 'prev_value': 31110, 'change': 30000, 'player_num': 1}
2022-09-02 15:22:24,363 : EventManager : Event: ======'player_switches'====== Args={'value': 3, 'prev_value': 2, 'change': 1, 'player_num': 1}
2022-09-02 15:22:24,845 : EventManager : Event: ======'player_combos_combo_timer_tick'====== Args={'value': 5, 'prev_value': 6, 'change': -1, 'player_num': 1}
2022-09-02 15:22:24,870 : EventManager : Event: ======'machine_var_audits_switches_s_right_inlane_far'====== Args={'value': 6780, 'prev_value': 6779, 'change': 1}
2022-09-02 15:22:24,870 : EventManager : Event: ======'machine_var_audits_shots_portal_advance'====== Args={'value': 5019, 'prev_value': 5018, 'change': 1}
2022-09-02 15:22:24,870 : EventManager : Event: ======'player_score'====== Args={'value': 91110, 'prev_value': 61110, 'change': 30000, 'player_num': 1}
2022-09-02 15:22:24,870 : EventManager : Event: ======'player_switches'====== Args={'value': 4, 'prev_value': 3, 'change': 1, 'player_num': 1}
2022-09-02 15:22:24,871 : EventManager : Event: ======'player_combos_combo_timer_tick'====== Args={'value': 6, 'prev_value': 5, 'change': 1, 'player_num': 1}
2022-09-02 15:22:24,878 : EventManager : Event: ======'slides_play'====== Args={'settings': {'mode_lit_slide': {'expire': 2.0, 'target': None, 'background_color': [0.0, 0.0, 0.0, 1.0], 'priority': None, 'show': True, 'force': False, 'slide': None, 'tokens': {}, 'action': 'play'}}, 'context': 'mode_lit', 'calling_context': 'mode_mode_lit_started', 'priority': 800}
2022-09-02 15:22:24,878 : mpfmc : SlidePlayer: Play called with settings={'mode_lit_slide': {'expire': 2.0, 'target': None, 'background_color': [0.0, 0.0, 0.0, 1.0], 'priority': None, 'show': True, 'force': False, 'slide': None, 'tokens': {}, 'action': 'play'}}
2022-09-02 15:22:24,885 : EventManager : Event: ======'slide_mode_lit_slide_created'====== Args={}
2022-09-02 15:22:24,888 : EventManager : Event: ======'slide_mode_lit_slide_active'====== Args={}
2022-09-02 15:22:25,357 : EventManager : Event: ======'player_combos_combo_timer_tick'====== Args={'value': 5, 'prev_value': 6, 'change': -1, 'player_num': 1}
2022-09-02 15:22:25,864 : EventManager : Event: ======'player_combos_combo_timer_tick'====== Args={'value': 4, 'prev_value': 5, 'change': -1, 'player_num': 1}
2022-09-02 15:22:26,355 : EventManager : Event: ======'player_combos_combo_timer_tick'====== Args={'value': 3, 'prev_value': 4, 'change': -1, 'player_num': 1}
2022-09-02 15:22:26,835 : EventManager : Event: ======'machine_var_audits_switches_s_left_flipper'====== Args={'value': 37631, 'prev_value': 37630, 'change': 1}
2022-09-02 15:22:26,860 : EventManager : Event: ======'player_combos_combo_timer_tick'====== Args={'value': 2, 'prev_value': 3, 'change': -1, 'player_num': 1}
2022-09-02 15:22:26,885 : EventManager : Event: ======'slide_mode_lit_slide_removed'====== Args={}
2022-09-02 15:22:26,885 : EventManager : Event: ======'slide_score_slide_active'====== Args={}
2022-09-02 15:22:26,948 : EventManager : Event: ======'machine_var_audits_switches_s_left_sling'====== Args={'value': 7411, 'prev_value': 7410, 'change': 1}
2022-09-02 15:22:26,948 : EventManager : Event: ======'player_score'====== Args={'value': 92220, 'prev_value': 91110, 'change': 1110, 'player_num': 1}
2022-09-02 15:22:26,948 : EventManager : Event: ======'player_switches'====== Args={'value': 5, 'prev_value': 4, 'change': 1, 'player_num': 1}
2022-09-02 15:22:27,358 : EventManager : Event: ======'player_combos_combo_timer_tick'====== Args={'value': 1, 'prev_value': 2, 'change': -1, 'player_num': 1}
2022-09-02 15:22:27,863 : EventManager : Event: ======'player_combos_combo_timer_tick'====== Args={'value': 0, 'prev_value': 1, 'change': -1, 'player_num': 1}
2022-09-02 15:22:28,919 : EventManager : Event: ======'machine_var_audits_switches_s_right_flipper'====== Args={'value': 34438, 'prev_value': 34437, 'change': 1}
2022-09-02 15:22:30,340 : EventManager : Event: ======'machine_var_audits_switches_s_left_flipper'====== Args={'value': 37632, 'prev_value': 37631, 'change': 1}
2022-09-02 15:22:31,062 : EventManager : Event: ======'machine_var_audits_switches_s_right_inlane_far'====== Args={'value': 6781, 'prev_value': 6780, 'change': 1}
2022-09-02 15:22:31,062 : EventManager : Event: ======'machine_var_audits_shots_portal_advance'====== Args={'value': 5020, 'prev_value': 5019, 'change': 1}
2022-09-02 15:22:31,062 : EventManager : Event: ======'player_score'====== Args={'value': 122220, 'prev_value': 92220, 'change': 30000, 'player_num': 1}
2022-09-02 15:22:31,062 : EventManager : Event: ======'player_switches'====== Args={'value': 6, 'prev_value': 5, 'change': 1, 'player_num': 1}
2022-09-02 15:22:31,063 : EventManager : Event: ======'player_combos_combo_timer_tick'====== Args={'value': 6, 'prev_value': 0, 'change': 6, 'player_num': 1}
2022-09-02 15:22:31,536 : EventManager : Event: ======'machine_var_audits_switches_s_right_flipper'====== Args={'value': 34439, 'prev_value': 34438, 'change': 1}
2022-09-02 15:22:31,561 : EventManager : Event: ======'player_combos_combo_timer_tick'====== Args={'value': 5, 'prev_value': 6, 'change': -1, 'player_num': 1}
2022-09-02 15:22:32,052 : EventManager : Event: ======'player_combos_combo_timer_tick'====== Args={'value': 4, 'prev_value': 5, 'change': -1, 'player_num': 1}
2022-09-02 15:22:32,556 : EventManager : Event: ======'player_combos_combo_timer_tick'====== Args={'value': 3, 'prev_value': 4, 'change': -1, 'player_num': 1}
2022-09-02 15:22:32,708 : EventManager : Event: ======'machine_var_audits_switches_s_left_flipper'====== Args={'value': 37633, 'prev_value': 37632, 'change': 1}
2022-09-02 15:22:33,057 : EventManager : Event: ======'player_combos_combo_timer_tick'====== Args={'value': 2, 'prev_value': 3, 'change': -1, 'player_num': 1}
2022-09-02 15:22:33,546 : EventManager : Event: ======'player_combos_combo_timer_tick'====== Args={'value': 1, 'prev_value': 2, 'change': -1, 'player_num': 1}
2022-09-02 15:22:34,047 : EventManager : Event: ======'player_combos_combo_timer_tick'====== Args={'value': 0, 'prev_value': 1, 'change': -1, 'player_num': 1}
2022-09-02 15:22:35,027 : EventManager : Event: ======'machine_var_audits_switches_s_right_flipper'====== Args={'value': 34440, 'prev_value': 34439, 'change': 1}
2022-09-02 15:22:36,365 : EventManager : Event: ======'machine_var_audits_switches_s_left_inlane_far'====== Args={'value': 4902, 'prev_value': 4901, 'change': 1}
2022-09-02 15:22:36,377 : EventManager : Event: ======'player_shot_galaxy_advance'====== Args={'value': 1, 'prev_value': 0, 'change': 1, 'player_num': 1}
2022-09-02 15:22:36,377 : EventManager : Event: ======'machine_var_audits_shots_galaxy_advance'====== Args={'value': 2906, 'prev_value': 2905, 'change': 1}
2022-09-02 15:22:36,389 : EventManager : Event: ======'player_score'====== Args={'value': 152220, 'prev_value': 122220, 'change': 30000, 'player_num': 1}
2022-09-02 15:22:36,389 : EventManager : Event: ======'player_switches'====== Args={'value': 7, 'prev_value': 6, 'change': 1, 'player_num': 1}
2022-09-02 15:22:36,389 : EventManager : Event: ======'player_combos_combo_timer_tick'====== Args={'value': 6, 'prev_value': 0, 'change': 6, 'player_num': 1}
2022-09-02 15:22:36,872 : EventManager : Event: ======'player_combos_combo_timer_tick'====== Args={'value': 5, 'prev_value': 6, 'change': -1, 'player_num': 1}
2022-09-02 15:22:37,014 : EventManager : Event: ======'machine_var_audits_switches_s_left_flipper'====== Args={'value': 37634, 'prev_value': 37633, 'change': 1}
2022-09-02 15:22:37,373 : EventManager : Event: ======'player_combos_combo_timer_tick'====== Args={'value': 4, 'prev_value': 5, 'change': -1, 'player_num': 1}
2022-09-02 15:22:37,876 : EventManager : Event: ======'player_combos_combo_timer_tick'====== Args={'value': 3, 'prev_value': 4, 'change': -1, 'player_num': 1}
2022-09-02 15:22:37,992 : EventManager : Event: ======'machine_var_audits_switches_s_right_kicker'====== Args={'value': 1812, 'prev_value': 1811, 'change': 1}
2022-09-02 15:22:37,992 : EventManager : Event: ======'player_score'====== Args={'value': 167220, 'prev_value': 152220, 'change': 15000, 'player_num': 1}
2022-09-02 15:22:38,001 : EventManager : Event: ======'slides_clear'====== Args={'context': 'mode_lit'}
2022-09-02 15:22:38,002 : EventManager : Event: ======'slide_mode_lit_slide_removed'====== Args={}
2022-09-02 15:22:38,002 : EventManager : Event: ======'slides_play'====== Args={'settings': {'select_mission1': {'target': None, 'background_color': [0.0, 0.0, 0.0, 1.0], 'priority': None, 'show': True, 'force': False, 'expire': None, 'slide': None, 'tokens': {}, 'action': 'play'}}, 'context': 'carousel', 'calling_context': 'carousel_mission1_highlighted', 'priority': 90000, 'direction': None}
2022-09-02 15:22:38,002 : mpfmc : SlidePlayer: Play called with settings={'select_mission1': {'target': None, 'background_color': [0.0, 0.0, 0.0, 1.0], 'priority': None, 'show': True, 'force': False, 'expire': None, 'slide': None, 'tokens': {}, 'action': 'play'}}
2022-09-02 15:22:38,019 : EventManager : Event: ======'slide_select_mission1_created'====== Args={}
2022-09-02 15:22:38,028 : EventManager : Event: ======'slide_select_mission1_active'====== Args={}
2022-09-02 15:22:38,412 : EventManager : Event: ======'player_combos_combo_timer_tick'====== Args={'value': 2, 'prev_value': 3, 'change': -1, 'player_num': 1}
2022-09-02 15:22:38,873 : EventManager : Event: ======'player_combos_combo_timer_tick'====== Args={'value': 1, 'prev_value': 2, 'change': -1, 'player_num': 1}
2022-09-02 15:22:39,045 : EventManager : Event: ======'machine_var_audits_switches_s_right_flipper'====== Args={'value': 34441, 'prev_value': 34440, 'change': 1}
2022-09-02 15:22:39,075 : EventManager : Event: ======'slides_play'====== Args={'settings': {'select_mission2': {'target': None, 'background_color': [0.0, 0.0, 0.0, 1.0], 'priority': None, 'show': True, 'force': False, 'expire': None, 'slide': None, 'tokens': {}, 'action': 'play'}}, 'context': 'carousel', 'calling_context': 'carousel_mission2_highlighted', 'priority': 90000, 'direction': 'forwards'}
2022-09-02 15:22:39,075 : mpfmc : SlidePlayer: Play called with settings={'select_mission2': {'target': None, 'background_color': [0.0, 0.0, 0.0, 1.0], 'priority': None, 'show': True, 'force': False, 'expire': None, 'slide': None, 'tokens': {}, 'action': 'play'}}
2022-09-02 15:22:39,087 : EventManager : Event: ======'slide_select_mission2_created'====== Args={}
2022-09-02 15:22:39,093 : EventManager : Event: ======'slide_select_mission2_active'====== Args={}
2022-09-02 15:22:39,404 : EventManager : Event: ======'player_combos_combo_timer_tick'====== Args={'value': 0, 'prev_value': 1, 'change': -1, 'player_num': 1}
2022-09-02 15:22:39,778 : EventManager : Event: ======'machine_var_audits_switches_s_right_flipper'====== Args={'value': 34442, 'prev_value': 34441, 'change': 1}
2022-09-02 15:22:39,838 : EventManager : Event: ======'slides_play'====== Args={'settings': {'select_mission3': {'target': None, 'background_color': [0.0, 0.0, 0.0, 1.0], 'priority': None, 'show': True, 'force': False, 'expire': None, 'slide': None, 'tokens': {}, 'action': 'play'}}, 'context': 'carousel', 'calling_context': 'carousel_mission3_highlighted', 'priority': 90000, 'direction': 'forwards'}
2022-09-02 15:22:39,839 : mpfmc : SlidePlayer: Play called with settings={'select_mission3': {'target': None, 'background_color': [0.0, 0.0, 0.0, 1.0], 'priority': None, 'show': True, 'force': False, 'expire': None, 'slide': None, 'tokens': {}, 'action': 'play'}}
2022-09-02 15:22:39,849 : EventManager : Event: ======'slide_select_mission3_created'====== Args={}
2022-09-02 15:22:39,855 : EventManager : Event: ======'slide_select_mission3_active'====== Args={}
2022-09-02 15:22:40,286 : EventManager : Event: ======'machine_var_audits_switches_s_right_flipper'====== Args={'value': 34443, 'prev_value': 34442, 'change': 1}
2022-09-02 15:22:40,374 : EventManager : Event: ======'slides_play'====== Args={'settings': {'select_mission4': {'target': None, 'background_color': [0.0, 0.0, 0.0, 1.0], 'priority': None, 'show': True, 'force': False, 'expire': None, 'slide': None, 'tokens': {}, 'action': 'play'}}, 'context': 'carousel', 'calling_context': 'carousel_mission4_highlighted', 'priority': 90000, 'direction': 'forwards'}
2022-09-02 15:22:40,375 : mpfmc : SlidePlayer: Play called with settings={'select_mission4': {'target': None, 'background_color': [0.0, 0.0, 0.0, 1.0], 'priority': None, 'show': True, 'force': False, 'expire': None, 'slide': None, 'tokens': {}, 'action': 'play'}}
2022-09-02 15:22:40,386 : EventManager : Event: ======'slide_select_mission4_created'====== Args={}
2022-09-02 15:22:40,392 : EventManager : Event: ======'slide_select_mission4_active'====== Args={}
2022-09-02 15:22:41,568 : EventManager : Event: ======'machine_var_audits_switches_s_action_button'====== Args={'value': 4266, 'prev_value': 4265, 'change': 1}
2022-09-02 15:22:41,741 : EventManager : Event: ======'player_modes_started'====== Args={'value': 1, 'prev_value': 0, 'change': 1, 'player_num': 1}
2022-09-02 15:22:41,741 : EventManager : Event: ======'player_selected_mission'====== Args={'value': 'mission4', 'prev_value': 0, 'change': True, 'player_num': 1}
2022-09-02 15:22:41,741 : EventManager : Event: ======'player_shot_left_kicker_mission4_enabled'====== Args={'value': True, 'prev_value': 0, 'change': 1, 'player_num': 1}
2022-09-02 15:22:41,742 : EventManager : Event: ======'player_shot_right_kicker_mission4_enabled'====== Args={'value': True, 'prev_value': 0, 'change': 1, 'player_num': 1}
2022-09-02 15:22:41,742 : EventManager : Event: ======'player_shot_left_loop_mission4_enabled'====== Args={'value': True, 'prev_value': 0, 'change': 1, 'player_num': 1}
2022-09-02 15:22:41,742 : EventManager : Event: ======'player_shot_right_loop_mission4_enabled'====== Args={'value': True, 'prev_value': 0, 'change': 1, 'player_num': 1}
2022-09-02 15:22:41,808 : EventManager : Event: ======'slides_clear'====== Args={'context': 'carousel'}
2022-09-02 15:22:41,809 : EventManager : Event: ======'slide_select_mission1_removed'====== Args={}
2022-09-02 15:22:41,809 : EventManager : Event: ======'slide_select_mission2_removed'====== Args={}
2022-09-02 15:22:41,810 : EventManager : Event: ======'slide_select_mission3_removed'====== Args={}
2022-09-02 15:22:41,810 : EventManager : Event: ======'slide_select_mission4_removed'====== Args={}
2022-09-02 15:22:41,810 : EventManager : Event: ======'sounds_play'====== Args={'settings': {'mode_theme': {'action': 'play', 'loops': -1, 'priority': None, 'block': False, 'delay': None, 'track': None, 'volume': None, 'pan': None, 'start_at': None, 'fade_in': None, 'fade_out': None, 'about_to_finish_time': -1.0, 'max_queue_time': -1.0, 'events_when_played': ['use_sound_setting'], 'events_when_stopped': ['use_sound_setting'], 'events_when_looping': ['use_sound_setting'], 'events_when_about_to_finish': ['use_sound_setting'], 'mode_end_action': 'use_sound_setting', 'key': 'use_sound_setting'}, 'default': {'action': 'stop', 'priority': None, 'block': False, 'delay': None, 'track': None, 'volume': None, 'pan': None, 'loops': None, 'start_at': None, 'fade_in': None, 'fade_out': None, 'about_to_finish_time': -1.0, 'max_queue_time': -1.0, 'events_when_played': ['use_sound_setting'], 'events_when_stopped': ['use_sound_setting'], 'events_when_looping': ['use_sound_setting'], 'events_when_about_to_finish': ['use_sound_setting'], 'mode_end_action': 'use_sound_setting', 'key': 'use_sound_setting'}}, 'context': '_global', 'calling_context': 'mode_carousel_stopped', 'priority': 0}
2022-09-02 15:22:41,811 : EventManager : Event: ======'player_shot_left_kicker_mission4'====== Args={'value': 1, 'prev_value': 0, 'change': 1, 'player_num': 1}
2022-09-02 15:22:41,811 : EventManager : Event: ======'player_multiplied_mode_value'====== Args={'value': 1000000, 'prev_value': 0, 'change': 1000000, 'player_num': 1}
2022-09-02 15:22:41,811 : EventManager : Event: ======'slides_play'====== Args={'settings': {'score_slide_desert': {'target': None, 'background_color': [0.0, 0.0, 0.0, 1.0], 'priority': None, 'show': True, 'force': False, 'expire': None, 'slide': None, 'tokens': {}, 'action': 'play'}}, 'context': 'mission4', 'calling_context': 'mode_mission4_started', 'priority': 1000}
2022-09-02 15:22:41,811 : mpfmc : SlidePlayer: Play called with settings={'score_slide_desert': {'target': None, 'background_color': [0.0, 0.0, 0.0, 1.0], 'priority': None, 'show': True, 'force': False, 'expire': None, 'slide': None, 'tokens': {}, 'action': 'play'}}
2022-09-02 15:22:41,828 : EventManager : Event: ======'slide_score_slide_desert_created'====== Args={}
2022-09-02 15:22:41,864 : EventManager : Event: ======'slide_score_slide_desert_active'====== Args={}
2022-09-02 15:22:43,919 : EventManager : Event: ======'player_mission4_mission4_shot_rotater_tick'====== Args={'value': 1, 'prev_value': 0, 'change': 1, 'player_num': 1}
2022-09-02 15:22:43,931 : EventManager : Event: ======'player_shot_left_kicker_mission4'====== Args={'value': 0, 'prev_value': 1, 'change': -1, 'player_num': 1}
2022-09-02 15:22:43,931 : EventManager : Event: ======'player_shot_left_loop_mission4'====== Args={'value': 1, 'prev_value': 0, 'change': 1, 'player_num': 1}
2022-09-02 15:22:44,285 : EventManager : Event: ======'machine_var_audits_switches_s_left_flipper'====== Args={'value': 37635, 'prev_value': 37634, 'change': 1}
2022-09-02 15:22:45,589 : EventManager : Event: ======'machine_var_audits_switches_s_left_flipper'====== Args={'value': 37636, 'prev_value': 37635, 'change': 1}
2022-09-02 15:22:46,123 : EventManager : Event: ======'player_mission4_mission4_shot_rotater_tick'====== Args={'value': 2, 'prev_value': 1, 'change': 1, 'player_num': 1}
2022-09-02 15:22:46,123 : EventManager : Event: ======'player_shot_left_loop_mission4'====== Args={'value': 0, 'prev_value': 1, 'change': -1, 'player_num': 1}
2022-09-02 15:22:46,123 : EventManager : Event: ======'player_shot_right_loop_mission4'====== Args={'value': 1, 'prev_value': 0, 'change': 1, 'player_num': 1}
2022-09-02 15:22:46,955 : kivy : Base: Leaving application in progress...
2022-09-02 15:22:47,212 : mpfmc : Stopping...
2022-09-02 15:22:47,228 : EventManager : Event: ======'shutdown'====== Args={}
2022-09-02 15:22:47,228 : AudioInterface : Disabling audio playback
2022-09-02 15:22:47,228 : mpfmc : Loop rate 67.42 Hz
2022-09-02 15:22:47,228 : kivy : MC run loop ended.
2022-09-02 15:22:47,228 : kivy : Stopping child threads... (3 remaining)
2022-09-02 15:22:47,228 : mpfmc : Stopping...
2022-09-02 15:22:47,228 : EventManager : Event: ======'shutdown'====== Args={}
2022-09-02 15:22:47,228 : mpfmc : Loop rate 67.42 Hz
2022-09-02 15:22:47,243 : MPF-MC BCP Server : Stopping BCP sending thread
2022-09-02 15:22:47,992 : kivy : All child threads stopped.
