2022-09-02 15:05:33,648 : INFO : root : Loading config.
2022-09-02 15:05:34,189 : INFO : ConfigProcessor : Config spec file cache created: C:\Users\Brendan\AppData\Local\Temp\config_spec.mpf_cache
2022-09-02 15:05:34,189 : INFO : YamlMultifileConfigLoader : Machine config file #1: config.yaml
2022-09-02 15:05:34,190 : INFO : ConfigProcessor : Loading config from cache: C:\Users\Brendan\AppData\Local\Temp\bccefe987bb586eace29905fa80cab57.mpf_cache
2022-09-02 15:05:34,248 : INFO : ConfigProcessor : Loading config from cache: C:\Users\Brendan\AppData\Local\Temp\467e7647689d29fad6adf949e1f4d51d.mpf_cache
2022-09-02 15:05:34,249 : INFO : ConfigProcessor : Loading config from cache: C:\Users\Brendan\AppData\Local\Temp\5550e037aa776b42b91b29b40b356c70.mpf_cache
2022-09-02 15:05:34,250 : INFO : ConfigProcessor : Loading config from cache: C:\Users\Brendan\AppData\Local\Temp\15e0c601392b30c3d9ba3ead8131edb5.mpf_cache
2022-09-02 15:05:34,251 : INFO : ConfigProcessor : Loading config from cache: C:\Users\Brendan\AppData\Local\Temp\0bf50917c4ef15ab65ee13d6c14e7d7c.mpf_cache
2022-09-02 15:05:34,251 : INFO : ConfigProcessor : Loading config from cache: C:\Users\Brendan\AppData\Local\Temp\bc7da7b13b2754e080c2afa0678ac274.mpf_cache
2022-09-02 15:05:34,252 : INFO : ConfigProcessor : Loading config from cache: C:\Users\Brendan\AppData\Local\Temp\bbd59d0bb6602ee0c5a89d6f85e6dd42.mpf_cache
2022-09-02 15:05:34,253 : INFO : ConfigProcessor : Loading config from cache: C:\Users\Brendan\AppData\Local\Temp\5526c78976fee311c3d05505d75f653d.mpf_cache
2022-09-02 15:05:34,253 : INFO : ConfigProcessor : Loading config from cache: C:\Users\Brendan\AppData\Local\Temp\6e95138ae5415fc76b53ebf8fa245fb5.mpf_cache
2022-09-02 15:05:34,254 : WARNING : ConfigProcessor : Config file in cache changed: C:\Baby_pacman_code\machine\modes\mission1\config\mission1.yaml
2022-09-02 15:05:34,254 : INFO : ConfigProcessor : Loading config from file C:\Baby_pacman_code\machine\modes\mission1\config\mission1.yaml.
2022-09-02 15:05:34,308 : INFO : ConfigProcessor : Loading config: C:\Baby_pacman_code\machine\modes\mission1\config\mission1.yaml
2022-09-02 15:05:34,310 : INFO : ConfigProcessor : Config file cache created: C:\Users\Brendan\AppData\Local\Temp\1ec1c4dffb383758956493783a9ed391.mpf_cache
2022-09-02 15:05:34,310 : WARNING : ConfigProcessor : Config file in cache changed: C:\Baby_pacman_code\machine\modes\mission2\config\mission2.yaml
2022-09-02 15:05:34,310 : INFO : ConfigProcessor : Loading config from file C:\Baby_pacman_code\machine\modes\mission2\config\mission2.yaml.
2022-09-02 15:05:34,515 : INFO : ConfigProcessor : Loading config: C:\Baby_pacman_code\machine\modes\mission2\config\mission2.yaml
2022-09-02 15:05:34,518 : INFO : ConfigProcessor : Config file cache created: C:\Users\Brendan\AppData\Local\Temp\f2aee92728c8017b77c710c804dd7f5a.mpf_cache
2022-09-02 15:05:34,518 : INFO : ConfigProcessor : Loading config from cache: C:\Users\Brendan\AppData\Local\Temp\88f57fa1305e9dc100972ec9f84d57fe.mpf_cache
2022-09-02 15:05:34,519 : INFO : ConfigProcessor : Loading config from cache: C:\Users\Brendan\AppData\Local\Temp\6e00a9d794d4c3f43a0fc48da04dac60.mpf_cache
2022-09-02 15:05:34,520 : INFO : ConfigProcessor : Loading config from cache: C:\Users\Brendan\AppData\Local\Temp\05ef98219fc733c3bcab58726c4b37ef.mpf_cache
2022-09-02 15:05:34,521 : INFO : ConfigProcessor : Loading config from cache: C:\Users\Brendan\AppData\Local\Temp\c22d657a5a7bb60632c2be2c735e073b.mpf_cache
2022-09-02 15:05:34,522 : INFO : ConfigProcessor : Loading config from cache: C:\Users\Brendan\AppData\Local\Temp\f7d4f5eb9425fe84d2e83a363afd4bdf.mpf_cache
2022-09-02 15:05:34,523 : INFO : ConfigProcessor : Loading config from cache: C:\Users\Brendan\AppData\Local\Temp\125f51d329f930ea7bff10973551cc26.mpf_cache
2022-09-02 15:05:34,523 : INFO : ConfigProcessor : Loading config from cache: C:\Users\Brendan\AppData\Local\Temp\08e18dfdf4e02cd29cc0cc52be2faaf4.mpf_cache
2022-09-02 15:05:34,524 : INFO : ConfigProcessor : Loading config from cache: C:\Users\Brendan\AppData\Local\Temp\f042f5bf6362b9e04d43b40b93a92057.mpf_cache
2022-09-02 15:05:34,525 : INFO : ConfigProcessor : Loading config from cache: C:\Users\Brendan\AppData\Local\Temp\60badac06cd62deb71f25fac24b103c2.mpf_cache
2022-09-02 15:05:34,526 : INFO : ConfigProcessor : Loading config from cache: C:\Users\Brendan\AppData\Local\Temp\a3ad1aeb679a0686901de8a6ffe784f0.mpf_cache
2022-09-02 15:05:34,526 : INFO : ConfigProcessor : Loading config from cache: C:\Users\Brendan\AppData\Local\Temp\d7856287e4ec48fb5adaa65e5f7b2848.mpf_cache
2022-09-02 15:05:34,527 : INFO : ConfigProcessor : Loading config from cache: C:\Users\Brendan\AppData\Local\Temp\4849f32e60febd99d83791f2417d9a0f.mpf_cache
2022-09-02 15:05:34,528 : INFO : ConfigProcessor : Loading config from cache: C:\Users\Brendan\AppData\Local\Temp\942a9c8af084c06606ececc74db0a30f.mpf_cache
2022-09-02 15:05:34,529 : INFO : ConfigProcessor : Loading config from cache: C:\Users\Brendan\AppData\Local\Temp\d3a5f9b6ba13782c30d3f4f7e40a9dcf.mpf_cache
2022-09-02 15:05:34,529 : INFO : ConfigProcessor : Loading config from cache: C:\Users\Brendan\AppData\Local\Temp\bb2305c107159ac261738ee6fa5177f9.mpf_cache
2022-09-02 15:05:34,530 : INFO : ConfigProcessor : Loading config from cache: C:\Users\Brendan\AppData\Local\Temp\5e8fe62f7d4a280c75af4e016e79234a.mpf_cache
2022-09-02 15:05:34,530 : INFO : ConfigProcessor : Loading config from cache: C:\Users\Brendan\AppData\Local\Temp\7934ad8984867b043b25c8f1f16418da.mpf_cache
2022-09-02 15:05:34,531 : INFO : ConfigProcessor : Loading config from cache: C:\Users\Brendan\AppData\Local\Temp\201f4c0a0d10e05df2979372d05b639d.mpf_cache
2022-09-02 15:05:34,532 : INFO : ConfigProcessor : Loading config from cache: C:\Users\Brendan\AppData\Local\Temp\29084e75e573608c6a2e9d91f8c2e516.mpf_cache
2022-09-02 15:05:34,533 : INFO : ConfigProcessor : Loading config from cache: C:\Users\Brendan\AppData\Local\Temp\c1a52d9ec6beffcf3a0c74172f4f1789.mpf_cache
2022-09-02 15:05:34,534 : INFO : ConfigProcessor : Loading config from cache: C:\Users\Brendan\AppData\Local\Temp\1a7cfdccecce53cd51775700aa921808.mpf_cache
2022-09-02 15:05:34,534 : INFO : ConfigProcessor : Loading config from cache: C:\Users\Brendan\AppData\Local\Temp\bbeb6a5751b9d2029aa6e8633936e040.mpf_cache
2022-09-02 15:05:34,535 : INFO : ConfigProcessor : Loading config from cache: C:\Users\Brendan\AppData\Local\Temp\396defae609afab4d6d7399595fd494b.mpf_cache
2022-09-02 15:05:34,536 : INFO : ConfigProcessor : Loading config from cache: C:\Users\Brendan\AppData\Local\Temp\df5b128cf73808572dcd58af6b99a12a.mpf_cache
2022-09-02 15:05:34,536 : INFO : ConfigProcessor : Loading config from cache: C:\Users\Brendan\AppData\Local\Temp\b16abd66a20b52f76df13eb007a93cde.mpf_cache
2022-09-02 15:05:34,537 : INFO : ConfigProcessor : Loading config from cache: C:\Users\Brendan\AppData\Local\Temp\09ddf149c2750d0dc18124afb4ec1692.mpf_cache
2022-09-02 15:05:34,538 : INFO : ConfigProcessor : Loading config from cache: C:\Users\Brendan\AppData\Local\Temp\dc261f740d4fb0b58874215bc05837b4.mpf_cache
2022-09-02 15:05:34,538 : INFO : ConfigProcessor : Loading config from cache: C:\Users\Brendan\AppData\Local\Temp\fd5b67850c190931870595f7ba331325.mpf_cache
2022-09-02 15:05:34,539 : INFO : ConfigProcessor : Loading config from cache: C:\Users\Brendan\AppData\Local\Temp\7fa0bf6f8a3d06d96f9daba2d24e8451.mpf_cache
2022-09-02 15:05:34,539 : INFO : ConfigProcessor : Loading config from cache: C:\Users\Brendan\AppData\Local\Temp\17652c03725ec0d5dc66b35abdc504c5.mpf_cache
2022-09-02 15:05:34,540 : INFO : ConfigProcessor : Loading config from cache: C:\Users\Brendan\AppData\Local\Temp\f6549f0a1a12987384ccc86b9df17004.mpf_cache
2022-09-02 15:05:34,541 : INFO : ConfigProcessor : Loading config from cache: C:\Users\Brendan\AppData\Local\Temp\d416d6f9f35dec068a811f18f969a8db.mpf_cache
2022-09-02 15:05:34,542 : INFO : ConfigProcessor : Loading config from cache: C:\Users\Brendan\AppData\Local\Temp\2cbb22f93ff96ef242a9a2d7465f7b14.mpf_cache
2022-09-02 15:05:34,543 : INFO : ConfigProcessor : Loading config from cache: C:\Users\Brendan\AppData\Local\Temp\5b43fbcb021f3ce97d73fdb8a470eae4.mpf_cache
2022-09-02 15:05:34,543 : INFO : ConfigProcessor : Loading config from cache: C:\Users\Brendan\AppData\Local\Temp\6d994d077edad00fe01353c1bfbf6638.mpf_cache
2022-09-02 15:05:34,544 : INFO : ConfigProcessor : Loading config from cache: C:\Users\Brendan\AppData\Local\Temp\df6e37541f81fc1a6e02dbcf98e0d10b.mpf_cache
2022-09-02 15:05:34,545 : INFO : ConfigProcessor : Loading config from cache: C:\Users\Brendan\AppData\Local\Temp\c5e911b563ca93c8e10ce7743f92e657.mpf_cache
2022-09-02 15:05:34,545 : INFO : ConfigProcessor : Loading config from cache: C:\Users\Brendan\AppData\Local\Temp\99ecafb2993dab1e69369c4f69529b6f.mpf_cache
2022-09-02 15:05:34,546 : INFO : ConfigProcessor : Loading config from cache: C:\Users\Brendan\AppData\Local\Temp\57f2f8973b8bd58edd1d215976151c60.mpf_cache
2022-09-02 15:05:34,547 : INFO : ConfigProcessor : Loading config from cache: C:\Users\Brendan\AppData\Local\Temp\19f702536b27ff66106645e85afb027e.mpf_cache
2022-09-02 15:05:34,548 : INFO : ConfigProcessor : Loading config from cache: C:\Users\Brendan\AppData\Local\Temp\c17101e4486856bd6430e66412997ee7.mpf_cache
2022-09-02 15:05:34,549 : INFO : ConfigProcessor : Loading config from cache: C:\Users\Brendan\AppData\Local\Temp\c5b3b18e965344eb40bdf988f6d052aa.mpf_cache
2022-09-02 15:05:34,550 : INFO : Machine : Mission Pinball Framework Core Engine v0.55.0
2022-09-02 15:05:34,550 : INFO : Machine : Command line arguments: {'no_load_cache': False, 'create_config_cache': True, 'bcp': True, 'configfile': ['config.yaml'], 'force_assets_load': False, 'jsonlogging': False, 'logfile': 'logs\\2022-09-02-15-05-33-mpf-Pinball-PC.log', 'pause': False, 'production': False, 'text_ui': True, 'loglevel': 15, 'consoleloglevel': 20, 'force_platform': None, 'syslog_address': None, 'mc_file_name': None, 'no_sound': False}
2022-09-02 15:05:34,550 : INFO : Machine : MPF path: c:\users\brendan\appdata\local\programs\python\python37\lib\site-packages\mpf
2022-09-02 15:05:34,550 : INFO : Machine : Machine path: C:\Baby_pacman_code\machine
2022-09-02 15:05:34,550 : INFO : Machine : Platform: win32
2022-09-02 15:05:34,550 : INFO : Machine : Python executable location: c:\users\brendan\appdata\local\programs\python\python37\python.exe
2022-09-02 15:05:34,551 : INFO : Machine : Python version: 3.7.8 (64-bit)
2022-09-02 15:05:34,552 : INFO : Machine : Initialise MPF.
2022-09-02 15:05:34,712 : INFO : FAST : Connecting to com7 at 921600bps
2022-09-02 15:05:34,745 : INFO : FAST : Connected! Processor: NET, Board Type: FP-CPU-002-2, Firmware: 01.05
2022-09-02 15:05:34,745 : INFO : EventManager : Event: ======'machine_var_fast_net_firmware'====== Args={'value': '01.05', 'prev_value': None, 'change': True}
2022-09-02 15:05:34,745 : INFO : EventManager : Event: ======'machine_var_fast_net_model'====== Args={'value': 'FP-CPU-002-2', 'prev_value': None, 'change': True}
2022-09-02 15:05:37,105 : WARNING : FAST : Got unexpected message from FAST: -N:06
2022-09-02 15:05:37,105 : WARNING : FAST : Got unexpected message from FAST: -N:0A
2022-09-02 15:05:37,105 : WARNING : FAST : Got unexpected message from FAST: -N:13
2022-09-02 15:05:37,146 : INFO : FAST : Connecting to com8 at 921600bps
2022-09-02 15:05:37,193 : INFO : FAST : Connected! Processor: RGB, Board Type: FP-CPU-002-2, Firmware: 01.00
2022-09-02 15:05:37,193 : INFO : EventManager : Event: ======'machine_var_fast_rgb_firmware'====== Args={'value': '01.00', 'prev_value': None, 'change': True}
2022-09-02 15:05:37,193 : INFO : EventManager : Event: ======'machine_var_fast_rgb_model'====== Args={'value': 'FP-CPU-002-2', 'prev_value': None, 'change': True}
2022-09-02 15:05:37,194 : INFO : EventManager : Event: ======'machine_var_credits_string'====== Args={'value': 'FREE PLAY', 'prev_value': None, 'change': True}
2022-09-02 15:05:37,249 : INFO : EventManager : Event: ======'machine_var_master_volume'====== Args={'value': 0.5, 'prev_value': None, 'change': True}
2022-09-02 15:05:37,249 : INFO : EventManager : Event: ======'machine_var_player1_score'====== Args={'value': 210762830, 'prev_value': None, 'change': True}
2022-09-02 15:05:37,249 : INFO : EventManager : Event: ======'machine_var_mpf_version'====== Args={'value': 'MPF v0.55.0', 'prev_value': None, 'change': True}
2022-09-02 15:05:37,249 : INFO : EventManager : Event: ======'machine_var_mpf_extended_version'====== Args={'value': 'MPF v0.55.0, Config version:5, Show version: 5, BCP version:1.1', 'prev_value': None, 'change': True}
2022-09-02 15:05:37,249 : INFO : EventManager : Event: ======'machine_var_python_version'====== Args={'value': '3.7.8', 'prev_value': None, 'change': True}
2022-09-02 15:05:37,249 : INFO : EventManager : Event: ======'machine_var_platform'====== Args={'value': 'Windows-7-6.1.7601-SP1', 'prev_value': None, 'change': True}
2022-09-02 15:05:37,249 : INFO : EventManager : Event: ======'machine_var_platform_system'====== Args={'value': 'Windows', 'prev_value': None, 'change': True}
2022-09-02 15:05:37,249 : INFO : EventManager : Event: ======'machine_var_platform_release'====== Args={'value': '7', 'prev_value': None, 'change': True}
2022-09-02 15:05:37,249 : INFO : EventManager : Event: ======'machine_var_platform_version'====== Args={'value': '6.1.7601', 'prev_value': None, 'change': True}
2022-09-02 15:05:37,250 : INFO : EventManager : Event: ======'machine_var_platform_machine'====== Args={'value': 'AMD64', 'prev_value': None, 'change': True}
2022-09-02 15:05:37,250 : INFO : EventManager : Event: ======'init_phase_1'====== Args={}
2022-09-02 15:05:37,328 : INFO : EventManager : Event: ======'drop_target_bank_main_up'====== Args={}
2022-09-02 15:05:37,331 : INFO : EventManager : Event: ======'init_phase_2'====== Args={}
2022-09-02 15:05:37,331 : INFO : SwitchController : Found active switch: (('06', 1), <Platform.FAST>) <switch.s_right_captive_ball>
2022-09-02 15:05:37,331 : INFO : SwitchController : Found active switch: (('0A', 1), <Platform.FAST>) <switch.s_drop_target3>
2022-09-02 15:05:37,332 : INFO : SwitchController : Found active switch: (('13', 1), <Platform.FAST>) <switch.s_drain>
2022-09-02 15:05:37,392 : INFO : EventManager : Event: ======'bcp_connection_attempt'====== Args={'name': 'local_display', 'host': 'localhost', 'port': 5050}
2022-09-02 15:05:37,394 : INFO : BCPClientSocket : Connecting BCP to 'local_display' at localhost:5050...
2022-09-02 15:05:38,400 : WARNING : FAST : Port com7 was blocked for more than 1s. Reseting send queue! If this happens frequently report a bug!
2022-09-02 15:05:39,398 : WARNING : FAST : Port com7 was blocked for more than 1s. Reseting send queue! If this happens frequently report a bug!
2022-09-02 15:05:39,403 : INFO : BCPClientSocket : Connected BCP to 'local_display' localhost:5050
2022-09-02 15:05:39,404 : INFO : EventManager : Event: ======'bcp_clients_connected'====== Args={}
2022-09-02 15:05:39,418 : INFO : ball_device.bd_drain : BCH: Initial count: 1
2022-09-02 15:05:39,419 : INFO : EventManager : Event: ======'machine_var_mc_version'====== Args={'value': 'MPF-MC v0.55.0', 'prev_value': None, 'change': True}
2022-09-02 15:05:39,420 : INFO : EventManager : Event: ======'machine_var_mc_extended_version'====== Args={'value': 'MPF-MC v0.55.0 (config_version=5, BCP v1.1, Requires MPF v0.55.0-dev.49)', 'prev_value': None, 'change': True}
2022-09-02 15:05:39,424 : INFO : ball_device.bd_drain : State: idle
2022-09-02 15:05:39,447 : INFO : ball_device.bd_left_kicker : BCH: Initial count: 0
2022-09-02 15:05:39,448 : INFO : ball_device.bd_left_kicker : State: idle
2022-09-02 15:05:39,448 : INFO : ball_device.bd_right_kicker : BCH: Initial count: 0
2022-09-02 15:05:39,449 : INFO : ball_device.bd_right_kicker : State: idle
2022-09-02 15:05:39,496 : INFO : EventManager : Event: ======'init_phase_3'====== Args={}
2022-09-02 15:05:39,917 : INFO : EventManager : Event: ======'init_phase_4'====== Args={}
2022-09-02 15:05:39,922 : INFO : EventManager : Event: ======'playfield_active'====== Args={}
2022-09-02 15:05:39,922 : INFO : EventManager : Event: ======'unexpected_ball_on_playfield'====== Args={}
2022-09-02 15:05:39,922 : INFO : EventManager : Event: ======'playfield_active'====== Args={}
2022-09-02 15:05:39,922 : INFO : EventManager : Event: ======'unexpected_ball_on_playfield'====== Args={}
2022-09-02 15:05:39,922 : INFO : EventManager : Event: ======'playfield_active'====== Args={}
2022-09-02 15:05:39,922 : INFO : EventManager : Event: ======'unexpected_ball_on_playfield'====== Args={}
2022-09-02 15:05:39,922 : INFO : EventManager : Event: ======'drop_target_middle_down'====== Args={'device': <drop_target.middle>}
2022-09-02 15:05:39,923 : INFO : EventManager : Event: ======'drop_target_bank_main_mixed'====== Args={'prev_value': <DropTargetBankState.UP: 'up'>, 'down': 1}
2022-09-02 15:05:39,923 : INFO : EventManager : Event: ======'playfield_active'====== Args={}
2022-09-02 15:05:39,923 : INFO : EventManager : Event: ======'unexpected_ball_on_playfield'====== Args={}
2022-09-02 15:05:39,923 : INFO : EventManager : Event: ======'playfield_active'====== Args={}
2022-09-02 15:05:39,923 : INFO : EventManager : Event: ======'unexpected_ball_on_playfield'====== Args={}
2022-09-02 15:05:39,923 : INFO : BallController : Initial balls found: 1
2022-09-02 15:05:39,926 : INFO : EventManager : Event: ======'machine_var_audits_events_game_ended'====== Args={'value': 0, 'prev_value': None, 'change': True}
2022-09-02 15:05:39,926 : INFO : EventManager : Event: ======'machine_var_audits_events_game_started'====== Args={'value': 0, 'prev_value': None, 'change': True}
2022-09-02 15:05:39,926 : INFO : EventManager : Event: ======'machine_var_audits_player_score'====== Args={'value': {'average': 14629973.862520454, 'top': [720234070, 507595620, 502234510, 210762830, 203435200, 198719690, 196999500, 195274570, 171491840, 161094530], 'total': 611}, 'prev_value': None, 'change': True}
2022-09-02 15:05:39,927 : INFO : EventManager : Event: ======'machine_var_audits_shots_center_drop_mission1'====== Args={'value': 600, 'prev_value': None, 'change': True}
2022-09-02 15:05:39,927 : INFO : EventManager : Event: ======'machine_var_audits_shots_center_target'====== Args={'value': 319, 'prev_value': None, 'change': True}
2022-09-02 15:05:39,927 : INFO : EventManager : Event: ======'machine_var_audits_shots_drop_target1_mission2'====== Args={'value': 242, 'prev_value': None, 'change': True}
2022-09-02 15:05:39,928 : INFO : EventManager : Event: ======'machine_var_audits_shots_drop_target2_mission2'====== Args={'value': 283, 'prev_value': None, 'change': True}
2022-09-02 15:05:39,928 : INFO : EventManager : Event: ======'machine_var_audits_shots_drop_target3_mission2'====== Args={'value': 330, 'prev_value': None, 'change': True}
2022-09-02 15:05:39,928 : INFO : EventManager : Event: ======'machine_var_audits_shots_drop_target4_mission2'====== Args={'value': 293, 'prev_value': None, 'change': True}
2022-09-02 15:05:39,929 : INFO : EventManager : Event: ======'machine_var_audits_shots_drop_target5_mission2'====== Args={'value': 251, 'prev_value': None, 'change': True}
2022-09-02 15:05:39,929 : INFO : EventManager : Event: ======'machine_var_audits_shots_drop_targets_mission3'====== Args={'value': 1598, 'prev_value': None, 'change': True}
2022-09-02 15:05:39,929 : INFO : EventManager : Event: ======'machine_var_audits_shots_galaxy_advance'====== Args={'value': 2902, 'prev_value': None, 'change': True}
2022-09-02 15:05:39,930 : INFO : EventManager : Event: ======'machine_var_audits_shots_l_lane'====== Args={'value': 671, 'prev_value': None, 'change': True}
2022-09-02 15:05:39,930 : INFO : EventManager : Event: ======'machine_var_audits_shots_left_kicker_mission2'====== Args={'value': 170, 'prev_value': None, 'change': True}
2022-09-02 15:05:39,931 : INFO : EventManager : Event: ======'machine_var_audits_shots_left_kicker_mission4'====== Args={'value': 124, 'prev_value': None, 'change': True}
2022-09-02 15:05:39,931 : INFO : EventManager : Event: ======'machine_var_audits_shots_left_loop_mission1'====== Args={'value': 682, 'prev_value': None, 'change': True}
2022-09-02 15:05:39,931 : INFO : EventManager : Event: ======'machine_var_audits_shots_left_loop_mission2'====== Args={'value': 282, 'prev_value': None, 'change': True}
2022-09-02 15:05:39,932 : INFO : EventManager : Event: ======'machine_var_audits_shots_left_loop_mission4'====== Args={'value': 397, 'prev_value': None, 'change': True}
2022-09-02 15:05:39,932 : INFO : EventManager : Event: ======'machine_var_audits_shots_portal_advance'====== Args={'value': 5003, 'prev_value': None, 'change': True}
2022-09-02 15:05:39,933 : INFO : EventManager : Event: ======'machine_var_audits_shots_r_lane'====== Args={'value': 584, 'prev_value': None, 'change': True}
2022-09-02 15:05:39,933 : INFO : EventManager : Event: ======'machine_var_audits_shots_right_kicker_mission2'====== Args={'value': 142, 'prev_value': None, 'change': True}
2022-09-02 15:05:39,933 : INFO : EventManager : Event: ======'machine_var_audits_shots_right_kicker_mission4'====== Args={'value': 141, 'prev_value': None, 'change': True}
2022-09-02 15:05:39,934 : INFO : EventManager : Event: ======'machine_var_audits_shots_right_loop_mission1'====== Args={'value': 775, 'prev_value': None, 'change': True}
2022-09-02 15:05:39,934 : INFO : EventManager : Event: ======'machine_var_audits_shots_right_loop_mission2'====== Args={'value': 329, 'prev_value': None, 'change': True}
2022-09-02 15:05:39,935 : INFO : EventManager : Event: ======'machine_var_audits_shots_right_loop_mission4'====== Args={'value': 455, 'prev_value': None, 'change': True}
2022-09-02 15:05:39,935 : INFO : EventManager : Event: ======'machine_var_audits_shots_warp_advance'====== Args={'value': 1146, 'prev_value': None, 'change': True}
2022-09-02 15:05:39,936 : INFO : EventManager : Event: ======'machine_var_audits_switches_s_action_button'====== Args={'value': 4256, 'prev_value': None, 'change': True}
2022-09-02 15:05:39,936 : INFO : EventManager : Event: ======'machine_var_audits_switches_s_drain'====== Args={'value': 2904, 'prev_value': None, 'change': True}
2022-09-02 15:05:39,937 : INFO : EventManager : Event: ======'machine_var_audits_switches_s_drop_target1'====== Args={'value': 2016, 'prev_value': None, 'change': True}
2022-09-02 15:05:39,937 : INFO : EventManager : Event: ======'machine_var_audits_switches_s_drop_target2'====== Args={'value': 2331, 'prev_value': None, 'change': True}
2022-09-02 15:05:39,938 : INFO : EventManager : Event: ======'machine_var_audits_switches_s_drop_target3'====== Args={'value': 2764, 'prev_value': None, 'change': True}
2022-09-02 15:05:39,938 : INFO : EventManager : Event: ======'machine_var_audits_switches_s_drop_target4'====== Args={'value': 2208, 'prev_value': None, 'change': True}
2022-09-02 15:05:39,939 : INFO : EventManager : Event: ======'machine_var_audits_switches_s_drop_target5'====== Args={'value': 2094, 'prev_value': None, 'change': True}
2022-09-02 15:05:39,939 : INFO : EventManager : Event: ======'machine_var_audits_switches_s_left_captive_ball'====== Args={'value': 508, 'prev_value': None, 'change': True}
2022-09-02 15:05:39,940 : INFO : EventManager : Event: ======'machine_var_audits_switches_s_left_flipper'====== Args={'value': 37574, 'prev_value': None, 'change': True}
2022-09-02 15:05:39,940 : INFO : EventManager : Event: ======'machine_var_audits_switches_s_left_inlane'====== Args={'value': 671, 'prev_value': None, 'change': True}
2022-09-02 15:05:39,941 : INFO : EventManager : Event: ======'machine_var_audits_switches_s_left_inlane_far'====== Args={'value': 4898, 'prev_value': None, 'change': True}
2022-09-02 15:05:39,941 : INFO : EventManager : Event: ======'machine_var_audits_switches_s_left_kicker'====== Args={'value': 1649, 'prev_value': None, 'change': True}
2022-09-02 15:05:39,942 : INFO : EventManager : Event: ======'machine_var_audits_switches_s_left_sling'====== Args={'value': 7396, 'prev_value': None, 'change': True}
2022-09-02 15:05:39,942 : INFO : EventManager : Event: ======'machine_var_audits_switches_s_left_spinner'====== Args={'value': 23309, 'prev_value': None, 'change': True}
2022-09-02 15:05:39,943 : INFO : EventManager : Event: ======'machine_var_audits_switches_s_right_captive_ball'====== Args={'value': 534, 'prev_value': None, 'change': True}
2022-09-02 15:05:39,943 : INFO : EventManager : Event: ======'machine_var_audits_switches_s_right_flipper'====== Args={'value': 34411, 'prev_value': None, 'change': True}
2022-09-02 15:05:39,944 : INFO : EventManager : Event: ======'machine_var_audits_switches_s_right_inlane'====== Args={'value': 584, 'prev_value': None, 'change': True}
2022-09-02 15:05:39,944 : INFO : EventManager : Event: ======'machine_var_audits_switches_s_right_inlane_far'====== Args={'value': 6764, 'prev_value': None, 'change': True}
2022-09-02 15:05:39,945 : INFO : EventManager : Event: ======'machine_var_audits_switches_s_right_kicker'====== Args={'value': 1808, 'prev_value': None, 'change': True}
2022-09-02 15:05:39,945 : INFO : EventManager : Event: ======'machine_var_audits_switches_s_right_sling'====== Args={'value': 14419, 'prev_value': None, 'change': True}
2022-09-02 15:05:39,946 : INFO : EventManager : Event: ======'machine_var_audits_switches_s_right_spinner'====== Args={'value': 17836, 'prev_value': None, 'change': True}
2022-09-02 15:05:39,946 : INFO : EventManager : Event: ======'machine_var_audits_switches_s_start'====== Args={'value': 412, 'prev_value': None, 'change': True}
2022-09-02 15:05:39,947 : INFO : EventManager : Event: ======'init_phase_5'====== Args={}
2022-09-02 15:05:39,953 : INFO : EventManager : Event: ======'init_done'====== Args={}
2022-09-02 15:05:39,953 : WARNING : FAST : Port NET received more messages than were sent! Resetting!
2022-09-02 15:05:39,953 : WARNING : FAST : Port NET received more messages than were sent! Resetting!
2022-09-02 15:05:39,953 : WARNING : FAST : Port NET received more messages than were sent! Resetting!
2022-09-02 15:05:39,953 : WARNING : FAST : Port NET received more messages than were sent! Resetting!
2022-09-02 15:05:39,954 : WARNING : FAST : Port NET received more messages than were sent! Resetting!
2022-09-02 15:05:39,954 : WARNING : FAST : Port NET received more messages than were sent! Resetting!
2022-09-02 15:05:39,954 : WARNING : FAST : Port NET received more messages than were sent! Resetting!
2022-09-02 15:05:39,954 : WARNING : FAST : Port NET received more messages than were sent! Resetting!
2022-09-02 15:05:39,954 : WARNING : FAST : Port NET received more messages than were sent! Resetting!
2022-09-02 15:05:39,954 : WARNING : FAST : Port NET received more messages than were sent! Resetting!
2022-09-02 15:05:39,954 : WARNING : FAST : Port NET received more messages than were sent! Resetting!
2022-09-02 15:05:39,954 : WARNING : FAST : Port NET received more messages than were sent! Resetting!
2022-09-02 15:05:39,954 : WARNING : FAST : Port NET received more messages than were sent! Resetting!
2022-09-02 15:05:39,954 : WARNING : FAST : Port NET received more messages than were sent! Resetting!
2022-09-02 15:05:39,954 : WARNING : FAST : Port NET received more messages than were sent! Resetting!
2022-09-02 15:05:39,954 : WARNING : FAST : Port NET received more messages than were sent! Resetting!
2022-09-02 15:05:39,954 : WARNING : FAST : Port NET received more messages than were sent! Resetting!
2022-09-02 15:05:39,954 : WARNING : FAST : Port NET received more messages than were sent! Resetting!
2022-09-02 15:05:39,955 : WARNING : FAST : Port NET received more messages than were sent! Resetting!
2022-09-02 15:05:39,955 : WARNING : FAST : Port NET received more messages than were sent! Resetting!
2022-09-02 15:05:39,955 : WARNING : FAST : Port NET received more messages than were sent! Resetting!
2022-09-02 15:05:39,955 : WARNING : FAST : Port NET received more messages than were sent! Resetting!
2022-09-02 15:05:39,955 : INFO : EventManager : Event: ======'machine_reset_phase_1'====== Args={}
2022-09-02 15:05:39,965 : INFO : EventManager : Event: ======'machine_reset_phase_2'====== Args={}
2022-09-02 15:05:39,965 : INFO : EventManager : Event: ======'machine_reset_phase_3'====== Args={}
2022-09-02 15:05:39,966 : INFO : EventManager : Event: ======'reset_complete'====== Args={}
2022-09-02 15:05:39,966 : INFO : EventManager : Event: ======'mode_attract_will_start'====== Args={}
2022-09-02 15:05:39,967 : INFO : EventManager : Event: ======'mode_attract_starting'====== Args={}
2022-09-02 15:05:39,967 : INFO : Mode.attract : Started. Priority: 10
2022-09-02 15:05:39,967 : INFO : EventManager : Event: ======'modes_active_modes_changed'====== Args={}
2022-09-02 15:05:39,967 : INFO : EventManager : Event: ======'mode_attract_started'====== Args={}
2022-09-02 15:05:39,970 : INFO : EventManager : Event: ======'collecting_balls_complete'====== Args={}
2022-09-02 15:05:39,987 : INFO : EventManager : Event: ======'slide_show_13.slide_player-0_created'====== Args={'_from_bcp': True}
2022-09-02 15:05:39,988 : INFO : EventManager : Event: ======'slide_show_13.slide_player-0_active'====== Args={'_from_bcp': True}
2022-09-02 15:05:39,989 : INFO : Machine : Starting the main run loop.
2022-09-02 15:05:41,633 : INFO : Machine : Shutting down...
2022-09-02 15:05:41,633 : INFO : EventManager : Event: ======'shutdown'====== Args={}
2022-09-02 15:05:41,664 : WARNING : FAST : Port RGB received more messages than were sent! Resetting!
2022-09-02 15:05:41,664 : WARNING : FAST : Received unknown serial command? BX:P from RGB.
2022-09-02 15:05:41,664 : WARNING : FAST : Port NET received more messages than were sent! Resetting!
2022-09-02 15:05:41,742 : ERROR : FAST : Stop called on serial connection com7
2022-09-02 15:05:41,742 : ERROR : FAST : Stop called on serial connection com8
2022-09-02 15:05:41,960 : INFO : root : MPF run loop ended.
