2022-08-21 15:23:42,057 : INFO : root : Loading config.
2022-08-21 15:23:42,590 : INFO : ConfigProcessor : Config spec file cache created: C:\Users\Brendan\AppData\Local\Temp\config_spec.mpf_cache
2022-08-21 15:23:42,591 : INFO : YamlMultifileConfigLoader : Machine config file #1: config.yaml
2022-08-21 15:23:42,591 : INFO : ConfigProcessor : Loading config from cache: C:\Users\Brendan\AppData\Local\Temp\bccefe987bb586eace29905fa80cab57.mpf_cache
2022-08-21 15:23:42,650 : INFO : ConfigProcessor : Loading config from cache: C:\Users\Brendan\AppData\Local\Temp\467e7647689d29fad6adf949e1f4d51d.mpf_cache
2022-08-21 15:23:42,651 : INFO : ConfigProcessor : Loading config from cache: C:\Users\Brendan\AppData\Local\Temp\5550e037aa776b42b91b29b40b356c70.mpf_cache
2022-08-21 15:23:42,651 : WARNING : ConfigProcessor : Config file in cache changed: C:\Baby_pacman_code\machine\modes\base\config\base.yaml
2022-08-21 15:23:42,651 : INFO : ConfigProcessor : Loading config from file C:\Baby_pacman_code\machine\modes\base\config\base.yaml.
2022-08-21 15:23:42,769 : INFO : ConfigProcessor : Loading config: C:\Baby_pacman_code\machine\modes\base\config\base.yaml
2022-08-21 15:23:42,771 : INFO : ConfigProcessor : Config file cache created: C:\Users\Brendan\AppData\Local\Temp\15e0c601392b30c3d9ba3ead8131edb5.mpf_cache
2022-08-21 15:23:42,771 : INFO : ConfigProcessor : Loading config from cache: C:\Users\Brendan\AppData\Local\Temp\0bf50917c4ef15ab65ee13d6c14e7d7c.mpf_cache
2022-08-21 15:23:42,772 : INFO : ConfigProcessor : Loading config from cache: C:\Users\Brendan\AppData\Local\Temp\bc7da7b13b2754e080c2afa0678ac274.mpf_cache
2022-08-21 15:23:42,773 : INFO : ConfigProcessor : Loading config from cache: C:\Users\Brendan\AppData\Local\Temp\bbd59d0bb6602ee0c5a89d6f85e6dd42.mpf_cache
2022-08-21 15:23:42,774 : INFO : ConfigProcessor : Loading config from cache: C:\Users\Brendan\AppData\Local\Temp\5526c78976fee311c3d05505d75f653d.mpf_cache
2022-08-21 15:23:42,774 : INFO : ConfigProcessor : Loading config from cache: C:\Users\Brendan\AppData\Local\Temp\6e95138ae5415fc76b53ebf8fa245fb5.mpf_cache
2022-08-21 15:23:42,775 : INFO : ConfigProcessor : Loading config from cache: C:\Users\Brendan\AppData\Local\Temp\1ec1c4dffb383758956493783a9ed391.mpf_cache
2022-08-21 15:23:42,776 : INFO : ConfigProcessor : Loading config from cache: C:\Users\Brendan\AppData\Local\Temp\f2aee92728c8017b77c710c804dd7f5a.mpf_cache
2022-08-21 15:23:42,777 : INFO : ConfigProcessor : Loading config from cache: C:\Users\Brendan\AppData\Local\Temp\88f57fa1305e9dc100972ec9f84d57fe.mpf_cache
2022-08-21 15:23:42,778 : INFO : ConfigProcessor : Loading config from cache: C:\Users\Brendan\AppData\Local\Temp\6e00a9d794d4c3f43a0fc48da04dac60.mpf_cache
2022-08-21 15:23:42,778 : INFO : ConfigProcessor : Loading config from cache: C:\Users\Brendan\AppData\Local\Temp\05ef98219fc733c3bcab58726c4b37ef.mpf_cache
2022-08-21 15:23:42,779 : INFO : ConfigProcessor : Loading config from cache: C:\Users\Brendan\AppData\Local\Temp\c22d657a5a7bb60632c2be2c735e073b.mpf_cache
2022-08-21 15:23:42,780 : INFO : ConfigProcessor : Loading config from cache: C:\Users\Brendan\AppData\Local\Temp\f7d4f5eb9425fe84d2e83a363afd4bdf.mpf_cache
2022-08-21 15:23:42,781 : INFO : ConfigProcessor : Loading config from cache: C:\Users\Brendan\AppData\Local\Temp\125f51d329f930ea7bff10973551cc26.mpf_cache
2022-08-21 15:23:42,781 : INFO : ConfigProcessor : Loading config from cache: C:\Users\Brendan\AppData\Local\Temp\08e18dfdf4e02cd29cc0cc52be2faaf4.mpf_cache
2022-08-21 15:23:42,782 : INFO : ConfigProcessor : Loading config from cache: C:\Users\Brendan\AppData\Local\Temp\f042f5bf6362b9e04d43b40b93a92057.mpf_cache
2022-08-21 15:23:42,783 : INFO : ConfigProcessor : Loading config from cache: C:\Users\Brendan\AppData\Local\Temp\60badac06cd62deb71f25fac24b103c2.mpf_cache
2022-08-21 15:23:42,784 : INFO : ConfigProcessor : Loading config from cache: C:\Users\Brendan\AppData\Local\Temp\4849f32e60febd99d83791f2417d9a0f.mpf_cache
2022-08-21 15:23:42,784 : INFO : ConfigProcessor : Loading config from cache: C:\Users\Brendan\AppData\Local\Temp\942a9c8af084c06606ececc74db0a30f.mpf_cache
2022-08-21 15:23:42,785 : INFO : ConfigProcessor : Loading config from cache: C:\Users\Brendan\AppData\Local\Temp\d3a5f9b6ba13782c30d3f4f7e40a9dcf.mpf_cache
2022-08-21 15:23:42,786 : INFO : ConfigProcessor : Loading config from cache: C:\Users\Brendan\AppData\Local\Temp\bb2305c107159ac261738ee6fa5177f9.mpf_cache
2022-08-21 15:23:42,786 : INFO : ConfigProcessor : Loading config from cache: C:\Users\Brendan\AppData\Local\Temp\5e8fe62f7d4a280c75af4e016e79234a.mpf_cache
2022-08-21 15:23:42,787 : INFO : ConfigProcessor : Loading config from cache: C:\Users\Brendan\AppData\Local\Temp\7934ad8984867b043b25c8f1f16418da.mpf_cache
2022-08-21 15:23:42,787 : INFO : ConfigProcessor : Loading config from cache: C:\Users\Brendan\AppData\Local\Temp\201f4c0a0d10e05df2979372d05b639d.mpf_cache
2022-08-21 15:23:42,788 : INFO : ConfigProcessor : Loading config from cache: C:\Users\Brendan\AppData\Local\Temp\29084e75e573608c6a2e9d91f8c2e516.mpf_cache
2022-08-21 15:23:42,789 : INFO : ConfigProcessor : Loading config from cache: C:\Users\Brendan\AppData\Local\Temp\c1a52d9ec6beffcf3a0c74172f4f1789.mpf_cache
2022-08-21 15:23:42,790 : INFO : ConfigProcessor : Loading config from cache: C:\Users\Brendan\AppData\Local\Temp\1a7cfdccecce53cd51775700aa921808.mpf_cache
2022-08-21 15:23:42,790 : INFO : ConfigProcessor : Loading config from cache: C:\Users\Brendan\AppData\Local\Temp\bbeb6a5751b9d2029aa6e8633936e040.mpf_cache
2022-08-21 15:23:42,791 : INFO : ConfigProcessor : Loading config from cache: C:\Users\Brendan\AppData\Local\Temp\396defae609afab4d6d7399595fd494b.mpf_cache
2022-08-21 15:23:42,791 : INFO : ConfigProcessor : Loading config from cache: C:\Users\Brendan\AppData\Local\Temp\df5b128cf73808572dcd58af6b99a12a.mpf_cache
2022-08-21 15:23:42,792 : INFO : ConfigProcessor : Loading config from cache: C:\Users\Brendan\AppData\Local\Temp\b16abd66a20b52f76df13eb007a93cde.mpf_cache
2022-08-21 15:23:42,793 : INFO : ConfigProcessor : Loading config from cache: C:\Users\Brendan\AppData\Local\Temp\09ddf149c2750d0dc18124afb4ec1692.mpf_cache
2022-08-21 15:23:42,793 : INFO : ConfigProcessor : Loading config from cache: C:\Users\Brendan\AppData\Local\Temp\dc261f740d4fb0b58874215bc05837b4.mpf_cache
2022-08-21 15:23:42,794 : INFO : ConfigProcessor : Loading config from cache: C:\Users\Brendan\AppData\Local\Temp\fd5b67850c190931870595f7ba331325.mpf_cache
2022-08-21 15:23:42,794 : INFO : ConfigProcessor : Loading config from cache: C:\Users\Brendan\AppData\Local\Temp\7fa0bf6f8a3d06d96f9daba2d24e8451.mpf_cache
2022-08-21 15:23:42,795 : INFO : ConfigProcessor : Loading config from cache: C:\Users\Brendan\AppData\Local\Temp\17652c03725ec0d5dc66b35abdc504c5.mpf_cache
2022-08-21 15:23:42,795 : INFO : ConfigProcessor : Loading config from cache: C:\Users\Brendan\AppData\Local\Temp\f6549f0a1a12987384ccc86b9df17004.mpf_cache
2022-08-21 15:23:42,796 : INFO : ConfigProcessor : Loading config from cache: C:\Users\Brendan\AppData\Local\Temp\d416d6f9f35dec068a811f18f969a8db.mpf_cache
2022-08-21 15:23:42,797 : INFO : ConfigProcessor : Loading config from cache: C:\Users\Brendan\AppData\Local\Temp\2cbb22f93ff96ef242a9a2d7465f7b14.mpf_cache
2022-08-21 15:23:42,798 : INFO : ConfigProcessor : Loading config from cache: C:\Users\Brendan\AppData\Local\Temp\5b43fbcb021f3ce97d73fdb8a470eae4.mpf_cache
2022-08-21 15:23:42,798 : INFO : ConfigProcessor : Loading config from cache: C:\Users\Brendan\AppData\Local\Temp\6d994d077edad00fe01353c1bfbf6638.mpf_cache
2022-08-21 15:23:42,799 : INFO : ConfigProcessor : Loading config from cache: C:\Users\Brendan\AppData\Local\Temp\df6e37541f81fc1a6e02dbcf98e0d10b.mpf_cache
2022-08-21 15:23:42,799 : INFO : ConfigProcessor : Loading config from cache: C:\Users\Brendan\AppData\Local\Temp\c5e911b563ca93c8e10ce7743f92e657.mpf_cache
2022-08-21 15:23:42,801 : INFO : ConfigProcessor : Loading config from cache: C:\Users\Brendan\AppData\Local\Temp\99ecafb2993dab1e69369c4f69529b6f.mpf_cache
2022-08-21 15:23:42,801 : INFO : ConfigProcessor : Loading config from cache: C:\Users\Brendan\AppData\Local\Temp\57f2f8973b8bd58edd1d215976151c60.mpf_cache
2022-08-21 15:23:42,802 : INFO : ConfigProcessor : Loading config from cache: C:\Users\Brendan\AppData\Local\Temp\19f702536b27ff66106645e85afb027e.mpf_cache
2022-08-21 15:23:42,803 : INFO : ConfigProcessor : Loading config from cache: C:\Users\Brendan\AppData\Local\Temp\c17101e4486856bd6430e66412997ee7.mpf_cache
2022-08-21 15:23:42,804 : INFO : ConfigProcessor : Loading config from cache: C:\Users\Brendan\AppData\Local\Temp\c5b3b18e965344eb40bdf988f6d052aa.mpf_cache
2022-08-21 15:23:42,805 : INFO : Machine : Mission Pinball Framework Core Engine v0.55.0
2022-08-21 15:23:42,805 : INFO : Machine : Command line arguments: {'no_load_cache': False, 'create_config_cache': True, 'bcp': True, 'configfile': ['config.yaml'], 'force_assets_load': False, 'jsonlogging': False, 'logfile': 'logs\\2022-08-21-15-23-42-mpf-Pinball-PC.log', 'pause': False, 'production': False, 'text_ui': True, 'loglevel': 15, 'consoleloglevel': 20, 'force_platform': None, 'syslog_address': None, 'mc_file_name': None, 'no_sound': False}
2022-08-21 15:23:42,805 : INFO : Machine : MPF path: c:\users\brendan\appdata\local\programs\python\python37\lib\site-packages\mpf
2022-08-21 15:23:42,805 : INFO : Machine : Machine path: C:\Baby_pacman_code\machine
2022-08-21 15:23:42,805 : INFO : Machine : Platform: win32
2022-08-21 15:23:42,805 : INFO : Machine : Python executable location: c:\users\brendan\appdata\local\programs\python\python37\python.exe
2022-08-21 15:23:42,806 : INFO : Machine : Python version: 3.7.8 (64-bit)
2022-08-21 15:23:42,807 : INFO : Machine : Initialise MPF.
2022-08-21 15:23:42,961 : INFO : FAST : Connecting to com7 at 921600bps
2022-08-21 15:23:42,981 : INFO : FAST : Connected! Processor: NET, Board Type: FP-CPU-002-2, Firmware: 01.05
2022-08-21 15:23:42,981 : INFO : EventManager : Event: ======'machine_var_fast_net_firmware'====== Args={'value': '01.05', 'prev_value': None, 'change': True}
2022-08-21 15:23:42,981 : INFO : EventManager : Event: ======'machine_var_fast_net_model'====== Args={'value': 'FP-CPU-002-2', 'prev_value': None, 'change': True}
2022-08-21 15:23:45,352 : WARNING : FAST : Got unexpected message from FAST: -N:07
2022-08-21 15:23:45,352 : WARNING : FAST : Got unexpected message from FAST: -N:13
2022-08-21 15:23:45,397 : INFO : FAST : Connecting to com8 at 921600bps
2022-08-21 15:23:45,445 : INFO : FAST : Connected! Processor: RGB, Board Type: FP-CPU-002-2, Firmware: 01.00
2022-08-21 15:23:45,445 : INFO : EventManager : Event: ======'machine_var_fast_rgb_firmware'====== Args={'value': '01.00', 'prev_value': None, 'change': True}
2022-08-21 15:23:45,446 : INFO : EventManager : Event: ======'machine_var_fast_rgb_model'====== Args={'value': 'FP-CPU-002-2', 'prev_value': None, 'change': True}
2022-08-21 15:23:45,446 : INFO : EventManager : Event: ======'machine_var_credits_string'====== Args={'value': 'FREE PLAY', 'prev_value': None, 'change': True}
2022-08-21 15:23:45,503 : INFO : EventManager : Event: ======'machine_var_master_volume'====== Args={'value': 0.5, 'prev_value': None, 'change': True}
2022-08-21 15:23:45,504 : INFO : EventManager : Event: ======'machine_var_player1_score'====== Args={'value': 58540490, 'prev_value': None, 'change': True}
2022-08-21 15:23:45,504 : INFO : EventManager : Event: ======'machine_var_mpf_version'====== Args={'value': 'MPF v0.55.0', 'prev_value': None, 'change': True}
2022-08-21 15:23:45,504 : INFO : EventManager : Event: ======'machine_var_mpf_extended_version'====== Args={'value': 'MPF v0.55.0, Config version:5, Show version: 5, BCP version:1.1', 'prev_value': None, 'change': True}
2022-08-21 15:23:45,504 : INFO : EventManager : Event: ======'machine_var_python_version'====== Args={'value': '3.7.8', 'prev_value': None, 'change': True}
2022-08-21 15:23:45,504 : INFO : EventManager : Event: ======'machine_var_platform'====== Args={'value': 'Windows-7-6.1.7601-SP1', 'prev_value': None, 'change': True}
2022-08-21 15:23:45,504 : INFO : EventManager : Event: ======'machine_var_platform_system'====== Args={'value': 'Windows', 'prev_value': None, 'change': True}
2022-08-21 15:23:45,504 : INFO : EventManager : Event: ======'machine_var_platform_release'====== Args={'value': '7', 'prev_value': None, 'change': True}
2022-08-21 15:23:45,505 : INFO : EventManager : Event: ======'machine_var_platform_version'====== Args={'value': '6.1.7601', 'prev_value': None, 'change': True}
2022-08-21 15:23:45,505 : INFO : EventManager : Event: ======'machine_var_platform_machine'====== Args={'value': 'AMD64', 'prev_value': None, 'change': True}
2022-08-21 15:23:45,505 : INFO : EventManager : Event: ======'init_phase_1'====== Args={}
2022-08-21 15:23:45,586 : INFO : EventManager : Event: ======'drop_target_bank_main_up'====== Args={}
2022-08-21 15:23:45,588 : INFO : EventManager : Event: ======'init_phase_2'====== Args={}
2022-08-21 15:23:45,589 : INFO : SwitchController : Found active switch: (('07', 1), <Platform.FAST>) <switch.s_left_captive_ball>
2022-08-21 15:23:45,589 : INFO : SwitchController : Found active switch: (('13', 1), <Platform.FAST>) <switch.s_drain>
2022-08-21 15:23:45,629 : INFO : EventManager : Event: ======'bcp_connection_attempt'====== Args={'name': 'local_display', 'host': 'localhost', 'port': 5050}
2022-08-21 15:23:45,631 : INFO : BCPClientSocket : Connecting BCP to 'local_display' at localhost:5050...
2022-08-21 15:23:46,632 : WARNING : FAST : Port com7 was blocked for more than 1s. Reseting send queue! If this happens frequently report a bug!
2022-08-21 15:23:47,629 : WARNING : FAST : Port com7 was blocked for more than 1s. Reseting send queue! If this happens frequently report a bug!
2022-08-21 15:23:47,638 : INFO : BCPClientSocket : Connected BCP to 'local_display' localhost:5050
2022-08-21 15:23:47,639 : INFO : EventManager : Event: ======'bcp_clients_connected'====== Args={}
2022-08-21 15:23:47,646 : INFO : ball_device.bd_drain : BCH: Initial count: 1
2022-08-21 15:23:47,647 : INFO : ball_device.bd_drain : State: idle
2022-08-21 15:23:47,648 : INFO : ball_device.bd_left_kicker : BCH: Initial count: 0
2022-08-21 15:23:47,648 : INFO : ball_device.bd_left_kicker : State: idle
2022-08-21 15:23:47,650 : INFO : EventManager : Event: ======'machine_var_mc_version'====== Args={'value': 'MPF-MC v0.55.0', 'prev_value': None, 'change': True}
2022-08-21 15:23:47,651 : INFO : EventManager : Event: ======'machine_var_mc_extended_version'====== Args={'value': 'MPF-MC v0.55.0 (config_version=5, BCP v1.1, Requires MPF v0.55.0-dev.49)', 'prev_value': None, 'change': True}
2022-08-21 15:23:47,653 : INFO : ball_device.bd_right_kicker : BCH: Initial count: 0
2022-08-21 15:23:47,671 : INFO : ball_device.bd_right_kicker : State: idle
2022-08-21 15:23:47,735 : INFO : EventManager : Event: ======'init_phase_3'====== Args={}
2022-08-21 15:23:48,136 : INFO : EventManager : Event: ======'init_phase_4'====== Args={}
2022-08-21 15:23:48,140 : INFO : EventManager : Event: ======'playfield_active'====== Args={}
2022-08-21 15:23:48,140 : INFO : EventManager : Event: ======'unexpected_ball_on_playfield'====== Args={}
2022-08-21 15:23:48,140 : INFO : EventManager : Event: ======'playfield_active'====== Args={}
2022-08-21 15:23:48,141 : INFO : EventManager : Event: ======'unexpected_ball_on_playfield'====== Args={}
2022-08-21 15:23:48,141 : INFO : EventManager : Event: ======'playfield_active'====== Args={}
2022-08-21 15:23:48,141 : INFO : EventManager : Event: ======'unexpected_ball_on_playfield'====== Args={}
2022-08-21 15:23:48,141 : INFO : EventManager : Event: ======'playfield_active'====== Args={}
2022-08-21 15:23:48,141 : INFO : EventManager : Event: ======'unexpected_ball_on_playfield'====== Args={}
2022-08-21 15:23:48,141 : INFO : EventManager : Event: ======'playfield_active'====== Args={}
2022-08-21 15:23:48,141 : INFO : EventManager : Event: ======'unexpected_ball_on_playfield'====== Args={}
2022-08-21 15:23:48,142 : INFO : BallController : Initial balls found: 1
2022-08-21 15:23:48,144 : INFO : EventManager : Event: ======'machine_var_audits_events_game_ended'====== Args={'value': 0, 'prev_value': None, 'change': True}
2022-08-21 15:23:48,144 : INFO : EventManager : Event: ======'machine_var_audits_events_game_started'====== Args={'value': 0, 'prev_value': None, 'change': True}
2022-08-21 15:23:48,144 : INFO : EventManager : Event: ======'machine_var_audits_player_score'====== Args={'value': {'average': 10318150.616438355, 'top': [198719690, 195274570, 161094530, 160419680, 140071820, 132769060, 132262360, 127113160, 121863670, 115954110], 'total': 584}, 'prev_value': None, 'change': True}
2022-08-21 15:23:48,145 : INFO : EventManager : Event: ======'machine_var_audits_shots_center_drop_mission1'====== Args={'value': 488, 'prev_value': None, 'change': True}
2022-08-21 15:23:48,145 : INFO : EventManager : Event: ======'machine_var_audits_shots_center_target'====== Args={'value': 27, 'prev_value': None, 'change': True}
2022-08-21 15:23:48,145 : INFO : EventManager : Event: ======'machine_var_audits_shots_drop_target1_mission2'====== Args={'value': 217, 'prev_value': None, 'change': True}
2022-08-21 15:23:48,146 : INFO : EventManager : Event: ======'machine_var_audits_shots_drop_target2_mission2'====== Args={'value': 249, 'prev_value': None, 'change': True}
2022-08-21 15:23:48,146 : INFO : EventManager : Event: ======'machine_var_audits_shots_drop_target3_mission2'====== Args={'value': 279, 'prev_value': None, 'change': True}
2022-08-21 15:23:48,146 : INFO : EventManager : Event: ======'machine_var_audits_shots_drop_target4_mission2'====== Args={'value': 255, 'prev_value': None, 'change': True}
2022-08-21 15:23:48,147 : INFO : EventManager : Event: ======'machine_var_audits_shots_drop_target5_mission2'====== Args={'value': 218, 'prev_value': None, 'change': True}
2022-08-21 15:23:48,147 : INFO : EventManager : Event: ======'machine_var_audits_shots_drop_targets_mission3'====== Args={'value': 1421, 'prev_value': None, 'change': True}
2022-08-21 15:23:48,147 : INFO : EventManager : Event: ======'machine_var_audits_shots_galaxy_advance'====== Args={'value': 1915, 'prev_value': None, 'change': True}
2022-08-21 15:23:48,148 : INFO : EventManager : Event: ======'machine_var_audits_shots_l_lane'====== Args={'value': 598, 'prev_value': None, 'change': True}
2022-08-21 15:23:48,148 : INFO : EventManager : Event: ======'machine_var_audits_shots_left_kicker_mission2'====== Args={'value': 151, 'prev_value': None, 'change': True}
2022-08-21 15:23:48,149 : INFO : EventManager : Event: ======'machine_var_audits_shots_left_kicker_mission4'====== Args={'value': 112, 'prev_value': None, 'change': True}
2022-08-21 15:23:48,149 : INFO : EventManager : Event: ======'machine_var_audits_shots_left_loop_mission1'====== Args={'value': 552, 'prev_value': None, 'change': True}
2022-08-21 15:23:48,149 : INFO : EventManager : Event: ======'machine_var_audits_shots_left_loop_mission2'====== Args={'value': 252, 'prev_value': None, 'change': True}
2022-08-21 15:23:48,150 : INFO : EventManager : Event: ======'machine_var_audits_shots_left_loop_mission4'====== Args={'value': 372, 'prev_value': None, 'change': True}
2022-08-21 15:23:48,150 : INFO : EventManager : Event: ======'machine_var_audits_shots_portal_advance'====== Args={'value': 4418, 'prev_value': None, 'change': True}
2022-08-21 15:23:48,150 : INFO : EventManager : Event: ======'machine_var_audits_shots_r_lane'====== Args={'value': 522, 'prev_value': None, 'change': True}
2022-08-21 15:23:48,151 : INFO : EventManager : Event: ======'machine_var_audits_shots_right_kicker_mission2'====== Args={'value': 134, 'prev_value': None, 'change': True}
2022-08-21 15:23:48,151 : INFO : EventManager : Event: ======'machine_var_audits_shots_right_kicker_mission4'====== Args={'value': 132, 'prev_value': None, 'change': True}
2022-08-21 15:23:48,152 : INFO : EventManager : Event: ======'machine_var_audits_shots_right_loop_mission1'====== Args={'value': 639, 'prev_value': None, 'change': True}
2022-08-21 15:23:48,152 : INFO : EventManager : Event: ======'machine_var_audits_shots_right_loop_mission2'====== Args={'value': 280, 'prev_value': None, 'change': True}
2022-08-21 15:23:48,152 : INFO : EventManager : Event: ======'machine_var_audits_shots_right_loop_mission4'====== Args={'value': 421, 'prev_value': None, 'change': True}
2022-08-21 15:23:48,153 : INFO : EventManager : Event: ======'machine_var_audits_shots_warp_advance'====== Args={'value': 1067, 'prev_value': None, 'change': True}
2022-08-21 15:23:48,153 : INFO : EventManager : Event: ======'machine_var_audits_switches_s_action_button'====== Args={'value': 3863, 'prev_value': None, 'change': True}
2022-08-21 15:23:48,154 : INFO : EventManager : Event: ======'machine_var_audits_switches_s_drain'====== Args={'value': 2673, 'prev_value': None, 'change': True}
2022-08-21 15:23:48,154 : INFO : EventManager : Event: ======'machine_var_audits_switches_s_drop_target1'====== Args={'value': 1792, 'prev_value': None, 'change': True}
2022-08-21 15:23:48,154 : INFO : EventManager : Event: ======'machine_var_audits_switches_s_drop_target2'====== Args={'value': 2090, 'prev_value': None, 'change': True}
2022-08-21 15:23:48,155 : INFO : EventManager : Event: ======'machine_var_audits_switches_s_drop_target3'====== Args={'value': 2472, 'prev_value': None, 'change': True}
2022-08-21 15:23:48,155 : INFO : EventManager : Event: ======'machine_var_audits_switches_s_drop_target4'====== Args={'value': 1997, 'prev_value': None, 'change': True}
2022-08-21 15:23:48,156 : INFO : EventManager : Event: ======'machine_var_audits_switches_s_drop_target5'====== Args={'value': 1895, 'prev_value': None, 'change': True}
2022-08-21 15:23:48,156 : INFO : EventManager : Event: ======'machine_var_audits_switches_s_left_captive_ball'====== Args={'value': 467, 'prev_value': None, 'change': True}
2022-08-21 15:23:48,157 : INFO : EventManager : Event: ======'machine_var_audits_switches_s_left_flipper'====== Args={'value': 33645, 'prev_value': None, 'change': True}
2022-08-21 15:23:48,157 : INFO : EventManager : Event: ======'machine_var_audits_switches_s_left_inlane'====== Args={'value': 598, 'prev_value': None, 'change': True}
2022-08-21 15:23:48,157 : INFO : EventManager : Event: ======'machine_var_audits_switches_s_left_inlane_far'====== Args={'value': 3714, 'prev_value': None, 'change': True}
2022-08-21 15:23:48,158 : INFO : EventManager : Event: ======'machine_var_audits_switches_s_left_kicker'====== Args={'value': 1481, 'prev_value': None, 'change': True}
2022-08-21 15:23:48,158 : INFO : EventManager : Event: ======'machine_var_audits_switches_s_left_sling'====== Args={'value': 6663, 'prev_value': None, 'change': True}
2022-08-21 15:23:48,159 : INFO : EventManager : Event: ======'machine_var_audits_switches_s_left_spinner'====== Args={'value': 19502, 'prev_value': None, 'change': True}
2022-08-21 15:23:48,159 : INFO : EventManager : Event: ======'machine_var_audits_switches_s_right_captive_ball'====== Args={'value': 489, 'prev_value': None, 'change': True}
2022-08-21 15:23:48,160 : INFO : EventManager : Event: ======'machine_var_audits_switches_s_right_flipper'====== Args={'value': 31215, 'prev_value': None, 'change': True}
2022-08-21 15:23:48,160 : INFO : EventManager : Event: ======'machine_var_audits_switches_s_right_inlane'====== Args={'value': 522, 'prev_value': None, 'change': True}
2022-08-21 15:23:48,161 : INFO : EventManager : Event: ======'machine_var_audits_switches_s_right_inlane_far'====== Args={'value': 5931, 'prev_value': None, 'change': True}
2022-08-21 15:23:48,161 : INFO : EventManager : Event: ======'machine_var_audits_switches_s_right_kicker'====== Args={'value': 1670, 'prev_value': None, 'change': True}
2022-08-21 15:23:48,162 : INFO : EventManager : Event: ======'machine_var_audits_switches_s_right_sling'====== Args={'value': 14022, 'prev_value': None, 'change': True}
2022-08-21 15:23:48,162 : INFO : EventManager : Event: ======'machine_var_audits_switches_s_right_spinner'====== Args={'value': 15891, 'prev_value': None, 'change': True}
2022-08-21 15:23:48,163 : INFO : EventManager : Event: ======'machine_var_audits_switches_s_start'====== Args={'value': 403, 'prev_value': None, 'change': True}
2022-08-21 15:23:48,164 : INFO : EventManager : Event: ======'init_phase_5'====== Args={}
2022-08-21 15:23:48,169 : INFO : EventManager : Event: ======'init_done'====== Args={}
2022-08-21 15:23:48,169 : WARNING : FAST : Port NET received more messages than were sent! Resetting!
2022-08-21 15:23:48,169 : WARNING : FAST : Port NET received more messages than were sent! Resetting!
2022-08-21 15:23:48,169 : WARNING : FAST : Port NET received more messages than were sent! Resetting!
2022-08-21 15:23:48,169 : WARNING : FAST : Port NET received more messages than were sent! Resetting!
2022-08-21 15:23:48,169 : WARNING : FAST : Port NET received more messages than were sent! Resetting!
2022-08-21 15:23:48,169 : WARNING : FAST : Port NET received more messages than were sent! Resetting!
2022-08-21 15:23:48,169 : WARNING : FAST : Port NET received more messages than were sent! Resetting!
2022-08-21 15:23:48,169 : WARNING : FAST : Port NET received more messages than were sent! Resetting!
2022-08-21 15:23:48,170 : WARNING : FAST : Port NET received more messages than were sent! Resetting!
2022-08-21 15:23:48,170 : WARNING : FAST : Port NET received more messages than were sent! Resetting!
2022-08-21 15:23:48,170 : WARNING : FAST : Port NET received more messages than were sent! Resetting!
2022-08-21 15:23:48,170 : WARNING : FAST : Port NET received more messages than were sent! Resetting!
2022-08-21 15:23:48,170 : WARNING : FAST : Port NET received more messages than were sent! Resetting!
2022-08-21 15:23:48,170 : WARNING : FAST : Port NET received more messages than were sent! Resetting!
2022-08-21 15:23:48,170 : WARNING : FAST : Port NET received more messages than were sent! Resetting!
2022-08-21 15:23:48,170 : WARNING : FAST : Port NET received more messages than were sent! Resetting!
2022-08-21 15:23:48,170 : WARNING : FAST : Port NET received more messages than were sent! Resetting!
2022-08-21 15:23:48,170 : WARNING : FAST : Port NET received more messages than were sent! Resetting!
2022-08-21 15:23:48,170 : WARNING : FAST : Port NET received more messages than were sent! Resetting!
2022-08-21 15:23:48,170 : WARNING : FAST : Port NET received more messages than were sent! Resetting!
2022-08-21 15:23:48,170 : WARNING : FAST : Port NET received more messages than were sent! Resetting!
2022-08-21 15:23:48,170 : WARNING : FAST : Port NET received more messages than were sent! Resetting!
2022-08-21 15:23:48,171 : INFO : EventManager : Event: ======'machine_reset_phase_1'====== Args={}
2022-08-21 15:23:48,177 : INFO : EventManager : Event: ======'machine_reset_phase_2'====== Args={}
2022-08-21 15:23:48,177 : INFO : EventManager : Event: ======'machine_reset_phase_3'====== Args={}
2022-08-21 15:23:48,178 : INFO : EventManager : Event: ======'reset_complete'====== Args={}
2022-08-21 15:23:48,178 : INFO : EventManager : Event: ======'mode_attract_will_start'====== Args={}
2022-08-21 15:23:48,179 : INFO : EventManager : Event: ======'mode_attract_starting'====== Args={}
2022-08-21 15:23:48,179 : INFO : Mode.attract : Started. Priority: 10
2022-08-21 15:23:48,179 : INFO : EventManager : Event: ======'modes_active_modes_changed'====== Args={}
2022-08-21 15:23:48,179 : INFO : EventManager : Event: ======'mode_attract_started'====== Args={}
2022-08-21 15:23:48,181 : INFO : EventManager : Event: ======'collecting_balls_complete'====== Args={}
2022-08-21 15:23:48,199 : INFO : EventManager : Event: ======'slide_show_13.slide_player-0_created'====== Args={'_from_bcp': True}
2022-08-21 15:23:48,199 : INFO : EventManager : Event: ======'slide_show_13.slide_player-0_active'====== Args={'_from_bcp': True}
2022-08-21 15:23:48,200 : INFO : Machine : Starting the main run loop.
2022-08-21 15:23:51,187 : INFO : EventManager : Event: ======'slide_last_game_score_slide_created'====== Args={'_from_bcp': True}
2022-08-21 15:23:51,194 : INFO : EventManager : Event: ======'slide_last_game_score_slide_active'====== Args={'_from_bcp': True}
2022-08-21 15:23:53,349 : INFO : SwitchController : <<<<<<< 's_start' active >>>>>>>
2022-08-21 15:23:53,429 : INFO : SwitchController : <<<<<<< 's_start' inactive >>>>>>>
2022-08-21 15:23:53,429 : INFO : EventManager : Event: ======'request_to_start_game'====== Args={}
2022-08-21 15:23:53,430 : INFO : EventManager : Event: ======'game_start'====== Args={'buttons': [], 'hold_time': 0.07800000000042928}
2022-08-21 15:23:53,430 : INFO : EventManager : Event: ======'mode_game_will_start'====== Args={'buttons': [], 'hold_time': 0.07800000000042928}
2022-08-21 15:23:53,431 : INFO : EventManager : Event: ======'mode_game_starting'====== Args={'buttons': [], 'hold_time': 0.07800000000042928}
2022-08-21 15:23:53,431 : INFO : EventManager : Event: ======'mode_attract_will_stop'====== Args={}
2022-08-21 15:23:53,432 : INFO : EventManager : Event: ======'mode_attract_stopping'====== Args={}
2022-08-21 15:23:53,432 : INFO : Mode.attract : Stopped.
2022-08-21 15:23:53,432 : INFO : EventManager : Event: ======'modes_active_modes_changed'====== Args={}
2022-08-21 15:23:53,436 : INFO : EventManager : Event: ======'mode_attract_stopped'====== Args={}
2022-08-21 15:23:53,436 : INFO : EventManager : Event: ======'clear'====== Args={'key': 'attract'}
2022-08-21 15:23:53,437 : INFO : Mode.game : Started. Priority: 20
2022-08-21 15:23:53,437 : INFO : EventManager : Event: ======'modes_active_modes_changed'====== Args={}
2022-08-21 15:23:53,437 : INFO : EventManager : Event: ======'mode_game_started'====== Args={'buttons': [], 'hold_time': 0.07800000000042928}
2022-08-21 15:23:53,447 : INFO : EventManager : Event: ======'game_will_start'====== Args={}
2022-08-21 15:23:53,448 : INFO : EventManager : Event: ======'slide_show_13.slide_player-0_removed'====== Args={'_from_bcp': True}
2022-08-21 15:23:53,448 : INFO : EventManager : Event: ======'slide_last_game_score_slide_removed'====== Args={'_from_bcp': True}
2022-08-21 15:23:53,448 : INFO : EventManager : Event: ======'slide_window_blank_active'====== Args={'_from_bcp': True}
2022-08-21 15:23:53,449 : INFO : EventManager : Event: ======'game_starting'====== Args={'game': <Mode.game>}
2022-08-21 15:23:53,451 : INFO : EventManager : Event: ======'player_add_request'====== Args={}
2022-08-21 15:23:53,452 : INFO : EventManager : Event: ======'player_will_add'====== Args={'number': 1}
2022-08-21 15:23:53,452 : INFO : EventManager : Event: ======'player_adding'====== Args={'player': <Player 1>, 'number': 1}
2022-08-21 15:23:53,452 : INFO : EventManager : Event: ======'player_added'====== Args={'player': <Player 1>, 'num': 1}
2022-08-21 15:23:53,452 : INFO : Mode.game : Player added successfully. Total players: 1
2022-08-21 15:23:53,453 : INFO : EventManager : Event: ======'player_index'====== Args={'value': 0, 'prev_value': 0, 'change': 0, 'player_num': 1}
2022-08-21 15:23:53,454 : INFO : EventManager : Event: ======'player_number'====== Args={'value': 1, 'prev_value': 1, 'change': 0, 'player_num': 1}
2022-08-21 15:23:53,454 : INFO : EventManager : Event: ======'player_mode_value'====== Args={'value': 1000000, 'prev_value': 1000000, 'change': 0, 'player_num': 1}
2022-08-21 15:23:53,455 : INFO : EventManager : Event: ======'player_bonus_multiplier'====== Args={'value': 1, 'prev_value': 1, 'change': 0, 'player_num': 1}
2022-08-21 15:23:53,456 : INFO : EventManager : Event: ======'player_playfied_multiplier'====== Args={'value': 1, 'prev_value': 1, 'change': 0, 'player_num': 1}
2022-08-21 15:23:53,456 : INFO : EventManager : Event: ======'player_score'====== Args={'value': 0, 'prev_value': 0, 'change': 0, 'player_num': 1}
2022-08-21 15:23:53,458 : INFO : EventManager : Event: ======'game_started'====== Args={}
2022-08-21 15:23:53,481 : INFO : EventManager : Event: ======'player_turn_will_start'====== Args={'player': <Player 1>, 'number': 1}
2022-08-21 15:23:53,482 : INFO : EventManager : Event: ======'player_turn_starting'====== Args={'player': <Player 1>, 'number': 1}
2022-08-21 15:23:53,483 : INFO : EventManager : Event: ======'player_ball'====== Args={'value': 1, 'prev_value': 0, 'change': 1, 'player_num': 1}
2022-08-21 15:23:53,483 : INFO : EventManager : Event: ======'player_turn_started'====== Args={'player': <Player 1>, 'number': 1}
2022-08-21 15:23:53,484 : INFO : EventManager : Event: ======'ball_will_start'====== Args={'player': 1, 'ball': 1, 'balls_remaining': 2, 'is_extra_ball': False}
2022-08-21 15:23:53,487 : INFO : EventManager : Event: ======'ball_starting'====== Args={'player': 1, 'ball': 1, 'balls_remaining': 2, 'is_extra_ball': False}
2022-08-21 15:23:53,488 : INFO : EventManager : Event: ======'balls_in_play'====== Args={'balls': 1}
2022-08-21 15:23:53,488 : INFO : EventManager : Event: ======'ball_started'====== Args={'player': 1, 'ball': 1, 'balls_remaining': 2, 'is_extra_ball': False}
2022-08-21 15:23:53,489 : INFO : EventManager : Event: ======'mode_combos_will_start'====== Args={'player': 1, 'ball': 1, 'balls_remaining': 2, 'is_extra_ball': False}
2022-08-21 15:23:53,493 : INFO : EventManager : Event: ======'mode_combos_starting'====== Args={'player': 1, 'ball': 1, 'balls_remaining': 2, 'is_extra_ball': False}
2022-08-21 15:23:53,493 : INFO : EventManager : Event: ======'mode_super_features_will_start'====== Args={'player': 1, 'ball': 1, 'balls_remaining': 2, 'is_extra_ball': False}
2022-08-21 15:23:53,493 : INFO : EventManager : Event: ======'achievement_super_spinners_changed_state'====== Args={'restore': False, 'state': 'disabled', 'selected': False}
2022-08-21 15:23:53,493 : INFO : EventManager : Event: ======'achievement_super_spinners_state_disabled'====== Args={'restore': False, 'state': 'disabled', 'selected': False}
2022-08-21 15:23:53,494 : INFO : EventManager : Event: ======'achievement_super_targets_changed_state'====== Args={'restore': False, 'state': 'disabled', 'selected': False}
2022-08-21 15:23:53,494 : INFO : EventManager : Event: ======'achievement_super_targets_state_disabled'====== Args={'restore': False, 'state': 'disabled', 'selected': False}
2022-08-21 15:23:53,494 : INFO : EventManager : Event: ======'achievement_super_lanes_changed_state'====== Args={'restore': False, 'state': 'disabled', 'selected': False}
2022-08-21 15:23:53,494 : INFO : EventManager : Event: ======'achievement_super_lanes_state_disabled'====== Args={'restore': False, 'state': 'disabled', 'selected': False}
2022-08-21 15:23:53,494 : INFO : EventManager : Event: ======'achievement_super_slings_changed_state'====== Args={'restore': False, 'state': 'disabled', 'selected': False}
2022-08-21 15:23:53,494 : INFO : EventManager : Event: ======'achievement_super_slings_state_disabled'====== Args={'restore': False, 'state': 'disabled', 'selected': False}
2022-08-21 15:23:53,497 : INFO : EventManager : Event: ======'mode_super_features_starting'====== Args={'player': 1, 'ball': 1, 'balls_remaining': 2, 'is_extra_ball': False}
2022-08-21 15:23:53,497 : INFO : EventManager : Event: ======'mode_base_will_start'====== Args={'player': 1, 'ball': 1, 'balls_remaining': 2, 'is_extra_ball': False}
2022-08-21 15:23:53,497 : INFO : EventManager : Event: ======'player_shot_l_lane_enabled'====== Args={'value': True, 'prev_value': 0, 'change': 1, 'player_num': 1}
2022-08-21 15:23:53,498 : INFO : EventManager : Event: ======'player_shot_r_lane_enabled'====== Args={'value': True, 'prev_value': 0, 'change': 1, 'player_num': 1}
2022-08-21 15:23:53,499 : INFO : EventManager : Event: ======'player_shot_center_target_enabled'====== Args={'value': True, 'prev_value': 0, 'change': 1, 'player_num': 1}
2022-08-21 15:23:53,499 : INFO : EventManager : Event: ======'bonus_lanes_complete'====== Args={'state': 'unlit'}
2022-08-21 15:23:53,499 : INFO : EventManager : Event: ======'bonus_lanes_unlit_complete'====== Args={}
2022-08-21 15:23:53,500 : INFO : EventManager : Event: ======'player_extra_ball_two_modes_complete_num_awarded'====== Args={'value': 0, 'prev_value': 0, 'change': 0, 'player_num': 1}
2022-08-21 15:23:53,500 : INFO : EventManager : Event: ======'achievement_mission1_changed_state'====== Args={'restore': False, 'state': 'disabled', 'selected': False}
2022-08-21 15:23:53,500 : INFO : EventManager : Event: ======'achievement_mission1_state_disabled'====== Args={'restore': False, 'state': 'disabled', 'selected': False}
2022-08-21 15:23:53,501 : INFO : EventManager : Event: ======'achievement_mission2_changed_state'====== Args={'restore': False, 'state': 'disabled', 'selected': False}
2022-08-21 15:23:53,501 : INFO : EventManager : Event: ======'achievement_mission2_state_disabled'====== Args={'restore': False, 'state': 'disabled', 'selected': False}
2022-08-21 15:23:53,501 : INFO : EventManager : Event: ======'achievement_mission3_changed_state'====== Args={'restore': False, 'state': 'disabled', 'selected': False}
2022-08-21 15:23:53,501 : INFO : EventManager : Event: ======'achievement_mission3_state_disabled'====== Args={'restore': False, 'state': 'disabled', 'selected': False}
2022-08-21 15:23:53,501 : INFO : EventManager : Event: ======'achievement_mission4_changed_state'====== Args={'restore': False, 'state': 'disabled', 'selected': False}
2022-08-21 15:23:53,501 : INFO : EventManager : Event: ======'achievement_mission4_state_disabled'====== Args={'restore': False, 'state': 'disabled', 'selected': False}
2022-08-21 15:23:53,510 : INFO : EventManager : Event: ======'mode_base_starting'====== Args={'player': 1, 'ball': 1, 'balls_remaining': 2, 'is_extra_ball': False}
2022-08-21 15:23:53,510 : INFO : drop_target_bank.main : All targets are already up. Will not reset bank.
2022-08-21 15:23:53,512 : INFO : Mode.super_features : Started. Priority: 100
2022-08-21 15:23:53,512 : INFO : EventManager : Event: ======'modes_active_modes_changed'====== Args={}
2022-08-21 15:23:53,512 : INFO : EventManager : Event: ======'mode_super_features_started'====== Args={'player': 1, 'ball': 1, 'balls_remaining': 2, 'is_extra_ball': False}
2022-08-21 15:23:53,512 : INFO : Mode.combos : Started. Priority: 700
2022-08-21 15:23:53,512 : INFO : EventManager : Event: ======'modes_active_modes_changed'====== Args={}
2022-08-21 15:23:53,512 : INFO : EventManager : Event: ======'mode_combos_started'====== Args={'player': 1, 'ball': 1, 'balls_remaining': 2, 'is_extra_ball': False}
2022-08-21 15:23:53,513 : INFO : EventManager : Event: ======'logicblock_mode_completion_counter_updated'====== Args={'value': 0, 'enabled': True}
2022-08-21 15:23:53,513 : INFO : EventManager : Event: ======'logicblock_mode_completion_counter_updated'====== Args={'value': 0, 'enabled': True}
2022-08-21 15:23:53,513 : INFO : Mode.base : Started. Priority: 100
2022-08-21 15:23:53,513 : INFO : EventManager : Event: ======'modes_active_modes_changed'====== Args={}
2022-08-21 15:23:53,513 : INFO : EventManager : Event: ======'mode_base_started'====== Args={'player': 1, 'ball': 1, 'balls_remaining': 2, 'is_extra_ball': False}
2022-08-21 15:23:53,514 : INFO : EventManager : Event: ======'ball_save_base_save_enabled'====== Args={}
2022-08-21 15:23:53,514 : INFO : EventManager : Event: ======'mode_spell_galaxy_will_start'====== Args={'player': 1, 'ball': 1, 'balls_remaining': 2, 'is_extra_ball': False}
2022-08-21 15:23:53,514 : INFO : EventManager : Event: ======'player_shot_galaxy_advance_enabled'====== Args={'value': True, 'prev_value': 0, 'change': 1, 'player_num': 1}
2022-08-21 15:23:53,516 : INFO : EventManager : Event: ======'mode_spell_galaxy_starting'====== Args={'player': 1, 'ball': 1, 'balls_remaining': 2, 'is_extra_ball': False}
2022-08-21 15:23:53,517 : INFO : EventManager : Event: ======'mode_spell_portal_will_start'====== Args={'player': 1, 'ball': 1, 'balls_remaining': 2, 'is_extra_ball': False}
2022-08-21 15:23:53,517 : INFO : EventManager : Event: ======'player_shot_portal_advance_enabled'====== Args={'value': True, 'prev_value': 0, 'change': 1, 'player_num': 1}
2022-08-21 15:23:53,519 : INFO : EventManager : Event: ======'mode_spell_portal_starting'====== Args={'player': 1, 'ball': 1, 'balls_remaining': 2, 'is_extra_ball': False}
2022-08-21 15:23:53,519 : INFO : EventManager : Event: ======'mode_spell_warp_will_start'====== Args={'player': 1, 'ball': 1, 'balls_remaining': 2, 'is_extra_ball': False}
2022-08-21 15:23:53,520 : INFO : EventManager : Event: ======'player_shot_warp_advance_enabled'====== Args={'value': True, 'prev_value': 0, 'change': 1, 'player_num': 1}
2022-08-21 15:23:53,521 : INFO : EventManager : Event: ======'mode_spell_warp_starting'====== Args={'player': 1, 'ball': 1, 'balls_remaining': 2, 'is_extra_ball': False}
2022-08-21 15:23:53,522 : INFO : drop_target_bank.main : All targets are already up. Will not reset bank.
2022-08-21 15:23:53,522 : INFO : EventManager : Event: ======'single_player_ball_started'====== Args={}
2022-08-21 15:23:53,540 : INFO : EventManager : Event: ======'logicblock_galaxy_counter_updated'====== Args={'value': 0, 'enabled': True}
2022-08-21 15:23:53,541 : INFO : EventManager : Event: ======'logicblock_galaxy_counter_updated'====== Args={'value': 0, 'enabled': True}
2022-08-21 15:23:53,541 : INFO : Mode.spell_galaxy : Started. Priority: 200
2022-08-21 15:23:53,541 : INFO : EventManager : Event: ======'modes_active_modes_changed'====== Args={}
2022-08-21 15:23:53,541 : INFO : EventManager : Event: ======'mode_spell_galaxy_started'====== Args={'player': 1, 'ball': 1, 'balls_remaining': 2, 'is_extra_ball': False}
2022-08-21 15:23:53,541 : INFO : EventManager : Event: ======'logicblock_portal_counter_updated'====== Args={'value': 0, 'enabled': True}
2022-08-21 15:23:53,541 : INFO : EventManager : Event: ======'logicblock_portal_counter_updated'====== Args={'value': 0, 'enabled': True}
2022-08-21 15:23:53,541 : INFO : Mode.spell_portal : Started. Priority: 200
2022-08-21 15:23:53,541 : INFO : EventManager : Event: ======'modes_active_modes_changed'====== Args={}
2022-08-21 15:23:53,541 : INFO : EventManager : Event: ======'mode_spell_portal_started'====== Args={'player': 1, 'ball': 1, 'balls_remaining': 2, 'is_extra_ball': False}
2022-08-21 15:23:53,542 : INFO : EventManager : Event: ======'logicblock_warp_counter_updated'====== Args={'value': 0, 'enabled': True}
2022-08-21 15:23:53,542 : INFO : EventManager : Event: ======'logicblock_warp_counter_updated'====== Args={'value': 0, 'enabled': True}
2022-08-21 15:23:53,542 : INFO : Mode.spell_warp : Started. Priority: 200
2022-08-21 15:23:53,542 : INFO : EventManager : Event: ======'modes_active_modes_changed'====== Args={}
2022-08-21 15:23:53,542 : INFO : EventManager : Event: ======'mode_spell_warp_started'====== Args={'player': 1, 'ball': 1, 'balls_remaining': 2, 'is_extra_ball': False}
2022-08-21 15:23:53,543 : INFO : EventManager : Event: ======'achievement_super_spinners_changed_state'====== Args={'restore': False, 'state': 'enabled', 'selected': False}
2022-08-21 15:23:53,543 : INFO : EventManager : Event: ======'achievement_super_spinners_state_enabled'====== Args={'restore': False, 'state': 'enabled', 'selected': False}
2022-08-21 15:23:53,543 : INFO : EventManager : Event: ======'achievement_super_targets_changed_state'====== Args={'restore': False, 'state': 'enabled', 'selected': False}
2022-08-21 15:23:53,543 : INFO : EventManager : Event: ======'achievement_super_targets_state_enabled'====== Args={'restore': False, 'state': 'enabled', 'selected': False}
2022-08-21 15:23:53,543 : INFO : EventManager : Event: ======'achievement_super_lanes_changed_state'====== Args={'restore': False, 'state': 'enabled', 'selected': False}
2022-08-21 15:23:53,543 : INFO : EventManager : Event: ======'achievement_super_lanes_state_enabled'====== Args={'restore': False, 'state': 'enabled', 'selected': False}
2022-08-21 15:23:53,543 : INFO : EventManager : Event: ======'achievement_super_slings_changed_state'====== Args={'restore': False, 'state': 'enabled', 'selected': False}
2022-08-21 15:23:53,543 : INFO : EventManager : Event: ======'achievement_super_slings_state_enabled'====== Args={'restore': False, 'state': 'enabled', 'selected': False}
2022-08-21 15:23:53,544 : INFO : EventManager : Event: ======'achievement_super_targets_changed_state'====== Args={'restore': False, 'state': 'enabled', 'selected': True}
2022-08-21 15:23:53,544 : INFO : EventManager : Event: ======'achievement_super_targets_state_enabled'====== Args={'restore': False, 'state': 'enabled', 'selected': True}
2022-08-21 15:23:53,544 : INFO : EventManager : Event: ======'achievement_super_targets_state_selected'====== Args={'restore': False, 'state': 'enabled', 'selected': True}
2022-08-21 15:23:53,545 : INFO : EventManager : Event: ======'ball_start_target'====== Args={'target': 'playfield'}
2022-08-21 15:23:53,564 : INFO : ball_device.bd_drain : Setting up player-controlled eject. Balls: 1, Target: <playfield.playfield>, player_controlled_eject_event: s_action_button_active
2022-08-21 15:23:53,564 : INFO : EventManager : Event: ======'balldevice_balls_available'====== Args={}
2022-08-21 15:23:53,564 : INFO : EventManager : Event: ======'slide_score_slide_created'====== Args={'_from_bcp': True}
2022-08-21 15:23:53,566 : INFO : EventManager : Event: ======'slide_score_slide_active'====== Args={'_from_bcp': True}
2022-08-21 15:23:53,569 : INFO : ball_device.bd_drain : State: waiting_for_target_ready
2022-08-21 15:23:53,569 : INFO : EventManager : Event: ======'balldevice_bd_drain_ball_eject_attempt'====== Args={'balls': 1, 'target': <playfield.playfield>, 'source': <ball_device.bd_drain>, 'mechanical_eject': True, 'num_attempts': 0}
2022-08-21 15:23:53,569 : INFO : ball_device.bd_drain : State: ejecting
2022-08-21 15:23:53,569 : INFO : ball_device.bd_drain : Ejecting ball to <playfield.playfield>
2022-08-21 15:23:53,570 : INFO : EventManager : Event: ======'balldevice_bd_drain_ejecting_ball'====== Args={'balls': 1, 'target': <playfield.playfield>, 'source': <ball_device.bd_drain>, 'mechanical_eject': True, 'num_attempts': 0}
2022-08-21 15:23:53,570 : INFO : ball_device.bd_drain : Wait for ball to leave device
2022-08-21 15:23:54,869 : INFO : SwitchController : <<<<<<< 's_action_button' active >>>>>>>
2022-08-21 15:23:54,869 : INFO : EventManager : Event: ======'s_action_button_active'====== Args={}
2022-08-21 15:23:54,869 : INFO : EventManager : Event: ======'machine_var_audits_switches_s_action_button'====== Args={'value': 3864, 'prev_value': 3863, 'change': 1}
2022-08-21 15:23:54,871 : INFO : EventManager : Event: ======'ball_save_base_save_timer_start'====== Args={}
2022-08-21 15:23:54,894 : INFO : coil.c_drain_eject : Pulsing Driver for 30ms (1.0 pulse_power)
2022-08-21 15:23:55,044 : INFO : SwitchController : <<<<<<< 's_action_button' inactive >>>>>>>
2022-08-21 15:23:55,077 : INFO : SwitchController : <<<<<<< 's_drain' inactive >>>>>>>
2022-08-21 15:23:55,077 : INFO : EventManager : Event: ======'s_drain_inactive'====== Args={}
2022-08-21 15:23:55,085 : INFO : ball_device.bd_drain : State: ball_left
2022-08-21 15:23:55,085 : INFO : ball_device.bd_drain : Ball left
2022-08-21 15:23:55,086 : INFO : ball_device.bd_drain : Wait for confirm with timeout 1.0
2022-08-21 15:23:55,588 : INFO : SwitchController : <<<<<<< 's_left_sling' active >>>>>>>
2022-08-21 15:23:55,588 : INFO : EventManager : Event: ======'s_left_sling_active'====== Args={}
2022-08-21 15:23:55,589 : INFO : EventManager : Event: ======'machine_var_audits_switches_s_left_sling'====== Args={'value': 6664, 'prev_value': 6663, 'change': 1}
2022-08-21 15:23:55,591 : INFO : EventManager : Event: ======'player_score'====== Args={'value': 1110, 'prev_value': 0, 'change': 1110, 'player_num': 1}
2022-08-21 15:23:55,592 : INFO : EventManager : Event: ======'player_switches'====== Args={'value': 1, 'prev_value': 0, 'change': 1, 'player_num': 1}
2022-08-21 15:23:55,620 : INFO : SwitchController : <<<<<<< 's_left_sling' inactive >>>>>>>
2022-08-21 15:23:56,070 : INFO : ball_device.bd_drain : State: failed_confirm
2022-08-21 15:23:56,070 : INFO : ball_device.bd_drain : Got timeout (1.0s) before confirm from <playfield.playfield>
2022-08-21 15:23:56,163 : INFO : ball_device.bd_drain : Confirming eject because target is playfield and ball did not return.
2022-08-21 15:23:56,163 : INFO : ball_device.bd_drain : Eject successful
2022-08-21 15:23:56,163 : INFO : EventManager : Event: ======'balldevice_bd_drain_ball_eject_success'====== Args={'balls': 1, 'target': <playfield.playfield>}
2022-08-21 15:23:56,164 : INFO : EventManager : Event: ======'balldevice_playfield_ball_enter'====== Args={'new_balls': 1, 'unclaimed_balls': 1, 'device': <playfield.playfield>}
2022-08-21 15:23:56,164 : INFO : EventManager : Event: ======'playfield_ball_count_change'====== Args={'balls': 1, 'change': 1}
2022-08-21 15:23:56,165 : INFO : EventManager : Event: ======'balldevice_bd_drain_ball_count_changed'====== Args={'balls': 0}
2022-08-21 15:23:56,165 : INFO : ball_device.bd_drain : State: idle
2022-08-21 15:23:58,068 : INFO : SwitchController : <<<<<<< 's_left_kicker' active >>>>>>>
2022-08-21 15:23:58,068 : INFO : EventManager : Event: ======'s_left_kicker_active'====== Args={}
2022-08-21 15:23:58,069 : INFO : EventManager : Event: ======'machine_var_audits_switches_s_left_kicker'====== Args={'value': 1482, 'prev_value': 1481, 'change': 1}
2022-08-21 15:23:58,582 : INFO : EventManager : Event: ======'balldevice_bd_left_kicker_ball_count_changed'====== Args={'balls': 1}
2022-08-21 15:23:58,582 : INFO : ball_device.bd_left_kicker : Received unexpected ball
2022-08-21 15:23:58,583 : INFO : EventManager : Event: ======'balldevice_captured_from_playfield'====== Args={'balls': 1}
2022-08-21 15:23:58,584 : INFO : EventManager : Event: ======'sw_playfield_active'====== Args={'balls': 1}
2022-08-21 15:23:58,584 : INFO : EventManager : Event: ======'playfield_ball_count_change'====== Args={'balls': 0, 'change': -1}
2022-08-21 15:23:58,585 : INFO : EventManager : Event: ======'balldevice_bd_left_kicker_ball_enter'====== Args={'new_balls': 1, 'unclaimed_balls': 1, 'new_available_balls': 1, 'device': <ball_device.bd_left_kicker>}
2022-08-21 15:23:58,586 : INFO : ball_device.bd_left_kicker : Ejecting 1 unexpected balls using path deque([<ball_device.bd_left_kicker>, <playfield.playfield>])
2022-08-21 15:23:58,586 : INFO : EventManager : Event: ======'balldevice_balls_available'====== Args={}
2022-08-21 15:23:58,587 : INFO : EventManager : Event: ======'balldevice_balls_available'====== Args={}
2022-08-21 15:23:58,587 : INFO : EventManager : Event: ======'balldevice_bd_left_kicker_ball_entered'====== Args={'new_balls': 1, 'device': <ball_device.bd_left_kicker>}
2022-08-21 15:23:58,589 : INFO : ball_device.bd_left_kicker : State: waiting_for_target_ready
2022-08-21 15:23:58,589 : INFO : EventManager : Event: ======'balldevice_bd_left_kicker_ball_eject_attempt'====== Args={'balls': 1, 'target': <playfield.playfield>, 'source': <ball_device.bd_left_kicker>, 'mechanical_eject': False, 'num_attempts': 0}
2022-08-21 15:23:58,590 : INFO : EventManager : Event: ======'start_left_kicker_show'====== Args={}
2022-08-21 15:23:59,595 : INFO : EventManager : Event: ======'left_kicker_show_finished'====== Args={}
2022-08-21 15:23:59,596 : INFO : ball_device.bd_left_kicker : State: ejecting
2022-08-21 15:23:59,596 : INFO : ball_device.bd_left_kicker : Ejecting ball to <playfield.playfield>
2022-08-21 15:23:59,596 : INFO : EventManager : Event: ======'balldevice_bd_left_kicker_ejecting_ball'====== Args={'balls': 1, 'target': <playfield.playfield>, 'source': <ball_device.bd_left_kicker>, 'mechanical_eject': False, 'num_attempts': 0}
2022-08-21 15:23:59,597 : INFO : ball_device.bd_left_kicker : Wait for ball to leave device
2022-08-21 15:23:59,597 : INFO : coil.c_left_kicker_eject : Pulsing Driver for 30ms (1.0 pulse_power)
2022-08-21 15:23:59,636 : INFO : SwitchController : <<<<<<< 's_left_kicker' inactive >>>>>>>
2022-08-21 15:23:59,644 : INFO : ball_device.bd_left_kicker : State: ball_left
2022-08-21 15:23:59,644 : INFO : ball_device.bd_left_kicker : Ball left
2022-08-21 15:23:59,644 : INFO : ball_device.bd_left_kicker : Wait for confirm with timeout 1.0
2022-08-21 15:24:00,640 : INFO : ball_device.bd_left_kicker : State: failed_confirm
2022-08-21 15:24:00,640 : INFO : ball_device.bd_left_kicker : Got timeout (1.0s) before confirm from <playfield.playfield>
2022-08-21 15:24:00,734 : INFO : ball_device.bd_left_kicker : Confirming eject because target is playfield and ball did not return.
2022-08-21 15:24:00,734 : INFO : ball_device.bd_left_kicker : Eject successful
2022-08-21 15:24:00,734 : INFO : EventManager : Event: ======'balldevice_bd_left_kicker_ball_eject_success'====== Args={'balls': 1, 'target': <playfield.playfield>}
2022-08-21 15:24:00,735 : INFO : EventManager : Event: ======'balldevice_playfield_ball_enter'====== Args={'new_balls': 1, 'unclaimed_balls': 1, 'device': <playfield.playfield>}
2022-08-21 15:24:00,735 : INFO : EventManager : Event: ======'playfield_ball_count_change'====== Args={'balls': 1, 'change': 1}
2022-08-21 15:24:00,736 : INFO : EventManager : Event: ======'balldevice_bd_left_kicker_ball_count_changed'====== Args={'balls': 0}
2022-08-21 15:24:00,736 : INFO : ball_device.bd_left_kicker : State: idle
2022-08-21 15:24:02,855 : INFO : EventManager : Event: ======'ball_save_base_save_hurry_up'====== Args={}
2022-08-21 15:24:04,867 : INFO : EventManager : Event: ======'ball_save_base_save_grace_period'====== Args={}
2022-08-21 15:24:06,864 : INFO : EventManager : Event: ======'ball_save_base_save_disabled'====== Args={}
2022-08-21 15:24:08,355 : INFO : SwitchController : <<<<<<< 's_right_inlane_far' active >>>>>>>
2022-08-21 15:24:08,355 : INFO : EventManager : Event: ======'s_right_inlane_far_active'====== Args={}
2022-08-21 15:24:08,356 : INFO : EventManager : Event: ======'machine_var_audits_switches_s_right_inlane_far'====== Args={'value': 5932, 'prev_value': 5931, 'change': 1}
2022-08-21 15:24:08,358 : INFO : EventManager : Event: ======'player_shot_portal_advance'====== Args={'value': 1, 'prev_value': 0, 'change': 1, 'player_num': 1}
2022-08-21 15:24:08,373 : INFO : EventManager : Event: ======'machine_var_audits_shots_portal_advance'====== Args={'value': 4419, 'prev_value': 4418, 'change': 1}
2022-08-21 15:24:08,376 : INFO : EventManager : Event: ======'portal_advance_hit'====== Args={'profile': 'default', 'state': 'unlit', 'advancing': True}
2022-08-21 15:24:08,376 : INFO : EventManager : Event: ======'portal_advance_default_hit'====== Args={'profile': 'default', 'state': 'unlit', 'advancing': True}
2022-08-21 15:24:08,376 : INFO : EventManager : Event: ======'portal_advance_default_unlit_hit'====== Args={'profile': 'default', 'state': 'unlit', 'advancing': True}
2022-08-21 15:24:08,376 : INFO : EventManager : Event: ======'portal_advance_unlit_hit'====== Args={'profile': 'default', 'state': 'unlit', 'advancing': True}
2022-08-21 15:24:08,377 : INFO : EventManager : Event: ======'player_score'====== Args={'value': 31110, 'prev_value': 1110, 'change': 30000, 'player_num': 1}
2022-08-21 15:24:08,378 : INFO : EventManager : Event: ======'player_switches'====== Args={'value': 2, 'prev_value': 1, 'change': 1, 'player_num': 1}
2022-08-21 15:24:08,378 : INFO : EventManager : Event: ======'player_combos_combo_timer_tick'====== Args={'value': 6, 'prev_value': 0, 'change': 6, 'player_num': 1}
2022-08-21 15:24:08,379 : INFO : Timer.combo_timer : Starting Timer.
2022-08-21 15:24:08,379 : INFO : EventManager : Event: ======'timer_combo_timer_started'====== Args={'ticks': 6, 'ticks_remaining': 6}
2022-08-21 15:24:08,379 : INFO : EventManager : Event: ======'timer_combo_timer_tick'====== Args={'ticks': 6, 'ticks_remaining': 6}
2022-08-21 15:24:08,380 : INFO : EventManager : Event: ======'logicblock_portal_counter_updated'====== Args={'value': 4, 'enabled': True}
2022-08-21 15:24:08,380 : INFO : EventManager : Event: ======'counter_portal_counter_hit'====== Args={'count': 4, 'hits': 4, 'remaining': 2}
2022-08-21 15:24:08,380 : INFO : EventManager : Event: ======'logicblock_portal_counter_hit'====== Args={'count': 4, 'hits': 4, 'remaining': 2}
2022-08-21 15:24:08,643 : INFO : SwitchController : <<<<<<< 's_right_inlane_far' inactive >>>>>>>
2022-08-21 15:24:08,876 : INFO : EventManager : Event: ======'player_combos_combo_timer_tick'====== Args={'value': 5, 'prev_value': 6, 'change': -1, 'player_num': 1}
2022-08-21 15:24:08,877 : INFO : EventManager : Event: ======'timer_combo_timer_tick'====== Args={'ticks': 5, 'ticks_remaining': 5}
2022-08-21 15:24:09,376 : INFO : EventManager : Event: ======'player_combos_combo_timer_tick'====== Args={'value': 4, 'prev_value': 5, 'change': -1, 'player_num': 1}
2022-08-21 15:24:09,377 : INFO : EventManager : Event: ======'timer_combo_timer_tick'====== Args={'ticks': 4, 'ticks_remaining': 4}
2022-08-21 15:24:09,875 : INFO : EventManager : Event: ======'player_combos_combo_timer_tick'====== Args={'value': 3, 'prev_value': 4, 'change': -1, 'player_num': 1}
2022-08-21 15:24:09,876 : INFO : EventManager : Event: ======'timer_combo_timer_tick'====== Args={'ticks': 3, 'ticks_remaining': 3}
2022-08-21 15:24:10,375 : INFO : EventManager : Event: ======'player_combos_combo_timer_tick'====== Args={'value': 2, 'prev_value': 3, 'change': -1, 'player_num': 1}
2022-08-21 15:24:10,376 : INFO : EventManager : Event: ======'timer_combo_timer_tick'====== Args={'ticks': 2, 'ticks_remaining': 2}
2022-08-21 15:24:10,771 : INFO : SwitchController : <<<<<<< 's_right_kicker' active >>>>>>>
2022-08-21 15:24:10,771 : INFO : EventManager : Event: ======'s_right_kicker_active'====== Args={}
2022-08-21 15:24:10,772 : INFO : EventManager : Event: ======'machine_var_audits_switches_s_right_kicker'====== Args={'value': 1671, 'prev_value': 1670, 'change': 1}
2022-08-21 15:24:10,773 : INFO : EventManager : Event: ======'player_score'====== Args={'value': 46110, 'prev_value': 31110, 'change': 15000, 'player_num': 1}
2022-08-21 15:24:10,874 : INFO : EventManager : Event: ======'player_combos_combo_timer_tick'====== Args={'value': 1, 'prev_value': 2, 'change': -1, 'player_num': 1}
2022-08-21 15:24:10,875 : INFO : EventManager : Event: ======'timer_combo_timer_tick'====== Args={'ticks': 1, 'ticks_remaining': 1}
2022-08-21 15:24:11,281 : INFO : EventManager : Event: ======'balldevice_bd_right_kicker_ball_count_changed'====== Args={'balls': 1}
2022-08-21 15:24:11,281 : INFO : ball_device.bd_right_kicker : Received unexpected ball
2022-08-21 15:24:11,281 : INFO : EventManager : Event: ======'balldevice_captured_from_playfield'====== Args={'balls': 1}
2022-08-21 15:24:11,282 : INFO : EventManager : Event: ======'sw_playfield_active'====== Args={'balls': 1}
2022-08-21 15:24:11,282 : INFO : EventManager : Event: ======'playfield_ball_count_change'====== Args={'balls': 0, 'change': -1}
2022-08-21 15:24:11,283 : INFO : EventManager : Event: ======'balldevice_bd_right_kicker_ball_enter'====== Args={'new_balls': 1, 'unclaimed_balls': 1, 'new_available_balls': 1, 'device': <ball_device.bd_right_kicker>}
2022-08-21 15:24:11,284 : INFO : ball_device.bd_right_kicker : Ejecting 1 unexpected balls using path deque([<ball_device.bd_right_kicker>, <playfield.playfield>])
2022-08-21 15:24:11,284 : INFO : EventManager : Event: ======'balldevice_balls_available'====== Args={}
2022-08-21 15:24:11,284 : INFO : EventManager : Event: ======'balldevice_balls_available'====== Args={}
2022-08-21 15:24:11,284 : INFO : EventManager : Event: ======'balldevice_bd_right_kicker_ball_entered'====== Args={'new_balls': 1, 'device': <ball_device.bd_right_kicker>}
2022-08-21 15:24:11,286 : INFO : ball_device.bd_right_kicker : State: waiting_for_target_ready
2022-08-21 15:24:11,287 : INFO : EventManager : Event: ======'balldevice_bd_right_kicker_ball_eject_attempt'====== Args={'balls': 1, 'target': <playfield.playfield>, 'source': <ball_device.bd_right_kicker>, 'mechanical_eject': False, 'num_attempts': 0}
2022-08-21 15:24:11,288 : INFO : EventManager : Event: ======'start_right_kicker_show'====== Args={}
2022-08-21 15:24:11,373 : INFO : EventManager : Event: ======'player_combos_combo_timer_tick'====== Args={'value': 0, 'prev_value': 1, 'change': -1, 'player_num': 1}
2022-08-21 15:24:11,374 : INFO : Timer.combo_timer : Timer Complete
2022-08-21 15:24:11,374 : INFO : Timer.combo_timer : Stopping Timer
2022-08-21 15:24:11,374 : INFO : EventManager : Event: ======'timer_combo_timer_stopped'====== Args={'ticks': 0, 'ticks_remaining': 1}
2022-08-21 15:24:11,374 : INFO : EventManager : Event: ======'timer_combo_timer_complete'====== Args={'ticks': 0, 'ticks_remaining': 1}
2022-08-21 15:24:12,294 : INFO : EventManager : Event: ======'right_kicker_show_finished'====== Args={}
2022-08-21 15:24:12,295 : INFO : ball_device.bd_right_kicker : State: ejecting
2022-08-21 15:24:12,295 : INFO : ball_device.bd_right_kicker : Ejecting ball to <playfield.playfield>
2022-08-21 15:24:12,295 : INFO : EventManager : Event: ======'balldevice_bd_right_kicker_ejecting_ball'====== Args={'balls': 1, 'target': <playfield.playfield>, 'source': <ball_device.bd_right_kicker>, 'mechanical_eject': False, 'num_attempts': 0}
2022-08-21 15:24:12,296 : INFO : ball_device.bd_right_kicker : Wait for ball to leave device
2022-08-21 15:24:12,296 : INFO : coil.c_right_kicker_eject : Pulsing Driver for 30ms (1.0 pulse_power)
2022-08-21 15:24:12,339 : INFO : SwitchController : <<<<<<< 's_right_kicker' inactive >>>>>>>
2022-08-21 15:24:12,347 : INFO : ball_device.bd_right_kicker : State: ball_left
2022-08-21 15:24:12,347 : INFO : ball_device.bd_right_kicker : Ball left
2022-08-21 15:24:12,348 : INFO : ball_device.bd_right_kicker : Wait for confirm with timeout 1.0
2022-08-21 15:24:13,339 : INFO : ball_device.bd_right_kicker : State: failed_confirm
2022-08-21 15:24:13,339 : INFO : ball_device.bd_right_kicker : Got timeout (1.0s) before confirm from <playfield.playfield>
2022-08-21 15:24:13,432 : INFO : ball_device.bd_right_kicker : Confirming eject because target is playfield and ball did not return.
2022-08-21 15:24:13,432 : INFO : ball_device.bd_right_kicker : Eject successful
2022-08-21 15:24:13,432 : INFO : EventManager : Event: ======'balldevice_bd_right_kicker_ball_eject_success'====== Args={'balls': 1, 'target': <playfield.playfield>}
2022-08-21 15:24:13,433 : INFO : EventManager : Event: ======'balldevice_playfield_ball_enter'====== Args={'new_balls': 1, 'unclaimed_balls': 1, 'device': <playfield.playfield>}
2022-08-21 15:24:13,433 : INFO : EventManager : Event: ======'playfield_ball_count_change'====== Args={'balls': 1, 'change': 1}
2022-08-21 15:24:13,433 : INFO : EventManager : Event: ======'balldevice_bd_right_kicker_ball_count_changed'====== Args={'balls': 0}
2022-08-21 15:24:13,433 : INFO : ball_device.bd_right_kicker : State: idle
2022-08-21 15:24:16,403 : INFO : SwitchController : <<<<<<< 's_left_kicker' active >>>>>>>
2022-08-21 15:24:16,403 : INFO : EventManager : Event: ======'s_left_kicker_active'====== Args={}
2022-08-21 15:24:16,404 : INFO : EventManager : Event: ======'machine_var_audits_switches_s_left_kicker'====== Args={'value': 1483, 'prev_value': 1482, 'change': 1}
2022-08-21 15:24:16,912 : INFO : EventManager : Event: ======'balldevice_bd_left_kicker_ball_count_changed'====== Args={'balls': 1}
2022-08-21 15:24:16,912 : INFO : ball_device.bd_left_kicker : Received unexpected ball
2022-08-21 15:24:16,912 : INFO : EventManager : Event: ======'balldevice_captured_from_playfield'====== Args={'balls': 1}
2022-08-21 15:24:16,913 : INFO : EventManager : Event: ======'sw_playfield_active'====== Args={'balls': 1}
2022-08-21 15:24:16,913 : INFO : EventManager : Event: ======'playfield_ball_count_change'====== Args={'balls': 0, 'change': -1}
2022-08-21 15:24:16,914 : INFO : EventManager : Event: ======'balldevice_bd_left_kicker_ball_enter'====== Args={'new_balls': 1, 'unclaimed_balls': 1, 'new_available_balls': 1, 'device': <ball_device.bd_left_kicker>}
2022-08-21 15:24:16,915 : INFO : ball_device.bd_left_kicker : Ejecting 1 unexpected balls using path deque([<ball_device.bd_left_kicker>, <playfield.playfield>])
2022-08-21 15:24:16,915 : INFO : EventManager : Event: ======'balldevice_balls_available'====== Args={}
2022-08-21 15:24:16,916 : INFO : EventManager : Event: ======'balldevice_balls_available'====== Args={}
2022-08-21 15:24:16,916 : INFO : EventManager : Event: ======'balldevice_bd_left_kicker_ball_entered'====== Args={'new_balls': 1, 'device': <ball_device.bd_left_kicker>}
2022-08-21 15:24:16,918 : INFO : ball_device.bd_left_kicker : State: waiting_for_target_ready
2022-08-21 15:24:16,918 : INFO : EventManager : Event: ======'balldevice_bd_left_kicker_ball_eject_attempt'====== Args={'balls': 1, 'target': <playfield.playfield>, 'source': <ball_device.bd_left_kicker>, 'mechanical_eject': False, 'num_attempts': 0}
2022-08-21 15:24:16,919 : INFO : EventManager : Event: ======'start_left_kicker_show'====== Args={}
2022-08-21 15:24:17,925 : INFO : EventManager : Event: ======'left_kicker_show_finished'====== Args={}
2022-08-21 15:24:17,926 : INFO : ball_device.bd_left_kicker : State: ejecting
2022-08-21 15:24:17,926 : INFO : ball_device.bd_left_kicker : Ejecting ball to <playfield.playfield>
2022-08-21 15:24:17,926 : INFO : EventManager : Event: ======'balldevice_bd_left_kicker_ejecting_ball'====== Args={'balls': 1, 'target': <playfield.playfield>, 'source': <ball_device.bd_left_kicker>, 'mechanical_eject': False, 'num_attempts': 0}
2022-08-21 15:24:17,927 : INFO : ball_device.bd_left_kicker : Wait for ball to leave device
2022-08-21 15:24:17,928 : INFO : coil.c_left_kicker_eject : Pulsing Driver for 30ms (1.0 pulse_power)
2022-08-21 15:24:17,954 : INFO : SwitchController : <<<<<<< 's_left_kicker' inactive >>>>>>>
2022-08-21 15:24:17,962 : INFO : ball_device.bd_left_kicker : State: ball_left
2022-08-21 15:24:17,962 : INFO : ball_device.bd_left_kicker : Ball left
2022-08-21 15:24:17,962 : INFO : ball_device.bd_left_kicker : Wait for confirm with timeout 1.0
2022-08-21 15:24:18,955 : INFO : ball_device.bd_left_kicker : State: failed_confirm
2022-08-21 15:24:18,955 : INFO : ball_device.bd_left_kicker : Got timeout (1.0s) before confirm from <playfield.playfield>
2022-08-21 15:24:19,048 : INFO : ball_device.bd_left_kicker : Confirming eject because target is playfield and ball did not return.
2022-08-21 15:24:19,048 : INFO : ball_device.bd_left_kicker : Eject successful
2022-08-21 15:24:19,048 : INFO : EventManager : Event: ======'balldevice_bd_left_kicker_ball_eject_success'====== Args={'balls': 1, 'target': <playfield.playfield>}
2022-08-21 15:24:19,049 : INFO : EventManager : Event: ======'balldevice_playfield_ball_enter'====== Args={'new_balls': 1, 'unclaimed_balls': 1, 'device': <playfield.playfield>}
2022-08-21 15:24:19,049 : INFO : EventManager : Event: ======'playfield_ball_count_change'====== Args={'balls': 1, 'change': 1}
2022-08-21 15:24:19,049 : INFO : EventManager : Event: ======'balldevice_bd_left_kicker_ball_count_changed'====== Args={'balls': 0}
2022-08-21 15:24:19,050 : INFO : ball_device.bd_left_kicker : State: idle
2022-08-21 15:24:20,714 : INFO : Machine : Shutting down...
2022-08-21 15:24:20,714 : INFO : EventManager : Event: ======'shutdown'====== Args={}
2022-08-21 15:24:20,738 : WARNING : FAST : Port NET received more messages than were sent! Resetting!
2022-08-21 15:24:20,738 : WARNING : FAST : Port RGB received more messages than were sent! Resetting!
2022-08-21 15:24:20,739 : WARNING : FAST : Received unknown serial command? BX:P from RGB.
2022-08-21 15:24:20,811 : ERROR : FAST : Stop called on serial connection com7
2022-08-21 15:24:20,811 : ERROR : FAST : Stop called on serial connection com8
2022-08-21 15:24:21,029 : INFO : root : MPF run loop ended.
